<?xml version="1.0" encoding="UTF-8"?>
<testsuites>
  <testsuite name="ael01_nollt" timestamp="2023-07-16T20:04:32Z" hostname="ae80abe2ad49" tests="8" skipped="4" failures="0" errors="0" time="2.322">
    <testcase time="1.311" classname="ael01_nollt" name="ael01_nollt_works_with_admh_dataset"/>
    <testcase time="0.363" classname="ael01_nollt" name="ael01_nollt_works_with_admh_dataset">
      <skipped message="Reason: On CRAN ('test-ael01_nollt.R:7:3')"/>
    </testcase>
    <testcase time="0.0859999999999994" classname="ael01_nollt" name="ael01_nollt_works_with_non_default_label"/>
    <testcase time="0.221" classname="ael01_nollt" name="ael01_nollt_works_with_non_default_label">
      <skipped message="Reason: On CRAN ('test-ael01_nollt.R:20:3')"/>
    </testcase>
    <testcase time="0.0730000000000004" classname="ael01_nollt" name="ael01_nollt_can_handle_all_missing_values"/>
    <testcase time="0.0800000000000001" classname="ael01_nollt" name="ael01_nollt_can_handle_all_missing_values">
      <skipped message="Reason: On CRAN ('test-ael01_nollt.R:33:3')"/>
    </testcase>
    <testcase time="0.0489999999999995" classname="ael01_nollt" name="ael01_nollt_can_handle_some_missing_values"/>
    <testcase time="0.139" classname="ael01_nollt" name="ael01_nollt_can_handle_some_missing_values">
      <skipped message="Reason: On CRAN ('test-ael01_nollt.R:48:3')"/>
    </testcase>
  </testsuite>
  <testsuite name="aet01" timestamp="2023-07-16T20:04:34Z" hostname="ae80abe2ad49" tests="9" skipped="4" failures="0" errors="0" time="3.614">
    <testcase time="0.71" classname="aet01" name="aet01_can_handle_all_NA_values"/>
    <testcase time="0.425" classname="aet01" name="aet01_can_handle_all_NA_values">
      <skipped message="Reason: On CRAN ('test-aet01.R:12:3')"/>
    </testcase>
    <testcase time="0.467000000000001" classname="aet01" name="aet01_can_handle_some_NA_values"/>
    <testcase time="0.398" classname="aet01" name="aet01_can_handle_some_NA_values">
      <skipped message="Reason: On CRAN ('test-aet01.R:29:3')"/>
    </testcase>
    <testcase time="0.335999999999999" classname="aet01" name="aet01_can_use_custom_anl_vars"/>
    <testcase time="0.232000000000001" classname="aet01" name="aet01_can_use_custom_anl_vars">
      <skipped message="Reason: On CRAN ('test-aet01.R:35:3')"/>
    </testcase>
    <testcase time="0.132" classname="aet01" name="aet01_fails_on_incomplete_data_input"/>
    <testcase time="0.484" classname="aet01" name="aet01_can_use_custom_medconcept_var"/>
    <testcase time="0.43" classname="aet01" name="aet01_can_use_custom_medconcept_var">
      <skipped message="Reason: On CRAN ('test-aet01.R:65:3')"/>
    </testcase>
  </testsuite>
  <testsuite name="aet01_aesi" timestamp="2023-07-16T20:04:38Z" hostname="ae80abe2ad49" tests="7" skipped="3" failures="0" errors="0" time="2.783">
    <testcase time="0.4" classname="aet01_aesi" name="aet01_aesi_can_handle_all_NA_values"/>
    <testcase time="0.385999999999999" classname="aet01_aesi" name="aet01_aesi_can_handle_all_NA_values">
      <skipped message="Reason: On CRAN ('test-aet01_aesi.R:17:3')"/>
    </testcase>
    <testcase time="0.342000000000001" classname="aet01_aesi" name="aet01_aesi_can_handle_some_NA_values"/>
    <testcase time="0.380000000000001" classname="aet01_aesi" name="aet01_aesi_can_handle_some_NA_values">
      <skipped message="Reason: On CRAN ('test-aet01_aesi.R:30:3')"/>
    </testcase>
    <testcase time="0.529999999999999" classname="aet01_aesi" name="aet01_aesi_works_with_ALL_argument"/>
    <testcase time="0.634" classname="aet01_aesi" name="aet01_aesi_works_with_ALL_argument">
      <skipped message="Reason: On CRAN ('test-aet01_aesi.R:36:3')"/>
    </testcase>
    <testcase time="0.110999999999999" classname="aet01_aesi" name="aet01_aesi_check_fails_on_incomplete_data_input"/>
  </testsuite>
  <testsuite name="aet02" timestamp="2023-07-16T20:04:41Z" hostname="ae80abe2ad49" tests="3" skipped="1" failures="0" errors="0" time="3.111">
    <testcase time="0.0940000000000012" classname="aet02" name="aet02_fails_on_incomplete_data_input"/>
    <testcase time="0.163" classname="aet02" name="aet02_handle_empty_data_input"/>
    <testcase time="2.854" classname="aet02" name="aet02_can_have_different_levels_of_row_split">
      <skipped message="Reason: On CRAN ('test-aet02.R:30:3')"/>
    </testcase>
  </testsuite>
  <testsuite name="aet03" timestamp="2023-07-16T20:04:44Z" hostname="ae80abe2ad49" tests="4" skipped="2" failures="0" errors="0" time="4.992">
    <testcase time="0.606" classname="aet03" name="aet03_can_handle_NA_values"/>
    <testcase time="0.421999999999999" classname="aet03" name="aet03_can_handle_NA_values">
      <skipped message="Reason: On CRAN ('test-aet03.R:10:3')"/>
    </testcase>
    <testcase time="2.771" classname="aet03" name="aet03_can_handle_some_NA_values"/>
    <testcase time="1.193" classname="aet03" name="aet03_can_handle_some_NA_values">
      <skipped message="Reason: On CRAN ('test-aet03.R:27:3')"/>
    </testcase>
  </testsuite>
  <testsuite name="aet04" timestamp="2023-07-16T20:04:49Z" hostname="ae80abe2ad49" tests="4" skipped="2" failures="0" errors="0" time="7.739">
    <testcase time="1.148" classname="aet04" name="aet04_can_handle_NA_values"/>
    <testcase time="0.597000000000001" classname="aet04" name="aet04_can_handle_NA_values">
      <skipped message="Reason: On CRAN ('test-aet04.R:10:3')"/>
    </testcase>
    <testcase time="4.267" classname="aet04" name="aet04_can_handle_some_NA_values"/>
    <testcase time="1.727" classname="aet04" name="aet04_can_handle_some_NA_values">
      <skipped message="Reason: On CRAN ('test-aet04.R:32:3')"/>
    </testcase>
  </testsuite>
  <testsuite name="aet05" timestamp="2023-07-16T20:04:57Z" hostname="ae80abe2ad49" tests="4" skipped="2" failures="0" errors="0" time="1.265">
    <testcase time="0.257999999999999" classname="aet05" name="aet05_can_handle_NA_values"/>
    <testcase time="0.367000000000001" classname="aet05" name="aet05_can_handle_NA_values">
      <skipped message="Reason: On CRAN ('test-aet05.R:7:3')"/>
    </testcase>
    <testcase time="0.247" classname="aet05" name="aet05_can_handle_some_NA_values"/>
    <testcase time="0.393000000000001" classname="aet05" name="aet05_can_handle_some_NA_values">
      <skipped message="Reason: On CRAN ('test-aet05.R:24:3')"/>
    </testcase>
  </testsuite>
  <testsuite name="aet05_all" timestamp="2023-07-16T20:04:58Z" hostname="ae80abe2ad49" tests="4" skipped="2" failures="0" errors="0" time="1.309">
    <testcase time="0.287999999999997" classname="aet05_all" name="aet05_all_can_handle_NA_values"/>
    <testcase time="0.368000000000002" classname="aet05_all" name="aet05_all_can_handle_NA_values">
      <skipped message="Reason: On CRAN ('test-aet05_all.R:7:3')"/>
    </testcase>
    <testcase time="0.254999999999999" classname="aet05_all" name="aet05_all_can_handle_some_NA_values"/>
    <testcase time="0.398" classname="aet05_all" name="aet05_all_can_handle_some_NA_values">
      <skipped message="Reason: On CRAN ('test-aet05_all.R:21:3')"/>
    </testcase>
  </testsuite>
  <testsuite name="aet10" timestamp="2023-07-16T20:04:59Z" hostname="ae80abe2ad49" tests="4" skipped="2" failures="0" errors="0" time="0.758">
    <testcase time="0.125" classname="aet10" name="aet10_can_handle_NA_values"/>
    <testcase time="0.146000000000001" classname="aet10" name="aet10_can_handle_NA_values">
      <skipped message="Reason: On CRAN ('test-aet10.R:10:3')"/>
    </testcase>
    <testcase time="0.178999999999998" classname="aet10" name="aet10_can_handle_some_NA_values"/>
    <testcase time="0.308" classname="aet10" name="aet10_can_handle_some_NA_values">
      <skipped message="Reason: On CRAN ('test-aet10.R:24:3')"/>
    </testcase>
  </testsuite>
  <testsuite name="assertions" timestamp="2023-07-16T20:05:00Z" hostname="ae80abe2ad49" tests="38" skipped="0" failures="0" errors="0" time="0.302">
    <testcase time="0.027000000000001" classname="assertions" name="assert_one_tablenames_works_as_expected"/>
    <testcase time="0.00199999999999889" classname="assertions" name="assert_one_tablenames_works_as_expected"/>
    <testcase time="0.00799999999999912" classname="assertions" name="assert_one_tablenames_works_as_expected"/>
    <testcase time="0.00800000000000267" classname="assertions" name="assert_one_tablenames_works_as_expected"/>
    <testcase time="0.00900000000000034" classname="assertions" name="assert_all_tablenames_works_as_expected"/>
    <testcase time="0.00600000000000023" classname="assertions" name="assert_all_tablenames_works_as_expected"/>
    <testcase time="0.00899999999999679" classname="assertions" name="assert_all_tablenames_works_as_expected"/>
    <testcase time="0.0100000000000016" classname="assertions" name="assert_valid_var.character_works_as_expected"/>
    <testcase time="0.00799999999999912" classname="assertions" name="assert_valid_var.character_works_as_expected"/>
    <testcase time="0.00700000000000145" classname="assertions" name="assert_valid_var.character_works_as_expected"/>
    <testcase time="0.0069999999999979" classname="assertions" name="assert_valid_var.character_works_as_expected"/>
    <testcase time="0.00200000000000244" classname="assertions" name="assert_valid_var.character_works_as_expected"/>
    <testcase time="0.00900000000000034" classname="assertions" name="assert_valid_var.factor_works_as_expected"/>
    <testcase time="0.00799999999999912" classname="assertions" name="assert_valid_var.factor_works_as_expected"/>
    <testcase time="0.00600000000000023" classname="assertions" name="assert_valid_var.factor_works_as_expected"/>
    <testcase time="0.00799999999999912" classname="assertions" name="assert_valid_var.factor_works_as_expected"/>
    <testcase time="0.00199999999999889" classname="assertions" name="assert_valid_var.factor_works_as_expected"/>
    <testcase time="0.0100000000000016" classname="assertions" name="assert_valid_var.logical_works_as_expected"/>
    <testcase time="0.00700000000000145" classname="assertions" name="assert_valid_var.logical_works_as_expected"/>
    <testcase time="0.00799999999999912" classname="assertions" name="assert_valid_var.logical_works_as_expected"/>
    <testcase time="0.00300000000000011" classname="assertions" name="assert_valid_var.logical_works_as_expected"/>
    <testcase time="0.0109999999999992" classname="assertions" name="assert_valid_var.numeric_works_as_expected"/>
    <testcase time="0.0100000000000016" classname="assertions" name="assert_valid_var.numeric_works_as_expected"/>
    <testcase time="0.00799999999999912" classname="assertions" name="assert_valid_var.numeric_works_as_expected"/>
    <testcase time="0.00300000000000011" classname="assertions" name="assert_valid_var.numeric_works_as_expected"/>
    <testcase time="0.00799999999999912" classname="assertions" name="assert_valid_var.numeric_works_as_expected"/>
    <testcase time="0.00300000000000011" classname="assertions" name="assert_valid_var.numeric_works_as_expected"/>
    <testcase time="0.0100000000000016" classname="assertions" name="assert_valid_variable_works_as_expected"/>
    <testcase time="0.00299999999999656" classname="assertions" name="assert_valid_variable_works_as_expected"/>
    <testcase time="0.0120000000000005" classname="assertions" name="assert_valid_variable_works_as_expected"/>
    <testcase time="0.00300000000000011" classname="assertions" name="assert_valid_variable_works_as_expected"/>
    <testcase time="0.0110000000000028" classname="assertions" name="assert_valid_variable_works_as_expected"/>
    <testcase time="0.00299999999999656" classname="assertions" name="assert_valid_variable_works_as_expected"/>
    <testcase time="0.0100000000000016" classname="assertions" name="assert_valid_var_pair_works_as_expected_with_character"/>
    <testcase time="0.0100000000000016" classname="assertions" name="assert_valid_var_pair_works_as_expected_with_character"/>
    <testcase time="0.00999999999999801" classname="assertions" name="assert_valid_var_pair_works_as_expected_with_factor"/>
    <testcase time="0.0100000000000016" classname="assertions" name="assert_valid_var_pair_works_as_expected_with_factor"/>
    <testcase time="0.0129999999999981" classname="assertions" name="assert_valid_var_pair_works_as_expected_with_factor"/>
  </testsuite>
  <testsuite name="checks" timestamp="2023-07-16T20:05:00Z" hostname="ae80abe2ad49" tests="8" skipped="0" failures="0" errors="0" time="0.059">
    <testcase time="0.022000000000002" classname="checks" name="check_all_colnames_works_as_expected"/>
    <testcase time="0.00600000000000023" classname="checks" name="check_all_colnames_works_as_expected"/>
    <testcase time="0.00199999999999889" classname="checks" name="check_all_colnames_works_as_expected"/>
    <testcase time="0.00499999999999901" classname="checks" name="check_all_colnames_works_as_expected"/>
    <testcase time="0.0109999999999992" classname="checks" name="check_one_colnames_works_as_expected"/>
    <testcase time="0.00499999999999901" classname="checks" name="check_one_colnames_works_as_expected"/>
    <testcase time="0.00300000000000011" classname="checks" name="check_one_colnames_works_as_expected"/>
    <testcase time="0.00500000000000256" classname="checks" name="check_one_colnames_works_as_expected"/>
  </testsuite>
  <testsuite name="chevron_tlg-class" timestamp="2023-07-16T20:05:00Z" hostname="ae80abe2ad49" tests="24" skipped="0" failures="0" errors="0" time="0.148">
    <testcase time="0.0169999999999995" classname="chevron_tlg_class" name="chevron_t_object_can_be_constructed_with_default_values"/>
    <testcase time="0.0069999999999979" classname="chevron_tlg_class" name="chevron_t_object_can_be_constructed_with_default_values"/>
    <testcase time="0.0259999999999998" classname="chevron_tlg_class" name="chevron_t_object_can_be_constructed_with_custom_values"/>
    <testcase time="0.00600000000000023" classname="chevron_tlg_class" name="chevron_t_object_can_be_constructed_with_custom_values"/>
    <testcase time="0.00300000000000011" classname="chevron_tlg_class" name="chevron_t_object_can_be_constructed_with_custom_values"/>
    <testcase time="0.00600000000000023" classname="chevron_tlg_class" name="chevron_t_object_can_be_constructed_with_custom_values"/>
    <testcase time="0.0139999999999993" classname="chevron_tlg_class" name="chevron_t_constructor_returns_an_error_when_expected"/>
    <testcase time="0.00100000000000122" classname="chevron_tlg_class" name="chevron_t_constructor_returns_an_error_when_expected"/>
    <testcase time="0.000999999999997669" classname="chevron_tlg_class" name="chevron_t_constructor_returns_an_error_when_expected"/>
    <testcase time="0.00200000000000244" classname="chevron_tlg_class" name="chevron_t_constructor_returns_an_error_when_expected"/>
    <testcase time="0.000999999999997669" classname="chevron_tlg_class" name="chevron_t_constructor_returns_an_error_when_expected"/>
    <testcase time="0.00100000000000122" classname="chevron_tlg_class" name="chevron_t_constructor_returns_an_error_when_expected"/>
    <testcase time="0.0120000000000005" classname="chevron_tlg_class" name="chevron_l_object_can_be_constructed_with_default_values"/>
    <testcase time="0.00499999999999901" classname="chevron_tlg_class" name="chevron_l_object_can_be_constructed_with_default_values"/>
    <testcase time="0.0130000000000017" classname="chevron_tlg_class" name="chevron_g_object_can_be_constructed_with_custom_values"/>
    <testcase time="0.00499999999999901" classname="chevron_tlg_class" name="chevron_g_object_can_be_constructed_with_custom_values"/>
    <testcase time="0.00300000000000011" classname="chevron_tlg_class" name="chevron_g_object_can_be_constructed_with_custom_values"/>
    <testcase time="0.00600000000000023" classname="chevron_tlg_class" name="chevron_g_object_can_be_constructed_with_custom_values"/>
    <testcase time="0.0109999999999992" classname="chevron_tlg_class" name="chevron_g_constructor_returns_an_error_when_expected"/>
    <testcase time="0.00199999999999889" classname="chevron_tlg_class" name="chevron_g_constructor_returns_an_error_when_expected"/>
    <testcase time="0.00100000000000122" classname="chevron_tlg_class" name="chevron_g_constructor_returns_an_error_when_expected"/>
    <testcase time="0.00100000000000122" classname="chevron_tlg_class" name="chevron_g_constructor_returns_an_error_when_expected"/>
    <testcase time="0.00199999999999889" classname="chevron_tlg_class" name="chevron_g_constructor_returns_an_error_when_expected"/>
    <testcase time="0.00199999999999889" classname="chevron_tlg_class" name="chevron_g_constructor_returns_an_error_when_expected"/>
  </testsuite>
  <testsuite name="chevron_tlg-methods" timestamp="2023-07-16T20:05:01Z" hostname="ae80abe2ad49" tests="35" skipped="3" failures="0" errors="0" time="19.828">
    <testcase time="5.713" classname="chevron_tlg_methods" name="run_works_as_expected_for_chevron_t_object">
      <skipped message="Reason: On CRAN ('test-chevron_tlg-methods.R:5:3')"/>
    </testcase>
    <testcase time="1.10899999999999" classname="chevron_tlg_methods" name="run_works_as_expected_for_chevron_t_object_when_auto_pre_FALSE">
      <skipped message="Reason: On CRAN ('test-chevron_tlg-methods.R:13:3')"/>
    </testcase>
    <testcase time="0.0200000000000031" classname="chevron_tlg_methods" name="args_ls_works_as_expected"/>
    <testcase time="0.00200000000000244" classname="chevron_tlg_methods" name="args_ls_works_as_expected"/>
    <testcase time="0.000999999999997669" classname="chevron_tlg_methods" name="args_ls_works_as_expected"/>
    <testcase time="0.0109999999999957" classname="chevron_tlg_methods" name="args_ls_works_as_expected_when_simplify_is_TRUE"/>
    <testcase time="0.00100000000000477" classname="chevron_tlg_methods" name="args_ls_works_as_expected_when_simplify_is_TRUE"/>
    <testcase time="0.000999999999997669" classname="chevron_tlg_methods" name="args_ls_works_as_expected_when_simplify_is_TRUE"/>
    <testcase time="0.0110000000000028" classname="chevron_tlg_methods" name="args_ls_works_as_expected_with_custom_chevron_tlg_object"/>
    <testcase time="0.000999999999997669" classname="chevron_tlg_methods" name="args_ls_works_as_expected_with_custom_chevron_tlg_object"/>
    <testcase time="0.000999999999997669" classname="chevron_tlg_methods" name="args_ls_works_as_expected_with_custom_chevron_tlg_object"/>
    <testcase time="0.00600000000000023" classname="chevron_tlg_methods" name="args_ls_works_as_expected_with_custom_chevron_tlg_object"/>
    <testcase time="0.0130000000000052" classname="chevron_tlg_methods" name="main_works_as_expected"/>
    <testcase time="0.0150000000000006" classname="chevron_tlg_methods" name="main_setter_works_as_expected"/>
    <testcase time="0.0209999999999937" classname="chevron_tlg_methods" name="main_setter_throw_an_error_as_expected"/>
    <testcase time="0.0150000000000006" classname="chevron_tlg_methods" name="preprocess_works_as_expected"/>
    <testcase time="0.0140000000000029" classname="chevron_tlg_methods" name="preprocess_setter_works_as_expected"/>
    <testcase time="0.0200000000000031" classname="chevron_tlg_methods" name="preprocess_sends_an_error_as_expected"/>
    <testcase time="0.0139999999999958" classname="chevron_tlg_methods" name="postprocess_works_as_expected"/>
    <testcase time="0.0150000000000006" classname="chevron_tlg_methods" name="postprocess_setter_works_as_expected"/>
    <testcase time="0.0230000000000032" classname="chevron_tlg_methods" name="postprocess_sends_an_error_as_expected"/>
    <testcase time="0.0129999999999981" classname="chevron_tlg_methods" name="script_works_as_expected"/>
    <testcase time="0.00199999999999534" classname="chevron_tlg_methods" name="script_works_as_expected"/>
    <testcase time="0.00200000000000244" classname="chevron_tlg_methods" name="script_works_as_expected"/>
    <testcase time="0.0110000000000028" classname="chevron_tlg_methods" name="script_works_as_expected_with_dictionary_of_arguments"/>
    <testcase time="0.00199999999999534" classname="chevron_tlg_methods" name="script_works_as_expected_with_dictionary_of_arguments"/>
    <testcase time="0.00200000000000244" classname="chevron_tlg_methods" name="script_works_as_expected_with_dictionary_of_arguments"/>
    <testcase time="0.000999999999997669" classname="chevron_tlg_methods" name="script_works_as_expected_with_dictionary_of_arguments"/>
    <testcase time="0.0100000000000051" classname="chevron_tlg_methods" name="script_funs_works_as_expected_in_interactive_mode">
      <skipped message="Reason: !interactive() is TRUE ('test-chevron_tlg-methods.R:142:3')"/>
    </testcase>
    <testcase time="0.0249999999999986" classname="chevron_tlg_methods" name="script_funs_works_as_expected"/>
    <testcase time="0.000999999999997669" classname="chevron_tlg_methods" name="script_funs_works_as_expected"/>
    <testcase time="0.0120000000000005" classname="chevron_tlg_methods" name="script_funs_works_as_expected_with_details_set_to_TRUE"/>
    <testcase time="0.000999999999997669" classname="chevron_tlg_methods" name="script_funs_works_as_expected_with_details_set_to_TRUE"/>
    <testcase time="8.64400000000001" classname="chevron_tlg_methods" name="script_funs_generates_a_valid_script"/>
    <testcase time="4.075" classname="chevron_tlg_methods" name="script_funs_generates_a_valid_script"/>
  </testsuite>
  <testsuite name="cmt01a" timestamp="2023-07-16T20:05:20Z" hostname="ae80abe2ad49" tests="6" skipped="4" failures="0" errors="0" time="6.488">
    <testcase time="1.96400000000001" classname="cmt01a" name="cmt01a_functions_with_default_argument_value_return_expected_result_with_test_data">
      <skipped message="Reason: On CRAN ('test-cmt01a.R:7:3')"/>
    </testcase>
    <testcase time="1.84999999999999" classname="cmt01a" name="cmt01a_functions_with_custom_argument_value_return_expected_result_with_test_data">
      <skipped message="Reason: On CRAN ('test-cmt01a.R:14:3')"/>
    </testcase>
    <testcase time="0.261000000000003" classname="cmt01a" name="cmt01a_can_handle_all_NA_values"/>
    <testcase time="0.235999999999997" classname="cmt01a" name="cmt01a_can_handle_all_NA_values">
      <skipped message="Reason: On CRAN ('test-cmt01a.R:28:3')"/>
    </testcase>
    <testcase time="1.116" classname="cmt01a" name="cmt01a_can_handle_some_NA_values"/>
    <testcase time="1.061" classname="cmt01a" name="cmt01a_can_handle_some_NA_values">
      <skipped message="Reason: On CRAN ('test-cmt01a.R:36:3')"/>
    </testcase>
  </testsuite>
  <testsuite name="cmt02_pt" timestamp="2023-07-16T20:05:27Z" hostname="ae80abe2ad49" tests="4" skipped="2" failures="0" errors="0" time="0.962">
    <testcase time="0.170000000000002" classname="cmt02_pt" name="cmt02_pt_can_handle_all_NA_values"/>
    <testcase time="0.188000000000002" classname="cmt02_pt" name="cmt02_pt_can_handle_all_NA_values">
      <skipped message="Reason: On CRAN ('test-cmt02_pt.R:9:3')"/>
    </testcase>
    <testcase time="0.259" classname="cmt02_pt" name="cmt02_pt_can_handle_some_NA_values"/>
    <testcase time="0.344999999999999" classname="cmt02_pt" name="cmt02_pt_can_handle_some_NA_values">
      <skipped message="Reason: On CRAN ('test-cmt02_pt.R:17:3')"/>
    </testcase>
  </testsuite>
  <testsuite name="coxt01" timestamp="2023-07-16T20:05:28Z" hostname="ae80abe2ad49" tests="3" skipped="1" failures="0" errors="0" time="0.953">
    <testcase time="0.603000000000002" classname="coxt01" name="coxt01_can_handle_some_NA_values"/>
    <testcase time="0.315999999999995" classname="coxt01" name="coxt01_can_handle_some_NA_values">
      <skipped message="Reason: On CRAN ('test-coxt01.R:8:3')"/>
    </testcase>
    <testcase time="0.034000000000006" classname="coxt01" name="coxt01_fails_on_incomlete_data"/>
  </testsuite>
  <testsuite name="coxt02" timestamp="2023-07-16T20:05:29Z" hostname="ae80abe2ad49" tests="3" skipped="1" failures="0" errors="0" time="1.096">
    <testcase time="0.703999999999994" classname="coxt02" name="coxt02_can_handle_some_NA_values"/>
    <testcase time="0.345000000000006" classname="coxt02" name="coxt02_can_handle_some_NA_values">
      <skipped message="Reason: On CRAN ('test-coxt02.R:5:3')"/>
    </testcase>
    <testcase time="0.046999999999997" classname="coxt02" name="coxt02_fails_on_incomlete_data"/>
  </testsuite>
  <testsuite name="default_tlg" timestamp="2023-07-16T20:05:30Z" hostname="ae80abe2ad49" tests="15" skipped="15" failures="0" errors="0" time="19.093">
    <testcase time="0.177" classname="default_tlg" name="ael01_nollt_function_with_default_argument_value_return_expected_result_with_test_data">
      <skipped message="Reason: On CRAN ('test-default_tlg.R:5:3')"/>
    </testcase>
    <testcase time="0.906000000000006" classname="default_tlg" name="aet01_function_with_default_argument_value_return_expected_result_with_test_data">
      <skipped message="Reason: On CRAN ('test-default_tlg.R:12:3')"/>
    </testcase>
    <testcase time="0.875999999999998" classname="default_tlg" name="aet01_aesi_function_with_default_argument_value_return_expected_result_with_test_data">
      <skipped message="Reason: On CRAN ('test-default_tlg.R:19:3')"/>
    </testcase>
    <testcase time="1.64600000000001" classname="default_tlg" name="aet02_functions_with_default_argument_value_return_expected_result_with_test_data">
      <skipped message="Reason: On CRAN ('test-default_tlg.R:26:3')"/>
    </testcase>
    <testcase time="4.12599999999999" classname="default_tlg" name="aet03_functions_with_default_argument_value_return_expected_result_with_test_data">
      <skipped message="Reason: On CRAN ('test-default_tlg.R:33:3')"/>
    </testcase>
    <testcase time="5.366" classname="default_tlg" name="aet04_functions_with_default_argument_value_return_expected_result_with_test_data">
      <skipped message="Reason: On CRAN ('test-default_tlg.R:40:3')"/>
    </testcase>
    <testcase time="0.605000000000004" classname="default_tlg" name="aet05_functions_with_default_argument_value_return_expected_result_with_test_data">
      <skipped message="Reason: On CRAN ('test-default_tlg.R:47:3')"/>
    </testcase>
    <testcase time="0.658000000000001" classname="default_tlg" name="aet05_all_functions_with_default_argument_value_return_expected_result_with_test_data">
      <skipped message="Reason: On CRAN ('test-default_tlg.R:54:3')"/>
    </testcase>
    <testcase time="0.460999999999999" classname="default_tlg" name="aet10_functions_with_default_argument_value_return_expected_result_with_test_data">
      <skipped message="Reason: On CRAN ('test-default_tlg.R:61:3')"/>
    </testcase>
    <testcase time="0.584999999999994" classname="default_tlg" name="cmt02_pt_functions_with_default_argument_value_return_expected_result_with_test_data">
      <skipped message="Reason: On CRAN ('test-default_tlg.R:68:3')"/>
    </testcase>
    <testcase time="0.719000000000008" classname="default_tlg" name="coxt01_functions_with_default_argument_value_return_expected_result_with_test_data">
      <skipped message="Reason: On CRAN ('test-default_tlg.R:78:3')"/>
    </testcase>
    <testcase time="1.02499999999999" classname="default_tlg" name="coxt02_functions_with_default_argument_value_return_expected_result_with_test_data">
      <skipped message="Reason: On CRAN ('test-default_tlg.R:86:3')"/>
    </testcase>
    <testcase time="0.947000000000003" classname="default_tlg" name="dmt01_functions_with_default_argument_value_return_expected_result_with_test_data">
      <skipped message="Reason: On CRAN ('test-default_tlg.R:93:3')"/>
    </testcase>
    <testcase time="0.626000000000005" classname="default_tlg" name="dst01_functions_with_default_argument_value_return_expected_result_with_test_data">
      <skipped message="Reason: On CRAN ('test-default_tlg.R:100:3')"/>
    </testcase>
    <testcase time="0.370000000000005" classname="default_tlg" name="dtht01_functions_with_default_argument_value_return_expected_result_with_test_data">
      <skipped message="Reason: On CRAN ('test-default_tlg.R:107:3')"/>
    </testcase>
  </testsuite>
  <testsuite name="dmt01" timestamp="2023-07-16T20:05:49Z" hostname="ae80abe2ad49" tests="4" skipped="2" failures="0" errors="0" time="1.808">
    <testcase time="0.35799999999999" classname="dmt01" name="dmt01_can_handle_NA_values"/>
    <testcase time="0.5" classname="dmt01" name="dmt01_can_handle_NA_values">
      <skipped message="Reason: On CRAN ('test-dmt01.R:8:3')"/>
    </testcase>
    <testcase time="0.376000000000005" classname="dmt01" name="dmt01_can_handle_numeric_NA_values"/>
    <testcase time="0.573999999999998" classname="dmt01" name="dmt01_can_handle_numeric_NA_values">
      <skipped message="Reason: On CRAN ('test-dmt01.R:15:3')"/>
    </testcase>
  </testsuite>
  <testsuite name="dst01" timestamp="2023-07-16T20:05:51Z" hostname="ae80abe2ad49" tests="14" skipped="7" failures="0" errors="0" time="3.969">
    <testcase time="0.201999999999998" classname="dst01" name="dst01_works_as_expected_when_all_data_are_NA"/>
    <testcase time="0.0799999999999983" classname="dst01" name="dst01_works_as_expected_when_all_data_are_NA">
      <skipped message="Reason: On CRAN ('test-dst01.R:11:3')"/>
    </testcase>
    <testcase time="0.181000000000012" classname="dst01" name="dst01_can_handle_all_NA_values_in_DCSREAS"/>
    <testcase time="0.193999999999988" classname="dst01" name="dst01_can_handle_all_NA_values_in_DCSREAS">
      <skipped message="Reason: On CRAN ('test-dst01.R:22:3')"/>
    </testcase>
    <testcase time="0.26700000000001" classname="dst01" name="dst01_can_handle_some_NA_values"/>
    <testcase time="0.342999999999989" classname="dst01" name="dst01_can_handle_some_NA_values">
      <skipped message="Reason: On CRAN ('test-dst01.R:29:3')"/>
    </testcase>
    <testcase time="0.188000000000002" classname="dst01" name="dst01_can_handle_missing_levels_in_status_var"/>
    <testcase time="0.149000000000001" classname="dst01" name="dst01_can_handle_missing_levels_in_status_var">
      <skipped message="Reason: On CRAN ('test-dst01.R:39:3')"/>
    </testcase>
    <testcase time="0.325000000000003" classname="dst01" name="dst01_can_create_variants"/>
    <testcase time="0.379999999999995" classname="dst01" name="dst01_can_create_variants">
      <skipped message="Reason: On CRAN ('test-dst01.R:44:3')"/>
    </testcase>
    <testcase time="0.38000000000001" classname="dst01" name="dst01_can_create_variants"/>
    <testcase time="0.384999999999991" classname="dst01" name="dst01_can_create_variants">
      <skipped message="Reason: On CRAN ('test-dst01.R:49:3')"/>
    </testcase>
    <testcase time="0.459000000000003" classname="dst01" name="dst01_can_create_variants"/>
    <testcase time="0.436000000000007" classname="dst01" name="dst01_can_create_variants">
      <skipped message="Reason: On CRAN ('test-dst01.R:56:3')"/>
    </testcase>
  </testsuite>
  <testsuite name="dtht01" timestamp="2023-07-16T20:05:55Z" hostname="ae80abe2ad49" tests="5" skipped="3" failures="0" errors="0" time="2.292">
    <testcase time="0.158999999999992" classname="dtht01" name="dtht01_can_handle_all_NA_values"/>
    <testcase time="0.222999999999999" classname="dtht01" name="dtht01_can_handle_all_NA_values">
      <skipped message="Reason: On CRAN ('test-dtht01.R:12:3')"/>
    </testcase>
    <testcase time="0.394999999999996" classname="dtht01" name="dtht01_can_handle_some_NA_values"/>
    <testcase time="0.591000000000008" classname="dtht01" name="dtht01_can_handle_some_NA_values">
      <skipped message="Reason: On CRAN ('test-dtht01.R:19:3')"/>
    </testcase>
    <testcase time="0.923999999999992" classname="dtht01" name="dtht01_can_be_parametrize_as_expected">
      <skipped message="Reason: On CRAN ('test-dtht01.R:30:3')"/>
    </testcase>
  </testsuite>
  <testsuite name="egt01" timestamp="2023-07-16T20:05:57Z" hostname="ae80abe2ad49" tests="3" skipped="2" failures="0" errors="0" time="10.429">
    <testcase time="6.69800000000001" classname="egt01" name="egt01_functions_with_default_argument_value_return_expected_result_with_test_data">
      <skipped message="Reason: On CRAN ('test-egt01.R:7:3')"/>
    </testcase>
    <testcase time="3.405" classname="egt01" name="egt01_can_handle_n_0_and_outputs_NE_instead_of_infs_and_NAs"/>
    <testcase time="0.325999999999993" classname="egt01" name="egt01_can_handle_n_0_and_outputs_NE_instead_of_infs_and_NAs">
      <skipped message="Reason: On CRAN ('test-egt01.R:21:3')"/>
    </testcase>
  </testsuite>
  <testsuite name="egt02" timestamp="2023-07-16T20:06:07Z" hostname="ae80abe2ad49" tests="2" skipped="2" failures="0" errors="0" time="1.075">
    <testcase time="0.556000000000012" classname="egt02" name="egt02_1_functions_with_default_argument_value_return_expected_result_with_test_data">
      <skipped message="Reason: On CRAN ('test-egt02.R:7:3')"/>
    </testcase>
    <testcase time="0.518999999999991" classname="egt02" name="egt02_2_functions_with_default_value_return_expected_result_with_test_data">
      <skipped message="Reason: On CRAN ('test-egt02.R:14:3')"/>
    </testcase>
  </testsuite>
  <testsuite name="egt03" timestamp="2023-07-16T20:06:09Z" hostname="ae80abe2ad49" tests="5" skipped="2" failures="0" errors="0" time="1.736">
    <testcase time="0.829000000000008" classname="egt03" name="egt03_functions_with_default_argument_value_return_expected_result_with_test_data">
      <skipped message="Reason: On CRAN ('test-egt03.R:9:3')"/>
    </testcase>
    <testcase time="0.0479999999999876" classname="egt03" name="egt03_errors_on_all_NA_values"/>
    <testcase time="0.37700000000001" classname="egt03" name="egt03_can_handle_some_NA_values"/>
    <testcase time="0.439999999999998" classname="egt03" name="egt03_can_handle_some_NA_values">
      <skipped message="Reason: On CRAN ('test-egt03.R:32:3')"/>
    </testcase>
    <testcase time="0.0420000000000016" classname="egt03" name="egt03_fails_on_incomplete_data"/>
  </testsuite>
  <testsuite name="egt05_qtcat" timestamp="2023-07-16T20:06:10Z" hostname="ae80abe2ad49" tests="4" skipped="2" failures="0" errors="0" time="6.072">
    <testcase time="4.065" classname="egt05_qtcat" name="egt05_qtcat_functions_with_default_argument_value_return_expected_result_with_test_data">
      <skipped message="Reason: On CRAN ('test-egt05_qtcat.R:7:3')"/>
    </testcase>
    <testcase time="0.0460000000000065" classname="egt05_qtcat" name="egt05_qtcat_erros_on_all_NA_values"/>
    <testcase time="0.771999999999991" classname="egt05_qtcat" name="egt05_qtcat_can_handle_some_NA_values"/>
    <testcase time="1.18900000000001" classname="egt05_qtcat" name="egt05_qtcat_can_handle_some_NA_values">
      <skipped message="Reason: On CRAN ('test-egt05_qtcat.R:28:3')"/>
    </testcase>
  </testsuite>
  <testsuite name="empty_report" timestamp="2023-07-16T20:06:16Z" hostname="ae80abe2ad49" tests="25" skipped="0" failures="0" errors="0" time="5.818">
    <testcase time="1.82599999999999" classname="empty_report" name="tlg_functions_return_null_reports_when_domain_table_is_empty"/>
    <testcase time="0.522999999999996" classname="empty_report" name="tlg_functions_return_null_reports_when_domain_table_is_empty"/>
    <testcase time="0.631" classname="empty_report" name="tlg_functions_return_null_reports_when_domain_table_is_empty"/>
    <testcase time="0.13300000000001" classname="empty_report" name="tlg_functions_return_null_reports_when_domain_table_is_empty"/>
    <testcase time="0.137999999999991" classname="empty_report" name="tlg_functions_return_null_reports_when_domain_table_is_empty"/>
    <testcase time="0.0840000000000032" classname="empty_report" name="tlg_functions_return_null_reports_when_domain_table_is_empty"/>
    <testcase time="0.140000000000001" classname="empty_report" name="tlg_functions_return_null_reports_when_domain_table_is_empty"/>
    <testcase time="0.227999999999994" classname="empty_report" name="tlg_functions_return_null_reports_when_domain_table_is_empty"/>
    <testcase time="0.262" classname="empty_report" name="tlg_functions_return_null_reports_when_domain_table_is_empty"/>
    <testcase time="0.0960000000000036" classname="empty_report" name="tlg_functions_return_null_reports_when_domain_table_is_empty"/>
    <testcase time="0.105000000000004" classname="empty_report" name="tlg_functions_return_null_reports_when_domain_table_is_empty"/>
    <testcase time="0.0660000000000025" classname="empty_report" name="tlg_functions_return_null_reports_when_domain_table_is_empty"/>
    <testcase time="0.0600000000000023" classname="empty_report" name="tlg_functions_return_null_reports_when_domain_table_is_empty"/>
    <testcase time="0.0750000000000028" classname="empty_report" name="tlg_functions_return_null_reports_when_domain_table_is_empty"/>
    <testcase time="0.0769999999999982" classname="empty_report" name="tlg_functions_return_null_reports_when_domain_table_is_empty"/>
    <testcase time="0.085000000000008" classname="empty_report" name="tlg_functions_return_null_reports_when_domain_table_is_empty"/>
    <testcase time="0.109999999999999" classname="empty_report" name="tlg_functions_return_null_reports_when_domain_table_is_empty"/>
    <testcase time="0.0989999999999895" classname="empty_report" name="tlg_functions_return_null_reports_when_domain_table_is_empty"/>
    <testcase time="0.100000000000009" classname="empty_report" name="tlg_functions_return_null_reports_when_domain_table_is_empty"/>
    <testcase time="0.548999999999992" classname="empty_report" name="tlg_functions_return_null_reports_when_domain_table_is_empty"/>
    <testcase time="0.117000000000004" classname="empty_report" name="tlg_functions_return_null_reports_when_domain_table_is_empty"/>
    <testcase time="0.114000000000004" classname="empty_report" name="tlg_functions_return_null_reports_when_domain_table_is_empty"/>
    <testcase time="0.0929999999999893" classname="empty_report" name="tlg_functions_return_null_reports_when_domain_table_is_empty"/>
    <testcase time="0.054000000000002" classname="empty_report" name="tlg_functions_return_null_reports_when_domain_table_is_empty"/>
    <testcase time="0.0529999999999973" classname="empty_report" name="tlg_functions_return_null_reports_when_domain_table_is_empty"/>
  </testsuite>
  <testsuite name="ext01" timestamp="2023-07-16T20:06:22Z" hostname="ae80abe2ad49" tests="8" skipped="7" failures="0" errors="0" time="8.511">
    <testcase time="0.927000000000007" classname="ext01" name="ext01_functions_with_default_argument_value_return_expected_result_with_test_data">
      <skipped message="Reason: On CRAN ('test-ext01.R:7:3')"/>
    </testcase>
    <testcase time="1.00999999999999" classname="ext01" name="ext01_functions_with_categorical_data_return_expected_result_with_test_data">
      <skipped message="Reason: On CRAN ('test-ext01.R:15:3')"/>
    </testcase>
    <testcase time="0.439999999999998" classname="ext01" name="ext01_works"/>
    <testcase time="0.482000000000014" classname="ext01" name="ext01_works">
      <skipped message="Reason: On CRAN ('test-ext01.R:23:3')"/>
    </testcase>
    <testcase time="0.956999999999994" classname="ext01" name="ext01_works_for_selected_parameters_and_categorical_variables">
      <skipped message="Reason: On CRAN ('test-ext01.R:36:3')"/>
    </testcase>
    <testcase time="1.501" classname="ext01" name="ext01_works_with_custom_mapping_order">
      <skipped message="Reason: On CRAN ('test-ext01.R:47:3')"/>
    </testcase>
    <testcase time="1.58999999999999" classname="ext01" name="ext01_works_with_custom_mapping_order_for_a_single_split">
      <skipped message="Reason: On CRAN ('test-ext01.R:57:3')"/>
    </testcase>
    <testcase time="1.604" classname="ext01" name="ext01_works_with_custom_mapping_fill_in_value">
      <skipped message="Reason: On CRAN ('test-ext01.R:68:3')"/>
    </testcase>
  </testsuite>
  <testsuite name="fstg01" timestamp="2023-07-16T20:06:31Z" hostname="ae80abe2ad49" tests="7" skipped="0" failures="0" errors="0" time="12.359">
    <testcase time="0.034000000000006" classname="fstg01" name="fstg01_works_as_expected"/>
    <testcase time="2.825" classname="fstg01" name="fstg01_works_as_expected"/>
    <testcase time="2.739" classname="fstg01" name="fstg01_works_as_expected_with_custom_color_set"/>
    <testcase time="2.36599999999999" classname="fstg01" name="fstg01_works_as_expected_with_custom_color_set"/>
    <testcase time="0.448000000000008" classname="fstg01" name="fstg01_works_if_changes_are_in_subgroups_strata_var_conf_level_and_label_all"/>
    <testcase time="1.15700000000001" classname="fstg01" name="fstg01_works_if_changes_are_in_subgroups_strata_var_conf_level_and_label_all"/>
    <testcase time="2.79000000000002" classname="fstg01" name="fstg01_can_handle_some_NA_values_in_subgroups"/>
  </testsuite>
  <testsuite name="kmg01" timestamp="2023-07-16T20:06:43Z" hostname="ae80abe2ad49" tests="6" skipped="0" failures="0" errors="0" time="2.286">
    <testcase time="0.0209999999999866" classname="kmg01" name="kmg01_works_as_expected"/>
    <testcase time="0.495000000000005" classname="kmg01" name="kmg01_works_as_expected"/>
    <testcase time="0.534999999999997" classname="kmg01" name="kmg01_works_as_expected_with_custom_color_set"/>
    <testcase time="0.435000000000002" classname="kmg01" name="kmg01_works_as_expected_with_custom_color_set"/>
    <testcase time="0.462999999999994" classname="kmg01" name="kmg01_works_if_change_pvalue_ties_and_conf_level"/>
    <testcase time="0.337000000000018" classname="kmg01" name="kmg01_works_if_change_annotation_position"/>
  </testsuite>
  <testsuite name="lbt01" timestamp="2023-07-16T20:06:45Z" hostname="ae80abe2ad49" tests="4" skipped="3" failures="0" errors="0" time="16.14">
    <testcase time="6.215" classname="lbt01" name="lbt01_functions_with_default_argument_value_return_expected_result_with_test_data">
      <skipped message="Reason: On CRAN ('test-lbt01.R:7:3')"/>
    </testcase>
    <testcase time="6.488" classname="lbt01" name="lbt01_functions_with_row_split_var_return_expected_result_with_test_data">
      <skipped message="Reason: On CRAN ('test-lbt01.R:16:3')"/>
    </testcase>
    <testcase time="3.13899999999998" classname="lbt01" name="lbt01_can_handle_n_0_and_outputs_NE_instead_of_infs_and_NAs"/>
    <testcase time="0.298000000000002" classname="lbt01" name="lbt01_can_handle_n_0_and_outputs_NE_instead_of_infs_and_NAs">
      <skipped message="Reason: On CRAN ('test-lbt01.R:30:3')"/>
    </testcase>
  </testsuite>
  <testsuite name="lbt04" timestamp="2023-07-16T20:07:01Z" hostname="ae80abe2ad49" tests="8" skipped="4" failures="0" errors="0" time="3.85">
    <testcase time="1.23400000000001" classname="lbt04" name="lbt04_functions_with_default_argument_value_return_expected_result_with_test_data">
      <skipped message="Reason: On CRAN ('test-lbt04.R:7:3')"/>
    </testcase>
    <testcase time="0.0840000000000032" classname="lbt04" name="lbt04_can_handle_all_NA_values"/>
    <testcase time="0.0759999999999934" classname="lbt04" name="lbt04_can_handle_all_NA_values">
      <skipped message="Reason: On CRAN ('test-lbt04.R:20:3')"/>
    </testcase>
    <testcase time="0.555000000000007" classname="lbt04" name="lbt04_can_handle_missing_levels"/>
    <testcase time="0.637" classname="lbt04" name="lbt04_can_handle_missing_levels">
      <skipped message="Reason: On CRAN ('test-lbt04.R:31:3')"/>
    </testcase>
    <testcase time="0.60499999999999" classname="lbt04" name="lbt04_can_handle_some_NA_values"/>
    <testcase time="0.61699999999999" classname="lbt04" name="lbt04_can_handle_some_NA_values">
      <skipped message="Reason: On CRAN ('test-lbt04.R:39:3')"/>
    </testcase>
    <testcase time="0.0420000000000016" classname="lbt04" name="lbt04_fails_on_incomlete_data"/>
  </testsuite>
  <testsuite name="lbt05" timestamp="2023-07-16T20:07:05Z" hostname="ae80abe2ad49" tests="5" skipped="2" failures="0" errors="0" time="2.955">
    <testcase time="1.13400000000001" classname="lbt05" name="lbt05_functions_with_default_argument_value_return_expected_result_with_test_data">
      <skipped message="Reason: On CRAN ('test-lbt05.R:7:3')"/>
    </testcase>
    <testcase time="0.569999999999993" classname="lbt05" name="lbt05_give_all_0_count_if_ANRIND_are_all_missing"/>
    <testcase time="0.552999999999997" classname="lbt05" name="lbt05_can_handle_some_NA_values"/>
    <testcase time="0.625" classname="lbt05" name="lbt05_can_handle_some_NA_values">
      <skipped message="Reason: On CRAN ('test-lbt05.R:36:3')"/>
    </testcase>
    <testcase time="0.0730000000000075" classname="lbt05" name="lbt05_fails_on_incomlete_data"/>
  </testsuite>
  <testsuite name="lbt06" timestamp="2023-07-16T20:07:08Z" hostname="ae80abe2ad49" tests="3" skipped="1" failures="0" errors="0" time="6.721">
    <testcase time="2.07499999999999" classname="lbt06" name="lbt06_gives_all_0_count_if_ANRIND_and_BNRIND_are_all_missing"/>
    <testcase time="4.57400000000001" classname="lbt06" name="lbt06_can_handle_some_NA_values">
      <skipped message="Reason: On CRAN ('test-lbt06.R:20:3')"/>
    </testcase>
    <testcase time="0.0720000000000027" classname="lbt06" name="lbt06_fails_on_incomplete_data"/>
  </testsuite>
  <testsuite name="lbt07" timestamp="2023-07-16T20:07:15Z" hostname="ae80abe2ad49" tests="4" skipped="2" failures="0" errors="0" time="3.605">
    <testcase time="1.75999999999999" classname="lbt07" name="lbt07_functions_with_default_argument_value_return_expected_result_with_test_data">
      <skipped message="Reason: On CRAN ('test-lbt07.R:7:3')"/>
    </testcase>
    <testcase time="0.907999999999987" classname="lbt07" name="lbt07_can_handle_some_NA_values"/>
    <testcase time="0.864000000000004" classname="lbt07" name="lbt07_can_handle_some_NA_values">
      <skipped message="Reason: On CRAN ('test-lbt07.R:22:3')"/>
    </testcase>
    <testcase time="0.0730000000000075" classname="lbt07" name="lbt07_fails_on_incomlete_data"/>
  </testsuite>
  <testsuite name="lbt14" timestamp="2023-07-16T20:07:19Z" hostname="ae80abe2ad49" tests="16" skipped="10" failures="0" errors="0" time="45.272">
    <testcase time="4.08799999999999" classname="lbt14" name="lbt14_functions_with_default_argument_value_return_expected_result_with_test_data">
      <skipped message="Reason: On CRAN ('test-lbt14.R:7:3')"/>
    </testcase>
    <testcase time="4.328" classname="lbt14" name="lbt14_functions_with_default_argument_value_return_expected_result_with_test_data_when_direction_high">
      <skipped message="Reason: On CRAN ('test-lbt14.R:14:3')"/>
    </testcase>
    <testcase time="3.833" classname="lbt14" name="lbt14_functions_with_gr_missing_excl_return_expected_result_with_test_data">
      <skipped message="Reason: On CRAN ('test-lbt14.R:21:3')"/>
    </testcase>
    <testcase time="3.715" classname="lbt14" name="lbt14_functions_with_gr_missing_gr_0_return_expected_result_with_test_data">
      <skipped message="Reason: On CRAN ('test-lbt14.R:28:3')"/>
    </testcase>
    <testcase time="2.13499999999999" classname="lbt14" name="lbt14_can_handle_all_NA_values"/>
    <testcase time="0.616000000000014" classname="lbt14" name="lbt14_can_handle_all_NA_values">
      <skipped message="Reason: On CRAN ('test-lbt14.R:41:3')"/>
    </testcase>
    <testcase time="2.41900000000001" classname="lbt14" name="lbt14_can_handle_some_NA_values"/>
    <testcase time="1.51299999999998" classname="lbt14" name="lbt14_can_handle_some_NA_values">
      <skipped message="Reason: On CRAN ('test-lbt14.R:60:3')"/>
    </testcase>
    <testcase time="7.774" classname="lbt14" name="lbt14_can_accept_different_gr_missing">
      <skipped message="Reason: On CRAN ('test-lbt14.R:67:3')"/>
    </testcase>
    <testcase time="0.0520000000000209" classname="lbt14" name="lbt14_fails_on_incomlete_data"/>
    <testcase time="1.98299999999998" classname="lbt14" name="lbt14_can_handle_all_NA_values_with_direction_high"/>
    <testcase time="0.282000000000011" classname="lbt14" name="lbt14_can_handle_all_NA_values_with_direction_high">
      <skipped message="Reason: On CRAN ('test-lbt14.R:92:3')"/>
    </testcase>
    <testcase time="2.483" classname="lbt14" name="lbt14_can_handle_some_NA_values_with_direction_high"/>
    <testcase time="1.71199999999999" classname="lbt14" name="lbt14_can_handle_some_NA_values_with_direction_high">
      <skipped message="Reason: On CRAN ('test-lbt14.R:111:3')"/>
    </testcase>
    <testcase time="8.29400000000001" classname="lbt14" name="lbt14_can_accept_different_gr_missing_with_direction_high">
      <skipped message="Reason: On CRAN ('test-lbt14.R:119:3')"/>
    </testcase>
    <testcase time="0.0449999999999875" classname="lbt14" name="lbt14_fails_on_incomlete_data"/>
  </testsuite>
  <testsuite name="lbt15" timestamp="2023-07-16T20:08:04Z" hostname="ae80abe2ad49" tests="12" skipped="6" failures="0" errors="0" time="7.553">
    <testcase time="1.17600000000002" classname="lbt15" name="lbt15_functions_with_default_argument_value_return_expected_result_with_test_data">
      <skipped message="Reason: On CRAN ('test-lbt15.R:7:3')"/>
    </testcase>
    <testcase time="0.580999999999989" classname="lbt15" name="lbt15_can_handle_all_NA_values"/>
    <testcase time="0.641999999999996" classname="lbt15" name="lbt15_can_handle_all_NA_values">
      <skipped message="Reason: On CRAN ('test-lbt15.R:20:3')"/>
    </testcase>
    <testcase time="0.605000000000018" classname="lbt15" name="lbt15_can_handle_missing_levels"/>
    <testcase time="0.641999999999996" classname="lbt15" name="lbt15_can_handle_missing_levels">
      <skipped message="Reason: On CRAN ('test-lbt15.R:31:3')"/>
    </testcase>
    <testcase time="0.609000000000009" classname="lbt15" name="lbt15_can_handle_missing_levels_in_baseline"/>
    <testcase time="0.649999999999977" classname="lbt15" name="lbt15_can_handle_missing_levels_in_baseline">
      <skipped message="Reason: On CRAN ('test-lbt15.R:42:3')"/>
    </testcase>
    <testcase time="0.612000000000023" classname="lbt15" name="lbt15_can_handle_some_NA_values"/>
    <testcase time="0.687999999999988" classname="lbt15" name="lbt15_can_handle_some_NA_values">
      <skipped message="Reason: On CRAN ('test-lbt15.R:50:3')"/>
    </testcase>
    <testcase time="0.63900000000001" classname="lbt15" name="lbt15_can_handle_some_NA_values_in_baseline"/>
    <testcase time="0.661999999999978" classname="lbt15" name="lbt15_can_handle_some_NA_values_in_baseline">
      <skipped message="Reason: On CRAN ('test-lbt15.R:58:3')"/>
    </testcase>
    <testcase time="0.046999999999997" classname="lbt15" name="lbt15_fails_on_incomlete_data"/>
  </testsuite>
  <testsuite name="mht01" timestamp="2023-07-16T20:08:11Z" hostname="ae80abe2ad49" tests="3" skipped="3" failures="0" errors="0" time="3.368">
    <testcase time="1.06" classname="mht01" name="mht01_1_functions_with_default_argument_value_return_expected_result_with_test_data">
      <skipped message="Reason: On CRAN ('test-mht01.R:7:3')"/>
    </testcase>
    <testcase time="1.34400000000002" classname="mht01" name="mht01_works">
      <skipped message="Reason: On CRAN ('test-mht01.R:15:3')"/>
    </testcase>
    <testcase time="0.963999999999999" classname="mht01" name="mht01_works_on_NULL_in_lbl_mhbodsys_or_lbl_mhdecod">
      <skipped message="Reason: On CRAN ('test-mht01.R:21:3')"/>
    </testcase>
  </testsuite>
  <testsuite name="mng01" timestamp="2023-07-16T20:08:15Z" hostname="ae80abe2ad49" tests="7" skipped="0" failures="0" errors="0" time="9.921">
    <testcase time="1.60999999999999" classname="mng01" name="mng01_works_as_expected_with_default_argument_values"/>
    <testcase time="1.56900000000002" classname="mng01" name="mng01_works_as_expected_with_custom_argument_values"/>
    <testcase time="0.0219999999999914" classname="mng01" name="mng01_works_as_expected_with_custom_argument_values"/>
    <testcase time="1.59100000000001" classname="mng01" name="mng01_works_as_expected_with_custom_color_set"/>
    <testcase time="1.69499999999999" classname="mng01" name="mng01_works_as_expected_with_custom_color_set"/>
    <testcase time="1.78899999999999" classname="mng01" name="mng01_works_if_show_v_grid_show_h_grid_is_TRUE"/>
    <testcase time="1.64500000000001" classname="mng01" name="mng01_works_with_combination_of_x_variables"/>
  </testsuite>
  <testsuite name="pdt01" timestamp="2023-07-16T20:08:25Z" hostname="ae80abe2ad49" tests="5" skipped="3" failures="0" errors="0" time="2.561">
    <testcase time="1.005" classname="pdt01" name="pdt01_function_with_default_argument_value_return_expected_result_with_test_data">
      <skipped message="Reason: On CRAN ('test-pdt01.R:7:3')"/>
    </testcase>
    <testcase time="0.163000000000011" classname="pdt01" name="pdt01_can_handle_all_NA_values"/>
    <testcase time="0.211999999999989" classname="pdt01" name="pdt01_can_handle_all_NA_values">
      <skipped message="Reason: On CRAN ('test-pdt01.R:21:3')"/>
    </testcase>
    <testcase time="0.463999999999999" classname="pdt01" name="pdt01_can_handle_some_NA_values"/>
    <testcase time="0.717000000000013" classname="pdt01" name="pdt01_can_handle_some_NA_values">
      <skipped message="Reason: On CRAN ('test-pdt01.R:36:3')"/>
    </testcase>
  </testsuite>
  <testsuite name="pdt02" timestamp="2023-07-16T20:08:27Z" hostname="ae80abe2ad49" tests="5" skipped="3" failures="0" errors="0" time="1.638">
    <testcase time="0.536000000000001" classname="pdt02" name="pdt02_function_with_default_argument_value_return_expected_result_with_test_data">
      <skipped message="Reason: On CRAN ('test-pdt02.R:7:3')"/>
    </testcase>
    <testcase time="0.216999999999985" classname="pdt02" name="pdt02_can_handle_all_NA_values"/>
    <testcase time="0.213999999999999" classname="pdt02" name="pdt02_can_handle_all_NA_values">
      <skipped message="Reason: On CRAN ('test-pdt02.R:21:3')"/>
    </testcase>
    <testcase time="0.323000000000008" classname="pdt02" name="pdt02_can_handle_some_NA_values"/>
    <testcase time="0.348000000000013" classname="pdt02" name="pdt02_can_handle_some_NA_values">
      <skipped message="Reason: On CRAN ('test-pdt02.R:36:3')"/>
    </testcase>
  </testsuite>
  <testsuite name="reexports" timestamp="2023-07-16T20:08:29Z" hostname="ae80abe2ad49" tests="2" skipped="0" failures="0" errors="0" time="0.072">
    <testcase time="0.0529999999999973" classname="reexports" name="with_label_exported_correctly"/>
    <testcase time="0.018999999999977" classname="reexports" name="reformat_exported_correctly"/>
  </testsuite>
  <testsuite name="rmpt01" timestamp="2023-07-16T20:08:29Z" hostname="ae80abe2ad49" tests="7" skipped="3" failures="0" errors="0" time="1.052">
    <testcase time="0.298000000000002" classname="rmpt01" name="rmpt01_function_with_default_argument_value_return_expected_result_with_test_data">
      <skipped message="Reason: On CRAN ('test-rmpt01.R:7:3')"/>
    </testcase>
    <testcase time="0.112000000000023" classname="rmpt01" name="rmpt01_can_handle_NA_values"/>
    <testcase time="0.197999999999979" classname="rmpt01" name="rmpt01_can_handle_NA_values">
      <skipped message="Reason: On CRAN ('test-rmpt01.R:17:3')"/>
    </testcase>
    <testcase time="0.122000000000014" classname="rmpt01" name="rmpt01_can_handle_some_NA_values"/>
    <testcase time="0.200999999999993" classname="rmpt01" name="rmpt01_can_handle_some_NA_values">
      <skipped message="Reason: On CRAN ('test-rmpt01.R:31:3')"/>
    </testcase>
    <testcase time="0.0769999999999982" classname="rmpt01" name="rmpt01_fails_on_incomlete_data"/>
    <testcase time="0.0440000000000111" classname="rmpt01" name="rmpt01_fails_on_incomlete_data"/>
  </testsuite>
  <testsuite name="rmpt03" timestamp="2023-07-16T20:08:30Z" hostname="ae80abe2ad49" tests="8" skipped="3" failures="0" errors="0" time="1.742">
    <testcase time="0.536999999999978" classname="rmpt03" name="rmpt03_function_with_default_argument_value_return_expected_result_with_test_data">
      <skipped message="Reason: On CRAN ('test-rmpt03.R:10:3')"/>
    </testcase>
    <testcase time="0.216000000000008" classname="rmpt03" name="rmpt03_can_handle_NA_values"/>
    <testcase time="0.332999999999998" classname="rmpt03" name="rmpt03_can_handle_NA_values">
      <skipped message="Reason: On CRAN ('test-rmpt03.R:22:3')"/>
    </testcase>
    <testcase time="0.181000000000012" classname="rmpt03" name="rmpt03_can_handle_some_NA_values"/>
    <testcase time="0.289999999999992" classname="rmpt03" name="rmpt03_can_handle_some_NA_values">
      <skipped message="Reason: On CRAN ('test-rmpt03.R:38:3')"/>
    </testcase>
    <testcase time="0.100999999999999" classname="rmpt03" name="rmpt03_fails_on_incomlete_data"/>
    <testcase time="0.0500000000000114" classname="rmpt03" name="rmpt03_fails_on_incomlete_data"/>
    <testcase time="0.0339999999999918" classname="rmpt03" name="rmpt03_fails_on_incomlete_data"/>
  </testsuite>
  <testsuite name="rmpt04" timestamp="2023-07-16T20:08:32Z" hostname="ae80abe2ad49" tests="6" skipped="3" failures="0" errors="0" time="1.012">
    <testcase time="0.306999999999988" classname="rmpt04" name="rmpt04_function_with_default_argument_value_return_expected_result_with_test_data">
      <skipped message="Reason: On CRAN ('test-rmpt04.R:7:3')"/>
    </testcase>
    <testcase time="0.116000000000014" classname="rmpt04" name="rmpt04_can_handle_NA_values"/>
    <testcase time="0.192000000000007" classname="rmpt04" name="rmpt04_can_handle_NA_values">
      <skipped message="Reason: On CRAN ('test-rmpt04.R:17:3')"/>
    </testcase>
    <testcase time="0.119" classname="rmpt04" name="rmpt04_can_handle_some_NA_values"/>
    <testcase time="0.230999999999995" classname="rmpt04" name="rmpt04_can_handle_some_NA_values">
      <skipped message="Reason: On CRAN ('test-rmpt04.R:34:3')"/>
    </testcase>
    <testcase time="0.046999999999997" classname="rmpt04" name="rmpt04_fails_on_incomlete_data"/>
  </testsuite>
  <testsuite name="rmpt05" timestamp="2023-07-16T20:08:33Z" hostname="ae80abe2ad49" tests="6" skipped="3" failures="0" errors="0" time="1.269">
    <testcase time="0.420999999999992" classname="rmpt05" name="rmpt05_function_with_default_argument_value_return_expected_result_with_test_data">
      <skipped message="Reason: On CRAN ('test-rmpt05.R:7:3')"/>
    </testcase>
    <testcase time="0.149000000000001" classname="rmpt05" name="rmpt05_can_handle_NA_values"/>
    <testcase time="0.26600000000002" classname="rmpt05" name="rmpt05_can_handle_NA_values">
      <skipped message="Reason: On CRAN ('test-rmpt05.R:17:3')"/>
    </testcase>
    <testcase time="0.153999999999996" classname="rmpt05" name="rmpt05_can_handle_some_NA_values"/>
    <testcase time="0.228999999999985" classname="rmpt05" name="rmpt05_can_handle_some_NA_values">
      <skipped message="Reason: On CRAN ('test-rmpt05.R:34:3')"/>
    </testcase>
    <testcase time="0.0500000000000114" classname="rmpt05" name="rmpt05_fails_on_incomlete_data"/>
  </testsuite>
  <testsuite name="rspt01" timestamp="2023-07-16T20:08:34Z" hostname="ae80abe2ad49" tests="15" skipped="7" failures="0" errors="0" time="6.111">
    <testcase time="0.0459999999999923" classname="rspt01" name="rspt01_works_as_expected"/>
    <testcase time="0.552999999999997" classname="rspt01" name="rspt01_works_as_expected"/>
    <testcase time="0.408999999999992" classname="rspt01" name="rspt01_works_as_expected">
      <skipped message="Reason: On CRAN ('test-rspt01.R:5:3')"/>
    </testcase>
    <testcase time="0.52200000000002" classname="rspt01" name="rspt01_works_as_expected_for_stratified_and_unstratified_analysis"/>
    <testcase time="0.441000000000003" classname="rspt01" name="rspt01_works_as_expected_for_stratified_and_unstratified_analysis">
      <skipped message="Reason: On CRAN ('test-rspt01.R:17:3')"/>
    </testcase>
    <testcase time="0.433999999999997" classname="rspt01" name="rspt01_works_as_expected_for_unstratified_analysis_only"/>
    <testcase time="0.36699999999999" classname="rspt01" name="rspt01_works_as_expected_for_unstratified_analysis_only">
      <skipped message="Reason: On CRAN ('test-rspt01.R:36:3')"/>
    </testcase>
    <testcase time="0.421999999999997" classname="rspt01" name="rspt01_works_as_expected_for_stratified_analysis_only"/>
    <testcase time="0.385999999999996" classname="rspt01" name="rspt01_works_as_expected_for_stratified_analysis_only">
      <skipped message="Reason: On CRAN ('test-rspt01.R:55:3')"/>
    </testcase>
    <testcase time="0.431000000000012" classname="rspt01" name="rspt01_works_if_change_reference_group"/>
    <testcase time="0.408999999999992" classname="rspt01" name="rspt01_works_if_change_reference_group">
      <skipped message="Reason: On CRAN ('test-rspt01.R:74:3')"/>
    </testcase>
    <testcase time="0.460000000000008" classname="rspt01" name="rspt01_works_if_change_statistic_methods"/>
    <testcase time="0.383999999999986" classname="rspt01" name="rspt01_works_if_change_statistic_methods">
      <skipped message="Reason: On CRAN ('test-rspt01.R:97:3')"/>
    </testcase>
    <testcase time="0.436000000000007" classname="rspt01" name="rspt01_works_if_change_confidence_interval"/>
    <testcase time="0.411000000000001" classname="rspt01" name="rspt01_works_if_change_confidence_interval">
      <skipped message="Reason: On CRAN ('test-rspt01.R:123:3')"/>
    </testcase>
  </testsuite>
  <testsuite name="ttet01" timestamp="2023-07-16T20:08:40Z" hostname="ae80abe2ad49" tests="9" skipped="4" failures="0" errors="0" time="5.091">
    <testcase time="0.0420000000000016" classname="ttet01" name="ttet01_works_as_expected"/>
    <testcase time="0.817000000000007" classname="ttet01" name="ttet01_works_as_expected"/>
    <testcase time="0.694999999999993" classname="ttet01" name="ttet01_works_as_expected">
      <skipped message="Reason: On CRAN ('test-ttet01.R:5:3')"/>
    </testcase>
    <testcase time="0.578000000000003" classname="ttet01" name="ttet01_works_as_expected_for_stratified_and_unstratified_analysis"/>
    <testcase time="0.598000000000013" classname="ttet01" name="ttet01_works_as_expected_for_stratified_and_unstratified_analysis">
      <skipped message="Reason: On CRAN ('test-ttet01.R:14:3')"/>
    </testcase>
    <testcase time="0.564999999999998" classname="ttet01" name="ttet01_works_as_expected_for_stratified_analysis_only"/>
    <testcase time="0.627999999999986" classname="ttet01" name="ttet01_works_as_expected_for_stratified_analysis_only">
      <skipped message="Reason: On CRAN ('test-ttet01.R:30:3')"/>
    </testcase>
    <testcase time="0.581999999999994" classname="ttet01" name="ttet01_works_if_change_reference_group"/>
    <testcase time="0.586000000000013" classname="ttet01" name="ttet01_works_if_change_reference_group">
      <skipped message="Reason: On CRAN ('test-ttet01.R:46:3')"/>
    </testcase>
  </testsuite>
  <testsuite name="utils" timestamp="2023-07-16T20:08:45Z" hostname="ae80abe2ad49" tests="52" skipped="0" failures="0" errors="0" time="0.406">
    <testcase time="0.0299999999999727" classname="utils" name="h_format_dec_works_as_exected"/>
    <testcase time="0.0050000000000523" classname="utils" name="h_format_dec_works_as_exected"/>
    <testcase time="0.00199999999995271" classname="utils" name="h_format_dec_works_as_exected"/>
    <testcase time="0.00499999999999545" classname="utils" name="h_format_dec_works_as_exected"/>
    <testcase time="0.00200000000000955" classname="utils" name="h_format_dec_works_as_exected"/>
    <testcase time="0.0040000000000191" classname="utils" name="h_format_dec_works_as_exected"/>
    <testcase time="0.0029999999999859" classname="utils" name="h_format_dec_works_as_exected"/>
    <testcase time="0.0040000000000191" classname="utils" name="h_format_dec_works_as_exected"/>
    <testcase time="0.00200000000000955" classname="utils" name="h_format_dec_works_as_exected"/>
    <testcase time="0.00499999999999545" classname="utils" name="h_format_dec_works_as_exected"/>
    <testcase time="0.00200000000000955" classname="utils" name="h_format_dec_works_as_exected"/>
    <testcase time="0.00599999999997181" classname="utils" name="h_format_dec_works_as_exected"/>
    <testcase time="0.01400000000001" classname="utils" name="h_format_dec_works_as_expected_with_more_than_one_value"/>
    <testcase time="0.00499999999999545" classname="utils" name="h_format_dec_works_as_expected_with_more_than_one_value"/>
    <testcase time="0.0120000000000005" classname="utils" name="h_format_dec_works_as_expected_with_NA_digits"/>
    <testcase time="0.01400000000001" classname="utils" name="fuse_sequentially_works"/>
    <testcase time="0.00599999999997181" classname="utils" name="fuse_sequentially_works"/>
    <testcase time="0.00999999999999091" classname="utils" name="grob_list_works"/>
    <testcase time="0.00200000000000955" classname="utils" name="grob_list_works"/>
    <testcase time="0.00499999999999545" classname="utils" name="grob_list_works"/>
    <testcase time="0.00499999999999545" classname="utils" name="grob_list_works"/>
    <testcase time="0.0230000000000246" classname="utils" name="ifneeded_split_row_works_as_expected"/>
    <testcase time="0.00999999999999091" classname="utils" name="ifneeded_split_row_works_as_expected"/>
    <testcase time="0.00999999999999091" classname="utils" name="droplevels.character_works_as_expected"/>
    <testcase time="0.00600000000002865" classname="utils" name="droplevels.character_works_as_expected"/>
    <testcase time="0.0109999999999673" classname="utils" name="lvls.character_works_as_expected"/>
    <testcase time="0.00499999999999545" classname="utils" name="lvls.character_works_as_expected"/>
    <testcase time="0.0110000000000241" classname="utils" name="lvls.factor_works_as_expected"/>
    <testcase time="0.00600000000002865" classname="utils" name="lvls.factor_works_as_expected"/>
    <testcase time="0.00999999999999091" classname="utils" name="lvls.default_works_as_expected"/>
    <testcase time="0.0149999999999864" classname="utils" name="lvls.default_works_as_expected"/>
    <testcase time="0.01400000000001" classname="utils" name="quote_str_works_as_expected"/>
    <testcase time="0.00599999999997181" classname="utils" name="quote_str_works_as_expected"/>
    <testcase time="0.00999999999999091" classname="utils" name="quote_str_works_as_expected"/>
    <testcase time="0.0130000000000337" classname="utils" name="modify_default_args_works_as_expected"/>
    <testcase time="0.00599999999997181" classname="utils" name="modify_default_args_works_as_expected"/>
    <testcase time="0.00999999999999091" classname="utils" name="execute_with_args_works_as_expected"/>
    <testcase time="0.007000000000005" classname="utils" name="execute_with_args_works_as_expected"/>
    <testcase time="0.00300000000004275" classname="utils" name="execute_with_args_works_as_expected"/>
    <testcase time="0.00599999999997181" classname="utils" name="execute_with_args_works_as_expected"/>
    <testcase time="0.0029999999999859" classname="utils" name="execute_with_args_works_as_expected"/>
    <testcase time="0.00499999999999545" classname="utils" name="execute_with_args_works_as_expected"/>
    <testcase time="0.00300000000004275" classname="utils" name="execute_with_args_works_as_expected"/>
    <testcase time="0.007000000000005" classname="utils" name="execute_with_args_works_as_expected"/>
    <testcase time="0.0029999999999859" classname="utils" name="execute_with_args_works_as_expected"/>
    <testcase time="0.00499999999999545" classname="utils" name="execute_with_args_works_as_expected"/>
    <testcase time="0.00300000000004275" classname="utils" name="execute_with_args_works_as_expected"/>
    <testcase time="0.00499999999999545" classname="utils" name="execute_with_args_works_as_expected"/>
    <testcase time="0.0120000000000005" classname="utils" name="do_call_work_as_expected"/>
    <testcase time="0.00499999999999545" classname="utils" name="do_call_work_as_expected"/>
    <testcase time="0.0180000000000291" classname="utils" name="do_call_errors_as_expected"/>
    <testcase time="0.0120000000000005" classname="utils" name="do_call_errors_as_expected"/>
  </testsuite>
  <testsuite name="vst01" timestamp="2023-07-16T20:08:46Z" hostname="ae80abe2ad49" tests="3" skipped="2" failures="0" errors="0" time="26.635">
    <testcase time="13.438" classname="vst01" name="vst01_functions_with_default_argument_value_return_expected_result_with_test_data">
      <skipped message="Reason: On CRAN ('test-vst01.R:7:3')"/>
    </testcase>
    <testcase time="6.00400000000002" classname="vst01" name="run_vst01_works_as_expected"/>
    <testcase time="7.19299999999998" classname="vst01" name="run_vst01_works_as_expected">
      <skipped message="Reason: On CRAN ('test-vst01.R:14:3')"/>
    </testcase>
  </testsuite>
  <testsuite name="vst02" timestamp="2023-07-16T20:09:12Z" hostname="ae80abe2ad49" tests="2" skipped="2" failures="0" errors="0" time="1.656">
    <testcase time="0.855999999999995" classname="vst02" name="vst02_functions_with_default_argument_value_return_expected_result_with_test_data">
      <skipped message="Reason: On CRAN ('test-vst02.R:7:3')"/>
    </testcase>
    <testcase time="0.800000000000011" classname="vst02" name="vst02_functions_return_expected_result_with_test_data_when_excluding_subject_with_baseline_abnormality">
      <skipped message="Reason: On CRAN ('test-vst02.R:14:3')"/>
    </testcase>
  </testsuite>
</testsuites>
