<?xml version="1.0" encoding="UTF-8"?>
<testsuites>
  <testsuite name="ael01_nollt" timestamp="2023-04-04T08:45:58Z" hostname="42d03d2fb210" tests="8" skipped="4" failures="0" errors="0" time="2.047">
    <testcase time="1.098" classname="ael01_nollt" name="ael01_nollt_works_with_admh_dataset"/>
    <testcase time="0.0949999999999998" classname="ael01_nollt" name="ael01_nollt_works_with_admh_dataset">
      <skipped message="Reason: On CRAN ('test-ael01_nollt.R:7:3')"/>
    </testcase>
    <testcase time="0.239" classname="ael01_nollt" name="ael01_nollt_works_with_non_default_label"/>
    <testcase time="0.118" classname="ael01_nollt" name="ael01_nollt_works_with_non_default_label">
      <skipped message="Reason: On CRAN ('test-ael01_nollt.R:18:3')"/>
    </testcase>
    <testcase time="0.245" classname="ael01_nollt" name="ael01_nollt_can_handle_all_missing_values"/>
    <testcase time="0.00999999999999979" classname="ael01_nollt" name="ael01_nollt_can_handle_all_missing_values">
      <skipped message="Reason: On CRAN ('test-ael01_nollt.R:32:3')"/>
    </testcase>
    <testcase time="0.226" classname="ael01_nollt" name="ael01_nollt_can_handle_some_missing_values"/>
    <testcase time="0.016" classname="ael01_nollt" name="ael01_nollt_can_handle_some_missing_values">
      <skipped message="Reason: On CRAN ('test-ael01_nollt.R:48:3')"/>
    </testcase>
  </testsuite>
  <testsuite name="aet01" timestamp="2023-04-04T08:46:00Z" hostname="42d03d2fb210" tests="9" skipped="4" failures="0" errors="0" time="2.809">
    <testcase time="0.793" classname="aet01" name="aet01_can_handle_all_NA_values"/>
    <testcase time="0.0780000000000003" classname="aet01" name="aet01_can_handle_all_NA_values">
      <skipped message="Reason: On CRAN ('test-aet01.R:13:3')"/>
    </testcase>
    <testcase time="0.593999999999999" classname="aet01" name="aet01_can_handle_some_NA_values"/>
    <testcase time="0.0659999999999998" classname="aet01" name="aet01_can_handle_some_NA_values">
      <skipped message="Reason: On CRAN ('test-aet01.R:31:3')"/>
    </testcase>
    <testcase time="0.486000000000001" classname="aet01" name="aet01_can_use_custom_lbl_safety_var"/>
    <testcase time="0.0379999999999994" classname="aet01" name="aet01_can_use_custom_lbl_safety_var">
      <skipped message="Reason: On CRAN ('test-aet01.R:36:3')"/>
    </testcase>
    <testcase time="0.04" classname="aet01" name="aet01_fails_on_incomplete_data_input"/>
    <testcase time="0.643000000000001" classname="aet01" name="aet01_2_can_use_custom_medconcept_var"/>
    <testcase time="0.0709999999999997" classname="aet01" name="aet01_2_can_use_custom_medconcept_var">
      <skipped message="Reason: On CRAN ('test-aet01.R:52:3')"/>
    </testcase>
  </testsuite>
  <testsuite name="aet01_aesi" timestamp="2023-04-04T08:46:03Z" hostname="42d03d2fb210" tests="7" skipped="3" failures="0" errors="0" time="1.771">
    <testcase time="0.504" classname="aet01_aesi" name="aet01_aesi_can_handle_all_NA_values"/>
    <testcase time="0.0609999999999999" classname="aet01_aesi" name="aet01_aesi_can_handle_all_NA_values">
      <skipped message="Reason: On CRAN ('test-aet01_aesi.R:18:3')"/>
    </testcase>
    <testcase time="0.46" classname="aet01_aesi" name="aet01_aesi_can_handle_some_NA_values"/>
    <testcase time="0.0679999999999996" classname="aet01_aesi" name="aet01_aesi_can_handle_some_NA_values">
      <skipped message="Reason: On CRAN ('test-aet01_aesi.R:32:3')"/>
    </testcase>
    <testcase time="0.540000000000001" classname="aet01_aesi" name="aet01_aesi_works_with_ALL_argument"/>
    <testcase time="0.106" classname="aet01_aesi" name="aet01_aesi_works_with_ALL_argument">
      <skipped message="Reason: On CRAN ('test-aet01_aesi.R:37:3')"/>
    </testcase>
    <testcase time="0.032" classname="aet01_aesi" name="aet01_aesi_1_check_fails_on_incomplete_data_input"/>
  </testsuite>
  <testsuite name="aet02" timestamp="2023-04-04T08:46:05Z" hostname="42d03d2fb210" tests="2" skipped="0" failures="0" errors="0" time="0.147">
    <testcase time="0.0259999999999998" classname="aet02" name="aet02_fails_on_incomplete_data_input"/>
    <testcase time="0.121" classname="aet02" name="aet02_handle_empty_data_input"/>
  </testsuite>
  <testsuite name="aet03" timestamp="2023-04-04T08:46:05Z" hostname="42d03d2fb210" tests="4" skipped="2" failures="0" errors="0" time="2.343">
    <testcase time="0.536" classname="aet03" name="aet03_can_handle_NA_values"/>
    <testcase time="0.0579999999999998" classname="aet03" name="aet03_can_handle_NA_values">
      <skipped message="Reason: On CRAN ('test-aet03.R:11:3')"/>
    </testcase>
    <testcase time="1.558" classname="aet03" name="aet03_can_handle_some_NA_values"/>
    <testcase time="0.191000000000001" classname="aet03" name="aet03_can_handle_some_NA_values">
      <skipped message="Reason: On CRAN ('test-aet03.R:29:3')"/>
    </testcase>
  </testsuite>
  <testsuite name="aet04" timestamp="2023-04-04T08:46:07Z" hostname="42d03d2fb210" tests="4" skipped="2" failures="0" errors="0" time="3.501">
    <testcase time="0.701000000000001" classname="aet04" name="aet04_can_handle_NA_values"/>
    <testcase time="0.097999999999999" classname="aet04" name="aet04_can_handle_NA_values">
      <skipped message="Reason: On CRAN ('test-aet04.R:11:3')"/>
    </testcase>
    <testcase time="2.438" classname="aet04" name="aet04_can_handle_some_NA_values"/>
    <testcase time="0.263999999999999" classname="aet04" name="aet04_can_handle_some_NA_values">
      <skipped message="Reason: On CRAN ('test-aet04.R:44:3')"/>
    </testcase>
  </testsuite>
  <testsuite name="aet10" timestamp="2023-04-04T08:46:11Z" hostname="42d03d2fb210" tests="4" skipped="2" failures="0" errors="0" time="0.315">
    <testcase time="0.114000000000001" classname="aet10" name="aet10_1_can_handle_NA_values"/>
    <testcase time="0.0229999999999997" classname="aet10" name="aet10_1_can_handle_NA_values">
      <skipped message="Reason: On CRAN ('test-aet10.R:11:3')"/>
    </testcase>
    <testcase time="0.131" classname="aet10" name="aet10_1_can_handle_some_NA_values"/>
    <testcase time="0.0470000000000006" classname="aet10" name="aet10_1_can_handle_some_NA_values">
      <skipped message="Reason: On CRAN ('test-aet10.R:25:3')"/>
    </testcase>
  </testsuite>
  <testsuite name="assertions" timestamp="2023-04-04T08:46:11Z" hostname="42d03d2fb210" tests="14" skipped="0" failures="0" errors="0" time="1.29">
    <testcase time="0.016" classname="assertions" name="assert_colnames_works_as_expected"/>
    <testcase time="0.00499999999999901" classname="assertions" name="assert_colnames_works_as_expected"/>
    <testcase time="0.00200000000000067" classname="assertions" name="assert_colnames_works_as_expected"/>
    <testcase time="0.00499999999999901" classname="assertions" name="assert_colnames_works_as_expected"/>
    <testcase time="0.184000000000001" classname="assertions" name="assert_one_tablenames_works_as_expected"/>
    <testcase time="0.186" classname="assertions" name="assert_one_tablenames_works_as_expected"/>
    <testcase time="0.176" classname="assertions" name="assert_one_tablenames_works_as_expected"/>
    <testcase time="0.176" classname="assertions" name="assert_one_tablenames_works_as_expected"/>
    <testcase time="0.176" classname="assertions" name="assert_all_tablenames_works_as_expected"/>
    <testcase time="0.169" classname="assertions" name="assert_all_tablenames_works_as_expected"/>
    <testcase time="0.175999999999998" classname="assertions" name="assert_all_tablenames_works_as_expected"/>
    <testcase time="0.00900000000000034" classname="assertions" name="assert_args_works_as_expected"/>
    <testcase time="0.00100000000000122" classname="assertions" name="assert_args_works_as_expected"/>
    <testcase time="0.00900000000000034" classname="assertions" name="assert_args_works_as_expected"/>
  </testsuite>
  <testsuite name="checks" timestamp="2023-04-04T08:46:12Z" hostname="42d03d2fb210" tests="8" skipped="0" failures="0" errors="0" time="0.029">
    <testcase time="0.00700000000000145" classname="checks" name="check_all_colnames_works_as_expected"/>
    <testcase time="0.00399999999999778" classname="checks" name="check_all_colnames_works_as_expected"/>
    <testcase time="0.00200000000000244" classname="checks" name="check_all_colnames_works_as_expected"/>
    <testcase time="0.00300000000000011" classname="checks" name="check_all_colnames_works_as_expected"/>
    <testcase time="0.00499999999999901" classname="checks" name="check_one_colnames_works_as_expected"/>
    <testcase time="0.00300000000000011" classname="checks" name="check_one_colnames_works_as_expected"/>
    <testcase time="0.00199999999999889" classname="checks" name="check_one_colnames_works_as_expected"/>
    <testcase time="0.00300000000000011" classname="checks" name="check_one_colnames_works_as_expected"/>
  </testsuite>
  <testsuite name="chevron_tlg-class" timestamp="2023-04-04T08:46:12Z" hostname="42d03d2fb210" tests="24" skipped="0" failures="0" errors="0" time="0.081">
    <testcase time="0.00900000000000034" classname="chevron_tlg_class" name="chevron_t_object_can_be_constructed_with_default_values"/>
    <testcase time="0.00400000000000134" classname="chevron_tlg_class" name="chevron_t_object_can_be_constructed_with_default_values"/>
    <testcase time="0.00499999999999901" classname="chevron_tlg_class" name="chevron_t_object_can_be_constructed_with_custom_values"/>
    <testcase time="0.00400000000000134" classname="chevron_tlg_class" name="chevron_t_object_can_be_constructed_with_custom_values"/>
    <testcase time="0.00300000000000011" classname="chevron_tlg_class" name="chevron_t_object_can_be_constructed_with_custom_values"/>
    <testcase time="0.00999999999999801" classname="chevron_tlg_class" name="chevron_t_object_can_be_constructed_with_custom_values"/>
    <testcase time="0.00499999999999901" classname="chevron_tlg_class" name="chevron_t_constructor_returns_an_error_when_expected"/>
    <testcase time="0.00100000000000122" classname="chevron_tlg_class" name="chevron_t_constructor_returns_an_error_when_expected"/>
    <testcase time="0.00100000000000122" classname="chevron_tlg_class" name="chevron_t_constructor_returns_an_error_when_expected"/>
    <testcase time="0.00100000000000122" classname="chevron_tlg_class" name="chevron_t_constructor_returns_an_error_when_expected"/>
    <testcase time="0.00100000000000122" classname="chevron_tlg_class" name="chevron_t_constructor_returns_an_error_when_expected"/>
    <testcase time="0.000999999999997669" classname="chevron_tlg_class" name="chevron_t_constructor_returns_an_error_when_expected"/>
    <testcase time="0.00500000000000256" classname="chevron_tlg_class" name="chevron_l_object_can_be_constructed_with_default_values"/>
    <testcase time="0.00399999999999778" classname="chevron_tlg_class" name="chevron_l_object_can_be_constructed_with_default_values"/>
    <testcase time="0.00600000000000023" classname="chevron_tlg_class" name="chevron_g_object_can_be_constructed_with_custom_values"/>
    <testcase time="0.00400000000000134" classname="chevron_tlg_class" name="chevron_g_object_can_be_constructed_with_custom_values"/>
    <testcase time="0.00300000000000011" classname="chevron_tlg_class" name="chevron_g_object_can_be_constructed_with_custom_values"/>
    <testcase time="0.00300000000000011" classname="chevron_tlg_class" name="chevron_g_object_can_be_constructed_with_custom_values"/>
    <testcase time="0.00499999999999901" classname="chevron_tlg_class" name="chevron_g_constructor_returns_an_error_when_expected"/>
    <testcase time="0.00199999999999889" classname="chevron_tlg_class" name="chevron_g_constructor_returns_an_error_when_expected"/>
    <testcase time="0.00100000000000122" classname="chevron_tlg_class" name="chevron_g_constructor_returns_an_error_when_expected"/>
    <testcase time="0.00100000000000122" classname="chevron_tlg_class" name="chevron_g_constructor_returns_an_error_when_expected"/>
    <testcase time="0.000999999999997669" classname="chevron_tlg_class" name="chevron_g_constructor_returns_an_error_when_expected"/>
    <testcase time="0.00100000000000122" classname="chevron_tlg_class" name="chevron_g_constructor_returns_an_error_when_expected"/>
  </testsuite>
  <testsuite name="chevron_tlg-methods" timestamp="2023-04-04T08:46:12Z" hostname="42d03d2fb210" tests="44" skipped="3" failures="0" errors="0" time="3.133">
    <testcase time="2.482" classname="chevron_tlg_methods" name="run_works_as_expected_for_chevron_t_object">
      <skipped message="Reason: On CRAN ('test-chevron_tlg-methods.R:5:3')"/>
    </testcase>
    <testcase time="0.0169999999999995" classname="chevron_tlg_methods" name="run_returns_a_warning_if_provided_with_invalid_arguments"/>
    <testcase time="0.420000000000002" classname="chevron_tlg_methods" name="run_works_as_expected_for_chevron_t_object_when_auto_pre_FALSE">
      <skipped message="Reason: On CRAN ('test-chevron_tlg-methods.R:18:3')"/>
    </testcase>
    <testcase time="0.0120000000000005" classname="chevron_tlg_methods" name="args_ls_works_as_expected"/>
    <testcase time="0.00199999999999889" classname="chevron_tlg_methods" name="args_ls_works_as_expected"/>
    <testcase time="0.00100000000000122" classname="chevron_tlg_methods" name="args_ls_works_as_expected"/>
    <testcase time="0.00399999999999778" classname="chevron_tlg_methods" name="args_ls_works_as_expected_when_simplify_is_TRUE"/>
    <testcase time="0.00100000000000122" classname="chevron_tlg_methods" name="args_ls_works_as_expected_when_simplify_is_TRUE"/>
    <testcase time="0.00100000000000122" classname="chevron_tlg_methods" name="args_ls_works_as_expected_when_simplify_is_TRUE"/>
    <testcase time="0.00600000000000023" classname="chevron_tlg_methods" name="args_ls_works_as_expected_with_custom_chevron_tlg_object"/>
    <testcase time="0.000999999999997669" classname="chevron_tlg_methods" name="args_ls_works_as_expected_with_custom_chevron_tlg_object"/>
    <testcase time="0.00100000000000122" classname="chevron_tlg_methods" name="args_ls_works_as_expected_with_custom_chevron_tlg_object"/>
    <testcase time="0.00300000000000011" classname="chevron_tlg_methods" name="args_ls_works_as_expected_with_custom_chevron_tlg_object"/>
    <testcase time="0.00600000000000023" classname="chevron_tlg_methods" name="main_works_as_expected"/>
    <testcase time="0.00900000000000034" classname="chevron_tlg_methods" name="get_main_works_as_expected"/>
    <testcase time="0.00300000000000011" classname="chevron_tlg_methods" name="get_main_works_as_expected"/>
    <testcase time="0.0069999999999979" classname="chevron_tlg_methods" name="main_setter_works_as_expected"/>
    <testcase time="0.0109999999999992" classname="chevron_tlg_methods" name="main_setter_throw_an_error_as_expected"/>
    <testcase time="0.00700000000000145" classname="chevron_tlg_methods" name="preprocess_works_as_expected"/>
    <testcase time="0.00799999999999912" classname="chevron_tlg_methods" name="get_preprocess_works_as_expected"/>
    <testcase time="0.00400000000000134" classname="chevron_tlg_methods" name="get_preprocess_works_as_expected"/>
    <testcase time="0.00600000000000023" classname="chevron_tlg_methods" name="preprocess_setter_works_as_expected"/>
    <testcase time="0.0120000000000005" classname="chevron_tlg_methods" name="preprocess_sends_an_error_as_expected"/>
    <testcase time="0.0120000000000005" classname="chevron_tlg_methods" name="postprocess_works_as_expected"/>
    <testcase time="0.00900000000000034" classname="chevron_tlg_methods" name="get_postprocess_works_as_expected"/>
    <testcase time="0.00399999999999778" classname="chevron_tlg_methods" name="get_postprocess_works_as_expected"/>
    <testcase time="0.00600000000000023" classname="chevron_tlg_methods" name="postprocess_setter_works_as_expected"/>
    <testcase time="0.0109999999999992" classname="chevron_tlg_methods" name="postprocess_sends_an_error_as_expected"/>
    <testcase time="0.00700000000000145" classname="chevron_tlg_methods" name="datasets_works_as_expected"/>
    <testcase time="0.00799999999999912" classname="chevron_tlg_methods" name="get_adam_datasets_works_as_expected"/>
    <testcase time="0.00300000000000011" classname="chevron_tlg_methods" name="get_adam_datasets_works_as_expected"/>
    <testcase time="0.00600000000000023" classname="chevron_tlg_methods" name="datasets_setter_works_as_expected"/>
    <testcase time="0.00600000000000023" classname="chevron_tlg_methods" name="script_works_as_expected"/>
    <testcase time="0.000999999999997669" classname="chevron_tlg_methods" name="script_works_as_expected"/>
    <testcase time="0.00200000000000244" classname="chevron_tlg_methods" name="script_works_as_expected"/>
    <testcase time="0.00499999999999901" classname="chevron_tlg_methods" name="script_works_as_expected_with_dictionary_of_arguments"/>
    <testcase time="0.00100000000000122" classname="chevron_tlg_methods" name="script_works_as_expected_with_dictionary_of_arguments"/>
    <testcase time="0.000999999999997669" classname="chevron_tlg_methods" name="script_works_as_expected_with_dictionary_of_arguments"/>
    <testcase time="0.00200000000000244" classname="chevron_tlg_methods" name="script_works_as_expected_with_dictionary_of_arguments"/>
    <testcase time="0.00399999999999778" classname="chevron_tlg_methods" name="script_funs_works_as_expected_in_interactive_mode">
      <skipped message="Reason: !interactive() is TRUE ('test-chevron_tlg-methods.R:201:3')"/>
    </testcase>
    <testcase time="0.0130000000000017" classname="chevron_tlg_methods" name="script_funs_works_as_expected"/>
    <testcase time="0.000999999999997669" classname="chevron_tlg_methods" name="script_funs_works_as_expected"/>
    <testcase time="0.00600000000000023" classname="chevron_tlg_methods" name="script_funs_works_as_expected_with_details_set_to_TRUE"/>
    <testcase time="0.00100000000000122" classname="chevron_tlg_methods" name="script_funs_works_as_expected_with_details_set_to_TRUE"/>
  </testsuite>
  <testsuite name="cmt01a" timestamp="2023-04-04T08:46:15Z" hostname="42d03d2fb210" tests="12" skipped="6" failures="0" errors="0" time="4.078">
    <testcase time="0.355" classname="cmt01a" name="cmt01a_can_handle_all_NA_values"/>
    <testcase time="0.0350000000000001" classname="cmt01a" name="cmt01a_can_handle_all_NA_values">
      <skipped message="Reason: On CRAN ('test-cmt01a.R:11:3')"/>
    </testcase>
    <testcase time="0.829999999999998" classname="cmt01a" name="cmt01a_can_handle_some_NA_values"/>
    <testcase time="0.159000000000002" classname="cmt01a" name="cmt01a_can_handle_some_NA_values">
      <skipped message="Reason: On CRAN ('test-cmt01a.R:27:3')"/>
    </testcase>
    <testcase time="0.360999999999997" classname="cmt01a" name="cmt01a_2_can_handle_all_NA_values"/>
    <testcase time="0.0370000000000026" classname="cmt01a" name="cmt01a_2_can_handle_all_NA_values">
      <skipped message="Reason: On CRAN ('test-cmt01a.R:40:3')"/>
    </testcase>
    <testcase time="0.826000000000001" classname="cmt01a" name="cmt01a_2_can_handle_some_NA_values"/>
    <testcase time="0.157999999999998" classname="cmt01a" name="cmt01a_2_can_handle_some_NA_values">
      <skipped message="Reason: On CRAN ('test-cmt01a.R:56:3')"/>
    </testcase>
    <testcase time="0.355" classname="cmt01a" name="cmt01a_3_can_handle_all_NA_values"/>
    <testcase time="0.0339999999999989" classname="cmt01a" name="cmt01a_3_can_handle_all_NA_values">
      <skipped message="Reason: On CRAN ('test-cmt01a.R:69:3')"/>
    </testcase>
    <testcase time="0.795000000000002" classname="cmt01a" name="cmt01a_3_can_handle_some_NA_values"/>
    <testcase time="0.132999999999999" classname="cmt01a" name="cmt01a_3_can_handle_some_NA_values">
      <skipped message="Reason: On CRAN ('test-cmt01a.R:85:3')"/>
    </testcase>
  </testsuite>
  <testsuite name="cmt02_pt" timestamp="2023-04-04T08:46:19Z" hostname="42d03d2fb210" tests="4" skipped="2" failures="0" errors="0" time="0.783">
    <testcase time="0.330000000000002" classname="cmt02_pt" name="cmt02_pt_1_can_handle_all_NA_values"/>
    <testcase time="0.0279999999999987" classname="cmt02_pt" name="cmt02_pt_1_can_handle_all_NA_values">
      <skipped message="Reason: On CRAN ('test-cmt02_pt.R:11:3')"/>
    </testcase>
    <testcase time="0.370999999999999" classname="cmt02_pt" name="cmt02_pt_1_can_handle_some_NA_values"/>
    <testcase time="0.054000000000002" classname="cmt02_pt" name="cmt02_pt_1_can_handle_some_NA_values">
      <skipped message="Reason: On CRAN ('test-cmt02_pt.R:27:3')"/>
    </testcase>
  </testsuite>
  <testsuite name="default_tlg" timestamp="2023-04-04T08:46:20Z" hostname="42d03d2fb210" tests="40" skipped="40" failures="0" errors="0" time="41.272">
    <testcase time="0.684999999999999" classname="default_tlg" name="aet01_1_function_with_default_argument_value_return_expected_result_with_test_data">
      <skipped message="Reason: On CRAN ('test-default_tlg.R:5:3')"/>
    </testcase>
    <testcase time="0.743000000000002" classname="default_tlg" name="aet01_2_functions_with_default_argument_value_return_expected_result_with_test_data">
      <skipped message="Reason: On CRAN ('test-default_tlg.R:12:3')"/>
    </testcase>
    <testcase time="0.532999999999998" classname="default_tlg" name="aet01_aesi_1_function_with_default_argument_value_return_expected_result_with_test_data">
      <skipped message="Reason: On CRAN ('test-default_tlg.R:19:3')"/>
    </testcase>
    <testcase time="0.622" classname="default_tlg" name="aet02_1_functions_with_default_argument_value_return_expected_result_with_test_data">
      <skipped message="Reason: On CRAN ('test-default_tlg.R:26:3')"/>
    </testcase>
    <testcase time="1.1" classname="default_tlg" name="aet02_2_functions_with_default_argument_value_return_expected_result_with_test_data">
      <skipped message="Reason: On CRAN ('test-default_tlg.R:33:3')"/>
    </testcase>
    <testcase time="0.266999999999999" classname="default_tlg" name="aet02_3_functions_with_default_argument_value_return_expected_result_with_test_data">
      <skipped message="Reason: On CRAN ('test-default_tlg.R:40:3')"/>
    </testcase>
    <testcase time="1.774" classname="default_tlg" name="aet03_1_functions_with_default_argument_value_return_expected_result_with_test_data">
      <skipped message="Reason: On CRAN ('test-default_tlg.R:47:3')"/>
    </testcase>
    <testcase time="2.652" classname="default_tlg" name="aet04_1_functions_with_default_argument_value_return_expected_result_with_test_data">
      <skipped message="Reason: On CRAN ('test-default_tlg.R:54:3')"/>
    </testcase>
    <testcase time="0.178999999999995" classname="default_tlg" name="aet10_1_functions_with_default_argument_value_return_expected_result_with_test_data">
      <skipped message="Reason: On CRAN ('test-default_tlg.R:61:3')"/>
    </testcase>
    <testcase time="0.942" classname="default_tlg" name="cmt01a_1_functions_with_default_argument_value_return_expected_result_with_test_data">
      <skipped message="Reason: On CRAN ('test-default_tlg.R:68:3')"/>
    </testcase>
    <testcase time="1.062" classname="default_tlg" name="cmt01a_2_functions_with_default_argument_value_return_expected_result_with_test_data">
      <skipped message="Reason: On CRAN ('test-default_tlg.R:75:3')"/>
    </testcase>
    <testcase time="0.826999999999998" classname="default_tlg" name="cmt01a_3_functions_with_default_argument_value_return_expected_result_with_test_data">
      <skipped message="Reason: On CRAN ('test-default_tlg.R:82:3')"/>
    </testcase>
    <testcase time="0.392000000000003" classname="default_tlg" name="cmt02_pt_1_functions_with_default_argument_value_return_expected_result_with_test_data">
      <skipped message="Reason: On CRAN ('test-default_tlg.R:89:3')"/>
    </testcase>
    <testcase time="1.92899999999999" classname="default_tlg" name="dmt01_1_functions_with_default_argument_value_return_expected_result_with_test_data">
      <skipped message="Reason: On CRAN ('test-default_tlg.R:96:3')"/>
    </testcase>
    <testcase time="0.497" classname="default_tlg" name="dst01_1_functions_with_default_argument_value_return_expected_result_with_test_data">
      <skipped message="Reason: On CRAN ('test-default_tlg.R:103:3')"/>
    </testcase>
    <testcase time="0.622" classname="default_tlg" name="dst01_2_functions_with_default_argument_value_return_expected_result_with_test_data">
      <skipped message="Reason: On CRAN ('test-default_tlg.R:110:3')"/>
    </testcase>
    <testcase time="0.781999999999996" classname="default_tlg" name="dst01_3_functions_with_default_argument_value_return_expected_result_with_test_data">
      <skipped message="Reason: On CRAN ('test-default_tlg.R:117:3')"/>
    </testcase>
    <testcase time="0.330999999999996" classname="default_tlg" name="dtht01_1_functions_with_default_argument_value_return_expected_result_with_test_data">
      <skipped message="Reason: On CRAN ('test-default_tlg.R:124:3')"/>
    </testcase>
    <testcase time="2.485" classname="default_tlg" name="egt01_1_functions_with_default_argument_value_return_expected_result_with_test_data">
      <skipped message="Reason: On CRAN ('test-default_tlg.R:131:3')"/>
    </testcase>
    <testcase time="0.253" classname="default_tlg" name="egt02_1_functions_with_default_argument_value_return_expected_result_with_test_data">
      <skipped message="Reason: On CRAN ('test-default_tlg.R:138:3')"/>
    </testcase>
    <testcase time="0.228999999999999" classname="default_tlg" name="egt02_2_functions_with_default_argument_value_return_expected_result_with_test_data">
      <skipped message="Reason: On CRAN ('test-default_tlg.R:145:3')"/>
    </testcase>
    <testcase time="0.326000000000001" classname="default_tlg" name="egt03_1_functions_with_default_argument_value_return_expected_result_with_test_data">
      <skipped message="Reason: On CRAN ('test-default_tlg.R:152:3')"/>
    </testcase>
    <testcase time="0.334000000000003" classname="default_tlg" name="egt03_2_functions_with_default_argument_value_return_expected_result_with_test_data">
      <skipped message="Reason: On CRAN ('test-default_tlg.R:159:3')"/>
    </testcase>
    <testcase time="0.722999999999999" classname="default_tlg" name="egt05_qtcat_1_functions_with_default_argument_value_return_expected_result_with_test_data">
      <skipped message="Reason: On CRAN ('test-default_tlg.R:166:3')"/>
    </testcase>
    <testcase time="0.211999999999996" classname="default_tlg" name="ext01_1_functions_with_default_argument_value_return_expected_result_with_test_data">
      <skipped message="Reason: On CRAN ('test-default_tlg.R:173:3')"/>
    </testcase>
    <testcase time="0.476000000000006" classname="default_tlg" name="ext01_2_functions_with_default_argument_value_return_expected_result_with_test_data">
      <skipped message="Reason: On CRAN ('test-default_tlg.R:180:3')"/>
    </testcase>
    <testcase time="1.702" classname="default_tlg" name="lbt01_1_functions_with_default_argument_value_return_expected_result_with_test_data">
      <skipped message="Reason: On CRAN ('test-default_tlg.R:187:3')"/>
    </testcase>
    <testcase time="0.676000000000002" classname="default_tlg" name="lbt04_1_functions_with_default_argument_value_return_expected_result_with_test_data">
      <skipped message="Reason: On CRAN ('test-default_tlg.R:194:3')"/>
    </testcase>
    <testcase time="0.717999999999996" classname="default_tlg" name="lbt05_1_functions_with_default_argument_value_return_expected_result_with_test_data">
      <skipped message="Reason: On CRAN ('test-default_tlg.R:201:3')"/>
    </testcase>
    <testcase time="0.951000000000001" classname="default_tlg" name="lbt07_1_functions_with_default_argument_value_return_expected_result_with_test_data">
      <skipped message="Reason: On CRAN ('test-default_tlg.R:208:3')"/>
    </testcase>
    <testcase time="1.796" classname="default_tlg" name="lbt14_1_functions_with_default_argument_value_return_expected_result_with_test_data">
      <skipped message="Reason: On CRAN ('test-default_tlg.R:215:3')"/>
    </testcase>
    <testcase time="1.862" classname="default_tlg" name="lbt14_2_functions_with_default_argument_value_return_expected_result_with_test_data">
      <skipped message="Reason: On CRAN ('test-default_tlg.R:222:3')"/>
    </testcase>
    <testcase time="0.622" classname="default_tlg" name="mht01_1_functions_with_default_argument_value_return_expected_result_with_test_data">
      <skipped message="Reason: On CRAN ('test-default_tlg.R:229:3')"/>
    </testcase>
    <testcase time="5.109" classname="default_tlg" name="vst01_1_functions_with_default_argument_value_return_expected_result_with_test_data">
      <skipped message="Reason: On CRAN ('test-default_tlg.R:236:3')"/>
    </testcase>
    <testcase time="4.925" classname="default_tlg" name="vst01_1_functions_with_default_argument_value_return_expected_result_with_test_data">
      <skipped message="Reason: On CRAN ('test-default_tlg.R:243:3')"/>
    </testcase>
    <testcase time="0.392000000000003" classname="default_tlg" name="vst02_1_functions_with_default_argument_value_return_expected_result_with_test_data">
      <skipped message="Reason: On CRAN ('test-default_tlg.R:250:3')"/>
    </testcase>
    <testcase time="0.396999999999991" classname="default_tlg" name="vst02_2_functions_with_default_argument_value_return_expected_result_with_test_data">
      <skipped message="Reason: On CRAN ('test-default_tlg.R:257:3')"/>
    </testcase>
    <testcase time="0.538000000000011" classname="default_tlg" name="pdt01_1_function_with_default_argument_value_return_expected_result_with_test_data">
      <skipped message="Reason: On CRAN ('test-default_tlg.R:265:3')"/>
    </testcase>
    <testcase time="0.373999999999995" classname="default_tlg" name="pdt02_1_function_with_default_argument_value_return_expected_result_with_test_data">
      <skipped message="Reason: On CRAN ('test-default_tlg.R:272:3')"/>
    </testcase>
    <testcase time="0.233000000000004" classname="default_tlg" name="ael01_nollt_1_function_with_default_argument_value_return_expected_result_with_test_data">
      <skipped message="Reason: On CRAN ('test-default_tlg.R:279:3')"/>
    </testcase>
  </testsuite>
  <testsuite name="dmt01" timestamp="2023-04-04T08:47:02Z" hostname="42d03d2fb210" tests="4" skipped="2" failures="0" errors="0" time="3.887">
    <testcase time="1.836" classname="dmt01" name="dmt01_1_can_handle_NA_values"/>
    <testcase time="0.0840000000000032" classname="dmt01" name="dmt01_1_can_handle_NA_values">
      <skipped message="Reason: On CRAN ('test-dmt01.R:11:3')"/>
    </testcase>
    <testcase time="1.855" classname="dmt01" name="dmt01_1_can_handle_some_NA_values"/>
    <testcase time="0.111999999999995" classname="dmt01" name="dmt01_1_can_handle_some_NA_values">
      <skipped message="Reason: On CRAN ('test-dmt01.R:24:3')"/>
    </testcase>
  </testsuite>
  <testsuite name="dst01" timestamp="2023-04-04T08:47:05Z" hostname="42d03d2fb210" tests="26" skipped="13" failures="0" errors="0" time="7.626">
    <testcase time="0.420000000000002" classname="dst01" name="dst01_can_handle_all_NA_values"/>
    <testcase time="0.027000000000001" classname="dst01" name="dst01_can_handle_all_NA_values">
      <skipped message="Reason: On CRAN ('test-dst01.R:13:3')"/>
    </testcase>
    <testcase time="0.421000000000006" classname="dst01" name="dst01_1_can_handle_all_NA_values_in_disc_reason_var"/>
    <testcase time="0.0450000000000017" classname="dst01" name="dst01_1_can_handle_all_NA_values_in_disc_reason_var">
      <skipped message="Reason: On CRAN ('test-dst01.R:25:3')"/>
    </testcase>
    <testcase time="0.452999999999989" classname="dst01" name="dst01_1_can_handle_some_NA_values"/>
    <testcase time="0.0700000000000074" classname="dst01" name="dst01_1_can_handle_some_NA_values">
      <skipped message="Reason: On CRAN ('test-dst01.R:38:3')"/>
    </testcase>
    <testcase time="0.433999999999997" classname="dst01" name="dst01_1_can_handle_missing_levels_in_status_var"/>
    <testcase time="0.0420000000000016" classname="dst01" name="dst01_1_can_handle_missing_levels_in_status_var">
      <skipped message="Reason: On CRAN ('test-dst01.R:50:3')"/>
    </testcase>
    <testcase time="0.417999999999992" classname="dst01" name="dst01_1_can_handle_missing_levels_in_disc_reason_var"/>
    <testcase time="0.041000000000011" classname="dst01" name="dst01_1_can_handle_missing_levels_in_disc_reason_var">
      <skipped message="Reason: On CRAN ('test-dst01.R:62:3')"/>
    </testcase>
    <testcase time="0.420999999999992" classname="dst01" name="dst01_2_can_handle_all_NA_values"/>
    <testcase time="0.027000000000001" classname="dst01" name="dst01_2_can_handle_all_NA_values">
      <skipped message="Reason: On CRAN ('test-dst01.R:78:3')"/>
    </testcase>
    <testcase time="0.417000000000002" classname="dst01" name="dst01_2_can_handle_all_NA_values_in_disc_reason_var"/>
    <testcase time="0.0480000000000018" classname="dst01" name="dst01_2_can_handle_all_NA_values_in_disc_reason_var">
      <skipped message="Reason: On CRAN ('test-dst01.R:90:3')"/>
    </testcase>
    <testcase time="0.591999999999999" classname="dst01" name="dst01_2_can_handle_some_NA_values"/>
    <testcase time="0.0799999999999983" classname="dst01" name="dst01_2_can_handle_some_NA_values">
      <skipped message="Reason: On CRAN ('test-dst01.R:103:3')"/>
    </testcase>
    <testcase time="0.477000000000004" classname="dst01" name="dst01_2_can_handle_missing_levels_in_disc_reason_var"/>
    <testcase time="0.0480000000000018" classname="dst01" name="dst01_2_can_handle_missing_levels_in_disc_reason_var">
      <skipped message="Reason: On CRAN ('test-dst01.R:115:3')"/>
    </testcase>
    <testcase time="0.548000000000002" classname="dst01" name="dst01_3_can_handle_all_NA_values"/>
    <testcase time="0.027000000000001" classname="dst01" name="dst01_3_can_handle_all_NA_values">
      <skipped message="Reason: On CRAN ('test-dst01.R:131:3')"/>
    </testcase>
    <testcase time="0.745999999999995" classname="dst01" name="dst01_3_can_handle_all_NA_values_in_status_treatment_var"/>
    <testcase time="0.0799999999999983" classname="dst01" name="dst01_3_can_handle_all_NA_values_in_status_treatment_var">
      <skipped message="Reason: On CRAN ('test-dst01.R:143:3')"/>
    </testcase>
    <testcase time="0.888000000000005" classname="dst01" name="dst01_3_can_handle_some_NA_values_in_status_treatment_var"/>
    <testcase time="0.0789999999999935" classname="dst01" name="dst01_3_can_handle_some_NA_values_in_status_treatment_var">
      <skipped message="Reason: On CRAN ('test-dst01.R:155:3')"/>
    </testcase>
    <testcase time="0.706000000000003" classname="dst01" name="dst01_3_can_handle_missing_levels_in_status_treatment_var"/>
    <testcase time="0.070999999999998" classname="dst01" name="dst01_3_can_handle_missing_levels_in_status_treatment_var">
      <skipped message="Reason: On CRAN ('test-dst01.R:167:3')"/>
    </testcase>
  </testsuite>
  <testsuite name="dtht01" timestamp="2023-04-04T08:47:13Z" hostname="42d03d2fb210" tests="5" skipped="3" failures="0" errors="0" time="1.781">
    <testcase time="0.495999999999995" classname="dtht01" name="dtht01_can_handle_all_NA_values"/>
    <testcase time="0.0330000000000013" classname="dtht01" name="dtht01_can_handle_all_NA_values">
      <skipped message="Reason: On CRAN ('test-dtht01.R:13:3')"/>
    </testcase>
    <testcase time="0.545000000000002" classname="dtht01" name="dtht01_can_handle_some_NA_values"/>
    <testcase time="0.0889999999999986" classname="dtht01" name="dtht01_can_handle_some_NA_values">
      <skipped message="Reason: On CRAN ('test-dtht01.R:29:3')"/>
    </testcase>
    <testcase time="0.618000000000009" classname="dtht01" name="dtht01_can_be_parametrize_as_expected">
      <skipped message="Reason: On CRAN ('test-dtht01.R:38:3')"/>
    </testcase>
  </testsuite>
  <testsuite name="egt03" timestamp="2023-04-04T08:47:15Z" hostname="42d03d2fb210" tests="9" skipped="4" failures="0" errors="0" time="1.364">
    <testcase time="0.266999999999996" classname="egt03" name="egt03_1_can_handle_all_NA_values"/>
    <testcase time="0.0660000000000025" classname="egt03" name="egt03_1_can_handle_all_NA_values">
      <skipped message="Reason: On CRAN ('test-egt03.R:12:3')"/>
    </testcase>
    <testcase time="0.265000000000001" classname="egt03" name="egt03_1_can_handle_some_NA_values"/>
    <testcase time="0.0679999999999978" classname="egt03" name="egt03_1_can_handle_some_NA_values">
      <skipped message="Reason: On CRAN ('test-egt03.R:31:3')"/>
    </testcase>
    <testcase time="0.259" classname="egt03" name="egt03_2_can_handle_all_NA_values"/>
    <testcase time="0.0669999999999931" classname="egt03" name="egt03_2_can_handle_all_NA_values">
      <skipped message="Reason: On CRAN ('test-egt03.R:45:3')"/>
    </testcase>
    <testcase time="0.26400000000001" classname="egt03" name="egt03_2_can_handle_some_NA_values"/>
    <testcase time="0.0769999999999982" classname="egt03" name="egt03_2_can_handle_some_NA_values">
      <skipped message="Reason: On CRAN ('test-egt03.R:61:3')"/>
    </testcase>
    <testcase time="0.0309999999999917" classname="egt03" name="egt03_1_fails_on_incomplete_data"/>
  </testsuite>
  <testsuite name="egt05_qtcat" timestamp="2023-04-04T08:47:16Z" hostname="42d03d2fb210" tests="4" skipped="2" failures="0" errors="0" time="0.841">
    <testcase time="0.0919999999999987" classname="egt05_qtcat" name="egt05_qtcat_can_handle_all_NA_values"/>
    <testcase time="0.0130000000000052" classname="egt05_qtcat" name="egt05_qtcat_can_handle_all_NA_values">
      <skipped message="Reason: On CRAN ('test-egt05_qtcat.R:12:3')"/>
    </testcase>
    <testcase time="0.536000000000001" classname="egt05_qtcat" name="egt05_qtcat_can_handle_some_NA_values"/>
    <testcase time="0.200000000000003" classname="egt05_qtcat" name="egt05_qtcat_can_handle_some_NA_values">
      <skipped message="Reason: On CRAN ('test-egt05_qtcat.R:35:3')"/>
    </testcase>
  </testsuite>
  <testsuite name="empty_report" timestamp="2023-04-04T08:47:17Z" hostname="42d03d2fb210" tests="34" skipped="0" failures="0" errors="0" time="10.752">
    <testcase time="3.238" classname="empty_report" name="tlg_functions_return_null_reports_when_domain_table_is_empty"/>
    <testcase time="0.625" classname="empty_report" name="tlg_functions_return_null_reports_when_domain_table_is_empty"/>
    <testcase time="0.418999999999997" classname="empty_report" name="tlg_functions_return_null_reports_when_domain_table_is_empty"/>
    <testcase time="0.0949999999999989" classname="empty_report" name="tlg_functions_return_null_reports_when_domain_table_is_empty"/>
    <testcase time="0.105000000000004" classname="empty_report" name="tlg_functions_return_null_reports_when_domain_table_is_empty"/>
    <testcase time="0.0859999999999985" classname="empty_report" name="tlg_functions_return_null_reports_when_domain_table_is_empty"/>
    <testcase time="0.287999999999997" classname="empty_report" name="tlg_functions_return_null_reports_when_domain_table_is_empty"/>
    <testcase time="0.329999999999998" classname="empty_report" name="tlg_functions_return_null_reports_when_domain_table_is_empty"/>
    <testcase time="0.272000000000006" classname="empty_report" name="tlg_functions_return_null_reports_when_domain_table_is_empty"/>
    <testcase time="0.280999999999992" classname="empty_report" name="tlg_functions_return_null_reports_when_domain_table_is_empty"/>
    <testcase time="0.277000000000001" classname="empty_report" name="tlg_functions_return_null_reports_when_domain_table_is_empty"/>
    <testcase time="0.283000000000001" classname="empty_report" name="tlg_functions_return_null_reports_when_domain_table_is_empty"/>
    <testcase time="0.591999999999999" classname="empty_report" name="tlg_functions_return_null_reports_when_domain_table_is_empty"/>
    <testcase time="0.347000000000008" classname="empty_report" name="tlg_functions_return_null_reports_when_domain_table_is_empty"/>
    <testcase time="0.325999999999993" classname="empty_report" name="tlg_functions_return_null_reports_when_domain_table_is_empty"/>
    <testcase time="0.384" classname="empty_report" name="tlg_functions_return_null_reports_when_domain_table_is_empty"/>
    <testcase time="0.293999999999997" classname="empty_report" name="tlg_functions_return_null_reports_when_domain_table_is_empty"/>
    <testcase time="0.0770000000000124" classname="empty_report" name="tlg_functions_return_null_reports_when_domain_table_is_empty"/>
    <testcase time="0.0589999999999975" classname="empty_report" name="tlg_functions_return_null_reports_when_domain_table_is_empty"/>
    <testcase time="0.070999999999998" classname="empty_report" name="tlg_functions_return_null_reports_when_domain_table_is_empty"/>
    <testcase time="0.0499999999999972" classname="empty_report" name="tlg_functions_return_null_reports_when_domain_table_is_empty"/>
    <testcase time="0.0499999999999972" classname="empty_report" name="tlg_functions_return_null_reports_when_domain_table_is_empty"/>
    <testcase time="0.0790000000000077" classname="empty_report" name="tlg_functions_return_null_reports_when_domain_table_is_empty"/>
    <testcase time="0.0489999999999924" classname="empty_report" name="tlg_functions_return_null_reports_when_domain_table_is_empty"/>
    <testcase time="0.39500000000001" classname="empty_report" name="tlg_functions_return_null_reports_when_domain_table_is_empty"/>
    <testcase time="0.0559999999999974" classname="empty_report" name="tlg_functions_return_null_reports_when_domain_table_is_empty"/>
    <testcase time="0.551000000000002" classname="empty_report" name="tlg_functions_return_null_reports_when_domain_table_is_empty"/>
    <testcase time="0.283999999999992" classname="empty_report" name="tlg_functions_return_null_reports_when_domain_table_is_empty"/>
    <testcase time="0.266999999999996" classname="empty_report" name="tlg_functions_return_null_reports_when_domain_table_is_empty"/>
    <testcase time="0.0670000000000073" classname="empty_report" name="tlg_functions_return_null_reports_when_domain_table_is_empty"/>
    <testcase time="0.054000000000002" classname="empty_report" name="tlg_functions_return_null_reports_when_domain_table_is_empty"/>
    <testcase time="0.0960000000000036" classname="empty_report" name="tlg_functions_return_null_reports_when_domain_table_is_empty"/>
    <testcase time="0.0899999999999892" classname="empty_report" name="tlg_functions_return_null_reports_when_domain_table_is_empty"/>
    <testcase time="0.215000000000003" classname="empty_report" name="tlg_functions_return_null_reports_when_domain_table_is_empty"/>
  </testsuite>
  <testsuite name="ext01" timestamp="2023-04-04T08:47:28Z" hostname="42d03d2fb210" tests="3" skipped="2" failures="0" errors="0" time="0.68">
    <testcase time="0.161000000000001" classname="ext01" name="ext01_works"/>
    <testcase time="0.0460000000000065" classname="ext01" name="ext01_works">
      <skipped message="Reason: On CRAN ('test-ext01.R:4:3')"/>
    </testcase>
    <testcase time="0.472999999999999" classname="ext01" name="ext02_1_works_for_selected_parameters">
      <skipped message="Reason: On CRAN ('test-ext01.R:16:3')"/>
    </testcase>
  </testsuite>
  <testsuite name="lbt01" timestamp="2023-04-04T08:47:28Z" hostname="42d03d2fb210" tests="2" skipped="1" failures="0" errors="0" time="1.47">
    <testcase time="1.30199999999999" classname="lbt01" name="lbt01_1_can_handle_n_0_and_outputs_NE_instead_of_infs_and_NAs"/>
    <testcase time="0.168000000000006" classname="lbt01" name="lbt01_1_can_handle_n_0_and_outputs_NE_instead_of_infs_and_NAs">
      <skipped message="Reason: On CRAN ('test-lbt01.R:11:3')"/>
    </testcase>
  </testsuite>
  <testsuite name="lbt04" timestamp="2023-04-04T08:47:30Z" hostname="42d03d2fb210" tests="5" skipped="2" failures="0" errors="0" time="1.073">
    <testcase time="0.304000000000002" classname="lbt04" name="lbt04_can_handle_all_NA_values"/>
    <testcase time="0.0249999999999915" classname="lbt04" name="lbt04_can_handle_all_NA_values">
      <skipped message="Reason: On CRAN ('test-lbt04.R:12:3')"/>
    </testcase>
    <testcase time="0.605999999999995" classname="lbt04" name="lbt04_can_handle_some_NA_values"/>
    <testcase time="0.105000000000004" classname="lbt04" name="lbt04_can_handle_some_NA_values">
      <skipped message="Reason: On CRAN ('test-lbt04.R:26:3')"/>
    </testcase>
    <testcase time="0.0330000000000013" classname="lbt04" name="lbt04_fails_on_incomlete_date"/>
  </testsuite>
  <testsuite name="lbt05" timestamp="2023-04-04T08:47:31Z" hostname="42d03d2fb210" tests="4" skipped="1" failures="0" errors="0" time="1.336">
    <testcase time="0.597000000000008" classname="lbt05" name="lbt05_give_all_0_count_if_ANRIND_are_all_missing"/>
    <testcase time="0.594999999999999" classname="lbt05" name="lbt05_can_handle_some_NA_values"/>
    <testcase time="0.11099999999999" classname="lbt05" name="lbt05_can_handle_some_NA_values">
      <skipped message="Reason: On CRAN ('test-lbt05.R:24:3')"/>
    </testcase>
    <testcase time="0.0330000000000013" classname="lbt05" name="lbt05_fails_on_incomlete_date"/>
  </testsuite>
  <testsuite name="lbt07" timestamp="2023-04-04T08:47:32Z" hostname="42d03d2fb210" tests="3" skipped="1" failures="0" errors="0" time="1.435">
    <testcase time="0.832000000000008" classname="lbt07" name="lbt07_can_handle_some_NA_values"/>
    <testcase time="0.146000000000001" classname="lbt07" name="lbt07_can_handle_some_NA_values">
      <skipped message="Reason: On CRAN ('test-lbt07.R:12:3')"/>
    </testcase>
    <testcase time="0.456999999999994" classname="lbt07" name="lbt07_fails_on_incomlete_data"/>
  </testsuite>
  <testsuite name="lbt14" timestamp="2023-04-04T08:47:34Z" hostname="42d03d2fb210" tests="12" skipped="6" failures="0" errors="0" time="10.628">
    <testcase time="1.43900000000001" classname="lbt14" name="lbt14_1_can_handle_all_NA_values"/>
    <testcase time="0.0459999999999923" classname="lbt14" name="lbt14_1_can_handle_all_NA_values">
      <skipped message="Reason: On CRAN ('test-lbt14.R:12:3')"/>
    </testcase>
    <testcase time="1.684" classname="lbt14" name="lbt14_1_can_handle_some_NA_values"/>
    <testcase time="0.269000000000005" classname="lbt14" name="lbt14_1_can_handle_some_NA_values">
      <skipped message="Reason: On CRAN ('test-lbt14.R:31:3')"/>
    </testcase>
    <testcase time="1.746" classname="lbt14" name="lbt14_1_can_accept_different_gr_missing">
      <skipped message="Reason: On CRAN ('test-lbt14.R:35:3')"/>
    </testcase>
    <testcase time="0.0330000000000013" classname="lbt14" name="lbt14_1_fails_on_incomlete_data"/>
    <testcase time="1.482" classname="lbt14" name="lbt14_2_can_handle_all_NA_values"/>
    <testcase time="0.046999999999997" classname="lbt14" name="lbt14_2_can_handle_all_NA_values">
      <skipped message="Reason: On CRAN ('test-lbt14.R:59:3')"/>
    </testcase>
    <testcase time="1.744" classname="lbt14" name="lbt14_2_can_handle_some_NA_values"/>
    <testcase time="0.287000000000006" classname="lbt14" name="lbt14_2_can_handle_some_NA_values">
      <skipped message="Reason: On CRAN ('test-lbt14.R:78:3')"/>
    </testcase>
    <testcase time="1.818" classname="lbt14" name="lbt14_2_can_accept_different_gr_missing">
      <skipped message="Reason: On CRAN ('test-lbt14.R:82:3')"/>
    </testcase>
    <testcase time="0.0330000000000013" classname="lbt14" name="lbt14_2_fails_on_incomlete_data"/>
  </testsuite>
  <testsuite name="mht01" timestamp="2023-04-04T08:47:44Z" hostname="42d03d2fb210" tests="2" skipped="2" failures="0" errors="0" time="1.234">
    <testcase time="0.613" classname="mht01" name="mht01_1_works">
      <skipped message="Reason: On CRAN ('test-mht01.R:4:3')"/>
    </testcase>
    <testcase time="0.620999999999995" classname="mht01" name="mht01_1_works_on_NULL_in_lbl_mhbodsys_or_lbl_mhdecod">
      <skipped message="Reason: On CRAN ('test-mht01.R:8:3')"/>
    </testcase>
  </testsuite>
  <testsuite name="mng01" timestamp="2023-04-04T08:47:46Z" hostname="42d03d2fb210" tests="5" skipped="0" failures="0" errors="0" time="5.737">
    <testcase time="1.244" classname="mng01" name="mng01_1_works_as_expected"/>
    <testcase time="1.096" classname="mng01" name="mng01_1_works_as_expected_with_custom_color_set"/>
    <testcase time="1.111" classname="mng01" name="mng01_1_works_as_expected_with_custom_color_set"/>
    <testcase time="1.15899999999999" classname="mng01" name="mng01_1_works_if_show_v_grid_show_h_grid_is_TRUE"/>
    <testcase time="1.12700000000001" classname="mng01" name="mng01_1_works_on_custom_color_with_named_line_col"/>
  </testsuite>
  <testsuite name="pdt01" timestamp="2023-04-04T08:47:51Z" hostname="42d03d2fb210" tests="4" skipped="2" failures="0" errors="0" time="1.176">
    <testcase time="0.315999999999988" classname="pdt01" name="pdt01_1_can_handle_all_NA_values"/>
    <testcase time="0.0450000000000017" classname="pdt01" name="pdt01_1_can_handle_all_NA_values">
      <skipped message="Reason: On CRAN ('test-pdt01.R:11:3')"/>
    </testcase>
    <testcase time="0.50800000000001" classname="pdt01" name="pdt01_1_can_handle_some_NA_values"/>
    <testcase time="0.306999999999988" classname="pdt01" name="pdt01_1_can_handle_some_NA_values">
      <skipped message="Reason: On CRAN ('test-pdt01.R:27:3')"/>
    </testcase>
  </testsuite>
  <testsuite name="pdt02" timestamp="2023-04-04T08:47:53Z" hostname="42d03d2fb210" tests="4" skipped="2" failures="0" errors="0" time="0.789">
    <testcase time="0.335999999999999" classname="pdt02" name="pdt02_1_can_handle_all_NA_values"/>
    <testcase time="0.0310000000000059" classname="pdt02" name="pdt02_1_can_handle_all_NA_values">
      <skipped message="Reason: On CRAN ('test-pdt02.R:11:3')"/>
    </testcase>
    <testcase time="0.375" classname="pdt02" name="pdt02_1_can_handle_some_NA_values"/>
    <testcase time="0.046999999999997" classname="pdt02" name="pdt02_1_can_handle_some_NA_values">
      <skipped message="Reason: On CRAN ('test-pdt02.R:27:3')"/>
    </testcase>
  </testsuite>
  <testsuite name="utils" timestamp="2023-04-04T08:47:53Z" hostname="42d03d2fb210" tests="25" skipped="0" failures="0" errors="0" time="0.106">
    <testcase time="0.0150000000000006" classname="utils" name="h_format_dec_works_as_exected"/>
    <testcase time="0.00400000000000489" classname="utils" name="h_format_dec_works_as_exected"/>
    <testcase time="0.00199999999999534" classname="utils" name="h_format_dec_works_as_exected"/>
    <testcase time="0.00300000000000011" classname="utils" name="h_format_dec_works_as_exected"/>
    <testcase time="0.00200000000000955" classname="utils" name="h_format_dec_works_as_exected"/>
    <testcase time="0.00300000000000011" classname="utils" name="h_format_dec_works_as_exected"/>
    <testcase time="0.00199999999999534" classname="utils" name="h_format_dec_works_as_exected"/>
    <testcase time="0.00300000000000011" classname="utils" name="h_format_dec_works_as_exected"/>
    <testcase time="0.00199999999999534" classname="utils" name="h_format_dec_works_as_exected"/>
    <testcase time="0.00400000000000489" classname="utils" name="h_format_dec_works_as_exected"/>
    <testcase time="0.000999999999990564" classname="utils" name="h_format_dec_works_as_exected"/>
    <testcase time="0.00400000000000489" classname="utils" name="h_format_dec_works_as_exected"/>
    <testcase time="0.00600000000000023" classname="utils" name="h_format_dec_works_as_expected_with_more_than_one_value"/>
    <testcase time="0.00400000000000489" classname="utils" name="h_format_dec_works_as_expected_with_more_than_one_value"/>
    <testcase time="0.00600000000000023" classname="utils" name="h_format_dec_works_returns_null_with_NA_format"/>
    <testcase time="0.00600000000000023" classname="utils" name="h_format_dec_works_as_expected_with_NA_digits"/>
    <testcase time="0.00600000000000023" classname="utils" name="h_format_dec_works_as_expected_with_NA_digits"/>
    <testcase time="0.00600000000000023" classname="utils" name="get_db_data_works"/>
    <testcase time="0.00399999999999068" classname="utils" name="get_db_data_works"/>
    <testcase time="0.00600000000000023" classname="utils" name="fuse_sequentially_works"/>
    <testcase time="0.00400000000000489" classname="utils" name="fuse_sequentially_works"/>
    <testcase time="0.00400000000000489" classname="utils" name="grob_list_works"/>
    <testcase time="0.00199999999999534" classname="utils" name="grob_list_works"/>
    <testcase time="0.00300000000000011" classname="utils" name="grob_list_works"/>
    <testcase time="0.00400000000000489" classname="utils" name="grob_list_works"/>
  </testsuite>
  <testsuite name="vst02" timestamp="2023-04-04T08:47:53Z" hostname="42d03d2fb210" tests="2" skipped="2" failures="0" errors="0" time="0.748">
    <testcase time="0.372" classname="vst02" name="vst02_1_works">
      <skipped message="Reason: On CRAN ('test-vst02.R:4:3')"/>
    </testcase>
    <testcase time="0.375999999999991" classname="vst02" name="vst02_2_works">
      <skipped message="Reason: On CRAN ('test-vst02.R:11:3')"/>
    </testcase>
  </testsuite>
</testsuites>
