<?xml version="1.0" encoding="UTF-8"?>
<testsuites>
  <testsuite name="ael01_nollt" timestamp="2023-04-04T09:06:59Z" hostname="c4cf5474498b" tests="8" skipped="4" failures="0" errors="0" time="2.055">
    <testcase time="1.107" classname="ael01_nollt" name="ael01_nollt_works_with_admh_dataset"/>
    <testcase time="0.0949999999999998" classname="ael01_nollt" name="ael01_nollt_works_with_admh_dataset">
      <skipped message="Reason: On CRAN ('test-ael01_nollt.R:7:3')"/>
    </testcase>
    <testcase time="0.238" classname="ael01_nollt" name="ael01_nollt_works_with_non_default_label"/>
    <testcase time="0.118" classname="ael01_nollt" name="ael01_nollt_works_with_non_default_label">
      <skipped message="Reason: On CRAN ('test-ael01_nollt.R:18:3')"/>
    </testcase>
    <testcase time="0.244" classname="ael01_nollt" name="ael01_nollt_can_handle_all_missing_values"/>
    <testcase time="0.00999999999999979" classname="ael01_nollt" name="ael01_nollt_can_handle_all_missing_values">
      <skipped message="Reason: On CRAN ('test-ael01_nollt.R:32:3')"/>
    </testcase>
    <testcase time="0.226" classname="ael01_nollt" name="ael01_nollt_can_handle_some_missing_values"/>
    <testcase time="0.0169999999999995" classname="ael01_nollt" name="ael01_nollt_can_handle_some_missing_values">
      <skipped message="Reason: On CRAN ('test-ael01_nollt.R:48:3')"/>
    </testcase>
  </testsuite>
  <testsuite name="aet01" timestamp="2023-04-04T09:07:01Z" hostname="c4cf5474498b" tests="9" skipped="4" failures="0" errors="0" time="2.826">
    <testcase time="0.804" classname="aet01" name="aet01_can_handle_all_NA_values"/>
    <testcase time="0.0789999999999997" classname="aet01" name="aet01_can_handle_all_NA_values">
      <skipped message="Reason: On CRAN ('test-aet01.R:13:3')"/>
    </testcase>
    <testcase time="0.599" classname="aet01" name="aet01_can_handle_some_NA_values"/>
    <testcase time="0.0659999999999998" classname="aet01" name="aet01_can_handle_some_NA_values">
      <skipped message="Reason: On CRAN ('test-aet01.R:31:3')"/>
    </testcase>
    <testcase time="0.486" classname="aet01" name="aet01_can_use_custom_lbl_safety_var"/>
    <testcase time="0.0380000000000003" classname="aet01" name="aet01_can_use_custom_lbl_safety_var">
      <skipped message="Reason: On CRAN ('test-aet01.R:36:3')"/>
    </testcase>
    <testcase time="0.04" classname="aet01" name="aet01_fails_on_incomplete_data_input"/>
    <testcase time="0.643" classname="aet01" name="aet01_2_can_use_custom_medconcept_var"/>
    <testcase time="0.0710000000000006" classname="aet01" name="aet01_2_can_use_custom_medconcept_var">
      <skipped message="Reason: On CRAN ('test-aet01.R:52:3')"/>
    </testcase>
  </testsuite>
  <testsuite name="aet01_aesi" timestamp="2023-04-04T09:07:04Z" hostname="c4cf5474498b" tests="7" skipped="3" failures="0" errors="0" time="1.817">
    <testcase time="0.528" classname="aet01_aesi" name="aet01_aesi_can_handle_all_NA_values"/>
    <testcase time="0.0609999999999999" classname="aet01_aesi" name="aet01_aesi_can_handle_all_NA_values">
      <skipped message="Reason: On CRAN ('test-aet01_aesi.R:18:3')"/>
    </testcase>
    <testcase time="0.475" classname="aet01_aesi" name="aet01_aesi_can_handle_some_NA_values"/>
    <testcase time="0.0690000000000008" classname="aet01_aesi" name="aet01_aesi_can_handle_some_NA_values">
      <skipped message="Reason: On CRAN ('test-aet01_aesi.R:32:3')"/>
    </testcase>
    <testcase time="0.545999999999999" classname="aet01_aesi" name="aet01_aesi_works_with_ALL_argument"/>
    <testcase time="0.106" classname="aet01_aesi" name="aet01_aesi_works_with_ALL_argument">
      <skipped message="Reason: On CRAN ('test-aet01_aesi.R:37:3')"/>
    </testcase>
    <testcase time="0.032" classname="aet01_aesi" name="aet01_aesi_1_check_fails_on_incomplete_data_input"/>
  </testsuite>
  <testsuite name="aet02" timestamp="2023-04-04T09:07:06Z" hostname="c4cf5474498b" tests="2" skipped="0" failures="0" errors="0" time="0.149">
    <testcase time="0.0280000000000005" classname="aet02" name="aet02_fails_on_incomplete_data_input"/>
    <testcase time="0.121" classname="aet02" name="aet02_handle_empty_data_input"/>
  </testsuite>
  <testsuite name="aet03" timestamp="2023-04-04T09:07:06Z" hostname="c4cf5474498b" tests="4" skipped="2" failures="0" errors="0" time="2.388">
    <testcase time="0.543999999999999" classname="aet03" name="aet03_can_handle_NA_values"/>
    <testcase time="0.0590000000000011" classname="aet03" name="aet03_can_handle_NA_values">
      <skipped message="Reason: On CRAN ('test-aet03.R:11:3')"/>
    </testcase>
    <testcase time="1.592" classname="aet03" name="aet03_can_handle_some_NA_values"/>
    <testcase time="0.193" classname="aet03" name="aet03_can_handle_some_NA_values">
      <skipped message="Reason: On CRAN ('test-aet03.R:29:3')"/>
    </testcase>
  </testsuite>
  <testsuite name="aet04" timestamp="2023-04-04T09:07:09Z" hostname="c4cf5474498b" tests="4" skipped="2" failures="0" errors="0" time="3.58">
    <testcase time="0.718" classname="aet04" name="aet04_can_handle_NA_values"/>
    <testcase time="0.0999999999999996" classname="aet04" name="aet04_can_handle_NA_values">
      <skipped message="Reason: On CRAN ('test-aet04.R:11:3')"/>
    </testcase>
    <testcase time="2.495" classname="aet04" name="aet04_can_handle_some_NA_values"/>
    <testcase time="0.267000000000001" classname="aet04" name="aet04_can_handle_some_NA_values">
      <skipped message="Reason: On CRAN ('test-aet04.R:44:3')"/>
    </testcase>
  </testsuite>
  <testsuite name="aet10" timestamp="2023-04-04T09:07:12Z" hostname="c4cf5474498b" tests="4" skipped="2" failures="0" errors="0" time="0.32">
    <testcase time="0.115" classname="aet10" name="aet10_1_can_handle_NA_values"/>
    <testcase time="0.0229999999999997" classname="aet10" name="aet10_1_can_handle_NA_values">
      <skipped message="Reason: On CRAN ('test-aet10.R:11:3')"/>
    </testcase>
    <testcase time="0.135" classname="aet10" name="aet10_1_can_handle_some_NA_values"/>
    <testcase time="0.0470000000000006" classname="aet10" name="aet10_1_can_handle_some_NA_values">
      <skipped message="Reason: On CRAN ('test-aet10.R:25:3')"/>
    </testcase>
  </testsuite>
  <testsuite name="assertions" timestamp="2023-04-04T09:07:13Z" hostname="c4cf5474498b" tests="14" skipped="0" failures="0" errors="0" time="1.314">
    <testcase time="0.0169999999999995" classname="assertions" name="assert_colnames_works_as_expected"/>
    <testcase time="0.00500000000000078" classname="assertions" name="assert_colnames_works_as_expected"/>
    <testcase time="0.00199999999999889" classname="assertions" name="assert_colnames_works_as_expected"/>
    <testcase time="0.00500000000000078" classname="assertions" name="assert_colnames_works_as_expected"/>
    <testcase time="0.187999999999999" classname="assertions" name="assert_one_tablenames_works_as_expected"/>
    <testcase time="0.190000000000001" classname="assertions" name="assert_one_tablenames_works_as_expected"/>
    <testcase time="0.178999999999998" classname="assertions" name="assert_one_tablenames_works_as_expected"/>
    <testcase time="0.18" classname="assertions" name="assert_one_tablenames_works_as_expected"/>
    <testcase time="0.172000000000001" classname="assertions" name="assert_all_tablenames_works_as_expected"/>
    <testcase time="0.178000000000001" classname="assertions" name="assert_all_tablenames_works_as_expected"/>
    <testcase time="0.178000000000001" classname="assertions" name="assert_all_tablenames_works_as_expected"/>
    <testcase time="0.00900000000000034" classname="assertions" name="assert_args_works_as_expected"/>
    <testcase time="0.00199999999999889" classname="assertions" name="assert_args_works_as_expected"/>
    <testcase time="0.00900000000000034" classname="assertions" name="assert_args_works_as_expected"/>
  </testsuite>
  <testsuite name="checks" timestamp="2023-04-04T09:07:14Z" hostname="c4cf5474498b" tests="8" skipped="0" failures="0" errors="0" time="0.03">
    <testcase time="0.00799999999999912" classname="checks" name="check_all_colnames_works_as_expected"/>
    <testcase time="0.00300000000000011" classname="checks" name="check_all_colnames_works_as_expected"/>
    <testcase time="0.00199999999999889" classname="checks" name="check_all_colnames_works_as_expected"/>
    <testcase time="0.00400000000000134" classname="checks" name="check_all_colnames_works_as_expected"/>
    <testcase time="0.00400000000000134" classname="checks" name="check_one_colnames_works_as_expected"/>
    <testcase time="0.00399999999999778" classname="checks" name="check_one_colnames_works_as_expected"/>
    <testcase time="0.00100000000000122" classname="checks" name="check_one_colnames_works_as_expected"/>
    <testcase time="0.00399999999999778" classname="checks" name="check_one_colnames_works_as_expected"/>
  </testsuite>
  <testsuite name="chevron_tlg-class" timestamp="2023-04-04T09:07:14Z" hostname="c4cf5474498b" tests="24" skipped="0" failures="0" errors="0" time="0.085">
    <testcase time="0.00900000000000034" classname="chevron_tlg_class" name="chevron_t_object_can_be_constructed_with_default_values"/>
    <testcase time="0.00400000000000134" classname="chevron_tlg_class" name="chevron_t_object_can_be_constructed_with_default_values"/>
    <testcase time="0.00499999999999901" classname="chevron_tlg_class" name="chevron_t_object_can_be_constructed_with_custom_values"/>
    <testcase time="0.00400000000000134" classname="chevron_tlg_class" name="chevron_t_object_can_be_constructed_with_custom_values"/>
    <testcase time="0.00300000000000011" classname="chevron_tlg_class" name="chevron_t_object_can_be_constructed_with_custom_values"/>
    <testcase time="0.00400000000000134" classname="chevron_tlg_class" name="chevron_t_object_can_be_constructed_with_custom_values"/>
    <testcase time="0.00499999999999901" classname="chevron_tlg_class" name="chevron_t_constructor_returns_an_error_when_expected"/>
    <testcase time="0.00799999999999912" classname="chevron_tlg_class" name="chevron_t_constructor_returns_an_error_when_expected"/>
    <testcase time="0.00100000000000122" classname="chevron_tlg_class" name="chevron_t_constructor_returns_an_error_when_expected"/>
    <testcase time="0.000999999999997669" classname="chevron_tlg_class" name="chevron_t_constructor_returns_an_error_when_expected"/>
    <testcase time="0.00100000000000122" classname="chevron_tlg_class" name="chevron_t_constructor_returns_an_error_when_expected"/>
    <testcase time="0.00100000000000122" classname="chevron_tlg_class" name="chevron_t_constructor_returns_an_error_when_expected"/>
    <testcase time="0.00600000000000023" classname="chevron_tlg_class" name="chevron_l_object_can_be_constructed_with_default_values"/>
    <testcase time="0.00399999999999778" classname="chevron_tlg_class" name="chevron_l_object_can_be_constructed_with_default_values"/>
    <testcase time="0.00600000000000023" classname="chevron_tlg_class" name="chevron_g_object_can_be_constructed_with_custom_values"/>
    <testcase time="0.00400000000000134" classname="chevron_tlg_class" name="chevron_g_object_can_be_constructed_with_custom_values"/>
    <testcase time="0.00300000000000011" classname="chevron_tlg_class" name="chevron_g_object_can_be_constructed_with_custom_values"/>
    <testcase time="0.00399999999999778" classname="chevron_tlg_class" name="chevron_g_object_can_be_constructed_with_custom_values"/>
    <testcase time="0.00500000000000256" classname="chevron_tlg_class" name="chevron_g_constructor_returns_an_error_when_expected"/>
    <testcase time="0.00199999999999889" classname="chevron_tlg_class" name="chevron_g_constructor_returns_an_error_when_expected"/>
    <testcase time="0.00100000000000122" classname="chevron_tlg_class" name="chevron_g_constructor_returns_an_error_when_expected"/>
    <testcase time="0.000999999999997669" classname="chevron_tlg_class" name="chevron_g_constructor_returns_an_error_when_expected"/>
    <testcase time="0.00100000000000122" classname="chevron_tlg_class" name="chevron_g_constructor_returns_an_error_when_expected"/>
    <testcase time="0.00199999999999889" classname="chevron_tlg_class" name="chevron_g_constructor_returns_an_error_when_expected"/>
  </testsuite>
  <testsuite name="chevron_tlg-methods" timestamp="2023-04-04T09:07:14Z" hostname="c4cf5474498b" tests="44" skipped="3" failures="0" errors="0" time="3.208">
    <testcase time="2.54" classname="chevron_tlg_methods" name="run_works_as_expected_for_chevron_t_object">
      <skipped message="Reason: On CRAN ('test-chevron_tlg-methods.R:5:3')"/>
    </testcase>
    <testcase time="0.0159999999999982" classname="chevron_tlg_methods" name="run_returns_a_warning_if_provided_with_invalid_arguments"/>
    <testcase time="0.428999999999998" classname="chevron_tlg_methods" name="run_works_as_expected_for_chevron_t_object_when_auto_pre_FALSE">
      <skipped message="Reason: On CRAN ('test-chevron_tlg-methods.R:18:3')"/>
    </testcase>
    <testcase time="0.0130000000000017" classname="chevron_tlg_methods" name="args_ls_works_as_expected"/>
    <testcase time="0.00100000000000122" classname="chevron_tlg_methods" name="args_ls_works_as_expected"/>
    <testcase time="0.000999999999997669" classname="chevron_tlg_methods" name="args_ls_works_as_expected"/>
    <testcase time="0.00500000000000256" classname="chevron_tlg_methods" name="args_ls_works_as_expected_when_simplify_is_TRUE"/>
    <testcase time="0.000999999999997669" classname="chevron_tlg_methods" name="args_ls_works_as_expected_when_simplify_is_TRUE"/>
    <testcase time="0.00100000000000122" classname="chevron_tlg_methods" name="args_ls_works_as_expected_when_simplify_is_TRUE"/>
    <testcase time="0.00499999999999901" classname="chevron_tlg_methods" name="args_ls_works_as_expected_with_custom_chevron_tlg_object"/>
    <testcase time="0.00100000000000122" classname="chevron_tlg_methods" name="args_ls_works_as_expected_with_custom_chevron_tlg_object"/>
    <testcase time="0.000999999999997669" classname="chevron_tlg_methods" name="args_ls_works_as_expected_with_custom_chevron_tlg_object"/>
    <testcase time="0.00300000000000011" classname="chevron_tlg_methods" name="args_ls_works_as_expected_with_custom_chevron_tlg_object"/>
    <testcase time="0.00600000000000023" classname="chevron_tlg_methods" name="main_works_as_expected"/>
    <testcase time="0.00799999999999912" classname="chevron_tlg_methods" name="get_main_works_as_expected"/>
    <testcase time="0.00400000000000134" classname="chevron_tlg_methods" name="get_main_works_as_expected"/>
    <testcase time="0.0069999999999979" classname="chevron_tlg_methods" name="main_setter_works_as_expected"/>
    <testcase time="0.0120000000000005" classname="chevron_tlg_methods" name="main_setter_throw_an_error_as_expected"/>
    <testcase time="0.00600000000000023" classname="chevron_tlg_methods" name="preprocess_works_as_expected"/>
    <testcase time="0.00900000000000034" classname="chevron_tlg_methods" name="get_preprocess_works_as_expected"/>
    <testcase time="0.00400000000000134" classname="chevron_tlg_methods" name="get_preprocess_works_as_expected"/>
    <testcase time="0.00600000000000023" classname="chevron_tlg_methods" name="preprocess_setter_works_as_expected"/>
    <testcase time="0.0120000000000005" classname="chevron_tlg_methods" name="preprocess_sends_an_error_as_expected"/>
    <testcase time="0.0069999999999979" classname="chevron_tlg_methods" name="postprocess_works_as_expected"/>
    <testcase time="0.0160000000000018" classname="chevron_tlg_methods" name="get_postprocess_works_as_expected"/>
    <testcase time="0.00399999999999778" classname="chevron_tlg_methods" name="get_postprocess_works_as_expected"/>
    <testcase time="0.00700000000000145" classname="chevron_tlg_methods" name="postprocess_setter_works_as_expected"/>
    <testcase time="0.0120000000000005" classname="chevron_tlg_methods" name="postprocess_sends_an_error_as_expected"/>
    <testcase time="0.0069999999999979" classname="chevron_tlg_methods" name="datasets_works_as_expected"/>
    <testcase time="0.00800000000000267" classname="chevron_tlg_methods" name="get_adam_datasets_works_as_expected"/>
    <testcase time="0.00399999999999778" classname="chevron_tlg_methods" name="get_adam_datasets_works_as_expected"/>
    <testcase time="0.00700000000000145" classname="chevron_tlg_methods" name="datasets_setter_works_as_expected"/>
    <testcase time="0.00600000000000023" classname="chevron_tlg_methods" name="script_works_as_expected"/>
    <testcase time="0.00199999999999889" classname="chevron_tlg_methods" name="script_works_as_expected"/>
    <testcase time="0.00100000000000122" classname="chevron_tlg_methods" name="script_works_as_expected"/>
    <testcase time="0.00499999999999901" classname="chevron_tlg_methods" name="script_works_as_expected_with_dictionary_of_arguments"/>
    <testcase time="0.00199999999999889" classname="chevron_tlg_methods" name="script_works_as_expected_with_dictionary_of_arguments"/>
    <testcase time="0.00100000000000122" classname="chevron_tlg_methods" name="script_works_as_expected_with_dictionary_of_arguments"/>
    <testcase time="0.00100000000000122" classname="chevron_tlg_methods" name="script_works_as_expected_with_dictionary_of_arguments"/>
    <testcase time="0.00499999999999901" classname="chevron_tlg_methods" name="script_funs_works_as_expected_in_interactive_mode">
      <skipped message="Reason: !interactive() is TRUE ('test-chevron_tlg-methods.R:201:3')"/>
    </testcase>
    <testcase time="0.0129999999999981" classname="chevron_tlg_methods" name="script_funs_works_as_expected"/>
    <testcase time="0.00200000000000244" classname="chevron_tlg_methods" name="script_funs_works_as_expected"/>
    <testcase time="0.00600000000000023" classname="chevron_tlg_methods" name="script_funs_works_as_expected_with_details_set_to_TRUE"/>
    <testcase time="0.000999999999997669" classname="chevron_tlg_methods" name="script_funs_works_as_expected_with_details_set_to_TRUE"/>
  </testsuite>
  <testsuite name="cmt01a" timestamp="2023-04-04T09:07:17Z" hostname="c4cf5474498b" tests="12" skipped="6" failures="0" errors="0" time="4.197">
    <testcase time="0.360000000000003" classname="cmt01a" name="cmt01a_can_handle_all_NA_values"/>
    <testcase time="0.0359999999999978" classname="cmt01a" name="cmt01a_can_handle_all_NA_values">
      <skipped message="Reason: On CRAN ('test-cmt01a.R:11:3')"/>
    </testcase>
    <testcase time="0.858000000000001" classname="cmt01a" name="cmt01a_can_handle_some_NA_values"/>
    <testcase time="0.16" classname="cmt01a" name="cmt01a_can_handle_some_NA_values">
      <skipped message="Reason: On CRAN ('test-cmt01a.R:27:3')"/>
    </testcase>
    <testcase time="0.369" classname="cmt01a" name="cmt01a_2_can_handle_all_NA_values"/>
    <testcase time="0.036999999999999" classname="cmt01a" name="cmt01a_2_can_handle_all_NA_values">
      <skipped message="Reason: On CRAN ('test-cmt01a.R:40:3')"/>
    </testcase>
    <testcase time="0.863" classname="cmt01a" name="cmt01a_2_can_handle_some_NA_values"/>
    <testcase time="0.16" classname="cmt01a" name="cmt01a_2_can_handle_some_NA_values">
      <skipped message="Reason: On CRAN ('test-cmt01a.R:56:3')"/>
    </testcase>
    <testcase time="0.366" classname="cmt01a" name="cmt01a_3_can_handle_all_NA_values"/>
    <testcase time="0.0340000000000025" classname="cmt01a" name="cmt01a_3_can_handle_all_NA_values">
      <skipped message="Reason: On CRAN ('test-cmt01a.R:69:3')"/>
    </testcase>
    <testcase time="0.817" classname="cmt01a" name="cmt01a_3_can_handle_some_NA_values"/>
    <testcase time="0.137" classname="cmt01a" name="cmt01a_3_can_handle_some_NA_values">
      <skipped message="Reason: On CRAN ('test-cmt01a.R:85:3')"/>
    </testcase>
  </testsuite>
  <testsuite name="cmt02_pt" timestamp="2023-04-04T09:07:21Z" hostname="c4cf5474498b" tests="4" skipped="2" failures="0" errors="0" time="0.802">
    <testcase time="0.34" classname="cmt02_pt" name="cmt02_pt_1_can_handle_all_NA_values"/>
    <testcase time="0.0289999999999999" classname="cmt02_pt" name="cmt02_pt_1_can_handle_all_NA_values">
      <skipped message="Reason: On CRAN ('test-cmt02_pt.R:11:3')"/>
    </testcase>
    <testcase time="0.378" classname="cmt02_pt" name="cmt02_pt_1_can_handle_some_NA_values"/>
    <testcase time="0.0549999999999997" classname="cmt02_pt" name="cmt02_pt_1_can_handle_some_NA_values">
      <skipped message="Reason: On CRAN ('test-cmt02_pt.R:27:3')"/>
    </testcase>
  </testsuite>
  <testsuite name="default_tlg" timestamp="2023-04-04T09:07:22Z" hostname="c4cf5474498b" tests="40" skipped="40" failures="0" errors="0" time="41.863">
    <testcase time="0.704000000000001" classname="default_tlg" name="aet01_1_function_with_default_argument_value_return_expected_result_with_test_data">
      <skipped message="Reason: On CRAN ('test-default_tlg.R:5:3')"/>
    </testcase>
    <testcase time="0.753" classname="default_tlg" name="aet01_2_functions_with_default_argument_value_return_expected_result_with_test_data">
      <skipped message="Reason: On CRAN ('test-default_tlg.R:12:3')"/>
    </testcase>
    <testcase time="0.530999999999999" classname="default_tlg" name="aet01_aesi_1_function_with_default_argument_value_return_expected_result_with_test_data">
      <skipped message="Reason: On CRAN ('test-default_tlg.R:19:3')"/>
    </testcase>
    <testcase time="0.632999999999999" classname="default_tlg" name="aet02_1_functions_with_default_argument_value_return_expected_result_with_test_data">
      <skipped message="Reason: On CRAN ('test-default_tlg.R:26:3')"/>
    </testcase>
    <testcase time="1.132" classname="default_tlg" name="aet02_2_functions_with_default_argument_value_return_expected_result_with_test_data">
      <skipped message="Reason: On CRAN ('test-default_tlg.R:33:3')"/>
    </testcase>
    <testcase time="0.271999999999998" classname="default_tlg" name="aet02_3_functions_with_default_argument_value_return_expected_result_with_test_data">
      <skipped message="Reason: On CRAN ('test-default_tlg.R:40:3')"/>
    </testcase>
    <testcase time="1.811" classname="default_tlg" name="aet03_1_functions_with_default_argument_value_return_expected_result_with_test_data">
      <skipped message="Reason: On CRAN ('test-default_tlg.R:47:3')"/>
    </testcase>
    <testcase time="2.726" classname="default_tlg" name="aet04_1_functions_with_default_argument_value_return_expected_result_with_test_data">
      <skipped message="Reason: On CRAN ('test-default_tlg.R:54:3')"/>
    </testcase>
    <testcase time="0.182000000000002" classname="default_tlg" name="aet10_1_functions_with_default_argument_value_return_expected_result_with_test_data">
      <skipped message="Reason: On CRAN ('test-default_tlg.R:61:3')"/>
    </testcase>
    <testcase time="0.954999999999998" classname="default_tlg" name="cmt01a_1_functions_with_default_argument_value_return_expected_result_with_test_data">
      <skipped message="Reason: On CRAN ('test-default_tlg.R:68:3')"/>
    </testcase>
    <testcase time="1.075" classname="default_tlg" name="cmt01a_2_functions_with_default_argument_value_return_expected_result_with_test_data">
      <skipped message="Reason: On CRAN ('test-default_tlg.R:75:3')"/>
    </testcase>
    <testcase time="0.835999999999999" classname="default_tlg" name="cmt01a_3_functions_with_default_argument_value_return_expected_result_with_test_data">
      <skipped message="Reason: On CRAN ('test-default_tlg.R:82:3')"/>
    </testcase>
    <testcase time="0.389000000000003" classname="default_tlg" name="cmt02_pt_1_functions_with_default_argument_value_return_expected_result_with_test_data">
      <skipped message="Reason: On CRAN ('test-default_tlg.R:89:3')"/>
    </testcase>
    <testcase time="1.944" classname="default_tlg" name="dmt01_1_functions_with_default_argument_value_return_expected_result_with_test_data">
      <skipped message="Reason: On CRAN ('test-default_tlg.R:96:3')"/>
    </testcase>
    <testcase time="0.498000000000005" classname="default_tlg" name="dst01_1_functions_with_default_argument_value_return_expected_result_with_test_data">
      <skipped message="Reason: On CRAN ('test-default_tlg.R:103:3')"/>
    </testcase>
    <testcase time="0.631" classname="default_tlg" name="dst01_2_functions_with_default_argument_value_return_expected_result_with_test_data">
      <skipped message="Reason: On CRAN ('test-default_tlg.R:110:3')"/>
    </testcase>
    <testcase time="0.794999999999995" classname="default_tlg" name="dst01_3_functions_with_default_argument_value_return_expected_result_with_test_data">
      <skipped message="Reason: On CRAN ('test-default_tlg.R:117:3')"/>
    </testcase>
    <testcase time="0.333000000000006" classname="default_tlg" name="dtht01_1_functions_with_default_argument_value_return_expected_result_with_test_data">
      <skipped message="Reason: On CRAN ('test-default_tlg.R:124:3')"/>
    </testcase>
    <testcase time="2.53899999999999" classname="default_tlg" name="egt01_1_functions_with_default_argument_value_return_expected_result_with_test_data">
      <skipped message="Reason: On CRAN ('test-default_tlg.R:131:3')"/>
    </testcase>
    <testcase time="0.260000000000005" classname="default_tlg" name="egt02_1_functions_with_default_argument_value_return_expected_result_with_test_data">
      <skipped message="Reason: On CRAN ('test-default_tlg.R:138:3')"/>
    </testcase>
    <testcase time="0.236999999999995" classname="default_tlg" name="egt02_2_functions_with_default_argument_value_return_expected_result_with_test_data">
      <skipped message="Reason: On CRAN ('test-default_tlg.R:145:3')"/>
    </testcase>
    <testcase time="0.336000000000006" classname="default_tlg" name="egt03_1_functions_with_default_argument_value_return_expected_result_with_test_data">
      <skipped message="Reason: On CRAN ('test-default_tlg.R:152:3')"/>
    </testcase>
    <testcase time="0.338999999999999" classname="default_tlg" name="egt03_2_functions_with_default_argument_value_return_expected_result_with_test_data">
      <skipped message="Reason: On CRAN ('test-default_tlg.R:159:3')"/>
    </testcase>
    <testcase time="0.728999999999999" classname="default_tlg" name="egt05_qtcat_1_functions_with_default_argument_value_return_expected_result_with_test_data">
      <skipped message="Reason: On CRAN ('test-default_tlg.R:166:3')"/>
    </testcase>
    <testcase time="0.213000000000001" classname="default_tlg" name="ext01_1_functions_with_default_argument_value_return_expected_result_with_test_data">
      <skipped message="Reason: On CRAN ('test-default_tlg.R:173:3')"/>
    </testcase>
    <testcase time="0.475000000000001" classname="default_tlg" name="ext01_2_functions_with_default_argument_value_return_expected_result_with_test_data">
      <skipped message="Reason: On CRAN ('test-default_tlg.R:180:3')"/>
    </testcase>
    <testcase time="1.721" classname="default_tlg" name="lbt01_1_functions_with_default_argument_value_return_expected_result_with_test_data">
      <skipped message="Reason: On CRAN ('test-default_tlg.R:187:3')"/>
    </testcase>
    <testcase time="0.682000000000002" classname="default_tlg" name="lbt04_1_functions_with_default_argument_value_return_expected_result_with_test_data">
      <skipped message="Reason: On CRAN ('test-default_tlg.R:194:3')"/>
    </testcase>
    <testcase time="0.716999999999999" classname="default_tlg" name="lbt05_1_functions_with_default_argument_value_return_expected_result_with_test_data">
      <skipped message="Reason: On CRAN ('test-default_tlg.R:201:3')"/>
    </testcase>
    <testcase time="0.955999999999996" classname="default_tlg" name="lbt07_1_functions_with_default_argument_value_return_expected_result_with_test_data">
      <skipped message="Reason: On CRAN ('test-default_tlg.R:208:3')"/>
    </testcase>
    <testcase time="1.801" classname="default_tlg" name="lbt14_1_functions_with_default_argument_value_return_expected_result_with_test_data">
      <skipped message="Reason: On CRAN ('test-default_tlg.R:215:3')"/>
    </testcase>
    <testcase time="1.877" classname="default_tlg" name="lbt14_2_functions_with_default_argument_value_return_expected_result_with_test_data">
      <skipped message="Reason: On CRAN ('test-default_tlg.R:222:3')"/>
    </testcase>
    <testcase time="0.625999999999998" classname="default_tlg" name="mht01_1_functions_with_default_argument_value_return_expected_result_with_test_data">
      <skipped message="Reason: On CRAN ('test-default_tlg.R:229:3')"/>
    </testcase>
    <testcase time="5.152" classname="default_tlg" name="vst01_1_functions_with_default_argument_value_return_expected_result_with_test_data">
      <skipped message="Reason: On CRAN ('test-default_tlg.R:236:3')"/>
    </testcase>
    <testcase time="4.98500000000001" classname="default_tlg" name="vst01_1_functions_with_default_argument_value_return_expected_result_with_test_data">
      <skipped message="Reason: On CRAN ('test-default_tlg.R:243:3')"/>
    </testcase>
    <testcase time="0.434999999999988" classname="default_tlg" name="vst02_1_functions_with_default_argument_value_return_expected_result_with_test_data">
      <skipped message="Reason: On CRAN ('test-default_tlg.R:250:3')"/>
    </testcase>
    <testcase time="0.419000000000011" classname="default_tlg" name="vst02_2_functions_with_default_argument_value_return_expected_result_with_test_data">
      <skipped message="Reason: On CRAN ('test-default_tlg.R:257:3')"/>
    </testcase>
    <testcase time="0.545000000000002" classname="default_tlg" name="pdt01_1_function_with_default_argument_value_return_expected_result_with_test_data">
      <skipped message="Reason: On CRAN ('test-default_tlg.R:265:3')"/>
    </testcase>
    <testcase time="0.382999999999996" classname="default_tlg" name="pdt02_1_function_with_default_argument_value_return_expected_result_with_test_data">
      <skipped message="Reason: On CRAN ('test-default_tlg.R:272:3')"/>
    </testcase>
    <testcase time="0.236000000000004" classname="default_tlg" name="ael01_nollt_1_function_with_default_argument_value_return_expected_result_with_test_data">
      <skipped message="Reason: On CRAN ('test-default_tlg.R:279:3')"/>
    </testcase>
  </testsuite>
  <testsuite name="dmt01" timestamp="2023-04-04T09:08:04Z" hostname="c4cf5474498b" tests="4" skipped="2" failures="0" errors="0" time="3.956">
    <testcase time="1.86799999999999" classname="dmt01" name="dmt01_1_can_handle_NA_values"/>
    <testcase time="0.0859999999999985" classname="dmt01" name="dmt01_1_can_handle_NA_values">
      <skipped message="Reason: On CRAN ('test-dmt01.R:11:3')"/>
    </testcase>
    <testcase time="1.89" classname="dmt01" name="dmt01_1_can_handle_some_NA_values"/>
    <testcase time="0.111999999999995" classname="dmt01" name="dmt01_1_can_handle_some_NA_values">
      <skipped message="Reason: On CRAN ('test-dmt01.R:24:3')"/>
    </testcase>
  </testsuite>
  <testsuite name="dst01" timestamp="2023-04-04T09:08:08Z" hostname="c4cf5474498b" tests="26" skipped="13" failures="0" errors="0" time="7.753">
    <testcase time="0.427000000000007" classname="dst01" name="dst01_can_handle_all_NA_values"/>
    <testcase time="0.027000000000001" classname="dst01" name="dst01_can_handle_all_NA_values">
      <skipped message="Reason: On CRAN ('test-dst01.R:13:3')"/>
    </testcase>
    <testcase time="0.426000000000002" classname="dst01" name="dst01_1_can_handle_all_NA_values_in_disc_reason_var"/>
    <testcase time="0.0459999999999923" classname="dst01" name="dst01_1_can_handle_all_NA_values_in_disc_reason_var">
      <skipped message="Reason: On CRAN ('test-dst01.R:25:3')"/>
    </testcase>
    <testcase time="0.463000000000008" classname="dst01" name="dst01_1_can_handle_some_NA_values"/>
    <testcase time="0.0719999999999885" classname="dst01" name="dst01_1_can_handle_some_NA_values">
      <skipped message="Reason: On CRAN ('test-dst01.R:38:3')"/>
    </testcase>
    <testcase time="0.443000000000012" classname="dst01" name="dst01_1_can_handle_missing_levels_in_status_var"/>
    <testcase time="0.0439999999999969" classname="dst01" name="dst01_1_can_handle_missing_levels_in_status_var">
      <skipped message="Reason: On CRAN ('test-dst01.R:50:3')"/>
    </testcase>
    <testcase time="0.421999999999997" classname="dst01" name="dst01_1_can_handle_missing_levels_in_disc_reason_var"/>
    <testcase time="0.0430000000000064" classname="dst01" name="dst01_1_can_handle_missing_levels_in_disc_reason_var">
      <skipped message="Reason: On CRAN ('test-dst01.R:62:3')"/>
    </testcase>
    <testcase time="0.429999999999993" classname="dst01" name="dst01_2_can_handle_all_NA_values"/>
    <testcase time="0.027000000000001" classname="dst01" name="dst01_2_can_handle_all_NA_values">
      <skipped message="Reason: On CRAN ('test-dst01.R:78:3')"/>
    </testcase>
    <testcase time="0.424999999999997" classname="dst01" name="dst01_2_can_handle_all_NA_values_in_disc_reason_var"/>
    <testcase time="0.0520000000000067" classname="dst01" name="dst01_2_can_handle_all_NA_values_in_disc_reason_var">
      <skipped message="Reason: On CRAN ('test-dst01.R:90:3')"/>
    </testcase>
    <testcase time="0.600999999999999" classname="dst01" name="dst01_2_can_handle_some_NA_values"/>
    <testcase time="0.0840000000000032" classname="dst01" name="dst01_2_can_handle_some_NA_values">
      <skipped message="Reason: On CRAN ('test-dst01.R:103:3')"/>
    </testcase>
    <testcase time="0.486999999999995" classname="dst01" name="dst01_2_can_handle_missing_levels_in_disc_reason_var"/>
    <testcase time="0.0459999999999923" classname="dst01" name="dst01_2_can_handle_missing_levels_in_disc_reason_var">
      <skipped message="Reason: On CRAN ('test-dst01.R:115:3')"/>
    </testcase>
    <testcase time="0.550000000000011" classname="dst01" name="dst01_3_can_handle_all_NA_values"/>
    <testcase time="0.0279999999999916" classname="dst01" name="dst01_3_can_handle_all_NA_values">
      <skipped message="Reason: On CRAN ('test-dst01.R:131:3')"/>
    </testcase>
    <testcase time="0.75500000000001" classname="dst01" name="dst01_3_can_handle_all_NA_values_in_status_treatment_var"/>
    <testcase time="0.083999999999989" classname="dst01" name="dst01_3_can_handle_all_NA_values_in_status_treatment_var">
      <skipped message="Reason: On CRAN ('test-dst01.R:143:3')"/>
    </testcase>
    <testcase time="0.903000000000006" classname="dst01" name="dst01_3_can_handle_some_NA_values_in_status_treatment_var"/>
    <testcase time="0.0859999999999985" classname="dst01" name="dst01_3_can_handle_some_NA_values_in_status_treatment_var">
      <skipped message="Reason: On CRAN ('test-dst01.R:155:3')"/>
    </testcase>
    <testcase time="0.709000000000003" classname="dst01" name="dst01_3_can_handle_missing_levels_in_status_treatment_var"/>
    <testcase time="0.0729999999999933" classname="dst01" name="dst01_3_can_handle_missing_levels_in_status_treatment_var">
      <skipped message="Reason: On CRAN ('test-dst01.R:167:3')"/>
    </testcase>
  </testsuite>
  <testsuite name="dtht01" timestamp="2023-04-04T09:08:16Z" hostname="c4cf5474498b" tests="5" skipped="3" failures="0" errors="0" time="1.802">
    <testcase time="0.506" classname="dtht01" name="dtht01_can_handle_all_NA_values"/>
    <testcase time="0.034000000000006" classname="dtht01" name="dtht01_can_handle_all_NA_values">
      <skipped message="Reason: On CRAN ('test-dtht01.R:13:3')"/>
    </testcase>
    <testcase time="0.546999999999997" classname="dtht01" name="dtht01_can_handle_some_NA_values"/>
    <testcase time="0.0900000000000034" classname="dtht01" name="dtht01_can_handle_some_NA_values">
      <skipped message="Reason: On CRAN ('test-dtht01.R:29:3')"/>
    </testcase>
    <testcase time="0.625" classname="dtht01" name="dtht01_can_be_parametrize_as_expected">
      <skipped message="Reason: On CRAN ('test-dtht01.R:38:3')"/>
    </testcase>
  </testsuite>
  <testsuite name="egt03" timestamp="2023-04-04T09:08:18Z" hostname="c4cf5474498b" tests="9" skipped="4" failures="0" errors="0" time="1.385">
    <testcase time="0.271000000000001" classname="egt03" name="egt03_1_can_handle_all_NA_values"/>
    <testcase time="0.0669999999999931" classname="egt03" name="egt03_1_can_handle_all_NA_values">
      <skipped message="Reason: On CRAN ('test-egt03.R:12:3')"/>
    </testcase>
    <testcase time="0.269000000000005" classname="egt03" name="egt03_1_can_handle_some_NA_values"/>
    <testcase time="0.0690000000000026" classname="egt03" name="egt03_1_can_handle_some_NA_values">
      <skipped message="Reason: On CRAN ('test-egt03.R:31:3')"/>
    </testcase>
    <testcase time="0.262999999999991" classname="egt03" name="egt03_2_can_handle_all_NA_values"/>
    <testcase time="0.0739999999999981" classname="egt03" name="egt03_2_can_handle_all_NA_values">
      <skipped message="Reason: On CRAN ('test-egt03.R:45:3')"/>
    </testcase>
    <testcase time="0.262" classname="egt03" name="egt03_2_can_handle_some_NA_values"/>
    <testcase time="0.078000000000003" classname="egt03" name="egt03_2_can_handle_some_NA_values">
      <skipped message="Reason: On CRAN ('test-egt03.R:61:3')"/>
    </testcase>
    <testcase time="0.0319999999999965" classname="egt03" name="egt03_1_fails_on_incomplete_data"/>
  </testsuite>
  <testsuite name="egt05_qtcat" timestamp="2023-04-04T09:08:19Z" hostname="c4cf5474498b" tests="4" skipped="2" failures="0" errors="0" time="0.859">
    <testcase time="0.0950000000000131" classname="egt05_qtcat" name="egt05_qtcat_can_handle_all_NA_values"/>
    <testcase time="0.0120000000000005" classname="egt05_qtcat" name="egt05_qtcat_can_handle_all_NA_values">
      <skipped message="Reason: On CRAN ('test-egt05_qtcat.R:12:3')"/>
    </testcase>
    <testcase time="0.548999999999992" classname="egt05_qtcat" name="egt05_qtcat_can_handle_some_NA_values"/>
    <testcase time="0.203000000000003" classname="egt05_qtcat" name="egt05_qtcat_can_handle_some_NA_values">
      <skipped message="Reason: On CRAN ('test-egt05_qtcat.R:35:3')"/>
    </testcase>
  </testsuite>
  <testsuite name="empty_report" timestamp="2023-04-04T09:08:20Z" hostname="c4cf5474498b" tests="34" skipped="0" failures="0" errors="0" time="10.924">
    <testcase time="3.279" classname="empty_report" name="tlg_functions_return_null_reports_when_domain_table_is_empty"/>
    <testcase time="0.629999999999995" classname="empty_report" name="tlg_functions_return_null_reports_when_domain_table_is_empty"/>
    <testcase time="0.428000000000011" classname="empty_report" name="tlg_functions_return_null_reports_when_domain_table_is_empty"/>
    <testcase time="0.0969999999999942" classname="empty_report" name="tlg_functions_return_null_reports_when_domain_table_is_empty"/>
    <testcase time="0.108999999999995" classname="empty_report" name="tlg_functions_return_null_reports_when_domain_table_is_empty"/>
    <testcase time="0.0880000000000081" classname="empty_report" name="tlg_functions_return_null_reports_when_domain_table_is_empty"/>
    <testcase time="0.292999999999992" classname="empty_report" name="tlg_functions_return_null_reports_when_domain_table_is_empty"/>
    <testcase time="0.334000000000003" classname="empty_report" name="tlg_functions_return_null_reports_when_domain_table_is_empty"/>
    <testcase time="0.275000000000006" classname="empty_report" name="tlg_functions_return_null_reports_when_domain_table_is_empty"/>
    <testcase time="0.284999999999997" classname="empty_report" name="tlg_functions_return_null_reports_when_domain_table_is_empty"/>
    <testcase time="0.281999999999996" classname="empty_report" name="tlg_functions_return_null_reports_when_domain_table_is_empty"/>
    <testcase time="0.292000000000002" classname="empty_report" name="tlg_functions_return_null_reports_when_domain_table_is_empty"/>
    <testcase time="0.609000000000009" classname="empty_report" name="tlg_functions_return_null_reports_when_domain_table_is_empty"/>
    <testcase time="0.35199999999999" classname="empty_report" name="tlg_functions_return_null_reports_when_domain_table_is_empty"/>
    <testcase time="0.326999999999998" classname="empty_report" name="tlg_functions_return_null_reports_when_domain_table_is_empty"/>
    <testcase time="0.38900000000001" classname="empty_report" name="tlg_functions_return_null_reports_when_domain_table_is_empty"/>
    <testcase time="0.296999999999997" classname="empty_report" name="tlg_functions_return_null_reports_when_domain_table_is_empty"/>
    <testcase time="0.0789999999999935" classname="empty_report" name="tlg_functions_return_null_reports_when_domain_table_is_empty"/>
    <testcase time="0.0620000000000118" classname="empty_report" name="tlg_functions_return_null_reports_when_domain_table_is_empty"/>
    <testcase time="0.0749999999999886" classname="empty_report" name="tlg_functions_return_null_reports_when_domain_table_is_empty"/>
    <testcase time="0.0520000000000067" classname="empty_report" name="tlg_functions_return_null_reports_when_domain_table_is_empty"/>
    <testcase time="0.0519999999999925" classname="empty_report" name="tlg_functions_return_null_reports_when_domain_table_is_empty"/>
    <testcase time="0.0810000000000031" classname="empty_report" name="tlg_functions_return_null_reports_when_domain_table_is_empty"/>
    <testcase time="0.0499999999999972" classname="empty_report" name="tlg_functions_return_null_reports_when_domain_table_is_empty"/>
    <testcase time="0.400000000000006" classname="empty_report" name="tlg_functions_return_null_reports_when_domain_table_is_empty"/>
    <testcase time="0.0570000000000022" classname="empty_report" name="tlg_functions_return_null_reports_when_domain_table_is_empty"/>
    <testcase time="0.560999999999993" classname="empty_report" name="tlg_functions_return_null_reports_when_domain_table_is_empty"/>
    <testcase time="0.288000000000011" classname="empty_report" name="tlg_functions_return_null_reports_when_domain_table_is_empty"/>
    <testcase time="0.268000000000001" classname="empty_report" name="tlg_functions_return_null_reports_when_domain_table_is_empty"/>
    <testcase time="0.0699999999999932" classname="empty_report" name="tlg_functions_return_null_reports_when_domain_table_is_empty"/>
    <testcase time="0.0559999999999974" classname="empty_report" name="tlg_functions_return_null_reports_when_domain_table_is_empty"/>
    <testcase time="0.100000000000009" classname="empty_report" name="tlg_functions_return_null_reports_when_domain_table_is_empty"/>
    <testcase time="0.0919999999999987" classname="empty_report" name="tlg_functions_return_null_reports_when_domain_table_is_empty"/>
    <testcase time="0.214999999999989" classname="empty_report" name="tlg_functions_return_null_reports_when_domain_table_is_empty"/>
  </testsuite>
  <testsuite name="ext01" timestamp="2023-04-04T09:08:31Z" hostname="c4cf5474498b" tests="3" skipped="2" failures="0" errors="0" time="0.704">
    <testcase time="0.163000000000011" classname="ext01" name="ext01_works"/>
    <testcase time="0.046999999999997" classname="ext01" name="ext01_works">
      <skipped message="Reason: On CRAN ('test-ext01.R:4:3')"/>
    </testcase>
    <testcase time="0.494" classname="ext01" name="ext02_1_works_for_selected_parameters">
      <skipped message="Reason: On CRAN ('test-ext01.R:16:3')"/>
    </testcase>
  </testsuite>
  <testsuite name="lbt01" timestamp="2023-04-04T09:08:31Z" hostname="c4cf5474498b" tests="2" skipped="1" failures="0" errors="0" time="1.488">
    <testcase time="1.315" classname="lbt01" name="lbt01_1_can_handle_n_0_and_outputs_NE_instead_of_infs_and_NAs"/>
    <testcase time="0.173000000000002" classname="lbt01" name="lbt01_1_can_handle_n_0_and_outputs_NE_instead_of_infs_and_NAs">
      <skipped message="Reason: On CRAN ('test-lbt01.R:11:3')"/>
    </testcase>
  </testsuite>
  <testsuite name="lbt04" timestamp="2023-04-04T09:08:33Z" hostname="c4cf5474498b" tests="5" skipped="2" failures="0" errors="0" time="1.101">
    <testcase time="0.310999999999993" classname="lbt04" name="lbt04_can_handle_all_NA_values"/>
    <testcase time="0.0250000000000057" classname="lbt04" name="lbt04_can_handle_all_NA_values">
      <skipped message="Reason: On CRAN ('test-lbt04.R:12:3')"/>
    </testcase>
    <testcase time="0.619" classname="lbt04" name="lbt04_can_handle_some_NA_values"/>
    <testcase time="0.105000000000004" classname="lbt04" name="lbt04_can_handle_some_NA_values">
      <skipped message="Reason: On CRAN ('test-lbt04.R:26:3')"/>
    </testcase>
    <testcase time="0.0409999999999968" classname="lbt04" name="lbt04_fails_on_incomlete_date"/>
  </testsuite>
  <testsuite name="lbt05" timestamp="2023-04-04T09:08:34Z" hostname="c4cf5474498b" tests="4" skipped="1" failures="0" errors="0" time="1.338">
    <testcase time="0.596000000000004" classname="lbt05" name="lbt05_give_all_0_count_if_ANRIND_are_all_missing"/>
    <testcase time="0.605999999999995" classname="lbt05" name="lbt05_can_handle_some_NA_values"/>
    <testcase time="0.102000000000004" classname="lbt05" name="lbt05_can_handle_some_NA_values">
      <skipped message="Reason: On CRAN ('test-lbt05.R:24:3')"/>
    </testcase>
    <testcase time="0.0339999999999918" classname="lbt05" name="lbt05_fails_on_incomlete_date"/>
  </testsuite>
  <testsuite name="lbt07" timestamp="2023-04-04T09:08:35Z" hostname="c4cf5474498b" tests="3" skipped="1" failures="0" errors="0" time="1.468">
    <testcase time="0.844999999999999" classname="lbt07" name="lbt07_can_handle_some_NA_values"/>
    <testcase time="0.149000000000001" classname="lbt07" name="lbt07_can_handle_some_NA_values">
      <skipped message="Reason: On CRAN ('test-lbt07.R:12:3')"/>
    </testcase>
    <testcase time="0.474000000000004" classname="lbt07" name="lbt07_fails_on_incomlete_data"/>
  </testsuite>
  <testsuite name="lbt14" timestamp="2023-04-04T09:08:37Z" hostname="c4cf5474498b" tests="12" skipped="6" failures="0" errors="0" time="11.128">
    <testcase time="1.477" classname="lbt14" name="lbt14_1_can_handle_all_NA_values"/>
    <testcase time="0.046999999999997" classname="lbt14" name="lbt14_1_can_handle_all_NA_values">
      <skipped message="Reason: On CRAN ('test-lbt14.R:12:3')"/>
    </testcase>
    <testcase time="1.749" classname="lbt14" name="lbt14_1_can_handle_some_NA_values"/>
    <testcase time="0.27300000000001" classname="lbt14" name="lbt14_1_can_handle_some_NA_values">
      <skipped message="Reason: On CRAN ('test-lbt14.R:31:3')"/>
    </testcase>
    <testcase time="1.831" classname="lbt14" name="lbt14_1_can_accept_different_gr_missing">
      <skipped message="Reason: On CRAN ('test-lbt14.R:35:3')"/>
    </testcase>
    <testcase time="0.032999999999987" classname="lbt14" name="lbt14_1_fails_on_incomlete_data"/>
    <testcase time="1.57600000000001" classname="lbt14" name="lbt14_2_can_handle_all_NA_values"/>
    <testcase time="0.0589999999999975" classname="lbt14" name="lbt14_2_can_handle_all_NA_values">
      <skipped message="Reason: On CRAN ('test-lbt14.R:59:3')"/>
    </testcase>
    <testcase time="1.83200000000001" classname="lbt14" name="lbt14_2_can_handle_some_NA_values"/>
    <testcase time="0.296999999999997" classname="lbt14" name="lbt14_2_can_handle_some_NA_values">
      <skipped message="Reason: On CRAN ('test-lbt14.R:78:3')"/>
    </testcase>
    <testcase time="1.913" classname="lbt14" name="lbt14_2_can_accept_different_gr_missing">
      <skipped message="Reason: On CRAN ('test-lbt14.R:82:3')"/>
    </testcase>
    <testcase time="0.0409999999999968" classname="lbt14" name="lbt14_2_fails_on_incomlete_data"/>
  </testsuite>
  <testsuite name="mht01" timestamp="2023-04-04T09:08:48Z" hostname="c4cf5474498b" tests="2" skipped="2" failures="0" errors="0" time="1.289">
    <testcase time="0.632000000000005" classname="mht01" name="mht01_1_works">
      <skipped message="Reason: On CRAN ('test-mht01.R:4:3')"/>
    </testcase>
    <testcase time="0.656999999999996" classname="mht01" name="mht01_1_works_on_NULL_in_lbl_mhbodsys_or_lbl_mhdecod">
      <skipped message="Reason: On CRAN ('test-mht01.R:8:3')"/>
    </testcase>
  </testsuite>
  <testsuite name="mng01" timestamp="2023-04-04T09:08:49Z" hostname="c4cf5474498b" tests="5" skipped="0" failures="0" errors="0" time="6.112">
    <testcase time="1.31700000000001" classname="mng01" name="mng01_1_works_as_expected"/>
    <testcase time="1.16" classname="mng01" name="mng01_1_works_as_expected_with_custom_color_set"/>
    <testcase time="1.209" classname="mng01" name="mng01_1_works_as_expected_with_custom_color_set"/>
    <testcase time="1.229" classname="mng01" name="mng01_1_works_if_show_v_grid_show_h_grid_is_TRUE"/>
    <testcase time="1.19699999999999" classname="mng01" name="mng01_1_works_on_custom_color_with_named_line_col"/>
  </testsuite>
  <testsuite name="pdt01" timestamp="2023-04-04T09:08:55Z" hostname="c4cf5474498b" tests="4" skipped="2" failures="0" errors="0" time="1.266">
    <testcase time="0.350000000000009" classname="pdt01" name="pdt01_1_can_handle_all_NA_values"/>
    <testcase time="0.0390000000000015" classname="pdt01" name="pdt01_1_can_handle_all_NA_values">
      <skipped message="Reason: On CRAN ('test-pdt01.R:11:3')"/>
    </testcase>
    <testcase time="0.774000000000001" classname="pdt01" name="pdt01_1_can_handle_some_NA_values"/>
    <testcase time="0.102999999999994" classname="pdt01" name="pdt01_1_can_handle_some_NA_values">
      <skipped message="Reason: On CRAN ('test-pdt01.R:27:3')"/>
    </testcase>
  </testsuite>
  <testsuite name="pdt02" timestamp="2023-04-04T09:08:57Z" hostname="c4cf5474498b" tests="4" skipped="2" failures="0" errors="0" time="0.834">
    <testcase time="0.346999999999994" classname="pdt02" name="pdt02_1_can_handle_all_NA_values"/>
    <testcase time="0.0330000000000013" classname="pdt02" name="pdt02_1_can_handle_all_NA_values">
      <skipped message="Reason: On CRAN ('test-pdt02.R:11:3')"/>
    </testcase>
    <testcase time="0.404000000000011" classname="pdt02" name="pdt02_1_can_handle_some_NA_values"/>
    <testcase time="0.0499999999999972" classname="pdt02" name="pdt02_1_can_handle_some_NA_values">
      <skipped message="Reason: On CRAN ('test-pdt02.R:27:3')"/>
    </testcase>
  </testsuite>
  <testsuite name="utils" timestamp="2023-04-04T09:08:57Z" hostname="c4cf5474498b" tests="25" skipped="0" failures="0" errors="0" time="0.113">
    <testcase time="0.0169999999999959" classname="utils" name="h_format_dec_works_as_exected"/>
    <testcase time="0.00400000000000489" classname="utils" name="h_format_dec_works_as_exected"/>
    <testcase time="0.00199999999999534" classname="utils" name="h_format_dec_works_as_exected"/>
    <testcase time="0.00300000000000011" classname="utils" name="h_format_dec_works_as_exected"/>
    <testcase time="0.00199999999999534" classname="utils" name="h_format_dec_works_as_exected"/>
    <testcase time="0.00400000000000489" classname="utils" name="h_format_dec_works_as_exected"/>
    <testcase time="0.00199999999999534" classname="utils" name="h_format_dec_works_as_exected"/>
    <testcase time="0.00300000000000011" classname="utils" name="h_format_dec_works_as_exected"/>
    <testcase time="0.00200000000000955" classname="utils" name="h_format_dec_works_as_exected"/>
    <testcase time="0.00399999999999068" classname="utils" name="h_format_dec_works_as_exected"/>
    <testcase time="0.00200000000000955" classname="utils" name="h_format_dec_works_as_exected"/>
    <testcase time="0.00300000000000011" classname="utils" name="h_format_dec_works_as_exected"/>
    <testcase time="0.00699999999999079" classname="utils" name="h_format_dec_works_as_expected_with_more_than_one_value"/>
    <testcase time="0.00400000000000489" classname="utils" name="h_format_dec_works_as_expected_with_more_than_one_value"/>
    <testcase time="0.00600000000000023" classname="utils" name="h_format_dec_works_returns_null_with_NA_format"/>
    <testcase time="0.007000000000005" classname="utils" name="h_format_dec_works_as_expected_with_NA_digits"/>
    <testcase time="0.00600000000000023" classname="utils" name="h_format_dec_works_as_expected_with_NA_digits"/>
    <testcase time="0.00699999999999079" classname="utils" name="get_db_data_works"/>
    <testcase time="0.00400000000000489" classname="utils" name="get_db_data_works"/>
    <testcase time="0.007000000000005" classname="utils" name="fuse_sequentially_works"/>
    <testcase time="0.00399999999999068" classname="utils" name="fuse_sequentially_works"/>
    <testcase time="0.00500000000000966" classname="utils" name="grob_list_works"/>
    <testcase time="0.000999999999990564" classname="utils" name="grob_list_works"/>
    <testcase time="0.00300000000000011" classname="utils" name="grob_list_works"/>
    <testcase time="0.00400000000000489" classname="utils" name="grob_list_works"/>
  </testsuite>
  <testsuite name="vst02" timestamp="2023-04-04T09:08:58Z" hostname="c4cf5474498b" tests="2" skipped="2" failures="0" errors="0" time="0.79">
    <testcase time="0.396999999999991" classname="vst02" name="vst02_1_works">
      <skipped message="Reason: On CRAN ('test-vst02.R:4:3')"/>
    </testcase>
    <testcase time="0.393000000000001" classname="vst02" name="vst02_2_works">
      <skipped message="Reason: On CRAN ('test-vst02.R:11:3')"/>
    </testcase>
  </testsuite>
</testsuites>
