<?xml version="1.0" encoding="UTF-8"?>
<testsuites>
  <testsuite name="aet01" timestamp="2023-03-24T03:39:27Z" hostname="1207edfc558a" tests="9" skipped="4" failures="0" errors="0" time="4.322">
    <testcase time="1.914" classname="aet01" name="aet01_can_handle_all_NA_values"/>
    <testcase time="0.155" classname="aet01" name="aet01_can_handle_all_NA_values">
      <skipped message="Reason: On CRAN ('test-aet01.R:13:3')"/>
    </testcase>
    <testcase time="0.682" classname="aet01" name="aet01_can_handle_some_NA_values"/>
    <testcase time="0.156" classname="aet01" name="aet01_can_handle_some_NA_values">
      <skipped message="Reason: On CRAN ('test-aet01.R:31:3')"/>
    </testcase>
    <testcase time="0.55" classname="aet01" name="aet01_can_use_custom_lbl_safety_var"/>
    <testcase time="0.0499999999999998" classname="aet01" name="aet01_can_use_custom_lbl_safety_var">
      <skipped message="Reason: On CRAN ('test-aet01.R:36:3')"/>
    </testcase>
    <testcase time="0.0449999999999999" classname="aet01" name="aet01_fails_on_incomplete_data_input"/>
    <testcase time="0.682" classname="aet01" name="aet01_2_can_use_custom_medconcept_var"/>
    <testcase time="0.0880000000000001" classname="aet01" name="aet01_2_can_use_custom_medconcept_var">
      <skipped message="Reason: On CRAN ('test-aet01.R:52:3')"/>
    </testcase>
  </testsuite>
  <testsuite name="aet01_aesi" timestamp="2023-03-24T03:39:31Z" hostname="1207edfc558a" tests="7" skipped="3" failures="0" errors="0" time="1.98">
    <testcase time="0.57" classname="aet01_aesi" name="aet01_aesi_can_handle_all_NA_values"/>
    <testcase time="0.0759999999999996" classname="aet01_aesi" name="aet01_aesi_can_handle_all_NA_values">
      <skipped message="Reason: On CRAN ('test-aet01_aesi.R:18:3')"/>
    </testcase>
    <testcase time="0.516000000000001" classname="aet01_aesi" name="aet01_aesi_can_handle_some_NA_values"/>
    <testcase time="0.0659999999999989" classname="aet01_aesi" name="aet01_aesi_can_handle_some_NA_values">
      <skipped message="Reason: On CRAN ('test-aet01_aesi.R:32:3')"/>
    </testcase>
    <testcase time="0.599" classname="aet01_aesi" name="aet01_aesi_works_with_ALL_argument"/>
    <testcase time="0.117000000000001" classname="aet01_aesi" name="aet01_aesi_works_with_ALL_argument">
      <skipped message="Reason: On CRAN ('test-aet01_aesi.R:37:3')"/>
    </testcase>
    <testcase time="0.0359999999999996" classname="aet01_aesi" name="aet01_aesi_1_check_fails_on_incomplete_data_input"/>
  </testsuite>
  <testsuite name="aet02" timestamp="2023-03-24T03:39:33Z" hostname="1207edfc558a" tests="2" skipped="0" failures="0" errors="0" time="0.175">
    <testcase time="0.0419999999999998" classname="aet02" name="aet02_fails_on_incomplete_data_input"/>
    <testcase time="0.132999999999999" classname="aet02" name="aet02_handle_empty_data_input"/>
  </testsuite>
  <testsuite name="aet03" timestamp="2023-03-24T03:39:33Z" hostname="1207edfc558a" tests="4" skipped="2" failures="0" errors="0" time="2.58">
    <testcase time="0.597000000000001" classname="aet03" name="aet03_can_handle_NA_values"/>
    <testcase time="0.0649999999999995" classname="aet03" name="aet03_can_handle_NA_values">
      <skipped message="Reason: On CRAN ('test-aet03.R:11:3')"/>
    </testcase>
    <testcase time="1.703" classname="aet03" name="aet03_can_handle_some_NA_values"/>
    <testcase time="0.215" classname="aet03" name="aet03_can_handle_some_NA_values">
      <skipped message="Reason: On CRAN ('test-aet03.R:29:3')"/>
    </testcase>
  </testsuite>
  <testsuite name="aet04" timestamp="2023-03-24T03:39:36Z" hostname="1207edfc558a" tests="4" skipped="2" failures="0" errors="0" time="3.894">
    <testcase time="0.774000000000001" classname="aet04" name="aet04_can_handle_NA_values"/>
    <testcase time="0.121" classname="aet04" name="aet04_can_handle_NA_values">
      <skipped message="Reason: On CRAN ('test-aet04.R:11:3')"/>
    </testcase>
    <testcase time="2.707" classname="aet04" name="aet04_can_handle_some_NA_values"/>
    <testcase time="0.292" classname="aet04" name="aet04_can_handle_some_NA_values">
      <skipped message="Reason: On CRAN ('test-aet04.R:44:3')"/>
    </testcase>
  </testsuite>
  <testsuite name="aet10" timestamp="2023-03-24T03:39:40Z" hostname="1207edfc558a" tests="4" skipped="2" failures="0" errors="0" time="0.357">
    <testcase time="0.129000000000001" classname="aet10" name="aet10_1_can_handle_NA_values"/>
    <testcase time="0.0269999999999992" classname="aet10" name="aet10_1_can_handle_NA_values">
      <skipped message="Reason: On CRAN ('test-aet10.R:11:3')"/>
    </testcase>
    <testcase time="0.148" classname="aet10" name="aet10_1_can_handle_some_NA_values"/>
    <testcase time="0.0530000000000008" classname="aet10" name="aet10_1_can_handle_some_NA_values">
      <skipped message="Reason: On CRAN ('test-aet10.R:25:3')"/>
    </testcase>
  </testsuite>
  <testsuite name="assertions" timestamp="2023-03-24T03:39:40Z" hostname="1207edfc558a" tests="14" skipped="0" failures="0" errors="0" time="1.456">
    <testcase time="0.0250000000000004" classname="assertions" name="assert_colnames_works_as_expected"/>
    <testcase time="0.00599999999999845" classname="assertions" name="assert_colnames_works_as_expected"/>
    <testcase time="0.00100000000000122" classname="assertions" name="assert_colnames_works_as_expected"/>
    <testcase time="0.00499999999999901" classname="assertions" name="assert_colnames_works_as_expected"/>
    <testcase time="0.199999999999999" classname="assertions" name="assert_one_tablenames_works_as_expected"/>
    <testcase time="0.211000000000002" classname="assertions" name="assert_one_tablenames_works_as_expected"/>
    <testcase time="0.199999999999999" classname="assertions" name="assert_one_tablenames_works_as_expected"/>
    <testcase time="0.198" classname="assertions" name="assert_one_tablenames_works_as_expected"/>
    <testcase time="0.198" classname="assertions" name="assert_all_tablenames_works_as_expected"/>
    <testcase time="0.192" classname="assertions" name="assert_all_tablenames_works_as_expected"/>
    <testcase time="0.198" classname="assertions" name="assert_all_tablenames_works_as_expected"/>
    <testcase time="0.00899999999999679" classname="assertions" name="assert_args_works_as_expected"/>
    <testcase time="0.00200000000000244" classname="assertions" name="assert_args_works_as_expected"/>
    <testcase time="0.0109999999999992" classname="assertions" name="assert_args_works_as_expected"/>
  </testsuite>
  <testsuite name="checks" timestamp="2023-03-24T03:39:42Z" hostname="1207edfc558a" tests="8" skipped="0" failures="0" errors="0" time="0.033">
    <testcase time="0.00900000000000034" classname="checks" name="check_all_colnames_works_as_expected"/>
    <testcase time="0.00400000000000134" classname="checks" name="check_all_colnames_works_as_expected"/>
    <testcase time="0.00199999999999889" classname="checks" name="check_all_colnames_works_as_expected"/>
    <testcase time="0.00399999999999778" classname="checks" name="check_all_colnames_works_as_expected"/>
    <testcase time="0.00500000000000256" classname="checks" name="check_one_colnames_works_as_expected"/>
    <testcase time="0.00399999999999778" classname="checks" name="check_one_colnames_works_as_expected"/>
    <testcase time="0.00200000000000244" classname="checks" name="check_one_colnames_works_as_expected"/>
    <testcase time="0.00300000000000011" classname="checks" name="check_one_colnames_works_as_expected"/>
  </testsuite>
  <testsuite name="chevron_tlg-class" timestamp="2023-03-24T03:39:42Z" hostname="1207edfc558a" tests="24" skipped="0" failures="0" errors="0" time="0.094">
    <testcase time="0.00999999999999801" classname="chevron_tlg_class" name="chevron_t_object_can_be_constructed_with_default_values"/>
    <testcase time="0.00499999999999901" classname="chevron_tlg_class" name="chevron_t_object_can_be_constructed_with_default_values"/>
    <testcase time="0.00600000000000023" classname="chevron_tlg_class" name="chevron_t_object_can_be_constructed_with_custom_values"/>
    <testcase time="0.00400000000000134" classname="chevron_tlg_class" name="chevron_t_object_can_be_constructed_with_custom_values"/>
    <testcase time="0.00300000000000011" classname="chevron_tlg_class" name="chevron_t_object_can_be_constructed_with_custom_values"/>
    <testcase time="0.00400000000000134" classname="chevron_tlg_class" name="chevron_t_object_can_be_constructed_with_custom_values"/>
    <testcase time="0.0139999999999993" classname="chevron_tlg_class" name="chevron_t_constructor_returns_an_error_when_expected"/>
    <testcase time="0.00199999999999889" classname="chevron_tlg_class" name="chevron_t_constructor_returns_an_error_when_expected"/>
    <testcase time="0.00100000000000122" classname="chevron_tlg_class" name="chevron_t_constructor_returns_an_error_when_expected"/>
    <testcase time="0.000999999999997669" classname="chevron_tlg_class" name="chevron_t_constructor_returns_an_error_when_expected"/>
    <testcase time="0.00100000000000122" classname="chevron_tlg_class" name="chevron_t_constructor_returns_an_error_when_expected"/>
    <testcase time="0.00100000000000122" classname="chevron_tlg_class" name="chevron_t_constructor_returns_an_error_when_expected"/>
    <testcase time="0.0069999999999979" classname="chevron_tlg_class" name="chevron_l_object_can_be_constructed_with_default_values"/>
    <testcase time="0.00400000000000134" classname="chevron_tlg_class" name="chevron_l_object_can_be_constructed_with_default_values"/>
    <testcase time="0.00700000000000145" classname="chevron_tlg_class" name="chevron_g_object_can_be_constructed_with_custom_values"/>
    <testcase time="0.00399999999999778" classname="chevron_tlg_class" name="chevron_g_object_can_be_constructed_with_custom_values"/>
    <testcase time="0.00300000000000011" classname="chevron_tlg_class" name="chevron_g_object_can_be_constructed_with_custom_values"/>
    <testcase time="0.00499999999999901" classname="chevron_tlg_class" name="chevron_g_object_can_be_constructed_with_custom_values"/>
    <testcase time="0.00500000000000256" classname="chevron_tlg_class" name="chevron_g_constructor_returns_an_error_when_expected"/>
    <testcase time="0.00199999999999889" classname="chevron_tlg_class" name="chevron_g_constructor_returns_an_error_when_expected"/>
    <testcase time="0.00100000000000122" classname="chevron_tlg_class" name="chevron_g_constructor_returns_an_error_when_expected"/>
    <testcase time="0.000999999999997669" classname="chevron_tlg_class" name="chevron_g_constructor_returns_an_error_when_expected"/>
    <testcase time="0.00200000000000244" classname="chevron_tlg_class" name="chevron_g_constructor_returns_an_error_when_expected"/>
    <testcase time="0.000999999999997669" classname="chevron_tlg_class" name="chevron_g_constructor_returns_an_error_when_expected"/>
  </testsuite>
  <testsuite name="chevron_tlg-methods" timestamp="2023-03-24T03:39:42Z" hostname="1207edfc558a" tests="44" skipped="3" failures="0" errors="0" time="3.468">
    <testcase time="2.738" classname="chevron_tlg_methods" name="run_works_as_expected_for_chevron_t_object">
      <skipped message="Reason: On CRAN ('test-chevron_tlg-methods.R:5:3')"/>
    </testcase>
    <testcase time="0.0180000000000007" classname="chevron_tlg_methods" name="run_returns_a_warning_if_provided_with_invalid_arguments"/>
    <testcase time="0.469000000000001" classname="chevron_tlg_methods" name="run_works_as_expected_for_chevron_t_object_when_auto_pre_FALSE">
      <skipped message="Reason: On CRAN ('test-chevron_tlg-methods.R:18:3')"/>
    </testcase>
    <testcase time="0.0150000000000006" classname="chevron_tlg_methods" name="args_ls_works_as_expected"/>
    <testcase time="0.000999999999997669" classname="chevron_tlg_methods" name="args_ls_works_as_expected"/>
    <testcase time="0.00100000000000122" classname="chevron_tlg_methods" name="args_ls_works_as_expected"/>
    <testcase time="0.00499999999999901" classname="chevron_tlg_methods" name="args_ls_works_as_expected_when_simplify_is_TRUE"/>
    <testcase time="0.00100000000000122" classname="chevron_tlg_methods" name="args_ls_works_as_expected_when_simplify_is_TRUE"/>
    <testcase time="0.000999999999997669" classname="chevron_tlg_methods" name="args_ls_works_as_expected_when_simplify_is_TRUE"/>
    <testcase time="0.00500000000000256" classname="chevron_tlg_methods" name="args_ls_works_as_expected_with_custom_chevron_tlg_object"/>
    <testcase time="0.000999999999997669" classname="chevron_tlg_methods" name="args_ls_works_as_expected_with_custom_chevron_tlg_object"/>
    <testcase time="0.00200000000000244" classname="chevron_tlg_methods" name="args_ls_works_as_expected_with_custom_chevron_tlg_object"/>
    <testcase time="0.00399999999999778" classname="chevron_tlg_methods" name="args_ls_works_as_expected_with_custom_chevron_tlg_object"/>
    <testcase time="0.00700000000000145" classname="chevron_tlg_methods" name="main_works_as_expected"/>
    <testcase time="0.00900000000000034" classname="chevron_tlg_methods" name="get_main_works_as_expected"/>
    <testcase time="0.00399999999999778" classname="chevron_tlg_methods" name="get_main_works_as_expected"/>
    <testcase time="0.00800000000000267" classname="chevron_tlg_methods" name="main_setter_works_as_expected"/>
    <testcase time="0.0119999999999969" classname="chevron_tlg_methods" name="main_setter_throw_an_error_as_expected"/>
    <testcase time="0.00700000000000145" classname="chevron_tlg_methods" name="preprocess_works_as_expected"/>
    <testcase time="0.00900000000000034" classname="chevron_tlg_methods" name="get_preprocess_works_as_expected"/>
    <testcase time="0.00399999999999778" classname="chevron_tlg_methods" name="get_preprocess_works_as_expected"/>
    <testcase time="0.00700000000000145" classname="chevron_tlg_methods" name="preprocess_setter_works_as_expected"/>
    <testcase time="0.0120000000000005" classname="chevron_tlg_methods" name="preprocess_sends_an_error_as_expected"/>
    <testcase time="0.00799999999999912" classname="chevron_tlg_methods" name="postprocess_works_as_expected"/>
    <testcase time="0.00900000000000034" classname="chevron_tlg_methods" name="get_postprocess_works_as_expected"/>
    <testcase time="0.00399999999999778" classname="chevron_tlg_methods" name="get_postprocess_works_as_expected"/>
    <testcase time="0.00800000000000267" classname="chevron_tlg_methods" name="postprocess_setter_works_as_expected"/>
    <testcase time="0.0129999999999981" classname="chevron_tlg_methods" name="postprocess_sends_an_error_as_expected"/>
    <testcase time="0.00700000000000145" classname="chevron_tlg_methods" name="datasets_works_as_expected"/>
    <testcase time="0.00900000000000034" classname="chevron_tlg_methods" name="get_adam_datasets_works_as_expected"/>
    <testcase time="0.00499999999999901" classname="chevron_tlg_methods" name="get_adam_datasets_works_as_expected"/>
    <testcase time="0.00799999999999912" classname="chevron_tlg_methods" name="datasets_setter_works_as_expected"/>
    <testcase time="0.0139999999999993" classname="chevron_tlg_methods" name="script_works_as_expected"/>
    <testcase time="0.00200000000000244" classname="chevron_tlg_methods" name="script_works_as_expected"/>
    <testcase time="0.00199999999999889" classname="chevron_tlg_methods" name="script_works_as_expected"/>
    <testcase time="0.00600000000000023" classname="chevron_tlg_methods" name="script_works_as_expected_with_dictionary_of_arguments"/>
    <testcase time="0.00199999999999889" classname="chevron_tlg_methods" name="script_works_as_expected_with_dictionary_of_arguments"/>
    <testcase time="0.00100000000000122" classname="chevron_tlg_methods" name="script_works_as_expected_with_dictionary_of_arguments"/>
    <testcase time="0.00100000000000122" classname="chevron_tlg_methods" name="script_works_as_expected_with_dictionary_of_arguments"/>
    <testcase time="0.00499999999999901" classname="chevron_tlg_methods" name="script_funs_works_as_expected_in_interactive_mode">
      <skipped message="Reason: !interactive() is TRUE ('test-chevron_tlg-methods.R:201:3')"/>
    </testcase>
    <testcase time="0.0139999999999993" classname="chevron_tlg_methods" name="script_funs_works_as_expected"/>
    <testcase time="0.00199999999999889" classname="chevron_tlg_methods" name="script_funs_works_as_expected"/>
    <testcase time="0.00600000000000023" classname="chevron_tlg_methods" name="script_funs_works_as_expected_with_details_set_to_TRUE"/>
    <testcase time="0.00200000000000244" classname="chevron_tlg_methods" name="script_funs_works_as_expected_with_details_set_to_TRUE"/>
  </testsuite>
  <testsuite name="cmt01a" timestamp="2023-03-24T03:39:45Z" hostname="1207edfc558a" tests="12" skipped="6" failures="0" errors="0" time="4.503">
    <testcase time="0.398" classname="cmt01a" name="cmt01a_can_handle_all_NA_values"/>
    <testcase time="0.0410000000000004" classname="cmt01a" name="cmt01a_can_handle_all_NA_values">
      <skipped message="Reason: On CRAN ('test-cmt01a.R:11:3')"/>
    </testcase>
    <testcase time="0.907" classname="cmt01a" name="cmt01a_can_handle_some_NA_values"/>
    <testcase time="0.171999999999997" classname="cmt01a" name="cmt01a_can_handle_some_NA_values">
      <skipped message="Reason: On CRAN ('test-cmt01a.R:27:3')"/>
    </testcase>
    <testcase time="0.403000000000002" classname="cmt01a" name="cmt01a_2_can_handle_all_NA_values"/>
    <testcase time="0.0399999999999991" classname="cmt01a" name="cmt01a_2_can_handle_all_NA_values">
      <skipped message="Reason: On CRAN ('test-cmt01a.R:40:3')"/>
    </testcase>
    <testcase time="0.93" classname="cmt01a" name="cmt01a_2_can_handle_some_NA_values"/>
    <testcase time="0.173999999999999" classname="cmt01a" name="cmt01a_2_can_handle_some_NA_values">
      <skipped message="Reason: On CRAN ('test-cmt01a.R:56:3')"/>
    </testcase>
    <testcase time="0.391999999999999" classname="cmt01a" name="cmt01a_3_can_handle_all_NA_values"/>
    <testcase time="0.0390000000000015" classname="cmt01a" name="cmt01a_3_can_handle_all_NA_values">
      <skipped message="Reason: On CRAN ('test-cmt01a.R:69:3')"/>
    </testcase>
    <testcase time="0.859000000000002" classname="cmt01a" name="cmt01a_3_can_handle_some_NA_values"/>
    <testcase time="0.148" classname="cmt01a" name="cmt01a_3_can_handle_some_NA_values">
      <skipped message="Reason: On CRAN ('test-cmt01a.R:85:3')"/>
    </testcase>
  </testsuite>
  <testsuite name="cmt02_pt" timestamp="2023-03-24T03:39:50Z" hostname="1207edfc558a" tests="4" skipped="2" failures="0" errors="0" time="0.87">
    <testcase time="0.372" classname="cmt02_pt" name="cmt02_pt_1_can_handle_all_NA_values"/>
    <testcase time="0.032" classname="cmt02_pt" name="cmt02_pt_1_can_handle_all_NA_values">
      <skipped message="Reason: On CRAN ('test-cmt02_pt.R:11:3')"/>
    </testcase>
    <testcase time="0.404999999999998" classname="cmt02_pt" name="cmt02_pt_1_can_handle_some_NA_values"/>
    <testcase time="0.0609999999999999" classname="cmt02_pt" name="cmt02_pt_1_can_handle_some_NA_values">
      <skipped message="Reason: On CRAN ('test-cmt02_pt.R:27:3')"/>
    </testcase>
  </testsuite>
  <testsuite name="default_tlg" timestamp="2023-03-24T03:39:51Z" hostname="1207edfc558a" tests="39" skipped="39" failures="0" errors="0" time="45.388">
    <testcase time="0.753" classname="default_tlg" name="aet01_1_function_with_default_argument_value_return_expected_result_with_test_data">
      <skipped message="Reason: On CRAN ('test-default_tlg.R:5:3')"/>
    </testcase>
    <testcase time="0.827000000000002" classname="default_tlg" name="aet01_2_functions_with_default_argument_value_return_expected_result_with_test_data">
      <skipped message="Reason: On CRAN ('test-default_tlg.R:12:3')"/>
    </testcase>
    <testcase time="0.587" classname="default_tlg" name="aet01_aesi_1_function_with_default_argument_value_return_expected_result_with_test_data">
      <skipped message="Reason: On CRAN ('test-default_tlg.R:19:3')"/>
    </testcase>
    <testcase time="0.68" classname="default_tlg" name="aet02_1_functions_with_default_argument_value_return_expected_result_with_test_data">
      <skipped message="Reason: On CRAN ('test-default_tlg.R:26:3')"/>
    </testcase>
    <testcase time="1.177" classname="default_tlg" name="aet02_2_functions_with_default_argument_value_return_expected_result_with_test_data">
      <skipped message="Reason: On CRAN ('test-default_tlg.R:33:3')"/>
    </testcase>
    <testcase time="0.308" classname="default_tlg" name="aet02_3_functions_with_default_argument_value_return_expected_result_with_test_data">
      <skipped message="Reason: On CRAN ('test-default_tlg.R:40:3')"/>
    </testcase>
    <testcase time="1.966" classname="default_tlg" name="aet03_1_functions_with_default_argument_value_return_expected_result_with_test_data">
      <skipped message="Reason: On CRAN ('test-default_tlg.R:47:3')"/>
    </testcase>
    <testcase time="2.925" classname="default_tlg" name="aet04_1_functions_with_default_argument_value_return_expected_result_with_test_data">
      <skipped message="Reason: On CRAN ('test-default_tlg.R:54:3')"/>
    </testcase>
    <testcase time="0.201999999999998" classname="default_tlg" name="aet10_1_functions_with_default_argument_value_return_expected_result_with_test_data">
      <skipped message="Reason: On CRAN ('test-default_tlg.R:61:3')"/>
    </testcase>
    <testcase time="1.064" classname="default_tlg" name="cmt01a_1_functions_with_default_argument_value_return_expected_result_with_test_data">
      <skipped message="Reason: On CRAN ('test-default_tlg.R:68:3')"/>
    </testcase>
    <testcase time="1.066" classname="default_tlg" name="cmt01a_2_functions_with_default_argument_value_return_expected_result_with_test_data">
      <skipped message="Reason: On CRAN ('test-default_tlg.R:75:3')"/>
    </testcase>
    <testcase time="1.137" classname="default_tlg" name="cmt01a_3_functions_with_default_argument_value_return_expected_result_with_test_data">
      <skipped message="Reason: On CRAN ('test-default_tlg.R:82:3')"/>
    </testcase>
    <testcase time="0.425999999999995" classname="default_tlg" name="cmt02_pt_1_functions_with_default_argument_value_return_expected_result_with_test_data">
      <skipped message="Reason: On CRAN ('test-default_tlg.R:89:3')"/>
    </testcase>
    <testcase time="2.201" classname="default_tlg" name="dmt01_1_functions_with_default_argument_value_return_expected_result_with_test_data">
      <skipped message="Reason: On CRAN ('test-default_tlg.R:96:3')"/>
    </testcase>
    <testcase time="0.545000000000002" classname="default_tlg" name="dst01_1_functions_with_default_argument_value_return_expected_result_with_test_data">
      <skipped message="Reason: On CRAN ('test-default_tlg.R:103:3')"/>
    </testcase>
    <testcase time="0.692" classname="default_tlg" name="dst01_2_functions_with_default_argument_value_return_expected_result_with_test_data">
      <skipped message="Reason: On CRAN ('test-default_tlg.R:110:3')"/>
    </testcase>
    <testcase time="0.866999999999997" classname="default_tlg" name="dst01_3_functions_with_default_argument_value_return_expected_result_with_test_data">
      <skipped message="Reason: On CRAN ('test-default_tlg.R:117:3')"/>
    </testcase>
    <testcase time="0.375" classname="default_tlg" name="dtht01_1_functions_with_default_argument_value_return_expected_result_with_test_data">
      <skipped message="Reason: On CRAN ('test-default_tlg.R:124:3')"/>
    </testcase>
    <testcase time="2.68300000000001" classname="default_tlg" name="egt01_1_functions_with_default_argument_value_return_expected_result_with_test_data">
      <skipped message="Reason: On CRAN ('test-default_tlg.R:131:3')"/>
    </testcase>
    <testcase time="0.285999999999994" classname="default_tlg" name="egt02_1_functions_with_default_argument_value_return_expected_result_with_test_data">
      <skipped message="Reason: On CRAN ('test-default_tlg.R:138:3')"/>
    </testcase>
    <testcase time="0.252000000000002" classname="default_tlg" name="egt02_2_functions_with_default_argument_value_return_expected_result_with_test_data">
      <skipped message="Reason: On CRAN ('test-default_tlg.R:145:3')"/>
    </testcase>
    <testcase time="0.365000000000002" classname="default_tlg" name="egt03_1_functions_with_default_argument_value_return_expected_result_with_test_data">
      <skipped message="Reason: On CRAN ('test-default_tlg.R:152:3')"/>
    </testcase>
    <testcase time="0.360999999999997" classname="default_tlg" name="egt03_2_functions_with_default_argument_value_return_expected_result_with_test_data">
      <skipped message="Reason: On CRAN ('test-default_tlg.R:159:3')"/>
    </testcase>
    <testcase time="0.810000000000002" classname="default_tlg" name="egt05_qtcat_1_functions_with_default_argument_value_return_expected_result_with_test_data">
      <skipped message="Reason: On CRAN ('test-default_tlg.R:166:3')"/>
    </testcase>
    <testcase time="0.226999999999997" classname="default_tlg" name="ext01_1_functions_with_default_argument_value_return_expected_result_with_test_data">
      <skipped message="Reason: On CRAN ('test-default_tlg.R:173:3')"/>
    </testcase>
    <testcase time="0.518000000000001" classname="default_tlg" name="ext01_2_functions_with_default_argument_value_return_expected_result_with_test_data">
      <skipped message="Reason: On CRAN ('test-default_tlg.R:180:3')"/>
    </testcase>
    <testcase time="1.895" classname="default_tlg" name="lbt01_1_functions_with_default_argument_value_return_expected_result_with_test_data">
      <skipped message="Reason: On CRAN ('test-default_tlg.R:187:3')"/>
    </testcase>
    <testcase time="0.741999999999997" classname="default_tlg" name="lbt04_1_functions_with_default_argument_value_return_expected_result_with_test_data">
      <skipped message="Reason: On CRAN ('test-default_tlg.R:194:3')"/>
    </testcase>
    <testcase time="0.774999999999999" classname="default_tlg" name="lbt05_1_functions_with_default_argument_value_return_expected_result_with_test_data">
      <skipped message="Reason: On CRAN ('test-default_tlg.R:201:3')"/>
    </testcase>
    <testcase time="1.035" classname="default_tlg" name="lbt07_1_functions_with_default_argument_value_return_expected_result_with_test_data">
      <skipped message="Reason: On CRAN ('test-default_tlg.R:208:3')"/>
    </testcase>
    <testcase time="1.981" classname="default_tlg" name="lbt14_1_functions_with_default_argument_value_return_expected_result_with_test_data">
      <skipped message="Reason: On CRAN ('test-default_tlg.R:215:3')"/>
    </testcase>
    <testcase time="2.046" classname="default_tlg" name="lbt14_2_functions_with_default_argument_value_return_expected_result_with_test_data">
      <skipped message="Reason: On CRAN ('test-default_tlg.R:222:3')"/>
    </testcase>
    <testcase time="0.673999999999999" classname="default_tlg" name="mht01_1_functions_with_default_argument_value_return_expected_result_with_test_data">
      <skipped message="Reason: On CRAN ('test-default_tlg.R:229:3')"/>
    </testcase>
    <testcase time="5.706" classname="default_tlg" name="vst01_1_functions_with_default_argument_value_return_expected_result_with_test_data">
      <skipped message="Reason: On CRAN ('test-default_tlg.R:236:3')"/>
    </testcase>
    <testcase time="5.342" classname="default_tlg" name="vst01_1_functions_with_default_argument_value_return_expected_result_with_test_data">
      <skipped message="Reason: On CRAN ('test-default_tlg.R:243:3')"/>
    </testcase>
    <testcase time="0.432999999999993" classname="default_tlg" name="vst02_1_functions_with_default_argument_value_return_expected_result_with_test_data">
      <skipped message="Reason: On CRAN ('test-default_tlg.R:250:3')"/>
    </testcase>
    <testcase time="0.427999999999997" classname="default_tlg" name="vst02_2_functions_with_default_argument_value_return_expected_result_with_test_data">
      <skipped message="Reason: On CRAN ('test-default_tlg.R:257:3')"/>
    </testcase>
    <testcase time="0.605000000000004" classname="default_tlg" name="pdt01_1_function_with_default_argument_value_return_expected_result_with_test_data">
      <skipped message="Reason: On CRAN ('test-default_tlg.R:265:3')"/>
    </testcase>
    <testcase time="0.426000000000002" classname="default_tlg" name="pdt02_1_function_with_default_argument_value_return_expected_result_with_test_data">
      <skipped message="Reason: On CRAN ('test-default_tlg.R:272:3')"/>
    </testcase>
  </testsuite>
  <testsuite name="dmt01" timestamp="2023-03-24T03:40:36Z" hostname="1207edfc558a" tests="4" skipped="2" failures="0" errors="0" time="4.473">
    <testcase time="2.11499999999999" classname="dmt01" name="dmt01_1_can_handle_NA_values"/>
    <testcase time="0.0960000000000036" classname="dmt01" name="dmt01_1_can_handle_NA_values">
      <skipped message="Reason: On CRAN ('test-dmt01.R:11:3')"/>
    </testcase>
    <testcase time="2.139" classname="dmt01" name="dmt01_1_can_handle_some_NA_values"/>
    <testcase time="0.123000000000005" classname="dmt01" name="dmt01_1_can_handle_some_NA_values">
      <skipped message="Reason: On CRAN ('test-dmt01.R:24:3')"/>
    </testcase>
  </testsuite>
  <testsuite name="dst01" timestamp="2023-03-24T03:40:40Z" hostname="1207edfc558a" tests="26" skipped="13" failures="0" errors="0" time="8.544">
    <testcase time="0.469999999999999" classname="dst01" name="dst01_can_handle_all_NA_values"/>
    <testcase time="0.0289999999999964" classname="dst01" name="dst01_can_handle_all_NA_values">
      <skipped message="Reason: On CRAN ('test-dst01.R:13:3')"/>
    </testcase>
    <testcase time="0.467000000000013" classname="dst01" name="dst01_1_can_handle_all_NA_values_in_disc_reason_var"/>
    <testcase time="0.0729999999999933" classname="dst01" name="dst01_1_can_handle_all_NA_values_in_disc_reason_var">
      <skipped message="Reason: On CRAN ('test-dst01.R:25:3')"/>
    </testcase>
    <testcase time="0.516999999999996" classname="dst01" name="dst01_1_can_handle_some_NA_values"/>
    <testcase time="0.0820000000000078" classname="dst01" name="dst01_1_can_handle_some_NA_values">
      <skipped message="Reason: On CRAN ('test-dst01.R:38:3')"/>
    </testcase>
    <testcase time="0.48899999999999" classname="dst01" name="dst01_1_can_handle_missing_levels_in_status_var"/>
    <testcase time="0.0460000000000065" classname="dst01" name="dst01_1_can_handle_missing_levels_in_status_var">
      <skipped message="Reason: On CRAN ('test-dst01.R:50:3')"/>
    </testcase>
    <testcase time="0.474000000000004" classname="dst01" name="dst01_1_can_handle_missing_levels_in_disc_reason_var"/>
    <testcase time="0.0450000000000017" classname="dst01" name="dst01_1_can_handle_missing_levels_in_disc_reason_var">
      <skipped message="Reason: On CRAN ('test-dst01.R:62:3')"/>
    </testcase>
    <testcase time="0.464999999999989" classname="dst01" name="dst01_2_can_handle_all_NA_values"/>
    <testcase time="0.0290000000000106" classname="dst01" name="dst01_2_can_handle_all_NA_values">
      <skipped message="Reason: On CRAN ('test-dst01.R:78:3')"/>
    </testcase>
    <testcase time="0.459999999999994" classname="dst01" name="dst01_2_can_handle_all_NA_values_in_disc_reason_var"/>
    <testcase time="0.0499999999999972" classname="dst01" name="dst01_2_can_handle_all_NA_values_in_disc_reason_var">
      <skipped message="Reason: On CRAN ('test-dst01.R:90:3')"/>
    </testcase>
    <testcase time="0.670000000000002" classname="dst01" name="dst01_2_can_handle_some_NA_values"/>
    <testcase time="0.0919999999999987" classname="dst01" name="dst01_2_can_handle_some_NA_values">
      <skipped message="Reason: On CRAN ('test-dst01.R:103:3')"/>
    </testcase>
    <testcase time="0.540000000000006" classname="dst01" name="dst01_2_can_handle_missing_levels_in_disc_reason_var"/>
    <testcase time="0.0579999999999927" classname="dst01" name="dst01_2_can_handle_missing_levels_in_disc_reason_var">
      <skipped message="Reason: On CRAN ('test-dst01.R:115:3')"/>
    </testcase>
    <testcase time="0.628" classname="dst01" name="dst01_3_can_handle_all_NA_values"/>
    <testcase time="0.0300000000000011" classname="dst01" name="dst01_3_can_handle_all_NA_values">
      <skipped message="Reason: On CRAN ('test-dst01.R:131:3')"/>
    </testcase>
    <testcase time="0.849000000000004" classname="dst01" name="dst01_3_can_handle_all_NA_values_in_status_treatment_var"/>
    <testcase time="0.0759999999999934" classname="dst01" name="dst01_3_can_handle_all_NA_values_in_status_treatment_var">
      <skipped message="Reason: On CRAN ('test-dst01.R:143:3')"/>
    </testcase>
    <testcase time="0.856999999999999" classname="dst01" name="dst01_3_can_handle_some_NA_values_in_status_treatment_var"/>
    <testcase time="0.103999999999999" classname="dst01" name="dst01_3_can_handle_some_NA_values_in_status_treatment_var">
      <skipped message="Reason: On CRAN ('test-dst01.R:155:3')"/>
    </testcase>
    <testcase time="0.844999999999999" classname="dst01" name="dst01_3_can_handle_missing_levels_in_status_treatment_var"/>
    <testcase time="0.0990000000000038" classname="dst01" name="dst01_3_can_handle_missing_levels_in_status_treatment_var">
      <skipped message="Reason: On CRAN ('test-dst01.R:167:3')"/>
    </testcase>
  </testsuite>
  <testsuite name="dtht01" timestamp="2023-03-24T03:40:49Z" hostname="1207edfc558a" tests="5" skipped="3" failures="0" errors="0" time="2.244">
    <testcase time="0.796999999999997" classname="dtht01" name="dtht01_can_handle_all_NA_values"/>
    <testcase time="0.0370000000000061" classname="dtht01" name="dtht01_can_handle_all_NA_values">
      <skipped message="Reason: On CRAN ('test-dtht01.R:13:3')"/>
    </testcase>
    <testcase time="0.608000000000004" classname="dtht01" name="dtht01_can_handle_some_NA_values"/>
    <testcase time="0.106999999999999" classname="dtht01" name="dtht01_can_handle_some_NA_values">
      <skipped message="Reason: On CRAN ('test-dtht01.R:29:3')"/>
    </testcase>
    <testcase time="0.694999999999993" classname="dtht01" name="dtht01_can_be_parametrize_as_expected">
      <skipped message="Reason: On CRAN ('test-dtht01.R:38:3')"/>
    </testcase>
  </testsuite>
  <testsuite name="egt03" timestamp="2023-03-24T03:40:51Z" hostname="1207edfc558a" tests="9" skipped="4" failures="0" errors="0" time="1.499">
    <testcase time="0.284000000000006" classname="egt03" name="egt03_1_can_handle_all_NA_values"/>
    <testcase time="0.0829999999999984" classname="egt03" name="egt03_1_can_handle_all_NA_values">
      <skipped message="Reason: On CRAN ('test-egt03.R:12:3')"/>
    </testcase>
    <testcase time="0.284999999999997" classname="egt03" name="egt03_1_can_handle_some_NA_values"/>
    <testcase time="0.0819999999999936" classname="egt03" name="egt03_1_can_handle_some_NA_values">
      <skipped message="Reason: On CRAN ('test-egt03.R:31:3')"/>
    </testcase>
    <testcase time="0.287000000000006" classname="egt03" name="egt03_2_can_handle_all_NA_values"/>
    <testcase time="0.0729999999999933" classname="egt03" name="egt03_2_can_handle_all_NA_values">
      <skipped message="Reason: On CRAN ('test-egt03.R:45:3')"/>
    </testcase>
    <testcase time="0.292000000000002" classname="egt03" name="egt03_2_can_handle_some_NA_values"/>
    <testcase time="0.0750000000000028" classname="egt03" name="egt03_2_can_handle_some_NA_values">
      <skipped message="Reason: On CRAN ('test-egt03.R:61:3')"/>
    </testcase>
    <testcase time="0.0379999999999967" classname="egt03" name="egt03_1_fails_on_incomplete_data"/>
  </testsuite>
  <testsuite name="egt05_qtcat" timestamp="2023-03-24T03:40:53Z" hostname="1207edfc558a" tests="4" skipped="2" failures="0" errors="0" time="0.956">
    <testcase time="0.113" classname="egt05_qtcat" name="egt05_qtcat_can_handle_all_NA_values"/>
    <testcase time="0.0130000000000052" classname="egt05_qtcat" name="egt05_qtcat_can_handle_all_NA_values">
      <skipped message="Reason: On CRAN ('test-egt05_qtcat.R:12:3')"/>
    </testcase>
    <testcase time="0.595999999999989" classname="egt05_qtcat" name="egt05_qtcat_can_handle_some_NA_values"/>
    <testcase time="0.234000000000009" classname="egt05_qtcat" name="egt05_qtcat_can_handle_some_NA_values">
      <skipped message="Reason: On CRAN ('test-egt05_qtcat.R:35:3')"/>
    </testcase>
  </testsuite>
  <testsuite name="empty_report" timestamp="2023-03-24T03:40:54Z" hostname="1207edfc558a" tests="33" skipped="0" failures="0" errors="0" time="12.07">
    <testcase time="3.72199999999999" classname="empty_report" name="tlg_functions_return_null_reports_when_domain_table_is_empty"/>
    <testcase time="0.701999999999998" classname="empty_report" name="tlg_functions_return_null_reports_when_domain_table_is_empty"/>
    <testcase time="0.481000000000009" classname="empty_report" name="tlg_functions_return_null_reports_when_domain_table_is_empty"/>
    <testcase time="0.117999999999995" classname="empty_report" name="tlg_functions_return_null_reports_when_domain_table_is_empty"/>
    <testcase time="0.123000000000005" classname="empty_report" name="tlg_functions_return_null_reports_when_domain_table_is_empty"/>
    <testcase time="0.0990000000000038" classname="empty_report" name="tlg_functions_return_null_reports_when_domain_table_is_empty"/>
    <testcase time="0.326999999999998" classname="empty_report" name="tlg_functions_return_null_reports_when_domain_table_is_empty"/>
    <testcase time="0.372" classname="empty_report" name="tlg_functions_return_null_reports_when_domain_table_is_empty"/>
    <testcase time="0.307999999999993" classname="empty_report" name="tlg_functions_return_null_reports_when_domain_table_is_empty"/>
    <testcase time="0.313000000000002" classname="empty_report" name="tlg_functions_return_null_reports_when_domain_table_is_empty"/>
    <testcase time="0.319000000000003" classname="empty_report" name="tlg_functions_return_null_reports_when_domain_table_is_empty"/>
    <testcase time="0.307000000000002" classname="empty_report" name="tlg_functions_return_null_reports_when_domain_table_is_empty"/>
    <testcase time="0.753999999999991" classname="empty_report" name="tlg_functions_return_null_reports_when_domain_table_is_empty"/>
    <testcase time="0.390000000000001" classname="empty_report" name="tlg_functions_return_null_reports_when_domain_table_is_empty"/>
    <testcase time="0.350999999999999" classname="empty_report" name="tlg_functions_return_null_reports_when_domain_table_is_empty"/>
    <testcase time="0.454000000000008" classname="empty_report" name="tlg_functions_return_null_reports_when_domain_table_is_empty"/>
    <testcase time="0.331000000000003" classname="empty_report" name="tlg_functions_return_null_reports_when_domain_table_is_empty"/>
    <testcase time="0.090999999999994" classname="empty_report" name="tlg_functions_return_null_reports_when_domain_table_is_empty"/>
    <testcase time="0.0699999999999932" classname="empty_report" name="tlg_functions_return_null_reports_when_domain_table_is_empty"/>
    <testcase time="0.0700000000000074" classname="empty_report" name="tlg_functions_return_null_reports_when_domain_table_is_empty"/>
    <testcase time="0.0739999999999981" classname="empty_report" name="tlg_functions_return_null_reports_when_domain_table_is_empty"/>
    <testcase time="0.0580000000000069" classname="empty_report" name="tlg_functions_return_null_reports_when_domain_table_is_empty"/>
    <testcase time="0.0779999999999887" classname="empty_report" name="tlg_functions_return_null_reports_when_domain_table_is_empty"/>
    <testcase time="0.0710000000000122" classname="empty_report" name="tlg_functions_return_null_reports_when_domain_table_is_empty"/>
    <testcase time="0.434999999999988" classname="empty_report" name="tlg_functions_return_null_reports_when_domain_table_is_empty"/>
    <testcase time="0.0790000000000077" classname="empty_report" name="tlg_functions_return_null_reports_when_domain_table_is_empty"/>
    <testcase time="0.605000000000004" classname="empty_report" name="tlg_functions_return_null_reports_when_domain_table_is_empty"/>
    <testcase time="0.313999999999993" classname="empty_report" name="tlg_functions_return_null_reports_when_domain_table_is_empty"/>
    <testcase time="0.302000000000007" classname="empty_report" name="tlg_functions_return_null_reports_when_domain_table_is_empty"/>
    <testcase time="0.0629999999999882" classname="empty_report" name="tlg_functions_return_null_reports_when_domain_table_is_empty"/>
    <testcase time="0.0760000000000076" classname="empty_report" name="tlg_functions_return_null_reports_when_domain_table_is_empty"/>
    <testcase time="0.0990000000000038" classname="empty_report" name="tlg_functions_return_null_reports_when_domain_table_is_empty"/>
    <testcase time="0.11399999999999" classname="empty_report" name="tlg_functions_return_null_reports_when_domain_table_is_empty"/>
  </testsuite>
  <testsuite name="ext01" timestamp="2023-03-24T03:41:06Z" hostname="1207edfc558a" tests="3" skipped="2" failures="0" errors="0" time="0.75">
    <testcase time="0.180000000000007" classname="ext01" name="ext01_works"/>
    <testcase time="0.0510000000000019" classname="ext01" name="ext01_works">
      <skipped message="Reason: On CRAN ('test-ext01.R:4:3')"/>
    </testcase>
    <testcase time="0.518999999999991" classname="ext01" name="ext02_1_works_for_selected_parameters">
      <skipped message="Reason: On CRAN ('test-ext01.R:16:3')"/>
    </testcase>
  </testsuite>
  <testsuite name="lbt01" timestamp="2023-03-24T03:41:06Z" hostname="1207edfc558a" tests="2" skipped="1" failures="0" errors="0" time="1.661">
    <testcase time="1.47" classname="lbt01" name="lbt01_1_can_handle_n_0_and_outputs_NE_instead_of_infs_and_NAs"/>
    <testcase time="0.191000000000003" classname="lbt01" name="lbt01_1_can_handle_n_0_and_outputs_NE_instead_of_infs_and_NAs">
      <skipped message="Reason: On CRAN ('test-lbt01.R:11:3')"/>
    </testcase>
  </testsuite>
  <testsuite name="lbt04" timestamp="2023-03-24T03:41:08Z" hostname="1207edfc558a" tests="5" skipped="2" failures="0" errors="0" time="1.181">
    <testcase time="0.316000000000003" classname="lbt04" name="lbt04_can_handle_all_NA_values"/>
    <testcase time="0.0439999999999969" classname="lbt04" name="lbt04_can_handle_all_NA_values">
      <skipped message="Reason: On CRAN ('test-lbt04.R:12:3')"/>
    </testcase>
    <testcase time="0.654000000000011" classname="lbt04" name="lbt04_can_handle_some_NA_values"/>
    <testcase time="0.131" classname="lbt04" name="lbt04_can_handle_some_NA_values">
      <skipped message="Reason: On CRAN ('test-lbt04.R:26:3')"/>
    </testcase>
    <testcase time="0.0359999999999872" classname="lbt04" name="lbt04_fails_on_incomlete_date"/>
  </testsuite>
  <testsuite name="lbt05" timestamp="2023-03-24T03:41:09Z" hostname="1207edfc558a" tests="4" skipped="1" failures="0" errors="0" time="1.492">
    <testcase time="0.662000000000006" classname="lbt05" name="lbt05_give_all_0_count_if_ANRIND_are_all_missing"/>
    <testcase time="0.667000000000002" classname="lbt05" name="lbt05_can_handle_some_NA_values"/>
    <testcase time="0.126000000000005" classname="lbt05" name="lbt05_can_handle_some_NA_values">
      <skipped message="Reason: On CRAN ('test-lbt05.R:24:3')"/>
    </testcase>
    <testcase time="0.0369999999999919" classname="lbt05" name="lbt05_fails_on_incomlete_date"/>
  </testsuite>
  <testsuite name="lbt07" timestamp="2023-03-24T03:41:11Z" hostname="1207edfc558a" tests="3" skipped="1" failures="0" errors="0" time="1.42">
    <testcase time="0.912000000000006" classname="lbt07" name="lbt07_can_handle_some_NA_values"/>
    <testcase time="0.164999999999992" classname="lbt07" name="lbt07_can_handle_some_NA_values">
      <skipped message="Reason: On CRAN ('test-lbt07.R:12:3')"/>
    </testcase>
    <testcase time="0.343000000000004" classname="lbt07" name="lbt07_fails_on_incomlete_data"/>
  </testsuite>
  <testsuite name="lbt14" timestamp="2023-03-24T03:41:12Z" hostname="1207edfc558a" tests="12" skipped="6" failures="0" errors="0" time="12.124">
    <testcase time="1.759" classname="lbt14" name="lbt14_1_can_handle_all_NA_values"/>
    <testcase time="0.054000000000002" classname="lbt14" name="lbt14_1_can_handle_all_NA_values">
      <skipped message="Reason: On CRAN ('test-lbt14.R:12:3')"/>
    </testcase>
    <testcase time="2.095" classname="lbt14" name="lbt14_1_can_handle_some_NA_values"/>
    <testcase time="0.290999999999997" classname="lbt14" name="lbt14_1_can_handle_some_NA_values">
      <skipped message="Reason: On CRAN ('test-lbt14.R:31:3')"/>
    </testcase>
    <testcase time="1.904" classname="lbt14" name="lbt14_1_can_accept_different_gr_missing">
      <skipped message="Reason: On CRAN ('test-lbt14.R:35:3')"/>
    </testcase>
    <testcase time="0.0360000000000014" classname="lbt14" name="lbt14_1_fails_on_incomlete_data"/>
    <testcase time="1.613" classname="lbt14" name="lbt14_2_can_handle_all_NA_values"/>
    <testcase time="0.0520000000000067" classname="lbt14" name="lbt14_2_can_handle_all_NA_values">
      <skipped message="Reason: On CRAN ('test-lbt14.R:59:3')"/>
    </testcase>
    <testcase time="1.94799999999999" classname="lbt14" name="lbt14_2_can_handle_some_NA_values"/>
    <testcase time="0.319000000000003" classname="lbt14" name="lbt14_2_can_handle_some_NA_values">
      <skipped message="Reason: On CRAN ('test-lbt14.R:78:3')"/>
    </testcase>
    <testcase time="2.017" classname="lbt14" name="lbt14_2_can_accept_different_gr_missing">
      <skipped message="Reason: On CRAN ('test-lbt14.R:82:3')"/>
    </testcase>
    <testcase time="0.0360000000000014" classname="lbt14" name="lbt14_2_fails_on_incomlete_data"/>
  </testsuite>
  <testsuite name="mht01" timestamp="2023-03-24T03:41:24Z" hostname="1207edfc558a" tests="2" skipped="2" failures="0" errors="0" time="1.386">
    <testcase time="0.692000000000007" classname="mht01" name="mht01_1_works">
      <skipped message="Reason: On CRAN ('test-mht01.R:4:3')"/>
    </testcase>
    <testcase time="0.694000000000003" classname="mht01" name="mht01_1_works_on_NULL_in_lbl_mhbodsys_or_lbl_mhdecod">
      <skipped message="Reason: On CRAN ('test-mht01.R:8:3')"/>
    </testcase>
  </testsuite>
  <testsuite name="mng01" timestamp="2023-03-24T03:41:26Z" hostname="1207edfc558a" tests="5" skipped="0" failures="0" errors="0" time="6.575">
    <testcase time="1.40100000000001" classname="mng01" name="mng01_1_works_as_expected"/>
    <testcase time="1.3" classname="mng01" name="mng01_1_works_as_expected_with_custom_color_set"/>
    <testcase time="1.267" classname="mng01" name="mng01_1_works_as_expected_with_custom_color_set"/>
    <testcase time="1.288" classname="mng01" name="mng01_1_works_if_show_v_grid_show_h_grid_is_TRUE"/>
    <testcase time="1.31900000000002" classname="mng01" name="mng01_1_works_on_custom_color_with_named_line_col"/>
  </testsuite>
  <testsuite name="pdt01" timestamp="2023-03-24T03:41:32Z" hostname="1207edfc558a" tests="4" skipped="2" failures="0" errors="0" time="1.086">
    <testcase time="0.35499999999999" classname="pdt01" name="pdt01_1_can_handle_all_NA_values"/>
    <testcase time="0.0370000000000061" classname="pdt01" name="pdt01_1_can_handle_all_NA_values">
      <skipped message="Reason: On CRAN ('test-pdt01.R:11:3')"/>
    </testcase>
    <testcase time="0.561999999999983" classname="pdt01" name="pdt01_1_can_handle_some_NA_values"/>
    <testcase time="0.132000000000005" classname="pdt01" name="pdt01_1_can_handle_some_NA_values">
      <skipped message="Reason: On CRAN ('test-pdt01.R:27:3')"/>
    </testcase>
  </testsuite>
  <testsuite name="pdt02" timestamp="2023-03-24T03:41:33Z" hostname="1207edfc558a" tests="4" skipped="2" failures="0" errors="0" time="0.964">
    <testcase time="0.412000000000006" classname="pdt02" name="pdt02_1_can_handle_all_NA_values"/>
    <testcase time="0.0360000000000014" classname="pdt02" name="pdt02_1_can_handle_all_NA_values">
      <skipped message="Reason: On CRAN ('test-pdt02.R:11:3')"/>
    </testcase>
    <testcase time="0.463999999999999" classname="pdt02" name="pdt02_1_can_handle_some_NA_values"/>
    <testcase time="0.0519999999999925" classname="pdt02" name="pdt02_1_can_handle_some_NA_values">
      <skipped message="Reason: On CRAN ('test-pdt02.R:27:3')"/>
    </testcase>
  </testsuite>
  <testsuite name="utils" timestamp="2023-03-24T03:41:34Z" hostname="1207edfc558a" tests="25" skipped="0" failures="0" errors="0" time="0.139">
    <testcase time="0.0190000000000055" classname="utils" name="h_format_dec_works_as_exected"/>
    <testcase time="0.00399999999999068" classname="utils" name="h_format_dec_works_as_exected"/>
    <testcase time="0.00200000000000955" classname="utils" name="h_format_dec_works_as_exected"/>
    <testcase time="0.0120000000000005" classname="utils" name="h_format_dec_works_as_exected"/>
    <testcase time="0.0029999999999859" classname="utils" name="h_format_dec_works_as_exected"/>
    <testcase time="0.00499999999999545" classname="utils" name="h_format_dec_works_as_exected"/>
    <testcase time="0.00200000000000955" classname="utils" name="h_format_dec_works_as_exected"/>
    <testcase time="0.00499999999999545" classname="utils" name="h_format_dec_works_as_exected"/>
    <testcase time="0.00300000000001432" classname="utils" name="h_format_dec_works_as_exected"/>
    <testcase time="0.00499999999999545" classname="utils" name="h_format_dec_works_as_exected"/>
    <testcase time="0.00200000000000955" classname="utils" name="h_format_dec_works_as_exected"/>
    <testcase time="0.00499999999999545" classname="utils" name="h_format_dec_works_as_exected"/>
    <testcase time="0.00899999999998613" classname="utils" name="h_format_dec_works_as_expected_with_more_than_one_value"/>
    <testcase time="0.0040000000000191" classname="utils" name="h_format_dec_works_as_expected_with_more_than_one_value"/>
    <testcase time="0.00699999999997658" classname="utils" name="h_format_dec_works_returns_null_with_NA_format"/>
    <testcase time="0.007000000000005" classname="utils" name="h_format_dec_works_as_expected_with_NA_digits"/>
    <testcase time="0.007000000000005" classname="utils" name="h_format_dec_works_as_expected_with_NA_digits"/>
    <testcase time="0.007000000000005" classname="utils" name="get_db_data_works"/>
    <testcase time="0.00399999999999068" classname="utils" name="get_db_data_works"/>
    <testcase time="0.00800000000000978" classname="utils" name="fuse_sequentially_works"/>
    <testcase time="0.00399999999999068" classname="utils" name="fuse_sequentially_works"/>
    <testcase time="0.00499999999999545" classname="utils" name="grob_list_works"/>
    <testcase time="0.00200000000000955" classname="utils" name="grob_list_works"/>
    <testcase time="0.00399999999999068" classname="utils" name="grob_list_works"/>
    <testcase time="0.00399999999999068" classname="utils" name="grob_list_works"/>
  </testsuite>
  <testsuite name="vst02" timestamp="2023-03-24T03:41:35Z" hostname="1207edfc558a" tests="2" skipped="2" failures="0" errors="0" time="1.179">
    <testcase time="0.475000000000023" classname="vst02" name="vst02_1_works">
      <skipped message="Reason: On CRAN ('test-vst02.R:4:3')"/>
    </testcase>
    <testcase time="0.703999999999979" classname="vst02" name="vst02_2_works">
      <skipped message="Reason: On CRAN ('test-vst02.R:11:3')"/>
    </testcase>
  </testsuite>
</testsuites>
