<?xml version="1.0" encoding="UTF-8"?>
<testsuites>
  <testsuite name="ael01_nollt" timestamp="2023-07-25T12:21:47Z" hostname="632fc70ba242" tests="8" skipped="4" failures="0" errors="0" time="2.404">
    <testcase time="1.322" classname="ael01_nollt" name="ael01_nollt_works_with_admh_dataset"/>
    <testcase time="0.366000000000001" classname="ael01_nollt" name="ael01_nollt_works_with_admh_dataset">
      <skipped message="Reason: On CRAN ('test-ael01_nollt.R:7:3')"/>
    </testcase>
    <testcase time="0.0939999999999994" classname="ael01_nollt" name="ael01_nollt_works_with_non_default_label"/>
    <testcase time="0.248" classname="ael01_nollt" name="ael01_nollt_works_with_non_default_label">
      <skipped message="Reason: On CRAN ('test-ael01_nollt.R:20:3')"/>
    </testcase>
    <testcase time="0.0789999999999997" classname="ael01_nollt" name="ael01_nollt_can_handle_all_missing_values"/>
    <testcase time="0.0840000000000005" classname="ael01_nollt" name="ael01_nollt_can_handle_all_missing_values">
      <skipped message="Reason: On CRAN ('test-ael01_nollt.R:33:3')"/>
    </testcase>
    <testcase time="0.0540000000000003" classname="ael01_nollt" name="ael01_nollt_can_handle_some_missing_values"/>
    <testcase time="0.157" classname="ael01_nollt" name="ael01_nollt_can_handle_some_missing_values">
      <skipped message="Reason: On CRAN ('test-ael01_nollt.R:48:3')"/>
    </testcase>
  </testsuite>
  <testsuite name="aet01" timestamp="2023-07-25T12:21:49Z" hostname="632fc70ba242" tests="9" skipped="4" failures="0" errors="0" time="3.959">
    <testcase time="0.758999999999999" classname="aet01" name="aet01_can_handle_all_NA_values"/>
    <testcase time="0.457" classname="aet01" name="aet01_can_handle_all_NA_values">
      <skipped message="Reason: On CRAN ('test-aet01.R:12:3')"/>
    </testcase>
    <testcase time="0.516" classname="aet01" name="aet01_can_handle_some_NA_values"/>
    <testcase time="0.437" classname="aet01" name="aet01_can_handle_some_NA_values">
      <skipped message="Reason: On CRAN ('test-aet01.R:29:3')"/>
    </testcase>
    <testcase time="0.361999999999999" classname="aet01" name="aet01_can_use_custom_anl_vars"/>
    <testcase time="0.25" classname="aet01" name="aet01_can_use_custom_anl_vars">
      <skipped message="Reason: On CRAN ('test-aet01.R:35:3')"/>
    </testcase>
    <testcase time="0.157" classname="aet01" name="aet01_fails_on_incomplete_data_input"/>
    <testcase time="0.539000000000001" classname="aet01" name="aet01_can_use_custom_medconcept_var"/>
    <testcase time="0.481999999999999" classname="aet01" name="aet01_can_use_custom_medconcept_var">
      <skipped message="Reason: On CRAN ('test-aet01.R:65:3')"/>
    </testcase>
  </testsuite>
  <testsuite name="aet01_aesi" timestamp="2023-07-25T12:21:53Z" hostname="632fc70ba242" tests="7" skipped="3" failures="0" errors="0" time="2.932">
    <testcase time="0.441000000000001" classname="aet01_aesi" name="aet01_aesi_can_handle_all_NA_values"/>
    <testcase time="0.414" classname="aet01_aesi" name="aet01_aesi_can_handle_all_NA_values">
      <skipped message="Reason: On CRAN ('test-aet01_aesi.R:17:3')"/>
    </testcase>
    <testcase time="0.392999999999999" classname="aet01_aesi" name="aet01_aesi_can_handle_some_NA_values"/>
    <testcase time="0.407" classname="aet01_aesi" name="aet01_aesi_can_handle_some_NA_values">
      <skipped message="Reason: On CRAN ('test-aet01_aesi.R:30:3')"/>
    </testcase>
    <testcase time="0.533000000000001" classname="aet01_aesi" name="aet01_aesi_works_with_ALL_argument"/>
    <testcase time="0.625999999999999" classname="aet01_aesi" name="aet01_aesi_works_with_ALL_argument">
      <skipped message="Reason: On CRAN ('test-aet01_aesi.R:36:3')"/>
    </testcase>
    <testcase time="0.118" classname="aet01_aesi" name="aet01_aesi_check_fails_on_incomplete_data_input"/>
  </testsuite>
  <testsuite name="aet02" timestamp="2023-07-25T12:21:56Z" hostname="632fc70ba242" tests="3" skipped="1" failures="0" errors="0" time="3.101">
    <testcase time="0.0999999999999996" classname="aet02" name="aet02_fails_on_incomplete_data_input"/>
    <testcase time="0.165000000000001" classname="aet02" name="aet02_handle_empty_data_input"/>
    <testcase time="2.836" classname="aet02" name="aet02_can_have_different_levels_of_row_split">
      <skipped message="Reason: On CRAN ('test-aet02.R:30:3')"/>
    </testcase>
  </testsuite>
  <testsuite name="aet03" timestamp="2023-07-25T12:21:59Z" hostname="632fc70ba242" tests="4" skipped="2" failures="0" errors="0" time="5.171">
    <testcase time="0.600999999999999" classname="aet03" name="aet03_can_handle_NA_values"/>
    <testcase time="0.395000000000003" classname="aet03" name="aet03_can_handle_NA_values">
      <skipped message="Reason: On CRAN ('test-aet03.R:10:3')"/>
    </testcase>
    <testcase time="2.939" classname="aet03" name="aet03_can_handle_some_NA_values"/>
    <testcase time="1.236" classname="aet03" name="aet03_can_handle_some_NA_values">
      <skipped message="Reason: On CRAN ('test-aet03.R:27:3')"/>
    </testcase>
  </testsuite>
  <testsuite name="aet04" timestamp="2023-07-25T12:22:04Z" hostname="632fc70ba242" tests="4" skipped="2" failures="0" errors="0" time="8.209">
    <testcase time="1.224" classname="aet04" name="aet04_can_handle_NA_values"/>
    <testcase time="0.627000000000002" classname="aet04" name="aet04_can_handle_NA_values">
      <skipped message="Reason: On CRAN ('test-aet04.R:10:3')"/>
    </testcase>
    <testcase time="4.532" classname="aet04" name="aet04_can_handle_some_NA_values"/>
    <testcase time="1.826" classname="aet04" name="aet04_can_handle_some_NA_values">
      <skipped message="Reason: On CRAN ('test-aet04.R:32:3')"/>
    </testcase>
  </testsuite>
  <testsuite name="aet05" timestamp="2023-07-25T12:22:12Z" hostname="632fc70ba242" tests="4" skipped="2" failures="0" errors="0" time="1.354">
    <testcase time="0.283999999999999" classname="aet05" name="aet05_can_handle_NA_values"/>
    <testcase time="0.398" classname="aet05" name="aet05_can_handle_NA_values">
      <skipped message="Reason: On CRAN ('test-aet05.R:7:3')"/>
    </testcase>
    <testcase time="0.251999999999999" classname="aet05" name="aet05_can_handle_some_NA_values"/>
    <testcase time="0.420000000000002" classname="aet05" name="aet05_can_handle_some_NA_values">
      <skipped message="Reason: On CRAN ('test-aet05.R:24:3')"/>
    </testcase>
  </testsuite>
  <testsuite name="aet05_all" timestamp="2023-07-25T12:22:14Z" hostname="632fc70ba242" tests="4" skipped="2" failures="0" errors="0" time="1.34">
    <testcase time="0.271999999999998" classname="aet05_all" name="aet05_all_can_handle_NA_values"/>
    <testcase time="0.381" classname="aet05_all" name="aet05_all_can_handle_NA_values">
      <skipped message="Reason: On CRAN ('test-aet05_all.R:7:3')"/>
    </testcase>
    <testcase time="0.276" classname="aet05_all" name="aet05_all_can_handle_some_NA_values"/>
    <testcase time="0.411000000000001" classname="aet05_all" name="aet05_all_can_handle_some_NA_values">
      <skipped message="Reason: On CRAN ('test-aet05_all.R:21:3')"/>
    </testcase>
  </testsuite>
  <testsuite name="aet10" timestamp="2023-07-25T12:22:15Z" hostname="632fc70ba242" tests="4" skipped="2" failures="0" errors="0" time="0.776">
    <testcase time="0.118000000000002" classname="aet10" name="aet10_can_handle_NA_values"/>
    <testcase time="0.149999999999999" classname="aet10" name="aet10_can_handle_NA_values">
      <skipped message="Reason: On CRAN ('test-aet10.R:10:3')"/>
    </testcase>
    <testcase time="0.187999999999999" classname="aet10" name="aet10_can_handle_some_NA_values"/>
    <testcase time="0.32" classname="aet10" name="aet10_can_handle_some_NA_values">
      <skipped message="Reason: On CRAN ('test-aet10.R:24:3')"/>
    </testcase>
  </testsuite>
  <testsuite name="assertions" timestamp="2023-07-25T12:22:16Z" hostname="632fc70ba242" tests="38" skipped="0" failures="0" errors="0" time="0.34">
    <testcase time="0.0350000000000037" classname="assertions" name="assert_one_tablenames_works_as_expected"/>
    <testcase time="0.00300000000000011" classname="assertions" name="assert_one_tablenames_works_as_expected"/>
    <testcase time="0.00900000000000034" classname="assertions" name="assert_one_tablenames_works_as_expected"/>
    <testcase time="0.0069999999999979" classname="assertions" name="assert_one_tablenames_works_as_expected"/>
    <testcase time="0.0110000000000028" classname="assertions" name="assert_all_tablenames_works_as_expected"/>
    <testcase time="0.00799999999999557" classname="assertions" name="assert_all_tablenames_works_as_expected"/>
    <testcase time="0.00800000000000267" classname="assertions" name="assert_all_tablenames_works_as_expected"/>
    <testcase time="0.00999999999999801" classname="assertions" name="assert_valid_var.character_works_as_expected"/>
    <testcase time="0.00800000000000267" classname="assertions" name="assert_valid_var.character_works_as_expected"/>
    <testcase time="0.00799999999999557" classname="assertions" name="assert_valid_var.character_works_as_expected"/>
    <testcase time="0.00800000000000267" classname="assertions" name="assert_valid_var.character_works_as_expected"/>
    <testcase time="0.00200000000000244" classname="assertions" name="assert_valid_var.character_works_as_expected"/>
    <testcase time="0.0150000000000006" classname="assertions" name="assert_valid_var.factor_works_as_expected"/>
    <testcase time="0.00900000000000034" classname="assertions" name="assert_valid_var.factor_works_as_expected"/>
    <testcase time="0.00799999999999557" classname="assertions" name="assert_valid_var.factor_works_as_expected"/>
    <testcase time="0.00800000000000267" classname="assertions" name="assert_valid_var.factor_works_as_expected"/>
    <testcase time="0.00300000000000011" classname="assertions" name="assert_valid_var.factor_works_as_expected"/>
    <testcase time="0.00999999999999801" classname="assertions" name="assert_valid_var.logical_works_as_expected"/>
    <testcase time="0.00900000000000034" classname="assertions" name="assert_valid_var.logical_works_as_expected"/>
    <testcase time="0.00800000000000267" classname="assertions" name="assert_valid_var.logical_works_as_expected"/>
    <testcase time="0.00199999999999534" classname="assertions" name="assert_valid_var.logical_works_as_expected"/>
    <testcase time="0.0110000000000028" classname="assertions" name="assert_valid_var.numeric_works_as_expected"/>
    <testcase time="0.00799999999999557" classname="assertions" name="assert_valid_var.numeric_works_as_expected"/>
    <testcase time="0.00900000000000034" classname="assertions" name="assert_valid_var.numeric_works_as_expected"/>
    <testcase time="0.00200000000000244" classname="assertions" name="assert_valid_var.numeric_works_as_expected"/>
    <testcase time="0.00800000000000267" classname="assertions" name="assert_valid_var.numeric_works_as_expected"/>
    <testcase time="0.00300000000000011" classname="assertions" name="assert_valid_var.numeric_works_as_expected"/>
    <testcase time="0.0150000000000006" classname="assertions" name="assert_valid_variable_works_as_expected"/>
    <testcase time="0.00399999999999778" classname="assertions" name="assert_valid_variable_works_as_expected"/>
    <testcase time="0.0140000000000029" classname="assertions" name="assert_valid_variable_works_as_expected"/>
    <testcase time="0.00300000000000011" classname="assertions" name="assert_valid_variable_works_as_expected"/>
    <testcase time="0.0139999999999958" classname="assertions" name="assert_valid_variable_works_as_expected"/>
    <testcase time="0.00300000000000011" classname="assertions" name="assert_valid_variable_works_as_expected"/>
    <testcase time="0.0120000000000005" classname="assertions" name="assert_valid_var_pair_works_as_expected_with_character"/>
    <testcase time="0.0120000000000005" classname="assertions" name="assert_valid_var_pair_works_as_expected_with_character"/>
    <testcase time="0.0110000000000028" classname="assertions" name="assert_valid_var_pair_works_as_expected_with_factor"/>
    <testcase time="0.0110000000000028" classname="assertions" name="assert_valid_var_pair_works_as_expected_with_factor"/>
    <testcase time="0.0109999999999957" classname="assertions" name="assert_valid_var_pair_works_as_expected_with_factor"/>
  </testsuite>
  <testsuite name="checks" timestamp="2023-07-25T12:22:16Z" hostname="632fc70ba242" tests="8" skipped="0" failures="0" errors="0" time="0.056">
    <testcase time="0.0189999999999984" classname="checks" name="check_all_colnames_works_as_expected"/>
    <testcase time="0.00600000000000023" classname="checks" name="check_all_colnames_works_as_expected"/>
    <testcase time="0.00200000000000244" classname="checks" name="check_all_colnames_works_as_expected"/>
    <testcase time="0.00500000000000256" classname="checks" name="check_all_colnames_works_as_expected"/>
    <testcase time="0.0109999999999957" classname="checks" name="check_one_colnames_works_as_expected"/>
    <testcase time="0.00500000000000256" classname="checks" name="check_one_colnames_works_as_expected"/>
    <testcase time="0.00300000000000011" classname="checks" name="check_one_colnames_works_as_expected"/>
    <testcase time="0.00499999999999545" classname="checks" name="check_one_colnames_works_as_expected"/>
  </testsuite>
  <testsuite name="chevron_tlg-class" timestamp="2023-07-25T12:22:16Z" hostname="632fc70ba242" tests="24" skipped="0" failures="0" errors="0" time="0.148">
    <testcase time="0.017000000000003" classname="chevron_tlg_class" name="chevron_t_object_can_be_constructed_with_default_values"/>
    <testcase time="0.00600000000000023" classname="chevron_tlg_class" name="chevron_t_object_can_be_constructed_with_default_values"/>
    <testcase time="0.0120000000000005" classname="chevron_tlg_class" name="chevron_t_object_can_be_constructed_with_custom_values"/>
    <testcase time="0.00600000000000023" classname="chevron_tlg_class" name="chevron_t_object_can_be_constructed_with_custom_values"/>
    <testcase time="0.0129999999999981" classname="chevron_tlg_class" name="chevron_t_object_can_be_constructed_with_custom_values"/>
    <testcase time="0.00900000000000034" classname="chevron_tlg_class" name="chevron_t_object_can_be_constructed_with_custom_values"/>
    <testcase time="0.0129999999999981" classname="chevron_tlg_class" name="chevron_t_constructor_returns_an_error_when_expected"/>
    <testcase time="0.00300000000000011" classname="chevron_tlg_class" name="chevron_t_constructor_returns_an_error_when_expected"/>
    <testcase time="0.00100000000000477" classname="chevron_tlg_class" name="chevron_t_constructor_returns_an_error_when_expected"/>
    <testcase time="0.00199999999999534" classname="chevron_tlg_class" name="chevron_t_constructor_returns_an_error_when_expected"/>
    <testcase time="0.00100000000000477" classname="chevron_tlg_class" name="chevron_t_constructor_returns_an_error_when_expected"/>
    <testcase time="0.00199999999999534" classname="chevron_tlg_class" name="chevron_t_constructor_returns_an_error_when_expected"/>
    <testcase time="0.0130000000000052" classname="chevron_tlg_class" name="chevron_l_object_can_be_constructed_with_default_values"/>
    <testcase time="0.00499999999999545" classname="chevron_tlg_class" name="chevron_l_object_can_be_constructed_with_default_values"/>
    <testcase time="0.0130000000000052" classname="chevron_tlg_class" name="chevron_g_object_can_be_constructed_with_custom_values"/>
    <testcase time="0.00600000000000023" classname="chevron_tlg_class" name="chevron_g_object_can_be_constructed_with_custom_values"/>
    <testcase time="0.00299999999999301" classname="chevron_tlg_class" name="chevron_g_object_can_be_constructed_with_custom_values"/>
    <testcase time="0.00600000000000023" classname="chevron_tlg_class" name="chevron_g_object_can_be_constructed_with_custom_values"/>
    <testcase time="0.0110000000000028" classname="chevron_tlg_class" name="chevron_g_constructor_returns_an_error_when_expected"/>
    <testcase time="0.000999999999997669" classname="chevron_tlg_class" name="chevron_g_constructor_returns_an_error_when_expected"/>
    <testcase time="0.000999999999997669" classname="chevron_tlg_class" name="chevron_g_constructor_returns_an_error_when_expected"/>
    <testcase time="0.00200000000000244" classname="chevron_tlg_class" name="chevron_g_constructor_returns_an_error_when_expected"/>
    <testcase time="0.000999999999997669" classname="chevron_tlg_class" name="chevron_g_constructor_returns_an_error_when_expected"/>
    <testcase time="0.000999999999997669" classname="chevron_tlg_class" name="chevron_g_constructor_returns_an_error_when_expected"/>
  </testsuite>
  <testsuite name="chevron_tlg-methods" timestamp="2023-07-25T12:22:16Z" hostname="632fc70ba242" tests="38" skipped="8" failures="0" errors="0" time="13.762">
    <testcase time="6.041" classname="chevron_tlg_methods" name="run_works_as_expected_for_chevron_t_object">
      <skipped message="Reason: On CRAN ('test-chevron_tlg-methods.R:5:3')"/>
    </testcase>
    <testcase time="1.118" classname="chevron_tlg_methods" name="run_works_as_expected_for_chevron_t_object_when_auto_pre_FALSE">
      <skipped message="Reason: On CRAN ('test-chevron_tlg-methods.R:13:3')"/>
    </testcase>
    <testcase time="0.979999999999997" classname="chevron_tlg_methods" name="run_works_as_expected_with_argument_printed">
      <skipped message="Reason: On CRAN ('test-chevron_tlg-methods.R:18:3')"/>
    </testcase>
    <testcase time="1.005" classname="chevron_tlg_methods" name="run_works_as_expected_with_partial_match_argument">
      <skipped message="Reason: On CRAN ('test-chevron_tlg-methods.R:24:3')"/>
    </testcase>
    <testcase time="0.0219999999999985" classname="chevron_tlg_methods" name="args_ls_works_as_expected"/>
    <testcase time="0.00199999999999534" classname="chevron_tlg_methods" name="args_ls_works_as_expected"/>
    <testcase time="0.00100000000000477" classname="chevron_tlg_methods" name="args_ls_works_as_expected"/>
    <testcase time="0.0109999999999957" classname="chevron_tlg_methods" name="args_ls_works_as_expected_when_simplify_is_TRUE"/>
    <testcase time="0.00100000000000477" classname="chevron_tlg_methods" name="args_ls_works_as_expected_when_simplify_is_TRUE"/>
    <testcase time="0.00199999999999534" classname="chevron_tlg_methods" name="args_ls_works_as_expected_when_simplify_is_TRUE"/>
    <testcase time="0.0110000000000028" classname="chevron_tlg_methods" name="args_ls_works_as_expected_with_custom_chevron_tlg_object"/>
    <testcase time="0.00200000000000244" classname="chevron_tlg_methods" name="args_ls_works_as_expected_with_custom_chevron_tlg_object"/>
    <testcase time="0.000999999999997669" classname="chevron_tlg_methods" name="args_ls_works_as_expected_with_custom_chevron_tlg_object"/>
    <testcase time="0.00500000000000256" classname="chevron_tlg_methods" name="args_ls_works_as_expected_with_custom_chevron_tlg_object"/>
    <testcase time="0.0140000000000029" classname="chevron_tlg_methods" name="main_works_as_expected"/>
    <testcase time="0.0139999999999958" classname="chevron_tlg_methods" name="main_setter_works_as_expected"/>
    <testcase time="0.0260000000000034" classname="chevron_tlg_methods" name="main_setter_throw_an_error_as_expected"/>
    <testcase time="0.0150000000000006" classname="chevron_tlg_methods" name="preprocess_works_as_expected"/>
    <testcase time="0.0159999999999982" classname="chevron_tlg_methods" name="preprocess_setter_works_as_expected"/>
    <testcase time="0.0219999999999985" classname="chevron_tlg_methods" name="preprocess_sends_an_error_as_expected"/>
    <testcase time="0.0140000000000029" classname="chevron_tlg_methods" name="postprocess_works_as_expected"/>
    <testcase time="0.0139999999999958" classname="chevron_tlg_methods" name="postprocess_setter_works_as_expected"/>
    <testcase time="0.0240000000000009" classname="chevron_tlg_methods" name="postprocess_sends_an_error_as_expected"/>
    <testcase time="0.0120000000000005" classname="chevron_tlg_methods" name="script_works_as_expected"/>
    <testcase time="0.00200000000000244" classname="chevron_tlg_methods" name="script_works_as_expected"/>
    <testcase time="0.00199999999999534" classname="chevron_tlg_methods" name="script_works_as_expected"/>
    <testcase time="0.0180000000000007" classname="chevron_tlg_methods" name="script_works_as_expected_with_dictionary_of_arguments"/>
    <testcase time="0.00200000000000244" classname="chevron_tlg_methods" name="script_works_as_expected_with_dictionary_of_arguments"/>
    <testcase time="0.00200000000000244" classname="chevron_tlg_methods" name="script_works_as_expected_with_dictionary_of_arguments"/>
    <testcase time="0.000999999999997669" classname="chevron_tlg_methods" name="script_works_as_expected_with_dictionary_of_arguments"/>
    <testcase time="0.0120000000000005" classname="chevron_tlg_methods" name="script_funs_works_as_expected_in_interactive_mode">
      <skipped message="Reason: !interactive() is TRUE ('test-chevron_tlg-methods.R:154:3')"/>
    </testcase>
    <testcase time="0.0240000000000009" classname="chevron_tlg_methods" name="script_funs_works_as_expected"/>
    <testcase time="0.000999999999997669" classname="chevron_tlg_methods" name="script_funs_works_as_expected"/>
    <testcase time="0.0110000000000028" classname="chevron_tlg_methods" name="script_funs_works_as_expected_with_details_set_to_TRUE"/>
    <testcase time="0.00199999999999534" classname="chevron_tlg_methods" name="script_funs_works_as_expected_with_details_set_to_TRUE"/>
    <testcase time="4.228" classname="chevron_tlg_methods" name="script_funs_generates_a_valid_script">
      <skipped message="Reason: On CRAN ('test-chevron_tlg-methods.R:180:3')"/>
    </testcase>
    <testcase time="0.0410000000000039" classname="chevron_tlg_methods" name="print_list_works">
      <skipped message="Reason: On CRAN ('test-chevron_tlg-methods.R:194:3')"/>
    </testcase>
    <testcase time="0.0429999999999993" classname="chevron_tlg_methods" name="print_list_works_for_empty_list">
      <skipped message="Reason: On CRAN ('test-chevron_tlg-methods.R:198:3')"/>
    </testcase>
  </testsuite>
  <testsuite name="cmt01a" timestamp="2023-07-25T12:22:30Z" hostname="632fc70ba242" tests="6" skipped="4" failures="0" errors="0" time="6.558">
    <testcase time="1.98099999999999" classname="cmt01a" name="cmt01a_functions_with_default_argument_value_return_expected_result_with_test_data">
      <skipped message="Reason: On CRAN ('test-cmt01a.R:7:3')"/>
    </testcase>
    <testcase time="1.876" classname="cmt01a" name="cmt01a_functions_with_custom_argument_value_return_expected_result_with_test_data">
      <skipped message="Reason: On CRAN ('test-cmt01a.R:14:3')"/>
    </testcase>
    <testcase time="0.263999999999996" classname="cmt01a" name="cmt01a_can_handle_all_NA_values"/>
    <testcase time="0.257000000000005" classname="cmt01a" name="cmt01a_can_handle_all_NA_values">
      <skipped message="Reason: On CRAN ('test-cmt01a.R:28:3')"/>
    </testcase>
    <testcase time="1.189" classname="cmt01a" name="cmt01a_can_handle_some_NA_values"/>
    <testcase time="0.991" classname="cmt01a" name="cmt01a_can_handle_some_NA_values">
      <skipped message="Reason: On CRAN ('test-cmt01a.R:36:3')"/>
    </testcase>
  </testsuite>
  <testsuite name="cmt02_pt" timestamp="2023-07-25T12:22:37Z" hostname="632fc70ba242" tests="4" skipped="2" failures="0" errors="0" time="1.001">
    <testcase time="0.175999999999995" classname="cmt02_pt" name="cmt02_pt_can_handle_all_NA_values"/>
    <testcase time="0.206000000000003" classname="cmt02_pt" name="cmt02_pt_can_handle_all_NA_values">
      <skipped message="Reason: On CRAN ('test-cmt02_pt.R:9:3')"/>
    </testcase>
    <testcase time="0.273000000000003" classname="cmt02_pt" name="cmt02_pt_can_handle_some_NA_values"/>
    <testcase time="0.345999999999997" classname="cmt02_pt" name="cmt02_pt_can_handle_some_NA_values">
      <skipped message="Reason: On CRAN ('test-cmt02_pt.R:17:3')"/>
    </testcase>
  </testsuite>
  <testsuite name="coxt01" timestamp="2023-07-25T12:22:38Z" hostname="632fc70ba242" tests="3" skipped="1" failures="0" errors="0" time="0.958">
    <testcase time="0.651000000000003" classname="coxt01" name="coxt01_can_handle_some_NA_values"/>
    <testcase time="0.256999999999998" classname="coxt01" name="coxt01_can_handle_some_NA_values">
      <skipped message="Reason: On CRAN ('test-coxt01.R:8:3')"/>
    </testcase>
    <testcase time="0.0499999999999972" classname="coxt01" name="coxt01_fails_on_incomlete_data"/>
  </testsuite>
  <testsuite name="coxt02" timestamp="2023-07-25T12:22:39Z" hostname="632fc70ba242" tests="3" skipped="1" failures="0" errors="0" time="1.14">
    <testcase time="0.746000000000002" classname="coxt02" name="coxt02_can_handle_some_NA_values"/>
    <testcase time="0.356000000000002" classname="coxt02" name="coxt02_can_handle_some_NA_values">
      <skipped message="Reason: On CRAN ('test-coxt02.R:5:3')"/>
    </testcase>
    <testcase time="0.0379999999999967" classname="coxt02" name="coxt02_fails_on_incomlete_data"/>
  </testsuite>
  <testsuite name="default_tlg" timestamp="2023-07-25T12:22:40Z" hostname="632fc70ba242" tests="15" skipped="15" failures="0" errors="0" time="19.93">
    <testcase time="0.198" classname="default_tlg" name="ael01_nollt_function_with_default_argument_value_return_expected_result_with_test_data">
      <skipped message="Reason: On CRAN ('test-default_tlg.R:5:3')"/>
    </testcase>
    <testcase time="0.902999999999999" classname="default_tlg" name="aet01_function_with_default_argument_value_return_expected_result_with_test_data">
      <skipped message="Reason: On CRAN ('test-default_tlg.R:12:3')"/>
    </testcase>
    <testcase time="0.875" classname="default_tlg" name="aet01_aesi_function_with_default_argument_value_return_expected_result_with_test_data">
      <skipped message="Reason: On CRAN ('test-default_tlg.R:19:3')"/>
    </testcase>
    <testcase time="1.724" classname="default_tlg" name="aet02_functions_with_default_argument_value_return_expected_result_with_test_data">
      <skipped message="Reason: On CRAN ('test-default_tlg.R:26:3')"/>
    </testcase>
    <testcase time="3.996" classname="default_tlg" name="aet03_functions_with_default_argument_value_return_expected_result_with_test_data">
      <skipped message="Reason: On CRAN ('test-default_tlg.R:33:3')"/>
    </testcase>
    <testcase time="6.12899999999999" classname="default_tlg" name="aet04_functions_with_default_argument_value_return_expected_result_with_test_data">
      <skipped message="Reason: On CRAN ('test-default_tlg.R:40:3')"/>
    </testcase>
    <testcase time="0.628" classname="default_tlg" name="aet05_functions_with_default_argument_value_return_expected_result_with_test_data">
      <skipped message="Reason: On CRAN ('test-default_tlg.R:47:3')"/>
    </testcase>
    <testcase time="0.638000000000005" classname="default_tlg" name="aet05_all_functions_with_default_argument_value_return_expected_result_with_test_data">
      <skipped message="Reason: On CRAN ('test-default_tlg.R:54:3')"/>
    </testcase>
    <testcase time="0.451000000000008" classname="default_tlg" name="aet10_functions_with_default_argument_value_return_expected_result_with_test_data">
      <skipped message="Reason: On CRAN ('test-default_tlg.R:61:3')"/>
    </testcase>
    <testcase time="0.571999999999989" classname="default_tlg" name="cmt02_pt_functions_with_default_argument_value_return_expected_result_with_test_data">
      <skipped message="Reason: On CRAN ('test-default_tlg.R:68:3')"/>
    </testcase>
    <testcase time="0.751000000000005" classname="default_tlg" name="coxt01_functions_with_default_argument_value_return_expected_result_with_test_data">
      <skipped message="Reason: On CRAN ('test-default_tlg.R:78:3')"/>
    </testcase>
    <testcase time="1.07899999999999" classname="default_tlg" name="coxt02_functions_with_default_argument_value_return_expected_result_with_test_data">
      <skipped message="Reason: On CRAN ('test-default_tlg.R:86:3')"/>
    </testcase>
    <testcase time="0.980000000000004" classname="default_tlg" name="dmt01_functions_with_default_argument_value_return_expected_result_with_test_data">
      <skipped message="Reason: On CRAN ('test-default_tlg.R:93:3')"/>
    </testcase>
    <testcase time="0.631" classname="default_tlg" name="dst01_functions_with_default_argument_value_return_expected_result_with_test_data">
      <skipped message="Reason: On CRAN ('test-default_tlg.R:100:3')"/>
    </testcase>
    <testcase time="0.375" classname="default_tlg" name="dtht01_functions_with_default_argument_value_return_expected_result_with_test_data">
      <skipped message="Reason: On CRAN ('test-default_tlg.R:107:3')"/>
    </testcase>
  </testsuite>
  <testsuite name="dmt01" timestamp="2023-07-25T12:23:00Z" hostname="632fc70ba242" tests="4" skipped="2" failures="0" errors="0" time="1.879">
    <testcase time="0.382999999999996" classname="dmt01" name="dmt01_can_handle_NA_values"/>
    <testcase time="0.516000000000005" classname="dmt01" name="dmt01_can_handle_NA_values">
      <skipped message="Reason: On CRAN ('test-dmt01.R:8:3')"/>
    </testcase>
    <testcase time="0.393000000000001" classname="dmt01" name="dmt01_can_handle_numeric_NA_values"/>
    <testcase time="0.587000000000003" classname="dmt01" name="dmt01_can_handle_numeric_NA_values">
      <skipped message="Reason: On CRAN ('test-dmt01.R:15:3')"/>
    </testcase>
  </testsuite>
  <testsuite name="dst01" timestamp="2023-07-25T12:23:02Z" hostname="632fc70ba242" tests="14" skipped="7" failures="0" errors="0" time="4.216">
    <testcase time="0.219999999999999" classname="dst01" name="dst01_works_as_expected_when_all_data_are_NA"/>
    <testcase time="0.0819999999999936" classname="dst01" name="dst01_works_as_expected_when_all_data_are_NA">
      <skipped message="Reason: On CRAN ('test-dst01.R:11:3')"/>
    </testcase>
    <testcase time="0.198999999999998" classname="dst01" name="dst01_can_handle_all_NA_values_in_DCSREAS"/>
    <testcase time="0.240000000000009" classname="dst01" name="dst01_can_handle_all_NA_values_in_DCSREAS">
      <skipped message="Reason: On CRAN ('test-dst01.R:22:3')"/>
    </testcase>
    <testcase time="0.307999999999993" classname="dst01" name="dst01_can_handle_some_NA_values"/>
    <testcase time="0.359999999999999" classname="dst01" name="dst01_can_handle_some_NA_values">
      <skipped message="Reason: On CRAN ('test-dst01.R:29:3')"/>
    </testcase>
    <testcase time="0.188000000000002" classname="dst01" name="dst01_can_handle_missing_levels_in_status_var"/>
    <testcase time="0.173000000000002" classname="dst01" name="dst01_can_handle_missing_levels_in_status_var">
      <skipped message="Reason: On CRAN ('test-dst01.R:39:3')"/>
    </testcase>
    <testcase time="0.335000000000008" classname="dst01" name="dst01_can_create_variants"/>
    <testcase time="0.406999999999996" classname="dst01" name="dst01_can_create_variants">
      <skipped message="Reason: On CRAN ('test-dst01.R:44:3')"/>
    </testcase>
    <testcase time="0.391000000000005" classname="dst01" name="dst01_can_create_variants"/>
    <testcase time="0.399000000000001" classname="dst01" name="dst01_can_create_variants">
      <skipped message="Reason: On CRAN ('test-dst01.R:49:3')"/>
    </testcase>
    <testcase time="0.438999999999993" classname="dst01" name="dst01_can_create_variants"/>
    <testcase time="0.475000000000009" classname="dst01" name="dst01_can_create_variants">
      <skipped message="Reason: On CRAN ('test-dst01.R:56:3')"/>
    </testcase>
  </testsuite>
  <testsuite name="dtht01" timestamp="2023-07-25T12:23:06Z" hostname="632fc70ba242" tests="5" skipped="3" failures="0" errors="0" time="2.427">
    <testcase time="0.171999999999997" classname="dtht01" name="dtht01_can_handle_all_NA_values"/>
    <testcase time="0.251000000000005" classname="dtht01" name="dtht01_can_handle_all_NA_values">
      <skipped message="Reason: On CRAN ('test-dtht01.R:12:3')"/>
    </testcase>
    <testcase time="0.402999999999992" classname="dtht01" name="dtht01_can_handle_some_NA_values"/>
    <testcase time="0.582999999999998" classname="dtht01" name="dtht01_can_handle_some_NA_values">
      <skipped message="Reason: On CRAN ('test-dtht01.R:19:3')"/>
    </testcase>
    <testcase time="1.018" classname="dtht01" name="dtht01_can_be_parametrize_as_expected">
      <skipped message="Reason: On CRAN ('test-dtht01.R:30:3')"/>
    </testcase>
  </testsuite>
  <testsuite name="egt01" timestamp="2023-07-25T12:23:08Z" hostname="632fc70ba242" tests="3" skipped="2" failures="0" errors="0" time="14.524">
    <testcase time="7.11200000000001" classname="egt01" name="egt01_functions_with_default_argument_value_return_expected_result_with_test_data">
      <skipped message="Reason: On CRAN ('test-egt01.R:7:3')"/>
    </testcase>
    <testcase time="3.777" classname="egt01" name="egt01_can_handle_n_0_and_outputs_NE_instead_of_infs_and_NAs"/>
    <testcase time="3.63499999999999" classname="egt01" name="egt01_can_handle_n_0_and_outputs_NE_instead_of_infs_and_NAs">
      <skipped message="Reason: On CRAN ('test-egt01.R:20:3')"/>
    </testcase>
  </testsuite>
  <testsuite name="egt02" timestamp="2023-07-25T12:23:23Z" hostname="632fc70ba242" tests="2" skipped="2" failures="0" errors="0" time="1.216">
    <testcase time="0.621000000000009" classname="egt02" name="egt02_1_functions_with_default_argument_value_return_expected_result_with_test_data">
      <skipped message="Reason: On CRAN ('test-egt02.R:7:3')"/>
    </testcase>
    <testcase time="0.594999999999999" classname="egt02" name="egt02_2_functions_with_default_value_return_expected_result_with_test_data">
      <skipped message="Reason: On CRAN ('test-egt02.R:14:3')"/>
    </testcase>
  </testsuite>
  <testsuite name="egt03" timestamp="2023-07-25T12:23:24Z" hostname="632fc70ba242" tests="5" skipped="2" failures="0" errors="0" time="1.965">
    <testcase time="0.941999999999993" classname="egt03" name="egt03_functions_with_default_argument_value_return_expected_result_with_test_data">
      <skipped message="Reason: On CRAN ('test-egt03.R:9:3')"/>
    </testcase>
    <testcase time="0.0550000000000068" classname="egt03" name="egt03_errors_on_all_NA_values"/>
    <testcase time="0.420999999999992" classname="egt03" name="egt03_can_handle_some_NA_values"/>
    <testcase time="0.491" classname="egt03" name="egt03_can_handle_some_NA_values">
      <skipped message="Reason: On CRAN ('test-egt03.R:32:3')"/>
    </testcase>
    <testcase time="0.0560000000000116" classname="egt03" name="egt03_fails_on_incomplete_data"/>
  </testsuite>
  <testsuite name="egt05_qtcat" timestamp="2023-07-25T12:23:26Z" hostname="632fc70ba242" tests="4" skipped="2" failures="0" errors="0" time="6.667">
    <testcase time="4.401" classname="egt05_qtcat" name="egt05_qtcat_functions_with_default_argument_value_return_expected_result_with_test_data">
      <skipped message="Reason: On CRAN ('test-egt05_qtcat.R:7:3')"/>
    </testcase>
    <testcase time="0.0510000000000019" classname="egt05_qtcat" name="egt05_qtcat_erros_on_all_NA_values"/>
    <testcase time="0.870999999999995" classname="egt05_qtcat" name="egt05_qtcat_can_handle_some_NA_values"/>
    <testcase time="1.34399999999999" classname="egt05_qtcat" name="egt05_qtcat_can_handle_some_NA_values">
      <skipped message="Reason: On CRAN ('test-egt05_qtcat.R:28:3')"/>
    </testcase>
  </testsuite>
  <testsuite name="empty_report" timestamp="2023-07-25T12:23:33Z" hostname="632fc70ba242" tests="24" skipped="0" failures="0" errors="0" time="6.267">
    <testcase time="1.91500000000001" classname="empty_report" name="tlg_functions_return_null_reports_when_domain_table_is_empty"/>
    <testcase time="0.495000000000005" classname="empty_report" name="tlg_functions_return_null_reports_when_domain_table_is_empty"/>
    <testcase time="0.331999999999994" classname="empty_report" name="tlg_functions_return_null_reports_when_domain_table_is_empty"/>
    <testcase time="0.158000000000001" classname="empty_report" name="tlg_functions_return_null_reports_when_domain_table_is_empty"/>
    <testcase time="0.161000000000001" classname="empty_report" name="tlg_functions_return_null_reports_when_domain_table_is_empty"/>
    <testcase time="0.0819999999999936" classname="empty_report" name="tlg_functions_return_null_reports_when_domain_table_is_empty"/>
    <testcase time="0.155000000000001" classname="empty_report" name="tlg_functions_return_null_reports_when_domain_table_is_empty"/>
    <testcase time="0.247" classname="empty_report" name="tlg_functions_return_null_reports_when_domain_table_is_empty"/>
    <testcase time="0.303000000000011" classname="empty_report" name="tlg_functions_return_null_reports_when_domain_table_is_empty"/>
    <testcase time="0.113" classname="empty_report" name="tlg_functions_return_null_reports_when_domain_table_is_empty"/>
    <testcase time="0.129999999999995" classname="empty_report" name="tlg_functions_return_null_reports_when_domain_table_is_empty"/>
    <testcase time="0.0600000000000023" classname="empty_report" name="tlg_functions_return_null_reports_when_domain_table_is_empty"/>
    <testcase time="0.0600000000000023" classname="empty_report" name="tlg_functions_return_null_reports_when_domain_table_is_empty"/>
    <testcase time="0.0949999999999989" classname="empty_report" name="tlg_functions_return_null_reports_when_domain_table_is_empty"/>
    <testcase time="0.111999999999995" classname="empty_report" name="tlg_functions_return_null_reports_when_domain_table_is_empty"/>
    <testcase time="0.123000000000005" classname="empty_report" name="tlg_functions_return_null_reports_when_domain_table_is_empty"/>
    <testcase time="0.116" classname="empty_report" name="tlg_functions_return_null_reports_when_domain_table_is_empty"/>
    <testcase time="0.114999999999995" classname="empty_report" name="tlg_functions_return_null_reports_when_domain_table_is_empty"/>
    <testcase time="0.638000000000005" classname="empty_report" name="tlg_functions_return_null_reports_when_domain_table_is_empty"/>
    <testcase time="0.150999999999996" classname="empty_report" name="tlg_functions_return_null_reports_when_domain_table_is_empty"/>
    <testcase time="0.122" classname="empty_report" name="tlg_functions_return_null_reports_when_domain_table_is_empty"/>
    <testcase time="0.120999999999995" classname="empty_report" name="tlg_functions_return_null_reports_when_domain_table_is_empty"/>
    <testcase time="0.0640000000000072" classname="empty_report" name="tlg_functions_return_null_reports_when_domain_table_is_empty"/>
    <testcase time="0.399000000000001" classname="empty_report" name="tlg_functions_return_null_reports_when_domain_table_is_empty"/>
  </testsuite>
  <testsuite name="ext01" timestamp="2023-07-25T12:23:39Z" hostname="632fc70ba242" tests="8" skipped="7" failures="0" errors="0" time="8.808">
    <testcase time="0.930999999999997" classname="ext01" name="ext01_functions_with_default_argument_value_return_expected_result_with_test_data">
      <skipped message="Reason: On CRAN ('test-ext01.R:7:3')"/>
    </testcase>
    <testcase time="0.983999999999995" classname="ext01" name="ext01_functions_with_categorical_data_return_expected_result_with_test_data">
      <skipped message="Reason: On CRAN ('test-ext01.R:15:3')"/>
    </testcase>
    <testcase time="0.432000000000002" classname="ext01" name="ext01_works"/>
    <testcase time="0.507999999999996" classname="ext01" name="ext01_works">
      <skipped message="Reason: On CRAN ('test-ext01.R:23:3')"/>
    </testcase>
    <testcase time="1.03500000000001" classname="ext01" name="ext01_works_for_selected_parameters_and_categorical_variables">
      <skipped message="Reason: On CRAN ('test-ext01.R:36:3')"/>
    </testcase>
    <testcase time="1.59599999999999" classname="ext01" name="ext01_works_with_custom_mapping_order">
      <skipped message="Reason: On CRAN ('test-ext01.R:47:3')"/>
    </testcase>
    <testcase time="1.64" classname="ext01" name="ext01_works_with_custom_mapping_order_for_a_single_split">
      <skipped message="Reason: On CRAN ('test-ext01.R:57:3')"/>
    </testcase>
    <testcase time="1.682" classname="ext01" name="ext01_works_with_custom_mapping_fill_in_value">
      <skipped message="Reason: On CRAN ('test-ext01.R:68:3')"/>
    </testcase>
  </testsuite>
  <testsuite name="fstg01" timestamp="2023-07-25T12:23:48Z" hostname="632fc70ba242" tests="13" skipped="0" failures="0" errors="0" time="13.479">
    <testcase time="0.0390000000000015" classname="fstg01" name="fstg01_works_as_expected"/>
    <testcase time="3.00200000000001" classname="fstg01" name="fstg01_works_as_expected"/>
    <testcase time="0.00600000000000023" classname="fstg01" name="fstg01_works_as_expected"/>
    <testcase time="3.05999999999999" classname="fstg01" name="fstg01_works_as_expected_with_custom_color_set"/>
    <testcase time="0.00600000000000023" classname="fstg01" name="fstg01_works_as_expected_with_custom_color_set"/>
    <testcase time="2.53800000000001" classname="fstg01" name="fstg01_works_as_expected_with_custom_color_set"/>
    <testcase time="0.00499999999999545" classname="fstg01" name="fstg01_works_as_expected_with_custom_color_set"/>
    <testcase time="0.52000000000001" classname="fstg01" name="fstg01_works_if_changes_are_in_subgroups_strata_var_conf_level_and_label_all"/>
    <testcase time="0.00499999999999545" classname="fstg01" name="fstg01_works_if_changes_are_in_subgroups_strata_var_conf_level_and_label_all"/>
    <testcase time="1.24099999999999" classname="fstg01" name="fstg01_works_if_changes_are_in_subgroups_strata_var_conf_level_and_label_all"/>
    <testcase time="0.00600000000000023" classname="fstg01" name="fstg01_works_if_changes_are_in_subgroups_strata_var_conf_level_and_label_all"/>
    <testcase time="3.03900000000002" classname="fstg01" name="fstg01_can_handle_some_NA_values_in_subgroups"/>
    <testcase time="0.0120000000000005" classname="fstg01" name="fstg01_can_handle_some_NA_values_in_subgroups"/>
  </testsuite>
  <testsuite name="kmg01" timestamp="2023-07-25T12:24:01Z" hostname="632fc70ba242" tests="13" skipped="0" failures="0" errors="0" time="3.037">
    <testcase time="0.0219999999999914" classname="kmg01" name="kmg01_works_as_expected"/>
    <testcase time="0.594999999999999" classname="kmg01" name="kmg01_works_as_expected"/>
    <testcase time="0.00600000000000023" classname="kmg01" name="kmg01_works_as_expected"/>
    <testcase time="0.615000000000009" classname="kmg01" name="kmg01_works_as_expected_with_custom_color_set"/>
    <testcase time="0.00899999999998613" classname="kmg01" name="kmg01_works_as_expected_with_custom_color_set"/>
    <testcase time="0.485000000000014" classname="kmg01" name="kmg01_works_as_expected_with_custom_color_set"/>
    <testcase time="0.00600000000000023" classname="kmg01" name="kmg01_works_as_expected_with_custom_color_set"/>
    <testcase time="0.460999999999984" classname="kmg01" name="kmg01_works_if_change_pvalue_ties_and_conf_level"/>
    <testcase time="0.00600000000000023" classname="kmg01" name="kmg01_works_if_change_pvalue_ties_and_conf_level"/>
    <testcase time="0.40300000000002" classname="kmg01" name="kmg01_works_if_change_annotation_position"/>
    <testcase time="0.00600000000000023" classname="kmg01" name="kmg01_works_if_change_annotation_position"/>
    <testcase time="0.415999999999997" classname="kmg01" name="kmg01_works_for_stratified_anlaysis"/>
    <testcase time="0.00699999999997658" classname="kmg01" name="kmg01_works_for_stratified_anlaysis"/>
  </testsuite>
  <testsuite name="lbt01" timestamp="2023-07-25T12:24:04Z" hostname="632fc70ba242" tests="4" skipped="3" failures="0" errors="0" time="20.245">
    <testcase time="6.51100000000002" classname="lbt01" name="lbt01_functions_with_default_argument_value_return_expected_result_with_test_data">
      <skipped message="Reason: On CRAN ('test-lbt01.R:7:3')"/>
    </testcase>
    <testcase time="6.87199999999999" classname="lbt01" name="lbt01_functions_with_row_split_var_return_expected_result_with_test_data">
      <skipped message="Reason: On CRAN ('test-lbt01.R:16:3')"/>
    </testcase>
    <testcase time="3.06100000000001" classname="lbt01" name="lbt01_can_handle_n_0_and_outputs_NE_instead_of_infs_and_NAs"/>
    <testcase time="3.80099999999999" classname="lbt01" name="lbt01_can_handle_n_0_and_outputs_NE_instead_of_infs_and_NAs">
      <skipped message="Reason: On CRAN ('test-lbt01.R:29:3')"/>
    </testcase>
  </testsuite>
  <testsuite name="lbt04" timestamp="2023-07-25T12:24:24Z" hostname="632fc70ba242" tests="8" skipped="4" failures="0" errors="0" time="3.911">
    <testcase time="1.221" classname="lbt04" name="lbt04_functions_with_default_argument_value_return_expected_result_with_test_data">
      <skipped message="Reason: On CRAN ('test-lbt04.R:7:3')"/>
    </testcase>
    <testcase time="0.092000000000013" classname="lbt04" name="lbt04_can_handle_all_NA_values"/>
    <testcase time="0.0819999999999936" classname="lbt04" name="lbt04_can_handle_all_NA_values">
      <skipped message="Reason: On CRAN ('test-lbt04.R:20:3')"/>
    </testcase>
    <testcase time="0.584000000000003" classname="lbt04" name="lbt04_can_handle_missing_levels"/>
    <testcase time="0.614000000000004" classname="lbt04" name="lbt04_can_handle_missing_levels">
      <skipped message="Reason: On CRAN ('test-lbt04.R:31:3')"/>
    </testcase>
    <testcase time="0.603999999999985" classname="lbt04" name="lbt04_can_handle_some_NA_values"/>
    <testcase time="0.669000000000011" classname="lbt04" name="lbt04_can_handle_some_NA_values">
      <skipped message="Reason: On CRAN ('test-lbt04.R:39:3')"/>
    </testcase>
    <testcase time="0.0449999999999875" classname="lbt04" name="lbt04_fails_on_incomlete_data"/>
  </testsuite>
  <testsuite name="lbt05" timestamp="2023-07-25T12:24:28Z" hostname="632fc70ba242" tests="5" skipped="2" failures="0" errors="0" time="3.104">
    <testcase time="1.22300000000001" classname="lbt05" name="lbt05_functions_with_default_argument_value_return_expected_result_with_test_data">
      <skipped message="Reason: On CRAN ('test-lbt05.R:7:3')"/>
    </testcase>
    <testcase time="0.597000000000008" classname="lbt05" name="lbt05_give_all_0_count_if_ANRIND_are_all_missing"/>
    <testcase time="0.585999999999984" classname="lbt05" name="lbt05_can_handle_some_NA_values"/>
    <testcase time="0.62299999999999" classname="lbt05" name="lbt05_can_handle_some_NA_values">
      <skipped message="Reason: On CRAN ('test-lbt05.R:36:3')"/>
    </testcase>
    <testcase time="0.0750000000000171" classname="lbt05" name="lbt05_fails_on_incomlete_data"/>
  </testsuite>
  <testsuite name="lbt06" timestamp="2023-07-25T12:24:31Z" hostname="632fc70ba242" tests="3" skipped="1" failures="0" errors="0" time="6.613">
    <testcase time="2.00899999999999" classname="lbt06" name="lbt06_gives_all_0_count_if_ANRIND_and_BNRIND_are_all_missing"/>
    <testcase time="4.51600000000002" classname="lbt06" name="lbt06_can_handle_some_NA_values">
      <skipped message="Reason: On CRAN ('test-lbt06.R:20:3')"/>
    </testcase>
    <testcase time="0.0879999999999939" classname="lbt06" name="lbt06_fails_on_incomplete_data"/>
  </testsuite>
  <testsuite name="lbt07" timestamp="2023-07-25T12:24:38Z" hostname="632fc70ba242" tests="4" skipped="2" failures="0" errors="0" time="3.632">
    <testcase time="1.786" classname="lbt07" name="lbt07_functions_with_default_argument_value_return_expected_result_with_test_data">
      <skipped message="Reason: On CRAN ('test-lbt07.R:7:3')"/>
    </testcase>
    <testcase time="0.902999999999992" classname="lbt07" name="lbt07_can_handle_some_NA_values"/>
    <testcase time="0.86699999999999" classname="lbt07" name="lbt07_can_handle_some_NA_values">
      <skipped message="Reason: On CRAN ('test-lbt07.R:22:3')"/>
    </testcase>
    <testcase time="0.0760000000000218" classname="lbt07" name="lbt07_fails_on_incomlete_data"/>
  </testsuite>
  <testsuite name="lbt14" timestamp="2023-07-25T12:24:42Z" hostname="632fc70ba242" tests="16" skipped="10" failures="0" errors="0" time="47.929">
    <testcase time="4.14599999999999" classname="lbt14" name="lbt14_functions_with_default_argument_value_return_expected_result_with_test_data">
      <skipped message="Reason: On CRAN ('test-lbt14.R:7:3')"/>
    </testcase>
    <testcase time="4.34399999999999" classname="lbt14" name="lbt14_functions_with_default_argument_value_return_expected_result_with_test_data_when_direction_high">
      <skipped message="Reason: On CRAN ('test-lbt14.R:14:3')"/>
    </testcase>
    <testcase time="3.83100000000002" classname="lbt14" name="lbt14_functions_with_gr_missing_excl_return_expected_result_with_test_data">
      <skipped message="Reason: On CRAN ('test-lbt14.R:21:3')"/>
    </testcase>
    <testcase time="3.94399999999999" classname="lbt14" name="lbt14_functions_with_gr_missing_gr_0_return_expected_result_with_test_data">
      <skipped message="Reason: On CRAN ('test-lbt14.R:28:3')"/>
    </testcase>
    <testcase time="2.59800000000001" classname="lbt14" name="lbt14_can_handle_all_NA_values"/>
    <testcase time="0.307999999999993" classname="lbt14" name="lbt14_can_handle_all_NA_values">
      <skipped message="Reason: On CRAN ('test-lbt14.R:41:3')"/>
    </testcase>
    <testcase time="2.53700000000001" classname="lbt14" name="lbt14_can_handle_some_NA_values"/>
    <testcase time="1.624" classname="lbt14" name="lbt14_can_handle_some_NA_values">
      <skipped message="Reason: On CRAN ('test-lbt14.R:60:3')"/>
    </testcase>
    <testcase time="8.35399999999998" classname="lbt14" name="lbt14_can_accept_different_gr_missing">
      <skipped message="Reason: On CRAN ('test-lbt14.R:67:3')"/>
    </testcase>
    <testcase time="0.0570000000000164" classname="lbt14" name="lbt14_fails_on_incomlete_data"/>
    <testcase time="2.096" classname="lbt14" name="lbt14_can_handle_all_NA_values_with_direction_high"/>
    <testcase time="0.318999999999988" classname="lbt14" name="lbt14_can_handle_all_NA_values_with_direction_high">
      <skipped message="Reason: On CRAN ('test-lbt14.R:92:3')"/>
    </testcase>
    <testcase time="2.72" classname="lbt14" name="lbt14_can_handle_some_NA_values_with_direction_high"/>
    <testcase time="1.82499999999999" classname="lbt14" name="lbt14_can_handle_some_NA_values_with_direction_high">
      <skipped message="Reason: On CRAN ('test-lbt14.R:111:3')"/>
    </testcase>
    <testcase time="9.173" classname="lbt14" name="lbt14_can_accept_different_gr_missing_with_direction_high">
      <skipped message="Reason: On CRAN ('test-lbt14.R:119:3')"/>
    </testcase>
    <testcase time="0.0529999999999973" classname="lbt14" name="lbt14_fails_on_incomlete_data"/>
  </testsuite>
  <testsuite name="lbt15" timestamp="2023-07-25T12:25:30Z" hostname="632fc70ba242" tests="12" skipped="6" failures="0" errors="0" time="8.077">
    <testcase time="1.33300000000003" classname="lbt15" name="lbt15_functions_with_default_argument_value_return_expected_result_with_test_data">
      <skipped message="Reason: On CRAN ('test-lbt15.R:7:3')"/>
    </testcase>
    <testcase time="0.639999999999986" classname="lbt15" name="lbt15_can_handle_all_NA_values"/>
    <testcase time="0.664999999999992" classname="lbt15" name="lbt15_can_handle_all_NA_values">
      <skipped message="Reason: On CRAN ('test-lbt15.R:20:3')"/>
    </testcase>
    <testcase time="0.644000000000005" classname="lbt15" name="lbt15_can_handle_missing_levels"/>
    <testcase time="0.665999999999997" classname="lbt15" name="lbt15_can_handle_missing_levels">
      <skipped message="Reason: On CRAN ('test-lbt15.R:31:3')"/>
    </testcase>
    <testcase time="0.669000000000011" classname="lbt15" name="lbt15_can_handle_missing_levels_in_baseline"/>
    <testcase time="0.681999999999988" classname="lbt15" name="lbt15_can_handle_missing_levels_in_baseline">
      <skipped message="Reason: On CRAN ('test-lbt15.R:42:3')"/>
    </testcase>
    <testcase time="0.628000000000014" classname="lbt15" name="lbt15_can_handle_some_NA_values"/>
    <testcase time="0.704999999999984" classname="lbt15" name="lbt15_can_handle_some_NA_values">
      <skipped message="Reason: On CRAN ('test-lbt15.R:50:3')"/>
    </testcase>
    <testcase time="0.663000000000011" classname="lbt15" name="lbt15_can_handle_some_NA_values_in_baseline"/>
    <testcase time="0.734999999999985" classname="lbt15" name="lbt15_can_handle_some_NA_values_in_baseline">
      <skipped message="Reason: On CRAN ('test-lbt15.R:58:3')"/>
    </testcase>
    <testcase time="0.0470000000000255" classname="lbt15" name="lbt15_fails_on_incomlete_data"/>
  </testsuite>
  <testsuite name="mht01" timestamp="2023-07-25T12:25:38Z" hostname="632fc70ba242" tests="3" skipped="3" failures="0" errors="0" time="3.448">
    <testcase time="1.40299999999999" classname="mht01" name="mht01_1_functions_with_default_argument_value_return_expected_result_with_test_data">
      <skipped message="Reason: On CRAN ('test-mht01.R:7:3')"/>
    </testcase>
    <testcase time="1.03" classname="mht01" name="mht01_works">
      <skipped message="Reason: On CRAN ('test-mht01.R:15:3')"/>
    </testcase>
    <testcase time="1.01499999999999" classname="mht01" name="mht01_works_on_NULL_in_lbl_mhbodsys_or_lbl_mhdecod">
      <skipped message="Reason: On CRAN ('test-mht01.R:21:3')"/>
    </testcase>
  </testsuite>
  <testsuite name="mng01" timestamp="2023-07-25T12:25:41Z" hostname="632fc70ba242" tests="8" skipped="0" failures="0" errors="0" time="12.342">
    <testcase time="1.78399999999999" classname="mng01" name="mng01_works_as_expected_with_default_argument_values"/>
    <testcase time="1.71600000000001" classname="mng01" name="mng01_works_as_expected_with_custom_argument_values"/>
    <testcase time="0.0229999999999961" classname="mng01" name="mng01_works_as_expected_with_custom_argument_values"/>
    <testcase time="1.75800000000001" classname="mng01" name="mng01_works_as_expected_with_custom_color_set"/>
    <testcase time="1.75899999999999" classname="mng01" name="mng01_works_as_expected_with_custom_color_set"/>
    <testcase time="1.73400000000001" classname="mng01" name="mng01_works_if_show_v_grid_show_h_grid_is_TRUE"/>
    <testcase time="1.75300000000001" classname="mng01" name="mng01_works_with_combination_of_x_variables"/>
    <testcase time="1.815" classname="mng01" name="mng01_works_with_numeric_jitter"/>
  </testsuite>
  <testsuite name="pdt01" timestamp="2023-07-25T12:25:53Z" hostname="632fc70ba242" tests="5" skipped="3" failures="0" errors="0" time="2.761">
    <testcase time="1.137" classname="pdt01" name="pdt01_function_with_default_argument_value_return_expected_result_with_test_data">
      <skipped message="Reason: On CRAN ('test-pdt01.R:7:3')"/>
    </testcase>
    <testcase time="0.185999999999979" classname="pdt01" name="pdt01_can_handle_all_NA_values"/>
    <testcase time="0.219000000000023" classname="pdt01" name="pdt01_can_handle_all_NA_values">
      <skipped message="Reason: On CRAN ('test-pdt01.R:21:3')"/>
    </testcase>
    <testcase time="0.492999999999995" classname="pdt01" name="pdt01_can_handle_some_NA_values"/>
    <testcase time="0.725999999999999" classname="pdt01" name="pdt01_can_handle_some_NA_values">
      <skipped message="Reason: On CRAN ('test-pdt01.R:36:3')"/>
    </testcase>
  </testsuite>
  <testsuite name="pdt02" timestamp="2023-07-25T12:25:56Z" hostname="632fc70ba242" tests="5" skipped="3" failures="0" errors="0" time="1.74">
    <testcase time="0.568999999999988" classname="pdt02" name="pdt02_function_with_default_argument_value_return_expected_result_with_test_data">
      <skipped message="Reason: On CRAN ('test-pdt02.R:7:3')"/>
    </testcase>
    <testcase time="0.236000000000018" classname="pdt02" name="pdt02_can_handle_all_NA_values"/>
    <testcase time="0.234000000000009" classname="pdt02" name="pdt02_can_handle_all_NA_values">
      <skipped message="Reason: On CRAN ('test-pdt02.R:21:3')"/>
    </testcase>
    <testcase time="0.349999999999994" classname="pdt02" name="pdt02_can_handle_some_NA_values"/>
    <testcase time="0.350999999999999" classname="pdt02" name="pdt02_can_handle_some_NA_values">
      <skipped message="Reason: On CRAN ('test-pdt02.R:36:3')"/>
    </testcase>
  </testsuite>
  <testsuite name="reexports" timestamp="2023-07-25T12:25:58Z" hostname="632fc70ba242" tests="2" skipped="0" failures="0" errors="0" time="0.046">
    <testcase time="0.0320000000000107" classname="reexports" name="with_label_exported_correctly"/>
    <testcase time="0.01400000000001" classname="reexports" name="reformat_exported_correctly"/>
  </testsuite>
  <testsuite name="rmpt01" timestamp="2023-07-25T12:25:58Z" hostname="632fc70ba242" tests="7" skipped="3" failures="0" errors="0" time="1.201">
    <testcase time="0.328999999999979" classname="rmpt01" name="rmpt01_function_with_default_argument_value_return_expected_result_with_test_data">
      <skipped message="Reason: On CRAN ('test-rmpt01.R:7:3')"/>
    </testcase>
    <testcase time="0.11699999999999" classname="rmpt01" name="rmpt01_can_handle_NA_values"/>
    <testcase time="0.240000000000009" classname="rmpt01" name="rmpt01_can_handle_NA_values">
      <skipped message="Reason: On CRAN ('test-rmpt01.R:17:3')"/>
    </testcase>
    <testcase time="0.152000000000015" classname="rmpt01" name="rmpt01_can_handle_some_NA_values"/>
    <testcase time="0.228999999999985" classname="rmpt01" name="rmpt01_can_handle_some_NA_values">
      <skipped message="Reason: On CRAN ('test-rmpt01.R:31:3')"/>
    </testcase>
    <testcase time="0.0819999999999936" classname="rmpt01" name="rmpt01_fails_on_incomlete_data"/>
    <testcase time="0.0520000000000209" classname="rmpt01" name="rmpt01_fails_on_incomlete_data"/>
  </testsuite>
  <testsuite name="rmpt03" timestamp="2023-07-25T12:25:59Z" hostname="632fc70ba242" tests="8" skipped="3" failures="0" errors="0" time="1.87">
    <testcase time="0.556999999999988" classname="rmpt03" name="rmpt03_function_with_default_argument_value_return_expected_result_with_test_data">
      <skipped message="Reason: On CRAN ('test-rmpt03.R:10:3')"/>
    </testcase>
    <testcase time="0.218000000000018" classname="rmpt03" name="rmpt03_can_handle_NA_values"/>
    <testcase time="0.33299999999997" classname="rmpt03" name="rmpt03_can_handle_NA_values">
      <skipped message="Reason: On CRAN ('test-rmpt03.R:22:3')"/>
    </testcase>
    <testcase time="0.199000000000012" classname="rmpt03" name="rmpt03_can_handle_some_NA_values"/>
    <testcase time="0.345000000000027" classname="rmpt03" name="rmpt03_can_handle_some_NA_values">
      <skipped message="Reason: On CRAN ('test-rmpt03.R:38:3')"/>
    </testcase>
    <testcase time="0.106999999999971" classname="rmpt03" name="rmpt03_fails_on_incomlete_data"/>
    <testcase time="0.0579999999999927" classname="rmpt03" name="rmpt03_fails_on_incomlete_data"/>
    <testcase time="0.0529999999999973" classname="rmpt03" name="rmpt03_fails_on_incomlete_data"/>
  </testsuite>
  <testsuite name="rmpt04" timestamp="2023-07-25T12:26:01Z" hostname="632fc70ba242" tests="6" skipped="3" failures="0" errors="0" time="1.053">
    <testcase time="0.347999999999956" classname="rmpt04" name="rmpt04_function_with_default_argument_value_return_expected_result_with_test_data">
      <skipped message="Reason: On CRAN ('test-rmpt04.R:7:3')"/>
    </testcase>
    <testcase time="0.124000000000024" classname="rmpt04" name="rmpt04_can_handle_NA_values"/>
    <testcase time="0.201999999999998" classname="rmpt04" name="rmpt04_can_handle_NA_values">
      <skipped message="Reason: On CRAN ('test-rmpt04.R:17:3')"/>
    </testcase>
    <testcase time="0.124000000000024" classname="rmpt04" name="rmpt04_can_handle_some_NA_values"/>
    <testcase time="0.204999999999984" classname="rmpt04" name="rmpt04_can_handle_some_NA_values">
      <skipped message="Reason: On CRAN ('test-rmpt04.R:34:3')"/>
    </testcase>
    <testcase time="0.0500000000000114" classname="rmpt04" name="rmpt04_fails_on_incomlete_data"/>
  </testsuite>
  <testsuite name="rmpt05" timestamp="2023-07-25T12:26:02Z" hostname="632fc70ba242" tests="6" skipped="3" failures="0" errors="0" time="1.334">
    <testcase time="0.430999999999983" classname="rmpt05" name="rmpt05_function_with_default_argument_value_return_expected_result_with_test_data">
      <skipped message="Reason: On CRAN ('test-rmpt05.R:7:3')"/>
    </testcase>
    <testcase time="0.168000000000006" classname="rmpt05" name="rmpt05_can_handle_NA_values"/>
    <testcase time="0.262999999999977" classname="rmpt05" name="rmpt05_can_handle_NA_values">
      <skipped message="Reason: On CRAN ('test-rmpt05.R:17:3')"/>
    </testcase>
    <testcase time="0.157000000000039" classname="rmpt05" name="rmpt05_can_handle_some_NA_values"/>
    <testcase time="0.262999999999977" classname="rmpt05" name="rmpt05_can_handle_some_NA_values">
      <skipped message="Reason: On CRAN ('test-rmpt05.R:34:3')"/>
    </testcase>
    <testcase time="0.0520000000000209" classname="rmpt05" name="rmpt05_fails_on_incomlete_data"/>
  </testsuite>
  <testsuite name="rspt01" timestamp="2023-07-25T12:26:03Z" hostname="632fc70ba242" tests="15" skipped="7" failures="0" errors="0" time="6.626">
    <testcase time="0.0550000000000068" classname="rspt01" name="rspt01_works_as_expected"/>
    <testcase time="0.625999999999976" classname="rspt01" name="rspt01_works_as_expected"/>
    <testcase time="0.428999999999974" classname="rspt01" name="rspt01_works_as_expected">
      <skipped message="Reason: On CRAN ('test-rspt01.R:5:3')"/>
    </testcase>
    <testcase time="0.527000000000044" classname="rspt01" name="rspt01_works_as_expected_for_stratified_and_unstratified_analysis"/>
    <testcase time="0.463999999999999" classname="rspt01" name="rspt01_works_as_expected_for_stratified_and_unstratified_analysis">
      <skipped message="Reason: On CRAN ('test-rspt01.R:17:3')"/>
    </testcase>
    <testcase time="0.47199999999998" classname="rspt01" name="rspt01_works_as_expected_for_unstratified_analysis_only"/>
    <testcase time="0.408000000000015" classname="rspt01" name="rspt01_works_as_expected_for_unstratified_analysis_only">
      <skipped message="Reason: On CRAN ('test-rspt01.R:36:3')"/>
    </testcase>
    <testcase time="0.44599999999997" classname="rspt01" name="rspt01_works_as_expected_for_stratified_analysis_only"/>
    <testcase time="0.41900000000004" classname="rspt01" name="rspt01_works_as_expected_for_stratified_analysis_only">
      <skipped message="Reason: On CRAN ('test-rspt01.R:55:3')"/>
    </testcase>
    <testcase time="0.476999999999975" classname="rspt01" name="rspt01_works_if_change_reference_group"/>
    <testcase time="0.434000000000026" classname="rspt01" name="rspt01_works_if_change_reference_group">
      <skipped message="Reason: On CRAN ('test-rspt01.R:74:3')"/>
    </testcase>
    <testcase time="0.491999999999962" classname="rspt01" name="rspt01_works_if_change_statistic_methods"/>
    <testcase time="0.437000000000012" classname="rspt01" name="rspt01_works_if_change_statistic_methods">
      <skipped message="Reason: On CRAN ('test-rspt01.R:97:3')"/>
    </testcase>
    <testcase time="0.509999999999991" classname="rspt01" name="rspt01_works_if_change_confidence_interval"/>
    <testcase time="0.430000000000007" classname="rspt01" name="rspt01_works_if_change_confidence_interval">
      <skipped message="Reason: On CRAN ('test-rspt01.R:123:3')"/>
    </testcase>
  </testsuite>
  <testsuite name="ttet01" timestamp="2023-07-25T12:26:10Z" hostname="632fc70ba242" tests="9" skipped="4" failures="0" errors="0" time="5.369">
    <testcase time="0.0450000000000159" classname="ttet01" name="ttet01_works_as_expected"/>
    <testcase time="0.786999999999978" classname="ttet01" name="ttet01_works_as_expected"/>
    <testcase time="0.749000000000024" classname="ttet01" name="ttet01_works_as_expected">
      <skipped message="Reason: On CRAN ('test-ttet01.R:5:3')"/>
    </testcase>
    <testcase time="0.632000000000005" classname="ttet01" name="ttet01_works_as_expected_for_stratified_and_unstratified_analysis"/>
    <testcase time="0.639999999999986" classname="ttet01" name="ttet01_works_as_expected_for_stratified_and_unstratified_analysis">
      <skipped message="Reason: On CRAN ('test-ttet01.R:14:3')"/>
    </testcase>
    <testcase time="0.62700000000001" classname="ttet01" name="ttet01_works_as_expected_for_stratified_analysis_only"/>
    <testcase time="0.628999999999962" classname="ttet01" name="ttet01_works_as_expected_for_stratified_analysis_only">
      <skipped message="Reason: On CRAN ('test-ttet01.R:30:3')"/>
    </testcase>
    <testcase time="0.626000000000033" classname="ttet01" name="ttet01_works_if_change_reference_group"/>
    <testcase time="0.634000000000015" classname="ttet01" name="ttet01_works_if_change_reference_group">
      <skipped message="Reason: On CRAN ('test-ttet01.R:46:3')"/>
    </testcase>
  </testsuite>
  <testsuite name="utils" timestamp="2023-07-25T12:26:15Z" hostname="632fc70ba242" tests="52" skipped="0" failures="0" errors="0" time="0.471">
    <testcase time="0.0309999999999491" classname="utils" name="h_format_dec_works_as_exected"/>
    <testcase time="0.00600000000002865" classname="utils" name="h_format_dec_works_as_exected"/>
    <testcase time="0.00200000000000955" classname="utils" name="h_format_dec_works_as_exected"/>
    <testcase time="0.00599999999997181" classname="utils" name="h_format_dec_works_as_exected"/>
    <testcase time="0.00200000000000955" classname="utils" name="h_format_dec_works_as_exected"/>
    <testcase time="0.00600000000002865" classname="utils" name="h_format_dec_works_as_exected"/>
    <testcase time="0.0129999999999768" classname="utils" name="h_format_dec_works_as_exected"/>
    <testcase time="0.007000000000005" classname="utils" name="h_format_dec_works_as_exected"/>
    <testcase time="0.0029999999999859" classname="utils" name="h_format_dec_works_as_exected"/>
    <testcase time="0.007000000000005" classname="utils" name="h_format_dec_works_as_exected"/>
    <testcase time="0.0029999999999859" classname="utils" name="h_format_dec_works_as_exected"/>
    <testcase time="0.007000000000005" classname="utils" name="h_format_dec_works_as_exected"/>
    <testcase time="0.0180000000000291" classname="utils" name="h_format_dec_works_as_expected_with_more_than_one_value"/>
    <testcase time="0.0159999999999627" classname="utils" name="h_format_dec_works_as_expected_with_more_than_one_value"/>
    <testcase time="0.0260000000000105" classname="utils" name="h_format_dec_works_as_expected_with_NA_digits"/>
    <testcase time="0.0149999999999864" classname="utils" name="fuse_sequentially_works"/>
    <testcase time="0.00600000000002865" classname="utils" name="fuse_sequentially_works"/>
    <testcase time="0.0110000000000241" classname="utils" name="grob_list_works"/>
    <testcase time="0.00199999999995271" classname="utils" name="grob_list_works"/>
    <testcase time="0.00600000000002865" classname="utils" name="grob_list_works"/>
    <testcase time="0.00599999999997181" classname="utils" name="grob_list_works"/>
    <testcase time="0.0240000000000009" classname="utils" name="ifneeded_split_row_works_as_expected"/>
    <testcase time="0.0120000000000005" classname="utils" name="ifneeded_split_row_works_as_expected"/>
    <testcase time="0.0110000000000241" classname="utils" name="droplevels.character_works_as_expected"/>
    <testcase time="0.00599999999997181" classname="utils" name="droplevels.character_works_as_expected"/>
    <testcase time="0.0110000000000241" classname="utils" name="lvls.character_works_as_expected"/>
    <testcase time="0.00499999999999545" classname="utils" name="lvls.character_works_as_expected"/>
    <testcase time="0.0110000000000241" classname="utils" name="lvls.factor_works_as_expected"/>
    <testcase time="0.00499999999999545" classname="utils" name="lvls.factor_works_as_expected"/>
    <testcase time="0.0109999999999673" classname="utils" name="lvls.default_works_as_expected"/>
    <testcase time="0.00499999999999545" classname="utils" name="lvls.default_works_as_expected"/>
    <testcase time="0.0110000000000241" classname="utils" name="quote_str_works_as_expected"/>
    <testcase time="0.00599999999997181" classname="utils" name="quote_str_works_as_expected"/>
    <testcase time="0.00900000000001455" classname="utils" name="quote_str_works_as_expected"/>
    <testcase time="0.0110000000000241" classname="utils" name="modify_default_args_works_as_expected"/>
    <testcase time="0.00599999999997181" classname="utils" name="modify_default_args_works_as_expected"/>
    <testcase time="0.0110000000000241" classname="utils" name="execute_with_args_works_as_expected"/>
    <testcase time="0.007000000000005" classname="utils" name="execute_with_args_works_as_expected"/>
    <testcase time="0.00200000000000955" classname="utils" name="execute_with_args_works_as_expected"/>
    <testcase time="0.00599999999997181" classname="utils" name="execute_with_args_works_as_expected"/>
    <testcase time="0.0029999999999859" classname="utils" name="execute_with_args_works_as_expected"/>
    <testcase time="0.00600000000002865" classname="utils" name="execute_with_args_works_as_expected"/>
    <testcase time="0.0029999999999859" classname="utils" name="execute_with_args_works_as_expected"/>
    <testcase time="0.00600000000002865" classname="utils" name="execute_with_args_works_as_expected"/>
    <testcase time="0.00199999999995271" classname="utils" name="execute_with_args_works_as_expected"/>
    <testcase time="0.00600000000002865" classname="utils" name="execute_with_args_works_as_expected"/>
    <testcase time="0.00200000000000955" classname="utils" name="execute_with_args_works_as_expected"/>
    <testcase time="0.0159999999999627" classname="utils" name="execute_with_args_works_as_expected"/>
    <testcase time="0.0150000000000432" classname="utils" name="do_call_work_as_expected"/>
    <testcase time="0.007000000000005" classname="utils" name="do_call_work_as_expected"/>
    <testcase time="0.0209999999999582" classname="utils" name="do_call_errors_as_expected"/>
    <testcase time="0.0149999999999864" classname="utils" name="do_call_errors_as_expected"/>
  </testsuite>
  <testsuite name="vst01" timestamp="2023-07-25T12:26:16Z" hostname="632fc70ba242" tests="3" skipped="2" failures="0" errors="0" time="29.143">
    <testcase time="14.814" classname="vst01" name="vst01_functions_with_default_argument_value_return_expected_result_with_test_data">
      <skipped message="Reason: On CRAN ('test-vst01.R:7:3')"/>
    </testcase>
    <testcase time="6.49899999999997" classname="vst01" name="run_vst01_works_as_expected"/>
    <testcase time="7.82999999999998" classname="vst01" name="run_vst01_works_as_expected">
      <skipped message="Reason: On CRAN ('test-vst01.R:14:3')"/>
    </testcase>
  </testsuite>
  <testsuite name="vst02" timestamp="2023-07-25T12:26:45Z" hostname="632fc70ba242" tests="2" skipped="2" failures="0" errors="0" time="1.794">
    <testcase time="0.874000000000024" classname="vst02" name="vst02_functions_with_default_argument_value_return_expected_result_with_test_data">
      <skipped message="Reason: On CRAN ('test-vst02.R:7:3')"/>
    </testcase>
    <testcase time="0.920000000000016" classname="vst02" name="vst02_functions_return_expected_result_with_test_data_when_excluding_subject_with_baseline_abnormality">
      <skipped message="Reason: On CRAN ('test-vst02.R:14:3')"/>
    </testcase>
  </testsuite>
</testsuites>
