<?xml version="1.0" encoding="UTF-8"?>
<testsuites>
  <testsuite name="ael01_nollt" timestamp="2023-05-06T08:20:33Z" hostname="bc1f152888b2" tests="8" skipped="4" failures="0" errors="0" time="1.481">
    <testcase time="1.039" classname="ael01_nollt" name="ael01_nollt_works_with_admh_dataset"/>
    <testcase time="0.0920000000000001" classname="ael01_nollt" name="ael01_nollt_works_with_admh_dataset">
      <skipped message="Reason: On CRAN ('test-ael01_nollt.R:7:3')"/>
    </testcase>
    <testcase time="0.0499999999999998" classname="ael01_nollt" name="ael01_nollt_works_with_non_default_label"/>
    <testcase time="0.164" classname="ael01_nollt" name="ael01_nollt_works_with_non_default_label">
      <skipped message="Reason: On CRAN ('test-ael01_nollt.R:18:3')"/>
    </testcase>
    <testcase time="0.0609999999999999" classname="ael01_nollt" name="ael01_nollt_can_handle_all_missing_values"/>
    <testcase time="0.0250000000000004" classname="ael01_nollt" name="ael01_nollt_can_handle_all_missing_values">
      <skipped message="Reason: On CRAN ('test-ael01_nollt.R:31:3')"/>
    </testcase>
    <testcase time="0.032" classname="ael01_nollt" name="ael01_nollt_can_handle_some_missing_values"/>
    <testcase time="0.0179999999999998" classname="ael01_nollt" name="ael01_nollt_can_handle_some_missing_values">
      <skipped message="Reason: On CRAN ('test-ael01_nollt.R:46:3')"/>
    </testcase>
  </testsuite>
  <testsuite name="aet01" timestamp="2023-05-06T08:20:34Z" hostname="bc1f152888b2" tests="9" skipped="4" failures="0" errors="0" time="1.966">
    <testcase time="0.599" classname="aet01" name="aet01_can_handle_all_NA_values"/>
    <testcase time="0.0800000000000001" classname="aet01" name="aet01_can_handle_all_NA_values">
      <skipped message="Reason: On CRAN ('test-aet01.R:12:3')"/>
    </testcase>
    <testcase time="0.380999999999999" classname="aet01" name="aet01_can_handle_some_NA_values"/>
    <testcase time="0.0819999999999999" classname="aet01" name="aet01_can_handle_some_NA_values">
      <skipped message="Reason: On CRAN ('test-aet01.R:29:3')"/>
    </testcase>
    <testcase time="0.264" classname="aet01" name="aet01_can_use_custom_lbl_safety_var"/>
    <testcase time="0.0410000000000004" classname="aet01" name="aet01_can_use_custom_lbl_safety_var">
      <skipped message="Reason: On CRAN ('test-aet01.R:35:3')"/>
    </testcase>
    <testcase time="0.0329999999999995" classname="aet01" name="aet01_fails_on_incomplete_data_input"/>
    <testcase time="0.398000000000001" classname="aet01" name="aet01_2_can_use_custom_medconcept_var"/>
    <testcase time="0.0880000000000001" classname="aet01" name="aet01_2_can_use_custom_medconcept_var">
      <skipped message="Reason: On CRAN ('test-aet01.R:53:3')"/>
    </testcase>
  </testsuite>
  <testsuite name="aet01_aesi" timestamp="2023-05-06T08:20:36Z" hostname="bc1f152888b2" tests="7" skipped="3" failures="0" errors="0" time="1.209">
    <testcase time="0.311" classname="aet01_aesi" name="aet01_aesi_can_handle_all_NA_values"/>
    <testcase time="0.0680000000000005" classname="aet01_aesi" name="aet01_aesi_can_handle_all_NA_values">
      <skipped message="Reason: On CRAN ('test-aet01_aesi.R:17:3')"/>
    </testcase>
    <testcase time="0.261" classname="aet01_aesi" name="aet01_aesi_can_handle_some_NA_values"/>
    <testcase time="0.069" classname="aet01_aesi" name="aet01_aesi_can_handle_some_NA_values">
      <skipped message="Reason: On CRAN ('test-aet01_aesi.R:30:3')"/>
    </testcase>
    <testcase time="0.366" classname="aet01_aesi" name="aet01_aesi_works_with_ALL_argument"/>
    <testcase time="0.11" classname="aet01_aesi" name="aet01_aesi_works_with_ALL_argument">
      <skipped message="Reason: On CRAN ('test-aet01_aesi.R:36:3')"/>
    </testcase>
    <testcase time="0.024" classname="aet01_aesi" name="aet01_aesi_1_check_fails_on_incomplete_data_input"/>
  </testsuite>
  <testsuite name="aet02" timestamp="2023-05-06T08:20:37Z" hostname="bc1f152888b2" tests="4" skipped="0" failures="0" errors="0" time="0.254">
    <testcase time="0.0190000000000001" classname="aet02" name="aet02_fails_on_incomplete_data_input"/>
    <testcase time="0.101999999999999" classname="aet02" name="aet02_handle_empty_data_input"/>
    <testcase time="0.0150000000000006" classname="aet02" name="aet02_2_fails_on_incomplete_data_input"/>
    <testcase time="0.117999999999999" classname="aet02" name="aet02_2_handle_empty_data_input"/>
  </testsuite>
  <testsuite name="aet03" timestamp="2023-05-06T08:20:38Z" hostname="bc1f152888b2" tests="4" skipped="2" failures="0" errors="0" time="2.132">
    <testcase time="0.331" classname="aet03" name="aet03_can_handle_NA_values"/>
    <testcase time="0.0759999999999996" classname="aet03" name="aet03_can_handle_NA_values">
      <skipped message="Reason: On CRAN ('test-aet03.R:10:3')"/>
    </testcase>
    <testcase time="1.511" classname="aet03" name="aet03_can_handle_some_NA_values"/>
    <testcase time="0.213999999999999" classname="aet03" name="aet03_can_handle_some_NA_values">
      <skipped message="Reason: On CRAN ('test-aet03.R:27:3')"/>
    </testcase>
  </testsuite>
  <testsuite name="aet04" timestamp="2023-05-06T08:20:40Z" hostname="bc1f152888b2" tests="4" skipped="2" failures="0" errors="0" time="3.198">
    <testcase time="0.527000000000001" classname="aet04" name="aet04_can_handle_NA_values"/>
    <testcase time="0.109999999999999" classname="aet04" name="aet04_can_handle_NA_values">
      <skipped message="Reason: On CRAN ('test-aet04.R:10:3')"/>
    </testcase>
    <testcase time="2.257" classname="aet04" name="aet04_can_handle_some_NA_values"/>
    <testcase time="0.304" classname="aet04" name="aet04_can_handle_some_NA_values">
      <skipped message="Reason: On CRAN ('test-aet04.R:42:3')"/>
    </testcase>
  </testsuite>
  <testsuite name="aet10" timestamp="2023-05-06T08:20:43Z" hostname="bc1f152888b2" tests="4" skipped="2" failures="0" errors="0" time="0.3">
    <testcase time="0.0980000000000008" classname="aet10" name="aet10_1_can_handle_NA_values"/>
    <testcase time="0.0269999999999992" classname="aet10" name="aet10_1_can_handle_NA_values">
      <skipped message="Reason: On CRAN ('test-aet10.R:11:3')"/>
    </testcase>
    <testcase time="0.122" classname="aet10" name="aet10_1_can_handle_some_NA_values"/>
    <testcase time="0.0530000000000008" classname="aet10" name="aet10_1_can_handle_some_NA_values">
      <skipped message="Reason: On CRAN ('test-aet10.R:25:3')"/>
    </testcase>
  </testsuite>
  <testsuite name="assertions" timestamp="2023-05-06T08:20:43Z" hostname="bc1f152888b2" tests="14" skipped="0" failures="0" errors="0" time="0.089">
    <testcase time="0.0190000000000001" classname="assertions" name="assert_colnames_works_as_expected"/>
    <testcase time="0.00600000000000023" classname="assertions" name="assert_colnames_works_as_expected"/>
    <testcase time="0.00199999999999889" classname="assertions" name="assert_colnames_works_as_expected"/>
    <testcase time="0.00500000000000078" classname="assertions" name="assert_colnames_works_as_expected"/>
    <testcase time="0.00600000000000023" classname="assertions" name="assert_one_tablenames_works_as_expected"/>
    <testcase time="0.00199999999999889" classname="assertions" name="assert_one_tablenames_works_as_expected"/>
    <testcase time="0.00600000000000023" classname="assertions" name="assert_one_tablenames_works_as_expected"/>
    <testcase time="0.00600000000000023" classname="assertions" name="assert_one_tablenames_works_as_expected"/>
    <testcase time="0.00500000000000078" classname="assertions" name="assert_all_tablenames_works_as_expected"/>
    <testcase time="0.00499999999999901" classname="assertions" name="assert_all_tablenames_works_as_expected"/>
    <testcase time="0.00600000000000023" classname="assertions" name="assert_all_tablenames_works_as_expected"/>
    <testcase time="0.00900000000000034" classname="assertions" name="assert_args_works_as_expected"/>
    <testcase time="0.00199999999999889" classname="assertions" name="assert_args_works_as_expected"/>
    <testcase time="0.0100000000000016" classname="assertions" name="assert_args_works_as_expected"/>
  </testsuite>
  <testsuite name="checks" timestamp="2023-05-06T08:20:43Z" hostname="bc1f152888b2" tests="8" skipped="0" failures="0" errors="0" time="0.033">
    <testcase time="0.00899999999999856" classname="checks" name="check_all_colnames_works_as_expected"/>
    <testcase time="0.00400000000000134" classname="checks" name="check_all_colnames_works_as_expected"/>
    <testcase time="0.00199999999999889" classname="checks" name="check_all_colnames_works_as_expected"/>
    <testcase time="0.00300000000000011" classname="checks" name="check_all_colnames_works_as_expected"/>
    <testcase time="0.00500000000000078" classname="checks" name="check_one_colnames_works_as_expected"/>
    <testcase time="0.00399999999999956" classname="checks" name="check_one_colnames_works_as_expected"/>
    <testcase time="0.00200000000000067" classname="checks" name="check_one_colnames_works_as_expected"/>
    <testcase time="0.00399999999999956" classname="checks" name="check_one_colnames_works_as_expected"/>
  </testsuite>
  <testsuite name="chevron_tlg-class" timestamp="2023-05-06T08:20:43Z" hostname="bc1f152888b2" tests="24" skipped="0" failures="0" errors="0" time="0.096">
    <testcase time="0.00999999999999979" classname="chevron_tlg_class" name="chevron_t_object_can_be_constructed_with_default_values"/>
    <testcase time="0.00399999999999956" classname="chevron_tlg_class" name="chevron_t_object_can_be_constructed_with_default_values"/>
    <testcase time="0.00600000000000023" classname="chevron_tlg_class" name="chevron_t_object_can_be_constructed_with_custom_values"/>
    <testcase time="0.00399999999999956" classname="chevron_tlg_class" name="chevron_t_object_can_be_constructed_with_custom_values"/>
    <testcase time="0.00199999999999889" classname="chevron_tlg_class" name="chevron_t_object_can_be_constructed_with_custom_values"/>
    <testcase time="0.00500000000000078" classname="chevron_tlg_class" name="chevron_t_object_can_be_constructed_with_custom_values"/>
    <testcase time="0.00600000000000023" classname="chevron_tlg_class" name="chevron_t_constructor_returns_an_error_when_expected"/>
    <testcase time="0.000999999999999446" classname="chevron_tlg_class" name="chevron_t_constructor_returns_an_error_when_expected"/>
    <testcase time="0.000999999999999446" classname="chevron_tlg_class" name="chevron_t_constructor_returns_an_error_when_expected"/>
    <testcase time="0.00100000000000122" classname="chevron_tlg_class" name="chevron_t_constructor_returns_an_error_when_expected"/>
    <testcase time="0.00199999999999889" classname="chevron_tlg_class" name="chevron_t_constructor_returns_an_error_when_expected"/>
    <testcase time="0.00100000000000122" classname="chevron_tlg_class" name="chevron_t_constructor_returns_an_error_when_expected"/>
    <testcase time="0.00699999999999967" classname="chevron_tlg_class" name="chevron_l_object_can_be_constructed_with_default_values"/>
    <testcase time="0.00399999999999956" classname="chevron_tlg_class" name="chevron_l_object_can_be_constructed_with_default_values"/>
    <testcase time="0.00699999999999967" classname="chevron_tlg_class" name="chevron_g_object_can_be_constructed_with_custom_values"/>
    <testcase time="0.00399999999999956" classname="chevron_tlg_class" name="chevron_g_object_can_be_constructed_with_custom_values"/>
    <testcase time="0.00300000000000011" classname="chevron_tlg_class" name="chevron_g_object_can_be_constructed_with_custom_values"/>
    <testcase time="0.00500000000000078" classname="chevron_tlg_class" name="chevron_g_object_can_be_constructed_with_custom_values"/>
    <testcase time="0.0150000000000006" classname="chevron_tlg_class" name="chevron_g_constructor_returns_an_error_when_expected"/>
    <testcase time="0.00199999999999889" classname="chevron_tlg_class" name="chevron_g_constructor_returns_an_error_when_expected"/>
    <testcase time="0.00200000000000067" classname="chevron_tlg_class" name="chevron_g_constructor_returns_an_error_when_expected"/>
    <testcase time="0.000999999999999446" classname="chevron_tlg_class" name="chevron_g_constructor_returns_an_error_when_expected"/>
    <testcase time="0.00200000000000067" classname="chevron_tlg_class" name="chevron_g_constructor_returns_an_error_when_expected"/>
    <testcase time="0.000999999999999446" classname="chevron_tlg_class" name="chevron_g_constructor_returns_an_error_when_expected"/>
  </testsuite>
  <testsuite name="chevron_tlg-methods" timestamp="2023-05-06T08:20:43Z" hostname="bc1f152888b2" tests="46" skipped="4" failures="0" errors="0" time="3.395">
    <testcase time="2.666" classname="chevron_tlg_methods" name="run_works_as_expected_for_chevron_t_object">
      <skipped message="Reason: On CRAN ('test-chevron_tlg-methods.R:5:3')"/>
    </testcase>
    <testcase time="0.017000000000003" classname="chevron_tlg_methods" name="run_returns_a_warning_if_provided_with_invalid_arguments"/>
    <testcase time="0.449999999999999" classname="chevron_tlg_methods" name="run_works_as_expected_for_chevron_t_object_when_auto_pre_FALSE">
      <skipped message="Reason: On CRAN ('test-chevron_tlg-methods.R:17:3')"/>
    </testcase>
    <testcase time="0.0139999999999993" classname="chevron_tlg_methods" name="args_ls_works_as_expected"/>
    <testcase time="0.00100000000000122" classname="chevron_tlg_methods" name="args_ls_works_as_expected"/>
    <testcase time="0.00199999999999889" classname="chevron_tlg_methods" name="args_ls_works_as_expected"/>
    <testcase time="0.00499999999999901" classname="chevron_tlg_methods" name="args_ls_works_as_expected_when_simplify_is_TRUE"/>
    <testcase time="0.00100000000000122" classname="chevron_tlg_methods" name="args_ls_works_as_expected_when_simplify_is_TRUE"/>
    <testcase time="0.00100000000000122" classname="chevron_tlg_methods" name="args_ls_works_as_expected_when_simplify_is_TRUE"/>
    <testcase time="0.00599999999999667" classname="chevron_tlg_methods" name="args_ls_works_as_expected_with_custom_chevron_tlg_object"/>
    <testcase time="0.00100000000000122" classname="chevron_tlg_methods" name="args_ls_works_as_expected_with_custom_chevron_tlg_object"/>
    <testcase time="0.00100000000000122" classname="chevron_tlg_methods" name="args_ls_works_as_expected_with_custom_chevron_tlg_object"/>
    <testcase time="0.00399999999999778" classname="chevron_tlg_methods" name="args_ls_works_as_expected_with_custom_chevron_tlg_object"/>
    <testcase time="0.00700000000000145" classname="chevron_tlg_methods" name="main_works_as_expected"/>
    <testcase time="0.0100000000000016" classname="chevron_tlg_methods" name="get_main_works_as_expected"/>
    <testcase time="0.00300000000000011" classname="chevron_tlg_methods" name="get_main_works_as_expected"/>
    <testcase time="0.00799999999999912" classname="chevron_tlg_methods" name="main_setter_works_as_expected"/>
    <testcase time="0.0129999999999981" classname="chevron_tlg_methods" name="main_setter_throw_an_error_as_expected"/>
    <testcase time="0.00700000000000145" classname="chevron_tlg_methods" name="preprocess_works_as_expected"/>
    <testcase time="0.00900000000000034" classname="chevron_tlg_methods" name="get_preprocess_works_as_expected"/>
    <testcase time="0.00399999999999778" classname="chevron_tlg_methods" name="get_preprocess_works_as_expected"/>
    <testcase time="0.00700000000000145" classname="chevron_tlg_methods" name="preprocess_setter_works_as_expected"/>
    <testcase time="0.0130000000000017" classname="chevron_tlg_methods" name="preprocess_sends_an_error_as_expected"/>
    <testcase time="0.0069999999999979" classname="chevron_tlg_methods" name="postprocess_works_as_expected"/>
    <testcase time="0.00900000000000034" classname="chevron_tlg_methods" name="get_postprocess_works_as_expected"/>
    <testcase time="0.00499999999999901" classname="chevron_tlg_methods" name="get_postprocess_works_as_expected"/>
    <testcase time="0.00700000000000145" classname="chevron_tlg_methods" name="postprocess_setter_works_as_expected"/>
    <testcase time="0.0129999999999981" classname="chevron_tlg_methods" name="postprocess_sends_an_error_as_expected"/>
    <testcase time="0.00800000000000267" classname="chevron_tlg_methods" name="datasets_works_as_expected"/>
    <testcase time="0.0159999999999982" classname="chevron_tlg_methods" name="get_adam_datasets_works_as_expected"/>
    <testcase time="0.00499999999999901" classname="chevron_tlg_methods" name="get_adam_datasets_works_as_expected"/>
    <testcase time="0.00800000000000267" classname="chevron_tlg_methods" name="datasets_setter_works_as_expected"/>
    <testcase time="0.00600000000000023" classname="chevron_tlg_methods" name="script_works_as_expected"/>
    <testcase time="0.00199999999999889" classname="chevron_tlg_methods" name="script_works_as_expected"/>
    <testcase time="0.00100000000000122" classname="chevron_tlg_methods" name="script_works_as_expected"/>
    <testcase time="0.00600000000000023" classname="chevron_tlg_methods" name="script_works_as_expected_with_dictionary_of_arguments"/>
    <testcase time="0.000999999999997669" classname="chevron_tlg_methods" name="script_works_as_expected_with_dictionary_of_arguments"/>
    <testcase time="0.00100000000000122" classname="chevron_tlg_methods" name="script_works_as_expected_with_dictionary_of_arguments"/>
    <testcase time="0.00199999999999889" classname="chevron_tlg_methods" name="script_works_as_expected_with_dictionary_of_arguments"/>
    <testcase time="0.00400000000000134" classname="chevron_tlg_methods" name="script_funs_works_as_expected_in_interactive_mode">
      <skipped message="Reason: !interactive() is TRUE ('test-chevron_tlg-methods.R:200:3')"/>
    </testcase>
    <testcase time="0.0150000000000006" classname="chevron_tlg_methods" name="script_funs_works_as_expected_in_non_interactive_mode"/>
    <testcase time="0.00600000000000023" classname="chevron_tlg_methods" name="script_funs_works_as_expected_in_non_interactive_mode">
      <skipped message="Reason: On CRAN ('test-chevron_tlg-methods.R:208:3')"/>
    </testcase>
    <testcase time="0.0139999999999993" classname="chevron_tlg_methods" name="script_funs_works_as_expected"/>
    <testcase time="0.000999999999997669" classname="chevron_tlg_methods" name="script_funs_works_as_expected"/>
    <testcase time="0.00700000000000145" classname="chevron_tlg_methods" name="script_funs_works_as_expected_with_details_set_to_TRUE"/>
    <testcase time="0.00100000000000122" classname="chevron_tlg_methods" name="script_funs_works_as_expected_with_details_set_to_TRUE"/>
  </testsuite>
  <testsuite name="cmt01a" timestamp="2023-05-06T08:20:47Z" hostname="bc1f152888b2" tests="12" skipped="6" failures="0" errors="0" time="3.05">
    <testcase time="0.154" classname="cmt01a" name="cmt01a_can_handle_all_NA_values"/>
    <testcase time="0.0389999999999979" classname="cmt01a" name="cmt01a_can_handle_all_NA_values">
      <skipped message="Reason: On CRAN ('test-cmt01a.R:10:3')"/>
    </testcase>
    <testcase time="0.653000000000002" classname="cmt01a" name="cmt01a_can_handle_some_NA_values"/>
    <testcase time="0.166999999999998" classname="cmt01a" name="cmt01a_can_handle_some_NA_values">
      <skipped message="Reason: On CRAN ('test-cmt01a.R:25:3')"/>
    </testcase>
    <testcase time="0.156000000000002" classname="cmt01a" name="cmt01a_2_can_handle_all_NA_values"/>
    <testcase time="0.0479999999999983" classname="cmt01a" name="cmt01a_2_can_handle_all_NA_values">
      <skipped message="Reason: On CRAN ('test-cmt01a.R:37:3')"/>
    </testcase>
    <testcase time="0.655000000000001" classname="cmt01a" name="cmt01a_2_can_handle_some_NA_values"/>
    <testcase time="0.172000000000001" classname="cmt01a" name="cmt01a_2_can_handle_some_NA_values">
      <skipped message="Reason: On CRAN ('test-cmt01a.R:52:3')"/>
    </testcase>
    <testcase time="0.161999999999999" classname="cmt01a" name="cmt01a_3_can_handle_all_NA_values"/>
    <testcase time="0.0359999999999978" classname="cmt01a" name="cmt01a_3_can_handle_all_NA_values">
      <skipped message="Reason: On CRAN ('test-cmt01a.R:64:3')"/>
    </testcase>
    <testcase time="0.659000000000002" classname="cmt01a" name="cmt01a_3_can_handle_some_NA_values"/>
    <testcase time="0.149000000000001" classname="cmt01a" name="cmt01a_3_can_handle_some_NA_values">
      <skipped message="Reason: On CRAN ('test-cmt01a.R:79:3')"/>
    </testcase>
  </testsuite>
  <testsuite name="cmt02_pt" timestamp="2023-05-06T08:20:50Z" hostname="bc1f152888b2" tests="4" skipped="2" failures="0" errors="0" time="0.394">
    <testcase time="0.129999999999999" classname="cmt02_pt" name="cmt02_pt_1_can_handle_all_NA_values"/>
    <testcase time="0.0329999999999977" classname="cmt02_pt" name="cmt02_pt_1_can_handle_all_NA_values">
      <skipped message="Reason: On CRAN ('test-cmt02_pt.R:10:3')"/>
    </testcase>
    <testcase time="0.170000000000002" classname="cmt02_pt" name="cmt02_pt_1_can_handle_some_NA_values"/>
    <testcase time="0.0609999999999999" classname="cmt02_pt" name="cmt02_pt_1_can_handle_some_NA_values">
      <skipped message="Reason: On CRAN ('test-cmt02_pt.R:25:3')"/>
    </testcase>
  </testsuite>
  <testsuite name="default_tlg" timestamp="2023-05-06T08:20:50Z" hostname="bc1f152888b2" tests="41" skipped="41" failures="0" errors="0" time="38.408">
    <testcase time="0.469000000000001" classname="default_tlg" name="aet01_1_function_with_default_argument_value_return_expected_result_with_test_data">
      <skipped message="Reason: On CRAN ('test-default_tlg.R:5:3')"/>
    </testcase>
    <testcase time="0.513999999999999" classname="default_tlg" name="aet01_2_functions_with_default_argument_value_return_expected_result_with_test_data">
      <skipped message="Reason: On CRAN ('test-default_tlg.R:12:3')"/>
    </testcase>
    <testcase time="0.324999999999999" classname="default_tlg" name="aet01_aesi_1_function_with_default_argument_value_return_expected_result_with_test_data">
      <skipped message="Reason: On CRAN ('test-default_tlg.R:19:3')"/>
    </testcase>
    <testcase time="0.0549999999999997" classname="default_tlg" name="ael01_nollt_1_function_with_default_argument_value_return_expected_result_with_test_data">
      <skipped message="Reason: On CRAN ('test-default_tlg.R:26:3')"/>
    </testcase>
    <testcase time="0.640000000000001" classname="default_tlg" name="aet02_1_functions_with_default_argument_value_return_expected_result_with_test_data">
      <skipped message="Reason: On CRAN ('test-default_tlg.R:33:3')"/>
    </testcase>
    <testcase time="1.146" classname="default_tlg" name="aet02_2_functions_with_default_argument_value_return_expected_result_with_test_data">
      <skipped message="Reason: On CRAN ('test-default_tlg.R:40:3')"/>
    </testcase>
    <testcase time="0.292999999999999" classname="default_tlg" name="aet02_3_functions_with_default_argument_value_return_expected_result_with_test_data">
      <skipped message="Reason: On CRAN ('test-default_tlg.R:47:3')"/>
    </testcase>
    <testcase time="1.678" classname="default_tlg" name="aet03_1_functions_with_default_argument_value_return_expected_result_with_test_data">
      <skipped message="Reason: On CRAN ('test-default_tlg.R:54:3')"/>
    </testcase>
    <testcase time="2.592" classname="default_tlg" name="aet04_1_functions_with_default_argument_value_return_expected_result_with_test_data">
      <skipped message="Reason: On CRAN ('test-default_tlg.R:61:3')"/>
    </testcase>
    <testcase time="0.175000000000001" classname="default_tlg" name="aet10_1_functions_with_default_argument_value_return_expected_result_with_test_data">
      <skipped message="Reason: On CRAN ('test-default_tlg.R:68:3')"/>
    </testcase>
    <testcase time="0.809999999999999" classname="default_tlg" name="cmt01a_1_functions_with_default_argument_value_return_expected_result_with_test_data">
      <skipped message="Reason: On CRAN ('test-default_tlg.R:75:3')"/>
    </testcase>
    <testcase time="0.798000000000002" classname="default_tlg" name="cmt01a_2_functions_with_default_argument_value_return_expected_result_with_test_data">
      <skipped message="Reason: On CRAN ('test-default_tlg.R:82:3')"/>
    </testcase>
    <testcase time="0.762" classname="default_tlg" name="cmt01a_3_functions_with_default_argument_value_return_expected_result_with_test_data">
      <skipped message="Reason: On CRAN ('test-default_tlg.R:89:3')"/>
    </testcase>
    <testcase time="0.221" classname="default_tlg" name="cmt02_pt_1_functions_with_default_argument_value_return_expected_result_with_test_data">
      <skipped message="Reason: On CRAN ('test-default_tlg.R:96:3')"/>
    </testcase>
    <testcase time="0.444000000000003" classname="default_tlg" name="dmt01_1_functions_with_default_argument_value_return_expected_result_with_test_data">
      <skipped message="Reason: On CRAN ('test-default_tlg.R:103:3')"/>
    </testcase>
    <testcase time="0.356999999999999" classname="default_tlg" name="dst01_1_functions_with_default_argument_value_return_expected_result_with_test_data">
      <skipped message="Reason: On CRAN ('test-default_tlg.R:110:3')"/>
    </testcase>
    <testcase time="0.504000000000001" classname="default_tlg" name="dst01_2_functions_with_default_argument_value_return_expected_result_with_test_data">
      <skipped message="Reason: On CRAN ('test-default_tlg.R:117:3')"/>
    </testcase>
    <testcase time="0.681999999999995" classname="default_tlg" name="dst01_3_functions_with_default_argument_value_return_expected_result_with_test_data">
      <skipped message="Reason: On CRAN ('test-default_tlg.R:124:3')"/>
    </testcase>
    <testcase time="0.141000000000005" classname="default_tlg" name="dtht01_1_functions_with_default_argument_value_return_expected_result_with_test_data">
      <skipped message="Reason: On CRAN ('test-default_tlg.R:131:3')"/>
    </testcase>
    <testcase time="2.867" classname="default_tlg" name="egt01_1_functions_with_default_argument_value_return_expected_result_with_test_data">
      <skipped message="Reason: On CRAN ('test-default_tlg.R:138:3')"/>
    </testcase>
    <testcase time="0.271000000000001" classname="default_tlg" name="egt02_1_functions_with_default_argument_value_return_expected_result_with_test_data">
      <skipped message="Reason: On CRAN ('test-default_tlg.R:145:3')"/>
    </testcase>
    <testcase time="0.255000000000003" classname="default_tlg" name="egt02_2_functions_with_default_argument_value_return_expected_result_with_test_data">
      <skipped message="Reason: On CRAN ('test-default_tlg.R:152:3')"/>
    </testcase>
    <testcase time="0.348999999999997" classname="default_tlg" name="egt03_1_functions_with_default_argument_value_return_expected_result_with_test_data">
      <skipped message="Reason: On CRAN ('test-default_tlg.R:159:3')"/>
    </testcase>
    <testcase time="0.365000000000002" classname="default_tlg" name="egt03_2_functions_with_default_argument_value_return_expected_result_with_test_data">
      <skipped message="Reason: On CRAN ('test-default_tlg.R:166:3')"/>
    </testcase>
    <testcase time="0.817" classname="default_tlg" name="egt05_qtcat_1_functions_with_default_argument_value_return_expected_result_with_test_data">
      <skipped message="Reason: On CRAN ('test-default_tlg.R:173:3')"/>
    </testcase>
    <testcase time="0.225999999999999" classname="default_tlg" name="ext01_1_functions_with_default_argument_value_return_expected_result_with_test_data">
      <skipped message="Reason: On CRAN ('test-default_tlg.R:180:3')"/>
    </testcase>
    <testcase time="0.360999999999997" classname="default_tlg" name="ext01_2_functions_with_default_argument_value_return_expected_result_with_test_data">
      <skipped message="Reason: On CRAN ('test-default_tlg.R:187:3')"/>
    </testcase>
    <testcase time="1.922" classname="default_tlg" name="lbt01_1_functions_with_default_argument_value_return_expected_result_with_test_data">
      <skipped message="Reason: On CRAN ('test-default_tlg.R:194:3')"/>
    </testcase>
    <testcase time="0.589999999999996" classname="default_tlg" name="lbt04_1_functions_with_default_argument_value_return_expected_result_with_test_data">
      <skipped message="Reason: On CRAN ('test-default_tlg.R:201:3')"/>
    </testcase>
    <testcase time="0.573" classname="default_tlg" name="lbt05_1_functions_with_default_argument_value_return_expected_result_with_test_data">
      <skipped message="Reason: On CRAN ('test-default_tlg.R:208:3')"/>
    </testcase>
    <testcase time="0.803000000000004" classname="default_tlg" name="lbt07_1_functions_with_default_argument_value_return_expected_result_with_test_data">
      <skipped message="Reason: On CRAN ('test-default_tlg.R:215:3')"/>
    </testcase>
    <testcase time="1.75899999999999" classname="default_tlg" name="lbt14_1_functions_with_default_argument_value_return_expected_result_with_test_data">
      <skipped message="Reason: On CRAN ('test-default_tlg.R:222:3')"/>
    </testcase>
    <testcase time="1.95800000000001" classname="default_tlg" name="lbt14_2_functions_with_default_argument_value_return_expected_result_with_test_data">
      <skipped message="Reason: On CRAN ('test-default_tlg.R:229:3')"/>
    </testcase>
    <testcase time="0.416999999999994" classname="default_tlg" name="mht01_1_functions_with_default_argument_value_return_expected_result_with_test_data">
      <skipped message="Reason: On CRAN ('test-default_tlg.R:236:3')"/>
    </testcase>
    <testcase time="0.361000000000004" classname="default_tlg" name="pdt01_1_function_with_default_argument_value_return_expected_result_with_test_data">
      <skipped message="Reason: On CRAN ('test-default_tlg.R:243:3')"/>
    </testcase>
    <testcase time="0.180999999999997" classname="default_tlg" name="pdt02_1_function_with_default_argument_value_return_expected_result_with_test_data">
      <skipped message="Reason: On CRAN ('test-default_tlg.R:250:3')"/>
    </testcase>
    <testcase time="0.182000000000002" classname="default_tlg" name="rmpt01_1_function_with_default_argument_value_return_expected_result_with_test_data">
      <skipped message="Reason: On CRAN ('test-default_tlg.R:257:3')"/>
    </testcase>
    <testcase time="5.305" classname="default_tlg" name="vst01_1_functions_with_default_argument_value_return_expected_result_with_test_data">
      <skipped message="Reason: On CRAN ('test-default_tlg.R:264:3')"/>
    </testcase>
    <testcase time="5.455" classname="default_tlg" name="vst01_1_functions_with_default_argument_value_return_expected_result_with_test_data">
      <skipped message="Reason: On CRAN ('test-default_tlg.R:271:3')"/>
    </testcase>
    <testcase time="0.390000000000001" classname="default_tlg" name="vst02_1_functions_with_default_argument_value_return_expected_result_with_test_data">
      <skipped message="Reason: On CRAN ('test-default_tlg.R:278:3')"/>
    </testcase>
    <testcase time="0.395000000000003" classname="default_tlg" name="vst02_2_functions_with_default_argument_value_return_expected_result_with_test_data">
      <skipped message="Reason: On CRAN ('test-default_tlg.R:285:3')"/>
    </testcase>
  </testsuite>
  <testsuite name="dmt01" timestamp="2023-05-06T08:21:29Z" hostname="bc1f152888b2" tests="4" skipped="2" failures="0" errors="0" time="0.809">
    <testcase time="0.293999999999997" classname="dmt01" name="dmt01_1_can_handle_NA_values"/>
    <testcase time="0.0819999999999936" classname="dmt01" name="dmt01_1_can_handle_NA_values">
      <skipped message="Reason: On CRAN ('test-dmt01.R:10:3')"/>
    </testcase>
    <testcase time="0.324000000000005" classname="dmt01" name="dmt01_1_can_handle_some_NA_values"/>
    <testcase time="0.108999999999995" classname="dmt01" name="dmt01_1_can_handle_some_NA_values">
      <skipped message="Reason: On CRAN ('test-dmt01.R:22:3')"/>
    </testcase>
  </testsuite>
  <testsuite name="dst01" timestamp="2023-05-06T08:21:29Z" hostname="bc1f152888b2" tests="26" skipped="13" failures="0" errors="0" time="5.332">
    <testcase time="0.244" classname="dst01" name="dst01_can_handle_all_NA_values"/>
    <testcase time="0.0300000000000011" classname="dst01" name="dst01_can_handle_all_NA_values">
      <skipped message="Reason: On CRAN ('test-dst01.R:12:3')"/>
    </testcase>
    <testcase time="0.256" classname="dst01" name="dst01_1_can_handle_all_NA_values_in_disc_reason_var"/>
    <testcase time="0.0420000000000016" classname="dst01" name="dst01_1_can_handle_all_NA_values_in_disc_reason_var">
      <skipped message="Reason: On CRAN ('test-dst01.R:23:3')"/>
    </testcase>
    <testcase time="0.325000000000003" classname="dst01" name="dst01_1_can_handle_some_NA_values"/>
    <testcase time="0.0649999999999977" classname="dst01" name="dst01_1_can_handle_some_NA_values">
      <skipped message="Reason: On CRAN ('test-dst01.R:35:3')"/>
    </testcase>
    <testcase time="0.275999999999996" classname="dst01" name="dst01_1_can_handle_missing_levels_in_status_var"/>
    <testcase time="0.0350000000000037" classname="dst01" name="dst01_1_can_handle_missing_levels_in_status_var">
      <skipped message="Reason: On CRAN ('test-dst01.R:46:3')"/>
    </testcase>
    <testcase time="0.256" classname="dst01" name="dst01_1_can_handle_missing_levels_in_disc_reason_var"/>
    <testcase time="0.0459999999999994" classname="dst01" name="dst01_1_can_handle_missing_levels_in_disc_reason_var">
      <skipped message="Reason: On CRAN ('test-dst01.R:57:3')"/>
    </testcase>
    <testcase time="0.216999999999999" classname="dst01" name="dst01_2_can_handle_all_NA_values"/>
    <testcase time="0.0300000000000011" classname="dst01" name="dst01_2_can_handle_all_NA_values">
      <skipped message="Reason: On CRAN ('test-dst01.R:72:3')"/>
    </testcase>
    <testcase time="0.228999999999999" classname="dst01" name="dst01_2_can_handle_all_NA_values_in_disc_reason_var"/>
    <testcase time="0.0399999999999991" classname="dst01" name="dst01_2_can_handle_all_NA_values_in_disc_reason_var">
      <skipped message="Reason: On CRAN ('test-dst01.R:83:3')"/>
    </testcase>
    <testcase time="0.426000000000002" classname="dst01" name="dst01_2_can_handle_some_NA_values"/>
    <testcase time="0.0750000000000028" classname="dst01" name="dst01_2_can_handle_some_NA_values">
      <skipped message="Reason: On CRAN ('test-dst01.R:95:3')"/>
    </testcase>
    <testcase time="0.281999999999996" classname="dst01" name="dst01_2_can_handle_missing_levels_in_disc_reason_var"/>
    <testcase time="0.0630000000000024" classname="dst01" name="dst01_2_can_handle_missing_levels_in_disc_reason_var">
      <skipped message="Reason: On CRAN ('test-dst01.R:106:3')"/>
    </testcase>
    <testcase time="0.353000000000002" classname="dst01" name="dst01_3_can_handle_all_NA_values"/>
    <testcase time="0.029999999999994" classname="dst01" name="dst01_3_can_handle_all_NA_values">
      <skipped message="Reason: On CRAN ('test-dst01.R:121:3')"/>
    </testcase>
    <testcase time="0.578000000000003" classname="dst01" name="dst01_3_can_handle_all_NA_values_in_status_treatment_var"/>
    <testcase time="0.0739999999999981" classname="dst01" name="dst01_3_can_handle_all_NA_values_in_status_treatment_var">
      <skipped message="Reason: On CRAN ('test-dst01.R:132:3')"/>
    </testcase>
    <testcase time="0.579000000000001" classname="dst01" name="dst01_3_can_handle_some_NA_values_in_status_treatment_var"/>
    <testcase time="0.102000000000004" classname="dst01" name="dst01_3_can_handle_some_NA_values_in_status_treatment_var">
      <skipped message="Reason: On CRAN ('test-dst01.R:143:3')"/>
    </testcase>
    <testcase time="0.581999999999994" classname="dst01" name="dst01_3_can_handle_missing_levels_in_status_treatment_var"/>
    <testcase time="0.0970000000000084" classname="dst01" name="dst01_3_can_handle_missing_levels_in_status_treatment_var">
      <skipped message="Reason: On CRAN ('test-dst01.R:154:3')"/>
    </testcase>
  </testsuite>
  <testsuite name="dtht01" timestamp="2023-05-06T08:21:35Z" hostname="bc1f152888b2" tests="5" skipped="3" failures="0" errors="0" time="1.322">
    <testcase time="0.292999999999992" classname="dtht01" name="dtht01_can_handle_all_NA_values"/>
    <testcase time="0.0360000000000014" classname="dtht01" name="dtht01_can_handle_all_NA_values">
      <skipped message="Reason: On CRAN ('test-dtht01.R:12:3')"/>
    </testcase>
    <testcase time="0.391000000000005" classname="dtht01" name="dtht01_can_handle_some_NA_values"/>
    <testcase time="0.108999999999995" classname="dtht01" name="dtht01_can_handle_some_NA_values">
      <skipped message="Reason: On CRAN ('test-dtht01.R:27:3')"/>
    </testcase>
    <testcase time="0.492999999999995" classname="dtht01" name="dtht01_can_be_parametrize_as_expected">
      <skipped message="Reason: On CRAN ('test-dtht01.R:38:3')"/>
    </testcase>
  </testsuite>
  <testsuite name="egt03" timestamp="2023-05-06T08:21:36Z" hostname="bc1f152888b2" tests="9" skipped="4" failures="0" errors="0" time="1.464">
    <testcase time="0.27600000000001" classname="egt03" name="egt03_1_can_handle_all_NA_values"/>
    <testcase time="0.0769999999999982" classname="egt03" name="egt03_1_can_handle_all_NA_values">
      <skipped message="Reason: On CRAN ('test-egt03.R:11:3')"/>
    </testcase>
    <testcase time="0.283000000000001" classname="egt03" name="egt03_1_can_handle_some_NA_values"/>
    <testcase time="0.0859999999999985" classname="egt03" name="egt03_1_can_handle_some_NA_values">
      <skipped message="Reason: On CRAN ('test-egt03.R:29:3')"/>
    </testcase>
    <testcase time="0.272999999999996" classname="egt03" name="egt03_2_can_handle_all_NA_values"/>
    <testcase time="0.0760000000000076" classname="egt03" name="egt03_2_can_handle_all_NA_values">
      <skipped message="Reason: On CRAN ('test-egt03.R:42:3')"/>
    </testcase>
    <testcase time="0.271000000000001" classname="egt03" name="egt03_2_can_handle_some_NA_values"/>
    <testcase time="0.097999999999999" classname="egt03" name="egt03_2_can_handle_some_NA_values">
      <skipped message="Reason: On CRAN ('test-egt03.R:57:3')"/>
    </testcase>
    <testcase time="0.0240000000000009" classname="egt03" name="egt03_1_fails_on_incomplete_data"/>
  </testsuite>
  <testsuite name="egt05_qtcat" timestamp="2023-05-06T08:21:38Z" hostname="bc1f152888b2" tests="4" skipped="2" failures="0" errors="0" time="0.933">
    <testcase time="0.0829999999999984" classname="egt05_qtcat" name="egt05_qtcat_can_handle_all_NA_values"/>
    <testcase time="0.0139999999999958" classname="egt05_qtcat" name="egt05_qtcat_can_handle_all_NA_values">
      <skipped message="Reason: On CRAN ('test-egt05_qtcat.R:11:3')"/>
    </testcase>
    <testcase time="0.597999999999999" classname="egt05_qtcat" name="egt05_qtcat_can_handle_some_NA_values"/>
    <testcase time="0.238" classname="egt05_qtcat" name="egt05_qtcat_can_handle_some_NA_values">
      <skipped message="Reason: On CRAN ('test-egt05_qtcat.R:31:3')"/>
    </testcase>
  </testsuite>
  <testsuite name="empty_report" timestamp="2023-05-06T08:21:39Z" hostname="bc1f152888b2" tests="34" skipped="0" failures="0" errors="0" time="5.864">
    <testcase time="1.80500000000001" classname="empty_report" name="tlg_functions_return_null_reports_when_domain_table_is_empty"/>
    <testcase time="0.427999999999997" classname="empty_report" name="tlg_functions_return_null_reports_when_domain_table_is_empty"/>
    <testcase time="0.222999999999999" classname="empty_report" name="tlg_functions_return_null_reports_when_domain_table_is_empty"/>
    <testcase time="0.0819999999999936" classname="empty_report" name="tlg_functions_return_null_reports_when_domain_table_is_empty"/>
    <testcase time="0.0799999999999983" classname="empty_report" name="tlg_functions_return_null_reports_when_domain_table_is_empty"/>
    <testcase time="0.123000000000005" classname="empty_report" name="tlg_functions_return_null_reports_when_domain_table_is_empty"/>
    <testcase time="0.0810000000000031" classname="empty_report" name="tlg_functions_return_null_reports_when_domain_table_is_empty"/>
    <testcase time="0.135000000000005" classname="empty_report" name="tlg_functions_return_null_reports_when_domain_table_is_empty"/>
    <testcase time="0.0929999999999893" classname="empty_report" name="tlg_functions_return_null_reports_when_domain_table_is_empty"/>
    <testcase time="0.0790000000000077" classname="empty_report" name="tlg_functions_return_null_reports_when_domain_table_is_empty"/>
    <testcase time="0.0810000000000031" classname="empty_report" name="tlg_functions_return_null_reports_when_domain_table_is_empty"/>
    <testcase time="0.0999999999999943" classname="empty_report" name="tlg_functions_return_null_reports_when_domain_table_is_empty"/>
    <testcase time="0.0729999999999933" classname="empty_report" name="tlg_functions_return_null_reports_when_domain_table_is_empty"/>
    <testcase time="0.197000000000003" classname="empty_report" name="tlg_functions_return_null_reports_when_domain_table_is_empty"/>
    <testcase time="0.12700000000001" classname="empty_report" name="tlg_functions_return_null_reports_when_domain_table_is_empty"/>
    <testcase time="0.221999999999994" classname="empty_report" name="tlg_functions_return_null_reports_when_domain_table_is_empty"/>
    <testcase time="0.114000000000004" classname="empty_report" name="tlg_functions_return_null_reports_when_domain_table_is_empty"/>
    <testcase time="0.0789999999999935" classname="empty_report" name="tlg_functions_return_null_reports_when_domain_table_is_empty"/>
    <testcase time="0.0379999999999967" classname="empty_report" name="tlg_functions_return_null_reports_when_domain_table_is_empty"/>
    <testcase time="0.0370000000000061" classname="empty_report" name="tlg_functions_return_null_reports_when_domain_table_is_empty"/>
    <testcase time="0.0379999999999967" classname="empty_report" name="tlg_functions_return_null_reports_when_domain_table_is_empty"/>
    <testcase time="0.0390000000000015" classname="empty_report" name="tlg_functions_return_null_reports_when_domain_table_is_empty"/>
    <testcase time="0.0799999999999983" classname="empty_report" name="tlg_functions_return_null_reports_when_domain_table_is_empty"/>
    <testcase time="0.0490000000000066" classname="empty_report" name="tlg_functions_return_null_reports_when_domain_table_is_empty"/>
    <testcase time="0.600999999999999" classname="empty_report" name="tlg_functions_return_null_reports_when_domain_table_is_empty"/>
    <testcase time="0.0789999999999935" classname="empty_report" name="tlg_functions_return_null_reports_when_domain_table_is_empty"/>
    <testcase time="0.378" classname="empty_report" name="tlg_functions_return_null_reports_when_domain_table_is_empty"/>
    <testcase time="0.0919999999999987" classname="empty_report" name="tlg_functions_return_null_reports_when_domain_table_is_empty"/>
    <testcase time="0.0799999999999983" classname="empty_report" name="tlg_functions_return_null_reports_when_domain_table_is_empty"/>
    <testcase time="0.0530000000000115" classname="empty_report" name="tlg_functions_return_null_reports_when_domain_table_is_empty"/>
    <testcase time="0.0539999999999878" classname="empty_report" name="tlg_functions_return_null_reports_when_domain_table_is_empty"/>
    <testcase time="0.0440000000000111" classname="empty_report" name="tlg_functions_return_null_reports_when_domain_table_is_empty"/>
    <testcase time="0.0630000000000024" classname="empty_report" name="tlg_functions_return_null_reports_when_domain_table_is_empty"/>
    <testcase time="0.0169999999999959" classname="empty_report" name="tlg_functions_return_null_reports_when_domain_table_is_empty"/>
  </testsuite>
  <testsuite name="ext01" timestamp="2023-05-06T08:21:44Z" hostname="bc1f152888b2" tests="3" skipped="2" failures="0" errors="0" time="0.479">
    <testcase time="0.150999999999996" classname="ext01" name="ext01_works"/>
    <testcase time="0.0720000000000027" classname="ext01" name="ext01_works">
      <skipped message="Reason: On CRAN ('test-ext01.R:5:3')"/>
    </testcase>
    <testcase time="0.256" classname="ext01" name="ext02_1_works_for_selected_parameters">
      <skipped message="Reason: On CRAN ('test-ext01.R:17:3')"/>
    </testcase>
  </testsuite>
  <testsuite name="kmg01" timestamp="2023-05-06T08:21:45Z" hostname="bc1f152888b2" tests="6" skipped="0" failures="0" errors="0" time="2.169">
    <testcase time="0.0219999999999914" classname="kmg01" name="kmg01_1_works_as_expected"/>
    <testcase time="0.434000000000012" classname="kmg01" name="kmg01_1_works_as_expected"/>
    <testcase time="0.417999999999992" classname="kmg01" name="kmg01_1_works_as_expected_with_custom_color_set"/>
    <testcase time="0.341000000000008" classname="kmg01" name="kmg01_1_works_as_expected_with_custom_color_set"/>
    <testcase time="0.370999999999995" classname="kmg01" name="kmg01_1_works_if_change_pvalue_ties_and_conf_level"/>
    <testcase time="0.582999999999998" classname="kmg01" name="kmg01_1_works_if_change_annotation_position"/>
  </testsuite>
  <testsuite name="lbt01" timestamp="2023-05-06T08:21:47Z" hostname="bc1f152888b2" tests="2" skipped="1" failures="0" errors="0" time="1.513">
    <testcase time="1.33800000000001" classname="lbt01" name="lbt01_1_can_handle_n_0_and_outputs_NE_instead_of_infs_and_NAs"/>
    <testcase time="0.174999999999997" classname="lbt01" name="lbt01_1_can_handle_n_0_and_outputs_NE_instead_of_infs_and_NAs">
      <skipped message="Reason: On CRAN ('test-lbt01.R:10:3')"/>
    </testcase>
  </testsuite>
  <testsuite name="lbt04" timestamp="2023-05-06T08:21:49Z" hostname="bc1f152888b2" tests="5" skipped="2" failures="0" errors="0" time="0.664">
    <testcase time="0.0929999999999893" classname="lbt04" name="lbt04_can_handle_all_NA_values"/>
    <testcase time="0.0280000000000058" classname="lbt04" name="lbt04_can_handle_all_NA_values">
      <skipped message="Reason: On CRAN ('test-lbt04.R:11:3')"/>
    </testcase>
    <testcase time="0.409000000000006" classname="lbt04" name="lbt04_can_handle_some_NA_values"/>
    <testcase time="0.109999999999999" classname="lbt04" name="lbt04_can_handle_some_NA_values">
      <skipped message="Reason: On CRAN ('test-lbt04.R:24:3')"/>
    </testcase>
    <testcase time="0.0240000000000009" classname="lbt04" name="lbt04_fails_on_incomlete_date"/>
  </testsuite>
  <testsuite name="lbt05" timestamp="2023-05-06T08:21:49Z" hostname="bc1f152888b2" tests="4" skipped="1" failures="0" errors="0" time="0.931">
    <testcase time="0.397999999999996" classname="lbt05" name="lbt05_give_all_0_count_if_ANRIND_are_all_missing"/>
    <testcase time="0.396999999999991" classname="lbt05" name="lbt05_can_handle_some_NA_values"/>
    <testcase time="0.113000000000014" classname="lbt05" name="lbt05_can_handle_some_NA_values">
      <skipped message="Reason: On CRAN ('test-lbt05.R:22:3')"/>
    </testcase>
    <testcase time="0.0229999999999961" classname="lbt05" name="lbt05_fails_on_incomlete_date"/>
  </testsuite>
  <testsuite name="lbt07" timestamp="2023-05-06T08:21:50Z" hostname="bc1f152888b2" tests="3" skipped="1" failures="0" errors="0" time="0.802">
    <testcase time="0.578999999999994" classname="lbt07" name="lbt07_can_handle_some_NA_values"/>
    <testcase time="0.154000000000011" classname="lbt07" name="lbt07_can_handle_some_NA_values">
      <skipped message="Reason: On CRAN ('test-lbt07.R:11:3')"/>
    </testcase>
    <testcase time="0.0689999999999884" classname="lbt07" name="lbt07_fails_on_incomlete_data"/>
  </testsuite>
  <testsuite name="lbt14" timestamp="2023-05-06T08:21:51Z" hostname="bc1f152888b2" tests="12" skipped="6" failures="0" errors="0" time="10.513">
    <testcase time="1.41200000000001" classname="lbt14" name="lbt14_1_can_handle_all_NA_values"/>
    <testcase time="0.0529999999999973" classname="lbt14" name="lbt14_1_can_handle_all_NA_values">
      <skipped message="Reason: On CRAN ('test-lbt14.R:11:3')"/>
    </testcase>
    <testcase time="1.649" classname="lbt14" name="lbt14_1_can_handle_some_NA_values"/>
    <testcase time="0.313000000000002" classname="lbt14" name="lbt14_1_can_handle_some_NA_values">
      <skipped message="Reason: On CRAN ('test-lbt14.R:30:3')"/>
    </testcase>
    <testcase time="1.71299999999999" classname="lbt14" name="lbt14_1_can_accept_different_gr_missing">
      <skipped message="Reason: On CRAN ('test-lbt14.R:36:3')"/>
    </testcase>
    <testcase time="0.0240000000000009" classname="lbt14" name="lbt14_1_fails_on_incomlete_data"/>
    <testcase time="1.401" classname="lbt14" name="lbt14_2_can_handle_all_NA_values"/>
    <testcase time="0.0520000000000067" classname="lbt14" name="lbt14_2_can_handle_all_NA_values">
      <skipped message="Reason: On CRAN ('test-lbt14.R:61:3')"/>
    </testcase>
    <testcase time="1.735" classname="lbt14" name="lbt14_2_can_handle_some_NA_values"/>
    <testcase time="0.317999999999998" classname="lbt14" name="lbt14_2_can_handle_some_NA_values">
      <skipped message="Reason: On CRAN ('test-lbt14.R:80:3')"/>
    </testcase>
    <testcase time="1.819" classname="lbt14" name="lbt14_2_can_accept_different_gr_missing">
      <skipped message="Reason: On CRAN ('test-lbt14.R:85:3')"/>
    </testcase>
    <testcase time="0.0240000000000009" classname="lbt14" name="lbt14_2_fails_on_incomlete_data"/>
  </testsuite>
  <testsuite name="mht01" timestamp="2023-05-06T08:22:01Z" hostname="bc1f152888b2" tests="2" skipped="2" failures="0" errors="0" time="0.945">
    <testcase time="0.460999999999999" classname="mht01" name="mht01_1_works">
      <skipped message="Reason: On CRAN ('test-mht01.R:5:3')"/>
    </testcase>
    <testcase time="0.483999999999995" classname="mht01" name="mht01_1_works_on_NULL_in_lbl_mhbodsys_or_lbl_mhdecod">
      <skipped message="Reason: On CRAN ('test-mht01.R:10:3')"/>
    </testcase>
  </testsuite>
  <testsuite name="mng01" timestamp="2023-05-06T08:22:02Z" hostname="bc1f152888b2" tests="6" skipped="0" failures="0" errors="0" time="7.938">
    <testcase time="1.337" classname="mng01" name="mng01_1_works_as_expected"/>
    <testcase time="1.30199999999999" classname="mng01" name="mng01_1_works_as_expected_with_custom_color_set"/>
    <testcase time="1.32100000000001" classname="mng01" name="mng01_1_works_as_expected_with_custom_color_set"/>
    <testcase time="1.291" classname="mng01" name="mng01_1_works_if_show_v_grid_show_h_grid_is_TRUE"/>
    <testcase time="1.321" classname="mng01" name="mng01_1_works_on_custom_color_with_named_line_col"/>
    <testcase time="1.366" classname="mng01" name="mng01_1_works_with_combination_of_x_variables"/>
  </testsuite>
  <testsuite name="pdt01" timestamp="2023-05-06T08:22:10Z" hostname="bc1f152888b2" tests="4" skipped="2" failures="0" errors="0" time="0.647">
    <testcase time="0.134" classname="pdt01" name="pdt01_1_can_handle_all_NA_values"/>
    <testcase time="0.0349999999999966" classname="pdt01" name="pdt01_1_can_handle_all_NA_values">
      <skipped message="Reason: On CRAN ('test-pdt01.R:10:3')"/>
    </testcase>
    <testcase time="0.353999999999999" classname="pdt01" name="pdt01_1_can_handle_some_NA_values"/>
    <testcase time="0.124000000000009" classname="pdt01" name="pdt01_1_can_handle_some_NA_values">
      <skipped message="Reason: On CRAN ('test-pdt01.R:25:3')"/>
    </testcase>
  </testsuite>
  <testsuite name="pdt02" timestamp="2023-05-06T08:22:11Z" hostname="bc1f152888b2" tests="4" skipped="2" failures="0" errors="0" time="0.489">
    <testcase time="0.163999999999987" classname="pdt02" name="pdt02_1_can_handle_all_NA_values"/>
    <testcase time="0.0360000000000014" classname="pdt02" name="pdt02_1_can_handle_all_NA_values">
      <skipped message="Reason: On CRAN ('test-pdt02.R:10:3')"/>
    </testcase>
    <testcase time="0.216999999999999" classname="pdt02" name="pdt02_1_can_handle_some_NA_values"/>
    <testcase time="0.0720000000000027" classname="pdt02" name="pdt02_1_can_handle_some_NA_values">
      <skipped message="Reason: On CRAN ('test-pdt02.R:25:3')"/>
    </testcase>
  </testsuite>
  <testsuite name="rmpt01" timestamp="2023-05-06T08:22:11Z" hostname="bc1f152888b2" tests="6" skipped="2" failures="0" errors="0" time="0.475">
    <testcase time="0.164999999999992" classname="rmpt01" name="rmpt01_can_handle_NA_values"/>
    <testcase time="0.0570000000000022" classname="rmpt01" name="rmpt01_can_handle_NA_values">
      <skipped message="Reason: On CRAN ('test-rmpt01.R:9:3')"/>
    </testcase>
    <testcase time="0.157000000000011" classname="rmpt01" name="rmpt01_can_handle_some_NA_values"/>
    <testcase time="0.0569999999999879" classname="rmpt01" name="rmpt01_can_handle_some_NA_values">
      <skipped message="Reason: On CRAN ('test-rmpt01.R:23:3')"/>
    </testcase>
    <testcase time="0.0290000000000106" classname="rmpt01" name="rmpt01_fails_on_incomlete_data"/>
    <testcase time="0.00999999999999091" classname="rmpt01" name="rmpt01_fails_on_incomlete_data"/>
  </testsuite>
  <testsuite name="utils" timestamp="2023-05-06T08:22:12Z" hostname="bc1f152888b2" tests="27" skipped="0" failures="0" errors="0" time="0.139">
    <testcase time="0.0100000000000051" classname="utils" name="h_format_dec_works_as_exected"/>
    <testcase time="0.00400000000000489" classname="utils" name="h_format_dec_works_as_exected"/>
    <testcase time="0.00199999999999534" classname="utils" name="h_format_dec_works_as_exected"/>
    <testcase time="0.00400000000000489" classname="utils" name="h_format_dec_works_as_exected"/>
    <testcase time="0.00199999999999534" classname="utils" name="h_format_dec_works_as_exected"/>
    <testcase time="0.00400000000000489" classname="utils" name="h_format_dec_works_as_exected"/>
    <testcase time="0.00199999999999534" classname="utils" name="h_format_dec_works_as_exected"/>
    <testcase time="0.00400000000000489" classname="utils" name="h_format_dec_works_as_exected"/>
    <testcase time="0.00199999999999534" classname="utils" name="h_format_dec_works_as_exected"/>
    <testcase time="0.00400000000000489" classname="utils" name="h_format_dec_works_as_exected"/>
    <testcase time="0.00199999999999534" classname="utils" name="h_format_dec_works_as_exected"/>
    <testcase time="0.00400000000000489" classname="utils" name="h_format_dec_works_as_exected"/>
    <testcase time="0.00699999999999079" classname="utils" name="h_format_dec_works_as_expected_with_more_than_one_value"/>
    <testcase time="0.00400000000000489" classname="utils" name="h_format_dec_works_as_expected_with_more_than_one_value"/>
    <testcase time="0.00699999999999079" classname="utils" name="h_format_dec_works_returns_null_with_NA_format"/>
    <testcase time="0.007000000000005" classname="utils" name="h_format_dec_works_as_expected_with_NA_digits"/>
    <testcase time="0.00799999999999557" classname="utils" name="h_format_dec_works_as_expected_with_NA_digits"/>
    <testcase time="0.007000000000005" classname="utils" name="get_db_data_works"/>
    <testcase time="0.00400000000000489" classname="utils" name="get_db_data_works"/>
    <testcase time="0.00699999999999079" classname="utils" name="fuse_sequentially_works"/>
    <testcase time="0.00500000000000966" classname="utils" name="fuse_sequentially_works"/>
    <testcase time="0.00499999999999545" classname="utils" name="grob_list_works"/>
    <testcase time="0.00199999999999534" classname="utils" name="grob_list_works"/>
    <testcase time="0.00400000000000489" classname="utils" name="grob_list_works"/>
    <testcase time="0.00400000000000489" classname="utils" name="grob_list_works"/>
    <testcase time="0.0150000000000006" classname="utils" name="ifneeded_split_row_works_as_expected"/>
    <testcase time="0.00900000000000034" classname="utils" name="ifneeded_split_row_works_as_expected"/>
  </testsuite>
  <testsuite name="vst02" timestamp="2023-05-06T08:22:12Z" hostname="bc1f152888b2" tests="2" skipped="2" failures="0" errors="0" time="0.87">
    <testcase time="0.425999999999988" classname="vst02" name="vst02_1_works">
      <skipped message="Reason: On CRAN ('test-vst02.R:5:3')"/>
    </testcase>
    <testcase time="0.444000000000003" classname="vst02" name="vst02_2_works">
      <skipped message="Reason: On CRAN ('test-vst02.R:13:3')"/>
    </testcase>
  </testsuite>
</testsuites>
