<?xml version="1.0" encoding="UTF-8"?>
<testsuites>
  <testsuite name="ael01_nollt" timestamp="2023-05-06T14:02:05Z" hostname="c455190cc7c4" tests="8" skipped="4" failures="0" errors="0" time="1.552">
    <testcase time="1.103" classname="ael01_nollt" name="ael01_nollt_works_with_admh_dataset"/>
    <testcase time="0.0939999999999999" classname="ael01_nollt" name="ael01_nollt_works_with_admh_dataset">
      <skipped message="Reason: On CRAN ('test-ael01_nollt.R:7:3')"/>
    </testcase>
    <testcase time="0.0510000000000002" classname="ael01_nollt" name="ael01_nollt_works_with_non_default_label"/>
    <testcase time="0.165" classname="ael01_nollt" name="ael01_nollt_works_with_non_default_label">
      <skipped message="Reason: On CRAN ('test-ael01_nollt.R:18:3')"/>
    </testcase>
    <testcase time="0.0609999999999999" classname="ael01_nollt" name="ael01_nollt_can_handle_all_missing_values"/>
    <testcase time="0.0279999999999996" classname="ael01_nollt" name="ael01_nollt_can_handle_all_missing_values">
      <skipped message="Reason: On CRAN ('test-ael01_nollt.R:31:3')"/>
    </testcase>
    <testcase time="0.0330000000000004" classname="ael01_nollt" name="ael01_nollt_can_handle_some_missing_values"/>
    <testcase time="0.0169999999999995" classname="ael01_nollt" name="ael01_nollt_can_handle_some_missing_values">
      <skipped message="Reason: On CRAN ('test-ael01_nollt.R:46:3')"/>
    </testcase>
  </testsuite>
  <testsuite name="aet01" timestamp="2023-05-06T14:02:07Z" hostname="c455190cc7c4" tests="9" skipped="4" failures="0" errors="0" time="1.997">
    <testcase time="0.611000000000001" classname="aet01" name="aet01_can_handle_all_NA_values"/>
    <testcase time="0.0809999999999995" classname="aet01" name="aet01_can_handle_all_NA_values">
      <skipped message="Reason: On CRAN ('test-aet01.R:12:3')"/>
    </testcase>
    <testcase time="0.385" classname="aet01" name="aet01_can_handle_some_NA_values"/>
    <testcase time="0.0840000000000005" classname="aet01" name="aet01_can_handle_some_NA_values">
      <skipped message="Reason: On CRAN ('test-aet01.R:29:3')"/>
    </testcase>
    <testcase time="0.266" classname="aet01" name="aet01_can_use_custom_lbl_safety_var"/>
    <testcase time="0.0430000000000001" classname="aet01" name="aet01_can_use_custom_lbl_safety_var">
      <skipped message="Reason: On CRAN ('test-aet01.R:35:3')"/>
    </testcase>
    <testcase time="0.0339999999999998" classname="aet01" name="aet01_fails_on_incomplete_data_input"/>
    <testcase time="0.403" classname="aet01" name="aet01_2_can_use_custom_medconcept_var"/>
    <testcase time="0.0900000000000007" classname="aet01" name="aet01_2_can_use_custom_medconcept_var">
      <skipped message="Reason: On CRAN ('test-aet01.R:53:3')"/>
    </testcase>
  </testsuite>
  <testsuite name="aet01_aesi" timestamp="2023-05-06T14:02:09Z" hostname="c455190cc7c4" tests="7" skipped="3" failures="0" errors="0" time="1.217">
    <testcase time="0.314" classname="aet01_aesi" name="aet01_aesi_can_handle_all_NA_values"/>
    <testcase time="0.0679999999999996" classname="aet01_aesi" name="aet01_aesi_can_handle_all_NA_values">
      <skipped message="Reason: On CRAN ('test-aet01_aesi.R:17:3')"/>
    </testcase>
    <testcase time="0.261" classname="aet01_aesi" name="aet01_aesi_can_handle_some_NA_values"/>
    <testcase time="0.069" classname="aet01_aesi" name="aet01_aesi_can_handle_some_NA_values">
      <skipped message="Reason: On CRAN ('test-aet01_aesi.R:30:3')"/>
    </testcase>
    <testcase time="0.37" classname="aet01_aesi" name="aet01_aesi_works_with_ALL_argument"/>
    <testcase time="0.111" classname="aet01_aesi" name="aet01_aesi_works_with_ALL_argument">
      <skipped message="Reason: On CRAN ('test-aet01_aesi.R:36:3')"/>
    </testcase>
    <testcase time="0.024" classname="aet01_aesi" name="aet01_aesi_1_check_fails_on_incomplete_data_input"/>
  </testsuite>
  <testsuite name="aet02" timestamp="2023-05-06T14:02:10Z" hostname="c455190cc7c4" tests="4" skipped="0" failures="0" errors="0" time="0.253">
    <testcase time="0.0190000000000001" classname="aet02" name="aet02_fails_on_incomplete_data_input"/>
    <testcase time="0.101" classname="aet02" name="aet02_handle_empty_data_input"/>
    <testcase time="0.0149999999999997" classname="aet02" name="aet02_2_fails_on_incomplete_data_input"/>
    <testcase time="0.118" classname="aet02" name="aet02_2_handle_empty_data_input"/>
  </testsuite>
  <testsuite name="aet03" timestamp="2023-05-06T14:02:10Z" hostname="c455190cc7c4" tests="4" skipped="2" failures="0" errors="0" time="2.132">
    <testcase time="0.329999999999999" classname="aet03" name="aet03_can_handle_NA_values"/>
    <testcase time="0.0750000000000011" classname="aet03" name="aet03_can_handle_NA_values">
      <skipped message="Reason: On CRAN ('test-aet03.R:10:3')"/>
    </testcase>
    <testcase time="1.51" classname="aet03" name="aet03_can_handle_some_NA_values"/>
    <testcase time="0.217000000000001" classname="aet03" name="aet03_can_handle_some_NA_values">
      <skipped message="Reason: On CRAN ('test-aet03.R:27:3')"/>
    </testcase>
  </testsuite>
  <testsuite name="aet04" timestamp="2023-05-06T14:02:12Z" hostname="c455190cc7c4" tests="4" skipped="2" failures="0" errors="0" time="3.259">
    <testcase time="0.536" classname="aet04" name="aet04_can_handle_NA_values"/>
    <testcase time="0.112" classname="aet04" name="aet04_can_handle_NA_values">
      <skipped message="Reason: On CRAN ('test-aet04.R:10:3')"/>
    </testcase>
    <testcase time="2.296" classname="aet04" name="aet04_can_handle_some_NA_values"/>
    <testcase time="0.315" classname="aet04" name="aet04_can_handle_some_NA_values">
      <skipped message="Reason: On CRAN ('test-aet04.R:42:3')"/>
    </testcase>
  </testsuite>
  <testsuite name="aet10" timestamp="2023-05-06T14:02:16Z" hostname="c455190cc7c4" tests="4" skipped="2" failures="0" errors="0" time="0.304">
    <testcase time="0.0999999999999996" classname="aet10" name="aet10_1_can_handle_NA_values"/>
    <testcase time="0.0269999999999992" classname="aet10" name="aet10_1_can_handle_NA_values">
      <skipped message="Reason: On CRAN ('test-aet10.R:11:3')"/>
    </testcase>
    <testcase time="0.123000000000001" classname="aet10" name="aet10_1_can_handle_some_NA_values"/>
    <testcase time="0.0540000000000003" classname="aet10" name="aet10_1_can_handle_some_NA_values">
      <skipped message="Reason: On CRAN ('test-aet10.R:25:3')"/>
    </testcase>
  </testsuite>
  <testsuite name="assertions" timestamp="2023-05-06T14:02:16Z" hostname="c455190cc7c4" tests="14" skipped="0" failures="0" errors="0" time="0.089">
    <testcase time="0.0199999999999996" classname="assertions" name="assert_colnames_works_as_expected"/>
    <testcase time="0.00499999999999901" classname="assertions" name="assert_colnames_works_as_expected"/>
    <testcase time="0.00200000000000067" classname="assertions" name="assert_colnames_works_as_expected"/>
    <testcase time="0.00600000000000023" classname="assertions" name="assert_colnames_works_as_expected"/>
    <testcase time="0.00500000000000078" classname="assertions" name="assert_one_tablenames_works_as_expected"/>
    <testcase time="0.00199999999999889" classname="assertions" name="assert_one_tablenames_works_as_expected"/>
    <testcase time="0.00600000000000023" classname="assertions" name="assert_one_tablenames_works_as_expected"/>
    <testcase time="0.00500000000000078" classname="assertions" name="assert_one_tablenames_works_as_expected"/>
    <testcase time="0.00599999999999845" classname="assertions" name="assert_all_tablenames_works_as_expected"/>
    <testcase time="0.00500000000000078" classname="assertions" name="assert_all_tablenames_works_as_expected"/>
    <testcase time="0.00500000000000078" classname="assertions" name="assert_all_tablenames_works_as_expected"/>
    <testcase time="0.00899999999999856" classname="assertions" name="assert_args_works_as_expected"/>
    <testcase time="0.00200000000000067" classname="assertions" name="assert_args_works_as_expected"/>
    <testcase time="0.0109999999999992" classname="assertions" name="assert_args_works_as_expected"/>
  </testsuite>
  <testsuite name="checks" timestamp="2023-05-06T14:02:16Z" hostname="c455190cc7c4" tests="8" skipped="0" failures="0" errors="0" time="0.033">
    <testcase time="0.00900000000000034" classname="checks" name="check_all_colnames_works_as_expected"/>
    <testcase time="0.00399999999999956" classname="checks" name="check_all_colnames_works_as_expected"/>
    <testcase time="0.00200000000000067" classname="checks" name="check_all_colnames_works_as_expected"/>
    <testcase time="0.00300000000000011" classname="checks" name="check_all_colnames_works_as_expected"/>
    <testcase time="0.00600000000000023" classname="checks" name="check_one_colnames_works_as_expected"/>
    <testcase time="0.00399999999999956" classname="checks" name="check_one_colnames_works_as_expected"/>
    <testcase time="0.00200000000000067" classname="checks" name="check_one_colnames_works_as_expected"/>
    <testcase time="0.00300000000000011" classname="checks" name="check_one_colnames_works_as_expected"/>
  </testsuite>
  <testsuite name="chevron_tlg-class" timestamp="2023-05-06T14:02:16Z" hostname="c455190cc7c4" tests="24" skipped="0" failures="0" errors="0" time="0.099">
    <testcase time="0.00999999999999979" classname="chevron_tlg_class" name="chevron_t_object_can_be_constructed_with_default_values"/>
    <testcase time="0.00499999999999901" classname="chevron_tlg_class" name="chevron_t_object_can_be_constructed_with_default_values"/>
    <testcase time="0.00600000000000023" classname="chevron_tlg_class" name="chevron_t_object_can_be_constructed_with_custom_values"/>
    <testcase time="0.00400000000000134" classname="chevron_tlg_class" name="chevron_t_object_can_be_constructed_with_custom_values"/>
    <testcase time="0.00299999999999834" classname="chevron_tlg_class" name="chevron_t_object_can_be_constructed_with_custom_values"/>
    <testcase time="0.00400000000000134" classname="chevron_tlg_class" name="chevron_t_object_can_be_constructed_with_custom_values"/>
    <testcase time="0.00600000000000023" classname="chevron_tlg_class" name="chevron_t_constructor_returns_an_error_when_expected"/>
    <testcase time="0.000999999999999446" classname="chevron_tlg_class" name="chevron_t_constructor_returns_an_error_when_expected"/>
    <testcase time="0.00100000000000122" classname="chevron_tlg_class" name="chevron_t_constructor_returns_an_error_when_expected"/>
    <testcase time="0.000999999999999446" classname="chevron_tlg_class" name="chevron_t_constructor_returns_an_error_when_expected"/>
    <testcase time="0.00199999999999889" classname="chevron_tlg_class" name="chevron_t_constructor_returns_an_error_when_expected"/>
    <testcase time="0.00100000000000122" classname="chevron_tlg_class" name="chevron_t_constructor_returns_an_error_when_expected"/>
    <testcase time="0.00600000000000023" classname="chevron_tlg_class" name="chevron_l_object_can_be_constructed_with_default_values"/>
    <testcase time="0.00499999999999901" classname="chevron_tlg_class" name="chevron_l_object_can_be_constructed_with_default_values"/>
    <testcase time="0.00699999999999967" classname="chevron_tlg_class" name="chevron_g_object_can_be_constructed_with_custom_values"/>
    <testcase time="0.00400000000000134" classname="chevron_tlg_class" name="chevron_g_object_can_be_constructed_with_custom_values"/>
    <testcase time="0.00300000000000011" classname="chevron_tlg_class" name="chevron_g_object_can_be_constructed_with_custom_values"/>
    <testcase time="0.00499999999999901" classname="chevron_tlg_class" name="chevron_g_object_can_be_constructed_with_custom_values"/>
    <testcase time="0.0180000000000007" classname="chevron_tlg_class" name="chevron_g_constructor_returns_an_error_when_expected"/>
    <testcase time="0.000999999999999446" classname="chevron_tlg_class" name="chevron_g_constructor_returns_an_error_when_expected"/>
    <testcase time="0.00200000000000067" classname="chevron_tlg_class" name="chevron_g_constructor_returns_an_error_when_expected"/>
    <testcase time="0.000999999999999446" classname="chevron_tlg_class" name="chevron_g_constructor_returns_an_error_when_expected"/>
    <testcase time="0.00200000000000067" classname="chevron_tlg_class" name="chevron_g_constructor_returns_an_error_when_expected"/>
    <testcase time="0.000999999999999446" classname="chevron_tlg_class" name="chevron_g_constructor_returns_an_error_when_expected"/>
  </testsuite>
  <testsuite name="chevron_tlg-methods" timestamp="2023-05-06T14:02:16Z" hostname="c455190cc7c4" tests="46" skipped="4" failures="0" errors="0" time="3.435">
    <testcase time="2.703" classname="chevron_tlg_methods" name="run_works_as_expected_for_chevron_t_object">
      <skipped message="Reason: On CRAN ('test-chevron_tlg-methods.R:5:3')"/>
    </testcase>
    <testcase time="0.0179999999999971" classname="chevron_tlg_methods" name="run_returns_a_warning_if_provided_with_invalid_arguments"/>
    <testcase time="0.454000000000001" classname="chevron_tlg_methods" name="run_works_as_expected_for_chevron_t_object_when_auto_pre_FALSE">
      <skipped message="Reason: On CRAN ('test-chevron_tlg-methods.R:17:3')"/>
    </testcase>
    <testcase time="0.0139999999999993" classname="chevron_tlg_methods" name="args_ls_works_as_expected"/>
    <testcase time="0.00200000000000244" classname="chevron_tlg_methods" name="args_ls_works_as_expected"/>
    <testcase time="0.000999999999997669" classname="chevron_tlg_methods" name="args_ls_works_as_expected"/>
    <testcase time="0.00500000000000256" classname="chevron_tlg_methods" name="args_ls_works_as_expected_when_simplify_is_TRUE"/>
    <testcase time="0.000999999999997669" classname="chevron_tlg_methods" name="args_ls_works_as_expected_when_simplify_is_TRUE"/>
    <testcase time="0.00100000000000122" classname="chevron_tlg_methods" name="args_ls_works_as_expected_when_simplify_is_TRUE"/>
    <testcase time="0.00600000000000023" classname="chevron_tlg_methods" name="args_ls_works_as_expected_with_custom_chevron_tlg_object"/>
    <testcase time="0.00100000000000122" classname="chevron_tlg_methods" name="args_ls_works_as_expected_with_custom_chevron_tlg_object"/>
    <testcase time="0.000999999999997669" classname="chevron_tlg_methods" name="args_ls_works_as_expected_with_custom_chevron_tlg_object"/>
    <testcase time="0.00400000000000134" classname="chevron_tlg_methods" name="args_ls_works_as_expected_with_custom_chevron_tlg_object"/>
    <testcase time="0.0069999999999979" classname="chevron_tlg_methods" name="main_works_as_expected"/>
    <testcase time="0.00900000000000034" classname="chevron_tlg_methods" name="get_main_works_as_expected"/>
    <testcase time="0.00400000000000134" classname="chevron_tlg_methods" name="get_main_works_as_expected"/>
    <testcase time="0.00799999999999912" classname="chevron_tlg_methods" name="main_setter_works_as_expected"/>
    <testcase time="0.0130000000000017" classname="chevron_tlg_methods" name="main_setter_throw_an_error_as_expected"/>
    <testcase time="0.00600000000000023" classname="chevron_tlg_methods" name="preprocess_works_as_expected"/>
    <testcase time="0.00900000000000034" classname="chevron_tlg_methods" name="get_preprocess_works_as_expected"/>
    <testcase time="0.00399999999999778" classname="chevron_tlg_methods" name="get_preprocess_works_as_expected"/>
    <testcase time="0.00800000000000267" classname="chevron_tlg_methods" name="preprocess_setter_works_as_expected"/>
    <testcase time="0.0119999999999969" classname="chevron_tlg_methods" name="preprocess_sends_an_error_as_expected"/>
    <testcase time="0.00700000000000145" classname="chevron_tlg_methods" name="postprocess_works_as_expected"/>
    <testcase time="0.00799999999999912" classname="chevron_tlg_methods" name="get_postprocess_works_as_expected"/>
    <testcase time="0.00499999999999901" classname="chevron_tlg_methods" name="get_postprocess_works_as_expected"/>
    <testcase time="0.00700000000000145" classname="chevron_tlg_methods" name="postprocess_setter_works_as_expected"/>
    <testcase time="0.0130000000000017" classname="chevron_tlg_methods" name="postprocess_sends_an_error_as_expected"/>
    <testcase time="0.0069999999999979" classname="chevron_tlg_methods" name="datasets_works_as_expected"/>
    <testcase time="0.0180000000000007" classname="chevron_tlg_methods" name="get_adam_datasets_works_as_expected"/>
    <testcase time="0.00400000000000134" classname="chevron_tlg_methods" name="get_adam_datasets_works_as_expected"/>
    <testcase time="0.00799999999999912" classname="chevron_tlg_methods" name="datasets_setter_works_as_expected"/>
    <testcase time="0.00600000000000023" classname="chevron_tlg_methods" name="script_works_as_expected"/>
    <testcase time="0.000999999999997669" classname="chevron_tlg_methods" name="script_works_as_expected"/>
    <testcase time="0.00200000000000244" classname="chevron_tlg_methods" name="script_works_as_expected"/>
    <testcase time="0.00499999999999901" classname="chevron_tlg_methods" name="script_works_as_expected_with_dictionary_of_arguments"/>
    <testcase time="0.00199999999999889" classname="chevron_tlg_methods" name="script_works_as_expected_with_dictionary_of_arguments"/>
    <testcase time="0.00100000000000122" classname="chevron_tlg_methods" name="script_works_as_expected_with_dictionary_of_arguments"/>
    <testcase time="0.00100000000000122" classname="chevron_tlg_methods" name="script_works_as_expected_with_dictionary_of_arguments"/>
    <testcase time="0.00499999999999901" classname="chevron_tlg_methods" name="script_funs_works_as_expected_in_interactive_mode">
      <skipped message="Reason: !interactive() is TRUE ('test-chevron_tlg-methods.R:200:3')"/>
    </testcase>
    <testcase time="0.0150000000000006" classname="chevron_tlg_methods" name="script_funs_works_as_expected_in_non_interactive_mode"/>
    <testcase time="0.00600000000000023" classname="chevron_tlg_methods" name="script_funs_works_as_expected_in_non_interactive_mode">
      <skipped message="Reason: On CRAN ('test-chevron_tlg-methods.R:208:3')"/>
    </testcase>
    <testcase time="0.0139999999999993" classname="chevron_tlg_methods" name="script_funs_works_as_expected"/>
    <testcase time="0.00100000000000122" classname="chevron_tlg_methods" name="script_funs_works_as_expected"/>
    <testcase time="0.00600000000000023" classname="chevron_tlg_methods" name="script_funs_works_as_expected_with_details_set_to_TRUE"/>
    <testcase time="0.00199999999999889" classname="chevron_tlg_methods" name="script_funs_works_as_expected_with_details_set_to_TRUE"/>
  </testsuite>
  <testsuite name="cmt01a" timestamp="2023-05-06T14:02:20Z" hostname="c455190cc7c4" tests="12" skipped="6" failures="0" errors="0" time="3.03">
    <testcase time="0.155999999999999" classname="cmt01a" name="cmt01a_can_handle_all_NA_values"/>
    <testcase time="0.0500000000000007" classname="cmt01a" name="cmt01a_can_handle_all_NA_values">
      <skipped message="Reason: On CRAN ('test-cmt01a.R:10:3')"/>
    </testcase>
    <testcase time="0.637" classname="cmt01a" name="cmt01a_can_handle_some_NA_values"/>
    <testcase time="0.169999999999998" classname="cmt01a" name="cmt01a_can_handle_some_NA_values">
      <skipped message="Reason: On CRAN ('test-cmt01a.R:25:3')"/>
    </testcase>
    <testcase time="0.157" classname="cmt01a" name="cmt01a_2_can_handle_all_NA_values"/>
    <testcase time="0.0489999999999995" classname="cmt01a" name="cmt01a_2_can_handle_all_NA_values">
      <skipped message="Reason: On CRAN ('test-cmt01a.R:37:3')"/>
    </testcase>
    <testcase time="0.641000000000002" classname="cmt01a" name="cmt01a_2_can_handle_some_NA_values"/>
    <testcase time="0.172000000000001" classname="cmt01a" name="cmt01a_2_can_handle_some_NA_values">
      <skipped message="Reason: On CRAN ('test-cmt01a.R:52:3')"/>
    </testcase>
    <testcase time="0.161999999999999" classname="cmt01a" name="cmt01a_3_can_handle_all_NA_values"/>
    <testcase time="0.0359999999999978" classname="cmt01a" name="cmt01a_3_can_handle_all_NA_values">
      <skipped message="Reason: On CRAN ('test-cmt01a.R:64:3')"/>
    </testcase>
    <testcase time="0.650000000000002" classname="cmt01a" name="cmt01a_3_can_handle_some_NA_values"/>
    <testcase time="0.149999999999999" classname="cmt01a" name="cmt01a_3_can_handle_some_NA_values">
      <skipped message="Reason: On CRAN ('test-cmt01a.R:79:3')"/>
    </testcase>
  </testsuite>
  <testsuite name="cmt02_pt" timestamp="2023-05-06T14:02:23Z" hostname="c455190cc7c4" tests="4" skipped="2" failures="0" errors="0" time="0.39">
    <testcase time="0.127000000000002" classname="cmt02_pt" name="cmt02_pt_1_can_handle_all_NA_values"/>
    <testcase time="0.0409999999999968" classname="cmt02_pt" name="cmt02_pt_1_can_handle_all_NA_values">
      <skipped message="Reason: On CRAN ('test-cmt02_pt.R:10:3')"/>
    </testcase>
    <testcase time="0.162000000000003" classname="cmt02_pt" name="cmt02_pt_1_can_handle_some_NA_values"/>
    <testcase time="0.0599999999999987" classname="cmt02_pt" name="cmt02_pt_1_can_handle_some_NA_values">
      <skipped message="Reason: On CRAN ('test-cmt02_pt.R:25:3')"/>
    </testcase>
  </testsuite>
  <testsuite name="default_tlg" timestamp="2023-05-06T14:02:23Z" hostname="c455190cc7c4" tests="41" skipped="41" failures="0" errors="0" time="37.961">
    <testcase time="0.469999999999999" classname="default_tlg" name="aet01_1_function_with_default_argument_value_return_expected_result_with_test_data">
      <skipped message="Reason: On CRAN ('test-default_tlg.R:5:3')"/>
    </testcase>
    <testcase time="0.509" classname="default_tlg" name="aet01_2_functions_with_default_argument_value_return_expected_result_with_test_data">
      <skipped message="Reason: On CRAN ('test-default_tlg.R:12:3')"/>
    </testcase>
    <testcase time="0.322000000000003" classname="default_tlg" name="aet01_aesi_1_function_with_default_argument_value_return_expected_result_with_test_data">
      <skipped message="Reason: On CRAN ('test-default_tlg.R:19:3')"/>
    </testcase>
    <testcase time="0.0519999999999996" classname="default_tlg" name="ael01_nollt_1_function_with_default_argument_value_return_expected_result_with_test_data">
      <skipped message="Reason: On CRAN ('test-default_tlg.R:26:3')"/>
    </testcase>
    <testcase time="0.620999999999999" classname="default_tlg" name="aet02_1_functions_with_default_argument_value_return_expected_result_with_test_data">
      <skipped message="Reason: On CRAN ('test-default_tlg.R:33:3')"/>
    </testcase>
    <testcase time="1.117" classname="default_tlg" name="aet02_2_functions_with_default_argument_value_return_expected_result_with_test_data">
      <skipped message="Reason: On CRAN ('test-default_tlg.R:40:3')"/>
    </testcase>
    <testcase time="0.283999999999999" classname="default_tlg" name="aet02_3_functions_with_default_argument_value_return_expected_result_with_test_data">
      <skipped message="Reason: On CRAN ('test-default_tlg.R:47:3')"/>
    </testcase>
    <testcase time="1.655" classname="default_tlg" name="aet03_1_functions_with_default_argument_value_return_expected_result_with_test_data">
      <skipped message="Reason: On CRAN ('test-default_tlg.R:54:3')"/>
    </testcase>
    <testcase time="2.558" classname="default_tlg" name="aet04_1_functions_with_default_argument_value_return_expected_result_with_test_data">
      <skipped message="Reason: On CRAN ('test-default_tlg.R:61:3')"/>
    </testcase>
    <testcase time="0.167999999999999" classname="default_tlg" name="aet10_1_functions_with_default_argument_value_return_expected_result_with_test_data">
      <skipped message="Reason: On CRAN ('test-default_tlg.R:68:3')"/>
    </testcase>
    <testcase time="0.771999999999998" classname="default_tlg" name="cmt01a_1_functions_with_default_argument_value_return_expected_result_with_test_data">
      <skipped message="Reason: On CRAN ('test-default_tlg.R:75:3')"/>
    </testcase>
    <testcase time="0.774000000000001" classname="default_tlg" name="cmt01a_2_functions_with_default_argument_value_return_expected_result_with_test_data">
      <skipped message="Reason: On CRAN ('test-default_tlg.R:82:3')"/>
    </testcase>
    <testcase time="0.754000000000001" classname="default_tlg" name="cmt01a_3_functions_with_default_argument_value_return_expected_result_with_test_data">
      <skipped message="Reason: On CRAN ('test-default_tlg.R:89:3')"/>
    </testcase>
    <testcase time="0.221999999999998" classname="default_tlg" name="cmt02_pt_1_functions_with_default_argument_value_return_expected_result_with_test_data">
      <skipped message="Reason: On CRAN ('test-default_tlg.R:96:3')"/>
    </testcase>
    <testcase time="0.446000000000002" classname="default_tlg" name="dmt01_1_functions_with_default_argument_value_return_expected_result_with_test_data">
      <skipped message="Reason: On CRAN ('test-default_tlg.R:103:3')"/>
    </testcase>
    <testcase time="0.358000000000001" classname="default_tlg" name="dst01_1_functions_with_default_argument_value_return_expected_result_with_test_data">
      <skipped message="Reason: On CRAN ('test-default_tlg.R:110:3')"/>
    </testcase>
    <testcase time="0.494" classname="default_tlg" name="dst01_2_functions_with_default_argument_value_return_expected_result_with_test_data">
      <skipped message="Reason: On CRAN ('test-default_tlg.R:117:3')"/>
    </testcase>
    <testcase time="0.674999999999997" classname="default_tlg" name="dst01_3_functions_with_default_argument_value_return_expected_result_with_test_data">
      <skipped message="Reason: On CRAN ('test-default_tlg.R:124:3')"/>
    </testcase>
    <testcase time="0.140000000000001" classname="default_tlg" name="dtht01_1_functions_with_default_argument_value_return_expected_result_with_test_data">
      <skipped message="Reason: On CRAN ('test-default_tlg.R:131:3')"/>
    </testcase>
    <testcase time="2.808" classname="default_tlg" name="egt01_1_functions_with_default_argument_value_return_expected_result_with_test_data">
      <skipped message="Reason: On CRAN ('test-default_tlg.R:138:3')"/>
    </testcase>
    <testcase time="0.272000000000006" classname="default_tlg" name="egt02_1_functions_with_default_argument_value_return_expected_result_with_test_data">
      <skipped message="Reason: On CRAN ('test-default_tlg.R:145:3')"/>
    </testcase>
    <testcase time="0.251999999999995" classname="default_tlg" name="egt02_2_functions_with_default_argument_value_return_expected_result_with_test_data">
      <skipped message="Reason: On CRAN ('test-default_tlg.R:152:3')"/>
    </testcase>
    <testcase time="0.347000000000001" classname="default_tlg" name="egt03_1_functions_with_default_argument_value_return_expected_result_with_test_data">
      <skipped message="Reason: On CRAN ('test-default_tlg.R:159:3')"/>
    </testcase>
    <testcase time="0.363" classname="default_tlg" name="egt03_2_functions_with_default_argument_value_return_expected_result_with_test_data">
      <skipped message="Reason: On CRAN ('test-default_tlg.R:166:3')"/>
    </testcase>
    <testcase time="0.811" classname="default_tlg" name="egt05_qtcat_1_functions_with_default_argument_value_return_expected_result_with_test_data">
      <skipped message="Reason: On CRAN ('test-default_tlg.R:173:3')"/>
    </testcase>
    <testcase time="0.227000000000004" classname="default_tlg" name="ext01_1_functions_with_default_argument_value_return_expected_result_with_test_data">
      <skipped message="Reason: On CRAN ('test-default_tlg.R:180:3')"/>
    </testcase>
    <testcase time="0.372999999999998" classname="default_tlg" name="ext01_2_functions_with_default_argument_value_return_expected_result_with_test_data">
      <skipped message="Reason: On CRAN ('test-default_tlg.R:187:3')"/>
    </testcase>
    <testcase time="1.922" classname="default_tlg" name="lbt01_1_functions_with_default_argument_value_return_expected_result_with_test_data">
      <skipped message="Reason: On CRAN ('test-default_tlg.R:194:3')"/>
    </testcase>
    <testcase time="0.555" classname="default_tlg" name="lbt04_1_functions_with_default_argument_value_return_expected_result_with_test_data">
      <skipped message="Reason: On CRAN ('test-default_tlg.R:201:3')"/>
    </testcase>
    <testcase time="0.558" classname="default_tlg" name="lbt05_1_functions_with_default_argument_value_return_expected_result_with_test_data">
      <skipped message="Reason: On CRAN ('test-default_tlg.R:208:3')"/>
    </testcase>
    <testcase time="0.792999999999999" classname="default_tlg" name="lbt07_1_functions_with_default_argument_value_return_expected_result_with_test_data">
      <skipped message="Reason: On CRAN ('test-default_tlg.R:215:3')"/>
    </testcase>
    <testcase time="1.753" classname="default_tlg" name="lbt14_1_functions_with_default_argument_value_return_expected_result_with_test_data">
      <skipped message="Reason: On CRAN ('test-default_tlg.R:222:3')"/>
    </testcase>
    <testcase time="1.963" classname="default_tlg" name="lbt14_2_functions_with_default_argument_value_return_expected_result_with_test_data">
      <skipped message="Reason: On CRAN ('test-default_tlg.R:229:3')"/>
    </testcase>
    <testcase time="0.409999999999997" classname="default_tlg" name="mht01_1_functions_with_default_argument_value_return_expected_result_with_test_data">
      <skipped message="Reason: On CRAN ('test-default_tlg.R:236:3')"/>
    </testcase>
    <testcase time="0.364000000000004" classname="default_tlg" name="pdt01_1_function_with_default_argument_value_return_expected_result_with_test_data">
      <skipped message="Reason: On CRAN ('test-default_tlg.R:243:3')"/>
    </testcase>
    <testcase time="0.170000000000002" classname="default_tlg" name="pdt02_1_function_with_default_argument_value_return_expected_result_with_test_data">
      <skipped message="Reason: On CRAN ('test-default_tlg.R:250:3')"/>
    </testcase>
    <testcase time="0.18" classname="default_tlg" name="rmpt01_1_function_with_default_argument_value_return_expected_result_with_test_data">
      <skipped message="Reason: On CRAN ('test-default_tlg.R:257:3')"/>
    </testcase>
    <testcase time="5.266" classname="default_tlg" name="vst01_1_functions_with_default_argument_value_return_expected_result_with_test_data">
      <skipped message="Reason: On CRAN ('test-default_tlg.R:264:3')"/>
    </testcase>
    <testcase time="5.409" classname="default_tlg" name="vst01_1_functions_with_default_argument_value_return_expected_result_with_test_data">
      <skipped message="Reason: On CRAN ('test-default_tlg.R:271:3')"/>
    </testcase>
    <testcase time="0.383000000000003" classname="default_tlg" name="vst02_1_functions_with_default_argument_value_return_expected_result_with_test_data">
      <skipped message="Reason: On CRAN ('test-default_tlg.R:278:3')"/>
    </testcase>
    <testcase time="0.390999999999998" classname="default_tlg" name="vst02_2_functions_with_default_argument_value_return_expected_result_with_test_data">
      <skipped message="Reason: On CRAN ('test-default_tlg.R:285:3')"/>
    </testcase>
  </testsuite>
  <testsuite name="dmt01" timestamp="2023-05-06T14:03:01Z" hostname="c455190cc7c4" tests="4" skipped="2" failures="0" errors="0" time="0.817">
    <testcase time="0.295999999999999" classname="dmt01" name="dmt01_1_can_handle_NA_values"/>
    <testcase time="0.0850000000000009" classname="dmt01" name="dmt01_1_can_handle_NA_values">
      <skipped message="Reason: On CRAN ('test-dmt01.R:10:3')"/>
    </testcase>
    <testcase time="0.325000000000003" classname="dmt01" name="dmt01_1_can_handle_some_NA_values"/>
    <testcase time="0.110999999999997" classname="dmt01" name="dmt01_1_can_handle_some_NA_values">
      <skipped message="Reason: On CRAN ('test-dmt01.R:22:3')"/>
    </testcase>
  </testsuite>
  <testsuite name="dst01" timestamp="2023-05-06T14:03:02Z" hostname="c455190cc7c4" tests="26" skipped="13" failures="0" errors="0" time="5.3">
    <testcase time="0.241" classname="dst01" name="dst01_can_handle_all_NA_values"/>
    <testcase time="0.0309999999999988" classname="dst01" name="dst01_can_handle_all_NA_values">
      <skipped message="Reason: On CRAN ('test-dst01.R:12:3')"/>
    </testcase>
    <testcase time="0.256999999999998" classname="dst01" name="dst01_1_can_handle_all_NA_values_in_disc_reason_var"/>
    <testcase time="0.054000000000002" classname="dst01" name="dst01_1_can_handle_all_NA_values_in_disc_reason_var">
      <skipped message="Reason: On CRAN ('test-dst01.R:23:3')"/>
    </testcase>
    <testcase time="0.311" classname="dst01" name="dst01_1_can_handle_some_NA_values"/>
    <testcase time="0.0650000000000048" classname="dst01" name="dst01_1_can_handle_some_NA_values">
      <skipped message="Reason: On CRAN ('test-dst01.R:35:3')"/>
    </testcase>
    <testcase time="0.269999999999996" classname="dst01" name="dst01_1_can_handle_missing_levels_in_status_var"/>
    <testcase time="0.0350000000000037" classname="dst01" name="dst01_1_can_handle_missing_levels_in_status_var">
      <skipped message="Reason: On CRAN ('test-dst01.R:46:3')"/>
    </testcase>
    <testcase time="0.252000000000002" classname="dst01" name="dst01_1_can_handle_missing_levels_in_disc_reason_var"/>
    <testcase time="0.0449999999999946" classname="dst01" name="dst01_1_can_handle_missing_levels_in_disc_reason_var">
      <skipped message="Reason: On CRAN ('test-dst01.R:57:3')"/>
    </testcase>
    <testcase time="0.214000000000006" classname="dst01" name="dst01_2_can_handle_all_NA_values"/>
    <testcase time="0.0289999999999964" classname="dst01" name="dst01_2_can_handle_all_NA_values">
      <skipped message="Reason: On CRAN ('test-dst01.R:72:3')"/>
    </testcase>
    <testcase time="0.228000000000002" classname="dst01" name="dst01_2_can_handle_all_NA_values_in_disc_reason_var"/>
    <testcase time="0.0409999999999968" classname="dst01" name="dst01_2_can_handle_all_NA_values_in_disc_reason_var">
      <skipped message="Reason: On CRAN ('test-dst01.R:83:3')"/>
    </testcase>
    <testcase time="0.420999999999999" classname="dst01" name="dst01_2_can_handle_some_NA_values"/>
    <testcase time="0.0760000000000005" classname="dst01" name="dst01_2_can_handle_some_NA_values">
      <skipped message="Reason: On CRAN ('test-dst01.R:95:3')"/>
    </testcase>
    <testcase time="0.298999999999999" classname="dst01" name="dst01_2_can_handle_missing_levels_in_disc_reason_var"/>
    <testcase time="0.0480000000000018" classname="dst01" name="dst01_2_can_handle_missing_levels_in_disc_reason_var">
      <skipped message="Reason: On CRAN ('test-dst01.R:106:3')"/>
    </testcase>
    <testcase time="0.356000000000002" classname="dst01" name="dst01_3_can_handle_all_NA_values"/>
    <testcase time="0.0300000000000011" classname="dst01" name="dst01_3_can_handle_all_NA_values">
      <skipped message="Reason: On CRAN ('test-dst01.R:121:3')"/>
    </testcase>
    <testcase time="0.576000000000001" classname="dst01" name="dst01_3_can_handle_all_NA_values_in_status_treatment_var"/>
    <testcase time="0.0750000000000028" classname="dst01" name="dst01_3_can_handle_all_NA_values_in_status_treatment_var">
      <skipped message="Reason: On CRAN ('test-dst01.R:132:3')"/>
    </testcase>
    <testcase time="0.580999999999996" classname="dst01" name="dst01_3_can_handle_some_NA_values_in_status_treatment_var"/>
    <testcase time="0.0930000000000035" classname="dst01" name="dst01_3_can_handle_some_NA_values_in_status_treatment_var">
      <skipped message="Reason: On CRAN ('test-dst01.R:143:3')"/>
    </testcase>
    <testcase time="0.575999999999993" classname="dst01" name="dst01_3_can_handle_missing_levels_in_status_treatment_var"/>
    <testcase time="0.0960000000000036" classname="dst01" name="dst01_3_can_handle_missing_levels_in_status_treatment_var">
      <skipped message="Reason: On CRAN ('test-dst01.R:154:3')"/>
    </testcase>
  </testsuite>
  <testsuite name="dtht01" timestamp="2023-05-06T14:03:07Z" hostname="c455190cc7c4" tests="5" skipped="3" failures="0" errors="0" time="1.32">
    <testcase time="0.290999999999997" classname="dtht01" name="dtht01_can_handle_all_NA_values"/>
    <testcase time="0.0379999999999967" classname="dtht01" name="dtht01_can_handle_all_NA_values">
      <skipped message="Reason: On CRAN ('test-dtht01.R:12:3')"/>
    </testcase>
    <testcase time="0.400000000000006" classname="dtht01" name="dtht01_can_handle_some_NA_values"/>
    <testcase time="0.0989999999999895" classname="dtht01" name="dtht01_can_handle_some_NA_values">
      <skipped message="Reason: On CRAN ('test-dtht01.R:27:3')"/>
    </testcase>
    <testcase time="0.492000000000004" classname="dtht01" name="dtht01_can_be_parametrize_as_expected">
      <skipped message="Reason: On CRAN ('test-dtht01.R:38:3')"/>
    </testcase>
  </testsuite>
  <testsuite name="egt03" timestamp="2023-05-06T14:03:09Z" hostname="c455190cc7c4" tests="9" skipped="4" failures="0" errors="0" time="1.453">
    <testcase time="0.275999999999996" classname="egt03" name="egt03_1_can_handle_all_NA_values"/>
    <testcase time="0.0770000000000124" classname="egt03" name="egt03_1_can_handle_all_NA_values">
      <skipped message="Reason: On CRAN ('test-egt03.R:11:3')"/>
    </testcase>
    <testcase time="0.290999999999997" classname="egt03" name="egt03_1_can_handle_some_NA_values"/>
    <testcase time="0.0760000000000076" classname="egt03" name="egt03_1_can_handle_some_NA_values">
      <skipped message="Reason: On CRAN ('test-egt03.R:29:3')"/>
    </testcase>
    <testcase time="0.269999999999996" classname="egt03" name="egt03_2_can_handle_all_NA_values"/>
    <testcase time="0.0750000000000028" classname="egt03" name="egt03_2_can_handle_all_NA_values">
      <skipped message="Reason: On CRAN ('test-egt03.R:42:3')"/>
    </testcase>
    <testcase time="0.280000000000001" classname="egt03" name="egt03_2_can_handle_some_NA_values"/>
    <testcase time="0.0840000000000032" classname="egt03" name="egt03_2_can_handle_some_NA_values">
      <skipped message="Reason: On CRAN ('test-egt03.R:57:3')"/>
    </testcase>
    <testcase time="0.0240000000000009" classname="egt03" name="egt03_1_fails_on_incomplete_data"/>
  </testsuite>
  <testsuite name="egt05_qtcat" timestamp="2023-05-06T14:03:10Z" hostname="c455190cc7c4" tests="4" skipped="2" failures="0" errors="0" time="0.923">
    <testcase time="0.0829999999999984" classname="egt05_qtcat" name="egt05_qtcat_can_handle_all_NA_values"/>
    <testcase time="0.0139999999999958" classname="egt05_qtcat" name="egt05_qtcat_can_handle_all_NA_values">
      <skipped message="Reason: On CRAN ('test-egt05_qtcat.R:11:3')"/>
    </testcase>
    <testcase time="0.590999999999994" classname="egt05_qtcat" name="egt05_qtcat_can_handle_some_NA_values"/>
    <testcase time="0.234999999999999" classname="egt05_qtcat" name="egt05_qtcat_can_handle_some_NA_values">
      <skipped message="Reason: On CRAN ('test-egt05_qtcat.R:31:3')"/>
    </testcase>
  </testsuite>
  <testsuite name="empty_report" timestamp="2023-05-06T14:03:11Z" hostname="c455190cc7c4" tests="34" skipped="0" failures="0" errors="0" time="5.827">
    <testcase time="1.80200000000001" classname="empty_report" name="tlg_functions_return_null_reports_when_domain_table_is_empty"/>
    <testcase time="0.426000000000002" classname="empty_report" name="tlg_functions_return_null_reports_when_domain_table_is_empty"/>
    <testcase time="0.22999999999999" classname="empty_report" name="tlg_functions_return_null_reports_when_domain_table_is_empty"/>
    <testcase time="0.0820000000000078" classname="empty_report" name="tlg_functions_return_null_reports_when_domain_table_is_empty"/>
    <testcase time="0.0789999999999935" classname="empty_report" name="tlg_functions_return_null_reports_when_domain_table_is_empty"/>
    <testcase time="0.13000000000001" classname="empty_report" name="tlg_functions_return_null_reports_when_domain_table_is_empty"/>
    <testcase time="0.0799999999999983" classname="empty_report" name="tlg_functions_return_null_reports_when_domain_table_is_empty"/>
    <testcase time="0.137999999999991" classname="empty_report" name="tlg_functions_return_null_reports_when_domain_table_is_empty"/>
    <testcase time="0.0910000000000082" classname="empty_report" name="tlg_functions_return_null_reports_when_domain_table_is_empty"/>
    <testcase time="0.0759999999999934" classname="empty_report" name="tlg_functions_return_null_reports_when_domain_table_is_empty"/>
    <testcase time="0.0790000000000077" classname="empty_report" name="tlg_functions_return_null_reports_when_domain_table_is_empty"/>
    <testcase time="0.097999999999999" classname="empty_report" name="tlg_functions_return_null_reports_when_domain_table_is_empty"/>
    <testcase time="0.0719999999999885" classname="empty_report" name="tlg_functions_return_null_reports_when_domain_table_is_empty"/>
    <testcase time="0.190000000000012" classname="empty_report" name="tlg_functions_return_null_reports_when_domain_table_is_empty"/>
    <testcase time="0.125" classname="empty_report" name="tlg_functions_return_null_reports_when_domain_table_is_empty"/>
    <testcase time="0.215999999999994" classname="empty_report" name="tlg_functions_return_null_reports_when_domain_table_is_empty"/>
    <testcase time="0.114000000000004" classname="empty_report" name="tlg_functions_return_null_reports_when_domain_table_is_empty"/>
    <testcase time="0.0799999999999983" classname="empty_report" name="tlg_functions_return_null_reports_when_domain_table_is_empty"/>
    <testcase time="0.0360000000000014" classname="empty_report" name="tlg_functions_return_null_reports_when_domain_table_is_empty"/>
    <testcase time="0.0360000000000014" classname="empty_report" name="tlg_functions_return_null_reports_when_domain_table_is_empty"/>
    <testcase time="0.0379999999999967" classname="empty_report" name="tlg_functions_return_null_reports_when_domain_table_is_empty"/>
    <testcase time="0.0369999999999919" classname="empty_report" name="tlg_functions_return_null_reports_when_domain_table_is_empty"/>
    <testcase time="0.0770000000000124" classname="empty_report" name="tlg_functions_return_null_reports_when_domain_table_is_empty"/>
    <testcase time="0.0479999999999876" classname="empty_report" name="tlg_functions_return_null_reports_when_domain_table_is_empty"/>
    <testcase time="0.598000000000013" classname="empty_report" name="tlg_functions_return_null_reports_when_domain_table_is_empty"/>
    <testcase time="0.0779999999999887" classname="empty_report" name="tlg_functions_return_null_reports_when_domain_table_is_empty"/>
    <testcase time="0.370000000000005" classname="empty_report" name="tlg_functions_return_null_reports_when_domain_table_is_empty"/>
    <testcase time="0.0900000000000034" classname="empty_report" name="tlg_functions_return_null_reports_when_domain_table_is_empty"/>
    <testcase time="0.078000000000003" classname="empty_report" name="tlg_functions_return_null_reports_when_domain_table_is_empty"/>
    <testcase time="0.0529999999999973" classname="empty_report" name="tlg_functions_return_null_reports_when_domain_table_is_empty"/>
    <testcase time="0.0549999999999926" classname="empty_report" name="tlg_functions_return_null_reports_when_domain_table_is_empty"/>
    <testcase time="0.0440000000000111" classname="empty_report" name="tlg_functions_return_null_reports_when_domain_table_is_empty"/>
    <testcase time="0.063999999999993" classname="empty_report" name="tlg_functions_return_null_reports_when_domain_table_is_empty"/>
    <testcase time="0.0169999999999959" classname="empty_report" name="tlg_functions_return_null_reports_when_domain_table_is_empty"/>
  </testsuite>
  <testsuite name="ext01" timestamp="2023-05-06T14:03:17Z" hostname="c455190cc7c4" tests="3" skipped="2" failures="0" errors="0" time="0.477">
    <testcase time="0.150000000000006" classname="ext01" name="ext01_works"/>
    <testcase time="0.0729999999999933" classname="ext01" name="ext01_works">
      <skipped message="Reason: On CRAN ('test-ext01.R:5:3')"/>
    </testcase>
    <testcase time="0.254000000000005" classname="ext01" name="ext02_1_works_for_selected_parameters">
      <skipped message="Reason: On CRAN ('test-ext01.R:17:3')"/>
    </testcase>
  </testsuite>
  <testsuite name="kmg01" timestamp="2023-05-06T14:03:17Z" hostname="c455190cc7c4" tests="6" skipped="0" failures="0" errors="0" time="2.189">
    <testcase time="0.0219999999999914" classname="kmg01" name="kmg01_1_works_as_expected"/>
    <testcase time="0.438000000000002" classname="kmg01" name="kmg01_1_works_as_expected"/>
    <testcase time="0.424000000000007" classname="kmg01" name="kmg01_1_works_as_expected_with_custom_color_set"/>
    <testcase time="0.338999999999999" classname="kmg01" name="kmg01_1_works_as_expected_with_custom_color_set"/>
    <testcase time="0.36699999999999" classname="kmg01" name="kmg01_1_works_if_change_pvalue_ties_and_conf_level"/>
    <testcase time="0.599000000000004" classname="kmg01" name="kmg01_1_works_if_change_annotation_position"/>
  </testsuite>
  <testsuite name="lbt01" timestamp="2023-05-06T14:03:19Z" hostname="c455190cc7c4" tests="2" skipped="1" failures="0" errors="0" time="1.491">
    <testcase time="1.319" classname="lbt01" name="lbt01_1_can_handle_n_0_and_outputs_NE_instead_of_infs_and_NAs"/>
    <testcase time="0.171999999999997" classname="lbt01" name="lbt01_1_can_handle_n_0_and_outputs_NE_instead_of_infs_and_NAs">
      <skipped message="Reason: On CRAN ('test-lbt01.R:10:3')"/>
    </testcase>
  </testsuite>
  <testsuite name="lbt04" timestamp="2023-05-06T14:03:21Z" hostname="c455190cc7c4" tests="5" skipped="2" failures="0" errors="0" time="0.652">
    <testcase time="0.0919999999999987" classname="lbt04" name="lbt04_can_handle_all_NA_values"/>
    <testcase time="0.0280000000000058" classname="lbt04" name="lbt04_can_handle_all_NA_values">
      <skipped message="Reason: On CRAN ('test-lbt04.R:11:3')"/>
    </testcase>
    <testcase time="0.400999999999996" classname="lbt04" name="lbt04_can_handle_some_NA_values"/>
    <testcase time="0.108000000000004" classname="lbt04" name="lbt04_can_handle_some_NA_values">
      <skipped message="Reason: On CRAN ('test-lbt04.R:24:3')"/>
    </testcase>
    <testcase time="0.0229999999999961" classname="lbt04" name="lbt04_fails_on_incomlete_date"/>
  </testsuite>
  <testsuite name="lbt05" timestamp="2023-05-06T14:03:22Z" hostname="c455190cc7c4" tests="4" skipped="1" failures="0" errors="0" time="0.921">
    <testcase time="0.390000000000001" classname="lbt05" name="lbt05_give_all_0_count_if_ANRIND_are_all_missing"/>
    <testcase time="0.393999999999991" classname="lbt05" name="lbt05_can_handle_some_NA_values"/>
    <testcase time="0.114000000000004" classname="lbt05" name="lbt05_can_handle_some_NA_values">
      <skipped message="Reason: On CRAN ('test-lbt05.R:22:3')"/>
    </testcase>
    <testcase time="0.0229999999999961" classname="lbt05" name="lbt05_fails_on_incomlete_date"/>
  </testsuite>
  <testsuite name="lbt07" timestamp="2023-05-06T14:03:22Z" hostname="c455190cc7c4" tests="3" skipped="1" failures="0" errors="0" time="0.789">
    <testcase time="0.568000000000012" classname="lbt07" name="lbt07_can_handle_some_NA_values"/>
    <testcase time="0.151999999999987" classname="lbt07" name="lbt07_can_handle_some_NA_values">
      <skipped message="Reason: On CRAN ('test-lbt07.R:11:3')"/>
    </testcase>
    <testcase time="0.0690000000000026" classname="lbt07" name="lbt07_fails_on_incomlete_data"/>
  </testsuite>
  <testsuite name="lbt14" timestamp="2023-05-06T14:03:23Z" hostname="c455190cc7c4" tests="12" skipped="6" failures="0" errors="0" time="10.402">
    <testcase time="1.38600000000001" classname="lbt14" name="lbt14_1_can_handle_all_NA_values"/>
    <testcase time="0.0549999999999926" classname="lbt14" name="lbt14_1_can_handle_all_NA_values">
      <skipped message="Reason: On CRAN ('test-lbt14.R:11:3')"/>
    </testcase>
    <testcase time="1.623" classname="lbt14" name="lbt14_1_can_handle_some_NA_values"/>
    <testcase time="0.304999999999993" classname="lbt14" name="lbt14_1_can_handle_some_NA_values">
      <skipped message="Reason: On CRAN ('test-lbt14.R:30:3')"/>
    </testcase>
    <testcase time="1.709" classname="lbt14" name="lbt14_1_can_accept_different_gr_missing">
      <skipped message="Reason: On CRAN ('test-lbt14.R:36:3')"/>
    </testcase>
    <testcase time="0.0240000000000009" classname="lbt14" name="lbt14_1_fails_on_incomlete_data"/>
    <testcase time="1.393" classname="lbt14" name="lbt14_2_can_handle_all_NA_values"/>
    <testcase time="0.0519999999999925" classname="lbt14" name="lbt14_2_can_handle_all_NA_values">
      <skipped message="Reason: On CRAN ('test-lbt14.R:61:3')"/>
    </testcase>
    <testcase time="1.70400000000001" classname="lbt14" name="lbt14_2_can_handle_some_NA_values"/>
    <testcase time="0.316000000000003" classname="lbt14" name="lbt14_2_can_handle_some_NA_values">
      <skipped message="Reason: On CRAN ('test-lbt14.R:80:3')"/>
    </testcase>
    <testcase time="1.81099999999999" classname="lbt14" name="lbt14_2_can_accept_different_gr_missing">
      <skipped message="Reason: On CRAN ('test-lbt14.R:85:3')"/>
    </testcase>
    <testcase time="0.0240000000000009" classname="lbt14" name="lbt14_2_fails_on_incomlete_data"/>
  </testsuite>
  <testsuite name="mht01" timestamp="2023-05-06T14:03:34Z" hostname="c455190cc7c4" tests="2" skipped="2" failures="0" errors="0" time="0.92">
    <testcase time="0.451999999999998" classname="mht01" name="mht01_1_works">
      <skipped message="Reason: On CRAN ('test-mht01.R:5:3')"/>
    </testcase>
    <testcase time="0.468000000000004" classname="mht01" name="mht01_1_works_on_NULL_in_lbl_mhbodsys_or_lbl_mhdecod">
      <skipped message="Reason: On CRAN ('test-mht01.R:10:3')"/>
    </testcase>
  </testsuite>
  <testsuite name="mng01" timestamp="2023-05-06T14:03:35Z" hostname="c455190cc7c4" tests="6" skipped="0" failures="0" errors="0" time="7.919">
    <testcase time="1.315" classname="mng01" name="mng01_1_works_as_expected"/>
    <testcase time="1.307" classname="mng01" name="mng01_1_works_as_expected_with_custom_color_set"/>
    <testcase time="1.318" classname="mng01" name="mng01_1_works_as_expected_with_custom_color_set"/>
    <testcase time="1.29300000000001" classname="mng01" name="mng01_1_works_if_show_v_grid_show_h_grid_is_TRUE"/>
    <testcase time="1.319" classname="mng01" name="mng01_1_works_on_custom_color_with_named_line_col"/>
    <testcase time="1.36699999999999" classname="mng01" name="mng01_1_works_with_combination_of_x_variables"/>
  </testsuite>
  <testsuite name="pdt01" timestamp="2023-05-06T14:03:42Z" hostname="c455190cc7c4" tests="4" skipped="2" failures="0" errors="0" time="0.649">
    <testcase time="0.135000000000005" classname="pdt01" name="pdt01_1_can_handle_all_NA_values"/>
    <testcase time="0.0349999999999966" classname="pdt01" name="pdt01_1_can_handle_all_NA_values">
      <skipped message="Reason: On CRAN ('test-pdt01.R:10:3')"/>
    </testcase>
    <testcase time="0.359000000000009" classname="pdt01" name="pdt01_1_can_handle_some_NA_values"/>
    <testcase time="0.11999999999999" classname="pdt01" name="pdt01_1_can_handle_some_NA_values">
      <skipped message="Reason: On CRAN ('test-pdt01.R:25:3')"/>
    </testcase>
  </testsuite>
  <testsuite name="pdt02" timestamp="2023-05-06T14:03:43Z" hostname="c455190cc7c4" tests="4" skipped="2" failures="0" errors="0" time="0.491">
    <testcase time="0.162999999999997" classname="pdt02" name="pdt02_1_can_handle_all_NA_values"/>
    <testcase time="0.0360000000000014" classname="pdt02" name="pdt02_1_can_handle_all_NA_values">
      <skipped message="Reason: On CRAN ('test-pdt02.R:10:3')"/>
    </testcase>
    <testcase time="0.218000000000004" classname="pdt02" name="pdt02_1_can_handle_some_NA_values"/>
    <testcase time="0.0739999999999981" classname="pdt02" name="pdt02_1_can_handle_some_NA_values">
      <skipped message="Reason: On CRAN ('test-pdt02.R:25:3')"/>
    </testcase>
  </testsuite>
  <testsuite name="rmpt01" timestamp="2023-05-06T14:03:44Z" hostname="c455190cc7c4" tests="6" skipped="2" failures="0" errors="0" time="0.475">
    <testcase time="0.164000000000001" classname="rmpt01" name="rmpt01_can_handle_NA_values"/>
    <testcase time="0.0570000000000022" classname="rmpt01" name="rmpt01_can_handle_NA_values">
      <skipped message="Reason: On CRAN ('test-rmpt01.R:9:3')"/>
    </testcase>
    <testcase time="0.156999999999996" classname="rmpt01" name="rmpt01_can_handle_some_NA_values"/>
    <testcase time="0.0570000000000022" classname="rmpt01" name="rmpt01_can_handle_some_NA_values">
      <skipped message="Reason: On CRAN ('test-rmpt01.R:23:3')"/>
    </testcase>
    <testcase time="0.0300000000000011" classname="rmpt01" name="rmpt01_fails_on_incomlete_data"/>
    <testcase time="0.0100000000000051" classname="rmpt01" name="rmpt01_fails_on_incomlete_data"/>
  </testsuite>
  <testsuite name="utils" timestamp="2023-05-06T14:03:44Z" hostname="c455190cc7c4" tests="27" skipped="0" failures="0" errors="0" time="0.138">
    <testcase time="0.00999999999999091" classname="utils" name="h_format_dec_works_as_exected"/>
    <testcase time="0.00300000000000011" classname="utils" name="h_format_dec_works_as_exected"/>
    <testcase time="0.00200000000000955" classname="utils" name="h_format_dec_works_as_exected"/>
    <testcase time="0.00399999999999068" classname="utils" name="h_format_dec_works_as_exected"/>
    <testcase time="0.00200000000000955" classname="utils" name="h_format_dec_works_as_exected"/>
    <testcase time="0.00399999999999068" classname="utils" name="h_format_dec_works_as_exected"/>
    <testcase time="0.00200000000000955" classname="utils" name="h_format_dec_works_as_exected"/>
    <testcase time="0.00399999999999068" classname="utils" name="h_format_dec_works_as_exected"/>
    <testcase time="0.00200000000000955" classname="utils" name="h_format_dec_works_as_exected"/>
    <testcase time="0.00399999999999068" classname="utils" name="h_format_dec_works_as_exected"/>
    <testcase time="0.00200000000000955" classname="utils" name="h_format_dec_works_as_exected"/>
    <testcase time="0.00399999999999068" classname="utils" name="h_format_dec_works_as_exected"/>
    <testcase time="0.00800000000000978" classname="utils" name="h_format_dec_works_as_expected_with_more_than_one_value"/>
    <testcase time="0.00399999999999068" classname="utils" name="h_format_dec_works_as_expected_with_more_than_one_value"/>
    <testcase time="0.00600000000000023" classname="utils" name="h_format_dec_works_returns_null_with_NA_format"/>
    <testcase time="0.00799999999999557" classname="utils" name="h_format_dec_works_as_expected_with_NA_digits"/>
    <testcase time="0.007000000000005" classname="utils" name="h_format_dec_works_as_expected_with_NA_digits"/>
    <testcase time="0.00799999999999557" classname="utils" name="get_db_data_works"/>
    <testcase time="0.00400000000000489" classname="utils" name="get_db_data_works"/>
    <testcase time="0.007000000000005" classname="utils" name="fuse_sequentially_works"/>
    <testcase time="0.00399999999999068" classname="utils" name="fuse_sequentially_works"/>
    <testcase time="0.00600000000000023" classname="utils" name="grob_list_works"/>
    <testcase time="0.00100000000000477" classname="utils" name="grob_list_works"/>
    <testcase time="0.00499999999999545" classname="utils" name="grob_list_works"/>
    <testcase time="0.00400000000000489" classname="utils" name="grob_list_works"/>
    <testcase time="0.0150000000000006" classname="utils" name="ifneeded_split_row_works_as_expected"/>
    <testcase time="0.00799999999999557" classname="utils" name="ifneeded_split_row_works_as_expected"/>
  </testsuite>
  <testsuite name="vst02" timestamp="2023-05-06T14:03:44Z" hostname="c455190cc7c4" tests="2" skipped="2" failures="0" errors="0" time="0.855">
    <testcase time="0.427000000000007" classname="vst02" name="vst02_1_works">
      <skipped message="Reason: On CRAN ('test-vst02.R:5:3')"/>
    </testcase>
    <testcase time="0.427999999999997" classname="vst02" name="vst02_2_works">
      <skipped message="Reason: On CRAN ('test-vst02.R:13:3')"/>
    </testcase>
  </testsuite>
</testsuites>
