<?xml version="1.0" encoding="UTF-8"?>
<testsuites>
  <testsuite name="ael01_nollt" timestamp="2023-05-09T07:39:40Z" hostname="c0b23959a4b9" tests="8" skipped="4" failures="0" errors="0" time="1.308">
    <testcase time="0.911" classname="ael01_nollt" name="ael01_nollt_works_with_admh_dataset"/>
    <testcase time="0.0820000000000003" classname="ael01_nollt" name="ael01_nollt_works_with_admh_dataset">
      <skipped message="Reason: On CRAN ('test-ael01_nollt.R:7:3')"/>
    </testcase>
    <testcase time="0.0469999999999997" classname="ael01_nollt" name="ael01_nollt_works_with_non_default_label"/>
    <testcase time="0.147" classname="ael01_nollt" name="ael01_nollt_works_with_non_default_label">
      <skipped message="Reason: On CRAN ('test-ael01_nollt.R:18:3')"/>
    </testcase>
    <testcase time="0.0549999999999997" classname="ael01_nollt" name="ael01_nollt_can_handle_all_missing_values"/>
    <testcase time="0.0209999999999999" classname="ael01_nollt" name="ael01_nollt_can_handle_all_missing_values">
      <skipped message="Reason: On CRAN ('test-ael01_nollt.R:31:3')"/>
    </testcase>
    <testcase time="0.0290000000000004" classname="ael01_nollt" name="ael01_nollt_can_handle_some_missing_values"/>
    <testcase time="0.016" classname="ael01_nollt" name="ael01_nollt_can_handle_some_missing_values">
      <skipped message="Reason: On CRAN ('test-ael01_nollt.R:46:3')"/>
    </testcase>
  </testsuite>
  <testsuite name="aet01" timestamp="2023-05-09T07:39:41Z" hostname="c0b23959a4b9" tests="9" skipped="4" failures="0" errors="0" time="1.736">
    <testcase time="0.53" classname="aet01" name="aet01_can_handle_all_NA_values"/>
    <testcase time="0.0709999999999997" classname="aet01" name="aet01_can_handle_all_NA_values">
      <skipped message="Reason: On CRAN ('test-aet01.R:12:3')"/>
    </testcase>
    <testcase time="0.335" classname="aet01" name="aet01_can_handle_some_NA_values"/>
    <testcase time="0.0720000000000001" classname="aet01" name="aet01_can_handle_some_NA_values">
      <skipped message="Reason: On CRAN ('test-aet01.R:29:3')"/>
    </testcase>
    <testcase time="0.232" classname="aet01" name="aet01_can_use_custom_lbl_safety_var"/>
    <testcase time="0.0369999999999999" classname="aet01" name="aet01_can_use_custom_lbl_safety_var">
      <skipped message="Reason: On CRAN ('test-aet01.R:35:3')"/>
    </testcase>
    <testcase time="0.0289999999999999" classname="aet01" name="aet01_fails_on_incomplete_data_input"/>
    <testcase time="0.353" classname="aet01" name="aet01_2_can_use_custom_medconcept_var"/>
    <testcase time="0.077" classname="aet01" name="aet01_2_can_use_custom_medconcept_var">
      <skipped message="Reason: On CRAN ('test-aet01.R:53:3')"/>
    </testcase>
  </testsuite>
  <testsuite name="aet01_aesi" timestamp="2023-05-09T07:39:43Z" hostname="c0b23959a4b9" tests="7" skipped="3" failures="0" errors="0" time="1.073">
    <testcase time="0.276" classname="aet01_aesi" name="aet01_aesi_can_handle_all_NA_values"/>
    <testcase time="0.0609999999999999" classname="aet01_aesi" name="aet01_aesi_can_handle_all_NA_values">
      <skipped message="Reason: On CRAN ('test-aet01_aesi.R:17:3')"/>
    </testcase>
    <testcase time="0.232" classname="aet01_aesi" name="aet01_aesi_can_handle_some_NA_values"/>
    <testcase time="0.0600000000000005" classname="aet01_aesi" name="aet01_aesi_can_handle_some_NA_values">
      <skipped message="Reason: On CRAN ('test-aet01_aesi.R:30:3')"/>
    </testcase>
    <testcase time="0.325" classname="aet01_aesi" name="aet01_aesi_works_with_ALL_argument"/>
    <testcase time="0.0979999999999999" classname="aet01_aesi" name="aet01_aesi_works_with_ALL_argument">
      <skipped message="Reason: On CRAN ('test-aet01_aesi.R:36:3')"/>
    </testcase>
    <testcase time="0.0209999999999999" classname="aet01_aesi" name="aet01_aesi_1_check_fails_on_incomplete_data_input"/>
  </testsuite>
  <testsuite name="aet02" timestamp="2023-05-09T07:39:44Z" hostname="c0b23959a4b9" tests="4" skipped="0" failures="0" errors="0" time="0.217">
    <testcase time="0.0170000000000003" classname="aet02" name="aet02_fails_on_incomplete_data_input"/>
    <testcase time="0.0860000000000003" classname="aet02" name="aet02_handle_empty_data_input"/>
    <testcase time="0.0129999999999999" classname="aet02" name="aet02_2_fails_on_incomplete_data_input"/>
    <testcase time="0.101" classname="aet02" name="aet02_2_handle_empty_data_input"/>
  </testsuite>
  <testsuite name="aet03" timestamp="2023-05-09T07:39:44Z" hostname="c0b23959a4b9" tests="4" skipped="2" failures="0" errors="0" time="1.879">
    <testcase time="0.297" classname="aet03" name="aet03_can_handle_NA_values"/>
    <testcase time="0.0570000000000004" classname="aet03" name="aet03_can_handle_NA_values">
      <skipped message="Reason: On CRAN ('test-aet03.R:10:3')"/>
    </testcase>
    <testcase time="1.334" classname="aet03" name="aet03_can_handle_some_NA_values"/>
    <testcase time="0.191000000000001" classname="aet03" name="aet03_can_handle_some_NA_values">
      <skipped message="Reason: On CRAN ('test-aet03.R:27:3')"/>
    </testcase>
  </testsuite>
  <testsuite name="aet04" timestamp="2023-05-09T07:39:46Z" hostname="c0b23959a4b9" tests="4" skipped="2" failures="0" errors="0" time="2.871">
    <testcase time="0.472999999999999" classname="aet04" name="aet04_can_handle_NA_values"/>
    <testcase time="0.0990000000000002" classname="aet04" name="aet04_can_handle_NA_values">
      <skipped message="Reason: On CRAN ('test-aet04.R:10:3')"/>
    </testcase>
    <testcase time="2.033" classname="aet04" name="aet04_can_handle_some_NA_values"/>
    <testcase time="0.266" classname="aet04" name="aet04_can_handle_some_NA_values">
      <skipped message="Reason: On CRAN ('test-aet04.R:42:3')"/>
    </testcase>
  </testsuite>
  <testsuite name="aet10" timestamp="2023-05-09T07:39:49Z" hostname="c0b23959a4b9" tests="4" skipped="2" failures="0" errors="0" time="0.264">
    <testcase time="0.088000000000001" classname="aet10" name="aet10_1_can_handle_NA_values"/>
    <testcase time="0.0239999999999991" classname="aet10" name="aet10_1_can_handle_NA_values">
      <skipped message="Reason: On CRAN ('test-aet10.R:11:3')"/>
    </testcase>
    <testcase time="0.104000000000001" classname="aet10" name="aet10_1_can_handle_some_NA_values"/>
    <testcase time="0.048" classname="aet10" name="aet10_1_can_handle_some_NA_values">
      <skipped message="Reason: On CRAN ('test-aet10.R:25:3')"/>
    </testcase>
  </testsuite>
  <testsuite name="assertions" timestamp="2023-05-09T07:39:49Z" hostname="c0b23959a4b9" tests="14" skipped="0" failures="0" errors="0" time="0.079">
    <testcase time="0.016" classname="assertions" name="assert_colnames_works_as_expected"/>
    <testcase time="0.00499999999999901" classname="assertions" name="assert_colnames_works_as_expected"/>
    <testcase time="0.00200000000000067" classname="assertions" name="assert_colnames_works_as_expected"/>
    <testcase time="0.00500000000000078" classname="assertions" name="assert_colnames_works_as_expected"/>
    <testcase time="0.00499999999999901" classname="assertions" name="assert_one_tablenames_works_as_expected"/>
    <testcase time="0.000999999999999446" classname="assertions" name="assert_one_tablenames_works_as_expected"/>
    <testcase time="0.00600000000000023" classname="assertions" name="assert_one_tablenames_works_as_expected"/>
    <testcase time="0.00500000000000078" classname="assertions" name="assert_one_tablenames_works_as_expected"/>
    <testcase time="0.00399999999999956" classname="assertions" name="assert_all_tablenames_works_as_expected"/>
    <testcase time="0.00500000000000078" classname="assertions" name="assert_all_tablenames_works_as_expected"/>
    <testcase time="0.00499999999999901" classname="assertions" name="assert_all_tablenames_works_as_expected"/>
    <testcase time="0.0080000000000009" classname="assertions" name="assert_args_works_as_expected"/>
    <testcase time="0.00199999999999889" classname="assertions" name="assert_args_works_as_expected"/>
    <testcase time="0.00999999999999979" classname="assertions" name="assert_args_works_as_expected"/>
  </testsuite>
  <testsuite name="checks" timestamp="2023-05-09T07:39:49Z" hostname="c0b23959a4b9" tests="8" skipped="0" failures="0" errors="0" time="0.029">
    <testcase time="0.00700000000000145" classname="checks" name="check_all_colnames_works_as_expected"/>
    <testcase time="0.00399999999999956" classname="checks" name="check_all_colnames_works_as_expected"/>
    <testcase time="0.000999999999999446" classname="checks" name="check_all_colnames_works_as_expected"/>
    <testcase time="0.00399999999999956" classname="checks" name="check_all_colnames_works_as_expected"/>
    <testcase time="0.00400000000000134" classname="checks" name="check_one_colnames_works_as_expected"/>
    <testcase time="0.00399999999999956" classname="checks" name="check_one_colnames_works_as_expected"/>
    <testcase time="0.000999999999999446" classname="checks" name="check_one_colnames_works_as_expected"/>
    <testcase time="0.00399999999999956" classname="checks" name="check_one_colnames_works_as_expected"/>
  </testsuite>
  <testsuite name="chevron_tlg-class" timestamp="2023-05-09T07:39:49Z" hostname="c0b23959a4b9" tests="24" skipped="0" failures="0" errors="0" time="0.086">
    <testcase time="0.00900000000000034" classname="chevron_tlg_class" name="chevron_t_object_can_be_constructed_with_default_values"/>
    <testcase time="0.00300000000000011" classname="chevron_tlg_class" name="chevron_t_object_can_be_constructed_with_default_values"/>
    <testcase time="0.00600000000000023" classname="chevron_tlg_class" name="chevron_t_object_can_be_constructed_with_custom_values"/>
    <testcase time="0.00399999999999956" classname="chevron_tlg_class" name="chevron_t_object_can_be_constructed_with_custom_values"/>
    <testcase time="0.00300000000000011" classname="chevron_tlg_class" name="chevron_t_object_can_be_constructed_with_custom_values"/>
    <testcase time="0.00400000000000134" classname="chevron_tlg_class" name="chevron_t_object_can_be_constructed_with_custom_values"/>
    <testcase time="0.00599999999999845" classname="chevron_tlg_class" name="chevron_t_constructor_returns_an_error_when_expected"/>
    <testcase time="0.00100000000000122" classname="chevron_tlg_class" name="chevron_t_constructor_returns_an_error_when_expected"/>
    <testcase time="0.000999999999999446" classname="chevron_tlg_class" name="chevron_t_constructor_returns_an_error_when_expected"/>
    <testcase time="0.000999999999999446" classname="chevron_tlg_class" name="chevron_t_constructor_returns_an_error_when_expected"/>
    <testcase time="0.00100000000000122" classname="chevron_tlg_class" name="chevron_t_constructor_returns_an_error_when_expected"/>
    <testcase time="0.000999999999999446" classname="chevron_tlg_class" name="chevron_t_constructor_returns_an_error_when_expected"/>
    <testcase time="0.00600000000000023" classname="chevron_tlg_class" name="chevron_l_object_can_be_constructed_with_default_values"/>
    <testcase time="0.00399999999999956" classname="chevron_tlg_class" name="chevron_l_object_can_be_constructed_with_default_values"/>
    <testcase time="0.00600000000000023" classname="chevron_tlg_class" name="chevron_g_object_can_be_constructed_with_custom_values"/>
    <testcase time="0.00399999999999956" classname="chevron_tlg_class" name="chevron_g_object_can_be_constructed_with_custom_values"/>
    <testcase time="0.00200000000000067" classname="chevron_tlg_class" name="chevron_g_object_can_be_constructed_with_custom_values"/>
    <testcase time="0.0120000000000005" classname="chevron_tlg_class" name="chevron_g_object_can_be_constructed_with_custom_values"/>
    <testcase time="0.00599999999999845" classname="chevron_tlg_class" name="chevron_g_constructor_returns_an_error_when_expected"/>
    <testcase time="0.00100000000000122" classname="chevron_tlg_class" name="chevron_g_constructor_returns_an_error_when_expected"/>
    <testcase time="0.000999999999999446" classname="chevron_tlg_class" name="chevron_g_constructor_returns_an_error_when_expected"/>
    <testcase time="0.00200000000000067" classname="chevron_tlg_class" name="chevron_g_constructor_returns_an_error_when_expected"/>
    <testcase time="0.000999999999999446" classname="chevron_tlg_class" name="chevron_g_constructor_returns_an_error_when_expected"/>
    <testcase time="0.000999999999999446" classname="chevron_tlg_class" name="chevron_g_constructor_returns_an_error_when_expected"/>
  </testsuite>
  <testsuite name="chevron_tlg-methods" timestamp="2023-05-09T07:39:50Z" hostname="c0b23959a4b9" tests="46" skipped="4" failures="0" errors="0" time="3.051">
    <testcase time="2.404" classname="chevron_tlg_methods" name="run_works_as_expected_for_chevron_t_object">
      <skipped message="Reason: On CRAN ('test-chevron_tlg-methods.R:5:3')"/>
    </testcase>
    <testcase time="0.0150000000000006" classname="chevron_tlg_methods" name="run_returns_a_warning_if_provided_with_invalid_arguments"/>
    <testcase time="0.402000000000001" classname="chevron_tlg_methods" name="run_works_as_expected_for_chevron_t_object_when_auto_pre_FALSE">
      <skipped message="Reason: On CRAN ('test-chevron_tlg-methods.R:17:3')"/>
    </testcase>
    <testcase time="0.0129999999999999" classname="chevron_tlg_methods" name="args_ls_works_as_expected"/>
    <testcase time="0.000999999999999446" classname="chevron_tlg_methods" name="args_ls_works_as_expected"/>
    <testcase time="0.000999999999999446" classname="chevron_tlg_methods" name="args_ls_works_as_expected"/>
    <testcase time="0.00500000000000078" classname="chevron_tlg_methods" name="args_ls_works_as_expected_when_simplify_is_TRUE"/>
    <testcase time="0.000999999999999446" classname="chevron_tlg_methods" name="args_ls_works_as_expected_when_simplify_is_TRUE"/>
    <testcase time="0.000999999999999446" classname="chevron_tlg_methods" name="args_ls_works_as_expected_when_simplify_is_TRUE"/>
    <testcase time="0.00500000000000078" classname="chevron_tlg_methods" name="args_ls_works_as_expected_with_custom_chevron_tlg_object"/>
    <testcase time="0.000999999999999446" classname="chevron_tlg_methods" name="args_ls_works_as_expected_with_custom_chevron_tlg_object"/>
    <testcase time="0.00100000000000122" classname="chevron_tlg_methods" name="args_ls_works_as_expected_with_custom_chevron_tlg_object"/>
    <testcase time="0.00300000000000011" classname="chevron_tlg_methods" name="args_ls_works_as_expected_with_custom_chevron_tlg_object"/>
    <testcase time="0.00599999999999845" classname="chevron_tlg_methods" name="main_works_as_expected"/>
    <testcase time="0.00900000000000034" classname="chevron_tlg_methods" name="get_main_works_as_expected"/>
    <testcase time="0.00300000000000011" classname="chevron_tlg_methods" name="get_main_works_as_expected"/>
    <testcase time="0.00699999999999967" classname="chevron_tlg_methods" name="main_setter_works_as_expected"/>
    <testcase time="0.011000000000001" classname="chevron_tlg_methods" name="main_setter_throw_an_error_as_expected"/>
    <testcase time="0.00699999999999967" classname="chevron_tlg_methods" name="preprocess_works_as_expected"/>
    <testcase time="0.00799999999999912" classname="chevron_tlg_methods" name="get_preprocess_works_as_expected"/>
    <testcase time="0.00300000000000011" classname="chevron_tlg_methods" name="get_preprocess_works_as_expected"/>
    <testcase time="0.00700000000000145" classname="chevron_tlg_methods" name="preprocess_setter_works_as_expected"/>
    <testcase time="0.0109999999999992" classname="chevron_tlg_methods" name="preprocess_sends_an_error_as_expected"/>
    <testcase time="0.00600000000000023" classname="chevron_tlg_methods" name="postprocess_works_as_expected"/>
    <testcase time="0.00799999999999912" classname="chevron_tlg_methods" name="get_postprocess_works_as_expected"/>
    <testcase time="0.00300000000000011" classname="chevron_tlg_methods" name="get_postprocess_works_as_expected"/>
    <testcase time="0.00699999999999967" classname="chevron_tlg_methods" name="postprocess_setter_works_as_expected"/>
    <testcase time="0.0170000000000012" classname="chevron_tlg_methods" name="postprocess_sends_an_error_as_expected"/>
    <testcase time="0.00699999999999967" classname="chevron_tlg_methods" name="datasets_works_as_expected"/>
    <testcase time="0.00799999999999912" classname="chevron_tlg_methods" name="get_adam_datasets_works_as_expected"/>
    <testcase time="0.00300000000000011" classname="chevron_tlg_methods" name="get_adam_datasets_works_as_expected"/>
    <testcase time="0.00700000000000145" classname="chevron_tlg_methods" name="datasets_setter_works_as_expected"/>
    <testcase time="0.00499999999999901" classname="chevron_tlg_methods" name="script_works_as_expected"/>
    <testcase time="0.00200000000000067" classname="chevron_tlg_methods" name="script_works_as_expected"/>
    <testcase time="0.000999999999999446" classname="chevron_tlg_methods" name="script_works_as_expected"/>
    <testcase time="0.00500000000000078" classname="chevron_tlg_methods" name="script_works_as_expected_with_dictionary_of_arguments"/>
    <testcase time="0.000999999999999446" classname="chevron_tlg_methods" name="script_works_as_expected_with_dictionary_of_arguments"/>
    <testcase time="0.00200000000000067" classname="chevron_tlg_methods" name="script_works_as_expected_with_dictionary_of_arguments"/>
    <testcase time="0.000999999999999446" classname="chevron_tlg_methods" name="script_works_as_expected_with_dictionary_of_arguments"/>
    <testcase time="0.00399999999999956" classname="chevron_tlg_methods" name="script_funs_works_as_expected_in_interactive_mode">
      <skipped message="Reason: !interactive() is TRUE ('test-chevron_tlg-methods.R:200:3')"/>
    </testcase>
    <testcase time="0.0129999999999999" classname="chevron_tlg_methods" name="script_funs_works_as_expected_in_non_interactive_mode"/>
    <testcase time="0.00500000000000078" classname="chevron_tlg_methods" name="script_funs_works_as_expected_in_non_interactive_mode">
      <skipped message="Reason: On CRAN ('test-chevron_tlg-methods.R:208:3')"/>
    </testcase>
    <testcase time="0.0119999999999987" classname="chevron_tlg_methods" name="script_funs_works_as_expected"/>
    <testcase time="0.00200000000000067" classname="chevron_tlg_methods" name="script_funs_works_as_expected"/>
    <testcase time="0.00500000000000078" classname="chevron_tlg_methods" name="script_funs_works_as_expected_with_details_set_to_TRUE"/>
    <testcase time="0.00199999999999889" classname="chevron_tlg_methods" name="script_funs_works_as_expected_with_details_set_to_TRUE"/>
  </testsuite>
  <testsuite name="cmt01a" timestamp="2023-05-09T07:39:53Z" hostname="c0b23959a4b9" tests="12" skipped="6" failures="0" errors="0" time="2.714">
    <testcase time="0.140000000000001" classname="cmt01a" name="cmt01a_can_handle_all_NA_values"/>
    <testcase time="0.0419999999999998" classname="cmt01a" name="cmt01a_can_handle_all_NA_values">
      <skipped message="Reason: On CRAN ('test-cmt01a.R:10:3')"/>
    </testcase>
    <testcase time="0.584" classname="cmt01a" name="cmt01a_can_handle_some_NA_values"/>
    <testcase time="0.152000000000001" classname="cmt01a" name="cmt01a_can_handle_some_NA_values">
      <skipped message="Reason: On CRAN ('test-cmt01a.R:25:3')"/>
    </testcase>
    <testcase time="0.145" classname="cmt01a" name="cmt01a_2_can_handle_all_NA_values"/>
    <testcase time="0.0340000000000007" classname="cmt01a" name="cmt01a_2_can_handle_all_NA_values">
      <skipped message="Reason: On CRAN ('test-cmt01a.R:37:3')"/>
    </testcase>
    <testcase time="0.579999999999998" classname="cmt01a" name="cmt01a_2_can_handle_some_NA_values"/>
    <testcase time="0.153000000000002" classname="cmt01a" name="cmt01a_2_can_handle_some_NA_values">
      <skipped message="Reason: On CRAN ('test-cmt01a.R:52:3')"/>
    </testcase>
    <testcase time="0.140999999999998" classname="cmt01a" name="cmt01a_3_can_handle_all_NA_values"/>
    <testcase time="0.032" classname="cmt01a" name="cmt01a_3_can_handle_all_NA_values">
      <skipped message="Reason: On CRAN ('test-cmt01a.R:64:3')"/>
    </testcase>
    <testcase time="0.579000000000001" classname="cmt01a" name="cmt01a_3_can_handle_some_NA_values"/>
    <testcase time="0.132000000000001" classname="cmt01a" name="cmt01a_3_can_handle_some_NA_values">
      <skipped message="Reason: On CRAN ('test-cmt01a.R:79:3')"/>
    </testcase>
  </testsuite>
  <testsuite name="cmt02_pt" timestamp="2023-05-09T07:39:55Z" hostname="c0b23959a4b9" tests="4" skipped="2" failures="0" errors="0" time="0.342">
    <testcase time="0.113" classname="cmt02_pt" name="cmt02_pt_1_can_handle_all_NA_values"/>
    <testcase time="0.036999999999999" classname="cmt02_pt" name="cmt02_pt_1_can_handle_all_NA_values">
      <skipped message="Reason: On CRAN ('test-cmt02_pt.R:10:3')"/>
    </testcase>
    <testcase time="0.138999999999999" classname="cmt02_pt" name="cmt02_pt_1_can_handle_some_NA_values"/>
    <testcase time="0.0530000000000008" classname="cmt02_pt" name="cmt02_pt_1_can_handle_some_NA_values">
      <skipped message="Reason: On CRAN ('test-cmt02_pt.R:25:3')"/>
    </testcase>
  </testsuite>
  <testsuite name="default_tlg" timestamp="2023-05-09T07:39:56Z" hostname="c0b23959a4b9" tests="41" skipped="41" failures="0" errors="0" time="34.187">
    <testcase time="0.419" classname="default_tlg" name="aet01_1_function_with_default_argument_value_return_expected_result_with_test_data">
      <skipped message="Reason: On CRAN ('test-default_tlg.R:5:3')"/>
    </testcase>
    <testcase time="0.451999999999998" classname="default_tlg" name="aet01_2_functions_with_default_argument_value_return_expected_result_with_test_data">
      <skipped message="Reason: On CRAN ('test-default_tlg.R:12:3')"/>
    </testcase>
    <testcase time="0.299000000000003" classname="default_tlg" name="aet01_aesi_1_function_with_default_argument_value_return_expected_result_with_test_data">
      <skipped message="Reason: On CRAN ('test-default_tlg.R:19:3')"/>
    </testcase>
    <testcase time="0.0359999999999978" classname="default_tlg" name="ael01_nollt_1_function_with_default_argument_value_return_expected_result_with_test_data">
      <skipped message="Reason: On CRAN ('test-default_tlg.R:26:3')"/>
    </testcase>
    <testcase time="0.560000000000002" classname="default_tlg" name="aet02_1_functions_with_default_argument_value_return_expected_result_with_test_data">
      <skipped message="Reason: On CRAN ('test-default_tlg.R:33:3')"/>
    </testcase>
    <testcase time="1.011" classname="default_tlg" name="aet02_2_functions_with_default_argument_value_return_expected_result_with_test_data">
      <skipped message="Reason: On CRAN ('test-default_tlg.R:40:3')"/>
    </testcase>
    <testcase time="0.251999999999999" classname="default_tlg" name="aet02_3_functions_with_default_argument_value_return_expected_result_with_test_data">
      <skipped message="Reason: On CRAN ('test-default_tlg.R:47:3')"/>
    </testcase>
    <testcase time="1.503" classname="default_tlg" name="aet03_1_functions_with_default_argument_value_return_expected_result_with_test_data">
      <skipped message="Reason: On CRAN ('test-default_tlg.R:54:3')"/>
    </testcase>
    <testcase time="2.317" classname="default_tlg" name="aet04_1_functions_with_default_argument_value_return_expected_result_with_test_data">
      <skipped message="Reason: On CRAN ('test-default_tlg.R:61:3')"/>
    </testcase>
    <testcase time="0.145999999999997" classname="default_tlg" name="aet10_1_functions_with_default_argument_value_return_expected_result_with_test_data">
      <skipped message="Reason: On CRAN ('test-default_tlg.R:68:3')"/>
    </testcase>
    <testcase time="0.700000000000003" classname="default_tlg" name="cmt01a_1_functions_with_default_argument_value_return_expected_result_with_test_data">
      <skipped message="Reason: On CRAN ('test-default_tlg.R:75:3')"/>
    </testcase>
    <testcase time="0.725999999999999" classname="default_tlg" name="cmt01a_2_functions_with_default_argument_value_return_expected_result_with_test_data">
      <skipped message="Reason: On CRAN ('test-default_tlg.R:82:3')"/>
    </testcase>
    <testcase time="0.645" classname="default_tlg" name="cmt01a_3_functions_with_default_argument_value_return_expected_result_with_test_data">
      <skipped message="Reason: On CRAN ('test-default_tlg.R:89:3')"/>
    </testcase>
    <testcase time="0.196000000000002" classname="default_tlg" name="cmt02_pt_1_functions_with_default_argument_value_return_expected_result_with_test_data">
      <skipped message="Reason: On CRAN ('test-default_tlg.R:96:3')"/>
    </testcase>
    <testcase time="0.388999999999999" classname="default_tlg" name="dmt01_1_functions_with_default_argument_value_return_expected_result_with_test_data">
      <skipped message="Reason: On CRAN ('test-default_tlg.R:103:3')"/>
    </testcase>
    <testcase time="0.315999999999999" classname="default_tlg" name="dst01_1_functions_with_default_argument_value_return_expected_result_with_test_data">
      <skipped message="Reason: On CRAN ('test-default_tlg.R:110:3')"/>
    </testcase>
    <testcase time="0.439" classname="default_tlg" name="dst01_2_functions_with_default_argument_value_return_expected_result_with_test_data">
      <skipped message="Reason: On CRAN ('test-default_tlg.R:117:3')"/>
    </testcase>
    <testcase time="0.596" classname="default_tlg" name="dst01_3_functions_with_default_argument_value_return_expected_result_with_test_data">
      <skipped message="Reason: On CRAN ('test-default_tlg.R:124:3')"/>
    </testcase>
    <testcase time="0.138000000000002" classname="default_tlg" name="dtht01_1_functions_with_default_argument_value_return_expected_result_with_test_data">
      <skipped message="Reason: On CRAN ('test-default_tlg.R:131:3')"/>
    </testcase>
    <testcase time="2.551" classname="default_tlg" name="egt01_1_functions_with_default_argument_value_return_expected_result_with_test_data">
      <skipped message="Reason: On CRAN ('test-default_tlg.R:138:3')"/>
    </testcase>
    <testcase time="0.234000000000002" classname="default_tlg" name="egt02_1_functions_with_default_argument_value_return_expected_result_with_test_data">
      <skipped message="Reason: On CRAN ('test-default_tlg.R:145:3')"/>
    </testcase>
    <testcase time="0.200999999999997" classname="default_tlg" name="egt02_2_functions_with_default_argument_value_return_expected_result_with_test_data">
      <skipped message="Reason: On CRAN ('test-default_tlg.R:152:3')"/>
    </testcase>
    <testcase time="0.323999999999998" classname="default_tlg" name="egt03_1_functions_with_default_argument_value_return_expected_result_with_test_data">
      <skipped message="Reason: On CRAN ('test-default_tlg.R:159:3')"/>
    </testcase>
    <testcase time="0.305000000000007" classname="default_tlg" name="egt03_2_functions_with_default_argument_value_return_expected_result_with_test_data">
      <skipped message="Reason: On CRAN ('test-default_tlg.R:166:3')"/>
    </testcase>
    <testcase time="0.719999999999999" classname="default_tlg" name="egt05_qtcat_1_functions_with_default_argument_value_return_expected_result_with_test_data">
      <skipped message="Reason: On CRAN ('test-default_tlg.R:173:3')"/>
    </testcase>
    <testcase time="0.195" classname="default_tlg" name="ext01_1_functions_with_default_argument_value_return_expected_result_with_test_data">
      <skipped message="Reason: On CRAN ('test-default_tlg.R:180:3')"/>
    </testcase>
    <testcase time="0.333999999999996" classname="default_tlg" name="ext01_2_functions_with_default_argument_value_return_expected_result_with_test_data">
      <skipped message="Reason: On CRAN ('test-default_tlg.R:187:3')"/>
    </testcase>
    <testcase time="1.73" classname="default_tlg" name="lbt01_1_functions_with_default_argument_value_return_expected_result_with_test_data">
      <skipped message="Reason: On CRAN ('test-default_tlg.R:194:3')"/>
    </testcase>
    <testcase time="0.484999999999999" classname="default_tlg" name="lbt04_1_functions_with_default_argument_value_return_expected_result_with_test_data">
      <skipped message="Reason: On CRAN ('test-default_tlg.R:201:3')"/>
    </testcase>
    <testcase time="0.497" classname="default_tlg" name="lbt05_1_functions_with_default_argument_value_return_expected_result_with_test_data">
      <skipped message="Reason: On CRAN ('test-default_tlg.R:208:3')"/>
    </testcase>
    <testcase time="0.722000000000001" classname="default_tlg" name="lbt07_1_functions_with_default_argument_value_return_expected_result_with_test_data">
      <skipped message="Reason: On CRAN ('test-default_tlg.R:215:3')"/>
    </testcase>
    <testcase time="1.56" classname="default_tlg" name="lbt14_1_functions_with_default_argument_value_return_expected_result_with_test_data">
      <skipped message="Reason: On CRAN ('test-default_tlg.R:222:3')"/>
    </testcase>
    <testcase time="1.75" classname="default_tlg" name="lbt14_2_functions_with_default_argument_value_return_expected_result_with_test_data">
      <skipped message="Reason: On CRAN ('test-default_tlg.R:229:3')"/>
    </testcase>
    <testcase time="0.362000000000002" classname="default_tlg" name="mht01_1_functions_with_default_argument_value_return_expected_result_with_test_data">
      <skipped message="Reason: On CRAN ('test-default_tlg.R:236:3')"/>
    </testcase>
    <testcase time="0.326000000000001" classname="default_tlg" name="pdt01_1_function_with_default_argument_value_return_expected_result_with_test_data">
      <skipped message="Reason: On CRAN ('test-default_tlg.R:243:3')"/>
    </testcase>
    <testcase time="0.161000000000001" classname="default_tlg" name="pdt02_1_function_with_default_argument_value_return_expected_result_with_test_data">
      <skipped message="Reason: On CRAN ('test-default_tlg.R:250:3')"/>
    </testcase>
    <testcase time="0.150999999999996" classname="default_tlg" name="rmpt01_1_function_with_default_argument_value_return_expected_result_with_test_data">
      <skipped message="Reason: On CRAN ('test-default_tlg.R:257:3')"/>
    </testcase>
    <testcase time="4.825" classname="default_tlg" name="vst01_1_functions_with_default_argument_value_return_expected_result_with_test_data">
      <skipped message="Reason: On CRAN ('test-default_tlg.R:264:3')"/>
    </testcase>
    <testcase time="4.919" classname="default_tlg" name="vst01_1_functions_with_default_argument_value_return_expected_result_with_test_data">
      <skipped message="Reason: On CRAN ('test-default_tlg.R:271:3')"/>
    </testcase>
    <testcase time="0.350000000000001" classname="default_tlg" name="vst02_1_functions_with_default_argument_value_return_expected_result_with_test_data">
      <skipped message="Reason: On CRAN ('test-default_tlg.R:278:3')"/>
    </testcase>
    <testcase time="0.344999999999999" classname="default_tlg" name="vst02_2_functions_with_default_argument_value_return_expected_result_with_test_data">
      <skipped message="Reason: On CRAN ('test-default_tlg.R:285:3')"/>
    </testcase>
  </testsuite>
  <testsuite name="dmt01" timestamp="2023-05-09T07:40:30Z" hostname="c0b23959a4b9" tests="4" skipped="2" failures="0" errors="0" time="0.733">
    <testcase time="0.266000000000005" classname="dmt01" name="dmt01_1_can_handle_NA_values"/>
    <testcase time="0.0869999999999962" classname="dmt01" name="dmt01_1_can_handle_NA_values">
      <skipped message="Reason: On CRAN ('test-dmt01.R:10:3')"/>
    </testcase>
    <testcase time="0.277999999999999" classname="dmt01" name="dmt01_1_can_handle_some_NA_values"/>
    <testcase time="0.102000000000004" classname="dmt01" name="dmt01_1_can_handle_some_NA_values">
      <skipped message="Reason: On CRAN ('test-dmt01.R:22:3')"/>
    </testcase>
  </testsuite>
  <testsuite name="dst01" timestamp="2023-05-09T07:40:31Z" hostname="c0b23959a4b9" tests="26" skipped="13" failures="0" errors="0" time="4.724">
    <testcase time="0.216000000000001" classname="dst01" name="dst01_can_handle_all_NA_values"/>
    <testcase time="0.0379999999999967" classname="dst01" name="dst01_can_handle_all_NA_values">
      <skipped message="Reason: On CRAN ('test-dst01.R:12:3')"/>
    </testcase>
    <testcase time="0.228000000000002" classname="dst01" name="dst01_1_can_handle_all_NA_values_in_disc_reason_var"/>
    <testcase time="0.0360000000000014" classname="dst01" name="dst01_1_can_handle_all_NA_values_in_disc_reason_var">
      <skipped message="Reason: On CRAN ('test-dst01.R:23:3')"/>
    </testcase>
    <testcase time="0.271000000000001" classname="dst01" name="dst01_1_can_handle_some_NA_values"/>
    <testcase time="0.0589999999999975" classname="dst01" name="dst01_1_can_handle_some_NA_values">
      <skipped message="Reason: On CRAN ('test-dst01.R:35:3')"/>
    </testcase>
    <testcase time="0.246000000000002" classname="dst01" name="dst01_1_can_handle_missing_levels_in_status_var"/>
    <testcase time="0.0329999999999941" classname="dst01" name="dst01_1_can_handle_missing_levels_in_status_var">
      <skipped message="Reason: On CRAN ('test-dst01.R:46:3')"/>
    </testcase>
    <testcase time="0.223000000000006" classname="dst01" name="dst01_1_can_handle_missing_levels_in_disc_reason_var"/>
    <testcase time="0.0519999999999996" classname="dst01" name="dst01_1_can_handle_missing_levels_in_disc_reason_var">
      <skipped message="Reason: On CRAN ('test-dst01.R:57:3')"/>
    </testcase>
    <testcase time="0.186999999999998" classname="dst01" name="dst01_2_can_handle_all_NA_values"/>
    <testcase time="0.0300000000000011" classname="dst01" name="dst01_2_can_handle_all_NA_values">
      <skipped message="Reason: On CRAN ('test-dst01.R:72:3')"/>
    </testcase>
    <testcase time="0.196999999999996" classname="dst01" name="dst01_2_can_handle_all_NA_values_in_disc_reason_var"/>
    <testcase time="0.0399999999999991" classname="dst01" name="dst01_2_can_handle_all_NA_values_in_disc_reason_var">
      <skipped message="Reason: On CRAN ('test-dst01.R:83:3')"/>
    </testcase>
    <testcase time="0.363000000000007" classname="dst01" name="dst01_2_can_handle_some_NA_values"/>
    <testcase time="0.0789999999999935" classname="dst01" name="dst01_2_can_handle_some_NA_values">
      <skipped message="Reason: On CRAN ('test-dst01.R:95:3')"/>
    </testcase>
    <testcase time="0.251000000000005" classname="dst01" name="dst01_2_can_handle_missing_levels_in_disc_reason_var"/>
    <testcase time="0.0429999999999993" classname="dst01" name="dst01_2_can_handle_missing_levels_in_disc_reason_var">
      <skipped message="Reason: On CRAN ('test-dst01.R:106:3')"/>
    </testcase>
    <testcase time="0.327999999999996" classname="dst01" name="dst01_3_can_handle_all_NA_values"/>
    <testcase time="0.0290000000000035" classname="dst01" name="dst01_3_can_handle_all_NA_values">
      <skipped message="Reason: On CRAN ('test-dst01.R:121:3')"/>
    </testcase>
    <testcase time="0.503" classname="dst01" name="dst01_3_can_handle_all_NA_values_in_status_treatment_var"/>
    <testcase time="0.0679999999999978" classname="dst01" name="dst01_3_can_handle_all_NA_values_in_status_treatment_var">
      <skipped message="Reason: On CRAN ('test-dst01.R:132:3')"/>
    </testcase>
    <testcase time="0.527999999999999" classname="dst01" name="dst01_3_can_handle_some_NA_values_in_status_treatment_var"/>
    <testcase time="0.0790000000000006" classname="dst01" name="dst01_3_can_handle_some_NA_values_in_status_treatment_var">
      <skipped message="Reason: On CRAN ('test-dst01.R:143:3')"/>
    </testcase>
    <testcase time="0.525000000000006" classname="dst01" name="dst01_3_can_handle_missing_levels_in_status_treatment_var"/>
    <testcase time="0.0719999999999956" classname="dst01" name="dst01_3_can_handle_missing_levels_in_status_treatment_var">
      <skipped message="Reason: On CRAN ('test-dst01.R:154:3')"/>
    </testcase>
  </testsuite>
  <testsuite name="dtht01" timestamp="2023-05-09T07:40:35Z" hostname="c0b23959a4b9" tests="5" skipped="3" failures="0" errors="0" time="1.174">
    <testcase time="0.259999999999998" classname="dtht01" name="dtht01_can_handle_all_NA_values"/>
    <testcase time="0.034000000000006" classname="dtht01" name="dtht01_can_handle_all_NA_values">
      <skipped message="Reason: On CRAN ('test-dtht01.R:12:3')"/>
    </testcase>
    <testcase time="0.350999999999999" classname="dtht01" name="dtht01_can_handle_some_NA_values"/>
    <testcase time="0.0929999999999964" classname="dtht01" name="dtht01_can_handle_some_NA_values">
      <skipped message="Reason: On CRAN ('test-dtht01.R:27:3')"/>
    </testcase>
    <testcase time="0.436" classname="dtht01" name="dtht01_can_be_parametrize_as_expected">
      <skipped message="Reason: On CRAN ('test-dtht01.R:38:3')"/>
    </testcase>
  </testsuite>
  <testsuite name="egt03" timestamp="2023-05-09T07:40:36Z" hostname="c0b23959a4b9" tests="9" skipped="4" failures="0" errors="0" time="1.31">
    <testcase time="0.248000000000005" classname="egt03" name="egt03_1_can_handle_all_NA_values"/>
    <testcase time="0.0820000000000007" classname="egt03" name="egt03_1_can_handle_all_NA_values">
      <skipped message="Reason: On CRAN ('test-egt03.R:11:3')"/>
    </testcase>
    <testcase time="0.244" classname="egt03" name="egt03_1_can_handle_some_NA_values"/>
    <testcase time="0.0700000000000003" classname="egt03" name="egt03_1_can_handle_some_NA_values">
      <skipped message="Reason: On CRAN ('test-egt03.R:29:3')"/>
    </testcase>
    <testcase time="0.241999999999997" classname="egt03" name="egt03_2_can_handle_all_NA_values"/>
    <testcase time="0.0859999999999985" classname="egt03" name="egt03_2_can_handle_all_NA_values">
      <skipped message="Reason: On CRAN ('test-egt03.R:42:3')"/>
    </testcase>
    <testcase time="0.247" classname="egt03" name="egt03_2_can_handle_some_NA_values"/>
    <testcase time="0.0690000000000026" classname="egt03" name="egt03_2_can_handle_some_NA_values">
      <skipped message="Reason: On CRAN ('test-egt03.R:57:3')"/>
    </testcase>
    <testcase time="0.0219999999999985" classname="egt03" name="egt03_1_fails_on_incomplete_data"/>
  </testsuite>
  <testsuite name="egt05_qtcat" timestamp="2023-05-09T07:40:38Z" hostname="c0b23959a4b9" tests="4" skipped="2" failures="0" errors="0" time="0.824">
    <testcase time="0.0859999999999985" classname="egt05_qtcat" name="egt05_qtcat_can_handle_all_NA_values"/>
    <testcase time="0.0150000000000006" classname="egt05_qtcat" name="egt05_qtcat_can_handle_all_NA_values">
      <skipped message="Reason: On CRAN ('test-egt05_qtcat.R:11:3')"/>
    </testcase>
    <testcase time="0.512" classname="egt05_qtcat" name="egt05_qtcat_can_handle_some_NA_values"/>
    <testcase time="0.210999999999999" classname="egt05_qtcat" name="egt05_qtcat_can_handle_some_NA_values">
      <skipped message="Reason: On CRAN ('test-egt05_qtcat.R:31:3')"/>
    </testcase>
  </testsuite>
  <testsuite name="empty_report" timestamp="2023-05-09T07:40:39Z" hostname="c0b23959a4b9" tests="34" skipped="0" failures="0" errors="0" time="5.11">
    <testcase time="1.537" classname="empty_report" name="tlg_functions_return_null_reports_when_domain_table_is_empty"/>
    <testcase time="0.380000000000003" classname="empty_report" name="tlg_functions_return_null_reports_when_domain_table_is_empty"/>
    <testcase time="0.200000000000003" classname="empty_report" name="tlg_functions_return_null_reports_when_domain_table_is_empty"/>
    <testcase time="0.097999999999999" classname="empty_report" name="tlg_functions_return_null_reports_when_domain_table_is_empty"/>
    <testcase time="0.080999999999996" classname="empty_report" name="tlg_functions_return_null_reports_when_domain_table_is_empty"/>
    <testcase time="0.078000000000003" classname="empty_report" name="tlg_functions_return_null_reports_when_domain_table_is_empty"/>
    <testcase time="0.0869999999999962" classname="empty_report" name="tlg_functions_return_null_reports_when_domain_table_is_empty"/>
    <testcase time="0.117000000000004" classname="empty_report" name="tlg_functions_return_null_reports_when_domain_table_is_empty"/>
    <testcase time="0.070999999999998" classname="empty_report" name="tlg_functions_return_null_reports_when_domain_table_is_empty"/>
    <testcase time="0.088000000000001" classname="empty_report" name="tlg_functions_return_null_reports_when_domain_table_is_empty"/>
    <testcase time="0.0700000000000003" classname="empty_report" name="tlg_functions_return_null_reports_when_domain_table_is_empty"/>
    <testcase time="0.0720000000000027" classname="empty_report" name="tlg_functions_return_null_reports_when_domain_table_is_empty"/>
    <testcase time="0.0789999999999935" classname="empty_report" name="tlg_functions_return_null_reports_when_domain_table_is_empty"/>
    <testcase time="0.151000000000003" classname="empty_report" name="tlg_functions_return_null_reports_when_domain_table_is_empty"/>
    <testcase time="0.126999999999995" classname="empty_report" name="tlg_functions_return_null_reports_when_domain_table_is_empty"/>
    <testcase time="0.189999999999998" classname="empty_report" name="tlg_functions_return_null_reports_when_domain_table_is_empty"/>
    <testcase time="0.0880000000000081" classname="empty_report" name="tlg_functions_return_null_reports_when_domain_table_is_empty"/>
    <testcase time="0.0589999999999975" classname="empty_report" name="tlg_functions_return_null_reports_when_domain_table_is_empty"/>
    <testcase time="0.0460000000000065" classname="empty_report" name="tlg_functions_return_null_reports_when_domain_table_is_empty"/>
    <testcase time="0.0369999999999919" classname="empty_report" name="tlg_functions_return_null_reports_when_domain_table_is_empty"/>
    <testcase time="0.0330000000000013" classname="empty_report" name="tlg_functions_return_null_reports_when_domain_table_is_empty"/>
    <testcase time="0.0319999999999965" classname="empty_report" name="tlg_functions_return_null_reports_when_domain_table_is_empty"/>
    <testcase time="0.0520000000000067" classname="empty_report" name="tlg_functions_return_null_reports_when_domain_table_is_empty"/>
    <testcase time="0.0429999999999922" classname="empty_report" name="tlg_functions_return_null_reports_when_domain_table_is_empty"/>
    <testcase time="0.550000000000011" classname="empty_report" name="tlg_functions_return_null_reports_when_domain_table_is_empty"/>
    <testcase time="0.0489999999999924" classname="empty_report" name="tlg_functions_return_null_reports_when_domain_table_is_empty"/>
    <testcase time="0.358000000000004" classname="empty_report" name="tlg_functions_return_null_reports_when_domain_table_is_empty"/>
    <testcase time="0.0679999999999978" classname="empty_report" name="tlg_functions_return_null_reports_when_domain_table_is_empty"/>
    <testcase time="0.0660000000000025" classname="empty_report" name="tlg_functions_return_null_reports_when_domain_table_is_empty"/>
    <testcase time="0.0649999999999977" classname="empty_report" name="tlg_functions_return_null_reports_when_domain_table_is_empty"/>
    <testcase time="0.046999999999997" classname="empty_report" name="tlg_functions_return_null_reports_when_domain_table_is_empty"/>
    <testcase time="0.0370000000000061" classname="empty_report" name="tlg_functions_return_null_reports_when_domain_table_is_empty"/>
    <testcase time="0.0379999999999967" classname="empty_report" name="tlg_functions_return_null_reports_when_domain_table_is_empty"/>
    <testcase time="0.0160000000000053" classname="empty_report" name="tlg_functions_return_null_reports_when_domain_table_is_empty"/>
  </testsuite>
  <testsuite name="ext01" timestamp="2023-05-09T07:40:44Z" hostname="c0b23959a4b9" tests="3" skipped="2" failures="0" errors="0" time="0.422">
    <testcase time="0.150999999999996" classname="ext01" name="ext01_works"/>
    <testcase time="0.0459999999999923" classname="ext01" name="ext01_works">
      <skipped message="Reason: On CRAN ('test-ext01.R:5:3')"/>
    </testcase>
    <testcase time="0.225000000000009" classname="ext01" name="ext02_1_works_for_selected_parameters">
      <skipped message="Reason: On CRAN ('test-ext01.R:17:3')"/>
    </testcase>
  </testsuite>
  <testsuite name="kmg01" timestamp="2023-05-09T07:40:44Z" hostname="c0b23959a4b9" tests="6" skipped="0" failures="0" errors="0" time="1.858">
    <testcase time="0.019999999999996" classname="kmg01" name="kmg01_1_works_as_expected"/>
    <testcase time="0.399000000000001" classname="kmg01" name="kmg01_1_works_as_expected"/>
    <testcase time="0.350999999999999" classname="kmg01" name="kmg01_1_works_as_expected_with_custom_color_set"/>
    <testcase time="0.298000000000002" classname="kmg01" name="kmg01_1_works_as_expected_with_custom_color_set"/>
    <testcase time="0.293999999999997" classname="kmg01" name="kmg01_1_works_if_change_pvalue_ties_and_conf_level"/>
    <testcase time="0.496000000000009" classname="kmg01" name="kmg01_1_works_if_change_annotation_position"/>
  </testsuite>
  <testsuite name="lbt01" timestamp="2023-05-09T07:40:46Z" hostname="c0b23959a4b9" tests="2" skipped="1" failures="0" errors="0" time="1.342">
    <testcase time="1.18299999999999" classname="lbt01" name="lbt01_1_can_handle_n_0_and_outputs_NE_instead_of_infs_and_NAs"/>
    <testcase time="0.159000000000006" classname="lbt01" name="lbt01_1_can_handle_n_0_and_outputs_NE_instead_of_infs_and_NAs">
      <skipped message="Reason: On CRAN ('test-lbt01.R:10:3')"/>
    </testcase>
  </testsuite>
  <testsuite name="lbt04" timestamp="2023-05-09T07:40:47Z" hostname="c0b23959a4b9" tests="5" skipped="2" failures="0" errors="0" time="0.582">
    <testcase time="0.0749999999999886" classname="lbt04" name="lbt04_can_handle_all_NA_values"/>
    <testcase time="0.0240000000000009" classname="lbt04" name="lbt04_can_handle_all_NA_values">
      <skipped message="Reason: On CRAN ('test-lbt04.R:11:3')"/>
    </testcase>
    <testcase time="0.356999999999999" classname="lbt04" name="lbt04_can_handle_some_NA_values"/>
    <testcase time="0.104000000000013" classname="lbt04" name="lbt04_can_handle_some_NA_values">
      <skipped message="Reason: On CRAN ('test-lbt04.R:24:3')"/>
    </testcase>
    <testcase time="0.0219999999999914" classname="lbt04" name="lbt04_fails_on_incomlete_date"/>
  </testsuite>
  <testsuite name="lbt05" timestamp="2023-05-09T07:40:48Z" hostname="c0b23959a4b9" tests="4" skipped="1" failures="0" errors="0" time="0.815">
    <testcase time="0.346000000000004" classname="lbt05" name="lbt05_give_all_0_count_if_ANRIND_are_all_missing"/>
    <testcase time="0.346999999999994" classname="lbt05" name="lbt05_can_handle_some_NA_values"/>
    <testcase time="0.0949999999999989" classname="lbt05" name="lbt05_can_handle_some_NA_values">
      <skipped message="Reason: On CRAN ('test-lbt05.R:22:3')"/>
    </testcase>
    <testcase time="0.027000000000001" classname="lbt05" name="lbt05_fails_on_incomlete_date"/>
  </testsuite>
  <testsuite name="lbt07" timestamp="2023-05-09T07:40:49Z" hostname="c0b23959a4b9" tests="3" skipped="1" failures="0" errors="0" time="0.721">
    <testcase time="0.524000000000001" classname="lbt07" name="lbt07_can_handle_some_NA_values"/>
    <testcase time="0.129000000000005" classname="lbt07" name="lbt07_can_handle_some_NA_values">
      <skipped message="Reason: On CRAN ('test-lbt07.R:11:3')"/>
    </testcase>
    <testcase time="0.0679999999999978" classname="lbt07" name="lbt07_fails_on_incomlete_data"/>
  </testsuite>
  <testsuite name="lbt14" timestamp="2023-05-09T07:40:49Z" hostname="c0b23959a4b9" tests="12" skipped="6" failures="0" errors="0" time="9.335">
    <testcase time="1.247" classname="lbt14" name="lbt14_1_can_handle_all_NA_values"/>
    <testcase time="0.0570000000000022" classname="lbt14" name="lbt14_1_can_handle_all_NA_values">
      <skipped message="Reason: On CRAN ('test-lbt14.R:11:3')"/>
    </testcase>
    <testcase time="1.458" classname="lbt14" name="lbt14_1_can_handle_some_NA_values"/>
    <testcase time="0.269999999999996" classname="lbt14" name="lbt14_1_can_handle_some_NA_values">
      <skipped message="Reason: On CRAN ('test-lbt14.R:30:3')"/>
    </testcase>
    <testcase time="1.52300000000001" classname="lbt14" name="lbt14_1_can_accept_different_gr_missing">
      <skipped message="Reason: On CRAN ('test-lbt14.R:36:3')"/>
    </testcase>
    <testcase time="0.0219999999999914" classname="lbt14" name="lbt14_1_fails_on_incomlete_data"/>
    <testcase time="1.25700000000001" classname="lbt14" name="lbt14_2_can_handle_all_NA_values"/>
    <testcase time="0.046999999999997" classname="lbt14" name="lbt14_2_can_handle_all_NA_values">
      <skipped message="Reason: On CRAN ('test-lbt14.R:61:3')"/>
    </testcase>
    <testcase time="1.533" classname="lbt14" name="lbt14_2_can_handle_some_NA_values"/>
    <testcase time="0.311999999999998" classname="lbt14" name="lbt14_2_can_handle_some_NA_values">
      <skipped message="Reason: On CRAN ('test-lbt14.R:80:3')"/>
    </testcase>
    <testcase time="1.587" classname="lbt14" name="lbt14_2_can_accept_different_gr_missing">
      <skipped message="Reason: On CRAN ('test-lbt14.R:85:3')"/>
    </testcase>
    <testcase time="0.0219999999999914" classname="lbt14" name="lbt14_2_fails_on_incomlete_data"/>
  </testsuite>
  <testsuite name="mht01" timestamp="2023-05-09T07:40:59Z" hostname="c0b23959a4b9" tests="2" skipped="2" failures="0" errors="0" time="0.833">
    <testcase time="0.415000000000006" classname="mht01" name="mht01_1_works">
      <skipped message="Reason: On CRAN ('test-mht01.R:5:3')"/>
    </testcase>
    <testcase time="0.418000000000006" classname="mht01" name="mht01_1_works_on_NULL_in_lbl_mhbodsys_or_lbl_mhdecod">
      <skipped message="Reason: On CRAN ('test-mht01.R:10:3')"/>
    </testcase>
  </testsuite>
  <testsuite name="mng01" timestamp="2023-05-09T07:41:00Z" hostname="c0b23959a4b9" tests="6" skipped="0" failures="0" errors="0" time="6.755">
    <testcase time="1.13199999999999" classname="mng01" name="mng01_1_works_as_expected"/>
    <testcase time="1.122" classname="mng01" name="mng01_1_works_as_expected_with_custom_color_set"/>
    <testcase time="1.11800000000001" classname="mng01" name="mng01_1_works_as_expected_with_custom_color_set"/>
    <testcase time="1.11199999999999" classname="mng01" name="mng01_1_works_if_show_v_grid_show_h_grid_is_TRUE"/>
    <testcase time="1.125" classname="mng01" name="mng01_1_works_on_custom_color_with_named_line_col"/>
    <testcase time="1.146" classname="mng01" name="mng01_1_works_with_combination_of_x_variables"/>
  </testsuite>
  <testsuite name="pdt01" timestamp="2023-05-09T07:41:06Z" hostname="c0b23959a4b9" tests="4" skipped="2" failures="0" errors="0" time="0.556">
    <testcase time="0.114999999999995" classname="pdt01" name="pdt01_1_can_handle_all_NA_values"/>
    <testcase time="0.0320000000000107" classname="pdt01" name="pdt01_1_can_handle_all_NA_values">
      <skipped message="Reason: On CRAN ('test-pdt01.R:10:3')"/>
    </testcase>
    <testcase time="0.293999999999997" classname="pdt01" name="pdt01_1_can_handle_some_NA_values"/>
    <testcase time="0.114999999999995" classname="pdt01" name="pdt01_1_can_handle_some_NA_values">
      <skipped message="Reason: On CRAN ('test-pdt01.R:25:3')"/>
    </testcase>
  </testsuite>
  <testsuite name="pdt02" timestamp="2023-05-09T07:41:07Z" hostname="c0b23959a4b9" tests="4" skipped="2" failures="0" errors="0" time="0.41">
    <testcase time="0.138999999999996" classname="pdt02" name="pdt02_1_can_handle_all_NA_values"/>
    <testcase time="0.0330000000000013" classname="pdt02" name="pdt02_1_can_handle_all_NA_values">
      <skipped message="Reason: On CRAN ('test-pdt02.R:10:3')"/>
    </testcase>
    <testcase time="0.189999999999998" classname="pdt02" name="pdt02_1_can_handle_some_NA_values"/>
    <testcase time="0.0480000000000018" classname="pdt02" name="pdt02_1_can_handle_some_NA_values">
      <skipped message="Reason: On CRAN ('test-pdt02.R:25:3')"/>
    </testcase>
  </testsuite>
  <testsuite name="rmpt01" timestamp="2023-05-09T07:41:07Z" hostname="c0b23959a4b9" tests="6" skipped="2" failures="0" errors="0" time="0.425">
    <testcase time="0.158000000000001" classname="rmpt01" name="rmpt01_can_handle_NA_values"/>
    <testcase time="0.0330000000000013" classname="rmpt01" name="rmpt01_can_handle_NA_values">
      <skipped message="Reason: On CRAN ('test-rmpt01.R:9:3')"/>
    </testcase>
    <testcase time="0.156000000000006" classname="rmpt01" name="rmpt01_can_handle_some_NA_values"/>
    <testcase time="0.0330000000000013" classname="rmpt01" name="rmpt01_can_handle_some_NA_values">
      <skipped message="Reason: On CRAN ('test-rmpt01.R:23:3')"/>
    </testcase>
    <testcase time="0.0339999999999918" classname="rmpt01" name="rmpt01_fails_on_incomlete_data"/>
    <testcase time="0.0110000000000099" classname="rmpt01" name="rmpt01_fails_on_incomlete_data"/>
  </testsuite>
  <testsuite name="rspt01" timestamp="2023-05-09T07:41:08Z" hostname="c0b23959a4b9" tests="13" skipped="6" failures="0" errors="0" time="2.538">
    <testcase time="0.0189999999999912" classname="rspt01" name="rspt01_1_works_as_expected"/>
    <testcase time="0.397000000000006" classname="rspt01" name="rspt01_1_works_as_expected"/>
    <testcase time="0.0609999999999928" classname="rspt01" name="rspt01_1_works_as_expected">
      <skipped message="Reason: On CRAN ('test-rspt01.R:5:3')"/>
    </testcase>
    <testcase time="0.344000000000008" classname="rspt01" name="rspt01_1_works_as_expected_for_stratified_analysis"/>
    <testcase time="0.0690000000000026" classname="rspt01" name="rspt01_1_works_as_expected_for_stratified_analysis">
      <skipped message="Reason: On CRAN ('test-rspt01.R:17:3')"/>
    </testcase>
    <testcase time="0.290999999999997" classname="rspt01" name="rspt01_1_works_as_expected_for_unstratified_analysis"/>
    <testcase time="0.0589999999999975" classname="rspt01" name="rspt01_1_works_as_expected_for_unstratified_analysis">
      <skipped message="Reason: On CRAN ('test-rspt01.R:35:3')"/>
    </testcase>
    <testcase time="0.319999999999993" classname="rspt01" name="rspt01_1_works_if_change_reference_group"/>
    <testcase time="0.0620000000000118" classname="rspt01" name="rspt01_1_works_if_change_reference_group">
      <skipped message="Reason: On CRAN ('test-rspt01.R:52:3')"/>
    </testcase>
    <testcase time="0.521000000000001" classname="rspt01" name="rspt01_1_works_if_change_statistic_methods"/>
    <testcase time="0.0599999999999881" classname="rspt01" name="rspt01_1_works_if_change_statistic_methods">
      <skipped message="Reason: On CRAN ('test-rspt01.R:75:3')"/>
    </testcase>
    <testcase time="0.27600000000001" classname="rspt01" name="rspt01_1_works_if_change_confidence_interval"/>
    <testcase time="0.0589999999999975" classname="rspt01" name="rspt01_1_works_if_change_confidence_interval">
      <skipped message="Reason: On CRAN ('test-rspt01.R:101:3')"/>
    </testcase>
  </testsuite>
  <testsuite name="utils" timestamp="2023-05-09T07:41:10Z" hostname="c0b23959a4b9" tests="27" skipped="0" failures="0" errors="0" time="0.13">
    <testcase time="0.0150000000000006" classname="utils" name="h_format_dec_works_as_exected"/>
    <testcase time="0.00400000000000489" classname="utils" name="h_format_dec_works_as_exected"/>
    <testcase time="0.00199999999999534" classname="utils" name="h_format_dec_works_as_exected"/>
    <testcase time="0.00300000000000011" classname="utils" name="h_format_dec_works_as_exected"/>
    <testcase time="0.00200000000000955" classname="utils" name="h_format_dec_works_as_exected"/>
    <testcase time="0.00300000000000011" classname="utils" name="h_format_dec_works_as_exected"/>
    <testcase time="0.00199999999999534" classname="utils" name="h_format_dec_works_as_exected"/>
    <testcase time="0.00300000000000011" classname="utils" name="h_format_dec_works_as_exected"/>
    <testcase time="0.00199999999999534" classname="utils" name="h_format_dec_works_as_exected"/>
    <testcase time="0.00400000000000489" classname="utils" name="h_format_dec_works_as_exected"/>
    <testcase time="0.00100000000000477" classname="utils" name="h_format_dec_works_as_exected"/>
    <testcase time="0.00399999999999068" classname="utils" name="h_format_dec_works_as_exected"/>
    <testcase time="0.00600000000000023" classname="utils" name="h_format_dec_works_as_expected_with_more_than_one_value"/>
    <testcase time="0.00300000000000011" classname="utils" name="h_format_dec_works_as_expected_with_more_than_one_value"/>
    <testcase time="0.007000000000005" classname="utils" name="h_format_dec_works_returns_null_with_NA_format"/>
    <testcase time="0.0120000000000005" classname="utils" name="h_format_dec_works_as_expected_with_NA_digits"/>
    <testcase time="0.00600000000000023" classname="utils" name="h_format_dec_works_as_expected_with_NA_digits"/>
    <testcase time="0.00600000000000023" classname="utils" name="get_db_data_works"/>
    <testcase time="0.00400000000000489" classname="utils" name="get_db_data_works"/>
    <testcase time="0.00600000000000023" classname="utils" name="fuse_sequentially_works"/>
    <testcase time="0.00300000000000011" classname="utils" name="fuse_sequentially_works"/>
    <testcase time="0.00499999999999545" classname="utils" name="grob_list_works"/>
    <testcase time="0.00100000000000477" classname="utils" name="grob_list_works"/>
    <testcase time="0.00300000000000011" classname="utils" name="grob_list_works"/>
    <testcase time="0.00400000000000489" classname="utils" name="grob_list_works"/>
    <testcase time="0.0120000000000005" classname="utils" name="ifneeded_split_row_works_as_expected"/>
    <testcase time="0.00699999999999079" classname="utils" name="ifneeded_split_row_works_as_expected"/>
  </testsuite>
  <testsuite name="vst02" timestamp="2023-05-09T07:41:10Z" hostname="c0b23959a4b9" tests="2" skipped="2" failures="0" errors="0" time="0.654">
    <testcase time="0.323000000000008" classname="vst02" name="vst02_1_works">
      <skipped message="Reason: On CRAN ('test-vst02.R:5:3')"/>
    </testcase>
    <testcase time="0.331000000000003" classname="vst02" name="vst02_2_works">
      <skipped message="Reason: On CRAN ('test-vst02.R:13:3')"/>
    </testcase>
  </testsuite>
</testsuites>
