<?xml version="1.0" encoding="UTF-8"?>
<testsuites>
  <testsuite name="ael01_nollt" timestamp="2025-02-27T10:04:55Z" hostname="4ed9c1c4acb8" tests="14" skipped="0" failures="0" errors="0" time="1.22">
    <testcase time="0.0639999999999996" classname="ael01_nollt" name="ael01_nollt_works_with_admh_dataset"/>
    <testcase time="0.269" classname="ael01_nollt" name="ael01_nollt_works_with_admh_dataset"/>
    <testcase time="0.0310000000000001" classname="ael01_nollt" name="ael01_nollt_works_with_non_default_label"/>
    <testcase time="0.224" classname="ael01_nollt" name="ael01_nollt_works_with_non_default_label"/>
    <testcase time="0.032" classname="ael01_nollt" name="ael01_nollt_can_handle_all_missing_values"/>
    <testcase time="0.081" classname="ael01_nollt" name="ael01_nollt_can_handle_all_missing_values"/>
    <testcase time="0.0290000000000004" classname="ael01_nollt" name="ael01_nollt_can_handle_some_missing_values"/>
    <testcase time="0.139" classname="ael01_nollt" name="ael01_nollt_can_handle_some_missing_values"/>
    <testcase time="0.0249999999999999" classname="ael01_nollt" name="ael01_nollt_listing_can_be_split_by_an_additional_variable"/>
    <testcase time="0.00200000000000022" classname="ael01_nollt" name="ael01_nollt_listing_can_be_split_by_an_additional_variable"/>
    <testcase time="0.176" classname="ael01_nollt" name="ael01_nollt_listing_can_be_split_by_an_additional_variable"/>
    <testcase time="0.024" classname="ael01_nollt" name="split_ael01_nollt_listing_do_not_display_missing_values"/>
    <testcase time="0.00100000000000033" classname="ael01_nollt" name="split_ael01_nollt_listing_do_not_display_missing_values"/>
    <testcase time="0.123" classname="ael01_nollt" name="split_ael01_nollt_listing_do_not_display_missing_values"/>
  </testsuite>
  <testsuite name="ael02" timestamp="2025-02-27T10:04:56Z" hostname="4ed9c1c4acb8" tests="9" skipped="0" failures="0" errors="0" time="2.796">
    <testcase time="0.0590000000000002" classname="ael02" name="ael02_works_with_adae_dataset"/>
    <testcase time="0.00099999999999989" classname="ael02" name="ael02_works_with_adae_dataset"/>
    <testcase time="0.877" classname="ael02" name="ael02_works_with_adae_dataset"/>
    <testcase time="0.0410000000000004" classname="ael02" name="ael02_can_handle_all_missing_values"/>
    <testcase time="0.00199999999999978" classname="ael02" name="ael02_can_handle_all_missing_values"/>
    <testcase time="0.905" classname="ael02" name="ael02_can_handle_all_missing_values"/>
    <testcase time="0.04" classname="ael02" name="ael02_functions_work_as_expected"/>
    <testcase time="0.000999999999999446" classname="ael02" name="ael02_functions_work_as_expected"/>
    <testcase time="0.87" classname="ael02" name="ael02_functions_work_as_expected"/>
  </testsuite>
  <testsuite name="ael03" timestamp="2025-02-27T10:04:59Z" hostname="4ed9c1c4acb8" tests="9" skipped="0" failures="0" errors="0" time="2.851">
    <testcase time="0.0609999999999999" classname="ael03" name="ael03_works_with_adae_dataset"/>
    <testcase time="0.00100000000000033" classname="ael03" name="ael03_works_with_adae_dataset"/>
    <testcase time="0.905" classname="ael03" name="ael03_works_with_adae_dataset"/>
    <testcase time="0.0439999999999996" classname="ael03" name="ael03_can_handle_all_missing_values"/>
    <testcase time="0.00100000000000033" classname="ael03" name="ael03_can_handle_all_missing_values"/>
    <testcase time="0.907999999999999" classname="ael03" name="ael03_can_handle_all_missing_values"/>
    <testcase time="0.048" classname="ael03" name="ael03_functions_work_as_expected"/>
    <testcase time="0.00100000000000122" classname="ael03" name="ael03_functions_work_as_expected"/>
    <testcase time="0.882" classname="ael03" name="ael03_functions_work_as_expected"/>
  </testsuite>
  <testsuite name="aet01" timestamp="2025-02-27T10:05:01Z" hostname="4ed9c1c4acb8" tests="13" skipped="0" failures="0" errors="0" time="3.454">
    <testcase time="0.405999999999999" classname="aet01" name="aet01_can_handle_all_NA_values"/>
    <testcase time="0.288" classname="aet01" name="aet01_can_handle_all_NA_values"/>
    <testcase time="0.295" classname="aet01" name="aet01_can_handle_all_NA_values"/>
    <testcase time="0.238000000000001" classname="aet01" name="aet01_can_handle_all_NA_values"/>
    <testcase time="0.276" classname="aet01" name="aet01_can_handle_some_NA_values"/>
    <testcase time="0.292999999999999" classname="aet01" name="aet01_can_handle_some_NA_values"/>
    <testcase time="0.211" classname="aet01" name="aet01_can_use_custom_anl_vars"/>
    <testcase time="0.357000000000001" classname="aet01" name="aet01_can_use_custom_anl_vars"/>
    <testcase time="0.0640000000000001" classname="aet01" name="aet01_fails_on_incomplete_data_input"/>
    <testcase time="0.295" classname="aet01" name="aet01_can_use_custom_medconcept_var"/>
    <testcase time="0.286999999999999" classname="aet01" name="aet01_can_use_custom_medconcept_var"/>
    <testcase time="0.193" classname="aet01" name="aet01_can_conditionally_show_the_number_of_withdrawal"/>
    <testcase time="0.251000000000001" classname="aet01" name="aet01_can_conditionally_show_the_number_of_withdrawal"/>
  </testsuite>
  <testsuite name="aet01_aesi" timestamp="2025-02-27T10:05:05Z" hostname="4ed9c1c4acb8" tests="9" skipped="0" failures="0" errors="0" time="2.042">
    <testcase time="0.213999999999999" classname="aet01_aesi" name="aet01_aesi_can_handle_all_NA_values"/>
    <testcase time="0.257000000000001" classname="aet01_aesi" name="aet01_aesi_can_handle_all_NA_values"/>
    <testcase time="0.189" classname="aet01_aesi" name="aet01_aesi_can_handle_all_NA_values"/>
    <testcase time="0.215" classname="aet01_aesi" name="aet01_aesi_can_handle_all_NA_values"/>
    <testcase time="0.193999999999999" classname="aet01_aesi" name="aet01_aesi_can_handle_some_NA_values"/>
    <testcase time="0.263" classname="aet01_aesi" name="aet01_aesi_can_handle_some_NA_values"/>
    <testcase time="0.263" classname="aet01_aesi" name="aet01_aesi_works_with_ALL_argument"/>
    <testcase time="0.397" classname="aet01_aesi" name="aet01_aesi_works_with_ALL_argument"/>
    <testcase time="0.0500000000000007" classname="aet01_aesi" name="aet01_aesi_check_fails_on_incomplete_data_input"/>
  </testsuite>
  <testsuite name="aet02" timestamp="2025-02-27T10:05:07Z" hostname="4ed9c1c4acb8" tests="4" skipped="0" failures="0" errors="0" time="2.526">
    <testcase time="0.0589999999999993" classname="aet02" name="aet02_fails_on_incomplete_data_input"/>
    <testcase time="0.123000000000001" classname="aet02" name="aet02_handle_empty_data_input"/>
    <testcase time="1.565" classname="aet02" name="aet02_can_have_different_levels_of_row_split"/>
    <testcase time="0.779" classname="aet02" name="aet02_can_have_different_levels_of_row_split"/>
  </testsuite>
  <testsuite name="aet03" timestamp="2025-02-27T10:05:09Z" hostname="4ed9c1c4acb8" tests="4" skipped="0" failures="0" errors="0" time="2.699">
    <testcase time="0.283999999999999" classname="aet03" name="aet03_can_handle_NA_values"/>
    <testcase time="0.274000000000001" classname="aet03" name="aet03_can_handle_NA_values"/>
    <testcase time="1.386" classname="aet03" name="aet03_can_handle_some_NA_values"/>
    <testcase time="0.755000000000003" classname="aet03" name="aet03_can_handle_some_NA_values"/>
  </testsuite>
  <testsuite name="aet04" timestamp="2025-02-27T10:05:12Z" hostname="4ed9c1c4acb8" tests="12" skipped="0" failures="0" errors="0" time="11.901">
    <testcase time="0.447999999999997" classname="aet04" name="aet04_can_handle_NA_values"/>
    <testcase time="0.427000000000003" classname="aet04" name="aet04_can_handle_NA_values"/>
    <testcase time="0.439" classname="aet04" name="aet04_can_handle_NA_values"/>
    <testcase time="0.00399999999999778" classname="aet04" name="aet04_can_handle_NA_values"/>
    <testcase time="0.420999999999999" classname="aet04" name="aet04_can_handle_NA_values"/>
    <testcase time="0.423999999999999" classname="aet04" name="aet04_can_handle_NA_values"/>
    <testcase time="2.422" classname="aet04" name="aet04_can_handle_some_NA_values"/>
    <testcase time="1.175" classname="aet04" name="aet04_can_handle_some_NA_values"/>
    <testcase time="2.415" classname="aet04" name="aet04_can_handle_some_NA_values"/>
    <testcase time="0.00700000000000145" classname="aet04" name="aet04_can_handle_some_NA_values"/>
    <testcase time="2.443" classname="aet04" name="aet04_can_handle_some_NA_values"/>
    <testcase time="1.276" classname="aet04" name="aet04_can_handle_some_NA_values"/>
  </testsuite>
  <testsuite name="aet05" timestamp="2025-02-27T10:05:24Z" hostname="4ed9c1c4acb8" tests="6" skipped="0" failures="0" errors="0" time="1.291">
    <testcase time="0.146999999999998" classname="aet05" name="aet05_can_handle_NA_values"/>
    <testcase time="0.275000000000002" classname="aet05" name="aet05_can_handle_NA_values"/>
    <testcase time="0.140999999999998" classname="aet05" name="aet05_can_handle_some_NA_values"/>
    <testcase time="0.298999999999999" classname="aet05" name="aet05_can_handle_some_NA_values"/>
    <testcase time="0.148000000000003" classname="aet05" name="aet05_can_handle_some_NA_values"/>
    <testcase time="0.280999999999999" classname="aet05" name="aet05_can_handle_some_NA_values"/>
  </testsuite>
  <testsuite name="aet05_all" timestamp="2025-02-27T10:05:25Z" hostname="4ed9c1c4acb8" tests="6" skipped="0" failures="0" errors="0" time="1.305">
    <testcase time="0.159999999999997" classname="aet05_all" name="aet05_all_can_handle_NA_values"/>
    <testcase time="0.259" classname="aet05_all" name="aet05_all_can_handle_NA_values"/>
    <testcase time="0.155000000000001" classname="aet05_all" name="aet05_all_can_handle_some_NA_values"/>
    <testcase time="0.295000000000002" classname="aet05_all" name="aet05_all_can_handle_some_NA_values"/>
    <testcase time="0.137999999999998" classname="aet05_all" name="aet05_all_can_handle_some_NA_values"/>
    <testcase time="0.298000000000002" classname="aet05_all" name="aet05_all_can_handle_some_NA_values"/>
  </testsuite>
  <testsuite name="aet10" timestamp="2025-02-27T10:05:27Z" hostname="4ed9c1c4acb8" tests="4" skipped="0" failures="0" errors="0" time="0.556">
    <testcase time="0.0769999999999982" classname="aet10" name="aet10_can_handle_NA_values"/>
    <testcase time="0.127000000000002" classname="aet10" name="aet10_can_handle_NA_values"/>
    <testcase time="0.119" classname="aet10" name="aet10_can_handle_some_NA_values"/>
    <testcase time="0.232999999999997" classname="aet10" name="aet10_can_handle_some_NA_values"/>
  </testsuite>
  <testsuite name="assertions" timestamp="2025-02-27T10:05:27Z" hostname="4ed9c1c4acb8" tests="33" skipped="0" failures="0" errors="0" time="0.175">
    <testcase time="0.00900000000000034" classname="assertions" name="assert_valid_var.character_works_as_expected"/>
    <testcase time="0.00500000000000256" classname="assertions" name="assert_valid_var.character_works_as_expected"/>
    <testcase time="0.00399999999999778" classname="assertions" name="assert_valid_var.character_works_as_expected"/>
    <testcase time="0.00600000000000023" classname="assertions" name="assert_valid_var.character_works_as_expected"/>
    <testcase time="0.000999999999997669" classname="assertions" name="assert_valid_var.character_works_as_expected"/>
    <testcase time="0.00600000000000023" classname="assertions" name="assert_valid_var.factor_works_as_expected"/>
    <testcase time="0.00500000000000256" classname="assertions" name="assert_valid_var.factor_works_as_expected"/>
    <testcase time="0.00500000000000256" classname="assertions" name="assert_valid_var.factor_works_as_expected"/>
    <testcase time="0.00499999999999545" classname="assertions" name="assert_valid_var.factor_works_as_expected"/>
    <testcase time="0.00200000000000244" classname="assertions" name="assert_valid_var.factor_works_as_expected"/>
    <testcase time="0.00600000000000023" classname="assertions" name="assert_valid_var.logical_works_as_expected"/>
    <testcase time="0.00399999999999778" classname="assertions" name="assert_valid_var.logical_works_as_expected"/>
    <testcase time="0.00500000000000256" classname="assertions" name="assert_valid_var.logical_works_as_expected"/>
    <testcase time="0.00200000000000244" classname="assertions" name="assert_valid_var.logical_works_as_expected"/>
    <testcase time="0.00499999999999545" classname="assertions" name="assert_valid_var.numeric_works_as_expected"/>
    <testcase time="0.00399999999999778" classname="assertions" name="assert_valid_var.numeric_works_as_expected"/>
    <testcase time="0.00500000000000256" classname="assertions" name="assert_valid_var.numeric_works_as_expected"/>
    <testcase time="0.00200000000000244" classname="assertions" name="assert_valid_var.numeric_works_as_expected"/>
    <testcase time="0.00499999999999545" classname="assertions" name="assert_valid_var.numeric_works_as_expected"/>
    <testcase time="0.00100000000000477" classname="assertions" name="assert_valid_var.numeric_works_as_expected"/>
    <testcase time="0.00900000000000034" classname="assertions" name="assert_valid_var.POSIXct_works_as_expected"/>
    <testcase time="0.00900000000000034" classname="assertions" name="assert_valid_var.POSIXct_works_as_expected"/>
    <testcase time="0.00600000000000023" classname="assertions" name="assert_valid_variable_works_as_expected"/>
    <testcase time="0.00199999999999534" classname="assertions" name="assert_valid_variable_works_as_expected"/>
    <testcase time="0.007000000000005" classname="assertions" name="assert_valid_variable_works_as_expected"/>
    <testcase time="0.00199999999999534" classname="assertions" name="assert_valid_variable_works_as_expected"/>
    <testcase time="0.007000000000005" classname="assertions" name="assert_valid_variable_works_as_expected"/>
    <testcase time="0.00199999999999534" classname="assertions" name="assert_valid_variable_works_as_expected"/>
    <testcase time="0.00600000000000023" classname="assertions" name="assert_valid_var_pair_works_as_expected_with_character"/>
    <testcase time="0.00500000000000256" classname="assertions" name="assert_valid_var_pair_works_as_expected_with_character"/>
    <testcase time="0.0139999999999958" classname="assertions" name="assert_valid_var_pair_works_as_expected_with_factor"/>
    <testcase time="0.00900000000000034" classname="assertions" name="assert_valid_var_pair_works_as_expected_with_factor"/>
    <testcase time="0.0100000000000051" classname="assertions" name="assert_valid_var_pair_works_as_expected_with_factor"/>
  </testsuite>
  <testsuite name="cfbt01" timestamp="2025-02-27T10:05:27Z" hostname="4ed9c1c4acb8" tests="3" skipped="0" failures="0" errors="0" time="9.217">
    <testcase time="6.864" classname="cfbt01" name="cfbt01_functions_with_default_argument_value_return_expected_result_with_test_data"/>
    <testcase time="0.774999999999999" classname="cfbt01" name="cfbt01_can_handle_n_0_and_outputs_NE_instead_of_infs_and_NAs"/>
    <testcase time="1.578" classname="cfbt01" name="cfbt01_can_handle_n_0_and_outputs_NE_instead_of_infs_and_NAs"/>
  </testsuite>
  <testsuite name="checks" timestamp="2025-02-27T10:05:37Z" hostname="4ed9c1c4acb8" tests="8" skipped="0" failures="0" errors="0" time="0.027">
    <testcase time="0.00900000000000034" classname="checks" name="check_all_colnames_works_as_expected"/>
    <testcase time="0.00300000000000011" classname="checks" name="check_all_colnames_works_as_expected"/>
    <testcase time="0.000999999999997669" classname="checks" name="check_all_colnames_works_as_expected"/>
    <testcase time="0.00300000000000011" classname="checks" name="check_all_colnames_works_as_expected"/>
    <testcase time="0.00500000000000256" classname="checks" name="check_one_colnames_works_as_expected"/>
    <testcase time="0.00199999999999534" classname="checks" name="check_one_colnames_works_as_expected"/>
    <testcase time="0.00200000000000244" classname="checks" name="check_one_colnames_works_as_expected"/>
    <testcase time="0.00200000000000244" classname="checks" name="check_one_colnames_works_as_expected"/>
  </testsuite>
  <testsuite name="chevron_tlg-class" timestamp="2025-02-27T10:05:37Z" hostname="4ed9c1c4acb8" tests="27" skipped="0" failures="0" errors="0" time="0.1">
    <testcase time="0.00900000000000034" classname="chevron_tlg_class" name="chevron_t_object_can_be_constructed_with_default_values"/>
    <testcase time="0.00300000000000011" classname="chevron_tlg_class" name="chevron_t_object_can_be_constructed_with_default_values"/>
    <testcase time="0.00600000000000023" classname="chevron_tlg_class" name="chevron_t_object_can_be_constructed_with_custom_values"/>
    <testcase time="0.00199999999999534" classname="chevron_tlg_class" name="chevron_t_object_can_be_constructed_with_custom_values"/>
    <testcase time="0.00300000000000011" classname="chevron_tlg_class" name="chevron_t_object_can_be_constructed_with_custom_values"/>
    <testcase time="0.00300000000000011" classname="chevron_tlg_class" name="chevron_t_object_can_be_constructed_with_custom_values"/>
    <testcase time="0.00500000000000256" classname="chevron_tlg_class" name="chevron_t_constructor_returns_an_error_when_expected"/>
    <testcase time="0.00199999999999534" classname="chevron_tlg_class" name="chevron_t_constructor_returns_an_error_when_expected"/>
    <testcase time="0.00100000000000477" classname="chevron_tlg_class" name="chevron_t_constructor_returns_an_error_when_expected"/>
    <testcase time="0.000999999999997669" classname="chevron_tlg_class" name="chevron_t_constructor_returns_an_error_when_expected"/>
    <testcase time="0.000999999999997669" classname="chevron_tlg_class" name="chevron_t_constructor_returns_an_error_when_expected"/>
    <testcase time="0.00100000000000477" classname="chevron_tlg_class" name="chevron_t_constructor_returns_an_error_when_expected"/>
    <testcase time="0.00600000000000023" classname="chevron_tlg_class" name="chevron_l_object_can_be_constructed_with_default_values"/>
    <testcase time="0.00300000000000011" classname="chevron_tlg_class" name="chevron_l_object_can_be_constructed_with_default_values"/>
    <testcase time="0.0069999999999979" classname="chevron_tlg_class" name="chevron_g_object_can_be_constructed_with_custom_values"/>
    <testcase time="0.00300000000000011" classname="chevron_tlg_class" name="chevron_g_object_can_be_constructed_with_custom_values"/>
    <testcase time="0.00200000000000244" classname="chevron_tlg_class" name="chevron_g_object_can_be_constructed_with_custom_values"/>
    <testcase time="0.00399999999999778" classname="chevron_tlg_class" name="chevron_g_object_can_be_constructed_with_custom_values"/>
    <testcase time="0.00500000000000256" classname="chevron_tlg_class" name="chevron_g_constructor_returns_an_error_when_expected"/>
    <testcase time="0.000999999999997669" classname="chevron_tlg_class" name="chevron_g_constructor_returns_an_error_when_expected"/>
    <testcase time="0.00200000000000244" classname="chevron_tlg_class" name="chevron_g_constructor_returns_an_error_when_expected"/>
    <testcase time="0.000999999999997669" classname="chevron_tlg_class" name="chevron_g_constructor_returns_an_error_when_expected"/>
    <testcase time="0.000999999999997669" classname="chevron_tlg_class" name="chevron_g_constructor_returns_an_error_when_expected"/>
    <testcase time="0.00100000000000477" classname="chevron_tlg_class" name="chevron_g_constructor_returns_an_error_when_expected"/>
    <testcase time="0.0069999999999979" classname="chevron_tlg_class" name="chevron_simple_works_correctly"/>
    <testcase time="0.00200000000000244" classname="chevron_tlg_class" name="chevron_simple_works_correctly"/>
    <testcase time="0.0179999999999936" classname="chevron_tlg_class" name="chevron_simple_errors_if_contains_return"/>
  </testsuite>
  <testsuite name="chevron_tlg-methods" timestamp="2025-02-27T10:05:37Z" hostname="4ed9c1c4acb8" tests="59" skipped="1" failures="0" errors="0" time="10.195">
    <testcase time="1.093" classname="chevron_tlg_methods" name="run_works_as_expected_for_chevron_t_object"/>
    <testcase time="0.601999999999997" classname="chevron_tlg_methods" name="run_works_as_expected_for_chevron_t_object"/>
    <testcase time="0.603000000000002" classname="chevron_tlg_methods" name="run_works_as_expected_for_chevron_t_object_when_auto_pre_FALSE"/>
    <testcase time="0.341000000000001" classname="chevron_tlg_methods" name="run_works_as_expected_with_argument_printed"/>
    <testcase time="0.283000000000001" classname="chevron_tlg_methods" name="run_works_as_expected_with_argument_printed"/>
    <testcase time="0.436" classname="chevron_tlg_methods" name="run_works_as_expected_with_argument_printed_if_the_user_argument_is_complicated"/>
    <testcase time="0.378999999999998" classname="chevron_tlg_methods" name="run_works_as_expected_with_argument_printed_if_the_user_argument_is_complicated"/>
    <testcase time="0.437000000000005" classname="chevron_tlg_methods" name="run_uses_the_argument_passed_through_the_ellipsis_in_priority"/>
    <testcase time="0.375999999999998" classname="chevron_tlg_methods" name="run_uses_the_argument_passed_through_the_ellipsis_in_priority"/>
    <testcase time="0.329000000000001" classname="chevron_tlg_methods" name="run_works_as_expected_with_partial_match_argument"/>
    <testcase time="0.286999999999999" classname="chevron_tlg_methods" name="run_works_as_expected_with_partial_match_argument"/>
    <testcase time="0.438000000000002" classname="chevron_tlg_methods" name="run_displays_the_symbols_when_available"/>
    <testcase time="0.378999999999998" classname="chevron_tlg_methods" name="run_displays_the_symbols_when_available"/>
    <testcase time="0.326000000000001" classname="chevron_tlg_methods" name="run_print_internal_functions_when_unwrap_is_TRUE"/>
    <testcase time="0.00199999999999534" classname="chevron_tlg_methods" name="run_print_internal_functions_when_unwrap_is_TRUE"/>
    <testcase time="0.00200000000000244" classname="chevron_tlg_methods" name="run_print_internal_functions_when_unwrap_is_TRUE"/>
    <testcase time="0.0240000000000009" classname="chevron_tlg_methods" name="run_print_internal_functions_when_unwrap_is_TRUE"/>
    <testcase time="1.24" classname="chevron_tlg_methods" name="run_print_internal_functions_when_unwrap_is_TRUE_and_standard_chevron_tlg_has_no_layout"/>
    <testcase time="0.00999999999999801" classname="chevron_tlg_methods" name="run_print_internal_functions_when_unwrap_is_TRUE_and_the_chevron_tlg_object_is_customized"/>
    <testcase time="0.000999999999997669" classname="chevron_tlg_methods" name="run_print_internal_functions_when_unwrap_is_TRUE_and_the_chevron_tlg_object_is_customized"/>
    <testcase time="0.00200000000000244" classname="chevron_tlg_methods" name="run_print_internal_functions_when_unwrap_is_TRUE_and_the_chevron_tlg_object_is_customized"/>
    <testcase time="0.0240000000000009" classname="chevron_tlg_methods" name="run_print_internal_functions_when_unwrap_is_TRUE_and_the_chevron_tlg_object_is_customized"/>
    <testcase time="0.00900000000000034" classname="chevron_tlg_methods" name="run_print_main_and_postprocessing_functions_when_unwrap_is_TRUE_and_auto_pre_is_FALSE"/>
    <testcase time="0.000999999999997669" classname="chevron_tlg_methods" name="run_print_main_and_postprocessing_functions_when_unwrap_is_TRUE_and_auto_pre_is_FALSE"/>
    <testcase time="0.00200000000000244" classname="chevron_tlg_methods" name="run_print_main_and_postprocessing_functions_when_unwrap_is_TRUE_and_auto_pre_is_FALSE"/>
    <testcase time="0.000999999999997669" classname="chevron_tlg_methods" name="run_print_main_and_postprocessing_functions_when_unwrap_is_TRUE_and_auto_pre_is_FALSE"/>
    <testcase time="0.0339999999999989" classname="chevron_tlg_methods" name="run_print_main_and_postprocessing_functions_when_unwrap_is_TRUE_and_auto_pre_is_FALSE"/>
    <testcase time="0.007000000000005" classname="chevron_tlg_methods" name="args_ls_works_as_expected"/>
    <testcase time="0.000999999999997669" classname="chevron_tlg_methods" name="args_ls_works_as_expected"/>
    <testcase time="0.00200000000000244" classname="chevron_tlg_methods" name="args_ls_works_as_expected"/>
    <testcase time="0.00499999999999545" classname="chevron_tlg_methods" name="args_ls_works_as_expected_when_simplify_is_TRUE"/>
    <testcase time="0.00100000000000477" classname="chevron_tlg_methods" name="args_ls_works_as_expected_when_simplify_is_TRUE"/>
    <testcase time="0.000999999999997669" classname="chevron_tlg_methods" name="args_ls_works_as_expected_when_simplify_is_TRUE"/>
    <testcase time="0.00600000000000023" classname="chevron_tlg_methods" name="args_ls_works_as_expected_with_custom_chevron_tlg_object"/>
    <testcase time="0.000999999999997669" classname="chevron_tlg_methods" name="args_ls_works_as_expected_with_custom_chevron_tlg_object"/>
    <testcase time="0.00200000000000244" classname="chevron_tlg_methods" name="args_ls_works_as_expected_with_custom_chevron_tlg_object"/>
    <testcase time="0.00199999999999534" classname="chevron_tlg_methods" name="args_ls_works_as_expected_with_custom_chevron_tlg_object"/>
    <testcase time="0.007000000000005" classname="chevron_tlg_methods" name="main_works_as_expected"/>
    <testcase time="0.0069999999999979" classname="chevron_tlg_methods" name="main_setter_works_as_expected"/>
    <testcase time="0.0120000000000005" classname="chevron_tlg_methods" name="main_setter_throw_an_error_as_expected"/>
    <testcase time="0.00600000000000023" classname="chevron_tlg_methods" name="preprocess_works_as_expected"/>
    <testcase time="0.0069999999999979" classname="chevron_tlg_methods" name="preprocess_setter_works_as_expected"/>
    <testcase time="0.0110000000000028" classname="chevron_tlg_methods" name="preprocess_sends_an_error_as_expected"/>
    <testcase time="0.0069999999999979" classname="chevron_tlg_methods" name="postprocess_works_as_expected"/>
    <testcase time="0.0069999999999979" classname="chevron_tlg_methods" name="postprocess_setter_works_as_expected"/>
    <testcase time="0.0110000000000028" classname="chevron_tlg_methods" name="postprocess_sends_an_error_as_expected"/>
    <testcase time="0.00500000000000256" classname="chevron_tlg_methods" name="script_funs_works_as_expected_in_interactive_mode">
      <skipped message="Reason: !interactive() is TRUE ('test-chevron_tlg-methods.R:264:3')"/>
    </testcase>
    <testcase time="0.0169999999999959" classname="chevron_tlg_methods" name="script_funs_works_as_expected"/>
    <testcase time="0.00100000000000477" classname="chevron_tlg_methods" name="script_funs_works_as_expected"/>
    <testcase time="2.29499999999999" classname="chevron_tlg_methods" name="script_funs_generates_a_valid_script"/>
    <testcase time="0.00200000000000244" classname="chevron_tlg_methods" name="script_funs_generates_a_valid_script"/>
    <testcase time="0.00200000000000244" classname="chevron_tlg_methods" name="script_funs_generates_a_valid_script"/>
    <testcase time="0.000999999999997669" classname="chevron_tlg_methods" name="script_funs_generates_a_valid_script"/>
    <testcase time="0.00200000000000244" classname="chevron_tlg_methods" name="script_funs_generates_a_valid_script"/>
    <testcase time="0.0399999999999991" classname="chevron_tlg_methods" name="script_funs_generates_a_valid_script"/>
    <testcase time="0.0069999999999979" classname="chevron_tlg_methods" name="script_funs_works_for_simple_template"/>
    <testcase time="0.000999999999997669" classname="chevron_tlg_methods" name="script_funs_works_for_simple_template"/>
    <testcase time="0.0310000000000059" classname="chevron_tlg_methods" name="print_list_works"/>
    <testcase time="0.0269999999999939" classname="chevron_tlg_methods" name="print_list_works_for_empty_list"/>
  </testsuite>
  <testsuite name="cml02a_gl" timestamp="2025-02-27T10:05:47Z" hostname="4ed9c1c4acb8" tests="6" skipped="0" failures="0" errors="0" time="0.561">
    <testcase time="0.0300000000000011" classname="cml02a_gl" name="cml02a_gl_works_with_adcm_dataset"/>
    <testcase time="0.170999999999999" classname="cml02a_gl" name="cml02a_gl_works_with_adcm_dataset"/>
    <testcase time="0.0250000000000057" classname="cml02a_gl" name="cml02a_gl_works_with_missing_data"/>
    <testcase time="0.137" classname="cml02a_gl" name="cml02a_gl_works_with_missing_data"/>
    <testcase time="0.0249999999999986" classname="cml02a_gl" name="cml02a_gl_functions_work_as_expected"/>
    <testcase time="0.172999999999995" classname="cml02a_gl" name="cml02a_gl_functions_work_as_expected"/>
  </testsuite>
  <testsuite name="cmt01a" timestamp="2025-02-27T10:05:47Z" hostname="4ed9c1c4acb8" tests="6" skipped="0" failures="0" errors="0" time="4.125">
    <testcase time="1.212" classname="cmt01a" name="cmt01a_functions_with_default_argument_value_return_expected_result_with_test_data"/>
    <testcase time="1.168" classname="cmt01a" name="cmt01a_functions_with_custom_argument_value_return_expected_result_with_test_data"/>
    <testcase time="0.161999999999999" classname="cmt01a" name="cmt01a_can_handle_all_NA_values"/>
    <testcase time="0.181000000000004" classname="cmt01a" name="cmt01a_can_handle_all_NA_values"/>
    <testcase time="0.817999999999998" classname="cmt01a" name="cmt01a_can_handle_some_NA_values"/>
    <testcase time="0.583999999999996" classname="cmt01a" name="cmt01a_can_handle_some_NA_values"/>
  </testsuite>
  <testsuite name="cmt02_pt" timestamp="2025-02-27T10:05:52Z" hostname="4ed9c1c4acb8" tests="4" skipped="0" failures="0" errors="0" time="0.613">
    <testcase time="0.104000000000006" classname="cmt02_pt" name="cmt02_pt_can_handle_all_NA_values"/>
    <testcase time="0.137999999999998" classname="cmt02_pt" name="cmt02_pt_can_handle_all_NA_values"/>
    <testcase time="0.141999999999996" classname="cmt02_pt" name="cmt02_pt_can_handle_some_NA_values"/>
    <testcase time="0.229000000000006" classname="cmt02_pt" name="cmt02_pt_can_handle_some_NA_values"/>
  </testsuite>
  <testsuite name="coxt01" timestamp="2025-02-27T10:05:52Z" hostname="4ed9c1c4acb8" tests="9" skipped="0" failures="0" errors="0" time="1.748">
    <testcase time="0.306999999999995" classname="coxt01" name="coxt01_can_handle_some_NA_values"/>
    <testcase time="0.193000000000005" classname="coxt01" name="coxt01_can_handle_some_NA_values"/>
    <testcase time="0.247999999999998" classname="coxt01" name="coxt01_can_handle_some_NA_values"/>
    <testcase time="0.195" classname="coxt01" name="coxt01_can_handle_some_NA_values"/>
    <testcase time="0.189999999999998" classname="coxt01" name="coxt01_can_handle_some_NA_values"/>
    <testcase time="0.182000000000002" classname="coxt01" name="coxt01_can_handle_some_NA_values"/>
    <testcase time="0.213000000000001" classname="coxt01" name="coxt01_can_handle_some_NA_values"/>
    <testcase time="0.204999999999998" classname="coxt01" name="coxt01_can_handle_some_NA_values"/>
    <testcase time="0.0150000000000006" classname="coxt01" name="coxt01_fails_on_incomlete_data"/>
  </testsuite>
  <testsuite name="coxt02" timestamp="2025-02-27T10:05:54Z" hostname="4ed9c1c4acb8" tests="9" skipped="0" failures="0" errors="0" time="2.32">
    <testcase time="0.448" classname="coxt02" name="coxt02_can_handle_some_NA_values"/>
    <testcase time="0.238999999999997" classname="coxt02" name="coxt02_can_handle_some_NA_values"/>
    <testcase time="0.427" classname="coxt02" name="coxt02_can_handle_some_NA_values"/>
    <testcase time="0.243000000000002" classname="coxt02" name="coxt02_can_handle_some_NA_values"/>
    <testcase time="0.277999999999999" classname="coxt02" name="coxt02_can_handle_some_NA_values"/>
    <testcase time="0.195999999999998" classname="coxt02" name="coxt02_can_handle_some_NA_values"/>
    <testcase time="0.276000000000003" classname="coxt02" name="coxt02_can_handle_some_NA_values"/>
    <testcase time="0.198" classname="coxt02" name="coxt02_can_handle_some_NA_values"/>
    <testcase time="0.0150000000000006" classname="coxt02" name="coxt02_fails_on_incomlete_data"/>
  </testsuite>
  <testsuite name="default_tlg" timestamp="2025-02-27T10:05:56Z" hostname="4ed9c1c4acb8" tests="15" skipped="0" failures="0" errors="0" time="11.909">
    <testcase time="0.161999999999999" classname="default_tlg" name="ael01_nollt_function_with_default_argument_value_return_expected_result_with_test_data"/>
    <testcase time="0.557000000000009" classname="default_tlg" name="aet01_function_with_default_argument_value_return_expected_result_with_test_data"/>
    <testcase time="0.505999999999986" classname="default_tlg" name="aet01_aesi_function_with_default_argument_value_return_expected_result_with_test_data"/>
    <testcase time="1.026" classname="default_tlg" name="aet02_functions_with_default_argument_value_return_expected_result_with_test_data"/>
    <testcase time="2.117" classname="default_tlg" name="aet03_functions_with_default_argument_value_return_expected_result_with_test_data"/>
    <testcase time="3.31400000000001" classname="default_tlg" name="aet04_functions_with_default_argument_value_return_expected_result_with_test_data"/>
    <testcase time="0.450999999999993" classname="default_tlg" name="aet05_functions_with_default_argument_value_return_expected_result_with_test_data"/>
    <testcase time="0.447000000000003" classname="default_tlg" name="aet05_all_functions_with_default_argument_value_return_expected_result_with_test_data"/>
    <testcase time="0.332999999999998" classname="default_tlg" name="aet10_functions_with_default_argument_value_return_expected_result_with_test_data"/>
    <testcase time="0.409000000000006" classname="default_tlg" name="cmt02_pt_functions_with_default_argument_value_return_expected_result_with_test_data"/>
    <testcase time="0.509" classname="default_tlg" name="coxt01_functions_with_default_argument_value_return_expected_result_with_test_data"/>
    <testcase time="0.694999999999993" classname="default_tlg" name="coxt02_functions_with_default_argument_value_return_expected_result_with_test_data"/>
    <testcase time="0.644000000000005" classname="default_tlg" name="dmt01_functions_with_default_argument_value_return_expected_result_with_test_data"/>
    <testcase time="0.460999999999999" classname="default_tlg" name="dst01_functions_with_default_argument_value_return_expected_result_with_test_data"/>
    <testcase time="0.277999999999992" classname="default_tlg" name="dtht01_functions_with_default_argument_value_return_expected_result_with_test_data"/>
  </testsuite>
  <testsuite name="dmt01" timestamp="2025-02-27T10:06:08Z" hostname="4ed9c1c4acb8" tests="19" skipped="0" failures="0" errors="0" time="4.672">
    <testcase time="0.224000000000004" classname="dmt01" name="dmt01_can_handle_NA_values"/>
    <testcase time="0.335999999999999" classname="dmt01" name="dmt01_can_handle_NA_values"/>
    <testcase time="0.219999999999999" classname="dmt01" name="dmt01_can_handle_numeric_NA_values"/>
    <testcase time="0.423000000000002" classname="dmt01" name="dmt01_can_handle_numeric_NA_values"/>
    <testcase time="0.0180000000000007" classname="dmt01" name="dmt01_returns_an_error_when_variables_are_of_the_wrong_type"/>
    <testcase time="0.167000000000002" classname="dmt01" name="dmt01_works_as_expected_with_setting_default_precision"/>
    <testcase time="0.337000000000003" classname="dmt01" name="dmt01_works_as_expected_with_setting_default_precision"/>
    <testcase time="0.173999999999992" classname="dmt01" name="dmt01_works_as_expected_with_auto_precision_settings"/>
    <testcase time="0.408000000000001" classname="dmt01" name="dmt01_works_as_expected_with_auto_precision_settings"/>
    <testcase time="0.171000000000006" classname="dmt01" name="dmt01_works_as_expected_with_auto_precision_settings_and_defined_precision"/>
    <testcase time="0.373999999999995" classname="dmt01" name="dmt01_works_as_expected_with_auto_precision_settings_and_defined_precision"/>
    <testcase time="0.161000000000001" classname="dmt01" name="dmt01_works_as_expected_with_auto_precision_settings_and_defined_precision_and_default"/>
    <testcase time="0.528000000000006" classname="dmt01" name="dmt01_works_as_expected_with_auto_precision_settings_and_defined_precision_and_default"/>
    <testcase time="0.137" classname="dmt01" name="dmt01_works_as_expected_with_cutomized_stats_value"/>
    <testcase time="0.270999999999987" classname="dmt01" name="dmt01_works_as_expected_with_cutomized_stats_value"/>
    <testcase time="0.146000000000001" classname="dmt01" name="dmt01_works_as_expected_with_empty_list_as_stats_value"/>
    <testcase time="0.307000000000002" classname="dmt01" name="dmt01_works_as_expected_with_empty_list_as_stats_value"/>
    <testcase time="0.0820000000000078" classname="dmt01" name="dmt01_works_as_expected_with_only_one_summaryvars"/>
    <testcase time="0.188000000000002" classname="dmt01" name="dmt01_works_as_expected_with_only_one_summaryvars"/>
  </testsuite>
  <testsuite name="dst01" timestamp="2025-02-27T10:06:13Z" hostname="4ed9c1c4acb8" tests="14" skipped="0" failures="0" errors="0" time="2.479">
    <testcase time="0.137" classname="dst01" name="dst01_works_as_expected_when_all_data_are_NA"/>
    <testcase time="0.0789999999999935" classname="dst01" name="dst01_works_as_expected_when_all_data_are_NA"/>
    <testcase time="0.113" classname="dst01" name="dst01_can_handle_all_NA_values_in_DCSREAS"/>
    <testcase time="0.147000000000006" classname="dst01" name="dst01_can_handle_all_NA_values_in_DCSREAS"/>
    <testcase time="0.158000000000001" classname="dst01" name="dst01_can_handle_some_NA_values"/>
    <testcase time="0.225999999999999" classname="dst01" name="dst01_can_handle_some_NA_values"/>
    <testcase time="0.134999999999991" classname="dst01" name="dst01_can_handle_missing_levels_in_status_var"/>
    <testcase time="0.0750000000000028" classname="dst01" name="dst01_can_handle_missing_levels_in_status_var"/>
    <testcase time="0.183999999999997" classname="dst01" name="dst01_can_create_variants"/>
    <testcase time="0.219000000000008" classname="dst01" name="dst01_can_create_variants"/>
    <testcase time="0.212999999999994" classname="dst01" name="dst01_can_create_variants"/>
    <testcase time="0.241" classname="dst01" name="dst01_can_create_variants"/>
    <testcase time="0.259" classname="dst01" name="dst01_can_create_variants"/>
    <testcase time="0.293000000000006" classname="dst01" name="dst01_can_create_variants"/>
  </testsuite>
  <testsuite name="dtht01" timestamp="2025-02-27T10:06:15Z" hostname="4ed9c1c4acb8" tests="5" skipped="0" failures="0" errors="0" time="1.416">
    <testcase time="0.10499999999999" classname="dtht01" name="dtht01_can_handle_all_NA_values"/>
    <testcase time="0.172000000000011" classname="dtht01" name="dtht01_can_handle_all_NA_values"/>
    <testcase time="0.230999999999995" classname="dtht01" name="dtht01_can_handle_some_NA_values"/>
    <testcase time="0.340000000000003" classname="dtht01" name="dtht01_can_handle_some_NA_values"/>
    <testcase time="0.567999999999998" classname="dtht01" name="dtht01_can_be_parametrize_as_expected"/>
  </testsuite>
  <testsuite name="egt01" timestamp="2025-02-27T10:06:17Z" hostname="4ed9c1c4acb8" tests="3" skipped="0" failures="0" errors="0" time="6.787">
    <testcase time="3.373" classname="egt01" name="egt01_functions_with_default_argument_value_return_expected_result_with_test_data"/>
    <testcase time="1.27399999999999" classname="egt01" name="egt01_can_handle_n_0_and_outputs_NE_instead_of_infs_and_NAs"/>
    <testcase time="2.14" classname="egt01" name="egt01_can_handle_n_0_and_outputs_NE_instead_of_infs_and_NAs"/>
  </testsuite>
  <testsuite name="egt02" timestamp="2025-02-27T10:06:24Z" hostname="4ed9c1c4acb8" tests="2" skipped="0" failures="0" errors="0" time="0.708">
    <testcase time="0.372" classname="egt02" name="egt02_1_functions_with_default_argument_value_return_expected_result_with_test_data"/>
    <testcase time="0.336000000000013" classname="egt02" name="egt02_2_functions_with_default_value_return_expected_result_with_test_data"/>
  </testsuite>
  <testsuite name="egt03" timestamp="2025-02-27T10:06:24Z" hostname="4ed9c1c4acb8" tests="5" skipped="0" failures="0" errors="0" time="3.281">
    <testcase time="1.627" classname="egt03" name="egt03_functions_with_default_argument_value_return_expected_result_with_test_data"/>
    <testcase time="0.0159999999999911" classname="egt03" name="egt03_errors_on_all_NA_values"/>
    <testcase time="0.531000000000006" classname="egt03" name="egt03_can_handle_some_NA_values"/>
    <testcase time="1.09100000000001" classname="egt03" name="egt03_can_handle_some_NA_values"/>
    <testcase time="0.0159999999999911" classname="egt03" name="egt03_fails_on_incomplete_data"/>
  </testsuite>
  <testsuite name="egt05_qtcat" timestamp="2025-02-27T10:06:28Z" hostname="4ed9c1c4acb8" tests="4" skipped="0" failures="0" errors="0" time="3.603">
    <testcase time="2.327" classname="egt05_qtcat" name="egt05_qtcat_functions_with_default_argument_value_return_expected_result_with_test_data"/>
    <testcase time="0.0170000000000101" classname="egt05_qtcat" name="egt05_qtcat_erros_on_all_NA_values"/>
    <testcase time="0.432999999999993" classname="egt05_qtcat" name="egt05_qtcat_can_handle_some_NA_values"/>
    <testcase time="0.826000000000008" classname="egt05_qtcat" name="egt05_qtcat_can_handle_some_NA_values"/>
  </testsuite>
  <testsuite name="empty_report" timestamp="2025-02-27T10:06:31Z" hostname="4ed9c1c4acb8" tests="25" skipped="0" failures="0" errors="0" time="2.943">
    <testcase time="0.108999999999995" classname="empty_report" name="tlg_functions_return_null_reports_when_domain_table_is_empty"/>
    <testcase time="0.489000000000004" classname="empty_report" name="tlg_functions_return_null_reports_when_domain_table_is_empty"/>
    <testcase time="0.180999999999997" classname="empty_report" name="tlg_functions_return_null_reports_when_domain_table_is_empty"/>
    <testcase time="0.102999999999994" classname="empty_report" name="tlg_functions_return_null_reports_when_domain_table_is_empty"/>
    <testcase time="0.102000000000004" classname="empty_report" name="tlg_functions_return_null_reports_when_domain_table_is_empty"/>
    <testcase time="0.0699999999999932" classname="empty_report" name="tlg_functions_return_null_reports_when_domain_table_is_empty"/>
    <testcase time="0.0960000000000036" classname="empty_report" name="tlg_functions_return_null_reports_when_domain_table_is_empty"/>
    <testcase time="0.144999999999996" classname="empty_report" name="tlg_functions_return_null_reports_when_domain_table_is_empty"/>
    <testcase time="0.168000000000006" classname="empty_report" name="tlg_functions_return_null_reports_when_domain_table_is_empty"/>
    <testcase time="0.0840000000000032" classname="empty_report" name="tlg_functions_return_null_reports_when_domain_table_is_empty"/>
    <testcase time="0.0989999999999895" classname="empty_report" name="tlg_functions_return_null_reports_when_domain_table_is_empty"/>
    <testcase time="0.0530000000000115" classname="empty_report" name="tlg_functions_return_null_reports_when_domain_table_is_empty"/>
    <testcase time="0.0499999999999972" classname="empty_report" name="tlg_functions_return_null_reports_when_domain_table_is_empty"/>
    <testcase time="0.0729999999999933" classname="empty_report" name="tlg_functions_return_null_reports_when_domain_table_is_empty"/>
    <testcase time="0.0660000000000025" classname="empty_report" name="tlg_functions_return_null_reports_when_domain_table_is_empty"/>
    <testcase time="0.078000000000003" classname="empty_report" name="tlg_functions_return_null_reports_when_domain_table_is_empty"/>
    <testcase time="0.0840000000000032" classname="empty_report" name="tlg_functions_return_null_reports_when_domain_table_is_empty"/>
    <testcase time="0.103999999999999" classname="empty_report" name="tlg_functions_return_null_reports_when_domain_table_is_empty"/>
    <testcase time="0.325000000000003" classname="empty_report" name="tlg_functions_return_null_reports_when_domain_table_is_empty"/>
    <testcase time="0.0919999999999987" classname="empty_report" name="tlg_functions_return_null_reports_when_domain_table_is_empty"/>
    <testcase time="0.097999999999999" classname="empty_report" name="tlg_functions_return_null_reports_when_domain_table_is_empty"/>
    <testcase time="0.0669999999999931" classname="empty_report" name="tlg_functions_return_null_reports_when_domain_table_is_empty"/>
    <testcase time="0.103000000000009" classname="empty_report" name="tlg_functions_return_null_reports_when_domain_table_is_empty"/>
    <testcase time="0.0509999999999877" classname="empty_report" name="tlg_functions_return_null_reports_when_domain_table_is_empty"/>
    <testcase time="0.0530000000000115" classname="empty_report" name="tlg_functions_return_null_reports_when_domain_table_is_empty"/>
  </testsuite>
  <testsuite name="ext01" timestamp="2025-02-27T10:06:34Z" hostname="4ed9c1c4acb8" tests="12" skipped="0" failures="8" errors="0" time="6.285">
    <testcase time="0.594999999999999" classname="ext01" name="ext01_functions_with_default_argument_value_return_expected_result_with_test_data">
      <failure type="failure" message="Snapshot of code has changed: ('test-ext01.R:7:3')">Snapshot of code has changed:
old[9:28] vs new[9:28]
          n                             11                 7                 7       
          Mean (SD)                157.5 (67.4)      115.4 (62.8)       98.6 (68.8)  
          Median                       174.0             119.0             89.0      
-         Min - Max                53.0 - 239.0      22.0 - 219.0       1.0 - 182.0  
+         Min - Max                  53 - 239          22 - 219           1 - 182    
        Total dose administered                                                      
          n                             11                 7                 7       
          Mean (SD)               6567.3 (1127.1)   7028.6 (1626.1)   6377.1 (863.7) 
          Median                      6720.0            7200.0            6480.0     
-         Min - Max               4800.0 - 8400.0   5280.0 - 9360.0   5280.0 - 7440.0
+         Min - Max                 4800 - 8400       5280 - 9360       5280 - 7440  
      Drug B                                                                         
        Overall duration (days)                                                      
          n                              4                 8                 8       
          Mean (SD)                142.2 (100.3)     105.9 (60.0)      158.2 (96.2)  
          Median                       160.0             95.0              203.0     
-         Min - Max                17.0 - 232.0      37.0 - 211.0      27.0 - 249.0  
+         Min - Max                  17 - 232          37 - 211          27 - 249    
        Total dose administered                                                      
          n                              4                 8                 8       
          Mean (SD)               7020.0 (1148.9)   5250.0 (864.7)    5940.0 (1187.9)
          Median                      6960.0            5160.0            5880.0     
-         Min - Max               5760.0 - 8400.0   4080.0 - 6480.0   4320.0 - 7680.0
+         Min - Max                 5760 - 8400       4080 - 6480       4320 - 7680  

* Run `testthat::snapshot_accept('ext01')` to accept the change.
* Run `testthat::snapshot_review('ext01')` to interactively review the change.</failure>
    </testcase>
    <testcase time="0.626999999999995" classname="ext01" name="ext01_functions_with_categorical_data_return_expected_result_with_test_data">
      <failure type="failure" message="Snapshot of code has changed: ('test-ext01.R:16:3')">Snapshot of code has changed:
old[9:15] vs new[9:15]
          n                             11                 7                 7       
          Mean (SD)               6567.3 (1127.1)   7028.6 (1626.1)   6377.1 (863.7) 
          Median                      6720.0            7200.0            6480.0     
-         Min - Max               4800.0 - 8400.0   5280.0 - 9360.0   5280.0 - 7440.0
+         Min - Max                 4800 - 8400       5280 - 9360       5280 - 7440  
          n                             11                 7                 7       
          &lt;5000                      1 (9.1%)              0                 0       
          5000-7000                  6 (54.5%)         3 (42.9%)         5 (71.4%)   

old[20:26] vs new[20:26]
          n                              4                 8                 8       
          Mean (SD)               7020.0 (1148.9)   5250.0 (864.7)    5940.0 (1187.9)
          Median                      6960.0            5160.0            5880.0     
-         Min - Max               5760.0 - 8400.0   4080.0 - 6480.0   4320.0 - 7680.0
+         Min - Max                 5760 - 8400       4080 - 6480       4320 - 7680  
          n                              4                 8                 8       
          &lt;5000                          0             4 (50.0%)         2 (25.0%)   
          5000-7000                  2 (50.0%)         4 (50.0%)         4 (50.0%)   

* Run `testthat::snapshot_accept('ext01')` to accept the change.
* Run `testthat::snapshot_review('ext01')` to interactively review the change.</failure>
    </testcase>
    <testcase time="0.227000000000004" classname="ext01" name="ext01_works"/>
    <testcase time="0.329999999999998" classname="ext01" name="ext01_works">
      <failure type="failure" message="Snapshot of code has changed: ('test-ext01.R:25:3')">Snapshot of code has changed:
old[9:28] vs new[9:28]
          n                             11                 7                 7       
          Mean (SD)                157.5 (67.4)      115.4 (62.8)       98.6 (68.8)  
          Median                       174.0             119.0             89.0      
-         Min - Max                53.0 - 239.0      22.0 - 219.0       1.0 - 182.0  
+         Min - Max                  53 - 239          22 - 219           1 - 182    
        Total dose administered                                                      
          n                             11                 7                 7       
          Mean (SD)               6567.3 (1127.1)   7028.6 (1626.1)   6377.1 (863.7) 
          Median                      6720.0            7200.0            6480.0     
-         Min - Max               4800.0 - 8400.0   5280.0 - 9360.0   5280.0 - 7440.0
+         Min - Max                 4800 - 8400       5280 - 9360       5280 - 7440  
      Drug B                                                                         
        Overall duration (days)                                                      
          n                              4                 8                 8       
          Mean (SD)                142.2 (100.3)     105.9 (60.0)      158.2 (96.2)  
          Median                       160.0             95.0              203.0     
-         Min - Max                17.0 - 232.0      37.0 - 211.0      27.0 - 249.0  
+         Min - Max                  17 - 232          37 - 211          27 - 249    
        Total dose administered                                                      
          n                              4                 8                 8       
          Mean (SD)               7020.0 (1148.9)   5250.0 (864.7)    5940.0 (1187.9)
          Median                      6960.0            5160.0            5880.0     
-         Min - Max               5760.0 - 8400.0   4080.0 - 6480.0   4320.0 - 7680.0
+         Min - Max                 5760 - 8400       4080 - 6480       4320 - 7680  

* Run `testthat::snapshot_accept('ext01')` to accept the change.
* Run `testthat::snapshot_review('ext01')` to interactively review the change.</failure>
    </testcase>
    <testcase time="0.221999999999994" classname="ext01" name="ext01_works"/>
    <testcase time="0.337000000000003" classname="ext01" name="ext01_works">
      <failure type="failure" message="Snapshot of code has changed: ('test-ext01.R:28:3')">Snapshot of code has changed:
old[9:28] vs new[9:28]
          n                             11                 7                 7       
          Mean (SD)                157.5 (67.4)      115.4 (62.8)       98.6 (68.8)  
          Median                       174.0             119.0             89.0      
-         Min - Max                53.0 - 239.0      22.0 - 219.0       1.0 - 182.0  
+         Min - Max                  53 - 239          22 - 219           1 - 182    
        Total dose administered                                                      
          n                             11                 7                 7       
          Mean (SD)               6567.3 (1127.1)   7028.6 (1626.1)   6377.1 (863.7) 
          Median                      6720.0            7200.0            6480.0     
-         Min - Max               4800.0 - 8400.0   5280.0 - 9360.0   5280.0 - 7440.0
+         Min - Max                 4800 - 8400       5280 - 9360       5280 - 7440  
      Drug B                                                                         
        Overall duration (days)                                                      
          n                              4                 8                 8       
          Mean (SD)                142.2 (100.3)     105.9 (60.0)      158.2 (96.2)  
          Median                       160.0             95.0              203.0     
-         Min - Max                17.0 - 232.0      37.0 - 211.0      27.0 - 249.0  
+         Min - Max                  17 - 232          37 - 211          27 - 249    
        Total dose administered                                                      
          n                              4                 8                 8       
          Mean (SD)               7020.0 (1148.9)   5250.0 (864.7)    5940.0 (1187.9)
          Median                      6960.0            5160.0            5880.0     
-         Min - Max               5760.0 - 8400.0   4080.0 - 6480.0   4320.0 - 7680.0
+         Min - Max                 5760 - 8400       4080 - 6480       4320 - 7680  

* Run `testthat::snapshot_accept('ext01')` to accept the change.
* Run `testthat::snapshot_review('ext01')` to interactively review the change.</failure>
    </testcase>
    <testcase time="0.606000000000009" classname="ext01" name="ext01_works_for_selected_parameters_and_categorical_variables">
      <failure type="failure" message="Snapshot of code has changed: ('test-ext01.R:39:3')">Snapshot of code has changed:
old[9:15] vs new[9:15]
          n                             11                 7                 7       
          Mean (SD)               6567.3 (1127.1)   7028.6 (1626.1)   6377.1 (863.7) 
          Median                      6720.0            7200.0            6480.0     
-         Min - Max               4800.0 - 8400.0   5280.0 - 9360.0   5280.0 - 7440.0
+         Min - Max                 4800 - 8400       5280 - 9360       5280 - 7440  
          n                             11                 7                 7       
          &lt;5000                      1 (9.1%)              0                 0       
          5000-7000                  6 (54.5%)         3 (42.9%)         5 (71.4%)   

old[20:26] vs new[20:26]
          n                              4                 8                 8       
          Mean (SD)               7020.0 (1148.9)   5250.0 (864.7)    5940.0 (1187.9)
          Median                      6960.0            5160.0            5880.0     
-         Min - Max               5760.0 - 8400.0   4080.0 - 6480.0   4320.0 - 7680.0
+         Min - Max                 5760 - 8400       4080 - 6480       4320 - 7680  
          n                              4                 8                 8       
          &lt;5000                          0             4 (50.0%)         2 (25.0%)   
          5000-7000                  2 (50.0%)         4 (50.0%)         4 (50.0%)   

* Run `testthat::snapshot_accept('ext01')` to accept the change.
* Run `testthat::snapshot_review('ext01')` to interactively review the change.</failure>
    </testcase>
    <testcase time="0.910999999999987" classname="ext01" name="ext01_works_with_custom_mapping_order">
      <failure type="failure" message="Snapshot of code has changed: ('test-ext01.R:51:3')">Snapshot of code has changed:
old[9:15] vs new[9:15]
          n                             11                 7                 7       
          Mean (SD)                157.5 (67.4)      115.4 (62.8)       98.6 (68.8)  
          Median                       174.0             119.0             89.0      
-         Min - Max                53.0 - 239.0      22.0 - 219.0       1.0 - 182.0  
+         Min - Max                  53 - 239          22 - 219           1 - 182    
          n                             11                 7                 7       
          &lt; 1 month                      0             1 (14.3%)         1 (14.3%)   
          3 to &lt;6 months             3 (27.3%)         4 (57.1%)         2 (28.6%)   

old[19:25] vs new[19:25]
          n                             11                 7                 7       
          Mean (SD)               6567.3 (1127.1)   7028.6 (1626.1)   6377.1 (863.7) 
          Median                      6720.0            7200.0            6480.0     
-         Min - Max               4800.0 - 8400.0   5280.0 - 9360.0   5280.0 - 7440.0
+         Min - Max                 4800 - 8400       5280 - 9360       5280 - 7440  
          n                             11                 7                 7       
          &lt;5000                      1 (9.1%)              0                 0       
          5000-7000                  6 (54.5%)         3 (42.9%)         5 (71.4%)   

old[30:36] vs new[30:36]
          n                              4                 8                 8       
          Mean (SD)                142.2 (100.3)     105.9 (60.0)      158.2 (96.2)  
          Median                       160.0             95.0              203.0     
-         Min - Max                17.0 - 232.0      37.0 - 211.0      27.0 - 249.0  
+         Min - Max                  17 - 232          37 - 211          27 - 249    
          n                              4                 8                 8       
          &lt; 1 month                  1 (25.0%)             0             1 (12.5%)   
          3 to &lt;6 months             1 (25.0%)         3 (37.5%)             0       

old[40:46] vs new[40:46]
          n                              4                 8                 8       
          Mean (SD)               7020.0 (1148.9)   5250.0 (864.7)    5940.0 (1187.9)
          Median                      6960.0            5160.0            5880.0     
-         Min - Max               5760.0 - 8400.0   4080.0 - 6480.0   4320.0 - 7680.0
+         Min - Max                 5760 - 8400       4080 - 6480       4320 - 7680  
          n                              4                 8                 8       
          &lt;5000                          0             4 (50.0%)         2 (25.0%)   
          5000-7000                  2 (50.0%)         4 (50.0%)         4 (50.0%)   

* Run `testthat::snapshot_accept('ext01')` to accept the change.
* Run `testthat::snapshot_review('ext01')` to interactively review the change.</failure>
    </testcase>
    <testcase time="0.922000000000011" classname="ext01" name="ext01_works_with_custom_mapping_order_for_a_single_split">
      <failure type="failure" message="Snapshot of code has changed: ('test-ext01.R:61:3')">Snapshot of code has changed:
old[9:15] vs new[9:15]
          n                             11                 7                 7       
          Mean (SD)                157.5 (67.4)      115.4 (62.8)       98.6 (68.8)  
          Median                       174.0             119.0             89.0      
-         Min - Max                53.0 - 239.0      22.0 - 219.0       1.0 - 182.0  
+         Min - Max                  53 - 239          22 - 219           1 - 182    
          n                             11                 7                 7       
          &lt; 1 month                      0             1 (14.3%)         1 (14.3%)   
          3 to &lt;6 months             3 (27.3%)         4 (57.1%)         2 (28.6%)   

old[19:25] vs new[19:25]
          n                             11                 7                 7       
          Mean (SD)               6567.3 (1127.1)   7028.6 (1626.1)   6377.1 (863.7) 
          Median                      6720.0            7200.0            6480.0     
-         Min - Max               4800.0 - 8400.0   5280.0 - 9360.0   5280.0 - 7440.0
+         Min - Max                 4800 - 8400       5280 - 9360       5280 - 7440  
          n                             11                 7                 7       
          &lt;5000                      1 (9.1%)              0                 0       
          5000-7000                  6 (54.5%)         3 (42.9%)         5 (71.4%)   

old[30:36] vs new[30:36]
          n                              4                 8                 8       
          Mean (SD)               7020.0 (1148.9)   5250.0 (864.7)    5940.0 (1187.9)
          Median                      6960.0            5160.0            5880.0     
-         Min - Max               5760.0 - 8400.0   4080.0 - 6480.0   4320.0 - 7680.0
+         Min - Max                 5760 - 8400       4080 - 6480       4320 - 7680  
          n                              4                 8                 8       
          &lt;5000                          0             4 (50.0%)         2 (25.0%)   
          5000-7000                  2 (50.0%)         4 (50.0%)         4 (50.0%)   

old[39:45] vs new[39:45]
          n                              4                 8                 8       
          Mean (SD)                142.2 (100.3)     105.9 (60.0)      158.2 (96.2)  
          Median                       160.0             95.0              203.0     
-         Min - Max                17.0 - 232.0      37.0 - 211.0      27.0 - 249.0  
+         Min - Max                  17 - 232          37 - 211          27 - 249    
          n                              4                 8                 8       
          &lt; 1 month                  1 (25.0%)             0             1 (12.5%)   
          1 to &lt;3 months                 0             4 (50.0%)         2 (25.0%)   

* Run `testthat::snapshot_accept('ext01')` to accept the change.
* Run `testthat::snapshot_review('ext01')` to interactively review the change.</failure>
    </testcase>
    <testcase time="0.954999999999998" classname="ext01" name="ext01_works_with_custom_mapping_fill_in_value">
      <failure type="failure" message="Snapshot of code has changed: ('test-ext01.R:73:3')">Snapshot of code has changed:
old[9:15] vs new[9:15]
          n                             11                 7                 7       
          Mean (SD)                157.5 (67.4)      115.4 (62.8)       98.6 (68.8)  
          Median                       174.0             119.0             89.0      
-         Min - Max                53.0 - 239.0      22.0 - 219.0       1.0 - 182.0  
+         Min - Max                  53 - 239          22 - 219           1 - 182    
          n                             11                 7                 7       
          &lt; 1 month                      0             1 (14.3%)         1 (14.3%)   
          3 to &lt;6 months             3 (27.3%)         4 (57.1%)         2 (28.6%)   

old[20:26] vs new[20:26]
          n                             11                 7                 7       
          Mean (SD)               6567.3 (1127.1)   7028.6 (1626.1)   6377.1 (863.7) 
          Median                      6720.0            7200.0            6480.0     
-         Min - Max               4800.0 - 8400.0   5280.0 - 9360.0   5280.0 - 7440.0
+         Min - Max                 4800 - 8400       5280 - 9360       5280 - 7440  
          n                             11                 7                 7       
          &lt;5000                      1 (9.1%)              0                 0       
          5000-7000                  6 (54.5%)         3 (42.9%)         5 (71.4%)   

old[31:37] vs new[31:37]
          n                              4                 8                 8       
          Mean (SD)                142.2 (100.3)     105.9 (60.0)      158.2 (96.2)  
          Median                       160.0             95.0              203.0     
-         Min - Max                17.0 - 232.0      37.0 - 211.0      27.0 - 249.0  
+         Min - Max                  17 - 232          37 - 211          27 - 249    
          n                              4                 8                 8       
          &lt; 1 month                  1 (25.0%)             0             1 (12.5%)   
          3 to &lt;6 months             1 (25.0%)         3 (37.5%)             0       

old[42:48] vs new[42:48]
          n                              4                 8                 8       
          Mean (SD)               7020.0 (1148.9)   5250.0 (864.7)    5940.0 (1187.9)
          Median                      6960.0            5160.0            5880.0     
-         Min - Max               5760.0 - 8400.0   4080.0 - 6480.0   4320.0 - 7680.0
+         Min - Max                 5760 - 8400       4080 - 6480       4320 - 7680  
          n                              4                 8                 8       
          &lt;5000                          0             4 (50.0%)         2 (25.0%)   
          5000-7000                  2 (50.0%)         4 (50.0%)         4 (50.0%)   

* Run `testthat::snapshot_accept('ext01')` to accept the change.
* Run `testthat::snapshot_review('ext01')` to interactively review the change.</failure>
    </testcase>
    <testcase time="0.536999999999992" classname="ext01" name="ext01_precision_argument_works_as_expeted"/>
    <testcase time="0.0160000000000053" classname="ext01" name="ext01_precision_argument_works_as_expeted"/>
  </testsuite>
  <testsuite name="fstg01" timestamp="2025-02-27T10:06:40Z" hostname="4ed9c1c4acb8" tests="13" skipped="0" failures="0" errors="0" time="7.093">
    <testcase time="0.0130000000000052" classname="fstg01" name="fstg01_works_as_expected"/>
    <testcase time="1.37599999999999" classname="fstg01" name="fstg01_works_as_expected"/>
    <testcase time="0.00300000000000011" classname="fstg01" name="fstg01_works_as_expected"/>
    <testcase time="1.34" classname="fstg01" name="fstg01_works_as_expected_with_custom_color_set"/>
    <testcase time="0.00300000000000011" classname="fstg01" name="fstg01_works_as_expected_with_custom_color_set"/>
    <testcase time="1.349" classname="fstg01" name="fstg01_works_as_expected_with_custom_color_set"/>
    <testcase time="0.00300000000000011" classname="fstg01" name="fstg01_works_as_expected_with_custom_color_set"/>
    <testcase time="0.694999999999993" classname="fstg01" name="fstg01_works_if_changes_are_in_subgroups_conf_level_and_label_all"/>
    <testcase time="0.00400000000000489" classname="fstg01" name="fstg01_works_if_changes_are_in_subgroups_conf_level_and_label_all"/>
    <testcase time="0.924999999999997" classname="fstg01" name="fstg01_works_if_changes_are_in_subgroups_conf_level_and_label_all"/>
    <testcase time="0.00300000000000011" classname="fstg01" name="fstg01_works_if_changes_are_in_subgroups_conf_level_and_label_all"/>
    <testcase time="1.376" classname="fstg01" name="fstg01_can_handle_some_NA_values_in_subgroups"/>
    <testcase time="0.00300000000000011" classname="fstg01" name="fstg01_can_handle_some_NA_values_in_subgroups"/>
  </testsuite>
  <testsuite name="fstg02" timestamp="2025-02-27T10:06:47Z" hostname="4ed9c1c4acb8" tests="9" skipped="0" failures="0" errors="0" time="9.001">
    <testcase time="0.0189999999999912" classname="fstg02" name="fstg02_works_as_expected"/>
    <testcase time="1.325" classname="fstg02" name="fstg02_works_as_expected"/>
    <testcase time="1.495" classname="fstg02" name="fstg02_works_as_expected_with_custom_color_set"/>
    <testcase time="1.181" classname="fstg02" name="fstg02_works_as_expected_with_custom_color_set"/>
    <testcase time="0.561999999999998" classname="fstg02" name="fstg02_works_if_changes_are_in_subgroups_strata_var_conf_level_and_label_all"/>
    <testcase time="0.784999999999997" classname="fstg02" name="fstg02_works_if_changes_are_in_subgroups_strata_var_conf_level_and_label_all"/>
    <testcase time="1.17400000000001" classname="fstg02" name="fstg02_can_handle_some_NA_values_in_subgroups"/>
    <testcase time="1.197" classname="fstg02" name="fstg02_can_handle_customized_time_units"/>
    <testcase time="1.26299999999999" classname="fstg02" name="fstg02_can_handle_customized_time_units"/>
  </testsuite>
  <testsuite name="kmg01" timestamp="2025-02-27T10:06:56Z" hostname="4ed9c1c4acb8" tests="13" skipped="0" failures="0" errors="0" time="2.125">
    <testcase time="0.0130000000000052" classname="kmg01" name="kmg01_works_as_expected"/>
    <testcase time="0.375" classname="kmg01" name="kmg01_works_as_expected"/>
    <testcase time="0.00300000000000011" classname="kmg01" name="kmg01_works_as_expected"/>
    <testcase time="0.370000000000005" classname="kmg01" name="kmg01_works_as_expected_with_custom_color_set"/>
    <testcase time="0.00300000000000011" classname="kmg01" name="kmg01_works_as_expected_with_custom_color_set"/>
    <testcase time="0.359999999999999" classname="kmg01" name="kmg01_works_as_expected_with_custom_color_set"/>
    <testcase time="0.00300000000000011" classname="kmg01" name="kmg01_works_as_expected_with_custom_color_set"/>
    <testcase time="0.364999999999995" classname="kmg01" name="kmg01_works_if_change_pvalue_ties_and_conf_level"/>
    <testcase time="0.00300000000000011" classname="kmg01" name="kmg01_works_if_change_pvalue_ties_and_conf_level"/>
    <testcase time="0.376999999999995" classname="kmg01" name="kmg01_works_if_change_annotation_position"/>
    <testcase time="0.00300000000000011" classname="kmg01" name="kmg01_works_if_change_annotation_position"/>
    <testcase time="0.247" classname="kmg01" name="kmg01_works_for_stratified_analysis"/>
    <testcase time="0.00300000000000011" classname="kmg01" name="kmg01_works_for_stratified_analysis"/>
  </testsuite>
  <testsuite name="lbt01" timestamp="2025-02-27T10:06:59Z" hostname="4ed9c1c4acb8" tests="4" skipped="0" failures="0" errors="0" time="9.553">
    <testcase time="3.089" classname="lbt01" name="lbt01_functions_with_default_argument_value_return_expected_result_with_test_data"/>
    <testcase time="3.28800000000001" classname="lbt01" name="lbt01_functions_with_row_split_var_return_expected_result_with_test_data"/>
    <testcase time="1.01499999999999" classname="lbt01" name="lbt01_can_handle_n_0_and_outputs_NE_instead_of_infs_and_NAs"/>
    <testcase time="2.161" classname="lbt01" name="lbt01_can_handle_n_0_and_outputs_NE_instead_of_infs_and_NAs"/>
  </testsuite>
  <testsuite name="lbt04" timestamp="2025-02-27T10:07:08Z" hostname="4ed9c1c4acb8" tests="8" skipped="0" failures="0" errors="0" time="3.177">
    <testcase time="1.02700000000002" classname="lbt04" name="lbt04_functions_with_default_argument_value_return_expected_result_with_test_data"/>
    <testcase time="0.0849999999999795" classname="lbt04" name="lbt04_can_handle_all_NA_values"/>
    <testcase time="0.0740000000000123" classname="lbt04" name="lbt04_can_handle_all_NA_values"/>
    <testcase time="0.318000000000012" classname="lbt04" name="lbt04_can_handle_missing_levels"/>
    <testcase time="0.676999999999992" classname="lbt04" name="lbt04_can_handle_missing_levels"/>
    <testcase time="0.313999999999993" classname="lbt04" name="lbt04_can_handle_some_NA_values"/>
    <testcase time="0.667000000000002" classname="lbt04" name="lbt04_can_handle_some_NA_values"/>
    <testcase time="0.0150000000000148" classname="lbt04" name="lbt04_fails_on_incomlete_data"/>
  </testsuite>
  <testsuite name="lbt05" timestamp="2025-02-27T10:07:11Z" hostname="4ed9c1c4acb8" tests="8" skipped="0" failures="0" errors="0" time="2.827">
    <testcase time="0.726999999999975" classname="lbt05" name="lbt05_functions_with_default_argument_value_return_expected_result_with_test_data"/>
    <testcase time="0.285000000000025" classname="lbt05" name="lbt05_functions_with_default_argument_value_return_expected_result_with_test_data"/>
    <testcase time="0.317999999999984" classname="lbt05" name="lbt05_give_all_0_count_if_ANRIND_are_all_missing"/>
    <testcase time="0.311000000000007" classname="lbt05" name="lbt05_can_handle_some_NA_values"/>
    <testcase time="0.417000000000002" classname="lbt05" name="lbt05_can_handle_some_NA_values"/>
    <testcase time="0.0509999999999877" classname="lbt05" name="lbt05_fails_on_incomlete_data"/>
    <testcase time="0.308999999999997" classname="lbt05" name="lbt05_works_with_missing_levels"/>
    <testcase time="0.40900000000002" classname="lbt05" name="lbt05_works_with_missing_levels"/>
  </testsuite>
  <testsuite name="lbt06" timestamp="2025-02-27T10:07:14Z" hostname="4ed9c1c4acb8" tests="3" skipped="0" failures="0" errors="0" time="3.92">
    <testcase time="1.035" classname="lbt06" name="lbt06_gives_all_0_count_if_ANRIND_and_BNRIND_are_all_missing"/>
    <testcase time="2.85399999999998" classname="lbt06" name="lbt06_can_handle_some_NA_values"/>
    <testcase time="0.0310000000000059" classname="lbt06" name="lbt06_fails_on_incomplete_data"/>
  </testsuite>
  <testsuite name="lbt07" timestamp="2025-02-27T10:07:18Z" hostname="4ed9c1c4acb8" tests="4" skipped="0" failures="0" errors="0" time="1.745">
    <testcase time="0.848000000000013" classname="lbt07" name="lbt07_functions_with_default_argument_value_return_expected_result_with_test_data"/>
    <testcase time="0.419999999999987" classname="lbt07" name="lbt07_can_handle_some_NA_values"/>
    <testcase time="0.442000000000007" classname="lbt07" name="lbt07_can_handle_some_NA_values"/>
    <testcase time="0.0349999999999966" classname="lbt07" name="lbt07_fails_on_incomlete_data"/>
  </testsuite>
  <testsuite name="lbt14" timestamp="2025-02-27T10:07:20Z" hostname="4ed9c1c4acb8" tests="20" skipped="0" failures="0" errors="0" time="8.243">
    <testcase time="0.685000000000002" classname="lbt14" name="lbt14_functions_with_default_argument_value_return_expected_result_with_test_data"/>
    <testcase time="0.520999999999987" classname="lbt14" name="lbt14_functions_with_default_argument_value_return_expected_result_with_test_data_when_direction_high"/>
    <testcase time="0.620000000000005" classname="lbt14" name="lbt14_functions_with_gr_missing_excl_return_expected_result_with_test_data"/>
    <testcase time="0.634999999999991" classname="lbt14" name="lbt14_functions_with_gr_missing_gr_0_return_expected_result_with_test_data"/>
    <testcase time="0.381" classname="lbt14" name="lbt14_can_handle_all_NA_values"/>
    <testcase time="0.136000000000024" classname="lbt14" name="lbt14_can_handle_all_NA_values"/>
    <testcase time="0.442999999999984" classname="lbt14" name="lbt14_can_handle_some_NA_values"/>
    <testcase time="0.331000000000017" classname="lbt14" name="lbt14_can_handle_some_NA_values"/>
    <testcase time="1.38799999999998" classname="lbt14" name="lbt14_can_accept_different_gr_missing"/>
    <testcase time="0.509000000000015" classname="lbt14" name="lbt14_can_accept_different_gr_missing"/>
    <testcase time="0.246999999999986" classname="lbt14" name="lbt14_can_accept_different_gr_missing"/>
    <testcase time="0.0170000000000243" classname="lbt14" name="lbt14_fails_on_incomlete_data"/>
    <testcase time="0.350000000000023" classname="lbt14" name="lbt14_can_handle_all_NA_values_with_direction_high"/>
    <testcase time="0.129999999999995" classname="lbt14" name="lbt14_can_handle_all_NA_values_with_direction_high"/>
    <testcase time="0.36099999999999" classname="lbt14" name="lbt14_can_handle_some_NA_values_with_direction_high"/>
    <testcase time="0.159999999999997" classname="lbt14" name="lbt14_can_handle_some_NA_values_with_direction_high"/>
    <testcase time="1.04500000000002" classname="lbt14" name="lbt14_can_accept_different_gr_missing_with_direction_high"/>
    <testcase time="0.133999999999986" classname="lbt14" name="lbt14_can_accept_different_gr_missing_with_direction_high"/>
    <testcase time="0.13300000000001" classname="lbt14" name="lbt14_can_accept_different_gr_missing_with_direction_high"/>
    <testcase time="0.0169999999999959" classname="lbt14" name="lbt14_fails_on_incomlete_data"/>
  </testsuite>
  <testsuite name="lbt15" timestamp="2025-02-27T10:07:28Z" hostname="4ed9c1c4acb8" tests="12" skipped="0" failures="0" errors="0" time="5.686">
    <testcase time="0.925000000000011" classname="lbt15" name="lbt15_functions_with_default_argument_value_return_expected_result_with_test_data"/>
    <testcase time="0.296999999999997" classname="lbt15" name="lbt15_can_handle_all_NA_values"/>
    <testcase time="0.627999999999986" classname="lbt15" name="lbt15_can_handle_all_NA_values"/>
    <testcase time="0.299000000000007" classname="lbt15" name="lbt15_can_handle_missing_levels"/>
    <testcase time="0.637" classname="lbt15" name="lbt15_can_handle_missing_levels"/>
    <testcase time="0.316000000000003" classname="lbt15" name="lbt15_can_handle_missing_levels_in_baseline"/>
    <testcase time="0.662000000000006" classname="lbt15" name="lbt15_can_handle_missing_levels_in_baseline"/>
    <testcase time="0.304000000000002" classname="lbt15" name="lbt15_can_handle_some_NA_values"/>
    <testcase time="0.638999999999982" classname="lbt15" name="lbt15_can_handle_some_NA_values"/>
    <testcase time="0.316000000000003" classname="lbt15" name="lbt15_can_handle_some_NA_values_in_baseline"/>
    <testcase time="0.646000000000015" classname="lbt15" name="lbt15_can_handle_some_NA_values_in_baseline"/>
    <testcase time="0.0170000000000243" classname="lbt15" name="lbt15_fails_on_incomlete_data"/>
  </testsuite>
  <testsuite name="mht01" timestamp="2025-02-27T10:07:34Z" hostname="4ed9c1c4acb8" tests="4" skipped="0" failures="0" errors="0" time="3.155">
    <testcase time="0.661999999999978" classname="mht01" name="mht01_functions_with_default_argument_value_return_expected_result_with_test_data"/>
    <testcase time="0.649000000000001" classname="mht01" name="mht01_works"/>
    <testcase time="0.685000000000002" classname="mht01" name="mht01_works_on_NULL_in_lbl_mhbodsys_or_lbl_mhdecod"/>
    <testcase time="1.15899999999999" classname="mht01" name="mht01_works_with_other_row_split_var"/>
  </testsuite>
  <testsuite name="mng01" timestamp="2025-02-27T10:07:37Z" hostname="4ed9c1c4acb8" tests="19" skipped="8" failures="0" errors="0" time="8.461">
    <testcase time="0.908000000000015" classname="mng01" name="mng01_works_as_expected_with_default_argument_values"/>
    <testcase time="0.00100000000000477" classname="mng01" name="mng01_works_as_expected_with_default_argument_values">
      <skipped message="Reason: On CI ('test-mng01.R:9:5')"/>
    </testcase>
    <testcase time="0.914999999999992" classname="mng01" name="mng01_works_as_expected_with_custom_argument_values"/>
    <testcase time="0.0109999999999957" classname="mng01" name="mng01_works_as_expected_with_custom_argument_values"/>
    <testcase time="0.00100000000000477" classname="mng01" name="mng01_works_as_expected_with_custom_argument_values">
      <skipped message="Reason: On CI ('test-mng01.R:45:5')"/>
    </testcase>
    <testcase time="0.925999999999988" classname="mng01" name="mng01_works_as_expected_with_custom_color_set"/>
    <testcase time="0.88900000000001" classname="mng01" name="mng01_works_as_expected_with_custom_color_set"/>
    <testcase time="0.00100000000000477" classname="mng01" name="mng01_works_as_expected_with_custom_color_set">
      <skipped message="Reason: On CI ('test-mng01.R:69:5')"/>
    </testcase>
    <testcase time="0.921999999999997" classname="mng01" name="mng01_works_as_expected_with_custom_line_type_set"/>
    <testcase time="0.917000000000002" classname="mng01" name="mng01_works_as_expected_with_custom_line_type_set"/>
    <testcase time="0.00100000000000477" classname="mng01" name="mng01_works_as_expected_with_custom_line_type_set">
      <skipped message="Reason: On CI ('test-mng01.R:91:5')"/>
    </testcase>
    <testcase time="0.158999999999992" classname="mng01" name="mng01_works_with_table_NULL"/>
    <testcase time="0.00100000000000477" classname="mng01" name="mng01_works_with_table_NULL">
      <skipped message="Reason: On CI ('test-mng01.R:104:5')"/>
    </testcase>
    <testcase time="0.919999999999987" classname="mng01" name="mng01_works_with_combination_of_x_variables"/>
    <testcase time="0.00100000000000477" classname="mng01" name="mng01_works_with_combination_of_x_variables">
      <skipped message="Reason: On CI ('test-mng01.R:122:5')"/>
    </testcase>
    <testcase time="0.936000000000007" classname="mng01" name="mng01_works_with_numeric_x_variable"/>
    <testcase time="0.00100000000000477" classname="mng01" name="mng01_works_with_numeric_x_variable">
      <skipped message="Reason: On CI ('test-mng01.R:143:5')"/>
    </testcase>
    <testcase time="0.949999999999989" classname="mng01" name="mng01_works_with_numeric_jitter"/>
    <testcase time="0.00100000000000477" classname="mng01" name="mng01_works_with_numeric_jitter">
      <skipped message="Reason: On CI ('test-mng01.R:161:5')"/>
    </testcase>
  </testsuite>
  <testsuite name="pdt01" timestamp="2025-02-27T10:07:45Z" hostname="4ed9c1c4acb8" tests="5" skipped="0" failures="0" errors="0" time="1.171">
    <testcase time="0.443000000000012" classname="pdt01" name="pdt01_function_with_default_argument_value_return_expected_result_with_test_data"/>
    <testcase time="0.119" classname="pdt01" name="pdt01_can_handle_all_NA_values"/>
    <testcase time="0.152999999999992" classname="pdt01" name="pdt01_can_handle_all_NA_values"/>
    <testcase time="0.204999999999984" classname="pdt01" name="pdt01_can_handle_some_NA_values"/>
    <testcase time="0.251000000000005" classname="pdt01" name="pdt01_can_handle_some_NA_values"/>
  </testsuite>
  <testsuite name="pdt02" timestamp="2025-02-27T10:07:47Z" hostname="4ed9c1c4acb8" tests="5" skipped="0" failures="0" errors="0" time="0.964">
    <testcase time="0.316000000000003" classname="pdt02" name="pdt02_function_with_default_argument_value_return_expected_result_with_test_data"/>
    <testcase time="0.126000000000005" classname="pdt02" name="pdt02_can_handle_all_NA_values"/>
    <testcase time="0.197000000000003" classname="pdt02" name="pdt02_can_handle_all_NA_values"/>
    <testcase time="0.132000000000005" classname="pdt02" name="pdt02_can_handle_some_NA_values"/>
    <testcase time="0.192999999999984" classname="pdt02" name="pdt02_can_handle_some_NA_values"/>
  </testsuite>
  <testsuite name="reexports" timestamp="2025-02-27T10:07:48Z" hostname="4ed9c1c4acb8" tests="2" skipped="0" failures="0" errors="0" time="0.016">
    <testcase time="0.0100000000000193" classname="reexports" name="with_label_exported_correctly"/>
    <testcase time="0.00600000000000023" classname="reexports" name="reformat_exported_correctly"/>
  </testsuite>
  <testsuite name="report_null" timestamp="2025-02-27T10:07:48Z" hostname="4ed9c1c4acb8" tests="12" skipped="0" failures="0" errors="0" time="0.161">
    <testcase time="0.0159999999999911" classname="report_null" name="report_null_works_as_expected_with_NULL_"/>
    <testcase time="0.00999999999999091" classname="report_null" name="report_null_works_as_expected_with_NULL_"/>
    <testcase time="0.0330000000000155" classname="report_null" name="report_null_works_as_expected_with_VTableTree_"/>
    <testcase time="0.0249999999999773" classname="report_null" name="report_null_works_as_expected_with_VTableTree_"/>
    <testcase time="0.0100000000000193" classname="report_null" name="report_null_works_as_expected_with_VTableTree_"/>
    <testcase time="0.00899999999998613" classname="report_null" name="report_null_works_as_expected_with_listing_df_"/>
    <testcase time="0.0109999999999957" classname="report_null" name="report_null_works_as_expected_with_listing_df_"/>
    <testcase time="0.0109999999999957" classname="report_null" name="report_null_works_as_expected_with_listing_df_"/>
    <testcase time="0.00800000000000978" classname="report_null" name="report_null_works_as_expected_with_list_"/>
    <testcase time="0.0200000000000102" classname="report_null" name="report_null_works_as_expected_with_list_"/>
    <testcase time="0.00499999999999545" classname="report_null" name="report_null_works_as_expected_with_by_default"/>
    <testcase time="0.0029999999999859" classname="report_null" name="report_null_works_as_expected_with_by_default"/>
  </testsuite>
  <testsuite name="rmpt01" timestamp="2025-02-27T10:07:48Z" hostname="4ed9c1c4acb8" tests="11" skipped="0" failures="0" errors="0" time="1.479">
    <testcase time="0.215000000000003" classname="rmpt01" name="rmpt01_function_with_default_argument_value_return_expected_result_with_test_data"/>
    <testcase time="0.0630000000000166" classname="rmpt01" name="rmpt01_can_handle_NA_values"/>
    <testcase time="0.156000000000006" classname="rmpt01" name="rmpt01_can_handle_NA_values"/>
    <testcase time="0.126999999999981" classname="rmpt01" name="rmpt01_can_handle_NA_values"/>
    <testcase time="0.254000000000019" classname="rmpt01" name="rmpt01_can_handle_NA_values"/>
    <testcase time="0.0629999999999882" classname="rmpt01" name="rmpt01_can_handle_some_NA_values"/>
    <testcase time="0.149000000000001" classname="rmpt01" name="rmpt01_can_handle_some_NA_values"/>
    <testcase time="0.131" classname="rmpt01" name="rmpt01_can_handle_some_NA_values"/>
    <testcase time="0.257000000000005" classname="rmpt01" name="rmpt01_can_handle_some_NA_values"/>
    <testcase time="0.0349999999999966" classname="rmpt01" name="rmpt01_fails_on_incomlete_data"/>
    <testcase time="0.0289999999999964" classname="rmpt01" name="rmpt01_fails_on_incomlete_data"/>
  </testsuite>
  <testsuite name="rmpt03" timestamp="2025-02-27T10:07:49Z" hostname="4ed9c1c4acb8" tests="12" skipped="0" failures="0" errors="0" time="2.172">
    <testcase time="0.359999999999985" classname="rmpt03" name="rmpt03_function_with_default_argument_value_return_expected_result_with_test_data"/>
    <testcase time="0.115000000000009" classname="rmpt03" name="rmpt03_can_handle_NA_values"/>
    <testcase time="0.227000000000004" classname="rmpt03" name="rmpt03_can_handle_NA_values"/>
    <testcase time="0.183999999999997" classname="rmpt03" name="rmpt03_can_handle_NA_values"/>
    <testcase time="0.334000000000003" classname="rmpt03" name="rmpt03_can_handle_NA_values"/>
    <testcase time="0.11699999999999" classname="rmpt03" name="rmpt03_can_handle_some_NA_values"/>
    <testcase time="0.231000000000023" classname="rmpt03" name="rmpt03_can_handle_some_NA_values"/>
    <testcase time="0.183999999999997" classname="rmpt03" name="rmpt03_can_handle_some_NA_values"/>
    <testcase time="0.310000000000002" classname="rmpt03" name="rmpt03_can_handle_some_NA_values"/>
    <testcase time="0.0579999999999927" classname="rmpt03" name="rmpt03_fails_on_incomlete_data"/>
    <testcase time="0.032999999999987" classname="rmpt03" name="rmpt03_fails_on_incomlete_data"/>
    <testcase time="0.0190000000000055" classname="rmpt03" name="rmpt03_fails_on_incomlete_data"/>
  </testsuite>
  <testsuite name="rmpt04" timestamp="2025-02-27T10:07:51Z" hostname="4ed9c1c4acb8" tests="10" skipped="0" failures="0" errors="0" time="1.052">
    <testcase time="0.187999999999988" classname="rmpt04" name="rmpt04_function_with_default_argument_value_return_expected_result_with_test_data"/>
    <testcase time="0.0740000000000123" classname="rmpt04" name="rmpt04_can_handle_NA_values"/>
    <testcase time="0.13300000000001" classname="rmpt04" name="rmpt04_can_handle_NA_values"/>
    <testcase time="0.0559999999999832" classname="rmpt04" name="rmpt04_can_handle_NA_values"/>
    <testcase time="0.143000000000001" classname="rmpt04" name="rmpt04_can_handle_NA_values"/>
    <testcase time="0.0620000000000118" classname="rmpt04" name="rmpt04_can_handle_some_NA_values"/>
    <testcase time="0.123999999999995" classname="rmpt04" name="rmpt04_can_handle_some_NA_values"/>
    <testcase time="0.0569999999999879" classname="rmpt04" name="rmpt04_can_handle_some_NA_values"/>
    <testcase time="0.15300000000002" classname="rmpt04" name="rmpt04_can_handle_some_NA_values"/>
    <testcase time="0.0619999999999834" classname="rmpt04" name="rmpt04_fails_on_incomlete_data"/>
  </testsuite>
  <testsuite name="rmpt05" timestamp="2025-02-27T10:07:52Z" hostname="4ed9c1c4acb8" tests="10" skipped="0" failures="0" errors="0" time="1.125">
    <testcase time="0.213999999999999" classname="rmpt05" name="rmpt05_function_with_default_argument_value_return_expected_result_with_test_data"/>
    <testcase time="0.0600000000000023" classname="rmpt05" name="rmpt05_can_handle_NA_values"/>
    <testcase time="0.128999999999991" classname="rmpt05" name="rmpt05_can_handle_NA_values"/>
    <testcase time="0.078000000000003" classname="rmpt05" name="rmpt05_can_handle_NA_values"/>
    <testcase time="0.13300000000001" classname="rmpt05" name="rmpt05_can_handle_NA_values"/>
    <testcase time="0.0629999999999882" classname="rmpt05" name="rmpt05_can_handle_some_NA_values"/>
    <testcase time="0.156000000000006" classname="rmpt05" name="rmpt05_can_handle_some_NA_values"/>
    <testcase time="0.0649999999999977" classname="rmpt05" name="rmpt05_can_handle_some_NA_values"/>
    <testcase time="0.14500000000001" classname="rmpt05" name="rmpt05_can_handle_some_NA_values"/>
    <testcase time="0.0819999999999936" classname="rmpt05" name="rmpt05_fails_on_incomlete_data"/>
  </testsuite>
  <testsuite name="rmpt06" timestamp="2025-02-27T10:07:54Z" hostname="4ed9c1c4acb8" tests="6" skipped="0" failures="0" errors="0" time="2.182">
    <testcase time="0.593999999999994" classname="rmpt06" name="rmpt06_works_as_expected"/>
    <testcase time="0.637" classname="rmpt06" name="rmpt06_works_as_expected_with_show_diff_TRUE"/>
    <testcase time="0.25" classname="rmpt06" name="rmpt06_can_handle_all_NA_values"/>
    <testcase time="0.308000000000021" classname="rmpt06" name="rmpt06_can_handle_all_NA_values"/>
    <testcase time="0.22799999999998" classname="rmpt06" name="rmpt06_can_handle_all_NA_values"/>
    <testcase time="0.16500000000002" classname="rmpt06" name="rmpt06_can_handle_all_NA_values"/>
  </testsuite>
  <testsuite name="rspt01" timestamp="2025-02-27T10:07:56Z" hostname="4ed9c1c4acb8" tests="27" skipped="0" failures="0" errors="0" time="8.035">
    <testcase time="0.0159999999999911" classname="rspt01" name="rspt01_works_as_expected"/>
    <testcase time="0.326999999999998" classname="rspt01" name="rspt01_works_as_expected"/>
    <testcase time="0.274000000000001" classname="rspt01" name="rspt01_works_as_expected"/>
    <testcase time="0.324999999999989" classname="rspt01" name="rspt01_works_as_expected_for_stratified_and_unstratified_analysis"/>
    <testcase time="0.322000000000003" classname="rspt01" name="rspt01_works_as_expected_for_stratified_and_unstratified_analysis"/>
    <testcase time="0.364000000000004" classname="rspt01" name="rspt01_works_as_expected_for_stratified_and_unstratified_analysis"/>
    <testcase time="0.325000000000017" classname="rspt01" name="rspt01_works_as_expected_for_stratified_and_unstratified_analysis"/>
    <testcase time="0.259999999999991" classname="rspt01" name="rspt01_works_as_expected_for_unstratified_analysis_only"/>
    <testcase time="0.262" classname="rspt01" name="rspt01_works_as_expected_for_unstratified_analysis_only"/>
    <testcase time="0.286000000000001" classname="rspt01" name="rspt01_works_as_expected_for_unstratified_analysis_only"/>
    <testcase time="0.266999999999996" classname="rspt01" name="rspt01_works_as_expected_for_unstratified_analysis_only"/>
    <testcase time="0.263000000000005" classname="rspt01" name="rspt01_works_as_expected_for_stratified_analysis_only"/>
    <testcase time="0.254999999999995" classname="rspt01" name="rspt01_works_as_expected_for_stratified_analysis_only"/>
    <testcase time="0.287999999999982" classname="rspt01" name="rspt01_works_as_expected_for_stratified_analysis_only"/>
    <testcase time="0.265000000000015" classname="rspt01" name="rspt01_works_as_expected_for_stratified_analysis_only"/>
    <testcase time="0.289999999999992" classname="rspt01" name="rspt01_works_if_change_reference_group"/>
    <testcase time="0.27000000000001" classname="rspt01" name="rspt01_works_if_change_reference_group"/>
    <testcase time="0.356999999999999" classname="rspt01" name="rspt01_works_if_change_reference_group"/>
    <testcase time="0.322999999999979" classname="rspt01" name="rspt01_works_if_change_reference_group"/>
    <testcase time="0.289000000000016" classname="rspt01" name="rspt01_works_if_change_statistic_methods"/>
    <testcase time="0.27000000000001" classname="rspt01" name="rspt01_works_if_change_statistic_methods"/>
    <testcase time="0.363" classname="rspt01" name="rspt01_works_if_change_statistic_methods"/>
    <testcase time="0.361000000000018" classname="rspt01" name="rspt01_works_if_change_statistic_methods"/>
    <testcase time="0.292999999999978" classname="rspt01" name="rspt01_works_if_change_confidence_interval"/>
    <testcase time="0.506" classname="rspt01" name="rspt01_works_if_change_confidence_interval"/>
    <testcase time="0.325000000000017" classname="rspt01" name="rspt01_works_if_change_confidence_interval"/>
    <testcase time="0.288999999999987" classname="rspt01" name="rspt01_works_if_change_confidence_interval"/>
  </testsuite>
  <testsuite name="ttet01" timestamp="2025-02-27T10:08:04Z" hostname="4ed9c1c4acb8" tests="16" skipped="0" failures="0" errors="0" time="5.176">
    <testcase time="0.0160000000000196" classname="ttet01" name="ttet01_works_as_expected"/>
    <testcase time="0.405999999999977" classname="ttet01" name="ttet01_works_as_expected"/>
    <testcase time="0.461000000000013" classname="ttet01" name="ttet01_works_as_expected"/>
    <testcase time="0.0190000000000055" classname="ttet01" name="ttet01_returns_an_error_when_one_level_or_arm_var_is_empty"/>
    <testcase time="0.310000000000002" classname="ttet01" name="ttet01_works_as_expected_for_stratified_and_unstratified_analysis"/>
    <testcase time="0.322000000000003" classname="ttet01" name="ttet01_works_as_expected_for_stratified_and_unstratified_analysis"/>
    <testcase time="0.407999999999987" classname="ttet01" name="ttet01_works_as_expected_for_stratified_and_unstratified_analysis"/>
    <testcase time="0.396999999999991" classname="ttet01" name="ttet01_works_as_expected_for_stratified_and_unstratified_analysis"/>
    <testcase time="0.322000000000003" classname="ttet01" name="ttet01_works_as_expected_for_stratified_analysis_only"/>
    <testcase time="0.320999999999998" classname="ttet01" name="ttet01_works_as_expected_for_stratified_analysis_only"/>
    <testcase time="0.361000000000018" classname="ttet01" name="ttet01_works_as_expected_for_stratified_analysis_only"/>
    <testcase time="0.364999999999981" classname="ttet01" name="ttet01_works_as_expected_for_stratified_analysis_only"/>
    <testcase time="0.316000000000003" classname="ttet01" name="ttet01_works_if_change_reference_group"/>
    <testcase time="0.319000000000017" classname="ttet01" name="ttet01_works_if_change_reference_group"/>
    <testcase time="0.400999999999982" classname="ttet01" name="ttet01_works_if_change_reference_group"/>
    <testcase time="0.432000000000016" classname="ttet01" name="ttet01_works_if_change_reference_group"/>
  </testsuite>
  <testsuite name="unwrap" timestamp="2025-02-27T10:08:09Z" hostname="4ed9c1c4acb8" tests="12" skipped="0" failures="0" errors="0" time="0.163">
    <testcase time="0.0139999999999816" classname="unwrap" name="unwrap_layout_works_as_expected_with_standard_chevron_t_main_function"/>
    <testcase time="0.00100000000000477" classname="unwrap" name="unwrap_layout_works_as_expected_with_standard_chevron_t_main_function"/>
    <testcase time="0.00100000000000477" classname="unwrap" name="unwrap_layout_works_as_expected_with_standard_chevron_t_main_function"/>
    <testcase time="0.0250000000000057" classname="unwrap" name="unwrap_layout_works_as_expected_with_standard_chevron_t_main_function"/>
    <testcase time="0.0120000000000005" classname="unwrap" name="unwrap_layout_works_as_expected_with_standard_chevron_g_main_function"/>
    <testcase time="0.007000000000005" classname="unwrap" name="unwrap_layout_works_as_expected_with_standard_chevron_l_main_function"/>
    <testcase time="0.00699999999997658" classname="unwrap" name="unwrap_layout_works_as_expected_with_a_custom_function_without_layout_function"/>
    <testcase time="0.0310000000000059" classname="unwrap" name="unwrap_layout_works_as_expected_with_a_custom_function_with_layout_function"/>
    <testcase time="0.00100000000000477" classname="unwrap" name="unwrap_layout_works_as_expected_with_a_custom_function_with_layout_function"/>
    <testcase time="0.0320000000000107" classname="unwrap" name="unwrap_layout_works_as_expected_with_multiple_layout_function"/>
    <testcase time="0.0309999999999775" classname="unwrap" name="unwrap_layout_works_as_expected_on_custom_function_with_overwritten_layout_function"/>
    <testcase time="0.00100000000000477" classname="unwrap" name="unwrap_layout_works_as_expected_on_custom_function_with_overwritten_layout_function"/>
  </testsuite>
  <testsuite name="utils" timestamp="2025-02-27T10:08:09Z" hostname="4ed9c1c4acb8" tests="81" skipped="0" failures="0" errors="0" time="2.399">
    <testcase time="0.0109999999999957" classname="utils" name="h_format_dec_works_as_exected"/>
    <testcase time="0.00300000000001432" classname="utils" name="h_format_dec_works_as_exected"/>
    <testcase time="0.00100000000000477" classname="utils" name="h_format_dec_works_as_exected"/>
    <testcase time="0.0029999999999859" classname="utils" name="h_format_dec_works_as_exected"/>
    <testcase time="0.00200000000000955" classname="utils" name="h_format_dec_works_as_exected"/>
    <testcase time="0.0029999999999859" classname="utils" name="h_format_dec_works_as_exected"/>
    <testcase time="0.00100000000000477" classname="utils" name="h_format_dec_works_as_exected"/>
    <testcase time="0.00300000000001432" classname="utils" name="h_format_dec_works_as_exected"/>
    <testcase time="0.00199999999998113" classname="utils" name="h_format_dec_works_as_exected"/>
    <testcase time="0.00900000000001455" classname="utils" name="h_format_dec_works_as_exected"/>
    <testcase time="0.00200000000000955" classname="utils" name="h_format_dec_works_as_exected"/>
    <testcase time="0.00399999999999068" classname="utils" name="h_format_dec_works_as_exected"/>
    <testcase time="0.00600000000000023" classname="utils" name="h_format_dec_works_as_expected_with_more_than_one_value"/>
    <testcase time="0.0029999999999859" classname="utils" name="h_format_dec_works_as_expected_with_more_than_one_value"/>
    <testcase time="0.00600000000000023" classname="utils" name="h_format_dec_works_as_expected_with_NA_digits"/>
    <testcase time="0.00600000000000023" classname="utils" name="fuse_sequentially_works"/>
    <testcase time="0.00300000000001432" classname="utils" name="fuse_sequentially_works"/>
    <testcase time="0.0109999999999957" classname="utils" name="ifneeded_split_row_works_as_expected"/>
    <testcase time="0.00600000000000023" classname="utils" name="ifneeded_split_row_works_as_expected"/>
    <testcase time="0.0749999999999886" classname="utils" name="_unnamed_"/>
    <testcase time="0.0649999999999977" classname="utils" name="_unnamed_"/>
    <testcase time="0.0650000000000261" classname="utils" name="_unnamed_"/>
    <testcase time="0.0499999999999829" classname="utils" name="_unnamed_"/>
    <testcase time="0.00300000000001432" classname="utils" name="droplevels.character_works_as_expected"/>
    <testcase time="0.00199999999998113" classname="utils" name="droplevels.character_works_as_expected"/>
    <testcase time="0.00499999999999545" classname="utils" name="lvls.character_works_as_expected"/>
    <testcase time="0.00900000000001455" classname="utils" name="lvls.character_works_as_expected"/>
    <testcase time="0.00600000000000023" classname="utils" name="lvls.factor_works_as_expected"/>
    <testcase time="0.00399999999999068" classname="utils" name="lvls.factor_works_as_expected"/>
    <testcase time="0.00499999999999545" classname="utils" name="lvls.default_works_as_expected"/>
    <testcase time="0.00300000000001432" classname="utils" name="lvls.default_works_as_expected"/>
    <testcase time="0.00399999999999068" classname="utils" name="quote_str_works_as_expected"/>
    <testcase time="0.00300000000001432" classname="utils" name="quote_str_works_as_expected"/>
    <testcase time="0.00499999999999545" classname="utils" name="quote_str_works_as_expected"/>
    <testcase time="0.00499999999999545" classname="utils" name="modify_default_args_works_as_expected"/>
    <testcase time="0.00300000000001432" classname="utils" name="modify_default_args_works_as_expected"/>
    <testcase time="0.00399999999999068" classname="utils" name="execute_with_args_works_as_expected"/>
    <testcase time="0.0029999999999859" classname="utils" name="execute_with_args_works_as_expected"/>
    <testcase time="0.00200000000000955" classname="utils" name="execute_with_args_works_as_expected"/>
    <testcase time="0.00300000000001432" classname="utils" name="execute_with_args_works_as_expected"/>
    <testcase time="0.000999999999976353" classname="utils" name="execute_with_args_works_as_expected"/>
    <testcase time="0.00300000000001432" classname="utils" name="execute_with_args_works_as_expected"/>
    <testcase time="0.00200000000000955" classname="utils" name="execute_with_args_works_as_expected"/>
    <testcase time="0.0029999999999859" classname="utils" name="execute_with_args_works_as_expected"/>
    <testcase time="0.00100000000000477" classname="utils" name="execute_with_args_works_as_expected"/>
    <testcase time="0.0029999999999859" classname="utils" name="execute_with_args_works_as_expected"/>
    <testcase time="0.00200000000000955" classname="utils" name="execute_with_args_works_as_expected"/>
    <testcase time="0.00200000000000955" classname="utils" name="execute_with_args_works_as_expected"/>
    <testcase time="0.00499999999999545" classname="utils" name="do_call_work_as_expected"/>
    <testcase time="0.0029999999999859" classname="utils" name="do_call_work_as_expected"/>
    <testcase time="0.00800000000000978" classname="utils" name="do_call_errors_as_expected"/>
    <testcase time="0.00600000000000023" classname="utils" name="do_call_errors_as_expected"/>
    <testcase time="0.00499999999999545" classname="utils" name="convert_to_month_work_as_expected"/>
    <testcase time="0.00300000000001432" classname="utils" name="convert_to_month_work_as_expected"/>
    <testcase time="0.00199999999998113" classname="utils" name="convert_to_month_work_as_expected"/>
    <testcase time="0.00300000000001432" classname="utils" name="convert_to_month_work_as_expected"/>
    <testcase time="0.00199999999998113" classname="utils" name="convert_to_month_work_as_expected"/>
    <testcase time="0.00300000000001432" classname="utils" name="convert_to_month_work_as_expected"/>
    <testcase time="0.00899999999998613" classname="utils" name="convert_to_month_warning_messages_as_expected"/>
    <testcase time="0.0100000000000193" classname="utils" name="gg_theme_chevron_works_as_expected"/>
    <testcase time="0.00100000000000477" classname="utils" name="gg_theme_chevron_works_as_expected"/>
    <testcase time="0.00199999999998113" classname="utils" name="gg_theme_chevron_works_as_expected"/>
    <testcase time="0.00499999999999545" classname="utils" name="gg_theme_chevron_works_as_expected"/>
    <testcase time="0.00100000000000477" classname="utils" name="gg_theme_chevron_works_as_expected"/>
    <testcase time="0.00200000000000955" classname="utils" name="gg_theme_chevron_works_as_expected"/>
    <testcase time="0.00600000000000023" classname="utils" name="modify_character_works"/>
    <testcase time="0.0029999999999859" classname="utils" name="modify_character_works"/>
    <testcase time="0.007000000000005" classname="utils" name="expand_list_works"/>
    <testcase time="0.00300000000001432" classname="utils" name="expand_list_works"/>
    <testcase time="0.00499999999999545" classname="utils" name="set_section_div_works"/>
    <testcase time="0.00499999999999545" classname="utils" name="set_section_div_works"/>
    <testcase time="0.00399999999999068" classname="utils" name="set_section_div_works"/>
    <testcase time="0.00300000000001432" classname="utils" name="set_section_div_works"/>
    <testcase time="0.00600000000000023" classname="utils" name="get_section_div_works"/>
    <testcase time="0.0029999999999859" classname="utils" name="get_section_div_works"/>
    <testcase time="0.932000000000016" classname="utils" name="grob_list_is_deprecated"/>
    <testcase time="0.905000000000001" classname="utils" name="gg_list_is_deprecated"/>
    <testcase time="0.00799999999998136" classname="utils" name="format_date_works_as_expected_for_POSIXct"/>
    <testcase time="0.00300000000001432" classname="utils" name="format_date_works_as_expected_for_POSIXct"/>
    <testcase time="0.007000000000005" classname="utils" name="format_date_works_as_expected_for_Date"/>
    <testcase time="0.0029999999999859" classname="utils" name="format_date_works_as_expected_for_Date"/>
  </testsuite>
  <testsuite name="vst01" timestamp="2025-02-27T10:08:11Z" hostname="4ed9c1c4acb8" tests="3" skipped="0" failures="0" errors="0" time="4.676">
    <testcase time="2.31999999999999" classname="vst01" name="vst01_functions_with_default_argument_value_return_expected_result_with_test_data"/>
    <testcase time="0.77000000000001" classname="vst01" name="run_vst01_works_as_expected"/>
    <testcase time="1.58600000000001" classname="vst01" name="run_vst01_works_as_expected"/>
  </testsuite>
  <testsuite name="vst02" timestamp="2025-02-27T10:08:16Z" hostname="4ed9c1c4acb8" tests="2" skipped="0" failures="0" errors="0" time="0.961">
    <testcase time="0.486999999999995" classname="vst02" name="vst02_functions_with_default_argument_value_return_expected_result_with_test_data"/>
    <testcase time="0.47399999999999" classname="vst02" name="vst02_functions_return_expected_result_with_test_data_when_excluding_subject_with_baseline_abnormality"/>
  </testsuite>
</testsuites>
