<?xml version="1.0" encoding="UTF-8"?>
<testsuites>
  <testsuite name="ael01_nollt" timestamp="2023-09-15T23:12:33Z" hostname="cfd65505ff6d" tests="8" skipped="4" failures="0" errors="0" time="1.78">
    <testcase time="0.693" classname="ael01_nollt" name="ael01_nollt_works_with_admh_dataset"/>
    <testcase time="0.344" classname="ael01_nollt" name="ael01_nollt_works_with_admh_dataset">
      <skipped message="Reason: On CRAN ('test-ael01_nollt.R:7:3')"/>
    </testcase>
    <testcase time="0.133" classname="ael01_nollt" name="ael01_nollt_works_with_non_default_label"/>
    <testcase time="0.229" classname="ael01_nollt" name="ael01_nollt_works_with_non_default_label">
      <skipped message="Reason: On CRAN ('test-ael01_nollt.R:20:3')"/>
    </testcase>
    <testcase time="0.0890000000000004" classname="ael01_nollt" name="ael01_nollt_can_handle_all_missing_values"/>
    <testcase time="0.077" classname="ael01_nollt" name="ael01_nollt_can_handle_all_missing_values">
      <skipped message="Reason: On CRAN ('test-ael01_nollt.R:33:3')"/>
    </testcase>
    <testcase time="0.0729999999999995" classname="ael01_nollt" name="ael01_nollt_can_handle_some_missing_values"/>
    <testcase time="0.142" classname="ael01_nollt" name="ael01_nollt_can_handle_some_missing_values">
      <skipped message="Reason: On CRAN ('test-ael01_nollt.R:48:3')"/>
    </testcase>
  </testsuite>
  <testsuite name="aet01" timestamp="2023-09-15T23:12:34Z" hostname="cfd65505ff6d" tests="9" skipped="4" failures="0" errors="0" time="3.748">
    <testcase time="0.752" classname="aet01" name="aet01_can_handle_all_NA_values"/>
    <testcase time="0.408" classname="aet01" name="aet01_can_handle_all_NA_values">
      <skipped message="Reason: On CRAN ('test-aet01.R:12:3')"/>
    </testcase>
    <testcase time="0.504" classname="aet01" name="aet01_can_handle_some_NA_values"/>
    <testcase time="0.403" classname="aet01" name="aet01_can_handle_some_NA_values">
      <skipped message="Reason: On CRAN ('test-aet01.R:29:3')"/>
    </testcase>
    <testcase time="0.366" classname="aet01" name="aet01_can_use_custom_anl_vars"/>
    <testcase time="0.229" classname="aet01" name="aet01_can_use_custom_anl_vars">
      <skipped message="Reason: On CRAN ('test-aet01.R:35:3')"/>
    </testcase>
    <testcase time="0.119" classname="aet01" name="aet01_fails_on_incomplete_data_input"/>
    <testcase time="0.528" classname="aet01" name="aet01_can_use_custom_medconcept_var"/>
    <testcase time="0.439" classname="aet01" name="aet01_can_use_custom_medconcept_var">
      <skipped message="Reason: On CRAN ('test-aet01.R:65:3')"/>
    </testcase>
  </testsuite>
  <testsuite name="aet01_aesi" timestamp="2023-09-15T23:12:38Z" hostname="cfd65505ff6d" tests="7" skipped="3" failures="0" errors="0" time="2.857">
    <testcase time="0.44" classname="aet01_aesi" name="aet01_aesi_can_handle_all_NA_values"/>
    <testcase time="0.399000000000001" classname="aet01_aesi" name="aet01_aesi_can_handle_all_NA_values">
      <skipped message="Reason: On CRAN ('test-aet01_aesi.R:17:3')"/>
    </testcase>
    <testcase time="0.426" classname="aet01_aesi" name="aet01_aesi_can_handle_some_NA_values"/>
    <testcase time="0.395" classname="aet01_aesi" name="aet01_aesi_can_handle_some_NA_values">
      <skipped message="Reason: On CRAN ('test-aet01_aesi.R:30:3')"/>
    </testcase>
    <testcase time="0.497" classname="aet01_aesi" name="aet01_aesi_works_with_ALL_argument"/>
    <testcase time="0.599" classname="aet01_aesi" name="aet01_aesi_works_with_ALL_argument">
      <skipped message="Reason: On CRAN ('test-aet01_aesi.R:36:3')"/>
    </testcase>
    <testcase time="0.100999999999999" classname="aet01_aesi" name="aet01_aesi_check_fails_on_incomplete_data_input"/>
  </testsuite>
  <testsuite name="aet02" timestamp="2023-09-15T23:12:41Z" hostname="cfd65505ff6d" tests="3" skipped="1" failures="0" errors="0" time="3.168">
    <testcase time="0.0920000000000005" classname="aet02" name="aet02_fails_on_incomplete_data_input"/>
    <testcase time="0.170999999999999" classname="aet02" name="aet02_handle_empty_data_input"/>
    <testcase time="2.905" classname="aet02" name="aet02_can_have_different_levels_of_row_split">
      <skipped message="Reason: On CRAN ('test-aet02.R:30:3')"/>
    </testcase>
  </testsuite>
  <testsuite name="aet03" timestamp="2023-09-15T23:12:44Z" hostname="cfd65505ff6d" tests="4" skipped="2" failures="0" errors="0" time="4.582">
    <testcase time="0.562999999999999" classname="aet03" name="aet03_can_handle_NA_values"/>
    <testcase time="0.351000000000001" classname="aet03" name="aet03_can_handle_NA_values">
      <skipped message="Reason: On CRAN ('test-aet03.R:10:3')"/>
    </testcase>
    <testcase time="2.588" classname="aet03" name="aet03_can_handle_some_NA_values"/>
    <testcase time="1.08" classname="aet03" name="aet03_can_handle_some_NA_values">
      <skipped message="Reason: On CRAN ('test-aet03.R:27:3')"/>
    </testcase>
  </testsuite>
  <testsuite name="aet04" timestamp="2023-09-15T23:12:49Z" hostname="cfd65505ff6d" tests="4" skipped="2" failures="0" errors="0" time="7.667">
    <testcase time="0.895" classname="aet04" name="aet04_can_handle_NA_values"/>
    <testcase time="0.611999999999998" classname="aet04" name="aet04_can_handle_NA_values">
      <skipped message="Reason: On CRAN ('test-aet04.R:10:3')"/>
    </testcase>
    <testcase time="4.435" classname="aet04" name="aet04_can_handle_some_NA_values"/>
    <testcase time="1.725" classname="aet04" name="aet04_can_handle_some_NA_values">
      <skipped message="Reason: On CRAN ('test-aet04.R:32:3')"/>
    </testcase>
  </testsuite>
  <testsuite name="aet05" timestamp="2023-09-15T23:12:56Z" hostname="cfd65505ff6d" tests="4" skipped="2" failures="0" errors="0" time="1.246">
    <testcase time="0.280000000000001" classname="aet05" name="aet05_can_handle_NA_values"/>
    <testcase time="0.350999999999999" classname="aet05" name="aet05_can_handle_NA_values">
      <skipped message="Reason: On CRAN ('test-aet05.R:7:3')"/>
    </testcase>
    <testcase time="0.228000000000002" classname="aet05" name="aet05_can_handle_some_NA_values"/>
    <testcase time="0.387" classname="aet05" name="aet05_can_handle_some_NA_values">
      <skipped message="Reason: On CRAN ('test-aet05.R:24:3')"/>
    </testcase>
  </testsuite>
  <testsuite name="aet05_all" timestamp="2023-09-15T23:12:58Z" hostname="cfd65505ff6d" tests="4" skipped="2" failures="0" errors="0" time="1.213">
    <testcase time="0.247" classname="aet05_all" name="aet05_all_can_handle_NA_values"/>
    <testcase time="0.338999999999999" classname="aet05_all" name="aet05_all_can_handle_NA_values">
      <skipped message="Reason: On CRAN ('test-aet05_all.R:7:3')"/>
    </testcase>
    <testcase time="0.251999999999999" classname="aet05_all" name="aet05_all_can_handle_some_NA_values"/>
    <testcase time="0.375" classname="aet05_all" name="aet05_all_can_handle_some_NA_values">
      <skipped message="Reason: On CRAN ('test-aet05_all.R:21:3')"/>
    </testcase>
  </testsuite>
  <testsuite name="aet10" timestamp="2023-09-15T23:12:59Z" hostname="cfd65505ff6d" tests="4" skipped="2" failures="0" errors="0" time="0.763">
    <testcase time="0.122" classname="aet10" name="aet10_can_handle_NA_values"/>
    <testcase time="0.148000000000003" classname="aet10" name="aet10_can_handle_NA_values">
      <skipped message="Reason: On CRAN ('test-aet10.R:10:3')"/>
    </testcase>
    <testcase time="0.175999999999998" classname="aet10" name="aet10_can_handle_some_NA_values"/>
    <testcase time="0.317" classname="aet10" name="aet10_can_handle_some_NA_values">
      <skipped message="Reason: On CRAN ('test-aet10.R:24:3')"/>
    </testcase>
  </testsuite>
  <testsuite name="assertions" timestamp="2023-09-15T23:13:00Z" hostname="cfd65505ff6d" tests="38" skipped="0" failures="0" errors="0" time="0.329">
    <testcase time="0.0300000000000011" classname="assertions" name="assert_one_tablenames_works_as_expected"/>
    <testcase time="0.00300000000000011" classname="assertions" name="assert_one_tablenames_works_as_expected"/>
    <testcase time="0.00799999999999912" classname="assertions" name="assert_one_tablenames_works_as_expected"/>
    <testcase time="0.0120000000000005" classname="assertions" name="assert_one_tablenames_works_as_expected"/>
    <testcase time="0.0109999999999992" classname="assertions" name="assert_all_tablenames_works_as_expected"/>
    <testcase time="0.00799999999999912" classname="assertions" name="assert_all_tablenames_works_as_expected"/>
    <testcase time="0.00799999999999912" classname="assertions" name="assert_all_tablenames_works_as_expected"/>
    <testcase time="0.0100000000000016" classname="assertions" name="assert_valid_var.character_works_as_expected"/>
    <testcase time="0.00799999999999912" classname="assertions" name="assert_valid_var.character_works_as_expected"/>
    <testcase time="0.00799999999999912" classname="assertions" name="assert_valid_var.character_works_as_expected"/>
    <testcase time="0.00800000000000267" classname="assertions" name="assert_valid_var.character_works_as_expected"/>
    <testcase time="0.00199999999999889" classname="assertions" name="assert_valid_var.character_works_as_expected"/>
    <testcase time="0.0109999999999992" classname="assertions" name="assert_valid_var.factor_works_as_expected"/>
    <testcase time="0.00799999999999912" classname="assertions" name="assert_valid_var.factor_works_as_expected"/>
    <testcase time="0.00800000000000267" classname="assertions" name="assert_valid_var.factor_works_as_expected"/>
    <testcase time="0.00799999999999912" classname="assertions" name="assert_valid_var.factor_works_as_expected"/>
    <testcase time="0.00199999999999889" classname="assertions" name="assert_valid_var.factor_works_as_expected"/>
    <testcase time="0.0110000000000028" classname="assertions" name="assert_valid_var.logical_works_as_expected"/>
    <testcase time="0.0179999999999971" classname="assertions" name="assert_valid_var.logical_works_as_expected"/>
    <testcase time="0.0100000000000016" classname="assertions" name="assert_valid_var.logical_works_as_expected"/>
    <testcase time="0.00300000000000011" classname="assertions" name="assert_valid_var.logical_works_as_expected"/>
    <testcase time="0.0109999999999992" classname="assertions" name="assert_valid_var.numeric_works_as_expected"/>
    <testcase time="0.00700000000000145" classname="assertions" name="assert_valid_var.numeric_works_as_expected"/>
    <testcase time="0.00799999999999912" classname="assertions" name="assert_valid_var.numeric_works_as_expected"/>
    <testcase time="0.00199999999999889" classname="assertions" name="assert_valid_var.numeric_works_as_expected"/>
    <testcase time="0.00799999999999912" classname="assertions" name="assert_valid_var.numeric_works_as_expected"/>
    <testcase time="0.00200000000000244" classname="assertions" name="assert_valid_var.numeric_works_as_expected"/>
    <testcase time="0.0109999999999992" classname="assertions" name="assert_valid_variable_works_as_expected"/>
    <testcase time="0.00300000000000011" classname="assertions" name="assert_valid_variable_works_as_expected"/>
    <testcase time="0.0129999999999981" classname="assertions" name="assert_valid_variable_works_as_expected"/>
    <testcase time="0.00200000000000244" classname="assertions" name="assert_valid_variable_works_as_expected"/>
    <testcase time="0.0129999999999981" classname="assertions" name="assert_valid_variable_works_as_expected"/>
    <testcase time="0.00300000000000011" classname="assertions" name="assert_valid_variable_works_as_expected"/>
    <testcase time="0.0100000000000016" classname="assertions" name="assert_valid_var_pair_works_as_expected_with_character"/>
    <testcase time="0.0109999999999992" classname="assertions" name="assert_valid_var_pair_works_as_expected_with_character"/>
    <testcase time="0.0100000000000016" classname="assertions" name="assert_valid_var_pair_works_as_expected_with_factor"/>
    <testcase time="0.00999999999999801" classname="assertions" name="assert_valid_var_pair_works_as_expected_with_factor"/>
    <testcase time="0.0100000000000016" classname="assertions" name="assert_valid_var_pair_works_as_expected_with_factor"/>
  </testsuite>
  <testsuite name="cfbt01" timestamp="2023-09-15T23:13:00Z" hostname="cfd65505ff6d" tests="3" skipped="2" failures="0" errors="0" time="15.76">
    <testcase time="11.693" classname="cfbt01" name="cfbt01_functions_with_default_argument_value_return_expected_result_with_test_data">
      <skipped message="Reason: On CRAN ('test-cfbt01.R:7:3')"/>
    </testcase>
    <testcase time="1.57" classname="cfbt01" name="cfbt01_can_handle_n_0_and_outputs_NE_instead_of_infs_and_NAs"/>
    <testcase time="2.497" classname="cfbt01" name="cfbt01_can_handle_n_0_and_outputs_NE_instead_of_infs_and_NAs">
      <skipped message="Reason: On CRAN ('test-cfbt01.R:22:3')"/>
    </testcase>
  </testsuite>
  <testsuite name="checks" timestamp="2023-09-15T23:13:16Z" hostname="cfd65505ff6d" tests="8" skipped="0" failures="0" errors="0" time="0.064">
    <testcase time="0.027000000000001" classname="checks" name="check_all_colnames_works_as_expected"/>
    <testcase time="0.00600000000000023" classname="checks" name="check_all_colnames_works_as_expected"/>
    <testcase time="0.00200000000000244" classname="checks" name="check_all_colnames_works_as_expected"/>
    <testcase time="0.00499999999999545" classname="checks" name="check_all_colnames_works_as_expected"/>
    <testcase time="0.0100000000000051" classname="checks" name="check_one_colnames_works_as_expected"/>
    <testcase time="0.00600000000000023" classname="checks" name="check_one_colnames_works_as_expected"/>
    <testcase time="0.00199999999999534" classname="checks" name="check_one_colnames_works_as_expected"/>
    <testcase time="0.00600000000000023" classname="checks" name="check_one_colnames_works_as_expected"/>
  </testsuite>
  <testsuite name="chevron_tlg-class" timestamp="2023-09-15T23:13:16Z" hostname="cfd65505ff6d" tests="24" skipped="0" failures="0" errors="0" time="0.142">
    <testcase time="0.0159999999999982" classname="chevron_tlg_class" name="chevron_t_object_can_be_constructed_with_default_values"/>
    <testcase time="0.00600000000000023" classname="chevron_tlg_class" name="chevron_t_object_can_be_constructed_with_default_values"/>
    <testcase time="0.0120000000000005" classname="chevron_tlg_class" name="chevron_t_object_can_be_constructed_with_custom_values"/>
    <testcase time="0.00600000000000023" classname="chevron_tlg_class" name="chevron_t_object_can_be_constructed_with_custom_values"/>
    <testcase time="0.00300000000000011" classname="chevron_tlg_class" name="chevron_t_object_can_be_constructed_with_custom_values"/>
    <testcase time="0.00600000000000023" classname="chevron_tlg_class" name="chevron_t_object_can_be_constructed_with_custom_values"/>
    <testcase time="0.0110000000000028" classname="chevron_tlg_class" name="chevron_t_constructor_returns_an_error_when_expected"/>
    <testcase time="0.00200000000000244" classname="chevron_tlg_class" name="chevron_t_constructor_returns_an_error_when_expected"/>
    <testcase time="0.000999999999997669" classname="chevron_tlg_class" name="chevron_t_constructor_returns_an_error_when_expected"/>
    <testcase time="0.000999999999997669" classname="chevron_tlg_class" name="chevron_t_constructor_returns_an_error_when_expected"/>
    <testcase time="0.00200000000000244" classname="chevron_tlg_class" name="chevron_t_constructor_returns_an_error_when_expected"/>
    <testcase time="0.000999999999997669" classname="chevron_tlg_class" name="chevron_t_constructor_returns_an_error_when_expected"/>
    <testcase time="0.0200000000000031" classname="chevron_tlg_class" name="chevron_l_object_can_be_constructed_with_default_values"/>
    <testcase time="0.0069999999999979" classname="chevron_tlg_class" name="chevron_l_object_can_be_constructed_with_default_values"/>
    <testcase time="0.0150000000000006" classname="chevron_tlg_class" name="chevron_g_object_can_be_constructed_with_custom_values"/>
    <testcase time="0.00600000000000023" classname="chevron_tlg_class" name="chevron_g_object_can_be_constructed_with_custom_values"/>
    <testcase time="0.00399999999999778" classname="chevron_tlg_class" name="chevron_g_object_can_be_constructed_with_custom_values"/>
    <testcase time="0.00499999999999545" classname="chevron_tlg_class" name="chevron_g_object_can_be_constructed_with_custom_values"/>
    <testcase time="0.0110000000000028" classname="chevron_tlg_class" name="chevron_g_constructor_returns_an_error_when_expected"/>
    <testcase time="0.000999999999997669" classname="chevron_tlg_class" name="chevron_g_constructor_returns_an_error_when_expected"/>
    <testcase time="0.00200000000000244" classname="chevron_tlg_class" name="chevron_g_constructor_returns_an_error_when_expected"/>
    <testcase time="0.000999999999997669" classname="chevron_tlg_class" name="chevron_g_constructor_returns_an_error_when_expected"/>
    <testcase time="0.00200000000000244" classname="chevron_tlg_class" name="chevron_g_constructor_returns_an_error_when_expected"/>
    <testcase time="0.000999999999997669" classname="chevron_tlg_class" name="chevron_g_constructor_returns_an_error_when_expected"/>
  </testsuite>
  <testsuite name="chevron_tlg-methods" timestamp="2023-09-15T23:13:16Z" hostname="cfd65505ff6d" tests="30" skipped="9" failures="0" errors="0" time="14.664">
    <testcase time="5.805" classname="chevron_tlg_methods" name="run_works_as_expected_for_chevron_t_object">
      <skipped message="Reason: On CRAN ('test-chevron_tlg-methods.R:5:3')"/>
    </testcase>
    <testcase time="0.917999999999999" classname="chevron_tlg_methods" name="run_works_as_expected_for_chevron_t_object_when_auto_pre_FALSE">
      <skipped message="Reason: On CRAN ('test-chevron_tlg-methods.R:13:3')"/>
    </testcase>
    <testcase time="1.046" classname="chevron_tlg_methods" name="run_works_as_expected_with_argument_printed">
      <skipped message="Reason: On CRAN ('test-chevron_tlg-methods.R:18:3')"/>
    </testcase>
    <testcase time="1.701" classname="chevron_tlg_methods" name="run_works_as_expected_with_argument_printed_if_the_user_argument_is_complicated">
      <skipped message="Reason: On CRAN ('test-chevron_tlg-methods.R:25:3')"/>
    </testcase>
    <testcase time="0.969999999999999" classname="chevron_tlg_methods" name="run_works_as_expected_with_partial_match_argument">
      <skipped message="Reason: On CRAN ('test-chevron_tlg-methods.R:31:3')"/>
    </testcase>
    <testcase time="0.0180000000000007" classname="chevron_tlg_methods" name="args_ls_works_as_expected"/>
    <testcase time="0.00100000000000477" classname="chevron_tlg_methods" name="args_ls_works_as_expected"/>
    <testcase time="0.00199999999999534" classname="chevron_tlg_methods" name="args_ls_works_as_expected"/>
    <testcase time="0.0100000000000051" classname="chevron_tlg_methods" name="args_ls_works_as_expected_when_simplify_is_TRUE"/>
    <testcase time="0.000999999999997669" classname="chevron_tlg_methods" name="args_ls_works_as_expected_when_simplify_is_TRUE"/>
    <testcase time="0.000999999999997669" classname="chevron_tlg_methods" name="args_ls_works_as_expected_when_simplify_is_TRUE"/>
    <testcase time="0.0120000000000005" classname="chevron_tlg_methods" name="args_ls_works_as_expected_with_custom_chevron_tlg_object"/>
    <testcase time="0.00100000000000477" classname="chevron_tlg_methods" name="args_ls_works_as_expected_with_custom_chevron_tlg_object"/>
    <testcase time="0.00199999999999534" classname="chevron_tlg_methods" name="args_ls_works_as_expected_with_custom_chevron_tlg_object"/>
    <testcase time="0.00400000000000489" classname="chevron_tlg_methods" name="args_ls_works_as_expected_with_custom_chevron_tlg_object"/>
    <testcase time="0.0129999999999981" classname="chevron_tlg_methods" name="main_works_as_expected"/>
    <testcase time="0.0129999999999981" classname="chevron_tlg_methods" name="main_setter_works_as_expected"/>
    <testcase time="0.0200000000000031" classname="chevron_tlg_methods" name="main_setter_throw_an_error_as_expected"/>
    <testcase time="0.0120000000000005" classname="chevron_tlg_methods" name="preprocess_works_as_expected"/>
    <testcase time="0.0129999999999981" classname="chevron_tlg_methods" name="preprocess_setter_works_as_expected"/>
    <testcase time="0.0189999999999984" classname="chevron_tlg_methods" name="preprocess_sends_an_error_as_expected"/>
    <testcase time="0.0120000000000005" classname="chevron_tlg_methods" name="postprocess_works_as_expected"/>
    <testcase time="0.0129999999999981" classname="chevron_tlg_methods" name="postprocess_setter_works_as_expected"/>
    <testcase time="0.017000000000003" classname="chevron_tlg_methods" name="postprocess_sends_an_error_as_expected"/>
    <testcase time="0.00900000000000034" classname="chevron_tlg_methods" name="script_funs_works_as_expected_in_interactive_mode">
      <skipped message="Reason: !interactive() is TRUE ('test-chevron_tlg-methods.R:146:3')"/>
    </testcase>
    <testcase time="0.0189999999999984" classname="chevron_tlg_methods" name="script_funs_works_as_expected"/>
    <testcase time="0.00200000000000244" classname="chevron_tlg_methods" name="script_funs_works_as_expected"/>
    <testcase time="3.946" classname="chevron_tlg_methods" name="script_funs_generates_a_valid_script">
      <skipped message="Reason: On CRAN ('test-chevron_tlg-methods.R:167:3')"/>
    </testcase>
    <testcase time="0.036999999999999" classname="chevron_tlg_methods" name="print_list_works">
      <skipped message="Reason: On CRAN ('test-chevron_tlg-methods.R:175:3')"/>
    </testcase>
    <testcase time="0.027000000000001" classname="chevron_tlg_methods" name="print_list_works_for_empty_list">
      <skipped message="Reason: On CRAN ('test-chevron_tlg-methods.R:179:3')"/>
    </testcase>
  </testsuite>
  <testsuite name="cmt01a" timestamp="2023-09-15T23:13:31Z" hostname="cfd65505ff6d" tests="6" skipped="4" failures="0" errors="0" time="6.298">
    <testcase time="1.934" classname="cmt01a" name="cmt01a_functions_with_default_argument_value_return_expected_result_with_test_data">
      <skipped message="Reason: On CRAN ('test-cmt01a.R:7:3')"/>
    </testcase>
    <testcase time="1.78900000000001" classname="cmt01a" name="cmt01a_functions_with_custom_argument_value_return_expected_result_with_test_data">
      <skipped message="Reason: On CRAN ('test-cmt01a.R:19:3')"/>
    </testcase>
    <testcase time="0.269999999999996" classname="cmt01a" name="cmt01a_can_handle_all_NA_values"/>
    <testcase time="0.233000000000004" classname="cmt01a" name="cmt01a_can_handle_all_NA_values">
      <skipped message="Reason: On CRAN ('test-cmt01a.R:33:3')"/>
    </testcase>
    <testcase time="1.18599999999999" classname="cmt01a" name="cmt01a_can_handle_some_NA_values"/>
    <testcase time="0.885999999999996" classname="cmt01a" name="cmt01a_can_handle_some_NA_values">
      <skipped message="Reason: On CRAN ('test-cmt01a.R:41:3')"/>
    </testcase>
  </testsuite>
  <testsuite name="cmt02_pt" timestamp="2023-09-15T23:13:37Z" hostname="cfd65505ff6d" tests="4" skipped="2" failures="0" errors="0" time="0.951">
    <testcase time="0.195000000000007" classname="cmt02_pt" name="cmt02_pt_can_handle_all_NA_values"/>
    <testcase time="0.164999999999992" classname="cmt02_pt" name="cmt02_pt_can_handle_all_NA_values">
      <skipped message="Reason: On CRAN ('test-cmt02_pt.R:9:3')"/>
    </testcase>
    <testcase time="0.26400000000001" classname="cmt02_pt" name="cmt02_pt_can_handle_some_NA_values"/>
    <testcase time="0.326999999999998" classname="cmt02_pt" name="cmt02_pt_can_handle_some_NA_values">
      <skipped message="Reason: On CRAN ('test-cmt02_pt.R:17:3')"/>
    </testcase>
  </testsuite>
  <testsuite name="coxt01" timestamp="2023-09-15T23:13:38Z" hostname="cfd65505ff6d" tests="3" skipped="1" failures="0" errors="0" time="0.831">
    <testcase time="0.522999999999996" classname="coxt01" name="coxt01_can_handle_some_NA_values"/>
    <testcase time="0.269000000000005" classname="coxt01" name="coxt01_can_handle_some_NA_values">
      <skipped message="Reason: On CRAN ('test-coxt01.R:6:3')"/>
    </testcase>
    <testcase time="0.0390000000000015" classname="coxt01" name="coxt01_fails_on_incomlete_data"/>
  </testsuite>
  <testsuite name="coxt02" timestamp="2023-09-15T23:13:39Z" hostname="cfd65505ff6d" tests="3" skipped="1" failures="0" errors="0" time="1.133">
    <testcase time="0.754999999999995" classname="coxt02" name="coxt02_can_handle_some_NA_values"/>
    <testcase time="0.340000000000003" classname="coxt02" name="coxt02_can_handle_some_NA_values">
      <skipped message="Reason: On CRAN ('test-coxt02.R:5:3')"/>
    </testcase>
    <testcase time="0.0379999999999967" classname="coxt02" name="coxt02_fails_on_incomlete_data"/>
  </testsuite>
  <testsuite name="default_tlg" timestamp="2023-09-15T23:13:40Z" hostname="cfd65505ff6d" tests="15" skipped="15" failures="0" errors="0" time="19.483">
    <testcase time="0.213999999999999" classname="default_tlg" name="ael01_nollt_function_with_default_argument_value_return_expected_result_with_test_data">
      <skipped message="Reason: On CRAN ('test-default_tlg.R:5:3')"/>
    </testcase>
    <testcase time="0.864000000000004" classname="default_tlg" name="aet01_function_with_default_argument_value_return_expected_result_with_test_data">
      <skipped message="Reason: On CRAN ('test-default_tlg.R:12:3')"/>
    </testcase>
    <testcase time="0.822000000000003" classname="default_tlg" name="aet01_aesi_function_with_default_argument_value_return_expected_result_with_test_data">
      <skipped message="Reason: On CRAN ('test-default_tlg.R:19:3')"/>
    </testcase>
    <testcase time="1.69" classname="default_tlg" name="aet02_functions_with_default_argument_value_return_expected_result_with_test_data">
      <skipped message="Reason: On CRAN ('test-default_tlg.R:26:3')"/>
    </testcase>
    <testcase time="3.87" classname="default_tlg" name="aet03_functions_with_default_argument_value_return_expected_result_with_test_data">
      <skipped message="Reason: On CRAN ('test-default_tlg.R:33:3')"/>
    </testcase>
    <testcase time="5.727" classname="default_tlg" name="aet04_functions_with_default_argument_value_return_expected_result_with_test_data">
      <skipped message="Reason: On CRAN ('test-default_tlg.R:40:3')"/>
    </testcase>
    <testcase time="0.652999999999992" classname="default_tlg" name="aet05_functions_with_default_argument_value_return_expected_result_with_test_data">
      <skipped message="Reason: On CRAN ('test-default_tlg.R:47:3')"/>
    </testcase>
    <testcase time="0.661000000000001" classname="default_tlg" name="aet05_all_functions_with_default_argument_value_return_expected_result_with_test_data">
      <skipped message="Reason: On CRAN ('test-default_tlg.R:54:3')"/>
    </testcase>
    <testcase time="0.454000000000008" classname="default_tlg" name="aet10_functions_with_default_argument_value_return_expected_result_with_test_data">
      <skipped message="Reason: On CRAN ('test-default_tlg.R:61:3')"/>
    </testcase>
    <testcase time="0.575999999999993" classname="default_tlg" name="cmt02_pt_functions_with_default_argument_value_return_expected_result_with_test_data">
      <skipped message="Reason: On CRAN ('test-default_tlg.R:68:3')"/>
    </testcase>
    <testcase time="0.765000000000001" classname="default_tlg" name="coxt01_functions_with_default_argument_value_return_expected_result_with_test_data">
      <skipped message="Reason: On CRAN ('test-default_tlg.R:78:3')"/>
    </testcase>
    <testcase time="1.337" classname="default_tlg" name="coxt02_functions_with_default_argument_value_return_expected_result_with_test_data">
      <skipped message="Reason: On CRAN ('test-default_tlg.R:86:3')"/>
    </testcase>
    <testcase time="0.86999999999999" classname="default_tlg" name="dmt01_functions_with_default_argument_value_return_expected_result_with_test_data">
      <skipped message="Reason: On CRAN ('test-default_tlg.R:93:3')"/>
    </testcase>
    <testcase time="0.594999999999999" classname="default_tlg" name="dst01_functions_with_default_argument_value_return_expected_result_with_test_data">
      <skipped message="Reason: On CRAN ('test-default_tlg.R:100:3')"/>
    </testcase>
    <testcase time="0.385000000000005" classname="default_tlg" name="dtht01_functions_with_default_argument_value_return_expected_result_with_test_data">
      <skipped message="Reason: On CRAN ('test-default_tlg.R:107:3')"/>
    </testcase>
  </testsuite>
  <testsuite name="dmt01" timestamp="2023-09-15T23:13:59Z" hostname="cfd65505ff6d" tests="4" skipped="2" failures="0" errors="0" time="2.011">
    <testcase time="0.340000000000003" classname="dmt01" name="dmt01_can_handle_NA_values"/>
    <testcase time="0.48299999999999" classname="dmt01" name="dmt01_can_handle_NA_values">
      <skipped message="Reason: On CRAN ('test-dmt01.R:8:3')"/>
    </testcase>
    <testcase time="0.597000000000008" classname="dmt01" name="dmt01_can_handle_numeric_NA_values"/>
    <testcase time="0.590999999999994" classname="dmt01" name="dmt01_can_handle_numeric_NA_values">
      <skipped message="Reason: On CRAN ('test-dmt01.R:15:3')"/>
    </testcase>
  </testsuite>
  <testsuite name="dst01" timestamp="2023-09-15T23:14:01Z" hostname="cfd65505ff6d" tests="14" skipped="7" failures="0" errors="0" time="3.926">
    <testcase time="0.213999999999999" classname="dst01" name="dst01_works_as_expected_when_all_data_are_NA"/>
    <testcase time="0.0770000000000124" classname="dst01" name="dst01_works_as_expected_when_all_data_are_NA">
      <skipped message="Reason: On CRAN ('test-dst01.R:11:3')"/>
    </testcase>
    <testcase time="0.192999999999998" classname="dst01" name="dst01_can_handle_all_NA_values_in_DCSREAS"/>
    <testcase time="0.197999999999993" classname="dst01" name="dst01_can_handle_all_NA_values_in_DCSREAS">
      <skipped message="Reason: On CRAN ('test-dst01.R:22:3')"/>
    </testcase>
    <testcase time="0.275999999999996" classname="dst01" name="dst01_can_handle_some_NA_values"/>
    <testcase time="0.330000000000013" classname="dst01" name="dst01_can_handle_some_NA_values">
      <skipped message="Reason: On CRAN ('test-dst01.R:29:3')"/>
    </testcase>
    <testcase time="0.202999999999989" classname="dst01" name="dst01_can_handle_missing_levels_in_status_var"/>
    <testcase time="0.14800000000001" classname="dst01" name="dst01_can_handle_missing_levels_in_status_var">
      <skipped message="Reason: On CRAN ('test-dst01.R:39:3')"/>
    </testcase>
    <testcase time="0.312999999999988" classname="dst01" name="dst01_can_create_variants"/>
    <testcase time="0.371000000000009" classname="dst01" name="dst01_can_create_variants">
      <skipped message="Reason: On CRAN ('test-dst01.R:44:3')"/>
    </testcase>
    <testcase time="0.381999999999991" classname="dst01" name="dst01_can_create_variants"/>
    <testcase time="0.367000000000004" classname="dst01" name="dst01_can_create_variants">
      <skipped message="Reason: On CRAN ('test-dst01.R:49:3')"/>
    </testcase>
    <testcase time="0.427000000000007" classname="dst01" name="dst01_can_create_variants"/>
    <testcase time="0.426999999999992" classname="dst01" name="dst01_can_create_variants">
      <skipped message="Reason: On CRAN ('test-dst01.R:56:3')"/>
    </testcase>
  </testsuite>
  <testsuite name="dtht01" timestamp="2023-09-15T23:14:05Z" hostname="cfd65505ff6d" tests="5" skipped="3" failures="0" errors="0" time="2.302">
    <testcase time="0.165000000000006" classname="dtht01" name="dtht01_can_handle_all_NA_values"/>
    <testcase time="0.219999999999999" classname="dtht01" name="dtht01_can_handle_all_NA_values">
      <skipped message="Reason: On CRAN ('test-dtht01.R:12:3')"/>
    </testcase>
    <testcase time="0.418999999999997" classname="dtht01" name="dtht01_can_handle_some_NA_values"/>
    <testcase time="0.537000000000006" classname="dtht01" name="dtht01_can_handle_some_NA_values">
      <skipped message="Reason: On CRAN ('test-dtht01.R:19:3')"/>
    </testcase>
    <testcase time="0.960999999999999" classname="dtht01" name="dtht01_can_be_parametrize_as_expected">
      <skipped message="Reason: On CRAN ('test-dtht01.R:30:3')"/>
    </testcase>
  </testsuite>
  <testsuite name="egt01" timestamp="2023-09-15T23:14:07Z" hostname="cfd65505ff6d" tests="3" skipped="2" failures="0" errors="0" time="11.669">
    <testcase time="5.765" classname="egt01" name="egt01_functions_with_default_argument_value_return_expected_result_with_test_data">
      <skipped message="Reason: On CRAN ('test-egt01.R:7:3')"/>
    </testcase>
    <testcase time="2.723" classname="egt01" name="egt01_can_handle_n_0_and_outputs_NE_instead_of_infs_and_NAs"/>
    <testcase time="3.181" classname="egt01" name="egt01_can_handle_n_0_and_outputs_NE_instead_of_infs_and_NAs">
      <skipped message="Reason: On CRAN ('test-egt01.R:20:3')"/>
    </testcase>
  </testsuite>
  <testsuite name="egt02" timestamp="2023-09-15T23:14:19Z" hostname="cfd65505ff6d" tests="2" skipped="2" failures="0" errors="0" time="1.08">
    <testcase time="0.566999999999993" classname="egt02" name="egt02_1_functions_with_default_argument_value_return_expected_result_with_test_data">
      <skipped message="Reason: On CRAN ('test-egt02.R:7:3')"/>
    </testcase>
    <testcase time="0.513000000000005" classname="egt02" name="egt02_2_functions_with_default_value_return_expected_result_with_test_data">
      <skipped message="Reason: On CRAN ('test-egt02.R:14:3')"/>
    </testcase>
  </testsuite>
  <testsuite name="egt03" timestamp="2023-09-15T23:14:20Z" hostname="cfd65505ff6d" tests="5" skipped="2" failures="0" errors="0" time="5.2">
    <testcase time="2.53700000000001" classname="egt03" name="egt03_functions_with_default_argument_value_return_expected_result_with_test_data">
      <skipped message="Reason: On CRAN ('test-egt03.R:7:3')"/>
    </testcase>
    <testcase time="0.0569999999999879" classname="egt03" name="egt03_errors_on_all_NA_values"/>
    <testcase time="0.985000000000014" classname="egt03" name="egt03_can_handle_some_NA_values"/>
    <testcase time="1.57799999999999" classname="egt03" name="egt03_can_handle_some_NA_values">
      <skipped message="Reason: On CRAN ('test-egt03.R:28:3')"/>
    </testcase>
    <testcase time="0.0430000000000064" classname="egt03" name="egt03_fails_on_incomplete_data"/>
  </testsuite>
  <testsuite name="egt05_qtcat" timestamp="2023-09-15T23:14:25Z" hostname="cfd65505ff6d" tests="4" skipped="2" failures="0" errors="0" time="6.333">
    <testcase time="4.21899999999999" classname="egt05_qtcat" name="egt05_qtcat_functions_with_default_argument_value_return_expected_result_with_test_data">
      <skipped message="Reason: On CRAN ('test-egt05_qtcat.R:7:3')"/>
    </testcase>
    <testcase time="0.0490000000000066" classname="egt05_qtcat" name="egt05_qtcat_erros_on_all_NA_values"/>
    <testcase time="0.817999999999998" classname="egt05_qtcat" name="egt05_qtcat_can_handle_some_NA_values"/>
    <testcase time="1.247" classname="egt05_qtcat" name="egt05_qtcat_can_handle_some_NA_values">
      <skipped message="Reason: On CRAN ('test-egt05_qtcat.R:28:3')"/>
    </testcase>
  </testsuite>
  <testsuite name="empty_report" timestamp="2023-09-15T23:14:32Z" hostname="cfd65505ff6d" tests="25" skipped="0" failures="0" errors="0" time="4.002">
    <testcase time="0.216999999999999" classname="empty_report" name="tlg_functions_return_null_reports_when_domain_table_is_empty"/>
    <testcase time="0.436000000000007" classname="empty_report" name="tlg_functions_return_null_reports_when_domain_table_is_empty"/>
    <testcase time="0.307999999999993" classname="empty_report" name="tlg_functions_return_null_reports_when_domain_table_is_empty"/>
    <testcase time="0.153999999999996" classname="empty_report" name="tlg_functions_return_null_reports_when_domain_table_is_empty"/>
    <testcase time="0.146000000000001" classname="empty_report" name="tlg_functions_return_null_reports_when_domain_table_is_empty"/>
    <testcase time="0.097999999999999" classname="empty_report" name="tlg_functions_return_null_reports_when_domain_table_is_empty"/>
    <testcase time="0.126000000000005" classname="empty_report" name="tlg_functions_return_null_reports_when_domain_table_is_empty"/>
    <testcase time="0.248000000000005" classname="empty_report" name="tlg_functions_return_null_reports_when_domain_table_is_empty"/>
    <testcase time="0.275999999999996" classname="empty_report" name="tlg_functions_return_null_reports_when_domain_table_is_empty"/>
    <testcase time="0.105999999999995" classname="empty_report" name="tlg_functions_return_null_reports_when_domain_table_is_empty"/>
    <testcase time="0.109000000000009" classname="empty_report" name="tlg_functions_return_null_reports_when_domain_table_is_empty"/>
    <testcase time="0.0549999999999926" classname="empty_report" name="tlg_functions_return_null_reports_when_domain_table_is_empty"/>
    <testcase time="0.0640000000000072" classname="empty_report" name="tlg_functions_return_null_reports_when_domain_table_is_empty"/>
    <testcase time="0.0829999999999984" classname="empty_report" name="tlg_functions_return_null_reports_when_domain_table_is_empty"/>
    <testcase time="0.0829999999999984" classname="empty_report" name="tlg_functions_return_null_reports_when_domain_table_is_empty"/>
    <testcase time="0.103999999999999" classname="empty_report" name="tlg_functions_return_null_reports_when_domain_table_is_empty"/>
    <testcase time="0.117999999999995" classname="empty_report" name="tlg_functions_return_null_reports_when_domain_table_is_empty"/>
    <testcase time="0.100999999999999" classname="empty_report" name="tlg_functions_return_null_reports_when_domain_table_is_empty"/>
    <testcase time="0.587000000000003" classname="empty_report" name="tlg_functions_return_null_reports_when_domain_table_is_empty"/>
    <testcase time="0.119" classname="empty_report" name="tlg_functions_return_null_reports_when_domain_table_is_empty"/>
    <testcase time="0.135000000000005" classname="empty_report" name="tlg_functions_return_null_reports_when_domain_table_is_empty"/>
    <testcase time="0.0849999999999937" classname="empty_report" name="tlg_functions_return_null_reports_when_domain_table_is_empty"/>
    <testcase time="0.102000000000004" classname="empty_report" name="tlg_functions_return_null_reports_when_domain_table_is_empty"/>
    <testcase time="0.0580000000000069" classname="empty_report" name="tlg_functions_return_null_reports_when_domain_table_is_empty"/>
    <testcase time="0.083999999999989" classname="empty_report" name="tlg_functions_return_null_reports_when_domain_table_is_empty"/>
  </testsuite>
  <testsuite name="ext01" timestamp="2023-09-15T23:14:36Z" hostname="cfd65505ff6d" tests="8" skipped="7" failures="0" errors="0" time="8.281">
    <testcase time="0.846000000000004" classname="ext01" name="ext01_functions_with_default_argument_value_return_expected_result_with_test_data">
      <skipped message="Reason: On CRAN ('test-ext01.R:7:3')"/>
    </testcase>
    <testcase time="0.962999999999994" classname="ext01" name="ext01_functions_with_categorical_data_return_expected_result_with_test_data">
      <skipped message="Reason: On CRAN ('test-ext01.R:15:3')"/>
    </testcase>
    <testcase time="0.364000000000019" classname="ext01" name="ext01_works"/>
    <testcase time="0.515999999999991" classname="ext01" name="ext01_works">
      <skipped message="Reason: On CRAN ('test-ext01.R:23:3')"/>
    </testcase>
    <testcase time="0.965000000000003" classname="ext01" name="ext01_works_for_selected_parameters_and_categorical_variables">
      <skipped message="Reason: On CRAN ('test-ext01.R:36:3')"/>
    </testcase>
    <testcase time="1.46199999999999" classname="ext01" name="ext01_works_with_custom_mapping_order">
      <skipped message="Reason: On CRAN ('test-ext01.R:47:3')"/>
    </testcase>
    <testcase time="1.756" classname="ext01" name="ext01_works_with_custom_mapping_order_for_a_single_split">
      <skipped message="Reason: On CRAN ('test-ext01.R:57:3')"/>
    </testcase>
    <testcase time="1.40899999999999" classname="ext01" name="ext01_works_with_custom_mapping_fill_in_value">
      <skipped message="Reason: On CRAN ('test-ext01.R:68:3')"/>
    </testcase>
  </testsuite>
  <testsuite name="fstg01" timestamp="2023-09-15T23:14:44Z" hostname="cfd65505ff6d" tests="13" skipped="0" failures="0" errors="0" time="12.221">
    <testcase time="0.0310000000000059" classname="fstg01" name="fstg01_works_as_expected"/>
    <testcase time="2.745" classname="fstg01" name="fstg01_works_as_expected"/>
    <testcase time="0.00600000000000023" classname="fstg01" name="fstg01_works_as_expected"/>
    <testcase time="2.71799999999999" classname="fstg01" name="fstg01_works_as_expected_with_custom_color_set"/>
    <testcase time="0.00499999999999545" classname="fstg01" name="fstg01_works_as_expected_with_custom_color_set"/>
    <testcase time="2.286" classname="fstg01" name="fstg01_works_as_expected_with_custom_color_set"/>
    <testcase time="0.00600000000000023" classname="fstg01" name="fstg01_works_as_expected_with_custom_color_set"/>
    <testcase time="0.513000000000005" classname="fstg01" name="fstg01_works_if_changes_are_in_subgroups_strata_var_conf_level_and_label_all"/>
    <testcase time="0.00499999999999545" classname="fstg01" name="fstg01_works_if_changes_are_in_subgroups_strata_var_conf_level_and_label_all"/>
    <testcase time="1.15900000000002" classname="fstg01" name="fstg01_works_if_changes_are_in_subgroups_strata_var_conf_level_and_label_all"/>
    <testcase time="0.00600000000000023" classname="fstg01" name="fstg01_works_if_changes_are_in_subgroups_strata_var_conf_level_and_label_all"/>
    <testcase time="2.73499999999999" classname="fstg01" name="fstg01_can_handle_some_NA_values_in_subgroups"/>
    <testcase time="0.00600000000000023" classname="fstg01" name="fstg01_can_handle_some_NA_values_in_subgroups"/>
  </testsuite>
  <testsuite name="fstg02" timestamp="2023-09-15T23:14:56Z" hostname="cfd65505ff6d" tests="9" skipped="0" failures="0" errors="0" time="15.64">
    <testcase time="0.0529999999999973" classname="fstg02" name="fstg02_works_as_expected"/>
    <testcase time="2.33700000000002" classname="fstg02" name="fstg02_works_as_expected"/>
    <testcase time="2.35899999999998" classname="fstg02" name="fstg02_works_as_expected_with_custom_color_set"/>
    <testcase time="2.00800000000001" classname="fstg02" name="fstg02_works_as_expected_with_custom_color_set"/>
    <testcase time="0.47399999999999" classname="fstg02" name="fstg02_works_if_changes_are_in_subgroups_strata_var_conf_level_and_label_all"/>
    <testcase time="1.14700000000002" classname="fstg02" name="fstg02_works_if_changes_are_in_subgroups_strata_var_conf_level_and_label_all"/>
    <testcase time="2.43899999999999" classname="fstg02" name="fstg02_can_handle_some_NA_values_in_subgroups"/>
    <testcase time="2.393" classname="fstg02" name="fstg02_can_handle_customized_time_units"/>
    <testcase time="2.43000000000001" classname="fstg02" name="fstg02_can_handle_customized_time_units"/>
  </testsuite>
  <testsuite name="kmg01" timestamp="2023-09-15T23:15:12Z" hostname="cfd65505ff6d" tests="13" skipped="0" failures="0" errors="0" time="1.75">
    <testcase time="0.0219999999999914" classname="kmg01" name="kmg01_works_as_expected"/>
    <testcase time="0.318999999999988" classname="kmg01" name="kmg01_works_as_expected"/>
    <testcase time="0.00600000000000023" classname="kmg01" name="kmg01_works_as_expected"/>
    <testcase time="0.362000000000023" classname="kmg01" name="kmg01_works_as_expected_with_custom_color_set"/>
    <testcase time="0.00600000000000023" classname="kmg01" name="kmg01_works_as_expected_with_custom_color_set"/>
    <testcase time="0.25" classname="kmg01" name="kmg01_works_as_expected_with_custom_color_set"/>
    <testcase time="0.00600000000000023" classname="kmg01" name="kmg01_works_as_expected_with_custom_color_set"/>
    <testcase time="0.273999999999972" classname="kmg01" name="kmg01_works_if_change_pvalue_ties_and_conf_level"/>
    <testcase time="0.00500000000002387" classname="kmg01" name="kmg01_works_if_change_pvalue_ties_and_conf_level"/>
    <testcase time="0.242999999999995" classname="kmg01" name="kmg01_works_if_change_annotation_position"/>
    <testcase time="0.00600000000000023" classname="kmg01" name="kmg01_works_if_change_annotation_position"/>
    <testcase time="0.245000000000005" classname="kmg01" name="kmg01_works_for_stratified_anlaysis"/>
    <testcase time="0.00600000000000023" classname="kmg01" name="kmg01_works_for_stratified_anlaysis"/>
  </testsuite>
  <testsuite name="lbt01" timestamp="2023-09-15T23:15:14Z" hostname="cfd65505ff6d" tests="4" skipped="3" failures="0" errors="0" time="16.414">
    <testcase time="5.43699999999998" classname="lbt01" name="lbt01_functions_with_default_argument_value_return_expected_result_with_test_data">
      <skipped message="Reason: On CRAN ('test-lbt01.R:7:3')"/>
    </testcase>
    <testcase time="5.81100000000001" classname="lbt01" name="lbt01_functions_with_row_split_var_return_expected_result_with_test_data">
      <skipped message="Reason: On CRAN ('test-lbt01.R:16:3')"/>
    </testcase>
    <testcase time="2" classname="lbt01" name="lbt01_can_handle_n_0_and_outputs_NE_instead_of_infs_and_NAs"/>
    <testcase time="3.166" classname="lbt01" name="lbt01_can_handle_n_0_and_outputs_NE_instead_of_infs_and_NAs">
      <skipped message="Reason: On CRAN ('test-lbt01.R:29:3')"/>
    </testcase>
  </testsuite>
  <testsuite name="lbt04" timestamp="2023-09-15T23:15:30Z" hostname="cfd65505ff6d" tests="8" skipped="4" failures="0" errors="0" time="4.823">
    <testcase time="1.50999999999999" classname="lbt04" name="lbt04_functions_with_default_argument_value_return_expected_result_with_test_data">
      <skipped message="Reason: On CRAN ('test-lbt04.R:7:3')"/>
    </testcase>
    <testcase time="0.128000000000014" classname="lbt04" name="lbt04_can_handle_all_NA_values"/>
    <testcase time="0.0879999999999939" classname="lbt04" name="lbt04_can_handle_all_NA_values">
      <skipped message="Reason: On CRAN ('test-lbt04.R:20:3')"/>
    </testcase>
    <testcase time="0.592000000000013" classname="lbt04" name="lbt04_can_handle_missing_levels"/>
    <testcase time="0.906999999999982" classname="lbt04" name="lbt04_can_handle_missing_levels">
      <skipped message="Reason: On CRAN ('test-lbt04.R:31:3')"/>
    </testcase>
    <testcase time="0.603000000000009" classname="lbt04" name="lbt04_can_handle_some_NA_values"/>
    <testcase time="0.953000000000003" classname="lbt04" name="lbt04_can_handle_some_NA_values">
      <skipped message="Reason: On CRAN ('test-lbt04.R:39:3')"/>
    </testcase>
    <testcase time="0.0420000000000016" classname="lbt04" name="lbt04_fails_on_incomlete_data"/>
  </testsuite>
  <testsuite name="lbt05" timestamp="2023-09-15T23:15:35Z" hostname="cfd65505ff6d" tests="5" skipped="2" failures="0" errors="0" time="3.01">
    <testcase time="1.16199999999998" classname="lbt05" name="lbt05_functions_with_default_argument_value_return_expected_result_with_test_data">
      <skipped message="Reason: On CRAN ('test-lbt05.R:7:3')"/>
    </testcase>
    <testcase time="0.599000000000018" classname="lbt05" name="lbt05_give_all_0_count_if_ANRIND_are_all_missing"/>
    <testcase time="0.582999999999998" classname="lbt05" name="lbt05_can_handle_some_NA_values"/>
    <testcase time="0.591999999999985" classname="lbt05" name="lbt05_can_handle_some_NA_values">
      <skipped message="Reason: On CRAN ('test-lbt05.R:36:3')"/>
    </testcase>
    <testcase time="0.0740000000000123" classname="lbt05" name="lbt05_fails_on_incomlete_data"/>
  </testsuite>
  <testsuite name="lbt06" timestamp="2023-09-15T23:15:38Z" hostname="cfd65505ff6d" tests="3" skipped="1" failures="0" errors="0" time="7.183">
    <testcase time="2.042" classname="lbt06" name="lbt06_gives_all_0_count_if_ANRIND_and_BNRIND_are_all_missing"/>
    <testcase time="5.07400000000001" classname="lbt06" name="lbt06_can_handle_some_NA_values">
      <skipped message="Reason: On CRAN ('test-lbt06.R:20:3')"/>
    </testcase>
    <testcase time="0.0669999999999789" classname="lbt06" name="lbt06_fails_on_incomplete_data"/>
  </testsuite>
  <testsuite name="lbt07" timestamp="2023-09-15T23:15:45Z" hostname="cfd65505ff6d" tests="4" skipped="2" failures="0" errors="0" time="3.471">
    <testcase time="1.71600000000001" classname="lbt07" name="lbt07_functions_with_default_argument_value_return_expected_result_with_test_data">
      <skipped message="Reason: On CRAN ('test-lbt07.R:7:3')"/>
    </testcase>
    <testcase time="0.865000000000009" classname="lbt07" name="lbt07_can_handle_some_NA_values"/>
    <testcase time="0.822999999999979" classname="lbt07" name="lbt07_can_handle_some_NA_values">
      <skipped message="Reason: On CRAN ('test-lbt07.R:22:3')"/>
    </testcase>
    <testcase time="0.0670000000000073" classname="lbt07" name="lbt07_fails_on_incomlete_data"/>
  </testsuite>
  <testsuite name="lbt14" timestamp="2023-09-15T23:15:49Z" hostname="cfd65505ff6d" tests="16" skipped="10" failures="0" errors="0" time="50.334">
    <testcase time="4.548" classname="lbt14" name="lbt14_functions_with_default_argument_value_return_expected_result_with_test_data">
      <skipped message="Reason: On CRAN ('test-lbt14.R:7:3')"/>
    </testcase>
    <testcase time="4.958" classname="lbt14" name="lbt14_functions_with_default_argument_value_return_expected_result_with_test_data_when_direction_high">
      <skipped message="Reason: On CRAN ('test-lbt14.R:14:3')"/>
    </testcase>
    <testcase time="3.994" classname="lbt14" name="lbt14_functions_with_gr_missing_excl_return_expected_result_with_test_data">
      <skipped message="Reason: On CRAN ('test-lbt14.R:21:3')"/>
    </testcase>
    <testcase time="4.00900000000001" classname="lbt14" name="lbt14_functions_with_gr_missing_gr_0_return_expected_result_with_test_data">
      <skipped message="Reason: On CRAN ('test-lbt14.R:28:3')"/>
    </testcase>
    <testcase time="2.11699999999999" classname="lbt14" name="lbt14_can_handle_all_NA_values"/>
    <testcase time="0.506" classname="lbt14" name="lbt14_can_handle_all_NA_values">
      <skipped message="Reason: On CRAN ('test-lbt14.R:41:3')"/>
    </testcase>
    <testcase time="2.50999999999999" classname="lbt14" name="lbt14_can_handle_some_NA_values"/>
    <testcase time="2.101" classname="lbt14" name="lbt14_can_handle_some_NA_values">
      <skipped message="Reason: On CRAN ('test-lbt14.R:60:3')"/>
    </testcase>
    <testcase time="8.75400000000002" classname="lbt14" name="lbt14_can_accept_different_gr_missing">
      <skipped message="Reason: On CRAN ('test-lbt14.R:67:3')"/>
    </testcase>
    <testcase time="0.0649999999999977" classname="lbt14" name="lbt14_fails_on_incomlete_data"/>
    <testcase time="2.11799999999999" classname="lbt14" name="lbt14_can_handle_all_NA_values_with_direction_high"/>
    <testcase time="0.558999999999997" classname="lbt14" name="lbt14_can_handle_all_NA_values_with_direction_high">
      <skipped message="Reason: On CRAN ('test-lbt14.R:92:3')"/>
    </testcase>
    <testcase time="2.62" classname="lbt14" name="lbt14_can_handle_some_NA_values_with_direction_high"/>
    <testcase time="2.36099999999999" classname="lbt14" name="lbt14_can_handle_some_NA_values_with_direction_high">
      <skipped message="Reason: On CRAN ('test-lbt14.R:111:3')"/>
    </testcase>
    <testcase time="9.06100000000001" classname="lbt14" name="lbt14_can_accept_different_gr_missing_with_direction_high">
      <skipped message="Reason: On CRAN ('test-lbt14.R:119:3')"/>
    </testcase>
    <testcase time="0.0529999999999973" classname="lbt14" name="lbt14_fails_on_incomlete_data"/>
  </testsuite>
  <testsuite name="lbt15" timestamp="2023-09-15T23:16:39Z" hostname="cfd65505ff6d" tests="12" skipped="6" failures="0" errors="0" time="9.264">
    <testcase time="1.53900000000002" classname="lbt15" name="lbt15_functions_with_default_argument_value_return_expected_result_with_test_data">
      <skipped message="Reason: On CRAN ('test-lbt15.R:7:3')"/>
    </testcase>
    <testcase time="0.578999999999979" classname="lbt15" name="lbt15_can_handle_all_NA_values"/>
    <testcase time="0.91500000000002" classname="lbt15" name="lbt15_can_handle_all_NA_values">
      <skipped message="Reason: On CRAN ('test-lbt15.R:20:3')"/>
    </testcase>
    <testcase time="0.603999999999985" classname="lbt15" name="lbt15_can_handle_missing_levels"/>
    <testcase time="0.911000000000001" classname="lbt15" name="lbt15_can_handle_missing_levels">
      <skipped message="Reason: On CRAN ('test-lbt15.R:31:3')"/>
    </testcase>
    <testcase time="0.609000000000009" classname="lbt15" name="lbt15_can_handle_missing_levels_in_baseline"/>
    <testcase time="0.963999999999999" classname="lbt15" name="lbt15_can_handle_missing_levels_in_baseline">
      <skipped message="Reason: On CRAN ('test-lbt15.R:42:3')"/>
    </testcase>
    <testcase time="0.606999999999999" classname="lbt15" name="lbt15_can_handle_some_NA_values"/>
    <testcase time="0.942000000000007" classname="lbt15" name="lbt15_can_handle_some_NA_values">
      <skipped message="Reason: On CRAN ('test-lbt15.R:50:3')"/>
    </testcase>
    <testcase time="0.600999999999999" classname="lbt15" name="lbt15_can_handle_some_NA_values_in_baseline"/>
    <testcase time="0.949999999999989" classname="lbt15" name="lbt15_can_handle_some_NA_values_in_baseline">
      <skipped message="Reason: On CRAN ('test-lbt15.R:58:3')"/>
    </testcase>
    <testcase time="0.0430000000000064" classname="lbt15" name="lbt15_fails_on_incomlete_data"/>
  </testsuite>
  <testsuite name="mht01" timestamp="2023-09-15T23:16:48Z" hostname="cfd65505ff6d" tests="3" skipped="3" failures="0" errors="0" time="3.086">
    <testcase time="1.024" classname="mht01" name="mht01_1_functions_with_default_argument_value_return_expected_result_with_test_data">
      <skipped message="Reason: On CRAN ('test-mht01.R:7:3')"/>
    </testcase>
    <testcase time="1.01400000000001" classname="mht01" name="mht01_works">
      <skipped message="Reason: On CRAN ('test-mht01.R:15:3')"/>
    </testcase>
    <testcase time="1.048" classname="mht01" name="mht01_works_on_NULL_in_lbl_mhbodsys_or_lbl_mhdecod">
      <skipped message="Reason: On CRAN ('test-mht01.R:21:3')"/>
    </testcase>
  </testsuite>
  <testsuite name="mng01" timestamp="2023-09-15T23:16:51Z" hostname="cfd65505ff6d" tests="12" skipped="6" failures="0" errors="0" time="10.272">
    <testcase time="1.64099999999996" classname="mng01" name="mng01_works_as_expected_with_default_argument_values"/>
    <testcase time="0.254000000000019" classname="mng01" name="mng01_works_as_expected_with_default_argument_values">
      <skipped message="Reason: On CRAN ('test-mng01.R:7:3')"/>
    </testcase>
    <testcase time="1.608" classname="mng01" name="mng01_works_as_expected_with_custom_argument_values"/>
    <testcase time="0.247000000000014" classname="mng01" name="mng01_works_as_expected_with_custom_argument_values">
      <skipped message="Reason: On CRAN ('test-mng01.R:25:3')"/>
    </testcase>
    <testcase time="1.68399999999997" classname="mng01" name="mng01_works_as_expected_with_custom_color_set"/>
    <testcase time="0.271000000000015" classname="mng01" name="mng01_works_as_expected_with_custom_color_set">
      <skipped message="Reason: On CRAN ('test-mng01.R:52:3')"/>
    </testcase>
    <testcase time="0.336000000000013" classname="mng01" name="mng01_works_with_table_NULL"/>
    <testcase time="0.322999999999979" classname="mng01" name="mng01_works_with_table_NULL">
      <skipped message="Reason: On CRAN ('test-mng01.R:63:3')"/>
    </testcase>
    <testcase time="1.67900000000003" classname="mng01" name="mng01_works_with_combination_of_x_variables"/>
    <testcase time="0.269999999999982" classname="mng01" name="mng01_works_with_combination_of_x_variables">
      <skipped message="Reason: On CRAN ('test-mng01.R:75:3')"/>
    </testcase>
    <testcase time="1.697" classname="mng01" name="mng01_works_with_numeric_jitter"/>
    <testcase time="0.262" classname="mng01" name="mng01_works_with_numeric_jitter">
      <skipped message="Reason: On CRAN ('test-mng01.R:87:3')"/>
    </testcase>
  </testsuite>
  <testsuite name="pdt01" timestamp="2023-09-15T23:17:01Z" hostname="cfd65505ff6d" tests="5" skipped="3" failures="0" errors="0" time="2.896">
    <testcase time="1.065" classname="pdt01" name="pdt01_function_with_default_argument_value_return_expected_result_with_test_data">
      <skipped message="Reason: On CRAN ('test-pdt01.R:7:3')"/>
    </testcase>
    <testcase time="0.199999999999989" classname="pdt01" name="pdt01_can_handle_all_NA_values"/>
    <testcase time="0.516999999999996" classname="pdt01" name="pdt01_can_handle_all_NA_values">
      <skipped message="Reason: On CRAN ('test-pdt01.R:21:3')"/>
    </testcase>
    <testcase time="0.463999999999999" classname="pdt01" name="pdt01_can_handle_some_NA_values"/>
    <testcase time="0.650000000000034" classname="pdt01" name="pdt01_can_handle_some_NA_values">
      <skipped message="Reason: On CRAN ('test-pdt01.R:36:3')"/>
    </testcase>
  </testsuite>
  <testsuite name="pdt02" timestamp="2023-09-15T23:17:04Z" hostname="cfd65505ff6d" tests="5" skipped="3" failures="0" errors="0" time="1.556">
    <testcase time="0.508999999999958" classname="pdt02" name="pdt02_function_with_default_argument_value_return_expected_result_with_test_data">
      <skipped message="Reason: On CRAN ('test-pdt02.R:7:3')"/>
    </testcase>
    <testcase time="0.22399999999999" classname="pdt02" name="pdt02_can_handle_all_NA_values"/>
    <testcase time="0.220000000000027" classname="pdt02" name="pdt02_can_handle_all_NA_values">
      <skipped message="Reason: On CRAN ('test-pdt02.R:21:3')"/>
    </testcase>
    <testcase time="0.305000000000007" classname="pdt02" name="pdt02_can_handle_some_NA_values"/>
    <testcase time="0.298000000000002" classname="pdt02" name="pdt02_can_handle_some_NA_values">
      <skipped message="Reason: On CRAN ('test-pdt02.R:36:3')"/>
    </testcase>
  </testsuite>
  <testsuite name="reexports" timestamp="2023-09-15T23:17:06Z" hostname="cfd65505ff6d" tests="2" skipped="0" failures="0" errors="0" time="0.041">
    <testcase time="0.0279999999999632" classname="reexports" name="with_label_exported_correctly"/>
    <testcase time="0.0130000000000337" classname="reexports" name="reformat_exported_correctly"/>
  </testsuite>
  <testsuite name="rmpt01" timestamp="2023-09-15T23:17:06Z" hostname="cfd65505ff6d" tests="7" skipped="3" failures="0" errors="0" time="0.994">
    <testcase time="0.290999999999997" classname="rmpt01" name="rmpt01_function_with_default_argument_value_return_expected_result_with_test_data">
      <skipped message="Reason: On CRAN ('test-rmpt01.R:7:3')"/>
    </testcase>
    <testcase time="0.127999999999986" classname="rmpt01" name="rmpt01_can_handle_NA_values"/>
    <testcase time="0.163999999999987" classname="rmpt01" name="rmpt01_can_handle_NA_values">
      <skipped message="Reason: On CRAN ('test-rmpt01.R:17:3')"/>
    </testcase>
    <testcase time="0.131000000000029" classname="rmpt01" name="rmpt01_can_handle_some_NA_values"/>
    <testcase time="0.161999999999978" classname="rmpt01" name="rmpt01_can_handle_some_NA_values">
      <skipped message="Reason: On CRAN ('test-rmpt01.R:31:3')"/>
    </testcase>
    <testcase time="0.0740000000000123" classname="rmpt01" name="rmpt01_fails_on_incomlete_data"/>
    <testcase time="0.0439999999999827" classname="rmpt01" name="rmpt01_fails_on_incomlete_data"/>
  </testsuite>
  <testsuite name="rmpt03" timestamp="2023-09-15T23:17:07Z" hostname="cfd65505ff6d" tests="8" skipped="3" failures="0" errors="0" time="1.638">
    <testcase time="0.5" classname="rmpt03" name="rmpt03_function_with_default_argument_value_return_expected_result_with_test_data">
      <skipped message="Reason: On CRAN ('test-rmpt03.R:10:3')"/>
    </testcase>
    <testcase time="0.188000000000045" classname="rmpt03" name="rmpt03_can_handle_NA_values"/>
    <testcase time="0.302999999999997" classname="rmpt03" name="rmpt03_can_handle_NA_values">
      <skipped message="Reason: On CRAN ('test-rmpt03.R:22:3')"/>
    </testcase>
    <testcase time="0.204999999999984" classname="rmpt03" name="rmpt03_can_handle_some_NA_values"/>
    <testcase time="0.283999999999992" classname="rmpt03" name="rmpt03_can_handle_some_NA_values">
      <skipped message="Reason: On CRAN ('test-rmpt03.R:38:3')"/>
    </testcase>
    <testcase time="0.0740000000000123" classname="rmpt03" name="rmpt03_fails_on_incomlete_data"/>
    <testcase time="0.0509999999999877" classname="rmpt03" name="rmpt03_fails_on_incomlete_data"/>
    <testcase time="0.0330000000000155" classname="rmpt03" name="rmpt03_fails_on_incomlete_data"/>
  </testsuite>
  <testsuite name="rmpt04" timestamp="2023-09-15T23:17:09Z" hostname="cfd65505ff6d" tests="6" skipped="3" failures="0" errors="0" time="0.942">
    <testcase time="0.283000000000015" classname="rmpt04" name="rmpt04_function_with_default_argument_value_return_expected_result_with_test_data">
      <skipped message="Reason: On CRAN ('test-rmpt04.R:7:3')"/>
    </testcase>
    <testcase time="0.116999999999962" classname="rmpt04" name="rmpt04_can_handle_NA_values"/>
    <testcase time="0.177000000000021" classname="rmpt04" name="rmpt04_can_handle_NA_values">
      <skipped message="Reason: On CRAN ('test-rmpt04.R:17:3')"/>
    </testcase>
    <testcase time="0.113999999999976" classname="rmpt04" name="rmpt04_can_handle_some_NA_values"/>
    <testcase time="0.172000000000025" classname="rmpt04" name="rmpt04_can_handle_some_NA_values">
      <skipped message="Reason: On CRAN ('test-rmpt04.R:34:3')"/>
    </testcase>
    <testcase time="0.0790000000000077" classname="rmpt04" name="rmpt04_fails_on_incomlete_data"/>
  </testsuite>
  <testsuite name="rmpt05" timestamp="2023-09-15T23:17:10Z" hostname="cfd65505ff6d" tests="6" skipped="3" failures="0" errors="0" time="1.105">
    <testcase time="0.335999999999956" classname="rmpt05" name="rmpt05_function_with_default_argument_value_return_expected_result_with_test_data">
      <skipped message="Reason: On CRAN ('test-rmpt05.R:7:3')"/>
    </testcase>
    <testcase time="0.142000000000053" classname="rmpt05" name="rmpt05_can_handle_NA_values"/>
    <testcase time="0.192999999999984" classname="rmpt05" name="rmpt05_can_handle_NA_values">
      <skipped message="Reason: On CRAN ('test-rmpt05.R:17:3')"/>
    </testcase>
    <testcase time="0.149999999999977" classname="rmpt05" name="rmpt05_can_handle_some_NA_values"/>
    <testcase time="0.204000000000008" classname="rmpt05" name="rmpt05_can_handle_some_NA_values">
      <skipped message="Reason: On CRAN ('test-rmpt05.R:34:3')"/>
    </testcase>
    <testcase time="0.0799999999999841" classname="rmpt05" name="rmpt05_fails_on_incomlete_data"/>
  </testsuite>
  <testsuite name="rmpt06" timestamp="2023-09-15T23:17:11Z" hostname="cfd65505ff6d" tests="4" skipped="3" failures="0" errors="0" time="2.65">
    <testcase time="0.879000000000019" classname="rmpt06" name="rmpt06_works_as_expected">
      <skipped message="Reason: On CRAN ('test-rmpt06.R:8:3')"/>
    </testcase>
    <testcase time="0.966999999999985" classname="rmpt06" name="rmpt06_works_as_expected_with_show_diff_TRUE">
      <skipped message="Reason: On CRAN ('test-rmpt06.R:16:3')"/>
    </testcase>
    <testcase time="0.387" classname="rmpt06" name="rmpt06_can_handle_all_NA_values"/>
    <testcase time="0.41700000000003" classname="rmpt06" name="rmpt06_can_handle_all_NA_values">
      <skipped message="Reason: On CRAN ('test-rmpt06.R:29:3')"/>
    </testcase>
  </testsuite>
  <testsuite name="rspt01" timestamp="2023-09-15T23:17:13Z" hostname="cfd65505ff6d" tests="15" skipped="7" failures="0" errors="0" time="5.959">
    <testcase time="0.0389999999999873" classname="rspt01" name="rspt01_works_as_expected"/>
    <testcase time="0.504000000000019" classname="rspt01" name="rspt01_works_as_expected"/>
    <testcase time="0.351999999999975" classname="rspt01" name="rspt01_works_as_expected">
      <skipped message="Reason: On CRAN ('test-rspt01.R:5:3')"/>
    </testcase>
    <testcase time="0.519999999999982" classname="rspt01" name="rspt01_works_as_expected_for_stratified_and_unstratified_analysis"/>
    <testcase time="0.434000000000026" classname="rspt01" name="rspt01_works_as_expected_for_stratified_and_unstratified_analysis">
      <skipped message="Reason: On CRAN ('test-rspt01.R:17:3')"/>
    </testcase>
    <testcase time="0.425999999999988" classname="rspt01" name="rspt01_works_as_expected_for_unstratified_analysis_only"/>
    <testcase time="0.365000000000009" classname="rspt01" name="rspt01_works_as_expected_for_unstratified_analysis_only">
      <skipped message="Reason: On CRAN ('test-rspt01.R:36:3')"/>
    </testcase>
    <testcase time="0.436000000000035" classname="rspt01" name="rspt01_works_as_expected_for_stratified_analysis_only"/>
    <testcase time="0.36099999999999" classname="rspt01" name="rspt01_works_as_expected_for_stratified_analysis_only">
      <skipped message="Reason: On CRAN ('test-rspt01.R:55:3')"/>
    </testcase>
    <testcase time="0.463000000000022" classname="rspt01" name="rspt01_works_if_change_reference_group"/>
    <testcase time="0.367000000000019" classname="rspt01" name="rspt01_works_if_change_reference_group">
      <skipped message="Reason: On CRAN ('test-rspt01.R:74:3')"/>
    </testcase>
    <testcase time="0.484999999999957" classname="rspt01" name="rspt01_works_if_change_statistic_methods"/>
    <testcase time="0.368000000000052" classname="rspt01" name="rspt01_works_if_change_statistic_methods">
      <skipped message="Reason: On CRAN ('test-rspt01.R:97:3')"/>
    </testcase>
    <testcase time="0.482999999999947" classname="rspt01" name="rspt01_works_if_change_confidence_interval"/>
    <testcase time="0.356000000000051" classname="rspt01" name="rspt01_works_if_change_confidence_interval">
      <skipped message="Reason: On CRAN ('test-rspt01.R:123:3')"/>
    </testcase>
  </testsuite>
  <testsuite name="ttet01" timestamp="2023-09-15T23:17:19Z" hostname="cfd65505ff6d" tests="9" skipped="4" failures="0" errors="0" time="4.834">
    <testcase time="0.0369999999999777" classname="ttet01" name="ttet01_works_as_expected"/>
    <testcase time="0.721000000000004" classname="ttet01" name="ttet01_works_as_expected"/>
    <testcase time="0.634999999999991" classname="ttet01" name="ttet01_works_as_expected">
      <skipped message="Reason: On CRAN ('test-ttet01.R:10:3')"/>
    </testcase>
    <testcase time="0.572999999999979" classname="ttet01" name="ttet01_works_as_expected_for_stratified_and_unstratified_analysis"/>
    <testcase time="0.56800000000004" classname="ttet01" name="ttet01_works_as_expected_for_stratified_and_unstratified_analysis">
      <skipped message="Reason: On CRAN ('test-ttet01.R:22:3')"/>
    </testcase>
    <testcase time="0.588999999999999" classname="ttet01" name="ttet01_works_as_expected_for_stratified_analysis_only"/>
    <testcase time="0.572999999999979" classname="ttet01" name="ttet01_works_as_expected_for_stratified_analysis_only">
      <skipped message="Reason: On CRAN ('test-ttet01.R:44:3')"/>
    </testcase>
    <testcase time="0.569000000000017" classname="ttet01" name="ttet01_works_if_change_reference_group"/>
    <testcase time="0.56899999999996" classname="ttet01" name="ttet01_works_if_change_reference_group">
      <skipped message="Reason: On CRAN ('test-ttet01.R:66:3')"/>
    </testcase>
  </testsuite>
  <testsuite name="utils" timestamp="2023-09-15T23:17:24Z" hostname="cfd65505ff6d" tests="24" skipped="1" failures="0" errors="0" time="0.27">
    <testcase time="0.0330000000000155" classname="utils" name="h_format_dec_works_as_exected"/>
    <testcase time="0.00900000000001455" classname="utils" name="h_format_dec_works_as_exected"/>
    <testcase time="0.0029999999999859" classname="utils" name="h_format_dec_works_as_exected"/>
    <testcase time="0.00600000000002865" classname="utils" name="h_format_dec_works_as_exected"/>
    <testcase time="0.0029999999999859" classname="utils" name="h_format_dec_works_as_exected"/>
    <testcase time="0.00499999999999545" classname="utils" name="h_format_dec_works_as_exected"/>
    <testcase time="0.00200000000000955" classname="utils" name="h_format_dec_works_as_exected"/>
    <testcase time="0.00599999999997181" classname="utils" name="h_format_dec_works_as_exected"/>
    <testcase time="0.00200000000000955" classname="utils" name="h_format_dec_works_as_exected"/>
    <testcase time="0.0080000000000382" classname="utils" name="h_format_dec_works_as_exected"/>
    <testcase time="0.00199999999995271" classname="utils" name="h_format_dec_works_as_exected"/>
    <testcase time="0.00499999999999545" classname="utils" name="h_format_dec_works_as_exected"/>
    <testcase time="0.0130000000000337" classname="utils" name="h_format_dec_works_as_expected_with_more_than_one_value"/>
    <testcase time="0.00499999999999545" classname="utils" name="h_format_dec_works_as_expected_with_more_than_one_value"/>
    <testcase time="0.0129999999999768" classname="utils" name="h_format_dec_works_as_expected_with_NA_digits"/>
    <testcase time="0.0130000000000337" classname="utils" name="fuse_sequentially_works"/>
    <testcase time="0.00599999999997181" classname="utils" name="fuse_sequentially_works"/>
    <testcase time="0.00999999999999091" classname="utils" name="grob_list_works"/>
    <testcase time="0.00200000000000955" classname="utils" name="grob_list_works"/>
    <testcase time="0.00600000000002865" classname="utils" name="grob_list_works"/>
    <testcase time="0.00499999999999545" classname="utils" name="grob_list_works"/>
    <testcase time="0.0249999999999773" classname="utils" name="ifneeded_split_row_works_as_expected"/>
    <testcase time="0.00999999999999091" classname="utils" name="ifneeded_split_row_works_as_expected"/>
    <testcase time="0.0780000000000314" classname="utils" name="_unnamed_">
      <skipped message="Reason: On CRAN ('test-utils.R:88:1')"/>
    </testcase>
  </testsuite>
  <testsuite name="vst01" timestamp="2023-09-15T23:17:24Z" hostname="cfd65505ff6d" tests="3" skipped="2" failures="0" errors="0" time="24.038">
    <testcase time="12.147" classname="vst01" name="vst01_functions_with_default_argument_value_return_expected_result_with_test_data">
      <skipped message="Reason: On CRAN ('test-vst01.R:7:3')"/>
    </testcase>
    <testcase time="4.76400000000001" classname="vst01" name="run_vst01_works_as_expected"/>
    <testcase time="7.12700000000001" classname="vst01" name="run_vst01_works_as_expected">
      <skipped message="Reason: On CRAN ('test-vst01.R:14:3')"/>
    </testcase>
  </testsuite>
  <testsuite name="vst02" timestamp="2023-09-15T23:17:48Z" hostname="cfd65505ff6d" tests="2" skipped="2" failures="0" errors="0" time="1.722">
    <testcase time="0.866999999999962" classname="vst02" name="vst02_functions_with_default_argument_value_return_expected_result_with_test_data">
      <skipped message="Reason: On CRAN ('test-vst02.R:7:3')"/>
    </testcase>
    <testcase time="0.855000000000018" classname="vst02" name="vst02_functions_return_expected_result_with_test_data_when_excluding_subject_with_baseline_abnormality">
      <skipped message="Reason: On CRAN ('test-vst02.R:14:3')"/>
    </testcase>
  </testsuite>
</testsuites>
