<?xml version="1.0" encoding="UTF-8"?>
<testsuites>
  <testsuite name="ael01_nollt" timestamp="2025-01-27T14:40:59Z" hostname="38961466a702" tests="14" skipped="0" failures="0" errors="0" time="1.219">
    <testcase time="0.0670000000000002" classname="ael01_nollt" name="ael01_nollt_works_with_admh_dataset"/>
    <testcase time="0.278" classname="ael01_nollt" name="ael01_nollt_works_with_admh_dataset"/>
    <testcase time="0.0299999999999998" classname="ael01_nollt" name="ael01_nollt_works_with_non_default_label"/>
    <testcase time="0.219" classname="ael01_nollt" name="ael01_nollt_works_with_non_default_label"/>
    <testcase time="0.0290000000000004" classname="ael01_nollt" name="ael01_nollt_can_handle_all_missing_values"/>
    <testcase time="0.0859999999999999" classname="ael01_nollt" name="ael01_nollt_can_handle_all_missing_values"/>
    <testcase time="0.0289999999999999" classname="ael01_nollt" name="ael01_nollt_can_handle_some_missing_values"/>
    <testcase time="0.137" classname="ael01_nollt" name="ael01_nollt_can_handle_some_missing_values"/>
    <testcase time="0.024" classname="ael01_nollt" name="ael01_nollt_listing_can_be_split_by_an_additional_variable"/>
    <testcase time="0.00099999999999989" classname="ael01_nollt" name="ael01_nollt_listing_can_be_split_by_an_additional_variable"/>
    <testcase time="0.169" classname="ael01_nollt" name="ael01_nollt_listing_can_be_split_by_an_additional_variable"/>
    <testcase time="0.028" classname="ael01_nollt" name="split_ael01_nollt_listing_do_not_display_missing_values"/>
    <testcase time="0.00100000000000033" classname="ael01_nollt" name="split_ael01_nollt_listing_do_not_display_missing_values"/>
    <testcase time="0.121" classname="ael01_nollt" name="split_ael01_nollt_listing_do_not_display_missing_values"/>
  </testsuite>
  <testsuite name="ael02" timestamp="2025-01-27T14:41:00Z" hostname="38961466a702" tests="9" skipped="0" failures="0" errors="0" time="2.789">
    <testcase time="0.0679999999999996" classname="ael02" name="ael02_works_with_adae_dataset"/>
    <testcase time="0.00200000000000022" classname="ael02" name="ael02_works_with_adae_dataset"/>
    <testcase time="0.869" classname="ael02" name="ael02_works_with_adae_dataset"/>
    <testcase time="0.0490000000000004" classname="ael02" name="ael02_can_handle_all_missing_values"/>
    <testcase time="0.000999999999999446" classname="ael02" name="ael02_can_handle_all_missing_values"/>
    <testcase time="0.894" classname="ael02" name="ael02_can_handle_all_missing_values"/>
    <testcase time="0.0550000000000006" classname="ael02" name="ael02_functions_work_as_expected"/>
    <testcase time="0.00199999999999978" classname="ael02" name="ael02_functions_work_as_expected"/>
    <testcase time="0.849" classname="ael02" name="ael02_functions_work_as_expected"/>
  </testsuite>
  <testsuite name="ael03" timestamp="2025-01-27T14:41:03Z" hostname="38961466a702" tests="9" skipped="0" failures="0" errors="0" time="2.895">
    <testcase time="0.069" classname="ael03" name="ael03_works_with_adae_dataset"/>
    <testcase time="0.000999999999999446" classname="ael03" name="ael03_works_with_adae_dataset"/>
    <testcase time="0.889" classname="ael03" name="ael03_works_with_adae_dataset"/>
    <testcase time="0.0520000000000005" classname="ael03" name="ael03_can_handle_all_missing_values"/>
    <testcase time="0.000999999999999446" classname="ael03" name="ael03_can_handle_all_missing_values"/>
    <testcase time="0.927" classname="ael03" name="ael03_can_handle_all_missing_values"/>
    <testcase time="0.0539999999999994" classname="ael03" name="ael03_functions_work_as_expected"/>
    <testcase time="0.00200000000000067" classname="ael03" name="ael03_functions_work_as_expected"/>
    <testcase time="0.899999999999999" classname="ael03" name="ael03_functions_work_as_expected"/>
  </testsuite>
  <testsuite name="aet01" timestamp="2025-01-27T14:41:06Z" hostname="38961466a702" tests="13" skipped="0" failures="0" errors="0" time="3.375">
    <testcase time="0.411" classname="aet01" name="aet01_can_handle_all_NA_values"/>
    <testcase time="0.283000000000001" classname="aet01" name="aet01_can_handle_all_NA_values"/>
    <testcase time="0.280999999999999" classname="aet01" name="aet01_can_handle_all_NA_values"/>
    <testcase time="0.222000000000001" classname="aet01" name="aet01_can_handle_all_NA_values"/>
    <testcase time="0.267999999999999" classname="aet01" name="aet01_can_handle_some_NA_values"/>
    <testcase time="0.289" classname="aet01" name="aet01_can_handle_some_NA_values"/>
    <testcase time="0.211" classname="aet01" name="aet01_can_use_custom_anl_vars"/>
    <testcase time="0.348000000000001" classname="aet01" name="aet01_can_use_custom_anl_vars"/>
    <testcase time="0.0600000000000005" classname="aet01" name="aet01_fails_on_incomplete_data_input"/>
    <testcase time="0.284999999999998" classname="aet01" name="aet01_can_use_custom_medconcept_var"/>
    <testcase time="0.290000000000001" classname="aet01" name="aet01_can_use_custom_medconcept_var"/>
    <testcase time="0.188000000000001" classname="aet01" name="aet01_can_conditionally_show_the_number_of_withdrawal"/>
    <testcase time="0.238999999999999" classname="aet01" name="aet01_can_conditionally_show_the_number_of_withdrawal"/>
  </testsuite>
  <testsuite name="aet01_aesi" timestamp="2025-01-27T14:41:09Z" hostname="38961466a702" tests="9" skipped="0" failures="0" errors="0" time="2.033">
    <testcase time="0.231" classname="aet01_aesi" name="aet01_aesi_can_handle_all_NA_values"/>
    <testcase time="0.26" classname="aet01_aesi" name="aet01_aesi_can_handle_all_NA_values"/>
    <testcase time="0.185" classname="aet01_aesi" name="aet01_aesi_can_handle_all_NA_values"/>
    <testcase time="0.212" classname="aet01_aesi" name="aet01_aesi_can_handle_all_NA_values"/>
    <testcase time="0.19" classname="aet01_aesi" name="aet01_aesi_can_handle_some_NA_values"/>
    <testcase time="0.253" classname="aet01_aesi" name="aet01_aesi_can_handle_some_NA_values"/>
    <testcase time="0.263" classname="aet01_aesi" name="aet01_aesi_works_with_ALL_argument"/>
    <testcase time="0.389000000000001" classname="aet01_aesi" name="aet01_aesi_works_with_ALL_argument"/>
    <testcase time="0.0499999999999989" classname="aet01_aesi" name="aet01_aesi_check_fails_on_incomplete_data_input"/>
  </testsuite>
  <testsuite name="aet02" timestamp="2025-01-27T14:41:11Z" hostname="38961466a702" tests="4" skipped="0" failures="0" errors="0" time="2.485">
    <testcase time="0.0490000000000013" classname="aet02" name="aet02_fails_on_incomplete_data_input"/>
    <testcase time="0.123999999999999" classname="aet02" name="aet02_handle_empty_data_input"/>
    <testcase time="1.525" classname="aet02" name="aet02_can_have_different_levels_of_row_split"/>
    <testcase time="0.787000000000001" classname="aet02" name="aet02_can_have_different_levels_of_row_split"/>
  </testsuite>
  <testsuite name="aet03" timestamp="2025-01-27T14:41:14Z" hostname="38961466a702" tests="4" skipped="0" failures="0" errors="0" time="2.715">
    <testcase time="0.295999999999999" classname="aet03" name="aet03_can_handle_NA_values"/>
    <testcase time="0.257999999999999" classname="aet03" name="aet03_can_handle_NA_values"/>
    <testcase time="1.373" classname="aet03" name="aet03_can_handle_some_NA_values"/>
    <testcase time="0.788" classname="aet03" name="aet03_can_handle_some_NA_values"/>
  </testsuite>
  <testsuite name="aet04" timestamp="2025-01-27T14:41:17Z" hostname="38961466a702" tests="12" skipped="0" failures="0" errors="0" time="11.987">
    <testcase time="0.462" classname="aet04" name="aet04_can_handle_NA_values"/>
    <testcase time="0.425000000000001" classname="aet04" name="aet04_can_handle_NA_values"/>
    <testcase time="0.420999999999999" classname="aet04" name="aet04_can_handle_NA_values"/>
    <testcase time="0.00400000000000134" classname="aet04" name="aet04_can_handle_NA_values"/>
    <testcase time="0.443999999999999" classname="aet04" name="aet04_can_handle_NA_values"/>
    <testcase time="0.474" classname="aet04" name="aet04_can_handle_NA_values"/>
    <testcase time="2.397" classname="aet04" name="aet04_can_handle_some_NA_values"/>
    <testcase time="1.199" classname="aet04" name="aet04_can_handle_some_NA_values"/>
    <testcase time="2.469" classname="aet04" name="aet04_can_handle_some_NA_values"/>
    <testcase time="0.00499999999999901" classname="aet04" name="aet04_can_handle_some_NA_values"/>
    <testcase time="2.421" classname="aet04" name="aet04_can_handle_some_NA_values"/>
    <testcase time="1.266" classname="aet04" name="aet04_can_handle_some_NA_values"/>
  </testsuite>
  <testsuite name="aet05" timestamp="2025-01-27T14:41:29Z" hostname="38961466a702" tests="6" skipped="0" failures="0" errors="0" time="1.323">
    <testcase time="0.154999999999998" classname="aet05" name="aet05_can_handle_NA_values"/>
    <testcase time="0.260000000000002" classname="aet05" name="aet05_can_handle_NA_values"/>
    <testcase time="0.154" classname="aet05" name="aet05_can_handle_some_NA_values"/>
    <testcase time="0.284999999999997" classname="aet05" name="aet05_can_handle_some_NA_values"/>
    <testcase time="0.173999999999999" classname="aet05" name="aet05_can_handle_some_NA_values"/>
    <testcase time="0.295000000000002" classname="aet05" name="aet05_can_handle_some_NA_values"/>
  </testsuite>
  <testsuite name="aet05_all" timestamp="2025-01-27T14:41:30Z" hostname="38961466a702" tests="6" skipped="0" failures="0" errors="0" time="1.34">
    <testcase time="0.146999999999998" classname="aet05_all" name="aet05_all_can_handle_NA_values"/>
    <testcase time="0.283000000000001" classname="aet05_all" name="aet05_all_can_handle_NA_values"/>
    <testcase time="0.163000000000004" classname="aet05_all" name="aet05_all_can_handle_some_NA_values"/>
    <testcase time="0.286999999999999" classname="aet05_all" name="aet05_all_can_handle_some_NA_values"/>
    <testcase time="0.174999999999997" classname="aet05_all" name="aet05_all_can_handle_some_NA_values"/>
    <testcase time="0.285000000000004" classname="aet05_all" name="aet05_all_can_handle_some_NA_values"/>
  </testsuite>
  <testsuite name="aet10" timestamp="2025-01-27T14:41:31Z" hostname="38961466a702" tests="4" skipped="0" failures="0" errors="0" time="0.589">
    <testcase time="0.0899999999999963" classname="aet10" name="aet10_can_handle_NA_values"/>
    <testcase time="0.138000000000005" classname="aet10" name="aet10_can_handle_NA_values"/>
    <testcase time="0.122" classname="aet10" name="aet10_can_handle_some_NA_values"/>
    <testcase time="0.238999999999997" classname="aet10" name="aet10_can_handle_some_NA_values"/>
  </testsuite>
  <testsuite name="assertions" timestamp="2025-01-27T14:41:32Z" hostname="38961466a702" tests="33" skipped="0" failures="0" errors="0" time="0.198">
    <testcase time="0.00800000000000267" classname="assertions" name="assert_valid_var.character_works_as_expected"/>
    <testcase time="0.00499999999999545" classname="assertions" name="assert_valid_var.character_works_as_expected"/>
    <testcase time="0.00500000000000256" classname="assertions" name="assert_valid_var.character_works_as_expected"/>
    <testcase time="0.00399999999999778" classname="assertions" name="assert_valid_var.character_works_as_expected"/>
    <testcase time="0.00200000000000244" classname="assertions" name="assert_valid_var.character_works_as_expected"/>
    <testcase time="0.00499999999999545" classname="assertions" name="assert_valid_var.factor_works_as_expected"/>
    <testcase time="0.0110000000000028" classname="assertions" name="assert_valid_var.factor_works_as_expected"/>
    <testcase time="0.00800000000000267" classname="assertions" name="assert_valid_var.factor_works_as_expected"/>
    <testcase time="0.00799999999999557" classname="assertions" name="assert_valid_var.factor_works_as_expected"/>
    <testcase time="0.00300000000000011" classname="assertions" name="assert_valid_var.factor_works_as_expected"/>
    <testcase time="0.007000000000005" classname="assertions" name="assert_valid_var.logical_works_as_expected"/>
    <testcase time="0.0069999999999979" classname="assertions" name="assert_valid_var.logical_works_as_expected"/>
    <testcase time="0.00500000000000256" classname="assertions" name="assert_valid_var.logical_works_as_expected"/>
    <testcase time="0.00199999999999534" classname="assertions" name="assert_valid_var.logical_works_as_expected"/>
    <testcase time="0.00500000000000256" classname="assertions" name="assert_valid_var.numeric_works_as_expected"/>
    <testcase time="0.00399999999999778" classname="assertions" name="assert_valid_var.numeric_works_as_expected"/>
    <testcase time="0.00500000000000256" classname="assertions" name="assert_valid_var.numeric_works_as_expected"/>
    <testcase time="0.00200000000000244" classname="assertions" name="assert_valid_var.numeric_works_as_expected"/>
    <testcase time="0.00499999999999545" classname="assertions" name="assert_valid_var.numeric_works_as_expected"/>
    <testcase time="0.00100000000000477" classname="assertions" name="assert_valid_var.numeric_works_as_expected"/>
    <testcase time="0.0180000000000007" classname="assertions" name="assert_valid_var.POSIXct_works_as_expected"/>
    <testcase time="0.0189999999999984" classname="assertions" name="assert_valid_var.POSIXct_works_as_expected"/>
    <testcase time="0.00600000000000023" classname="assertions" name="assert_valid_variable_works_as_expected"/>
    <testcase time="0.00199999999999534" classname="assertions" name="assert_valid_variable_works_as_expected"/>
    <testcase time="0.007000000000005" classname="assertions" name="assert_valid_variable_works_as_expected"/>
    <testcase time="0.00199999999999534" classname="assertions" name="assert_valid_variable_works_as_expected"/>
    <testcase time="0.007000000000005" classname="assertions" name="assert_valid_variable_works_as_expected"/>
    <testcase time="0.00199999999999534" classname="assertions" name="assert_valid_variable_works_as_expected"/>
    <testcase time="0.00600000000000023" classname="assertions" name="assert_valid_var_pair_works_as_expected_with_character"/>
    <testcase time="0.00600000000000023" classname="assertions" name="assert_valid_var_pair_works_as_expected_with_character"/>
    <testcase time="0.007000000000005" classname="assertions" name="assert_valid_var_pair_works_as_expected_with_factor"/>
    <testcase time="0.0069999999999979" classname="assertions" name="assert_valid_var_pair_works_as_expected_with_factor"/>
    <testcase time="0.0069999999999979" classname="assertions" name="assert_valid_var_pair_works_as_expected_with_factor"/>
  </testsuite>
  <testsuite name="cfbt01" timestamp="2025-01-27T14:41:32Z" hostname="38961466a702" tests="3" skipped="0" failures="0" errors="0" time="9.278">
    <testcase time="6.929" classname="cfbt01" name="cfbt01_functions_with_default_argument_value_return_expected_result_with_test_data"/>
    <testcase time="0.786999999999999" classname="cfbt01" name="cfbt01_can_handle_n_0_and_outputs_NE_instead_of_infs_and_NAs"/>
    <testcase time="1.562" classname="cfbt01" name="cfbt01_can_handle_n_0_and_outputs_NE_instead_of_infs_and_NAs"/>
  </testsuite>
  <testsuite name="checks" timestamp="2025-01-27T14:41:41Z" hostname="38961466a702" tests="8" skipped="0" failures="0" errors="0" time="0.028">
    <testcase time="0.00900000000000034" classname="checks" name="check_all_colnames_works_as_expected"/>
    <testcase time="0.00300000000000011" classname="checks" name="check_all_colnames_works_as_expected"/>
    <testcase time="0.00100000000000477" classname="checks" name="check_all_colnames_works_as_expected"/>
    <testcase time="0.00300000000000011" classname="checks" name="check_all_colnames_works_as_expected"/>
    <testcase time="0.00499999999999545" classname="checks" name="check_one_colnames_works_as_expected"/>
    <testcase time="0.00300000000000011" classname="checks" name="check_one_colnames_works_as_expected"/>
    <testcase time="0.00100000000000477" classname="checks" name="check_one_colnames_works_as_expected"/>
    <testcase time="0.00300000000000011" classname="checks" name="check_one_colnames_works_as_expected"/>
  </testsuite>
  <testsuite name="chevron_tlg-class" timestamp="2025-01-27T14:41:41Z" hostname="38961466a702" tests="27" skipped="0" failures="0" errors="0" time="0.1">
    <testcase time="0.00799999999999557" classname="chevron_tlg_class" name="chevron_t_object_can_be_constructed_with_default_values"/>
    <testcase time="0.00300000000000011" classname="chevron_tlg_class" name="chevron_t_object_can_be_constructed_with_default_values"/>
    <testcase time="0.00600000000000023" classname="chevron_tlg_class" name="chevron_t_object_can_be_constructed_with_custom_values"/>
    <testcase time="0.00300000000000011" classname="chevron_tlg_class" name="chevron_t_object_can_be_constructed_with_custom_values"/>
    <testcase time="0.00200000000000244" classname="chevron_tlg_class" name="chevron_t_object_can_be_constructed_with_custom_values"/>
    <testcase time="0.00300000000000011" classname="chevron_tlg_class" name="chevron_t_object_can_be_constructed_with_custom_values"/>
    <testcase time="0.00499999999999545" classname="chevron_tlg_class" name="chevron_t_constructor_returns_an_error_when_expected"/>
    <testcase time="0.00200000000000244" classname="chevron_tlg_class" name="chevron_t_constructor_returns_an_error_when_expected"/>
    <testcase time="0.000999999999997669" classname="chevron_tlg_class" name="chevron_t_constructor_returns_an_error_when_expected"/>
    <testcase time="0.00100000000000477" classname="chevron_tlg_class" name="chevron_t_constructor_returns_an_error_when_expected"/>
    <testcase time="0.000999999999997669" classname="chevron_tlg_class" name="chevron_t_constructor_returns_an_error_when_expected"/>
    <testcase time="0.000999999999997669" classname="chevron_tlg_class" name="chevron_t_constructor_returns_an_error_when_expected"/>
    <testcase time="0.00600000000000023" classname="chevron_tlg_class" name="chevron_l_object_can_be_constructed_with_default_values"/>
    <testcase time="0.00300000000000011" classname="chevron_tlg_class" name="chevron_l_object_can_be_constructed_with_default_values"/>
    <testcase time="0.0130000000000052" classname="chevron_tlg_class" name="chevron_g_object_can_be_constructed_with_custom_values"/>
    <testcase time="0.00399999999999778" classname="chevron_tlg_class" name="chevron_g_object_can_be_constructed_with_custom_values"/>
    <testcase time="0.00300000000000011" classname="chevron_tlg_class" name="chevron_g_object_can_be_constructed_with_custom_values"/>
    <testcase time="0.00300000000000011" classname="chevron_tlg_class" name="chevron_g_object_can_be_constructed_with_custom_values"/>
    <testcase time="0.00600000000000023" classname="chevron_tlg_class" name="chevron_g_constructor_returns_an_error_when_expected"/>
    <testcase time="0.000999999999997669" classname="chevron_tlg_class" name="chevron_g_constructor_returns_an_error_when_expected"/>
    <testcase time="0.00100000000000477" classname="chevron_tlg_class" name="chevron_g_constructor_returns_an_error_when_expected"/>
    <testcase time="0.000999999999997669" classname="chevron_tlg_class" name="chevron_g_constructor_returns_an_error_when_expected"/>
    <testcase time="0.00199999999999534" classname="chevron_tlg_class" name="chevron_g_constructor_returns_an_error_when_expected"/>
    <testcase time="0.00100000000000477" classname="chevron_tlg_class" name="chevron_g_constructor_returns_an_error_when_expected"/>
    <testcase time="0.00600000000000023" classname="chevron_tlg_class" name="chevron_simple_works_correctly"/>
    <testcase time="0.00199999999999534" classname="chevron_tlg_class" name="chevron_simple_works_correctly"/>
    <testcase time="0.0120000000000005" classname="chevron_tlg_class" name="chevron_simple_errors_if_contains_return"/>
  </testsuite>
  <testsuite name="chevron_tlg-methods" timestamp="2025-01-27T14:41:42Z" hostname="38961466a702" tests="59" skipped="1" failures="0" errors="0" time="10.223">
    <testcase time="1.085" classname="chevron_tlg_methods" name="run_works_as_expected_for_chevron_t_object"/>
    <testcase time="0.591999999999999" classname="chevron_tlg_methods" name="run_works_as_expected_for_chevron_t_object"/>
    <testcase time="0.616" classname="chevron_tlg_methods" name="run_works_as_expected_for_chevron_t_object_when_auto_pre_FALSE"/>
    <testcase time="0.334000000000003" classname="chevron_tlg_methods" name="run_works_as_expected_with_argument_printed"/>
    <testcase time="0.295999999999999" classname="chevron_tlg_methods" name="run_works_as_expected_with_argument_printed"/>
    <testcase time="0.439" classname="chevron_tlg_methods" name="run_works_as_expected_with_argument_printed_if_the_user_argument_is_complicated"/>
    <testcase time="0.387999999999998" classname="chevron_tlg_methods" name="run_works_as_expected_with_argument_printed_if_the_user_argument_is_complicated"/>
    <testcase time="0.447000000000003" classname="chevron_tlg_methods" name="run_uses_the_argument_passed_through_the_ellipsis_in_priority"/>
    <testcase time="0.383000000000003" classname="chevron_tlg_methods" name="run_uses_the_argument_passed_through_the_ellipsis_in_priority"/>
    <testcase time="0.329000000000001" classname="chevron_tlg_methods" name="run_works_as_expected_with_partial_match_argument"/>
    <testcase time="0.284999999999997" classname="chevron_tlg_methods" name="run_works_as_expected_with_partial_match_argument"/>
    <testcase time="0.442999999999998" classname="chevron_tlg_methods" name="run_displays_the_symbols_when_available"/>
    <testcase time="0.370000000000005" classname="chevron_tlg_methods" name="run_displays_the_symbols_when_available"/>
    <testcase time="0.32" classname="chevron_tlg_methods" name="run_print_internal_functions_when_unwrap_is_TRUE"/>
    <testcase time="0.000999999999997669" classname="chevron_tlg_methods" name="run_print_internal_functions_when_unwrap_is_TRUE"/>
    <testcase time="0.00200000000000244" classname="chevron_tlg_methods" name="run_print_internal_functions_when_unwrap_is_TRUE"/>
    <testcase time="0.0219999999999985" classname="chevron_tlg_methods" name="run_print_internal_functions_when_unwrap_is_TRUE"/>
    <testcase time="1.24" classname="chevron_tlg_methods" name="run_print_internal_functions_when_unwrap_is_TRUE_and_standard_chevron_tlg_has_no_layout"/>
    <testcase time="0.00900000000000034" classname="chevron_tlg_methods" name="run_print_internal_functions_when_unwrap_is_TRUE_and_the_chevron_tlg_object_is_customized"/>
    <testcase time="0.00199999999999534" classname="chevron_tlg_methods" name="run_print_internal_functions_when_unwrap_is_TRUE_and_the_chevron_tlg_object_is_customized"/>
    <testcase time="0.00100000000000477" classname="chevron_tlg_methods" name="run_print_internal_functions_when_unwrap_is_TRUE_and_the_chevron_tlg_object_is_customized"/>
    <testcase time="0.0329999999999941" classname="chevron_tlg_methods" name="run_print_internal_functions_when_unwrap_is_TRUE_and_the_chevron_tlg_object_is_customized"/>
    <testcase time="0.00800000000000267" classname="chevron_tlg_methods" name="run_print_main_and_postprocessing_functions_when_unwrap_is_TRUE_and_auto_pre_is_FALSE"/>
    <testcase time="0.000999999999997669" classname="chevron_tlg_methods" name="run_print_main_and_postprocessing_functions_when_unwrap_is_TRUE_and_auto_pre_is_FALSE"/>
    <testcase time="0.00200000000000244" classname="chevron_tlg_methods" name="run_print_main_and_postprocessing_functions_when_unwrap_is_TRUE_and_auto_pre_is_FALSE"/>
    <testcase time="0.000999999999997669" classname="chevron_tlg_methods" name="run_print_main_and_postprocessing_functions_when_unwrap_is_TRUE_and_auto_pre_is_FALSE"/>
    <testcase time="0.0219999999999985" classname="chevron_tlg_methods" name="run_print_main_and_postprocessing_functions_when_unwrap_is_TRUE_and_auto_pre_is_FALSE"/>
    <testcase time="0.00500000000000256" classname="chevron_tlg_methods" name="args_ls_works_as_expected"/>
    <testcase time="0.00200000000000244" classname="chevron_tlg_methods" name="args_ls_works_as_expected"/>
    <testcase time="0.000999999999997669" classname="chevron_tlg_methods" name="args_ls_works_as_expected"/>
    <testcase time="0.00500000000000256" classname="chevron_tlg_methods" name="args_ls_works_as_expected_when_simplify_is_TRUE"/>
    <testcase time="0.000999999999997669" classname="chevron_tlg_methods" name="args_ls_works_as_expected_when_simplify_is_TRUE"/>
    <testcase time="0.000999999999997669" classname="chevron_tlg_methods" name="args_ls_works_as_expected_when_simplify_is_TRUE"/>
    <testcase time="0.00600000000000023" classname="chevron_tlg_methods" name="args_ls_works_as_expected_with_custom_chevron_tlg_object"/>
    <testcase time="0.00100000000000477" classname="chevron_tlg_methods" name="args_ls_works_as_expected_with_custom_chevron_tlg_object"/>
    <testcase time="0.000999999999997669" classname="chevron_tlg_methods" name="args_ls_works_as_expected_with_custom_chevron_tlg_object"/>
    <testcase time="0.00300000000000011" classname="chevron_tlg_methods" name="args_ls_works_as_expected_with_custom_chevron_tlg_object"/>
    <testcase time="0.00600000000000023" classname="chevron_tlg_methods" name="main_works_as_expected"/>
    <testcase time="0.00600000000000023" classname="chevron_tlg_methods" name="main_setter_works_as_expected"/>
    <testcase time="0.0110000000000028" classname="chevron_tlg_methods" name="main_setter_throw_an_error_as_expected"/>
    <testcase time="0.00600000000000023" classname="chevron_tlg_methods" name="preprocess_works_as_expected"/>
    <testcase time="0.00600000000000023" classname="chevron_tlg_methods" name="preprocess_setter_works_as_expected"/>
    <testcase time="0.00999999999999801" classname="chevron_tlg_methods" name="preprocess_sends_an_error_as_expected"/>
    <testcase time="0.00600000000000023" classname="chevron_tlg_methods" name="postprocess_works_as_expected"/>
    <testcase time="0.0069999999999979" classname="chevron_tlg_methods" name="postprocess_setter_works_as_expected"/>
    <testcase time="0.00999999999999801" classname="chevron_tlg_methods" name="postprocess_sends_an_error_as_expected"/>
    <testcase time="0.00500000000000256" classname="chevron_tlg_methods" name="script_funs_works_as_expected_in_interactive_mode">
      <skipped message="Reason: !interactive() is TRUE ('test-chevron_tlg-methods.R:264:3')"/>
    </testcase>
    <testcase time="0.0140000000000029" classname="chevron_tlg_methods" name="script_funs_works_as_expected"/>
    <testcase time="0.000999999999997669" classname="chevron_tlg_methods" name="script_funs_works_as_expected"/>
    <testcase time="2.338" classname="chevron_tlg_methods" name="script_funs_generates_a_valid_script"/>
    <testcase time="0.00200000000000244" classname="chevron_tlg_methods" name="script_funs_generates_a_valid_script"/>
    <testcase time="0.000999999999997669" classname="chevron_tlg_methods" name="script_funs_generates_a_valid_script"/>
    <testcase time="0.00200000000000244" classname="chevron_tlg_methods" name="script_funs_generates_a_valid_script"/>
    <testcase time="0.000999999999997669" classname="chevron_tlg_methods" name="script_funs_generates_a_valid_script"/>
    <testcase time="0.0260000000000034" classname="chevron_tlg_methods" name="script_funs_generates_a_valid_script"/>
    <testcase time="0.00600000000000023" classname="chevron_tlg_methods" name="script_funs_works_for_simple_template"/>
    <testcase time="0.00199999999999534" classname="chevron_tlg_methods" name="script_funs_works_for_simple_template"/>
    <testcase time="0.0330000000000013" classname="chevron_tlg_methods" name="print_list_works"/>
    <testcase time="0.027000000000001" classname="chevron_tlg_methods" name="print_list_works_for_empty_list"/>
  </testsuite>
  <testsuite name="cml02a_gl" timestamp="2025-01-27T14:41:52Z" hostname="38961466a702" tests="6" skipped="0" failures="0" errors="0" time="0.581">
    <testcase time="0.0289999999999964" classname="cml02a_gl" name="cml02a_gl_works_with_adcm_dataset"/>
    <testcase time="0.184000000000005" classname="cml02a_gl" name="cml02a_gl_works_with_adcm_dataset"/>
    <testcase time="0.0289999999999964" classname="cml02a_gl" name="cml02a_gl_works_with_missing_data"/>
    <testcase time="0.140000000000001" classname="cml02a_gl" name="cml02a_gl_works_with_missing_data"/>
    <testcase time="0.0249999999999986" classname="cml02a_gl" name="cml02a_gl_functions_work_as_expected"/>
    <testcase time="0.173999999999999" classname="cml02a_gl" name="cml02a_gl_functions_work_as_expected"/>
  </testsuite>
  <testsuite name="cmt01a" timestamp="2025-01-27T14:41:52Z" hostname="38961466a702" tests="6" skipped="0" failures="0" errors="0" time="4.045">
    <testcase time="1.212" classname="cmt01a" name="cmt01a_functions_with_default_argument_value_return_expected_result_with_test_data"/>
    <testcase time="1.119" classname="cmt01a" name="cmt01a_functions_with_custom_argument_value_return_expected_result_with_test_data"/>
    <testcase time="0.152000000000001" classname="cmt01a" name="cmt01a_can_handle_all_NA_values"/>
    <testcase time="0.189" classname="cmt01a" name="cmt01a_can_handle_all_NA_values"/>
    <testcase time="0.792999999999999" classname="cmt01a" name="cmt01a_can_handle_some_NA_values"/>
    <testcase time="0.579999999999998" classname="cmt01a" name="cmt01a_can_handle_some_NA_values"/>
  </testsuite>
  <testsuite name="cmt02_pt" timestamp="2025-01-27T14:41:56Z" hostname="38961466a702" tests="4" skipped="0" failures="0" errors="0" time="0.617">
    <testcase time="0.109999999999999" classname="cmt02_pt" name="cmt02_pt_can_handle_all_NA_values"/>
    <testcase time="0.131" classname="cmt02_pt" name="cmt02_pt_can_handle_all_NA_values"/>
    <testcase time="0.141000000000005" classname="cmt02_pt" name="cmt02_pt_can_handle_some_NA_values"/>
    <testcase time="0.234999999999999" classname="cmt02_pt" name="cmt02_pt_can_handle_some_NA_values"/>
  </testsuite>
  <testsuite name="coxt01" timestamp="2025-01-27T14:41:57Z" hostname="38961466a702" tests="9" skipped="0" failures="0" errors="0" time="1.861">
    <testcase time="0.317" classname="coxt01" name="coxt01_can_handle_some_NA_values"/>
    <testcase time="0.209999999999994" classname="coxt01" name="coxt01_can_handle_some_NA_values"/>
    <testcase time="0.347000000000001" classname="coxt01" name="coxt01_can_handle_some_NA_values"/>
    <testcase time="0.202000000000005" classname="coxt01" name="coxt01_can_handle_some_NA_values"/>
    <testcase time="0.189" classname="coxt01" name="coxt01_can_handle_some_NA_values"/>
    <testcase time="0.177" classname="coxt01" name="coxt01_can_handle_some_NA_values"/>
    <testcase time="0.221999999999994" classname="coxt01" name="coxt01_can_handle_some_NA_values"/>
    <testcase time="0.182000000000002" classname="coxt01" name="coxt01_can_handle_some_NA_values"/>
    <testcase time="0.0150000000000006" classname="coxt01" name="coxt01_fails_on_incomlete_data"/>
  </testsuite>
  <testsuite name="coxt02" timestamp="2025-01-27T14:41:59Z" hostname="38961466a702" tests="9" skipped="0" failures="0" errors="0" time="2.709">
    <testcase time="0.658999999999999" classname="coxt02" name="coxt02_can_handle_some_NA_values"/>
    <testcase time="0.249000000000002" classname="coxt02" name="coxt02_can_handle_some_NA_values"/>
    <testcase time="0.553000000000004" classname="coxt02" name="coxt02_can_handle_some_NA_values"/>
    <testcase time="0.236999999999995" classname="coxt02" name="coxt02_can_handle_some_NA_values"/>
    <testcase time="0.300000000000004" classname="coxt02" name="coxt02_can_handle_some_NA_values"/>
    <testcase time="0.192" classname="coxt02" name="coxt02_can_handle_some_NA_values"/>
    <testcase time="0.298000000000002" classname="coxt02" name="coxt02_can_handle_some_NA_values"/>
    <testcase time="0.205999999999989" classname="coxt02" name="coxt02_can_handle_some_NA_values"/>
    <testcase time="0.0150000000000006" classname="coxt02" name="coxt02_fails_on_incomlete_data"/>
  </testsuite>
  <testsuite name="default_tlg" timestamp="2025-01-27T14:42:02Z" hostname="38961466a702" tests="15" skipped="0" failures="0" errors="0" time="12.487">
    <testcase time="0.170000000000002" classname="default_tlg" name="ael01_nollt_function_with_default_argument_value_return_expected_result_with_test_data"/>
    <testcase time="0.597999999999999" classname="default_tlg" name="aet01_function_with_default_argument_value_return_expected_result_with_test_data"/>
    <testcase time="0.538000000000011" classname="default_tlg" name="aet01_aesi_function_with_default_argument_value_return_expected_result_with_test_data"/>
    <testcase time="1.14999999999999" classname="default_tlg" name="aet02_functions_with_default_argument_value_return_expected_result_with_test_data"/>
    <testcase time="2.19200000000001" classname="default_tlg" name="aet03_functions_with_default_argument_value_return_expected_result_with_test_data"/>
    <testcase time="3.48399999999999" classname="default_tlg" name="aet04_functions_with_default_argument_value_return_expected_result_with_test_data"/>
    <testcase time="0.439999999999998" classname="default_tlg" name="aet05_functions_with_default_argument_value_return_expected_result_with_test_data"/>
    <testcase time="0.483000000000004" classname="default_tlg" name="aet05_all_functions_with_default_argument_value_return_expected_result_with_test_data"/>
    <testcase time="0.328000000000003" classname="default_tlg" name="aet10_functions_with_default_argument_value_return_expected_result_with_test_data"/>
    <testcase time="0.396000000000001" classname="default_tlg" name="cmt02_pt_functions_with_default_argument_value_return_expected_result_with_test_data"/>
    <testcase time="0.551000000000002" classname="default_tlg" name="coxt01_functions_with_default_argument_value_return_expected_result_with_test_data"/>
    <testcase time="0.670999999999992" classname="default_tlg" name="coxt02_functions_with_default_argument_value_return_expected_result_with_test_data"/>
    <testcase time="0.670000000000002" classname="default_tlg" name="dmt01_functions_with_default_argument_value_return_expected_result_with_test_data"/>
    <testcase time="0.478999999999999" classname="default_tlg" name="dst01_functions_with_default_argument_value_return_expected_result_with_test_data"/>
    <testcase time="0.337000000000003" classname="default_tlg" name="dtht01_functions_with_default_argument_value_return_expected_result_with_test_data"/>
  </testsuite>
  <testsuite name="dmt01" timestamp="2025-01-27T14:42:14Z" hostname="38961466a702" tests="19" skipped="0" failures="0" errors="0" time="4.983">
    <testcase time="0.257999999999996" classname="dmt01" name="dmt01_can_handle_NA_values"/>
    <testcase time="0.359000000000009" classname="dmt01" name="dmt01_can_handle_NA_values"/>
    <testcase time="0.230999999999995" classname="dmt01" name="dmt01_can_handle_numeric_NA_values"/>
    <testcase time="0.438999999999993" classname="dmt01" name="dmt01_can_handle_numeric_NA_values"/>
    <testcase time="0.0160000000000053" classname="dmt01" name="dmt01_returns_an_error_when_variables_are_of_the_wrong_type"/>
    <testcase time="0.161999999999992" classname="dmt01" name="dmt01_works_as_expected_with_setting_default_precision"/>
    <testcase time="0.350000000000009" classname="dmt01" name="dmt01_works_as_expected_with_setting_default_precision"/>
    <testcase time="0.183999999999997" classname="dmt01" name="dmt01_works_as_expected_with_auto_precision_settings"/>
    <testcase time="0.411999999999992" classname="dmt01" name="dmt01_works_as_expected_with_auto_precision_settings"/>
    <testcase time="0.192000000000007" classname="dmt01" name="dmt01_works_as_expected_with_auto_precision_settings_and_defined_precision"/>
    <testcase time="0.433999999999997" classname="dmt01" name="dmt01_works_as_expected_with_auto_precision_settings_and_defined_precision"/>
    <testcase time="0.195000000000007" classname="dmt01" name="dmt01_works_as_expected_with_auto_precision_settings_and_defined_precision_and_default"/>
    <testcase time="0.382999999999996" classname="dmt01" name="dmt01_works_as_expected_with_auto_precision_settings_and_defined_precision_and_default"/>
    <testcase time="0.359999999999999" classname="dmt01" name="dmt01_works_as_expected_with_cutomized_stats_value"/>
    <testcase time="0.283999999999992" classname="dmt01" name="dmt01_works_as_expected_with_cutomized_stats_value"/>
    <testcase time="0.150000000000006" classname="dmt01" name="dmt01_works_as_expected_with_empty_list_as_stats_value"/>
    <testcase time="0.302000000000007" classname="dmt01" name="dmt01_works_as_expected_with_empty_list_as_stats_value"/>
    <testcase time="0.0829999999999984" classname="dmt01" name="dmt01_works_as_expected_with_only_one_summaryvars"/>
    <testcase time="0.188999999999993" classname="dmt01" name="dmt01_works_as_expected_with_only_one_summaryvars"/>
  </testsuite>
  <testsuite name="dst01" timestamp="2025-01-27T14:42:19Z" hostname="38961466a702" tests="14" skipped="0" failures="0" errors="0" time="2.421">
    <testcase time="0.134" classname="dst01" name="dst01_works_as_expected_when_all_data_are_NA"/>
    <testcase time="0.070999999999998" classname="dst01" name="dst01_works_as_expected_when_all_data_are_NA"/>
    <testcase time="0.109999999999999" classname="dst01" name="dst01_can_handle_all_NA_values_in_DCSREAS"/>
    <testcase time="0.141999999999996" classname="dst01" name="dst01_can_handle_all_NA_values_in_DCSREAS"/>
    <testcase time="0.159000000000006" classname="dst01" name="dst01_can_handle_some_NA_values"/>
    <testcase time="0.215999999999994" classname="dst01" name="dst01_can_handle_some_NA_values"/>
    <testcase time="0.131" classname="dst01" name="dst01_can_handle_missing_levels_in_status_var"/>
    <testcase time="0.0700000000000074" classname="dst01" name="dst01_can_handle_missing_levels_in_status_var"/>
    <testcase time="0.186999999999998" classname="dst01" name="dst01_can_create_variants"/>
    <testcase time="0.215000000000003" classname="dst01" name="dst01_can_create_variants"/>
    <testcase time="0.213999999999999" classname="dst01" name="dst01_can_create_variants"/>
    <testcase time="0.242000000000004" classname="dst01" name="dst01_can_create_variants"/>
    <testcase time="0.245999999999995" classname="dst01" name="dst01_can_create_variants"/>
    <testcase time="0.283999999999992" classname="dst01" name="dst01_can_create_variants"/>
  </testsuite>
  <testsuite name="dtht01" timestamp="2025-01-27T14:42:21Z" hostname="38961466a702" tests="5" skipped="0" failures="0" errors="0" time="1.409">
    <testcase time="0.106000000000009" classname="dtht01" name="dtht01_can_handle_all_NA_values"/>
    <testcase time="0.167999999999992" classname="dtht01" name="dtht01_can_handle_all_NA_values"/>
    <testcase time="0.227000000000004" classname="dtht01" name="dtht01_can_handle_some_NA_values"/>
    <testcase time="0.343000000000004" classname="dtht01" name="dtht01_can_handle_some_NA_values"/>
    <testcase time="0.564999999999998" classname="dtht01" name="dtht01_can_be_parametrize_as_expected"/>
  </testsuite>
  <testsuite name="egt01" timestamp="2025-01-27T14:42:23Z" hostname="38961466a702" tests="3" skipped="0" failures="1" errors="0" time="6.802">
    <testcase time="3.35299999999999" classname="egt01" name="egt01_functions_with_default_argument_value_return_expected_result_with_test_data"/>
    <testcase time="1.262" classname="egt01" name="egt01_can_handle_n_0_and_outputs_NE_instead_of_infs_and_NAs"/>
    <testcase time="2.18700000000001" classname="egt01" name="egt01_can_handle_n_0_and_outputs_NE_instead_of_infs_and_NAs">
      <failure type="failure" message="Snapshot of code has changed: ('test-egt01.R:21:3')">Snapshot of code has changed:
old[4:237] vs new[4:237]
    
    Parameter: Heart Rate
    
-     ———————————————————————————————————————————————————————————————————————————————————————
+     —————————————————————————————————————————————————————————————————————————————————————————————————
-                                 A: Drug X                          B: Placebo              
+                                 A: Drug X                       B: Placebo             C: Combination
-                                        Change from                           Change from   
+                                        Change from                      Change from                  
-                       Value at Visit     Baseline      Value at Visit         Baseline     
+                       Value at Visit     Baseline     Value at Visit     Baseline      Value at Visit
-     Analysis Visit        (N=15)          (N=15)           (N=15)              (N=15)      
+     Analysis Visit        (N=15)          (N=15)          (N=15)          (N=15)           (N=15)    
-     ———————————————————————————————————————————————————————————————————————————————————————
+     —————————————————————————————————————————————————————————————————————————————————————————————————
-     BASELINE                                                                               
+     BASELINE                                                                                         
-       n                     0                                15                            
+       n                     0                               15                               15      
-       Mean (SD)          NE (NE)                        69.90 (18.79)                      
+       Mean (SD)          NE (NE)                      69.90 (18.79)                    70.49 (18.17) 
-       Median                NE                              77.17                          
+       Median                NE                            77.17                            74.11     
-       Min - Max          NE - NE                         26.4 - 97.7                       
+       Min - Max          NE - NE                       26.4 - 97.7                      45.4 - 115.5 
-     WEEK 1 DAY 8                                                                           
+     WEEK 1 DAY 8                                                                                     
-       n                     0               0                15                  15        
+       n                     0               0               15              15               15      
-       Mean (SD)          NE (NE)         NE (NE)        70.96 (14.88)       1.06 (23.34)   
+       Mean (SD)          NE (NE)         NE (NE)      70.96 (14.88)    1.06 (23.34)    67.45 (18.93) 
-       Median                NE              NE              70.03               -8.40      
+       Median                NE              NE            70.03            -8.40           68.47     
-       Min - Max          NE - NE         NE - NE         44.9 - 93.8        -25.3 - 60.5   
+       Min - Max          NE - NE         NE - NE       44.9 - 93.8     -25.3 - 60.5     38.9 - 100.1 
-     WEEK 2 DAY 15                                                                          
+     WEEK 2 DAY 15                                                                                    
-       n                     0               0                15                  15        
+       n                     0               0               15              15               15      
-       Mean (SD)          NE (NE)         NE (NE)        76.10 (14.96)       6.20 (29.32)   
+       Mean (SD)          NE (NE)         NE (NE)      76.10 (14.96)    6.20 (29.32)    63.69 (12.92) 
-       Median                NE              NE              75.32               0.26       
+       Median                NE              NE            75.32            0.26            61.08     
-       Min - Max          NE - NE         NE - NE        47.5 - 111.4        -37.5 - 69.3   
+       Min - Max          NE - NE         NE - NE       47.5 - 111.4    -37.5 - 69.3     43.3 - 86.1  
-     WEEK 3 DAY 22                                                                          
+     WEEK 3 DAY 22                                                                                    
-       n                     0               0                15                  15        
+       n                     0               0               15              15               15      
-       Mean (SD)          NE (NE)         NE (NE)        67.64 (19.11)       -2.26 (29.99)  
+       Mean (SD)          NE (NE)         NE (NE)      67.64 (19.11)    -2.26 (29.99)   72.05 (19.31) 
-       Median                NE              NE              68.47               -2.09      
+       Median                NE              NE            68.47            -2.09           68.69     
-       Min - Max          NE - NE         NE - NE        31.9 - 108.9        -52.3 - 66.8   
+       Min - Max          NE - NE         NE - NE       31.9 - 108.9    -52.3 - 66.8     32.2 - 109.9 
-     WEEK 4 DAY 29                                                                          
+     WEEK 4 DAY 29                                                                                    
-       n                     0               0                15                  15        
+       n                     0               0               15              15               15      
-       Mean (SD)          NE (NE)         NE (NE)        66.52 (25.49)       -3.37 (36.02)  
+       Mean (SD)          NE (NE)         NE (NE)      66.52 (25.49)    -3.37 (36.02)   66.60 (22.84) 
-       Median                NE              NE              66.40              -11.73      
+       Median                NE              NE            66.40           -11.73           64.97     
-       Min - Max          NE - NE         NE - NE        19.7 - 111.3        -60.4 - 61.0   
+       Min - Max          NE - NE         NE - NE       19.7 - 111.3    -60.4 - 61.0     10.4 - 100.9 
-     WEEK 5 DAY 36                                                                          
+     WEEK 5 DAY 36                                                                                    
-       n                     0               0                15                  15        
+       n                     0               0               15              15               15      
-       Mean (SD)          NE (NE)         NE (NE)        60.71 (20.03)       -9.19 (24.59)  
+       Mean (SD)          NE (NE)         NE (NE)      60.71 (20.03)    -9.19 (24.59)   72.68 (23.49) 
-       Median                NE              NE              60.45              -16.10      
+       Median                NE              NE            60.45           -16.10           77.59     
-       Min - Max          NE - NE         NE - NE        32.5 - 102.0        -52.6 - 51.0   
+       Min - Max          NE - NE         NE - NE       32.5 - 102.0    -52.6 - 51.0     31.2 - 105.1 
    \s\n
    Parameter: Heart Rate
    
-     ———————————————————————————————————————————————————————
+     ————————————————————————————————
-                                  C: Combination            
+                       C: Combination
-                                              Change from   
+                        Change from  
-                        Value at Visit         Baseline     
+                          Baseline   
-     Analysis Visit         (N=15)              (N=15)      
+     Analysis Visit        (N=15)    
-     ———————————————————————————————————————————————————————
+     ————————————————————————————————
-     BASELINE                                               
+     BASELINE                        
-       n                      15                            
+       n                             
-       Mean (SD)         70.49 (18.17)                      
+       Mean (SD)                     
-       Median                74.11                          
+       Median                        
-       Min - Max         45.4 - 115.5                       
+       Min - Max                     
-     WEEK 1 DAY 8                                           
+     WEEK 1 DAY 8                    
-       n                      15                  15        
+       n                     15      
-       Mean (SD)         67.45 (18.93)       -3.04 (23.75)  
+       Mean (SD)       -3.04 (23.75) 
-       Median                68.47               0.18       
+       Median               0.18     
-       Min - Max         38.9 - 100.1        -52.2 - 33.1   
+       Min - Max        -52.2 - 33.1 
-     WEEK 2 DAY 15                                          
+     WEEK 2 DAY 15                   
-       n                      15                  15        
+       n                     15      
-       Mean (SD)         63.69 (12.92)       -6.80 (23.95)  
+       Mean (SD)       -6.80 (23.95) 
-       Median                61.08               -4.95      
+       Median              -4.95     
-       Min - Max          43.3 - 86.1        -52.7 - 40.8   
+       Min - Max        -52.7 - 40.8 
-     WEEK 3 DAY 22                                          
+     WEEK 3 DAY 22                   
-       n                      15                  15        
+       n                     15      
-       Mean (SD)         72.05 (19.31)       1.56 (27.49)   
+       Mean (SD)        1.56 (27.49) 
-       Median                68.69               -5.85      
+       Median              -5.85     
-       Min - Max         32.2 - 109.9        -49.6 - 35.2   
+       Min - Max        -49.6 - 35.2 
-     WEEK 4 DAY 29                                          
+     WEEK 4 DAY 29                   
-       n                      15                  15        
+       n                     15      
-       Mean (SD)         66.60 (22.84)       -3.89 (24.14)  
+       Mean (SD)       -3.89 (24.14) 
-       Median                64.97               -6.83      
+       Median              -6.83     
-       Min - Max         10.4 - 100.9        -50.7 - 26.8   
+       Min - Max        -50.7 - 26.8 
-     WEEK 5 DAY 36                                          
+     WEEK 5 DAY 36                   
-       n                      15                  15        
+       n                     15      
-       Mean (SD)         72.68 (23.49)       2.19 (26.65)   
+       Mean (SD)        2.19 (26.65) 
-       Median                77.59               14.63      
+       Median              14.63     
-       Min - Max         31.2 - 105.1        -42.9 - 34.6   
+       Min - Max        -42.9 - 34.6 
    \s\n
    Parameter: QT Duration
    
-     ———————————————————————————————————————————————————————————————————————————————————————
+     —————————————————————————————————————————————————————————————————————————————————————————————————
-                                 A: Drug X                          B: Placebo              
+                                 A: Drug X                       B: Placebo             C: Combination
-                                        Change from                           Change from   
+                                        Change from                      Change from                  
-                       Value at Visit     Baseline      Value at Visit         Baseline     
+                       Value at Visit     Baseline     Value at Visit     Baseline      Value at Visit
-     Analysis Visit        (N=15)          (N=15)           (N=15)              (N=15)      
+     Analysis Visit        (N=15)          (N=15)          (N=15)          (N=15)           (N=15)    
-     ———————————————————————————————————————————————————————————————————————————————————————
+     —————————————————————————————————————————————————————————————————————————————————————————————————
-     BASELINE                                                                               
+     BASELINE                                                                                         
-       n                     0                                15                            
+       n                     0                               15                               15      
-       Mean (SD)          NE (NE)                      363.104 (68.160)                     
+       Mean (SD)          NE (NE)                       363.1 (68.2)                     347.3 (86.2) 
-       Median                NE                             386.316                         
+       Median                NE                            386.3                            348.3     
-       Min - Max          NE - NE                       214.65 - 445.53                     
+       Min - Max          NE - NE                        215 - 446                        171 - 509   
-     WEEK 1 DAY 8                                                                           
+     WEEK 1 DAY 8                                                                                     
-       n                     0               0                15                  15        
+       n                     0               0               15              15               15      
-       Mean (SD)          NE (NE)         NE (NE)      415.225 (105.425)   52.121 (144.259) 
+       Mean (SD)          NE (NE)         NE (NE)      415.2 (105.4)    52.1 (144.3)    321.1 (107.6) 
-       Median                NE              NE             421.950             62.762      
+       Median                NE              NE            422.0            62.8            308.0     
-       Min - Max          NE - NE         NE - NE       234.11 - 604.72    -190.70 - 364.94 
+       Min - Max          NE - NE         NE - NE        234 - 605       -191 - 365       118 - 480   
-     WEEK 2 DAY 15                                                                          
+     WEEK 2 DAY 15                                                                                    
-       n                     0               0                15                  15        
+       n                     0               0               15              15               15      
-       Mean (SD)          NE (NE)         NE (NE)      370.548 (80.862)     7.444 (91.301)  
+       Mean (SD)          NE (NE)         NE (NE)       370.5 (80.9)     7.4 (91.3)      354.1 (95.1) 
-       Median                NE              NE             388.515             -9.429      
+       Median                NE              NE            388.5            -9.4            365.3     
-       Min - Max          NE - NE         NE - NE       204.55 - 514.43    -190.58 - 173.87 
+       Min - Max          NE - NE         NE - NE        205 - 514       -191 - 174       200 - 493   
-     WEEK 3 DAY 22                                                                          
+     WEEK 3 DAY 22                                                                                    
-       n                     0               0                15                  15        
+       n                     0               0               15              15               15      
-       Mean (SD)          NE (NE)         NE (NE)      326.684 (116.421)   -36.420 (145.415)
+       Mean (SD)          NE (NE)         NE (NE)      326.7 (116.4)    -36.4 (145.4)    366.2 (99.1) 
-       Median                NE              NE             298.353             -78.409     
+       Median                NE              NE            298.4            -78.4           329.7     
-       Min - Max          NE - NE         NE - NE       151.05 - 561.23    -205.30 - 293.76 
+       Min - Max          NE - NE         NE - NE        151 - 561       -205 - 294       249 - 581   
-     WEEK 4 DAY 29                                                                          
+     WEEK 4 DAY 29                                                                                    
-       n                     0               0                15                  15        
+       n                     0               0               15              15               15      
-       Mean (SD)          NE (NE)         NE (NE)      333.697 (110.377)   -29.407 (125.592)
+       Mean (SD)          NE (NE)         NE (NE)      333.7 (110.4)    -29.4 (125.6)    333.2 (96.5) 
-       Median                NE              NE             308.020             -40.987     
+       Median                NE              NE            308.0            -41.0           330.9     
-       Min - Max          NE - NE         NE - NE       183.09 - 531.08    -241.72 - 134.12 
+       Min - Max          NE - NE         NE - NE        183 - 531       -242 - 134       127 - 489   
-     WEEK 5 DAY 36                                                                          
+     WEEK 5 DAY 36                                                                                    
-       n                     0               0                15                  15        
+       n                     0               0               15              15               15      
-       Mean (SD)          NE (NE)         NE (NE)      309.919 (84.624)    -53.185 (105.730)
+       Mean (SD)          NE (NE)         NE (NE)       309.9 (84.6)    -53.2 (105.7)    322.9 (67.8) 
-       Median                NE              NE             306.219             -12.373     
+       Median                NE              NE            306.2            -12.4           342.0     
-       Min - Max          NE - NE         NE - NE       189.01 - 448.58     -256.52 - 91.57 
+       Min - Max          NE - NE         NE - NE        189 - 449        -257 - 92       218 - 427   
    \s\n
    Parameter: QT Duration
    
-     ———————————————————————————————————————————————————————
+     ————————————————————————————————
-                                  C: Combination            
+                       C: Combination
-                                              Change from   
+                        Change from  
-                        Value at Visit         Baseline     
+                          Baseline   
-     Analysis Visit         (N=15)              (N=15)      
+     Analysis Visit        (N=15)    
-     ———————————————————————————————————————————————————————
+     ————————————————————————————————
-     BASELINE                                               
+     BASELINE                        
-       n                      15                            
+       n                             
-       Mean (SD)       347.311 (86.236)                     
+       Mean (SD)                     
-       Median               348.254                         
+       Median                        
-       Min - Max        170.80 - 508.54                     
+       Min - Max                     
-     WEEK 1 DAY 8                                           
+     WEEK 1 DAY 8                    
-       n                      15                  15        
+       n                     15      
-       Mean (SD)       321.078 (107.553)   -26.233 (129.135)
+       Mean (SD)       -26.2 (129.1) 
-       Median               307.962             -17.006     
+       Median              -17.0     
-       Min - Max        118.36 - 480.29    -363.11 - 163.67 
+       Min - Max         -363 - 164  
-     WEEK 2 DAY 15                                          
+     WEEK 2 DAY 15                   
-       n                      15                  15        
+       n                     15      
-       Mean (SD)       354.129 (95.133)     6.818 (142.397) 
+       Mean (SD)        6.8 (142.4)  
-       Median               365.292             39.930      
+       Median               39.9     
-       Min - Max        200.19 - 493.40    -279.46 - 265.56 
+       Min - Max         -279 - 266  
-     WEEK 3 DAY 22                                          
+     WEEK 3 DAY 22                   
-       n                      15                  15        
+       n                     15      
-       Mean (SD)       366.245 (99.106)    18.935 (168.417) 
+       Mean (SD)        18.9 (168.4) 
-       Median               329.688             -21.584     
+       Median              -21.6     
-       Min - Max        249.42 - 580.81    -252.73 - 410.01 
+       Min - Max         -253 - 410  
-     WEEK 4 DAY 29                                          
+     WEEK 4 DAY 29                   
-       n                      15                  15        
+       n                     15      
-       Mean (SD)       333.181 (96.466)    -14.130 (107.622)
+       Mean (SD)       -14.1 (107.6) 
-       Median               330.911             -25.820     
+       Median              -25.8     
-       Min - Max        126.95 - 488.57    -234.92 - 152.49 
+       Min - Max         -235 - 152  
-     WEEK 5 DAY 36                                          
+     WEEK 5 DAY 36                   
-       n                      15                  15        
+       n                     15      
-       Mean (SD)       322.931 (67.801)    -24.380 (117.331)
+       Mean (SD)       -24.4 (117.3) 
-       Median               341.988             -26.952     
+       Median              -27.0     
-       Min - Max        217.51 - 427.16    -291.03 - 171.19 
+       Min - Max         -291 - 171  
    \s\n
    Parameter: RR Duration
    
-     ———————————————————————————————————————————————————————————————————————————————————————
+     —————————————————————————————————————————————————————————————————————————————————————————————————
-                                 A: Drug X                          B: Placebo              
+                                 A: Drug X                       B: Placebo             C: Combination
-                                        Change from                           Change from   
+                                        Change from                      Change from                  
-                       Value at Visit     Baseline      Value at Visit         Baseline     
+                       Value at Visit     Baseline     Value at Visit     Baseline      Value at Visit
-     Analysis Visit        (N=15)          (N=15)           (N=15)              (N=15)      
+     Analysis Visit        (N=15)          (N=15)          (N=15)          (N=15)           (N=15)    
-     ———————————————————————————————————————————————————————————————————————————————————————
+     —————————————————————————————————————————————————————————————————————————————————————————————————
-     BASELINE                                                                               
+     BASELINE                                                                                         
-       n                     0                                15                            
+       n                     0                               15                               15      
-       Mean (SD)          NE (NE)                       1050.0 (390.4)                      
+       Mean (SD)          NE (NE)                      1050.0 (390.4)                   1102.7 (310.4)
-       Median                NE                             1089.2                          
+       Median                NE                            1089.2                           1250.0    
-       Min - Max          NE - NE                         415 - 1722                        
+       Min - Max          NE - NE                        415 - 1722                       386 - 1431  
-     WEEK 1 DAY 8                                                                           
+     WEEK 1 DAY 8                                                                                     
-       n                     0               0                15                  15        
+       n                     0               0               15              15               15      
-       Mean (SD)          NE (NE)         NE (NE)       1041.2 (211.2)       -8.8 (435.3)   
+       Mean (SD)          NE (NE)         NE (NE)      1041.2 (211.2)   -8.8 (435.3)    948.5 (213.7) 
-       Median                NE              NE             1013.8               24.8       
+       Median                NE              NE            1013.8           24.8            965.4     
-       Min - Max          NE - NE         NE - NE         714 - 1418          -619 - 847    
+       Min - Max          NE - NE         NE - NE        714 - 1418      -619 - 847       513 - 1229  
-     WEEK 2 DAY 15                                                                          
+     WEEK 2 DAY 15                                                                                    
-       n                     0               0                15                  15        
+       n                     0               0               15              15               15      
-       Mean (SD)          NE (NE)         NE (NE)       1139.3 (454.2)       89.3 (582.7)   
+       Mean (SD)          NE (NE)         NE (NE)      1139.3 (454.2)   89.3 (582.7)    1021.3 (233.5)
-       Median                NE              NE             1068.0               -5.4       
+       Median                NE              NE            1068.0           -5.4            964.6     
-       Min - Max          NE - NE         NE - NE         487 - 2049          -847 - 1149   
+       Min - Max          NE - NE         NE - NE        487 - 2049      -847 - 1149      667 - 1367  
-     WEEK 3 DAY 22                                                                          
+     WEEK 3 DAY 22                                                                                    
-       n                     0               0                15                  15        
+       n                     0               0               15              15               15      
-       Mean (SD)          NE (NE)         NE (NE)       1110.9 (259.5)       60.8 (432.7)   
+       Mean (SD)          NE (NE)         NE (NE)      1110.9 (259.5)   60.8 (432.7)    1105.9 (306.2)
-       Median                NE              NE             1163.7               51.2       
+       Median                NE              NE            1163.7           51.2            1187.1    
-       Min - Max          NE - NE         NE - NE         621 - 1453          -887 - 822    
+       Min - Max          NE - NE         NE - NE        621 - 1453      -887 - 822       446 - 1648  
-     WEEK 4 DAY 29                                                                          
+     WEEK 4 DAY 29                                                                                    
-       n                     0               0                15                  15        
+       n                     0               0               15              15               15      
-       Mean (SD)          NE (NE)         NE (NE)       1161.7 (293.3)       111.6 (461.0)  
+       Mean (SD)          NE (NE)         NE (NE)      1161.7 (293.3)   111.6 (461.0)   992.1 (283.2) 
-       Median                NE              NE             1055.2               191.0      
+       Median                NE              NE            1055.2           191.0           1029.0    
-       Min - Max          NE - NE         NE - NE         722 - 1762          -528 - 1192   
+       Min - Max          NE - NE         NE - NE        722 - 1762      -528 - 1192      497 - 1382  
-     WEEK 5 DAY 36                                                                          
+     WEEK 5 DAY 36                                                                                    
-       n                     0               0                15                  15        
+       n                     0               0               15              15               15      
-       Mean (SD)          NE (NE)         NE (NE)       1135.1 (224.7)       85.1 (497.7)   
+       Mean (SD)          NE (NE)         NE (NE)      1135.1 (224.7)   85.1 (497.7)    1089.5 (238.9)
-       Median                NE              NE             1158.8               -9.6       
+       Median                NE              NE            1158.8           -9.6            1081.0    
-       Min - Max          NE - NE         NE - NE         714 - 1437          -843 - 992    
+       Min - Max          NE - NE         NE - NE        714 - 1437      -843 - 992       700 - 1611  
    \s\n
    Parameter: RR Duration
    
-     ———————————————————————————————————————————————————————
+     ————————————————————————————————
-                                  C: Combination            
+                       C: Combination
-                                              Change from   
+                        Change from  
-                        Value at Visit         Baseline     
+                          Baseline   
-     Analysis Visit         (N=15)              (N=15)      
+     Analysis Visit        (N=15)    
-     ———————————————————————————————————————————————————————
+     ————————————————————————————————
-     BASELINE                                               
+     BASELINE                        
-       n                      15                            
+       n                             
-       Mean (SD)        1102.7 (310.4)                      
+       Mean (SD)                     
-       Median               1250.0                          
+       Median                        
-       Min - Max          386 - 1431                        
+       Min - Max                     
-     WEEK 1 DAY 8                                           
+     WEEK 1 DAY 8                    
-       n                      15                  15        
+       n                     15      
-       Mean (SD)         948.5 (213.7)      -154.2 (442.9)  
+       Mean (SD)       -154.2 (442.9)
-       Median                965.4              -224.1      
+       Median              -224.1    
-       Min - Max          513 - 1229          -737 - 844    
+       Min - Max         -737 - 844  
-     WEEK 2 DAY 15                                          
+     WEEK 2 DAY 15                   
-       n                      15                  15        
+       n                     15      
-       Mean (SD)        1021.3 (233.5)       -81.4 (415.8)  
+       Mean (SD)       -81.4 (415.8) 
-       Median                964.6              -142.2      
+       Median              -142.2    
-       Min - Max          667 - 1367          -647 - 616    
+       Min - Max         -647 - 616  
-     WEEK 3 DAY 22                                          
+     WEEK 3 DAY 22                   
-       n                      15                  15        
+       n                     15      
-       Mean (SD)        1105.9 (306.2)        3.3 (516.7)   
+       Mean (SD)        3.3 (516.7)  
-       Median               1187.1               30.3       
+       Median               30.3     
-       Min - Max          446 - 1648          -985 - 816    
+       Min - Max         -985 - 816  
-     WEEK 4 DAY 29                                          
+     WEEK 4 DAY 29                   
-       n                      15                  15        
+       n                     15      
-       Mean (SD)         992.1 (283.2)      -110.5 (334.9)  
+       Mean (SD)       -110.5 (334.9)
-       Median               1029.0              -112.6      
+       Median              -112.6    
-       Min - Max          497 - 1382          -598 - 758    
+       Min - Max         -598 - 758  
-     WEEK 5 DAY 36                                          
+     WEEK 5 DAY 36                   
-       n                      15                  15        
+       n                     15      
-       Mean (SD)        1089.5 (238.9)       -13.1 (362.6)  
+       Mean (SD)       -13.1 (362.6) 
-       Median               1081.0               16.7       
+       Median               16.7     
-       Min - Max          700 - 1611          -696 - 562    
+       Min - Max         -696 - 562  

* Run `testthat::snapshot_accept('egt01')` to accept the change.
* Run `testthat::snapshot_review('egt01')` to interactively review the change.</failure>
    </testcase>
  </testsuite>
  <testsuite name="egt02" timestamp="2025-01-27T14:42:30Z" hostname="38961466a702" tests="2" skipped="0" failures="0" errors="0" time="0.703">
    <testcase time="0.375999999999991" classname="egt02" name="egt02_1_functions_with_default_argument_value_return_expected_result_with_test_data"/>
    <testcase time="0.326999999999998" classname="egt02" name="egt02_2_functions_with_default_value_return_expected_result_with_test_data"/>
  </testsuite>
  <testsuite name="egt03" timestamp="2025-01-27T14:42:30Z" hostname="38961466a702" tests="5" skipped="0" failures="0" errors="0" time="3.207">
    <testcase time="1.598" classname="egt03" name="egt03_functions_with_default_argument_value_return_expected_result_with_test_data"/>
    <testcase time="0.0170000000000101" classname="egt03" name="egt03_errors_on_all_NA_values"/>
    <testcase time="0.512" classname="egt03" name="egt03_can_handle_some_NA_values"/>
    <testcase time="1.06399999999999" classname="egt03" name="egt03_can_handle_some_NA_values"/>
    <testcase time="0.0160000000000053" classname="egt03" name="egt03_fails_on_incomplete_data"/>
  </testsuite>
  <testsuite name="egt05_qtcat" timestamp="2025-01-27T14:42:34Z" hostname="38961466a702" tests="4" skipped="0" failures="0" errors="0" time="3.711">
    <testcase time="2.249" classname="egt05_qtcat" name="egt05_qtcat_functions_with_default_argument_value_return_expected_result_with_test_data"/>
    <testcase time="0.0160000000000053" classname="egt05_qtcat" name="egt05_qtcat_erros_on_all_NA_values"/>
    <testcase time="0.408999999999992" classname="egt05_qtcat" name="egt05_qtcat_can_handle_some_NA_values"/>
    <testcase time="1.03700000000001" classname="egt05_qtcat" name="egt05_qtcat_can_handle_some_NA_values"/>
  </testsuite>
  <testsuite name="empty_report" timestamp="2025-01-27T14:42:37Z" hostname="38961466a702" tests="25" skipped="0" failures="0" errors="0" time="2.748">
    <testcase time="0.0939999999999941" classname="empty_report" name="tlg_functions_return_null_reports_when_domain_table_is_empty"/>
    <testcase time="0.25800000000001" classname="empty_report" name="tlg_functions_return_null_reports_when_domain_table_is_empty"/>
    <testcase time="0.182999999999993" classname="empty_report" name="tlg_functions_return_null_reports_when_domain_table_is_empty"/>
    <testcase time="0.100999999999999" classname="empty_report" name="tlg_functions_return_null_reports_when_domain_table_is_empty"/>
    <testcase time="0.115000000000009" classname="empty_report" name="tlg_functions_return_null_reports_when_domain_table_is_empty"/>
    <testcase time="0.0659999999999883" classname="empty_report" name="tlg_functions_return_null_reports_when_domain_table_is_empty"/>
    <testcase time="0.0949999999999989" classname="empty_report" name="tlg_functions_return_null_reports_when_domain_table_is_empty"/>
    <testcase time="0.14800000000001" classname="empty_report" name="tlg_functions_return_null_reports_when_domain_table_is_empty"/>
    <testcase time="0.165999999999997" classname="empty_report" name="tlg_functions_return_null_reports_when_domain_table_is_empty"/>
    <testcase time="0.078000000000003" classname="empty_report" name="tlg_functions_return_null_reports_when_domain_table_is_empty"/>
    <testcase time="0.097999999999999" classname="empty_report" name="tlg_functions_return_null_reports_when_domain_table_is_empty"/>
    <testcase time="0.054000000000002" classname="empty_report" name="tlg_functions_return_null_reports_when_domain_table_is_empty"/>
    <testcase time="0.0499999999999972" classname="empty_report" name="tlg_functions_return_null_reports_when_domain_table_is_empty"/>
    <testcase time="0.0669999999999931" classname="empty_report" name="tlg_functions_return_null_reports_when_domain_table_is_empty"/>
    <testcase time="0.0670000000000073" classname="empty_report" name="tlg_functions_return_null_reports_when_domain_table_is_empty"/>
    <testcase time="0.0889999999999986" classname="empty_report" name="tlg_functions_return_null_reports_when_domain_table_is_empty"/>
    <testcase time="0.0919999999999987" classname="empty_report" name="tlg_functions_return_null_reports_when_domain_table_is_empty"/>
    <testcase time="0.109999999999999" classname="empty_report" name="tlg_functions_return_null_reports_when_domain_table_is_empty"/>
    <testcase time="0.317999999999998" classname="empty_report" name="tlg_functions_return_null_reports_when_domain_table_is_empty"/>
    <testcase time="0.105000000000004" classname="empty_report" name="tlg_functions_return_null_reports_when_domain_table_is_empty"/>
    <testcase time="0.105000000000004" classname="empty_report" name="tlg_functions_return_null_reports_when_domain_table_is_empty"/>
    <testcase time="0.0779999999999887" classname="empty_report" name="tlg_functions_return_null_reports_when_domain_table_is_empty"/>
    <testcase time="0.103000000000009" classname="empty_report" name="tlg_functions_return_null_reports_when_domain_table_is_empty"/>
    <testcase time="0.0510000000000019" classname="empty_report" name="tlg_functions_return_null_reports_when_domain_table_is_empty"/>
    <testcase time="0.0570000000000022" classname="empty_report" name="tlg_functions_return_null_reports_when_domain_table_is_empty"/>
  </testsuite>
  <testsuite name="ext01" timestamp="2025-01-27T14:42:40Z" hostname="38961466a702" tests="10" skipped="0" failures="0" errors="0" time="5.161">
    <testcase time="0.530000000000001" classname="ext01" name="ext01_functions_with_default_argument_value_return_expected_result_with_test_data"/>
    <testcase time="0.552999999999997" classname="ext01" name="ext01_functions_with_categorical_data_return_expected_result_with_test_data"/>
    <testcase time="0.186999999999998" classname="ext01" name="ext01_works"/>
    <testcase time="0.313999999999993" classname="ext01" name="ext01_works"/>
    <testcase time="0.181000000000012" classname="ext01" name="ext01_works"/>
    <testcase time="0.316999999999993" classname="ext01" name="ext01_works"/>
    <testcase time="0.567000000000007" classname="ext01" name="ext01_works_for_selected_parameters_and_categorical_variables"/>
    <testcase time="0.823999999999998" classname="ext01" name="ext01_works_with_custom_mapping_order"/>
    <testcase time="0.812999999999988" classname="ext01" name="ext01_works_with_custom_mapping_order_for_a_single_split"/>
    <testcase time="0.875" classname="ext01" name="ext01_works_with_custom_mapping_fill_in_value"/>
  </testsuite>
  <testsuite name="fstg01" timestamp="2025-01-27T14:42:45Z" hostname="38961466a702" tests="13" skipped="0" failures="0" errors="0" time="6.727">
    <testcase time="0.0130000000000052" classname="fstg01" name="fstg01_works_as_expected"/>
    <testcase time="1.306" classname="fstg01" name="fstg01_works_as_expected"/>
    <testcase time="0.00300000000000011" classname="fstg01" name="fstg01_works_as_expected"/>
    <testcase time="1.25500000000001" classname="fstg01" name="fstg01_works_as_expected_with_custom_color_set"/>
    <testcase time="0.00300000000000011" classname="fstg01" name="fstg01_works_as_expected_with_custom_color_set"/>
    <testcase time="1.255" classname="fstg01" name="fstg01_works_as_expected_with_custom_color_set"/>
    <testcase time="0.00400000000000489" classname="fstg01" name="fstg01_works_as_expected_with_custom_color_set"/>
    <testcase time="0.664999999999992" classname="fstg01" name="fstg01_works_if_changes_are_in_subgroups_conf_level_and_label_all"/>
    <testcase time="0.00300000000000011" classname="fstg01" name="fstg01_works_if_changes_are_in_subgroups_conf_level_and_label_all"/>
    <testcase time="0.918999999999997" classname="fstg01" name="fstg01_works_if_changes_are_in_subgroups_conf_level_and_label_all"/>
    <testcase time="0.00300000000000011" classname="fstg01" name="fstg01_works_if_changes_are_in_subgroups_conf_level_and_label_all"/>
    <testcase time="1.295" classname="fstg01" name="fstg01_can_handle_some_NA_values_in_subgroups"/>
    <testcase time="0.00300000000000011" classname="fstg01" name="fstg01_can_handle_some_NA_values_in_subgroups"/>
  </testsuite>
  <testsuite name="fstg02" timestamp="2025-01-27T14:42:52Z" hostname="38961466a702" tests="9" skipped="0" failures="0" errors="0" time="9.087">
    <testcase time="0.0130000000000052" classname="fstg02" name="fstg02_works_as_expected"/>
    <testcase time="1.217" classname="fstg02" name="fstg02_works_as_expected"/>
    <testcase time="1.255" classname="fstg02" name="fstg02_works_as_expected_with_custom_color_set"/>
    <testcase time="1.28200000000001" classname="fstg02" name="fstg02_works_as_expected_with_custom_color_set"/>
    <testcase time="0.617999999999995" classname="fstg02" name="fstg02_works_if_changes_are_in_subgroups_strata_var_conf_level_and_label_all"/>
    <testcase time="0.849999999999994" classname="fstg02" name="fstg02_works_if_changes_are_in_subgroups_strata_var_conf_level_and_label_all"/>
    <testcase time="1.23100000000001" classname="fstg02" name="fstg02_can_handle_some_NA_values_in_subgroups"/>
    <testcase time="1.31" classname="fstg02" name="fstg02_can_handle_customized_time_units"/>
    <testcase time="1.31099999999999" classname="fstg02" name="fstg02_can_handle_customized_time_units"/>
  </testsuite>
  <testsuite name="kmg01" timestamp="2025-01-27T14:43:01Z" hostname="38961466a702" tests="13" skipped="0" failures="0" errors="0" time="2.268">
    <testcase time="0.0120000000000005" classname="kmg01" name="kmg01_works_as_expected"/>
    <testcase time="0.394000000000005" classname="kmg01" name="kmg01_works_as_expected"/>
    <testcase time="0.00300000000000011" classname="kmg01" name="kmg01_works_as_expected"/>
    <testcase time="0.378999999999991" classname="kmg01" name="kmg01_works_as_expected_with_custom_color_set"/>
    <testcase time="0.00300000000000011" classname="kmg01" name="kmg01_works_as_expected_with_custom_color_set"/>
    <testcase time="0.38900000000001" classname="kmg01" name="kmg01_works_as_expected_with_custom_color_set"/>
    <testcase time="0.00300000000000011" classname="kmg01" name="kmg01_works_as_expected_with_custom_color_set"/>
    <testcase time="0.375999999999991" classname="kmg01" name="kmg01_works_if_change_pvalue_ties_and_conf_level"/>
    <testcase time="0.00400000000000489" classname="kmg01" name="kmg01_works_if_change_pvalue_ties_and_conf_level"/>
    <testcase time="0.435000000000002" classname="kmg01" name="kmg01_works_if_change_annotation_position"/>
    <testcase time="0.00300000000000011" classname="kmg01" name="kmg01_works_if_change_annotation_position"/>
    <testcase time="0.263999999999996" classname="kmg01" name="kmg01_works_for_stratified_analysis"/>
    <testcase time="0.00300000000000011" classname="kmg01" name="kmg01_works_for_stratified_analysis"/>
  </testsuite>
  <testsuite name="lbt01" timestamp="2025-01-27T14:43:03Z" hostname="38961466a702" tests="4" skipped="0" failures="0" errors="0" time="9.822">
    <testcase time="3.37499999999999" classname="lbt01" name="lbt01_functions_with_default_argument_value_return_expected_result_with_test_data"/>
    <testcase time="3.54100000000003" classname="lbt01" name="lbt01_functions_with_row_split_var_return_expected_result_with_test_data"/>
    <testcase time="0.948999999999984" classname="lbt01" name="lbt01_can_handle_n_0_and_outputs_NE_instead_of_infs_and_NAs"/>
    <testcase time="1.95699999999999" classname="lbt01" name="lbt01_can_handle_n_0_and_outputs_NE_instead_of_infs_and_NAs"/>
  </testsuite>
  <testsuite name="lbt04" timestamp="2025-01-27T14:43:13Z" hostname="38961466a702" tests="8" skipped="0" failures="0" errors="0" time="3.046">
    <testcase time="0.929000000000002" classname="lbt04" name="lbt04_functions_with_default_argument_value_return_expected_result_with_test_data"/>
    <testcase time="0.0860000000000127" classname="lbt04" name="lbt04_can_handle_all_NA_values"/>
    <testcase time="0.0759999999999934" classname="lbt04" name="lbt04_can_handle_all_NA_values"/>
    <testcase time="0.318000000000012" classname="lbt04" name="lbt04_can_handle_missing_levels"/>
    <testcase time="0.676999999999992" classname="lbt04" name="lbt04_can_handle_missing_levels"/>
    <testcase time="0.324000000000012" classname="lbt04" name="lbt04_can_handle_some_NA_values"/>
    <testcase time="0.619999999999976" classname="lbt04" name="lbt04_can_handle_some_NA_values"/>
    <testcase time="0.0160000000000196" classname="lbt04" name="lbt04_fails_on_incomlete_data"/>
  </testsuite>
  <testsuite name="lbt05" timestamp="2025-01-27T14:43:16Z" hostname="38961466a702" tests="8" skipped="0" failures="0" errors="0" time="2.604">
    <testcase time="0.673000000000002" classname="lbt05" name="lbt05_functions_with_default_argument_value_return_expected_result_with_test_data"/>
    <testcase time="0.266999999999996" classname="lbt05" name="lbt05_functions_with_default_argument_value_return_expected_result_with_test_data"/>
    <testcase time="0.295999999999992" classname="lbt05" name="lbt05_give_all_0_count_if_ANRIND_are_all_missing"/>
    <testcase time="0.283999999999992" classname="lbt05" name="lbt05_can_handle_some_NA_values"/>
    <testcase time="0.387" classname="lbt05" name="lbt05_can_handle_some_NA_values"/>
    <testcase time="0.0330000000000155" classname="lbt05" name="lbt05_fails_on_incomlete_data"/>
    <testcase time="0.276999999999987" classname="lbt05" name="lbt05_works_with_missing_levels"/>
    <testcase time="0.387" classname="lbt05" name="lbt05_works_with_missing_levels"/>
  </testsuite>
  <testsuite name="lbt06" timestamp="2025-01-27T14:43:19Z" hostname="38961466a702" tests="3" skipped="0" failures="0" errors="0" time="3.68">
    <testcase time="0.959000000000003" classname="lbt06" name="lbt06_gives_all_0_count_if_ANRIND_and_BNRIND_are_all_missing"/>
    <testcase time="2.69" classname="lbt06" name="lbt06_can_handle_some_NA_values"/>
    <testcase time="0.0310000000000059" classname="lbt06" name="lbt06_fails_on_incomplete_data"/>
  </testsuite>
  <testsuite name="lbt07" timestamp="2025-01-27T14:43:22Z" hostname="38961466a702" tests="4" skipped="0" failures="0" errors="0" time="1.718">
    <testcase time="0.86099999999999" classname="lbt07" name="lbt07_functions_with_default_argument_value_return_expected_result_with_test_data"/>
    <testcase time="0.397999999999996" classname="lbt07" name="lbt07_can_handle_some_NA_values"/>
    <testcase time="0.426000000000016" classname="lbt07" name="lbt07_can_handle_some_NA_values"/>
    <testcase time="0.032999999999987" classname="lbt07" name="lbt07_fails_on_incomlete_data"/>
  </testsuite>
  <testsuite name="lbt14" timestamp="2025-01-27T14:43:24Z" hostname="38961466a702" tests="20" skipped="0" failures="0" errors="0" time="8.039">
    <testcase time="0.712999999999994" classname="lbt14" name="lbt14_functions_with_default_argument_value_return_expected_result_with_test_data"/>
    <testcase time="0.496000000000009" classname="lbt14" name="lbt14_functions_with_default_argument_value_return_expected_result_with_test_data_when_direction_high"/>
    <testcase time="0.605999999999995" classname="lbt14" name="lbt14_functions_with_gr_missing_excl_return_expected_result_with_test_data"/>
    <testcase time="0.596000000000004" classname="lbt14" name="lbt14_functions_with_gr_missing_gr_0_return_expected_result_with_test_data"/>
    <testcase time="0.370000000000005" classname="lbt14" name="lbt14_can_handle_all_NA_values"/>
    <testcase time="0.128999999999991" classname="lbt14" name="lbt14_can_handle_all_NA_values"/>
    <testcase time="0.413000000000011" classname="lbt14" name="lbt14_can_handle_some_NA_values"/>
    <testcase time="0.316000000000003" classname="lbt14" name="lbt14_can_handle_some_NA_values"/>
    <testcase time="1.315" classname="lbt14" name="lbt14_can_accept_different_gr_missing"/>
    <testcase time="0.27000000000001" classname="lbt14" name="lbt14_can_accept_different_gr_missing"/>
    <testcase time="0.268000000000001" classname="lbt14" name="lbt14_can_accept_different_gr_missing"/>
    <testcase time="0.0179999999999723" classname="lbt14" name="lbt14_fails_on_incomlete_data"/>
    <testcase time="0.357000000000028" classname="lbt14" name="lbt14_can_handle_all_NA_values_with_direction_high"/>
    <testcase time="0.142999999999972" classname="lbt14" name="lbt14_can_handle_all_NA_values_with_direction_high"/>
    <testcase time="0.368000000000023" classname="lbt14" name="lbt14_can_handle_some_NA_values_with_direction_high"/>
    <testcase time="0.176999999999992" classname="lbt14" name="lbt14_can_handle_some_NA_values_with_direction_high"/>
    <testcase time="1.161" classname="lbt14" name="lbt14_can_accept_different_gr_missing_with_direction_high"/>
    <testcase time="0.145999999999987" classname="lbt14" name="lbt14_can_accept_different_gr_missing_with_direction_high"/>
    <testcase time="0.156000000000006" classname="lbt14" name="lbt14_can_accept_different_gr_missing_with_direction_high"/>
    <testcase time="0.0209999999999866" classname="lbt14" name="lbt14_fails_on_incomlete_data"/>
  </testsuite>
  <testsuite name="lbt15" timestamp="2025-01-27T14:43:32Z" hostname="38961466a702" tests="12" skipped="0" failures="0" errors="0" time="6.11">
    <testcase time="1.036" classname="lbt15" name="lbt15_functions_with_default_argument_value_return_expected_result_with_test_data"/>
    <testcase time="0.322000000000003" classname="lbt15" name="lbt15_can_handle_all_NA_values"/>
    <testcase time="0.705000000000013" classname="lbt15" name="lbt15_can_handle_all_NA_values"/>
    <testcase time="0.341000000000008" classname="lbt15" name="lbt15_can_handle_missing_levels"/>
    <testcase time="0.670999999999992" classname="lbt15" name="lbt15_can_handle_missing_levels"/>
    <testcase time="0.356999999999999" classname="lbt15" name="lbt15_can_handle_missing_levels_in_baseline"/>
    <testcase time="0.674000000000007" classname="lbt15" name="lbt15_can_handle_missing_levels_in_baseline"/>
    <testcase time="0.346000000000004" classname="lbt15" name="lbt15_can_handle_some_NA_values"/>
    <testcase time="0.656999999999982" classname="lbt15" name="lbt15_can_handle_some_NA_values"/>
    <testcase time="0.314999999999998" classname="lbt15" name="lbt15_can_handle_some_NA_values_in_baseline"/>
    <testcase time="0.670000000000016" classname="lbt15" name="lbt15_can_handle_some_NA_values_in_baseline"/>
    <testcase time="0.0159999999999911" classname="lbt15" name="lbt15_fails_on_incomlete_data"/>
  </testsuite>
  <testsuite name="mht01" timestamp="2025-01-27T14:43:38Z" hostname="38961466a702" tests="4" skipped="0" failures="0" errors="0" time="3.262">
    <testcase time="0.677999999999997" classname="mht01" name="mht01_functions_with_default_argument_value_return_expected_result_with_test_data"/>
    <testcase time="0.673000000000002" classname="mht01" name="mht01_works"/>
    <testcase time="0.679000000000002" classname="mht01" name="mht01_works_on_NULL_in_lbl_mhbodsys_or_lbl_mhdecod"/>
    <testcase time="1.232" classname="mht01" name="mht01_works_with_other_row_split_var"/>
  </testsuite>
  <testsuite name="mng01" timestamp="2025-01-27T14:43:42Z" hostname="38961466a702" tests="19" skipped="8" failures="0" errors="0" time="8.576">
    <testcase time="1.14699999999999" classname="mng01" name="mng01_works_as_expected_with_default_argument_values"/>
    <testcase time="0.00100000000000477" classname="mng01" name="mng01_works_as_expected_with_default_argument_values">
      <skipped message="Reason: On CI ('test-mng01.R:9:5')"/>
    </testcase>
    <testcase time="0.896999999999991" classname="mng01" name="mng01_works_as_expected_with_custom_argument_values"/>
    <testcase time="0.0120000000000005" classname="mng01" name="mng01_works_as_expected_with_custom_argument_values"/>
    <testcase time="0.00100000000000477" classname="mng01" name="mng01_works_as_expected_with_custom_argument_values">
      <skipped message="Reason: On CI ('test-mng01.R:45:5')"/>
    </testcase>
    <testcase time="0.903999999999996" classname="mng01" name="mng01_works_as_expected_with_custom_color_set"/>
    <testcase time="0.89500000000001" classname="mng01" name="mng01_works_as_expected_with_custom_color_set"/>
    <testcase time="0.00100000000000477" classname="mng01" name="mng01_works_as_expected_with_custom_color_set">
      <skipped message="Reason: On CI ('test-mng01.R:69:5')"/>
    </testcase>
    <testcase time="0.906999999999982" classname="mng01" name="mng01_works_as_expected_with_custom_line_type_set"/>
    <testcase time="0.89700000000002" classname="mng01" name="mng01_works_as_expected_with_custom_line_type_set"/>
    <testcase time="0.00100000000000477" classname="mng01" name="mng01_works_as_expected_with_custom_line_type_set">
      <skipped message="Reason: On CI ('test-mng01.R:91:5')"/>
    </testcase>
    <testcase time="0.153999999999996" classname="mng01" name="mng01_works_with_table_NULL"/>
    <testcase time="0.00100000000000477" classname="mng01" name="mng01_works_with_table_NULL">
      <skipped message="Reason: On CI ('test-mng01.R:104:5')"/>
    </testcase>
    <testcase time="0.942999999999984" classname="mng01" name="mng01_works_with_combination_of_x_variables"/>
    <testcase time="0.00100000000000477" classname="mng01" name="mng01_works_with_combination_of_x_variables">
      <skipped message="Reason: On CI ('test-mng01.R:122:5')"/>
    </testcase>
    <testcase time="0.885999999999996" classname="mng01" name="mng01_works_with_numeric_x_variable"/>
    <testcase time="0.00200000000000955" classname="mng01" name="mng01_works_with_numeric_x_variable">
      <skipped message="Reason: On CI ('test-mng01.R:143:5')"/>
    </testcase>
    <testcase time="0.924999999999983" classname="mng01" name="mng01_works_with_numeric_jitter"/>
    <testcase time="0.00100000000000477" classname="mng01" name="mng01_works_with_numeric_jitter">
      <skipped message="Reason: On CI ('test-mng01.R:161:5')"/>
    </testcase>
  </testsuite>
  <testsuite name="pdt01" timestamp="2025-01-27T14:43:50Z" hostname="38961466a702" tests="5" skipped="0" failures="0" errors="0" time="1.142">
    <testcase time="0.438999999999993" classname="pdt01" name="pdt01_function_with_default_argument_value_return_expected_result_with_test_data"/>
    <testcase time="0.100999999999999" classname="pdt01" name="pdt01_can_handle_all_NA_values"/>
    <testcase time="0.157000000000011" classname="pdt01" name="pdt01_can_handle_all_NA_values"/>
    <testcase time="0.201999999999998" classname="pdt01" name="pdt01_can_handle_some_NA_values"/>
    <testcase time="0.242999999999995" classname="pdt01" name="pdt01_can_handle_some_NA_values"/>
  </testsuite>
  <testsuite name="pdt02" timestamp="2025-01-27T14:43:51Z" hostname="38961466a702" tests="5" skipped="0" failures="0" errors="0" time="0.927">
    <testcase time="0.308000000000021" classname="pdt02" name="pdt02_function_with_default_argument_value_return_expected_result_with_test_data"/>
    <testcase time="0.126999999999981" classname="pdt02" name="pdt02_can_handle_all_NA_values"/>
    <testcase time="0.183000000000021" classname="pdt02" name="pdt02_can_handle_all_NA_values"/>
    <testcase time="0.137999999999977" classname="pdt02" name="pdt02_can_handle_some_NA_values"/>
    <testcase time="0.171000000000021" classname="pdt02" name="pdt02_can_handle_some_NA_values"/>
  </testsuite>
  <testsuite name="reexports" timestamp="2025-01-27T14:43:52Z" hostname="38961466a702" tests="2" skipped="0" failures="0" errors="0" time="0.015">
    <testcase time="0.00899999999998613" classname="reexports" name="with_label_exported_correctly"/>
    <testcase time="0.00600000000000023" classname="reexports" name="reformat_exported_correctly"/>
  </testsuite>
  <testsuite name="report_null" timestamp="2025-01-27T14:43:52Z" hostname="38961466a702" tests="12" skipped="0" failures="0" errors="0" time="0.166">
    <testcase time="0.0159999999999911" classname="report_null" name="report_null_works_as_expected_with_NULL_"/>
    <testcase time="0.0100000000000193" classname="report_null" name="report_null_works_as_expected_with_NULL_"/>
    <testcase time="0.0420000000000016" classname="report_null" name="report_null_works_as_expected_with_VTableTree_"/>
    <testcase time="0.0219999999999914" classname="report_null" name="report_null_works_as_expected_with_VTableTree_"/>
    <testcase time="0.00999999999999091" classname="report_null" name="report_null_works_as_expected_with_VTableTree_"/>
    <testcase time="0.00900000000001455" classname="report_null" name="report_null_works_as_expected_with_listing_df_"/>
    <testcase time="0.0109999999999957" classname="report_null" name="report_null_works_as_expected_with_listing_df_"/>
    <testcase time="0.00999999999999091" classname="report_null" name="report_null_works_as_expected_with_listing_df_"/>
    <testcase time="0.00900000000001455" classname="report_null" name="report_null_works_as_expected_with_list_"/>
    <testcase time="0.0190000000000055" classname="report_null" name="report_null_works_as_expected_with_list_"/>
    <testcase time="0.00499999999999545" classname="report_null" name="report_null_works_as_expected_with_by_default"/>
    <testcase time="0.0029999999999859" classname="report_null" name="report_null_works_as_expected_with_by_default"/>
  </testsuite>
  <testsuite name="rmpt01" timestamp="2025-01-27T14:43:52Z" hostname="38961466a702" tests="11" skipped="0" failures="0" errors="0" time="1.441">
    <testcase time="0.201999999999998" classname="rmpt01" name="rmpt01_function_with_default_argument_value_return_expected_result_with_test_data"/>
    <testcase time="0.0600000000000023" classname="rmpt01" name="rmpt01_can_handle_NA_values"/>
    <testcase time="0.129000000000019" classname="rmpt01" name="rmpt01_can_handle_NA_values"/>
    <testcase time="0.133999999999986" classname="rmpt01" name="rmpt01_can_handle_NA_values"/>
    <testcase time="0.264999999999986" classname="rmpt01" name="rmpt01_can_handle_NA_values"/>
    <testcase time="0.0630000000000166" classname="rmpt01" name="rmpt01_can_handle_some_NA_values"/>
    <testcase time="0.13900000000001" classname="rmpt01" name="rmpt01_can_handle_some_NA_values"/>
    <testcase time="0.12299999999999" classname="rmpt01" name="rmpt01_can_handle_some_NA_values"/>
    <testcase time="0.242999999999995" classname="rmpt01" name="rmpt01_can_handle_some_NA_values"/>
    <testcase time="0.0320000000000107" classname="rmpt01" name="rmpt01_fails_on_incomlete_data"/>
    <testcase time="0.0509999999999877" classname="rmpt01" name="rmpt01_fails_on_incomlete_data"/>
  </testsuite>
  <testsuite name="rmpt03" timestamp="2025-01-27T14:43:54Z" hostname="38961466a702" tests="12" skipped="0" failures="0" errors="0" time="2.137">
    <testcase time="0.343999999999994" classname="rmpt03" name="rmpt03_function_with_default_argument_value_return_expected_result_with_test_data"/>
    <testcase time="0.113" classname="rmpt03" name="rmpt03_can_handle_NA_values"/>
    <testcase time="0.225999999999999" classname="rmpt03" name="rmpt03_can_handle_NA_values"/>
    <testcase time="0.201000000000022" classname="rmpt03" name="rmpt03_can_handle_NA_values"/>
    <testcase time="0.304999999999978" classname="rmpt03" name="rmpt03_can_handle_NA_values"/>
    <testcase time="0.120000000000005" classname="rmpt03" name="rmpt03_can_handle_some_NA_values"/>
    <testcase time="0.224000000000018" classname="rmpt03" name="rmpt03_can_handle_some_NA_values"/>
    <testcase time="0.201999999999998" classname="rmpt03" name="rmpt03_can_handle_some_NA_values"/>
    <testcase time="0.306999999999988" classname="rmpt03" name="rmpt03_can_handle_some_NA_values"/>
    <testcase time="0.0349999999999966" classname="rmpt03" name="rmpt03_fails_on_incomlete_data"/>
    <testcase time="0.0370000000000061" classname="rmpt03" name="rmpt03_fails_on_incomlete_data"/>
    <testcase time="0.0229999999999961" classname="rmpt03" name="rmpt03_fails_on_incomlete_data"/>
  </testsuite>
  <testsuite name="rmpt04" timestamp="2025-01-27T14:43:56Z" hostname="38961466a702" tests="10" skipped="0" failures="0" errors="0" time="1.023">
    <testcase time="0.182999999999993" classname="rmpt04" name="rmpt04_function_with_default_argument_value_return_expected_result_with_test_data"/>
    <testcase time="0.0649999999999977" classname="rmpt04" name="rmpt04_can_handle_NA_values"/>
    <testcase time="0.132000000000005" classname="rmpt04" name="rmpt04_can_handle_NA_values"/>
    <testcase time="0.0560000000000116" classname="rmpt04" name="rmpt04_can_handle_NA_values"/>
    <testcase time="0.138999999999982" classname="rmpt04" name="rmpt04_can_handle_NA_values"/>
    <testcase time="0.0600000000000023" classname="rmpt04" name="rmpt04_can_handle_some_NA_values"/>
    <testcase time="0.123000000000019" classname="rmpt04" name="rmpt04_can_handle_some_NA_values"/>
    <testcase time="0.0739999999999839" classname="rmpt04" name="rmpt04_can_handle_some_NA_values"/>
    <testcase time="0.131" classname="rmpt04" name="rmpt04_can_handle_some_NA_values"/>
    <testcase time="0.0600000000000023" classname="rmpt04" name="rmpt04_fails_on_incomlete_data"/>
  </testsuite>
  <testsuite name="rmpt05" timestamp="2025-01-27T14:43:57Z" hostname="38961466a702" tests="10" skipped="0" failures="0" errors="0" time="1.102">
    <testcase time="0.212999999999994" classname="rmpt05" name="rmpt05_function_with_default_argument_value_return_expected_result_with_test_data"/>
    <testcase time="0.0620000000000118" classname="rmpt05" name="rmpt05_can_handle_NA_values"/>
    <testcase time="0.145999999999987" classname="rmpt05" name="rmpt05_can_handle_NA_values"/>
    <testcase time="0.0589999999999975" classname="rmpt05" name="rmpt05_can_handle_NA_values"/>
    <testcase time="0.14700000000002" classname="rmpt05" name="rmpt05_can_handle_NA_values"/>
    <testcase time="0.0649999999999977" classname="rmpt05" name="rmpt05_can_handle_some_NA_values"/>
    <testcase time="0.131" classname="rmpt05" name="rmpt05_can_handle_some_NA_values"/>
    <testcase time="0.0789999999999793" classname="rmpt05" name="rmpt05_can_handle_some_NA_values"/>
    <testcase time="0.140000000000015" classname="rmpt05" name="rmpt05_can_handle_some_NA_values"/>
    <testcase time="0.0600000000000023" classname="rmpt05" name="rmpt05_fails_on_incomlete_data"/>
  </testsuite>
  <testsuite name="rmpt06" timestamp="2025-01-27T14:43:58Z" hostname="38961466a702" tests="6" skipped="0" failures="0" errors="0" time="2.124">
    <testcase time="0.580999999999989" classname="rmpt06" name="rmpt06_works_as_expected"/>
    <testcase time="0.616000000000014" classname="rmpt06" name="rmpt06_works_as_expected_with_show_diff_TRUE"/>
    <testcase time="0.258999999999986" classname="rmpt06" name="rmpt06_can_handle_all_NA_values"/>
    <testcase time="0.298000000000002" classname="rmpt06" name="rmpt06_can_handle_all_NA_values"/>
    <testcase time="0.233000000000004" classname="rmpt06" name="rmpt06_can_handle_all_NA_values"/>
    <testcase time="0.137" classname="rmpt06" name="rmpt06_can_handle_all_NA_values"/>
  </testsuite>
  <testsuite name="rspt01" timestamp="2025-01-27T14:44:00Z" hostname="38961466a702" tests="27" skipped="0" failures="0" errors="0" time="7.731">
    <testcase time="0.0159999999999911" classname="rspt01" name="rspt01_works_as_expected"/>
    <testcase time="0.331000000000017" classname="rspt01" name="rspt01_works_as_expected"/>
    <testcase time="0.262" classname="rspt01" name="rspt01_works_as_expected"/>
    <testcase time="0.306999999999988" classname="rspt01" name="rspt01_works_as_expected_for_stratified_and_unstratified_analysis"/>
    <testcase time="0.287000000000006" classname="rspt01" name="rspt01_works_as_expected_for_stratified_and_unstratified_analysis"/>
    <testcase time="0.349999999999994" classname="rspt01" name="rspt01_works_as_expected_for_stratified_and_unstratified_analysis"/>
    <testcase time="0.329000000000008" classname="rspt01" name="rspt01_works_as_expected_for_stratified_and_unstratified_analysis"/>
    <testcase time="0.260999999999996" classname="rspt01" name="rspt01_works_as_expected_for_unstratified_analysis_only"/>
    <testcase time="0.253999999999991" classname="rspt01" name="rspt01_works_as_expected_for_unstratified_analysis_only"/>
    <testcase time="0.282000000000011" classname="rspt01" name="rspt01_works_as_expected_for_unstratified_analysis_only"/>
    <testcase time="0.26400000000001" classname="rspt01" name="rspt01_works_as_expected_for_unstratified_analysis_only"/>
    <testcase time="0.263999999999982" classname="rspt01" name="rspt01_works_as_expected_for_stratified_analysis_only"/>
    <testcase time="0.253000000000014" classname="rspt01" name="rspt01_works_as_expected_for_stratified_analysis_only"/>
    <testcase time="0.283999999999992" classname="rspt01" name="rspt01_works_as_expected_for_stratified_analysis_only"/>
    <testcase time="0.264999999999986" classname="rspt01" name="rspt01_works_as_expected_for_stratified_analysis_only"/>
    <testcase time="0.28400000000002" classname="rspt01" name="rspt01_works_if_change_reference_group"/>
    <testcase time="0.262" classname="rspt01" name="rspt01_works_if_change_reference_group"/>
    <testcase time="0.369" classname="rspt01" name="rspt01_works_if_change_reference_group"/>
    <testcase time="0.324999999999989" classname="rspt01" name="rspt01_works_if_change_reference_group"/>
    <testcase time="0.287000000000006" classname="rspt01" name="rspt01_works_if_change_statistic_methods"/>
    <testcase time="0.264999999999986" classname="rspt01" name="rspt01_works_if_change_statistic_methods"/>
    <testcase time="0.353000000000009" classname="rspt01" name="rspt01_works_if_change_statistic_methods"/>
    <testcase time="0.352000000000004" classname="rspt01" name="rspt01_works_if_change_statistic_methods"/>
    <testcase time="0.293000000000006" classname="rspt01" name="rspt01_works_if_change_confidence_interval"/>
    <testcase time="0.264999999999986" classname="rspt01" name="rspt01_works_if_change_confidence_interval"/>
    <testcase time="0.353000000000009" classname="rspt01" name="rspt01_works_if_change_confidence_interval"/>
    <testcase time="0.313999999999993" classname="rspt01" name="rspt01_works_if_change_confidence_interval"/>
  </testsuite>
  <testsuite name="ttet01" timestamp="2025-01-27T14:44:08Z" hostname="38961466a702" tests="16" skipped="0" failures="0" errors="0" time="5.769">
    <testcase time="0.0169999999999959" classname="ttet01" name="ttet01_works_as_expected"/>
    <testcase time="0.448000000000008" classname="ttet01" name="ttet01_works_as_expected"/>
    <testcase time="0.509999999999991" classname="ttet01" name="ttet01_works_as_expected"/>
    <testcase time="0.0200000000000102" classname="ttet01" name="ttet01_returns_an_error_when_one_level_or_arm_var_is_empty"/>
    <testcase time="0.348000000000013" classname="ttet01" name="ttet01_works_as_expected_for_stratified_and_unstratified_analysis"/>
    <testcase time="0.364999999999981" classname="ttet01" name="ttet01_works_as_expected_for_stratified_and_unstratified_analysis"/>
    <testcase time="0.449000000000012" classname="ttet01" name="ttet01_works_as_expected_for_stratified_and_unstratified_analysis"/>
    <testcase time="0.457999999999998" classname="ttet01" name="ttet01_works_as_expected_for_stratified_and_unstratified_analysis"/>
    <testcase time="0.376000000000005" classname="ttet01" name="ttet01_works_as_expected_for_stratified_analysis_only"/>
    <testcase time="0.35499999999999" classname="ttet01" name="ttet01_works_as_expected_for_stratified_analysis_only"/>
    <testcase time="0.411000000000001" classname="ttet01" name="ttet01_works_as_expected_for_stratified_analysis_only"/>
    <testcase time="0.39500000000001" classname="ttet01" name="ttet01_works_as_expected_for_stratified_analysis_only"/>
    <testcase time="0.350999999999999" classname="ttet01" name="ttet01_works_if_change_reference_group"/>
    <testcase time="0.370999999999981" classname="ttet01" name="ttet01_works_if_change_reference_group"/>
    <testcase time="0.455000000000013" classname="ttet01" name="ttet01_works_if_change_reference_group"/>
    <testcase time="0.439999999999998" classname="ttet01" name="ttet01_works_if_change_reference_group"/>
  </testsuite>
  <testsuite name="unwrap" timestamp="2025-01-27T14:44:14Z" hostname="38961466a702" tests="12" skipped="0" failures="0" errors="0" time="0.187">
    <testcase time="0.01400000000001" classname="unwrap" name="unwrap_layout_works_as_expected_with_standard_chevron_t_main_function"/>
    <testcase time="0.000999999999976353" classname="unwrap" name="unwrap_layout_works_as_expected_with_standard_chevron_t_main_function"/>
    <testcase time="0.00100000000000477" classname="unwrap" name="unwrap_layout_works_as_expected_with_standard_chevron_t_main_function"/>
    <testcase time="0.0370000000000061" classname="unwrap" name="unwrap_layout_works_as_expected_with_standard_chevron_t_main_function"/>
    <testcase time="0.0180000000000007" classname="unwrap" name="unwrap_layout_works_as_expected_with_standard_chevron_g_main_function"/>
    <testcase time="0.0109999999999957" classname="unwrap" name="unwrap_layout_works_as_expected_with_standard_chevron_l_main_function"/>
    <testcase time="0.00800000000000978" classname="unwrap" name="unwrap_layout_works_as_expected_with_a_custom_function_without_layout_function"/>
    <testcase time="0.032999999999987" classname="unwrap" name="unwrap_layout_works_as_expected_with_a_custom_function_with_layout_function"/>
    <testcase time="0.00100000000000477" classname="unwrap" name="unwrap_layout_works_as_expected_with_a_custom_function_with_layout_function"/>
    <testcase time="0.0310000000000059" classname="unwrap" name="unwrap_layout_works_as_expected_with_multiple_layout_function"/>
    <testcase time="0.0300000000000011" classname="unwrap" name="unwrap_layout_works_as_expected_on_custom_function_with_overwritten_layout_function"/>
    <testcase time="0.00200000000000955" classname="unwrap" name="unwrap_layout_works_as_expected_on_custom_function_with_overwritten_layout_function"/>
  </testsuite>
  <testsuite name="utils" timestamp="2025-01-27T14:44:14Z" hostname="38961466a702" tests="81" skipped="0" failures="0" errors="0" time="2.788">
    <testcase time="0.00899999999998613" classname="utils" name="h_format_dec_works_as_exected"/>
    <testcase time="0.00300000000001432" classname="utils" name="h_format_dec_works_as_exected"/>
    <testcase time="0.00199999999998113" classname="utils" name="h_format_dec_works_as_exected"/>
    <testcase time="0.00200000000000955" classname="utils" name="h_format_dec_works_as_exected"/>
    <testcase time="0.00200000000000955" classname="utils" name="h_format_dec_works_as_exected"/>
    <testcase time="0.0029999999999859" classname="utils" name="h_format_dec_works_as_exected"/>
    <testcase time="0.00100000000000477" classname="utils" name="h_format_dec_works_as_exected"/>
    <testcase time="0.0029999999999859" classname="utils" name="h_format_dec_works_as_exected"/>
    <testcase time="0.00200000000000955" classname="utils" name="h_format_dec_works_as_exected"/>
    <testcase time="0.00200000000000955" classname="utils" name="h_format_dec_works_as_exected"/>
    <testcase time="0.00199999999998113" classname="utils" name="h_format_dec_works_as_exected"/>
    <testcase time="0.00300000000001432" classname="utils" name="h_format_dec_works_as_exected"/>
    <testcase time="0.00600000000000023" classname="utils" name="h_format_dec_works_as_expected_with_more_than_one_value"/>
    <testcase time="0.0029999999999859" classname="utils" name="h_format_dec_works_as_expected_with_more_than_one_value"/>
    <testcase time="0.00600000000000023" classname="utils" name="h_format_dec_works_as_expected_with_NA_digits"/>
    <testcase time="0.00600000000000023" classname="utils" name="fuse_sequentially_works"/>
    <testcase time="0.00300000000001432" classname="utils" name="fuse_sequentially_works"/>
    <testcase time="0.0120000000000005" classname="utils" name="ifneeded_split_row_works_as_expected"/>
    <testcase time="0.00600000000000023" classname="utils" name="ifneeded_split_row_works_as_expected"/>
    <testcase time="0.0789999999999793" classname="utils" name="_unnamed_"/>
    <testcase time="0.0900000000000034" classname="utils" name="_unnamed_"/>
    <testcase time="0.0680000000000121" classname="utils" name="_unnamed_"/>
    <testcase time="0.0480000000000018" classname="utils" name="_unnamed_"/>
    <testcase time="0.0029999999999859" classname="utils" name="droplevels.character_works_as_expected"/>
    <testcase time="0.00300000000001432" classname="utils" name="droplevels.character_works_as_expected"/>
    <testcase time="0.00499999999999545" classname="utils" name="lvls.character_works_as_expected"/>
    <testcase time="0.00300000000001432" classname="utils" name="lvls.character_works_as_expected"/>
    <testcase time="0.00499999999999545" classname="utils" name="lvls.factor_works_as_expected"/>
    <testcase time="0.0029999999999859" classname="utils" name="lvls.factor_works_as_expected"/>
    <testcase time="0.00499999999999545" classname="utils" name="lvls.default_works_as_expected"/>
    <testcase time="0.00300000000001432" classname="utils" name="lvls.default_works_as_expected"/>
    <testcase time="0.00499999999999545" classname="utils" name="quote_str_works_as_expected"/>
    <testcase time="0.00200000000000955" classname="utils" name="quote_str_works_as_expected"/>
    <testcase time="0.00499999999999545" classname="utils" name="quote_str_works_as_expected"/>
    <testcase time="0.00499999999999545" classname="utils" name="modify_default_args_works_as_expected"/>
    <testcase time="0.0029999999999859" classname="utils" name="modify_default_args_works_as_expected"/>
    <testcase time="0.00500000000002387" classname="utils" name="execute_with_args_works_as_expected"/>
    <testcase time="0.0029999999999859" classname="utils" name="execute_with_args_works_as_expected"/>
    <testcase time="0.00200000000000955" classname="utils" name="execute_with_args_works_as_expected"/>
    <testcase time="0.0029999999999859" classname="utils" name="execute_with_args_works_as_expected"/>
    <testcase time="0.00100000000000477" classname="utils" name="execute_with_args_works_as_expected"/>
    <testcase time="0.00300000000001432" classname="utils" name="execute_with_args_works_as_expected"/>
    <testcase time="0.00199999999998113" classname="utils" name="execute_with_args_works_as_expected"/>
    <testcase time="0.00300000000001432" classname="utils" name="execute_with_args_works_as_expected"/>
    <testcase time="0.00100000000000477" classname="utils" name="execute_with_args_works_as_expected"/>
    <testcase time="0.0029999999999859" classname="utils" name="execute_with_args_works_as_expected"/>
    <testcase time="0.00200000000000955" classname="utils" name="execute_with_args_works_as_expected"/>
    <testcase time="0.0029999999999859" classname="utils" name="execute_with_args_works_as_expected"/>
    <testcase time="0.00499999999999545" classname="utils" name="do_call_work_as_expected"/>
    <testcase time="0.00200000000000955" classname="utils" name="do_call_work_as_expected"/>
    <testcase time="0.00800000000000978" classname="utils" name="do_call_errors_as_expected"/>
    <testcase time="0.0139999999999816" classname="utils" name="do_call_errors_as_expected"/>
    <testcase time="0.007000000000005" classname="utils" name="convert_to_month_work_as_expected"/>
    <testcase time="0.0040000000000191" classname="utils" name="convert_to_month_work_as_expected"/>
    <testcase time="0.0029999999999859" classname="utils" name="convert_to_month_work_as_expected"/>
    <testcase time="0.00399999999999068" classname="utils" name="convert_to_month_work_as_expected"/>
    <testcase time="0.00300000000001432" classname="utils" name="convert_to_month_work_as_expected"/>
    <testcase time="0.00399999999999068" classname="utils" name="convert_to_month_work_as_expected"/>
    <testcase time="0.0130000000000052" classname="utils" name="convert_to_month_warning_messages_as_expected"/>
    <testcase time="0.0120000000000005" classname="utils" name="gg_theme_chevron_works_as_expected"/>
    <testcase time="0.00100000000000477" classname="utils" name="gg_theme_chevron_works_as_expected"/>
    <testcase time="0.00200000000000955" classname="utils" name="gg_theme_chevron_works_as_expected"/>
    <testcase time="0.00499999999999545" classname="utils" name="gg_theme_chevron_works_as_expected"/>
    <testcase time="0.000999999999976353" classname="utils" name="gg_theme_chevron_works_as_expected"/>
    <testcase time="0.00200000000000955" classname="utils" name="gg_theme_chevron_works_as_expected"/>
    <testcase time="0.007000000000005" classname="utils" name="modify_character_works"/>
    <testcase time="0.0029999999999859" classname="utils" name="modify_character_works"/>
    <testcase time="0.007000000000005" classname="utils" name="expand_list_works"/>
    <testcase time="0.00300000000001432" classname="utils" name="expand_list_works"/>
    <testcase time="0.00499999999999545" classname="utils" name="set_section_div_works"/>
    <testcase time="0.00499999999999545" classname="utils" name="set_section_div_works"/>
    <testcase time="0.00499999999999545" classname="utils" name="set_section_div_works"/>
    <testcase time="0.00300000000001432" classname="utils" name="set_section_div_works"/>
    <testcase time="0.00600000000000023" classname="utils" name="get_section_div_works"/>
    <testcase time="0.0029999999999859" classname="utils" name="get_section_div_works"/>
    <testcase time="0.992000000000019" classname="utils" name="grob_list_is_deprecated"/>
    <testcase time="1.196" classname="utils" name="gg_list_is_deprecated"/>
    <testcase time="0.00799999999998136" classname="utils" name="format_date_works_as_expected_for_POSIXct"/>
    <testcase time="0.00300000000001432" classname="utils" name="format_date_works_as_expected_for_POSIXct"/>
    <testcase time="0.007000000000005" classname="utils" name="format_date_works_as_expected_for_Date"/>
    <testcase time="0.0029999999999859" classname="utils" name="format_date_works_as_expected_for_Date"/>
  </testsuite>
  <testsuite name="vst01" timestamp="2025-01-27T14:44:17Z" hostname="38961466a702" tests="3" skipped="0" failures="0" errors="0" time="4.552">
    <testcase time="2.26400000000001" classname="vst01" name="vst01_functions_with_default_argument_value_return_expected_result_with_test_data"/>
    <testcase time="0.753999999999991" classname="vst01" name="run_vst01_works_as_expected"/>
    <testcase time="1.53399999999999" classname="vst01" name="run_vst01_works_as_expected"/>
  </testsuite>
  <testsuite name="vst02" timestamp="2025-01-27T14:44:21Z" hostname="38961466a702" tests="2" skipped="0" failures="0" errors="0" time="0.951">
    <testcase time="0.481999999999999" classname="vst02" name="vst02_functions_with_default_argument_value_return_expected_result_with_test_data"/>
    <testcase time="0.469000000000023" classname="vst02" name="vst02_functions_return_expected_result_with_test_data_when_excluding_subject_with_baseline_abnormality"/>
  </testsuite>
</testsuites>
