<?xml version="1.0" encoding="UTF-8"?>
<testsuites>
  <testsuite name="ael01_nollt" timestamp="2025-06-06T14:32:17Z" hostname="48d8de024e53" tests="14" skipped="0" failures="0" errors="0" time="1.199">
    <testcase time="0.0639999999999996" classname="ael01_nollt" name="ael01_nollt_works_with_admh_dataset"/>
    <testcase time="0.285" classname="ael01_nollt" name="ael01_nollt_works_with_admh_dataset"/>
    <testcase time="0.0300000000000002" classname="ael01_nollt" name="ael01_nollt_works_with_non_default_label"/>
    <testcase time="0.202" classname="ael01_nollt" name="ael01_nollt_works_with_non_default_label"/>
    <testcase time="0.0299999999999998" classname="ael01_nollt" name="ael01_nollt_can_handle_all_missing_values"/>
    <testcase time="0.0819999999999999" classname="ael01_nollt" name="ael01_nollt_can_handle_all_missing_values"/>
    <testcase time="0.0300000000000002" classname="ael01_nollt" name="ael01_nollt_can_handle_some_missing_values"/>
    <testcase time="0.132" classname="ael01_nollt" name="ael01_nollt_can_handle_some_missing_values"/>
    <testcase time="0.028" classname="ael01_nollt" name="ael01_nollt_listing_can_be_split_by_an_additional_variable"/>
    <testcase time="0.00199999999999978" classname="ael01_nollt" name="ael01_nollt_listing_can_be_split_by_an_additional_variable"/>
    <testcase time="0.165" classname="ael01_nollt" name="ael01_nollt_listing_can_be_split_by_an_additional_variable"/>
    <testcase time="0.028" classname="ael01_nollt" name="split_ael01_nollt_listing_do_not_display_missing_values"/>
    <testcase time="0.00099999999999989" classname="ael01_nollt" name="split_ael01_nollt_listing_do_not_display_missing_values"/>
    <testcase time="0.12" classname="ael01_nollt" name="split_ael01_nollt_listing_do_not_display_missing_values"/>
  </testsuite>
  <testsuite name="ael02" timestamp="2025-06-06T14:32:19Z" hostname="48d8de024e53" tests="9" skipped="0" failures="0" errors="0" time="2.785">
    <testcase time="0.0609999999999999" classname="ael02" name="ael02_works_with_adae_dataset"/>
    <testcase time="0.00099999999999989" classname="ael02" name="ael02_works_with_adae_dataset"/>
    <testcase time="0.861" classname="ael02" name="ael02_works_with_adae_dataset"/>
    <testcase time="0.0430000000000001" classname="ael02" name="ael02_can_handle_all_missing_values"/>
    <testcase time="0.00200000000000067" classname="ael02" name="ael02_can_handle_all_missing_values"/>
    <testcase time="0.912" classname="ael02" name="ael02_can_handle_all_missing_values"/>
    <testcase time="0.0429999999999993" classname="ael02" name="ael02_functions_work_as_expected"/>
    <testcase time="0.00100000000000033" classname="ael02" name="ael02_functions_work_as_expected"/>
    <testcase time="0.861" classname="ael02" name="ael02_functions_work_as_expected"/>
  </testsuite>
  <testsuite name="ael03" timestamp="2025-06-06T14:32:22Z" hostname="48d8de024e53" tests="9" skipped="0" failures="0" errors="0" time="2.832">
    <testcase time="0.0950000000000006" classname="ael03" name="ael03_works_with_adae_dataset"/>
    <testcase time="0.00199999999999978" classname="ael03" name="ael03_works_with_adae_dataset"/>
    <testcase time="0.864" classname="ael03" name="ael03_works_with_adae_dataset"/>
    <testcase time="0.0440000000000005" classname="ael03" name="ael03_can_handle_all_missing_values"/>
    <testcase time="0.000999999999999446" classname="ael03" name="ael03_can_handle_all_missing_values"/>
    <testcase time="0.917" classname="ael03" name="ael03_can_handle_all_missing_values"/>
    <testcase time="0.0430000000000001" classname="ael03" name="ael03_functions_work_as_expected"/>
    <testcase time="0.00100000000000033" classname="ael03" name="ael03_functions_work_as_expected"/>
    <testcase time="0.865" classname="ael03" name="ael03_functions_work_as_expected"/>
  </testsuite>
  <testsuite name="aet01" timestamp="2025-06-06T14:32:24Z" hostname="48d8de024e53" tests="13" skipped="0" failures="0" errors="0" time="3.381">
    <testcase time="0.421999999999999" classname="aet01" name="aet01_can_handle_all_NA_values"/>
    <testcase time="0.288" classname="aet01" name="aet01_can_handle_all_NA_values"/>
    <testcase time="0.287000000000001" classname="aet01" name="aet01_can_handle_all_NA_values"/>
    <testcase time="0.224" classname="aet01" name="aet01_can_handle_all_NA_values"/>
    <testcase time="0.433" classname="aet01" name="aet01_can_handle_some_NA_values"/>
    <testcase time="0.282" classname="aet01" name="aet01_can_handle_some_NA_values"/>
    <testcase time="0.199999999999999" classname="aet01" name="aet01_can_use_custom_anl_vars"/>
    <testcase time="0.172000000000001" classname="aet01" name="aet01_can_use_custom_anl_vars"/>
    <testcase time="0.0589999999999993" classname="aet01" name="aet01_fails_on_incomplete_data_input"/>
    <testcase time="0.293000000000001" classname="aet01" name="aet01_can_use_custom_medconcept_var"/>
    <testcase time="0.286999999999999" classname="aet01" name="aet01_can_use_custom_medconcept_var"/>
    <testcase time="0.189" classname="aet01" name="aet01_can_conditionally_show_the_number_of_withdrawal"/>
    <testcase time="0.245000000000001" classname="aet01" name="aet01_can_conditionally_show_the_number_of_withdrawal"/>
  </testsuite>
  <testsuite name="aet01_aesi" timestamp="2025-06-06T14:32:28Z" hostname="48d8de024e53" tests="9" skipped="0" failures="0" errors="0" time="2.064">
    <testcase time="0.222999999999999" classname="aet01_aesi" name="aet01_aesi_can_handle_all_NA_values"/>
    <testcase time="0.253" classname="aet01_aesi" name="aet01_aesi_can_handle_all_NA_values"/>
    <testcase time="0.190000000000001" classname="aet01_aesi" name="aet01_aesi_can_handle_all_NA_values"/>
    <testcase time="0.215" classname="aet01_aesi" name="aet01_aesi_can_handle_all_NA_values"/>
    <testcase time="0.197999999999999" classname="aet01_aesi" name="aet01_aesi_can_handle_some_NA_values"/>
    <testcase time="0.255000000000001" classname="aet01_aesi" name="aet01_aesi_can_handle_some_NA_values"/>
    <testcase time="0.273" classname="aet01_aesi" name="aet01_aesi_works_with_ALL_argument"/>
    <testcase time="0.407999999999999" classname="aet01_aesi" name="aet01_aesi_works_with_ALL_argument"/>
    <testcase time="0.0490000000000013" classname="aet01_aesi" name="aet01_aesi_check_fails_on_incomplete_data_input"/>
  </testsuite>
  <testsuite name="aet02" timestamp="2025-06-06T14:32:30Z" hostname="48d8de024e53" tests="4" skipped="0" failures="0" errors="0" time="2.451">
    <testcase time="0.0519999999999996" classname="aet02" name="aet02_fails_on_incomplete_data_input"/>
    <testcase time="0.126999999999999" classname="aet02" name="aet02_handle_empty_data_input"/>
    <testcase time="1.5" classname="aet02" name="aet02_can_have_different_levels_of_row_split"/>
    <testcase time="0.772" classname="aet02" name="aet02_can_have_different_levels_of_row_split"/>
  </testsuite>
  <testsuite name="aet03" timestamp="2025-06-06T14:32:32Z" hostname="48d8de024e53" tests="4" skipped="0" failures="0" errors="0" time="2.602">
    <testcase time="0.276" classname="aet03" name="aet03_can_handle_NA_values"/>
    <testcase time="0.254000000000001" classname="aet03" name="aet03_can_handle_NA_values"/>
    <testcase time="1.334" classname="aet03" name="aet03_can_handle_some_NA_values"/>
    <testcase time="0.738" classname="aet03" name="aet03_can_handle_some_NA_values"/>
  </testsuite>
  <testsuite name="aet04" timestamp="2025-06-06T14:32:35Z" hostname="48d8de024e53" tests="12" skipped="0" failures="0" errors="0" time="11.639">
    <testcase time="0.428999999999998" classname="aet04" name="aet04_can_handle_NA_values"/>
    <testcase time="0.423000000000002" classname="aet04" name="aet04_can_handle_NA_values"/>
    <testcase time="0.428999999999998" classname="aet04" name="aet04_can_handle_NA_values"/>
    <testcase time="0.00400000000000134" classname="aet04" name="aet04_can_handle_NA_values"/>
    <testcase time="0.416999999999998" classname="aet04" name="aet04_can_handle_NA_values"/>
    <testcase time="0.421000000000003" classname="aet04" name="aet04_can_handle_NA_values"/>
    <testcase time="2.363" classname="aet04" name="aet04_can_handle_some_NA_values"/>
    <testcase time="1.163" classname="aet04" name="aet04_can_handle_some_NA_values"/>
    <testcase time="2.35" classname="aet04" name="aet04_can_handle_some_NA_values"/>
    <testcase time="0.00600000000000023" classname="aet04" name="aet04_can_handle_some_NA_values"/>
    <testcase time="2.397" classname="aet04" name="aet04_can_handle_some_NA_values"/>
    <testcase time="1.237" classname="aet04" name="aet04_can_handle_some_NA_values"/>
  </testsuite>
  <testsuite name="aet05" timestamp="2025-06-06T14:32:46Z" hostname="48d8de024e53" tests="6" skipped="0" failures="0" errors="0" time="1.272">
    <testcase time="0.164999999999999" classname="aet05" name="aet05_can_handle_NA_values"/>
    <testcase time="0.25" classname="aet05" name="aet05_can_handle_NA_values"/>
    <testcase time="0.147000000000002" classname="aet05" name="aet05_can_handle_some_NA_values"/>
    <testcase time="0.286000000000001" classname="aet05" name="aet05_can_handle_some_NA_values"/>
    <testcase time="0.133999999999997" classname="aet05" name="aet05_can_handle_some_NA_values"/>
    <testcase time="0.289999999999999" classname="aet05" name="aet05_can_handle_some_NA_values"/>
  </testsuite>
  <testsuite name="aet05_all" timestamp="2025-06-06T14:32:48Z" hostname="48d8de024e53" tests="6" skipped="0" failures="0" errors="0" time="1.422">
    <testcase time="0.155999999999999" classname="aet05_all" name="aet05_all_can_handle_NA_values"/>
    <testcase time="0.252000000000002" classname="aet05_all" name="aet05_all_can_handle_NA_values"/>
    <testcase time="0.152000000000001" classname="aet05_all" name="aet05_all_can_handle_some_NA_values"/>
    <testcase time="0.469000000000001" classname="aet05_all" name="aet05_all_can_handle_some_NA_values"/>
    <testcase time="0.131" classname="aet05_all" name="aet05_all_can_handle_some_NA_values"/>
    <testcase time="0.262" classname="aet05_all" name="aet05_all_can_handle_some_NA_values"/>
  </testsuite>
  <testsuite name="aet10" timestamp="2025-06-06T14:32:49Z" hostname="48d8de024e53" tests="4" skipped="0" failures="0" errors="0" time="0.504">
    <testcase time="0.0720000000000027" classname="aet10" name="aet10_can_handle_NA_values"/>
    <testcase time="0.116" classname="aet10" name="aet10_can_handle_NA_values"/>
    <testcase time="0.0970000000000013" classname="aet10" name="aet10_can_handle_some_NA_values"/>
    <testcase time="0.218999999999994" classname="aet10" name="aet10_can_handle_some_NA_values"/>
  </testsuite>
  <testsuite name="assertions" timestamp="2025-06-06T14:32:50Z" hostname="48d8de024e53" tests="33" skipped="0" failures="0" errors="0" time="0.145">
    <testcase time="0.00800000000000267" classname="assertions" name="assert_valid_var.character_works_as_expected"/>
    <testcase time="0.00500000000000256" classname="assertions" name="assert_valid_var.character_works_as_expected"/>
    <testcase time="0.00399999999999778" classname="assertions" name="assert_valid_var.character_works_as_expected"/>
    <testcase time="0.00500000000000256" classname="assertions" name="assert_valid_var.character_works_as_expected"/>
    <testcase time="0.000999999999997669" classname="assertions" name="assert_valid_var.character_works_as_expected"/>
    <testcase time="0.00500000000000256" classname="assertions" name="assert_valid_var.factor_works_as_expected"/>
    <testcase time="0.00399999999999778" classname="assertions" name="assert_valid_var.factor_works_as_expected"/>
    <testcase time="0.00500000000000256" classname="assertions" name="assert_valid_var.factor_works_as_expected"/>
    <testcase time="0.00399999999999778" classname="assertions" name="assert_valid_var.factor_works_as_expected"/>
    <testcase time="0.00199999999999534" classname="assertions" name="assert_valid_var.factor_works_as_expected"/>
    <testcase time="0.00500000000000256" classname="assertions" name="assert_valid_var.logical_works_as_expected"/>
    <testcase time="0.00399999999999778" classname="assertions" name="assert_valid_var.logical_works_as_expected"/>
    <testcase time="0.00400000000000489" classname="assertions" name="assert_valid_var.logical_works_as_expected"/>
    <testcase time="0.00199999999999534" classname="assertions" name="assert_valid_var.logical_works_as_expected"/>
    <testcase time="0.00400000000000489" classname="assertions" name="assert_valid_var.numeric_works_as_expected"/>
    <testcase time="0.00499999999999545" classname="assertions" name="assert_valid_var.numeric_works_as_expected"/>
    <testcase time="0.00400000000000489" classname="assertions" name="assert_valid_var.numeric_works_as_expected"/>
    <testcase time="0.00199999999999534" classname="assertions" name="assert_valid_var.numeric_works_as_expected"/>
    <testcase time="0.00400000000000489" classname="assertions" name="assert_valid_var.numeric_works_as_expected"/>
    <testcase time="0.00199999999999534" classname="assertions" name="assert_valid_var.numeric_works_as_expected"/>
    <testcase time="0.00900000000000034" classname="assertions" name="assert_valid_var.POSIXct_works_as_expected"/>
    <testcase time="0.00900000000000034" classname="assertions" name="assert_valid_var.POSIXct_works_as_expected"/>
    <testcase time="0.00500000000000256" classname="assertions" name="assert_valid_variable_works_as_expected"/>
    <testcase time="0.00200000000000244" classname="assertions" name="assert_valid_variable_works_as_expected"/>
    <testcase time="0.00599999999999312" classname="assertions" name="assert_valid_variable_works_as_expected"/>
    <testcase time="0.00200000000000244" classname="assertions" name="assert_valid_variable_works_as_expected"/>
    <testcase time="0.00500000000000256" classname="assertions" name="assert_valid_variable_works_as_expected"/>
    <testcase time="0.000999999999997669" classname="assertions" name="assert_valid_variable_works_as_expected"/>
    <testcase time="0.00600000000000023" classname="assertions" name="assert_valid_var_pair_works_as_expected_with_character"/>
    <testcase time="0.00500000000000256" classname="assertions" name="assert_valid_var_pair_works_as_expected_with_character"/>
    <testcase time="0.00500000000000256" classname="assertions" name="assert_valid_var_pair_works_as_expected_with_factor"/>
    <testcase time="0.00499999999999545" classname="assertions" name="assert_valid_var_pair_works_as_expected_with_factor"/>
    <testcase time="0.00600000000000023" classname="assertions" name="assert_valid_var_pair_works_as_expected_with_factor"/>
  </testsuite>
  <testsuite name="cfbt01" timestamp="2025-06-06T14:32:50Z" hostname="48d8de024e53" tests="3" skipped="0" failures="0" errors="0" time="9.088">
    <testcase time="6.70200000000001" classname="cfbt01" name="cfbt01_functions_with_default_argument_value_return_expected_result_with_test_data"/>
    <testcase time="0.798999999999999" classname="cfbt01" name="cfbt01_can_handle_n_0_and_outputs_NE_instead_of_infs_and_NAs"/>
    <testcase time="1.587" classname="cfbt01" name="cfbt01_can_handle_n_0_and_outputs_NE_instead_of_infs_and_NAs"/>
  </testsuite>
  <testsuite name="checks" timestamp="2025-06-06T14:32:59Z" hostname="48d8de024e53" tests="8" skipped="0" failures="0" errors="0" time="0.027">
    <testcase time="0.00900000000000034" classname="checks" name="check_all_colnames_works_as_expected"/>
    <testcase time="0.00200000000000244" classname="checks" name="check_all_colnames_works_as_expected"/>
    <testcase time="0.00199999999999534" classname="checks" name="check_all_colnames_works_as_expected"/>
    <testcase time="0.00200000000000244" classname="checks" name="check_all_colnames_works_as_expected"/>
    <testcase time="0.00500000000000256" classname="checks" name="check_one_colnames_works_as_expected"/>
    <testcase time="0.00300000000000011" classname="checks" name="check_one_colnames_works_as_expected"/>
    <testcase time="0.000999999999997669" classname="checks" name="check_one_colnames_works_as_expected"/>
    <testcase time="0.00300000000000011" classname="checks" name="check_one_colnames_works_as_expected"/>
  </testsuite>
  <testsuite name="chevron_tlg-class" timestamp="2025-06-06T14:32:59Z" hostname="48d8de024e53" tests="29" skipped="0" failures="0" errors="0" time="0.095">
    <testcase time="0.00900000000000034" classname="chevron_tlg_class" name="chevron_t_object_can_be_constructed_with_default_values"/>
    <testcase time="0.00300000000000011" classname="chevron_tlg_class" name="chevron_t_object_can_be_constructed_with_default_values"/>
    <testcase time="0.00600000000000023" classname="chevron_tlg_class" name="chevron_t_object_can_be_constructed_with_custom_values"/>
    <testcase time="0.00300000000000011" classname="chevron_tlg_class" name="chevron_t_object_can_be_constructed_with_custom_values"/>
    <testcase time="0.00200000000000244" classname="chevron_tlg_class" name="chevron_t_object_can_be_constructed_with_custom_values"/>
    <testcase time="0.00300000000000011" classname="chevron_tlg_class" name="chevron_t_object_can_be_constructed_with_custom_values"/>
    <testcase time="0.00600000000000023" classname="chevron_tlg_class" name="chevron_t_constructor_returns_an_error_when_expected"/>
    <testcase time="0.000999999999997669" classname="chevron_tlg_class" name="chevron_t_constructor_returns_an_error_when_expected"/>
    <testcase time="0.000999999999997669" classname="chevron_tlg_class" name="chevron_t_constructor_returns_an_error_when_expected"/>
    <testcase time="0.00200000000000244" classname="chevron_tlg_class" name="chevron_t_constructor_returns_an_error_when_expected"/>
    <testcase time="0.000999999999997669" classname="chevron_tlg_class" name="chevron_t_constructor_returns_an_error_when_expected"/>
    <testcase time="0.000999999999997669" classname="chevron_tlg_class" name="chevron_t_constructor_returns_an_error_when_expected"/>
    <testcase time="0.00100000000000477" classname="chevron_tlg_class" name="chevron_t_constructor_returns_an_error_when_expected"/>
    <testcase time="0.00600000000000023" classname="chevron_tlg_class" name="chevron_l_object_can_be_constructed_with_default_values"/>
    <testcase time="0.00300000000000011" classname="chevron_tlg_class" name="chevron_l_object_can_be_constructed_with_default_values"/>
    <testcase time="0.00600000000000023" classname="chevron_tlg_class" name="chevron_g_object_can_be_constructed_with_custom_values"/>
    <testcase time="0.00300000000000011" classname="chevron_tlg_class" name="chevron_g_object_can_be_constructed_with_custom_values"/>
    <testcase time="0.00300000000000011" classname="chevron_tlg_class" name="chevron_g_object_can_be_constructed_with_custom_values"/>
    <testcase time="0.00300000000000011" classname="chevron_tlg_class" name="chevron_g_object_can_be_constructed_with_custom_values"/>
    <testcase time="0.00499999999999545" classname="chevron_tlg_class" name="chevron_g_constructor_returns_an_error_when_expected"/>
    <testcase time="0.00100000000000477" classname="chevron_tlg_class" name="chevron_g_constructor_returns_an_error_when_expected"/>
    <testcase time="0.00199999999999534" classname="chevron_tlg_class" name="chevron_g_constructor_returns_an_error_when_expected"/>
    <testcase time="0.00100000000000477" classname="chevron_tlg_class" name="chevron_g_constructor_returns_an_error_when_expected"/>
    <testcase time="0.000999999999997669" classname="chevron_tlg_class" name="chevron_g_constructor_returns_an_error_when_expected"/>
    <testcase time="0.000999999999997669" classname="chevron_tlg_class" name="chevron_g_constructor_returns_an_error_when_expected"/>
    <testcase time="0.00100000000000477" classname="chevron_tlg_class" name="chevron_g_constructor_returns_an_error_when_expected"/>
    <testcase time="0.0069999999999979" classname="chevron_tlg_class" name="chevron_simple_works_correctly"/>
    <testcase time="0.00200000000000244" classname="chevron_tlg_class" name="chevron_simple_works_correctly"/>
    <testcase time="0.0109999999999957" classname="chevron_tlg_class" name="chevron_simple_errors_if_contains_return"/>
  </testsuite>
  <testsuite name="chevron_tlg-methods" timestamp="2025-06-06T14:32:59Z" hostname="48d8de024e53" tests="62" skipped="1" failures="0" errors="0" time="10.122">
    <testcase time="1.112" classname="chevron_tlg_methods" name="run_works_as_expected_for_chevron_t_object"/>
    <testcase time="0.609999999999999" classname="chevron_tlg_methods" name="run_works_as_expected_for_chevron_t_object"/>
    <testcase time="0.624000000000002" classname="chevron_tlg_methods" name="run_works_as_expected_for_chevron_t_object_when_auto_pre_FALSE"/>
    <testcase time="0.323" classname="chevron_tlg_methods" name="run_works_as_expected_with_argument_printed"/>
    <testcase time="0.283999999999999" classname="chevron_tlg_methods" name="run_works_as_expected_with_argument_printed"/>
    <testcase time="0.426000000000002" classname="chevron_tlg_methods" name="run_works_as_expected_with_argument_printed_if_the_user_argument_is_complicated"/>
    <testcase time="0.373999999999995" classname="chevron_tlg_methods" name="run_works_as_expected_with_argument_printed_if_the_user_argument_is_complicated"/>
    <testcase time="0.426000000000002" classname="chevron_tlg_methods" name="run_uses_the_argument_passed_through_the_ellipsis_in_priority"/>
    <testcase time="0.383000000000003" classname="chevron_tlg_methods" name="run_uses_the_argument_passed_through_the_ellipsis_in_priority"/>
    <testcase time="0.311999999999998" classname="chevron_tlg_methods" name="run_works_as_expected_with_partial_match_argument"/>
    <testcase time="0.284999999999997" classname="chevron_tlg_methods" name="run_works_as_expected_with_partial_match_argument"/>
    <testcase time="0.420999999999999" classname="chevron_tlg_methods" name="run_displays_the_symbols_when_available"/>
    <testcase time="0.374000000000002" classname="chevron_tlg_methods" name="run_displays_the_symbols_when_available"/>
    <testcase time="0.305999999999997" classname="chevron_tlg_methods" name="run_print_internal_functions_when_unwrap_is_TRUE"/>
    <testcase time="0.00100000000000477" classname="chevron_tlg_methods" name="run_print_internal_functions_when_unwrap_is_TRUE"/>
    <testcase time="0.00199999999999534" classname="chevron_tlg_methods" name="run_print_internal_functions_when_unwrap_is_TRUE"/>
    <testcase time="0.0220000000000056" classname="chevron_tlg_methods" name="run_print_internal_functions_when_unwrap_is_TRUE"/>
    <testcase time="1.226" classname="chevron_tlg_methods" name="run_print_internal_functions_when_unwrap_is_TRUE_and_standard_chevron_tlg_has_no_layout"/>
    <testcase time="0.00900000000000034" classname="chevron_tlg_methods" name="run_print_internal_functions_when_unwrap_is_TRUE_and_the_chevron_tlg_object_is_customized"/>
    <testcase time="0.00199999999999534" classname="chevron_tlg_methods" name="run_print_internal_functions_when_unwrap_is_TRUE_and_the_chevron_tlg_object_is_customized"/>
    <testcase time="0.00100000000000477" classname="chevron_tlg_methods" name="run_print_internal_functions_when_unwrap_is_TRUE_and_the_chevron_tlg_object_is_customized"/>
    <testcase time="0.0219999999999985" classname="chevron_tlg_methods" name="run_print_internal_functions_when_unwrap_is_TRUE_and_the_chevron_tlg_object_is_customized"/>
    <testcase time="0.00900000000000034" classname="chevron_tlg_methods" name="run_print_main_and_postprocessing_functions_when_unwrap_is_TRUE_and_auto_pre_is_FALSE"/>
    <testcase time="0.000999999999997669" classname="chevron_tlg_methods" name="run_print_main_and_postprocessing_functions_when_unwrap_is_TRUE_and_auto_pre_is_FALSE"/>
    <testcase time="0.00100000000000477" classname="chevron_tlg_methods" name="run_print_main_and_postprocessing_functions_when_unwrap_is_TRUE_and_auto_pre_is_FALSE"/>
    <testcase time="0.000999999999997669" classname="chevron_tlg_methods" name="run_print_main_and_postprocessing_functions_when_unwrap_is_TRUE_and_auto_pre_is_FALSE"/>
    <testcase time="0.0219999999999985" classname="chevron_tlg_methods" name="run_print_main_and_postprocessing_functions_when_unwrap_is_TRUE_and_auto_pre_is_FALSE"/>
    <testcase time="0.00500000000000256" classname="chevron_tlg_methods" name="args_ls_works_as_expected"/>
    <testcase time="0.000999999999997669" classname="chevron_tlg_methods" name="args_ls_works_as_expected"/>
    <testcase time="0.00200000000000244" classname="chevron_tlg_methods" name="args_ls_works_as_expected"/>
    <testcase time="0.00499999999999545" classname="chevron_tlg_methods" name="args_ls_works_as_expected_when_simplify_is_TRUE"/>
    <testcase time="0.00100000000000477" classname="chevron_tlg_methods" name="args_ls_works_as_expected_when_simplify_is_TRUE"/>
    <testcase time="0.000999999999997669" classname="chevron_tlg_methods" name="args_ls_works_as_expected_when_simplify_is_TRUE"/>
    <testcase time="0.00600000000000023" classname="chevron_tlg_methods" name="args_ls_works_as_expected_with_custom_chevron_tlg_object"/>
    <testcase time="0.000999999999997669" classname="chevron_tlg_methods" name="args_ls_works_as_expected_with_custom_chevron_tlg_object"/>
    <testcase time="0.00200000000000244" classname="chevron_tlg_methods" name="args_ls_works_as_expected_with_custom_chevron_tlg_object"/>
    <testcase time="0.00200000000000244" classname="chevron_tlg_methods" name="args_ls_works_as_expected_with_custom_chevron_tlg_object"/>
    <testcase time="0.00600000000000023" classname="chevron_tlg_methods" name="main_works_as_expected"/>
    <testcase time="0.0069999999999979" classname="chevron_tlg_methods" name="main_setter_works_as_expected"/>
    <testcase time="0.00999999999999801" classname="chevron_tlg_methods" name="main_setter_throw_an_error_as_expected"/>
    <testcase time="0.0120000000000005" classname="chevron_tlg_methods" name="preprocess_works_as_expected"/>
    <testcase time="0.00800000000000267" classname="chevron_tlg_methods" name="preprocess_setter_works_as_expected"/>
    <testcase time="0.0120000000000005" classname="chevron_tlg_methods" name="preprocess_sends_an_error_as_expected"/>
    <testcase time="0.00600000000000023" classname="chevron_tlg_methods" name="postprocess_works_as_expected"/>
    <testcase time="0.00600000000000023" classname="chevron_tlg_methods" name="postprocess_setter_works_as_expected"/>
    <testcase time="0.00999999999999801" classname="chevron_tlg_methods" name="postprocess_sends_an_error_as_expected"/>
    <testcase time="0.00600000000000023" classname="chevron_tlg_methods" name="dataset_works_as_expected"/>
    <testcase time="0.00600000000000023" classname="chevron_tlg_methods" name="dataset_setter_works_as_expected"/>
    <testcase time="0.00900000000000034" classname="chevron_tlg_methods" name="dataset_sends_an_error_as_expected"/>
    <testcase time="0.00499999999999545" classname="chevron_tlg_methods" name="script_funs_works_as_expected_in_interactive_mode">
      <skipped message="Reason: !interactive() is TRUE ('test-chevron_tlg-methods.R:287:3')"/>
    </testcase>
    <testcase time="0.0150000000000006" classname="chevron_tlg_methods" name="script_funs_works_as_expected"/>
    <testcase time="0.00100000000000477" classname="chevron_tlg_methods" name="script_funs_works_as_expected"/>
    <testcase time="2.288" classname="chevron_tlg_methods" name="script_funs_generates_a_valid_script"/>
    <testcase time="0.00200000000000244" classname="chevron_tlg_methods" name="script_funs_generates_a_valid_script"/>
    <testcase time="0.000999999999997669" classname="chevron_tlg_methods" name="script_funs_generates_a_valid_script"/>
    <testcase time="0.00200000000000244" classname="chevron_tlg_methods" name="script_funs_generates_a_valid_script"/>
    <testcase time="0.00199999999999534" classname="chevron_tlg_methods" name="script_funs_generates_a_valid_script"/>
    <testcase time="0.0260000000000034" classname="chevron_tlg_methods" name="script_funs_generates_a_valid_script"/>
    <testcase time="0.0129999999999981" classname="chevron_tlg_methods" name="script_funs_works_for_simple_template"/>
    <testcase time="0.00200000000000244" classname="chevron_tlg_methods" name="script_funs_works_for_simple_template"/>
    <testcase time="0.0360000000000014" classname="chevron_tlg_methods" name="print_list_works"/>
    <testcase time="0.0259999999999962" classname="chevron_tlg_methods" name="print_list_works_for_empty_list"/>
  </testsuite>
  <testsuite name="cml02a_gl" timestamp="2025-06-06T14:33:09Z" hostname="48d8de024e53" tests="6" skipped="0" failures="0" errors="0" time="0.549">
    <testcase time="0.0290000000000035" classname="cml02a_gl" name="cml02a_gl_works_with_adcm_dataset"/>
    <testcase time="0.167999999999999" classname="cml02a_gl" name="cml02a_gl_works_with_adcm_dataset"/>
    <testcase time="0.0259999999999962" classname="cml02a_gl" name="cml02a_gl_works_with_missing_data"/>
    <testcase time="0.131" classname="cml02a_gl" name="cml02a_gl_works_with_missing_data"/>
    <testcase time="0.0250000000000057" classname="cml02a_gl" name="cml02a_gl_functions_work_as_expected"/>
    <testcase time="0.169999999999995" classname="cml02a_gl" name="cml02a_gl_functions_work_as_expected"/>
  </testsuite>
  <testsuite name="cmt01a" timestamp="2025-06-06T14:33:10Z" hostname="48d8de024e53" tests="6" skipped="0" failures="0" errors="0" time="3.865">
    <testcase time="1.37" classname="cmt01a" name="cmt01a_functions_with_default_argument_value_return_expected_result_with_test_data"/>
    <testcase time="1.022" classname="cmt01a" name="cmt01a_functions_with_custom_argument_value_return_expected_result_with_test_data"/>
    <testcase time="0.141999999999996" classname="cmt01a" name="cmt01a_can_handle_all_NA_values"/>
    <testcase time="0.166000000000004" classname="cmt01a" name="cmt01a_can_handle_all_NA_values"/>
    <testcase time="0.582999999999998" classname="cmt01a" name="cmt01a_can_handle_some_NA_values"/>
    <testcase time="0.582000000000001" classname="cmt01a" name="cmt01a_can_handle_some_NA_values"/>
  </testsuite>
  <testsuite name="cmt02_pt" timestamp="2025-06-06T14:33:14Z" hostname="48d8de024e53" tests="4" skipped="0" failures="0" errors="0" time="0.616">
    <testcase time="0.103999999999999" classname="cmt02_pt" name="cmt02_pt_can_handle_all_NA_values"/>
    <testcase time="0.139000000000003" classname="cmt02_pt" name="cmt02_pt_can_handle_all_NA_values"/>
    <testcase time="0.144999999999996" classname="cmt02_pt" name="cmt02_pt_can_handle_some_NA_values"/>
    <testcase time="0.228000000000002" classname="cmt02_pt" name="cmt02_pt_can_handle_some_NA_values"/>
  </testsuite>
  <testsuite name="coxt01" timestamp="2025-06-06T14:33:14Z" hostname="48d8de024e53" tests="9" skipped="0" failures="0" errors="0" time="1.743">
    <testcase time="0.317" classname="coxt01" name="coxt01_can_handle_some_NA_values"/>
    <testcase time="0.195" classname="coxt01" name="coxt01_can_handle_some_NA_values"/>
    <testcase time="0.25" classname="coxt01" name="coxt01_can_handle_some_NA_values"/>
    <testcase time="0.194000000000003" classname="coxt01" name="coxt01_can_handle_some_NA_values"/>
    <testcase time="0.192" classname="coxt01" name="coxt01_can_handle_some_NA_values"/>
    <testcase time="0.181999999999995" classname="coxt01" name="coxt01_can_handle_some_NA_values"/>
    <testcase time="0.211000000000006" classname="coxt01" name="coxt01_can_handle_some_NA_values"/>
    <testcase time="0.187999999999995" classname="coxt01" name="coxt01_can_handle_some_NA_values"/>
    <testcase time="0.0140000000000029" classname="coxt01" name="coxt01_fails_on_incomlete_data"/>
  </testsuite>
  <testsuite name="coxt02" timestamp="2025-06-06T14:33:16Z" hostname="48d8de024e53" tests="9" skipped="0" failures="0" errors="0" time="2.254">
    <testcase time="0.418999999999997" classname="coxt02" name="coxt02_can_handle_some_NA_values"/>
    <testcase time="0.242000000000004" classname="coxt02" name="coxt02_can_handle_some_NA_values"/>
    <testcase time="0.395999999999994" classname="coxt02" name="coxt02_can_handle_some_NA_values"/>
    <testcase time="0.235000000000007" classname="coxt02" name="coxt02_can_handle_some_NA_values"/>
    <testcase time="0.264999999999993" classname="coxt02" name="coxt02_can_handle_some_NA_values"/>
    <testcase time="0.193000000000005" classname="coxt02" name="coxt02_can_handle_some_NA_values"/>
    <testcase time="0.295999999999999" classname="coxt02" name="coxt02_can_handle_some_NA_values"/>
    <testcase time="0.194000000000003" classname="coxt02" name="coxt02_can_handle_some_NA_values"/>
    <testcase time="0.0139999999999958" classname="coxt02" name="coxt02_fails_on_incomlete_data"/>
  </testsuite>
  <testsuite name="default_tlg" timestamp="2025-06-06T14:33:18Z" hostname="48d8de024e53" tests="15" skipped="0" failures="0" errors="0" time="11.947">
    <testcase time="0.161999999999999" classname="default_tlg" name="ael01_nollt_function_with_default_argument_value_return_expected_result_with_test_data"/>
    <testcase time="0.585000000000001" classname="default_tlg" name="aet01_function_with_default_argument_value_return_expected_result_with_test_data"/>
    <testcase time="0.503999999999998" classname="default_tlg" name="aet01_aesi_function_with_default_argument_value_return_expected_result_with_test_data"/>
    <testcase time="1.00500000000001" classname="default_tlg" name="aet02_functions_with_default_argument_value_return_expected_result_with_test_data"/>
    <testcase time="2.139" classname="default_tlg" name="aet03_functions_with_default_argument_value_return_expected_result_with_test_data"/>
    <testcase time="3.295" classname="default_tlg" name="aet04_functions_with_default_argument_value_return_expected_result_with_test_data"/>
    <testcase time="0.438000000000002" classname="default_tlg" name="aet05_functions_with_default_argument_value_return_expected_result_with_test_data"/>
    <testcase time="0.446999999999989" classname="default_tlg" name="aet05_all_functions_with_default_argument_value_return_expected_result_with_test_data"/>
    <testcase time="0.326999999999998" classname="default_tlg" name="aet10_functions_with_default_argument_value_return_expected_result_with_test_data"/>
    <testcase time="0.387" classname="default_tlg" name="cmt02_pt_functions_with_default_argument_value_return_expected_result_with_test_data"/>
    <testcase time="0.51700000000001" classname="default_tlg" name="coxt01_functions_with_default_argument_value_return_expected_result_with_test_data"/>
    <testcase time="0.679000000000002" classname="default_tlg" name="coxt02_functions_with_default_argument_value_return_expected_result_with_test_data"/>
    <testcase time="0.668999999999997" classname="default_tlg" name="dmt01_functions_with_default_argument_value_return_expected_result_with_test_data"/>
    <testcase time="0.456999999999994" classname="default_tlg" name="dst01_functions_with_default_argument_value_return_expected_result_with_test_data"/>
    <testcase time="0.335999999999999" classname="default_tlg" name="dtht01_functions_with_default_argument_value_return_expected_result_with_test_data"/>
  </testsuite>
  <testsuite name="dmt01" timestamp="2025-06-06T14:33:30Z" hostname="48d8de024e53" tests="19" skipped="0" failures="0" errors="0" time="4.544">
    <testcase time="0.218000000000004" classname="dmt01" name="dmt01_can_handle_NA_values"/>
    <testcase time="0.350000000000009" classname="dmt01" name="dmt01_can_handle_NA_values"/>
    <testcase time="0.22399999999999" classname="dmt01" name="dmt01_can_handle_numeric_NA_values"/>
    <testcase time="0.617000000000004" classname="dmt01" name="dmt01_can_handle_numeric_NA_values"/>
    <testcase time="0.0150000000000006" classname="dmt01" name="dmt01_returns_an_error_when_variables_are_of_the_wrong_type"/>
    <testcase time="0.152000000000001" classname="dmt01" name="dmt01_works_as_expected_with_setting_default_precision"/>
    <testcase time="0.301999999999992" classname="dmt01" name="dmt01_works_as_expected_with_setting_default_precision"/>
    <testcase time="0.168000000000006" classname="dmt01" name="dmt01_works_as_expected_with_auto_precision_settings"/>
    <testcase time="0.373000000000005" classname="dmt01" name="dmt01_works_as_expected_with_auto_precision_settings"/>
    <testcase time="0.162999999999997" classname="dmt01" name="dmt01_works_as_expected_with_auto_precision_settings_and_defined_precision"/>
    <testcase time="0.346999999999994" classname="dmt01" name="dmt01_works_as_expected_with_auto_precision_settings_and_defined_precision"/>
    <testcase time="0.153000000000006" classname="dmt01" name="dmt01_works_as_expected_with_auto_precision_settings_and_defined_precision_and_default"/>
    <testcase time="0.304000000000002" classname="dmt01" name="dmt01_works_as_expected_with_auto_precision_settings_and_defined_precision_and_default"/>
    <testcase time="0.144999999999996" classname="dmt01" name="dmt01_works_as_expected_with_cutomized_stats_value"/>
    <testcase time="0.269999999999996" classname="dmt01" name="dmt01_works_as_expected_with_cutomized_stats_value"/>
    <testcase time="0.152000000000001" classname="dmt01" name="dmt01_works_as_expected_with_empty_list_as_stats_value"/>
    <testcase time="0.311999999999998" classname="dmt01" name="dmt01_works_as_expected_with_empty_list_as_stats_value"/>
    <testcase time="0.085000000000008" classname="dmt01" name="dmt01_works_as_expected_with_only_one_summaryvars"/>
    <testcase time="0.194000000000003" classname="dmt01" name="dmt01_works_as_expected_with_only_one_summaryvars"/>
  </testsuite>
  <testsuite name="dst01" timestamp="2025-06-06T14:33:35Z" hostname="48d8de024e53" tests="14" skipped="0" failures="0" errors="0" time="2.528">
    <testcase time="0.143000000000001" classname="dst01" name="dst01_works_as_expected_when_all_data_are_NA"/>
    <testcase time="0.070999999999998" classname="dst01" name="dst01_works_as_expected_when_all_data_are_NA"/>
    <testcase time="0.11699999999999" classname="dst01" name="dst01_can_handle_all_NA_values_in_DCSREAS"/>
    <testcase time="0.14800000000001" classname="dst01" name="dst01_can_handle_all_NA_values_in_DCSREAS"/>
    <testcase time="0.167999999999992" classname="dst01" name="dst01_can_handle_some_NA_values"/>
    <testcase time="0.222999999999999" classname="dst01" name="dst01_can_handle_some_NA_values"/>
    <testcase time="0.137" classname="dst01" name="dst01_can_handle_missing_levels_in_status_var"/>
    <testcase time="0.0789999999999935" classname="dst01" name="dst01_can_handle_missing_levels_in_status_var"/>
    <testcase time="0.192000000000007" classname="dst01" name="dst01_can_create_variants"/>
    <testcase time="0.222999999999999" classname="dst01" name="dst01_can_create_variants"/>
    <testcase time="0.233000000000004" classname="dst01" name="dst01_can_create_variants"/>
    <testcase time="0.24499999999999" classname="dst01" name="dst01_can_create_variants"/>
    <testcase time="0.26400000000001" classname="dst01" name="dst01_can_create_variants"/>
    <testcase time="0.284999999999997" classname="dst01" name="dst01_can_create_variants"/>
  </testsuite>
  <testsuite name="dtht01" timestamp="2025-06-06T14:33:37Z" hostname="48d8de024e53" tests="5" skipped="0" failures="0" errors="0" time="1.449">
    <testcase time="0.0990000000000038" classname="dtht01" name="dtht01_can_handle_all_NA_values"/>
    <testcase time="0.175999999999988" classname="dtht01" name="dtht01_can_handle_all_NA_values"/>
    <testcase time="0.234000000000009" classname="dtht01" name="dtht01_can_handle_some_NA_values"/>
    <testcase time="0.349000000000004" classname="dtht01" name="dtht01_can_handle_some_NA_values"/>
    <testcase time="0.590999999999994" classname="dtht01" name="dtht01_can_be_parametrize_as_expected"/>
  </testsuite>
  <testsuite name="egt01" timestamp="2025-06-06T14:33:39Z" hostname="48d8de024e53" tests="3" skipped="0" failures="0" errors="0" time="6.978">
    <testcase time="3.473" classname="egt01" name="egt01_functions_with_default_argument_value_return_expected_result_with_test_data"/>
    <testcase time="1.32300000000001" classname="egt01" name="egt01_can_handle_n_0_and_outputs_NE_instead_of_infs_and_NAs"/>
    <testcase time="2.18199999999999" classname="egt01" name="egt01_can_handle_n_0_and_outputs_NE_instead_of_infs_and_NAs"/>
  </testsuite>
  <testsuite name="egt02" timestamp="2025-06-06T14:33:46Z" hostname="48d8de024e53" tests="2" skipped="0" failures="0" errors="0" time="0.685">
    <testcase time="0.349000000000004" classname="egt02" name="egt02_1_functions_with_default_argument_value_return_expected_result_with_test_data"/>
    <testcase time="0.335999999999999" classname="egt02" name="egt02_2_functions_with_default_value_return_expected_result_with_test_data"/>
  </testsuite>
  <testsuite name="egt03" timestamp="2025-06-06T14:33:46Z" hostname="48d8de024e53" tests="5" skipped="0" failures="0" errors="0" time="3.433">
    <testcase time="1.70700000000001" classname="egt03" name="egt03_functions_with_default_argument_value_return_expected_result_with_test_data"/>
    <testcase time="0.019999999999996" classname="egt03" name="egt03_errors_on_all_NA_values"/>
    <testcase time="0.558999999999997" classname="egt03" name="egt03_can_handle_some_NA_values"/>
    <testcase time="1.131" classname="egt03" name="egt03_can_handle_some_NA_values"/>
    <testcase time="0.0160000000000053" classname="egt03" name="egt03_fails_on_incomplete_data"/>
  </testsuite>
  <testsuite name="egt05_qtcat" timestamp="2025-06-06T14:33:50Z" hostname="48d8de024e53" tests="4" skipped="0" failures="0" errors="0" time="3.644">
    <testcase time="2.462" classname="egt05_qtcat" name="egt05_qtcat_functions_with_default_argument_value_return_expected_result_with_test_data"/>
    <testcase time="0.0169999999999959" classname="egt05_qtcat" name="egt05_qtcat_erros_on_all_NA_values"/>
    <testcase time="0.396000000000001" classname="egt05_qtcat" name="egt05_qtcat_can_handle_some_NA_values"/>
    <testcase time="0.768999999999991" classname="egt05_qtcat" name="egt05_qtcat_can_handle_some_NA_values"/>
  </testsuite>
  <testsuite name="empty_report" timestamp="2025-06-06T14:33:53Z" hostname="48d8de024e53" tests="25" skipped="0" failures="0" errors="0" time="2.837">
    <testcase time="0.103000000000009" classname="empty_report" name="tlg_functions_return_null_reports_when_domain_table_is_empty"/>
    <testcase time="0.266999999999996" classname="empty_report" name="tlg_functions_return_null_reports_when_domain_table_is_empty"/>
    <testcase time="0.189000000000007" classname="empty_report" name="tlg_functions_return_null_reports_when_domain_table_is_empty"/>
    <testcase time="0.10799999999999" classname="empty_report" name="tlg_functions_return_null_reports_when_domain_table_is_empty"/>
    <testcase time="0.109999999999999" classname="empty_report" name="tlg_functions_return_null_reports_when_domain_table_is_empty"/>
    <testcase time="0.0679999999999978" classname="empty_report" name="tlg_functions_return_null_reports_when_domain_table_is_empty"/>
    <testcase time="0.115000000000009" classname="empty_report" name="tlg_functions_return_null_reports_when_domain_table_is_empty"/>
    <testcase time="0.155999999999992" classname="empty_report" name="tlg_functions_return_null_reports_when_domain_table_is_empty"/>
    <testcase time="0.178000000000011" classname="empty_report" name="tlg_functions_return_null_reports_when_domain_table_is_empty"/>
    <testcase time="0.0879999999999939" classname="empty_report" name="tlg_functions_return_null_reports_when_domain_table_is_empty"/>
    <testcase time="0.105999999999995" classname="empty_report" name="tlg_functions_return_null_reports_when_domain_table_is_empty"/>
    <testcase time="0.0530000000000115" classname="empty_report" name="tlg_functions_return_null_reports_when_domain_table_is_empty"/>
    <testcase time="0.0519999999999925" classname="empty_report" name="tlg_functions_return_null_reports_when_domain_table_is_empty"/>
    <testcase time="0.0760000000000076" classname="empty_report" name="tlg_functions_return_null_reports_when_domain_table_is_empty"/>
    <testcase time="0.0699999999999932" classname="empty_report" name="tlg_functions_return_null_reports_when_domain_table_is_empty"/>
    <testcase time="0.0870000000000033" classname="empty_report" name="tlg_functions_return_null_reports_when_domain_table_is_empty"/>
    <testcase time="0.0819999999999936" classname="empty_report" name="tlg_functions_return_null_reports_when_domain_table_is_empty"/>
    <testcase time="0.109000000000009" classname="empty_report" name="tlg_functions_return_null_reports_when_domain_table_is_empty"/>
    <testcase time="0.315999999999988" classname="empty_report" name="tlg_functions_return_null_reports_when_domain_table_is_empty"/>
    <testcase time="0.101000000000013" classname="empty_report" name="tlg_functions_return_null_reports_when_domain_table_is_empty"/>
    <testcase time="0.0929999999999893" classname="empty_report" name="tlg_functions_return_null_reports_when_domain_table_is_empty"/>
    <testcase time="0.097999999999999" classname="empty_report" name="tlg_functions_return_null_reports_when_domain_table_is_empty"/>
    <testcase time="0.100000000000009" classname="empty_report" name="tlg_functions_return_null_reports_when_domain_table_is_empty"/>
    <testcase time="0.0589999999999975" classname="empty_report" name="tlg_functions_return_null_reports_when_domain_table_is_empty"/>
    <testcase time="0.0529999999999973" classname="empty_report" name="tlg_functions_return_null_reports_when_domain_table_is_empty"/>
  </testsuite>
  <testsuite name="ext01" timestamp="2025-06-06T14:33:56Z" hostname="48d8de024e53" tests="11" skipped="0" failures="0" errors="0" time="6.187">
    <testcase time="0.548000000000002" classname="ext01" name="ext01_functions_with_default_argument_value_return_expected_result_with_test_data"/>
    <testcase time="0.588999999999999" classname="ext01" name="ext01_functions_with_categorical_data_return_expected_result_with_test_data"/>
    <testcase time="0.213999999999999" classname="ext01" name="ext01_works"/>
    <testcase time="0.338999999999999" classname="ext01" name="ext01_works"/>
    <testcase time="0.212000000000003" classname="ext01" name="ext01_works"/>
    <testcase time="0.338999999999999" classname="ext01" name="ext01_works"/>
    <testcase time="0.594999999999999" classname="ext01" name="ext01_works_for_selected_parameters_and_categorical_variables"/>
    <testcase time="0.914000000000001" classname="ext01" name="ext01_works_with_custom_mapping_order"/>
    <testcase time="0.899000000000001" classname="ext01" name="ext01_works_with_custom_mapping_order_for_a_single_split"/>
    <testcase time="0.980000000000004" classname="ext01" name="ext01_works_with_custom_mapping_fill_in_value"/>
    <testcase time="0.557999999999993" classname="ext01" name="ext01_precision_argument_works_as_expected"/>
  </testsuite>
  <testsuite name="fstg01" timestamp="2025-06-06T14:34:02Z" hostname="48d8de024e53" tests="13" skipped="0" failures="0" errors="0" time="7.435">
    <testcase time="0.0130000000000052" classname="fstg01" name="fstg01_works_as_expected"/>
    <testcase time="1.429" classname="fstg01" name="fstg01_works_as_expected"/>
    <testcase time="0.00399999999999068" classname="fstg01" name="fstg01_works_as_expected"/>
    <testcase time="1.42700000000001" classname="fstg01" name="fstg01_works_as_expected_with_custom_color_set"/>
    <testcase time="0.00400000000000489" classname="fstg01" name="fstg01_works_as_expected_with_custom_color_set"/>
    <testcase time="1.405" classname="fstg01" name="fstg01_works_as_expected_with_custom_color_set"/>
    <testcase time="0.00399999999999068" classname="fstg01" name="fstg01_works_as_expected_with_custom_color_set"/>
    <testcase time="0.731000000000009" classname="fstg01" name="fstg01_works_if_changes_are_in_subgroups_conf_level_and_label_all"/>
    <testcase time="0.00499999999999545" classname="fstg01" name="fstg01_works_if_changes_are_in_subgroups_conf_level_and_label_all"/>
    <testcase time="0.974000000000004" classname="fstg01" name="fstg01_works_if_changes_are_in_subgroups_conf_level_and_label_all"/>
    <testcase time="0.00300000000000011" classname="fstg01" name="fstg01_works_if_changes_are_in_subgroups_conf_level_and_label_all"/>
    <testcase time="1.432" classname="fstg01" name="fstg01_can_handle_some_NA_values_in_subgroups"/>
    <testcase time="0.00399999999999068" classname="fstg01" name="fstg01_can_handle_some_NA_values_in_subgroups"/>
  </testsuite>
  <testsuite name="fstg02" timestamp="2025-06-06T14:34:10Z" hostname="48d8de024e53" tests="9" skipped="0" failures="0" errors="0" time="9.447">
    <testcase time="0.0130000000000052" classname="fstg02" name="fstg02_works_as_expected"/>
    <testcase time="1.548" classname="fstg02" name="fstg02_works_as_expected"/>
    <testcase time="1.256" classname="fstg02" name="fstg02_works_as_expected_with_custom_color_set"/>
    <testcase time="1.271" classname="fstg02" name="fstg02_works_as_expected_with_custom_color_set"/>
    <testcase time="0.614999999999995" classname="fstg02" name="fstg02_works_if_changes_are_in_subgroups_strata_var_conf_level_and_label_all"/>
    <testcase time="0.861999999999995" classname="fstg02" name="fstg02_works_if_changes_are_in_subgroups_strata_var_conf_level_and_label_all"/>
    <testcase time="1.292" classname="fstg02" name="fstg02_can_handle_some_NA_values_in_subgroups"/>
    <testcase time="1.295" classname="fstg02" name="fstg02_can_handle_customized_time_units"/>
    <testcase time="1.295" classname="fstg02" name="fstg02_can_handle_customized_time_units"/>
  </testsuite>
  <testsuite name="kmg01" timestamp="2025-06-06T14:34:19Z" hostname="48d8de024e53" tests="13" skipped="0" failures="0" errors="0" time="2.391">
    <testcase time="0.0279999999999916" classname="kmg01" name="kmg01_works_as_expected"/>
    <testcase time="0.404000000000011" classname="kmg01" name="kmg01_works_as_expected"/>
    <testcase time="0.00300000000000011" classname="kmg01" name="kmg01_works_as_expected"/>
    <testcase time="0.416999999999987" classname="kmg01" name="kmg01_works_as_expected_with_custom_color_set"/>
    <testcase time="0.00300000000000011" classname="kmg01" name="kmg01_works_as_expected_with_custom_color_set"/>
    <testcase time="0.411000000000001" classname="kmg01" name="kmg01_works_as_expected_with_custom_color_set"/>
    <testcase time="0.00300000000000011" classname="kmg01" name="kmg01_works_as_expected_with_custom_color_set"/>
    <testcase time="0.406000000000006" classname="kmg01" name="kmg01_works_if_change_pvalue_ties_and_conf_level"/>
    <testcase time="0.00300000000000011" classname="kmg01" name="kmg01_works_if_change_pvalue_ties_and_conf_level"/>
    <testcase time="0.429000000000002" classname="kmg01" name="kmg01_works_if_change_annotation_position"/>
    <testcase time="0.00300000000000011" classname="kmg01" name="kmg01_works_if_change_annotation_position"/>
    <testcase time="0.277999999999992" classname="kmg01" name="kmg01_works_for_stratified_analysis"/>
    <testcase time="0.00300000000000011" classname="kmg01" name="kmg01_works_for_stratified_analysis"/>
  </testsuite>
  <testsuite name="lbt01" timestamp="2025-06-06T14:34:22Z" hostname="48d8de024e53" tests="4" skipped="0" failures="0" errors="0" time="10.418">
    <testcase time="3.54599999999999" classname="lbt01" name="lbt01_functions_with_default_argument_value_return_expected_result_with_test_data"/>
    <testcase time="3.81900000000002" classname="lbt01" name="lbt01_functions_with_row_split_var_return_expected_result_with_test_data"/>
    <testcase time="1" classname="lbt01" name="lbt01_can_handle_n_0_and_outputs_NE_instead_of_infs_and_NAs"/>
    <testcase time="2.053" classname="lbt01" name="lbt01_can_handle_n_0_and_outputs_NE_instead_of_infs_and_NAs"/>
  </testsuite>
  <testsuite name="lbt04" timestamp="2025-06-06T14:34:32Z" hostname="48d8de024e53" tests="8" skipped="0" failures="0" errors="0" time="3.006">
    <testcase time="0.933999999999997" classname="lbt04" name="lbt04_functions_with_default_argument_value_return_expected_result_with_test_data"/>
    <testcase time="0.0860000000000127" classname="lbt04" name="lbt04_can_handle_all_NA_values"/>
    <testcase time="0.0719999999999743" classname="lbt04" name="lbt04_can_handle_all_NA_values"/>
    <testcase time="0.301000000000016" classname="lbt04" name="lbt04_can_handle_missing_levels"/>
    <testcase time="0.638000000000005" classname="lbt04" name="lbt04_can_handle_missing_levels"/>
    <testcase time="0.299999999999983" classname="lbt04" name="lbt04_can_handle_some_NA_values"/>
    <testcase time="0.659999999999997" classname="lbt04" name="lbt04_can_handle_some_NA_values"/>
    <testcase time="0.0150000000000148" classname="lbt04" name="lbt04_fails_on_incomlete_data"/>
  </testsuite>
  <testsuite name="lbt05" timestamp="2025-06-06T14:34:35Z" hostname="48d8de024e53" tests="14" skipped="0" failures="0" errors="0" time="4.787">
    <testcase time="0.716999999999985" classname="lbt05" name="lbt05_functions_with_default_argument_value_return_expected_result_with_test_data"/>
    <testcase time="0.371000000000009" classname="lbt05" name="lbt05_functions_with_default_argument_value_return_expected_result_with_test_data"/>
    <testcase time="0.313999999999993" classname="lbt05" name="lbt05_give_all_0_count_if_ANRIND_are_all_missing"/>
    <testcase time="0.306000000000012" classname="lbt05" name="lbt05_can_handle_some_NA_values"/>
    <testcase time="0.405000000000001" classname="lbt05" name="lbt05_can_handle_some_NA_values"/>
    <testcase time="0.032999999999987" classname="lbt05" name="lbt05_fails_on_incomlete_data"/>
    <testcase time="0.308000000000021" classname="lbt05" name="lbt05_works_with_missing_levels"/>
    <testcase time="0.406999999999982" classname="lbt05" name="lbt05_works_with_missing_levels"/>
    <testcase time="0.25200000000001" classname="lbt05" name="map_argument_works_as_expected"/>
    <testcase time="0.322000000000003" classname="lbt05" name="map_argument_works_as_expected"/>
    <testcase time="0.281000000000006" classname="lbt05" name="incomplete_map_argument_works_as_expected"/>
    <testcase time="0.37299999999999" classname="lbt05" name="incomplete_map_argument_works_as_expected"/>
    <testcase time="0.310000000000002" classname="lbt05" name="prune_0_keeps_the_Any_Abnormaility_row"/>
    <testcase time="0.388000000000005" classname="lbt05" name="prune_0_keeps_the_Any_Abnormaility_row"/>
  </testsuite>
  <testsuite name="lbt06" timestamp="2025-06-06T14:34:40Z" hostname="48d8de024e53" tests="3" skipped="0" failures="0" errors="0" time="3.852">
    <testcase time="0.98399999999998" classname="lbt06" name="lbt06_gives_all_0_count_if_ANRIND_and_BNRIND_are_all_missing"/>
    <testcase time="2.83600000000001" classname="lbt06" name="lbt06_can_handle_some_NA_values"/>
    <testcase time="0.0320000000000107" classname="lbt06" name="lbt06_fails_on_incomplete_data"/>
  </testsuite>
  <testsuite name="lbt07" timestamp="2025-06-06T14:34:44Z" hostname="48d8de024e53" tests="4" skipped="0" failures="0" errors="0" time="1.837">
    <testcase time="0.909999999999997" classname="lbt07" name="lbt07_functions_with_default_argument_value_return_expected_result_with_test_data"/>
    <testcase time="0.396999999999991" classname="lbt07" name="lbt07_can_handle_some_NA_values"/>
    <testcase time="0.495999999999981" classname="lbt07" name="lbt07_can_handle_some_NA_values"/>
    <testcase time="0.0340000000000202" classname="lbt07" name="lbt07_fails_on_incomlete_data"/>
  </testsuite>
  <testsuite name="lbt14" timestamp="2025-06-06T14:34:46Z" hostname="48d8de024e53" tests="20" skipped="0" failures="0" errors="0" time="8.033">
    <testcase time="0.930999999999983" classname="lbt14" name="lbt14_functions_with_default_argument_value_return_expected_result_with_test_data"/>
    <testcase time="0.477000000000004" classname="lbt14" name="lbt14_functions_with_default_argument_value_return_expected_result_with_test_data_when_direction_high"/>
    <testcase time="0.578000000000003" classname="lbt14" name="lbt14_functions_with_gr_missing_excl_return_expected_result_with_test_data"/>
    <testcase time="0.573000000000008" classname="lbt14" name="lbt14_functions_with_gr_missing_gr_0_return_expected_result_with_test_data"/>
    <testcase time="0.369" classname="lbt14" name="lbt14_can_handle_all_NA_values"/>
    <testcase time="0.131999999999977" classname="lbt14" name="lbt14_can_handle_all_NA_values"/>
    <testcase time="0.39500000000001" classname="lbt14" name="lbt14_can_handle_some_NA_values"/>
    <testcase time="0.307999999999993" classname="lbt14" name="lbt14_can_handle_some_NA_values"/>
    <testcase time="1.304" classname="lbt14" name="lbt14_can_accept_different_gr_missing"/>
    <testcase time="0.262" classname="lbt14" name="lbt14_can_accept_different_gr_missing"/>
    <testcase time="0.260000000000019" classname="lbt14" name="lbt14_can_accept_different_gr_missing"/>
    <testcase time="0.0179999999999723" classname="lbt14" name="lbt14_fails_on_incomlete_data"/>
    <testcase time="0.356000000000023" classname="lbt14" name="lbt14_can_handle_all_NA_values_with_direction_high"/>
    <testcase time="0.135999999999996" classname="lbt14" name="lbt14_can_handle_all_NA_values_with_direction_high"/>
    <testcase time="0.371999999999986" classname="lbt14" name="lbt14_can_handle_some_NA_values_with_direction_high"/>
    <testcase time="0.171000000000021" classname="lbt14" name="lbt14_can_handle_some_NA_values_with_direction_high"/>
    <testcase time="1.095" classname="lbt14" name="lbt14_can_accept_different_gr_missing_with_direction_high"/>
    <testcase time="0.138999999999982" classname="lbt14" name="lbt14_can_accept_different_gr_missing_with_direction_high"/>
    <testcase time="0.14100000000002" classname="lbt14" name="lbt14_can_accept_different_gr_missing_with_direction_high"/>
    <testcase time="0.0159999999999911" classname="lbt14" name="lbt14_fails_on_incomlete_data"/>
  </testsuite>
  <testsuite name="lbt15" timestamp="2025-06-06T14:34:54Z" hostname="48d8de024e53" tests="12" skipped="0" failures="0" errors="0" time="6">
    <testcase time="0.97999999999999" classname="lbt15" name="lbt15_functions_with_default_argument_value_return_expected_result_with_test_data"/>
    <testcase time="0.307000000000016" classname="lbt15" name="lbt15_can_handle_all_NA_values"/>
    <testcase time="0.682999999999993" classname="lbt15" name="lbt15_can_handle_all_NA_values"/>
    <testcase time="0.310000000000002" classname="lbt15" name="lbt15_can_handle_missing_levels"/>
    <testcase time="0.668000000000006" classname="lbt15" name="lbt15_can_handle_missing_levels"/>
    <testcase time="0.316999999999979" classname="lbt15" name="lbt15_can_handle_missing_levels_in_baseline"/>
    <testcase time="0.676000000000016" classname="lbt15" name="lbt15_can_handle_missing_levels_in_baseline"/>
    <testcase time="0.317000000000007" classname="lbt15" name="lbt15_can_handle_some_NA_values"/>
    <testcase time="0.707999999999998" classname="lbt15" name="lbt15_can_handle_some_NA_values"/>
    <testcase time="0.322000000000003" classname="lbt15" name="lbt15_can_handle_some_NA_values_in_baseline"/>
    <testcase time="0.695999999999998" classname="lbt15" name="lbt15_can_handle_some_NA_values_in_baseline"/>
    <testcase time="0.0159999999999911" classname="lbt15" name="lbt15_fails_on_incomlete_data"/>
  </testsuite>
  <testsuite name="mht01" timestamp="2025-06-06T14:35:00Z" hostname="48d8de024e53" tests="4" skipped="0" failures="0" errors="0" time="3.388">
    <testcase time="0.704999999999984" classname="mht01" name="mht01_functions_with_default_argument_value_return_expected_result_with_test_data"/>
    <testcase time="0.694000000000017" classname="mht01" name="mht01_works"/>
    <testcase time="0.697000000000003" classname="mht01" name="mht01_works_on_NULL_in_lbl_mhbodsys_or_lbl_mhdecod"/>
    <testcase time="1.292" classname="mht01" name="mht01_works_with_other_row_split_var"/>
  </testsuite>
  <testsuite name="mng01" timestamp="2025-06-06T14:35:03Z" hostname="48d8de024e53" tests="19" skipped="8" failures="0" errors="0" time="9.097">
    <testcase time="1.01900000000001" classname="mng01" name="mng01_works_as_expected_with_default_argument_values"/>
    <testcase time="0.000999999999976353" classname="mng01" name="mng01_works_as_expected_with_default_argument_values">
      <skipped message="Reason: On CI ('test-mng01.R:9:5')"/>
    </testcase>
    <testcase time="1.02600000000001" classname="mng01" name="mng01_works_as_expected_with_custom_argument_values"/>
    <testcase time="0.0109999999999957" classname="mng01" name="mng01_works_as_expected_with_custom_argument_values"/>
    <testcase time="0.00100000000000477" classname="mng01" name="mng01_works_as_expected_with_custom_argument_values">
      <skipped message="Reason: On CI ('test-mng01.R:45:5')"/>
    </testcase>
    <testcase time="1.15100000000001" classname="mng01" name="mng01_works_as_expected_with_custom_color_set"/>
    <testcase time="0.926999999999992" classname="mng01" name="mng01_works_as_expected_with_custom_color_set"/>
    <testcase time="0.00100000000000477" classname="mng01" name="mng01_works_as_expected_with_custom_color_set">
      <skipped message="Reason: On CI ('test-mng01.R:69:5')"/>
    </testcase>
    <testcase time="0.95999999999998" classname="mng01" name="mng01_works_as_expected_with_custom_line_type_set"/>
    <testcase time="0.971000000000004" classname="mng01" name="mng01_works_as_expected_with_custom_line_type_set"/>
    <testcase time="0.00100000000000477" classname="mng01" name="mng01_works_as_expected_with_custom_line_type_set">
      <skipped message="Reason: On CI ('test-mng01.R:91:5')"/>
    </testcase>
    <testcase time="0.158999999999992" classname="mng01" name="mng01_works_with_table_NULL"/>
    <testcase time="0.00100000000000477" classname="mng01" name="mng01_works_with_table_NULL">
      <skipped message="Reason: On CI ('test-mng01.R:104:5')"/>
    </testcase>
    <testcase time="0.963999999999999" classname="mng01" name="mng01_works_with_combination_of_x_variables"/>
    <testcase time="0.00200000000000955" classname="mng01" name="mng01_works_with_combination_of_x_variables">
      <skipped message="Reason: On CI ('test-mng01.R:122:5')"/>
    </testcase>
    <testcase time="0.917000000000002" classname="mng01" name="mng01_works_with_numeric_x_variable"/>
    <testcase time="0.00100000000000477" classname="mng01" name="mng01_works_with_numeric_x_variable">
      <skipped message="Reason: On CI ('test-mng01.R:143:5')"/>
    </testcase>
    <testcase time="0.983000000000004" classname="mng01" name="mng01_works_with_numeric_jitter"/>
    <testcase time="0.000999999999976353" classname="mng01" name="mng01_works_with_numeric_jitter">
      <skipped message="Reason: On CI ('test-mng01.R:161:5')"/>
    </testcase>
  </testsuite>
  <testsuite name="pdt01" timestamp="2025-06-06T14:35:12Z" hostname="48d8de024e53" tests="5" skipped="0" failures="0" errors="0" time="1.198">
    <testcase time="0.468000000000018" classname="pdt01" name="pdt01_function_with_default_argument_value_return_expected_result_with_test_data"/>
    <testcase time="0.100999999999999" classname="pdt01" name="pdt01_can_handle_all_NA_values"/>
    <testcase time="0.163999999999987" classname="pdt01" name="pdt01_can_handle_all_NA_values"/>
    <testcase time="0.209000000000003" classname="pdt01" name="pdt01_can_handle_some_NA_values"/>
    <testcase time="0.256" classname="pdt01" name="pdt01_can_handle_some_NA_values"/>
  </testsuite>
  <testsuite name="pdt02" timestamp="2025-06-06T14:35:13Z" hostname="48d8de024e53" tests="5" skipped="0" failures="0" errors="0" time="0.964">
    <testcase time="0.318000000000012" classname="pdt02" name="pdt02_function_with_default_argument_value_return_expected_result_with_test_data"/>
    <testcase time="0.134999999999991" classname="pdt02" name="pdt02_can_handle_all_NA_values"/>
    <testcase time="0.182999999999993" classname="pdt02" name="pdt02_can_handle_all_NA_values"/>
    <testcase time="0.135000000000019" classname="pdt02" name="pdt02_can_handle_some_NA_values"/>
    <testcase time="0.192999999999984" classname="pdt02" name="pdt02_can_handle_some_NA_values"/>
  </testsuite>
  <testsuite name="reexports" timestamp="2025-06-06T14:35:14Z" hostname="48d8de024e53" tests="2" skipped="0" failures="0" errors="0" time="0.015">
    <testcase time="0.00900000000001455" classname="reexports" name="with_label_exported_correctly"/>
    <testcase time="0.00600000000000023" classname="reexports" name="reformat_exported_correctly"/>
  </testsuite>
  <testsuite name="report_null" timestamp="2025-06-06T14:35:14Z" hostname="48d8de024e53" tests="12" skipped="0" failures="0" errors="0" time="0.172">
    <testcase time="0.0159999999999911" classname="report_null" name="report_null_works_as_expected_with_NULL_"/>
    <testcase time="0.0109999999999957" classname="report_null" name="report_null_works_as_expected_with_NULL_"/>
    <testcase time="0.0320000000000107" classname="report_null" name="report_null_works_as_expected_with_VTableTree_"/>
    <testcase time="0.0219999999999914" classname="report_null" name="report_null_works_as_expected_with_VTableTree_"/>
    <testcase time="0.0109999999999957" classname="report_null" name="report_null_works_as_expected_with_VTableTree_"/>
    <testcase time="0.00800000000000978" classname="report_null" name="report_null_works_as_expected_with_listing_df_"/>
    <testcase time="0.0200000000000102" classname="report_null" name="report_null_works_as_expected_with_listing_df_"/>
    <testcase time="0.0139999999999816" classname="report_null" name="report_null_works_as_expected_with_listing_df_"/>
    <testcase time="0.00900000000001455" classname="report_null" name="report_null_works_as_expected_with_list_"/>
    <testcase time="0.0209999999999866" classname="report_null" name="report_null_works_as_expected_with_list_"/>
    <testcase time="0.00499999999999545" classname="report_null" name="report_null_works_as_expected_with_by_default"/>
    <testcase time="0.00300000000001432" classname="report_null" name="report_null_works_as_expected_with_by_default"/>
  </testsuite>
  <testsuite name="rmpt01" timestamp="2025-06-06T14:35:14Z" hostname="48d8de024e53" tests="11" skipped="0" failures="0" errors="0" time="1.541">
    <testcase time="0.206999999999994" classname="rmpt01" name="rmpt01_function_with_default_argument_value_return_expected_result_with_test_data"/>
    <testcase time="0.0860000000000127" classname="rmpt01" name="rmpt01_can_handle_NA_values"/>
    <testcase time="0.143000000000001" classname="rmpt01" name="rmpt01_can_handle_NA_values"/>
    <testcase time="0.145999999999987" classname="rmpt01" name="rmpt01_can_handle_NA_values"/>
    <testcase time="0.26400000000001" classname="rmpt01" name="rmpt01_can_handle_NA_values"/>
    <testcase time="0.0660000000000025" classname="rmpt01" name="rmpt01_can_handle_some_NA_values"/>
    <testcase time="0.143999999999977" classname="rmpt01" name="rmpt01_can_handle_some_NA_values"/>
    <testcase time="0.146000000000015" classname="rmpt01" name="rmpt01_can_handle_some_NA_values"/>
    <testcase time="0.266999999999996" classname="rmpt01" name="rmpt01_can_handle_some_NA_values"/>
    <testcase time="0.032999999999987" classname="rmpt01" name="rmpt01_fails_on_incomlete_data"/>
    <testcase time="0.0390000000000157" classname="rmpt01" name="rmpt01_fails_on_incomlete_data"/>
  </testsuite>
  <testsuite name="rmpt03" timestamp="2025-06-06T14:35:16Z" hostname="48d8de024e53" tests="12" skipped="0" failures="0" errors="0" time="2.273">
    <testcase time="0.359000000000009" classname="rmpt03" name="rmpt03_function_with_default_argument_value_return_expected_result_with_test_data"/>
    <testcase time="0.131" classname="rmpt03" name="rmpt03_can_handle_NA_values"/>
    <testcase time="0.238999999999976" classname="rmpt03" name="rmpt03_can_handle_NA_values"/>
    <testcase time="0.210000000000008" classname="rmpt03" name="rmpt03_can_handle_NA_values"/>
    <testcase time="0.329000000000008" classname="rmpt03" name="rmpt03_can_handle_NA_values"/>
    <testcase time="0.131" classname="rmpt03" name="rmpt03_can_handle_some_NA_values"/>
    <testcase time="0.222999999999985" classname="rmpt03" name="rmpt03_can_handle_some_NA_values"/>
    <testcase time="0.233000000000004" classname="rmpt03" name="rmpt03_can_handle_some_NA_values"/>
    <testcase time="0.323000000000008" classname="rmpt03" name="rmpt03_can_handle_some_NA_values"/>
    <testcase time="0.0349999999999966" classname="rmpt03" name="rmpt03_fails_on_incomlete_data"/>
    <testcase time="0.0420000000000016" classname="rmpt03" name="rmpt03_fails_on_incomlete_data"/>
    <testcase time="0.0180000000000007" classname="rmpt03" name="rmpt03_fails_on_incomlete_data"/>
  </testsuite>
  <testsuite name="rmpt04" timestamp="2025-06-06T14:35:18Z" hostname="48d8de024e53" tests="10" skipped="0" failures="0" errors="0" time="1.094">
    <testcase time="0.201999999999998" classname="rmpt04" name="rmpt04_function_with_default_argument_value_return_expected_result_with_test_data"/>
    <testcase time="0.0690000000000168" classname="rmpt04" name="rmpt04_can_handle_NA_values"/>
    <testcase time="0.128999999999991" classname="rmpt04" name="rmpt04_can_handle_NA_values"/>
    <testcase time="0.0720000000000027" classname="rmpt04" name="rmpt04_can_handle_NA_values"/>
    <testcase time="0.138999999999982" classname="rmpt04" name="rmpt04_can_handle_NA_values"/>
    <testcase time="0.0620000000000118" classname="rmpt04" name="rmpt04_can_handle_some_NA_values"/>
    <testcase time="0.13900000000001" classname="rmpt04" name="rmpt04_can_handle_some_NA_values"/>
    <testcase time="0.078000000000003" classname="rmpt04" name="rmpt04_can_handle_some_NA_values"/>
    <testcase time="0.146999999999991" classname="rmpt04" name="rmpt04_can_handle_some_NA_values"/>
    <testcase time="0.0569999999999879" classname="rmpt04" name="rmpt04_fails_on_incomlete_data"/>
  </testsuite>
  <testsuite name="rmpt05" timestamp="2025-06-06T14:35:19Z" hostname="48d8de024e53" tests="10" skipped="0" failures="0" errors="0" time="1.168">
    <testcase time="0.224999999999994" classname="rmpt05" name="rmpt05_function_with_default_argument_value_return_expected_result_with_test_data"/>
    <testcase time="0.0680000000000121" classname="rmpt05" name="rmpt05_can_handle_NA_values"/>
    <testcase time="0.147999999999996" classname="rmpt05" name="rmpt05_can_handle_NA_values"/>
    <testcase time="0.070999999999998" classname="rmpt05" name="rmpt05_can_handle_NA_values"/>
    <testcase time="0.146000000000015" classname="rmpt05" name="rmpt05_can_handle_NA_values"/>
    <testcase time="0.070999999999998" classname="rmpt05" name="rmpt05_can_handle_some_NA_values"/>
    <testcase time="0.146999999999991" classname="rmpt05" name="rmpt05_can_handle_some_NA_values"/>
    <testcase time="0.0769999999999982" classname="rmpt05" name="rmpt05_can_handle_some_NA_values"/>
    <testcase time="0.158999999999992" classname="rmpt05" name="rmpt05_can_handle_some_NA_values"/>
    <testcase time="0.0560000000000116" classname="rmpt05" name="rmpt05_fails_on_incomlete_data"/>
  </testsuite>
  <testsuite name="rmpt06" timestamp="2025-06-06T14:35:21Z" hostname="48d8de024e53" tests="6" skipped="0" failures="0" errors="0" time="2.251">
    <testcase time="0.608000000000004" classname="rmpt06" name="rmpt06_works_as_expected"/>
    <testcase time="0.659999999999997" classname="rmpt06" name="rmpt06_works_as_expected_with_show_diff_TRUE"/>
    <testcase time="0.25" classname="rmpt06" name="rmpt06_can_handle_all_NA_values"/>
    <testcase time="0.323000000000008" classname="rmpt06" name="rmpt06_can_handle_all_NA_values"/>
    <testcase time="0.248999999999995" classname="rmpt06" name="rmpt06_can_handle_all_NA_values"/>
    <testcase time="0.161000000000001" classname="rmpt06" name="rmpt06_can_handle_all_NA_values"/>
  </testsuite>
  <testsuite name="rspt01" timestamp="2025-06-06T14:35:23Z" hostname="48d8de024e53" tests="27" skipped="0" failures="0" errors="0" time="7.455">
    <testcase time="0.0169999999999959" classname="rspt01" name="rspt01_works_as_expected"/>
    <testcase time="0.317999999999984" classname="rspt01" name="rspt01_works_as_expected"/>
    <testcase time="0.28400000000002" classname="rspt01" name="rspt01_works_as_expected"/>
    <testcase time="0.546999999999997" classname="rspt01" name="rspt01_works_as_expected_for_stratified_and_unstratified_analysis"/>
    <testcase time="0.304000000000002" classname="rspt01" name="rspt01_works_as_expected_for_stratified_and_unstratified_analysis"/>
    <testcase time="0.320999999999998" classname="rspt01" name="rspt01_works_as_expected_for_stratified_and_unstratified_analysis"/>
    <testcase time="0.294999999999987" classname="rspt01" name="rspt01_works_as_expected_for_stratified_and_unstratified_analysis"/>
    <testcase time="0.236999999999995" classname="rspt01" name="rspt01_works_as_expected_for_unstratified_analysis_only"/>
    <testcase time="0.236000000000018" classname="rspt01" name="rspt01_works_as_expected_for_unstratified_analysis_only"/>
    <testcase time="0.251999999999981" classname="rspt01" name="rspt01_works_as_expected_for_unstratified_analysis_only"/>
    <testcase time="0.247000000000014" classname="rspt01" name="rspt01_works_as_expected_for_unstratified_analysis_only"/>
    <testcase time="0.236999999999995" classname="rspt01" name="rspt01_works_as_expected_for_stratified_analysis_only"/>
    <testcase time="0.236000000000018" classname="rspt01" name="rspt01_works_as_expected_for_stratified_analysis_only"/>
    <testcase time="0.253999999999991" classname="rspt01" name="rspt01_works_as_expected_for_stratified_analysis_only"/>
    <testcase time="0.248999999999995" classname="rspt01" name="rspt01_works_as_expected_for_stratified_analysis_only"/>
    <testcase time="0.259000000000015" classname="rspt01" name="rspt01_works_if_change_reference_group"/>
    <testcase time="0.248999999999995" classname="rspt01" name="rspt01_works_if_change_reference_group"/>
    <testcase time="0.317999999999984" classname="rspt01" name="rspt01_works_if_change_reference_group"/>
    <testcase time="0.296000000000021" classname="rspt01" name="rspt01_works_if_change_reference_group"/>
    <testcase time="0.256999999999977" classname="rspt01" name="rspt01_works_if_change_statistic_methods"/>
    <testcase time="0.247000000000014" classname="rspt01" name="rspt01_works_if_change_statistic_methods"/>
    <testcase time="0.317999999999984" classname="rspt01" name="rspt01_works_if_change_statistic_methods"/>
    <testcase time="0.323000000000008" classname="rspt01" name="rspt01_works_if_change_statistic_methods"/>
    <testcase time="0.280000000000001" classname="rspt01" name="rspt01_works_if_change_confidence_interval"/>
    <testcase time="0.253000000000014" classname="rspt01" name="rspt01_works_if_change_confidence_interval"/>
    <testcase time="0.322999999999979" classname="rspt01" name="rspt01_works_if_change_confidence_interval"/>
    <testcase time="0.298000000000002" classname="rspt01" name="rspt01_works_if_change_confidence_interval"/>
  </testsuite>
  <testsuite name="ttet01" timestamp="2025-06-06T14:35:30Z" hostname="48d8de024e53" tests="16" skipped="0" failures="0" errors="0" time="5.19">
    <testcase time="0.0169999999999959" classname="ttet01" name="ttet01_works_as_expected"/>
    <testcase time="0.387" classname="ttet01" name="ttet01_works_as_expected"/>
    <testcase time="0.467000000000013" classname="ttet01" name="ttet01_works_as_expected"/>
    <testcase time="0.0260000000000105" classname="ttet01" name="ttet01_returns_an_error_when_one_level_or_arm_var_is_empty"/>
    <testcase time="0.300999999999988" classname="ttet01" name="ttet01_works_as_expected_for_stratified_and_unstratified_analysis"/>
    <testcase time="0.331999999999994" classname="ttet01" name="ttet01_works_as_expected_for_stratified_and_unstratified_analysis"/>
    <testcase time="0.387" classname="ttet01" name="ttet01_works_as_expected_for_stratified_and_unstratified_analysis"/>
    <testcase time="0.419000000000011" classname="ttet01" name="ttet01_works_as_expected_for_stratified_and_unstratified_analysis"/>
    <testcase time="0.310000000000002" classname="ttet01" name="ttet01_works_as_expected_for_stratified_analysis_only"/>
    <testcase time="0.340000000000003" classname="ttet01" name="ttet01_works_as_expected_for_stratified_analysis_only"/>
    <testcase time="0.349999999999994" classname="ttet01" name="ttet01_works_as_expected_for_stratified_analysis_only"/>
    <testcase time="0.376000000000005" classname="ttet01" name="ttet01_works_as_expected_for_stratified_analysis_only"/>
    <testcase time="0.304999999999978" classname="ttet01" name="ttet01_works_if_change_reference_group"/>
    <testcase time="0.341000000000008" classname="ttet01" name="ttet01_works_if_change_reference_group"/>
    <testcase time="0.414000000000016" classname="ttet01" name="ttet01_works_if_change_reference_group"/>
    <testcase time="0.417999999999978" classname="ttet01" name="ttet01_works_if_change_reference_group"/>
  </testsuite>
  <testsuite name="unwrap" timestamp="2025-06-06T14:35:35Z" hostname="48d8de024e53" tests="12" skipped="0" failures="0" errors="0" time="0.172">
    <testcase time="0.0130000000000052" classname="unwrap" name="unwrap_layout_works_as_expected_with_standard_chevron_t_main_function"/>
    <testcase time="0.00100000000000477" classname="unwrap" name="unwrap_layout_works_as_expected_with_standard_chevron_t_main_function"/>
    <testcase time="0.00100000000000477" classname="unwrap" name="unwrap_layout_works_as_expected_with_standard_chevron_t_main_function"/>
    <testcase time="0.025999999999982" classname="unwrap" name="unwrap_layout_works_as_expected_with_standard_chevron_t_main_function"/>
    <testcase time="0.0120000000000005" classname="unwrap" name="unwrap_layout_works_as_expected_with_standard_chevron_g_main_function"/>
    <testcase time="0.007000000000005" classname="unwrap" name="unwrap_layout_works_as_expected_with_standard_chevron_l_main_function"/>
    <testcase time="0.007000000000005" classname="unwrap" name="unwrap_layout_works_as_expected_with_a_custom_function_without_layout_function"/>
    <testcase time="0.0409999999999968" classname="unwrap" name="unwrap_layout_works_as_expected_with_a_custom_function_with_layout_function"/>
    <testcase time="0.00100000000000477" classname="unwrap" name="unwrap_layout_works_as_expected_with_a_custom_function_with_layout_function"/>
    <testcase time="0.0320000000000107" classname="unwrap" name="unwrap_layout_works_as_expected_with_multiple_layout_function"/>
    <testcase time="0.0300000000000011" classname="unwrap" name="unwrap_layout_works_as_expected_on_custom_function_with_overwritten_layout_function"/>
    <testcase time="0.000999999999976353" classname="unwrap" name="unwrap_layout_works_as_expected_on_custom_function_with_overwritten_layout_function"/>
  </testsuite>
  <testsuite name="utils" timestamp="2025-06-06T14:35:36Z" hostname="48d8de024e53" tests="81" skipped="0" failures="0" errors="0" time="2.512">
    <testcase time="0.0100000000000193" classname="utils" name="h_format_dec_works_as_exected"/>
    <testcase time="0.00199999999998113" classname="utils" name="h_format_dec_works_as_exected"/>
    <testcase time="0.00100000000000477" classname="utils" name="h_format_dec_works_as_exected"/>
    <testcase time="0.00300000000001432" classname="utils" name="h_format_dec_works_as_exected"/>
    <testcase time="0.00199999999998113" classname="utils" name="h_format_dec_works_as_exected"/>
    <testcase time="0.00200000000000955" classname="utils" name="h_format_dec_works_as_exected"/>
    <testcase time="0.00200000000000955" classname="utils" name="h_format_dec_works_as_exected"/>
    <testcase time="0.0029999999999859" classname="utils" name="h_format_dec_works_as_exected"/>
    <testcase time="0.00100000000000477" classname="utils" name="h_format_dec_works_as_exected"/>
    <testcase time="0.0029999999999859" classname="utils" name="h_format_dec_works_as_exected"/>
    <testcase time="0.00100000000000477" classname="utils" name="h_format_dec_works_as_exected"/>
    <testcase time="0.00200000000000955" classname="utils" name="h_format_dec_works_as_exected"/>
    <testcase time="0.00600000000000023" classname="utils" name="h_format_dec_works_as_expected_with_more_than_one_value"/>
    <testcase time="0.0029999999999859" classname="utils" name="h_format_dec_works_as_expected_with_more_than_one_value"/>
    <testcase time="0.00600000000000023" classname="utils" name="h_format_dec_works_as_expected_with_NA_digits"/>
    <testcase time="0.00600000000000023" classname="utils" name="fuse_sequentially_works"/>
    <testcase time="0.00200000000000955" classname="utils" name="fuse_sequentially_works"/>
    <testcase time="0.0120000000000005" classname="utils" name="ifneeded_split_row_works_as_expected"/>
    <testcase time="0.00600000000000023" classname="utils" name="ifneeded_split_row_works_as_expected"/>
    <testcase time="0.0759999999999934" classname="utils" name="_unnamed_"/>
    <testcase time="0.0720000000000027" classname="utils" name="_unnamed_"/>
    <testcase time="0.0720000000000027" classname="utils" name="_unnamed_"/>
    <testcase time="0.0490000000000066" classname="utils" name="_unnamed_"/>
    <testcase time="0.00399999999999068" classname="utils" name="droplevels.character_works_as_expected"/>
    <testcase time="0.00200000000000955" classname="utils" name="droplevels.character_works_as_expected"/>
    <testcase time="0.00499999999999545" classname="utils" name="lvls.character_works_as_expected"/>
    <testcase time="0.0029999999999859" classname="utils" name="lvls.character_works_as_expected"/>
    <testcase time="0.00499999999999545" classname="utils" name="lvls.factor_works_as_expected"/>
    <testcase time="0.00300000000001432" classname="utils" name="lvls.factor_works_as_expected"/>
    <testcase time="0.00399999999999068" classname="utils" name="lvls.default_works_as_expected"/>
    <testcase time="0.00300000000001432" classname="utils" name="lvls.default_works_as_expected"/>
    <testcase time="0.00499999999999545" classname="utils" name="quote_str_works_as_expected"/>
    <testcase time="0.0029999999999859" classname="utils" name="quote_str_works_as_expected"/>
    <testcase time="0.00500000000002387" classname="utils" name="quote_str_works_as_expected"/>
    <testcase time="0.00499999999999545" classname="utils" name="modify_default_args_works_as_expected"/>
    <testcase time="0.0029999999999859" classname="utils" name="modify_default_args_works_as_expected"/>
    <testcase time="0.00499999999999545" classname="utils" name="execute_with_args_works_as_expected"/>
    <testcase time="0.00200000000000955" classname="utils" name="execute_with_args_works_as_expected"/>
    <testcase time="0.00200000000000955" classname="utils" name="execute_with_args_works_as_expected"/>
    <testcase time="0.0029999999999859" classname="utils" name="execute_with_args_works_as_expected"/>
    <testcase time="0.00200000000000955" classname="utils" name="execute_with_args_works_as_expected"/>
    <testcase time="0.00200000000000955" classname="utils" name="execute_with_args_works_as_expected"/>
    <testcase time="0.00199999999998113" classname="utils" name="execute_with_args_works_as_expected"/>
    <testcase time="0.00300000000001432" classname="utils" name="execute_with_args_works_as_expected"/>
    <testcase time="0.00199999999998113" classname="utils" name="execute_with_args_works_as_expected"/>
    <testcase time="0.00200000000000955" classname="utils" name="execute_with_args_works_as_expected"/>
    <testcase time="0.00200000000000955" classname="utils" name="execute_with_args_works_as_expected"/>
    <testcase time="0.0029999999999859" classname="utils" name="execute_with_args_works_as_expected"/>
    <testcase time="0.00499999999999545" classname="utils" name="do_call_work_as_expected"/>
    <testcase time="0.00300000000001432" classname="utils" name="do_call_work_as_expected"/>
    <testcase time="0.00800000000000978" classname="utils" name="do_call_errors_as_expected"/>
    <testcase time="0.00499999999999545" classname="utils" name="do_call_errors_as_expected"/>
    <testcase time="0.00499999999999545" classname="utils" name="convert_to_month_work_as_expected"/>
    <testcase time="0.0029999999999859" classname="utils" name="convert_to_month_work_as_expected"/>
    <testcase time="0.00200000000000955" classname="utils" name="convert_to_month_work_as_expected"/>
    <testcase time="0.0029999999999859" classname="utils" name="convert_to_month_work_as_expected"/>
    <testcase time="0.00300000000001432" classname="utils" name="convert_to_month_work_as_expected"/>
    <testcase time="0.00200000000000955" classname="utils" name="convert_to_month_work_as_expected"/>
    <testcase time="0.00899999999998613" classname="utils" name="convert_to_month_warning_messages_as_expected"/>
    <testcase time="0.0109999999999957" classname="utils" name="gg_theme_chevron_works_as_expected"/>
    <testcase time="0.00100000000000477" classname="utils" name="gg_theme_chevron_works_as_expected"/>
    <testcase time="0.00200000000000955" classname="utils" name="gg_theme_chevron_works_as_expected"/>
    <testcase time="0.00499999999999545" classname="utils" name="gg_theme_chevron_works_as_expected"/>
    <testcase time="0.00100000000000477" classname="utils" name="gg_theme_chevron_works_as_expected"/>
    <testcase time="0.00199999999998113" classname="utils" name="gg_theme_chevron_works_as_expected"/>
    <testcase time="0.00600000000000023" classname="utils" name="modify_character_works"/>
    <testcase time="0.00300000000001432" classname="utils" name="modify_character_works"/>
    <testcase time="0.00600000000000023" classname="utils" name="expand_list_works"/>
    <testcase time="0.0029999999999859" classname="utils" name="expand_list_works"/>
    <testcase time="0.00499999999999545" classname="utils" name="set_section_div_works"/>
    <testcase time="0.00500000000002387" classname="utils" name="set_section_div_works"/>
    <testcase time="0.00499999999999545" classname="utils" name="set_section_div_works"/>
    <testcase time="0.0029999999999859" classname="utils" name="set_section_div_works"/>
    <testcase time="0.0120000000000005" classname="utils" name="get_section_div_works"/>
    <testcase time="0.0040000000000191" classname="utils" name="get_section_div_works"/>
    <testcase time="0.988999999999976" classname="utils" name="grob_list_is_deprecated"/>
    <testcase time="0.957999999999998" classname="utils" name="gg_list_is_deprecated"/>
    <testcase time="0.007000000000005" classname="utils" name="format_date_works_as_expected_for_POSIXct"/>
    <testcase time="0.0040000000000191" classname="utils" name="format_date_works_as_expected_for_POSIXct"/>
    <testcase time="0.00699999999997658" classname="utils" name="format_date_works_as_expected_for_Date"/>
    <testcase time="0.00300000000001432" classname="utils" name="format_date_works_as_expected_for_Date"/>
  </testsuite>
  <testsuite name="vst01" timestamp="2025-06-06T14:35:38Z" hostname="48d8de024e53" tests="3" skipped="0" failures="0" errors="0" time="4.911">
    <testcase time="2.483" classname="vst01" name="vst01_functions_with_default_argument_value_return_expected_result_with_test_data"/>
    <testcase time="0.816000000000003" classname="vst01" name="run_vst01_works_as_expected"/>
    <testcase time="1.61199999999999" classname="vst01" name="run_vst01_works_as_expected"/>
  </testsuite>
  <testsuite name="vst02" timestamp="2025-06-06T14:35:43Z" hostname="48d8de024e53" tests="2" skipped="0" failures="0" errors="0" time="0.978">
    <testcase time="0.492999999999995" classname="vst02" name="vst02_functions_with_default_argument_value_return_expected_result_with_test_data"/>
    <testcase time="0.485000000000014" classname="vst02" name="vst02_functions_return_expected_result_with_test_data_when_excluding_subject_with_baseline_abnormality"/>
  </testsuite>
</testsuites>
