<?xml version="1.0" encoding="UTF-8"?>
<testsuites>
  <testsuite name="ael01_nollt" timestamp="2025-06-06T09:23:04Z" hostname="5f151ed9bf3b" tests="14" skipped="0" failures="0" errors="0" time="1.205">
    <testcase time="0.0640000000000001" classname="ael01_nollt" name="ael01_nollt_works_with_admh_dataset"/>
    <testcase time="0.289" classname="ael01_nollt" name="ael01_nollt_works_with_admh_dataset"/>
    <testcase time="0.0310000000000001" classname="ael01_nollt" name="ael01_nollt_works_with_non_default_label"/>
    <testcase time="0.202" classname="ael01_nollt" name="ael01_nollt_works_with_non_default_label"/>
    <testcase time="0.0300000000000002" classname="ael01_nollt" name="ael01_nollt_can_handle_all_missing_values"/>
    <testcase time="0.0819999999999999" classname="ael01_nollt" name="ael01_nollt_can_handle_all_missing_values"/>
    <testcase time="0.0289999999999999" classname="ael01_nollt" name="ael01_nollt_can_handle_some_missing_values"/>
    <testcase time="0.131" classname="ael01_nollt" name="ael01_nollt_can_handle_some_missing_values"/>
    <testcase time="0.0279999999999996" classname="ael01_nollt" name="ael01_nollt_listing_can_be_split_by_an_additional_variable"/>
    <testcase time="0.00200000000000022" classname="ael01_nollt" name="ael01_nollt_listing_can_be_split_by_an_additional_variable"/>
    <testcase time="0.167" classname="ael01_nollt" name="ael01_nollt_listing_can_be_split_by_an_additional_variable"/>
    <testcase time="0.028" classname="ael01_nollt" name="split_ael01_nollt_listing_do_not_display_missing_values"/>
    <testcase time="0.00100000000000033" classname="ael01_nollt" name="split_ael01_nollt_listing_do_not_display_missing_values"/>
    <testcase time="0.121" classname="ael01_nollt" name="split_ael01_nollt_listing_do_not_display_missing_values"/>
  </testsuite>
  <testsuite name="ael02" timestamp="2025-06-06T09:23:05Z" hostname="5f151ed9bf3b" tests="9" skipped="0" failures="0" errors="0" time="2.792">
    <testcase time="0.0599999999999996" classname="ael02" name="ael02_works_with_adae_dataset"/>
    <testcase time="0.00100000000000033" classname="ael02" name="ael02_works_with_adae_dataset"/>
    <testcase time="0.868" classname="ael02" name="ael02_works_with_adae_dataset"/>
    <testcase time="0.0419999999999998" classname="ael02" name="ael02_can_handle_all_missing_values"/>
    <testcase time="0.00100000000000033" classname="ael02" name="ael02_can_handle_all_missing_values"/>
    <testcase time="0.915" classname="ael02" name="ael02_can_handle_all_missing_values"/>
    <testcase time="0.0410000000000004" classname="ael02" name="ael02_functions_work_as_expected"/>
    <testcase time="0.000999999999999446" classname="ael02" name="ael02_functions_work_as_expected"/>
    <testcase time="0.863" classname="ael02" name="ael02_functions_work_as_expected"/>
  </testsuite>
  <testsuite name="ael03" timestamp="2025-06-06T09:23:08Z" hostname="5f151ed9bf3b" tests="9" skipped="0" failures="0" errors="0" time="2.859">
    <testcase time="0.0939999999999994" classname="ael03" name="ael03_works_with_adae_dataset"/>
    <testcase time="0.00200000000000067" classname="ael03" name="ael03_works_with_adae_dataset"/>
    <testcase time="0.872999999999999" classname="ael03" name="ael03_works_with_adae_dataset"/>
    <testcase time="0.0430000000000001" classname="ael03" name="ael03_can_handle_all_missing_values"/>
    <testcase time="0.00199999999999978" classname="ael03" name="ael03_can_handle_all_missing_values"/>
    <testcase time="0.924" classname="ael03" name="ael03_can_handle_all_missing_values"/>
    <testcase time="0.0429999999999993" classname="ael03" name="ael03_functions_work_as_expected"/>
    <testcase time="0.00100000000000122" classname="ael03" name="ael03_functions_work_as_expected"/>
    <testcase time="0.876999999999999" classname="ael03" name="ael03_functions_work_as_expected"/>
  </testsuite>
  <testsuite name="aet01" timestamp="2025-06-06T09:23:10Z" hostname="5f151ed9bf3b" tests="13" skipped="0" failures="0" errors="0" time="3.357">
    <testcase time="0.417000000000002" classname="aet01" name="aet01_can_handle_all_NA_values"/>
    <testcase time="0.289999999999999" classname="aet01" name="aet01_can_handle_all_NA_values"/>
    <testcase time="0.284000000000001" classname="aet01" name="aet01_can_handle_all_NA_values"/>
    <testcase time="0.225" classname="aet01" name="aet01_can_handle_all_NA_values"/>
    <testcase time="0.436" classname="aet01" name="aet01_can_handle_some_NA_values"/>
    <testcase time="0.269" classname="aet01" name="aet01_can_handle_some_NA_values"/>
    <testcase time="0.200999999999999" classname="aet01" name="aet01_can_use_custom_anl_vars"/>
    <testcase time="0.166" classname="aet01" name="aet01_can_use_custom_anl_vars"/>
    <testcase time="0.0609999999999999" classname="aet01" name="aet01_fails_on_incomplete_data_input"/>
    <testcase time="0.290000000000001" classname="aet01" name="aet01_can_use_custom_medconcept_var"/>
    <testcase time="0.285" classname="aet01" name="aet01_can_use_custom_medconcept_var"/>
    <testcase time="0.187999999999999" classname="aet01" name="aet01_can_conditionally_show_the_number_of_withdrawal"/>
    <testcase time="0.245000000000001" classname="aet01" name="aet01_can_conditionally_show_the_number_of_withdrawal"/>
  </testsuite>
  <testsuite name="aet01_aesi" timestamp="2025-06-06T09:23:14Z" hostname="5f151ed9bf3b" tests="9" skipped="0" failures="0" errors="0" time="2.056">
    <testcase time="0.221" classname="aet01_aesi" name="aet01_aesi_can_handle_all_NA_values"/>
    <testcase time="0.253" classname="aet01_aesi" name="aet01_aesi_can_handle_all_NA_values"/>
    <testcase time="0.187999999999999" classname="aet01_aesi" name="aet01_aesi_can_handle_all_NA_values"/>
    <testcase time="0.215" classname="aet01_aesi" name="aet01_aesi_can_handle_all_NA_values"/>
    <testcase time="0.198" classname="aet01_aesi" name="aet01_aesi_can_handle_some_NA_values"/>
    <testcase time="0.253" classname="aet01_aesi" name="aet01_aesi_can_handle_some_NA_values"/>
    <testcase time="0.268000000000001" classname="aet01_aesi" name="aet01_aesi_works_with_ALL_argument"/>
    <testcase time="0.411" classname="aet01_aesi" name="aet01_aesi_works_with_ALL_argument"/>
    <testcase time="0.0489999999999995" classname="aet01_aesi" name="aet01_aesi_check_fails_on_incomplete_data_input"/>
  </testsuite>
  <testsuite name="aet02" timestamp="2025-06-06T09:23:16Z" hostname="5f151ed9bf3b" tests="4" skipped="0" failures="0" errors="0" time="2.442">
    <testcase time="0.0520000000000014" classname="aet02" name="aet02_fails_on_incomplete_data_input"/>
    <testcase time="0.125999999999999" classname="aet02" name="aet02_handle_empty_data_input"/>
    <testcase time="1.489" classname="aet02" name="aet02_can_have_different_levels_of_row_split"/>
    <testcase time="0.774999999999999" classname="aet02" name="aet02_can_have_different_levels_of_row_split"/>
  </testsuite>
  <testsuite name="aet03" timestamp="2025-06-06T09:23:18Z" hostname="5f151ed9bf3b" tests="4" skipped="0" failures="0" errors="0" time="2.591">
    <testcase time="0.274000000000001" classname="aet03" name="aet03_can_handle_NA_values"/>
    <testcase time="0.254999999999999" classname="aet03" name="aet03_can_handle_NA_values"/>
    <testcase time="1.327" classname="aet03" name="aet03_can_handle_some_NA_values"/>
    <testcase time="0.734999999999999" classname="aet03" name="aet03_can_handle_some_NA_values"/>
  </testsuite>
  <testsuite name="aet04" timestamp="2025-06-06T09:23:21Z" hostname="5f151ed9bf3b" tests="12" skipped="0" failures="0" errors="0" time="11.575">
    <testcase time="0.422999999999998" classname="aet04" name="aet04_can_handle_NA_values"/>
    <testcase time="0.418000000000003" classname="aet04" name="aet04_can_handle_NA_values"/>
    <testcase time="0.421999999999997" classname="aet04" name="aet04_can_handle_NA_values"/>
    <testcase time="0.00400000000000134" classname="aet04" name="aet04_can_handle_NA_values"/>
    <testcase time="0.411999999999999" classname="aet04" name="aet04_can_handle_NA_values"/>
    <testcase time="0.420999999999999" classname="aet04" name="aet04_can_handle_NA_values"/>
    <testcase time="2.333" classname="aet04" name="aet04_can_handle_some_NA_values"/>
    <testcase time="1.163" classname="aet04" name="aet04_can_handle_some_NA_values"/>
    <testcase time="2.348" classname="aet04" name="aet04_can_handle_some_NA_values"/>
    <testcase time="0.00600000000000023" classname="aet04" name="aet04_can_handle_some_NA_values"/>
    <testcase time="2.385" classname="aet04" name="aet04_can_handle_some_NA_values"/>
    <testcase time="1.24" classname="aet04" name="aet04_can_handle_some_NA_values"/>
  </testsuite>
  <testsuite name="aet05" timestamp="2025-06-06T09:23:32Z" hostname="5f151ed9bf3b" tests="6" skipped="0" failures="0" errors="0" time="1.272">
    <testcase time="0.163" classname="aet05" name="aet05_can_handle_NA_values"/>
    <testcase time="0.251000000000001" classname="aet05" name="aet05_can_handle_NA_values"/>
    <testcase time="0.146999999999998" classname="aet05" name="aet05_can_handle_some_NA_values"/>
    <testcase time="0.288" classname="aet05" name="aet05_can_handle_some_NA_values"/>
    <testcase time="0.132999999999999" classname="aet05" name="aet05_can_handle_some_NA_values"/>
    <testcase time="0.289999999999999" classname="aet05" name="aet05_can_handle_some_NA_values"/>
  </testsuite>
  <testsuite name="aet05_all" timestamp="2025-06-06T09:23:34Z" hostname="5f151ed9bf3b" tests="6" skipped="0" failures="0" errors="0" time="1.418">
    <testcase time="0.155999999999999" classname="aet05_all" name="aet05_all_can_handle_NA_values"/>
    <testcase time="0.249000000000002" classname="aet05_all" name="aet05_all_can_handle_NA_values"/>
    <testcase time="0.151000000000003" classname="aet05_all" name="aet05_all_can_handle_some_NA_values"/>
    <testcase time="0.465999999999994" classname="aet05_all" name="aet05_all_can_handle_some_NA_values"/>
    <testcase time="0.130000000000003" classname="aet05_all" name="aet05_all_can_handle_some_NA_values"/>
    <testcase time="0.265999999999998" classname="aet05_all" name="aet05_all_can_handle_some_NA_values"/>
  </testsuite>
  <testsuite name="aet10" timestamp="2025-06-06T09:23:35Z" hostname="5f151ed9bf3b" tests="4" skipped="0" failures="0" errors="0" time="0.503">
    <testcase time="0.0700000000000003" classname="aet10" name="aet10_can_handle_NA_values"/>
    <testcase time="0.115000000000002" classname="aet10" name="aet10_can_handle_NA_values"/>
    <testcase time="0.0970000000000013" classname="aet10" name="aet10_can_handle_some_NA_values"/>
    <testcase time="0.220999999999997" classname="aet10" name="aet10_can_handle_some_NA_values"/>
  </testsuite>
  <testsuite name="assertions" timestamp="2025-06-06T09:23:36Z" hostname="5f151ed9bf3b" tests="33" skipped="0" failures="0" errors="0" time="0.146">
    <testcase time="0.00800000000000267" classname="assertions" name="assert_valid_var.character_works_as_expected"/>
    <testcase time="0.00399999999999778" classname="assertions" name="assert_valid_var.character_works_as_expected"/>
    <testcase time="0.00500000000000256" classname="assertions" name="assert_valid_var.character_works_as_expected"/>
    <testcase time="0.00399999999999778" classname="assertions" name="assert_valid_var.character_works_as_expected"/>
    <testcase time="0.00200000000000244" classname="assertions" name="assert_valid_var.character_works_as_expected"/>
    <testcase time="0.00500000000000256" classname="assertions" name="assert_valid_var.factor_works_as_expected"/>
    <testcase time="0.00399999999999778" classname="assertions" name="assert_valid_var.factor_works_as_expected"/>
    <testcase time="0.00399999999999778" classname="assertions" name="assert_valid_var.factor_works_as_expected"/>
    <testcase time="0.00500000000000256" classname="assertions" name="assert_valid_var.factor_works_as_expected"/>
    <testcase time="0.000999999999997669" classname="assertions" name="assert_valid_var.factor_works_as_expected"/>
    <testcase time="0.00500000000000256" classname="assertions" name="assert_valid_var.logical_works_as_expected"/>
    <testcase time="0.00499999999999545" classname="assertions" name="assert_valid_var.logical_works_as_expected"/>
    <testcase time="0.00400000000000489" classname="assertions" name="assert_valid_var.logical_works_as_expected"/>
    <testcase time="0.00199999999999534" classname="assertions" name="assert_valid_var.logical_works_as_expected"/>
    <testcase time="0.00400000000000489" classname="assertions" name="assert_valid_var.numeric_works_as_expected"/>
    <testcase time="0.00499999999999545" classname="assertions" name="assert_valid_var.numeric_works_as_expected"/>
    <testcase time="0.00400000000000489" classname="assertions" name="assert_valid_var.numeric_works_as_expected"/>
    <testcase time="0.00199999999999534" classname="assertions" name="assert_valid_var.numeric_works_as_expected"/>
    <testcase time="0.00400000000000489" classname="assertions" name="assert_valid_var.numeric_works_as_expected"/>
    <testcase time="0.00199999999999534" classname="assertions" name="assert_valid_var.numeric_works_as_expected"/>
    <testcase time="0.00800000000000267" classname="assertions" name="assert_valid_var.POSIXct_works_as_expected"/>
    <testcase time="0.00900000000000034" classname="assertions" name="assert_valid_var.POSIXct_works_as_expected"/>
    <testcase time="0.00600000000000023" classname="assertions" name="assert_valid_variable_works_as_expected"/>
    <testcase time="0.000999999999997669" classname="assertions" name="assert_valid_variable_works_as_expected"/>
    <testcase time="0.00600000000000023" classname="assertions" name="assert_valid_variable_works_as_expected"/>
    <testcase time="0.00200000000000244" classname="assertions" name="assert_valid_variable_works_as_expected"/>
    <testcase time="0.00600000000000023" classname="assertions" name="assert_valid_variable_works_as_expected"/>
    <testcase time="0.00199999999999534" classname="assertions" name="assert_valid_variable_works_as_expected"/>
    <testcase time="0.00600000000000023" classname="assertions" name="assert_valid_var_pair_works_as_expected_with_character"/>
    <testcase time="0.00500000000000256" classname="assertions" name="assert_valid_var_pair_works_as_expected_with_character"/>
    <testcase time="0.00500000000000256" classname="assertions" name="assert_valid_var_pair_works_as_expected_with_factor"/>
    <testcase time="0.00600000000000023" classname="assertions" name="assert_valid_var_pair_works_as_expected_with_factor"/>
    <testcase time="0.00499999999999545" classname="assertions" name="assert_valid_var_pair_works_as_expected_with_factor"/>
  </testsuite>
  <testsuite name="cfbt01" timestamp="2025-06-06T09:23:36Z" hostname="5f151ed9bf3b" tests="3" skipped="0" failures="0" errors="0" time="9.044">
    <testcase time="6.69" classname="cfbt01" name="cfbt01_functions_with_default_argument_value_return_expected_result_with_test_data"/>
    <testcase time="0.784999999999997" classname="cfbt01" name="cfbt01_can_handle_n_0_and_outputs_NE_instead_of_infs_and_NAs"/>
    <testcase time="1.569" classname="cfbt01" name="cfbt01_can_handle_n_0_and_outputs_NE_instead_of_infs_and_NAs"/>
  </testsuite>
  <testsuite name="checks" timestamp="2025-06-06T09:23:45Z" hostname="5f151ed9bf3b" tests="8" skipped="0" failures="0" errors="0" time="0.027">
    <testcase time="0.00900000000000034" classname="checks" name="check_all_colnames_works_as_expected"/>
    <testcase time="0.00199999999999534" classname="checks" name="check_all_colnames_works_as_expected"/>
    <testcase time="0.00200000000000244" classname="checks" name="check_all_colnames_works_as_expected"/>
    <testcase time="0.00300000000000011" classname="checks" name="check_all_colnames_works_as_expected"/>
    <testcase time="0.00399999999999778" classname="checks" name="check_one_colnames_works_as_expected"/>
    <testcase time="0.00300000000000011" classname="checks" name="check_one_colnames_works_as_expected"/>
    <testcase time="0.00100000000000477" classname="checks" name="check_one_colnames_works_as_expected"/>
    <testcase time="0.00300000000000011" classname="checks" name="check_one_colnames_works_as_expected"/>
  </testsuite>
  <testsuite name="chevron_tlg-class" timestamp="2025-06-06T09:23:45Z" hostname="5f151ed9bf3b" tests="29" skipped="0" failures="0" errors="0" time="0.093">
    <testcase time="0.00900000000000034" classname="chevron_tlg_class" name="chevron_t_object_can_be_constructed_with_default_values"/>
    <testcase time="0.00300000000000011" classname="chevron_tlg_class" name="chevron_t_object_can_be_constructed_with_default_values"/>
    <testcase time="0.00599999999999312" classname="chevron_tlg_class" name="chevron_t_object_can_be_constructed_with_custom_values"/>
    <testcase time="0.00300000000000011" classname="chevron_tlg_class" name="chevron_t_object_can_be_constructed_with_custom_values"/>
    <testcase time="0.00200000000000244" classname="chevron_tlg_class" name="chevron_t_object_can_be_constructed_with_custom_values"/>
    <testcase time="0.00300000000000011" classname="chevron_tlg_class" name="chevron_t_object_can_be_constructed_with_custom_values"/>
    <testcase time="0.00600000000000023" classname="chevron_tlg_class" name="chevron_t_constructor_returns_an_error_when_expected"/>
    <testcase time="0.000999999999997669" classname="chevron_tlg_class" name="chevron_t_constructor_returns_an_error_when_expected"/>
    <testcase time="0.00100000000000477" classname="chevron_tlg_class" name="chevron_t_constructor_returns_an_error_when_expected"/>
    <testcase time="0.000999999999997669" classname="chevron_tlg_class" name="chevron_t_constructor_returns_an_error_when_expected"/>
    <testcase time="0.000999999999997669" classname="chevron_tlg_class" name="chevron_t_constructor_returns_an_error_when_expected"/>
    <testcase time="0.00100000000000477" classname="chevron_tlg_class" name="chevron_t_constructor_returns_an_error_when_expected"/>
    <testcase time="0.00199999999999534" classname="chevron_tlg_class" name="chevron_t_constructor_returns_an_error_when_expected"/>
    <testcase time="0.00500000000000256" classname="chevron_tlg_class" name="chevron_l_object_can_be_constructed_with_default_values"/>
    <testcase time="0.00300000000000011" classname="chevron_tlg_class" name="chevron_l_object_can_be_constructed_with_default_values"/>
    <testcase time="0.00600000000000023" classname="chevron_tlg_class" name="chevron_g_object_can_be_constructed_with_custom_values"/>
    <testcase time="0.00300000000000011" classname="chevron_tlg_class" name="chevron_g_object_can_be_constructed_with_custom_values"/>
    <testcase time="0.00300000000000011" classname="chevron_tlg_class" name="chevron_g_object_can_be_constructed_with_custom_values"/>
    <testcase time="0.00300000000000011" classname="chevron_tlg_class" name="chevron_g_object_can_be_constructed_with_custom_values"/>
    <testcase time="0.00500000000000256" classname="chevron_tlg_class" name="chevron_g_constructor_returns_an_error_when_expected"/>
    <testcase time="0.000999999999997669" classname="chevron_tlg_class" name="chevron_g_constructor_returns_an_error_when_expected"/>
    <testcase time="0.000999999999997669" classname="chevron_tlg_class" name="chevron_g_constructor_returns_an_error_when_expected"/>
    <testcase time="0.00200000000000244" classname="chevron_tlg_class" name="chevron_g_constructor_returns_an_error_when_expected"/>
    <testcase time="0.000999999999997669" classname="chevron_tlg_class" name="chevron_g_constructor_returns_an_error_when_expected"/>
    <testcase time="0.00100000000000477" classname="chevron_tlg_class" name="chevron_g_constructor_returns_an_error_when_expected"/>
    <testcase time="0.000999999999997669" classname="chevron_tlg_class" name="chevron_g_constructor_returns_an_error_when_expected"/>
    <testcase time="0.0069999999999979" classname="chevron_tlg_class" name="chevron_simple_works_correctly"/>
    <testcase time="0.00200000000000244" classname="chevron_tlg_class" name="chevron_simple_works_correctly"/>
    <testcase time="0.00999999999999801" classname="chevron_tlg_class" name="chevron_simple_errors_if_contains_return"/>
  </testsuite>
  <testsuite name="chevron_tlg-methods" timestamp="2025-06-06T09:23:45Z" hostname="5f151ed9bf3b" tests="62" skipped="1" failures="0" errors="0" time="10.146">
    <testcase time="1.09" classname="chevron_tlg_methods" name="run_works_as_expected_for_chevron_t_object"/>
    <testcase time="0.605999999999995" classname="chevron_tlg_methods" name="run_works_as_expected_for_chevron_t_object"/>
    <testcase time="0.619" classname="chevron_tlg_methods" name="run_works_as_expected_for_chevron_t_object_when_auto_pre_FALSE"/>
    <testcase time="0.313000000000002" classname="chevron_tlg_methods" name="run_works_as_expected_with_argument_printed"/>
    <testcase time="0.285000000000004" classname="chevron_tlg_methods" name="run_works_as_expected_with_argument_printed"/>
    <testcase time="0.420999999999999" classname="chevron_tlg_methods" name="run_works_as_expected_with_argument_printed_if_the_user_argument_is_complicated"/>
    <testcase time="0.375" classname="chevron_tlg_methods" name="run_works_as_expected_with_argument_printed_if_the_user_argument_is_complicated"/>
    <testcase time="0.422999999999995" classname="chevron_tlg_methods" name="run_uses_the_argument_passed_through_the_ellipsis_in_priority"/>
    <testcase time="0.386000000000003" classname="chevron_tlg_methods" name="run_uses_the_argument_passed_through_the_ellipsis_in_priority"/>
    <testcase time="0.311999999999998" classname="chevron_tlg_methods" name="run_works_as_expected_with_partial_match_argument"/>
    <testcase time="0.289999999999999" classname="chevron_tlg_methods" name="run_works_as_expected_with_partial_match_argument"/>
    <testcase time="0.421000000000006" classname="chevron_tlg_methods" name="run_displays_the_symbols_when_available"/>
    <testcase time="0.378999999999998" classname="chevron_tlg_methods" name="run_displays_the_symbols_when_available"/>
    <testcase time="0.307000000000002" classname="chevron_tlg_methods" name="run_print_internal_functions_when_unwrap_is_TRUE"/>
    <testcase time="0.000999999999997669" classname="chevron_tlg_methods" name="run_print_internal_functions_when_unwrap_is_TRUE"/>
    <testcase time="0.00200000000000244" classname="chevron_tlg_methods" name="run_print_internal_functions_when_unwrap_is_TRUE"/>
    <testcase time="0.0229999999999961" classname="chevron_tlg_methods" name="run_print_internal_functions_when_unwrap_is_TRUE"/>
    <testcase time="1.232" classname="chevron_tlg_methods" name="run_print_internal_functions_when_unwrap_is_TRUE_and_standard_chevron_tlg_has_no_layout"/>
    <testcase time="0.00999999999999801" classname="chevron_tlg_methods" name="run_print_internal_functions_when_unwrap_is_TRUE_and_the_chevron_tlg_object_is_customized"/>
    <testcase time="0.00100000000000477" classname="chevron_tlg_methods" name="run_print_internal_functions_when_unwrap_is_TRUE_and_the_chevron_tlg_object_is_customized"/>
    <testcase time="0.00199999999999534" classname="chevron_tlg_methods" name="run_print_internal_functions_when_unwrap_is_TRUE_and_the_chevron_tlg_object_is_customized"/>
    <testcase time="0.0220000000000056" classname="chevron_tlg_methods" name="run_print_internal_functions_when_unwrap_is_TRUE_and_the_chevron_tlg_object_is_customized"/>
    <testcase time="0.00900000000000034" classname="chevron_tlg_methods" name="run_print_main_and_postprocessing_functions_when_unwrap_is_TRUE_and_auto_pre_is_FALSE"/>
    <testcase time="0.000999999999997669" classname="chevron_tlg_methods" name="run_print_main_and_postprocessing_functions_when_unwrap_is_TRUE_and_auto_pre_is_FALSE"/>
    <testcase time="0.000999999999997669" classname="chevron_tlg_methods" name="run_print_main_and_postprocessing_functions_when_unwrap_is_TRUE_and_auto_pre_is_FALSE"/>
    <testcase time="0.00200000000000244" classname="chevron_tlg_methods" name="run_print_main_and_postprocessing_functions_when_unwrap_is_TRUE_and_auto_pre_is_FALSE"/>
    <testcase time="0.0219999999999985" classname="chevron_tlg_methods" name="run_print_main_and_postprocessing_functions_when_unwrap_is_TRUE_and_auto_pre_is_FALSE"/>
    <testcase time="0.00500000000000256" classname="chevron_tlg_methods" name="args_ls_works_as_expected"/>
    <testcase time="0.000999999999997669" classname="chevron_tlg_methods" name="args_ls_works_as_expected"/>
    <testcase time="0.00200000000000244" classname="chevron_tlg_methods" name="args_ls_works_as_expected"/>
    <testcase time="0.00499999999999545" classname="chevron_tlg_methods" name="args_ls_works_as_expected_when_simplify_is_TRUE"/>
    <testcase time="0.00100000000000477" classname="chevron_tlg_methods" name="args_ls_works_as_expected_when_simplify_is_TRUE"/>
    <testcase time="0.000999999999997669" classname="chevron_tlg_methods" name="args_ls_works_as_expected_when_simplify_is_TRUE"/>
    <testcase time="0.00600000000000023" classname="chevron_tlg_methods" name="args_ls_works_as_expected_with_custom_chevron_tlg_object"/>
    <testcase time="0.00200000000000244" classname="chevron_tlg_methods" name="args_ls_works_as_expected_with_custom_chevron_tlg_object"/>
    <testcase time="0.000999999999997669" classname="chevron_tlg_methods" name="args_ls_works_as_expected_with_custom_chevron_tlg_object"/>
    <testcase time="0.00200000000000244" classname="chevron_tlg_methods" name="args_ls_works_as_expected_with_custom_chevron_tlg_object"/>
    <testcase time="0.00600000000000023" classname="chevron_tlg_methods" name="main_works_as_expected"/>
    <testcase time="0.0069999999999979" classname="chevron_tlg_methods" name="main_setter_works_as_expected"/>
    <testcase time="0.00999999999999801" classname="chevron_tlg_methods" name="main_setter_throw_an_error_as_expected"/>
    <testcase time="0.00600000000000023" classname="chevron_tlg_methods" name="preprocess_works_as_expected"/>
    <testcase time="0.0140000000000029" classname="chevron_tlg_methods" name="preprocess_setter_works_as_expected"/>
    <testcase time="0.0139999999999958" classname="chevron_tlg_methods" name="preprocess_sends_an_error_as_expected"/>
    <testcase time="0.00600000000000023" classname="chevron_tlg_methods" name="postprocess_works_as_expected"/>
    <testcase time="0.00600000000000023" classname="chevron_tlg_methods" name="postprocess_setter_works_as_expected"/>
    <testcase time="0.0100000000000051" classname="chevron_tlg_methods" name="postprocess_sends_an_error_as_expected"/>
    <testcase time="0.00600000000000023" classname="chevron_tlg_methods" name="dataset_works_as_expected"/>
    <testcase time="0.0069999999999979" classname="chevron_tlg_methods" name="dataset_setter_works_as_expected"/>
    <testcase time="0.00999999999999801" classname="chevron_tlg_methods" name="dataset_sends_an_error_as_expected"/>
    <testcase time="0.00500000000000256" classname="chevron_tlg_methods" name="script_funs_works_as_expected_in_interactive_mode">
      <skipped message="Reason: !interactive() is TRUE ('test-chevron_tlg-methods.R:287:3')"/>
    </testcase>
    <testcase time="0.0159999999999982" classname="chevron_tlg_methods" name="script_funs_works_as_expected"/>
    <testcase time="0.000999999999997669" classname="chevron_tlg_methods" name="script_funs_works_as_expected"/>
    <testcase time="2.331" classname="chevron_tlg_methods" name="script_funs_generates_a_valid_script"/>
    <testcase time="0.00200000000000244" classname="chevron_tlg_methods" name="script_funs_generates_a_valid_script"/>
    <testcase time="0.00199999999999534" classname="chevron_tlg_methods" name="script_funs_generates_a_valid_script"/>
    <testcase time="0.00200000000000244" classname="chevron_tlg_methods" name="script_funs_generates_a_valid_script"/>
    <testcase time="0.000999999999997669" classname="chevron_tlg_methods" name="script_funs_generates_a_valid_script"/>
    <testcase time="0.0260000000000034" classname="chevron_tlg_methods" name="script_funs_generates_a_valid_script"/>
    <testcase time="0.0120000000000005" classname="chevron_tlg_methods" name="script_funs_works_for_simple_template"/>
    <testcase time="0.00199999999999534" classname="chevron_tlg_methods" name="script_funs_works_for_simple_template"/>
    <testcase time="0.036999999999999" classname="chevron_tlg_methods" name="print_list_works"/>
    <testcase time="0.0260000000000034" classname="chevron_tlg_methods" name="print_list_works_for_empty_list"/>
  </testsuite>
  <testsuite name="cml02a_gl" timestamp="2025-06-06T09:23:55Z" hostname="5f151ed9bf3b" tests="6" skipped="0" failures="0" errors="0" time="0.554">
    <testcase time="0.0290000000000035" classname="cml02a_gl" name="cml02a_gl_works_with_adcm_dataset"/>
    <testcase time="0.170999999999999" classname="cml02a_gl" name="cml02a_gl_works_with_adcm_dataset"/>
    <testcase time="0.0259999999999962" classname="cml02a_gl" name="cml02a_gl_works_with_missing_data"/>
    <testcase time="0.134" classname="cml02a_gl" name="cml02a_gl_works_with_missing_data"/>
    <testcase time="0.0249999999999986" classname="cml02a_gl" name="cml02a_gl_functions_work_as_expected"/>
    <testcase time="0.169000000000004" classname="cml02a_gl" name="cml02a_gl_functions_work_as_expected"/>
  </testsuite>
  <testsuite name="cmt01a" timestamp="2025-06-06T09:23:56Z" hostname="5f151ed9bf3b" tests="6" skipped="0" failures="0" errors="0" time="3.842">
    <testcase time="1.363" classname="cmt01a" name="cmt01a_functions_with_default_argument_value_return_expected_result_with_test_data"/>
    <testcase time="1.01" classname="cmt01a" name="cmt01a_functions_with_custom_argument_value_return_expected_result_with_test_data"/>
    <testcase time="0.143000000000001" classname="cmt01a" name="cmt01a_can_handle_all_NA_values"/>
    <testcase time="0.164000000000001" classname="cmt01a" name="cmt01a_can_handle_all_NA_values"/>
    <testcase time="0.579000000000001" classname="cmt01a" name="cmt01a_can_handle_some_NA_values"/>
    <testcase time="0.582999999999998" classname="cmt01a" name="cmt01a_can_handle_some_NA_values"/>
  </testsuite>
  <testsuite name="cmt02_pt" timestamp="2025-06-06T09:24:00Z" hostname="5f151ed9bf3b" tests="4" skipped="0" failures="0" errors="0" time="0.606">
    <testcase time="0.101999999999997" classname="cmt02_pt" name="cmt02_pt_can_handle_all_NA_values"/>
    <testcase time="0.135000000000005" classname="cmt02_pt" name="cmt02_pt_can_handle_all_NA_values"/>
    <testcase time="0.141999999999996" classname="cmt02_pt" name="cmt02_pt_can_handle_some_NA_values"/>
    <testcase time="0.227000000000004" classname="cmt02_pt" name="cmt02_pt_can_handle_some_NA_values"/>
  </testsuite>
  <testsuite name="coxt01" timestamp="2025-06-06T09:24:00Z" hostname="5f151ed9bf3b" tests="9" skipped="0" failures="0" errors="0" time="1.733">
    <testcase time="0.309999999999995" classname="coxt01" name="coxt01_can_handle_some_NA_values"/>
    <testcase time="0.194000000000003" classname="coxt01" name="coxt01_can_handle_some_NA_values"/>
    <testcase time="0.246000000000002" classname="coxt01" name="coxt01_can_handle_some_NA_values"/>
    <testcase time="0.192999999999998" classname="coxt01" name="coxt01_can_handle_some_NA_values"/>
    <testcase time="0.188000000000002" classname="coxt01" name="coxt01_can_handle_some_NA_values"/>
    <testcase time="0.183999999999997" classname="coxt01" name="coxt01_can_handle_some_NA_values"/>
    <testcase time="0.213999999999999" classname="coxt01" name="coxt01_can_handle_some_NA_values"/>
    <testcase time="0.189999999999998" classname="coxt01" name="coxt01_can_handle_some_NA_values"/>
    <testcase time="0.0140000000000029" classname="coxt01" name="coxt01_fails_on_incomlete_data"/>
  </testsuite>
  <testsuite name="coxt02" timestamp="2025-06-06T09:24:02Z" hostname="5f151ed9bf3b" tests="9" skipped="0" failures="0" errors="0" time="2.212">
    <testcase time="0.405000000000001" classname="coxt02" name="coxt02_can_handle_some_NA_values"/>
    <testcase time="0.231000000000002" classname="coxt02" name="coxt02_can_handle_some_NA_values"/>
    <testcase time="0.393999999999998" classname="coxt02" name="coxt02_can_handle_some_NA_values"/>
    <testcase time="0.232999999999997" classname="coxt02" name="coxt02_can_handle_some_NA_values"/>
    <testcase time="0.264000000000003" classname="coxt02" name="coxt02_can_handle_some_NA_values"/>
    <testcase time="0.189999999999998" classname="coxt02" name="coxt02_can_handle_some_NA_values"/>
    <testcase time="0.289000000000001" classname="coxt02" name="coxt02_can_handle_some_NA_values"/>
    <testcase time="0.192" classname="coxt02" name="coxt02_can_handle_some_NA_values"/>
    <testcase time="0.0140000000000029" classname="coxt02" name="coxt02_fails_on_incomlete_data"/>
  </testsuite>
  <testsuite name="default_tlg" timestamp="2025-06-06T09:24:04Z" hostname="5f151ed9bf3b" tests="15" skipped="0" failures="0" errors="0" time="11.794">
    <testcase time="0.161000000000001" classname="default_tlg" name="ael01_nollt_function_with_default_argument_value_return_expected_result_with_test_data"/>
    <testcase time="0.555999999999997" classname="default_tlg" name="aet01_function_with_default_argument_value_return_expected_result_with_test_data"/>
    <testcase time="0.503" classname="default_tlg" name="aet01_aesi_function_with_default_argument_value_return_expected_result_with_test_data"/>
    <testcase time="0.984999999999999" classname="default_tlg" name="aet02_functions_with_default_argument_value_return_expected_result_with_test_data"/>
    <testcase time="2.129" classname="default_tlg" name="aet03_functions_with_default_argument_value_return_expected_result_with_test_data"/>
    <testcase time="3.258" classname="default_tlg" name="aet04_functions_with_default_argument_value_return_expected_result_with_test_data"/>
    <testcase time="0.438000000000002" classname="default_tlg" name="aet05_functions_with_default_argument_value_return_expected_result_with_test_data"/>
    <testcase time="0.436999999999998" classname="default_tlg" name="aet05_all_functions_with_default_argument_value_return_expected_result_with_test_data"/>
    <testcase time="0.323999999999998" classname="default_tlg" name="aet10_functions_with_default_argument_value_return_expected_result_with_test_data"/>
    <testcase time="0.382000000000005" classname="default_tlg" name="cmt02_pt_functions_with_default_argument_value_return_expected_result_with_test_data"/>
    <testcase time="0.507000000000005" classname="default_tlg" name="coxt01_functions_with_default_argument_value_return_expected_result_with_test_data"/>
    <testcase time="0.675999999999988" classname="default_tlg" name="coxt02_functions_with_default_argument_value_return_expected_result_with_test_data"/>
    <testcase time="0.656000000000006" classname="default_tlg" name="dmt01_functions_with_default_argument_value_return_expected_result_with_test_data"/>
    <testcase time="0.447000000000003" classname="default_tlg" name="dst01_functions_with_default_argument_value_return_expected_result_with_test_data"/>
    <testcase time="0.334999999999994" classname="default_tlg" name="dtht01_functions_with_default_argument_value_return_expected_result_with_test_data"/>
  </testsuite>
  <testsuite name="dmt01" timestamp="2025-06-06T09:24:16Z" hostname="5f151ed9bf3b" tests="19" skipped="0" failures="0" errors="0" time="4.52">
    <testcase time="0.216000000000008" classname="dmt01" name="dmt01_can_handle_NA_values"/>
    <testcase time="0.340999999999994" classname="dmt01" name="dmt01_can_handle_NA_values"/>
    <testcase time="0.231999999999999" classname="dmt01" name="dmt01_can_handle_numeric_NA_values"/>
    <testcase time="0.619" classname="dmt01" name="dmt01_can_handle_numeric_NA_values"/>
    <testcase time="0.0150000000000006" classname="dmt01" name="dmt01_returns_an_error_when_variables_are_of_the_wrong_type"/>
    <testcase time="0.150000000000006" classname="dmt01" name="dmt01_works_as_expected_with_setting_default_precision"/>
    <testcase time="0.302999999999997" classname="dmt01" name="dmt01_works_as_expected_with_setting_default_precision"/>
    <testcase time="0.165999999999997" classname="dmt01" name="dmt01_works_as_expected_with_auto_precision_settings"/>
    <testcase time="0.373000000000005" classname="dmt01" name="dmt01_works_as_expected_with_auto_precision_settings"/>
    <testcase time="0.161999999999992" classname="dmt01" name="dmt01_works_as_expected_with_auto_precision_settings_and_defined_precision"/>
    <testcase time="0.344999999999999" classname="dmt01" name="dmt01_works_as_expected_with_auto_precision_settings_and_defined_precision"/>
    <testcase time="0.15100000000001" classname="dmt01" name="dmt01_works_as_expected_with_auto_precision_settings_and_defined_precision_and_default"/>
    <testcase time="0.302999999999997" classname="dmt01" name="dmt01_works_as_expected_with_auto_precision_settings_and_defined_precision_and_default"/>
    <testcase time="0.141000000000005" classname="dmt01" name="dmt01_works_as_expected_with_cutomized_stats_value"/>
    <testcase time="0.268999999999991" classname="dmt01" name="dmt01_works_as_expected_with_cutomized_stats_value"/>
    <testcase time="0.150000000000006" classname="dmt01" name="dmt01_works_as_expected_with_empty_list_as_stats_value"/>
    <testcase time="0.307000000000002" classname="dmt01" name="dmt01_works_as_expected_with_empty_list_as_stats_value"/>
    <testcase time="0.083999999999989" classname="dmt01" name="dmt01_works_as_expected_with_only_one_summaryvars"/>
    <testcase time="0.192999999999998" classname="dmt01" name="dmt01_works_as_expected_with_only_one_summaryvars"/>
  </testsuite>
  <testsuite name="dst01" timestamp="2025-06-06T09:24:20Z" hostname="5f151ed9bf3b" tests="14" skipped="0" failures="0" errors="0" time="2.517">
    <testcase time="0.140000000000001" classname="dst01" name="dst01_works_as_expected_when_all_data_are_NA"/>
    <testcase time="0.0720000000000027" classname="dst01" name="dst01_works_as_expected_when_all_data_are_NA"/>
    <testcase time="0.117000000000004" classname="dst01" name="dst01_can_handle_all_NA_values_in_DCSREAS"/>
    <testcase time="0.149000000000001" classname="dst01" name="dst01_can_handle_all_NA_values_in_DCSREAS"/>
    <testcase time="0.167999999999992" classname="dst01" name="dst01_can_handle_some_NA_values"/>
    <testcase time="0.221000000000004" classname="dst01" name="dst01_can_handle_some_NA_values"/>
    <testcase time="0.137" classname="dst01" name="dst01_can_handle_missing_levels_in_status_var"/>
    <testcase time="0.070999999999998" classname="dst01" name="dst01_can_handle_missing_levels_in_status_var"/>
    <testcase time="0.197000000000003" classname="dst01" name="dst01_can_create_variants"/>
    <testcase time="0.222000000000008" classname="dst01" name="dst01_can_create_variants"/>
    <testcase time="0.236999999999995" classname="dst01" name="dst01_can_create_variants"/>
    <testcase time="0.242000000000004" classname="dst01" name="dst01_can_create_variants"/>
    <testcase time="0.259" classname="dst01" name="dst01_can_create_variants"/>
    <testcase time="0.284999999999997" classname="dst01" name="dst01_can_create_variants"/>
  </testsuite>
  <testsuite name="dtht01" timestamp="2025-06-06T09:24:23Z" hostname="5f151ed9bf3b" tests="5" skipped="0" failures="0" errors="0" time="1.445">
    <testcase time="0.0970000000000084" classname="dtht01" name="dtht01_can_handle_all_NA_values"/>
    <testcase time="0.170000000000002" classname="dtht01" name="dtht01_can_handle_all_NA_values"/>
    <testcase time="0.23899999999999" classname="dtht01" name="dtht01_can_handle_some_NA_values"/>
    <testcase time="0.350000000000009" classname="dtht01" name="dtht01_can_handle_some_NA_values"/>
    <testcase time="0.588999999999999" classname="dtht01" name="dtht01_can_be_parametrize_as_expected"/>
  </testsuite>
  <testsuite name="egt01" timestamp="2025-06-06T09:24:24Z" hostname="5f151ed9bf3b" tests="3" skipped="0" failures="0" errors="0" time="6.934">
    <testcase time="3.45399999999999" classname="egt01" name="egt01_functions_with_default_argument_value_return_expected_result_with_test_data"/>
    <testcase time="1.31500000000001" classname="egt01" name="egt01_can_handle_n_0_and_outputs_NE_instead_of_infs_and_NAs"/>
    <testcase time="2.16500000000001" classname="egt01" name="egt01_can_handle_n_0_and_outputs_NE_instead_of_infs_and_NAs"/>
  </testsuite>
  <testsuite name="egt02" timestamp="2025-06-06T09:24:31Z" hostname="5f151ed9bf3b" tests="2" skipped="0" failures="0" errors="0" time="0.669">
    <testcase time="0.341999999999999" classname="egt02" name="egt02_1_functions_with_default_argument_value_return_expected_result_with_test_data"/>
    <testcase time="0.326999999999998" classname="egt02" name="egt02_2_functions_with_default_value_return_expected_result_with_test_data"/>
  </testsuite>
  <testsuite name="egt03" timestamp="2025-06-06T09:24:32Z" hostname="5f151ed9bf3b" tests="5" skipped="0" failures="0" errors="0" time="3.335">
    <testcase time="1.648" classname="egt03" name="egt03_functions_with_default_argument_value_return_expected_result_with_test_data"/>
    <testcase time="0.0210000000000008" classname="egt03" name="egt03_errors_on_all_NA_values"/>
    <testcase time="0.546000000000006" classname="egt03" name="egt03_can_handle_some_NA_values"/>
    <testcase time="1.10499999999999" classname="egt03" name="egt03_can_handle_some_NA_values"/>
    <testcase time="0.0150000000000006" classname="egt03" name="egt03_fails_on_incomplete_data"/>
  </testsuite>
  <testsuite name="egt05_qtcat" timestamp="2025-06-06T09:24:35Z" hostname="5f151ed9bf3b" tests="4" skipped="0" failures="0" errors="0" time="3.53">
    <testcase time="2.384" classname="egt05_qtcat" name="egt05_qtcat_functions_with_default_argument_value_return_expected_result_with_test_data"/>
    <testcase time="0.0160000000000053" classname="egt05_qtcat" name="egt05_qtcat_erros_on_all_NA_values"/>
    <testcase time="0.373999999999995" classname="egt05_qtcat" name="egt05_qtcat_can_handle_some_NA_values"/>
    <testcase time="0.756" classname="egt05_qtcat" name="egt05_qtcat_can_handle_some_NA_values"/>
  </testsuite>
  <testsuite name="empty_report" timestamp="2025-06-06T09:24:39Z" hostname="5f151ed9bf3b" tests="25" skipped="0" failures="0" errors="0" time="2.729">
    <testcase time="0.097999999999999" classname="empty_report" name="tlg_functions_return_null_reports_when_domain_table_is_empty"/>
    <testcase time="0.259" classname="empty_report" name="tlg_functions_return_null_reports_when_domain_table_is_empty"/>
    <testcase time="0.185000000000002" classname="empty_report" name="tlg_functions_return_null_reports_when_domain_table_is_empty"/>
    <testcase time="0.103000000000009" classname="empty_report" name="tlg_functions_return_null_reports_when_domain_table_is_empty"/>
    <testcase time="0.100999999999999" classname="empty_report" name="tlg_functions_return_null_reports_when_domain_table_is_empty"/>
    <testcase time="0.0699999999999932" classname="empty_report" name="tlg_functions_return_null_reports_when_domain_table_is_empty"/>
    <testcase time="0.0919999999999987" classname="empty_report" name="tlg_functions_return_null_reports_when_domain_table_is_empty"/>
    <testcase time="0.158000000000001" classname="empty_report" name="tlg_functions_return_null_reports_when_domain_table_is_empty"/>
    <testcase time="0.171000000000006" classname="empty_report" name="tlg_functions_return_null_reports_when_domain_table_is_empty"/>
    <testcase time="0.0840000000000032" classname="empty_report" name="tlg_functions_return_null_reports_when_domain_table_is_empty"/>
    <testcase time="0.102999999999994" classname="empty_report" name="tlg_functions_return_null_reports_when_domain_table_is_empty"/>
    <testcase time="0.0519999999999925" classname="empty_report" name="tlg_functions_return_null_reports_when_domain_table_is_empty"/>
    <testcase time="0.0500000000000114" classname="empty_report" name="tlg_functions_return_null_reports_when_domain_table_is_empty"/>
    <testcase time="0.0759999999999934" classname="empty_report" name="tlg_functions_return_null_reports_when_domain_table_is_empty"/>
    <testcase time="0.0679999999999978" classname="empty_report" name="tlg_functions_return_null_reports_when_domain_table_is_empty"/>
    <testcase time="0.0859999999999985" classname="empty_report" name="tlg_functions_return_null_reports_when_domain_table_is_empty"/>
    <testcase time="0.0799999999999983" classname="empty_report" name="tlg_functions_return_null_reports_when_domain_table_is_empty"/>
    <testcase time="0.106000000000009" classname="empty_report" name="tlg_functions_return_null_reports_when_domain_table_is_empty"/>
    <testcase time="0.304000000000002" classname="empty_report" name="tlg_functions_return_null_reports_when_domain_table_is_empty"/>
    <testcase time="0.090999999999994" classname="empty_report" name="tlg_functions_return_null_reports_when_domain_table_is_empty"/>
    <testcase time="0.0960000000000036" classname="empty_report" name="tlg_functions_return_null_reports_when_domain_table_is_empty"/>
    <testcase time="0.0939999999999941" classname="empty_report" name="tlg_functions_return_null_reports_when_domain_table_is_empty"/>
    <testcase time="0.0949999999999989" classname="empty_report" name="tlg_functions_return_null_reports_when_domain_table_is_empty"/>
    <testcase time="0.0570000000000022" classname="empty_report" name="tlg_functions_return_null_reports_when_domain_table_is_empty"/>
    <testcase time="0.0499999999999972" classname="empty_report" name="tlg_functions_return_null_reports_when_domain_table_is_empty"/>
  </testsuite>
  <testsuite name="ext01" timestamp="2025-06-06T09:24:42Z" hostname="5f151ed9bf3b" tests="11" skipped="0" failures="0" errors="0" time="5.983">
    <testcase time="0.527000000000001" classname="ext01" name="ext01_functions_with_default_argument_value_return_expected_result_with_test_data"/>
    <testcase time="0.568000000000012" classname="ext01" name="ext01_functions_with_categorical_data_return_expected_result_with_test_data"/>
    <testcase time="0.211999999999989" classname="ext01" name="ext01_works"/>
    <testcase time="0.322000000000003" classname="ext01" name="ext01_works"/>
    <testcase time="0.201999999999998" classname="ext01" name="ext01_works"/>
    <testcase time="0.320000000000007" classname="ext01" name="ext01_works"/>
    <testcase time="0.584999999999994" classname="ext01" name="ext01_works_for_selected_parameters_and_categorical_variables"/>
    <testcase time="0.890000000000001" classname="ext01" name="ext01_works_with_custom_mapping_order"/>
    <testcase time="0.876999999999995" classname="ext01" name="ext01_works_with_custom_mapping_order_for_a_single_split"/>
    <testcase time="0.940000000000012" classname="ext01" name="ext01_works_with_custom_mapping_fill_in_value"/>
    <testcase time="0.539999999999992" classname="ext01" name="ext01_precision_argument_works_as_expected"/>
  </testsuite>
  <testsuite name="fstg01" timestamp="2025-06-06T09:24:48Z" hostname="5f151ed9bf3b" tests="13" skipped="0" failures="0" errors="0" time="7.212">
    <testcase time="0.0120000000000005" classname="fstg01" name="fstg01_works_as_expected"/>
    <testcase time="1.38200000000001" classname="fstg01" name="fstg01_works_as_expected"/>
    <testcase time="0.00300000000000011" classname="fstg01" name="fstg01_works_as_expected"/>
    <testcase time="1.381" classname="fstg01" name="fstg01_works_as_expected_with_custom_color_set"/>
    <testcase time="0.00300000000000011" classname="fstg01" name="fstg01_works_as_expected_with_custom_color_set"/>
    <testcase time="1.358" classname="fstg01" name="fstg01_works_as_expected_with_custom_color_set"/>
    <testcase time="0.00300000000000011" classname="fstg01" name="fstg01_works_as_expected_with_custom_color_set"/>
    <testcase time="0.710000000000008" classname="fstg01" name="fstg01_works_if_changes_are_in_subgroups_conf_level_and_label_all"/>
    <testcase time="0.00300000000000011" classname="fstg01" name="fstg01_works_if_changes_are_in_subgroups_conf_level_and_label_all"/>
    <testcase time="0.963999999999999" classname="fstg01" name="fstg01_works_if_changes_are_in_subgroups_conf_level_and_label_all"/>
    <testcase time="0.00300000000000011" classname="fstg01" name="fstg01_works_if_changes_are_in_subgroups_conf_level_and_label_all"/>
    <testcase time="1.387" classname="fstg01" name="fstg01_can_handle_some_NA_values_in_subgroups"/>
    <testcase time="0.00300000000000011" classname="fstg01" name="fstg01_can_handle_some_NA_values_in_subgroups"/>
  </testsuite>
  <testsuite name="fstg02" timestamp="2025-06-06T09:24:55Z" hostname="5f151ed9bf3b" tests="9" skipped="0" failures="0" errors="0" time="9.201">
    <testcase time="0.012999999999991" classname="fstg02" name="fstg02_works_as_expected"/>
    <testcase time="1.477" classname="fstg02" name="fstg02_works_as_expected"/>
    <testcase time="1.208" classname="fstg02" name="fstg02_works_as_expected_with_custom_color_set"/>
    <testcase time="1.218" classname="fstg02" name="fstg02_works_as_expected_with_custom_color_set"/>
    <testcase time="0.599000000000004" classname="fstg02" name="fstg02_works_if_changes_are_in_subgroups_strata_var_conf_level_and_label_all"/>
    <testcase time="0.832999999999998" classname="fstg02" name="fstg02_works_if_changes_are_in_subgroups_strata_var_conf_level_and_label_all"/>
    <testcase time="1.247" classname="fstg02" name="fstg02_can_handle_some_NA_values_in_subgroups"/>
    <testcase time="1.27799999999999" classname="fstg02" name="fstg02_can_handle_customized_time_units"/>
    <testcase time="1.328" classname="fstg02" name="fstg02_can_handle_customized_time_units"/>
  </testsuite>
  <testsuite name="kmg01" timestamp="2025-06-06T09:25:04Z" hostname="5f151ed9bf3b" tests="13" skipped="0" failures="0" errors="0" time="2.392">
    <testcase time="0.0130000000000052" classname="kmg01" name="kmg01_works_as_expected"/>
    <testcase time="0.424999999999997" classname="kmg01" name="kmg01_works_as_expected"/>
    <testcase time="0.00300000000000011" classname="kmg01" name="kmg01_works_as_expected"/>
    <testcase time="0.426999999999992" classname="kmg01" name="kmg01_works_as_expected_with_custom_color_set"/>
    <testcase time="0.00300000000000011" classname="kmg01" name="kmg01_works_as_expected_with_custom_color_set"/>
    <testcase time="0.411000000000001" classname="kmg01" name="kmg01_works_as_expected_with_custom_color_set"/>
    <testcase time="0.00400000000000489" classname="kmg01" name="kmg01_works_as_expected_with_custom_color_set"/>
    <testcase time="0.396000000000001" classname="kmg01" name="kmg01_works_if_change_pvalue_ties_and_conf_level"/>
    <testcase time="0.00300000000000011" classname="kmg01" name="kmg01_works_if_change_pvalue_ties_and_conf_level"/>
    <testcase time="0.432999999999993" classname="kmg01" name="kmg01_works_if_change_annotation_position"/>
    <testcase time="0.00300000000000011" classname="kmg01" name="kmg01_works_if_change_annotation_position"/>
    <testcase time="0.268000000000001" classname="kmg01" name="kmg01_works_for_stratified_analysis"/>
    <testcase time="0.00300000000000011" classname="kmg01" name="kmg01_works_for_stratified_analysis"/>
  </testsuite>
  <testsuite name="lbt01" timestamp="2025-06-06T09:25:06Z" hostname="5f151ed9bf3b" tests="4" skipped="0" failures="0" errors="0" time="10.302">
    <testcase time="3.48399999999999" classname="lbt01" name="lbt01_functions_with_default_argument_value_return_expected_result_with_test_data"/>
    <testcase time="3.77200000000002" classname="lbt01" name="lbt01_functions_with_row_split_var_return_expected_result_with_test_data"/>
    <testcase time="0.984999999999985" classname="lbt01" name="lbt01_can_handle_n_0_and_outputs_NE_instead_of_infs_and_NAs"/>
    <testcase time="2.06100000000001" classname="lbt01" name="lbt01_can_handle_n_0_and_outputs_NE_instead_of_infs_and_NAs"/>
  </testsuite>
  <testsuite name="lbt04" timestamp="2025-06-06T09:25:17Z" hostname="5f151ed9bf3b" tests="8" skipped="0" failures="0" errors="0" time="2.993">
    <testcase time="0.941000000000003" classname="lbt04" name="lbt04_functions_with_default_argument_value_return_expected_result_with_test_data"/>
    <testcase time="0.0799999999999841" classname="lbt04" name="lbt04_can_handle_all_NA_values"/>
    <testcase time="0.078000000000003" classname="lbt04" name="lbt04_can_handle_all_NA_values"/>
    <testcase time="0.29000000000002" classname="lbt04" name="lbt04_can_handle_missing_levels"/>
    <testcase time="0.643999999999977" classname="lbt04" name="lbt04_can_handle_missing_levels"/>
    <testcase time="0.298000000000002" classname="lbt04" name="lbt04_can_handle_some_NA_values"/>
    <testcase time="0.64700000000002" classname="lbt04" name="lbt04_can_handle_some_NA_values"/>
    <testcase time="0.0149999999999864" classname="lbt04" name="lbt04_fails_on_incomlete_data"/>
  </testsuite>
  <testsuite name="lbt05" timestamp="2025-06-06T09:25:20Z" hostname="5f151ed9bf3b" tests="14" skipped="0" failures="0" errors="0" time="4.775">
    <testcase time="0.705000000000013" classname="lbt05" name="lbt05_functions_with_default_argument_value_return_expected_result_with_test_data"/>
    <testcase time="0.369" classname="lbt05" name="lbt05_functions_with_default_argument_value_return_expected_result_with_test_data"/>
    <testcase time="0.314999999999998" classname="lbt05" name="lbt05_give_all_0_count_if_ANRIND_are_all_missing"/>
    <testcase time="0.301999999999992" classname="lbt05" name="lbt05_can_handle_some_NA_values"/>
    <testcase time="0.407000000000011" classname="lbt05" name="lbt05_can_handle_some_NA_values"/>
    <testcase time="0.039999999999992" classname="lbt05" name="lbt05_fails_on_incomlete_data"/>
    <testcase time="0.307999999999993" classname="lbt05" name="lbt05_works_with_missing_levels"/>
    <testcase time="0.409999999999997" classname="lbt05" name="lbt05_works_with_missing_levels"/>
    <testcase time="0.245000000000005" classname="lbt05" name="map_argument_works_as_expected"/>
    <testcase time="0.336000000000013" classname="lbt05" name="map_argument_works_as_expected"/>
    <testcase time="0.281000000000006" classname="lbt05" name="incomplete_map_argument_works_as_expected"/>
    <testcase time="0.37299999999999" classname="lbt05" name="incomplete_map_argument_works_as_expected"/>
    <testcase time="0.308999999999997" classname="lbt05" name="prune_0_keeps_the_Any_Abnormaility_row"/>
    <testcase time="0.375" classname="lbt05" name="prune_0_keeps_the_Any_Abnormaility_row"/>
  </testsuite>
  <testsuite name="lbt06" timestamp="2025-06-06T09:25:24Z" hostname="5f151ed9bf3b" tests="3" skipped="0" failures="0" errors="0" time="3.919">
    <testcase time="1.00399999999999" classname="lbt06" name="lbt06_gives_all_0_count_if_ANRIND_and_BNRIND_are_all_missing"/>
    <testcase time="2.87700000000001" classname="lbt06" name="lbt06_can_handle_some_NA_values"/>
    <testcase time="0.0380000000000109" classname="lbt06" name="lbt06_fails_on_incomplete_data"/>
  </testsuite>
  <testsuite name="lbt07" timestamp="2025-06-06T09:25:28Z" hostname="5f151ed9bf3b" tests="4" skipped="0" failures="0" errors="0" time="1.852">
    <testcase time="0.917999999999978" classname="lbt07" name="lbt07_functions_with_default_argument_value_return_expected_result_with_test_data"/>
    <testcase time="0.40300000000002" classname="lbt07" name="lbt07_can_handle_some_NA_values"/>
    <testcase time="0.49799999999999" classname="lbt07" name="lbt07_can_handle_some_NA_values"/>
    <testcase time="0.032999999999987" classname="lbt07" name="lbt07_fails_on_incomlete_data"/>
  </testsuite>
  <testsuite name="lbt14" timestamp="2025-06-06T09:25:30Z" hostname="5f151ed9bf3b" tests="20" skipped="0" failures="0" errors="0" time="8.078">
    <testcase time="0.710000000000008" classname="lbt14" name="lbt14_functions_with_default_argument_value_return_expected_result_with_test_data"/>
    <testcase time="0.703000000000003" classname="lbt14" name="lbt14_functions_with_default_argument_value_return_expected_result_with_test_data_when_direction_high"/>
    <testcase time="0.587999999999994" classname="lbt14" name="lbt14_functions_with_gr_missing_excl_return_expected_result_with_test_data"/>
    <testcase time="0.582999999999998" classname="lbt14" name="lbt14_functions_with_gr_missing_gr_0_return_expected_result_with_test_data"/>
    <testcase time="0.353000000000009" classname="lbt14" name="lbt14_can_handle_all_NA_values"/>
    <testcase time="0.13300000000001" classname="lbt14" name="lbt14_can_handle_all_NA_values"/>
    <testcase time="0.397999999999996" classname="lbt14" name="lbt14_can_handle_some_NA_values"/>
    <testcase time="0.312999999999988" classname="lbt14" name="lbt14_can_handle_some_NA_values"/>
    <testcase time="1.316" classname="lbt14" name="lbt14_can_accept_different_gr_missing"/>
    <testcase time="0.266999999999996" classname="lbt14" name="lbt14_can_accept_different_gr_missing"/>
    <testcase time="0.268000000000001" classname="lbt14" name="lbt14_can_accept_different_gr_missing"/>
    <testcase time="0.0169999999999959" classname="lbt14" name="lbt14_fails_on_incomlete_data"/>
    <testcase time="0.361000000000018" classname="lbt14" name="lbt14_can_handle_all_NA_values_with_direction_high"/>
    <testcase time="0.127999999999986" classname="lbt14" name="lbt14_can_handle_all_NA_values_with_direction_high"/>
    <testcase time="0.378000000000014" classname="lbt14" name="lbt14_can_handle_some_NA_values_with_direction_high"/>
    <testcase time="0.171999999999997" classname="lbt14" name="lbt14_can_handle_some_NA_values_with_direction_high"/>
    <testcase time="1.09799999999998" classname="lbt14" name="lbt14_can_accept_different_gr_missing_with_direction_high"/>
    <testcase time="0.138000000000005" classname="lbt14" name="lbt14_can_accept_different_gr_missing_with_direction_high"/>
    <testcase time="0.134000000000015" classname="lbt14" name="lbt14_can_accept_different_gr_missing_with_direction_high"/>
    <testcase time="0.0199999999999818" classname="lbt14" name="lbt14_fails_on_incomlete_data"/>
  </testsuite>
  <testsuite name="lbt15" timestamp="2025-06-06T09:25:38Z" hostname="5f151ed9bf3b" tests="12" skipped="0" failures="0" errors="0" time="5.926">
    <testcase time="0.961000000000013" classname="lbt15" name="lbt15_functions_with_default_argument_value_return_expected_result_with_test_data"/>
    <testcase time="0.306999999999988" classname="lbt15" name="lbt15_can_handle_all_NA_values"/>
    <testcase time="0.659999999999997" classname="lbt15" name="lbt15_can_handle_all_NA_values"/>
    <testcase time="0.314999999999998" classname="lbt15" name="lbt15_can_handle_missing_levels"/>
    <testcase time="0.686000000000007" classname="lbt15" name="lbt15_can_handle_missing_levels"/>
    <testcase time="0.306000000000012" classname="lbt15" name="lbt15_can_handle_missing_levels_in_baseline"/>
    <testcase time="0.682999999999993" classname="lbt15" name="lbt15_can_handle_missing_levels_in_baseline"/>
    <testcase time="0.308999999999997" classname="lbt15" name="lbt15_can_handle_some_NA_values"/>
    <testcase time="0.679000000000002" classname="lbt15" name="lbt15_can_handle_some_NA_values"/>
    <testcase time="0.320999999999998" classname="lbt15" name="lbt15_can_handle_some_NA_values_in_baseline"/>
    <testcase time="0.682999999999993" classname="lbt15" name="lbt15_can_handle_some_NA_values_in_baseline"/>
    <testcase time="0.0160000000000196" classname="lbt15" name="lbt15_fails_on_incomlete_data"/>
  </testsuite>
  <testsuite name="mht01" timestamp="2025-06-06T09:25:44Z" hostname="5f151ed9bf3b" tests="4" skipped="0" failures="0" errors="0" time="3.384">
    <testcase time="0.706999999999994" classname="mht01" name="mht01_functions_with_default_argument_value_return_expected_result_with_test_data"/>
    <testcase time="0.691000000000003" classname="mht01" name="mht01_works"/>
    <testcase time="0.685000000000002" classname="mht01" name="mht01_works_on_NULL_in_lbl_mhbodsys_or_lbl_mhdecod"/>
    <testcase time="1.30099999999999" classname="mht01" name="mht01_works_with_other_row_split_var"/>
  </testsuite>
  <testsuite name="mng01" timestamp="2025-06-06T09:25:48Z" hostname="5f151ed9bf3b" tests="19" skipped="8" failures="0" errors="0" time="9.127">
    <testcase time="1.012" classname="mng01" name="mng01_works_as_expected_with_default_argument_values"/>
    <testcase time="0.00100000000000477" classname="mng01" name="mng01_works_as_expected_with_default_argument_values">
      <skipped message="Reason: On CI ('test-mng01.R:9:5')"/>
    </testcase>
    <testcase time="1.047" classname="mng01" name="mng01_works_as_expected_with_custom_argument_values"/>
    <testcase time="0.0109999999999957" classname="mng01" name="mng01_works_as_expected_with_custom_argument_values"/>
    <testcase time="0.00100000000000477" classname="mng01" name="mng01_works_as_expected_with_custom_argument_values">
      <skipped message="Reason: On CI ('test-mng01.R:45:5')"/>
    </testcase>
    <testcase time="1.154" classname="mng01" name="mng01_works_as_expected_with_custom_color_set"/>
    <testcase time="0.923000000000002" classname="mng01" name="mng01_works_as_expected_with_custom_color_set"/>
    <testcase time="0.00100000000000477" classname="mng01" name="mng01_works_as_expected_with_custom_color_set">
      <skipped message="Reason: On CI ('test-mng01.R:69:5')"/>
    </testcase>
    <testcase time="0.947000000000003" classname="mng01" name="mng01_works_as_expected_with_custom_line_type_set"/>
    <testcase time="0.963999999999999" classname="mng01" name="mng01_works_as_expected_with_custom_line_type_set"/>
    <testcase time="0.00100000000000477" classname="mng01" name="mng01_works_as_expected_with_custom_line_type_set">
      <skipped message="Reason: On CI ('test-mng01.R:91:5')"/>
    </testcase>
    <testcase time="0.162000000000006" classname="mng01" name="mng01_works_with_table_NULL"/>
    <testcase time="0.000999999999976353" classname="mng01" name="mng01_works_with_table_NULL">
      <skipped message="Reason: On CI ('test-mng01.R:104:5')"/>
    </testcase>
    <testcase time="0.978000000000009" classname="mng01" name="mng01_works_with_combination_of_x_variables"/>
    <testcase time="0.00200000000000955" classname="mng01" name="mng01_works_with_combination_of_x_variables">
      <skipped message="Reason: On CI ('test-mng01.R:122:5')"/>
    </testcase>
    <testcase time="0.918000000000006" classname="mng01" name="mng01_works_with_numeric_x_variable"/>
    <testcase time="0.000999999999976353" classname="mng01" name="mng01_works_with_numeric_x_variable">
      <skipped message="Reason: On CI ('test-mng01.R:143:5')"/>
    </testcase>
    <testcase time="1.00200000000001" classname="mng01" name="mng01_works_with_numeric_jitter"/>
    <testcase time="0.00100000000000477" classname="mng01" name="mng01_works_with_numeric_jitter">
      <skipped message="Reason: On CI ('test-mng01.R:161:5')"/>
    </testcase>
  </testsuite>
  <testsuite name="pdt01" timestamp="2025-06-06T09:25:57Z" hostname="5f151ed9bf3b" tests="5" skipped="0" failures="0" errors="0" time="1.215">
    <testcase time="0.465000000000003" classname="pdt01" name="pdt01_function_with_default_argument_value_return_expected_result_with_test_data"/>
    <testcase time="0.117999999999995" classname="pdt01" name="pdt01_can_handle_all_NA_values"/>
    <testcase time="0.162000000000006" classname="pdt01" name="pdt01_can_handle_all_NA_values"/>
    <testcase time="0.212999999999994" classname="pdt01" name="pdt01_can_handle_some_NA_values"/>
    <testcase time="0.257000000000005" classname="pdt01" name="pdt01_can_handle_some_NA_values"/>
  </testsuite>
  <testsuite name="pdt02" timestamp="2025-06-06T09:25:58Z" hostname="5f151ed9bf3b" tests="5" skipped="0" failures="0" errors="0" time="0.971">
    <testcase time="0.330999999999989" classname="pdt02" name="pdt02_function_with_default_argument_value_return_expected_result_with_test_data"/>
    <testcase time="0.134000000000015" classname="pdt02" name="pdt02_can_handle_all_NA_values"/>
    <testcase time="0.182999999999993" classname="pdt02" name="pdt02_can_handle_all_NA_values"/>
    <testcase time="0.138000000000005" classname="pdt02" name="pdt02_can_handle_some_NA_values"/>
    <testcase time="0.185000000000002" classname="pdt02" name="pdt02_can_handle_some_NA_values"/>
  </testsuite>
  <testsuite name="reexports" timestamp="2025-06-06T09:25:59Z" hostname="5f151ed9bf3b" tests="2" skipped="0" failures="0" errors="0" time="0.015">
    <testcase time="0.00899999999998613" classname="reexports" name="with_label_exported_correctly"/>
    <testcase time="0.00600000000000023" classname="reexports" name="reformat_exported_correctly"/>
  </testsuite>
  <testsuite name="report_null" timestamp="2025-06-06T09:25:59Z" hostname="5f151ed9bf3b" tests="12" skipped="0" failures="0" errors="0" time="0.168">
    <testcase time="0.0159999999999911" classname="report_null" name="report_null_works_as_expected_with_NULL_"/>
    <testcase time="0.0110000000000241" classname="report_null" name="report_null_works_as_expected_with_NULL_"/>
    <testcase time="0.0429999999999779" classname="report_null" name="report_null_works_as_expected_with_VTableTree_"/>
    <testcase time="0.0220000000000198" classname="report_null" name="report_null_works_as_expected_with_VTableTree_"/>
    <testcase time="0.00999999999999091" classname="report_null" name="report_null_works_as_expected_with_VTableTree_"/>
    <testcase time="0.00899999999998613" classname="report_null" name="report_null_works_as_expected_with_listing_df_"/>
    <testcase time="0.0110000000000241" classname="report_null" name="report_null_works_as_expected_with_listing_df_"/>
    <testcase time="0.00999999999999091" classname="report_null" name="report_null_works_as_expected_with_listing_df_"/>
    <testcase time="0.00899999999998613" classname="report_null" name="report_null_works_as_expected_with_list_"/>
    <testcase time="0.0190000000000055" classname="report_null" name="report_null_works_as_expected_with_list_"/>
    <testcase time="0.00600000000000023" classname="report_null" name="report_null_works_as_expected_with_by_default"/>
    <testcase time="0.00200000000000955" classname="report_null" name="report_null_works_as_expected_with_by_default"/>
  </testsuite>
  <testsuite name="rmpt01" timestamp="2025-06-06T09:25:59Z" hostname="5f151ed9bf3b" tests="11" skipped="0" failures="0" errors="0" time="1.558">
    <testcase time="0.217999999999989" classname="rmpt01" name="rmpt01_function_with_default_argument_value_return_expected_result_with_test_data"/>
    <testcase time="0.0649999999999977" classname="rmpt01" name="rmpt01_can_handle_NA_values"/>
    <testcase time="0.156000000000006" classname="rmpt01" name="rmpt01_can_handle_NA_values"/>
    <testcase time="0.147999999999996" classname="rmpt01" name="rmpt01_can_handle_NA_values"/>
    <testcase time="0.271000000000015" classname="rmpt01" name="rmpt01_can_handle_NA_values"/>
    <testcase time="0.0799999999999841" classname="rmpt01" name="rmpt01_can_handle_some_NA_values"/>
    <testcase time="0.144000000000005" classname="rmpt01" name="rmpt01_can_handle_some_NA_values"/>
    <testcase time="0.149000000000001" classname="rmpt01" name="rmpt01_can_handle_some_NA_values"/>
    <testcase time="0.265000000000015" classname="rmpt01" name="rmpt01_can_handle_some_NA_values"/>
    <testcase time="0.0339999999999918" classname="rmpt01" name="rmpt01_fails_on_incomlete_data"/>
    <testcase time="0.0279999999999916" classname="rmpt01" name="rmpt01_fails_on_incomlete_data"/>
  </testsuite>
  <testsuite name="rmpt03" timestamp="2025-06-06T09:26:01Z" hostname="5f151ed9bf3b" tests="12" skipped="0" failures="0" errors="0" time="2.298">
    <testcase time="0.373000000000019" classname="rmpt03" name="rmpt03_function_with_default_argument_value_return_expected_result_with_test_data"/>
    <testcase time="0.121999999999986" classname="rmpt03" name="rmpt03_can_handle_NA_values"/>
    <testcase time="0.233000000000004" classname="rmpt03" name="rmpt03_can_handle_NA_values"/>
    <testcase time="0.224999999999994" classname="rmpt03" name="rmpt03_can_handle_NA_values"/>
    <testcase time="0.318000000000012" classname="rmpt03" name="rmpt03_can_handle_NA_values"/>
    <testcase time="0.133999999999986" classname="rmpt03" name="rmpt03_can_handle_some_NA_values"/>
    <testcase time="0.244" classname="rmpt03" name="rmpt03_can_handle_some_NA_values"/>
    <testcase time="0.224000000000018" classname="rmpt03" name="rmpt03_can_handle_some_NA_values"/>
    <testcase time="0.336999999999989" classname="rmpt03" name="rmpt03_can_handle_some_NA_values"/>
    <testcase time="0.0430000000000064" classname="rmpt03" name="rmpt03_fails_on_incomlete_data"/>
    <testcase time="0.0279999999999916" classname="rmpt03" name="rmpt03_fails_on_incomlete_data"/>
    <testcase time="0.0169999999999959" classname="rmpt03" name="rmpt03_fails_on_incomlete_data"/>
  </testsuite>
  <testsuite name="rmpt04" timestamp="2025-06-06T09:26:03Z" hostname="5f151ed9bf3b" tests="10" skipped="0" failures="0" errors="0" time="1.105">
    <testcase time="0.205000000000013" classname="rmpt04" name="rmpt04_function_with_default_argument_value_return_expected_result_with_test_data"/>
    <testcase time="0.078000000000003" classname="rmpt04" name="rmpt04_can_handle_NA_values"/>
    <testcase time="0.137" classname="rmpt04" name="rmpt04_can_handle_NA_values"/>
    <testcase time="0.0569999999999879" classname="rmpt04" name="rmpt04_can_handle_NA_values"/>
    <testcase time="0.139999999999986" classname="rmpt04" name="rmpt04_can_handle_NA_values"/>
    <testcase time="0.0770000000000266" classname="rmpt04" name="rmpt04_can_handle_some_NA_values"/>
    <testcase time="0.134999999999991" classname="rmpt04" name="rmpt04_can_handle_some_NA_values"/>
    <testcase time="0.0689999999999884" classname="rmpt04" name="rmpt04_can_handle_some_NA_values"/>
    <testcase time="0.150000000000006" classname="rmpt04" name="rmpt04_can_handle_some_NA_values"/>
    <testcase time="0.0569999999999879" classname="rmpt04" name="rmpt04_fails_on_incomlete_data"/>
  </testsuite>
  <testsuite name="rmpt05" timestamp="2025-06-06T09:26:04Z" hostname="5f151ed9bf3b" tests="10" skipped="0" failures="0" errors="0" time="1.18">
    <testcase time="0.230000000000018" classname="rmpt05" name="rmpt05_function_with_default_argument_value_return_expected_result_with_test_data"/>
    <testcase time="0.0649999999999977" classname="rmpt05" name="rmpt05_can_handle_NA_values"/>
    <testcase time="0.149000000000001" classname="rmpt05" name="rmpt05_can_handle_NA_values"/>
    <testcase time="0.0769999999999982" classname="rmpt05" name="rmpt05_can_handle_NA_values"/>
    <testcase time="0.15100000000001" classname="rmpt05" name="rmpt05_can_handle_NA_values"/>
    <testcase time="0.0649999999999977" classname="rmpt05" name="rmpt05_can_handle_some_NA_values"/>
    <testcase time="0.147999999999996" classname="rmpt05" name="rmpt05_can_handle_some_NA_values"/>
    <testcase time="0.0829999999999984" classname="rmpt05" name="rmpt05_can_handle_some_NA_values"/>
    <testcase time="0.156000000000006" classname="rmpt05" name="rmpt05_can_handle_some_NA_values"/>
    <testcase time="0.0559999999999832" classname="rmpt05" name="rmpt05_fails_on_incomlete_data"/>
  </testsuite>
  <testsuite name="rmpt06" timestamp="2025-06-06T09:26:05Z" hostname="5f151ed9bf3b" tests="6" skipped="0" failures="0" errors="0" time="2.271">
    <testcase time="0.623999999999995" classname="rmpt06" name="rmpt06_works_as_expected"/>
    <testcase time="0.660000000000025" classname="rmpt06" name="rmpt06_works_as_expected_with_show_diff_TRUE"/>
    <testcase time="0.254999999999995" classname="rmpt06" name="rmpt06_can_handle_all_NA_values"/>
    <testcase time="0.318999999999988" classname="rmpt06" name="rmpt06_can_handle_all_NA_values"/>
    <testcase time="0.257000000000005" classname="rmpt06" name="rmpt06_can_handle_all_NA_values"/>
    <testcase time="0.156000000000006" classname="rmpt06" name="rmpt06_can_handle_all_NA_values"/>
  </testsuite>
  <testsuite name="rspt01" timestamp="2025-06-06T09:26:07Z" hostname="5f151ed9bf3b" tests="27" skipped="0" failures="0" errors="0" time="7.659">
    <testcase time="0.0169999999999959" classname="rspt01" name="rspt01_works_as_expected"/>
    <testcase time="0.337999999999994" classname="rspt01" name="rspt01_works_as_expected"/>
    <testcase time="0.288000000000011" classname="rspt01" name="rspt01_works_as_expected"/>
    <testcase time="0.34899999999999" classname="rspt01" name="rspt01_works_as_expected_for_stratified_and_unstratified_analysis"/>
    <testcase time="0.527999999999992" classname="rspt01" name="rspt01_works_as_expected_for_stratified_and_unstratified_analysis"/>
    <testcase time="0.346000000000004" classname="rspt01" name="rspt01_works_as_expected_for_stratified_and_unstratified_analysis"/>
    <testcase time="0.295999999999992" classname="rspt01" name="rspt01_works_as_expected_for_stratified_and_unstratified_analysis"/>
    <testcase time="0.248000000000019" classname="rspt01" name="rspt01_works_as_expected_for_unstratified_analysis_only"/>
    <testcase time="0.239000000000004" classname="rspt01" name="rspt01_works_as_expected_for_unstratified_analysis_only"/>
    <testcase time="0.257999999999981" classname="rspt01" name="rspt01_works_as_expected_for_unstratified_analysis_only"/>
    <testcase time="0.249000000000024" classname="rspt01" name="rspt01_works_as_expected_for_unstratified_analysis_only"/>
    <testcase time="0.25" classname="rspt01" name="rspt01_works_as_expected_for_stratified_analysis_only"/>
    <testcase time="0.238" classname="rspt01" name="rspt01_works_as_expected_for_stratified_analysis_only"/>
    <testcase time="0.264999999999986" classname="rspt01" name="rspt01_works_as_expected_for_stratified_analysis_only"/>
    <testcase time="0.248999999999995" classname="rspt01" name="rspt01_works_as_expected_for_stratified_analysis_only"/>
    <testcase time="0.27000000000001" classname="rspt01" name="rspt01_works_if_change_reference_group"/>
    <testcase time="0.25" classname="rspt01" name="rspt01_works_if_change_reference_group"/>
    <testcase time="0.330999999999989" classname="rspt01" name="rspt01_works_if_change_reference_group"/>
    <testcase time="0.296999999999997" classname="rspt01" name="rspt01_works_if_change_reference_group"/>
    <testcase time="0.269000000000005" classname="rspt01" name="rspt01_works_if_change_statistic_methods"/>
    <testcase time="0.24799999999999" classname="rspt01" name="rspt01_works_if_change_statistic_methods"/>
    <testcase time="0.334000000000003" classname="rspt01" name="rspt01_works_if_change_statistic_methods"/>
    <testcase time="0.322000000000003" classname="rspt01" name="rspt01_works_if_change_statistic_methods"/>
    <testcase time="0.292000000000002" classname="rspt01" name="rspt01_works_if_change_confidence_interval"/>
    <testcase time="0.253000000000014" classname="rspt01" name="rspt01_works_if_change_confidence_interval"/>
    <testcase time="0.334000000000003" classname="rspt01" name="rspt01_works_if_change_confidence_interval"/>
    <testcase time="0.300999999999988" classname="rspt01" name="rspt01_works_if_change_confidence_interval"/>
  </testsuite>
  <testsuite name="ttet01" timestamp="2025-06-06T09:26:15Z" hostname="5f151ed9bf3b" tests="16" skipped="0" failures="0" errors="0" time="5.13">
    <testcase time="0.0159999999999911" classname="ttet01" name="ttet01_works_as_expected"/>
    <testcase time="0.384000000000015" classname="ttet01" name="ttet01_works_as_expected"/>
    <testcase time="0.47399999999999" classname="ttet01" name="ttet01_works_as_expected"/>
    <testcase time="0.0190000000000055" classname="ttet01" name="ttet01_returns_an_error_when_one_level_or_arm_var_is_empty"/>
    <testcase time="0.306000000000012" classname="ttet01" name="ttet01_works_as_expected_for_stratified_and_unstratified_analysis"/>
    <testcase time="0.330999999999989" classname="ttet01" name="ttet01_works_as_expected_for_stratified_and_unstratified_analysis"/>
    <testcase time="0.395999999999987" classname="ttet01" name="ttet01_works_as_expected_for_stratified_and_unstratified_analysis"/>
    <testcase time="0.410000000000025" classname="ttet01" name="ttet01_works_as_expected_for_stratified_and_unstratified_analysis"/>
    <testcase time="0.310999999999979" classname="ttet01" name="ttet01_works_as_expected_for_stratified_analysis_only"/>
    <testcase time="0.330000000000013" classname="ttet01" name="ttet01_works_as_expected_for_stratified_analysis_only"/>
    <testcase time="0.341000000000008" classname="ttet01" name="ttet01_works_as_expected_for_stratified_analysis_only"/>
    <testcase time="0.37299999999999" classname="ttet01" name="ttet01_works_as_expected_for_stratified_analysis_only"/>
    <testcase time="0.299000000000007" classname="ttet01" name="ttet01_works_if_change_reference_group"/>
    <testcase time="0.325999999999993" classname="ttet01" name="ttet01_works_if_change_reference_group"/>
    <testcase time="0.401999999999987" classname="ttet01" name="ttet01_works_if_change_reference_group"/>
    <testcase time="0.412000000000006" classname="ttet01" name="ttet01_works_if_change_reference_group"/>
  </testsuite>
  <testsuite name="unwrap" timestamp="2025-06-06T09:26:20Z" hostname="5f151ed9bf3b" tests="12" skipped="0" failures="0" errors="0" time="0.165">
    <testcase time="0.0130000000000052" classname="unwrap" name="unwrap_layout_works_as_expected_with_standard_chevron_t_main_function"/>
    <testcase time="0.00200000000000955" classname="unwrap" name="unwrap_layout_works_as_expected_with_standard_chevron_t_main_function"/>
    <testcase time="0.000999999999976353" classname="unwrap" name="unwrap_layout_works_as_expected_with_standard_chevron_t_main_function"/>
    <testcase time="0.0340000000000202" classname="unwrap" name="unwrap_layout_works_as_expected_with_standard_chevron_t_main_function"/>
    <testcase time="0.0120000000000005" classname="unwrap" name="unwrap_layout_works_as_expected_with_standard_chevron_g_main_function"/>
    <testcase time="0.007000000000005" classname="unwrap" name="unwrap_layout_works_as_expected_with_standard_chevron_l_main_function"/>
    <testcase time="0.00600000000000023" classname="unwrap" name="unwrap_layout_works_as_expected_with_a_custom_function_without_layout_function"/>
    <testcase time="0.0289999999999964" classname="unwrap" name="unwrap_layout_works_as_expected_with_a_custom_function_with_layout_function"/>
    <testcase time="0.00199999999998113" classname="unwrap" name="unwrap_layout_works_as_expected_with_a_custom_function_with_layout_function"/>
    <testcase time="0.0289999999999964" classname="unwrap" name="unwrap_layout_works_as_expected_with_multiple_layout_function"/>
    <testcase time="0.0290000000000248" classname="unwrap" name="unwrap_layout_works_as_expected_on_custom_function_with_overwritten_layout_function"/>
    <testcase time="0.000999999999976353" classname="unwrap" name="unwrap_layout_works_as_expected_on_custom_function_with_overwritten_layout_function"/>
  </testsuite>
  <testsuite name="utils" timestamp="2025-06-06T09:26:20Z" hostname="5f151ed9bf3b" tests="81" skipped="0" failures="0" errors="0" time="2.455">
    <testcase time="0.00900000000001455" classname="utils" name="h_format_dec_works_as_exected"/>
    <testcase time="0.0029999999999859" classname="utils" name="h_format_dec_works_as_exected"/>
    <testcase time="0.00100000000000477" classname="utils" name="h_format_dec_works_as_exected"/>
    <testcase time="0.00300000000001432" classname="utils" name="h_format_dec_works_as_exected"/>
    <testcase time="0.00100000000000477" classname="utils" name="h_format_dec_works_as_exected"/>
    <testcase time="0.0029999999999859" classname="utils" name="h_format_dec_works_as_exected"/>
    <testcase time="0.00200000000000955" classname="utils" name="h_format_dec_works_as_exected"/>
    <testcase time="0.00199999999998113" classname="utils" name="h_format_dec_works_as_exected"/>
    <testcase time="0.00200000000000955" classname="utils" name="h_format_dec_works_as_exected"/>
    <testcase time="0.00200000000000955" classname="utils" name="h_format_dec_works_as_exected"/>
    <testcase time="0.00199999999998113" classname="utils" name="h_format_dec_works_as_exected"/>
    <testcase time="0.00300000000001432" classname="utils" name="h_format_dec_works_as_exected"/>
    <testcase time="0.00499999999999545" classname="utils" name="h_format_dec_works_as_expected_with_more_than_one_value"/>
    <testcase time="0.00300000000001432" classname="utils" name="h_format_dec_works_as_expected_with_more_than_one_value"/>
    <testcase time="0.00600000000000023" classname="utils" name="h_format_dec_works_as_expected_with_NA_digits"/>
    <testcase time="0.00499999999999545" classname="utils" name="fuse_sequentially_works"/>
    <testcase time="0.0029999999999859" classname="utils" name="fuse_sequentially_works"/>
    <testcase time="0.0109999999999957" classname="utils" name="ifneeded_split_row_works_as_expected"/>
    <testcase time="0.00600000000000023" classname="utils" name="ifneeded_split_row_works_as_expected"/>
    <testcase time="0.0769999999999982" classname="utils" name="_unnamed_"/>
    <testcase time="0.0760000000000218" classname="utils" name="_unnamed_"/>
    <testcase time="0.063999999999993" classname="utils" name="_unnamed_"/>
    <testcase time="0.0459999999999923" classname="utils" name="_unnamed_"/>
    <testcase time="0.00300000000001432" classname="utils" name="droplevels.character_works_as_expected"/>
    <testcase time="0.0029999999999859" classname="utils" name="droplevels.character_works_as_expected"/>
    <testcase time="0.00499999999999545" classname="utils" name="lvls.character_works_as_expected"/>
    <testcase time="0.00300000000001432" classname="utils" name="lvls.character_works_as_expected"/>
    <testcase time="0.00399999999999068" classname="utils" name="lvls.factor_works_as_expected"/>
    <testcase time="0.00300000000001432" classname="utils" name="lvls.factor_works_as_expected"/>
    <testcase time="0.00499999999999545" classname="utils" name="lvls.default_works_as_expected"/>
    <testcase time="0.0029999999999859" classname="utils" name="lvls.default_works_as_expected"/>
    <testcase time="0.0040000000000191" classname="utils" name="quote_str_works_as_expected"/>
    <testcase time="0.0029999999999859" classname="utils" name="quote_str_works_as_expected"/>
    <testcase time="0.00499999999999545" classname="utils" name="quote_str_works_as_expected"/>
    <testcase time="0.00499999999999545" classname="utils" name="modify_default_args_works_as_expected"/>
    <testcase time="0.00200000000000955" classname="utils" name="modify_default_args_works_as_expected"/>
    <testcase time="0.00499999999999545" classname="utils" name="execute_with_args_works_as_expected"/>
    <testcase time="0.00300000000001432" classname="utils" name="execute_with_args_works_as_expected"/>
    <testcase time="0.00199999999998113" classname="utils" name="execute_with_args_works_as_expected"/>
    <testcase time="0.00200000000000955" classname="utils" name="execute_with_args_works_as_expected"/>
    <testcase time="0.00200000000000955" classname="utils" name="execute_with_args_works_as_expected"/>
    <testcase time="0.0029999999999859" classname="utils" name="execute_with_args_works_as_expected"/>
    <testcase time="0.00200000000000955" classname="utils" name="execute_with_args_works_as_expected"/>
    <testcase time="0.00200000000000955" classname="utils" name="execute_with_args_works_as_expected"/>
    <testcase time="0.00199999999998113" classname="utils" name="execute_with_args_works_as_expected"/>
    <testcase time="0.00300000000001432" classname="utils" name="execute_with_args_works_as_expected"/>
    <testcase time="0.00100000000000477" classname="utils" name="execute_with_args_works_as_expected"/>
    <testcase time="0.0029999999999859" classname="utils" name="execute_with_args_works_as_expected"/>
    <testcase time="0.00499999999999545" classname="utils" name="do_call_work_as_expected"/>
    <testcase time="0.00300000000001432" classname="utils" name="do_call_work_as_expected"/>
    <testcase time="0.00799999999998136" classname="utils" name="do_call_errors_as_expected"/>
    <testcase time="0.00500000000002387" classname="utils" name="do_call_errors_as_expected"/>
    <testcase time="0.00499999999999545" classname="utils" name="convert_to_month_work_as_expected"/>
    <testcase time="0.0029999999999859" classname="utils" name="convert_to_month_work_as_expected"/>
    <testcase time="0.00200000000000955" classname="utils" name="convert_to_month_work_as_expected"/>
    <testcase time="0.0029999999999859" classname="utils" name="convert_to_month_work_as_expected"/>
    <testcase time="0.00200000000000955" classname="utils" name="convert_to_month_work_as_expected"/>
    <testcase time="0.00300000000001432" classname="utils" name="convert_to_month_work_as_expected"/>
    <testcase time="0.00799999999998136" classname="utils" name="convert_to_month_warning_messages_as_expected"/>
    <testcase time="0.0159999999999911" classname="utils" name="gg_theme_chevron_works_as_expected"/>
    <testcase time="0.00200000000000955" classname="utils" name="gg_theme_chevron_works_as_expected"/>
    <testcase time="0.00300000000001432" classname="utils" name="gg_theme_chevron_works_as_expected"/>
    <testcase time="0.00699999999997658" classname="utils" name="gg_theme_chevron_works_as_expected"/>
    <testcase time="0.00100000000000477" classname="utils" name="gg_theme_chevron_works_as_expected"/>
    <testcase time="0.00300000000001432" classname="utils" name="gg_theme_chevron_works_as_expected"/>
    <testcase time="0.00600000000000023" classname="utils" name="modify_character_works"/>
    <testcase time="0.0029999999999859" classname="utils" name="modify_character_works"/>
    <testcase time="0.007000000000005" classname="utils" name="expand_list_works"/>
    <testcase time="0.00300000000001432" classname="utils" name="expand_list_works"/>
    <testcase time="0.00399999999999068" classname="utils" name="set_section_div_works"/>
    <testcase time="0.00499999999999545" classname="utils" name="set_section_div_works"/>
    <testcase time="0.00499999999999545" classname="utils" name="set_section_div_works"/>
    <testcase time="0.00300000000001432" classname="utils" name="set_section_div_works"/>
    <testcase time="0.00600000000000023" classname="utils" name="get_section_div_works"/>
    <testcase time="0.0029999999999859" classname="utils" name="get_section_div_works"/>
    <testcase time="0.949000000000012" classname="utils" name="grob_list_is_deprecated"/>
    <testcase time="0.942000000000007" classname="utils" name="gg_list_is_deprecated"/>
    <testcase time="0.00699999999997658" classname="utils" name="format_date_works_as_expected_for_POSIXct"/>
    <testcase time="0.00300000000001432" classname="utils" name="format_date_works_as_expected_for_POSIXct"/>
    <testcase time="0.0120000000000005" classname="utils" name="format_date_works_as_expected_for_Date"/>
    <testcase time="0.00499999999999545" classname="utils" name="format_date_works_as_expected_for_Date"/>
  </testsuite>
  <testsuite name="vst01" timestamp="2025-06-06T09:26:23Z" hostname="5f151ed9bf3b" tests="3" skipped="0" failures="0" errors="0" time="4.825">
    <testcase time="2.41" classname="vst01" name="vst01_functions_with_default_argument_value_return_expected_result_with_test_data"/>
    <testcase time="0.807000000000016" classname="vst01" name="run_vst01_works_as_expected"/>
    <testcase time="1.60799999999998" classname="vst01" name="run_vst01_works_as_expected"/>
  </testsuite>
  <testsuite name="vst02" timestamp="2025-06-06T09:26:28Z" hostname="5f151ed9bf3b" tests="2" skipped="0" failures="0" errors="0" time="0.96">
    <testcase time="0.484000000000009" classname="vst02" name="vst02_functions_with_default_argument_value_return_expected_result_with_test_data"/>
    <testcase time="0.475999999999999" classname="vst02" name="vst02_functions_return_expected_result_with_test_data_when_excluding_subject_with_baseline_abnormality"/>
  </testsuite>
</testsuites>
