<?xml version="1.0" encoding="UTF-8"?>
<testsuites>
  <testsuite name="ael01_nollt" timestamp="2025-06-06T13:42:26Z" hostname="198b1ab1a88c" tests="14" skipped="0" failures="0" errors="0" time="1.205">
    <testcase time="0.0640000000000001" classname="ael01_nollt" name="ael01_nollt_works_with_admh_dataset"/>
    <testcase time="0.288" classname="ael01_nollt" name="ael01_nollt_works_with_admh_dataset"/>
    <testcase time="0.0300000000000002" classname="ael01_nollt" name="ael01_nollt_works_with_non_default_label"/>
    <testcase time="0.204" classname="ael01_nollt" name="ael01_nollt_works_with_non_default_label"/>
    <testcase time="0.0290000000000004" classname="ael01_nollt" name="ael01_nollt_can_handle_all_missing_values"/>
    <testcase time="0.0819999999999999" classname="ael01_nollt" name="ael01_nollt_can_handle_all_missing_values"/>
    <testcase time="0.0289999999999999" classname="ael01_nollt" name="ael01_nollt_can_handle_some_missing_values"/>
    <testcase time="0.132" classname="ael01_nollt" name="ael01_nollt_can_handle_some_missing_values"/>
    <testcase time="0.028" classname="ael01_nollt" name="ael01_nollt_listing_can_be_split_by_an_additional_variable"/>
    <testcase time="0.00199999999999978" classname="ael01_nollt" name="ael01_nollt_listing_can_be_split_by_an_additional_variable"/>
    <testcase time="0.168" classname="ael01_nollt" name="ael01_nollt_listing_can_be_split_by_an_additional_variable"/>
    <testcase time="0.028" classname="ael01_nollt" name="split_ael01_nollt_listing_do_not_display_missing_values"/>
    <testcase time="0.00099999999999989" classname="ael01_nollt" name="split_ael01_nollt_listing_do_not_display_missing_values"/>
    <testcase time="0.12" classname="ael01_nollt" name="split_ael01_nollt_listing_do_not_display_missing_values"/>
  </testsuite>
  <testsuite name="ael02" timestamp="2025-06-06T13:42:28Z" hostname="198b1ab1a88c" tests="9" skipped="0" failures="0" errors="0" time="2.82">
    <testcase time="0.0600000000000001" classname="ael02" name="ael02_works_with_adae_dataset"/>
    <testcase time="0.00099999999999989" classname="ael02" name="ael02_works_with_adae_dataset"/>
    <testcase time="0.874" classname="ael02" name="ael02_works_with_adae_dataset"/>
    <testcase time="0.0430000000000001" classname="ael02" name="ael02_can_handle_all_missing_values"/>
    <testcase time="0.000999999999999446" classname="ael02" name="ael02_can_handle_all_missing_values"/>
    <testcase time="0.919" classname="ael02" name="ael02_can_handle_all_missing_values"/>
    <testcase time="0.0430000000000001" classname="ael02" name="ael02_functions_work_as_expected"/>
    <testcase time="0.00199999999999978" classname="ael02" name="ael02_functions_work_as_expected"/>
    <testcase time="0.877" classname="ael02" name="ael02_functions_work_as_expected"/>
  </testsuite>
  <testsuite name="ael03" timestamp="2025-06-06T13:42:31Z" hostname="198b1ab1a88c" tests="9" skipped="0" failures="0" errors="0" time="2.867">
    <testcase time="0.0949999999999998" classname="ael03" name="ael03_works_with_adae_dataset"/>
    <testcase time="0.00100000000000033" classname="ael03" name="ael03_works_with_adae_dataset"/>
    <testcase time="0.879" classname="ael03" name="ael03_works_with_adae_dataset"/>
    <testcase time="0.0429999999999993" classname="ael03" name="ael03_can_handle_all_missing_values"/>
    <testcase time="0.00100000000000033" classname="ael03" name="ael03_can_handle_all_missing_values"/>
    <testcase time="0.928000000000001" classname="ael03" name="ael03_can_handle_all_missing_values"/>
    <testcase time="0.0429999999999993" classname="ael03" name="ael03_functions_work_as_expected"/>
    <testcase time="0.000999999999999446" classname="ael03" name="ael03_functions_work_as_expected"/>
    <testcase time="0.876000000000001" classname="ael03" name="ael03_functions_work_as_expected"/>
  </testsuite>
  <testsuite name="aet01" timestamp="2025-06-06T13:42:33Z" hostname="198b1ab1a88c" tests="13" skipped="0" failures="0" errors="0" time="3.376">
    <testcase time="0.417999999999999" classname="aet01" name="aet01_can_handle_all_NA_values"/>
    <testcase time="0.291" classname="aet01" name="aet01_can_handle_all_NA_values"/>
    <testcase time="0.297000000000001" classname="aet01" name="aet01_can_handle_all_NA_values"/>
    <testcase time="0.225999999999999" classname="aet01" name="aet01_can_handle_all_NA_values"/>
    <testcase time="0.432" classname="aet01" name="aet01_can_handle_some_NA_values"/>
    <testcase time="0.272" classname="aet01" name="aet01_can_handle_some_NA_values"/>
    <testcase time="0.199" classname="aet01" name="aet01_can_use_custom_anl_vars"/>
    <testcase time="0.166" classname="aet01" name="aet01_can_use_custom_anl_vars"/>
    <testcase time="0.0599999999999987" classname="aet01" name="aet01_fails_on_incomplete_data_input"/>
    <testcase time="0.292" classname="aet01" name="aet01_can_use_custom_medconcept_var"/>
    <testcase time="0.286000000000001" classname="aet01" name="aet01_can_use_custom_medconcept_var"/>
    <testcase time="0.19" classname="aet01" name="aet01_can_conditionally_show_the_number_of_withdrawal"/>
    <testcase time="0.247" classname="aet01" name="aet01_can_conditionally_show_the_number_of_withdrawal"/>
  </testsuite>
  <testsuite name="aet01_aesi" timestamp="2025-06-06T13:42:37Z" hostname="198b1ab1a88c" tests="9" skipped="0" failures="0" errors="0" time="2.071">
    <testcase time="0.225" classname="aet01_aesi" name="aet01_aesi_can_handle_all_NA_values"/>
    <testcase time="0.255000000000001" classname="aet01_aesi" name="aet01_aesi_can_handle_all_NA_values"/>
    <testcase time="0.189" classname="aet01_aesi" name="aet01_aesi_can_handle_all_NA_values"/>
    <testcase time="0.219999999999999" classname="aet01_aesi" name="aet01_aesi_can_handle_all_NA_values"/>
    <testcase time="0.195" classname="aet01_aesi" name="aet01_aesi_can_handle_some_NA_values"/>
    <testcase time="0.254" classname="aet01_aesi" name="aet01_aesi_can_handle_some_NA_values"/>
    <testcase time="0.272" classname="aet01_aesi" name="aet01_aesi_works_with_ALL_argument"/>
    <testcase time="0.41" classname="aet01_aesi" name="aet01_aesi_works_with_ALL_argument"/>
    <testcase time="0.0510000000000002" classname="aet01_aesi" name="aet01_aesi_check_fails_on_incomplete_data_input"/>
  </testsuite>
  <testsuite name="aet02" timestamp="2025-06-06T13:42:39Z" hostname="198b1ab1a88c" tests="4" skipped="0" failures="0" errors="0" time="2.451">
    <testcase time="0.0519999999999996" classname="aet02" name="aet02_fails_on_incomplete_data_input"/>
    <testcase time="0.126000000000001" classname="aet02" name="aet02_handle_empty_data_input"/>
    <testcase time="1.498" classname="aet02" name="aet02_can_have_different_levels_of_row_split"/>
    <testcase time="0.774999999999999" classname="aet02" name="aet02_can_have_different_levels_of_row_split"/>
  </testsuite>
  <testsuite name="aet03" timestamp="2025-06-06T13:42:41Z" hostname="198b1ab1a88c" tests="4" skipped="0" failures="0" errors="0" time="2.6">
    <testcase time="0.274000000000001" classname="aet03" name="aet03_can_handle_NA_values"/>
    <testcase time="0.256999999999998" classname="aet03" name="aet03_can_handle_NA_values"/>
    <testcase time="1.334" classname="aet03" name="aet03_can_handle_some_NA_values"/>
    <testcase time="0.735000000000003" classname="aet03" name="aet03_can_handle_some_NA_values"/>
  </testsuite>
  <testsuite name="aet04" timestamp="2025-06-06T13:42:44Z" hostname="198b1ab1a88c" tests="12" skipped="0" failures="0" errors="0" time="11.719">
    <testcase time="0.430999999999997" classname="aet04" name="aet04_can_handle_NA_values"/>
    <testcase time="0.420999999999999" classname="aet04" name="aet04_can_handle_NA_values"/>
    <testcase time="0.425000000000001" classname="aet04" name="aet04_can_handle_NA_values"/>
    <testcase time="0.00400000000000134" classname="aet04" name="aet04_can_handle_NA_values"/>
    <testcase time="0.414999999999999" classname="aet04" name="aet04_can_handle_NA_values"/>
    <testcase time="0.423000000000002" classname="aet04" name="aet04_can_handle_NA_values"/>
    <testcase time="2.37" classname="aet04" name="aet04_can_handle_some_NA_values"/>
    <testcase time="1.165" classname="aet04" name="aet04_can_handle_some_NA_values"/>
    <testcase time="2.372" classname="aet04" name="aet04_can_handle_some_NA_values"/>
    <testcase time="0.00600000000000023" classname="aet04" name="aet04_can_handle_some_NA_values"/>
    <testcase time="2.438" classname="aet04" name="aet04_can_handle_some_NA_values"/>
    <testcase time="1.249" classname="aet04" name="aet04_can_handle_some_NA_values"/>
  </testsuite>
  <testsuite name="aet05" timestamp="2025-06-06T13:42:56Z" hostname="198b1ab1a88c" tests="6" skipped="0" failures="0" errors="0" time="1.279">
    <testcase time="0.162000000000003" classname="aet05" name="aet05_can_handle_NA_values"/>
    <testcase time="0.253999999999998" classname="aet05" name="aet05_can_handle_NA_values"/>
    <testcase time="0.148" classname="aet05" name="aet05_can_handle_some_NA_values"/>
    <testcase time="0.279" classname="aet05" name="aet05_can_handle_some_NA_values"/>
    <testcase time="0.144000000000002" classname="aet05" name="aet05_can_handle_some_NA_values"/>
    <testcase time="0.291999999999994" classname="aet05" name="aet05_can_handle_some_NA_values"/>
  </testsuite>
  <testsuite name="aet05_all" timestamp="2025-06-06T13:42:57Z" hostname="198b1ab1a88c" tests="6" skipped="0" failures="0" errors="0" time="1.432">
    <testcase time="0.157000000000004" classname="aet05_all" name="aet05_all_can_handle_NA_values"/>
    <testcase time="0.256" classname="aet05_all" name="aet05_all_can_handle_NA_values"/>
    <testcase time="0.152999999999999" classname="aet05_all" name="aet05_all_can_handle_some_NA_values"/>
    <testcase time="0.471000000000004" classname="aet05_all" name="aet05_all_can_handle_some_NA_values"/>
    <testcase time="0.129999999999995" classname="aet05_all" name="aet05_all_can_handle_some_NA_values"/>
    <testcase time="0.265000000000001" classname="aet05_all" name="aet05_all_can_handle_some_NA_values"/>
  </testsuite>
  <testsuite name="aet10" timestamp="2025-06-06T13:42:58Z" hostname="198b1ab1a88c" tests="4" skipped="0" failures="0" errors="0" time="0.502">
    <testcase time="0.070999999999998" classname="aet10" name="aet10_can_handle_NA_values"/>
    <testcase time="0.117000000000004" classname="aet10" name="aet10_can_handle_NA_values"/>
    <testcase time="0.0959999999999965" classname="aet10" name="aet10_can_handle_some_NA_values"/>
    <testcase time="0.218000000000004" classname="aet10" name="aet10_can_handle_some_NA_values"/>
  </testsuite>
  <testsuite name="assertions" timestamp="2025-06-06T13:42:59Z" hostname="198b1ab1a88c" tests="33" skipped="0" failures="0" errors="0" time="0.151">
    <testcase time="0.00799999999999557" classname="assertions" name="assert_valid_var.character_works_as_expected"/>
    <testcase time="0.00500000000000256" classname="assertions" name="assert_valid_var.character_works_as_expected"/>
    <testcase time="0.00900000000000034" classname="assertions" name="assert_valid_var.character_works_as_expected"/>
    <testcase time="0.00399999999999778" classname="assertions" name="assert_valid_var.character_works_as_expected"/>
    <testcase time="0.00200000000000244" classname="assertions" name="assert_valid_var.character_works_as_expected"/>
    <testcase time="0.00399999999999778" classname="assertions" name="assert_valid_var.factor_works_as_expected"/>
    <testcase time="0.00500000000000256" classname="assertions" name="assert_valid_var.factor_works_as_expected"/>
    <testcase time="0.00399999999999778" classname="assertions" name="assert_valid_var.factor_works_as_expected"/>
    <testcase time="0.00500000000000256" classname="assertions" name="assert_valid_var.factor_works_as_expected"/>
    <testcase time="0.000999999999997669" classname="assertions" name="assert_valid_var.factor_works_as_expected"/>
    <testcase time="0.00500000000000256" classname="assertions" name="assert_valid_var.logical_works_as_expected"/>
    <testcase time="0.00500000000000256" classname="assertions" name="assert_valid_var.logical_works_as_expected"/>
    <testcase time="0.00399999999999778" classname="assertions" name="assert_valid_var.logical_works_as_expected"/>
    <testcase time="0.00200000000000244" classname="assertions" name="assert_valid_var.logical_works_as_expected"/>
    <testcase time="0.00399999999999778" classname="assertions" name="assert_valid_var.numeric_works_as_expected"/>
    <testcase time="0.00499999999999545" classname="assertions" name="assert_valid_var.numeric_works_as_expected"/>
    <testcase time="0.00400000000000489" classname="assertions" name="assert_valid_var.numeric_works_as_expected"/>
    <testcase time="0.00199999999999534" classname="assertions" name="assert_valid_var.numeric_works_as_expected"/>
    <testcase time="0.00400000000000489" classname="assertions" name="assert_valid_var.numeric_works_as_expected"/>
    <testcase time="0.00199999999999534" classname="assertions" name="assert_valid_var.numeric_works_as_expected"/>
    <testcase time="0.00800000000000267" classname="assertions" name="assert_valid_var.POSIXct_works_as_expected"/>
    <testcase time="0.00999999999999801" classname="assertions" name="assert_valid_var.POSIXct_works_as_expected"/>
    <testcase time="0.00500000000000256" classname="assertions" name="assert_valid_variable_works_as_expected"/>
    <testcase time="0.00200000000000244" classname="assertions" name="assert_valid_variable_works_as_expected"/>
    <testcase time="0.00600000000000023" classname="assertions" name="assert_valid_variable_works_as_expected"/>
    <testcase time="0.00199999999999534" classname="assertions" name="assert_valid_variable_works_as_expected"/>
    <testcase time="0.00600000000000023" classname="assertions" name="assert_valid_variable_works_as_expected"/>
    <testcase time="0.00200000000000244" classname="assertions" name="assert_valid_variable_works_as_expected"/>
    <testcase time="0.00499999999999545" classname="assertions" name="assert_valid_var_pair_works_as_expected_with_character"/>
    <testcase time="0.00500000000000256" classname="assertions" name="assert_valid_var_pair_works_as_expected_with_character"/>
    <testcase time="0.00600000000000023" classname="assertions" name="assert_valid_var_pair_works_as_expected_with_factor"/>
    <testcase time="0.00500000000000256" classname="assertions" name="assert_valid_var_pair_works_as_expected_with_factor"/>
    <testcase time="0.00499999999999545" classname="assertions" name="assert_valid_var_pair_works_as_expected_with_factor"/>
  </testsuite>
  <testsuite name="cfbt01" timestamp="2025-06-06T13:42:59Z" hostname="198b1ab1a88c" tests="3" skipped="0" failures="0" errors="0" time="9.141">
    <testcase time="6.746" classname="cfbt01" name="cfbt01_functions_with_default_argument_value_return_expected_result_with_test_data"/>
    <testcase time="0.798000000000002" classname="cfbt01" name="cfbt01_can_handle_n_0_and_outputs_NE_instead_of_infs_and_NAs"/>
    <testcase time="1.597" classname="cfbt01" name="cfbt01_can_handle_n_0_and_outputs_NE_instead_of_infs_and_NAs"/>
  </testsuite>
  <testsuite name="checks" timestamp="2025-06-06T13:43:08Z" hostname="198b1ab1a88c" tests="8" skipped="0" failures="0" errors="0" time="0.027">
    <testcase time="0.00900000000000034" classname="checks" name="check_all_colnames_works_as_expected"/>
    <testcase time="0.00199999999999534" classname="checks" name="check_all_colnames_works_as_expected"/>
    <testcase time="0.00200000000000244" classname="checks" name="check_all_colnames_works_as_expected"/>
    <testcase time="0.00300000000000011" classname="checks" name="check_all_colnames_works_as_expected"/>
    <testcase time="0.00399999999999778" classname="checks" name="check_one_colnames_works_as_expected"/>
    <testcase time="0.00300000000000011" classname="checks" name="check_one_colnames_works_as_expected"/>
    <testcase time="0.00200000000000244" classname="checks" name="check_one_colnames_works_as_expected"/>
    <testcase time="0.00200000000000244" classname="checks" name="check_one_colnames_works_as_expected"/>
  </testsuite>
  <testsuite name="chevron_tlg-class" timestamp="2025-06-06T13:43:08Z" hostname="198b1ab1a88c" tests="29" skipped="0" failures="0" errors="0" time="0.094">
    <testcase time="0.00899999999999324" classname="chevron_tlg_class" name="chevron_t_object_can_be_constructed_with_default_values"/>
    <testcase time="0.00300000000000011" classname="chevron_tlg_class" name="chevron_t_object_can_be_constructed_with_default_values"/>
    <testcase time="0.00600000000000023" classname="chevron_tlg_class" name="chevron_t_object_can_be_constructed_with_custom_values"/>
    <testcase time="0.00300000000000011" classname="chevron_tlg_class" name="chevron_t_object_can_be_constructed_with_custom_values"/>
    <testcase time="0.00200000000000244" classname="chevron_tlg_class" name="chevron_t_object_can_be_constructed_with_custom_values"/>
    <testcase time="0.00300000000000011" classname="chevron_tlg_class" name="chevron_t_object_can_be_constructed_with_custom_values"/>
    <testcase time="0.00600000000000023" classname="chevron_tlg_class" name="chevron_t_constructor_returns_an_error_when_expected"/>
    <testcase time="0.000999999999997669" classname="chevron_tlg_class" name="chevron_t_constructor_returns_an_error_when_expected"/>
    <testcase time="0.00100000000000477" classname="chevron_tlg_class" name="chevron_t_constructor_returns_an_error_when_expected"/>
    <testcase time="0.000999999999997669" classname="chevron_tlg_class" name="chevron_t_constructor_returns_an_error_when_expected"/>
    <testcase time="0.000999999999997669" classname="chevron_tlg_class" name="chevron_t_constructor_returns_an_error_when_expected"/>
    <testcase time="0.00200000000000244" classname="chevron_tlg_class" name="chevron_t_constructor_returns_an_error_when_expected"/>
    <testcase time="0.000999999999997669" classname="chevron_tlg_class" name="chevron_t_constructor_returns_an_error_when_expected"/>
    <testcase time="0.00500000000000256" classname="chevron_tlg_class" name="chevron_l_object_can_be_constructed_with_default_values"/>
    <testcase time="0.00300000000000011" classname="chevron_tlg_class" name="chevron_l_object_can_be_constructed_with_default_values"/>
    <testcase time="0.00600000000000023" classname="chevron_tlg_class" name="chevron_g_object_can_be_constructed_with_custom_values"/>
    <testcase time="0.00300000000000011" classname="chevron_tlg_class" name="chevron_g_object_can_be_constructed_with_custom_values"/>
    <testcase time="0.00300000000000011" classname="chevron_tlg_class" name="chevron_g_object_can_be_constructed_with_custom_values"/>
    <testcase time="0.00300000000000011" classname="chevron_tlg_class" name="chevron_g_object_can_be_constructed_with_custom_values"/>
    <testcase time="0.00499999999999545" classname="chevron_tlg_class" name="chevron_g_constructor_returns_an_error_when_expected"/>
    <testcase time="0.00100000000000477" classname="chevron_tlg_class" name="chevron_g_constructor_returns_an_error_when_expected"/>
    <testcase time="0.00199999999999534" classname="chevron_tlg_class" name="chevron_g_constructor_returns_an_error_when_expected"/>
    <testcase time="0.00100000000000477" classname="chevron_tlg_class" name="chevron_g_constructor_returns_an_error_when_expected"/>
    <testcase time="0.000999999999997669" classname="chevron_tlg_class" name="chevron_g_constructor_returns_an_error_when_expected"/>
    <testcase time="0.000999999999997669" classname="chevron_tlg_class" name="chevron_g_constructor_returns_an_error_when_expected"/>
    <testcase time="0.00100000000000477" classname="chevron_tlg_class" name="chevron_g_constructor_returns_an_error_when_expected"/>
    <testcase time="0.0069999999999979" classname="chevron_tlg_class" name="chevron_simple_works_correctly"/>
    <testcase time="0.00200000000000244" classname="chevron_tlg_class" name="chevron_simple_works_correctly"/>
    <testcase time="0.0109999999999957" classname="chevron_tlg_class" name="chevron_simple_errors_if_contains_return"/>
  </testsuite>
  <testsuite name="chevron_tlg-methods" timestamp="2025-06-06T13:43:08Z" hostname="198b1ab1a88c" tests="62" skipped="1" failures="0" errors="0" time="10.17">
    <testcase time="1.09500000000001" classname="chevron_tlg_methods" name="run_works_as_expected_for_chevron_t_object"/>
    <testcase time="0.609999999999999" classname="chevron_tlg_methods" name="run_works_as_expected_for_chevron_t_object"/>
    <testcase time="0.616" classname="chevron_tlg_methods" name="run_works_as_expected_for_chevron_t_object_when_auto_pre_FALSE"/>
    <testcase time="0.317" classname="chevron_tlg_methods" name="run_works_as_expected_with_argument_printed"/>
    <testcase time="0.278999999999996" classname="chevron_tlg_methods" name="run_works_as_expected_with_argument_printed"/>
    <testcase time="0.427" classname="chevron_tlg_methods" name="run_works_as_expected_with_argument_printed_if_the_user_argument_is_complicated"/>
    <testcase time="0.383000000000003" classname="chevron_tlg_methods" name="run_works_as_expected_with_argument_printed_if_the_user_argument_is_complicated"/>
    <testcase time="0.414999999999999" classname="chevron_tlg_methods" name="run_uses_the_argument_passed_through_the_ellipsis_in_priority"/>
    <testcase time="0.383000000000003" classname="chevron_tlg_methods" name="run_uses_the_argument_passed_through_the_ellipsis_in_priority"/>
    <testcase time="0.308999999999997" classname="chevron_tlg_methods" name="run_works_as_expected_with_partial_match_argument"/>
    <testcase time="0.287999999999997" classname="chevron_tlg_methods" name="run_works_as_expected_with_partial_match_argument"/>
    <testcase time="0.420999999999999" classname="chevron_tlg_methods" name="run_displays_the_symbols_when_available"/>
    <testcase time="0.376000000000005" classname="chevron_tlg_methods" name="run_displays_the_symbols_when_available"/>
    <testcase time="0.309999999999995" classname="chevron_tlg_methods" name="run_print_internal_functions_when_unwrap_is_TRUE"/>
    <testcase time="0.00100000000000477" classname="chevron_tlg_methods" name="run_print_internal_functions_when_unwrap_is_TRUE"/>
    <testcase time="0.00199999999999534" classname="chevron_tlg_methods" name="run_print_internal_functions_when_unwrap_is_TRUE"/>
    <testcase time="0.0230000000000032" classname="chevron_tlg_methods" name="run_print_internal_functions_when_unwrap_is_TRUE"/>
    <testcase time="1.253" classname="chevron_tlg_methods" name="run_print_internal_functions_when_unwrap_is_TRUE_and_standard_chevron_tlg_has_no_layout"/>
    <testcase time="0.00999999999999801" classname="chevron_tlg_methods" name="run_print_internal_functions_when_unwrap_is_TRUE_and_the_chevron_tlg_object_is_customized"/>
    <testcase time="0.00200000000000244" classname="chevron_tlg_methods" name="run_print_internal_functions_when_unwrap_is_TRUE_and_the_chevron_tlg_object_is_customized"/>
    <testcase time="0.000999999999997669" classname="chevron_tlg_methods" name="run_print_internal_functions_when_unwrap_is_TRUE_and_the_chevron_tlg_object_is_customized"/>
    <testcase time="0.0219999999999985" classname="chevron_tlg_methods" name="run_print_internal_functions_when_unwrap_is_TRUE_and_the_chevron_tlg_object_is_customized"/>
    <testcase time="0.00800000000000267" classname="chevron_tlg_methods" name="run_print_main_and_postprocessing_functions_when_unwrap_is_TRUE_and_auto_pre_is_FALSE"/>
    <testcase time="0.00100000000000477" classname="chevron_tlg_methods" name="run_print_main_and_postprocessing_functions_when_unwrap_is_TRUE_and_auto_pre_is_FALSE"/>
    <testcase time="0.000999999999997669" classname="chevron_tlg_methods" name="run_print_main_and_postprocessing_functions_when_unwrap_is_TRUE_and_auto_pre_is_FALSE"/>
    <testcase time="0.000999999999997669" classname="chevron_tlg_methods" name="run_print_main_and_postprocessing_functions_when_unwrap_is_TRUE_and_auto_pre_is_FALSE"/>
    <testcase time="0.0230000000000032" classname="chevron_tlg_methods" name="run_print_main_and_postprocessing_functions_when_unwrap_is_TRUE_and_auto_pre_is_FALSE"/>
    <testcase time="0.00500000000000256" classname="chevron_tlg_methods" name="args_ls_works_as_expected"/>
    <testcase time="0.000999999999997669" classname="chevron_tlg_methods" name="args_ls_works_as_expected"/>
    <testcase time="0.000999999999997669" classname="chevron_tlg_methods" name="args_ls_works_as_expected"/>
    <testcase time="0.00500000000000256" classname="chevron_tlg_methods" name="args_ls_works_as_expected_when_simplify_is_TRUE"/>
    <testcase time="0.000999999999997669" classname="chevron_tlg_methods" name="args_ls_works_as_expected_when_simplify_is_TRUE"/>
    <testcase time="0.00100000000000477" classname="chevron_tlg_methods" name="args_ls_works_as_expected_when_simplify_is_TRUE"/>
    <testcase time="0.00600000000000023" classname="chevron_tlg_methods" name="args_ls_works_as_expected_with_custom_chevron_tlg_object"/>
    <testcase time="0.000999999999997669" classname="chevron_tlg_methods" name="args_ls_works_as_expected_with_custom_chevron_tlg_object"/>
    <testcase time="0.00199999999999534" classname="chevron_tlg_methods" name="args_ls_works_as_expected_with_custom_chevron_tlg_object"/>
    <testcase time="0.00200000000000244" classname="chevron_tlg_methods" name="args_ls_works_as_expected_with_custom_chevron_tlg_object"/>
    <testcase time="0.0069999999999979" classname="chevron_tlg_methods" name="main_works_as_expected"/>
    <testcase time="0.00600000000000023" classname="chevron_tlg_methods" name="main_setter_works_as_expected"/>
    <testcase time="0.0100000000000051" classname="chevron_tlg_methods" name="main_setter_throw_an_error_as_expected"/>
    <testcase time="0.00600000000000023" classname="chevron_tlg_methods" name="preprocess_works_as_expected"/>
    <testcase time="0.00600000000000023" classname="chevron_tlg_methods" name="preprocess_setter_works_as_expected"/>
    <testcase time="0.0169999999999959" classname="chevron_tlg_methods" name="preprocess_sends_an_error_as_expected"/>
    <testcase time="0.00800000000000267" classname="chevron_tlg_methods" name="postprocess_works_as_expected"/>
    <testcase time="0.00900000000000034" classname="chevron_tlg_methods" name="postprocess_setter_works_as_expected"/>
    <testcase time="0.00999999999999801" classname="chevron_tlg_methods" name="postprocess_sends_an_error_as_expected"/>
    <testcase time="0.00600000000000023" classname="chevron_tlg_methods" name="dataset_works_as_expected"/>
    <testcase time="0.0069999999999979" classname="chevron_tlg_methods" name="dataset_setter_works_as_expected"/>
    <testcase time="0.00900000000000034" classname="chevron_tlg_methods" name="dataset_sends_an_error_as_expected"/>
    <testcase time="0.00500000000000256" classname="chevron_tlg_methods" name="script_funs_works_as_expected_in_interactive_mode">
      <skipped message="Reason: !interactive() is TRUE ('test-chevron_tlg-methods.R:287:3')"/>
    </testcase>
    <testcase time="0.0150000000000006" classname="chevron_tlg_methods" name="script_funs_works_as_expected"/>
    <testcase time="0.00199999999999534" classname="chevron_tlg_methods" name="script_funs_works_as_expected"/>
    <testcase time="2.331" classname="chevron_tlg_methods" name="script_funs_generates_a_valid_script"/>
    <testcase time="0.00200000000000244" classname="chevron_tlg_methods" name="script_funs_generates_a_valid_script"/>
    <testcase time="0.00199999999999534" classname="chevron_tlg_methods" name="script_funs_generates_a_valid_script"/>
    <testcase time="0.00100000000000477" classname="chevron_tlg_methods" name="script_funs_generates_a_valid_script"/>
    <testcase time="0.00199999999999534" classname="chevron_tlg_methods" name="script_funs_generates_a_valid_script"/>
    <testcase time="0.0260000000000034" classname="chevron_tlg_methods" name="script_funs_generates_a_valid_script"/>
    <testcase time="0.0069999999999979" classname="chevron_tlg_methods" name="script_funs_works_for_simple_template"/>
    <testcase time="0.00100000000000477" classname="chevron_tlg_methods" name="script_funs_works_for_simple_template"/>
    <testcase time="0.0449999999999946" classname="chevron_tlg_methods" name="print_list_works"/>
    <testcase time="0.0279999999999987" classname="chevron_tlg_methods" name="print_list_works_for_empty_list"/>
  </testsuite>
  <testsuite name="cml02a_gl" timestamp="2025-06-06T13:43:18Z" hostname="198b1ab1a88c" tests="6" skipped="0" failures="0" errors="0" time="0.56">
    <testcase time="0.0300000000000011" classname="cml02a_gl" name="cml02a_gl_works_with_adcm_dataset"/>
    <testcase time="0.172000000000004" classname="cml02a_gl" name="cml02a_gl_works_with_adcm_dataset"/>
    <testcase time="0.0259999999999962" classname="cml02a_gl" name="cml02a_gl_works_with_missing_data"/>
    <testcase time="0.136000000000003" classname="cml02a_gl" name="cml02a_gl_works_with_missing_data"/>
    <testcase time="0.0249999999999986" classname="cml02a_gl" name="cml02a_gl_functions_work_as_expected"/>
    <testcase time="0.170999999999999" classname="cml02a_gl" name="cml02a_gl_functions_work_as_expected"/>
  </testsuite>
  <testsuite name="cmt01a" timestamp="2025-06-06T13:43:19Z" hostname="198b1ab1a88c" tests="6" skipped="0" failures="0" errors="0" time="3.909">
    <testcase time="1.384" classname="cmt01a" name="cmt01a_functions_with_default_argument_value_return_expected_result_with_test_data"/>
    <testcase time="1.034" classname="cmt01a" name="cmt01a_functions_with_custom_argument_value_return_expected_result_with_test_data"/>
    <testcase time="0.145000000000003" classname="cmt01a" name="cmt01a_can_handle_all_NA_values"/>
    <testcase time="0.167999999999999" classname="cmt01a" name="cmt01a_can_handle_all_NA_values"/>
    <testcase time="0.591000000000001" classname="cmt01a" name="cmt01a_can_handle_some_NA_values"/>
    <testcase time="0.586999999999996" classname="cmt01a" name="cmt01a_can_handle_some_NA_values"/>
  </testsuite>
  <testsuite name="cmt02_pt" timestamp="2025-06-06T13:43:23Z" hostname="198b1ab1a88c" tests="4" skipped="0" failures="0" errors="0" time="0.612">
    <testcase time="0.102000000000004" classname="cmt02_pt" name="cmt02_pt_can_handle_all_NA_values"/>
    <testcase time="0.135999999999996" classname="cmt02_pt" name="cmt02_pt_can_handle_all_NA_values"/>
    <testcase time="0.145000000000003" classname="cmt02_pt" name="cmt02_pt_can_handle_some_NA_values"/>
    <testcase time="0.228999999999999" classname="cmt02_pt" name="cmt02_pt_can_handle_some_NA_values"/>
  </testsuite>
  <testsuite name="coxt01" timestamp="2025-06-06T13:43:23Z" hostname="198b1ab1a88c" tests="9" skipped="0" failures="0" errors="0" time="1.76">
    <testcase time="0.320999999999998" classname="coxt01" name="coxt01_can_handle_some_NA_values"/>
    <testcase time="0.198" classname="coxt01" name="coxt01_can_handle_some_NA_values"/>
    <testcase time="0.247" classname="coxt01" name="coxt01_can_handle_some_NA_values"/>
    <testcase time="0.196000000000005" classname="coxt01" name="coxt01_can_handle_some_NA_values"/>
    <testcase time="0.195" classname="coxt01" name="coxt01_can_handle_some_NA_values"/>
    <testcase time="0.183999999999997" classname="coxt01" name="coxt01_can_handle_some_NA_values"/>
    <testcase time="0.213000000000001" classname="coxt01" name="coxt01_can_handle_some_NA_values"/>
    <testcase time="0.190999999999995" classname="coxt01" name="coxt01_can_handle_some_NA_values"/>
    <testcase time="0.0150000000000006" classname="coxt01" name="coxt01_fails_on_incomlete_data"/>
  </testsuite>
  <testsuite name="coxt02" timestamp="2025-06-06T13:43:25Z" hostname="198b1ab1a88c" tests="9" skipped="0" failures="0" errors="0" time="2.262">
    <testcase time="0.411000000000001" classname="coxt02" name="coxt02_can_handle_some_NA_values"/>
    <testcase time="0.238" classname="coxt02" name="coxt02_can_handle_some_NA_values"/>
    <testcase time="0.405000000000001" classname="coxt02" name="coxt02_can_handle_some_NA_values"/>
    <testcase time="0.235999999999997" classname="coxt02" name="coxt02_can_handle_some_NA_values"/>
    <testcase time="0.266000000000005" classname="coxt02" name="coxt02_can_handle_some_NA_values"/>
    <testcase time="0.198" classname="coxt02" name="coxt02_can_handle_some_NA_values"/>
    <testcase time="0.295999999999999" classname="coxt02" name="coxt02_can_handle_some_NA_values"/>
    <testcase time="0.198" classname="coxt02" name="coxt02_can_handle_some_NA_values"/>
    <testcase time="0.0139999999999958" classname="coxt02" name="coxt02_fails_on_incomlete_data"/>
  </testsuite>
  <testsuite name="default_tlg" timestamp="2025-06-06T13:43:27Z" hostname="198b1ab1a88c" tests="15" skipped="0" failures="0" errors="0" time="12.043">
    <testcase time="0.164000000000001" classname="default_tlg" name="ael01_nollt_function_with_default_argument_value_return_expected_result_with_test_data"/>
    <testcase time="0.560000000000002" classname="default_tlg" name="aet01_function_with_default_argument_value_return_expected_result_with_test_data"/>
    <testcase time="0.508999999999993" classname="default_tlg" name="aet01_aesi_function_with_default_argument_value_return_expected_result_with_test_data"/>
    <testcase time="1" classname="default_tlg" name="aet02_functions_with_default_argument_value_return_expected_result_with_test_data"/>
    <testcase time="2.215" classname="default_tlg" name="aet03_functions_with_default_argument_value_return_expected_result_with_test_data"/>
    <testcase time="3.32000000000001" classname="default_tlg" name="aet04_functions_with_default_argument_value_return_expected_result_with_test_data"/>
    <testcase time="0.444999999999993" classname="default_tlg" name="aet05_functions_with_default_argument_value_return_expected_result_with_test_data"/>
    <testcase time="0.451000000000008" classname="default_tlg" name="aet05_all_functions_with_default_argument_value_return_expected_result_with_test_data"/>
    <testcase time="0.334999999999994" classname="default_tlg" name="aet10_functions_with_default_argument_value_return_expected_result_with_test_data"/>
    <testcase time="0.390000000000001" classname="default_tlg" name="cmt02_pt_functions_with_default_argument_value_return_expected_result_with_test_data"/>
    <testcase time="0.515000000000001" classname="default_tlg" name="coxt01_functions_with_default_argument_value_return_expected_result_with_test_data"/>
    <testcase time="0.682999999999993" classname="default_tlg" name="coxt02_functions_with_default_argument_value_return_expected_result_with_test_data"/>
    <testcase time="0.661000000000001" classname="default_tlg" name="dmt01_functions_with_default_argument_value_return_expected_result_with_test_data"/>
    <testcase time="0.454999999999998" classname="default_tlg" name="dst01_functions_with_default_argument_value_return_expected_result_with_test_data"/>
    <testcase time="0.340000000000003" classname="default_tlg" name="dtht01_functions_with_default_argument_value_return_expected_result_with_test_data"/>
  </testsuite>
  <testsuite name="dmt01" timestamp="2025-06-06T13:43:40Z" hostname="198b1ab1a88c" tests="19" skipped="0" failures="0" errors="0" time="4.584">
    <testcase time="0.218000000000004" classname="dmt01" name="dmt01_can_handle_NA_values"/>
    <testcase time="0.343999999999994" classname="dmt01" name="dmt01_can_handle_NA_values"/>
    <testcase time="0.239000000000004" classname="dmt01" name="dmt01_can_handle_numeric_NA_values"/>
    <testcase time="0.617000000000004" classname="dmt01" name="dmt01_can_handle_numeric_NA_values"/>
    <testcase time="0.0189999999999912" classname="dmt01" name="dmt01_returns_an_error_when_variables_are_of_the_wrong_type"/>
    <testcase time="0.154000000000011" classname="dmt01" name="dmt01_works_as_expected_with_setting_default_precision"/>
    <testcase time="0.305999999999997" classname="dmt01" name="dmt01_works_as_expected_with_setting_default_precision"/>
    <testcase time="0.168999999999997" classname="dmt01" name="dmt01_works_as_expected_with_auto_precision_settings"/>
    <testcase time="0.379999999999995" classname="dmt01" name="dmt01_works_as_expected_with_auto_precision_settings"/>
    <testcase time="0.162000000000006" classname="dmt01" name="dmt01_works_as_expected_with_auto_precision_settings_and_defined_precision"/>
    <testcase time="0.349999999999994" classname="dmt01" name="dmt01_works_as_expected_with_auto_precision_settings_and_defined_precision"/>
    <testcase time="0.153000000000006" classname="dmt01" name="dmt01_works_as_expected_with_auto_precision_settings_and_defined_precision_and_default"/>
    <testcase time="0.310000000000002" classname="dmt01" name="dmt01_works_as_expected_with_auto_precision_settings_and_defined_precision_and_default"/>
    <testcase time="0.143999999999991" classname="dmt01" name="dmt01_works_as_expected_with_cutomized_stats_value"/>
    <testcase time="0.274000000000001" classname="dmt01" name="dmt01_works_as_expected_with_cutomized_stats_value"/>
    <testcase time="0.155000000000001" classname="dmt01" name="dmt01_works_as_expected_with_empty_list_as_stats_value"/>
    <testcase time="0.308000000000007" classname="dmt01" name="dmt01_works_as_expected_with_empty_list_as_stats_value"/>
    <testcase time="0.0859999999999985" classname="dmt01" name="dmt01_works_as_expected_with_only_one_summaryvars"/>
    <testcase time="0.195999999999998" classname="dmt01" name="dmt01_works_as_expected_with_only_one_summaryvars"/>
  </testsuite>
  <testsuite name="dst01" timestamp="2025-06-06T13:43:44Z" hostname="198b1ab1a88c" tests="14" skipped="0" failures="0" errors="0" time="2.547">
    <testcase time="0.144000000000005" classname="dst01" name="dst01_works_as_expected_when_all_data_are_NA"/>
    <testcase time="0.0719999999999885" classname="dst01" name="dst01_works_as_expected_when_all_data_are_NA"/>
    <testcase time="0.117000000000004" classname="dst01" name="dst01_can_handle_all_NA_values_in_DCSREAS"/>
    <testcase time="0.150000000000006" classname="dst01" name="dst01_can_handle_all_NA_values_in_DCSREAS"/>
    <testcase time="0.170999999999992" classname="dst01" name="dst01_can_handle_some_NA_values"/>
    <testcase time="0.225999999999999" classname="dst01" name="dst01_can_handle_some_NA_values"/>
    <testcase time="0.137" classname="dst01" name="dst01_can_handle_missing_levels_in_status_var"/>
    <testcase time="0.0730000000000075" classname="dst01" name="dst01_can_handle_missing_levels_in_status_var"/>
    <testcase time="0.200000000000003" classname="dst01" name="dst01_can_create_variants"/>
    <testcase time="0.222999999999999" classname="dst01" name="dst01_can_create_variants"/>
    <testcase time="0.228999999999999" classname="dst01" name="dst01_can_create_variants"/>
    <testcase time="0.25" classname="dst01" name="dst01_can_create_variants"/>
    <testcase time="0.266999999999996" classname="dst01" name="dst01_can_create_variants"/>
    <testcase time="0.287999999999997" classname="dst01" name="dst01_can_create_variants"/>
  </testsuite>
  <testsuite name="dtht01" timestamp="2025-06-06T13:43:47Z" hostname="198b1ab1a88c" tests="5" skipped="0" failures="0" errors="0" time="1.46">
    <testcase time="0.0990000000000038" classname="dtht01" name="dtht01_can_handle_all_NA_values"/>
    <testcase time="0.173000000000002" classname="dtht01" name="dtht01_can_handle_all_NA_values"/>
    <testcase time="0.239000000000004" classname="dtht01" name="dtht01_can_handle_some_NA_values"/>
    <testcase time="0.352999999999994" classname="dtht01" name="dtht01_can_handle_some_NA_values"/>
    <testcase time="0.596000000000004" classname="dtht01" name="dtht01_can_be_parametrize_as_expected"/>
  </testsuite>
  <testsuite name="egt01" timestamp="2025-06-06T13:43:48Z" hostname="198b1ab1a88c" tests="3" skipped="0" failures="0" errors="0" time="7.016">
    <testcase time="3.496" classname="egt01" name="egt01_functions_with_default_argument_value_return_expected_result_with_test_data"/>
    <testcase time="1.343" classname="egt01" name="egt01_can_handle_n_0_and_outputs_NE_instead_of_infs_and_NAs"/>
    <testcase time="2.17699999999999" classname="egt01" name="egt01_can_handle_n_0_and_outputs_NE_instead_of_infs_and_NAs"/>
  </testsuite>
  <testsuite name="egt02" timestamp="2025-06-06T13:43:55Z" hostname="198b1ab1a88c" tests="2" skipped="0" failures="0" errors="0" time="0.678">
    <testcase time="0.349000000000004" classname="egt02" name="egt02_1_functions_with_default_argument_value_return_expected_result_with_test_data"/>
    <testcase time="0.328999999999994" classname="egt02" name="egt02_2_functions_with_default_value_return_expected_result_with_test_data"/>
  </testsuite>
  <testsuite name="egt03" timestamp="2025-06-06T13:43:56Z" hostname="198b1ab1a88c" tests="5" skipped="0" failures="0" errors="0" time="3.363">
    <testcase time="1.655" classname="egt03" name="egt03_functions_with_default_argument_value_return_expected_result_with_test_data"/>
    <testcase time="0.0150000000000006" classname="egt03" name="egt03_errors_on_all_NA_values"/>
    <testcase time="0.555000000000007" classname="egt03" name="egt03_can_handle_some_NA_values"/>
    <testcase time="1.123" classname="egt03" name="egt03_can_handle_some_NA_values"/>
    <testcase time="0.0150000000000006" classname="egt03" name="egt03_fails_on_incomplete_data"/>
  </testsuite>
  <testsuite name="egt05_qtcat" timestamp="2025-06-06T13:43:59Z" hostname="198b1ab1a88c" tests="4" skipped="0" failures="0" errors="0" time="3.612">
    <testcase time="2.43799999999999" classname="egt05_qtcat" name="egt05_qtcat_functions_with_default_argument_value_return_expected_result_with_test_data"/>
    <testcase time="0.0170000000000101" classname="egt05_qtcat" name="egt05_qtcat_erros_on_all_NA_values"/>
    <testcase time="0.387" classname="egt05_qtcat" name="egt05_qtcat_can_handle_some_NA_values"/>
    <testcase time="0.769999999999996" classname="egt05_qtcat" name="egt05_qtcat_can_handle_some_NA_values"/>
  </testsuite>
  <testsuite name="empty_report" timestamp="2025-06-06T13:44:03Z" hostname="198b1ab1a88c" tests="25" skipped="0" failures="0" errors="0" time="2.781">
    <testcase time="0.0999999999999943" classname="empty_report" name="tlg_functions_return_null_reports_when_domain_table_is_empty"/>
    <testcase time="0.266000000000005" classname="empty_report" name="tlg_functions_return_null_reports_when_domain_table_is_empty"/>
    <testcase time="0.186999999999998" classname="empty_report" name="tlg_functions_return_null_reports_when_domain_table_is_empty"/>
    <testcase time="0.105999999999995" classname="empty_report" name="tlg_functions_return_null_reports_when_domain_table_is_empty"/>
    <testcase time="0.104000000000013" classname="empty_report" name="tlg_functions_return_null_reports_when_domain_table_is_empty"/>
    <testcase time="0.070999999999998" classname="empty_report" name="tlg_functions_return_null_reports_when_domain_table_is_empty"/>
    <testcase time="0.0949999999999989" classname="empty_report" name="tlg_functions_return_null_reports_when_domain_table_is_empty"/>
    <testcase time="0.161000000000001" classname="empty_report" name="tlg_functions_return_null_reports_when_domain_table_is_empty"/>
    <testcase time="0.173000000000002" classname="empty_report" name="tlg_functions_return_null_reports_when_domain_table_is_empty"/>
    <testcase time="0.0869999999999891" classname="empty_report" name="tlg_functions_return_null_reports_when_domain_table_is_empty"/>
    <testcase time="0.105000000000004" classname="empty_report" name="tlg_functions_return_null_reports_when_domain_table_is_empty"/>
    <testcase time="0.0510000000000019" classname="empty_report" name="tlg_functions_return_null_reports_when_domain_table_is_empty"/>
    <testcase time="0.0499999999999972" classname="empty_report" name="tlg_functions_return_null_reports_when_domain_table_is_empty"/>
    <testcase time="0.0750000000000028" classname="empty_report" name="tlg_functions_return_null_reports_when_domain_table_is_empty"/>
    <testcase time="0.0690000000000026" classname="empty_report" name="tlg_functions_return_null_reports_when_domain_table_is_empty"/>
    <testcase time="0.083999999999989" classname="empty_report" name="tlg_functions_return_null_reports_when_domain_table_is_empty"/>
    <testcase time="0.0800000000000125" classname="empty_report" name="tlg_functions_return_null_reports_when_domain_table_is_empty"/>
    <testcase time="0.10799999999999" classname="empty_report" name="tlg_functions_return_null_reports_when_domain_table_is_empty"/>
    <testcase time="0.310000000000002" classname="empty_report" name="tlg_functions_return_null_reports_when_domain_table_is_empty"/>
    <testcase time="0.0919999999999987" classname="empty_report" name="tlg_functions_return_null_reports_when_domain_table_is_empty"/>
    <testcase time="0.097999999999999" classname="empty_report" name="tlg_functions_return_null_reports_when_domain_table_is_empty"/>
    <testcase time="0.0910000000000082" classname="empty_report" name="tlg_functions_return_null_reports_when_domain_table_is_empty"/>
    <testcase time="0.105999999999995" classname="empty_report" name="tlg_functions_return_null_reports_when_domain_table_is_empty"/>
    <testcase time="0.0529999999999973" classname="empty_report" name="tlg_functions_return_null_reports_when_domain_table_is_empty"/>
    <testcase time="0.0589999999999975" classname="empty_report" name="tlg_functions_return_null_reports_when_domain_table_is_empty"/>
  </testsuite>
  <testsuite name="ext01" timestamp="2025-06-06T13:44:06Z" hostname="198b1ab1a88c" tests="11" skipped="0" failures="0" errors="0" time="6.078">
    <testcase time="0.532000000000011" classname="ext01" name="ext01_functions_with_default_argument_value_return_expected_result_with_test_data"/>
    <testcase time="0.578999999999994" classname="ext01" name="ext01_functions_with_categorical_data_return_expected_result_with_test_data"/>
    <testcase time="0.215000000000003" classname="ext01" name="ext01_works"/>
    <testcase time="0.331000000000003" classname="ext01" name="ext01_works"/>
    <testcase time="0.206000000000003" classname="ext01" name="ext01_works"/>
    <testcase time="0.325999999999993" classname="ext01" name="ext01_works"/>
    <testcase time="0.590000000000003" classname="ext01" name="ext01_works_for_selected_parameters_and_categorical_variables"/>
    <testcase time="0.903999999999996" classname="ext01" name="ext01_works_with_custom_mapping_order"/>
    <testcase time="0.888000000000005" classname="ext01" name="ext01_works_with_custom_mapping_order_for_a_single_split"/>
    <testcase time="0.952999999999989" classname="ext01" name="ext01_works_with_custom_mapping_fill_in_value"/>
    <testcase time="0.554000000000002" classname="ext01" name="ext01_precision_argument_works_as_expected"/>
  </testsuite>
  <testsuite name="fstg01" timestamp="2025-06-06T13:44:12Z" hostname="198b1ab1a88c" tests="13" skipped="0" failures="0" errors="0" time="7.316">
    <testcase time="0.0120000000000005" classname="fstg01" name="fstg01_works_as_expected"/>
    <testcase time="1.411" classname="fstg01" name="fstg01_works_as_expected"/>
    <testcase time="0.00300000000000011" classname="fstg01" name="fstg01_works_as_expected"/>
    <testcase time="1.399" classname="fstg01" name="fstg01_works_as_expected_with_custom_color_set"/>
    <testcase time="0.00300000000000011" classname="fstg01" name="fstg01_works_as_expected_with_custom_color_set"/>
    <testcase time="1.372" classname="fstg01" name="fstg01_works_as_expected_with_custom_color_set"/>
    <testcase time="0.00300000000000011" classname="fstg01" name="fstg01_works_as_expected_with_custom_color_set"/>
    <testcase time="0.721000000000004" classname="fstg01" name="fstg01_works_if_changes_are_in_subgroups_conf_level_and_label_all"/>
    <testcase time="0.00300000000000011" classname="fstg01" name="fstg01_works_if_changes_are_in_subgroups_conf_level_and_label_all"/>
    <testcase time="0.974000000000004" classname="fstg01" name="fstg01_works_if_changes_are_in_subgroups_conf_level_and_label_all"/>
    <testcase time="0.00300000000000011" classname="fstg01" name="fstg01_works_if_changes_are_in_subgroups_conf_level_and_label_all"/>
    <testcase time="1.40899999999999" classname="fstg01" name="fstg01_can_handle_some_NA_values_in_subgroups"/>
    <testcase time="0.00300000000000011" classname="fstg01" name="fstg01_can_handle_some_NA_values_in_subgroups"/>
  </testsuite>
  <testsuite name="fstg02" timestamp="2025-06-06T13:44:19Z" hostname="198b1ab1a88c" tests="9" skipped="0" failures="0" errors="0" time="9.33">
    <testcase time="0.0130000000000052" classname="fstg02" name="fstg02_works_as_expected"/>
    <testcase time="1.512" classname="fstg02" name="fstg02_works_as_expected"/>
    <testcase time="1.22799999999999" classname="fstg02" name="fstg02_works_as_expected_with_custom_color_set"/>
    <testcase time="1.249" classname="fstg02" name="fstg02_works_as_expected_with_custom_color_set"/>
    <testcase time="0.603999999999999" classname="fstg02" name="fstg02_works_if_changes_are_in_subgroups_strata_var_conf_level_and_label_all"/>
    <testcase time="0.840000000000003" classname="fstg02" name="fstg02_works_if_changes_are_in_subgroups_strata_var_conf_level_and_label_all"/>
    <testcase time="1.274" classname="fstg02" name="fstg02_can_handle_some_NA_values_in_subgroups"/>
    <testcase time="1.304" classname="fstg02" name="fstg02_can_handle_customized_time_units"/>
    <testcase time="1.306" classname="fstg02" name="fstg02_can_handle_customized_time_units"/>
  </testsuite>
  <testsuite name="kmg01" timestamp="2025-06-06T13:44:28Z" hostname="198b1ab1a88c" tests="13" skipped="0" failures="0" errors="0" time="2.357">
    <testcase time="0.0120000000000005" classname="kmg01" name="kmg01_works_as_expected"/>
    <testcase time="0.423000000000002" classname="kmg01" name="kmg01_works_as_expected"/>
    <testcase time="0.00300000000000011" classname="kmg01" name="kmg01_works_as_expected"/>
    <testcase time="0.411000000000001" classname="kmg01" name="kmg01_works_as_expected_with_custom_color_set"/>
    <testcase time="0.00300000000000011" classname="kmg01" name="kmg01_works_as_expected_with_custom_color_set"/>
    <testcase time="0.393000000000001" classname="kmg01" name="kmg01_works_as_expected_with_custom_color_set"/>
    <testcase time="0.00300000000000011" classname="kmg01" name="kmg01_works_as_expected_with_custom_color_set"/>
    <testcase time="0.403999999999996" classname="kmg01" name="kmg01_works_if_change_pvalue_ties_and_conf_level"/>
    <testcase time="0.00300000000000011" classname="kmg01" name="kmg01_works_if_change_pvalue_ties_and_conf_level"/>
    <testcase time="0.424999999999997" classname="kmg01" name="kmg01_works_if_change_annotation_position"/>
    <testcase time="0.00300000000000011" classname="kmg01" name="kmg01_works_if_change_annotation_position"/>
    <testcase time="0.271000000000001" classname="kmg01" name="kmg01_works_for_stratified_analysis"/>
    <testcase time="0.00300000000000011" classname="kmg01" name="kmg01_works_for_stratified_analysis"/>
  </testsuite>
  <testsuite name="lbt01" timestamp="2025-06-06T13:44:31Z" hostname="198b1ab1a88c" tests="4" skipped="0" failures="0" errors="0" time="10.427">
    <testcase time="3.56400000000001" classname="lbt01" name="lbt01_functions_with_default_argument_value_return_expected_result_with_test_data"/>
    <testcase time="3.79499999999999" classname="lbt01" name="lbt01_functions_with_row_split_var_return_expected_result_with_test_data"/>
    <testcase time="0.997000000000014" classname="lbt01" name="lbt01_can_handle_n_0_and_outputs_NE_instead_of_infs_and_NAs"/>
    <testcase time="2.071" classname="lbt01" name="lbt01_can_handle_n_0_and_outputs_NE_instead_of_infs_and_NAs"/>
  </testsuite>
  <testsuite name="lbt04" timestamp="2025-06-06T13:44:41Z" hostname="198b1ab1a88c" tests="8" skipped="0" failures="0" errors="0" time="2.998">
    <testcase time="0.944999999999993" classname="lbt04" name="lbt04_functions_with_default_argument_value_return_expected_result_with_test_data"/>
    <testcase time="0.0800000000000125" classname="lbt04" name="lbt04_can_handle_all_NA_values"/>
    <testcase time="0.0769999999999982" classname="lbt04" name="lbt04_can_handle_all_NA_values"/>
    <testcase time="0.292999999999978" classname="lbt04" name="lbt04_can_handle_missing_levels"/>
    <testcase time="0.638000000000005" classname="lbt04" name="lbt04_can_handle_missing_levels"/>
    <testcase time="0.301999999999992" classname="lbt04" name="lbt04_can_handle_some_NA_values"/>
    <testcase time="0.648000000000025" classname="lbt04" name="lbt04_can_handle_some_NA_values"/>
    <testcase time="0.0149999999999864" classname="lbt04" name="lbt04_fails_on_incomlete_data"/>
  </testsuite>
  <testsuite name="lbt05" timestamp="2025-06-06T13:44:44Z" hostname="198b1ab1a88c" tests="14" skipped="0" failures="0" errors="0" time="4.788">
    <testcase time="0.710000000000008" classname="lbt05" name="lbt05_functions_with_default_argument_value_return_expected_result_with_test_data"/>
    <testcase time="0.370999999999981" classname="lbt05" name="lbt05_functions_with_default_argument_value_return_expected_result_with_test_data"/>
    <testcase time="0.317000000000007" classname="lbt05" name="lbt05_give_all_0_count_if_ANRIND_are_all_missing"/>
    <testcase time="0.305000000000007" classname="lbt05" name="lbt05_can_handle_some_NA_values"/>
    <testcase time="0.407000000000011" classname="lbt05" name="lbt05_can_handle_some_NA_values"/>
    <testcase time="0.032999999999987" classname="lbt05" name="lbt05_fails_on_incomlete_data"/>
    <testcase time="0.311000000000007" classname="lbt05" name="lbt05_works_with_missing_levels"/>
    <testcase time="0.418000000000006" classname="lbt05" name="lbt05_works_with_missing_levels"/>
    <testcase time="0.252999999999986" classname="lbt05" name="map_argument_works_as_expected"/>
    <testcase time="0.323000000000008" classname="lbt05" name="map_argument_works_as_expected"/>
    <testcase time="0.281999999999982" classname="lbt05" name="incomplete_map_argument_works_as_expected"/>
    <testcase time="0.374000000000024" classname="lbt05" name="incomplete_map_argument_works_as_expected"/>
    <testcase time="0.310999999999979" classname="lbt05" name="prune_0_keeps_the_Any_Abnormaility_row"/>
    <testcase time="0.373000000000019" classname="lbt05" name="prune_0_keeps_the_Any_Abnormaility_row"/>
  </testsuite>
  <testsuite name="lbt06" timestamp="2025-06-06T13:44:49Z" hostname="198b1ab1a88c" tests="3" skipped="0" failures="0" errors="0" time="3.875">
    <testcase time="0.97399999999999" classname="lbt06" name="lbt06_gives_all_0_count_if_ANRIND_and_BNRIND_are_all_missing"/>
    <testcase time="2.87" classname="lbt06" name="lbt06_can_handle_some_NA_values"/>
    <testcase time="0.0310000000000059" classname="lbt06" name="lbt06_fails_on_incomplete_data"/>
  </testsuite>
  <testsuite name="lbt07" timestamp="2025-06-06T13:44:53Z" hostname="198b1ab1a88c" tests="4" skipped="0" failures="0" errors="0" time="1.822">
    <testcase time="0.911000000000001" classname="lbt07" name="lbt07_functions_with_default_argument_value_return_expected_result_with_test_data"/>
    <testcase time="0.381" classname="lbt07" name="lbt07_can_handle_some_NA_values"/>
    <testcase time="0.496999999999986" classname="lbt07" name="lbt07_can_handle_some_NA_values"/>
    <testcase time="0.0330000000000155" classname="lbt07" name="lbt07_fails_on_incomlete_data"/>
  </testsuite>
  <testsuite name="lbt14" timestamp="2025-06-06T13:44:55Z" hostname="198b1ab1a88c" tests="20" skipped="0" failures="0" errors="0" time="8.273">
    <testcase time="0.698999999999984" classname="lbt14" name="lbt14_functions_with_default_argument_value_return_expected_result_with_test_data"/>
    <testcase time="0.688999999999993" classname="lbt14" name="lbt14_functions_with_default_argument_value_return_expected_result_with_test_data_when_direction_high"/>
    <testcase time="0.569000000000017" classname="lbt14" name="lbt14_functions_with_gr_missing_excl_return_expected_result_with_test_data"/>
    <testcase time="0.570999999999998" classname="lbt14" name="lbt14_functions_with_gr_missing_gr_0_return_expected_result_with_test_data"/>
    <testcase time="0.353000000000009" classname="lbt14" name="lbt14_can_handle_all_NA_values"/>
    <testcase time="0.137999999999977" classname="lbt14" name="lbt14_can_handle_all_NA_values"/>
    <testcase time="0.412000000000006" classname="lbt14" name="lbt14_can_handle_some_NA_values"/>
    <testcase time="0.319999999999993" classname="lbt14" name="lbt14_can_handle_some_NA_values"/>
    <testcase time="1.36600000000001" classname="lbt14" name="lbt14_can_accept_different_gr_missing"/>
    <testcase time="0.270999999999987" classname="lbt14" name="lbt14_can_accept_different_gr_missing"/>
    <testcase time="0.274000000000001" classname="lbt14" name="lbt14_can_accept_different_gr_missing"/>
    <testcase time="0.0170000000000243" classname="lbt14" name="lbt14_fails_on_incomlete_data"/>
    <testcase time="0.381" classname="lbt14" name="lbt14_can_handle_all_NA_values_with_direction_high"/>
    <testcase time="0.14500000000001" classname="lbt14" name="lbt14_can_handle_all_NA_values_with_direction_high"/>
    <testcase time="0.399000000000001" classname="lbt14" name="lbt14_can_handle_some_NA_values_with_direction_high"/>
    <testcase time="0.179000000000002" classname="lbt14" name="lbt14_can_handle_some_NA_values_with_direction_high"/>
    <testcase time="1.18199999999999" classname="lbt14" name="lbt14_can_accept_different_gr_missing_with_direction_high"/>
    <testcase time="0.143000000000001" classname="lbt14" name="lbt14_can_accept_different_gr_missing_with_direction_high"/>
    <testcase time="0.14100000000002" classname="lbt14" name="lbt14_can_accept_different_gr_missing_with_direction_high"/>
    <testcase time="0.0240000000000009" classname="lbt14" name="lbt14_fails_on_incomlete_data"/>
  </testsuite>
  <testsuite name="lbt15" timestamp="2025-06-06T13:45:03Z" hostname="198b1ab1a88c" tests="12" skipped="0" failures="0" errors="0" time="6.193">
    <testcase time="1.018" classname="lbt15" name="lbt15_functions_with_default_argument_value_return_expected_result_with_test_data"/>
    <testcase time="0.317999999999984" classname="lbt15" name="lbt15_can_handle_all_NA_values"/>
    <testcase time="0.685000000000002" classname="lbt15" name="lbt15_can_handle_all_NA_values"/>
    <testcase time="0.335000000000008" classname="lbt15" name="lbt15_can_handle_missing_levels"/>
    <testcase time="0.712999999999994" classname="lbt15" name="lbt15_can_handle_missing_levels"/>
    <testcase time="0.326999999999998" classname="lbt15" name="lbt15_can_handle_missing_levels_in_baseline"/>
    <testcase time="0.712999999999994" classname="lbt15" name="lbt15_can_handle_missing_levels_in_baseline"/>
    <testcase time="0.325000000000017" classname="lbt15" name="lbt15_can_handle_some_NA_values"/>
    <testcase time="0.692999999999984" classname="lbt15" name="lbt15_can_handle_some_NA_values"/>
    <testcase time="0.340000000000003" classname="lbt15" name="lbt15_can_handle_some_NA_values_in_baseline"/>
    <testcase time="0.709000000000003" classname="lbt15" name="lbt15_can_handle_some_NA_values_in_baseline"/>
    <testcase time="0.0169999999999959" classname="lbt15" name="lbt15_fails_on_incomlete_data"/>
  </testsuite>
  <testsuite name="mht01" timestamp="2025-06-06T13:45:09Z" hostname="198b1ab1a88c" tests="4" skipped="0" failures="0" errors="0" time="3.496">
    <testcase time="0.725999999999999" classname="mht01" name="mht01_functions_with_default_argument_value_return_expected_result_with_test_data"/>
    <testcase time="0.722000000000008" classname="mht01" name="mht01_works"/>
    <testcase time="0.701999999999998" classname="mht01" name="mht01_works_on_NULL_in_lbl_mhbodsys_or_lbl_mhdecod"/>
    <testcase time="1.346" classname="mht01" name="mht01_works_with_other_row_split_var"/>
  </testsuite>
  <testsuite name="mng01" timestamp="2025-06-06T13:45:13Z" hostname="198b1ab1a88c" tests="19" skipped="8" failures="0" errors="0" time="9.31">
    <testcase time="1.04599999999999" classname="mng01" name="mng01_works_as_expected_with_default_argument_values"/>
    <testcase time="0.00100000000000477" classname="mng01" name="mng01_works_as_expected_with_default_argument_values">
      <skipped message="Reason: On CI ('test-mng01.R:9:5')"/>
    </testcase>
    <testcase time="1.06200000000001" classname="mng01" name="mng01_works_as_expected_with_custom_argument_values"/>
    <testcase time="0.0120000000000005" classname="mng01" name="mng01_works_as_expected_with_custom_argument_values"/>
    <testcase time="0.00199999999998113" classname="mng01" name="mng01_works_as_expected_with_custom_argument_values">
      <skipped message="Reason: On CI ('test-mng01.R:45:5')"/>
    </testcase>
    <testcase time="1.19" classname="mng01" name="mng01_works_as_expected_with_custom_color_set"/>
    <testcase time="0.953000000000003" classname="mng01" name="mng01_works_as_expected_with_custom_color_set"/>
    <testcase time="0.00100000000000477" classname="mng01" name="mng01_works_as_expected_with_custom_color_set">
      <skipped message="Reason: On CI ('test-mng01.R:69:5')"/>
    </testcase>
    <testcase time="0.963999999999999" classname="mng01" name="mng01_works_as_expected_with_custom_line_type_set"/>
    <testcase time="0.979000000000013" classname="mng01" name="mng01_works_as_expected_with_custom_line_type_set"/>
    <testcase time="0.00199999999998113" classname="mng01" name="mng01_works_as_expected_with_custom_line_type_set">
      <skipped message="Reason: On CI ('test-mng01.R:91:5')"/>
    </testcase>
    <testcase time="0.159999999999997" classname="mng01" name="mng01_works_with_table_NULL"/>
    <testcase time="0.00100000000000477" classname="mng01" name="mng01_works_with_table_NULL">
      <skipped message="Reason: On CI ('test-mng01.R:104:5')"/>
    </testcase>
    <testcase time="0.988" classname="mng01" name="mng01_works_with_combination_of_x_variables"/>
    <testcase time="0.00100000000000477" classname="mng01" name="mng01_works_with_combination_of_x_variables">
      <skipped message="Reason: On CI ('test-mng01.R:122:5')"/>
    </testcase>
    <testcase time="0.927999999999997" classname="mng01" name="mng01_works_with_numeric_x_variable"/>
    <testcase time="0.00100000000000477" classname="mng01" name="mng01_works_with_numeric_x_variable">
      <skipped message="Reason: On CI ('test-mng01.R:143:5')"/>
    </testcase>
    <testcase time="1.018" classname="mng01" name="mng01_works_with_numeric_jitter"/>
    <testcase time="0.00100000000000477" classname="mng01" name="mng01_works_with_numeric_jitter">
      <skipped message="Reason: On CI ('test-mng01.R:161:5')"/>
    </testcase>
  </testsuite>
  <testsuite name="pdt01" timestamp="2025-06-06T13:45:22Z" hostname="198b1ab1a88c" tests="5" skipped="0" failures="0" errors="0" time="1.24">
    <testcase time="0.472999999999985" classname="pdt01" name="pdt01_function_with_default_argument_value_return_expected_result_with_test_data"/>
    <testcase time="0.117000000000019" classname="pdt01" name="pdt01_can_handle_all_NA_values"/>
    <testcase time="0.162999999999982" classname="pdt01" name="pdt01_can_handle_all_NA_values"/>
    <testcase time="0.227000000000004" classname="pdt01" name="pdt01_can_handle_some_NA_values"/>
    <testcase time="0.259999999999991" classname="pdt01" name="pdt01_can_handle_some_NA_values"/>
  </testsuite>
  <testsuite name="pdt02" timestamp="2025-06-06T13:45:23Z" hostname="198b1ab1a88c" tests="5" skipped="0" failures="0" errors="0" time="0.988">
    <testcase time="0.341000000000008" classname="pdt02" name="pdt02_function_with_default_argument_value_return_expected_result_with_test_data"/>
    <testcase time="0.137" classname="pdt02" name="pdt02_can_handle_all_NA_values"/>
    <testcase time="0.187000000000012" classname="pdt02" name="pdt02_can_handle_all_NA_values"/>
    <testcase time="0.137" classname="pdt02" name="pdt02_can_handle_some_NA_values"/>
    <testcase time="0.185999999999979" classname="pdt02" name="pdt02_can_handle_some_NA_values"/>
  </testsuite>
  <testsuite name="reexports" timestamp="2025-06-06T13:45:24Z" hostname="198b1ab1a88c" tests="2" skipped="0" failures="0" errors="0" time="0.015">
    <testcase time="0.00900000000001455" classname="reexports" name="with_label_exported_correctly"/>
    <testcase time="0.00600000000000023" classname="reexports" name="reformat_exported_correctly"/>
  </testsuite>
  <testsuite name="report_null" timestamp="2025-06-06T13:45:24Z" hostname="198b1ab1a88c" tests="12" skipped="0" failures="0" errors="0" time="0.173">
    <testcase time="0.0159999999999911" classname="report_null" name="report_null_works_as_expected_with_NULL_"/>
    <testcase time="0.0109999999999957" classname="report_null" name="report_null_works_as_expected_with_NULL_"/>
    <testcase time="0.0440000000000111" classname="report_null" name="report_null_works_as_expected_with_VTableTree_"/>
    <testcase time="0.0219999999999914" classname="report_null" name="report_null_works_as_expected_with_VTableTree_"/>
    <testcase time="0.0109999999999957" classname="report_null" name="report_null_works_as_expected_with_VTableTree_"/>
    <testcase time="0.00900000000001455" classname="report_null" name="report_null_works_as_expected_with_listing_df_"/>
    <testcase time="0.0120000000000005" classname="report_null" name="report_null_works_as_expected_with_listing_df_"/>
    <testcase time="0.00999999999999091" classname="report_null" name="report_null_works_as_expected_with_listing_df_"/>
    <testcase time="0.00900000000001455" classname="report_null" name="report_null_works_as_expected_with_list_"/>
    <testcase time="0.0209999999999866" classname="report_null" name="report_null_works_as_expected_with_list_"/>
    <testcase time="0.00600000000000023" classname="report_null" name="report_null_works_as_expected_with_by_default"/>
    <testcase time="0.00200000000000955" classname="report_null" name="report_null_works_as_expected_with_by_default"/>
  </testsuite>
  <testsuite name="rmpt01" timestamp="2025-06-06T13:45:24Z" hostname="198b1ab1a88c" tests="11" skipped="0" failures="0" errors="0" time="1.56">
    <testcase time="0.22399999999999" classname="rmpt01" name="rmpt01_function_with_default_argument_value_return_expected_result_with_test_data"/>
    <testcase time="0.0649999999999977" classname="rmpt01" name="rmpt01_can_handle_NA_values"/>
    <testcase time="0.155000000000001" classname="rmpt01" name="rmpt01_can_handle_NA_values"/>
    <testcase time="0.14500000000001" classname="rmpt01" name="rmpt01_can_handle_NA_values"/>
    <testcase time="0.27000000000001" classname="rmpt01" name="rmpt01_can_handle_NA_values"/>
    <testcase time="0.0799999999999841" classname="rmpt01" name="rmpt01_can_handle_some_NA_values"/>
    <testcase time="0.146000000000015" classname="rmpt01" name="rmpt01_can_handle_some_NA_values"/>
    <testcase time="0.149000000000001" classname="rmpt01" name="rmpt01_can_handle_some_NA_values"/>
    <testcase time="0.263999999999982" classname="rmpt01" name="rmpt01_can_handle_some_NA_values"/>
    <testcase time="0.0349999999999966" classname="rmpt01" name="rmpt01_fails_on_incomlete_data"/>
    <testcase time="0.0270000000000152" classname="rmpt01" name="rmpt01_fails_on_incomlete_data"/>
  </testsuite>
  <testsuite name="rmpt03" timestamp="2025-06-06T13:45:26Z" hostname="198b1ab1a88c" tests="12" skipped="0" failures="0" errors="0" time="2.31">
    <testcase time="0.370000000000005" classname="rmpt03" name="rmpt03_function_with_default_argument_value_return_expected_result_with_test_data"/>
    <testcase time="0.120999999999981" classname="rmpt03" name="rmpt03_can_handle_NA_values"/>
    <testcase time="0.241000000000014" classname="rmpt03" name="rmpt03_can_handle_NA_values"/>
    <testcase time="0.227000000000004" classname="rmpt03" name="rmpt03_can_handle_NA_values"/>
    <testcase time="0.323999999999984" classname="rmpt03" name="rmpt03_can_handle_NA_values"/>
    <testcase time="0.134000000000015" classname="rmpt03" name="rmpt03_can_handle_some_NA_values"/>
    <testcase time="0.244" classname="rmpt03" name="rmpt03_can_handle_some_NA_values"/>
    <testcase time="0.221000000000004" classname="rmpt03" name="rmpt03_can_handle_some_NA_values"/>
    <testcase time="0.336999999999989" classname="rmpt03" name="rmpt03_can_handle_some_NA_values"/>
    <testcase time="0.0440000000000111" classname="rmpt03" name="rmpt03_fails_on_incomlete_data"/>
    <testcase time="0.0289999999999964" classname="rmpt03" name="rmpt03_fails_on_incomlete_data"/>
    <testcase time="0.0180000000000007" classname="rmpt03" name="rmpt03_fails_on_incomlete_data"/>
  </testsuite>
  <testsuite name="rmpt04" timestamp="2025-06-06T13:45:28Z" hostname="198b1ab1a88c" tests="10" skipped="0" failures="0" errors="0" time="1.109">
    <testcase time="0.203999999999979" classname="rmpt04" name="rmpt04_function_with_default_argument_value_return_expected_result_with_test_data"/>
    <testcase time="0.0790000000000077" classname="rmpt04" name="rmpt04_can_handle_NA_values"/>
    <testcase time="0.143000000000001" classname="rmpt04" name="rmpt04_can_handle_NA_values"/>
    <testcase time="0.0579999999999927" classname="rmpt04" name="rmpt04_can_handle_NA_values"/>
    <testcase time="0.140000000000015" classname="rmpt04" name="rmpt04_can_handle_NA_values"/>
    <testcase time="0.0730000000000075" classname="rmpt04" name="rmpt04_can_handle_some_NA_values"/>
    <testcase time="0.133999999999986" classname="rmpt04" name="rmpt04_can_handle_some_NA_values"/>
    <testcase time="0.0730000000000075" classname="rmpt04" name="rmpt04_can_handle_some_NA_values"/>
    <testcase time="0.146999999999991" classname="rmpt04" name="rmpt04_can_handle_some_NA_values"/>
    <testcase time="0.0579999999999927" classname="rmpt04" name="rmpt04_fails_on_incomlete_data"/>
  </testsuite>
  <testsuite name="rmpt05" timestamp="2025-06-06T13:45:29Z" hostname="198b1ab1a88c" tests="10" skipped="0" failures="0" errors="0" time="1.18">
    <testcase time="0.231000000000023" classname="rmpt05" name="rmpt05_function_with_default_argument_value_return_expected_result_with_test_data"/>
    <testcase time="0.063999999999993" classname="rmpt05" name="rmpt05_can_handle_NA_values"/>
    <testcase time="0.147999999999996" classname="rmpt05" name="rmpt05_can_handle_NA_values"/>
    <testcase time="0.0769999999999982" classname="rmpt05" name="rmpt05_can_handle_NA_values"/>
    <testcase time="0.147999999999996" classname="rmpt05" name="rmpt05_can_handle_NA_values"/>
    <testcase time="0.0660000000000025" classname="rmpt05" name="rmpt05_can_handle_some_NA_values"/>
    <testcase time="0.146000000000015" classname="rmpt05" name="rmpt05_can_handle_some_NA_values"/>
    <testcase time="0.0819999999999936" classname="rmpt05" name="rmpt05_can_handle_some_NA_values"/>
    <testcase time="0.159999999999997" classname="rmpt05" name="rmpt05_can_handle_some_NA_values"/>
    <testcase time="0.0579999999999927" classname="rmpt05" name="rmpt05_fails_on_incomlete_data"/>
  </testsuite>
  <testsuite name="rmpt06" timestamp="2025-06-06T13:45:30Z" hostname="198b1ab1a88c" tests="6" skipped="0" failures="0" errors="0" time="2.292">
    <testcase time="0.629999999999995" classname="rmpt06" name="rmpt06_works_as_expected"/>
    <testcase time="0.664000000000016" classname="rmpt06" name="rmpt06_works_as_expected_with_show_diff_TRUE"/>
    <testcase time="0.260999999999996" classname="rmpt06" name="rmpt06_can_handle_all_NA_values"/>
    <testcase time="0.322000000000003" classname="rmpt06" name="rmpt06_can_handle_all_NA_values"/>
    <testcase time="0.256" classname="rmpt06" name="rmpt06_can_handle_all_NA_values"/>
    <testcase time="0.158999999999992" classname="rmpt06" name="rmpt06_can_handle_all_NA_values"/>
  </testsuite>
  <testsuite name="rspt01" timestamp="2025-06-06T13:45:33Z" hostname="198b1ab1a88c" tests="27" skipped="0" failures="0" errors="0" time="7.599">
    <testcase time="0.0169999999999959" classname="rspt01" name="rspt01_works_as_expected"/>
    <testcase time="0.337000000000018" classname="rspt01" name="rspt01_works_as_expected"/>
    <testcase time="0.289999999999992" classname="rspt01" name="rspt01_works_as_expected"/>
    <testcase time="0.336999999999989" classname="rspt01" name="rspt01_works_as_expected_for_stratified_and_unstratified_analysis"/>
    <testcase time="0.515000000000015" classname="rspt01" name="rspt01_works_as_expected_for_stratified_and_unstratified_analysis"/>
    <testcase time="0.34699999999998" classname="rspt01" name="rspt01_works_as_expected_for_stratified_and_unstratified_analysis"/>
    <testcase time="0.304000000000002" classname="rspt01" name="rspt01_works_as_expected_for_stratified_and_unstratified_analysis"/>
    <testcase time="0.233000000000004" classname="rspt01" name="rspt01_works_as_expected_for_unstratified_analysis_only"/>
    <testcase time="0.239000000000004" classname="rspt01" name="rspt01_works_as_expected_for_unstratified_analysis_only"/>
    <testcase time="0.253999999999991" classname="rspt01" name="rspt01_works_as_expected_for_unstratified_analysis_only"/>
    <testcase time="0.25" classname="rspt01" name="rspt01_works_as_expected_for_unstratified_analysis_only"/>
    <testcase time="0.243000000000023" classname="rspt01" name="rspt01_works_as_expected_for_stratified_analysis_only"/>
    <testcase time="0.244" classname="rspt01" name="rspt01_works_as_expected_for_stratified_analysis_only"/>
    <testcase time="0.257999999999981" classname="rspt01" name="rspt01_works_as_expected_for_stratified_analysis_only"/>
    <testcase time="0.254000000000019" classname="rspt01" name="rspt01_works_as_expected_for_stratified_analysis_only"/>
    <testcase time="0.263999999999982" classname="rspt01" name="rspt01_works_if_change_reference_group"/>
    <testcase time="0.251000000000005" classname="rspt01" name="rspt01_works_if_change_reference_group"/>
    <testcase time="0.326999999999998" classname="rspt01" name="rspt01_works_if_change_reference_group"/>
    <testcase time="0.306999999999988" classname="rspt01" name="rspt01_works_if_change_reference_group"/>
    <testcase time="0.26400000000001" classname="rspt01" name="rspt01_works_if_change_statistic_methods"/>
    <testcase time="0.25200000000001" classname="rspt01" name="rspt01_works_if_change_statistic_methods"/>
    <testcase time="0.325999999999993" classname="rspt01" name="rspt01_works_if_change_statistic_methods"/>
    <testcase time="0.319999999999993" classname="rspt01" name="rspt01_works_if_change_statistic_methods"/>
    <testcase time="0.262" classname="rspt01" name="rspt01_works_if_change_confidence_interval"/>
    <testcase time="0.271000000000015" classname="rspt01" name="rspt01_works_if_change_confidence_interval"/>
    <testcase time="0.330999999999989" classname="rspt01" name="rspt01_works_if_change_confidence_interval"/>
    <testcase time="0.301999999999992" classname="rspt01" name="rspt01_works_if_change_confidence_interval"/>
  </testsuite>
  <testsuite name="ttet01" timestamp="2025-06-06T13:45:40Z" hostname="198b1ab1a88c" tests="16" skipped="0" failures="0" errors="0" time="5.167">
    <testcase time="0.0159999999999911" classname="ttet01" name="ttet01_works_as_expected"/>
    <testcase time="0.382000000000005" classname="ttet01" name="ttet01_works_as_expected"/>
    <testcase time="0.471000000000004" classname="ttet01" name="ttet01_works_as_expected"/>
    <testcase time="0.0180000000000007" classname="ttet01" name="ttet01_returns_an_error_when_one_level_or_arm_var_is_empty"/>
    <testcase time="0.299000000000007" classname="ttet01" name="ttet01_works_as_expected_for_stratified_and_unstratified_analysis"/>
    <testcase time="0.334000000000003" classname="ttet01" name="ttet01_works_as_expected_for_stratified_and_unstratified_analysis"/>
    <testcase time="0.400000000000006" classname="ttet01" name="ttet01_works_as_expected_for_stratified_and_unstratified_analysis"/>
    <testcase time="0.417000000000002" classname="ttet01" name="ttet01_works_as_expected_for_stratified_and_unstratified_analysis"/>
    <testcase time="0.309999999999974" classname="ttet01" name="ttet01_works_as_expected_for_stratified_analysis_only"/>
    <testcase time="0.333000000000027" classname="ttet01" name="ttet01_works_as_expected_for_stratified_analysis_only"/>
    <testcase time="0.35499999999999" classname="ttet01" name="ttet01_works_as_expected_for_stratified_analysis_only"/>
    <testcase time="0.371000000000009" classname="ttet01" name="ttet01_works_as_expected_for_stratified_analysis_only"/>
    <testcase time="0.301999999999992" classname="ttet01" name="ttet01_works_if_change_reference_group"/>
    <testcase time="0.332999999999998" classname="ttet01" name="ttet01_works_if_change_reference_group"/>
    <testcase time="0.400000000000006" classname="ttet01" name="ttet01_works_if_change_reference_group"/>
    <testcase time="0.425999999999988" classname="ttet01" name="ttet01_works_if_change_reference_group"/>
  </testsuite>
  <testsuite name="unwrap" timestamp="2025-06-06T13:45:45Z" hostname="198b1ab1a88c" tests="12" skipped="0" failures="0" errors="0" time="0.159">
    <testcase time="0.0130000000000052" classname="unwrap" name="unwrap_layout_works_as_expected_with_standard_chevron_t_main_function"/>
    <testcase time="0.00100000000000477" classname="unwrap" name="unwrap_layout_works_as_expected_with_standard_chevron_t_main_function"/>
    <testcase time="0.00100000000000477" classname="unwrap" name="unwrap_layout_works_as_expected_with_standard_chevron_t_main_function"/>
    <testcase time="0.0249999999999773" classname="unwrap" name="unwrap_layout_works_as_expected_with_standard_chevron_t_main_function"/>
    <testcase time="0.0130000000000052" classname="unwrap" name="unwrap_layout_works_as_expected_with_standard_chevron_g_main_function"/>
    <testcase time="0.007000000000005" classname="unwrap" name="unwrap_layout_works_as_expected_with_standard_chevron_l_main_function"/>
    <testcase time="0.00600000000000023" classname="unwrap" name="unwrap_layout_works_as_expected_with_a_custom_function_without_layout_function"/>
    <testcase time="0.0300000000000011" classname="unwrap" name="unwrap_layout_works_as_expected_with_a_custom_function_with_layout_function"/>
    <testcase time="0.00100000000000477" classname="unwrap" name="unwrap_layout_works_as_expected_with_a_custom_function_with_layout_function"/>
    <testcase time="0.0300000000000011" classname="unwrap" name="unwrap_layout_works_as_expected_with_multiple_layout_function"/>
    <testcase time="0.0300000000000011" classname="unwrap" name="unwrap_layout_works_as_expected_on_custom_function_with_overwritten_layout_function"/>
    <testcase time="0.00199999999998113" classname="unwrap" name="unwrap_layout_works_as_expected_on_custom_function_with_overwritten_layout_function"/>
  </testsuite>
  <testsuite name="utils" timestamp="2025-06-06T13:45:46Z" hostname="198b1ab1a88c" tests="81" skipped="0" failures="0" errors="0" time="2.472">
    <testcase time="0.00900000000001455" classname="utils" name="h_format_dec_works_as_exected"/>
    <testcase time="0.00200000000000955" classname="utils" name="h_format_dec_works_as_exected"/>
    <testcase time="0.00199999999998113" classname="utils" name="h_format_dec_works_as_exected"/>
    <testcase time="0.00300000000001432" classname="utils" name="h_format_dec_works_as_exected"/>
    <testcase time="0.00100000000000477" classname="utils" name="h_format_dec_works_as_exected"/>
    <testcase time="0.0029999999999859" classname="utils" name="h_format_dec_works_as_exected"/>
    <testcase time="0.00100000000000477" classname="utils" name="h_format_dec_works_as_exected"/>
    <testcase time="0.0029999999999859" classname="utils" name="h_format_dec_works_as_exected"/>
    <testcase time="0.00100000000000477" classname="utils" name="h_format_dec_works_as_exected"/>
    <testcase time="0.00300000000001432" classname="utils" name="h_format_dec_works_as_exected"/>
    <testcase time="0.00199999999998113" classname="utils" name="h_format_dec_works_as_exected"/>
    <testcase time="0.00200000000000955" classname="utils" name="h_format_dec_works_as_exected"/>
    <testcase time="0.00600000000000023" classname="utils" name="h_format_dec_works_as_expected_with_more_than_one_value"/>
    <testcase time="0.00300000000001432" classname="utils" name="h_format_dec_works_as_expected_with_more_than_one_value"/>
    <testcase time="0.00499999999999545" classname="utils" name="h_format_dec_works_as_expected_with_NA_digits"/>
    <testcase time="0.00600000000000023" classname="utils" name="fuse_sequentially_works"/>
    <testcase time="0.0029999999999859" classname="utils" name="fuse_sequentially_works"/>
    <testcase time="0.0109999999999957" classname="utils" name="ifneeded_split_row_works_as_expected"/>
    <testcase time="0.00600000000000023" classname="utils" name="ifneeded_split_row_works_as_expected"/>
    <testcase time="0.0860000000000127" classname="utils" name="_unnamed_"/>
    <testcase time="0.0660000000000025" classname="utils" name="_unnamed_"/>
    <testcase time="0.0649999999999977" classname="utils" name="_unnamed_"/>
    <testcase time="0.0490000000000066" classname="utils" name="_unnamed_"/>
    <testcase time="0.0029999999999859" classname="utils" name="droplevels.character_works_as_expected"/>
    <testcase time="0.00300000000001432" classname="utils" name="droplevels.character_works_as_expected"/>
    <testcase time="0.00499999999999545" classname="utils" name="lvls.character_works_as_expected"/>
    <testcase time="0.00199999999998113" classname="utils" name="lvls.character_works_as_expected"/>
    <testcase time="0.00500000000002387" classname="utils" name="lvls.factor_works_as_expected"/>
    <testcase time="0.0029999999999859" classname="utils" name="lvls.factor_works_as_expected"/>
    <testcase time="0.00399999999999068" classname="utils" name="lvls.default_works_as_expected"/>
    <testcase time="0.00300000000001432" classname="utils" name="lvls.default_works_as_expected"/>
    <testcase time="0.00499999999999545" classname="utils" name="quote_str_works_as_expected"/>
    <testcase time="0.00200000000000955" classname="utils" name="quote_str_works_as_expected"/>
    <testcase time="0.00499999999999545" classname="utils" name="quote_str_works_as_expected"/>
    <testcase time="0.00499999999999545" classname="utils" name="modify_default_args_works_as_expected"/>
    <testcase time="0.00300000000001432" classname="utils" name="modify_default_args_works_as_expected"/>
    <testcase time="0.00499999999999545" classname="utils" name="execute_with_args_works_as_expected"/>
    <testcase time="0.0029999999999859" classname="utils" name="execute_with_args_works_as_expected"/>
    <testcase time="0.00200000000000955" classname="utils" name="execute_with_args_works_as_expected"/>
    <testcase time="0.00200000000000955" classname="utils" name="execute_with_args_works_as_expected"/>
    <testcase time="0.00100000000000477" classname="utils" name="execute_with_args_works_as_expected"/>
    <testcase time="0.00300000000001432" classname="utils" name="execute_with_args_works_as_expected"/>
    <testcase time="0.007000000000005" classname="utils" name="execute_with_args_works_as_expected"/>
    <testcase time="0.00399999999999068" classname="utils" name="execute_with_args_works_as_expected"/>
    <testcase time="0.00200000000000955" classname="utils" name="execute_with_args_works_as_expected"/>
    <testcase time="0.00399999999999068" classname="utils" name="execute_with_args_works_as_expected"/>
    <testcase time="0.0029999999999859" classname="utils" name="execute_with_args_works_as_expected"/>
    <testcase time="0.00300000000001432" classname="utils" name="execute_with_args_works_as_expected"/>
    <testcase time="0.00600000000000023" classname="utils" name="do_call_work_as_expected"/>
    <testcase time="0.0029999999999859" classname="utils" name="do_call_work_as_expected"/>
    <testcase time="0.00800000000000978" classname="utils" name="do_call_errors_as_expected"/>
    <testcase time="0.00499999999999545" classname="utils" name="do_call_errors_as_expected"/>
    <testcase time="0.00600000000000023" classname="utils" name="convert_to_month_work_as_expected"/>
    <testcase time="0.00300000000001432" classname="utils" name="convert_to_month_work_as_expected"/>
    <testcase time="0.00199999999998113" classname="utils" name="convert_to_month_work_as_expected"/>
    <testcase time="0.00300000000001432" classname="utils" name="convert_to_month_work_as_expected"/>
    <testcase time="0.00199999999998113" classname="utils" name="convert_to_month_work_as_expected"/>
    <testcase time="0.00300000000001432" classname="utils" name="convert_to_month_work_as_expected"/>
    <testcase time="0.00899999999998613" classname="utils" name="convert_to_month_warning_messages_as_expected"/>
    <testcase time="0.0110000000000241" classname="utils" name="gg_theme_chevron_works_as_expected"/>
    <testcase time="0.000999999999976353" classname="utils" name="gg_theme_chevron_works_as_expected"/>
    <testcase time="0.00200000000000955" classname="utils" name="gg_theme_chevron_works_as_expected"/>
    <testcase time="0.00499999999999545" classname="utils" name="gg_theme_chevron_works_as_expected"/>
    <testcase time="0.00100000000000477" classname="utils" name="gg_theme_chevron_works_as_expected"/>
    <testcase time="0.00200000000000955" classname="utils" name="gg_theme_chevron_works_as_expected"/>
    <testcase time="0.00600000000000023" classname="utils" name="modify_character_works"/>
    <testcase time="0.0029999999999859" classname="utils" name="modify_character_works"/>
    <testcase time="0.00600000000000023" classname="utils" name="expand_list_works"/>
    <testcase time="0.00300000000001432" classname="utils" name="expand_list_works"/>
    <testcase time="0.00499999999999545" classname="utils" name="set_section_div_works"/>
    <testcase time="0.00499999999999545" classname="utils" name="set_section_div_works"/>
    <testcase time="0.00499999999999545" classname="utils" name="set_section_div_works"/>
    <testcase time="0.00200000000000955" classname="utils" name="set_section_div_works"/>
    <testcase time="0.00600000000000023" classname="utils" name="get_section_div_works"/>
    <testcase time="0.0029999999999859" classname="utils" name="get_section_div_works"/>
    <testcase time="0.962000000000018" classname="utils" name="grob_list_is_deprecated"/>
    <testcase time="0.947999999999979" classname="utils" name="gg_list_is_deprecated"/>
    <testcase time="0.007000000000005" classname="utils" name="format_date_works_as_expected_for_POSIXct"/>
    <testcase time="0.00300000000001432" classname="utils" name="format_date_works_as_expected_for_POSIXct"/>
    <testcase time="0.007000000000005" classname="utils" name="format_date_works_as_expected_for_Date"/>
    <testcase time="0.00399999999999068" classname="utils" name="format_date_works_as_expected_for_Date"/>
  </testsuite>
  <testsuite name="vst01" timestamp="2025-06-06T13:45:48Z" hostname="198b1ab1a88c" tests="3" skipped="0" failures="0" errors="0" time="4.828">
    <testcase time="2.422" classname="vst01" name="vst01_functions_with_default_argument_value_return_expected_result_with_test_data"/>
    <testcase time="0.806000000000012" classname="vst01" name="run_vst01_works_as_expected"/>
    <testcase time="1.59999999999999" classname="vst01" name="run_vst01_works_as_expected"/>
  </testsuite>
  <testsuite name="vst02" timestamp="2025-06-06T13:45:53Z" hostname="198b1ab1a88c" tests="2" skipped="0" failures="0" errors="0" time="0.974">
    <testcase time="0.490000000000009" classname="vst02" name="vst02_functions_with_default_argument_value_return_expected_result_with_test_data"/>
    <testcase time="0.48399999999998" classname="vst02" name="vst02_functions_return_expected_result_with_test_data_when_excluding_subject_with_baseline_abnormality"/>
  </testsuite>
</testsuites>
