<?xml version="1.0" encoding="UTF-8"?>
<testsuites>
  <testsuite name="aet01" timestamp="2023-03-07T09:42:10Z" hostname="e2beb3128690" tests="4" skipped="2" failures="0" errors="0" time="2.609">
    <testcase time="1.705" classname="aet01" name="aet01_can_handle_all_NA_values"/>
    <testcase time="0.139" classname="aet01" name="aet01_can_handle_all_NA_values">
      <skipped message="Reason: On CRAN ('test-aet01.R:13')"/>
    </testcase>
    <testcase time="0.628" classname="aet01" name="aet01_can_handle_some_NA_values"/>
    <testcase time="0.137" classname="aet01" name="aet01_can_handle_some_NA_values">
      <skipped message="Reason: On CRAN ('test-aet01.R:29')"/>
    </testcase>
  </testsuite>
  <testsuite name="aet01_aesi" timestamp="2023-03-07T09:42:12Z" hostname="e2beb3128690" tests="4" skipped="2" failures="0" errors="0" time="0.982">
    <testcase time="0.46" classname="aet01_aesi" name="aet01_aesi_can_handle_all_NA_values"/>
    <testcase time="0.0609999999999999" classname="aet01_aesi" name="aet01_aesi_can_handle_all_NA_values">
      <skipped message="Reason: On CRAN ('test-aet01_aesi.R:18')"/>
    </testcase>
    <testcase time="0.394" classname="aet01_aesi" name="aet01_aesi_can_handle_some_NA_values"/>
    <testcase time="0.0670000000000002" classname="aet01_aesi" name="aet01_aesi_can_handle_some_NA_values">
      <skipped message="Reason: On CRAN ('test-aet01_aesi.R:30')"/>
    </testcase>
  </testsuite>
  <testsuite name="aet03" timestamp="2023-03-07T09:42:13Z" hostname="e2beb3128690" tests="4" skipped="2" failures="0" errors="0" time="2.424">
    <testcase time="0.564" classname="aet03" name="aet03_can_handle_NA_values"/>
    <testcase time="0.0599999999999996" classname="aet03" name="aet03_can_handle_NA_values">
      <skipped message="Reason: On CRAN ('test-aet03.R:11')"/>
    </testcase>
    <testcase time="1.61" classname="aet03" name="aet03_can_handle_some_NA_values"/>
    <testcase time="0.19" classname="aet03" name="aet03_can_handle_some_NA_values">
      <skipped message="Reason: On CRAN ('test-aet03.R:29')"/>
    </testcase>
  </testsuite>
  <testsuite name="aet04" timestamp="2023-03-07T09:42:16Z" hostname="e2beb3128690" tests="4" skipped="2" failures="0" errors="0" time="3.442">
    <testcase time="0.699999999999999" classname="aet04" name="aet04_can_handle_NA_values"/>
    <testcase time="0.0989999999999984" classname="aet04" name="aet04_can_handle_NA_values">
      <skipped message="Reason: On CRAN ('test-aet04.R:11')"/>
    </testcase>
    <testcase time="2.365" classname="aet04" name="aet04_can_handle_some_NA_values"/>
    <testcase time="0.278" classname="aet04" name="aet04_can_handle_some_NA_values">
      <skipped message="Reason: On CRAN ('test-aet04.R:44')"/>
    </testcase>
  </testsuite>
  <testsuite name="assertions" timestamp="2023-03-07T09:42:19Z" hostname="e2beb3128690" tests="14" skipped="0" failures="0" errors="0" time="1.31">
    <testcase time="0.0150000000000006" classname="assertions" name="assert_colnames_works_as_expected"/>
    <testcase time="0.0129999999999999" classname="assertions" name="assert_colnames_works_as_expected"/>
    <testcase time="0.00199999999999889" classname="assertions" name="assert_colnames_works_as_expected"/>
    <testcase time="0.00500000000000078" classname="assertions" name="assert_colnames_works_as_expected"/>
    <testcase time="0.189" classname="assertions" name="assert_one_tablenames_works_as_expected"/>
    <testcase time="0.18" classname="assertions" name="assert_one_tablenames_works_as_expected"/>
    <testcase time="0.18" classname="assertions" name="assert_one_tablenames_works_as_expected"/>
    <testcase time="0.178000000000001" classname="assertions" name="assert_one_tablenames_works_as_expected"/>
    <testcase time="0.179" classname="assertions" name="assert_all_tablenames_works_as_expected"/>
    <testcase time="0.179" classname="assertions" name="assert_all_tablenames_works_as_expected"/>
    <testcase time="0.168999999999999" classname="assertions" name="assert_all_tablenames_works_as_expected"/>
    <testcase time="0.00900000000000034" classname="assertions" name="assert_args_works_as_expected"/>
    <testcase time="0.00200000000000067" classname="assertions" name="assert_args_works_as_expected"/>
    <testcase time="0.00999999999999979" classname="assertions" name="assert_args_works_as_expected"/>
  </testsuite>
  <testsuite name="checks" timestamp="2023-03-07T09:42:20Z" hostname="e2beb3128690" tests="8" skipped="0" failures="0" errors="0" time="0.039">
    <testcase time="0.00699999999999967" classname="checks" name="check_all_colnames_works_as_expected"/>
    <testcase time="0.0120000000000005" classname="checks" name="check_all_colnames_works_as_expected"/>
    <testcase time="0.00199999999999889" classname="checks" name="check_all_colnames_works_as_expected"/>
    <testcase time="0.00400000000000134" classname="checks" name="check_all_colnames_works_as_expected"/>
    <testcase time="0.00499999999999901" classname="checks" name="check_one_colnames_works_as_expected"/>
    <testcase time="0.00399999999999956" classname="checks" name="check_one_colnames_works_as_expected"/>
    <testcase time="0.00200000000000067" classname="checks" name="check_one_colnames_works_as_expected"/>
    <testcase time="0.00300000000000011" classname="checks" name="check_one_colnames_works_as_expected"/>
  </testsuite>
  <testsuite name="chevron_tlg-class" timestamp="2023-03-07T09:42:20Z" hostname="e2beb3128690" tests="24" skipped="0" failures="0" errors="0" time="0.077">
    <testcase time="0.00900000000000034" classname="chevron_tlg_class" name="chevron_t_object_can_be_constructed_with_default_values"/>
    <testcase time="0.00399999999999956" classname="chevron_tlg_class" name="chevron_t_object_can_be_constructed_with_default_values"/>
    <testcase time="0.00500000000000078" classname="chevron_tlg_class" name="chevron_t_object_can_be_constructed_with_custom_values"/>
    <testcase time="0.00399999999999956" classname="chevron_tlg_class" name="chevron_t_object_can_be_constructed_with_custom_values"/>
    <testcase time="0.00199999999999889" classname="chevron_tlg_class" name="chevron_t_object_can_be_constructed_with_custom_values"/>
    <testcase time="0.00400000000000134" classname="chevron_tlg_class" name="chevron_t_object_can_be_constructed_with_custom_values"/>
    <testcase time="0.00600000000000023" classname="chevron_tlg_class" name="chevron_t_constructor_returns_an_error_when_expected"/>
    <testcase time="0.000999999999999446" classname="chevron_tlg_class" name="chevron_t_constructor_returns_an_error_when_expected"/>
    <testcase time="0.000999999999999446" classname="chevron_tlg_class" name="chevron_t_constructor_returns_an_error_when_expected"/>
    <testcase time="0.00100000000000122" classname="chevron_tlg_class" name="chevron_t_constructor_returns_an_error_when_expected"/>
    <testcase time="0.000999999999999446" classname="chevron_tlg_class" name="chevron_t_constructor_returns_an_error_when_expected"/>
    <testcase time="0.000999999999999446" classname="chevron_tlg_class" name="chevron_t_constructor_returns_an_error_when_expected"/>
    <testcase time="0.00600000000000023" classname="chevron_tlg_class" name="chevron_l_object_can_be_constructed_with_default_values"/>
    <testcase time="0.00399999999999956" classname="chevron_tlg_class" name="chevron_l_object_can_be_constructed_with_default_values"/>
    <testcase time="0.00600000000000023" classname="chevron_tlg_class" name="chevron_g_object_can_be_constructed_with_custom_values"/>
    <testcase time="0.00399999999999956" classname="chevron_tlg_class" name="chevron_g_object_can_be_constructed_with_custom_values"/>
    <testcase time="0.00200000000000067" classname="chevron_tlg_class" name="chevron_g_object_can_be_constructed_with_custom_values"/>
    <testcase time="0.00399999999999956" classname="chevron_tlg_class" name="chevron_g_object_can_be_constructed_with_custom_values"/>
    <testcase time="0.00500000000000078" classname="chevron_tlg_class" name="chevron_g_constructor_returns_an_error_when_expected"/>
    <testcase time="0.00199999999999889" classname="chevron_tlg_class" name="chevron_g_constructor_returns_an_error_when_expected"/>
    <testcase time="0.00100000000000122" classname="chevron_tlg_class" name="chevron_g_constructor_returns_an_error_when_expected"/>
    <testcase time="0.000999999999999446" classname="chevron_tlg_class" name="chevron_g_constructor_returns_an_error_when_expected"/>
    <testcase time="0.000999999999999446" classname="chevron_tlg_class" name="chevron_g_constructor_returns_an_error_when_expected"/>
    <testcase time="0.00200000000000067" classname="chevron_tlg_class" name="chevron_g_constructor_returns_an_error_when_expected"/>
  </testsuite>
  <testsuite name="chevron_tlg-methods" timestamp="2023-03-07T09:42:21Z" hostname="e2beb3128690" tests="36" skipped="1" failures="0" errors="0" time="2.893">
    <testcase time="2.735" classname="chevron_tlg_methods" name="run_works_as_expected_for_chevron_t_object">
      <skipped message="Reason: On CRAN ('test-chevron_tlg-methods.R:5')"/>
    </testcase>
    <testcase time="0.0150000000000006" classname="chevron_tlg_methods" name="run_returns_a_warning_if_provided_with_invalid_arguments"/>
    <testcase time="0.00500000000000078" classname="chevron_tlg_methods" name="args_ls_works_as_expected"/>
    <testcase time="0.000999999999999446" classname="chevron_tlg_methods" name="args_ls_works_as_expected"/>
    <testcase time="0.000999999999999446" classname="chevron_tlg_methods" name="args_ls_works_as_expected"/>
    <testcase time="0.00500000000000078" classname="chevron_tlg_methods" name="args_ls_works_as_expected_when_simplify_is_TRUE"/>
    <testcase time="0.000999999999999446" classname="chevron_tlg_methods" name="args_ls_works_as_expected_when_simplify_is_TRUE"/>
    <testcase time="0.000999999999999446" classname="chevron_tlg_methods" name="args_ls_works_as_expected_when_simplify_is_TRUE"/>
    <testcase time="0.00500000000000078" classname="chevron_tlg_methods" name="args_ls_works_as_expected_with_custom_chevron_tlg_object"/>
    <testcase time="0.000999999999999446" classname="chevron_tlg_methods" name="args_ls_works_as_expected_with_custom_chevron_tlg_object"/>
    <testcase time="0.00100000000000122" classname="chevron_tlg_methods" name="args_ls_works_as_expected_with_custom_chevron_tlg_object"/>
    <testcase time="0.00300000000000011" classname="chevron_tlg_methods" name="args_ls_works_as_expected_with_custom_chevron_tlg_object"/>
    <testcase time="0.00599999999999845" classname="chevron_tlg_methods" name="main_works_as_expected"/>
    <testcase time="0.0130000000000017" classname="chevron_tlg_methods" name="main_setter_works_as_expected"/>
    <testcase time="0.00999999999999801" classname="chevron_tlg_methods" name="main_setter_throw_an_error_as_expected"/>
    <testcase time="0.00600000000000023" classname="chevron_tlg_methods" name="preprocess_works_as_expected"/>
    <testcase time="0.00700000000000145" classname="chevron_tlg_methods" name="preprocess_setter_works_as_expected"/>
    <testcase time="0.00999999999999801" classname="chevron_tlg_methods" name="preprocess_sends_an_error_as_expected"/>
    <testcase time="0.00600000000000023" classname="chevron_tlg_methods" name="postprocess_works_as_expected"/>
    <testcase time="0.00700000000000145" classname="chevron_tlg_methods" name="postprocess_setter_works_as_expected"/>
    <testcase time="0.00900000000000034" classname="chevron_tlg_methods" name="postprocess_sends_an_error_as_expected"/>
    <testcase time="0.0069999999999979" classname="chevron_tlg_methods" name="datasets_works_as_expected"/>
    <testcase time="0.00700000000000145" classname="chevron_tlg_methods" name="datasets_setter_works_as_expected"/>
    <testcase time="0.00499999999999901" classname="chevron_tlg_methods" name="script_works_as_expected"/>
    <testcase time="0.00100000000000122" classname="chevron_tlg_methods" name="script_works_as_expected"/>
    <testcase time="0.00100000000000122" classname="chevron_tlg_methods" name="script_works_as_expected"/>
    <testcase time="0.00499999999999901" classname="chevron_tlg_methods" name="script_works_as_expected_with_dictionary_of_arguments"/>
    <testcase time="0.00100000000000122" classname="chevron_tlg_methods" name="script_works_as_expected_with_dictionary_of_arguments"/>
    <testcase time="0.000999999999997669" classname="chevron_tlg_methods" name="script_works_as_expected_with_dictionary_of_arguments"/>
    <testcase time="0.00199999999999889" classname="chevron_tlg_methods" name="script_works_as_expected_with_dictionary_of_arguments"/>
    <testcase time="0.00500000000000256" classname="chevron_tlg_methods" name="script_funs_works_as_expected"/>
    <testcase time="0.000999999999997669" classname="chevron_tlg_methods" name="script_funs_works_as_expected"/>
    <testcase time="0.00100000000000122" classname="chevron_tlg_methods" name="script_funs_works_as_expected"/>
    <testcase time="0.00499999999999901" classname="chevron_tlg_methods" name="script_funs_works_as_expected_with_details_set_to_TRUE"/>
    <testcase time="0.00200000000000244" classname="chevron_tlg_methods" name="script_funs_works_as_expected_with_details_set_to_TRUE"/>
    <testcase time="0.000999999999997669" classname="chevron_tlg_methods" name="script_funs_works_as_expected_with_details_set_to_TRUE"/>
  </testsuite>
  <testsuite name="cmt01a" timestamp="2023-03-07T09:42:23Z" hostname="e2beb3128690" tests="12" skipped="6" failures="0" errors="0" time="4.136">
    <testcase time="0.371000000000002" classname="cmt01a" name="cmt01a_can_handle_all_NA_values"/>
    <testcase time="0.0359999999999978" classname="cmt01a" name="cmt01a_can_handle_all_NA_values">
      <skipped message="Reason: On CRAN ('test-cmt01a.R:11')"/>
    </testcase>
    <testcase time="0.836000000000002" classname="cmt01a" name="cmt01a_can_handle_some_NA_values"/>
    <testcase time="0.154999999999998" classname="cmt01a" name="cmt01a_can_handle_some_NA_values">
      <skipped message="Reason: On CRAN ('test-cmt01a.R:27')"/>
    </testcase>
    <testcase time="0.367000000000001" classname="cmt01a" name="cmt01a_2_can_handle_all_NA_values"/>
    <testcase time="0.0350000000000001" classname="cmt01a" name="cmt01a_2_can_handle_all_NA_values">
      <skipped message="Reason: On CRAN ('test-cmt01a.R:40')"/>
    </testcase>
    <testcase time="0.853999999999999" classname="cmt01a" name="cmt01a_2_can_handle_some_NA_values"/>
    <testcase time="0.156000000000002" classname="cmt01a" name="cmt01a_2_can_handle_some_NA_values">
      <skipped message="Reason: On CRAN ('test-cmt01a.R:56')"/>
    </testcase>
    <testcase time="0.355999999999998" classname="cmt01a" name="cmt01a_3_can_handle_all_NA_values"/>
    <testcase time="0.0330000000000013" classname="cmt01a" name="cmt01a_3_can_handle_all_NA_values">
      <skipped message="Reason: On CRAN ('test-cmt01a.R:69')"/>
    </testcase>
    <testcase time="0.812000000000001" classname="cmt01a" name="cmt01a_3_can_handle_some_NA_values"/>
    <testcase time="0.125" classname="cmt01a" name="cmt01a_3_can_handle_some_NA_values">
      <skipped message="Reason: On CRAN ('test-cmt01a.R:85')"/>
    </testcase>
  </testsuite>
  <testsuite name="cmt02_pt" timestamp="2023-03-07T09:42:28Z" hostname="e2beb3128690" tests="4" skipped="2" failures="0" errors="0" time="0.771">
    <testcase time="0.327999999999999" classname="cmt02_pt" name="cmt02_pt_1_can_handle_all_NA_values"/>
    <testcase time="0.0279999999999987" classname="cmt02_pt" name="cmt02_pt_1_can_handle_all_NA_values">
      <skipped message="Reason: On CRAN ('test-cmt02_pt.R:11')"/>
    </testcase>
    <testcase time="0.361000000000001" classname="cmt02_pt" name="cmt02_pt_1_can_handle_some_NA_values"/>
    <testcase time="0.0539999999999985" classname="cmt02_pt" name="cmt02_pt_1_can_handle_some_NA_values">
      <skipped message="Reason: On CRAN ('test-cmt02_pt.R:27')"/>
    </testcase>
  </testsuite>
  <testsuite name="default_tlg" timestamp="2023-03-07T09:42:28Z" hostname="e2beb3128690" tests="37" skipped="37" failures="0" errors="0" time="41.657">
    <testcase time="0.709" classname="default_tlg" name="aet01_1_function_with_default_argument_value_return_expected_result_with_test_data">
      <skipped message="Reason: On CRAN ('test-default_tlg.R:5')"/>
    </testcase>
    <testcase time="0.73" classname="default_tlg" name="aet01_2_functions_with_default_argument_value_return_expected_result_with_test_data">
      <skipped message="Reason: On CRAN ('test-default_tlg.R:12')"/>
    </testcase>
    <testcase time="0.465" classname="default_tlg" name="aet01_aesi_1_function_with_default_argument_value_return_expected_result_with_test_data">
      <skipped message="Reason: On CRAN ('test-default_tlg.R:19')"/>
    </testcase>
    <testcase time="0.638000000000002" classname="default_tlg" name="aet02_1_functions_with_default_argument_value_return_expected_result_with_test_data">
      <skipped message="Reason: On CRAN ('test-default_tlg.R:26')"/>
    </testcase>
    <testcase time="1.116" classname="default_tlg" name="aet02_2_functions_with_default_argument_value_return_expected_result_with_test_data">
      <skipped message="Reason: On CRAN ('test-default_tlg.R:33')"/>
    </testcase>
    <testcase time="0.276" classname="default_tlg" name="aet02_3_functions_with_default_argument_value_return_expected_result_with_test_data">
      <skipped message="Reason: On CRAN ('test-default_tlg.R:40')"/>
    </testcase>
    <testcase time="1.825" classname="default_tlg" name="aet03_1_functions_with_default_argument_value_return_expected_result_with_test_data">
      <skipped message="Reason: On CRAN ('test-default_tlg.R:47')"/>
    </testcase>
    <testcase time="2.717" classname="default_tlg" name="aet04_1_functions_with_default_argument_value_return_expected_result_with_test_data">
      <skipped message="Reason: On CRAN ('test-default_tlg.R:54')"/>
    </testcase>
    <testcase time="0.945" classname="default_tlg" name="cmt01a_1_functions_with_default_argument_value_return_expected_result_with_test_data">
      <skipped message="Reason: On CRAN ('test-default_tlg.R:61')"/>
    </testcase>
    <testcase time="0.962" classname="default_tlg" name="cmt01a_2_functions_with_default_argument_value_return_expected_result_with_test_data">
      <skipped message="Reason: On CRAN ('test-default_tlg.R:68')"/>
    </testcase>
    <testcase time="0.920999999999996" classname="default_tlg" name="cmt01a_3_functions_with_default_argument_value_return_expected_result_with_test_data">
      <skipped message="Reason: On CRAN ('test-default_tlg.R:75')"/>
    </testcase>
    <testcase time="0.410000000000004" classname="default_tlg" name="cmt02_pt_1_functions_with_default_argument_value_return_expected_result_with_test_data">
      <skipped message="Reason: On CRAN ('test-default_tlg.R:82')"/>
    </testcase>
    <testcase time="2.136" classname="default_tlg" name="dmt01_1_functions_with_default_argument_value_return_expected_result_with_test_data">
      <skipped message="Reason: On CRAN ('test-default_tlg.R:89')"/>
    </testcase>
    <testcase time="0.531999999999996" classname="default_tlg" name="dst01_1_functions_with_default_argument_value_return_expected_result_with_test_data">
      <skipped message="Reason: On CRAN ('test-default_tlg.R:96')"/>
    </testcase>
    <testcase time="0.682000000000002" classname="default_tlg" name="dst01_2_functions_with_default_argument_value_return_expected_result_with_test_data">
      <skipped message="Reason: On CRAN ('test-default_tlg.R:103')"/>
    </testcase>
    <testcase time="0.991" classname="default_tlg" name="dst01_3_functions_with_default_argument_value_return_expected_result_with_test_data">
      <skipped message="Reason: On CRAN ('test-default_tlg.R:110')"/>
    </testcase>
    <testcase time="0.327999999999996" classname="default_tlg" name="dtht01_1_functions_with_default_argument_value_return_expected_result_with_test_data">
      <skipped message="Reason: On CRAN ('test-default_tlg.R:117')"/>
    </testcase>
    <testcase time="2.475" classname="default_tlg" name="egt01_1_functions_with_default_argument_value_return_expected_result_with_test_data">
      <skipped message="Reason: On CRAN ('test-default_tlg.R:124')"/>
    </testcase>
    <testcase time="0.259" classname="default_tlg" name="egt02_1_functions_with_default_argument_value_return_expected_result_with_test_data">
      <skipped message="Reason: On CRAN ('test-default_tlg.R:131')"/>
    </testcase>
    <testcase time="0.225999999999999" classname="default_tlg" name="egt02_2_functions_with_default_argument_value_return_expected_result_with_test_data">
      <skipped message="Reason: On CRAN ('test-default_tlg.R:138')"/>
    </testcase>
    <testcase time="0.326999999999998" classname="default_tlg" name="egt03_1_functions_with_default_argument_value_return_expected_result_with_test_data">
      <skipped message="Reason: On CRAN ('test-default_tlg.R:145')"/>
    </testcase>
    <testcase time="0.329000000000001" classname="default_tlg" name="egt03_2_functions_with_default_argument_value_return_expected_result_with_test_data">
      <skipped message="Reason: On CRAN ('test-default_tlg.R:152')"/>
    </testcase>
    <testcase time="0.731000000000002" classname="default_tlg" name="egt05_qtcat_1_functions_with_default_argument_value_return_expected_result_with_test_data">
      <skipped message="Reason: On CRAN ('test-default_tlg.R:159')"/>
    </testcase>
    <testcase time="0.201000000000001" classname="default_tlg" name="ext01_1_functions_with_default_argument_value_return_expected_result_with_test_data">
      <skipped message="Reason: On CRAN ('test-default_tlg.R:166')"/>
    </testcase>
    <testcase time="0.460000000000001" classname="default_tlg" name="ext01_2_functions_with_default_argument_value_return_expected_result_with_test_data">
      <skipped message="Reason: On CRAN ('test-default_tlg.R:173')"/>
    </testcase>
    <testcase time="1.75" classname="default_tlg" name="lbt01_1_functions_with_default_argument_value_return_expected_result_with_test_data">
      <skipped message="Reason: On CRAN ('test-default_tlg.R:180')"/>
    </testcase>
    <testcase time="0.685000000000002" classname="default_tlg" name="lbt04_1_functions_with_default_argument_value_return_expected_result_with_test_data">
      <skipped message="Reason: On CRAN ('test-default_tlg.R:187')"/>
    </testcase>
    <testcase time="0.721999999999994" classname="default_tlg" name="lbt05_1_functions_with_default_argument_value_return_expected_result_with_test_data">
      <skipped message="Reason: On CRAN ('test-default_tlg.R:194')"/>
    </testcase>
    <testcase time="0.983000000000004" classname="default_tlg" name="lbt07_1_functions_with_default_argument_value_return_expected_result_with_test_data">
      <skipped message="Reason: On CRAN ('test-default_tlg.R:201')"/>
    </testcase>
    <testcase time="1.839" classname="default_tlg" name="lbt14_1_functions_with_default_argument_value_return_expected_result_with_test_data">
      <skipped message="Reason: On CRAN ('test-default_tlg.R:208')"/>
    </testcase>
    <testcase time="1.9" classname="default_tlg" name="lbt14_2_functions_with_default_argument_value_return_expected_result_with_test_data">
      <skipped message="Reason: On CRAN ('test-default_tlg.R:215')"/>
    </testcase>
    <testcase time="0.609999999999999" classname="default_tlg" name="mht01_1_functions_with_default_argument_value_return_expected_result_with_test_data">
      <skipped message="Reason: On CRAN ('test-default_tlg.R:222')"/>
    </testcase>
    <testcase time="5.59" classname="default_tlg" name="vst01_1_functions_with_default_argument_value_return_expected_result_with_test_data">
      <skipped message="Reason: On CRAN ('test-default_tlg.R:229')"/>
    </testcase>
    <testcase time="5.01" classname="default_tlg" name="vst01_1_functions_with_default_argument_value_return_expected_result_with_test_data">
      <skipped message="Reason: On CRAN ('test-default_tlg.R:236')"/>
    </testcase>
    <testcase time="0.393999999999998" classname="default_tlg" name="vst02_1_functions_with_default_argument_value_return_expected_result_with_test_data">
      <skipped message="Reason: On CRAN ('test-default_tlg.R:243')"/>
    </testcase>
    <testcase time="0.399000000000001" classname="default_tlg" name="vst02_2_functions_with_default_argument_value_return_expected_result_with_test_data">
      <skipped message="Reason: On CRAN ('test-default_tlg.R:250')"/>
    </testcase>
    <testcase time="0.384" classname="default_tlg" name="pdt02_1_function_with_default_argument_value_return_expected_result_with_test_data">
      <skipped message="Reason: On CRAN ('test-default_tlg.R:257')"/>
    </testcase>
  </testsuite>
  <testsuite name="dmt01" timestamp="2023-03-07T09:43:10Z" hostname="e2beb3128690" tests="4" skipped="2" failures="0" errors="0" time="3.91">
    <testcase time="1.829" classname="dmt01" name="dmt01_1_can_handle_NA_values"/>
    <testcase time="0.0849999999999937" classname="dmt01" name="dmt01_1_can_handle_NA_values">
      <skipped message="Reason: On CRAN ('test-dmt01.R:11')"/>
    </testcase>
    <testcase time="1.88600000000001" classname="dmt01" name="dmt01_1_can_handle_some_NA_values"/>
    <testcase time="0.109999999999999" classname="dmt01" name="dmt01_1_can_handle_some_NA_values">
      <skipped message="Reason: On CRAN ('test-dmt01.R:24')"/>
    </testcase>
  </testsuite>
  <testsuite name="dst01" timestamp="2023-03-07T09:43:14Z" hostname="e2beb3128690" tests="26" skipped="13" failures="0" errors="0" time="7.687">
    <testcase time="0.407999999999987" classname="dst01" name="dst01_can_handle_all_NA_values"/>
    <testcase time="0.027000000000001" classname="dst01" name="dst01_can_handle_all_NA_values">
      <skipped message="Reason: On CRAN ('test-dst01.R:13')"/>
    </testcase>
    <testcase time="0.448000000000008" classname="dst01" name="dst01_1_can_handle_all_NA_values_in_disc_reason_var"/>
    <testcase time="0.0379999999999967" classname="dst01" name="dst01_1_can_handle_all_NA_values_in_disc_reason_var">
      <skipped message="Reason: On CRAN ('test-dst01.R:25')"/>
    </testcase>
    <testcase time="0.474999999999994" classname="dst01" name="dst01_1_can_handle_some_NA_values"/>
    <testcase time="0.0640000000000072" classname="dst01" name="dst01_1_can_handle_some_NA_values">
      <skipped message="Reason: On CRAN ('test-dst01.R:38')"/>
    </testcase>
    <testcase time="0.447000000000003" classname="dst01" name="dst01_1_can_handle_missing_levels_in_status_var"/>
    <testcase time="0.0450000000000017" classname="dst01" name="dst01_1_can_handle_missing_levels_in_status_var">
      <skipped message="Reason: On CRAN ('test-dst01.R:50')"/>
    </testcase>
    <testcase time="0.429999999999993" classname="dst01" name="dst01_1_can_handle_missing_levels_in_disc_reason_var"/>
    <testcase time="0.0409999999999968" classname="dst01" name="dst01_1_can_handle_missing_levels_in_disc_reason_var">
      <skipped message="Reason: On CRAN ('test-dst01.R:62')"/>
    </testcase>
    <testcase time="0.423000000000002" classname="dst01" name="dst01_2_can_handle_all_NA_values"/>
    <testcase time="0.0260000000000105" classname="dst01" name="dst01_2_can_handle_all_NA_values">
      <skipped message="Reason: On CRAN ('test-dst01.R:78')"/>
    </testcase>
    <testcase time="0.443999999999988" classname="dst01" name="dst01_2_can_handle_all_NA_values_in_disc_reason_var"/>
    <testcase time="0.0370000000000061" classname="dst01" name="dst01_2_can_handle_all_NA_values_in_disc_reason_var">
      <skipped message="Reason: On CRAN ('test-dst01.R:90')"/>
    </testcase>
    <testcase time="0.609999999999999" classname="dst01" name="dst01_2_can_handle_some_NA_values"/>
    <testcase time="0.078000000000003" classname="dst01" name="dst01_2_can_handle_some_NA_values">
      <skipped message="Reason: On CRAN ('test-dst01.R:103')"/>
    </testcase>
    <testcase time="0.471999999999994" classname="dst01" name="dst01_2_can_handle_missing_levels_in_disc_reason_var"/>
    <testcase time="0.0670000000000073" classname="dst01" name="dst01_2_can_handle_missing_levels_in_disc_reason_var">
      <skipped message="Reason: On CRAN ('test-dst01.R:115')"/>
    </testcase>
    <testcase time="0.557999999999993" classname="dst01" name="dst01_3_can_handle_all_NA_values"/>
    <testcase time="0.027000000000001" classname="dst01" name="dst01_3_can_handle_all_NA_values">
      <skipped message="Reason: On CRAN ('test-dst01.R:131')"/>
    </testcase>
    <testcase time="0.754000000000005" classname="dst01" name="dst01_3_can_handle_all_NA_values_in_status_treatment_var"/>
    <testcase time="0.0729999999999933" classname="dst01" name="dst01_3_can_handle_all_NA_values_in_status_treatment_var">
      <skipped message="Reason: On CRAN ('test-dst01.R:143')"/>
    </testcase>
    <testcase time="0.77000000000001" classname="dst01" name="dst01_3_can_handle_some_NA_values_in_status_treatment_var"/>
    <testcase time="0.0799999999999983" classname="dst01" name="dst01_3_can_handle_some_NA_values_in_status_treatment_var">
      <skipped message="Reason: On CRAN ('test-dst01.R:155')"/>
    </testcase>
    <testcase time="0.771000000000001" classname="dst01" name="dst01_3_can_handle_missing_levels_in_status_treatment_var"/>
    <testcase time="0.0739999999999981" classname="dst01" name="dst01_3_can_handle_missing_levels_in_status_treatment_var">
      <skipped message="Reason: On CRAN ('test-dst01.R:167')"/>
    </testcase>
  </testsuite>
  <testsuite name="dtht01" timestamp="2023-03-07T09:43:22Z" hostname="e2beb3128690" tests="5" skipped="3" failures="0" errors="0" time="1.956">
    <testcase time="0.542999999999992" classname="dtht01" name="dtht01_can_handle_all_NA_values"/>
    <testcase time="0.0420000000000016" classname="dtht01" name="dtht01_can_handle_all_NA_values">
      <skipped message="Reason: On CRAN ('test-dtht01.R:13')"/>
    </testcase>
    <testcase time="0.585999999999999" classname="dtht01" name="dtht01_can_handle_some_NA_values"/>
    <testcase time="0.109000000000009" classname="dtht01" name="dtht01_can_handle_some_NA_values">
      <skipped message="Reason: On CRAN ('test-dtht01.R:29')"/>
    </testcase>
    <testcase time="0.676000000000002" classname="dtht01" name="dtht01_can_be_parametrize_as_expected">
      <skipped message="Reason: On CRAN ('test-dtht01.R:38')"/>
    </testcase>
  </testsuite>
  <testsuite name="egt03" timestamp="2023-03-07T09:43:24Z" hostname="e2beb3128690" tests="8" skipped="4" failures="0" errors="0" time="1.46">
    <testcase time="0.278999999999996" classname="egt03" name="egt03_1_can_handle_all_NA_values"/>
    <testcase time="0.0840000000000032" classname="egt03" name="egt03_1_can_handle_all_NA_values">
      <skipped message="Reason: On CRAN ('test-egt03.R:11')"/>
    </testcase>
    <testcase time="0.294999999999987" classname="egt03" name="egt03_1_can_handle_some_NA_values"/>
    <testcase time="0.0690000000000026" classname="egt03" name="egt03_1_can_handle_some_NA_values">
      <skipped message="Reason: On CRAN ('test-egt03.R:27')"/>
    </testcase>
    <testcase time="0.287000000000006" classname="egt03" name="egt03_2_can_handle_all_NA_values"/>
    <testcase time="0.0840000000000032" classname="egt03" name="egt03_2_can_handle_all_NA_values">
      <skipped message="Reason: On CRAN ('test-egt03.R:40')"/>
    </testcase>
    <testcase time="0.288999999999987" classname="egt03" name="egt03_2_can_handle_some_NA_values"/>
    <testcase time="0.0730000000000075" classname="egt03" name="egt03_2_can_handle_some_NA_values">
      <skipped message="Reason: On CRAN ('test-egt03.R:56')"/>
    </testcase>
  </testsuite>
  <testsuite name="egt05_qtcat" timestamp="2023-03-07T09:43:25Z" hostname="e2beb3128690" tests="4" skipped="2" failures="0" errors="0" time="1.069">
    <testcase time="0.114000000000004" classname="egt05_qtcat" name="egt05_qtcat_can_handle_all_NA_values"/>
    <testcase time="0.012999999999991" classname="egt05_qtcat" name="egt05_qtcat_can_handle_all_NA_values">
      <skipped message="Reason: On CRAN ('test-egt05_qtcat.R:12')"/>
    </testcase>
    <testcase time="0.734999999999999" classname="egt05_qtcat" name="egt05_qtcat_can_handle_some_NA_values"/>
    <testcase time="0.207000000000008" classname="egt05_qtcat" name="egt05_qtcat_can_handle_some_NA_values">
      <skipped message="Reason: On CRAN ('test-egt05_qtcat.R:35')"/>
    </testcase>
  </testsuite>
  <testsuite name="empty_report" timestamp="2023-03-07T09:43:26Z" hostname="e2beb3128690" tests="33" skipped="0" failures="0" errors="0" time="10.422">
    <testcase time="3.197" classname="empty_report" name="tlg_functions_return_null_reports_when_domain_table_is_empty"/>
    <testcase time="0.625" classname="empty_report" name="tlg_functions_return_null_reports_when_domain_table_is_empty"/>
    <testcase time="0.36099999999999" classname="empty_report" name="tlg_functions_return_null_reports_when_domain_table_is_empty"/>
    <testcase time="0.097999999999999" classname="empty_report" name="tlg_functions_return_null_reports_when_domain_table_is_empty"/>
    <testcase time="0.106999999999999" classname="empty_report" name="tlg_functions_return_null_reports_when_domain_table_is_empty"/>
    <testcase time="0.100000000000009" classname="empty_report" name="tlg_functions_return_null_reports_when_domain_table_is_empty"/>
    <testcase time="0.280000000000001" classname="empty_report" name="tlg_functions_return_null_reports_when_domain_table_is_empty"/>
    <testcase time="0.339999999999989" classname="empty_report" name="tlg_functions_return_null_reports_when_domain_table_is_empty"/>
    <testcase time="0.27300000000001" classname="empty_report" name="tlg_functions_return_null_reports_when_domain_table_is_empty"/>
    <testcase time="0.280000000000001" classname="empty_report" name="tlg_functions_return_null_reports_when_domain_table_is_empty"/>
    <testcase time="0.268999999999991" classname="empty_report" name="tlg_functions_return_null_reports_when_domain_table_is_empty"/>
    <testcase time="0.275000000000006" classname="empty_report" name="tlg_functions_return_null_reports_when_domain_table_is_empty"/>
    <testcase time="0.614999999999995" classname="empty_report" name="tlg_functions_return_null_reports_when_domain_table_is_empty"/>
    <testcase time="0.337000000000003" classname="empty_report" name="tlg_functions_return_null_reports_when_domain_table_is_empty"/>
    <testcase time="0.314000000000007" classname="empty_report" name="tlg_functions_return_null_reports_when_domain_table_is_empty"/>
    <testcase time="0.394999999999996" classname="empty_report" name="tlg_functions_return_null_reports_when_domain_table_is_empty"/>
    <testcase time="0.301999999999992" classname="empty_report" name="tlg_functions_return_null_reports_when_domain_table_is_empty"/>
    <testcase time="0.0660000000000025" classname="empty_report" name="tlg_functions_return_null_reports_when_domain_table_is_empty"/>
    <testcase time="0.061000000000007" classname="empty_report" name="tlg_functions_return_null_reports_when_domain_table_is_empty"/>
    <testcase time="0.0679999999999978" classname="empty_report" name="tlg_functions_return_null_reports_when_domain_table_is_empty"/>
    <testcase time="0.0499999999999972" classname="empty_report" name="tlg_functions_return_null_reports_when_domain_table_is_empty"/>
    <testcase time="0.0490000000000066" classname="empty_report" name="tlg_functions_return_null_reports_when_domain_table_is_empty"/>
    <testcase time="0.0729999999999933" classname="empty_report" name="tlg_functions_return_null_reports_when_domain_table_is_empty"/>
    <testcase time="0.0490000000000066" classname="empty_report" name="tlg_functions_return_null_reports_when_domain_table_is_empty"/>
    <testcase time="0.390000000000001" classname="empty_report" name="tlg_functions_return_null_reports_when_domain_table_is_empty"/>
    <testcase time="0.0559999999999974" classname="empty_report" name="tlg_functions_return_null_reports_when_domain_table_is_empty"/>
    <testcase time="0.558999999999997" classname="empty_report" name="tlg_functions_return_null_reports_when_domain_table_is_empty"/>
    <testcase time="0.269000000000005" classname="empty_report" name="tlg_functions_return_null_reports_when_domain_table_is_empty"/>
    <testcase time="0.260999999999996" classname="empty_report" name="tlg_functions_return_null_reports_when_domain_table_is_empty"/>
    <testcase time="0.063999999999993" classname="empty_report" name="tlg_functions_return_null_reports_when_domain_table_is_empty"/>
    <testcase time="0.0550000000000068" classname="empty_report" name="tlg_functions_return_null_reports_when_domain_table_is_empty"/>
    <testcase time="0.0969999999999942" classname="empty_report" name="tlg_functions_return_null_reports_when_domain_table_is_empty"/>
    <testcase time="0.0870000000000033" classname="empty_report" name="tlg_functions_return_null_reports_when_domain_table_is_empty"/>
  </testsuite>
  <testsuite name="lbt01" timestamp="2023-03-07T09:43:37Z" hostname="e2beb3128690" tests="2" skipped="1" failures="0" errors="0" time="1.495">
    <testcase time="1.32899999999999" classname="lbt01" name="lbt01_1_can_handle_n_0_and_outputs_NE_instead_of_infs_and_NAs"/>
    <testcase time="0.166000000000011" classname="lbt01" name="lbt01_1_can_handle_n_0_and_outputs_NE_instead_of_infs_and_NAs">
      <skipped message="Reason: On CRAN ('test-lbt01.R:11')"/>
    </testcase>
  </testsuite>
  <testsuite name="lbt04" timestamp="2023-03-07T09:43:38Z" hostname="e2beb3128690" tests="4" skipped="2" failures="0" errors="0" time="1.012">
    <testcase time="0.286000000000001" classname="lbt04" name="lbt04_can_handle_all_NA_values"/>
    <testcase time="0.0249999999999915" classname="lbt04" name="lbt04_can_handle_all_NA_values">
      <skipped message="Reason: On CRAN ('test-lbt04.R:10')"/>
    </testcase>
    <testcase time="0.590000000000003" classname="lbt04" name="lbt04_can_handle_some_NA_values"/>
    <testcase time="0.111000000000004" classname="lbt04" name="lbt04_can_handle_some_NA_values">
      <skipped message="Reason: On CRAN ('test-lbt04.R:24')"/>
    </testcase>
  </testsuite>
  <testsuite name="lbt05" timestamp="2023-03-07T09:43:39Z" hostname="e2beb3128690" tests="3" skipped="1" failures="0" errors="0" time="1.337">
    <testcase time="0.614999999999995" classname="lbt05" name="lbt05_give_all_0_count_if_ANRIND_are_all_missing"/>
    <testcase time="0.616" classname="lbt05" name="lbt05_can_handle_some_NA_values"/>
    <testcase time="0.105999999999995" classname="lbt05" name="lbt05_can_handle_some_NA_values">
      <skipped message="Reason: On CRAN ('test-lbt05.R:24')"/>
    </testcase>
  </testsuite>
  <testsuite name="lbt07" timestamp="2023-03-07T09:43:40Z" hostname="e2beb3128690" tests="2" skipped="1" failures="0" errors="0" time="0.993">
    <testcase time="0.847999999999999" classname="lbt07" name="lbt07_can_handle_some_NA_values"/>
    <testcase time="0.14500000000001" classname="lbt07" name="lbt07_can_handle_some_NA_values">
      <skipped message="Reason: On CRAN ('test-lbt07.R:12')"/>
    </testcase>
  </testsuite>
  <testsuite name="lbt14" timestamp="2023-03-07T09:43:41Z" hostname="e2beb3128690" tests="8" skipped="4" failures="0" errors="0" time="7.632">
    <testcase time="1.57599999999999" classname="lbt14" name="lbt14_1_can_handle_all_NA_values"/>
    <testcase time="0.0460000000000065" classname="lbt14" name="lbt14_1_can_handle_all_NA_values">
      <skipped message="Reason: On CRAN ('test-lbt14.R:11')"/>
    </testcase>
    <testcase time="1.87599999999999" classname="lbt14" name="lbt14_1_can_handle_some_NA_values"/>
    <testcase time="0.287000000000006" classname="lbt14" name="lbt14_1_can_handle_some_NA_values">
      <skipped message="Reason: On CRAN ('test-lbt14.R:30')"/>
    </testcase>
    <testcase time="1.604" classname="lbt14" name="lbt14_2_can_handle_all_NA_values"/>
    <testcase time="0.0480000000000018" classname="lbt14" name="lbt14_2_can_handle_all_NA_values">
      <skipped message="Reason: On CRAN ('test-lbt14.R:43')"/>
    </testcase>
    <testcase time="1.91800000000001" classname="lbt14" name="lbt14_2_can_handle_some_NA_values"/>
    <testcase time="0.276999999999987" classname="lbt14" name="lbt14_2_can_handle_some_NA_values">
      <skipped message="Reason: On CRAN ('test-lbt14.R:62')"/>
    </testcase>
  </testsuite>
  <testsuite name="mng01" timestamp="2023-03-07T09:43:49Z" hostname="e2beb3128690" tests="2" skipped="0" failures="0" errors="0" time="2.262">
    <testcase time="1.167" classname="mng01" name="mng01_1_works_as_expected"/>
    <testcase time="1.095" classname="mng01" name="mng01_1_works_as_expected_with_custom_color_set"/>
  </testsuite>
  <testsuite name="pdt01" timestamp="2023-03-07T09:43:51Z" hostname="e2beb3128690" tests="4" skipped="2" failures="0" errors="0" time="0.936">
    <testcase time="0.305000000000007" classname="pdt01" name="pdt01_1_can_handle_all_NA_values"/>
    <testcase time="0.0310000000000059" classname="pdt01" name="pdt01_1_can_handle_all_NA_values">
      <skipped message="Reason: On CRAN ('test-pdt01.R:11')"/>
    </testcase>
    <testcase time="0.486999999999995" classname="pdt01" name="pdt01_1_can_handle_some_NA_values"/>
    <testcase time="0.113" classname="pdt01" name="pdt01_1_can_handle_some_NA_values">
      <skipped message="Reason: On CRAN ('test-pdt01.R:27')"/>
    </testcase>
  </testsuite>
  <testsuite name="pdt02" timestamp="2023-03-07T09:43:52Z" hostname="e2beb3128690" tests="4" skipped="2" failures="0" errors="0" time="0.827">
    <testcase time="0.338999999999999" classname="pdt02" name="pdt02_1_can_handle_all_NA_values"/>
    <testcase time="0.0400000000000063" classname="pdt02" name="pdt02_1_can_handle_all_NA_values">
      <skipped message="Reason: On CRAN ('test-pdt02.R:11')"/>
    </testcase>
    <testcase time="0.393000000000001" classname="pdt02" name="pdt02_1_can_handle_some_NA_values"/>
    <testcase time="0.0549999999999926" classname="pdt02" name="pdt02_1_can_handle_some_NA_values">
      <skipped message="Reason: On CRAN ('test-pdt02.R:27')"/>
    </testcase>
  </testsuite>
  <testsuite name="utils" timestamp="2023-03-07T09:43:53Z" hostname="e2beb3128690" tests="17" skipped="0" failures="0" errors="0" time="0.074">
    <testcase time="0.0169999999999959" classname="utils" name="h_format_dec_works_as_exected"/>
    <testcase time="0.00300000000000011" classname="utils" name="h_format_dec_works_as_exected"/>
    <testcase time="0.00200000000000955" classname="utils" name="h_format_dec_works_as_exected"/>
    <testcase time="0.00300000000000011" classname="utils" name="h_format_dec_works_as_exected"/>
    <testcase time="0.00199999999999534" classname="utils" name="h_format_dec_works_as_exected"/>
    <testcase time="0.00300000000000011" classname="utils" name="h_format_dec_works_as_exected"/>
    <testcase time="0.00199999999999534" classname="utils" name="h_format_dec_works_as_exected"/>
    <testcase time="0.00300000000000011" classname="utils" name="h_format_dec_works_as_exected"/>
    <testcase time="0.00200000000000955" classname="utils" name="h_format_dec_works_as_exected"/>
    <testcase time="0.00399999999999068" classname="utils" name="h_format_dec_works_as_exected"/>
    <testcase time="0.00100000000000477" classname="utils" name="h_format_dec_works_as_exected"/>
    <testcase time="0.00400000000000489" classname="utils" name="h_format_dec_works_as_exected"/>
    <testcase time="0.00600000000000023" classname="utils" name="h_format_dec_works_as_expected_with_more_than_one_value"/>
    <testcase time="0.00399999999999068" classname="utils" name="h_format_dec_works_as_expected_with_more_than_one_value"/>
    <testcase time="0.00600000000000023" classname="utils" name="h_format_dec_works_returns_null_with_NA_format"/>
    <testcase time="0.00600000000000023" classname="utils" name="h_format_dec_works_as_expected_with_NA_digits"/>
    <testcase time="0.00600000000000023" classname="utils" name="h_format_dec_works_as_expected_with_NA_digits"/>
  </testsuite>
</testsuites>
