<?xml version="1.0" encoding="UTF-8"?>
<testsuites>
  <testsuite name="ael01_nollt" timestamp="2023-12-01T13:57:14Z" hostname="f34b6a2d29f3" tests="8" skipped="4" failures="0" errors="0" time="1.669">
    <testcase time="0.674" classname="ael01_nollt" name="ael01_nollt_works_with_admh_dataset"/>
    <testcase time="0.327" classname="ael01_nollt" name="ael01_nollt_works_with_admh_dataset">
      <skipped message="Reason: On CRAN ('test-ael01_nollt.R:7:3')"/>
    </testcase>
    <testcase time="0.116" classname="ael01_nollt" name="ael01_nollt_works_with_non_default_label"/>
    <testcase time="0.193" classname="ael01_nollt" name="ael01_nollt_works_with_non_default_label">
      <skipped message="Reason: On CRAN ('test-ael01_nollt.R:20:3')"/>
    </testcase>
    <testcase time="0.0910000000000002" classname="ael01_nollt" name="ael01_nollt_can_handle_all_missing_values"/>
    <testcase time="0.0709999999999997" classname="ael01_nollt" name="ael01_nollt_can_handle_all_missing_values">
      <skipped message="Reason: On CRAN ('test-ael01_nollt.R:33:3')"/>
    </testcase>
    <testcase time="0.0650000000000004" classname="ael01_nollt" name="ael01_nollt_can_handle_some_missing_values"/>
    <testcase time="0.132" classname="ael01_nollt" name="ael01_nollt_can_handle_some_missing_values">
      <skipped message="Reason: On CRAN ('test-ael01_nollt.R:48:3')"/>
    </testcase>
  </testsuite>
  <testsuite name="aet01" timestamp="2023-12-01T13:57:15Z" hostname="f34b6a2d29f3" tests="9" skipped="4" failures="0" errors="0" time="3.133">
    <testcase time="0.61" classname="aet01" name="aet01_can_handle_all_NA_values"/>
    <testcase time="0.345" classname="aet01" name="aet01_can_handle_all_NA_values">
      <skipped message="Reason: On CRAN ('test-aet01.R:12:3')"/>
    </testcase>
    <testcase time="0.411" classname="aet01" name="aet01_can_handle_some_NA_values"/>
    <testcase time="0.329000000000001" classname="aet01" name="aet01_can_handle_some_NA_values">
      <skipped message="Reason: On CRAN ('test-aet01.R:29:3')"/>
    </testcase>
    <testcase time="0.313" classname="aet01" name="aet01_can_use_custom_anl_vars"/>
    <testcase time="0.188" classname="aet01" name="aet01_can_use_custom_anl_vars">
      <skipped message="Reason: On CRAN ('test-aet01.R:35:3')"/>
    </testcase>
    <testcase time="0.108000000000001" classname="aet01" name="aet01_fails_on_incomplete_data_input"/>
    <testcase time="0.47" classname="aet01" name="aet01_can_use_custom_medconcept_var"/>
    <testcase time="0.359" classname="aet01" name="aet01_can_use_custom_medconcept_var">
      <skipped message="Reason: On CRAN ('test-aet01.R:65:3')"/>
    </testcase>
  </testsuite>
  <testsuite name="aet01_aesi" timestamp="2023-12-01T13:57:19Z" hostname="f34b6a2d29f3" tests="7" skipped="3" failures="0" errors="0" time="2.316">
    <testcase time="0.366" classname="aet01_aesi" name="aet01_aesi_can_handle_all_NA_values"/>
    <testcase time="0.312" classname="aet01_aesi" name="aet01_aesi_can_handle_all_NA_values">
      <skipped message="Reason: On CRAN ('test-aet01_aesi.R:17:3')"/>
    </testcase>
    <testcase time="0.314" classname="aet01_aesi" name="aet01_aesi_can_handle_some_NA_values"/>
    <testcase time="0.323" classname="aet01_aesi" name="aet01_aesi_can_handle_some_NA_values">
      <skipped message="Reason: On CRAN ('test-aet01_aesi.R:30:3')"/>
    </testcase>
    <testcase time="0.414999999999999" classname="aet01_aesi" name="aet01_aesi_works_with_ALL_argument"/>
    <testcase time="0.501000000000001" classname="aet01_aesi" name="aet01_aesi_works_with_ALL_argument">
      <skipped message="Reason: On CRAN ('test-aet01_aesi.R:36:3')"/>
    </testcase>
    <testcase time="0.0849999999999991" classname="aet01_aesi" name="aet01_aesi_check_fails_on_incomplete_data_input"/>
  </testsuite>
  <testsuite name="aet02" timestamp="2023-12-01T13:57:21Z" hostname="f34b6a2d29f3" tests="3" skipped="1" failures="0" errors="0" time="2.455">
    <testcase time="0.0750000000000011" classname="aet02" name="aet02_fails_on_incomplete_data_input"/>
    <testcase time="0.370999999999999" classname="aet02" name="aet02_handle_empty_data_input"/>
    <testcase time="2.009" classname="aet02" name="aet02_can_have_different_levels_of_row_split">
      <skipped message="Reason: On CRAN ('test-aet02.R:30:3')"/>
    </testcase>
  </testsuite>
  <testsuite name="aet03" timestamp="2023-12-01T13:57:23Z" hostname="f34b6a2d29f3" tests="4" skipped="2" failures="0" errors="0" time="3.678">
    <testcase time="0.452" classname="aet03" name="aet03_can_handle_NA_values"/>
    <testcase time="0.288" classname="aet03" name="aet03_can_handle_NA_values">
      <skipped message="Reason: On CRAN ('test-aet03.R:10:3')"/>
    </testcase>
    <testcase time="2.005" classname="aet03" name="aet03_can_handle_some_NA_values"/>
    <testcase time="0.933" classname="aet03" name="aet03_can_handle_some_NA_values">
      <skipped message="Reason: On CRAN ('test-aet03.R:27:3')"/>
    </testcase>
  </testsuite>
  <testsuite name="aet04" timestamp="2023-12-01T13:57:27Z" hostname="f34b6a2d29f3" tests="4" skipped="2" failures="0" errors="0" time="6.133">
    <testcase time="0.674999999999999" classname="aet04" name="aet04_can_handle_NA_values"/>
    <testcase time="0.509" classname="aet04" name="aet04_can_handle_NA_values">
      <skipped message="Reason: On CRAN ('test-aet04.R:10:3')"/>
    </testcase>
    <testcase time="3.467" classname="aet04" name="aet04_can_handle_some_NA_values"/>
    <testcase time="1.482" classname="aet04" name="aet04_can_handle_some_NA_values">
      <skipped message="Reason: On CRAN ('test-aet04.R:32:3')"/>
    </testcase>
  </testsuite>
  <testsuite name="aet05" timestamp="2023-12-01T13:57:33Z" hostname="f34b6a2d29f3" tests="4" skipped="2" failures="0" errors="0" time="1.056">
    <testcase time="0.234999999999999" classname="aet05" name="aet05_can_handle_NA_values"/>
    <testcase time="0.291999999999998" classname="aet05" name="aet05_can_handle_NA_values">
      <skipped message="Reason: On CRAN ('test-aet05.R:7:3')"/>
    </testcase>
    <testcase time="0.211000000000002" classname="aet05" name="aet05_can_handle_some_NA_values"/>
    <testcase time="0.317999999999998" classname="aet05" name="aet05_can_handle_some_NA_values">
      <skipped message="Reason: On CRAN ('test-aet05.R:24:3')"/>
    </testcase>
  </testsuite>
  <testsuite name="aet05_all" timestamp="2023-12-01T13:57:34Z" hostname="f34b6a2d29f3" tests="4" skipped="2" failures="0" errors="0" time="1.058">
    <testcase time="0.220000000000002" classname="aet05_all" name="aet05_all_can_handle_NA_values"/>
    <testcase time="0.286999999999999" classname="aet05_all" name="aet05_all_can_handle_NA_values">
      <skipped message="Reason: On CRAN ('test-aet05_all.R:7:3')"/>
    </testcase>
    <testcase time="0.225999999999999" classname="aet05_all" name="aet05_all_can_handle_some_NA_values"/>
    <testcase time="0.324999999999999" classname="aet05_all" name="aet05_all_can_handle_some_NA_values">
      <skipped message="Reason: On CRAN ('test-aet05_all.R:21:3')"/>
    </testcase>
  </testsuite>
  <testsuite name="aet10" timestamp="2023-12-01T13:57:35Z" hostname="f34b6a2d29f3" tests="4" skipped="2" failures="0" errors="0" time="0.614">
    <testcase time="0.105" classname="aet10" name="aet10_can_handle_NA_values"/>
    <testcase time="0.127000000000002" classname="aet10" name="aet10_can_handle_NA_values">
      <skipped message="Reason: On CRAN ('test-aet10.R:10:3')"/>
    </testcase>
    <testcase time="0.135999999999999" classname="aet10" name="aet10_can_handle_some_NA_values"/>
    <testcase time="0.245999999999999" classname="aet10" name="aet10_can_handle_some_NA_values">
      <skipped message="Reason: On CRAN ('test-aet10.R:24:3')"/>
    </testcase>
  </testsuite>
  <testsuite name="assertions" timestamp="2023-12-01T13:57:36Z" hostname="f34b6a2d29f3" tests="31" skipped="0" failures="0" errors="0" time="0.225">
    <testcase time="0.0250000000000021" classname="assertions" name="assert_valid_var.character_works_as_expected"/>
    <testcase time="0.0069999999999979" classname="assertions" name="assert_valid_var.character_works_as_expected"/>
    <testcase time="0.00600000000000023" classname="assertions" name="assert_valid_var.character_works_as_expected"/>
    <testcase time="0.00600000000000023" classname="assertions" name="assert_valid_var.character_works_as_expected"/>
    <testcase time="0.00300000000000011" classname="assertions" name="assert_valid_var.character_works_as_expected"/>
    <testcase time="0.00799999999999912" classname="assertions" name="assert_valid_var.factor_works_as_expected"/>
    <testcase time="0.00600000000000023" classname="assertions" name="assert_valid_var.factor_works_as_expected"/>
    <testcase time="0.00700000000000145" classname="assertions" name="assert_valid_var.factor_works_as_expected"/>
    <testcase time="0.00600000000000023" classname="assertions" name="assert_valid_var.factor_works_as_expected"/>
    <testcase time="0.00300000000000011" classname="assertions" name="assert_valid_var.factor_works_as_expected"/>
    <testcase time="0.00799999999999912" classname="assertions" name="assert_valid_var.logical_works_as_expected"/>
    <testcase time="0.0159999999999982" classname="assertions" name="assert_valid_var.logical_works_as_expected"/>
    <testcase time="0.00900000000000034" classname="assertions" name="assert_valid_var.logical_works_as_expected"/>
    <testcase time="0.00300000000000011" classname="assertions" name="assert_valid_var.logical_works_as_expected"/>
    <testcase time="0.0110000000000028" classname="assertions" name="assert_valid_var.numeric_works_as_expected"/>
    <testcase time="0.00599999999999667" classname="assertions" name="assert_valid_var.numeric_works_as_expected"/>
    <testcase time="0.00600000000000023" classname="assertions" name="assert_valid_var.numeric_works_as_expected"/>
    <testcase time="0.00300000000000011" classname="assertions" name="assert_valid_var.numeric_works_as_expected"/>
    <testcase time="0.00600000000000023" classname="assertions" name="assert_valid_var.numeric_works_as_expected"/>
    <testcase time="0.00200000000000244" classname="assertions" name="assert_valid_var.numeric_works_as_expected"/>
    <testcase time="0.00999999999999801" classname="assertions" name="assert_valid_variable_works_as_expected"/>
    <testcase time="0.00300000000000011" classname="assertions" name="assert_valid_variable_works_as_expected"/>
    <testcase time="0.0100000000000016" classname="assertions" name="assert_valid_variable_works_as_expected"/>
    <testcase time="0.00199999999999889" classname="assertions" name="assert_valid_variable_works_as_expected"/>
    <testcase time="0.0100000000000016" classname="assertions" name="assert_valid_variable_works_as_expected"/>
    <testcase time="0.00199999999999889" classname="assertions" name="assert_valid_variable_works_as_expected"/>
    <testcase time="0.00900000000000034" classname="assertions" name="assert_valid_var_pair_works_as_expected_with_character"/>
    <testcase time="0.00799999999999912" classname="assertions" name="assert_valid_var_pair_works_as_expected_with_character"/>
    <testcase time="0.00900000000000034" classname="assertions" name="assert_valid_var_pair_works_as_expected_with_factor"/>
    <testcase time="0.00799999999999912" classname="assertions" name="assert_valid_var_pair_works_as_expected_with_factor"/>
    <testcase time="0.00700000000000145" classname="assertions" name="assert_valid_var_pair_works_as_expected_with_factor"/>
  </testsuite>
  <testsuite name="cfbt01" timestamp="2023-12-01T13:57:36Z" hostname="f34b6a2d29f3" tests="3" skipped="2" failures="0" errors="0" time="13.194">
    <testcase time="9.763" classname="cfbt01" name="cfbt01_functions_with_default_argument_value_return_expected_result_with_test_data">
      <skipped message="Reason: On CRAN ('test-cfbt01.R:7:3')"/>
    </testcase>
    <testcase time="1.34" classname="cfbt01" name="cfbt01_can_handle_n_0_and_outputs_NE_instead_of_infs_and_NAs"/>
    <testcase time="2.091" classname="cfbt01" name="cfbt01_can_handle_n_0_and_outputs_NE_instead_of_infs_and_NAs">
      <skipped message="Reason: On CRAN ('test-cfbt01.R:22:3')"/>
    </testcase>
  </testsuite>
  <testsuite name="checks" timestamp="2023-12-01T13:57:49Z" hostname="f34b6a2d29f3" tests="8" skipped="0" failures="0" errors="0" time="0.069">
    <testcase time="0.0269999999999939" classname="checks" name="check_all_colnames_works_as_expected"/>
    <testcase time="0.00500000000000256" classname="checks" name="check_all_colnames_works_as_expected"/>
    <testcase time="0.00200000000000244" classname="checks" name="check_all_colnames_works_as_expected"/>
    <testcase time="0.00499999999999545" classname="checks" name="check_all_colnames_works_as_expected"/>
    <testcase time="0.00800000000000267" classname="checks" name="check_one_colnames_works_as_expected"/>
    <testcase time="0.00500000000000256" classname="checks" name="check_one_colnames_works_as_expected"/>
    <testcase time="0.00199999999999534" classname="checks" name="check_one_colnames_works_as_expected"/>
    <testcase time="0.0150000000000006" classname="checks" name="check_one_colnames_works_as_expected"/>
  </testsuite>
  <testsuite name="chevron_tlg-class" timestamp="2023-12-01T13:57:49Z" hostname="f34b6a2d29f3" tests="27" skipped="0" failures="0" errors="0" time="0.154">
    <testcase time="0.0189999999999984" classname="chevron_tlg_class" name="chevron_t_object_can_be_constructed_with_default_values"/>
    <testcase time="0.00600000000000023" classname="chevron_tlg_class" name="chevron_t_object_can_be_constructed_with_default_values"/>
    <testcase time="0.0130000000000052" classname="chevron_tlg_class" name="chevron_t_object_can_be_constructed_with_custom_values"/>
    <testcase time="0.00499999999999545" classname="chevron_tlg_class" name="chevron_t_object_can_be_constructed_with_custom_values"/>
    <testcase time="0.00400000000000489" classname="chevron_tlg_class" name="chevron_t_object_can_be_constructed_with_custom_values"/>
    <testcase time="0.00499999999999545" classname="chevron_tlg_class" name="chevron_t_object_can_be_constructed_with_custom_values"/>
    <testcase time="0.00900000000000034" classname="chevron_tlg_class" name="chevron_t_constructor_returns_an_error_when_expected"/>
    <testcase time="0.00100000000000477" classname="chevron_tlg_class" name="chevron_t_constructor_returns_an_error_when_expected"/>
    <testcase time="0.00199999999999534" classname="chevron_tlg_class" name="chevron_t_constructor_returns_an_error_when_expected"/>
    <testcase time="0.00200000000000244" classname="chevron_tlg_class" name="chevron_t_constructor_returns_an_error_when_expected"/>
    <testcase time="0.000999999999997669" classname="chevron_tlg_class" name="chevron_t_constructor_returns_an_error_when_expected"/>
    <testcase time="0.00200000000000244" classname="chevron_tlg_class" name="chevron_t_constructor_returns_an_error_when_expected"/>
    <testcase time="0.00900000000000034" classname="chevron_tlg_class" name="chevron_l_object_can_be_constructed_with_default_values"/>
    <testcase time="0.00499999999999545" classname="chevron_tlg_class" name="chevron_l_object_can_be_constructed_with_default_values"/>
    <testcase time="0.0100000000000051" classname="chevron_tlg_class" name="chevron_g_object_can_be_constructed_with_custom_values"/>
    <testcase time="0.00499999999999545" classname="chevron_tlg_class" name="chevron_g_object_can_be_constructed_with_custom_values"/>
    <testcase time="0.00300000000000011" classname="chevron_tlg_class" name="chevron_g_object_can_be_constructed_with_custom_values"/>
    <testcase time="0.00500000000000256" classname="chevron_tlg_class" name="chevron_g_object_can_be_constructed_with_custom_values"/>
    <testcase time="0.00900000000000034" classname="chevron_tlg_class" name="chevron_g_constructor_returns_an_error_when_expected"/>
    <testcase time="0.000999999999997669" classname="chevron_tlg_class" name="chevron_g_constructor_returns_an_error_when_expected"/>
    <testcase time="0.00200000000000244" classname="chevron_tlg_class" name="chevron_g_constructor_returns_an_error_when_expected"/>
    <testcase time="0.00200000000000244" classname="chevron_tlg_class" name="chevron_g_constructor_returns_an_error_when_expected"/>
    <testcase time="0.000999999999997669" classname="chevron_tlg_class" name="chevron_g_constructor_returns_an_error_when_expected"/>
    <testcase time="0.00200000000000244" classname="chevron_tlg_class" name="chevron_g_constructor_returns_an_error_when_expected"/>
    <testcase time="0.0109999999999957" classname="chevron_tlg_class" name="chevron_simple_works_correctly"/>
    <testcase time="0.00300000000000011" classname="chevron_tlg_class" name="chevron_simple_works_correctly"/>
    <testcase time="0.017000000000003" classname="chevron_tlg_class" name="chevron_simple_errors_if_contains_return"/>
  </testsuite>
  <testsuite name="chevron_tlg-methods" timestamp="2023-12-01T13:57:49Z" hostname="f34b6a2d29f3" tests="32" skipped="9" failures="0" errors="0" time="11.836">
    <testcase time="5.024" classname="chevron_tlg_methods" name="run_works_as_expected_for_chevron_t_object">
      <skipped message="Reason: On CRAN ('test-chevron_tlg-methods.R:5:3')"/>
    </testcase>
    <testcase time="0.794999999999995" classname="chevron_tlg_methods" name="run_works_as_expected_for_chevron_t_object_when_auto_pre_FALSE">
      <skipped message="Reason: On CRAN ('test-chevron_tlg-methods.R:13:3')"/>
    </testcase>
    <testcase time="0.763000000000005" classname="chevron_tlg_methods" name="run_works_as_expected_with_argument_printed">
      <skipped message="Reason: On CRAN ('test-chevron_tlg-methods.R:18:3')"/>
    </testcase>
    <testcase time="1.061" classname="chevron_tlg_methods" name="run_works_as_expected_with_argument_printed_if_the_user_argument_is_complicated">
      <skipped message="Reason: On CRAN ('test-chevron_tlg-methods.R:25:3')"/>
    </testcase>
    <testcase time="0.769999999999996" classname="chevron_tlg_methods" name="run_works_as_expected_with_partial_match_argument">
      <skipped message="Reason: On CRAN ('test-chevron_tlg-methods.R:31:3')"/>
    </testcase>
    <testcase time="0.0200000000000031" classname="chevron_tlg_methods" name="args_ls_works_as_expected"/>
    <testcase time="0.00199999999999534" classname="chevron_tlg_methods" name="args_ls_works_as_expected"/>
    <testcase time="0.00100000000000477" classname="chevron_tlg_methods" name="args_ls_works_as_expected"/>
    <testcase time="0.00800000000000267" classname="chevron_tlg_methods" name="args_ls_works_as_expected_when_simplify_is_TRUE"/>
    <testcase time="0.000999999999997669" classname="chevron_tlg_methods" name="args_ls_works_as_expected_when_simplify_is_TRUE"/>
    <testcase time="0.00200000000000244" classname="chevron_tlg_methods" name="args_ls_works_as_expected_when_simplify_is_TRUE"/>
    <testcase time="0.00900000000000034" classname="chevron_tlg_methods" name="args_ls_works_as_expected_with_custom_chevron_tlg_object"/>
    <testcase time="0.000999999999997669" classname="chevron_tlg_methods" name="args_ls_works_as_expected_with_custom_chevron_tlg_object"/>
    <testcase time="0.00200000000000244" classname="chevron_tlg_methods" name="args_ls_works_as_expected_with_custom_chevron_tlg_object"/>
    <testcase time="0.00399999999999778" classname="chevron_tlg_methods" name="args_ls_works_as_expected_with_custom_chevron_tlg_object"/>
    <testcase time="0.00999999999999801" classname="chevron_tlg_methods" name="main_works_as_expected"/>
    <testcase time="0.0110000000000028" classname="chevron_tlg_methods" name="main_setter_works_as_expected"/>
    <testcase time="0.0159999999999982" classname="chevron_tlg_methods" name="main_setter_throw_an_error_as_expected"/>
    <testcase time="0.0110000000000028" classname="chevron_tlg_methods" name="preprocess_works_as_expected"/>
    <testcase time="0.0109999999999957" classname="chevron_tlg_methods" name="preprocess_setter_works_as_expected"/>
    <testcase time="0.0160000000000053" classname="chevron_tlg_methods" name="preprocess_sends_an_error_as_expected"/>
    <testcase time="0.0109999999999957" classname="chevron_tlg_methods" name="postprocess_works_as_expected"/>
    <testcase time="0.0110000000000028" classname="chevron_tlg_methods" name="postprocess_setter_works_as_expected"/>
    <testcase time="0.0150000000000006" classname="chevron_tlg_methods" name="postprocess_sends_an_error_as_expected"/>
    <testcase time="0.00799999999999557" classname="chevron_tlg_methods" name="script_funs_works_as_expected_in_interactive_mode">
      <skipped message="Reason: !interactive() is TRUE ('test-chevron_tlg-methods.R:146:3')"/>
    </testcase>
    <testcase time="0.0210000000000008" classname="chevron_tlg_methods" name="script_funs_works_as_expected"/>
    <testcase time="0.00100000000000477" classname="chevron_tlg_methods" name="script_funs_works_as_expected"/>
    <testcase time="3.15799999999999" classname="chevron_tlg_methods" name="script_funs_generates_a_valid_script">
      <skipped message="Reason: On CRAN ('test-chevron_tlg-methods.R:167:3')"/>
    </testcase>
    <testcase time="0.0230000000000032" classname="chevron_tlg_methods" name="script_funs_works_for_simple_template"/>
    <testcase time="0.00200000000000244" classname="chevron_tlg_methods" name="script_funs_works_for_simple_template"/>
    <testcase time="0.019999999999996" classname="chevron_tlg_methods" name="print_list_works">
      <skipped message="Reason: On CRAN ('test-chevron_tlg-methods.R:180:3')"/>
    </testcase>
    <testcase time="0.0279999999999987" classname="chevron_tlg_methods" name="print_list_works_for_empty_list">
      <skipped message="Reason: On CRAN ('test-chevron_tlg-methods.R:184:3')"/>
    </testcase>
  </testsuite>
  <testsuite name="cmt01a" timestamp="2023-12-01T13:58:01Z" hostname="f34b6a2d29f3" tests="6" skipped="4" failures="0" errors="0" time="5.088">
    <testcase time="1.534" classname="cmt01a" name="cmt01a_functions_with_default_argument_value_return_expected_result_with_test_data">
      <skipped message="Reason: On CRAN ('test-cmt01a.R:7:3')"/>
    </testcase>
    <testcase time="1.45200000000001" classname="cmt01a" name="cmt01a_functions_with_custom_argument_value_return_expected_result_with_test_data">
      <skipped message="Reason: On CRAN ('test-cmt01a.R:19:3')"/>
    </testcase>
    <testcase time="0.230999999999995" classname="cmt01a" name="cmt01a_can_handle_all_NA_values"/>
    <testcase time="0.191000000000003" classname="cmt01a" name="cmt01a_can_handle_all_NA_values">
      <skipped message="Reason: On CRAN ('test-cmt01a.R:33:3')"/>
    </testcase>
    <testcase time="0.916000000000004" classname="cmt01a" name="cmt01a_can_handle_some_NA_values"/>
    <testcase time="0.763999999999996" classname="cmt01a" name="cmt01a_can_handle_some_NA_values">
      <skipped message="Reason: On CRAN ('test-cmt01a.R:41:3')"/>
    </testcase>
  </testsuite>
  <testsuite name="cmt02_pt" timestamp="2023-12-01T13:58:06Z" hostname="f34b6a2d29f3" tests="4" skipped="2" failures="0" errors="0" time="0.802">
    <testcase time="0.173000000000002" classname="cmt02_pt" name="cmt02_pt_can_handle_all_NA_values"/>
    <testcase time="0.137" classname="cmt02_pt" name="cmt02_pt_can_handle_all_NA_values">
      <skipped message="Reason: On CRAN ('test-cmt02_pt.R:9:3')"/>
    </testcase>
    <testcase time="0.219999999999999" classname="cmt02_pt" name="cmt02_pt_can_handle_some_NA_values"/>
    <testcase time="0.271999999999998" classname="cmt02_pt" name="cmt02_pt_can_handle_some_NA_values">
      <skipped message="Reason: On CRAN ('test-cmt02_pt.R:17:3')"/>
    </testcase>
  </testsuite>
  <testsuite name="coxt01" timestamp="2023-12-01T13:58:07Z" hostname="f34b6a2d29f3" tests="3" skipped="1" failures="0" errors="0" time="0.691">
    <testcase time="0.449000000000005" classname="coxt01" name="coxt01_can_handle_some_NA_values"/>
    <testcase time="0.208999999999996" classname="coxt01" name="coxt01_can_handle_some_NA_values">
      <skipped message="Reason: On CRAN ('test-coxt01.R:6:3')"/>
    </testcase>
    <testcase time="0.0330000000000013" classname="coxt01" name="coxt01_fails_on_incomlete_data"/>
  </testsuite>
  <testsuite name="coxt02" timestamp="2023-12-01T13:58:08Z" hostname="f34b6a2d29f3" tests="3" skipped="1" failures="0" errors="0" time="0.887">
    <testcase time="0.582999999999998" classname="coxt02" name="coxt02_can_handle_some_NA_values"/>
    <testcase time="0.270000000000003" classname="coxt02" name="coxt02_can_handle_some_NA_values">
      <skipped message="Reason: On CRAN ('test-coxt02.R:5:3')"/>
    </testcase>
    <testcase time="0.0339999999999989" classname="coxt02" name="coxt02_fails_on_incomlete_data"/>
  </testsuite>
  <testsuite name="default_tlg" timestamp="2023-12-01T13:58:09Z" hostname="f34b6a2d29f3" tests="15" skipped="15" failures="0" errors="0" time="15.911">
    <testcase time="0.189" classname="default_tlg" name="ael01_nollt_function_with_default_argument_value_return_expected_result_with_test_data">
      <skipped message="Reason: On CRAN ('test-default_tlg.R:5:3')"/>
    </testcase>
    <testcase time="0.719999999999999" classname="default_tlg" name="aet01_function_with_default_argument_value_return_expected_result_with_test_data">
      <skipped message="Reason: On CRAN ('test-default_tlg.R:12:3')"/>
    </testcase>
    <testcase time="0.685000000000002" classname="default_tlg" name="aet01_aesi_function_with_default_argument_value_return_expected_result_with_test_data">
      <skipped message="Reason: On CRAN ('test-default_tlg.R:19:3')"/>
    </testcase>
    <testcase time="1.38" classname="default_tlg" name="aet02_functions_with_default_argument_value_return_expected_result_with_test_data">
      <skipped message="Reason: On CRAN ('test-default_tlg.R:26:3')"/>
    </testcase>
    <testcase time="3.073" classname="default_tlg" name="aet03_functions_with_default_argument_value_return_expected_result_with_test_data">
      <skipped message="Reason: On CRAN ('test-default_tlg.R:33:3')"/>
    </testcase>
    <testcase time="4.68300000000001" classname="default_tlg" name="aet04_functions_with_default_argument_value_return_expected_result_with_test_data">
      <skipped message="Reason: On CRAN ('test-default_tlg.R:40:3')"/>
    </testcase>
    <testcase time="0.536999999999992" classname="default_tlg" name="aet05_functions_with_default_argument_value_return_expected_result_with_test_data">
      <skipped message="Reason: On CRAN ('test-default_tlg.R:47:3')"/>
    </testcase>
    <testcase time="0.558999999999997" classname="default_tlg" name="aet05_all_functions_with_default_argument_value_return_expected_result_with_test_data">
      <skipped message="Reason: On CRAN ('test-default_tlg.R:54:3')"/>
    </testcase>
    <testcase time="0.37700000000001" classname="default_tlg" name="aet10_functions_with_default_argument_value_return_expected_result_with_test_data">
      <skipped message="Reason: On CRAN ('test-default_tlg.R:61:3')"/>
    </testcase>
    <testcase time="0.48599999999999" classname="default_tlg" name="cmt02_pt_functions_with_default_argument_value_return_expected_result_with_test_data">
      <skipped message="Reason: On CRAN ('test-default_tlg.R:68:3')"/>
    </testcase>
    <testcase time="0.634" classname="default_tlg" name="coxt01_functions_with_default_argument_value_return_expected_result_with_test_data">
      <skipped message="Reason: On CRAN ('test-default_tlg.R:78:3')"/>
    </testcase>
    <testcase time="0.858000000000004" classname="default_tlg" name="coxt02_functions_with_default_argument_value_return_expected_result_with_test_data">
      <skipped message="Reason: On CRAN ('test-default_tlg.R:86:3')"/>
    </testcase>
    <testcase time="0.852000000000004" classname="default_tlg" name="dmt01_functions_with_default_argument_value_return_expected_result_with_test_data">
      <skipped message="Reason: On CRAN ('test-default_tlg.R:93:3')"/>
    </testcase>
    <testcase time="0.534999999999997" classname="default_tlg" name="dst01_functions_with_default_argument_value_return_expected_result_with_test_data">
      <skipped message="Reason: On CRAN ('test-default_tlg.R:100:3')"/>
    </testcase>
    <testcase time="0.343000000000004" classname="default_tlg" name="dtht01_functions_with_default_argument_value_return_expected_result_with_test_data">
      <skipped message="Reason: On CRAN ('test-default_tlg.R:107:3')"/>
    </testcase>
  </testsuite>
  <testsuite name="dmt01" timestamp="2023-12-01T13:58:25Z" hostname="f34b6a2d29f3" tests="16" skipped="8" failures="0" errors="0" time="6.139">
    <testcase time="0.295999999999992" classname="dmt01" name="dmt01_can_handle_NA_values"/>
    <testcase time="0.407000000000011" classname="dmt01" name="dmt01_can_handle_NA_values">
      <skipped message="Reason: On CRAN ('test-dmt01.R:8:3')"/>
    </testcase>
    <testcase time="0.318999999999988" classname="dmt01" name="dmt01_can_handle_numeric_NA_values"/>
    <testcase time="0.558000000000007" classname="dmt01" name="dmt01_can_handle_numeric_NA_values">
      <skipped message="Reason: On CRAN ('test-dmt01.R:15:3')"/>
    </testcase>
    <testcase time="0.218000000000004" classname="dmt01" name="dmt01_works_as_expected_with_setting_default_precision"/>
    <testcase time="0.376999999999995" classname="dmt01" name="dmt01_works_as_expected_with_setting_default_precision">
      <skipped message="Reason: On CRAN ('test-dmt01.R:20:3')"/>
    </testcase>
    <testcase time="0.296999999999997" classname="dmt01" name="dmt01_works_as_expected_with_auto_precision_settings"/>
    <testcase time="1.062" classname="dmt01" name="dmt01_works_as_expected_with_auto_precision_settings">
      <skipped message="Reason: On CRAN ('test-dmt01.R:25:3')"/>
    </testcase>
    <testcase time="0.265000000000001" classname="dmt01" name="dmt01_works_as_expected_with_auto_precision_settings_and_defined_precision"/>
    <testcase time="0.743000000000009" classname="dmt01" name="dmt01_works_as_expected_with_auto_precision_settings_and_defined_precision">
      <skipped message="Reason: On CRAN ('test-dmt01.R:30:3')"/>
    </testcase>
    <testcase time="0.203999999999994" classname="dmt01" name="dmt01_works_as_expected_with_auto_precision_settings_and_defined_precision_and_default"/>
    <testcase time="0.353999999999999" classname="dmt01" name="dmt01_works_as_expected_with_auto_precision_settings_and_defined_precision_and_default">
      <skipped message="Reason: On CRAN ('test-dmt01.R:37:3')"/>
    </testcase>
    <testcase time="0.192000000000007" classname="dmt01" name="dmt01_works_as_expected_with_cutomized_stats_value"/>
    <testcase time="0.299999999999997" classname="dmt01" name="dmt01_works_as_expected_with_cutomized_stats_value">
      <skipped message="Reason: On CRAN ('test-dmt01.R:50:3')"/>
    </testcase>
    <testcase time="0.201999999999998" classname="dmt01" name="dmt01_works_as_expected_with_empty_list_as_stats_value"/>
    <testcase time="0.344999999999999" classname="dmt01" name="dmt01_works_as_expected_with_empty_list_as_stats_value">
      <skipped message="Reason: On CRAN ('test-dmt01.R:63:3')"/>
    </testcase>
  </testsuite>
  <testsuite name="dst01" timestamp="2023-12-01T13:58:31Z" hostname="f34b6a2d29f3" tests="14" skipped="7" failures="0" errors="0" time="3.237">
    <testcase time="0.180000000000007" classname="dst01" name="dst01_works_as_expected_when_all_data_are_NA"/>
    <testcase time="0.0629999999999882" classname="dst01" name="dst01_works_as_expected_when_all_data_are_NA">
      <skipped message="Reason: On CRAN ('test-dst01.R:11:3')"/>
    </testcase>
    <testcase time="0.161000000000001" classname="dst01" name="dst01_can_handle_all_NA_values_in_DCSREAS"/>
    <testcase time="0.160000000000011" classname="dst01" name="dst01_can_handle_all_NA_values_in_DCSREAS">
      <skipped message="Reason: On CRAN ('test-dst01.R:22:3')"/>
    </testcase>
    <testcase time="0.212999999999994" classname="dst01" name="dst01_can_handle_some_NA_values"/>
    <testcase time="0.272999999999996" classname="dst01" name="dst01_can_handle_some_NA_values">
      <skipped message="Reason: On CRAN ('test-dst01.R:29:3')"/>
    </testcase>
    <testcase time="0.161000000000001" classname="dst01" name="dst01_can_handle_missing_levels_in_status_var"/>
    <testcase time="0.12700000000001" classname="dst01" name="dst01_can_handle_missing_levels_in_status_var">
      <skipped message="Reason: On CRAN ('test-dst01.R:39:3')"/>
    </testcase>
    <testcase time="0.259" classname="dst01" name="dst01_can_create_variants"/>
    <testcase time="0.324999999999989" classname="dst01" name="dst01_can_create_variants">
      <skipped message="Reason: On CRAN ('test-dst01.R:44:3')"/>
    </testcase>
    <testcase time="0.306000000000012" classname="dst01" name="dst01_can_create_variants"/>
    <testcase time="0.304999999999993" classname="dst01" name="dst01_can_create_variants">
      <skipped message="Reason: On CRAN ('test-dst01.R:49:3')"/>
    </testcase>
    <testcase time="0.344999999999999" classname="dst01" name="dst01_can_create_variants"/>
    <testcase time="0.359000000000009" classname="dst01" name="dst01_can_create_variants">
      <skipped message="Reason: On CRAN ('test-dst01.R:56:3')"/>
    </testcase>
  </testsuite>
  <testsuite name="dtht01" timestamp="2023-12-01T13:58:34Z" hostname="f34b6a2d29f3" tests="5" skipped="3" failures="0" errors="0" time="1.896">
    <testcase time="0.136999999999986" classname="dtht01" name="dtht01_can_handle_all_NA_values"/>
    <testcase time="0.180000000000007" classname="dtht01" name="dtht01_can_handle_all_NA_values">
      <skipped message="Reason: On CRAN ('test-dtht01.R:12:3')"/>
    </testcase>
    <testcase time="0.323999999999998" classname="dtht01" name="dtht01_can_handle_some_NA_values"/>
    <testcase time="0.465000000000003" classname="dtht01" name="dtht01_can_handle_some_NA_values">
      <skipped message="Reason: On CRAN ('test-dtht01.R:19:3')"/>
    </testcase>
    <testcase time="0.789999999999992" classname="dtht01" name="dtht01_can_be_parametrize_as_expected">
      <skipped message="Reason: On CRAN ('test-dtht01.R:30:3')"/>
    </testcase>
  </testsuite>
  <testsuite name="egt01" timestamp="2023-12-01T13:58:36Z" hostname="f34b6a2d29f3" tests="3" skipped="2" failures="0" errors="0" time="9.443">
    <testcase time="4.682" classname="egt01" name="egt01_functions_with_default_argument_value_return_expected_result_with_test_data">
      <skipped message="Reason: On CRAN ('test-egt01.R:7:3')"/>
    </testcase>
    <testcase time="2.08200000000001" classname="egt01" name="egt01_can_handle_n_0_and_outputs_NE_instead_of_infs_and_NAs"/>
    <testcase time="2.679" classname="egt01" name="egt01_can_handle_n_0_and_outputs_NE_instead_of_infs_and_NAs">
      <skipped message="Reason: On CRAN ('test-egt01.R:20:3')"/>
    </testcase>
  </testsuite>
  <testsuite name="egt02" timestamp="2023-12-01T13:58:45Z" hostname="f34b6a2d29f3" tests="2" skipped="2" failures="0" errors="0" time="0.932">
    <testcase time="0.484999999999999" classname="egt02" name="egt02_1_functions_with_default_argument_value_return_expected_result_with_test_data">
      <skipped message="Reason: On CRAN ('test-egt02.R:7:3')"/>
    </testcase>
    <testcase time="0.446999999999989" classname="egt02" name="egt02_2_functions_with_default_value_return_expected_result_with_test_data">
      <skipped message="Reason: On CRAN ('test-egt02.R:14:3')"/>
    </testcase>
  </testsuite>
  <testsuite name="egt03" timestamp="2023-12-01T13:58:46Z" hostname="f34b6a2d29f3" tests="5" skipped="2" failures="0" errors="0" time="4.377">
    <testcase time="2.128" classname="egt03" name="egt03_functions_with_default_argument_value_return_expected_result_with_test_data">
      <skipped message="Reason: On CRAN ('test-egt03.R:7:3')"/>
    </testcase>
    <testcase time="0.0400000000000063" classname="egt03" name="egt03_errors_on_all_NA_values"/>
    <testcase time="0.840000000000003" classname="egt03" name="egt03_can_handle_some_NA_values"/>
    <testcase time="1.328" classname="egt03" name="egt03_can_handle_some_NA_values">
      <skipped message="Reason: On CRAN ('test-egt03.R:28:3')"/>
    </testcase>
    <testcase time="0.0409999999999968" classname="egt03" name="egt03_fails_on_incomplete_data"/>
  </testsuite>
  <testsuite name="egt05_qtcat" timestamp="2023-12-01T13:58:51Z" hostname="f34b6a2d29f3" tests="4" skipped="2" failures="0" errors="0" time="5.307">
    <testcase time="3.502" classname="egt05_qtcat" name="egt05_qtcat_functions_with_default_argument_value_return_expected_result_with_test_data">
      <skipped message="Reason: On CRAN ('test-egt05_qtcat.R:7:3')"/>
    </testcase>
    <testcase time="0.0450000000000017" classname="egt05_qtcat" name="egt05_qtcat_erros_on_all_NA_values"/>
    <testcase time="0.688000000000002" classname="egt05_qtcat" name="egt05_qtcat_can_handle_some_NA_values"/>
    <testcase time="1.072" classname="egt05_qtcat" name="egt05_qtcat_can_handle_some_NA_values">
      <skipped message="Reason: On CRAN ('test-egt05_qtcat.R:28:3')"/>
    </testcase>
  </testsuite>
  <testsuite name="empty_report" timestamp="2023-12-01T13:58:56Z" hostname="f34b6a2d29f3" tests="25" skipped="0" failures="0" errors="0" time="3.357">
    <testcase time="0.192999999999998" classname="empty_report" name="tlg_functions_return_null_reports_when_domain_table_is_empty"/>
    <testcase time="0.358999999999995" classname="empty_report" name="tlg_functions_return_null_reports_when_domain_table_is_empty"/>
    <testcase time="0.257000000000005" classname="empty_report" name="tlg_functions_return_null_reports_when_domain_table_is_empty"/>
    <testcase time="0.135999999999996" classname="empty_report" name="tlg_functions_return_null_reports_when_domain_table_is_empty"/>
    <testcase time="0.117000000000004" classname="empty_report" name="tlg_functions_return_null_reports_when_domain_table_is_empty"/>
    <testcase time="0.0649999999999977" classname="empty_report" name="tlg_functions_return_null_reports_when_domain_table_is_empty"/>
    <testcase time="0.125" classname="empty_report" name="tlg_functions_return_null_reports_when_domain_table_is_empty"/>
    <testcase time="0.195999999999998" classname="empty_report" name="tlg_functions_return_null_reports_when_domain_table_is_empty"/>
    <testcase time="0.207000000000008" classname="empty_report" name="tlg_functions_return_null_reports_when_domain_table_is_empty"/>
    <testcase time="0.105999999999995" classname="empty_report" name="tlg_functions_return_null_reports_when_domain_table_is_empty"/>
    <testcase time="0.0810000000000031" classname="empty_report" name="tlg_functions_return_null_reports_when_domain_table_is_empty"/>
    <testcase time="0.046999999999997" classname="empty_report" name="tlg_functions_return_null_reports_when_domain_table_is_empty"/>
    <testcase time="0.0480000000000018" classname="empty_report" name="tlg_functions_return_null_reports_when_domain_table_is_empty"/>
    <testcase time="0.0859999999999985" classname="empty_report" name="tlg_functions_return_null_reports_when_domain_table_is_empty"/>
    <testcase time="0.0699999999999932" classname="empty_report" name="tlg_functions_return_null_reports_when_domain_table_is_empty"/>
    <testcase time="0.0870000000000033" classname="empty_report" name="tlg_functions_return_null_reports_when_domain_table_is_empty"/>
    <testcase time="0.106000000000009" classname="empty_report" name="tlg_functions_return_null_reports_when_domain_table_is_empty"/>
    <testcase time="0.0849999999999937" classname="empty_report" name="tlg_functions_return_null_reports_when_domain_table_is_empty"/>
    <testcase time="0.497" classname="empty_report" name="tlg_functions_return_null_reports_when_domain_table_is_empty"/>
    <testcase time="0.100999999999999" classname="empty_report" name="tlg_functions_return_null_reports_when_domain_table_is_empty"/>
    <testcase time="0.117000000000004" classname="empty_report" name="tlg_functions_return_null_reports_when_domain_table_is_empty"/>
    <testcase time="0.070999999999998" classname="empty_report" name="tlg_functions_return_null_reports_when_domain_table_is_empty"/>
    <testcase time="0.083999999999989" classname="empty_report" name="tlg_functions_return_null_reports_when_domain_table_is_empty"/>
    <testcase time="0.0580000000000069" classname="empty_report" name="tlg_functions_return_null_reports_when_domain_table_is_empty"/>
    <testcase time="0.0579999999999927" classname="empty_report" name="tlg_functions_return_null_reports_when_domain_table_is_empty"/>
  </testsuite>
  <testsuite name="ext01" timestamp="2023-12-01T13:58:59Z" hostname="f34b6a2d29f3" tests="8" skipped="7" failures="0" errors="0" time="6.436">
    <testcase time="0.914000000000001" classname="ext01" name="ext01_functions_with_default_argument_value_return_expected_result_with_test_data">
      <skipped message="Reason: On CRAN ('test-ext01.R:7:3')"/>
    </testcase>
    <testcase time="0.734999999999999" classname="ext01" name="ext01_functions_with_categorical_data_return_expected_result_with_test_data">
      <skipped message="Reason: On CRAN ('test-ext01.R:15:3')"/>
    </testcase>
    <testcase time="0.282000000000011" classname="ext01" name="ext01_works"/>
    <testcase time="0.381" classname="ext01" name="ext01_works">
      <skipped message="Reason: On CRAN ('test-ext01.R:23:3')"/>
    </testcase>
    <testcase time="0.722999999999999" classname="ext01" name="ext01_works_for_selected_parameters_and_categorical_variables">
      <skipped message="Reason: On CRAN ('test-ext01.R:36:3')"/>
    </testcase>
    <testcase time="1.09999999999999" classname="ext01" name="ext01_works_with_custom_mapping_order">
      <skipped message="Reason: On CRAN ('test-ext01.R:47:3')"/>
    </testcase>
    <testcase time="1.114" classname="ext01" name="ext01_works_with_custom_mapping_order_for_a_single_split">
      <skipped message="Reason: On CRAN ('test-ext01.R:57:3')"/>
    </testcase>
    <testcase time="1.187" classname="ext01" name="ext01_works_with_custom_mapping_fill_in_value">
      <skipped message="Reason: On CRAN ('test-ext01.R:68:3')"/>
    </testcase>
  </testsuite>
  <testsuite name="fstg01" timestamp="2023-12-01T13:59:06Z" hostname="f34b6a2d29f3" tests="13" skipped="0" failures="0" errors="0" time="9.017">
    <testcase time="0.0319999999999965" classname="fstg01" name="fstg01_works_as_expected"/>
    <testcase time="2.003" classname="fstg01" name="fstg01_works_as_expected"/>
    <testcase time="0.00499999999999545" classname="fstg01" name="fstg01_works_as_expected"/>
    <testcase time="1.98400000000001" classname="fstg01" name="fstg01_works_as_expected_with_custom_color_set"/>
    <testcase time="0.00499999999999545" classname="fstg01" name="fstg01_works_as_expected_with_custom_color_set"/>
    <testcase time="1.70400000000001" classname="fstg01" name="fstg01_works_as_expected_with_custom_color_set"/>
    <testcase time="0.00600000000000023" classname="fstg01" name="fstg01_works_as_expected_with_custom_color_set"/>
    <testcase time="0.361999999999995" classname="fstg01" name="fstg01_works_if_changes_are_in_subgroups_strata_var_conf_level_and_label_all"/>
    <testcase time="0.00499999999999545" classname="fstg01" name="fstg01_works_if_changes_are_in_subgroups_strata_var_conf_level_and_label_all"/>
    <testcase time="0.853000000000009" classname="fstg01" name="fstg01_works_if_changes_are_in_subgroups_strata_var_conf_level_and_label_all"/>
    <testcase time="0.00499999999999545" classname="fstg01" name="fstg01_works_if_changes_are_in_subgroups_strata_var_conf_level_and_label_all"/>
    <testcase time="2.048" classname="fstg01" name="fstg01_can_handle_some_NA_values_in_subgroups"/>
    <testcase time="0.00499999999999545" classname="fstg01" name="fstg01_can_handle_some_NA_values_in_subgroups"/>
  </testsuite>
  <testsuite name="fstg02" timestamp="2023-12-01T13:59:15Z" hostname="f34b6a2d29f3" tests="9" skipped="0" failures="0" errors="0" time="11.878">
    <testcase time="0.019999999999996" classname="fstg02" name="fstg02_works_as_expected"/>
    <testcase time="1.82100000000001" classname="fstg02" name="fstg02_works_as_expected"/>
    <testcase time="1.98099999999999" classname="fstg02" name="fstg02_works_as_expected_with_custom_color_set"/>
    <testcase time="1.49700000000001" classname="fstg02" name="fstg02_works_as_expected_with_custom_color_set"/>
    <testcase time="0.35499999999999" classname="fstg02" name="fstg02_works_if_changes_are_in_subgroups_strata_var_conf_level_and_label_all"/>
    <testcase time="0.819999999999993" classname="fstg02" name="fstg02_works_if_changes_are_in_subgroups_strata_var_conf_level_and_label_all"/>
    <testcase time="1.786" classname="fstg02" name="fstg02_can_handle_some_NA_values_in_subgroups"/>
    <testcase time="1.76400000000001" classname="fstg02" name="fstg02_can_handle_customized_time_units"/>
    <testcase time="1.834" classname="fstg02" name="fstg02_can_handle_customized_time_units"/>
  </testsuite>
  <testsuite name="kmg01" timestamp="2023-12-01T13:59:27Z" hostname="f34b6a2d29f3" tests="13" skipped="0" failures="0" errors="0" time="1.454">
    <testcase time="0.0199999999999818" classname="kmg01" name="kmg01_works_as_expected"/>
    <testcase time="0.280000000000001" classname="kmg01" name="kmg01_works_as_expected"/>
    <testcase time="0.007000000000005" classname="kmg01" name="kmg01_works_as_expected"/>
    <testcase time="0.316000000000003" classname="kmg01" name="kmg01_works_as_expected_with_custom_color_set"/>
    <testcase time="0.00499999999999545" classname="kmg01" name="kmg01_works_as_expected_with_custom_color_set"/>
    <testcase time="0.199000000000012" classname="kmg01" name="kmg01_works_as_expected_with_custom_color_set"/>
    <testcase time="0.0159999999999911" classname="kmg01" name="kmg01_works_as_expected_with_custom_color_set"/>
    <testcase time="0.205000000000013" classname="kmg01" name="kmg01_works_if_change_pvalue_ties_and_conf_level"/>
    <testcase time="0.00499999999999545" classname="kmg01" name="kmg01_works_if_change_pvalue_ties_and_conf_level"/>
    <testcase time="0.194999999999993" classname="kmg01" name="kmg01_works_if_change_annotation_position"/>
    <testcase time="0.00499999999999545" classname="kmg01" name="kmg01_works_if_change_annotation_position"/>
    <testcase time="0.195999999999998" classname="kmg01" name="kmg01_works_for_stratified_anlaysis"/>
    <testcase time="0.00499999999999545" classname="kmg01" name="kmg01_works_for_stratified_anlaysis"/>
  </testsuite>
  <testsuite name="lbt01" timestamp="2023-12-01T13:59:28Z" hostname="f34b6a2d29f3" tests="4" skipped="3" failures="0" errors="0" time="13.22">
    <testcase time="4.726" classname="lbt01" name="lbt01_functions_with_default_argument_value_return_expected_result_with_test_data">
      <skipped message="Reason: On CRAN ('test-lbt01.R:7:3')"/>
    </testcase>
    <testcase time="4.29000000000002" classname="lbt01" name="lbt01_functions_with_row_split_var_return_expected_result_with_test_data">
      <skipped message="Reason: On CRAN ('test-lbt01.R:16:3')"/>
    </testcase>
    <testcase time="1.60299999999998" classname="lbt01" name="lbt01_can_handle_n_0_and_outputs_NE_instead_of_infs_and_NAs"/>
    <testcase time="2.601" classname="lbt01" name="lbt01_can_handle_n_0_and_outputs_NE_instead_of_infs_and_NAs">
      <skipped message="Reason: On CRAN ('test-lbt01.R:29:3')"/>
    </testcase>
  </testsuite>
  <testsuite name="lbt04" timestamp="2023-12-01T13:59:41Z" hostname="f34b6a2d29f3" tests="8" skipped="4" failures="0" errors="0" time="4.068">
    <testcase time="1.29900000000001" classname="lbt04" name="lbt04_functions_with_default_argument_value_return_expected_result_with_test_data">
      <skipped message="Reason: On CRAN ('test-lbt04.R:7:3')"/>
    </testcase>
    <testcase time="0.106999999999999" classname="lbt04" name="lbt04_can_handle_all_NA_values"/>
    <testcase time="0.078000000000003" classname="lbt04" name="lbt04_can_handle_all_NA_values">
      <skipped message="Reason: On CRAN ('test-lbt04.R:20:3')"/>
    </testcase>
    <testcase time="0.50200000000001" classname="lbt04" name="lbt04_can_handle_missing_levels"/>
    <testcase time="0.763999999999982" classname="lbt04" name="lbt04_can_handle_missing_levels">
      <skipped message="Reason: On CRAN ('test-lbt04.R:31:3')"/>
    </testcase>
    <testcase time="0.504000000000019" classname="lbt04" name="lbt04_can_handle_some_NA_values"/>
    <testcase time="0.763000000000005" classname="lbt04" name="lbt04_can_handle_some_NA_values">
      <skipped message="Reason: On CRAN ('test-lbt04.R:39:3')"/>
    </testcase>
    <testcase time="0.0509999999999877" classname="lbt04" name="lbt04_fails_on_incomlete_data"/>
  </testsuite>
  <testsuite name="lbt05" timestamp="2023-12-01T13:59:45Z" hostname="f34b6a2d29f3" tests="5" skipped="2" failures="0" errors="0" time="2.557">
    <testcase time="0.996000000000009" classname="lbt05" name="lbt05_functions_with_default_argument_value_return_expected_result_with_test_data">
      <skipped message="Reason: On CRAN ('test-lbt05.R:7:3')"/>
    </testcase>
    <testcase time="0.498999999999995" classname="lbt05" name="lbt05_give_all_0_count_if_ANRIND_are_all_missing"/>
    <testcase time="0.504999999999995" classname="lbt05" name="lbt05_can_handle_some_NA_values"/>
    <testcase time="0.496999999999986" classname="lbt05" name="lbt05_can_handle_some_NA_values">
      <skipped message="Reason: On CRAN ('test-lbt05.R:36:3')"/>
    </testcase>
    <testcase time="0.0600000000000023" classname="lbt05" name="lbt05_fails_on_incomlete_data"/>
  </testsuite>
  <testsuite name="lbt06" timestamp="2023-12-01T13:59:48Z" hostname="f34b6a2d29f3" tests="3" skipped="1" failures="0" errors="0" time="6.197">
    <testcase time="1.68000000000001" classname="lbt06" name="lbt06_gives_all_0_count_if_ANRIND_and_BNRIND_are_all_missing"/>
    <testcase time="4.459" classname="lbt06" name="lbt06_can_handle_some_NA_values">
      <skipped message="Reason: On CRAN ('test-lbt06.R:20:3')"/>
    </testcase>
    <testcase time="0.0579999999999927" classname="lbt06" name="lbt06_fails_on_incomplete_data"/>
  </testsuite>
  <testsuite name="lbt07" timestamp="2023-12-01T13:59:54Z" hostname="f34b6a2d29f3" tests="4" skipped="2" failures="0" errors="0" time="3.041">
    <testcase time="1.49799999999999" classname="lbt07" name="lbt07_functions_with_default_argument_value_return_expected_result_with_test_data">
      <skipped message="Reason: On CRAN ('test-lbt07.R:7:3')"/>
    </testcase>
    <testcase time="0.740000000000009" classname="lbt07" name="lbt07_can_handle_some_NA_values"/>
    <testcase time="0.742999999999995" classname="lbt07" name="lbt07_can_handle_some_NA_values">
      <skipped message="Reason: On CRAN ('test-lbt07.R:22:3')"/>
    </testcase>
    <testcase time="0.0600000000000023" classname="lbt07" name="lbt07_fails_on_incomlete_data"/>
  </testsuite>
  <testsuite name="lbt14" timestamp="2023-12-01T13:59:57Z" hostname="f34b6a2d29f3" tests="16" skipped="10" failures="0" errors="0" time="40.838">
    <testcase time="3.93200000000002" classname="lbt14" name="lbt14_functions_with_default_argument_value_return_expected_result_with_test_data">
      <skipped message="Reason: On CRAN ('test-lbt14.R:7:3')"/>
    </testcase>
    <testcase time="3.59399999999999" classname="lbt14" name="lbt14_functions_with_default_argument_value_return_expected_result_with_test_data_when_direction_high">
      <skipped message="Reason: On CRAN ('test-lbt14.R:14:3')"/>
    </testcase>
    <testcase time="3.26900000000001" classname="lbt14" name="lbt14_functions_with_gr_missing_excl_return_expected_result_with_test_data">
      <skipped message="Reason: On CRAN ('test-lbt14.R:21:3')"/>
    </testcase>
    <testcase time="3.36199999999999" classname="lbt14" name="lbt14_functions_with_gr_missing_gr_0_return_expected_result_with_test_data">
      <skipped message="Reason: On CRAN ('test-lbt14.R:28:3')"/>
    </testcase>
    <testcase time="1.68699999999998" classname="lbt14" name="lbt14_can_handle_all_NA_values"/>
    <testcase time="0.451000000000022" classname="lbt14" name="lbt14_can_handle_all_NA_values">
      <skipped message="Reason: On CRAN ('test-lbt14.R:41:3')"/>
    </testcase>
    <testcase time="2.04799999999997" classname="lbt14" name="lbt14_can_handle_some_NA_values"/>
    <testcase time="1.864" classname="lbt14" name="lbt14_can_handle_some_NA_values">
      <skipped message="Reason: On CRAN ('test-lbt14.R:60:3')"/>
    </testcase>
    <testcase time="7.22200000000001" classname="lbt14" name="lbt14_can_accept_different_gr_missing">
      <skipped message="Reason: On CRAN ('test-lbt14.R:67:3')"/>
    </testcase>
    <testcase time="0.0579999999999927" classname="lbt14" name="lbt14_fails_on_incomlete_data"/>
    <testcase time="1.774" classname="lbt14" name="lbt14_can_handle_all_NA_values_with_direction_high"/>
    <testcase time="0.455000000000013" classname="lbt14" name="lbt14_can_handle_all_NA_values_with_direction_high">
      <skipped message="Reason: On CRAN ('test-lbt14.R:92:3')"/>
    </testcase>
    <testcase time="2.22800000000001" classname="lbt14" name="lbt14_can_handle_some_NA_values_with_direction_high"/>
    <testcase time="1.79299999999998" classname="lbt14" name="lbt14_can_handle_some_NA_values_with_direction_high">
      <skipped message="Reason: On CRAN ('test-lbt14.R:111:3')"/>
    </testcase>
    <testcase time="7.05600000000001" classname="lbt14" name="lbt14_can_accept_different_gr_missing_with_direction_high">
      <skipped message="Reason: On CRAN ('test-lbt14.R:119:3')"/>
    </testcase>
    <testcase time="0.0449999999999875" classname="lbt14" name="lbt14_fails_on_incomlete_data"/>
  </testsuite>
  <testsuite name="lbt15" timestamp="2023-12-01T14:00:38Z" hostname="f34b6a2d29f3" tests="12" skipped="6" failures="0" errors="0" time="7.97">
    <testcase time="1.298" classname="lbt15" name="lbt15_functions_with_default_argument_value_return_expected_result_with_test_data">
      <skipped message="Reason: On CRAN ('test-lbt15.R:7:3')"/>
    </testcase>
    <testcase time="0.507000000000005" classname="lbt15" name="lbt15_can_handle_all_NA_values"/>
    <testcase time="0.786000000000001" classname="lbt15" name="lbt15_can_handle_all_NA_values">
      <skipped message="Reason: On CRAN ('test-lbt15.R:20:3')"/>
    </testcase>
    <testcase time="0.530000000000001" classname="lbt15" name="lbt15_can_handle_missing_levels"/>
    <testcase time="0.795999999999992" classname="lbt15" name="lbt15_can_handle_missing_levels">
      <skipped message="Reason: On CRAN ('test-lbt15.R:31:3')"/>
    </testcase>
    <testcase time="0.515000000000015" classname="lbt15" name="lbt15_can_handle_missing_levels_in_baseline"/>
    <testcase time="0.810000000000002" classname="lbt15" name="lbt15_can_handle_missing_levels_in_baseline">
      <skipped message="Reason: On CRAN ('test-lbt15.R:42:3')"/>
    </testcase>
    <testcase time="0.516999999999996" classname="lbt15" name="lbt15_can_handle_some_NA_values"/>
    <testcase time="0.814999999999998" classname="lbt15" name="lbt15_can_handle_some_NA_values">
      <skipped message="Reason: On CRAN ('test-lbt15.R:50:3')"/>
    </testcase>
    <testcase time="0.536000000000001" classname="lbt15" name="lbt15_can_handle_some_NA_values_in_baseline"/>
    <testcase time="0.819999999999993" classname="lbt15" name="lbt15_can_handle_some_NA_values_in_baseline">
      <skipped message="Reason: On CRAN ('test-lbt15.R:58:3')"/>
    </testcase>
    <testcase time="0.039999999999992" classname="lbt15" name="lbt15_fails_on_incomlete_data"/>
  </testsuite>
  <testsuite name="mht01" timestamp="2023-12-01T14:00:46Z" hostname="f34b6a2d29f3" tests="3" skipped="3" failures="0" errors="0" time="2.752">
    <testcase time="0.913000000000011" classname="mht01" name="mht01_functions_with_default_argument_value_return_expected_result_with_test_data">
      <skipped message="Reason: On CRAN ('test-mht01.R:7:3')"/>
    </testcase>
    <testcase time="0.926999999999992" classname="mht01" name="mht01_works">
      <skipped message="Reason: On CRAN ('test-mht01.R:15:3')"/>
    </testcase>
    <testcase time="0.912000000000006" classname="mht01" name="mht01_works_on_NULL_in_lbl_mhbodsys_or_lbl_mhdecod">
      <skipped message="Reason: On CRAN ('test-mht01.R:21:3')"/>
    </testcase>
  </testsuite>
  <testsuite name="mng01" timestamp="2023-12-01T14:00:49Z" hostname="f34b6a2d29f3" tests="14" skipped="7" failures="0" errors="0" time="9.932">
    <testcase time="1.37100000000001" classname="mng01" name="mng01_works_as_expected_with_default_argument_values"/>
    <testcase time="0.216999999999985" classname="mng01" name="mng01_works_as_expected_with_default_argument_values">
      <skipped message="Reason: On CRAN ('test-mng01.R:7:3')"/>
    </testcase>
    <testcase time="1.386" classname="mng01" name="mng01_works_as_expected_with_custom_argument_values"/>
    <testcase time="0.210000000000008" classname="mng01" name="mng01_works_as_expected_with_custom_argument_values">
      <skipped message="Reason: On CRAN ('test-mng01.R:25:3')"/>
    </testcase>
    <testcase time="1.386" classname="mng01" name="mng01_works_as_expected_with_custom_color_set"/>
    <testcase time="0.189000000000021" classname="mng01" name="mng01_works_as_expected_with_custom_color_set">
      <skipped message="Reason: On CRAN ('test-mng01.R:52:3')"/>
    </testcase>
    <testcase time="0.301999999999992" classname="mng01" name="mng01_works_with_table_NULL"/>
    <testcase time="0.269999999999982" classname="mng01" name="mng01_works_with_table_NULL">
      <skipped message="Reason: On CRAN ('test-mng01.R:63:3')"/>
    </testcase>
    <testcase time="1.58000000000001" classname="mng01" name="mng01_works_with_combination_of_x_variables"/>
    <testcase time="0.191000000000003" classname="mng01" name="mng01_works_with_combination_of_x_variables">
      <skipped message="Reason: On CRAN ('test-mng01.R:75:3')"/>
    </testcase>
    <testcase time="1.16900000000001" classname="mng01" name="mng01_works_with_numeric_x_variable"/>
    <testcase time="0.192999999999984" classname="mng01" name="mng01_works_with_numeric_x_variable">
      <skipped message="Reason: On CRAN ('test-mng01.R:89:3')"/>
    </testcase>
    <testcase time="1.28300000000002" classname="mng01" name="mng01_works_with_numeric_jitter"/>
    <testcase time="0.184999999999974" classname="mng01" name="mng01_works_with_numeric_jitter">
      <skipped message="Reason: On CRAN ('test-mng01.R:101:3')"/>
    </testcase>
  </testsuite>
  <testsuite name="pdt01" timestamp="2023-12-01T14:00:59Z" hostname="f34b6a2d29f3" tests="5" skipped="3" failures="0" errors="0" time="2.056">
    <testcase time="0.831000000000017" classname="pdt01" name="pdt01_function_with_default_argument_value_return_expected_result_with_test_data">
      <skipped message="Reason: On CRAN ('test-pdt01.R:7:3')"/>
    </testcase>
    <testcase time="0.152999999999992" classname="pdt01" name="pdt01_can_handle_all_NA_values"/>
    <testcase time="0.170999999999992" classname="pdt01" name="pdt01_can_handle_all_NA_values">
      <skipped message="Reason: On CRAN ('test-pdt01.R:21:3')"/>
    </testcase>
    <testcase time="0.373000000000019" classname="pdt01" name="pdt01_can_handle_some_NA_values"/>
    <testcase time="0.527999999999992" classname="pdt01" name="pdt01_can_handle_some_NA_values">
      <skipped message="Reason: On CRAN ('test-pdt01.R:36:3')"/>
    </testcase>
  </testsuite>
  <testsuite name="pdt02" timestamp="2023-12-01T14:01:01Z" hostname="f34b6a2d29f3" tests="5" skipped="3" failures="0" errors="0" time="1.322">
    <testcase time="0.417000000000002" classname="pdt02" name="pdt02_function_with_default_argument_value_return_expected_result_with_test_data">
      <skipped message="Reason: On CRAN ('test-pdt02.R:7:3')"/>
    </testcase>
    <testcase time="0.204000000000008" classname="pdt02" name="pdt02_can_handle_all_NA_values"/>
    <testcase time="0.182999999999993" classname="pdt02" name="pdt02_can_handle_all_NA_values">
      <skipped message="Reason: On CRAN ('test-pdt02.R:21:3')"/>
    </testcase>
    <testcase time="0.260999999999996" classname="pdt02" name="pdt02_can_handle_some_NA_values"/>
    <testcase time="0.257000000000005" classname="pdt02" name="pdt02_can_handle_some_NA_values">
      <skipped message="Reason: On CRAN ('test-pdt02.R:36:3')"/>
    </testcase>
  </testsuite>
  <testsuite name="reexports" timestamp="2023-12-01T14:01:02Z" hostname="f34b6a2d29f3" tests="2" skipped="0" failures="0" errors="0" time="0.051">
    <testcase time="0.0409999999999968" classname="reexports" name="with_label_exported_correctly"/>
    <testcase time="0.00999999999999091" classname="reexports" name="reformat_exported_correctly"/>
  </testsuite>
  <testsuite name="rmpt01" timestamp="2023-12-01T14:01:02Z" hostname="f34b6a2d29f3" tests="7" skipped="3" failures="0" errors="0" time="0.861">
    <testcase time="0.244" classname="rmpt01" name="rmpt01_function_with_default_argument_value_return_expected_result_with_test_data">
      <skipped message="Reason: On CRAN ('test-rmpt01.R:7:3')"/>
    </testcase>
    <testcase time="0.100000000000023" classname="rmpt01" name="rmpt01_can_handle_NA_values"/>
    <testcase time="0.153999999999996" classname="rmpt01" name="rmpt01_can_handle_NA_values">
      <skipped message="Reason: On CRAN ('test-rmpt01.R:17:3')"/>
    </testcase>
    <testcase time="0.106999999999999" classname="rmpt01" name="rmpt01_can_handle_some_NA_values"/>
    <testcase time="0.153999999999996" classname="rmpt01" name="rmpt01_can_handle_some_NA_values">
      <skipped message="Reason: On CRAN ('test-rmpt01.R:31:3')"/>
    </testcase>
    <testcase time="0.061000000000007" classname="rmpt01" name="rmpt01_fails_on_incomlete_data"/>
    <testcase time="0.0409999999999968" classname="rmpt01" name="rmpt01_fails_on_incomlete_data"/>
  </testsuite>
  <testsuite name="rmpt03" timestamp="2023-12-01T14:01:03Z" hostname="f34b6a2d29f3" tests="8" skipped="3" failures="0" errors="0" time="1.406">
    <testcase time="0.411999999999978" classname="rmpt03" name="rmpt03_function_with_default_argument_value_return_expected_result_with_test_data">
      <skipped message="Reason: On CRAN ('test-rmpt03.R:10:3')"/>
    </testcase>
    <testcase time="0.176000000000016" classname="rmpt03" name="rmpt03_can_handle_NA_values"/>
    <testcase time="0.240999999999985" classname="rmpt03" name="rmpt03_can_handle_NA_values">
      <skipped message="Reason: On CRAN ('test-rmpt03.R:22:3')"/>
    </testcase>
    <testcase time="0.181000000000012" classname="rmpt03" name="rmpt03_can_handle_some_NA_values"/>
    <testcase time="0.240000000000009" classname="rmpt03" name="rmpt03_can_handle_some_NA_values">
      <skipped message="Reason: On CRAN ('test-rmpt03.R:38:3')"/>
    </testcase>
    <testcase time="0.0789999999999793" classname="rmpt03" name="rmpt03_fails_on_incomlete_data"/>
    <testcase time="0.0450000000000159" classname="rmpt03" name="rmpt03_fails_on_incomlete_data"/>
    <testcase time="0.0319999999999823" classname="rmpt03" name="rmpt03_fails_on_incomlete_data"/>
  </testsuite>
  <testsuite name="rmpt04" timestamp="2023-12-01T14:01:04Z" hostname="f34b6a2d29f3" tests="6" skipped="3" failures="0" errors="0" time="0.848">
    <testcase time="0.244" classname="rmpt04" name="rmpt04_function_with_default_argument_value_return_expected_result_with_test_data">
      <skipped message="Reason: On CRAN ('test-rmpt04.R:7:3')"/>
    </testcase>
    <testcase time="0.100000000000023" classname="rmpt04" name="rmpt04_can_handle_NA_values"/>
    <testcase time="0.147999999999996" classname="rmpt04" name="rmpt04_can_handle_NA_values">
      <skipped message="Reason: On CRAN ('test-rmpt04.R:17:3')"/>
    </testcase>
    <testcase time="0.132999999999981" classname="rmpt04" name="rmpt04_can_handle_some_NA_values"/>
    <testcase time="0.13900000000001" classname="rmpt04" name="rmpt04_can_handle_some_NA_values">
      <skipped message="Reason: On CRAN ('test-rmpt04.R:34:3')"/>
    </testcase>
    <testcase time="0.0840000000000032" classname="rmpt04" name="rmpt04_fails_on_incomlete_data"/>
  </testsuite>
  <testsuite name="rmpt05" timestamp="2023-12-01T14:01:05Z" hostname="f34b6a2d29f3" tests="6" skipped="3" failures="0" errors="0" time="0.985">
    <testcase time="0.295999999999992" classname="rmpt05" name="rmpt05_function_with_default_argument_value_return_expected_result_with_test_data">
      <skipped message="Reason: On CRAN ('test-rmpt05.R:7:3')"/>
    </testcase>
    <testcase time="0.114000000000004" classname="rmpt05" name="rmpt05_can_handle_NA_values"/>
    <testcase time="0.176999999999992" classname="rmpt05" name="rmpt05_can_handle_NA_values">
      <skipped message="Reason: On CRAN ('test-rmpt05.R:17:3')"/>
    </testcase>
    <testcase time="0.135999999999996" classname="rmpt05" name="rmpt05_can_handle_some_NA_values"/>
    <testcase time="0.172000000000025" classname="rmpt05" name="rmpt05_can_handle_some_NA_values">
      <skipped message="Reason: On CRAN ('test-rmpt05.R:34:3')"/>
    </testcase>
    <testcase time="0.089999999999975" classname="rmpt05" name="rmpt05_fails_on_incomlete_data"/>
  </testsuite>
  <testsuite name="rmpt06" timestamp="2023-12-01T14:01:06Z" hostname="f34b6a2d29f3" tests="4" skipped="3" failures="0" errors="0" time="2.339">
    <testcase time="0.794000000000011" classname="rmpt06" name="rmpt06_works_as_expected">
      <skipped message="Reason: On CRAN ('test-rmpt06.R:8:3')"/>
    </testcase>
    <testcase time="0.844999999999999" classname="rmpt06" name="rmpt06_works_as_expected_with_show_diff_TRUE">
      <skipped message="Reason: On CRAN ('test-rmpt06.R:16:3')"/>
    </testcase>
    <testcase time="0.352000000000004" classname="rmpt06" name="rmpt06_can_handle_all_NA_values"/>
    <testcase time="0.347999999999985" classname="rmpt06" name="rmpt06_can_handle_all_NA_values">
      <skipped message="Reason: On CRAN ('test-rmpt06.R:29:3')"/>
    </testcase>
  </testsuite>
  <testsuite name="rspt01" timestamp="2023-12-01T14:01:09Z" hostname="f34b6a2d29f3" tests="15" skipped="7" failures="0" errors="0" time="5.217">
    <testcase time="0.0390000000000157" classname="rspt01" name="rspt01_works_as_expected"/>
    <testcase time="0.439999999999998" classname="rspt01" name="rspt01_works_as_expected"/>
    <testcase time="0.318999999999988" classname="rspt01" name="rspt01_works_as_expected">
      <skipped message="Reason: On CRAN ('test-rspt01.R:5:3')"/>
    </testcase>
    <testcase time="0.455000000000013" classname="rspt01" name="rspt01_works_as_expected_for_stratified_and_unstratified_analysis"/>
    <testcase time="0.35499999999999" classname="rspt01" name="rspt01_works_as_expected_for_stratified_and_unstratified_analysis">
      <skipped message="Reason: On CRAN ('test-rspt01.R:17:3')"/>
    </testcase>
    <testcase time="0.379000000000019" classname="rspt01" name="rspt01_works_as_expected_for_unstratified_analysis_only"/>
    <testcase time="0.317999999999984" classname="rspt01" name="rspt01_works_as_expected_for_unstratified_analysis_only">
      <skipped message="Reason: On CRAN ('test-rspt01.R:36:3')"/>
    </testcase>
    <testcase time="0.396000000000015" classname="rspt01" name="rspt01_works_as_expected_for_stratified_analysis_only"/>
    <testcase time="0.292000000000002" classname="rspt01" name="rspt01_works_as_expected_for_stratified_analysis_only">
      <skipped message="Reason: On CRAN ('test-rspt01.R:55:3')"/>
    </testcase>
    <testcase time="0.430999999999983" classname="rspt01" name="rspt01_works_if_change_reference_group"/>
    <testcase time="0.323000000000008" classname="rspt01" name="rspt01_works_if_change_reference_group">
      <skipped message="Reason: On CRAN ('test-rspt01.R:74:3')"/>
    </testcase>
    <testcase time="0.407999999999987" classname="rspt01" name="rspt01_works_if_change_statistic_methods"/>
    <testcase time="0.324000000000012" classname="rspt01" name="rspt01_works_if_change_statistic_methods">
      <skipped message="Reason: On CRAN ('test-rspt01.R:97:3')"/>
    </testcase>
    <testcase time="0.421999999999997" classname="rspt01" name="rspt01_works_if_change_confidence_interval"/>
    <testcase time="0.316000000000003" classname="rspt01" name="rspt01_works_if_change_confidence_interval">
      <skipped message="Reason: On CRAN ('test-rspt01.R:123:3')"/>
    </testcase>
  </testsuite>
  <testsuite name="ttet01" timestamp="2023-12-01T14:01:14Z" hostname="f34b6a2d29f3" tests="9" skipped="4" failures="0" errors="0" time="4.562">
    <testcase time="0.0459999999999923" classname="ttet01" name="ttet01_works_as_expected"/>
    <testcase time="0.586000000000013" classname="ttet01" name="ttet01_works_as_expected"/>
    <testcase time="0.681999999999988" classname="ttet01" name="ttet01_works_as_expected">
      <skipped message="Reason: On CRAN ('test-ttet01.R:10:3')"/>
    </testcase>
    <testcase time="0.760000000000019" classname="ttet01" name="ttet01_works_as_expected_for_stratified_and_unstratified_analysis"/>
    <testcase time="0.509999999999991" classname="ttet01" name="ttet01_works_as_expected_for_stratified_and_unstratified_analysis">
      <skipped message="Reason: On CRAN ('test-ttet01.R:22:3')"/>
    </testcase>
    <testcase time="0.483000000000004" classname="ttet01" name="ttet01_works_as_expected_for_stratified_analysis_only"/>
    <testcase time="0.513000000000005" classname="ttet01" name="ttet01_works_as_expected_for_stratified_analysis_only">
      <skipped message="Reason: On CRAN ('test-ttet01.R:44:3')"/>
    </testcase>
    <testcase time="0.455999999999989" classname="ttet01" name="ttet01_works_if_change_reference_group"/>
    <testcase time="0.52600000000001" classname="ttet01" name="ttet01_works_if_change_reference_group">
      <skipped message="Reason: On CRAN ('test-ttet01.R:66:3')"/>
    </testcase>
  </testsuite>
  <testsuite name="utils" timestamp="2023-12-01T14:01:18Z" hostname="f34b6a2d29f3" tests="24" skipped="1" failures="0" errors="0" time="0.211">
    <testcase time="0.0269999999999868" classname="utils" name="h_format_dec_works_as_exected"/>
    <testcase time="0.00399999999999068" classname="utils" name="h_format_dec_works_as_exected"/>
    <testcase time="0.00300000000001432" classname="utils" name="h_format_dec_works_as_exected"/>
    <testcase time="0.00399999999999068" classname="utils" name="h_format_dec_works_as_exected"/>
    <testcase time="0.00300000000001432" classname="utils" name="h_format_dec_works_as_exected"/>
    <testcase time="0.00399999999999068" classname="utils" name="h_format_dec_works_as_exected"/>
    <testcase time="0.00300000000001432" classname="utils" name="h_format_dec_works_as_exected"/>
    <testcase time="0.00399999999999068" classname="utils" name="h_format_dec_works_as_exected"/>
    <testcase time="0.00200000000000955" classname="utils" name="h_format_dec_works_as_exected"/>
    <testcase time="0.00499999999999545" classname="utils" name="h_format_dec_works_as_exected"/>
    <testcase time="0.00199999999998113" classname="utils" name="h_format_dec_works_as_exected"/>
    <testcase time="0.0040000000000191" classname="utils" name="h_format_dec_works_as_exected"/>
    <testcase time="0.00999999999999091" classname="utils" name="h_format_dec_works_as_expected_with_more_than_one_value"/>
    <testcase time="0.00399999999999068" classname="utils" name="h_format_dec_works_as_expected_with_more_than_one_value"/>
    <testcase time="0.00999999999999091" classname="utils" name="h_format_dec_works_as_expected_with_NA_digits"/>
    <testcase time="0.0110000000000241" classname="utils" name="fuse_sequentially_works"/>
    <testcase time="0.00399999999999068" classname="utils" name="fuse_sequentially_works"/>
    <testcase time="0.00899999999998613" classname="utils" name="grob_list_works"/>
    <testcase time="0.00200000000000955" classname="utils" name="grob_list_works"/>
    <testcase time="0.00399999999999068" classname="utils" name="grob_list_works"/>
    <testcase time="0.00500000000002387" classname="utils" name="grob_list_works"/>
    <testcase time="0.0269999999999868" classname="utils" name="ifneeded_split_row_works_as_expected"/>
    <testcase time="0.00900000000001455" classname="utils" name="ifneeded_split_row_works_as_expected"/>
    <testcase time="0.0509999999999877" classname="utils" name="_unnamed_">
      <skipped message="Reason: On CRAN ('test-utils.R:88:1')"/>
    </testcase>
  </testsuite>
  <testsuite name="vst01" timestamp="2023-12-01T14:01:19Z" hostname="f34b6a2d29f3" tests="3" skipped="2" failures="0" errors="0" time="19.935">
    <testcase time="9.68899999999999" classname="vst01" name="vst01_functions_with_default_argument_value_return_expected_result_with_test_data">
      <skipped message="Reason: On CRAN ('test-vst01.R:7:3')"/>
    </testcase>
    <testcase time="3.96500000000003" classname="vst01" name="run_vst01_works_as_expected"/>
    <testcase time="6.28099999999995" classname="vst01" name="run_vst01_works_as_expected">
      <skipped message="Reason: On CRAN ('test-vst01.R:14:3')"/>
    </testcase>
  </testsuite>
  <testsuite name="vst02" timestamp="2023-12-01T14:01:39Z" hostname="f34b6a2d29f3" tests="2" skipped="2" failures="0" errors="0" time="1.399">
    <testcase time="0.708000000000027" classname="vst02" name="vst02_functions_with_default_argument_value_return_expected_result_with_test_data">
      <skipped message="Reason: On CRAN ('test-vst02.R:7:3')"/>
    </testcase>
    <testcase time="0.690999999999974" classname="vst02" name="vst02_functions_return_expected_result_with_test_data_when_excluding_subject_with_baseline_abnormality">
      <skipped message="Reason: On CRAN ('test-vst02.R:14:3')"/>
    </testcase>
  </testsuite>
</testsuites>
