<?xml version="1.0" encoding="UTF-8"?>
<testsuites>
  <testsuite name="ael01_nollt" timestamp="2024-08-28T12:30:51Z" hostname="d8da2cbb5d97" tests="14" skipped="0" failures="0" errors="0" time="1.178">
    <testcase time="0.0650000000000002" classname="ael01_nollt" name="ael01_nollt_works_with_admh_dataset"/>
    <testcase time="0.275" classname="ael01_nollt" name="ael01_nollt_works_with_admh_dataset"/>
    <testcase time="0.0289999999999999" classname="ael01_nollt" name="ael01_nollt_works_with_non_default_label"/>
    <testcase time="0.211" classname="ael01_nollt" name="ael01_nollt_works_with_non_default_label"/>
    <testcase time="0.028" classname="ael01_nollt" name="ael01_nollt_can_handle_all_missing_values"/>
    <testcase time="0.081" classname="ael01_nollt" name="ael01_nollt_can_handle_all_missing_values"/>
    <testcase time="0.0270000000000001" classname="ael01_nollt" name="ael01_nollt_can_handle_some_missing_values"/>
    <testcase time="0.129" classname="ael01_nollt" name="ael01_nollt_can_handle_some_missing_values"/>
    <testcase time="0.0230000000000001" classname="ael01_nollt" name="ael01_nollt_listing_can_be_split_by_an_additional_variable"/>
    <testcase time="0.00199999999999978" classname="ael01_nollt" name="ael01_nollt_listing_can_be_split_by_an_additional_variable"/>
    <testcase time="0.166" classname="ael01_nollt" name="ael01_nollt_listing_can_be_split_by_an_additional_variable"/>
    <testcase time="0.0219999999999998" classname="ael01_nollt" name="split_ael01_nollt_listing_do_not_display_missing_values"/>
    <testcase time="0.00099999999999989" classname="ael01_nollt" name="split_ael01_nollt_listing_do_not_display_missing_values"/>
    <testcase time="0.119" classname="ael01_nollt" name="split_ael01_nollt_listing_do_not_display_missing_values"/>
  </testsuite>
  <testsuite name="ael02" timestamp="2024-08-28T12:30:52Z" hostname="d8da2cbb5d97" tests="9" skipped="0" failures="0" errors="0" time="2.72">
    <testcase time="0.0699999999999998" classname="ael02" name="ael02_works_with_adae_dataset"/>
    <testcase time="0.00099999999999989" classname="ael02" name="ael02_works_with_adae_dataset"/>
    <testcase time="0.832" classname="ael02" name="ael02_works_with_adae_dataset"/>
    <testcase time="0.0510000000000002" classname="ael02" name="ael02_can_handle_all_missing_values"/>
    <testcase time="0.00100000000000033" classname="ael02" name="ael02_can_handle_all_missing_values"/>
    <testcase time="0.878" classname="ael02" name="ael02_can_handle_all_missing_values"/>
    <testcase time="0.0510000000000002" classname="ael02" name="ael02_functions_work_as_expected"/>
    <testcase time="0.00199999999999978" classname="ael02" name="ael02_functions_work_as_expected"/>
    <testcase time="0.834" classname="ael02" name="ael02_functions_work_as_expected"/>
  </testsuite>
  <testsuite name="ael03" timestamp="2024-08-28T12:30:55Z" hostname="d8da2cbb5d97" tests="9" skipped="0" failures="0" errors="0" time="2.775">
    <testcase time="0.069" classname="ael03" name="ael03_works_with_adae_dataset"/>
    <testcase time="0.00100000000000033" classname="ael03" name="ael03_works_with_adae_dataset"/>
    <testcase time="0.865" classname="ael03" name="ael03_works_with_adae_dataset"/>
    <testcase time="0.0519999999999996" classname="ael03" name="ael03_can_handle_all_missing_values"/>
    <testcase time="0.00100000000000033" classname="ael03" name="ael03_can_handle_all_missing_values"/>
    <testcase time="0.883" classname="ael03" name="ael03_can_handle_all_missing_values"/>
    <testcase time="0.0510000000000002" classname="ael03" name="ael03_functions_work_as_expected"/>
    <testcase time="0.000999999999999446" classname="ael03" name="ael03_functions_work_as_expected"/>
    <testcase time="0.852" classname="ael03" name="ael03_functions_work_as_expected"/>
  </testsuite>
  <testsuite name="aet01" timestamp="2024-08-28T12:30:58Z" hostname="d8da2cbb5d97" tests="13" skipped="0" failures="0" errors="0" time="3.335">
    <testcase time="0.417999999999999" classname="aet01" name="aet01_can_handle_all_NA_values"/>
    <testcase time="0.273000000000001" classname="aet01" name="aet01_can_handle_all_NA_values"/>
    <testcase time="0.282999999999999" classname="aet01" name="aet01_can_handle_all_NA_values"/>
    <testcase time="0.217000000000001" classname="aet01" name="aet01_can_handle_all_NA_values"/>
    <testcase time="0.264999999999999" classname="aet01" name="aet01_can_handle_some_NA_values"/>
    <testcase time="0.270000000000001" classname="aet01" name="aet01_can_handle_some_NA_values"/>
    <testcase time="0.209999999999999" classname="aet01" name="aet01_can_use_custom_anl_vars"/>
    <testcase time="0.167" classname="aet01" name="aet01_can_use_custom_anl_vars"/>
    <testcase time="0.0660000000000007" classname="aet01" name="aet01_fails_on_incomplete_data_input"/>
    <testcase time="0.468" classname="aet01" name="aet01_can_use_custom_medconcept_var"/>
    <testcase time="0.279999999999999" classname="aet01" name="aet01_can_use_custom_medconcept_var"/>
    <testcase time="0.184000000000001" classname="aet01" name="aet01_can_conditionally_show_the_number_of_withdrawal"/>
    <testcase time="0.234" classname="aet01" name="aet01_can_conditionally_show_the_number_of_withdrawal"/>
  </testsuite>
  <testsuite name="aet01_aesi" timestamp="2024-08-28T12:31:01Z" hostname="d8da2cbb5d97" tests="9" skipped="0" failures="0" errors="0" time="1.986">
    <testcase time="0.219999999999999" classname="aet01_aesi" name="aet01_aesi_can_handle_all_NA_values"/>
    <testcase time="0.246" classname="aet01_aesi" name="aet01_aesi_can_handle_all_NA_values"/>
    <testcase time="0.188000000000001" classname="aet01_aesi" name="aet01_aesi_can_handle_all_NA_values"/>
    <testcase time="0.209999999999999" classname="aet01_aesi" name="aet01_aesi_can_handle_all_NA_values"/>
    <testcase time="0.190000000000001" classname="aet01_aesi" name="aet01_aesi_can_handle_some_NA_values"/>
    <testcase time="0.244999999999999" classname="aet01_aesi" name="aet01_aesi_can_handle_some_NA_values"/>
    <testcase time="0.262" classname="aet01_aesi" name="aet01_aesi_works_with_ALL_argument"/>
    <testcase time="0.375999999999999" classname="aet01_aesi" name="aet01_aesi_works_with_ALL_argument"/>
    <testcase time="0.0489999999999995" classname="aet01_aesi" name="aet01_aesi_check_fails_on_incomplete_data_input"/>
  </testsuite>
  <testsuite name="aet02" timestamp="2024-08-28T12:31:03Z" hostname="d8da2cbb5d97" tests="4" skipped="0" failures="0" errors="0" time="2.355">
    <testcase time="0.0500000000000007" classname="aet02" name="aet02_fails_on_incomplete_data_input"/>
    <testcase time="0.109" classname="aet02" name="aet02_handle_empty_data_input"/>
    <testcase time="1.45" classname="aet02" name="aet02_can_have_different_levels_of_row_split"/>
    <testcase time="0.745999999999999" classname="aet02" name="aet02_can_have_different_levels_of_row_split"/>
  </testsuite>
  <testsuite name="aet03" timestamp="2024-08-28T12:31:06Z" hostname="d8da2cbb5d97" tests="4" skipped="0" failures="0" errors="0" time="2.495">
    <testcase time="0.266999999999999" classname="aet03" name="aet03_can_handle_NA_values"/>
    <testcase time="0.246000000000002" classname="aet03" name="aet03_can_handle_NA_values"/>
    <testcase time="1.287" classname="aet03" name="aet03_can_handle_some_NA_values"/>
    <testcase time="0.695" classname="aet03" name="aet03_can_handle_some_NA_values"/>
  </testsuite>
  <testsuite name="aet04" timestamp="2024-08-28T12:31:08Z" hostname="d8da2cbb5d97" tests="12" skipped="0" failures="0" errors="0" time="11.28">
    <testcase time="0.428999999999998" classname="aet04" name="aet04_can_handle_NA_values"/>
    <testcase time="0.408000000000001" classname="aet04" name="aet04_can_handle_NA_values"/>
    <testcase time="0.404" classname="aet04" name="aet04_can_handle_NA_values"/>
    <testcase time="0.00300000000000011" classname="aet04" name="aet04_can_handle_NA_values"/>
    <testcase time="0.402000000000001" classname="aet04" name="aet04_can_handle_NA_values"/>
    <testcase time="0.407999999999998" classname="aet04" name="aet04_can_handle_NA_values"/>
    <testcase time="2.279" classname="aet04" name="aet04_can_handle_some_NA_values"/>
    <testcase time="1.156" classname="aet04" name="aet04_can_handle_some_NA_values"/>
    <testcase time="2.274" classname="aet04" name="aet04_can_handle_some_NA_values"/>
    <testcase time="0.00600000000000023" classname="aet04" name="aet04_can_handle_some_NA_values"/>
    <testcase time="2.31" classname="aet04" name="aet04_can_handle_some_NA_values"/>
    <testcase time="1.201" classname="aet04" name="aet04_can_handle_some_NA_values"/>
  </testsuite>
  <testsuite name="aet05" timestamp="2024-08-28T12:31:19Z" hostname="d8da2cbb5d97" tests="6" skipped="0" failures="0" errors="0" time="1.272">
    <testcase time="0.166" classname="aet05" name="aet05_can_handle_NA_values"/>
    <testcase time="0.259999999999998" classname="aet05" name="aet05_can_handle_NA_values"/>
    <testcase time="0.149999999999999" classname="aet05" name="aet05_can_handle_some_NA_values"/>
    <testcase time="0.280000000000001" classname="aet05" name="aet05_can_handle_some_NA_values"/>
    <testcase time="0.134" classname="aet05" name="aet05_can_handle_some_NA_values"/>
    <testcase time="0.282" classname="aet05" name="aet05_can_handle_some_NA_values"/>
  </testsuite>
  <testsuite name="aet05_all" timestamp="2024-08-28T12:31:21Z" hostname="d8da2cbb5d97" tests="6" skipped="0" failures="0" errors="0" time="1.248">
    <testcase time="0.151" classname="aet05_all" name="aet05_all_can_handle_NA_values"/>
    <testcase time="0.251000000000001" classname="aet05_all" name="aet05_all_can_handle_NA_values"/>
    <testcase time="0.154" classname="aet05_all" name="aet05_all_can_handle_some_NA_values"/>
    <testcase time="0.272999999999996" classname="aet05_all" name="aet05_all_can_handle_some_NA_values"/>
    <testcase time="0.150000000000006" classname="aet05_all" name="aet05_all_can_handle_some_NA_values"/>
    <testcase time="0.268999999999998" classname="aet05_all" name="aet05_all_can_handle_some_NA_values"/>
  </testsuite>
  <testsuite name="aet10" timestamp="2024-08-28T12:31:22Z" hostname="d8da2cbb5d97" tests="4" skipped="0" failures="0" errors="0" time="0.528">
    <testcase time="0.0859999999999985" classname="aet10" name="aet10_can_handle_NA_values"/>
    <testcase time="0.109999999999999" classname="aet10" name="aet10_can_handle_NA_values"/>
    <testcase time="0.108000000000004" classname="aet10" name="aet10_can_handle_some_NA_values"/>
    <testcase time="0.223999999999997" classname="aet10" name="aet10_can_handle_some_NA_values"/>
  </testsuite>
  <testsuite name="assertions" timestamp="2024-08-28T12:31:22Z" hostname="d8da2cbb5d97" tests="33" skipped="0" failures="0" errors="0" time="0.181">
    <testcase time="0.00800000000000267" classname="assertions" name="assert_valid_var.character_works_as_expected"/>
    <testcase time="0.00499999999999545" classname="assertions" name="assert_valid_var.character_works_as_expected"/>
    <testcase time="0.00400000000000489" classname="assertions" name="assert_valid_var.character_works_as_expected"/>
    <testcase time="0.00499999999999545" classname="assertions" name="assert_valid_var.character_works_as_expected"/>
    <testcase time="0.00100000000000477" classname="assertions" name="assert_valid_var.character_works_as_expected"/>
    <testcase time="0.00499999999999545" classname="assertions" name="assert_valid_var.factor_works_as_expected"/>
    <testcase time="0.00400000000000489" classname="assertions" name="assert_valid_var.factor_works_as_expected"/>
    <testcase time="0.00499999999999545" classname="assertions" name="assert_valid_var.factor_works_as_expected"/>
    <testcase time="0.00500000000000256" classname="assertions" name="assert_valid_var.factor_works_as_expected"/>
    <testcase time="0.000999999999997669" classname="assertions" name="assert_valid_var.factor_works_as_expected"/>
    <testcase time="0.00500000000000256" classname="assertions" name="assert_valid_var.logical_works_as_expected"/>
    <testcase time="0.00499999999999545" classname="assertions" name="assert_valid_var.logical_works_as_expected"/>
    <testcase time="0.00400000000000489" classname="assertions" name="assert_valid_var.logical_works_as_expected"/>
    <testcase time="0.00199999999999534" classname="assertions" name="assert_valid_var.logical_works_as_expected"/>
    <testcase time="0.00400000000000489" classname="assertions" name="assert_valid_var.numeric_works_as_expected"/>
    <testcase time="0.00499999999999545" classname="assertions" name="assert_valid_var.numeric_works_as_expected"/>
    <testcase time="0.00400000000000489" classname="assertions" name="assert_valid_var.numeric_works_as_expected"/>
    <testcase time="0.00199999999999534" classname="assertions" name="assert_valid_var.numeric_works_as_expected"/>
    <testcase time="0.00400000000000489" classname="assertions" name="assert_valid_var.numeric_works_as_expected"/>
    <testcase time="0.00199999999999534" classname="assertions" name="assert_valid_var.numeric_works_as_expected"/>
    <testcase time="0.0230000000000032" classname="assertions" name="assert_valid_var.POSIXct_works_as_expected"/>
    <testcase time="0.0210000000000008" classname="assertions" name="assert_valid_var.POSIXct_works_as_expected"/>
    <testcase time="0.00600000000000023" classname="assertions" name="assert_valid_variable_works_as_expected"/>
    <testcase time="0.00200000000000244" classname="assertions" name="assert_valid_variable_works_as_expected"/>
    <testcase time="0.00900000000000034" classname="assertions" name="assert_valid_variable_works_as_expected"/>
    <testcase time="0.00199999999999534" classname="assertions" name="assert_valid_variable_works_as_expected"/>
    <testcase time="0.00800000000000267" classname="assertions" name="assert_valid_variable_works_as_expected"/>
    <testcase time="0.00200000000000244" classname="assertions" name="assert_valid_variable_works_as_expected"/>
    <testcase time="0.00600000000000023" classname="assertions" name="assert_valid_var_pair_works_as_expected_with_character"/>
    <testcase time="0.00499999999999545" classname="assertions" name="assert_valid_var_pair_works_as_expected_with_character"/>
    <testcase time="0.00600000000000023" classname="assertions" name="assert_valid_var_pair_works_as_expected_with_factor"/>
    <testcase time="0.00500000000000256" classname="assertions" name="assert_valid_var_pair_works_as_expected_with_factor"/>
    <testcase time="0.00600000000000023" classname="assertions" name="assert_valid_var_pair_works_as_expected_with_factor"/>
  </testsuite>
  <testsuite name="cfbt01" timestamp="2024-08-28T12:31:23Z" hostname="d8da2cbb5d97" tests="3" skipped="0" failures="0" errors="0" time="8.778">
    <testcase time="6.56" classname="cfbt01" name="cfbt01_functions_with_default_argument_value_return_expected_result_with_test_data"/>
    <testcase time="0.712000000000003" classname="cfbt01" name="cfbt01_can_handle_n_0_and_outputs_NE_instead_of_infs_and_NAs"/>
    <testcase time="1.506" classname="cfbt01" name="cfbt01_can_handle_n_0_and_outputs_NE_instead_of_infs_and_NAs"/>
  </testsuite>
  <testsuite name="checks" timestamp="2024-08-28T12:31:31Z" hostname="d8da2cbb5d97" tests="8" skipped="0" failures="0" errors="0" time="0.027">
    <testcase time="0.00900000000000034" classname="checks" name="check_all_colnames_works_as_expected"/>
    <testcase time="0.00300000000000011" classname="checks" name="check_all_colnames_works_as_expected"/>
    <testcase time="0.000999999999997669" classname="checks" name="check_all_colnames_works_as_expected"/>
    <testcase time="0.00300000000000011" classname="checks" name="check_all_colnames_works_as_expected"/>
    <testcase time="0.00500000000000256" classname="checks" name="check_one_colnames_works_as_expected"/>
    <testcase time="0.00200000000000244" classname="checks" name="check_one_colnames_works_as_expected"/>
    <testcase time="0.00199999999999534" classname="checks" name="check_one_colnames_works_as_expected"/>
    <testcase time="0.00200000000000244" classname="checks" name="check_one_colnames_works_as_expected"/>
  </testsuite>
  <testsuite name="chevron_tlg-class" timestamp="2024-08-28T12:31:31Z" hostname="d8da2cbb5d97" tests="27" skipped="0" failures="0" errors="0" time="0.088">
    <testcase time="0.00900000000000034" classname="chevron_tlg_class" name="chevron_t_object_can_be_constructed_with_default_values"/>
    <testcase time="0.00300000000000011" classname="chevron_tlg_class" name="chevron_t_object_can_be_constructed_with_default_values"/>
    <testcase time="0.00499999999999545" classname="chevron_tlg_class" name="chevron_t_object_can_be_constructed_with_custom_values"/>
    <testcase time="0.00300000000000011" classname="chevron_tlg_class" name="chevron_t_object_can_be_constructed_with_custom_values"/>
    <testcase time="0.00200000000000244" classname="chevron_tlg_class" name="chevron_t_object_can_be_constructed_with_custom_values"/>
    <testcase time="0.00300000000000011" classname="chevron_tlg_class" name="chevron_t_object_can_be_constructed_with_custom_values"/>
    <testcase time="0.00500000000000256" classname="chevron_tlg_class" name="chevron_t_constructor_returns_an_error_when_expected"/>
    <testcase time="0.000999999999997669" classname="chevron_tlg_class" name="chevron_t_constructor_returns_an_error_when_expected"/>
    <testcase time="0.000999999999997669" classname="chevron_tlg_class" name="chevron_t_constructor_returns_an_error_when_expected"/>
    <testcase time="0.00200000000000244" classname="chevron_tlg_class" name="chevron_t_constructor_returns_an_error_when_expected"/>
    <testcase time="0.000999999999997669" classname="chevron_tlg_class" name="chevron_t_constructor_returns_an_error_when_expected"/>
    <testcase time="0.00100000000000477" classname="chevron_tlg_class" name="chevron_t_constructor_returns_an_error_when_expected"/>
    <testcase time="0.00499999999999545" classname="chevron_tlg_class" name="chevron_l_object_can_be_constructed_with_default_values"/>
    <testcase time="0.00300000000000011" classname="chevron_tlg_class" name="chevron_l_object_can_be_constructed_with_default_values"/>
    <testcase time="0.00600000000000023" classname="chevron_tlg_class" name="chevron_g_object_can_be_constructed_with_custom_values"/>
    <testcase time="0.00300000000000011" classname="chevron_tlg_class" name="chevron_g_object_can_be_constructed_with_custom_values"/>
    <testcase time="0.00200000000000244" classname="chevron_tlg_class" name="chevron_g_object_can_be_constructed_with_custom_values"/>
    <testcase time="0.00300000000000011" classname="chevron_tlg_class" name="chevron_g_object_can_be_constructed_with_custom_values"/>
    <testcase time="0.00499999999999545" classname="chevron_tlg_class" name="chevron_g_constructor_returns_an_error_when_expected"/>
    <testcase time="0.00100000000000477" classname="chevron_tlg_class" name="chevron_g_constructor_returns_an_error_when_expected"/>
    <testcase time="0.00199999999999534" classname="chevron_tlg_class" name="chevron_g_constructor_returns_an_error_when_expected"/>
    <testcase time="0.00100000000000477" classname="chevron_tlg_class" name="chevron_g_constructor_returns_an_error_when_expected"/>
    <testcase time="0.000999999999997669" classname="chevron_tlg_class" name="chevron_g_constructor_returns_an_error_when_expected"/>
    <testcase time="0.000999999999997669" classname="chevron_tlg_class" name="chevron_g_constructor_returns_an_error_when_expected"/>
    <testcase time="0.00600000000000023" classname="chevron_tlg_class" name="chevron_simple_works_correctly"/>
    <testcase time="0.00200000000000244" classname="chevron_tlg_class" name="chevron_simple_works_correctly"/>
    <testcase time="0.0110000000000028" classname="chevron_tlg_class" name="chevron_simple_errors_if_contains_return"/>
  </testsuite>
  <testsuite name="chevron_tlg-methods" timestamp="2024-08-28T12:31:31Z" hostname="d8da2cbb5d97" tests="40" skipped="1" failures="0" errors="0" time="8.014">
    <testcase time="1.636" classname="chevron_tlg_methods" name="run_works_as_expected_for_chevron_t_object"/>
    <testcase time="0.590000000000003" classname="chevron_tlg_methods" name="run_works_as_expected_for_chevron_t_object_when_auto_pre_FALSE"/>
    <testcase time="0.298000000000002" classname="chevron_tlg_methods" name="run_works_as_expected_with_argument_printed"/>
    <testcase time="0.270999999999994" classname="chevron_tlg_methods" name="run_works_as_expected_with_argument_printed"/>
    <testcase time="0.406000000000006" classname="chevron_tlg_methods" name="run_works_as_expected_with_argument_printed_if_the_user_argument_is_complicated"/>
    <testcase time="0.366999999999997" classname="chevron_tlg_methods" name="run_works_as_expected_with_argument_printed_if_the_user_argument_is_complicated"/>
    <testcase time="0.405999999999999" classname="chevron_tlg_methods" name="run_uses_the_argument_passed_through_the_ellipsis_in_priority"/>
    <testcase time="0.358000000000004" classname="chevron_tlg_methods" name="run_uses_the_argument_passed_through_the_ellipsis_in_priority"/>
    <testcase time="0.304000000000002" classname="chevron_tlg_methods" name="run_works_as_expected_with_partial_match_argument"/>
    <testcase time="0.275999999999996" classname="chevron_tlg_methods" name="run_works_as_expected_with_partial_match_argument"/>
    <testcase time="0.408999999999999" classname="chevron_tlg_methods" name="run_displays_the_symbols_when_available"/>
    <testcase time="0.359999999999999" classname="chevron_tlg_methods" name="run_displays_the_symbols_when_available"/>
    <testcase time="0.00500000000000256" classname="chevron_tlg_methods" name="args_ls_works_as_expected"/>
    <testcase time="0.000999999999997669" classname="chevron_tlg_methods" name="args_ls_works_as_expected"/>
    <testcase time="0.00100000000000477" classname="chevron_tlg_methods" name="args_ls_works_as_expected"/>
    <testcase time="0.00499999999999545" classname="chevron_tlg_methods" name="args_ls_works_as_expected_when_simplify_is_TRUE"/>
    <testcase time="0.00100000000000477" classname="chevron_tlg_methods" name="args_ls_works_as_expected_when_simplify_is_TRUE"/>
    <testcase time="0.000999999999997669" classname="chevron_tlg_methods" name="args_ls_works_as_expected_when_simplify_is_TRUE"/>
    <testcase time="0.00500000000000256" classname="chevron_tlg_methods" name="args_ls_works_as_expected_with_custom_chevron_tlg_object"/>
    <testcase time="0.000999999999997669" classname="chevron_tlg_methods" name="args_ls_works_as_expected_with_custom_chevron_tlg_object"/>
    <testcase time="0.000999999999997669" classname="chevron_tlg_methods" name="args_ls_works_as_expected_with_custom_chevron_tlg_object"/>
    <testcase time="0.00300000000000011" classname="chevron_tlg_methods" name="args_ls_works_as_expected_with_custom_chevron_tlg_object"/>
    <testcase time="0.00500000000000256" classname="chevron_tlg_methods" name="main_works_as_expected"/>
    <testcase time="0.00600000000000023" classname="chevron_tlg_methods" name="main_setter_works_as_expected"/>
    <testcase time="0.0109999999999957" classname="chevron_tlg_methods" name="main_setter_throw_an_error_as_expected"/>
    <testcase time="0.00500000000000256" classname="chevron_tlg_methods" name="preprocess_works_as_expected"/>
    <testcase time="0.00600000000000023" classname="chevron_tlg_methods" name="preprocess_setter_works_as_expected"/>
    <testcase time="0.00999999999999801" classname="chevron_tlg_methods" name="preprocess_sends_an_error_as_expected"/>
    <testcase time="0.00600000000000023" classname="chevron_tlg_methods" name="postprocess_works_as_expected"/>
    <testcase time="0.00600000000000023" classname="chevron_tlg_methods" name="postprocess_setter_works_as_expected"/>
    <testcase time="0.0100000000000051" classname="chevron_tlg_methods" name="postprocess_sends_an_error_as_expected"/>
    <testcase time="0.00399999999999778" classname="chevron_tlg_methods" name="script_funs_works_as_expected_in_interactive_mode">
      <skipped message="Reason: !interactive() is TRUE ('test-chevron_tlg-methods.R:185:3')"/>
    </testcase>
    <testcase time="0.0140000000000029" classname="chevron_tlg_methods" name="script_funs_works_as_expected"/>
    <testcase time="0.000999999999997669" classname="chevron_tlg_methods" name="script_funs_works_as_expected"/>
    <testcase time="1.082" classname="chevron_tlg_methods" name="script_funs_generates_a_valid_script"/>
    <testcase time="1.082" classname="chevron_tlg_methods" name="script_funs_generates_a_valid_script"/>
    <testcase time="0.00600000000000023" classname="chevron_tlg_methods" name="script_funs_works_for_simple_template"/>
    <testcase time="0.000999999999997669" classname="chevron_tlg_methods" name="script_funs_works_for_simple_template"/>
    <testcase time="0.0289999999999964" classname="chevron_tlg_methods" name="print_list_works"/>
    <testcase time="0.0250000000000057" classname="chevron_tlg_methods" name="print_list_works_for_empty_list"/>
  </testsuite>
  <testsuite name="cmt01a" timestamp="2024-08-28T12:31:39Z" hostname="d8da2cbb5d97" tests="6" skipped="0" failures="0" errors="0" time="3.725">
    <testcase time="1.11499999999999" classname="cmt01a" name="cmt01a_functions_with_default_argument_value_return_expected_result_with_test_data"/>
    <testcase time="1.057" classname="cmt01a" name="cmt01a_functions_with_custom_argument_value_return_expected_result_with_test_data"/>
    <testcase time="0.149999999999999" classname="cmt01a" name="cmt01a_can_handle_all_NA_values"/>
    <testcase time="0.170999999999999" classname="cmt01a" name="cmt01a_can_handle_all_NA_values"/>
    <testcase time="0.625" classname="cmt01a" name="cmt01a_can_handle_some_NA_values"/>
    <testcase time="0.606999999999999" classname="cmt01a" name="cmt01a_can_handle_some_NA_values"/>
  </testsuite>
  <testsuite name="cmt02_pt" timestamp="2024-08-28T12:31:43Z" hostname="d8da2cbb5d97" tests="4" skipped="0" failures="0" errors="0" time="0.626">
    <testcase time="0.102000000000004" classname="cmt02_pt" name="cmt02_pt_can_handle_all_NA_values"/>
    <testcase time="0.141999999999996" classname="cmt02_pt" name="cmt02_pt_can_handle_all_NA_values"/>
    <testcase time="0.148000000000003" classname="cmt02_pt" name="cmt02_pt_can_handle_some_NA_values"/>
    <testcase time="0.234000000000002" classname="cmt02_pt" name="cmt02_pt_can_handle_some_NA_values"/>
  </testsuite>
  <testsuite name="coxt01" timestamp="2024-08-28T12:31:44Z" hostname="d8da2cbb5d97" tests="9" skipped="0" failures="0" errors="0" time="1.838">
    <testcase time="0.369999999999997" classname="coxt01" name="coxt01_can_handle_some_NA_values"/>
    <testcase time="0.195999999999998" classname="coxt01" name="coxt01_can_handle_some_NA_values"/>
    <testcase time="0.298999999999999" classname="coxt01" name="coxt01_can_handle_some_NA_values"/>
    <testcase time="0.201000000000001" classname="coxt01" name="coxt01_can_handle_some_NA_values"/>
    <testcase time="0.186" classname="coxt01" name="coxt01_can_handle_some_NA_values"/>
    <testcase time="0.184000000000005" classname="coxt01" name="coxt01_can_handle_some_NA_values"/>
    <testcase time="0.202999999999996" classname="coxt01" name="coxt01_can_handle_some_NA_values"/>
    <testcase time="0.185000000000002" classname="coxt01" name="coxt01_can_handle_some_NA_values"/>
    <testcase time="0.0140000000000029" classname="coxt01" name="coxt01_fails_on_incomlete_data"/>
  </testsuite>
  <testsuite name="coxt02" timestamp="2024-08-28T12:31:46Z" hostname="d8da2cbb5d97" tests="9" skipped="0" failures="0" errors="0" time="2.548">
    <testcase time="0.528999999999996" classname="coxt02" name="coxt02_can_handle_some_NA_values"/>
    <testcase time="0.253" classname="coxt02" name="coxt02_can_handle_some_NA_values"/>
    <testcase time="0.688000000000002" classname="coxt02" name="coxt02_can_handle_some_NA_values"/>
    <testcase time="0.222000000000001" classname="coxt02" name="coxt02_can_handle_some_NA_values"/>
    <testcase time="0.231999999999999" classname="coxt02" name="coxt02_can_handle_some_NA_values"/>
    <testcase time="0.180999999999997" classname="coxt02" name="coxt02_can_handle_some_NA_values"/>
    <testcase time="0.243000000000002" classname="coxt02" name="coxt02_can_handle_some_NA_values"/>
    <testcase time="0.186999999999998" classname="coxt02" name="coxt02_can_handle_some_NA_values"/>
    <testcase time="0.0130000000000052" classname="coxt02" name="coxt02_fails_on_incomlete_data"/>
  </testsuite>
  <testsuite name="default_tlg" timestamp="2024-08-28T12:31:48Z" hostname="d8da2cbb5d97" tests="15" skipped="0" failures="0" errors="0" time="11.139">
    <testcase time="0.149000000000001" classname="default_tlg" name="ael01_nollt_function_with_default_argument_value_return_expected_result_with_test_data"/>
    <testcase time="0.520999999999994" classname="default_tlg" name="aet01_function_with_default_argument_value_return_expected_result_with_test_data"/>
    <testcase time="0.462000000000003" classname="default_tlg" name="aet01_aesi_function_with_default_argument_value_return_expected_result_with_test_data"/>
    <testcase time="0.917999999999999" classname="default_tlg" name="aet02_functions_with_default_argument_value_return_expected_result_with_test_data"/>
    <testcase time="2.011" classname="default_tlg" name="aet03_functions_with_default_argument_value_return_expected_result_with_test_data"/>
    <testcase time="3.04799999999999" classname="default_tlg" name="aet04_functions_with_default_argument_value_return_expected_result_with_test_data"/>
    <testcase time="0.406000000000006" classname="default_tlg" name="aet05_functions_with_default_argument_value_return_expected_result_with_test_data"/>
    <testcase time="0.418999999999997" classname="default_tlg" name="aet05_all_functions_with_default_argument_value_return_expected_result_with_test_data"/>
    <testcase time="0.308000000000007" classname="default_tlg" name="aet10_functions_with_default_argument_value_return_expected_result_with_test_data"/>
    <testcase time="0.364999999999995" classname="default_tlg" name="cmt02_pt_functions_with_default_argument_value_return_expected_result_with_test_data"/>
    <testcase time="0.522999999999996" classname="default_tlg" name="coxt01_functions_with_default_argument_value_return_expected_result_with_test_data"/>
    <testcase time="0.76100000000001" classname="default_tlg" name="coxt02_functions_with_default_argument_value_return_expected_result_with_test_data"/>
    <testcase time="0.600999999999999" classname="default_tlg" name="dmt01_functions_with_default_argument_value_return_expected_result_with_test_data"/>
    <testcase time="0.384999999999991" classname="default_tlg" name="dst01_functions_with_default_argument_value_return_expected_result_with_test_data"/>
    <testcase time="0.262" classname="default_tlg" name="dtht01_functions_with_default_argument_value_return_expected_result_with_test_data"/>
  </testsuite>
  <testsuite name="dmt01" timestamp="2024-08-28T12:31:59Z" hostname="d8da2cbb5d97" tests="19" skipped="0" failures="0" errors="0" time="4.246">
    <testcase time="0.201999999999998" classname="dmt01" name="dmt01_can_handle_NA_values"/>
    <testcase time="0.310000000000002" classname="dmt01" name="dmt01_can_handle_NA_values"/>
    <testcase time="0.201000000000008" classname="dmt01" name="dmt01_can_handle_numeric_NA_values"/>
    <testcase time="0.397999999999996" classname="dmt01" name="dmt01_can_handle_numeric_NA_values"/>
    <testcase time="0.0150000000000006" classname="dmt01" name="dmt01_returns_an_error_when_variables_are_of_the_wrong_type"/>
    <testcase time="0.141999999999996" classname="dmt01" name="dmt01_works_as_expected_with_setting_default_precision"/>
    <testcase time="0.313000000000002" classname="dmt01" name="dmt01_works_as_expected_with_setting_default_precision"/>
    <testcase time="0.158000000000001" classname="dmt01" name="dmt01_works_as_expected_with_auto_precision_settings"/>
    <testcase time="0.376999999999995" classname="dmt01" name="dmt01_works_as_expected_with_auto_precision_settings"/>
    <testcase time="0.156000000000006" classname="dmt01" name="dmt01_works_as_expected_with_auto_precision_settings_and_defined_precision"/>
    <testcase time="0.349999999999994" classname="dmt01" name="dmt01_works_as_expected_with_auto_precision_settings_and_defined_precision"/>
    <testcase time="0.156999999999996" classname="dmt01" name="dmt01_works_as_expected_with_auto_precision_settings_and_defined_precision_and_default"/>
    <testcase time="0.314000000000007" classname="dmt01" name="dmt01_works_as_expected_with_auto_precision_settings_and_defined_precision_and_default"/>
    <testcase time="0.137" classname="dmt01" name="dmt01_works_as_expected_with_cutomized_stats_value"/>
    <testcase time="0.283000000000001" classname="dmt01" name="dmt01_works_as_expected_with_cutomized_stats_value"/>
    <testcase time="0.150999999999996" classname="dmt01" name="dmt01_works_as_expected_with_empty_list_as_stats_value"/>
    <testcase time="0.305000000000007" classname="dmt01" name="dmt01_works_as_expected_with_empty_list_as_stats_value"/>
    <testcase time="0.0899999999999892" classname="dmt01" name="dmt01_works_as_expected_with_only_one_summaryvars"/>
    <testcase time="0.187000000000012" classname="dmt01" name="dmt01_works_as_expected_with_only_one_summaryvars"/>
  </testsuite>
  <testsuite name="dst01" timestamp="2024-08-28T12:32:04Z" hostname="d8da2cbb5d97" tests="14" skipped="0" failures="0" errors="0" time="2.506">
    <testcase time="0.138999999999996" classname="dst01" name="dst01_works_as_expected_when_all_data_are_NA"/>
    <testcase time="0.0739999999999981" classname="dst01" name="dst01_works_as_expected_when_all_data_are_NA"/>
    <testcase time="0.125" classname="dst01" name="dst01_can_handle_all_NA_values_in_DCSREAS"/>
    <testcase time="0.138999999999996" classname="dst01" name="dst01_can_handle_all_NA_values_in_DCSREAS"/>
    <testcase time="0.171000000000006" classname="dst01" name="dst01_can_handle_some_NA_values"/>
    <testcase time="0.230000000000004" classname="dst01" name="dst01_can_handle_some_NA_values"/>
    <testcase time="0.131" classname="dst01" name="dst01_can_handle_missing_levels_in_status_var"/>
    <testcase time="0.0809999999999889" classname="dst01" name="dst01_can_handle_missing_levels_in_status_var"/>
    <testcase time="0.185000000000002" classname="dst01" name="dst01_can_create_variants"/>
    <testcase time="0.222000000000008" classname="dst01" name="dst01_can_create_variants"/>
    <testcase time="0.219999999999999" classname="dst01" name="dst01_can_create_variants"/>
    <testcase time="0.247" classname="dst01" name="dst01_can_create_variants"/>
    <testcase time="0.250999999999991" classname="dst01" name="dst01_can_create_variants"/>
    <testcase time="0.291000000000011" classname="dst01" name="dst01_can_create_variants"/>
  </testsuite>
  <testsuite name="dtht01" timestamp="2024-08-28T12:32:06Z" hostname="d8da2cbb5d97" tests="5" skipped="0" failures="0" errors="0" time="1.444">
    <testcase time="0.113" classname="dtht01" name="dtht01_can_handle_all_NA_values"/>
    <testcase time="0.171999999999997" classname="dtht01" name="dtht01_can_handle_all_NA_values"/>
    <testcase time="0.231999999999999" classname="dtht01" name="dtht01_can_handle_some_NA_values"/>
    <testcase time="0.349999999999994" classname="dtht01" name="dtht01_can_handle_some_NA_values"/>
    <testcase time="0.576999999999998" classname="dtht01" name="dtht01_can_be_parametrize_as_expected"/>
  </testsuite>
  <testsuite name="egt01" timestamp="2024-08-28T12:32:08Z" hostname="d8da2cbb5d97" tests="3" skipped="0" failures="0" errors="0" time="6.533">
    <testcase time="3.44" classname="egt01" name="egt01_functions_with_default_argument_value_return_expected_result_with_test_data"/>
    <testcase time="1.14" classname="egt01" name="egt01_can_handle_n_0_and_outputs_NE_instead_of_infs_and_NAs"/>
    <testcase time="1.953" classname="egt01" name="egt01_can_handle_n_0_and_outputs_NE_instead_of_infs_and_NAs"/>
  </testsuite>
  <testsuite name="egt02" timestamp="2024-08-28T12:32:14Z" hostname="d8da2cbb5d97" tests="2" skipped="0" failures="0" errors="0" time="0.633">
    <testcase time="0.329000000000008" classname="egt02" name="egt02_1_functions_with_default_argument_value_return_expected_result_with_test_data"/>
    <testcase time="0.304000000000002" classname="egt02" name="egt02_2_functions_with_default_value_return_expected_result_with_test_data"/>
  </testsuite>
  <testsuite name="egt03" timestamp="2024-08-28T12:32:15Z" hostname="d8da2cbb5d97" tests="5" skipped="0" failures="0" errors="0" time="2.963">
    <testcase time="1.45599999999999" classname="egt03" name="egt03_functions_with_default_argument_value_return_expected_result_with_test_data"/>
    <testcase time="0.0220000000000056" classname="egt03" name="egt03_errors_on_all_NA_values"/>
    <testcase time="0.454999999999998" classname="egt03" name="egt03_can_handle_some_NA_values"/>
    <testcase time="1.015" classname="egt03" name="egt03_can_handle_some_NA_values"/>
    <testcase time="0.0150000000000006" classname="egt03" name="egt03_fails_on_incomplete_data"/>
  </testsuite>
  <testsuite name="egt05_qtcat" timestamp="2024-08-28T12:32:18Z" hostname="d8da2cbb5d97" tests="4" skipped="0" failures="0" errors="0" time="3.251">
    <testcase time="2.07499999999999" classname="egt05_qtcat" name="egt05_qtcat_functions_with_default_argument_value_return_expected_result_with_test_data"/>
    <testcase time="0.0240000000000009" classname="egt05_qtcat" name="egt05_qtcat_erros_on_all_NA_values"/>
    <testcase time="0.371000000000009" classname="egt05_qtcat" name="egt05_qtcat_can_handle_some_NA_values"/>
    <testcase time="0.780999999999992" classname="egt05_qtcat" name="egt05_qtcat_can_handle_some_NA_values"/>
  </testsuite>
  <testsuite name="empty_report" timestamp="2024-08-28T12:32:21Z" hostname="d8da2cbb5d97" tests="25" skipped="0" failures="0" errors="0" time="2.572">
    <testcase time="0.100000000000009" classname="empty_report" name="tlg_functions_return_null_reports_when_domain_table_is_empty"/>
    <testcase time="0.262" classname="empty_report" name="tlg_functions_return_null_reports_when_domain_table_is_empty"/>
    <testcase time="0.185999999999993" classname="empty_report" name="tlg_functions_return_null_reports_when_domain_table_is_empty"/>
    <testcase time="0.102000000000004" classname="empty_report" name="tlg_functions_return_null_reports_when_domain_table_is_empty"/>
    <testcase time="0.102999999999994" classname="empty_report" name="tlg_functions_return_null_reports_when_domain_table_is_empty"/>
    <testcase time="0.061000000000007" classname="empty_report" name="tlg_functions_return_null_reports_when_domain_table_is_empty"/>
    <testcase time="0.0849999999999937" classname="empty_report" name="tlg_functions_return_null_reports_when_domain_table_is_empty"/>
    <testcase time="0.14200000000001" classname="empty_report" name="tlg_functions_return_null_reports_when_domain_table_is_empty"/>
    <testcase time="0.163999999999987" classname="empty_report" name="tlg_functions_return_null_reports_when_domain_table_is_empty"/>
    <testcase time="0.0820000000000078" classname="empty_report" name="tlg_functions_return_null_reports_when_domain_table_is_empty"/>
    <testcase time="0.090999999999994" classname="empty_report" name="tlg_functions_return_null_reports_when_domain_table_is_empty"/>
    <testcase time="0.0420000000000016" classname="empty_report" name="tlg_functions_return_null_reports_when_domain_table_is_empty"/>
    <testcase time="0.0490000000000066" classname="empty_report" name="tlg_functions_return_null_reports_when_domain_table_is_empty"/>
    <testcase time="0.0619999999999976" classname="empty_report" name="tlg_functions_return_null_reports_when_domain_table_is_empty"/>
    <testcase time="0.0589999999999975" classname="empty_report" name="tlg_functions_return_null_reports_when_domain_table_is_empty"/>
    <testcase time="0.0799999999999983" classname="empty_report" name="tlg_functions_return_null_reports_when_domain_table_is_empty"/>
    <testcase time="0.070999999999998" classname="empty_report" name="tlg_functions_return_null_reports_when_domain_table_is_empty"/>
    <testcase time="0.100999999999999" classname="empty_report" name="tlg_functions_return_null_reports_when_domain_table_is_empty"/>
    <testcase time="0.297000000000011" classname="empty_report" name="tlg_functions_return_null_reports_when_domain_table_is_empty"/>
    <testcase time="0.0959999999999894" classname="empty_report" name="tlg_functions_return_null_reports_when_domain_table_is_empty"/>
    <testcase time="0.0810000000000031" classname="empty_report" name="tlg_functions_return_null_reports_when_domain_table_is_empty"/>
    <testcase time="0.0679999999999978" classname="empty_report" name="tlg_functions_return_null_reports_when_domain_table_is_empty"/>
    <testcase time="0.0900000000000034" classname="empty_report" name="tlg_functions_return_null_reports_when_domain_table_is_empty"/>
    <testcase time="0.0439999999999969" classname="empty_report" name="tlg_functions_return_null_reports_when_domain_table_is_empty"/>
    <testcase time="0.054000000000002" classname="empty_report" name="tlg_functions_return_null_reports_when_domain_table_is_empty"/>
  </testsuite>
  <testsuite name="ext01" timestamp="2024-08-28T12:32:23Z" hostname="d8da2cbb5d97" tests="10" skipped="0" failures="0" errors="0" time="5.202">
    <testcase time="0.509" classname="ext01" name="ext01_functions_with_default_argument_value_return_expected_result_with_test_data"/>
    <testcase time="0.558999999999997" classname="ext01" name="ext01_functions_with_categorical_data_return_expected_result_with_test_data"/>
    <testcase time="0.186999999999998" classname="ext01" name="ext01_works"/>
    <testcase time="0.330000000000013" classname="ext01" name="ext01_works"/>
    <testcase time="0.176999999999992" classname="ext01" name="ext01_works"/>
    <testcase time="0.319000000000003" classname="ext01" name="ext01_works"/>
    <testcase time="0.566999999999993" classname="ext01" name="ext01_works_for_selected_parameters_and_categorical_variables"/>
    <testcase time="0.829999999999998" classname="ext01" name="ext01_works_with_custom_mapping_order"/>
    <testcase time="0.835999999999999" classname="ext01" name="ext01_works_with_custom_mapping_order_for_a_single_split"/>
    <testcase time="0.888000000000005" classname="ext01" name="ext01_works_with_custom_mapping_fill_in_value"/>
  </testsuite>
  <testsuite name="fstg01" timestamp="2024-08-28T12:32:29Z" hostname="d8da2cbb5d97" tests="13" skipped="0" failures="0" errors="0" time="6.735">
    <testcase time="0.0130000000000052" classname="fstg01" name="fstg01_works_as_expected"/>
    <testcase time="1.36099999999999" classname="fstg01" name="fstg01_works_as_expected"/>
    <testcase time="0.00300000000000011" classname="fstg01" name="fstg01_works_as_expected"/>
    <testcase time="1.336" classname="fstg01" name="fstg01_works_as_expected_with_custom_color_set"/>
    <testcase time="0.00300000000000011" classname="fstg01" name="fstg01_works_as_expected_with_custom_color_set"/>
    <testcase time="1.38600000000001" classname="fstg01" name="fstg01_works_as_expected_with_custom_color_set"/>
    <testcase time="0.00199999999999534" classname="fstg01" name="fstg01_works_as_expected_with_custom_color_set"/>
    <testcase time="0.603999999999999" classname="fstg01" name="fstg01_works_if_changes_are_in_subgroups_conf_level_and_label_all"/>
    <testcase time="0.00199999999999534" classname="fstg01" name="fstg01_works_if_changes_are_in_subgroups_conf_level_and_label_all"/>
    <testcase time="0.812000000000012" classname="fstg01" name="fstg01_works_if_changes_are_in_subgroups_conf_level_and_label_all"/>
    <testcase time="0.00300000000000011" classname="fstg01" name="fstg01_works_if_changes_are_in_subgroups_conf_level_and_label_all"/>
    <testcase time="1.20699999999999" classname="fstg01" name="fstg01_can_handle_some_NA_values_in_subgroups"/>
    <testcase time="0.00300000000000011" classname="fstg01" name="fstg01_can_handle_some_NA_values_in_subgroups"/>
  </testsuite>
  <testsuite name="fstg02" timestamp="2024-08-28T12:32:35Z" hostname="d8da2cbb5d97" tests="9" skipped="0" failures="0" errors="0" time="8.52">
    <testcase time="0.0120000000000005" classname="fstg02" name="fstg02_works_as_expected"/>
    <testcase time="1.157" classname="fstg02" name="fstg02_works_as_expected"/>
    <testcase time="1.16800000000001" classname="fstg02" name="fstg02_works_as_expected_with_custom_color_set"/>
    <testcase time="1.185" classname="fstg02" name="fstg02_works_as_expected_with_custom_color_set"/>
    <testcase time="0.559999999999988" classname="fstg02" name="fstg02_works_if_changes_are_in_subgroups_strata_var_conf_level_and_label_all"/>
    <testcase time="0.803000000000011" classname="fstg02" name="fstg02_works_if_changes_are_in_subgroups_strata_var_conf_level_and_label_all"/>
    <testcase time="1.20699999999999" classname="fstg02" name="fstg02_can_handle_some_NA_values_in_subgroups"/>
    <testcase time="1.21300000000001" classname="fstg02" name="fstg02_can_handle_customized_time_units"/>
    <testcase time="1.21499999999999" classname="fstg02" name="fstg02_can_handle_customized_time_units"/>
  </testsuite>
  <testsuite name="kmg01" timestamp="2024-08-28T12:32:44Z" hostname="d8da2cbb5d97" tests="13" skipped="0" failures="0" errors="0" time="2.36">
    <testcase time="0.0130000000000052" classname="kmg01" name="kmg01_works_as_expected"/>
    <testcase time="0.498999999999995" classname="kmg01" name="kmg01_works_as_expected"/>
    <testcase time="0.00300000000000011" classname="kmg01" name="kmg01_works_as_expected"/>
    <testcase time="0.426000000000002" classname="kmg01" name="kmg01_works_as_expected_with_custom_color_set"/>
    <testcase time="0.00300000000000011" classname="kmg01" name="kmg01_works_as_expected_with_custom_color_set"/>
    <testcase time="0.370000000000005" classname="kmg01" name="kmg01_works_as_expected_with_custom_color_set"/>
    <testcase time="0.00300000000000011" classname="kmg01" name="kmg01_works_as_expected_with_custom_color_set"/>
    <testcase time="0.387999999999991" classname="kmg01" name="kmg01_works_if_change_pvalue_ties_and_conf_level"/>
    <testcase time="0.00300000000000011" classname="kmg01" name="kmg01_works_if_change_pvalue_ties_and_conf_level"/>
    <testcase time="0.38900000000001" classname="kmg01" name="kmg01_works_if_change_annotation_position"/>
    <testcase time="0.00300000000000011" classname="kmg01" name="kmg01_works_if_change_annotation_position"/>
    <testcase time="0.257999999999996" classname="kmg01" name="kmg01_works_for_stratified_analysis"/>
    <testcase time="0.00199999999999534" classname="kmg01" name="kmg01_works_for_stratified_analysis"/>
  </testsuite>
  <testsuite name="lbt01" timestamp="2024-08-28T12:32:46Z" hostname="d8da2cbb5d97" tests="4" skipped="0" failures="0" errors="0" time="9.564">
    <testcase time="3.31399999999999" classname="lbt01" name="lbt01_functions_with_default_argument_value_return_expected_result_with_test_data"/>
    <testcase time="3.328" classname="lbt01" name="lbt01_functions_with_row_split_var_return_expected_result_with_test_data"/>
    <testcase time="0.906000000000006" classname="lbt01" name="lbt01_can_handle_n_0_and_outputs_NE_instead_of_infs_and_NAs"/>
    <testcase time="2.01600000000001" classname="lbt01" name="lbt01_can_handle_n_0_and_outputs_NE_instead_of_infs_and_NAs"/>
  </testsuite>
  <testsuite name="lbt04" timestamp="2024-08-28T12:32:56Z" hostname="d8da2cbb5d97" tests="8" skipped="0" failures="0" errors="0" time="2.935">
    <testcase time="0.917999999999992" classname="lbt04" name="lbt04_functions_with_default_argument_value_return_expected_result_with_test_data"/>
    <testcase time="0.0720000000000027" classname="lbt04" name="lbt04_can_handle_all_NA_values"/>
    <testcase time="0.0759999999999934" classname="lbt04" name="lbt04_can_handle_all_NA_values"/>
    <testcase time="0.294000000000011" classname="lbt04" name="lbt04_can_handle_missing_levels"/>
    <testcase time="0.633999999999986" classname="lbt04" name="lbt04_can_handle_missing_levels"/>
    <testcase time="0.294000000000011" classname="lbt04" name="lbt04_can_handle_some_NA_values"/>
    <testcase time="0.632000000000005" classname="lbt04" name="lbt04_can_handle_some_NA_values"/>
    <testcase time="0.0149999999999864" classname="lbt04" name="lbt04_fails_on_incomlete_data"/>
  </testsuite>
  <testsuite name="lbt05" timestamp="2024-08-28T12:32:59Z" hostname="d8da2cbb5d97" tests="6" skipped="0" failures="0" errors="0" time="1.976">
    <testcase time="0.675000000000011" classname="lbt05" name="lbt05_functions_with_default_argument_value_return_expected_result_with_test_data"/>
    <testcase time="0.276999999999987" classname="lbt05" name="lbt05_functions_with_default_argument_value_return_expected_result_with_test_data"/>
    <testcase time="0.298000000000002" classname="lbt05" name="lbt05_give_all_0_count_if_ANRIND_are_all_missing"/>
    <testcase time="0.283999999999992" classname="lbt05" name="lbt05_can_handle_some_NA_values"/>
    <testcase time="0.410000000000025" classname="lbt05" name="lbt05_can_handle_some_NA_values"/>
    <testcase time="0.0319999999999823" classname="lbt05" name="lbt05_fails_on_incomlete_data"/>
  </testsuite>
  <testsuite name="lbt06" timestamp="2024-08-28T12:33:01Z" hostname="d8da2cbb5d97" tests="3" skipped="0" failures="0" errors="0" time="3.715">
    <testcase time="0.955000000000013" classname="lbt06" name="lbt06_gives_all_0_count_if_ANRIND_and_BNRIND_are_all_missing"/>
    <testcase time="2.71699999999998" classname="lbt06" name="lbt06_can_handle_some_NA_values"/>
    <testcase time="0.0430000000000064" classname="lbt06" name="lbt06_fails_on_incomplete_data"/>
  </testsuite>
  <testsuite name="lbt07" timestamp="2024-08-28T12:33:04Z" hostname="d8da2cbb5d97" tests="4" skipped="0" failures="0" errors="0" time="1.656">
    <testcase time="0.817000000000007" classname="lbt07" name="lbt07_functions_with_default_argument_value_return_expected_result_with_test_data"/>
    <testcase time="0.37299999999999" classname="lbt07" name="lbt07_can_handle_some_NA_values"/>
    <testcase time="0.432999999999993" classname="lbt07" name="lbt07_can_handle_some_NA_values"/>
    <testcase time="0.0330000000000155" classname="lbt07" name="lbt07_fails_on_incomlete_data"/>
  </testsuite>
  <testsuite name="lbt14" timestamp="2024-08-28T12:33:06Z" hostname="d8da2cbb5d97" tests="20" skipped="0" failures="0" errors="0" time="7.984">
    <testcase time="0.692999999999984" classname="lbt14" name="lbt14_functions_with_default_argument_value_return_expected_result_with_test_data"/>
    <testcase time="0.504000000000019" classname="lbt14" name="lbt14_functions_with_default_argument_value_return_expected_result_with_test_data_when_direction_high"/>
    <testcase time="0.613" classname="lbt14" name="lbt14_functions_with_gr_missing_excl_return_expected_result_with_test_data"/>
    <testcase time="0.60899999999998" classname="lbt14" name="lbt14_functions_with_gr_missing_gr_0_return_expected_result_with_test_data"/>
    <testcase time="0.374000000000024" classname="lbt14" name="lbt14_can_handle_all_NA_values"/>
    <testcase time="0.139999999999986" classname="lbt14" name="lbt14_can_handle_all_NA_values"/>
    <testcase time="0.425000000000011" classname="lbt14" name="lbt14_can_handle_some_NA_values"/>
    <testcase time="0.326999999999998" classname="lbt14" name="lbt14_can_handle_some_NA_values"/>
    <testcase time="1.47200000000001" classname="lbt14" name="lbt14_can_accept_different_gr_missing"/>
    <testcase time="0.244" classname="lbt14" name="lbt14_can_accept_different_gr_missing"/>
    <testcase time="0.248999999999995" classname="lbt14" name="lbt14_can_accept_different_gr_missing"/>
    <testcase time="0.0180000000000007" classname="lbt14" name="lbt14_fails_on_incomlete_data"/>
    <testcase time="0.343999999999994" classname="lbt14" name="lbt14_can_handle_all_NA_values_with_direction_high"/>
    <testcase time="0.127999999999986" classname="lbt14" name="lbt14_can_handle_all_NA_values_with_direction_high"/>
    <testcase time="0.359000000000009" classname="lbt14" name="lbt14_can_handle_some_NA_values_with_direction_high"/>
    <testcase time="0.161000000000001" classname="lbt14" name="lbt14_can_handle_some_NA_values_with_direction_high"/>
    <testcase time="1.05099999999999" classname="lbt14" name="lbt14_can_accept_different_gr_missing_with_direction_high"/>
    <testcase time="0.125" classname="lbt14" name="lbt14_can_accept_different_gr_missing_with_direction_high"/>
    <testcase time="0.132000000000005" classname="lbt14" name="lbt14_can_accept_different_gr_missing_with_direction_high"/>
    <testcase time="0.0160000000000196" classname="lbt14" name="lbt14_fails_on_incomlete_data"/>
  </testsuite>
  <testsuite name="lbt15" timestamp="2024-08-28T12:33:14Z" hostname="d8da2cbb5d97" tests="12" skipped="0" failures="0" errors="0" time="5.593">
    <testcase time="0.923000000000002" classname="lbt15" name="lbt15_functions_with_default_argument_value_return_expected_result_with_test_data"/>
    <testcase time="0.290999999999997" classname="lbt15" name="lbt15_can_handle_all_NA_values"/>
    <testcase time="0.628000000000014" classname="lbt15" name="lbt15_can_handle_all_NA_values"/>
    <testcase time="0.290999999999997" classname="lbt15" name="lbt15_can_handle_missing_levels"/>
    <testcase time="0.644000000000005" classname="lbt15" name="lbt15_can_handle_missing_levels"/>
    <testcase time="0.286000000000001" classname="lbt15" name="lbt15_can_handle_missing_levels_in_baseline"/>
    <testcase time="0.646999999999991" classname="lbt15" name="lbt15_can_handle_missing_levels_in_baseline"/>
    <testcase time="0.293000000000006" classname="lbt15" name="lbt15_can_handle_some_NA_values"/>
    <testcase time="0.63900000000001" classname="lbt15" name="lbt15_can_handle_some_NA_values"/>
    <testcase time="0.297999999999973" classname="lbt15" name="lbt15_can_handle_some_NA_values_in_baseline"/>
    <testcase time="0.638000000000005" classname="lbt15" name="lbt15_can_handle_some_NA_values_in_baseline"/>
    <testcase time="0.0150000000000148" classname="lbt15" name="lbt15_fails_on_incomlete_data"/>
  </testsuite>
  <testsuite name="mht01" timestamp="2024-08-28T12:33:20Z" hostname="d8da2cbb5d97" tests="4" skipped="0" failures="0" errors="0" time="3.166">
    <testcase time="0.659999999999997" classname="mht01" name="mht01_functions_with_default_argument_value_return_expected_result_with_test_data"/>
    <testcase time="0.649000000000001" classname="mht01" name="mht01_works"/>
    <testcase time="0.662000000000006" classname="mht01" name="mht01_works_on_NULL_in_lbl_mhbodsys_or_lbl_mhdecod"/>
    <testcase time="1.19499999999999" classname="mht01" name="mht01_works_with_other_row_split_var"/>
  </testsuite>
  <testsuite name="mng01" timestamp="2024-08-28T12:33:23Z" hostname="d8da2cbb5d97" tests="19" skipped="8" failures="0" errors="0" time="8.83">
    <testcase time="0.947000000000003" classname="mng01" name="mng01_works_as_expected_with_default_argument_values"/>
    <testcase time="0.00100000000000477" classname="mng01" name="mng01_works_as_expected_with_default_argument_values">
      <skipped message="Reason: On CI ('test-mng01.R:9:5')"/>
    </testcase>
    <testcase time="0.935000000000002" classname="mng01" name="mng01_works_as_expected_with_custom_argument_values"/>
    <testcase time="0.0160000000000196" classname="mng01" name="mng01_works_as_expected_with_custom_argument_values"/>
    <testcase time="0.00100000000000477" classname="mng01" name="mng01_works_as_expected_with_custom_argument_values">
      <skipped message="Reason: On CI ('test-mng01.R:44:5')"/>
    </testcase>
    <testcase time="0.950999999999993" classname="mng01" name="mng01_works_as_expected_with_custom_color_set"/>
    <testcase time="0.953000000000003" classname="mng01" name="mng01_works_as_expected_with_custom_color_set"/>
    <testcase time="0.00199999999998113" classname="mng01" name="mng01_works_as_expected_with_custom_color_set">
      <skipped message="Reason: On CI ('test-mng01.R:67:5')"/>
    </testcase>
    <testcase time="0.950000000000017" classname="mng01" name="mng01_works_as_expected_with_custom_line_type_set"/>
    <testcase time="0.963999999999999" classname="mng01" name="mng01_works_as_expected_with_custom_line_type_set"/>
    <testcase time="0.00100000000000477" classname="mng01" name="mng01_works_as_expected_with_custom_line_type_set">
      <skipped message="Reason: On CI ('test-mng01.R:88:5')"/>
    </testcase>
    <testcase time="0.161000000000001" classname="mng01" name="mng01_works_with_table_NULL"/>
    <testcase time="0.000999999999976353" classname="mng01" name="mng01_works_with_table_NULL">
      <skipped message="Reason: On CI ('test-mng01.R:100:5')"/>
    </testcase>
    <testcase time="0.968000000000018" classname="mng01" name="mng01_works_with_combination_of_x_variables"/>
    <testcase time="0.00199999999998113" classname="mng01" name="mng01_works_with_combination_of_x_variables">
      <skipped message="Reason: On CI ('test-mng01.R:117:5')"/>
    </testcase>
    <testcase time="1.09200000000001" classname="mng01" name="mng01_works_with_numeric_x_variable"/>
    <testcase time="0.00200000000000955" classname="mng01" name="mng01_works_with_numeric_x_variable">
      <skipped message="Reason: On CI ('test-mng01.R:137:5')"/>
    </testcase>
    <testcase time="0.881999999999977" classname="mng01" name="mng01_works_with_numeric_jitter"/>
    <testcase time="0.00100000000000477" classname="mng01" name="mng01_works_with_numeric_jitter">
      <skipped message="Reason: On CI ('test-mng01.R:154:5')"/>
    </testcase>
  </testsuite>
  <testsuite name="pdt01" timestamp="2024-08-28T12:33:32Z" hostname="d8da2cbb5d97" tests="5" skipped="0" failures="0" errors="0" time="1.089">
    <testcase time="0.421000000000021" classname="pdt01" name="pdt01_function_with_default_argument_value_return_expected_result_with_test_data"/>
    <testcase time="0.09699999999998" classname="pdt01" name="pdt01_can_handle_all_NA_values"/>
    <testcase time="0.146000000000015" classname="pdt01" name="pdt01_can_handle_all_NA_values"/>
    <testcase time="0.191999999999979" classname="pdt01" name="pdt01_can_handle_some_NA_values"/>
    <testcase time="0.233000000000004" classname="pdt01" name="pdt01_can_handle_some_NA_values"/>
  </testsuite>
  <testsuite name="pdt02" timestamp="2024-08-28T12:33:33Z" hostname="d8da2cbb5d97" tests="5" skipped="0" failures="0" errors="0" time="0.916">
    <testcase time="0.296999999999997" classname="pdt02" name="pdt02_function_with_default_argument_value_return_expected_result_with_test_data"/>
    <testcase time="0.126000000000005" classname="pdt02" name="pdt02_can_handle_all_NA_values"/>
    <testcase time="0.173000000000002" classname="pdt02" name="pdt02_can_handle_all_NA_values"/>
    <testcase time="0.128999999999991" classname="pdt02" name="pdt02_can_handle_some_NA_values"/>
    <testcase time="0.191000000000003" classname="pdt02" name="pdt02_can_handle_some_NA_values"/>
  </testsuite>
  <testsuite name="reexports" timestamp="2024-08-28T12:33:34Z" hostname="d8da2cbb5d97" tests="2" skipped="0" failures="0" errors="0" time="0.015">
    <testcase time="0.00999999999999091" classname="reexports" name="with_label_exported_correctly"/>
    <testcase time="0.00500000000002387" classname="reexports" name="reformat_exported_correctly"/>
  </testsuite>
  <testsuite name="report_null" timestamp="2024-08-28T12:33:34Z" hostname="d8da2cbb5d97" tests="12" skipped="0" failures="0" errors="0" time="0.1">
    <testcase time="0.00799999999998136" classname="report_null" name="report_null_works_as_expected_with_NULL_"/>
    <testcase time="0.00200000000000955" classname="report_null" name="report_null_works_as_expected_with_NULL_"/>
    <testcase time="0.0310000000000059" classname="report_null" name="report_null_works_as_expected_with_VTableTree_"/>
    <testcase time="0.0219999999999914" classname="report_null" name="report_null_works_as_expected_with_VTableTree_"/>
    <testcase time="0.00300000000001432" classname="report_null" name="report_null_works_as_expected_with_VTableTree_"/>
    <testcase time="0.00799999999998136" classname="report_null" name="report_null_works_as_expected_with_listing_df_"/>
    <testcase time="0.0040000000000191" classname="report_null" name="report_null_works_as_expected_with_listing_df_"/>
    <testcase time="0.00199999999998113" classname="report_null" name="report_null_works_as_expected_with_listing_df_"/>
    <testcase time="0.00800000000000978" classname="report_null" name="report_null_works_as_expected_with_list_"/>
    <testcase time="0.00499999999999545" classname="report_null" name="report_null_works_as_expected_with_list_"/>
    <testcase time="0.00499999999999545" classname="report_null" name="report_null_works_as_expected_with_by_default"/>
    <testcase time="0.00200000000000955" classname="report_null" name="report_null_works_as_expected_with_by_default"/>
  </testsuite>
  <testsuite name="rmpt01" timestamp="2024-08-28T12:33:34Z" hostname="d8da2cbb5d97" tests="11" skipped="0" failures="0" errors="0" time="1.378">
    <testcase time="0.195999999999998" classname="rmpt01" name="rmpt01_function_with_default_argument_value_return_expected_result_with_test_data"/>
    <testcase time="0.0600000000000023" classname="rmpt01" name="rmpt01_can_handle_NA_values"/>
    <testcase time="0.133999999999986" classname="rmpt01" name="rmpt01_can_handle_NA_values"/>
    <testcase time="0.12700000000001" classname="rmpt01" name="rmpt01_can_handle_NA_values"/>
    <testcase time="0.240999999999985" classname="rmpt01" name="rmpt01_can_handle_NA_values"/>
    <testcase time="0.0600000000000023" classname="rmpt01" name="rmpt01_can_handle_some_NA_values"/>
    <testcase time="0.13300000000001" classname="rmpt01" name="rmpt01_can_handle_some_NA_values"/>
    <testcase time="0.126000000000005" classname="rmpt01" name="rmpt01_can_handle_some_NA_values"/>
    <testcase time="0.234999999999985" classname="rmpt01" name="rmpt01_can_handle_some_NA_values"/>
    <testcase time="0.0390000000000157" classname="rmpt01" name="rmpt01_fails_on_incomlete_data"/>
    <testcase time="0.0269999999999868" classname="rmpt01" name="rmpt01_fails_on_incomlete_data"/>
  </testsuite>
  <testsuite name="rmpt03" timestamp="2024-08-28T12:33:35Z" hostname="d8da2cbb5d97" tests="12" skipped="0" failures="0" errors="0" time="2.026">
    <testcase time="0.326000000000022" classname="rmpt03" name="rmpt03_function_with_default_argument_value_return_expected_result_with_test_data"/>
    <testcase time="0.115999999999985" classname="rmpt03" name="rmpt03_can_handle_NA_values"/>
    <testcase time="0.211999999999989" classname="rmpt03" name="rmpt03_can_handle_NA_values"/>
    <testcase time="0.183000000000021" classname="rmpt03" name="rmpt03_can_handle_NA_values"/>
    <testcase time="0.295999999999992" classname="rmpt03" name="rmpt03_can_handle_NA_values"/>
    <testcase time="0.109999999999985" classname="rmpt03" name="rmpt03_can_handle_some_NA_values"/>
    <testcase time="0.216000000000008" classname="rmpt03" name="rmpt03_can_handle_some_NA_values"/>
    <testcase time="0.191000000000003" classname="rmpt03" name="rmpt03_can_handle_some_NA_values"/>
    <testcase time="0.298000000000002" classname="rmpt03" name="rmpt03_can_handle_some_NA_values"/>
    <testcase time="0.0349999999999966" classname="rmpt03" name="rmpt03_fails_on_incomlete_data"/>
    <testcase time="0.0260000000000105" classname="rmpt03" name="rmpt03_fails_on_incomlete_data"/>
    <testcase time="0.0169999999999959" classname="rmpt03" name="rmpt03_fails_on_incomlete_data"/>
  </testsuite>
  <testsuite name="rmpt04" timestamp="2024-08-28T12:33:37Z" hostname="d8da2cbb5d97" tests="10" skipped="0" failures="0" errors="0" time="1">
    <testcase time="0.193000000000012" classname="rmpt04" name="rmpt04_function_with_default_argument_value_return_expected_result_with_test_data"/>
    <testcase time="0.0559999999999832" classname="rmpt04" name="rmpt04_can_handle_NA_values"/>
    <testcase time="0.126000000000005" classname="rmpt04" name="rmpt04_can_handle_NA_values"/>
    <testcase time="0.0529999999999973" classname="rmpt04" name="rmpt04_can_handle_NA_values"/>
    <testcase time="0.128999999999991" classname="rmpt04" name="rmpt04_can_handle_NA_values"/>
    <testcase time="0.0570000000000164" classname="rmpt04" name="rmpt04_can_handle_some_NA_values"/>
    <testcase time="0.125999999999976" classname="rmpt04" name="rmpt04_can_handle_some_NA_values"/>
    <testcase time="0.0560000000000116" classname="rmpt04" name="rmpt04_can_handle_some_NA_values"/>
    <testcase time="0.135999999999996" classname="rmpt04" name="rmpt04_can_handle_some_NA_values"/>
    <testcase time="0.0680000000000121" classname="rmpt04" name="rmpt04_fails_on_incomlete_data"/>
  </testsuite>
  <testsuite name="rmpt05" timestamp="2024-08-28T12:33:38Z" hostname="d8da2cbb5d97" tests="10" skipped="0" failures="0" errors="0" time="1.044">
    <testcase time="0.197000000000003" classname="rmpt05" name="rmpt05_function_with_default_argument_value_return_expected_result_with_test_data"/>
    <testcase time="0.0589999999999975" classname="rmpt05" name="rmpt05_can_handle_NA_values"/>
    <testcase time="0.133999999999986" classname="rmpt05" name="rmpt05_can_handle_NA_values"/>
    <testcase time="0.0670000000000073" classname="rmpt05" name="rmpt05_can_handle_NA_values"/>
    <testcase time="0.123999999999995" classname="rmpt05" name="rmpt05_can_handle_NA_values"/>
    <testcase time="0.0699999999999932" classname="rmpt05" name="rmpt05_can_handle_some_NA_values"/>
    <testcase time="0.135000000000019" classname="rmpt05" name="rmpt05_can_handle_some_NA_values"/>
    <testcase time="0.0589999999999975" classname="rmpt05" name="rmpt05_can_handle_some_NA_values"/>
    <testcase time="0.141999999999996" classname="rmpt05" name="rmpt05_can_handle_some_NA_values"/>
    <testcase time="0.0569999999999879" classname="rmpt05" name="rmpt05_fails_on_incomlete_data"/>
  </testsuite>
  <testsuite name="rmpt06" timestamp="2024-08-28T12:33:39Z" hostname="d8da2cbb5d97" tests="6" skipped="0" failures="0" errors="0" time="2.075">
    <testcase time="0.560000000000002" classname="rmpt06" name="rmpt06_works_as_expected"/>
    <testcase time="0.616000000000014" classname="rmpt06" name="rmpt06_works_as_expected_with_show_diff_TRUE"/>
    <testcase time="0.239000000000004" classname="rmpt06" name="rmpt06_can_handle_all_NA_values"/>
    <testcase time="0.292999999999978" classname="rmpt06" name="rmpt06_can_handle_all_NA_values"/>
    <testcase time="0.223000000000013" classname="rmpt06" name="rmpt06_can_handle_all_NA_values"/>
    <testcase time="0.144000000000005" classname="rmpt06" name="rmpt06_can_handle_all_NA_values"/>
  </testsuite>
  <testsuite name="rspt01" timestamp="2024-08-28T12:33:41Z" hostname="d8da2cbb5d97" tests="27" skipped="0" failures="0" errors="0" time="7.697">
    <testcase time="0.0149999999999864" classname="rspt01" name="rspt01_works_as_expected"/>
    <testcase time="0.307999999999993" classname="rspt01" name="rspt01_works_as_expected"/>
    <testcase time="0.263000000000005" classname="rspt01" name="rspt01_works_as_expected"/>
    <testcase time="0.301999999999992" classname="rspt01" name="rspt01_works_as_expected_for_stratified_and_unstratified_analysis"/>
    <testcase time="0.286000000000001" classname="rspt01" name="rspt01_works_as_expected_for_stratified_and_unstratified_analysis"/>
    <testcase time="0.353000000000009" classname="rspt01" name="rspt01_works_as_expected_for_stratified_and_unstratified_analysis"/>
    <testcase time="0.322000000000003" classname="rspt01" name="rspt01_works_as_expected_for_stratified_and_unstratified_analysis"/>
    <testcase time="0.248999999999995" classname="rspt01" name="rspt01_works_as_expected_for_unstratified_analysis_only"/>
    <testcase time="0.254999999999995" classname="rspt01" name="rspt01_works_as_expected_for_unstratified_analysis_only"/>
    <testcase time="0.281000000000006" classname="rspt01" name="rspt01_works_as_expected_for_unstratified_analysis_only"/>
    <testcase time="0.265999999999991" classname="rspt01" name="rspt01_works_as_expected_for_unstratified_analysis_only"/>
    <testcase time="0.25" classname="rspt01" name="rspt01_works_as_expected_for_stratified_analysis_only"/>
    <testcase time="0.257000000000005" classname="rspt01" name="rspt01_works_as_expected_for_stratified_analysis_only"/>
    <testcase time="0.282000000000011" classname="rspt01" name="rspt01_works_as_expected_for_stratified_analysis_only"/>
    <testcase time="0.265999999999991" classname="rspt01" name="rspt01_works_as_expected_for_stratified_analysis_only"/>
    <testcase time="0.284999999999997" classname="rspt01" name="rspt01_works_if_change_reference_group"/>
    <testcase time="0.260999999999996" classname="rspt01" name="rspt01_works_if_change_reference_group"/>
    <testcase time="0.356999999999999" classname="rspt01" name="rspt01_works_if_change_reference_group"/>
    <testcase time="0.326000000000022" classname="rspt01" name="rspt01_works_if_change_reference_group"/>
    <testcase time="0.291999999999973" classname="rspt01" name="rspt01_works_if_change_statistic_methods"/>
    <testcase time="0.273000000000025" classname="rspt01" name="rspt01_works_if_change_statistic_methods"/>
    <testcase time="0.35299999999998" classname="rspt01" name="rspt01_works_if_change_statistic_methods"/>
    <testcase time="0.344999999999999" classname="rspt01" name="rspt01_works_if_change_statistic_methods"/>
    <testcase time="0.289000000000016" classname="rspt01" name="rspt01_works_if_change_confidence_interval"/>
    <testcase time="0.271999999999991" classname="rspt01" name="rspt01_works_if_change_confidence_interval"/>
    <testcase time="0.360000000000014" classname="rspt01" name="rspt01_works_if_change_confidence_interval"/>
    <testcase time="0.328999999999979" classname="rspt01" name="rspt01_works_if_change_confidence_interval"/>
  </testsuite>
  <testsuite name="ttet01" timestamp="2024-08-28T12:33:49Z" hostname="d8da2cbb5d97" tests="15" skipped="0" failures="0" errors="0" time="5.278">
    <testcase time="0.0169999999999959" classname="ttet01" name="ttet01_works_as_expected"/>
    <testcase time="0.63300000000001" classname="ttet01" name="ttet01_works_as_expected"/>
    <testcase time="0.456999999999994" classname="ttet01" name="ttet01_works_as_expected"/>
    <testcase time="0.293000000000006" classname="ttet01" name="ttet01_works_as_expected_for_stratified_and_unstratified_analysis"/>
    <testcase time="0.322000000000003" classname="ttet01" name="ttet01_works_as_expected_for_stratified_and_unstratified_analysis"/>
    <testcase time="0.378000000000014" classname="ttet01" name="ttet01_works_as_expected_for_stratified_and_unstratified_analysis"/>
    <testcase time="0.405999999999977" classname="ttet01" name="ttet01_works_as_expected_for_stratified_and_unstratified_analysis"/>
    <testcase time="0.296999999999997" classname="ttet01" name="ttet01_works_as_expected_for_stratified_analysis_only"/>
    <testcase time="0.324000000000012" classname="ttet01" name="ttet01_works_as_expected_for_stratified_analysis_only"/>
    <testcase time="0.341000000000008" classname="ttet01" name="ttet01_works_as_expected_for_stratified_analysis_only"/>
    <testcase time="0.375" classname="ttet01" name="ttet01_works_as_expected_for_stratified_analysis_only"/>
    <testcase time="0.299999999999983" classname="ttet01" name="ttet01_works_if_change_reference_group"/>
    <testcase time="0.337000000000018" classname="ttet01" name="ttet01_works_if_change_reference_group"/>
    <testcase time="0.381" classname="ttet01" name="ttet01_works_if_change_reference_group"/>
    <testcase time="0.417000000000002" classname="ttet01" name="ttet01_works_if_change_reference_group"/>
  </testsuite>
  <testsuite name="utils" timestamp="2024-08-28T12:33:54Z" hostname="d8da2cbb5d97" tests="81" skipped="0" failures="0" errors="0" time="2.42">
    <testcase time="0.00999999999999091" classname="utils" name="h_format_dec_works_as_exected"/>
    <testcase time="0.00200000000000955" classname="utils" name="h_format_dec_works_as_exected"/>
    <testcase time="0.00199999999998113" classname="utils" name="h_format_dec_works_as_exected"/>
    <testcase time="0.00200000000000955" classname="utils" name="h_format_dec_works_as_exected"/>
    <testcase time="0.00200000000000955" classname="utils" name="h_format_dec_works_as_exected"/>
    <testcase time="0.00199999999998113" classname="utils" name="h_format_dec_works_as_exected"/>
    <testcase time="0.00200000000000955" classname="utils" name="h_format_dec_works_as_exected"/>
    <testcase time="0.00200000000000955" classname="utils" name="h_format_dec_works_as_exected"/>
    <testcase time="0.00199999999998113" classname="utils" name="h_format_dec_works_as_exected"/>
    <testcase time="0.00800000000000978" classname="utils" name="h_format_dec_works_as_exected"/>
    <testcase time="0.00200000000000955" classname="utils" name="h_format_dec_works_as_exected"/>
    <testcase time="0.00399999999999068" classname="utils" name="h_format_dec_works_as_exected"/>
    <testcase time="0.00600000000000023" classname="utils" name="h_format_dec_works_as_expected_with_more_than_one_value"/>
    <testcase time="0.0029999999999859" classname="utils" name="h_format_dec_works_as_expected_with_more_than_one_value"/>
    <testcase time="0.00500000000002387" classname="utils" name="h_format_dec_works_as_expected_with_NA_digits"/>
    <testcase time="0.00500000000002387" classname="utils" name="fuse_sequentially_works"/>
    <testcase time="0.0029999999999859" classname="utils" name="fuse_sequentially_works"/>
    <testcase time="0.0109999999999957" classname="utils" name="ifneeded_split_row_works_as_expected"/>
    <testcase time="0.00600000000000023" classname="utils" name="ifneeded_split_row_works_as_expected"/>
    <testcase time="0.0740000000000123" classname="utils" name="_unnamed_"/>
    <testcase time="0.0720000000000027" classname="utils" name="_unnamed_"/>
    <testcase time="0.063999999999993" classname="utils" name="_unnamed_"/>
    <testcase time="0.046999999999997" classname="utils" name="_unnamed_"/>
    <testcase time="0.00300000000001432" classname="utils" name="droplevels.character_works_as_expected"/>
    <testcase time="0.00199999999998113" classname="utils" name="droplevels.character_works_as_expected"/>
    <testcase time="0.00499999999999545" classname="utils" name="lvls.character_works_as_expected"/>
    <testcase time="0.00300000000001432" classname="utils" name="lvls.character_works_as_expected"/>
    <testcase time="0.00399999999999068" classname="utils" name="lvls.factor_works_as_expected"/>
    <testcase time="0.00300000000001432" classname="utils" name="lvls.factor_works_as_expected"/>
    <testcase time="0.0109999999999957" classname="utils" name="lvls.default_works_as_expected"/>
    <testcase time="0.0029999999999859" classname="utils" name="lvls.default_works_as_expected"/>
    <testcase time="0.00499999999999545" classname="utils" name="quote_str_works_as_expected"/>
    <testcase time="0.00300000000001432" classname="utils" name="quote_str_works_as_expected"/>
    <testcase time="0.00499999999999545" classname="utils" name="quote_str_works_as_expected"/>
    <testcase time="0.00399999999999068" classname="utils" name="modify_default_args_works_as_expected"/>
    <testcase time="0.00300000000001432" classname="utils" name="modify_default_args_works_as_expected"/>
    <testcase time="0.00499999999999545" classname="utils" name="execute_with_args_works_as_expected"/>
    <testcase time="0.00300000000001432" classname="utils" name="execute_with_args_works_as_expected"/>
    <testcase time="0.000999999999976353" classname="utils" name="execute_with_args_works_as_expected"/>
    <testcase time="0.00300000000001432" classname="utils" name="execute_with_args_works_as_expected"/>
    <testcase time="0.00100000000000477" classname="utils" name="execute_with_args_works_as_expected"/>
    <testcase time="0.00199999999998113" classname="utils" name="execute_with_args_works_as_expected"/>
    <testcase time="0.00200000000000955" classname="utils" name="execute_with_args_works_as_expected"/>
    <testcase time="0.00200000000000955" classname="utils" name="execute_with_args_works_as_expected"/>
    <testcase time="0.00199999999998113" classname="utils" name="execute_with_args_works_as_expected"/>
    <testcase time="0.00300000000001432" classname="utils" name="execute_with_args_works_as_expected"/>
    <testcase time="0.00199999999998113" classname="utils" name="execute_with_args_works_as_expected"/>
    <testcase time="0.00200000000000955" classname="utils" name="execute_with_args_works_as_expected"/>
    <testcase time="0.00499999999999545" classname="utils" name="do_call_work_as_expected"/>
    <testcase time="0.00300000000001432" classname="utils" name="do_call_work_as_expected"/>
    <testcase time="0.00799999999998136" classname="utils" name="do_call_errors_as_expected"/>
    <testcase time="0.00500000000002387" classname="utils" name="do_call_errors_as_expected"/>
    <testcase time="0.00600000000000023" classname="utils" name="convert_to_month_work_as_expected"/>
    <testcase time="0.00199999999998113" classname="utils" name="convert_to_month_work_as_expected"/>
    <testcase time="0.00200000000000955" classname="utils" name="convert_to_month_work_as_expected"/>
    <testcase time="0.00199999999998113" classname="utils" name="convert_to_month_work_as_expected"/>
    <testcase time="0.00200000000000955" classname="utils" name="convert_to_month_work_as_expected"/>
    <testcase time="0.00300000000001432" classname="utils" name="convert_to_month_work_as_expected"/>
    <testcase time="0.00799999999998136" classname="utils" name="convert_to_month_warning_messages_as_expected"/>
    <testcase time="0.0100000000000193" classname="utils" name="gg_theme_chevron_works_as_expected"/>
    <testcase time="0.000999999999976353" classname="utils" name="gg_theme_chevron_works_as_expected"/>
    <testcase time="0.00200000000000955" classname="utils" name="gg_theme_chevron_works_as_expected"/>
    <testcase time="0.00499999999999545" classname="utils" name="gg_theme_chevron_works_as_expected"/>
    <testcase time="0.00100000000000477" classname="utils" name="gg_theme_chevron_works_as_expected"/>
    <testcase time="0.00200000000000955" classname="utils" name="gg_theme_chevron_works_as_expected"/>
    <testcase time="0.00600000000000023" classname="utils" name="modify_character_works"/>
    <testcase time="0.0029999999999859" classname="utils" name="modify_character_works"/>
    <testcase time="0.00600000000000023" classname="utils" name="expand_list_works"/>
    <testcase time="0.00300000000001432" classname="utils" name="expand_list_works"/>
    <testcase time="0.00499999999999545" classname="utils" name="set_section_div_works"/>
    <testcase time="0.00499999999999545" classname="utils" name="set_section_div_works"/>
    <testcase time="0.00499999999999545" classname="utils" name="set_section_div_works"/>
    <testcase time="0.00300000000001432" classname="utils" name="set_section_div_works"/>
    <testcase time="0.00600000000000023" classname="utils" name="get_section_div_works"/>
    <testcase time="0.0029999999999859" classname="utils" name="get_section_div_works"/>
    <testcase time="0.938000000000017" classname="utils" name="grob_list_is_deprecated"/>
    <testcase time="0.930999999999983" classname="utils" name="gg_list_is_deprecated"/>
    <testcase time="0.00800000000000978" classname="utils" name="format_date_works_as_expected_for_POSIXct"/>
    <testcase time="0.0029999999999859" classname="utils" name="format_date_works_as_expected_for_POSIXct"/>
    <testcase time="0.007000000000005" classname="utils" name="format_date_works_as_expected_for_Date"/>
    <testcase time="0.00300000000001432" classname="utils" name="format_date_works_as_expected_for_Date"/>
  </testsuite>
  <testsuite name="vst01" timestamp="2024-08-28T12:33:57Z" hostname="d8da2cbb5d97" tests="3" skipped="0" failures="0" errors="0" time="13.944">
    <testcase time="6.95599999999999" classname="vst01" name="vst01_functions_with_default_argument_value_return_expected_result_with_test_data"/>
    <testcase time="2.208" classname="vst01" name="run_vst01_works_as_expected"/>
    <testcase time="4.78" classname="vst01" name="run_vst01_works_as_expected"/>
  </testsuite>
  <testsuite name="vst02" timestamp="2024-08-28T12:34:11Z" hostname="d8da2cbb5d97" tests="2" skipped="0" failures="0" errors="0" time="0.908">
    <testcase time="0.455000000000013" classname="vst02" name="vst02_functions_with_default_argument_value_return_expected_result_with_test_data"/>
    <testcase time="0.452999999999975" classname="vst02" name="vst02_functions_return_expected_result_with_test_data_when_excluding_subject_with_baseline_abnormality"/>
  </testsuite>
</testsuites>
