<?xml version="1.0" encoding="UTF-8"?>
<testsuites>
  <testsuite name="ael01_nollt" timestamp="2023-04-25T06:29:57Z" hostname="2dbccb84fb48" tests="8" skipped="4" failures="0" errors="0" time="1.617">
    <testcase time="1.162" classname="ael01_nollt" name="ael01_nollt_works_with_admh_dataset"/>
    <testcase time="0.0939999999999999" classname="ael01_nollt" name="ael01_nollt_works_with_admh_dataset">
      <skipped message="Reason: On CRAN ('test-ael01_nollt.R:7:3')"/>
    </testcase>
    <testcase time="0.0529999999999999" classname="ael01_nollt" name="ael01_nollt_works_with_non_default_label"/>
    <testcase time="0.166" classname="ael01_nollt" name="ael01_nollt_works_with_non_default_label">
      <skipped message="Reason: On CRAN ('test-ael01_nollt.R:18:3')"/>
    </testcase>
    <testcase time="0.0629999999999997" classname="ael01_nollt" name="ael01_nollt_can_handle_all_missing_values"/>
    <testcase time="0.0280000000000005" classname="ael01_nollt" name="ael01_nollt_can_handle_all_missing_values">
      <skipped message="Reason: On CRAN ('test-ael01_nollt.R:31:3')"/>
    </testcase>
    <testcase time="0.0329999999999995" classname="ael01_nollt" name="ael01_nollt_can_handle_some_missing_values"/>
    <testcase time="0.0180000000000007" classname="ael01_nollt" name="ael01_nollt_can_handle_some_missing_values">
      <skipped message="Reason: On CRAN ('test-ael01_nollt.R:46:3')"/>
    </testcase>
  </testsuite>
  <testsuite name="aet01" timestamp="2023-04-25T06:29:59Z" hostname="2dbccb84fb48" tests="9" skipped="4" failures="0" errors="0" time="2.026">
    <testcase time="0.621" classname="aet01" name="aet01_can_handle_all_NA_values"/>
    <testcase time="0.0819999999999999" classname="aet01" name="aet01_can_handle_all_NA_values">
      <skipped message="Reason: On CRAN ('test-aet01.R:12:3')"/>
    </testcase>
    <testcase time="0.394" classname="aet01" name="aet01_can_handle_some_NA_values"/>
    <testcase time="0.0860000000000003" classname="aet01" name="aet01_can_handle_some_NA_values">
      <skipped message="Reason: On CRAN ('test-aet01.R:29:3')"/>
    </testcase>
    <testcase time="0.269" classname="aet01" name="aet01_can_use_custom_lbl_safety_var"/>
    <testcase time="0.0430000000000001" classname="aet01" name="aet01_can_use_custom_lbl_safety_var">
      <skipped message="Reason: On CRAN ('test-aet01.R:35:3')"/>
    </testcase>
    <testcase time="0.0329999999999995" classname="aet01" name="aet01_fails_on_incomplete_data_input"/>
    <testcase time="0.406" classname="aet01" name="aet01_2_can_use_custom_medconcept_var"/>
    <testcase time="0.0920000000000005" classname="aet01" name="aet01_2_can_use_custom_medconcept_var">
      <skipped message="Reason: On CRAN ('test-aet01.R:53:3')"/>
    </testcase>
  </testsuite>
  <testsuite name="aet01_aesi" timestamp="2023-04-25T06:30:01Z" hostname="2dbccb84fb48" tests="7" skipped="3" failures="0" errors="0" time="1.255">
    <testcase time="0.321" classname="aet01_aesi" name="aet01_aesi_can_handle_all_NA_values"/>
    <testcase time="0.0730000000000004" classname="aet01_aesi" name="aet01_aesi_can_handle_all_NA_values">
      <skipped message="Reason: On CRAN ('test-aet01_aesi.R:17:3')"/>
    </testcase>
    <testcase time="0.27" classname="aet01_aesi" name="aet01_aesi_can_handle_some_NA_values"/>
    <testcase time="0.0730000000000004" classname="aet01_aesi" name="aet01_aesi_can_handle_some_NA_values">
      <skipped message="Reason: On CRAN ('test-aet01_aesi.R:30:3')"/>
    </testcase>
    <testcase time="0.379" classname="aet01_aesi" name="aet01_aesi_works_with_ALL_argument"/>
    <testcase time="0.115" classname="aet01_aesi" name="aet01_aesi_works_with_ALL_argument">
      <skipped message="Reason: On CRAN ('test-aet01_aesi.R:36:3')"/>
    </testcase>
    <testcase time="0.024" classname="aet01_aesi" name="aet01_aesi_1_check_fails_on_incomplete_data_input"/>
  </testsuite>
  <testsuite name="aet02" timestamp="2023-04-25T06:30:02Z" hostname="2dbccb84fb48" tests="4" skipped="0" failures="0" errors="0" time="0.263">
    <testcase time="0.0190000000000001" classname="aet02" name="aet02_fails_on_incomplete_data_input"/>
    <testcase time="0.105" classname="aet02" name="aet02_handle_empty_data_input"/>
    <testcase time="0.0170000000000003" classname="aet02" name="aet02_2_fails_on_incomplete_data_input"/>
    <testcase time="0.122" classname="aet02" name="aet02_2_handle_empty_data_input"/>
  </testsuite>
  <testsuite name="aet03" timestamp="2023-04-25T06:30:02Z" hostname="2dbccb84fb48" tests="4" skipped="2" failures="0" errors="0" time="2.172">
    <testcase time="0.348999999999999" classname="aet03" name="aet03_can_handle_NA_values"/>
    <testcase time="0.0650000000000013" classname="aet03" name="aet03_can_handle_NA_values">
      <skipped message="Reason: On CRAN ('test-aet03.R:10:3')"/>
    </testcase>
    <testcase time="1.539" classname="aet03" name="aet03_can_handle_some_NA_values"/>
    <testcase time="0.218999999999999" classname="aet03" name="aet03_can_handle_some_NA_values">
      <skipped message="Reason: On CRAN ('test-aet03.R:27:3')"/>
    </testcase>
  </testsuite>
  <testsuite name="aet04" timestamp="2023-04-25T06:30:04Z" hostname="2dbccb84fb48" tests="4" skipped="2" failures="0" errors="0" time="3.25">
    <testcase time="0.537000000000001" classname="aet04" name="aet04_can_handle_NA_values"/>
    <testcase time="0.112" classname="aet04" name="aet04_can_handle_NA_values">
      <skipped message="Reason: On CRAN ('test-aet04.R:10:3')"/>
    </testcase>
    <testcase time="2.287" classname="aet04" name="aet04_can_handle_some_NA_values"/>
    <testcase time="0.314" classname="aet04" name="aet04_can_handle_some_NA_values">
      <skipped message="Reason: On CRAN ('test-aet04.R:42:3')"/>
    </testcase>
  </testsuite>
  <testsuite name="aet10" timestamp="2023-04-25T06:30:08Z" hostname="2dbccb84fb48" tests="4" skipped="2" failures="0" errors="0" time="0.302">
    <testcase time="0.0980000000000008" classname="aet10" name="aet10_1_can_handle_NA_values"/>
    <testcase time="0.0259999999999998" classname="aet10" name="aet10_1_can_handle_NA_values">
      <skipped message="Reason: On CRAN ('test-aet10.R:11:3')"/>
    </testcase>
    <testcase time="0.124000000000001" classname="aet10" name="aet10_1_can_handle_some_NA_values"/>
    <testcase time="0.0540000000000003" classname="aet10" name="aet10_1_can_handle_some_NA_values">
      <skipped message="Reason: On CRAN ('test-aet10.R:25:3')"/>
    </testcase>
  </testsuite>
  <testsuite name="assertions" timestamp="2023-04-25T06:30:08Z" hostname="2dbccb84fb48" tests="14" skipped="0" failures="0" errors="0" time="0.089">
    <testcase time="0.0189999999999984" classname="assertions" name="assert_colnames_works_as_expected"/>
    <testcase time="0.00600000000000023" classname="assertions" name="assert_colnames_works_as_expected"/>
    <testcase time="0.00200000000000067" classname="assertions" name="assert_colnames_works_as_expected"/>
    <testcase time="0.00500000000000078" classname="assertions" name="assert_colnames_works_as_expected"/>
    <testcase time="0.00599999999999845" classname="assertions" name="assert_one_tablenames_works_as_expected"/>
    <testcase time="0.00200000000000067" classname="assertions" name="assert_one_tablenames_works_as_expected"/>
    <testcase time="0.00600000000000023" classname="assertions" name="assert_one_tablenames_works_as_expected"/>
    <testcase time="0.00499999999999901" classname="assertions" name="assert_one_tablenames_works_as_expected"/>
    <testcase time="0.00500000000000078" classname="assertions" name="assert_all_tablenames_works_as_expected"/>
    <testcase time="0.00600000000000023" classname="assertions" name="assert_all_tablenames_works_as_expected"/>
    <testcase time="0.00499999999999901" classname="assertions" name="assert_all_tablenames_works_as_expected"/>
    <testcase time="0.00900000000000034" classname="assertions" name="assert_args_works_as_expected"/>
    <testcase time="0.00200000000000067" classname="assertions" name="assert_args_works_as_expected"/>
    <testcase time="0.0109999999999992" classname="assertions" name="assert_args_works_as_expected"/>
  </testsuite>
  <testsuite name="checks" timestamp="2023-04-25T06:30:08Z" hostname="2dbccb84fb48" tests="8" skipped="0" failures="0" errors="0" time="0.033">
    <testcase time="0.00900000000000034" classname="checks" name="check_all_colnames_works_as_expected"/>
    <testcase time="0.00399999999999956" classname="checks" name="check_all_colnames_works_as_expected"/>
    <testcase time="0.00100000000000122" classname="checks" name="check_all_colnames_works_as_expected"/>
    <testcase time="0.00399999999999956" classname="checks" name="check_all_colnames_works_as_expected"/>
    <testcase time="0.00499999999999901" classname="checks" name="check_one_colnames_works_as_expected"/>
    <testcase time="0.00400000000000134" classname="checks" name="check_one_colnames_works_as_expected"/>
    <testcase time="0.00199999999999889" classname="checks" name="check_one_colnames_works_as_expected"/>
    <testcase time="0.00400000000000134" classname="checks" name="check_one_colnames_works_as_expected"/>
  </testsuite>
  <testsuite name="chevron_tlg-class" timestamp="2023-04-25T06:30:08Z" hostname="2dbccb84fb48" tests="24" skipped="0" failures="0" errors="0" time="0.087">
    <testcase time="0.00999999999999979" classname="chevron_tlg_class" name="chevron_t_object_can_be_constructed_with_default_values"/>
    <testcase time="0.00399999999999956" classname="chevron_tlg_class" name="chevron_t_object_can_be_constructed_with_default_values"/>
    <testcase time="0.00600000000000023" classname="chevron_tlg_class" name="chevron_t_object_can_be_constructed_with_custom_values"/>
    <testcase time="0.00499999999999901" classname="chevron_tlg_class" name="chevron_t_object_can_be_constructed_with_custom_values"/>
    <testcase time="0.00300000000000011" classname="chevron_tlg_class" name="chevron_t_object_can_be_constructed_with_custom_values"/>
    <testcase time="0.00400000000000134" classname="chevron_tlg_class" name="chevron_t_object_can_be_constructed_with_custom_values"/>
    <testcase time="0.00599999999999845" classname="chevron_tlg_class" name="chevron_t_constructor_returns_an_error_when_expected"/>
    <testcase time="0.00200000000000067" classname="chevron_tlg_class" name="chevron_t_constructor_returns_an_error_when_expected"/>
    <testcase time="0.000999999999999446" classname="chevron_tlg_class" name="chevron_t_constructor_returns_an_error_when_expected"/>
    <testcase time="0.00100000000000122" classname="chevron_tlg_class" name="chevron_t_constructor_returns_an_error_when_expected"/>
    <testcase time="0.000999999999999446" classname="chevron_tlg_class" name="chevron_t_constructor_returns_an_error_when_expected"/>
    <testcase time="0.00200000000000067" classname="chevron_tlg_class" name="chevron_t_constructor_returns_an_error_when_expected"/>
    <testcase time="0.00600000000000023" classname="chevron_tlg_class" name="chevron_l_object_can_be_constructed_with_default_values"/>
    <testcase time="0.00499999999999901" classname="chevron_tlg_class" name="chevron_l_object_can_be_constructed_with_default_values"/>
    <testcase time="0.00600000000000023" classname="chevron_tlg_class" name="chevron_g_object_can_be_constructed_with_custom_values"/>
    <testcase time="0.00499999999999901" classname="chevron_tlg_class" name="chevron_g_object_can_be_constructed_with_custom_values"/>
    <testcase time="0.00300000000000011" classname="chevron_tlg_class" name="chevron_g_object_can_be_constructed_with_custom_values"/>
    <testcase time="0.00400000000000134" classname="chevron_tlg_class" name="chevron_g_object_can_be_constructed_with_custom_values"/>
    <testcase time="0.00600000000000023" classname="chevron_tlg_class" name="chevron_g_constructor_returns_an_error_when_expected"/>
    <testcase time="0.000999999999999446" classname="chevron_tlg_class" name="chevron_g_constructor_returns_an_error_when_expected"/>
    <testcase time="0.00199999999999889" classname="chevron_tlg_class" name="chevron_g_constructor_returns_an_error_when_expected"/>
    <testcase time="0.00100000000000122" classname="chevron_tlg_class" name="chevron_g_constructor_returns_an_error_when_expected"/>
    <testcase time="0.00199999999999889" classname="chevron_tlg_class" name="chevron_g_constructor_returns_an_error_when_expected"/>
    <testcase time="0.00100000000000122" classname="chevron_tlg_class" name="chevron_g_constructor_returns_an_error_when_expected"/>
  </testsuite>
  <testsuite name="chevron_tlg-methods" timestamp="2023-04-25T06:30:08Z" hostname="2dbccb84fb48" tests="46" skipped="4" failures="0" errors="0" time="3.506">
    <testcase time="2.757" classname="chevron_tlg_methods" name="run_works_as_expected_for_chevron_t_object">
      <skipped message="Reason: On CRAN ('test-chevron_tlg-methods.R:5:3')"/>
    </testcase>
    <testcase time="0.0180000000000007" classname="chevron_tlg_methods" name="run_returns_a_warning_if_provided_with_invalid_arguments"/>
    <testcase time="0.465" classname="chevron_tlg_methods" name="run_works_as_expected_for_chevron_t_object_when_auto_pre_FALSE">
      <skipped message="Reason: On CRAN ('test-chevron_tlg-methods.R:17:3')"/>
    </testcase>
    <testcase time="0.0139999999999993" classname="chevron_tlg_methods" name="args_ls_works_as_expected"/>
    <testcase time="0.00199999999999889" classname="chevron_tlg_methods" name="args_ls_works_as_expected"/>
    <testcase time="0.00100000000000122" classname="chevron_tlg_methods" name="args_ls_works_as_expected"/>
    <testcase time="0.00499999999999901" classname="chevron_tlg_methods" name="args_ls_works_as_expected_when_simplify_is_TRUE"/>
    <testcase time="0.00100000000000122" classname="chevron_tlg_methods" name="args_ls_works_as_expected_when_simplify_is_TRUE"/>
    <testcase time="0.00100000000000122" classname="chevron_tlg_methods" name="args_ls_works_as_expected_when_simplify_is_TRUE"/>
    <testcase time="0.00600000000000023" classname="chevron_tlg_methods" name="args_ls_works_as_expected_with_custom_chevron_tlg_object"/>
    <testcase time="0.000999999999997669" classname="chevron_tlg_methods" name="args_ls_works_as_expected_with_custom_chevron_tlg_object"/>
    <testcase time="0.00100000000000122" classname="chevron_tlg_methods" name="args_ls_works_as_expected_with_custom_chevron_tlg_object"/>
    <testcase time="0.00399999999999778" classname="chevron_tlg_methods" name="args_ls_works_as_expected_with_custom_chevron_tlg_object"/>
    <testcase time="0.00700000000000145" classname="chevron_tlg_methods" name="main_works_as_expected"/>
    <testcase time="0.0100000000000016" classname="chevron_tlg_methods" name="get_main_works_as_expected"/>
    <testcase time="0.00399999999999778" classname="chevron_tlg_methods" name="get_main_works_as_expected"/>
    <testcase time="0.00799999999999912" classname="chevron_tlg_methods" name="main_setter_works_as_expected"/>
    <testcase time="0.0130000000000017" classname="chevron_tlg_methods" name="main_setter_throw_an_error_as_expected"/>
    <testcase time="0.00700000000000145" classname="chevron_tlg_methods" name="preprocess_works_as_expected"/>
    <testcase time="0.00899999999999679" classname="chevron_tlg_methods" name="get_preprocess_works_as_expected"/>
    <testcase time="0.00400000000000134" classname="chevron_tlg_methods" name="get_preprocess_works_as_expected"/>
    <testcase time="0.00799999999999912" classname="chevron_tlg_methods" name="preprocess_setter_works_as_expected"/>
    <testcase time="0.0120000000000005" classname="chevron_tlg_methods" name="preprocess_sends_an_error_as_expected"/>
    <testcase time="0.00700000000000145" classname="chevron_tlg_methods" name="postprocess_works_as_expected"/>
    <testcase time="0.00999999999999801" classname="chevron_tlg_methods" name="get_postprocess_works_as_expected"/>
    <testcase time="0.00400000000000134" classname="chevron_tlg_methods" name="get_postprocess_works_as_expected"/>
    <testcase time="0.00799999999999912" classname="chevron_tlg_methods" name="postprocess_setter_works_as_expected"/>
    <testcase time="0.0120000000000005" classname="chevron_tlg_methods" name="postprocess_sends_an_error_as_expected"/>
    <testcase time="0.00799999999999912" classname="chevron_tlg_methods" name="datasets_works_as_expected"/>
    <testcase time="0.00900000000000034" classname="chevron_tlg_methods" name="get_adam_datasets_works_as_expected"/>
    <testcase time="0.00400000000000134" classname="chevron_tlg_methods" name="get_adam_datasets_works_as_expected"/>
    <testcase time="0.00799999999999912" classname="chevron_tlg_methods" name="datasets_setter_works_as_expected"/>
    <testcase time="0.0160000000000018" classname="chevron_tlg_methods" name="script_works_as_expected"/>
    <testcase time="0.000999999999997669" classname="chevron_tlg_methods" name="script_works_as_expected"/>
    <testcase time="0.00200000000000244" classname="chevron_tlg_methods" name="script_works_as_expected"/>
    <testcase time="0.00600000000000023" classname="chevron_tlg_methods" name="script_works_as_expected_with_dictionary_of_arguments"/>
    <testcase time="0.000999999999997669" classname="chevron_tlg_methods" name="script_works_as_expected_with_dictionary_of_arguments"/>
    <testcase time="0.00100000000000122" classname="chevron_tlg_methods" name="script_works_as_expected_with_dictionary_of_arguments"/>
    <testcase time="0.00199999999999889" classname="chevron_tlg_methods" name="script_works_as_expected_with_dictionary_of_arguments"/>
    <testcase time="0.00499999999999901" classname="chevron_tlg_methods" name="script_funs_works_as_expected_in_interactive_mode">
      <skipped message="Reason: !interactive() is TRUE ('test-chevron_tlg-methods.R:200:3')"/>
    </testcase>
    <testcase time="0.0150000000000006" classname="chevron_tlg_methods" name="script_funs_works_as_expected_in_non_interactive_mode"/>
    <testcase time="0.00600000000000023" classname="chevron_tlg_methods" name="script_funs_works_as_expected_in_non_interactive_mode">
      <skipped message="Reason: On CRAN ('test-chevron_tlg-methods.R:208:3')"/>
    </testcase>
    <testcase time="0.0139999999999993" classname="chevron_tlg_methods" name="script_funs_works_as_expected"/>
    <testcase time="0.00100000000000122" classname="chevron_tlg_methods" name="script_funs_works_as_expected"/>
    <testcase time="0.00700000000000145" classname="chevron_tlg_methods" name="script_funs_works_as_expected_with_details_set_to_TRUE"/>
    <testcase time="0.000999999999997669" classname="chevron_tlg_methods" name="script_funs_works_as_expected_with_details_set_to_TRUE"/>
  </testsuite>
  <testsuite name="cmt01a" timestamp="2023-04-25T06:30:12Z" hostname="2dbccb84fb48" tests="12" skipped="6" failures="0" errors="0" time="3.08">
    <testcase time="0.159000000000002" classname="cmt01a" name="cmt01a_can_handle_all_NA_values"/>
    <testcase time="0.0399999999999991" classname="cmt01a" name="cmt01a_can_handle_all_NA_values">
      <skipped message="Reason: On CRAN ('test-cmt01a.R:10:3')"/>
    </testcase>
    <testcase time="0.666999999999998" classname="cmt01a" name="cmt01a_can_handle_some_NA_values"/>
    <testcase time="0.174000000000003" classname="cmt01a" name="cmt01a_can_handle_some_NA_values">
      <skipped message="Reason: On CRAN ('test-cmt01a.R:25:3')"/>
    </testcase>
    <testcase time="0.16" classname="cmt01a" name="cmt01a_2_can_handle_all_NA_values"/>
    <testcase time="0.0499999999999972" classname="cmt01a" name="cmt01a_2_can_handle_all_NA_values">
      <skipped message="Reason: On CRAN ('test-cmt01a.R:37:3')"/>
    </testcase>
    <testcase time="0.654" classname="cmt01a" name="cmt01a_2_can_handle_some_NA_values"/>
    <testcase time="0.173000000000002" classname="cmt01a" name="cmt01a_2_can_handle_some_NA_values">
      <skipped message="Reason: On CRAN ('test-cmt01a.R:52:3')"/>
    </testcase>
    <testcase time="0.161999999999999" classname="cmt01a" name="cmt01a_3_can_handle_all_NA_values"/>
    <testcase time="0.036999999999999" classname="cmt01a" name="cmt01a_3_can_handle_all_NA_values">
      <skipped message="Reason: On CRAN ('test-cmt01a.R:64:3')"/>
    </testcase>
    <testcase time="0.650000000000002" classname="cmt01a" name="cmt01a_3_can_handle_some_NA_values"/>
    <testcase time="0.154" classname="cmt01a" name="cmt01a_3_can_handle_some_NA_values">
      <skipped message="Reason: On CRAN ('test-cmt01a.R:79:3')"/>
    </testcase>
  </testsuite>
  <testsuite name="cmt02_pt" timestamp="2023-04-25T06:30:15Z" hostname="2dbccb84fb48" tests="4" skipped="2" failures="0" errors="0" time="0.388">
    <testcase time="0.126999999999999" classname="cmt02_pt" name="cmt02_pt_1_can_handle_all_NA_values"/>
    <testcase time="0.032" classname="cmt02_pt" name="cmt02_pt_1_can_handle_all_NA_values">
      <skipped message="Reason: On CRAN ('test-cmt02_pt.R:10:3')"/>
    </testcase>
    <testcase time="0.169" classname="cmt02_pt" name="cmt02_pt_1_can_handle_some_NA_values"/>
    <testcase time="0.0599999999999987" classname="cmt02_pt" name="cmt02_pt_1_can_handle_some_NA_values">
      <skipped message="Reason: On CRAN ('test-cmt02_pt.R:25:3')"/>
    </testcase>
  </testsuite>
  <testsuite name="default_tlg" timestamp="2023-04-25T06:30:15Z" hostname="2dbccb84fb48" tests="40" skipped="40" failures="0" errors="0" time="39.01">
    <testcase time="0.482000000000003" classname="default_tlg" name="aet01_1_function_with_default_argument_value_return_expected_result_with_test_data">
      <skipped message="Reason: On CRAN ('test-default_tlg.R:5:3')"/>
    </testcase>
    <testcase time="0.521999999999998" classname="default_tlg" name="aet01_2_functions_with_default_argument_value_return_expected_result_with_test_data">
      <skipped message="Reason: On CRAN ('test-default_tlg.R:12:3')"/>
    </testcase>
    <testcase time="0.335999999999999" classname="default_tlg" name="aet01_aesi_1_function_with_default_argument_value_return_expected_result_with_test_data">
      <skipped message="Reason: On CRAN ('test-default_tlg.R:19:3')"/>
    </testcase>
    <testcase time="0.659000000000002" classname="default_tlg" name="aet02_1_functions_with_default_argument_value_return_expected_result_with_test_data">
      <skipped message="Reason: On CRAN ('test-default_tlg.R:26:3')"/>
    </testcase>
    <testcase time="1.142" classname="default_tlg" name="aet02_2_functions_with_default_argument_value_return_expected_result_with_test_data">
      <skipped message="Reason: On CRAN ('test-default_tlg.R:33:3')"/>
    </testcase>
    <testcase time="0.285" classname="default_tlg" name="aet02_3_functions_with_default_argument_value_return_expected_result_with_test_data">
      <skipped message="Reason: On CRAN ('test-default_tlg.R:40:3')"/>
    </testcase>
    <testcase time="1.698" classname="default_tlg" name="aet03_1_functions_with_default_argument_value_return_expected_result_with_test_data">
      <skipped message="Reason: On CRAN ('test-default_tlg.R:47:3')"/>
    </testcase>
    <testcase time="2.688" classname="default_tlg" name="aet04_1_functions_with_default_argument_value_return_expected_result_with_test_data">
      <skipped message="Reason: On CRAN ('test-default_tlg.R:54:3')"/>
    </testcase>
    <testcase time="0.178999999999998" classname="default_tlg" name="aet10_1_functions_with_default_argument_value_return_expected_result_with_test_data">
      <skipped message="Reason: On CRAN ('test-default_tlg.R:61:3')"/>
    </testcase>
    <testcase time="0.812000000000001" classname="default_tlg" name="cmt01a_1_functions_with_default_argument_value_return_expected_result_with_test_data">
      <skipped message="Reason: On CRAN ('test-default_tlg.R:68:3')"/>
    </testcase>
    <testcase time="0.810000000000002" classname="default_tlg" name="cmt01a_2_functions_with_default_argument_value_return_expected_result_with_test_data">
      <skipped message="Reason: On CRAN ('test-default_tlg.R:75:3')"/>
    </testcase>
    <testcase time="0.782" classname="default_tlg" name="cmt01a_3_functions_with_default_argument_value_return_expected_result_with_test_data">
      <skipped message="Reason: On CRAN ('test-default_tlg.R:82:3')"/>
    </testcase>
    <testcase time="0.236999999999998" classname="default_tlg" name="cmt02_pt_1_functions_with_default_argument_value_return_expected_result_with_test_data">
      <skipped message="Reason: On CRAN ('test-default_tlg.R:89:3')"/>
    </testcase>
    <testcase time="0.437999999999999" classname="default_tlg" name="dmt01_1_functions_with_default_argument_value_return_expected_result_with_test_data">
      <skipped message="Reason: On CRAN ('test-default_tlg.R:96:3')"/>
    </testcase>
    <testcase time="0.385000000000002" classname="default_tlg" name="dst01_1_functions_with_default_argument_value_return_expected_result_with_test_data">
      <skipped message="Reason: On CRAN ('test-default_tlg.R:103:3')"/>
    </testcase>
    <testcase time="0.512999999999998" classname="default_tlg" name="dst01_2_functions_with_default_argument_value_return_expected_result_with_test_data">
      <skipped message="Reason: On CRAN ('test-default_tlg.R:110:3')"/>
    </testcase>
    <testcase time="0.677" classname="default_tlg" name="dst01_3_functions_with_default_argument_value_return_expected_result_with_test_data">
      <skipped message="Reason: On CRAN ('test-default_tlg.R:117:3')"/>
    </testcase>
    <testcase time="0.160999999999994" classname="default_tlg" name="dtht01_1_functions_with_default_argument_value_return_expected_result_with_test_data">
      <skipped message="Reason: On CRAN ('test-default_tlg.R:124:3')"/>
    </testcase>
    <testcase time="2.88200000000001" classname="default_tlg" name="egt01_1_functions_with_default_argument_value_return_expected_result_with_test_data">
      <skipped message="Reason: On CRAN ('test-default_tlg.R:131:3')"/>
    </testcase>
    <testcase time="0.286000000000001" classname="default_tlg" name="egt02_1_functions_with_default_argument_value_return_expected_result_with_test_data">
      <skipped message="Reason: On CRAN ('test-default_tlg.R:138:3')"/>
    </testcase>
    <testcase time="0.253" classname="default_tlg" name="egt02_2_functions_with_default_argument_value_return_expected_result_with_test_data">
      <skipped message="Reason: On CRAN ('test-default_tlg.R:145:3')"/>
    </testcase>
    <testcase time="0.353999999999999" classname="default_tlg" name="egt03_1_functions_with_default_argument_value_return_expected_result_with_test_data">
      <skipped message="Reason: On CRAN ('test-default_tlg.R:152:3')"/>
    </testcase>
    <testcase time="0.351999999999997" classname="default_tlg" name="egt03_2_functions_with_default_argument_value_return_expected_result_with_test_data">
      <skipped message="Reason: On CRAN ('test-default_tlg.R:159:3')"/>
    </testcase>
    <testcase time="0.850000000000001" classname="default_tlg" name="egt05_qtcat_1_functions_with_default_argument_value_return_expected_result_with_test_data">
      <skipped message="Reason: On CRAN ('test-default_tlg.R:166:3')"/>
    </testcase>
    <testcase time="0.207000000000001" classname="default_tlg" name="ext01_1_functions_with_default_argument_value_return_expected_result_with_test_data">
      <skipped message="Reason: On CRAN ('test-default_tlg.R:173:3')"/>
    </testcase>
    <testcase time="0.558999999999997" classname="default_tlg" name="ext01_2_functions_with_default_argument_value_return_expected_result_with_test_data">
      <skipped message="Reason: On CRAN ('test-default_tlg.R:180:3')"/>
    </testcase>
    <testcase time="1.978" classname="default_tlg" name="lbt01_1_functions_with_default_argument_value_return_expected_result_with_test_data">
      <skipped message="Reason: On CRAN ('test-default_tlg.R:187:3')"/>
    </testcase>
    <testcase time="0.561" classname="default_tlg" name="lbt04_1_functions_with_default_argument_value_return_expected_result_with_test_data">
      <skipped message="Reason: On CRAN ('test-default_tlg.R:194:3')"/>
    </testcase>
    <testcase time="0.573999999999998" classname="default_tlg" name="lbt05_1_functions_with_default_argument_value_return_expected_result_with_test_data">
      <skipped message="Reason: On CRAN ('test-default_tlg.R:201:3')"/>
    </testcase>
    <testcase time="0.816000000000003" classname="default_tlg" name="lbt07_1_functions_with_default_argument_value_return_expected_result_with_test_data">
      <skipped message="Reason: On CRAN ('test-default_tlg.R:208:3')"/>
    </testcase>
    <testcase time="1.81" classname="default_tlg" name="lbt14_1_functions_with_default_argument_value_return_expected_result_with_test_data">
      <skipped message="Reason: On CRAN ('test-default_tlg.R:215:3')"/>
    </testcase>
    <testcase time="2.029" classname="default_tlg" name="lbt14_2_functions_with_default_argument_value_return_expected_result_with_test_data">
      <skipped message="Reason: On CRAN ('test-default_tlg.R:222:3')"/>
    </testcase>
    <testcase time="0.423000000000002" classname="default_tlg" name="mht01_1_functions_with_default_argument_value_return_expected_result_with_test_data">
      <skipped message="Reason: On CRAN ('test-default_tlg.R:229:3')"/>
    </testcase>
    <testcase time="5.377" classname="default_tlg" name="vst01_1_functions_with_default_argument_value_return_expected_result_with_test_data">
      <skipped message="Reason: On CRAN ('test-default_tlg.R:236:3')"/>
    </testcase>
    <testcase time="5.499" classname="default_tlg" name="vst01_1_functions_with_default_argument_value_return_expected_result_with_test_data">
      <skipped message="Reason: On CRAN ('test-default_tlg.R:243:3')"/>
    </testcase>
    <testcase time="0.390000000000001" classname="default_tlg" name="vst02_1_functions_with_default_argument_value_return_expected_result_with_test_data">
      <skipped message="Reason: On CRAN ('test-default_tlg.R:250:3')"/>
    </testcase>
    <testcase time="0.392000000000003" classname="default_tlg" name="vst02_2_functions_with_default_argument_value_return_expected_result_with_test_data">
      <skipped message="Reason: On CRAN ('test-default_tlg.R:257:3')"/>
    </testcase>
    <testcase time="0.375999999999998" classname="default_tlg" name="pdt01_1_function_with_default_argument_value_return_expected_result_with_test_data">
      <skipped message="Reason: On CRAN ('test-default_tlg.R:265:3')"/>
    </testcase>
    <testcase time="0.192999999999998" classname="default_tlg" name="pdt02_1_function_with_default_argument_value_return_expected_result_with_test_data">
      <skipped message="Reason: On CRAN ('test-default_tlg.R:272:3')"/>
    </testcase>
    <testcase time="0.0429999999999993" classname="default_tlg" name="ael01_nollt_1_function_with_default_argument_value_return_expected_result_with_test_data">
      <skipped message="Reason: On CRAN ('test-default_tlg.R:279:3')"/>
    </testcase>
  </testsuite>
  <testsuite name="dmt01" timestamp="2023-04-25T06:30:54Z" hostname="2dbccb84fb48" tests="4" skipped="2" failures="0" errors="0" time="0.844">
    <testcase time="0.302" classname="dmt01" name="dmt01_1_can_handle_NA_values"/>
    <testcase time="0.104000000000006" classname="dmt01" name="dmt01_1_can_handle_NA_values">
      <skipped message="Reason: On CRAN ('test-dmt01.R:10:3')"/>
    </testcase>
    <testcase time="0.325999999999993" classname="dmt01" name="dmt01_1_can_handle_some_NA_values"/>
    <testcase time="0.112000000000002" classname="dmt01" name="dmt01_1_can_handle_some_NA_values">
      <skipped message="Reason: On CRAN ('test-dmt01.R:22:3')"/>
    </testcase>
  </testsuite>
  <testsuite name="dst01" timestamp="2023-04-25T06:30:55Z" hostname="2dbccb84fb48" tests="26" skipped="13" failures="0" errors="0" time="5.492">
    <testcase time="0.246000000000002" classname="dst01" name="dst01_can_handle_all_NA_values"/>
    <testcase time="0.0339999999999989" classname="dst01" name="dst01_can_handle_all_NA_values">
      <skipped message="Reason: On CRAN ('test-dst01.R:12:3')"/>
    </testcase>
    <testcase time="0.261000000000003" classname="dst01" name="dst01_1_can_handle_all_NA_values_in_disc_reason_var"/>
    <testcase time="0.0569999999999951" classname="dst01" name="dst01_1_can_handle_all_NA_values_in_disc_reason_var">
      <skipped message="Reason: On CRAN ('test-dst01.R:23:3')"/>
    </testcase>
    <testcase time="0.292999999999999" classname="dst01" name="dst01_1_can_handle_some_NA_values"/>
    <testcase time="0.0660000000000025" classname="dst01" name="dst01_1_can_handle_some_NA_values">
      <skipped message="Reason: On CRAN ('test-dst01.R:35:3')"/>
    </testcase>
    <testcase time="0.298999999999999" classname="dst01" name="dst01_1_can_handle_missing_levels_in_status_var"/>
    <testcase time="0.036999999999999" classname="dst01" name="dst01_1_can_handle_missing_levels_in_status_var">
      <skipped message="Reason: On CRAN ('test-dst01.R:46:3')"/>
    </testcase>
    <testcase time="0.264000000000003" classname="dst01" name="dst01_1_can_handle_missing_levels_in_disc_reason_var"/>
    <testcase time="0.0609999999999999" classname="dst01" name="dst01_1_can_handle_missing_levels_in_disc_reason_var">
      <skipped message="Reason: On CRAN ('test-dst01.R:57:3')"/>
    </testcase>
    <testcase time="0.208999999999996" classname="dst01" name="dst01_2_can_handle_all_NA_values"/>
    <testcase time="0.0300000000000011" classname="dst01" name="dst01_2_can_handle_all_NA_values">
      <skipped message="Reason: On CRAN ('test-dst01.R:72:3')"/>
    </testcase>
    <testcase time="0.234999999999999" classname="dst01" name="dst01_2_can_handle_all_NA_values_in_disc_reason_var"/>
    <testcase time="0.0570000000000022" classname="dst01" name="dst01_2_can_handle_all_NA_values_in_disc_reason_var">
      <skipped message="Reason: On CRAN ('test-dst01.R:83:3')"/>
    </testcase>
    <testcase time="0.420000000000002" classname="dst01" name="dst01_2_can_handle_some_NA_values"/>
    <testcase time="0.0899999999999963" classname="dst01" name="dst01_2_can_handle_some_NA_values">
      <skipped message="Reason: On CRAN ('test-dst01.R:95:3')"/>
    </testcase>
    <testcase time="0.295000000000002" classname="dst01" name="dst01_2_can_handle_missing_levels_in_disc_reason_var"/>
    <testcase time="0.0480000000000018" classname="dst01" name="dst01_2_can_handle_missing_levels_in_disc_reason_var">
      <skipped message="Reason: On CRAN ('test-dst01.R:106:3')"/>
    </testcase>
    <testcase time="0.379999999999995" classname="dst01" name="dst01_3_can_handle_all_NA_values"/>
    <testcase time="0.0320000000000107" classname="dst01" name="dst01_3_can_handle_all_NA_values">
      <skipped message="Reason: On CRAN ('test-dst01.R:121:3')"/>
    </testcase>
    <testcase time="0.60799999999999" classname="dst01" name="dst01_3_can_handle_all_NA_values_in_status_treatment_var"/>
    <testcase time="0.0769999999999982" classname="dst01" name="dst01_3_can_handle_all_NA_values_in_status_treatment_var">
      <skipped message="Reason: On CRAN ('test-dst01.R:132:3')"/>
    </testcase>
    <testcase time="0.597000000000008" classname="dst01" name="dst01_3_can_handle_some_NA_values_in_status_treatment_var"/>
    <testcase time="0.10799999999999" classname="dst01" name="dst01_3_can_handle_some_NA_values_in_status_treatment_var">
      <skipped message="Reason: On CRAN ('test-dst01.R:143:3')"/>
    </testcase>
    <testcase time="0.588000000000008" classname="dst01" name="dst01_3_can_handle_missing_levels_in_status_treatment_var"/>
    <testcase time="0.0999999999999943" classname="dst01" name="dst01_3_can_handle_missing_levels_in_status_treatment_var">
      <skipped message="Reason: On CRAN ('test-dst01.R:154:3')"/>
    </testcase>
  </testsuite>
  <testsuite name="dtht01" timestamp="2023-04-25T06:31:01Z" hostname="2dbccb84fb48" tests="5" skipped="3" failures="0" errors="0" time="1.378">
    <testcase time="0.302000000000007" classname="dtht01" name="dtht01_can_handle_all_NA_values"/>
    <testcase time="0.0379999999999967" classname="dtht01" name="dtht01_can_handle_all_NA_values">
      <skipped message="Reason: On CRAN ('test-dtht01.R:12:3')"/>
    </testcase>
    <testcase time="0.397999999999996" classname="dtht01" name="dtht01_can_handle_some_NA_values"/>
    <testcase time="0.111999999999995" classname="dtht01" name="dtht01_can_handle_some_NA_values">
      <skipped message="Reason: On CRAN ('test-dtht01.R:27:3')"/>
    </testcase>
    <testcase time="0.528000000000006" classname="dtht01" name="dtht01_can_be_parametrize_as_expected">
      <skipped message="Reason: On CRAN ('test-dtht01.R:38:3')"/>
    </testcase>
  </testsuite>
  <testsuite name="egt03" timestamp="2023-04-25T06:31:02Z" hostname="2dbccb84fb48" tests="9" skipped="4" failures="0" errors="0" time="1.536">
    <testcase time="0.289000000000001" classname="egt03" name="egt03_1_can_handle_all_NA_values"/>
    <testcase time="0.0810000000000031" classname="egt03" name="egt03_1_can_handle_all_NA_values">
      <skipped message="Reason: On CRAN ('test-egt03.R:11:3')"/>
    </testcase>
    <testcase time="0.287999999999997" classname="egt03" name="egt03_1_can_handle_some_NA_values"/>
    <testcase time="0.102000000000004" classname="egt03" name="egt03_1_can_handle_some_NA_values">
      <skipped message="Reason: On CRAN ('test-egt03.R:29:3')"/>
    </testcase>
    <testcase time="0.283999999999992" classname="egt03" name="egt03_2_can_handle_all_NA_values"/>
    <testcase time="0.0760000000000076" classname="egt03" name="egt03_2_can_handle_all_NA_values">
      <skipped message="Reason: On CRAN ('test-egt03.R:42:3')"/>
    </testcase>
    <testcase time="0.287999999999997" classname="egt03" name="egt03_2_can_handle_some_NA_values"/>
    <testcase time="0.102999999999994" classname="egt03" name="egt03_2_can_handle_some_NA_values">
      <skipped message="Reason: On CRAN ('test-egt03.R:57:3')"/>
    </testcase>
    <testcase time="0.0250000000000057" classname="egt03" name="egt03_1_fails_on_incomplete_data"/>
  </testsuite>
  <testsuite name="egt05_qtcat" timestamp="2023-04-25T06:31:03Z" hostname="2dbccb84fb48" tests="4" skipped="2" failures="0" errors="0" time="0.95">
    <testcase time="0.0870000000000033" classname="egt05_qtcat" name="egt05_qtcat_can_handle_all_NA_values"/>
    <testcase time="0.0150000000000006" classname="egt05_qtcat" name="egt05_qtcat_can_handle_all_NA_values">
      <skipped message="Reason: On CRAN ('test-egt05_qtcat.R:11:3')"/>
    </testcase>
    <testcase time="0.600999999999999" classname="egt05_qtcat" name="egt05_qtcat_can_handle_some_NA_values"/>
    <testcase time="0.247" classname="egt05_qtcat" name="egt05_qtcat_can_handle_some_NA_values">
      <skipped message="Reason: On CRAN ('test-egt05_qtcat.R:31:3')"/>
    </testcase>
  </testsuite>
  <testsuite name="empty_report" timestamp="2023-04-25T06:31:04Z" hostname="2dbccb84fb48" tests="34" skipped="0" failures="0" errors="0" time="5.781">
    <testcase time="1.842" classname="empty_report" name="tlg_functions_return_null_reports_when_domain_table_is_empty"/>
    <testcase time="0.423999999999992" classname="empty_report" name="tlg_functions_return_null_reports_when_domain_table_is_empty"/>
    <testcase time="0.238" classname="empty_report" name="tlg_functions_return_null_reports_when_domain_table_is_empty"/>
    <testcase time="0.100000000000009" classname="empty_report" name="tlg_functions_return_null_reports_when_domain_table_is_empty"/>
    <testcase time="0.0810000000000031" classname="empty_report" name="tlg_functions_return_null_reports_when_domain_table_is_empty"/>
    <testcase time="0.100999999999999" classname="empty_report" name="tlg_functions_return_null_reports_when_domain_table_is_empty"/>
    <testcase time="0.0889999999999986" classname="empty_report" name="tlg_functions_return_null_reports_when_domain_table_is_empty"/>
    <testcase time="0.126999999999995" classname="empty_report" name="tlg_functions_return_null_reports_when_domain_table_is_empty"/>
    <testcase time="0.123000000000005" classname="empty_report" name="tlg_functions_return_null_reports_when_domain_table_is_empty"/>
    <testcase time="0.0789999999999935" classname="empty_report" name="tlg_functions_return_null_reports_when_domain_table_is_empty"/>
    <testcase time="0.0810000000000031" classname="empty_report" name="tlg_functions_return_null_reports_when_domain_table_is_empty"/>
    <testcase time="0.105000000000004" classname="empty_report" name="tlg_functions_return_null_reports_when_domain_table_is_empty"/>
    <testcase time="0.0729999999999933" classname="empty_report" name="tlg_functions_return_null_reports_when_domain_table_is_empty"/>
    <testcase time="0.192999999999998" classname="empty_report" name="tlg_functions_return_null_reports_when_domain_table_is_empty"/>
    <testcase time="0.124000000000009" classname="empty_report" name="tlg_functions_return_null_reports_when_domain_table_is_empty"/>
    <testcase time="0.219999999999999" classname="empty_report" name="tlg_functions_return_null_reports_when_domain_table_is_empty"/>
    <testcase time="0.103999999999999" classname="empty_report" name="tlg_functions_return_null_reports_when_domain_table_is_empty"/>
    <testcase time="0.0929999999999893" classname="empty_report" name="tlg_functions_return_null_reports_when_domain_table_is_empty"/>
    <testcase time="0.0380000000000109" classname="empty_report" name="tlg_functions_return_null_reports_when_domain_table_is_empty"/>
    <testcase time="0.0360000000000014" classname="empty_report" name="tlg_functions_return_null_reports_when_domain_table_is_empty"/>
    <testcase time="0.0369999999999919" classname="empty_report" name="tlg_functions_return_null_reports_when_domain_table_is_empty"/>
    <testcase time="0.0390000000000015" classname="empty_report" name="tlg_functions_return_null_reports_when_domain_table_is_empty"/>
    <testcase time="0.0750000000000028" classname="empty_report" name="tlg_functions_return_null_reports_when_domain_table_is_empty"/>
    <testcase time="0.0589999999999975" classname="empty_report" name="tlg_functions_return_null_reports_when_domain_table_is_empty"/>
    <testcase time="0.448999999999998" classname="empty_report" name="tlg_functions_return_null_reports_when_domain_table_is_empty"/>
    <testcase time="0.0649999999999977" classname="empty_report" name="tlg_functions_return_null_reports_when_domain_table_is_empty"/>
    <testcase time="0.382000000000005" classname="empty_report" name="tlg_functions_return_null_reports_when_domain_table_is_empty"/>
    <testcase time="0.100999999999999" classname="empty_report" name="tlg_functions_return_null_reports_when_domain_table_is_empty"/>
    <testcase time="0.0700000000000074" classname="empty_report" name="tlg_functions_return_null_reports_when_domain_table_is_empty"/>
    <testcase time="0.0549999999999926" classname="empty_report" name="tlg_functions_return_null_reports_when_domain_table_is_empty"/>
    <testcase time="0.054000000000002" classname="empty_report" name="tlg_functions_return_null_reports_when_domain_table_is_empty"/>
    <testcase time="0.0630000000000024" classname="empty_report" name="tlg_functions_return_null_reports_when_domain_table_is_empty"/>
    <testcase time="0.0439999999999969" classname="empty_report" name="tlg_functions_return_null_reports_when_domain_table_is_empty"/>
    <testcase time="0.0169999999999959" classname="empty_report" name="tlg_functions_return_null_reports_when_domain_table_is_empty"/>
  </testsuite>
  <testsuite name="ext01" timestamp="2023-04-25T06:31:10Z" hostname="2dbccb84fb48" tests="3" skipped="2" failures="0" errors="0" time="0.765">
    <testcase time="0.14800000000001" classname="ext01" name="ext01_works"/>
    <testcase time="0.0779999999999887" classname="ext01" name="ext01_works">
      <skipped message="Reason: On CRAN ('test-ext01.R:5:3')"/>
    </testcase>
    <testcase time="0.539000000000001" classname="ext01" name="ext02_1_works_for_selected_parameters">
      <skipped message="Reason: On CRAN ('test-ext01.R:17:3')"/>
    </testcase>
  </testsuite>
  <testsuite name="kmg01" timestamp="2023-04-25T06:31:11Z" hostname="2dbccb84fb48" tests="6" skipped="0" failures="0" errors="0" time="1.955">
    <testcase time="0.0230000000000103" classname="kmg01" name="kmg01_1_works_as_expected"/>
    <testcase time="0.448999999999998" classname="kmg01" name="kmg01_1_works_as_expected"/>
    <testcase time="0.426999999999992" classname="kmg01" name="kmg01_1_works_as_expected_with_custom_color_set"/>
    <testcase time="0.359000000000009" classname="kmg01" name="kmg01_1_works_as_expected_with_custom_color_set"/>
    <testcase time="0.35799999999999" classname="kmg01" name="kmg01_1_works_if_change_pvalue_ties_and_conf_level"/>
    <testcase time="0.338999999999999" classname="kmg01" name="kmg01_1_works_if_change_annotation_position"/>
  </testsuite>
  <testsuite name="lbt01" timestamp="2023-04-25T06:31:13Z" hostname="2dbccb84fb48" tests="2" skipped="1" failures="0" errors="0" time="1.791">
    <testcase time="1.616" classname="lbt01" name="lbt01_1_can_handle_n_0_and_outputs_NE_instead_of_infs_and_NAs"/>
    <testcase time="0.175000000000011" classname="lbt01" name="lbt01_1_can_handle_n_0_and_outputs_NE_instead_of_infs_and_NAs">
      <skipped message="Reason: On CRAN ('test-lbt01.R:10:3')"/>
    </testcase>
  </testsuite>
  <testsuite name="lbt04" timestamp="2023-04-25T06:31:15Z" hostname="2dbccb84fb48" tests="5" skipped="2" failures="0" errors="0" time="0.661">
    <testcase time="0.0929999999999893" classname="lbt04" name="lbt04_can_handle_all_NA_values"/>
    <testcase time="0.0280000000000058" classname="lbt04" name="lbt04_can_handle_all_NA_values">
      <skipped message="Reason: On CRAN ('test-lbt04.R:11:3')"/>
    </testcase>
    <testcase time="0.399000000000001" classname="lbt04" name="lbt04_can_handle_some_NA_values"/>
    <testcase time="0.108000000000004" classname="lbt04" name="lbt04_can_handle_some_NA_values">
      <skipped message="Reason: On CRAN ('test-lbt04.R:24:3')"/>
    </testcase>
    <testcase time="0.032999999999987" classname="lbt04" name="lbt04_fails_on_incomlete_date"/>
  </testsuite>
  <testsuite name="lbt05" timestamp="2023-04-25T06:31:15Z" hostname="2dbccb84fb48" tests="4" skipped="1" failures="0" errors="0" time="0.907">
    <testcase time="0.382000000000005" classname="lbt05" name="lbt05_give_all_0_count_if_ANRIND_are_all_missing"/>
    <testcase time="0.385999999999996" classname="lbt05" name="lbt05_can_handle_some_NA_values"/>
    <testcase time="0.115000000000009" classname="lbt05" name="lbt05_can_handle_some_NA_values">
      <skipped message="Reason: On CRAN ('test-lbt05.R:22:3')"/>
    </testcase>
    <testcase time="0.0240000000000009" classname="lbt05" name="lbt05_fails_on_incomlete_date"/>
  </testsuite>
  <testsuite name="lbt07" timestamp="2023-04-25T06:31:16Z" hostname="2dbccb84fb48" tests="3" skipped="1" failures="0" errors="0" time="0.794">
    <testcase time="0.573999999999998" classname="lbt07" name="lbt07_can_handle_some_NA_values"/>
    <testcase time="0.152000000000001" classname="lbt07" name="lbt07_can_handle_some_NA_values">
      <skipped message="Reason: On CRAN ('test-lbt07.R:11:3')"/>
    </testcase>
    <testcase time="0.0679999999999978" classname="lbt07" name="lbt07_fails_on_incomlete_data"/>
  </testsuite>
  <testsuite name="lbt14" timestamp="2023-04-25T06:31:17Z" hostname="2dbccb84fb48" tests="12" skipped="6" failures="0" errors="0" time="10.479">
    <testcase time="1.39700000000001" classname="lbt14" name="lbt14_1_can_handle_all_NA_values"/>
    <testcase time="0.0509999999999877" classname="lbt14" name="lbt14_1_can_handle_all_NA_values">
      <skipped message="Reason: On CRAN ('test-lbt14.R:11:3')"/>
    </testcase>
    <testcase time="1.622" classname="lbt14" name="lbt14_1_can_handle_some_NA_values"/>
    <testcase time="0.295000000000002" classname="lbt14" name="lbt14_1_can_handle_some_NA_values">
      <skipped message="Reason: On CRAN ('test-lbt14.R:30:3')"/>
    </testcase>
    <testcase time="1.712" classname="lbt14" name="lbt14_1_can_accept_different_gr_missing">
      <skipped message="Reason: On CRAN ('test-lbt14.R:36:3')"/>
    </testcase>
    <testcase time="0.0240000000000009" classname="lbt14" name="lbt14_1_fails_on_incomlete_data"/>
    <testcase time="1.414" classname="lbt14" name="lbt14_2_can_handle_all_NA_values"/>
    <testcase time="0.0529999999999973" classname="lbt14" name="lbt14_2_can_handle_all_NA_values">
      <skipped message="Reason: On CRAN ('test-lbt14.R:61:3')"/>
    </testcase>
    <testcase time="1.724" classname="lbt14" name="lbt14_2_can_handle_some_NA_values"/>
    <testcase time="0.334999999999994" classname="lbt14" name="lbt14_2_can_handle_some_NA_values">
      <skipped message="Reason: On CRAN ('test-lbt14.R:80:3')"/>
    </testcase>
    <testcase time="1.824" classname="lbt14" name="lbt14_2_can_accept_different_gr_missing">
      <skipped message="Reason: On CRAN ('test-lbt14.R:85:3')"/>
    </testcase>
    <testcase time="0.0280000000000058" classname="lbt14" name="lbt14_2_fails_on_incomlete_data"/>
  </testsuite>
  <testsuite name="mht01" timestamp="2023-04-25T06:31:28Z" hostname="2dbccb84fb48" tests="2" skipped="2" failures="0" errors="0" time="0.92">
    <testcase time="0.459999999999994" classname="mht01" name="mht01_1_works">
      <skipped message="Reason: On CRAN ('test-mht01.R:5:3')"/>
    </testcase>
    <testcase time="0.460000000000008" classname="mht01" name="mht01_1_works_on_NULL_in_lbl_mhbodsys_or_lbl_mhdecod">
      <skipped message="Reason: On CRAN ('test-mht01.R:10:3')"/>
    </testcase>
  </testsuite>
  <testsuite name="mng01" timestamp="2023-04-25T06:31:28Z" hostname="2dbccb84fb48" tests="6" skipped="0" failures="0" errors="0" time="7.848">
    <testcase time="1.31399999999999" classname="mng01" name="mng01_1_works_as_expected"/>
    <testcase time="1.29900000000001" classname="mng01" name="mng01_1_works_as_expected_with_custom_color_set"/>
    <testcase time="1.30199999999999" classname="mng01" name="mng01_1_works_as_expected_with_custom_color_set"/>
    <testcase time="1.29100000000001" classname="mng01" name="mng01_1_works_if_show_v_grid_show_h_grid_is_TRUE"/>
    <testcase time="1.298" classname="mng01" name="mng01_1_works_on_custom_color_with_named_line_col"/>
    <testcase time="1.34399999999999" classname="mng01" name="mng01_1_works_with_combination_of_x_variables"/>
  </testsuite>
  <testsuite name="pdt01" timestamp="2023-04-25T06:31:36Z" hostname="2dbccb84fb48" tests="4" skipped="2" failures="0" errors="0" time="0.635">
    <testcase time="0.117999999999995" classname="pdt01" name="pdt01_1_can_handle_all_NA_values"/>
    <testcase time="0.0470000000000113" classname="pdt01" name="pdt01_1_can_handle_all_NA_values">
      <skipped message="Reason: On CRAN ('test-pdt01.R:10:3')"/>
    </testcase>
    <testcase time="0.322999999999993" classname="pdt01" name="pdt01_1_can_handle_some_NA_values"/>
    <testcase time="0.147000000000006" classname="pdt01" name="pdt01_1_can_handle_some_NA_values">
      <skipped message="Reason: On CRAN ('test-pdt01.R:25:3')"/>
    </testcase>
  </testsuite>
  <testsuite name="pdt02" timestamp="2023-04-25T06:31:37Z" hostname="2dbccb84fb48" tests="4" skipped="2" failures="0" errors="0" time="0.472">
    <testcase time="0.156999999999996" classname="pdt02" name="pdt02_1_can_handle_all_NA_values"/>
    <testcase time="0.0439999999999969" classname="pdt02" name="pdt02_1_can_handle_all_NA_values">
      <skipped message="Reason: On CRAN ('test-pdt02.R:10:3')"/>
    </testcase>
    <testcase time="0.216000000000008" classname="pdt02" name="pdt02_1_can_handle_some_NA_values"/>
    <testcase time="0.0549999999999926" classname="pdt02" name="pdt02_1_can_handle_some_NA_values">
      <skipped message="Reason: On CRAN ('test-pdt02.R:25:3')"/>
    </testcase>
  </testsuite>
  <testsuite name="utils" timestamp="2023-04-25T06:31:37Z" hostname="2dbccb84fb48" tests="25" skipped="0" failures="0" errors="0" time="0.15">
    <testcase time="0.0190000000000055" classname="utils" name="h_format_dec_works_as_exected"/>
    <testcase time="0.00399999999999068" classname="utils" name="h_format_dec_works_as_exected"/>
    <testcase time="0.00200000000000955" classname="utils" name="h_format_dec_works_as_exected"/>
    <testcase time="0.00399999999999068" classname="utils" name="h_format_dec_works_as_exected"/>
    <testcase time="0.00200000000000955" classname="utils" name="h_format_dec_works_as_exected"/>
    <testcase time="0.00399999999999068" classname="utils" name="h_format_dec_works_as_exected"/>
    <testcase time="0.00200000000000955" classname="utils" name="h_format_dec_works_as_exected"/>
    <testcase time="0.00399999999999068" classname="utils" name="h_format_dec_works_as_exected"/>
    <testcase time="0.00200000000000955" classname="utils" name="h_format_dec_works_as_exected"/>
    <testcase time="0.00499999999999545" classname="utils" name="h_format_dec_works_as_exected"/>
    <testcase time="0.00199999999999534" classname="utils" name="h_format_dec_works_as_exected"/>
    <testcase time="0.00400000000000489" classname="utils" name="h_format_dec_works_as_exected"/>
    <testcase time="0.00799999999999557" classname="utils" name="h_format_dec_works_as_expected_with_more_than_one_value"/>
    <testcase time="0.00400000000000489" classname="utils" name="h_format_dec_works_as_expected_with_more_than_one_value"/>
    <testcase time="0.007000000000005" classname="utils" name="h_format_dec_works_returns_null_with_NA_format"/>
    <testcase time="0.00699999999999079" classname="utils" name="h_format_dec_works_as_expected_with_NA_digits"/>
    <testcase time="0.00799999999999557" classname="utils" name="h_format_dec_works_as_expected_with_NA_digits"/>
    <testcase time="0.0200000000000102" classname="utils" name="get_db_data_works"/>
    <testcase time="0.00600000000000023" classname="utils" name="get_db_data_works"/>
    <testcase time="0.00999999999999091" classname="utils" name="fuse_sequentially_works"/>
    <testcase time="0.00600000000000023" classname="utils" name="fuse_sequentially_works"/>
    <testcase time="0.007000000000005" classname="utils" name="grob_list_works"/>
    <testcase time="0.00199999999999534" classname="utils" name="grob_list_works"/>
    <testcase time="0.00500000000000966" classname="utils" name="grob_list_works"/>
    <testcase time="0.00600000000000023" classname="utils" name="grob_list_works"/>
  </testsuite>
  <testsuite name="vst02" timestamp="2023-04-25T06:31:38Z" hostname="2dbccb84fb48" tests="2" skipped="2" failures="0" errors="0" time="0.843">
    <testcase time="0.409999999999997" classname="vst02" name="vst02_1_works">
      <skipped message="Reason: On CRAN ('test-vst02.R:5:3')"/>
    </testcase>
    <testcase time="0.432999999999993" classname="vst02" name="vst02_2_works">
      <skipped message="Reason: On CRAN ('test-vst02.R:13:3')"/>
    </testcase>
  </testsuite>
</testsuites>
