<?xml version="1.0" encoding="UTF-8"?>
<testsuites>
  <testsuite name="ael01_nollt" timestamp="2023-05-08T06:20:34Z" hostname="fdead67bbfff" tests="8" skipped="4" failures="0" errors="0" time="1.498">
    <testcase time="1.06" classname="ael01_nollt" name="ael01_nollt_works_with_admh_dataset"/>
    <testcase time="0.0940000000000003" classname="ael01_nollt" name="ael01_nollt_works_with_admh_dataset">
      <skipped message="Reason: On CRAN ('test-ael01_nollt.R:7:3')"/>
    </testcase>
    <testcase time="0.048" classname="ael01_nollt" name="ael01_nollt_works_with_non_default_label"/>
    <testcase time="0.161" classname="ael01_nollt" name="ael01_nollt_works_with_non_default_label">
      <skipped message="Reason: On CRAN ('test-ael01_nollt.R:19:3')"/>
    </testcase>
    <testcase time="0.0600000000000001" classname="ael01_nollt" name="ael01_nollt_can_handle_all_missing_values"/>
    <testcase time="0.0270000000000001" classname="ael01_nollt" name="ael01_nollt_can_handle_all_missing_values">
      <skipped message="Reason: On CRAN ('test-ael01_nollt.R:32:3')"/>
    </testcase>
    <testcase time="0.0309999999999997" classname="ael01_nollt" name="ael01_nollt_can_handle_some_missing_values"/>
    <testcase time="0.0170000000000003" classname="ael01_nollt" name="ael01_nollt_can_handle_some_missing_values">
      <skipped message="Reason: On CRAN ('test-ael01_nollt.R:47:3')"/>
    </testcase>
  </testsuite>
  <testsuite name="aet01" timestamp="2023-05-08T06:20:36Z" hostname="fdead67bbfff" tests="9" skipped="4" failures="0" errors="0" time="1.54">
    <testcase time="0.442" classname="aet01" name="aet01_can_handle_all_NA_values"/>
    <testcase time="0.077" classname="aet01" name="aet01_can_handle_all_NA_values">
      <skipped message="Reason: On CRAN ('test-aet01.R:12:3')"/>
    </testcase>
    <testcase time="0.272" classname="aet01" name="aet01_can_handle_some_NA_values"/>
    <testcase time="0.0809999999999995" classname="aet01" name="aet01_can_handle_some_NA_values">
      <skipped message="Reason: On CRAN ('test-aet01.R:29:3')"/>
    </testcase>
    <testcase time="0.168" classname="aet01" name="aet01_can_use_custom_lbl_safety_var"/>
    <testcase time="0.04" classname="aet01" name="aet01_can_use_custom_lbl_safety_var">
      <skipped message="Reason: On CRAN ('test-aet01.R:35:3')"/>
    </testcase>
    <testcase time="0.115" classname="aet01" name="aet01_fails_on_incomplete_data_input"/>
    <testcase time="0.269" classname="aet01" name="aet01_can_use_custom_medconcept_var"/>
    <testcase time="0.0759999999999996" classname="aet01" name="aet01_can_use_custom_medconcept_var">
      <skipped message="Reason: On CRAN ('test-aet01.R:54:3')"/>
    </testcase>
  </testsuite>
  <testsuite name="aet01_aesi" timestamp="2023-05-08T06:20:37Z" hostname="fdead67bbfff" tests="7" skipped="3" failures="0" errors="0" time="1.229">
    <testcase time="0.297" classname="aet01_aesi" name="aet01_aesi_can_handle_all_NA_values"/>
    <testcase time="0.077" classname="aet01_aesi" name="aet01_aesi_can_handle_all_NA_values">
      <skipped message="Reason: On CRAN ('test-aet01_aesi.R:17:3')"/>
    </testcase>
    <testcase time="0.256" classname="aet01_aesi" name="aet01_aesi_can_handle_some_NA_values"/>
    <testcase time="0.0659999999999998" classname="aet01_aesi" name="aet01_aesi_can_handle_some_NA_values">
      <skipped message="Reason: On CRAN ('test-aet01_aesi.R:30:3')"/>
    </testcase>
    <testcase time="0.341" classname="aet01_aesi" name="aet01_aesi_works_with_ALL_argument"/>
    <testcase time="0.118" classname="aet01_aesi" name="aet01_aesi_works_with_ALL_argument">
      <skipped message="Reason: On CRAN ('test-aet01_aesi.R:36:3')"/>
    </testcase>
    <testcase time="0.0739999999999998" classname="aet01_aesi" name="aet01_aesi_check_fails_on_incomplete_data_input"/>
  </testsuite>
  <testsuite name="aet02" timestamp="2023-05-08T06:20:39Z" hostname="fdead67bbfff" tests="3" skipped="1" failures="0" errors="0" time="0.428">
    <testcase time="0.0489999999999995" classname="aet02" name="aet02_fails_on_incomplete_data_input"/>
    <testcase time="0.133" classname="aet02" name="aet02_handle_empty_data_input"/>
    <testcase time="0.246" classname="aet02" name="aet02_can_have_different_levels_of_row_split">
      <skipped message="Reason: On CRAN ('test-aet02.R:28:3')"/>
    </testcase>
  </testsuite>
  <testsuite name="aet03" timestamp="2023-05-08T06:20:39Z" hostname="fdead67bbfff" tests="4" skipped="2" failures="0" errors="0" time="2.627">
    <testcase time="0.45" classname="aet03" name="aet03_can_handle_NA_values"/>
    <testcase time="0.0659999999999998" classname="aet03" name="aet03_can_handle_NA_values">
      <skipped message="Reason: On CRAN ('test-aet03.R:10:3')"/>
    </testcase>
    <testcase time="1.898" classname="aet03" name="aet03_can_handle_some_NA_values"/>
    <testcase time="0.212999999999999" classname="aet03" name="aet03_can_handle_some_NA_values">
      <skipped message="Reason: On CRAN ('test-aet03.R:27:3')"/>
    </testcase>
  </testsuite>
  <testsuite name="aet04" timestamp="2023-05-08T06:20:42Z" hostname="fdead67bbfff" tests="4" skipped="2" failures="0" errors="0" time="4.347">
    <testcase time="0.588000000000001" classname="aet04" name="aet04_can_handle_NA_values"/>
    <testcase time="0.120999999999999" classname="aet04" name="aet04_can_handle_NA_values">
      <skipped message="Reason: On CRAN ('test-aet04.R:10:3')"/>
    </testcase>
    <testcase time="3.099" classname="aet04" name="aet04_can_handle_some_NA_values"/>
    <testcase time="0.539" classname="aet04" name="aet04_can_handle_some_NA_values">
      <skipped message="Reason: On CRAN ('test-aet04.R:42:3')"/>
    </testcase>
  </testsuite>
  <testsuite name="aet10" timestamp="2023-05-08T06:20:46Z" hostname="fdead67bbfff" tests="4" skipped="2" failures="0" errors="0" time="0.276">
    <testcase time="0.0820000000000007" classname="aet10" name="aet10_can_handle_NA_values"/>
    <testcase time="0.0269999999999992" classname="aet10" name="aet10_can_handle_NA_values">
      <skipped message="Reason: On CRAN ('test-aet10.R:10:3')"/>
    </testcase>
    <testcase time="0.116000000000001" classname="aet10" name="aet10_can_handle_some_NA_values"/>
    <testcase time="0.0510000000000002" classname="aet10" name="aet10_can_handle_some_NA_values">
      <skipped message="Reason: On CRAN ('test-aet10.R:24:3')"/>
    </testcase>
  </testsuite>
  <testsuite name="assertions" timestamp="2023-05-08T06:20:46Z" hostname="fdead67bbfff" tests="14" skipped="0" failures="0" errors="0" time="0.085">
    <testcase time="0.0189999999999984" classname="assertions" name="assert_colnames_works_as_expected"/>
    <testcase time="0.00600000000000023" classname="assertions" name="assert_colnames_works_as_expected"/>
    <testcase time="0.00200000000000067" classname="assertions" name="assert_colnames_works_as_expected"/>
    <testcase time="0.00500000000000078" classname="assertions" name="assert_colnames_works_as_expected"/>
    <testcase time="0.00499999999999901" classname="assertions" name="assert_one_tablenames_works_as_expected"/>
    <testcase time="0.00200000000000067" classname="assertions" name="assert_one_tablenames_works_as_expected"/>
    <testcase time="0.00499999999999901" classname="assertions" name="assert_one_tablenames_works_as_expected"/>
    <testcase time="0.00500000000000078" classname="assertions" name="assert_one_tablenames_works_as_expected"/>
    <testcase time="0.00499999999999901" classname="assertions" name="assert_all_tablenames_works_as_expected"/>
    <testcase time="0.00500000000000078" classname="assertions" name="assert_all_tablenames_works_as_expected"/>
    <testcase time="0.00600000000000023" classname="assertions" name="assert_all_tablenames_works_as_expected"/>
    <testcase time="0.00799999999999912" classname="assertions" name="assert_args_works_as_expected"/>
    <testcase time="0.00200000000000067" classname="assertions" name="assert_args_works_as_expected"/>
    <testcase time="0.00999999999999979" classname="assertions" name="assert_args_works_as_expected"/>
  </testsuite>
  <testsuite name="checks" timestamp="2023-05-08T06:20:46Z" hostname="fdead67bbfff" tests="8" skipped="0" failures="0" errors="0" time="0.032">
    <testcase time="0.0080000000000009" classname="checks" name="check_all_colnames_works_as_expected"/>
    <testcase time="0.00399999999999956" classname="checks" name="check_all_colnames_works_as_expected"/>
    <testcase time="0.00199999999999889" classname="checks" name="check_all_colnames_works_as_expected"/>
    <testcase time="0.00400000000000134" classname="checks" name="check_all_colnames_works_as_expected"/>
    <testcase time="0.00499999999999901" classname="checks" name="check_one_colnames_works_as_expected"/>
    <testcase time="0.00300000000000011" classname="checks" name="check_one_colnames_works_as_expected"/>
    <testcase time="0.00200000000000067" classname="checks" name="check_one_colnames_works_as_expected"/>
    <testcase time="0.00399999999999956" classname="checks" name="check_one_colnames_works_as_expected"/>
  </testsuite>
  <testsuite name="chevron_tlg-class" timestamp="2023-05-08T06:20:46Z" hostname="fdead67bbfff" tests="24" skipped="0" failures="0" errors="0" time="0.089">
    <testcase time="0.00999999999999979" classname="chevron_tlg_class" name="chevron_t_object_can_be_constructed_with_default_values"/>
    <testcase time="0.00399999999999956" classname="chevron_tlg_class" name="chevron_t_object_can_be_constructed_with_default_values"/>
    <testcase time="0.00500000000000078" classname="chevron_tlg_class" name="chevron_t_object_can_be_constructed_with_custom_values"/>
    <testcase time="0.00500000000000078" classname="chevron_tlg_class" name="chevron_t_object_can_be_constructed_with_custom_values"/>
    <testcase time="0.00199999999999889" classname="chevron_tlg_class" name="chevron_t_object_can_be_constructed_with_custom_values"/>
    <testcase time="0.00500000000000078" classname="chevron_tlg_class" name="chevron_t_object_can_be_constructed_with_custom_values"/>
    <testcase time="0.00499999999999901" classname="chevron_tlg_class" name="chevron_t_constructor_returns_an_error_when_expected"/>
    <testcase time="0.000999999999999446" classname="chevron_tlg_class" name="chevron_t_constructor_returns_an_error_when_expected"/>
    <testcase time="0.000999999999999446" classname="chevron_tlg_class" name="chevron_t_constructor_returns_an_error_when_expected"/>
    <testcase time="0.00100000000000122" classname="chevron_tlg_class" name="chevron_t_constructor_returns_an_error_when_expected"/>
    <testcase time="0.000999999999999446" classname="chevron_tlg_class" name="chevron_t_constructor_returns_an_error_when_expected"/>
    <testcase time="0.000999999999999446" classname="chevron_tlg_class" name="chevron_t_constructor_returns_an_error_when_expected"/>
    <testcase time="0.00699999999999967" classname="chevron_tlg_class" name="chevron_l_object_can_be_constructed_with_default_values"/>
    <testcase time="0.00400000000000134" classname="chevron_tlg_class" name="chevron_l_object_can_be_constructed_with_default_values"/>
    <testcase time="0.00599999999999845" classname="chevron_tlg_class" name="chevron_g_object_can_be_constructed_with_custom_values"/>
    <testcase time="0.0130000000000017" classname="chevron_tlg_class" name="chevron_g_object_can_be_constructed_with_custom_values"/>
    <testcase time="0.00199999999999889" classname="chevron_tlg_class" name="chevron_g_object_can_be_constructed_with_custom_values"/>
    <testcase time="0.00500000000000078" classname="chevron_tlg_class" name="chevron_g_object_can_be_constructed_with_custom_values"/>
    <testcase time="0.00500000000000078" classname="chevron_tlg_class" name="chevron_g_constructor_returns_an_error_when_expected"/>
    <testcase time="0.000999999999999446" classname="chevron_tlg_class" name="chevron_g_constructor_returns_an_error_when_expected"/>
    <testcase time="0.00200000000000067" classname="chevron_tlg_class" name="chevron_g_constructor_returns_an_error_when_expected"/>
    <testcase time="0.000999999999999446" classname="chevron_tlg_class" name="chevron_g_constructor_returns_an_error_when_expected"/>
    <testcase time="0.000999999999999446" classname="chevron_tlg_class" name="chevron_g_constructor_returns_an_error_when_expected"/>
    <testcase time="0.000999999999999446" classname="chevron_tlg_class" name="chevron_g_constructor_returns_an_error_when_expected"/>
  </testsuite>
  <testsuite name="chevron_tlg-methods" timestamp="2023-05-08T06:20:46Z" hostname="fdead67bbfff" tests="46" skipped="4" failures="6" errors="0" time="3.752">
    <testcase time="2.92" classname="chevron_tlg_methods" name="run_works_as_expected_for_chevron_t_object">
      <skipped message="Reason: On CRAN ('test-chevron_tlg-methods.R:5:3')"/>
    </testcase>
    <testcase time="0.0169999999999995" classname="chevron_tlg_methods" name="run_returns_a_warning_if_provided_with_invalid_arguments"/>
    <testcase time="0.446999999999999" classname="chevron_tlg_methods" name="run_works_as_expected_for_chevron_t_object_when_auto_pre_FALSE">
      <skipped message="Reason: On CRAN ('test-chevron_tlg-methods.R:17:3')"/>
    </testcase>
    <testcase time="0.0139999999999993" classname="chevron_tlg_methods" name="args_ls_works_as_expected"/>
    <testcase time="0.00200000000000244" classname="chevron_tlg_methods" name="args_ls_works_as_expected"/>
    <testcase time="0.000999999999997669" classname="chevron_tlg_methods" name="args_ls_works_as_expected"/>
    <testcase time="0.00500000000000256" classname="chevron_tlg_methods" name="args_ls_works_as_expected_when_simplify_is_TRUE"/>
    <testcase time="0.00399999999999778" classname="chevron_tlg_methods" name="args_ls_works_as_expected_when_simplify_is_TRUE">
      <failure type="failure" message="Check on 'res' failed: Must have length 10, but has length 7 ('test-chevron_tlg-methods.R:30:3')">Check on 'res' failed: Must have length 10, but has length 7
Backtrace:
 1. checkmate::expect_list(res, len = 10, names = "named")
      at test-chevron_tlg-methods.R:30:2
 2. checkmate::makeExpectation(x, res, info, label)</failure>
    </testcase>
    <testcase time="0.0210000000000008" classname="chevron_tlg_methods" name="args_ls_works_as_expected_when_simplify_is_TRUE">
      <failure type="failure" message="Check on 'names(res)' failed: Names must be a identical to set {'adam_db','arm_var','lbl_overall','lbl_aebodsys','lbl_aedecod','grade_groups','deco','...','tlg','prune_0'}, but is {'adam_db','arm_var','lbl_overall','grade_groups','...','tlg','prune_0'} ('test-chevron_tlg-methods.R:31:3')">Check on 'names(res)' failed: Names must be a identical to set {'adam_db','arm_var','lbl_overall','lbl_aebodsys','lbl_aedecod','grade_groups','deco','...','tlg','prune_0'}, but is {'adam_db','arm_var','lbl_overall','grade_groups','...','tlg','prune_0'}
Backtrace:
 1. checkmate::expect_names(...)
      at test-chevron_tlg-methods.R:31:2
 2. checkmate::makeExpectation(x, res, info, label)</failure>
    </testcase>
    <testcase time="0.0289999999999999" classname="chevron_tlg_methods" name="args_ls_works_as_expected_with_custom_chevron_tlg_object"/>
    <testcase time="0.00499999999999901" classname="chevron_tlg_methods" name="args_ls_works_as_expected_with_custom_chevron_tlg_object">
      <failure type="failure" message="Check on 'res' failed: Must have length 11, but has length 8 ('test-chevron_tlg-methods.R:47:3')">Check on 'res' failed: Must have length 11, but has length 8
Backtrace:
 1. checkmate::expect_list(res, len = 11, names = "named")
      at test-chevron_tlg-methods.R:47:2
 2. checkmate::makeExpectation(x, res, info, label)</failure>
    </testcase>
    <testcase time="0.0180000000000007" classname="chevron_tlg_methods" name="args_ls_works_as_expected_with_custom_chevron_tlg_object">
      <failure type="failure" message="Check on 'names(res)' failed: Names must be a identical to set {'adam_db','arm_var','lbl_overall','lbl_aebodsys','lbl_aedecod','grade_groups','deco','...','new_arg','tlg','prune_0'}, but is {'adam_db','arm_var','lbl_overall','grade_groups','...','new_arg','tlg','prune_0'} ('test-chevron_tlg-methods.R:48:3')">Check on 'names(res)' failed: Names must be a identical to set {'adam_db','arm_var','lbl_overall','lbl_aebodsys','lbl_aedecod','grade_groups','deco','...','new_arg','tlg','prune_0'}, but is {'adam_db','arm_var','lbl_overall','grade_groups','...','new_arg','tlg','prune_0'}
Backtrace:
 1. checkmate::expect_names(...)
      at test-chevron_tlg-methods.R:48:2
 2. checkmate::makeExpectation(x, res, info, label)</failure>
    </testcase>
    <testcase time="0.0180000000000007" classname="chevron_tlg_methods" name="args_ls_works_as_expected_with_custom_chevron_tlg_object"/>
    <testcase time="0.0069999999999979" classname="chevron_tlg_methods" name="main_works_as_expected"/>
    <testcase time="0.00900000000000034" classname="chevron_tlg_methods" name="get_main_works_as_expected"/>
    <testcase time="0.00400000000000134" classname="chevron_tlg_methods" name="get_main_works_as_expected"/>
    <testcase time="0.00799999999999912" classname="chevron_tlg_methods" name="main_setter_works_as_expected"/>
    <testcase time="0.0120000000000005" classname="chevron_tlg_methods" name="main_setter_throw_an_error_as_expected"/>
    <testcase time="0.00600000000000023" classname="chevron_tlg_methods" name="preprocess_works_as_expected"/>
    <testcase time="0.00900000000000034" classname="chevron_tlg_methods" name="get_preprocess_works_as_expected"/>
    <testcase time="0.00399999999999778" classname="chevron_tlg_methods" name="get_preprocess_works_as_expected"/>
    <testcase time="0.00700000000000145" classname="chevron_tlg_methods" name="preprocess_setter_works_as_expected"/>
    <testcase time="0.0120000000000005" classname="chevron_tlg_methods" name="preprocess_sends_an_error_as_expected"/>
    <testcase time="0.0069999999999979" classname="chevron_tlg_methods" name="postprocess_works_as_expected"/>
    <testcase time="0.00900000000000034" classname="chevron_tlg_methods" name="get_postprocess_works_as_expected"/>
    <testcase time="0.00300000000000011" classname="chevron_tlg_methods" name="get_postprocess_works_as_expected"/>
    <testcase time="0.00700000000000145" classname="chevron_tlg_methods" name="postprocess_setter_works_as_expected"/>
    <testcase time="0.0119999999999969" classname="chevron_tlg_methods" name="postprocess_sends_an_error_as_expected"/>
    <testcase time="0.00700000000000145" classname="chevron_tlg_methods" name="datasets_works_as_expected"/>
    <testcase time="0.00900000000000034" classname="chevron_tlg_methods" name="get_adam_datasets_works_as_expected"/>
    <testcase time="0.00400000000000134" classname="chevron_tlg_methods" name="get_adam_datasets_works_as_expected"/>
    <testcase time="0.0069999999999979" classname="chevron_tlg_methods" name="datasets_setter_works_as_expected"/>
    <testcase time="0.00499999999999901" classname="chevron_tlg_methods" name="script_works_as_expected"/>
    <testcase time="0.00499999999999901" classname="chevron_tlg_methods" name="script_works_as_expected">
      <failure type="failure" message="Check on 'res' failed: Must have length 7, but has length 4 ('test-chevron_tlg-methods.R:186:3')">Check on 'res' failed: Must have length 7, but has length 4
Backtrace:
 1. checkmate::expect_character(res, len = 7)
      at test-chevron_tlg-methods.R:186:2
 2. checkmate::makeExpectation(x, res, info, label)</failure>
    </testcase>
    <testcase time="0.0150000000000006" classname="chevron_tlg_methods" name="script_works_as_expected"/>
    <testcase time="0.00600000000000023" classname="chevron_tlg_methods" name="script_works_as_expected_with_dictionary_of_arguments"/>
    <testcase time="0.00499999999999901" classname="chevron_tlg_methods" name="script_works_as_expected_with_dictionary_of_arguments">
      <failure type="failure" message="Check on 'res' failed: Must have length 8, but has length 5 ('test-chevron_tlg-methods.R:192:3')">Check on 'res' failed: Must have length 8, but has length 5
Backtrace:
 1. checkmate::expect_character(res, len = 8)
      at test-chevron_tlg-methods.R:192:2
 2. checkmate::makeExpectation(x, res, info, label)</failure>
    </testcase>
    <testcase time="0.0150000000000006" classname="chevron_tlg_methods" name="script_works_as_expected_with_dictionary_of_arguments"/>
    <testcase time="0.00100000000000122" classname="chevron_tlg_methods" name="script_works_as_expected_with_dictionary_of_arguments"/>
    <testcase time="0.00499999999999901" classname="chevron_tlg_methods" name="script_funs_works_as_expected_in_interactive_mode">
      <skipped message="Reason: !interactive() is TRUE ('test-chevron_tlg-methods.R:200:3')"/>
    </testcase>
    <testcase time="0.0229999999999997" classname="chevron_tlg_methods" name="script_funs_works_as_expected_in_non_interactive_mode"/>
    <testcase time="0.00500000000000256" classname="chevron_tlg_methods" name="script_funs_works_as_expected_in_non_interactive_mode">
      <skipped message="Reason: On CRAN ('test-chevron_tlg-methods.R:208:3')"/>
    </testcase>
    <testcase time="0.0139999999999993" classname="chevron_tlg_methods" name="script_funs_works_as_expected"/>
    <testcase time="0.00199999999999889" classname="chevron_tlg_methods" name="script_funs_works_as_expected"/>
    <testcase time="0.00600000000000023" classname="chevron_tlg_methods" name="script_funs_works_as_expected_with_details_set_to_TRUE"/>
    <testcase time="0.00100000000000122" classname="chevron_tlg_methods" name="script_funs_works_as_expected_with_details_set_to_TRUE"/>
  </testsuite>
  <testsuite name="cmt01a" timestamp="2023-05-08T06:20:50Z" hostname="fdead67bbfff" tests="12" skipped="6" failures="0" errors="0" time="3.05">
    <testcase time="0.157999999999998" classname="cmt01a" name="cmt01a_can_handle_all_NA_values"/>
    <testcase time="0.0390000000000015" classname="cmt01a" name="cmt01a_can_handle_all_NA_values">
      <skipped message="Reason: On CRAN ('test-cmt01a.R:10:3')"/>
    </testcase>
    <testcase time="0.677999999999997" classname="cmt01a" name="cmt01a_can_handle_some_NA_values"/>
    <testcase time="0.177" classname="cmt01a" name="cmt01a_can_handle_some_NA_values">
      <skipped message="Reason: On CRAN ('test-cmt01a.R:25:3')"/>
    </testcase>
    <testcase time="0.155000000000001" classname="cmt01a" name="cmt01a_2_can_handle_all_NA_values"/>
    <testcase time="0.0500000000000007" classname="cmt01a" name="cmt01a_2_can_handle_all_NA_values">
      <skipped message="Reason: On CRAN ('test-cmt01a.R:37:3')"/>
    </testcase>
    <testcase time="0.652999999999999" classname="cmt01a" name="cmt01a_2_can_handle_some_NA_values"/>
    <testcase time="0.173999999999999" classname="cmt01a" name="cmt01a_2_can_handle_some_NA_values">
      <skipped message="Reason: On CRAN ('test-cmt01a.R:52:3')"/>
    </testcase>
    <testcase time="0.154" classname="cmt01a" name="cmt01a_3_can_handle_all_NA_values"/>
    <testcase time="0.049000000000003" classname="cmt01a" name="cmt01a_3_can_handle_all_NA_values">
      <skipped message="Reason: On CRAN ('test-cmt01a.R:64:3')"/>
    </testcase>
    <testcase time="0.614999999999998" classname="cmt01a" name="cmt01a_3_can_handle_some_NA_values"/>
    <testcase time="0.148" classname="cmt01a" name="cmt01a_3_can_handle_some_NA_values">
      <skipped message="Reason: On CRAN ('test-cmt01a.R:79:3')"/>
    </testcase>
  </testsuite>
  <testsuite name="cmt02_pt" timestamp="2023-05-08T06:20:53Z" hostname="fdead67bbfff" tests="4" skipped="2" failures="0" errors="0" time="0.388">
    <testcase time="0.125999999999998" classname="cmt02_pt" name="cmt02_pt_1_can_handle_all_NA_values"/>
    <testcase time="0.032" classname="cmt02_pt" name="cmt02_pt_1_can_handle_all_NA_values">
      <skipped message="Reason: On CRAN ('test-cmt02_pt.R:10:3')"/>
    </testcase>
    <testcase time="0.169" classname="cmt02_pt" name="cmt02_pt_1_can_handle_some_NA_values"/>
    <testcase time="0.0609999999999999" classname="cmt02_pt" name="cmt02_pt_1_can_handle_some_NA_values">
      <skipped message="Reason: On CRAN ('test-cmt02_pt.R:25:3')"/>
    </testcase>
  </testsuite>
  <testsuite name="default_tlg" timestamp="2023-05-08T06:20:54Z" hostname="fdead67bbfff" tests="38" skipped="38" failures="0" errors="0" time="36.795">
    <testcase time="0.0700000000000003" classname="default_tlg" name="ael01_nollt_function_with_default_argument_value_return_expected_result_with_test_data">
      <skipped message="Reason: On CRAN ('test-default_tlg.R:5:3')"/>
    </testcase>
    <testcase time="0.324000000000002" classname="default_tlg" name="aet01_function_with_default_argument_value_return_expected_result_with_test_data">
      <skipped message="Reason: On CRAN ('test-default_tlg.R:12:3')"/>
    </testcase>
    <testcase time="0.314" classname="default_tlg" name="aet01_aesi_function_with_default_argument_value_return_expected_result_with_test_data">
      <skipped message="Reason: On CRAN ('test-default_tlg.R:19:3')"/>
    </testcase>
    <testcase time="0.785" classname="default_tlg" name="aet02_functions_with_default_argument_value_return_expected_result_with_test_data">
      <skipped message="Reason: On CRAN ('test-default_tlg.R:26:3')"/>
    </testcase>
    <testcase time="2.046" classname="default_tlg" name="aet03_functions_with_default_argument_value_return_expected_result_with_test_data">
      <skipped message="Reason: On CRAN ('test-default_tlg.R:33:3')"/>
    </testcase>
    <testcase time="3.109" classname="default_tlg" name="aet04_functions_with_default_argument_value_return_expected_result_with_test_data">
      <skipped message="Reason: On CRAN ('test-default_tlg.R:40:3')"/>
    </testcase>
    <testcase time="0.169" classname="default_tlg" name="aet10_functions_with_default_argument_value_return_expected_result_with_test_data">
      <skipped message="Reason: On CRAN ('test-default_tlg.R:47:3')"/>
    </testcase>
    <testcase time="0.794" classname="default_tlg" name="cmt01a_1_functions_with_default_argument_value_return_expected_result_with_test_data">
      <skipped message="Reason: On CRAN ('test-default_tlg.R:54:3')"/>
    </testcase>
    <testcase time="0.778000000000002" classname="default_tlg" name="cmt01a_2_functions_with_default_argument_value_return_expected_result_with_test_data">
      <skipped message="Reason: On CRAN ('test-default_tlg.R:61:3')"/>
    </testcase>
    <testcase time="0.722999999999999" classname="default_tlg" name="cmt01a_3_functions_with_default_argument_value_return_expected_result_with_test_data">
      <skipped message="Reason: On CRAN ('test-default_tlg.R:68:3')"/>
    </testcase>
    <testcase time="0.224999999999998" classname="default_tlg" name="cmt02_pt_1_functions_with_default_argument_value_return_expected_result_with_test_data">
      <skipped message="Reason: On CRAN ('test-default_tlg.R:75:3')"/>
    </testcase>
    <testcase time="0.447000000000003" classname="default_tlg" name="dmt01_1_functions_with_default_argument_value_return_expected_result_with_test_data">
      <skipped message="Reason: On CRAN ('test-default_tlg.R:82:3')"/>
    </testcase>
    <testcase time="0.365999999999996" classname="default_tlg" name="dst01_1_functions_with_default_argument_value_return_expected_result_with_test_data">
      <skipped message="Reason: On CRAN ('test-default_tlg.R:89:3')"/>
    </testcase>
    <testcase time="0.497" classname="default_tlg" name="dst01_2_functions_with_default_argument_value_return_expected_result_with_test_data">
      <skipped message="Reason: On CRAN ('test-default_tlg.R:96:3')"/>
    </testcase>
    <testcase time="0.679000000000002" classname="default_tlg" name="dst01_3_functions_with_default_argument_value_return_expected_result_with_test_data">
      <skipped message="Reason: On CRAN ('test-default_tlg.R:103:3')"/>
    </testcase>
    <testcase time="0.158999999999999" classname="default_tlg" name="dtht01_1_functions_with_default_argument_value_return_expected_result_with_test_data">
      <skipped message="Reason: On CRAN ('test-default_tlg.R:110:3')"/>
    </testcase>
    <testcase time="2.834" classname="default_tlg" name="egt01_1_functions_with_default_argument_value_return_expected_result_with_test_data">
      <skipped message="Reason: On CRAN ('test-default_tlg.R:117:3')"/>
    </testcase>
    <testcase time="0.274999999999999" classname="default_tlg" name="egt02_1_functions_with_default_argument_value_return_expected_result_with_test_data">
      <skipped message="Reason: On CRAN ('test-default_tlg.R:124:3')"/>
    </testcase>
    <testcase time="0.228000000000002" classname="default_tlg" name="egt02_2_functions_with_default_argument_value_return_expected_result_with_test_data">
      <skipped message="Reason: On CRAN ('test-default_tlg.R:131:3')"/>
    </testcase>
    <testcase time="0.369" classname="default_tlg" name="egt03_1_functions_with_default_argument_value_return_expected_result_with_test_data">
      <skipped message="Reason: On CRAN ('test-default_tlg.R:138:3')"/>
    </testcase>
    <testcase time="0.347000000000001" classname="default_tlg" name="egt03_2_functions_with_default_argument_value_return_expected_result_with_test_data">
      <skipped message="Reason: On CRAN ('test-default_tlg.R:145:3')"/>
    </testcase>
    <testcase time="0.811999999999998" classname="default_tlg" name="egt05_qtcat_1_functions_with_default_argument_value_return_expected_result_with_test_data">
      <skipped message="Reason: On CRAN ('test-default_tlg.R:152:3')"/>
    </testcase>
    <testcase time="0.212000000000003" classname="default_tlg" name="ext01_1_functions_with_default_argument_value_return_expected_result_with_test_data">
      <skipped message="Reason: On CRAN ('test-default_tlg.R:159:3')"/>
    </testcase>
    <testcase time="0.232999999999997" classname="default_tlg" name="ext01_2_functions_with_default_argument_value_return_expected_result_with_test_data">
      <skipped message="Reason: On CRAN ('test-default_tlg.R:167:3')"/>
    </testcase>
    <testcase time="1.934" classname="default_tlg" name="lbt01_1_functions_with_default_argument_value_return_expected_result_with_test_data">
      <skipped message="Reason: On CRAN ('test-default_tlg.R:174:3')"/>
    </testcase>
    <testcase time="0.539000000000001" classname="default_tlg" name="lbt04_1_functions_with_default_argument_value_return_expected_result_with_test_data">
      <skipped message="Reason: On CRAN ('test-default_tlg.R:181:3')"/>
    </testcase>
    <testcase time="0.581000000000003" classname="default_tlg" name="lbt05_1_functions_with_default_argument_value_return_expected_result_with_test_data">
      <skipped message="Reason: On CRAN ('test-default_tlg.R:188:3')"/>
    </testcase>
    <testcase time="0.786000000000001" classname="default_tlg" name="lbt07_1_functions_with_default_argument_value_return_expected_result_with_test_data">
      <skipped message="Reason: On CRAN ('test-default_tlg.R:195:3')"/>
    </testcase>
    <testcase time="1.744" classname="default_tlg" name="lbt14_1_functions_with_default_argument_value_return_expected_result_with_test_data">
      <skipped message="Reason: On CRAN ('test-default_tlg.R:202:3')"/>
    </testcase>
    <testcase time="1.855" classname="default_tlg" name="lbt14_2_functions_with_default_argument_value_return_expected_result_with_test_data">
      <skipped message="Reason: On CRAN ('test-default_tlg.R:209:3')"/>
    </testcase>
    <testcase time="0.405999999999999" classname="default_tlg" name="mht01_1_functions_with_default_argument_value_return_expected_result_with_test_data">
      <skipped message="Reason: On CRAN ('test-default_tlg.R:216:3')"/>
    </testcase>
    <testcase time="0.353000000000002" classname="default_tlg" name="pdt01_1_function_with_default_argument_value_return_expected_result_with_test_data">
      <skipped message="Reason: On CRAN ('test-default_tlg.R:223:3')"/>
    </testcase>
    <testcase time="0.179000000000002" classname="default_tlg" name="pdt02_1_function_with_default_argument_value_return_expected_result_with_test_data">
      <skipped message="Reason: On CRAN ('test-default_tlg.R:230:3')"/>
    </testcase>
    <testcase time="0.175999999999995" classname="default_tlg" name="rmpt01_1_function_with_default_argument_value_return_expected_result_with_test_data">
      <skipped message="Reason: On CRAN ('test-default_tlg.R:237:3')"/>
    </testcase>
    <testcase time="5.27500000000001" classname="default_tlg" name="vst01_1_functions_with_default_argument_value_return_expected_result_with_test_data">
      <skipped message="Reason: On CRAN ('test-default_tlg.R:244:3')"/>
    </testcase>
    <testcase time="5.387" classname="default_tlg" name="vst01_1_functions_with_default_argument_value_return_expected_result_with_test_data">
      <skipped message="Reason: On CRAN ('test-default_tlg.R:251:3')"/>
    </testcase>
    <testcase time="0.384999999999998" classname="default_tlg" name="vst02_1_functions_with_default_argument_value_return_expected_result_with_test_data">
      <skipped message="Reason: On CRAN ('test-default_tlg.R:258:3')"/>
    </testcase>
    <testcase time="0.399999999999999" classname="default_tlg" name="vst02_2_functions_with_default_argument_value_return_expected_result_with_test_data">
      <skipped message="Reason: On CRAN ('test-default_tlg.R:265:3')"/>
    </testcase>
  </testsuite>
  <testsuite name="dmt01" timestamp="2023-05-08T06:21:30Z" hostname="fdead67bbfff" tests="4" skipped="2" failures="0" errors="0" time="0.832">
    <testcase time="0.295000000000002" classname="dmt01" name="dmt01_1_can_handle_NA_values"/>
    <testcase time="0.0840000000000032" classname="dmt01" name="dmt01_1_can_handle_NA_values">
      <skipped message="Reason: On CRAN ('test-dmt01.R:10:3')"/>
    </testcase>
    <testcase time="0.342999999999996" classname="dmt01" name="dmt01_1_can_handle_some_NA_values"/>
    <testcase time="0.109999999999999" classname="dmt01" name="dmt01_1_can_handle_some_NA_values">
      <skipped message="Reason: On CRAN ('test-dmt01.R:22:3')"/>
    </testcase>
  </testsuite>
  <testsuite name="dst01" timestamp="2023-05-08T06:21:31Z" hostname="fdead67bbfff" tests="26" skipped="13" failures="0" errors="0" time="5.273">
    <testcase time="0.241" classname="dst01" name="dst01_can_handle_all_NA_values"/>
    <testcase time="0.0300000000000011" classname="dst01" name="dst01_can_handle_all_NA_values">
      <skipped message="Reason: On CRAN ('test-dst01.R:12:3')"/>
    </testcase>
    <testcase time="0.255000000000003" classname="dst01" name="dst01_1_can_handle_all_NA_values_in_disc_reason_var"/>
    <testcase time="0.0559999999999974" classname="dst01" name="dst01_1_can_handle_all_NA_values_in_disc_reason_var">
      <skipped message="Reason: On CRAN ('test-dst01.R:23:3')"/>
    </testcase>
    <testcase time="0.289000000000001" classname="dst01" name="dst01_1_can_handle_some_NA_values"/>
    <testcase time="0.0640000000000001" classname="dst01" name="dst01_1_can_handle_some_NA_values">
      <skipped message="Reason: On CRAN ('test-dst01.R:35:3')"/>
    </testcase>
    <testcase time="0.268000000000001" classname="dst01" name="dst01_1_can_handle_missing_levels_in_status_var"/>
    <testcase time="0.0360000000000014" classname="dst01" name="dst01_1_can_handle_missing_levels_in_status_var">
      <skipped message="Reason: On CRAN ('test-dst01.R:46:3')"/>
    </testcase>
    <testcase time="0.25" classname="dst01" name="dst01_1_can_handle_missing_levels_in_disc_reason_var"/>
    <testcase time="0.0599999999999952" classname="dst01" name="dst01_1_can_handle_missing_levels_in_disc_reason_var">
      <skipped message="Reason: On CRAN ('test-dst01.R:57:3')"/>
    </testcase>
    <testcase time="0.199000000000005" classname="dst01" name="dst01_2_can_handle_all_NA_values"/>
    <testcase time="0.0429999999999993" classname="dst01" name="dst01_2_can_handle_all_NA_values">
      <skipped message="Reason: On CRAN ('test-dst01.R:72:3')"/>
    </testcase>
    <testcase time="0.210000000000001" classname="dst01" name="dst01_2_can_handle_all_NA_values_in_disc_reason_var"/>
    <testcase time="0.0559999999999974" classname="dst01" name="dst01_2_can_handle_all_NA_values_in_disc_reason_var">
      <skipped message="Reason: On CRAN ('test-dst01.R:83:3')"/>
    </testcase>
    <testcase time="0.403999999999996" classname="dst01" name="dst01_2_can_handle_some_NA_values"/>
    <testcase time="0.0890000000000057" classname="dst01" name="dst01_2_can_handle_some_NA_values">
      <skipped message="Reason: On CRAN ('test-dst01.R:95:3')"/>
    </testcase>
    <testcase time="0.278999999999996" classname="dst01" name="dst01_2_can_handle_missing_levels_in_disc_reason_var"/>
    <testcase time="0.0480000000000018" classname="dst01" name="dst01_2_can_handle_missing_levels_in_disc_reason_var">
      <skipped message="Reason: On CRAN ('test-dst01.R:106:3')"/>
    </testcase>
    <testcase time="0.372" classname="dst01" name="dst01_3_can_handle_all_NA_values"/>
    <testcase time="0.0300000000000011" classname="dst01" name="dst01_3_can_handle_all_NA_values">
      <skipped message="Reason: On CRAN ('test-dst01.R:121:3')"/>
    </testcase>
    <testcase time="0.559999999999995" classname="dst01" name="dst01_3_can_handle_all_NA_values_in_status_treatment_var"/>
    <testcase time="0.0910000000000011" classname="dst01" name="dst01_3_can_handle_all_NA_values_in_status_treatment_var">
      <skipped message="Reason: On CRAN ('test-dst01.R:132:3')"/>
    </testcase>
    <testcase time="0.571999999999996" classname="dst01" name="dst01_3_can_handle_some_NA_values_in_status_treatment_var"/>
    <testcase time="0.104000000000013" classname="dst01" name="dst01_3_can_handle_some_NA_values_in_status_treatment_var">
      <skipped message="Reason: On CRAN ('test-dst01.R:143:3')"/>
    </testcase>
    <testcase time="0.586999999999989" classname="dst01" name="dst01_3_can_handle_missing_levels_in_status_treatment_var"/>
    <testcase time="0.0799999999999983" classname="dst01" name="dst01_3_can_handle_missing_levels_in_status_treatment_var">
      <skipped message="Reason: On CRAN ('test-dst01.R:154:3')"/>
    </testcase>
  </testsuite>
  <testsuite name="dtht01" timestamp="2023-05-08T06:21:37Z" hostname="fdead67bbfff" tests="5" skipped="3" failures="0" errors="0" time="1.351">
    <testcase time="0.303000000000011" classname="dtht01" name="dtht01_can_handle_all_NA_values"/>
    <testcase time="0.0569999999999879" classname="dtht01" name="dtht01_can_handle_all_NA_values">
      <skipped message="Reason: On CRAN ('test-dtht01.R:12:3')"/>
    </testcase>
    <testcase time="0.38000000000001" classname="dtht01" name="dtht01_can_handle_some_NA_values"/>
    <testcase time="0.12299999999999" classname="dtht01" name="dtht01_can_handle_some_NA_values">
      <skipped message="Reason: On CRAN ('test-dtht01.R:27:3')"/>
    </testcase>
    <testcase time="0.488" classname="dtht01" name="dtht01_can_be_parametrize_as_expected">
      <skipped message="Reason: On CRAN ('test-dtht01.R:38:3')"/>
    </testcase>
  </testsuite>
  <testsuite name="egt03" timestamp="2023-05-08T06:21:38Z" hostname="fdead67bbfff" tests="9" skipped="4" failures="0" errors="0" time="1.446">
    <testcase time="0.272000000000006" classname="egt03" name="egt03_1_can_handle_all_NA_values"/>
    <testcase time="0.0730000000000075" classname="egt03" name="egt03_1_can_handle_all_NA_values">
      <skipped message="Reason: On CRAN ('test-egt03.R:11:3')"/>
    </testcase>
    <testcase time="0.268000000000001" classname="egt03" name="egt03_1_can_handle_some_NA_values"/>
    <testcase time="0.0969999999999942" classname="egt03" name="egt03_1_can_handle_some_NA_values">
      <skipped message="Reason: On CRAN ('test-egt03.R:29:3')"/>
    </testcase>
    <testcase time="0.271000000000001" classname="egt03" name="egt03_2_can_handle_all_NA_values"/>
    <testcase time="0.0739999999999981" classname="egt03" name="egt03_2_can_handle_all_NA_values">
      <skipped message="Reason: On CRAN ('test-egt03.R:42:3')"/>
    </testcase>
    <testcase time="0.269999999999996" classname="egt03" name="egt03_2_can_handle_some_NA_values"/>
    <testcase time="0.0969999999999942" classname="egt03" name="egt03_2_can_handle_some_NA_values">
      <skipped message="Reason: On CRAN ('test-egt03.R:57:3')"/>
    </testcase>
    <testcase time="0.0240000000000009" classname="egt03" name="egt03_1_fails_on_incomplete_data"/>
  </testsuite>
  <testsuite name="egt05_qtcat" timestamp="2023-05-08T06:21:39Z" hostname="fdead67bbfff" tests="4" skipped="2" failures="0" errors="0" time="0.932">
    <testcase time="0.0810000000000031" classname="egt05_qtcat" name="egt05_qtcat_can_handle_all_NA_values"/>
    <testcase time="0.0139999999999958" classname="egt05_qtcat" name="egt05_qtcat_can_handle_all_NA_values">
      <skipped message="Reason: On CRAN ('test-egt05_qtcat.R:11:3')"/>
    </testcase>
    <testcase time="0.600000000000009" classname="egt05_qtcat" name="egt05_qtcat_can_handle_some_NA_values"/>
    <testcase time="0.236999999999995" classname="egt05_qtcat" name="egt05_qtcat_can_handle_some_NA_values">
      <skipped message="Reason: On CRAN ('test-egt05_qtcat.R:31:3')"/>
    </testcase>
  </testsuite>
  <testsuite name="empty_report" timestamp="2023-05-08T06:21:40Z" hostname="fdead67bbfff" tests="31" skipped="0" failures="1" errors="0" time="6.614">
    <testcase time="1.703" classname="empty_report" name="tlg_functions_return_null_reports_when_domain_table_is_empty"/>
    <testcase time="0.222999999999999" classname="empty_report" name="tlg_functions_return_null_reports_when_domain_table_is_empty"/>
    <testcase time="0.0960000000000036" classname="empty_report" name="tlg_functions_return_null_reports_when_domain_table_is_empty"/>
    <testcase time="0.119" classname="empty_report" name="tlg_functions_return_null_reports_when_domain_table_is_empty"/>
    <testcase time="1.31999999999999" classname="empty_report" name="tlg_functions_return_null_reports_when_domain_table_is_empty">
      <failure type="failure" message="`res` (`actual`) not identical to `empty_report` (`expected`). ('test-empty_report.R:33:3')">`res` (`actual`) not identical to `empty_report` (`expected`).

`actual@content@labelrow@col_info@tree_layout@display_columncounts`:   TRUE 
`expected@content@labelrow@col_info@tree_layout@display_columncounts`: FALSE

is(actual@content@labelrow@col_info@tree_layout@split) vs is(expected@content@labelrow@col_info@tree_layout@split)
- "VarLevelSplit"
- "CustomizableSplit"
+ "AllSplit"
  "Split"

`actual@content@labelrow@col_info@tree_layout@split@value_label_var` is a character vector ('ACTARM')
`expected@content@labelrow@col_info@tree_layout@split@value_label_var` is absent

`actual@content@labelrow@col_info@tree_layout@split@value_order` is a character vector ('A: Drug X', 'B: Placebo', 'C: Combination')
`expected@content@labelrow@col_info@tree_layout@split@value_order` is absent

`actual@content@labelrow@col_info@tree_layout@split@split_fun` is NULL
`expected@content@labelrow@col_info@tree_layout@split@split_fun` is absent

`actual@content@labelrow@col_info@tree_layout@split@payload` is a character vector ('ACTARM')
`expected@content@labelrow@col_info@tree_layout@split@payload` is NULL

`actual@content@labelrow@col_info@tree_layout@split@name`:   "ACTARM" 
`expected@content@labelrow@col_info@tree_layout@split@name`: "all obs"

`actual@content@labelrow@col_info@tree_layout@split@split_label`:   "ACTARM"
`expected@content@labelrow@col_info@tree_layout@split@split_label`: ""      

actual@content@labelrow@col_info@tree_layout@split@split_label_position vs expected@content@labelrow@col_info@tree_layout@split@split_label_position
- "topleft"
- "hidden"
- "visible"
+ "hidden"

`actual@content@labelrow@col_info@tree_layout@split@label_children`:   &lt;NA&gt; 
`expected@content@labelrow@col_info@tree_layout@split@label_children`: FALSE

`actual@content@labelrow@col_info@tree_layout@children` is length 3
`expected@content@labelrow@col_info@tree_layout@children` is length 0

`names(actual@content@labelrow@col_info@tree_layout@children)` is a character vector ('A: Drug X', 'B: Placebo', 'C: Combination')
`names(expected@content@labelrow@col_info@tree_layout@children)` is absent

`actual@content@labelrow@col_info@tree_layout@children$A: Drug X` is an S4 object of class &lt;LayoutColLeaf&gt;
`expected@content@labelrow@col_info@tree_layout@children$A: Drug X` is absent

`actual@content@labelrow@col_info@tree_layout@children$B: Placebo` is an S4 object of class &lt;LayoutColLeaf&gt;
`expected@content@labelrow@col_info@tree_layout@children$B: Placebo` is absent

`actual@content@labelrow@col_info@tree_layout@children$C: Combination` is an S4 object of class &lt;LayoutColLeaf&gt;
`expected@content@labelrow@col_info@tree_layout@children$C: Combination` is absent

  `actual@content@labelrow@col_info@tree_layout@level`: 1
`expected@content@labelrow@col_info@tree_layout@level`: 0

`actual@content@labelrow@col_info@tree_layout@name`:   ""       
`expected@content@labelrow@col_info@tree_layout@name`: "all obs"

`actual@content@labelrow@col_info@subset_exprs` is length 3
`expected@content@labelrow@col_info@subset_exprs` is length 0

`names(actual@content@labelrow@col_info@subset_exprs)` is a character vector ('A: Drug X', 'B: Placebo', 'C: Combination')
`names(expected@content@labelrow@col_info@subset_exprs)` is absent

`actual@content@labelrow@col_info@subset_exprs$A: Drug X` is an expression vector
`expected@content@labelrow@col_info@subset_exprs$A: Drug X` is absent

`actual@content@labelrow@col_info@subset_exprs$B: Placebo` is an expression vector
`expected@content@labelrow@col_info@subset_exprs$B: Placebo` is absent

`actual@content@labelrow@col_info@subset_exprs$C: Combination` is an expression vector
`expected@content@labelrow@col_info@subset_exprs$C: Combination` is absent

`actual@content@labelrow@col_info@cextra_args` is length 3
`expected@content@labelrow@col_info@cextra_args` is length 0

`names(actual@content@labelrow@col_info@cextra_args)` is a character vector ('A: Drug X', 'B: Placebo', 'C: Combination')
`names(expected@content@labelrow@col_info@cextra_args)` is absent

`actual@content@labelrow@col_info@cextra_args$A: Drug X` is a list
`expected@content@labelrow@col_info@cextra_args$A: Drug X` is absent

`actual@content@labelrow@col_info@cextra_args$B: Placebo` is a list
`expected@content@labelrow@col_info@cextra_args$B: Placebo` is absent

`actual@content@labelrow@col_info@cextra_args$C: Combination` is a list
`expected@content@labelrow@col_info@cextra_args$C: Combination` is absent

  `actual@content@labelrow@col_info@counts`: 0 0 0
`expected@content@labelrow@col_info@counts`:      

  `actual@content@labelrow@col_info@total_count`:  0
`expected@content@labelrow@col_info@total_count`: NA

`actual@content@labelrow@col_info@display_columncounts`:   TRUE 
`expected@content@labelrow@col_info@display_columncounts`: FALSE

actual@content@labelrow@col_info@top_left vs expected@content@labelrow@col_info@top_left
- "MedDRA System Organ Class"
- "  MedDRA Preferred Term"
- "                            Grade"

`actual@content@col_info@tree_layout@display_columncounts`:   TRUE 
`expected@content@col_info@tree_layout@display_columncounts`: FALSE

is(actual@content@col_info@tree_layout@split) vs is(expected@content@col_info@tree_layout@split)
- "VarLevelSplit"
- "CustomizableSplit"
+ "AllSplit"
  "Split"

`actual@content@col_info@tree_layout@split@value_label_var` is a character vector ('ACTARM')
`expected@content@col_info@tree_layout@split@value_label_var` is absent

`actual@content@col_info@tree_layout@split@value_order` is a character vector ('A: Drug X', 'B: Placebo', 'C: Combination')
`expected@content@col_info@tree_layout@split@value_order` is absent

`actual@content@col_info@tree_layout@split@split_fun` is NULL
`expected@content@col_info@tree_layout@split@split_fun` is absent

`actual@content@col_info@tree_layout@split@payload` is a character vector ('ACTARM')
`expected@content@col_info@tree_layout@split@payload` is NULL

`actual@content@col_info@tree_layout@split@name`:   "ACTARM" 
`expected@content@col_info@tree_layout@split@name`: "all obs"

`actual@content@col_info@tree_layout@split@split_label`:   "ACTARM"
`expected@content@col_info@tree_layout@split@split_label`: ""      

actual@content@col_info@tree_layout@split@split_label_position vs expected@content@col_info@tree_layout@split@split_label_position
- "topleft"
- "hidden"
- "visible"
+ "hidden"

`actual@content@col_info@tree_layout@split@label_children`:   &lt;NA&gt; 
`expected@content@col_info@tree_layout@split@label_children`: FALSE

`actual@content@col_info@tree_layout@children` is length 3
`expected@content@col_info@tree_layout@children` is length 0

`names(actual@content@col_info@tree_layout@children)` is a character vector ('A: Drug X', 'B: Placebo', 'C: Combination')
`names(expected@content@col_info@tree_layout@children)` is absent

`actual@content@col_info@tree_layout@children$A: Drug X` is an S4 object of class &lt;LayoutColLeaf&gt;
`expected@content@col_info@tree_layout@children$A: Drug X` is absent

`actual@content@col_info@tree_layout@children$B: Placebo` is an S4 object of class &lt;LayoutColLeaf&gt;
`expected@content@col_info@tree_layout@children$B: Placebo` is absent

`actual@content@col_info@tree_layout@children$C: Combination` is an S4 object of class &lt;LayoutColLeaf&gt;
`expected@content@col_info@tree_layout@children$C: Combination` is absent

  `actual@content@col_info@tree_layout@level`: 1
`expected@content@col_info@tree_layout@level`: 0

`actual@content@col_info@tree_layout@name`:   ""       
`expected@content@col_info@tree_layout@name`: "all obs"

`actual@content@col_info@subset_exprs` is length 3
`expected@content@col_info@subset_exprs` is length 0

`names(actual@content@col_info@subset_exprs)` is a character vector ('A: Drug X', 'B: Placebo', 'C: Combination')
`names(expected@content@col_info@subset_exprs)` is absent

`actual@content@col_info@subset_exprs$A: Drug X` is an expression vector
`expected@content@col_info@subset_exprs$A: Drug X` is absent

`actual@content@col_info@subset_exprs$B: Placebo` is an expression vector
`expected@content@col_info@subset_exprs$B: Placebo` is absent

`actual@content@col_info@subset_exprs$C: Combination` is an expression vector
`expected@content@col_info@subset_exprs$C: Combination` is absent

`actual@content@col_info@cextra_args` is length 3
`expected@content@col_info@cextra_args` is length 0

`names(actual@content@col_info@cextra_args)` is a character vector ('A: Drug X', 'B: Placebo', 'C: Combination')
`names(expected@content@col_info@cextra_args)` is absent

`actual@content@col_info@cextra_args$A: Drug X` is a list
`expected@content@col_info@cextra_args$A: Drug X` is absent

`actual@content@col_info@cextra_args$B: Placebo` is a list
`expected@content@col_info@cextra_args$B: Placebo` is absent

`actual@content@col_info@cextra_args$C: Combination` is a list
`expected@content@col_info@cextra_args$C: Combination` is absent

  `actual@content@col_info@counts`: 0 0 0
`expected@content@col_info@counts`:      

  `actual@content@col_info@total_count`:  0
`expected@content@col_info@total_count`: NA

`actual@content@col_info@display_columncounts`:   TRUE 
`expected@content@col_info@display_columncounts`: FALSE

    actual@content@col_info@top_left    | expected@content@col_info@top_left 
[1] "MedDRA System Organ Class"         -                                    
[2] "  MedDRA Preferred Term"           -                                    
[3] "                            Grade" -                                    

  `actual@content@level`: 0
`expected@content@level`: 1

`actual@content@name`:   "root@content"
`expected@content@name`: ""            

names(actual@children) vs names(expected@children)
- "ATOXGR"
+ "Null Report: No observations met the reporting criteria for inclusion in this output."

`actual@children$ATOXGR` is an S4 object of class &lt;TableTree&gt;
`expected@children$ATOXGR` is absent

`actual@children$Null Report: No observations met the reporting criteria for inclusion in this output.` is absent
`expected@children$Null Report: No observations met the reporting criteria for inclusion in this output.` is an S4 object of class &lt;LabelRow&gt;

`actual@labelrow@col_info@tree_layout@display_columncounts`:   TRUE 
`expected@labelrow@col_info@tree_layout@display_columncounts`: FALSE

is(actual@labelrow@col_info@tree_layout@split) vs is(expected@labelrow@col_info@tree_layout@split)
- "VarLevelSplit"
+ "ManualSplit"
- "CustomizableSplit"
+ "AllSplit"
  "Split"

`actual@labelrow@col_info@tree_layout@split@value_label_var` is a character vector ('ACTARM')
`expected@labelrow@col_info@tree_layout@split@value_label_var` is absent

`actual@labelrow@col_info@tree_layout@split@value_order` is a character vector ('A: Drug X', 'B: Placebo', 'C: Combination')
`expected@labelrow@col_info@tree_layout@split@value_order` is absent

`actual@labelrow@col_info@tree_layout@split@split_fun` is NULL
`expected@labelrow@col_info@tree_layout@split@split_fun` is absent

`actual@labelrow@col_info@tree_layout@split@payload` is a character vector ('ACTARM')
`expected@labelrow@col_info@tree_layout@split@payload` is NULL

`actual@labelrow@col_info@tree_layout@split@name`:   "ACTARM"
`expected@labelrow@col_info@tree_layout@split@name`: "manual"

`actual@labelrow@col_info@tree_layout@split@split_label`:   "ACTARM"    
`expected@labelrow@col_info@tree_layout@split@split_label`: "colsplit 1"

actual@labelrow@col_info@tree_layout@split@split_label_position vs expected@labelrow@col_info@tree_layout@split@split_label_position
- "topleft"
- "hidden"
  "visible"

`actual@labelrow@col_info@tree_layout@split@content_na_str`:   NA
`expected@labelrow@col_info@tree_layout@split@content_na_str`:   

`actual@labelrow@col_info@tree_layout@split@label_children`:   &lt;NA&gt; 
`expected@labelrow@col_info@tree_layout@split@label_children`: FALSE

`actual@labelrow@col_info@tree_layout@split@levels` is absent
`expected@labelrow@col_info@tree_layout@split@levels` is a character vector ('')

`actual@labelrow@col_info@tree_layout@children` is length 3
`expected@labelrow@col_info@tree_layout@children` is length 1

names(actual@labelrow@col_info@tree_layout@children) vs names(expected@labelrow@col_info@tree_layout@children)
- "A: Drug X"
- "B: Placebo"
- "C: Combination"
+ ""

is(actual@labelrow@col_info@tree_layout@children[[1]]@pos_in_tree@splits[[1]]) vs is(expected@labelrow@col_info@tree_layout@children[[1]]@pos_in_tree@splits[[1]])
- "VarLevelSplit"
+ "ManualSplit"
- "CustomizableSplit"
+ "AllSplit"
  "Split"

`actual@labelrow@col_info@tree_layout@children[[1]]@pos_in_tree@splits[[1]]@value_label_var` is a character vector ('ACTARM')
`expected@labelrow@col_info@tree_layout@children[[1]]@pos_in_tree@splits[[1]]@value_label_var` is absent

`actual@labelrow@col_info@tree_layout@children[[1]]@pos_in_tree@splits[[1]]@value_order` is a character vector ('A: Drug X', 'B: Placebo', 'C: Combination')
`expected@labelrow@col_info@tree_layout@children[[1]]@pos_in_tree@splits[[1]]@value_order` is absent

`actual@labelrow@col_info@tree_layout@children[[1]]@pos_in_tree@splits[[1]]@split_fun` is NULL
`expected@labelrow@col_info@tree_layout@children[[1]]@pos_in_tree@splits[[1]]@split_fun` is absent

`actual@labelrow@col_info@tree_layout@children[[1]]@pos_in_tree@splits[[1]]@payload` is a character vector ('ACTARM')
`expected@labelrow@col_info@tree_layout@children[[1]]@pos_in_tree@splits[[1]]@payload` is NULL

actual@labelrow@col_info@tree_layout@children[[1]]@pos_in_tree@splits[[1]]@name vs expected@labelrow@col_info@tree_layout@children[[1]]@pos_in_tree@splits[[1]]@name
- "ACTARM"
+ "manual"

actual@labelrow@col_info@tree_layout@children[[1]]@pos_in_tree@splits[[1]]@split_label vs expected@labelrow@col_info@tree_layout@children[[1]]@pos_in_tree@splits[[1]]@split_label
- "ACTARM"
+ "colsplit 1"

actual@labelrow@col_info@tree_layout@children[[1]]@pos_in_tree@splits[[1]]@split_label_position vs expected@labelrow@col_info@tree_layout@children[[1]]@pos_in_tree@splits[[1]]@split_label_position
- "topleft"
- "hidden"
  "visible"

actual@labelrow@col_info@tree_layout@children[[1]]@pos_in_tree@splits[[1]]@content_na_str vs expected@labelrow@col_info@tree_layout@children[[1]]@pos_in_tree@splits[[1]]@content_na_str
- NA

actual@labelrow@col_info@tree_layout@children[[1]]@pos_in_tree@splits[[1]]@label_children vs expected@labelrow@col_info@tree_layout@children[[1]]@pos_in_tree@splits[[1]]@label_children
- &lt;NA&gt;
+ FALSE

`actual@labelrow@col_info@tree_layout@children[[1]]@pos_in_tree@splits[[1]]@levels` is absent
`expected@labelrow@col_info@tree_layout@children[[1]]@pos_in_tree@splits[[1]]@levels` is a character vector ('')

actual@labelrow@col_info@tree_layout@children[[1]]@pos_in_tree@s_values[[1]]@value vs expected@labelrow@col_info@tree_layout@children[[1]]@pos_in_tree@s_values[[1]]@value
- "A: Drug X"
+ ""

actual@labelrow@col_info@tree_layout@children[[1]]@pos_in_tree@s_values[[1]]@label vs expected@labelrow@col_info@tree_layout@children[[1]]@pos_in_tree@s_values[[1]]@label
- "A: Drug X"
+ ""

actual@labelrow@col_info@tree_layout@children[[1]]@pos_in_tree@sval_labels vs expected@labelrow@col_info@tree_layout@children[[1]]@pos_in_tree@sval_labels
- "A: Drug X"
+ ""

`actual@labelrow@col_info@tree_layout@children[[1]]@pos_in_tree@subset[[1]]` is a call
`expected@labelrow@col_info@tree_layout@children[[1]]@pos_in_tree@subset[[1]]` is a logical vector (TRUE)

`actual@labelrow@col_info@tree_layout@children[[1]]@label`:   "A: Drug X"
`expected@labelrow@col_info@tree_layout@children[[1]]@label`: ""         

`actual@labelrow@col_info@tree_layout@children[[1]]@name`:   "A: Drug X"
`expected@labelrow@col_info@tree_layout@children[[1]]@name`: ""         

`actual@labelrow@col_info@tree_layout@children[[2]]` is an S4 object of class &lt;LayoutColLeaf&gt;
`expected@labelrow@col_info@tree_layout@children[[2]]` is absent

`actual@labelrow@col_info@tree_layout@children[[3]]` is an S4 object of class &lt;LayoutColLeaf&gt;
`expected@labelrow@col_info@tree_layout@children[[3]]` is absent

`actual@labelrow@col_info@subset_exprs` is length 3
`expected@labelrow@col_info@subset_exprs` is length 1

`names(actual@labelrow@col_info@subset_exprs)` is a character vector ('A: Drug X', 'B: Placebo', 'C: Combination')
`names(expected@labelrow@col_info@subset_exprs)` is absent

`actual@labelrow@col_info@subset_exprs[[1]][[1]]` is a call
`expected@labelrow@col_info@subset_exprs[[1]][[1]]` is a logical vector (TRUE)

`actual@labelrow@col_info@subset_exprs[[2]]` is an expression vector
`expected@labelrow@col_info@subset_exprs[[2]]` is absent

`actual@labelrow@col_info@subset_exprs[[3]]` is an expression vector
`expected@labelrow@col_info@subset_exprs[[3]]` is absent

`actual@labelrow@col_info@cextra_args` is length 3
`expected@labelrow@col_info@cextra_args` is length 1

`names(actual@labelrow@col_info@cextra_args)` is a character vector ('A: Drug X', 'B: Placebo', 'C: Combination')
`names(expected@labelrow@col_info@cextra_args)` is absent

`actual@labelrow@col_info@cextra_args[[2]]` is a list
`expected@labelrow@col_info@cextra_args[[2]]` is absent

`actual@labelrow@col_info@cextra_args[[3]]` is a list
`expected@labelrow@col_info@cextra_args[[3]]` is absent

  `actual@labelrow@col_info@counts`:  0 0 0
`expected@labelrow@col_info@counts`: NA    

  `actual@labelrow@col_info@total_count`:  0
`expected@labelrow@col_info@total_count`: NA

`actual@labelrow@col_info@display_columncounts`:   TRUE 
`expected@labelrow@col_info@display_columncounts`: FALSE

    actual@labelrow@col_info@top_left   | expected@labelrow@col_info@top_left 
[1] "MedDRA System Organ Class"         -                                     
[2] "  MedDRA Preferred Term"           -                                     
[3] "                            Grade" -                                     

`actual@col_info@tree_layout@display_columncounts`:   TRUE 
`expected@col_info@tree_layout@display_columncounts`: FALSE

is(actual@col_info@tree_layout@split) vs is(expected@col_info@tree_layout@split)
- "VarLevelSplit"
+ "ManualSplit"
- "CustomizableSplit"
+ "AllSplit"
  "Split"

`actual@col_info@tree_layout@split@value_label_var` is a character vector ('ACTARM')
`expected@col_info@tree_layout@split@value_label_var` is absent

`actual@col_info@tree_layout@split@value_order` is a character vector ('A: Drug X', 'B: Placebo', 'C: Combination')
`expected@col_info@tree_layout@split@value_order` is absent

`actual@col_info@tree_layout@split@split_fun` is NULL
`expected@col_info@tree_layout@split@split_fun` is absent

`actual@col_info@tree_layout@split@payload` is a character vector ('ACTARM')
`expected@col_info@tree_layout@split@payload` is NULL

`actual@col_info@tree_layout@split@name`:   "ACTARM"
`expected@col_info@tree_layout@split@name`: "manual"

`actual@col_info@tree_layout@split@split_label`:   "ACTARM"    
`expected@col_info@tree_layout@split@split_label`: "colsplit 1"

actual@col_info@tree_layout@split@split_label_position vs expected@col_info@tree_layout@split@split_label_position
- "topleft"
- "hidden"
  "visible"

`actual@col_info@tree_layout@split@content_na_str`:   NA
`expected@col_info@tree_layout@split@content_na_str`:   

`actual@col_info@tree_layout@split@label_children`:   &lt;NA&gt; 
`expected@col_info@tree_layout@split@label_children`: FALSE

`actual@col_info@tree_layout@split@levels` is absent
`expected@col_info@tree_layout@split@levels` is a character vector ('')

`actual@col_info@tree_layout@children` is length 3
`expected@col_info@tree_layout@children` is length 1

names(actual@col_info@tree_layout@children) vs names(expected@col_info@tree_layout@children)
- "A: Drug X"
- "B: Placebo"
- "C: Combination"
+ ""

is(actual@col_info@tree_layout@children[[1]]@pos_in_tree@splits[[1]]) vs is(expected@col_info@tree_layout@children[[1]]@pos_in_tree@splits[[1]])
- "VarLevelSplit"
+ "ManualSplit"
- "CustomizableSplit"
+ "AllSplit"
  "Split"

`actual@col_info@tree_layout@children[[1]]@pos_in_tree@splits[[1]]@value_label_var` is a character vector ('ACTARM')
`expected@col_info@tree_layout@children[[1]]@pos_in_tree@splits[[1]]@value_label_var` is absent

`actual@col_info@tree_layout@children[[1]]@pos_in_tree@splits[[1]]@value_order` is a character vector ('A: Drug X', 'B: Placebo', 'C: Combination')
`expected@col_info@tree_layout@children[[1]]@pos_in_tree@splits[[1]]@value_order` is absent

`actual@col_info@tree_layout@children[[1]]@pos_in_tree@splits[[1]]@split_fun` is NULL
`expected@col_info@tree_layout@children[[1]]@pos_in_tree@splits[[1]]@split_fun` is absent

`actual@col_info@tree_layout@children[[1]]@pos_in_tree@splits[[1]]@payload` is a character vector ('ACTARM')
`expected@col_info@tree_layout@children[[1]]@pos_in_tree@splits[[1]]@payload` is NULL

actual@col_info@tree_layout@children[[1]]@pos_in_tree@splits[[1]]@name vs expected@col_info@tree_layout@children[[1]]@pos_in_tree@splits[[1]]@name
- "ACTARM"
+ "manual"

actual@col_info@tree_layout@children[[1]]@pos_in_tree@splits[[1]]@split_label vs expected@col_info@tree_layout@children[[1]]@pos_in_tree@splits[[1]]@split_label
- "ACTARM"
+ "colsplit 1"

actual@col_info@tree_layout@children[[1]]@pos_in_tree@splits[[1]]@split_label_position vs expected@col_info@tree_layout@children[[1]]@pos_in_tree@splits[[1]]@split_label_position
- "topleft"
- "hidden"
  "visible"

actual@col_info@tree_layout@children[[1]]@pos_in_tree@splits[[1]]@content_na_str vs expected@col_info@tree_layout@children[[1]]@pos_in_tree@splits[[1]]@content_na_str
- NA

actual@col_info@tree_layout@children[[1]]@pos_in_tree@splits[[1]]@label_children vs expected@col_info@tree_layout@children[[1]]@pos_in_tree@splits[[1]]@label_children
- &lt;NA&gt;
+ FALSE

`actual@col_info@tree_layout@children[[1]]@pos_in_tree@splits[[1]]@levels` is absent
`expected@col_info@tree_layout@children[[1]]@pos_in_tree@splits[[1]]@levels` is a character vector ('')

actual@col_info@tree_layout@children[[1]]@pos_in_tree@s_values[[1]]@value vs expected@col_info@tree_layout@children[[1]]@pos_in_tree@s_values[[1]]@value
- "A: Drug X"
+ ""

actual@col_info@tree_layout@children[[1]]@pos_in_tree@s_values[[1]]@label vs expected@col_info@tree_layout@children[[1]]@pos_in_tree@s_values[[1]]@label
- "A: Drug X"
+ ""

actual@col_info@tree_layout@children[[1]]@pos_in_tree@sval_labels vs expected@col_info@tree_layout@children[[1]]@pos_in_tree@sval_labels
- "A: Drug X"
+ ""

`actual@col_info@tree_layout@children[[1]]@pos_in_tree@subset[[1]]` is a call
`expected@col_info@tree_layout@children[[1]]@pos_in_tree@subset[[1]]` is a logical vector (TRUE)

`actual@col_info@tree_layout@children[[1]]@label`:   "A: Drug X"
`expected@col_info@tree_layout@children[[1]]@label`: ""         

`actual@col_info@tree_layout@children[[1]]@name`:   "A: Drug X"
`expected@col_info@tree_layout@children[[1]]@name`: ""         

`actual@col_info@tree_layout@children[[2]]` is an S4 object of class &lt;LayoutColLeaf&gt;
`expected@col_info@tree_layout@children[[2]]` is absent

`actual@col_info@tree_layout@children[[3]]` is an S4 object of class &lt;LayoutColLeaf&gt;
`expected@col_info@tree_layout@children[[3]]` is absent

`actual@col_info@subset_exprs` is length 3
`expected@col_info@subset_exprs` is length 1

`names(actual@col_info@subset_exprs)` is a character vector ('A: Drug X', 'B: Placebo', 'C: Combination')
`names(expected@col_info@subset_exprs)` is absent

`actual@col_info@subset_exprs[[1]][[1]]` is a call
`expected@col_info@subset_exprs[[1]][[1]]` is a logical vector (TRUE)

`actual@col_info@subset_exprs[[2]]` is an expression vector
`expected@col_info@subset_exprs[[2]]` is absent

`actual@col_info@subset_exprs[[3]]` is an expression vector
`expected@col_info@subset_exprs[[3]]` is absent

`actual@col_info@cextra_args` is length 3
`expected@col_info@cextra_args` is length 1

`names(actual@col_info@cextra_args)` is a character vector ('A: Drug X', 'B: Placebo', 'C: Combination')
`names(expected@col_info@cextra_args)` is absent

`actual@col_info@cextra_args[[2]]` is a list
`expected@col_info@cextra_args[[2]]` is absent

`actual@col_info@cextra_args[[3]]` is a list
`expected@col_info@cextra_args[[3]]` is absent

  `actual@col_info@counts`:  0 0 0
`expected@col_info@counts`: NA    

  `actual@col_info@total_count`:  0
`expected@col_info@total_count`: NA

`actual@col_info@display_columncounts`:   TRUE 
`expected@col_info@display_columncounts`: FALSE

    actual@col_info@top_left            | expected@col_info@top_left 
[1] "MedDRA System Organ Class"         -                            
[2] "  MedDRA Preferred Term"           -                            
[3] "                            Grade" -                            

  `actual@level`: 0
`expected@level`: 1

`actual@name`:   "root"
`expected@name`: ""    </failure>
    </testcase>
    <testcase time="0.0960000000000036" classname="empty_report" name="tlg_functions_return_null_reports_when_domain_table_is_empty"/>
    <testcase time="0.0889999999999986" classname="empty_report" name="tlg_functions_return_null_reports_when_domain_table_is_empty"/>
    <testcase time="0.0889999999999986" classname="empty_report" name="tlg_functions_return_null_reports_when_domain_table_is_empty"/>
    <testcase time="0.0769999999999982" classname="empty_report" name="tlg_functions_return_null_reports_when_domain_table_is_empty"/>
    <testcase time="0.0880000000000081" classname="empty_report" name="tlg_functions_return_null_reports_when_domain_table_is_empty"/>
    <testcase time="0.188000000000002" classname="empty_report" name="tlg_functions_return_null_reports_when_domain_table_is_empty"/>
    <testcase time="0.147999999999996" classname="empty_report" name="tlg_functions_return_null_reports_when_domain_table_is_empty"/>
    <testcase time="0.218999999999994" classname="empty_report" name="tlg_functions_return_null_reports_when_domain_table_is_empty"/>
    <testcase time="0.100999999999999" classname="empty_report" name="tlg_functions_return_null_reports_when_domain_table_is_empty"/>
    <testcase time="0.0880000000000081" classname="empty_report" name="tlg_functions_return_null_reports_when_domain_table_is_empty"/>
    <testcase time="0.0369999999999919" classname="empty_report" name="tlg_functions_return_null_reports_when_domain_table_is_empty"/>
    <testcase time="0.0360000000000014" classname="empty_report" name="tlg_functions_return_null_reports_when_domain_table_is_empty"/>
    <testcase time="0.0370000000000061" classname="empty_report" name="tlg_functions_return_null_reports_when_domain_table_is_empty"/>
    <testcase time="0.0369999999999919" classname="empty_report" name="tlg_functions_return_null_reports_when_domain_table_is_empty"/>
    <testcase time="0.078000000000003" classname="empty_report" name="tlg_functions_return_null_reports_when_domain_table_is_empty"/>
    <testcase time="0.046999999999997" classname="empty_report" name="tlg_functions_return_null_reports_when_domain_table_is_empty"/>
    <testcase time="0.617000000000004" classname="empty_report" name="tlg_functions_return_null_reports_when_domain_table_is_empty"/>
    <testcase time="0.0549999999999926" classname="empty_report" name="tlg_functions_return_null_reports_when_domain_table_is_empty"/>
    <testcase time="0.393000000000001" classname="empty_report" name="tlg_functions_return_null_reports_when_domain_table_is_empty"/>
    <testcase time="0.358000000000004" classname="empty_report" name="tlg_functions_return_null_reports_when_domain_table_is_empty"/>
    <testcase time="0.0699999999999932" classname="empty_report" name="tlg_functions_return_null_reports_when_domain_table_is_empty"/>
    <testcase time="0.0510000000000019" classname="empty_report" name="tlg_functions_return_null_reports_when_domain_table_is_empty"/>
    <testcase time="0.0510000000000019" classname="empty_report" name="tlg_functions_return_null_reports_when_domain_table_is_empty"/>
    <testcase time="0.0400000000000063" classname="empty_report" name="tlg_functions_return_null_reports_when_domain_table_is_empty"/>
    <testcase time="0.0470000000000113" classname="empty_report" name="tlg_functions_return_null_reports_when_domain_table_is_empty"/>
    <testcase time="0.0159999999999911" classname="empty_report" name="tlg_functions_return_null_reports_when_domain_table_is_empty"/>
  </testsuite>
  <testsuite name="ext01" timestamp="2023-05-08T06:21:47Z" hostname="fdead67bbfff" tests="3" skipped="2" failures="0" errors="0" time="0.418">
    <testcase time="0.141000000000005" classname="ext01" name="ext01_works"/>
    <testcase time="0.0589999999999975" classname="ext01" name="ext01_works">
      <skipped message="Reason: On CRAN ('test-ext01.R:5:3')"/>
    </testcase>
    <testcase time="0.218000000000004" classname="ext01" name="ext02_1_works_for_selected_parameters">
      <skipped message="Reason: On CRAN ('test-ext01.R:17:3')"/>
    </testcase>
  </testsuite>
  <testsuite name="kmg01" timestamp="2023-05-08T06:21:47Z" hostname="fdead67bbfff" tests="6" skipped="0" failures="0" errors="0" time="1.773">
    <testcase time="0.0210000000000008" classname="kmg01" name="kmg01_1_works_as_expected"/>
    <testcase time="0.414000000000001" classname="kmg01" name="kmg01_1_works_as_expected"/>
    <testcase time="0.379999999999995" classname="kmg01" name="kmg01_1_works_as_expected_with_custom_color_set"/>
    <testcase time="0.313999999999993" classname="kmg01" name="kmg01_1_works_as_expected_with_custom_color_set"/>
    <testcase time="0.334000000000003" classname="kmg01" name="kmg01_1_works_if_change_pvalue_ties_and_conf_level"/>
    <testcase time="0.310000000000002" classname="kmg01" name="kmg01_1_works_if_change_annotation_position"/>
  </testsuite>
  <testsuite name="lbt01" timestamp="2023-05-08T06:21:49Z" hostname="fdead67bbfff" tests="2" skipped="1" failures="0" errors="0" time="1.534">
    <testcase time="1.33799999999999" classname="lbt01" name="lbt01_1_can_handle_n_0_and_outputs_NE_instead_of_infs_and_NAs"/>
    <testcase time="0.196000000000012" classname="lbt01" name="lbt01_1_can_handle_n_0_and_outputs_NE_instead_of_infs_and_NAs">
      <skipped message="Reason: On CRAN ('test-lbt01.R:10:3')"/>
    </testcase>
  </testsuite>
  <testsuite name="lbt04" timestamp="2023-05-08T06:21:51Z" hostname="fdead67bbfff" tests="5" skipped="2" failures="0" errors="0" time="0.728">
    <testcase time="0.083999999999989" classname="lbt04" name="lbt04_can_handle_all_NA_values"/>
    <testcase time="0.0280000000000058" classname="lbt04" name="lbt04_can_handle_all_NA_values">
      <skipped message="Reason: On CRAN ('test-lbt04.R:11:3')"/>
    </testcase>
    <testcase time="0.466999999999999" classname="lbt04" name="lbt04_can_handle_some_NA_values"/>
    <testcase time="0.126000000000005" classname="lbt04" name="lbt04_can_handle_some_NA_values">
      <skipped message="Reason: On CRAN ('test-lbt04.R:24:3')"/>
    </testcase>
    <testcase time="0.0229999999999961" classname="lbt04" name="lbt04_fails_on_incomlete_date"/>
  </testsuite>
  <testsuite name="lbt05" timestamp="2023-05-08T06:21:51Z" hostname="fdead67bbfff" tests="4" skipped="1" failures="0" errors="0" time="0.961">
    <testcase time="0.403999999999996" classname="lbt05" name="lbt05_give_all_0_count_if_ANRIND_are_all_missing"/>
    <testcase time="0.408000000000001" classname="lbt05" name="lbt05_can_handle_some_NA_values"/>
    <testcase time="0.126000000000005" classname="lbt05" name="lbt05_can_handle_some_NA_values">
      <skipped message="Reason: On CRAN ('test-lbt05.R:22:3')"/>
    </testcase>
    <testcase time="0.0229999999999961" classname="lbt05" name="lbt05_fails_on_incomlete_date"/>
  </testsuite>
  <testsuite name="lbt07" timestamp="2023-05-08T06:21:52Z" hostname="fdead67bbfff" tests="3" skipped="1" failures="0" errors="0" time="0.83">
    <testcase time="0.602999999999994" classname="lbt07" name="lbt07_can_handle_some_NA_values"/>
    <testcase time="0.160000000000011" classname="lbt07" name="lbt07_can_handle_some_NA_values">
      <skipped message="Reason: On CRAN ('test-lbt07.R:11:3')"/>
    </testcase>
    <testcase time="0.0669999999999931" classname="lbt07" name="lbt07_fails_on_incomlete_data"/>
  </testsuite>
  <testsuite name="lbt14" timestamp="2023-05-08T06:21:53Z" hostname="fdead67bbfff" tests="12" skipped="6" failures="0" errors="0" time="10.988">
    <testcase time="1.39700000000001" classname="lbt14" name="lbt14_1_can_handle_all_NA_values"/>
    <testcase time="0.0679999999999978" classname="lbt14" name="lbt14_1_can_handle_all_NA_values">
      <skipped message="Reason: On CRAN ('test-lbt14.R:11:3')"/>
    </testcase>
    <testcase time="1.75700000000001" classname="lbt14" name="lbt14_1_can_handle_some_NA_values"/>
    <testcase time="0.323999999999998" classname="lbt14" name="lbt14_1_can_handle_some_NA_values">
      <skipped message="Reason: On CRAN ('test-lbt14.R:30:3')"/>
    </testcase>
    <testcase time="1.761" classname="lbt14" name="lbt14_1_can_accept_different_gr_missing">
      <skipped message="Reason: On CRAN ('test-lbt14.R:36:3')"/>
    </testcase>
    <testcase time="0.0409999999999968" classname="lbt14" name="lbt14_1_fails_on_incomlete_data"/>
    <testcase time="1.479" classname="lbt14" name="lbt14_2_can_handle_all_NA_values"/>
    <testcase time="0.0530000000000115" classname="lbt14" name="lbt14_2_can_handle_all_NA_values">
      <skipped message="Reason: On CRAN ('test-lbt14.R:61:3')"/>
    </testcase>
    <testcase time="1.806" classname="lbt14" name="lbt14_2_can_handle_some_NA_values"/>
    <testcase time="0.347999999999999" classname="lbt14" name="lbt14_2_can_handle_some_NA_values">
      <skipped message="Reason: On CRAN ('test-lbt14.R:80:3')"/>
    </testcase>
    <testcase time="1.92699999999999" classname="lbt14" name="lbt14_2_can_accept_different_gr_missing">
      <skipped message="Reason: On CRAN ('test-lbt14.R:85:3')"/>
    </testcase>
    <testcase time="0.027000000000001" classname="lbt14" name="lbt14_2_fails_on_incomlete_data"/>
  </testsuite>
  <testsuite name="mht01" timestamp="2023-05-08T06:22:04Z" hostname="fdead67bbfff" tests="2" skipped="2" failures="0" errors="0" time="0.996">
    <testcase time="0.489000000000004" classname="mht01" name="mht01_1_works">
      <skipped message="Reason: On CRAN ('test-mht01.R:5:3')"/>
    </testcase>
    <testcase time="0.507000000000005" classname="mht01" name="mht01_1_works_on_NULL_in_lbl_mhbodsys_or_lbl_mhdecod">
      <skipped message="Reason: On CRAN ('test-mht01.R:10:3')"/>
    </testcase>
  </testsuite>
  <testsuite name="mng01" timestamp="2023-05-08T06:22:05Z" hostname="fdead67bbfff" tests="6" skipped="0" failures="0" errors="0" time="8.411">
    <testcase time="1.41499999999999" classname="mng01" name="mng01_1_works_as_expected"/>
    <testcase time="1.398" classname="mng01" name="mng01_1_works_as_expected_with_custom_color_set"/>
    <testcase time="1.37400000000001" classname="mng01" name="mng01_1_works_as_expected_with_custom_color_set"/>
    <testcase time="1.387" classname="mng01" name="mng01_1_works_if_show_v_grid_show_h_grid_is_TRUE"/>
    <testcase time="1.64399999999999" classname="mng01" name="mng01_1_works_on_custom_color_with_named_line_col"/>
    <testcase time="1.19300000000001" classname="mng01" name="mng01_1_works_with_combination_of_x_variables"/>
  </testsuite>
  <testsuite name="pdt01" timestamp="2023-05-08T06:22:13Z" hostname="fdead67bbfff" tests="4" skipped="2" failures="0" errors="0" time="0.557">
    <testcase time="0.109999999999999" classname="pdt01" name="pdt01_1_can_handle_all_NA_values"/>
    <testcase time="0.0339999999999918" classname="pdt01" name="pdt01_1_can_handle_all_NA_values">
      <skipped message="Reason: On CRAN ('test-pdt01.R:10:3')"/>
    </testcase>
    <testcase time="0.301000000000002" classname="pdt01" name="pdt01_1_can_handle_some_NA_values"/>
    <testcase time="0.111999999999995" classname="pdt01" name="pdt01_1_can_handle_some_NA_values">
      <skipped message="Reason: On CRAN ('test-pdt01.R:25:3')"/>
    </testcase>
  </testsuite>
  <testsuite name="pdt02" timestamp="2023-05-08T06:22:14Z" hostname="fdead67bbfff" tests="4" skipped="2" failures="0" errors="0" time="0.409">
    <testcase time="0.131" classname="pdt02" name="pdt02_1_can_handle_all_NA_values"/>
    <testcase time="0.0360000000000014" classname="pdt02" name="pdt02_1_can_handle_all_NA_values">
      <skipped message="Reason: On CRAN ('test-pdt02.R:10:3')"/>
    </testcase>
    <testcase time="0.189000000000007" classname="pdt02" name="pdt02_1_can_handle_some_NA_values"/>
    <testcase time="0.0529999999999973" classname="pdt02" name="pdt02_1_can_handle_some_NA_values">
      <skipped message="Reason: On CRAN ('test-pdt02.R:25:3')"/>
    </testcase>
  </testsuite>
  <testsuite name="rmpt01" timestamp="2023-05-08T06:22:14Z" hostname="fdead67bbfff" tests="6" skipped="2" failures="0" errors="0" time="0.404">
    <testcase time="0.150999999999996" classname="rmpt01" name="rmpt01_can_handle_NA_values"/>
    <testcase time="0.0349999999999966" classname="rmpt01" name="rmpt01_can_handle_NA_values">
      <skipped message="Reason: On CRAN ('test-rmpt01.R:9:3')"/>
    </testcase>
    <testcase time="0.15100000000001" classname="rmpt01" name="rmpt01_can_handle_some_NA_values"/>
    <testcase time="0.0339999999999918" classname="rmpt01" name="rmpt01_can_handle_some_NA_values">
      <skipped message="Reason: On CRAN ('test-rmpt01.R:23:3')"/>
    </testcase>
    <testcase time="0.0240000000000009" classname="rmpt01" name="rmpt01_fails_on_incomlete_data"/>
    <testcase time="0.00900000000000034" classname="rmpt01" name="rmpt01_fails_on_incomlete_data"/>
  </testsuite>
  <testsuite name="utils" timestamp="2023-05-08T06:22:15Z" hostname="fdead67bbfff" tests="27" skipped="0" failures="0" errors="0" time="0.131">
    <testcase time="0.00900000000000034" classname="utils" name="h_format_dec_works_as_exected"/>
    <testcase time="0.00400000000000489" classname="utils" name="h_format_dec_works_as_exected"/>
    <testcase time="0.00199999999999534" classname="utils" name="h_format_dec_works_as_exected"/>
    <testcase time="0.00400000000000489" classname="utils" name="h_format_dec_works_as_exected"/>
    <testcase time="0.000999999999990564" classname="utils" name="h_format_dec_works_as_exected"/>
    <testcase time="0.00400000000000489" classname="utils" name="h_format_dec_works_as_exected"/>
    <testcase time="0.00199999999999534" classname="utils" name="h_format_dec_works_as_exected"/>
    <testcase time="0.00400000000000489" classname="utils" name="h_format_dec_works_as_exected"/>
    <testcase time="0.00199999999999534" classname="utils" name="h_format_dec_works_as_exected"/>
    <testcase time="0.00400000000000489" classname="utils" name="h_format_dec_works_as_exected"/>
    <testcase time="0.00199999999999534" classname="utils" name="h_format_dec_works_as_exected"/>
    <testcase time="0.00400000000000489" classname="utils" name="h_format_dec_works_as_exected"/>
    <testcase time="0.00600000000000023" classname="utils" name="h_format_dec_works_as_expected_with_more_than_one_value"/>
    <testcase time="0.00400000000000489" classname="utils" name="h_format_dec_works_as_expected_with_more_than_one_value"/>
    <testcase time="0.00600000000000023" classname="utils" name="h_format_dec_works_returns_null_with_NA_format"/>
    <testcase time="0.007000000000005" classname="utils" name="h_format_dec_works_as_expected_with_NA_digits"/>
    <testcase time="0.007000000000005" classname="utils" name="h_format_dec_works_as_expected_with_NA_digits"/>
    <testcase time="0.00699999999999079" classname="utils" name="get_db_data_works"/>
    <testcase time="0.00400000000000489" classname="utils" name="get_db_data_works"/>
    <testcase time="0.007000000000005" classname="utils" name="fuse_sequentially_works"/>
    <testcase time="0.00399999999999068" classname="utils" name="fuse_sequentially_works"/>
    <testcase time="0.00600000000000023" classname="utils" name="grob_list_works"/>
    <testcase time="0.00100000000000477" classname="utils" name="grob_list_works"/>
    <testcase time="0.00400000000000489" classname="utils" name="grob_list_works"/>
    <testcase time="0.00399999999999068" classname="utils" name="grob_list_works"/>
    <testcase time="0.01400000000001" classname="utils" name="ifneeded_split_row_works_as_expected"/>
    <testcase time="0.00799999999999557" classname="utils" name="ifneeded_split_row_works_as_expected"/>
  </testsuite>
  <testsuite name="vst02" timestamp="2023-05-08T06:22:15Z" hostname="fdead67bbfff" tests="2" skipped="2" failures="0" errors="0" time="0.737">
    <testcase time="0.369" classname="vst02" name="vst02_1_works">
      <skipped message="Reason: On CRAN ('test-vst02.R:5:3')"/>
    </testcase>
    <testcase time="0.367999999999995" classname="vst02" name="vst02_2_works">
      <skipped message="Reason: On CRAN ('test-vst02.R:13:3')"/>
    </testcase>
  </testsuite>
</testsuites>
