<?xml version="1.0" encoding="UTF-8"?>
<testsuites>
  <testsuite name="ael01_nollt" timestamp="2023-05-08T06:51:21Z" hostname="a90133863b8d" tests="8" skipped="4" failures="0" errors="0" time="1.635">
    <testcase time="1.132" classname="ael01_nollt" name="ael01_nollt_works_with_admh_dataset"/>
    <testcase time="0.107" classname="ael01_nollt" name="ael01_nollt_works_with_admh_dataset">
      <skipped message="Reason: On CRAN ('test-ael01_nollt.R:7:3')"/>
    </testcase>
    <testcase time="0.056" classname="ael01_nollt" name="ael01_nollt_works_with_non_default_label"/>
    <testcase time="0.185" classname="ael01_nollt" name="ael01_nollt_works_with_non_default_label">
      <skipped message="Reason: On CRAN ('test-ael01_nollt.R:19:3')"/>
    </testcase>
    <testcase time="0.069" classname="ael01_nollt" name="ael01_nollt_can_handle_all_missing_values"/>
    <testcase time="0.0289999999999999" classname="ael01_nollt" name="ael01_nollt_can_handle_all_missing_values">
      <skipped message="Reason: On CRAN ('test-ael01_nollt.R:32:3')"/>
    </testcase>
    <testcase time="0.0369999999999999" classname="ael01_nollt" name="ael01_nollt_can_handle_some_missing_values"/>
    <testcase time="0.0200000000000005" classname="ael01_nollt" name="ael01_nollt_can_handle_some_missing_values">
      <skipped message="Reason: On CRAN ('test-ael01_nollt.R:47:3')"/>
    </testcase>
  </testsuite>
  <testsuite name="aet01" timestamp="2023-05-08T06:51:23Z" hostname="a90133863b8d" tests="9" skipped="4" failures="0" errors="0" time="2.071">
    <testcase time="0.581" classname="aet01" name="aet01_can_handle_all_NA_values"/>
    <testcase time="0.0990000000000002" classname="aet01" name="aet01_can_handle_all_NA_values">
      <skipped message="Reason: On CRAN ('test-aet01.R:12:3')"/>
    </testcase>
    <testcase time="0.381" classname="aet01" name="aet01_can_handle_some_NA_values"/>
    <testcase time="0.0830000000000002" classname="aet01" name="aet01_can_handle_some_NA_values">
      <skipped message="Reason: On CRAN ('test-aet01.R:29:3')"/>
    </testcase>
    <testcase time="0.268" classname="aet01" name="aet01_can_use_custom_lbl_safety_var"/>
    <testcase time="0.0469999999999997" classname="aet01" name="aet01_can_use_custom_lbl_safety_var">
      <skipped message="Reason: On CRAN ('test-aet01.R:35:3')"/>
    </testcase>
    <testcase time="0.133" classname="aet01" name="aet01_fails_on_incomplete_data_input"/>
    <testcase time="0.389" classname="aet01" name="aet01_can_use_custom_medconcept_var"/>
    <testcase time="0.0899999999999999" classname="aet01" name="aet01_can_use_custom_medconcept_var">
      <skipped message="Reason: On CRAN ('test-aet01.R:54:3')"/>
    </testcase>
  </testsuite>
  <testsuite name="aet01_aesi" timestamp="2023-05-08T06:51:25Z" hostname="a90133863b8d" tests="7" skipped="3" failures="0" errors="0" time="1.39">
    <testcase time="0.338" classname="aet01_aesi" name="aet01_aesi_can_handle_all_NA_values"/>
    <testcase time="0.0859999999999994" classname="aet01_aesi" name="aet01_aesi_can_handle_all_NA_values">
      <skipped message="Reason: On CRAN ('test-aet01_aesi.R:17:3')"/>
    </testcase>
    <testcase time="0.288" classname="aet01_aesi" name="aet01_aesi_can_handle_some_NA_values"/>
    <testcase time="0.0750000000000002" classname="aet01_aesi" name="aet01_aesi_can_handle_some_NA_values">
      <skipped message="Reason: On CRAN ('test-aet01_aesi.R:30:3')"/>
    </testcase>
    <testcase time="0.388" classname="aet01_aesi" name="aet01_aesi_works_with_ALL_argument"/>
    <testcase time="0.13" classname="aet01_aesi" name="aet01_aesi_works_with_ALL_argument">
      <skipped message="Reason: On CRAN ('test-aet01_aesi.R:36:3')"/>
    </testcase>
    <testcase time="0.0850000000000009" classname="aet01_aesi" name="aet01_aesi_check_fails_on_incomplete_data_input"/>
  </testsuite>
  <testsuite name="aet02" timestamp="2023-05-08T06:51:26Z" hostname="a90133863b8d" tests="3" skipped="1" failures="0" errors="0" time="0.473">
    <testcase time="0.0549999999999997" classname="aet02" name="aet02_fails_on_incomplete_data_input"/>
    <testcase time="0.15" classname="aet02" name="aet02_handle_empty_data_input"/>
    <testcase time="0.267999999999999" classname="aet02" name="aet02_can_have_different_levels_of_row_split">
      <skipped message="Reason: On CRAN ('test-aet02.R:28:3')"/>
    </testcase>
  </testsuite>
  <testsuite name="aet03" timestamp="2023-05-08T06:51:27Z" hostname="a90133863b8d" tests="4" skipped="2" failures="0" errors="0" time="2.954">
    <testcase time="0.504000000000001" classname="aet03" name="aet03_can_handle_NA_values"/>
    <testcase time="0.0749999999999993" classname="aet03" name="aet03_can_handle_NA_values">
      <skipped message="Reason: On CRAN ('test-aet03.R:10:3')"/>
    </testcase>
    <testcase time="2.135" classname="aet03" name="aet03_can_handle_some_NA_values"/>
    <testcase time="0.24" classname="aet03" name="aet03_can_handle_some_NA_values">
      <skipped message="Reason: On CRAN ('test-aet03.R:27:3')"/>
    </testcase>
  </testsuite>
  <testsuite name="aet04" timestamp="2023-05-08T06:51:30Z" hostname="a90133863b8d" tests="4" skipped="2" failures="0" errors="0" time="4.895">
    <testcase time="0.682" classname="aet04" name="aet04_can_handle_NA_values"/>
    <testcase time="0.132999999999999" classname="aet04" name="aet04_can_handle_NA_values">
      <skipped message="Reason: On CRAN ('test-aet04.R:10:3')"/>
    </testcase>
    <testcase time="3.743" classname="aet04" name="aet04_can_handle_some_NA_values"/>
    <testcase time="0.337" classname="aet04" name="aet04_can_handle_some_NA_values">
      <skipped message="Reason: On CRAN ('test-aet04.R:42:3')"/>
    </testcase>
  </testsuite>
  <testsuite name="aet10" timestamp="2023-05-08T06:51:35Z" hostname="a90133863b8d" tests="4" skipped="2" failures="0" errors="0" time="0.306">
    <testcase time="0.0899999999999999" classname="aet10" name="aet10_can_handle_NA_values"/>
    <testcase time="0.0300000000000011" classname="aet10" name="aet10_can_handle_NA_values">
      <skipped message="Reason: On CRAN ('test-aet10.R:10:3')"/>
    </testcase>
    <testcase time="0.129000000000001" classname="aet10" name="aet10_can_handle_some_NA_values"/>
    <testcase time="0.0569999999999986" classname="aet10" name="aet10_can_handle_some_NA_values">
      <skipped message="Reason: On CRAN ('test-aet10.R:24:3')"/>
    </testcase>
  </testsuite>
  <testsuite name="assertions" timestamp="2023-05-08T06:51:35Z" hostname="a90133863b8d" tests="14" skipped="0" failures="0" errors="0" time="0.096">
    <testcase time="0.0210000000000008" classname="assertions" name="assert_colnames_works_as_expected"/>
    <testcase time="0.00600000000000023" classname="assertions" name="assert_colnames_works_as_expected"/>
    <testcase time="0.00199999999999889" classname="assertions" name="assert_colnames_works_as_expected"/>
    <testcase time="0.00600000000000023" classname="assertions" name="assert_colnames_works_as_expected"/>
    <testcase time="0.00600000000000023" classname="assertions" name="assert_one_tablenames_works_as_expected"/>
    <testcase time="0.00199999999999889" classname="assertions" name="assert_one_tablenames_works_as_expected"/>
    <testcase time="0.00600000000000023" classname="assertions" name="assert_one_tablenames_works_as_expected"/>
    <testcase time="0.00600000000000023" classname="assertions" name="assert_one_tablenames_works_as_expected"/>
    <testcase time="0.00499999999999901" classname="assertions" name="assert_all_tablenames_works_as_expected"/>
    <testcase time="0.00600000000000023" classname="assertions" name="assert_all_tablenames_works_as_expected"/>
    <testcase time="0.00600000000000023" classname="assertions" name="assert_all_tablenames_works_as_expected"/>
    <testcase time="0.0100000000000016" classname="assertions" name="assert_args_works_as_expected"/>
    <testcase time="0.00199999999999889" classname="assertions" name="assert_args_works_as_expected"/>
    <testcase time="0.0120000000000005" classname="assertions" name="assert_args_works_as_expected"/>
  </testsuite>
  <testsuite name="checks" timestamp="2023-05-08T06:51:35Z" hostname="a90133863b8d" tests="8" skipped="0" failures="0" errors="0" time="0.035">
    <testcase time="0.00900000000000034" classname="checks" name="check_all_colnames_works_as_expected"/>
    <testcase time="0.00399999999999778" classname="checks" name="check_all_colnames_works_as_expected"/>
    <testcase time="0.00200000000000244" classname="checks" name="check_all_colnames_works_as_expected"/>
    <testcase time="0.00399999999999778" classname="checks" name="check_all_colnames_works_as_expected"/>
    <testcase time="0.00499999999999901" classname="checks" name="check_one_colnames_works_as_expected"/>
    <testcase time="0.00400000000000134" classname="checks" name="check_one_colnames_works_as_expected"/>
    <testcase time="0.00300000000000011" classname="checks" name="check_one_colnames_works_as_expected"/>
    <testcase time="0.00400000000000134" classname="checks" name="check_one_colnames_works_as_expected"/>
  </testsuite>
  <testsuite name="chevron_tlg-class" timestamp="2023-05-08T06:51:35Z" hostname="a90133863b8d" tests="24" skipped="0" failures="0" errors="0" time="0.104">
    <testcase time="0.0109999999999992" classname="chevron_tlg_class" name="chevron_t_object_can_be_constructed_with_default_values"/>
    <testcase time="0.00499999999999901" classname="chevron_tlg_class" name="chevron_t_object_can_be_constructed_with_default_values"/>
    <testcase time="0.00600000000000023" classname="chevron_tlg_class" name="chevron_t_object_can_be_constructed_with_custom_values"/>
    <testcase time="0.00499999999999901" classname="chevron_tlg_class" name="chevron_t_object_can_be_constructed_with_custom_values"/>
    <testcase time="0.00300000000000011" classname="chevron_tlg_class" name="chevron_t_object_can_be_constructed_with_custom_values"/>
    <testcase time="0.00500000000000256" classname="chevron_tlg_class" name="chevron_t_object_can_be_constructed_with_custom_values"/>
    <testcase time="0.0069999999999979" classname="chevron_tlg_class" name="chevron_t_constructor_returns_an_error_when_expected"/>
    <testcase time="0.00100000000000122" classname="chevron_tlg_class" name="chevron_t_constructor_returns_an_error_when_expected"/>
    <testcase time="0.000999999999997669" classname="chevron_tlg_class" name="chevron_t_constructor_returns_an_error_when_expected"/>
    <testcase time="0.00200000000000244" classname="chevron_tlg_class" name="chevron_t_constructor_returns_an_error_when_expected"/>
    <testcase time="0.000999999999997669" classname="chevron_tlg_class" name="chevron_t_constructor_returns_an_error_when_expected"/>
    <testcase time="0.00200000000000244" classname="chevron_tlg_class" name="chevron_t_constructor_returns_an_error_when_expected"/>
    <testcase time="0.0069999999999979" classname="chevron_tlg_class" name="chevron_l_object_can_be_constructed_with_default_values"/>
    <testcase time="0.0139999999999993" classname="chevron_tlg_class" name="chevron_l_object_can_be_constructed_with_default_values"/>
    <testcase time="0.00800000000000267" classname="chevron_tlg_class" name="chevron_g_object_can_be_constructed_with_custom_values"/>
    <testcase time="0.00399999999999778" classname="chevron_tlg_class" name="chevron_g_object_can_be_constructed_with_custom_values"/>
    <testcase time="0.00300000000000011" classname="chevron_tlg_class" name="chevron_g_object_can_be_constructed_with_custom_values"/>
    <testcase time="0.00500000000000256" classname="chevron_tlg_class" name="chevron_g_object_can_be_constructed_with_custom_values"/>
    <testcase time="0.00600000000000023" classname="chevron_tlg_class" name="chevron_g_constructor_returns_an_error_when_expected"/>
    <testcase time="0.00199999999999889" classname="chevron_tlg_class" name="chevron_g_constructor_returns_an_error_when_expected"/>
    <testcase time="0.000999999999997669" classname="chevron_tlg_class" name="chevron_g_constructor_returns_an_error_when_expected"/>
    <testcase time="0.00200000000000244" classname="chevron_tlg_class" name="chevron_g_constructor_returns_an_error_when_expected"/>
    <testcase time="0.000999999999997669" classname="chevron_tlg_class" name="chevron_g_constructor_returns_an_error_when_expected"/>
    <testcase time="0.00200000000000244" classname="chevron_tlg_class" name="chevron_g_constructor_returns_an_error_when_expected"/>
  </testsuite>
  <testsuite name="chevron_tlg-methods" timestamp="2023-05-08T06:51:35Z" hostname="a90133863b8d" tests="46" skipped="4" failures="6" errors="0" time="4.229">
    <testcase time="3.297" classname="chevron_tlg_methods" name="run_works_as_expected_for_chevron_t_object">
      <skipped message="Reason: On CRAN ('test-chevron_tlg-methods.R:5:3')"/>
    </testcase>
    <testcase time="0.0269999999999975" classname="chevron_tlg_methods" name="run_returns_a_warning_if_provided_with_invalid_arguments"/>
    <testcase time="0.490000000000002" classname="chevron_tlg_methods" name="run_works_as_expected_for_chevron_t_object_when_auto_pre_FALSE">
      <skipped message="Reason: On CRAN ('test-chevron_tlg-methods.R:17:3')"/>
    </testcase>
    <testcase time="0.0159999999999982" classname="chevron_tlg_methods" name="args_ls_works_as_expected"/>
    <testcase time="0.00100000000000122" classname="chevron_tlg_methods" name="args_ls_works_as_expected"/>
    <testcase time="0.00199999999999889" classname="chevron_tlg_methods" name="args_ls_works_as_expected"/>
    <testcase time="0.00500000000000256" classname="chevron_tlg_methods" name="args_ls_works_as_expected_when_simplify_is_TRUE"/>
    <testcase time="0.00499999999999901" classname="chevron_tlg_methods" name="args_ls_works_as_expected_when_simplify_is_TRUE">
      <failure type="failure" message="Check on 'res' failed: Must have length 10, but has length 7 ('test-chevron_tlg-methods.R:30:3')">Check on 'res' failed: Must have length 10, but has length 7
Backtrace:
 1. checkmate::expect_list(res, len = 10, names = "named")
      at test-chevron_tlg-methods.R:30:2
 2. checkmate::makeExpectation(x, res, info, label)</failure>
    </testcase>
    <testcase time="0.032" classname="chevron_tlg_methods" name="args_ls_works_as_expected_when_simplify_is_TRUE">
      <failure type="failure" message="Check on 'names(res)' failed: Names must be a identical to set {'adam_db','arm_var','lbl_overall','lbl_aebodsys','lbl_aedecod','grade_groups','deco','...','tlg','prune_0'}, but is {'adam_db','arm_var','lbl_overall','grade_groups','...','tlg','prune_0'} ('test-chevron_tlg-methods.R:31:3')">Check on 'names(res)' failed: Names must be a identical to set {'adam_db','arm_var','lbl_overall','lbl_aebodsys','lbl_aedecod','grade_groups','deco','...','tlg','prune_0'}, but is {'adam_db','arm_var','lbl_overall','grade_groups','...','tlg','prune_0'}
Backtrace:
 1. checkmate::expect_names(...)
      at test-chevron_tlg-methods.R:31:2
 2. checkmate::makeExpectation(x, res, info, label)</failure>
    </testcase>
    <testcase time="0.0219999999999985" classname="chevron_tlg_methods" name="args_ls_works_as_expected_with_custom_chevron_tlg_object"/>
    <testcase time="0.00500000000000256" classname="chevron_tlg_methods" name="args_ls_works_as_expected_with_custom_chevron_tlg_object">
      <failure type="failure" message="Check on 'res' failed: Must have length 11, but has length 8 ('test-chevron_tlg-methods.R:47:3')">Check on 'res' failed: Must have length 11, but has length 8
Backtrace:
 1. checkmate::expect_list(res, len = 11, names = "named")
      at test-chevron_tlg-methods.R:47:2
 2. checkmate::makeExpectation(x, res, info, label)</failure>
    </testcase>
    <testcase time="0.0199999999999996" classname="chevron_tlg_methods" name="args_ls_works_as_expected_with_custom_chevron_tlg_object">
      <failure type="failure" message="Check on 'names(res)' failed: Names must be a identical to set {'adam_db','arm_var','lbl_overall','lbl_aebodsys','lbl_aedecod','grade_groups','deco','...','new_arg','tlg','prune_0'}, but is {'adam_db','arm_var','lbl_overall','grade_groups','...','new_arg','tlg','prune_0'} ('test-chevron_tlg-methods.R:48:3')">Check on 'names(res)' failed: Names must be a identical to set {'adam_db','arm_var','lbl_overall','lbl_aebodsys','lbl_aedecod','grade_groups','deco','...','new_arg','tlg','prune_0'}, but is {'adam_db','arm_var','lbl_overall','grade_groups','...','new_arg','tlg','prune_0'}
Backtrace:
 1. checkmate::expect_names(...)
      at test-chevron_tlg-methods.R:48:2
 2. checkmate::makeExpectation(x, res, info, label)</failure>
    </testcase>
    <testcase time="0.0189999999999984" classname="chevron_tlg_methods" name="args_ls_works_as_expected_with_custom_chevron_tlg_object"/>
    <testcase time="0.00900000000000034" classname="chevron_tlg_methods" name="main_works_as_expected"/>
    <testcase time="0.0100000000000016" classname="chevron_tlg_methods" name="get_main_works_as_expected"/>
    <testcase time="0.00399999999999778" classname="chevron_tlg_methods" name="get_main_works_as_expected"/>
    <testcase time="0.00900000000000034" classname="chevron_tlg_methods" name="main_setter_works_as_expected"/>
    <testcase time="0.0139999999999993" classname="chevron_tlg_methods" name="main_setter_throw_an_error_as_expected"/>
    <testcase time="0.00800000000000267" classname="chevron_tlg_methods" name="preprocess_works_as_expected"/>
    <testcase time="0.00999999999999801" classname="chevron_tlg_methods" name="get_preprocess_works_as_expected"/>
    <testcase time="0.00499999999999901" classname="chevron_tlg_methods" name="get_preprocess_works_as_expected"/>
    <testcase time="0.00800000000000267" classname="chevron_tlg_methods" name="preprocess_setter_works_as_expected"/>
    <testcase time="0.0139999999999993" classname="chevron_tlg_methods" name="preprocess_sends_an_error_as_expected"/>
    <testcase time="0.00799999999999912" classname="chevron_tlg_methods" name="postprocess_works_as_expected"/>
    <testcase time="0.0100000000000016" classname="chevron_tlg_methods" name="get_postprocess_works_as_expected"/>
    <testcase time="0.00499999999999901" classname="chevron_tlg_methods" name="get_postprocess_works_as_expected"/>
    <testcase time="0.00900000000000034" classname="chevron_tlg_methods" name="postprocess_setter_works_as_expected"/>
    <testcase time="0.0139999999999993" classname="chevron_tlg_methods" name="postprocess_sends_an_error_as_expected"/>
    <testcase time="0.00799999999999912" classname="chevron_tlg_methods" name="datasets_works_as_expected"/>
    <testcase time="0.0100000000000016" classname="chevron_tlg_methods" name="get_adam_datasets_works_as_expected"/>
    <testcase time="0.00399999999999778" classname="chevron_tlg_methods" name="get_adam_datasets_works_as_expected"/>
    <testcase time="0.00900000000000034" classname="chevron_tlg_methods" name="datasets_setter_works_as_expected"/>
    <testcase time="0.00700000000000145" classname="chevron_tlg_methods" name="script_works_as_expected"/>
    <testcase time="0.00499999999999901" classname="chevron_tlg_methods" name="script_works_as_expected">
      <failure type="failure" message="Check on 'res' failed: Must have length 7, but has length 4 ('test-chevron_tlg-methods.R:186:3')">Check on 'res' failed: Must have length 7, but has length 4
Backtrace:
 1. checkmate::expect_character(res, len = 7)
      at test-chevron_tlg-methods.R:186:2
 2. checkmate::makeExpectation(x, res, info, label)</failure>
    </testcase>
    <testcase time="0.0180000000000007" classname="chevron_tlg_methods" name="script_works_as_expected"/>
    <testcase time="0.0150000000000006" classname="chevron_tlg_methods" name="script_works_as_expected_with_dictionary_of_arguments"/>
    <testcase time="0.00499999999999901" classname="chevron_tlg_methods" name="script_works_as_expected_with_dictionary_of_arguments">
      <failure type="failure" message="Check on 'res' failed: Must have length 8, but has length 5 ('test-chevron_tlg-methods.R:192:3')">Check on 'res' failed: Must have length 8, but has length 5
Backtrace:
 1. checkmate::expect_character(res, len = 8)
      at test-chevron_tlg-methods.R:192:2
 2. checkmate::makeExpectation(x, res, info, label)</failure>
    </testcase>
    <testcase time="0.0169999999999995" classname="chevron_tlg_methods" name="script_works_as_expected_with_dictionary_of_arguments"/>
    <testcase time="0.00100000000000122" classname="chevron_tlg_methods" name="script_works_as_expected_with_dictionary_of_arguments"/>
    <testcase time="0.00499999999999901" classname="chevron_tlg_methods" name="script_funs_works_as_expected_in_interactive_mode">
      <skipped message="Reason: !interactive() is TRUE ('test-chevron_tlg-methods.R:200:3')"/>
    </testcase>
    <testcase time="0.0160000000000018" classname="chevron_tlg_methods" name="script_funs_works_as_expected_in_non_interactive_mode"/>
    <testcase time="0.0069999999999979" classname="chevron_tlg_methods" name="script_funs_works_as_expected_in_non_interactive_mode">
      <skipped message="Reason: On CRAN ('test-chevron_tlg-methods.R:208:3')"/>
    </testcase>
    <testcase time="0.0150000000000006" classname="chevron_tlg_methods" name="script_funs_works_as_expected"/>
    <testcase time="0.00199999999999889" classname="chevron_tlg_methods" name="script_funs_works_as_expected"/>
    <testcase time="0.00600000000000023" classname="chevron_tlg_methods" name="script_funs_works_as_expected_with_details_set_to_TRUE"/>
    <testcase time="0.00100000000000122" classname="chevron_tlg_methods" name="script_funs_works_as_expected_with_details_set_to_TRUE"/>
  </testsuite>
  <testsuite name="cmt01a" timestamp="2023-05-08T06:51:39Z" hostname="a90133863b8d" tests="12" skipped="6" failures="0" errors="0" time="3.439">
    <testcase time="0.178000000000001" classname="cmt01a" name="cmt01a_can_handle_all_NA_values"/>
    <testcase time="0.0549999999999997" classname="cmt01a" name="cmt01a_can_handle_all_NA_values">
      <skipped message="Reason: On CRAN ('test-cmt01a.R:10:3')"/>
    </testcase>
    <testcase time="0.762" classname="cmt01a" name="cmt01a_can_handle_some_NA_values"/>
    <testcase time="0.195" classname="cmt01a" name="cmt01a_can_handle_some_NA_values">
      <skipped message="Reason: On CRAN ('test-cmt01a.R:25:3')"/>
    </testcase>
    <testcase time="0.18" classname="cmt01a" name="cmt01a_2_can_handle_all_NA_values"/>
    <testcase time="0.0569999999999986" classname="cmt01a" name="cmt01a_2_can_handle_all_NA_values">
      <skipped message="Reason: On CRAN ('test-cmt01a.R:37:3')"/>
    </testcase>
    <testcase time="0.736000000000001" classname="cmt01a" name="cmt01a_2_can_handle_some_NA_values"/>
    <testcase time="0.195" classname="cmt01a" name="cmt01a_2_can_handle_some_NA_values">
      <skipped message="Reason: On CRAN ('test-cmt01a.R:52:3')"/>
    </testcase>
    <testcase time="0.184000000000001" classname="cmt01a" name="cmt01a_3_can_handle_all_NA_values"/>
    <testcase time="0.0399999999999991" classname="cmt01a" name="cmt01a_3_can_handle_all_NA_values">
      <skipped message="Reason: On CRAN ('test-cmt01a.R:64:3')"/>
    </testcase>
    <testcase time="0.690999999999999" classname="cmt01a" name="cmt01a_3_can_handle_some_NA_values"/>
    <testcase time="0.166" classname="cmt01a" name="cmt01a_3_can_handle_some_NA_values">
      <skipped message="Reason: On CRAN ('test-cmt01a.R:79:3')"/>
    </testcase>
  </testsuite>
  <testsuite name="cmt02_pt" timestamp="2023-05-08T06:51:43Z" hostname="a90133863b8d" tests="4" skipped="2" failures="0" errors="0" time="0.425">
    <testcase time="0.138999999999999" classname="cmt02_pt" name="cmt02_pt_1_can_handle_all_NA_values"/>
    <testcase time="0.0459999999999994" classname="cmt02_pt" name="cmt02_pt_1_can_handle_all_NA_values">
      <skipped message="Reason: On CRAN ('test-cmt02_pt.R:10:3')"/>
    </testcase>
    <testcase time="0.173000000000002" classname="cmt02_pt" name="cmt02_pt_1_can_handle_some_NA_values"/>
    <testcase time="0.0670000000000002" classname="cmt02_pt" name="cmt02_pt_1_can_handle_some_NA_values">
      <skipped message="Reason: On CRAN ('test-cmt02_pt.R:25:3')"/>
    </testcase>
  </testsuite>
  <testsuite name="default_tlg" timestamp="2023-05-08T06:51:43Z" hostname="a90133863b8d" tests="38" skipped="38" failures="0" errors="0" time="41.205">
    <testcase time="0.0910000000000011" classname="default_tlg" name="ael01_nollt_function_with_default_argument_value_return_expected_result_with_test_data">
      <skipped message="Reason: On CRAN ('test-default_tlg.R:5:3')"/>
    </testcase>
    <testcase time="0.413999999999998" classname="default_tlg" name="aet01_function_with_default_argument_value_return_expected_result_with_test_data">
      <skipped message="Reason: On CRAN ('test-default_tlg.R:12:3')"/>
    </testcase>
    <testcase time="0.359000000000002" classname="default_tlg" name="aet01_aesi_function_with_default_argument_value_return_expected_result_with_test_data">
      <skipped message="Reason: On CRAN ('test-default_tlg.R:19:3')"/>
    </testcase>
    <testcase time="0.886999999999997" classname="default_tlg" name="aet02_functions_with_default_argument_value_return_expected_result_with_test_data">
      <skipped message="Reason: On CRAN ('test-default_tlg.R:26:3')"/>
    </testcase>
    <testcase time="2.307" classname="default_tlg" name="aet03_functions_with_default_argument_value_return_expected_result_with_test_data">
      <skipped message="Reason: On CRAN ('test-default_tlg.R:33:3')"/>
    </testcase>
    <testcase time="3.457" classname="default_tlg" name="aet04_functions_with_default_argument_value_return_expected_result_with_test_data">
      <skipped message="Reason: On CRAN ('test-default_tlg.R:40:3')"/>
    </testcase>
    <testcase time="0.189999999999998" classname="default_tlg" name="aet10_functions_with_default_argument_value_return_expected_result_with_test_data">
      <skipped message="Reason: On CRAN ('test-default_tlg.R:47:3')"/>
    </testcase>
    <testcase time="0.883000000000003" classname="default_tlg" name="cmt01a_1_functions_with_default_argument_value_return_expected_result_with_test_data">
      <skipped message="Reason: On CRAN ('test-default_tlg.R:54:3')"/>
    </testcase>
    <testcase time="0.872999999999998" classname="default_tlg" name="cmt01a_2_functions_with_default_argument_value_return_expected_result_with_test_data">
      <skipped message="Reason: On CRAN ('test-default_tlg.R:61:3')"/>
    </testcase>
    <testcase time="0.816000000000003" classname="default_tlg" name="cmt01a_3_functions_with_default_argument_value_return_expected_result_with_test_data">
      <skipped message="Reason: On CRAN ('test-default_tlg.R:68:3')"/>
    </testcase>
    <testcase time="0.247" classname="default_tlg" name="cmt02_pt_1_functions_with_default_argument_value_return_expected_result_with_test_data">
      <skipped message="Reason: On CRAN ('test-default_tlg.R:75:3')"/>
    </testcase>
    <testcase time="0.474000000000004" classname="default_tlg" name="dmt01_1_functions_with_default_argument_value_return_expected_result_with_test_data">
      <skipped message="Reason: On CRAN ('test-default_tlg.R:82:3')"/>
    </testcase>
    <testcase time="0.412999999999997" classname="default_tlg" name="dst01_1_functions_with_default_argument_value_return_expected_result_with_test_data">
      <skipped message="Reason: On CRAN ('test-default_tlg.R:89:3')"/>
    </testcase>
    <testcase time="0.552" classname="default_tlg" name="dst01_2_functions_with_default_argument_value_return_expected_result_with_test_data">
      <skipped message="Reason: On CRAN ('test-default_tlg.R:96:3')"/>
    </testcase>
    <testcase time="0.759" classname="default_tlg" name="dst01_3_functions_with_default_argument_value_return_expected_result_with_test_data">
      <skipped message="Reason: On CRAN ('test-default_tlg.R:103:3')"/>
    </testcase>
    <testcase time="0.155000000000001" classname="default_tlg" name="dtht01_1_functions_with_default_argument_value_return_expected_result_with_test_data">
      <skipped message="Reason: On CRAN ('test-default_tlg.R:110:3')"/>
    </testcase>
    <testcase time="3.143" classname="default_tlg" name="egt01_1_functions_with_default_argument_value_return_expected_result_with_test_data">
      <skipped message="Reason: On CRAN ('test-default_tlg.R:117:3')"/>
    </testcase>
    <testcase time="0.301000000000002" classname="default_tlg" name="egt02_1_functions_with_default_argument_value_return_expected_result_with_test_data">
      <skipped message="Reason: On CRAN ('test-default_tlg.R:124:3')"/>
    </testcase>
    <testcase time="0.276999999999994" classname="default_tlg" name="egt02_2_functions_with_default_argument_value_return_expected_result_with_test_data">
      <skipped message="Reason: On CRAN ('test-default_tlg.R:131:3')"/>
    </testcase>
    <testcase time="0.381" classname="default_tlg" name="egt03_1_functions_with_default_argument_value_return_expected_result_with_test_data">
      <skipped message="Reason: On CRAN ('test-default_tlg.R:138:3')"/>
    </testcase>
    <testcase time="0.406000000000006" classname="default_tlg" name="egt03_2_functions_with_default_argument_value_return_expected_result_with_test_data">
      <skipped message="Reason: On CRAN ('test-default_tlg.R:145:3')"/>
    </testcase>
    <testcase time="0.899999999999999" classname="default_tlg" name="egt05_qtcat_1_functions_with_default_argument_value_return_expected_result_with_test_data">
      <skipped message="Reason: On CRAN ('test-default_tlg.R:152:3')"/>
    </testcase>
    <testcase time="0.247" classname="default_tlg" name="ext01_1_functions_with_default_argument_value_return_expected_result_with_test_data">
      <skipped message="Reason: On CRAN ('test-default_tlg.R:159:3')"/>
    </testcase>
    <testcase time="0.256999999999998" classname="default_tlg" name="ext01_2_functions_with_default_argument_value_return_expected_result_with_test_data">
      <skipped message="Reason: On CRAN ('test-default_tlg.R:167:3')"/>
    </testcase>
    <testcase time="2.178" classname="default_tlg" name="lbt01_1_functions_with_default_argument_value_return_expected_result_with_test_data">
      <skipped message="Reason: On CRAN ('test-default_tlg.R:174:3')"/>
    </testcase>
    <testcase time="0.602000000000004" classname="default_tlg" name="lbt04_1_functions_with_default_argument_value_return_expected_result_with_test_data">
      <skipped message="Reason: On CRAN ('test-default_tlg.R:181:3')"/>
    </testcase>
    <testcase time="0.613999999999997" classname="default_tlg" name="lbt05_1_functions_with_default_argument_value_return_expected_result_with_test_data">
      <skipped message="Reason: On CRAN ('test-default_tlg.R:188:3')"/>
    </testcase>
    <testcase time="0.907000000000004" classname="default_tlg" name="lbt07_1_functions_with_default_argument_value_return_expected_result_with_test_data">
      <skipped message="Reason: On CRAN ('test-default_tlg.R:195:3')"/>
    </testcase>
    <testcase time="1.923" classname="default_tlg" name="lbt14_1_functions_with_default_argument_value_return_expected_result_with_test_data">
      <skipped message="Reason: On CRAN ('test-default_tlg.R:202:3')"/>
    </testcase>
    <testcase time="2.04199999999999" classname="default_tlg" name="lbt14_2_functions_with_default_argument_value_return_expected_result_with_test_data">
      <skipped message="Reason: On CRAN ('test-default_tlg.R:209:3')"/>
    </testcase>
    <testcase time="0.464000000000006" classname="default_tlg" name="mht01_1_functions_with_default_argument_value_return_expected_result_with_test_data">
      <skipped message="Reason: On CRAN ('test-default_tlg.R:216:3')"/>
    </testcase>
    <testcase time="0.405999999999999" classname="default_tlg" name="pdt01_1_function_with_default_argument_value_return_expected_result_with_test_data">
      <skipped message="Reason: On CRAN ('test-default_tlg.R:223:3')"/>
    </testcase>
    <testcase time="0.198999999999998" classname="default_tlg" name="pdt02_1_function_with_default_argument_value_return_expected_result_with_test_data">
      <skipped message="Reason: On CRAN ('test-default_tlg.R:230:3')"/>
    </testcase>
    <testcase time="0.189" classname="default_tlg" name="rmpt01_1_function_with_default_argument_value_return_expected_result_with_test_data">
      <skipped message="Reason: On CRAN ('test-default_tlg.R:237:3')"/>
    </testcase>
    <testcase time="5.944" classname="default_tlg" name="vst01_1_functions_with_default_argument_value_return_expected_result_with_test_data">
      <skipped message="Reason: On CRAN ('test-default_tlg.R:244:3')"/>
    </testcase>
    <testcase time="6.083" classname="default_tlg" name="vst01_1_functions_with_default_argument_value_return_expected_result_with_test_data">
      <skipped message="Reason: On CRAN ('test-default_tlg.R:251:3')"/>
    </testcase>
    <testcase time="0.438000000000002" classname="default_tlg" name="vst02_1_functions_with_default_argument_value_return_expected_result_with_test_data">
      <skipped message="Reason: On CRAN ('test-default_tlg.R:258:3')"/>
    </testcase>
    <testcase time="0.426999999999992" classname="default_tlg" name="vst02_2_functions_with_default_argument_value_return_expected_result_with_test_data">
      <skipped message="Reason: On CRAN ('test-default_tlg.R:265:3')"/>
    </testcase>
  </testsuite>
  <testsuite name="dmt01" timestamp="2023-05-08T06:52:25Z" hostname="a90133863b8d" tests="4" skipped="2" failures="0" errors="0" time="0.962">
    <testcase time="0.354000000000013" classname="dmt01" name="dmt01_1_can_handle_NA_values"/>
    <testcase time="0.10799999999999" classname="dmt01" name="dmt01_1_can_handle_NA_values">
      <skipped message="Reason: On CRAN ('test-dmt01.R:10:3')"/>
    </testcase>
    <testcase time="0.356999999999999" classname="dmt01" name="dmt01_1_can_handle_some_NA_values"/>
    <testcase time="0.143000000000001" classname="dmt01" name="dmt01_1_can_handle_some_NA_values">
      <skipped message="Reason: On CRAN ('test-dmt01.R:22:3')"/>
    </testcase>
  </testsuite>
  <testsuite name="dst01" timestamp="2023-05-08T06:52:26Z" hostname="a90133863b8d" tests="26" skipped="13" failures="0" errors="0" time="5.924">
    <testcase time="0.27300000000001" classname="dst01" name="dst01_can_handle_all_NA_values"/>
    <testcase time="0.0379999999999967" classname="dst01" name="dst01_can_handle_all_NA_values">
      <skipped message="Reason: On CRAN ('test-dst01.R:12:3')"/>
    </testcase>
    <testcase time="0.289999999999992" classname="dst01" name="dst01_1_can_handle_all_NA_values_in_disc_reason_var"/>
    <testcase time="0.0460000000000065" classname="dst01" name="dst01_1_can_handle_all_NA_values_in_disc_reason_var">
      <skipped message="Reason: On CRAN ('test-dst01.R:23:3')"/>
    </testcase>
    <testcase time="0.328000000000003" classname="dst01" name="dst01_1_can_handle_some_NA_values"/>
    <testcase time="0.0759999999999934" classname="dst01" name="dst01_1_can_handle_some_NA_values">
      <skipped message="Reason: On CRAN ('test-dst01.R:35:3')"/>
    </testcase>
    <testcase time="0.304000000000002" classname="dst01" name="dst01_1_can_handle_missing_levels_in_status_var"/>
    <testcase time="0.0559999999999974" classname="dst01" name="dst01_1_can_handle_missing_levels_in_status_var">
      <skipped message="Reason: On CRAN ('test-dst01.R:46:3')"/>
    </testcase>
    <testcase time="0.281999999999996" classname="dst01" name="dst01_1_can_handle_missing_levels_in_disc_reason_var"/>
    <testcase time="0.0500000000000114" classname="dst01" name="dst01_1_can_handle_missing_levels_in_disc_reason_var">
      <skipped message="Reason: On CRAN ('test-dst01.R:57:3')"/>
    </testcase>
    <testcase time="0.24199999999999" classname="dst01" name="dst01_2_can_handle_all_NA_values"/>
    <testcase time="0.0320000000000107" classname="dst01" name="dst01_2_can_handle_all_NA_values">
      <skipped message="Reason: On CRAN ('test-dst01.R:72:3')"/>
    </testcase>
    <testcase time="0.254999999999995" classname="dst01" name="dst01_2_can_handle_all_NA_values_in_disc_reason_var"/>
    <testcase time="0.0450000000000017" classname="dst01" name="dst01_2_can_handle_all_NA_values_in_disc_reason_var">
      <skipped message="Reason: On CRAN ('test-dst01.R:83:3')"/>
    </testcase>
    <testcase time="0.472999999999999" classname="dst01" name="dst01_2_can_handle_some_NA_values"/>
    <testcase time="0.0849999999999937" classname="dst01" name="dst01_2_can_handle_some_NA_values">
      <skipped message="Reason: On CRAN ('test-dst01.R:95:3')"/>
    </testcase>
    <testcase time="0.314999999999998" classname="dst01" name="dst01_2_can_handle_missing_levels_in_disc_reason_var"/>
    <testcase time="0.0550000000000068" classname="dst01" name="dst01_2_can_handle_missing_levels_in_disc_reason_var">
      <skipped message="Reason: On CRAN ('test-dst01.R:106:3')"/>
    </testcase>
    <testcase time="0.403999999999996" classname="dst01" name="dst01_3_can_handle_all_NA_values"/>
    <testcase time="0.0330000000000013" classname="dst01" name="dst01_3_can_handle_all_NA_values">
      <skipped message="Reason: On CRAN ('test-dst01.R:121:3')"/>
    </testcase>
    <testcase time="0.641000000000005" classname="dst01" name="dst01_3_can_handle_all_NA_values_in_status_treatment_var"/>
    <testcase time="0.0829999999999984" classname="dst01" name="dst01_3_can_handle_all_NA_values_in_status_treatment_var">
      <skipped message="Reason: On CRAN ('test-dst01.R:132:3')"/>
    </testcase>
    <testcase time="0.644999999999996" classname="dst01" name="dst01_3_can_handle_some_NA_values_in_status_treatment_var"/>
    <testcase time="0.119" classname="dst01" name="dst01_3_can_handle_some_NA_values_in_status_treatment_var">
      <skipped message="Reason: On CRAN ('test-dst01.R:143:3')"/>
    </testcase>
    <testcase time="0.647000000000006" classname="dst01" name="dst01_3_can_handle_missing_levels_in_status_treatment_var"/>
    <testcase time="0.106999999999999" classname="dst01" name="dst01_3_can_handle_missing_levels_in_status_treatment_var">
      <skipped message="Reason: On CRAN ('test-dst01.R:154:3')"/>
    </testcase>
  </testsuite>
  <testsuite name="dtht01" timestamp="2023-05-08T06:52:31Z" hostname="a90133863b8d" tests="5" skipped="3" failures="0" errors="0" time="1.481">
    <testcase time="0.331999999999994" classname="dtht01" name="dtht01_can_handle_all_NA_values"/>
    <testcase time="0.0420000000000016" classname="dtht01" name="dtht01_can_handle_all_NA_values">
      <skipped message="Reason: On CRAN ('test-dtht01.R:12:3')"/>
    </testcase>
    <testcase time="0.423000000000002" classname="dtht01" name="dtht01_can_handle_some_NA_values"/>
    <testcase time="0.134" classname="dtht01" name="dtht01_can_handle_some_NA_values">
      <skipped message="Reason: On CRAN ('test-dtht01.R:27:3')"/>
    </testcase>
    <testcase time="0.549999999999997" classname="dtht01" name="dtht01_can_be_parametrize_as_expected">
      <skipped message="Reason: On CRAN ('test-dtht01.R:38:3')"/>
    </testcase>
  </testsuite>
  <testsuite name="egt03" timestamp="2023-05-08T06:52:33Z" hostname="a90133863b8d" tests="9" skipped="4" failures="0" errors="0" time="1.625">
    <testcase time="0.307000000000002" classname="egt03" name="egt03_1_can_handle_all_NA_values"/>
    <testcase time="0.0870000000000033" classname="egt03" name="egt03_1_can_handle_all_NA_values">
      <skipped message="Reason: On CRAN ('test-egt03.R:11:3')"/>
    </testcase>
    <testcase time="0.323999999999998" classname="egt03" name="egt03_1_can_handle_some_NA_values"/>
    <testcase time="0.0870000000000033" classname="egt03" name="egt03_1_can_handle_some_NA_values">
      <skipped message="Reason: On CRAN ('test-egt03.R:29:3')"/>
    </testcase>
    <testcase time="0.304999999999993" classname="egt03" name="egt03_2_can_handle_all_NA_values"/>
    <testcase time="0.0970000000000084" classname="egt03" name="egt03_2_can_handle_all_NA_values">
      <skipped message="Reason: On CRAN ('test-egt03.R:42:3')"/>
    </testcase>
    <testcase time="0.307999999999993" classname="egt03" name="egt03_2_can_handle_some_NA_values"/>
    <testcase time="0.0840000000000032" classname="egt03" name="egt03_2_can_handle_some_NA_values">
      <skipped message="Reason: On CRAN ('test-egt03.R:57:3')"/>
    </testcase>
    <testcase time="0.0259999999999962" classname="egt03" name="egt03_1_fails_on_incomplete_data"/>
  </testsuite>
  <testsuite name="egt05_qtcat" timestamp="2023-05-08T06:52:35Z" hostname="a90133863b8d" tests="4" skipped="2" failures="0" errors="0" time="1.013">
    <testcase time="0.0919999999999987" classname="egt05_qtcat" name="egt05_qtcat_can_handle_all_NA_values"/>
    <testcase time="0.0150000000000006" classname="egt05_qtcat" name="egt05_qtcat_can_handle_all_NA_values">
      <skipped message="Reason: On CRAN ('test-egt05_qtcat.R:11:3')"/>
    </testcase>
    <testcase time="0.647000000000006" classname="egt05_qtcat" name="egt05_qtcat_can_handle_some_NA_values"/>
    <testcase time="0.259" classname="egt05_qtcat" name="egt05_qtcat_can_handle_some_NA_values">
      <skipped message="Reason: On CRAN ('test-egt05_qtcat.R:31:3')"/>
    </testcase>
  </testsuite>
  <testsuite name="empty_report" timestamp="2023-05-08T06:52:36Z" hostname="a90133863b8d" tests="31" skipped="0" failures="1" errors="0" time="7.405">
    <testcase time="1.994" classname="empty_report" name="tlg_functions_return_null_reports_when_domain_table_is_empty"/>
    <testcase time="0.24799999999999" classname="empty_report" name="tlg_functions_return_null_reports_when_domain_table_is_empty"/>
    <testcase time="0.108000000000004" classname="empty_report" name="tlg_functions_return_null_reports_when_domain_table_is_empty"/>
    <testcase time="0.13000000000001" classname="empty_report" name="tlg_functions_return_null_reports_when_domain_table_is_empty"/>
    <testcase time="1.45999999999999" classname="empty_report" name="tlg_functions_return_null_reports_when_domain_table_is_empty">
      <failure type="failure" message="`res` (`actual`) not identical to `empty_report` (`expected`). ('test-empty_report.R:33:3')">`res` (`actual`) not identical to `empty_report` (`expected`).

`actual@content@labelrow@col_info@tree_layout@display_columncounts`:   TRUE 
`expected@content@labelrow@col_info@tree_layout@display_columncounts`: FALSE

is(actual@content@labelrow@col_info@tree_layout@split) vs is(expected@content@labelrow@col_info@tree_layout@split)
- "VarLevelSplit"
- "CustomizableSplit"
+ "AllSplit"
  "Split"

`actual@content@labelrow@col_info@tree_layout@split@value_label_var` is a character vector ('ACTARM')
`expected@content@labelrow@col_info@tree_layout@split@value_label_var` is absent

`actual@content@labelrow@col_info@tree_layout@split@value_order` is a character vector ('A: Drug X', 'B: Placebo', 'C: Combination')
`expected@content@labelrow@col_info@tree_layout@split@value_order` is absent

`actual@content@labelrow@col_info@tree_layout@split@split_fun` is NULL
`expected@content@labelrow@col_info@tree_layout@split@split_fun` is absent

`actual@content@labelrow@col_info@tree_layout@split@payload` is a character vector ('ACTARM')
`expected@content@labelrow@col_info@tree_layout@split@payload` is NULL

`actual@content@labelrow@col_info@tree_layout@split@name`:   "ACTARM" 
`expected@content@labelrow@col_info@tree_layout@split@name`: "all obs"

`actual@content@labelrow@col_info@tree_layout@split@split_label`:   "ACTARM"
`expected@content@labelrow@col_info@tree_layout@split@split_label`: ""      

actual@content@labelrow@col_info@tree_layout@split@split_label_position vs expected@content@labelrow@col_info@tree_layout@split@split_label_position
- "topleft"
- "hidden"
- "visible"
+ "hidden"

`actual@content@labelrow@col_info@tree_layout@split@label_children`:   &lt;NA&gt; 
`expected@content@labelrow@col_info@tree_layout@split@label_children`: FALSE

`actual@content@labelrow@col_info@tree_layout@children` is length 3
`expected@content@labelrow@col_info@tree_layout@children` is length 0

`names(actual@content@labelrow@col_info@tree_layout@children)` is a character vector ('A: Drug X', 'B: Placebo', 'C: Combination')
`names(expected@content@labelrow@col_info@tree_layout@children)` is absent

`actual@content@labelrow@col_info@tree_layout@children$A: Drug X` is an S4 object of class &lt;LayoutColLeaf&gt;
`expected@content@labelrow@col_info@tree_layout@children$A: Drug X` is absent

`actual@content@labelrow@col_info@tree_layout@children$B: Placebo` is an S4 object of class &lt;LayoutColLeaf&gt;
`expected@content@labelrow@col_info@tree_layout@children$B: Placebo` is absent

`actual@content@labelrow@col_info@tree_layout@children$C: Combination` is an S4 object of class &lt;LayoutColLeaf&gt;
`expected@content@labelrow@col_info@tree_layout@children$C: Combination` is absent

  `actual@content@labelrow@col_info@tree_layout@level`: 1
`expected@content@labelrow@col_info@tree_layout@level`: 0

`actual@content@labelrow@col_info@tree_layout@name`:   ""       
`expected@content@labelrow@col_info@tree_layout@name`: "all obs"

`actual@content@labelrow@col_info@subset_exprs` is length 3
`expected@content@labelrow@col_info@subset_exprs` is length 0

`names(actual@content@labelrow@col_info@subset_exprs)` is a character vector ('A: Drug X', 'B: Placebo', 'C: Combination')
`names(expected@content@labelrow@col_info@subset_exprs)` is absent

`actual@content@labelrow@col_info@subset_exprs$A: Drug X` is an expression vector
`expected@content@labelrow@col_info@subset_exprs$A: Drug X` is absent

`actual@content@labelrow@col_info@subset_exprs$B: Placebo` is an expression vector
`expected@content@labelrow@col_info@subset_exprs$B: Placebo` is absent

`actual@content@labelrow@col_info@subset_exprs$C: Combination` is an expression vector
`expected@content@labelrow@col_info@subset_exprs$C: Combination` is absent

`actual@content@labelrow@col_info@cextra_args` is length 3
`expected@content@labelrow@col_info@cextra_args` is length 0

`names(actual@content@labelrow@col_info@cextra_args)` is a character vector ('A: Drug X', 'B: Placebo', 'C: Combination')
`names(expected@content@labelrow@col_info@cextra_args)` is absent

`actual@content@labelrow@col_info@cextra_args$A: Drug X` is a list
`expected@content@labelrow@col_info@cextra_args$A: Drug X` is absent

`actual@content@labelrow@col_info@cextra_args$B: Placebo` is a list
`expected@content@labelrow@col_info@cextra_args$B: Placebo` is absent

`actual@content@labelrow@col_info@cextra_args$C: Combination` is a list
`expected@content@labelrow@col_info@cextra_args$C: Combination` is absent

  `actual@content@labelrow@col_info@counts`: 0 0 0
`expected@content@labelrow@col_info@counts`:      

  `actual@content@labelrow@col_info@total_count`:  0
`expected@content@labelrow@col_info@total_count`: NA

`actual@content@labelrow@col_info@display_columncounts`:   TRUE 
`expected@content@labelrow@col_info@display_columncounts`: FALSE

actual@content@labelrow@col_info@top_left vs expected@content@labelrow@col_info@top_left
- "MedDRA System Organ Class"
- "  MedDRA Preferred Term"
- "                            Grade"

`actual@content@col_info@tree_layout@display_columncounts`:   TRUE 
`expected@content@col_info@tree_layout@display_columncounts`: FALSE

is(actual@content@col_info@tree_layout@split) vs is(expected@content@col_info@tree_layout@split)
- "VarLevelSplit"
- "CustomizableSplit"
+ "AllSplit"
  "Split"

`actual@content@col_info@tree_layout@split@value_label_var` is a character vector ('ACTARM')
`expected@content@col_info@tree_layout@split@value_label_var` is absent

`actual@content@col_info@tree_layout@split@value_order` is a character vector ('A: Drug X', 'B: Placebo', 'C: Combination')
`expected@content@col_info@tree_layout@split@value_order` is absent

`actual@content@col_info@tree_layout@split@split_fun` is NULL
`expected@content@col_info@tree_layout@split@split_fun` is absent

`actual@content@col_info@tree_layout@split@payload` is a character vector ('ACTARM')
`expected@content@col_info@tree_layout@split@payload` is NULL

`actual@content@col_info@tree_layout@split@name`:   "ACTARM" 
`expected@content@col_info@tree_layout@split@name`: "all obs"

`actual@content@col_info@tree_layout@split@split_label`:   "ACTARM"
`expected@content@col_info@tree_layout@split@split_label`: ""      

actual@content@col_info@tree_layout@split@split_label_position vs expected@content@col_info@tree_layout@split@split_label_position
- "topleft"
- "hidden"
- "visible"
+ "hidden"

`actual@content@col_info@tree_layout@split@label_children`:   &lt;NA&gt; 
`expected@content@col_info@tree_layout@split@label_children`: FALSE

`actual@content@col_info@tree_layout@children` is length 3
`expected@content@col_info@tree_layout@children` is length 0

`names(actual@content@col_info@tree_layout@children)` is a character vector ('A: Drug X', 'B: Placebo', 'C: Combination')
`names(expected@content@col_info@tree_layout@children)` is absent

`actual@content@col_info@tree_layout@children$A: Drug X` is an S4 object of class &lt;LayoutColLeaf&gt;
`expected@content@col_info@tree_layout@children$A: Drug X` is absent

`actual@content@col_info@tree_layout@children$B: Placebo` is an S4 object of class &lt;LayoutColLeaf&gt;
`expected@content@col_info@tree_layout@children$B: Placebo` is absent

`actual@content@col_info@tree_layout@children$C: Combination` is an S4 object of class &lt;LayoutColLeaf&gt;
`expected@content@col_info@tree_layout@children$C: Combination` is absent

  `actual@content@col_info@tree_layout@level`: 1
`expected@content@col_info@tree_layout@level`: 0

`actual@content@col_info@tree_layout@name`:   ""       
`expected@content@col_info@tree_layout@name`: "all obs"

`actual@content@col_info@subset_exprs` is length 3
`expected@content@col_info@subset_exprs` is length 0

`names(actual@content@col_info@subset_exprs)` is a character vector ('A: Drug X', 'B: Placebo', 'C: Combination')
`names(expected@content@col_info@subset_exprs)` is absent

`actual@content@col_info@subset_exprs$A: Drug X` is an expression vector
`expected@content@col_info@subset_exprs$A: Drug X` is absent

`actual@content@col_info@subset_exprs$B: Placebo` is an expression vector
`expected@content@col_info@subset_exprs$B: Placebo` is absent

`actual@content@col_info@subset_exprs$C: Combination` is an expression vector
`expected@content@col_info@subset_exprs$C: Combination` is absent

`actual@content@col_info@cextra_args` is length 3
`expected@content@col_info@cextra_args` is length 0

`names(actual@content@col_info@cextra_args)` is a character vector ('A: Drug X', 'B: Placebo', 'C: Combination')
`names(expected@content@col_info@cextra_args)` is absent

`actual@content@col_info@cextra_args$A: Drug X` is a list
`expected@content@col_info@cextra_args$A: Drug X` is absent

`actual@content@col_info@cextra_args$B: Placebo` is a list
`expected@content@col_info@cextra_args$B: Placebo` is absent

`actual@content@col_info@cextra_args$C: Combination` is a list
`expected@content@col_info@cextra_args$C: Combination` is absent

  `actual@content@col_info@counts`: 0 0 0
`expected@content@col_info@counts`:      

  `actual@content@col_info@total_count`:  0
`expected@content@col_info@total_count`: NA

`actual@content@col_info@display_columncounts`:   TRUE 
`expected@content@col_info@display_columncounts`: FALSE

    actual@content@col_info@top_left    | expected@content@col_info@top_left 
[1] "MedDRA System Organ Class"         -                                    
[2] "  MedDRA Preferred Term"           -                                    
[3] "                            Grade" -                                    

  `actual@content@level`: 0
`expected@content@level`: 1

`actual@content@name`:   "root@content"
`expected@content@name`: ""            

names(actual@children) vs names(expected@children)
- "ATOXGR"
+ "Null Report: No observations met the reporting criteria for inclusion in this output."

`actual@children$ATOXGR` is an S4 object of class &lt;TableTree&gt;
`expected@children$ATOXGR` is absent

`actual@children$Null Report: No observations met the reporting criteria for inclusion in this output.` is absent
`expected@children$Null Report: No observations met the reporting criteria for inclusion in this output.` is an S4 object of class &lt;LabelRow&gt;

`actual@labelrow@col_info@tree_layout@display_columncounts`:   TRUE 
`expected@labelrow@col_info@tree_layout@display_columncounts`: FALSE

is(actual@labelrow@col_info@tree_layout@split) vs is(expected@labelrow@col_info@tree_layout@split)
- "VarLevelSplit"
+ "ManualSplit"
- "CustomizableSplit"
+ "AllSplit"
  "Split"

`actual@labelrow@col_info@tree_layout@split@value_label_var` is a character vector ('ACTARM')
`expected@labelrow@col_info@tree_layout@split@value_label_var` is absent

`actual@labelrow@col_info@tree_layout@split@value_order` is a character vector ('A: Drug X', 'B: Placebo', 'C: Combination')
`expected@labelrow@col_info@tree_layout@split@value_order` is absent

`actual@labelrow@col_info@tree_layout@split@split_fun` is NULL
`expected@labelrow@col_info@tree_layout@split@split_fun` is absent

`actual@labelrow@col_info@tree_layout@split@payload` is a character vector ('ACTARM')
`expected@labelrow@col_info@tree_layout@split@payload` is NULL

`actual@labelrow@col_info@tree_layout@split@name`:   "ACTARM"
`expected@labelrow@col_info@tree_layout@split@name`: "manual"

`actual@labelrow@col_info@tree_layout@split@split_label`:   "ACTARM"    
`expected@labelrow@col_info@tree_layout@split@split_label`: "colsplit 1"

actual@labelrow@col_info@tree_layout@split@split_label_position vs expected@labelrow@col_info@tree_layout@split@split_label_position
- "topleft"
- "hidden"
  "visible"

`actual@labelrow@col_info@tree_layout@split@content_na_str`:   NA
`expected@labelrow@col_info@tree_layout@split@content_na_str`:   

`actual@labelrow@col_info@tree_layout@split@label_children`:   &lt;NA&gt; 
`expected@labelrow@col_info@tree_layout@split@label_children`: FALSE

`actual@labelrow@col_info@tree_layout@split@levels` is absent
`expected@labelrow@col_info@tree_layout@split@levels` is a character vector ('')

`actual@labelrow@col_info@tree_layout@children` is length 3
`expected@labelrow@col_info@tree_layout@children` is length 1

names(actual@labelrow@col_info@tree_layout@children) vs names(expected@labelrow@col_info@tree_layout@children)
- "A: Drug X"
- "B: Placebo"
- "C: Combination"
+ ""

is(actual@labelrow@col_info@tree_layout@children[[1]]@pos_in_tree@splits[[1]]) vs is(expected@labelrow@col_info@tree_layout@children[[1]]@pos_in_tree@splits[[1]])
- "VarLevelSplit"
+ "ManualSplit"
- "CustomizableSplit"
+ "AllSplit"
  "Split"

`actual@labelrow@col_info@tree_layout@children[[1]]@pos_in_tree@splits[[1]]@value_label_var` is a character vector ('ACTARM')
`expected@labelrow@col_info@tree_layout@children[[1]]@pos_in_tree@splits[[1]]@value_label_var` is absent

`actual@labelrow@col_info@tree_layout@children[[1]]@pos_in_tree@splits[[1]]@value_order` is a character vector ('A: Drug X', 'B: Placebo', 'C: Combination')
`expected@labelrow@col_info@tree_layout@children[[1]]@pos_in_tree@splits[[1]]@value_order` is absent

`actual@labelrow@col_info@tree_layout@children[[1]]@pos_in_tree@splits[[1]]@split_fun` is NULL
`expected@labelrow@col_info@tree_layout@children[[1]]@pos_in_tree@splits[[1]]@split_fun` is absent

`actual@labelrow@col_info@tree_layout@children[[1]]@pos_in_tree@splits[[1]]@payload` is a character vector ('ACTARM')
`expected@labelrow@col_info@tree_layout@children[[1]]@pos_in_tree@splits[[1]]@payload` is NULL

actual@labelrow@col_info@tree_layout@children[[1]]@pos_in_tree@splits[[1]]@name vs expected@labelrow@col_info@tree_layout@children[[1]]@pos_in_tree@splits[[1]]@name
- "ACTARM"
+ "manual"

actual@labelrow@col_info@tree_layout@children[[1]]@pos_in_tree@splits[[1]]@split_label vs expected@labelrow@col_info@tree_layout@children[[1]]@pos_in_tree@splits[[1]]@split_label
- "ACTARM"
+ "colsplit 1"

actual@labelrow@col_info@tree_layout@children[[1]]@pos_in_tree@splits[[1]]@split_label_position vs expected@labelrow@col_info@tree_layout@children[[1]]@pos_in_tree@splits[[1]]@split_label_position
- "topleft"
- "hidden"
  "visible"

actual@labelrow@col_info@tree_layout@children[[1]]@pos_in_tree@splits[[1]]@content_na_str vs expected@labelrow@col_info@tree_layout@children[[1]]@pos_in_tree@splits[[1]]@content_na_str
- NA

actual@labelrow@col_info@tree_layout@children[[1]]@pos_in_tree@splits[[1]]@label_children vs expected@labelrow@col_info@tree_layout@children[[1]]@pos_in_tree@splits[[1]]@label_children
- &lt;NA&gt;
+ FALSE

`actual@labelrow@col_info@tree_layout@children[[1]]@pos_in_tree@splits[[1]]@levels` is absent
`expected@labelrow@col_info@tree_layout@children[[1]]@pos_in_tree@splits[[1]]@levels` is a character vector ('')

actual@labelrow@col_info@tree_layout@children[[1]]@pos_in_tree@s_values[[1]]@value vs expected@labelrow@col_info@tree_layout@children[[1]]@pos_in_tree@s_values[[1]]@value
- "A: Drug X"
+ ""

actual@labelrow@col_info@tree_layout@children[[1]]@pos_in_tree@s_values[[1]]@label vs expected@labelrow@col_info@tree_layout@children[[1]]@pos_in_tree@s_values[[1]]@label
- "A: Drug X"
+ ""

actual@labelrow@col_info@tree_layout@children[[1]]@pos_in_tree@sval_labels vs expected@labelrow@col_info@tree_layout@children[[1]]@pos_in_tree@sval_labels
- "A: Drug X"
+ ""

`actual@labelrow@col_info@tree_layout@children[[1]]@pos_in_tree@subset[[1]]` is a call
`expected@labelrow@col_info@tree_layout@children[[1]]@pos_in_tree@subset[[1]]` is a logical vector (TRUE)

`actual@labelrow@col_info@tree_layout@children[[1]]@label`:   "A: Drug X"
`expected@labelrow@col_info@tree_layout@children[[1]]@label`: ""         

`actual@labelrow@col_info@tree_layout@children[[1]]@name`:   "A: Drug X"
`expected@labelrow@col_info@tree_layout@children[[1]]@name`: ""         

`actual@labelrow@col_info@tree_layout@children[[2]]` is an S4 object of class &lt;LayoutColLeaf&gt;
`expected@labelrow@col_info@tree_layout@children[[2]]` is absent

`actual@labelrow@col_info@tree_layout@children[[3]]` is an S4 object of class &lt;LayoutColLeaf&gt;
`expected@labelrow@col_info@tree_layout@children[[3]]` is absent

`actual@labelrow@col_info@subset_exprs` is length 3
`expected@labelrow@col_info@subset_exprs` is length 1

`names(actual@labelrow@col_info@subset_exprs)` is a character vector ('A: Drug X', 'B: Placebo', 'C: Combination')
`names(expected@labelrow@col_info@subset_exprs)` is absent

`actual@labelrow@col_info@subset_exprs[[1]][[1]]` is a call
`expected@labelrow@col_info@subset_exprs[[1]][[1]]` is a logical vector (TRUE)

`actual@labelrow@col_info@subset_exprs[[2]]` is an expression vector
`expected@labelrow@col_info@subset_exprs[[2]]` is absent

`actual@labelrow@col_info@subset_exprs[[3]]` is an expression vector
`expected@labelrow@col_info@subset_exprs[[3]]` is absent

`actual@labelrow@col_info@cextra_args` is length 3
`expected@labelrow@col_info@cextra_args` is length 1

`names(actual@labelrow@col_info@cextra_args)` is a character vector ('A: Drug X', 'B: Placebo', 'C: Combination')
`names(expected@labelrow@col_info@cextra_args)` is absent

`actual@labelrow@col_info@cextra_args[[2]]` is a list
`expected@labelrow@col_info@cextra_args[[2]]` is absent

`actual@labelrow@col_info@cextra_args[[3]]` is a list
`expected@labelrow@col_info@cextra_args[[3]]` is absent

  `actual@labelrow@col_info@counts`:  0 0 0
`expected@labelrow@col_info@counts`: NA    

  `actual@labelrow@col_info@total_count`:  0
`expected@labelrow@col_info@total_count`: NA

`actual@labelrow@col_info@display_columncounts`:   TRUE 
`expected@labelrow@col_info@display_columncounts`: FALSE

    actual@labelrow@col_info@top_left   | expected@labelrow@col_info@top_left 
[1] "MedDRA System Organ Class"         -                                     
[2] "  MedDRA Preferred Term"           -                                     
[3] "                            Grade" -                                     

`actual@col_info@tree_layout@display_columncounts`:   TRUE 
`expected@col_info@tree_layout@display_columncounts`: FALSE

is(actual@col_info@tree_layout@split) vs is(expected@col_info@tree_layout@split)
- "VarLevelSplit"
+ "ManualSplit"
- "CustomizableSplit"
+ "AllSplit"
  "Split"

`actual@col_info@tree_layout@split@value_label_var` is a character vector ('ACTARM')
`expected@col_info@tree_layout@split@value_label_var` is absent

`actual@col_info@tree_layout@split@value_order` is a character vector ('A: Drug X', 'B: Placebo', 'C: Combination')
`expected@col_info@tree_layout@split@value_order` is absent

`actual@col_info@tree_layout@split@split_fun` is NULL
`expected@col_info@tree_layout@split@split_fun` is absent

`actual@col_info@tree_layout@split@payload` is a character vector ('ACTARM')
`expected@col_info@tree_layout@split@payload` is NULL

`actual@col_info@tree_layout@split@name`:   "ACTARM"
`expected@col_info@tree_layout@split@name`: "manual"

`actual@col_info@tree_layout@split@split_label`:   "ACTARM"    
`expected@col_info@tree_layout@split@split_label`: "colsplit 1"

actual@col_info@tree_layout@split@split_label_position vs expected@col_info@tree_layout@split@split_label_position
- "topleft"
- "hidden"
  "visible"

`actual@col_info@tree_layout@split@content_na_str`:   NA
`expected@col_info@tree_layout@split@content_na_str`:   

`actual@col_info@tree_layout@split@label_children`:   &lt;NA&gt; 
`expected@col_info@tree_layout@split@label_children`: FALSE

`actual@col_info@tree_layout@split@levels` is absent
`expected@col_info@tree_layout@split@levels` is a character vector ('')

`actual@col_info@tree_layout@children` is length 3
`expected@col_info@tree_layout@children` is length 1

names(actual@col_info@tree_layout@children) vs names(expected@col_info@tree_layout@children)
- "A: Drug X"
- "B: Placebo"
- "C: Combination"
+ ""

is(actual@col_info@tree_layout@children[[1]]@pos_in_tree@splits[[1]]) vs is(expected@col_info@tree_layout@children[[1]]@pos_in_tree@splits[[1]])
- "VarLevelSplit"
+ "ManualSplit"
- "CustomizableSplit"
+ "AllSplit"
  "Split"

`actual@col_info@tree_layout@children[[1]]@pos_in_tree@splits[[1]]@value_label_var` is a character vector ('ACTARM')
`expected@col_info@tree_layout@children[[1]]@pos_in_tree@splits[[1]]@value_label_var` is absent

`actual@col_info@tree_layout@children[[1]]@pos_in_tree@splits[[1]]@value_order` is a character vector ('A: Drug X', 'B: Placebo', 'C: Combination')
`expected@col_info@tree_layout@children[[1]]@pos_in_tree@splits[[1]]@value_order` is absent

`actual@col_info@tree_layout@children[[1]]@pos_in_tree@splits[[1]]@split_fun` is NULL
`expected@col_info@tree_layout@children[[1]]@pos_in_tree@splits[[1]]@split_fun` is absent

`actual@col_info@tree_layout@children[[1]]@pos_in_tree@splits[[1]]@payload` is a character vector ('ACTARM')
`expected@col_info@tree_layout@children[[1]]@pos_in_tree@splits[[1]]@payload` is NULL

actual@col_info@tree_layout@children[[1]]@pos_in_tree@splits[[1]]@name vs expected@col_info@tree_layout@children[[1]]@pos_in_tree@splits[[1]]@name
- "ACTARM"
+ "manual"

actual@col_info@tree_layout@children[[1]]@pos_in_tree@splits[[1]]@split_label vs expected@col_info@tree_layout@children[[1]]@pos_in_tree@splits[[1]]@split_label
- "ACTARM"
+ "colsplit 1"

actual@col_info@tree_layout@children[[1]]@pos_in_tree@splits[[1]]@split_label_position vs expected@col_info@tree_layout@children[[1]]@pos_in_tree@splits[[1]]@split_label_position
- "topleft"
- "hidden"
  "visible"

actual@col_info@tree_layout@children[[1]]@pos_in_tree@splits[[1]]@content_na_str vs expected@col_info@tree_layout@children[[1]]@pos_in_tree@splits[[1]]@content_na_str
- NA

actual@col_info@tree_layout@children[[1]]@pos_in_tree@splits[[1]]@label_children vs expected@col_info@tree_layout@children[[1]]@pos_in_tree@splits[[1]]@label_children
- &lt;NA&gt;
+ FALSE

`actual@col_info@tree_layout@children[[1]]@pos_in_tree@splits[[1]]@levels` is absent
`expected@col_info@tree_layout@children[[1]]@pos_in_tree@splits[[1]]@levels` is a character vector ('')

actual@col_info@tree_layout@children[[1]]@pos_in_tree@s_values[[1]]@value vs expected@col_info@tree_layout@children[[1]]@pos_in_tree@s_values[[1]]@value
- "A: Drug X"
+ ""

actual@col_info@tree_layout@children[[1]]@pos_in_tree@s_values[[1]]@label vs expected@col_info@tree_layout@children[[1]]@pos_in_tree@s_values[[1]]@label
- "A: Drug X"
+ ""

actual@col_info@tree_layout@children[[1]]@pos_in_tree@sval_labels vs expected@col_info@tree_layout@children[[1]]@pos_in_tree@sval_labels
- "A: Drug X"
+ ""

`actual@col_info@tree_layout@children[[1]]@pos_in_tree@subset[[1]]` is a call
`expected@col_info@tree_layout@children[[1]]@pos_in_tree@subset[[1]]` is a logical vector (TRUE)

`actual@col_info@tree_layout@children[[1]]@label`:   "A: Drug X"
`expected@col_info@tree_layout@children[[1]]@label`: ""         

`actual@col_info@tree_layout@children[[1]]@name`:   "A: Drug X"
`expected@col_info@tree_layout@children[[1]]@name`: ""         

`actual@col_info@tree_layout@children[[2]]` is an S4 object of class &lt;LayoutColLeaf&gt;
`expected@col_info@tree_layout@children[[2]]` is absent

`actual@col_info@tree_layout@children[[3]]` is an S4 object of class &lt;LayoutColLeaf&gt;
`expected@col_info@tree_layout@children[[3]]` is absent

`actual@col_info@subset_exprs` is length 3
`expected@col_info@subset_exprs` is length 1

`names(actual@col_info@subset_exprs)` is a character vector ('A: Drug X', 'B: Placebo', 'C: Combination')
`names(expected@col_info@subset_exprs)` is absent

`actual@col_info@subset_exprs[[1]][[1]]` is a call
`expected@col_info@subset_exprs[[1]][[1]]` is a logical vector (TRUE)

`actual@col_info@subset_exprs[[2]]` is an expression vector
`expected@col_info@subset_exprs[[2]]` is absent

`actual@col_info@subset_exprs[[3]]` is an expression vector
`expected@col_info@subset_exprs[[3]]` is absent

`actual@col_info@cextra_args` is length 3
`expected@col_info@cextra_args` is length 1

`names(actual@col_info@cextra_args)` is a character vector ('A: Drug X', 'B: Placebo', 'C: Combination')
`names(expected@col_info@cextra_args)` is absent

`actual@col_info@cextra_args[[2]]` is a list
`expected@col_info@cextra_args[[2]]` is absent

`actual@col_info@cextra_args[[3]]` is a list
`expected@col_info@cextra_args[[3]]` is absent

  `actual@col_info@counts`:  0 0 0
`expected@col_info@counts`: NA    

  `actual@col_info@total_count`:  0
`expected@col_info@total_count`: NA

`actual@col_info@display_columncounts`:   TRUE 
`expected@col_info@display_columncounts`: FALSE

    actual@col_info@top_left            | expected@col_info@top_left 
[1] "MedDRA System Organ Class"         -                            
[2] "  MedDRA Preferred Term"           -                            
[3] "                            Grade" -                            

  `actual@level`: 0
`expected@level`: 1

`actual@name`:   "root"
`expected@name`: ""    </failure>
    </testcase>
    <testcase time="0.106999999999999" classname="empty_report" name="tlg_functions_return_null_reports_when_domain_table_is_empty"/>
    <testcase time="0.108999999999995" classname="empty_report" name="tlg_functions_return_null_reports_when_domain_table_is_empty"/>
    <testcase time="0.0889999999999986" classname="empty_report" name="tlg_functions_return_null_reports_when_domain_table_is_empty"/>
    <testcase time="0.0890000000000128" classname="empty_report" name="tlg_functions_return_null_reports_when_domain_table_is_empty"/>
    <testcase time="0.100999999999999" classname="empty_report" name="tlg_functions_return_null_reports_when_domain_table_is_empty"/>
    <testcase time="0.230999999999995" classname="empty_report" name="tlg_functions_return_null_reports_when_domain_table_is_empty"/>
    <testcase time="0.143000000000001" classname="empty_report" name="tlg_functions_return_null_reports_when_domain_table_is_empty"/>
    <testcase time="0.242999999999995" classname="empty_report" name="tlg_functions_return_null_reports_when_domain_table_is_empty"/>
    <testcase time="0.13600000000001" classname="empty_report" name="tlg_functions_return_null_reports_when_domain_table_is_empty"/>
    <testcase time="0.0749999999999886" classname="empty_report" name="tlg_functions_return_null_reports_when_domain_table_is_empty"/>
    <testcase time="0.0420000000000016" classname="empty_report" name="tlg_functions_return_null_reports_when_domain_table_is_empty"/>
    <testcase time="0.0430000000000064" classname="empty_report" name="tlg_functions_return_null_reports_when_domain_table_is_empty"/>
    <testcase time="0.0429999999999922" classname="empty_report" name="tlg_functions_return_null_reports_when_domain_table_is_empty"/>
    <testcase time="0.0630000000000024" classname="empty_report" name="tlg_functions_return_null_reports_when_domain_table_is_empty"/>
    <testcase time="0.0630000000000024" classname="empty_report" name="tlg_functions_return_null_reports_when_domain_table_is_empty"/>
    <testcase time="0.0550000000000068" classname="empty_report" name="tlg_functions_return_null_reports_when_domain_table_is_empty"/>
    <testcase time="0.677999999999997" classname="empty_report" name="tlg_functions_return_null_reports_when_domain_table_is_empty"/>
    <testcase time="0.063999999999993" classname="empty_report" name="tlg_functions_return_null_reports_when_domain_table_is_empty"/>
    <testcase time="0.691000000000003" classname="empty_report" name="tlg_functions_return_null_reports_when_domain_table_is_empty"/>
    <testcase time="0.0870000000000033" classname="empty_report" name="tlg_functions_return_null_reports_when_domain_table_is_empty"/>
    <testcase time="0.0769999999999982" classname="empty_report" name="tlg_functions_return_null_reports_when_domain_table_is_empty"/>
    <testcase time="0.0580000000000069" classname="empty_report" name="tlg_functions_return_null_reports_when_domain_table_is_empty"/>
    <testcase time="0.0589999999999975" classname="empty_report" name="tlg_functions_return_null_reports_when_domain_table_is_empty"/>
    <testcase time="0.054000000000002" classname="empty_report" name="tlg_functions_return_null_reports_when_domain_table_is_empty"/>
    <testcase time="0.046999999999997" classname="empty_report" name="tlg_functions_return_null_reports_when_domain_table_is_empty"/>
    <testcase time="0.0180000000000007" classname="empty_report" name="tlg_functions_return_null_reports_when_domain_table_is_empty"/>
  </testsuite>
  <testsuite name="ext01" timestamp="2023-05-08T06:52:43Z" hostname="a90133863b8d" tests="3" skipped="2" failures="0" errors="0" time="0.47">
    <testcase time="0.161000000000001" classname="ext01" name="ext01_works"/>
    <testcase time="0.063999999999993" classname="ext01" name="ext01_works">
      <skipped message="Reason: On CRAN ('test-ext01.R:5:3')"/>
    </testcase>
    <testcase time="0.245000000000005" classname="ext01" name="ext02_1_works_for_selected_parameters">
      <skipped message="Reason: On CRAN ('test-ext01.R:17:3')"/>
    </testcase>
  </testsuite>
  <testsuite name="kmg01" timestamp="2023-05-08T06:52:43Z" hostname="a90133863b8d" tests="6" skipped="0" failures="0" errors="0" time="1.984">
    <testcase time="0.0229999999999961" classname="kmg01" name="kmg01_1_works_as_expected"/>
    <testcase time="0.460000000000008" classname="kmg01" name="kmg01_1_works_as_expected"/>
    <testcase time="0.418999999999997" classname="kmg01" name="kmg01_1_works_as_expected_with_custom_color_set"/>
    <testcase time="0.361999999999995" classname="kmg01" name="kmg01_1_works_as_expected_with_custom_color_set"/>
    <testcase time="0.363" classname="kmg01" name="kmg01_1_works_if_change_pvalue_ties_and_conf_level"/>
    <testcase time="0.356999999999999" classname="kmg01" name="kmg01_1_works_if_change_annotation_position"/>
  </testsuite>
  <testsuite name="lbt01" timestamp="2023-05-08T06:52:45Z" hostname="a90133863b8d" tests="2" skipped="1" failures="0" errors="0" time="1.747">
    <testcase time="1.49900000000001" classname="lbt01" name="lbt01_1_can_handle_n_0_and_outputs_NE_instead_of_infs_and_NAs"/>
    <testcase time="0.24799999999999" classname="lbt01" name="lbt01_1_can_handle_n_0_and_outputs_NE_instead_of_infs_and_NAs">
      <skipped message="Reason: On CRAN ('test-lbt01.R:10:3')"/>
    </testcase>
  </testsuite>
  <testsuite name="lbt04" timestamp="2023-05-08T06:52:47Z" hostname="a90133863b8d" tests="5" skipped="2" failures="0" errors="0" time="0.738">
    <testcase time="0.0910000000000082" classname="lbt04" name="lbt04_can_handle_all_NA_values"/>
    <testcase time="0.0289999999999964" classname="lbt04" name="lbt04_can_handle_all_NA_values">
      <skipped message="Reason: On CRAN ('test-lbt04.R:11:3')"/>
    </testcase>
    <testcase time="0.453999999999994" classname="lbt04" name="lbt04_can_handle_some_NA_values"/>
    <testcase time="0.137" classname="lbt04" name="lbt04_can_handle_some_NA_values">
      <skipped message="Reason: On CRAN ('test-lbt04.R:24:3')"/>
    </testcase>
    <testcase time="0.027000000000001" classname="lbt04" name="lbt04_fails_on_incomlete_date"/>
  </testsuite>
  <testsuite name="lbt05" timestamp="2023-05-08T06:52:48Z" hostname="a90133863b8d" tests="4" skipped="1" failures="0" errors="0" time="1.055">
    <testcase time="0.447999999999993" classname="lbt05" name="lbt05_give_all_0_count_if_ANRIND_are_all_missing"/>
    <testcase time="0.445000000000007" classname="lbt05" name="lbt05_can_handle_some_NA_values"/>
    <testcase time="0.134999999999991" classname="lbt05" name="lbt05_can_handle_some_NA_values">
      <skipped message="Reason: On CRAN ('test-lbt05.R:22:3')"/>
    </testcase>
    <testcase time="0.027000000000001" classname="lbt05" name="lbt05_fails_on_incomlete_date"/>
  </testsuite>
  <testsuite name="lbt07" timestamp="2023-05-08T06:52:49Z" hostname="a90133863b8d" tests="3" skipped="1" failures="0" errors="0" time="0.904">
    <testcase time="0.653000000000006" classname="lbt07" name="lbt07_can_handle_some_NA_values"/>
    <testcase time="0.176000000000002" classname="lbt07" name="lbt07_can_handle_some_NA_values">
      <skipped message="Reason: On CRAN ('test-lbt07.R:11:3')"/>
    </testcase>
    <testcase time="0.0750000000000028" classname="lbt07" name="lbt07_fails_on_incomlete_data"/>
  </testsuite>
  <testsuite name="lbt14" timestamp="2023-05-08T06:52:50Z" hostname="a90133863b8d" tests="12" skipped="6" failures="0" errors="0" time="11.954">
    <testcase time="1.544" classname="lbt14" name="lbt14_1_can_handle_all_NA_values"/>
    <testcase time="0.0849999999999937" classname="lbt14" name="lbt14_1_can_handle_all_NA_values">
      <skipped message="Reason: On CRAN ('test-lbt14.R:11:3')"/>
    </testcase>
    <testcase time="1.879" classname="lbt14" name="lbt14_1_can_handle_some_NA_values"/>
    <testcase time="0.352000000000004" classname="lbt14" name="lbt14_1_can_handle_some_NA_values">
      <skipped message="Reason: On CRAN ('test-lbt14.R:30:3')"/>
    </testcase>
    <testcase time="1.96599999999999" classname="lbt14" name="lbt14_1_can_accept_different_gr_missing">
      <skipped message="Reason: On CRAN ('test-lbt14.R:36:3')"/>
    </testcase>
    <testcase time="0.0339999999999918" classname="lbt14" name="lbt14_1_fails_on_incomlete_data"/>
    <testcase time="1.58800000000001" classname="lbt14" name="lbt14_2_can_handle_all_NA_values"/>
    <testcase time="0.0570000000000022" classname="lbt14" name="lbt14_2_can_handle_all_NA_values">
      <skipped message="Reason: On CRAN ('test-lbt14.R:61:3')"/>
    </testcase>
    <testcase time="1.94800000000001" classname="lbt14" name="lbt14_2_can_handle_some_NA_values"/>
    <testcase time="0.379999999999995" classname="lbt14" name="lbt14_2_can_handle_some_NA_values">
      <skipped message="Reason: On CRAN ('test-lbt14.R:80:3')"/>
    </testcase>
    <testcase time="2.09400000000001" classname="lbt14" name="lbt14_2_can_accept_different_gr_missing">
      <skipped message="Reason: On CRAN ('test-lbt14.R:85:3')"/>
    </testcase>
    <testcase time="0.0269999999999868" classname="lbt14" name="lbt14_2_fails_on_incomlete_data"/>
  </testsuite>
  <testsuite name="mht01" timestamp="2023-05-08T06:53:02Z" hostname="a90133863b8d" tests="2" skipped="2" failures="0" errors="0" time="1.061">
    <testcase time="0.516000000000005" classname="mht01" name="mht01_1_works">
      <skipped message="Reason: On CRAN ('test-mht01.R:5:3')"/>
    </testcase>
    <testcase time="0.545000000000002" classname="mht01" name="mht01_1_works_on_NULL_in_lbl_mhbodsys_or_lbl_mhdecod">
      <skipped message="Reason: On CRAN ('test-mht01.R:10:3')"/>
    </testcase>
  </testsuite>
  <testsuite name="mng01" timestamp="2023-05-08T06:53:03Z" hostname="a90133863b8d" tests="6" skipped="0" failures="0" errors="0" time="8.893">
    <testcase time="1.494" classname="mng01" name="mng01_1_works_as_expected"/>
    <testcase time="1.483" classname="mng01" name="mng01_1_works_as_expected_with_custom_color_set"/>
    <testcase time="1.453" classname="mng01" name="mng01_1_works_as_expected_with_custom_color_set"/>
    <testcase time="1.45099999999999" classname="mng01" name="mng01_1_works_if_show_v_grid_show_h_grid_is_TRUE"/>
    <testcase time="1.709" classname="mng01" name="mng01_1_works_on_custom_color_with_named_line_col"/>
    <testcase time="1.303" classname="mng01" name="mng01_1_works_with_combination_of_x_variables"/>
  </testsuite>
  <testsuite name="pdt01" timestamp="2023-05-08T06:53:12Z" hostname="a90133863b8d" tests="4" skipped="2" failures="0" errors="0" time="0.608">
    <testcase time="0.111999999999995" classname="pdt01" name="pdt01_1_can_handle_all_NA_values"/>
    <testcase time="0.0380000000000109" classname="pdt01" name="pdt01_1_can_handle_all_NA_values">
      <skipped message="Reason: On CRAN ('test-pdt01.R:10:3')"/>
    </testcase>
    <testcase time="0.328999999999994" classname="pdt01" name="pdt01_1_can_handle_some_NA_values"/>
    <testcase time="0.129000000000005" classname="pdt01" name="pdt01_1_can_handle_some_NA_values">
      <skipped message="Reason: On CRAN ('test-pdt01.R:25:3')"/>
    </testcase>
  </testsuite>
  <testsuite name="pdt02" timestamp="2023-05-08T06:53:12Z" hostname="a90133863b8d" tests="4" skipped="2" failures="0" errors="0" time="0.451">
    <testcase time="0.150999999999996" classname="pdt02" name="pdt02_1_can_handle_all_NA_values"/>
    <testcase time="0.0390000000000015" classname="pdt02" name="pdt02_1_can_handle_all_NA_values">
      <skipped message="Reason: On CRAN ('test-pdt02.R:10:3')"/>
    </testcase>
    <testcase time="0.200999999999993" classname="pdt02" name="pdt02_1_can_handle_some_NA_values"/>
    <testcase time="0.0600000000000023" classname="pdt02" name="pdt02_1_can_handle_some_NA_values">
      <skipped message="Reason: On CRAN ('test-pdt02.R:25:3')"/>
    </testcase>
  </testsuite>
  <testsuite name="rmpt01" timestamp="2023-05-08T06:53:13Z" hostname="a90133863b8d" tests="6" skipped="2" failures="0" errors="0" time="0.459">
    <testcase time="0.174999999999997" classname="rmpt01" name="rmpt01_can_handle_NA_values"/>
    <testcase time="0.0400000000000063" classname="rmpt01" name="rmpt01_can_handle_NA_values">
      <skipped message="Reason: On CRAN ('test-rmpt01.R:9:3')"/>
    </testcase>
    <testcase time="0.159999999999997" classname="rmpt01" name="rmpt01_can_handle_some_NA_values"/>
    <testcase time="0.0379999999999967" classname="rmpt01" name="rmpt01_can_handle_some_NA_values">
      <skipped message="Reason: On CRAN ('test-rmpt01.R:23:3')"/>
    </testcase>
    <testcase time="0.0360000000000014" classname="rmpt01" name="rmpt01_fails_on_incomlete_data"/>
    <testcase time="0.0100000000000051" classname="rmpt01" name="rmpt01_fails_on_incomlete_data"/>
  </testsuite>
  <testsuite name="utils" timestamp="2023-05-08T06:53:13Z" hostname="a90133863b8d" tests="27" skipped="0" failures="0" errors="0" time="0.146">
    <testcase time="0.00999999999999091" classname="utils" name="h_format_dec_works_as_exected"/>
    <testcase time="0.00400000000000489" classname="utils" name="h_format_dec_works_as_exected"/>
    <testcase time="0.00100000000000477" classname="utils" name="h_format_dec_works_as_exected"/>
    <testcase time="0.00499999999999545" classname="utils" name="h_format_dec_works_as_exected"/>
    <testcase time="0.00199999999999534" classname="utils" name="h_format_dec_works_as_exected"/>
    <testcase time="0.00400000000000489" classname="utils" name="h_format_dec_works_as_exected"/>
    <testcase time="0.00199999999999534" classname="utils" name="h_format_dec_works_as_exected"/>
    <testcase time="0.00400000000000489" classname="utils" name="h_format_dec_works_as_exected"/>
    <testcase time="0.00199999999999534" classname="utils" name="h_format_dec_works_as_exected"/>
    <testcase time="0.00499999999999545" classname="utils" name="h_format_dec_works_as_exected"/>
    <testcase time="0.00200000000000955" classname="utils" name="h_format_dec_works_as_exected"/>
    <testcase time="0.00399999999999068" classname="utils" name="h_format_dec_works_as_exected"/>
    <testcase time="0.00800000000000978" classname="utils" name="h_format_dec_works_as_expected_with_more_than_one_value"/>
    <testcase time="0.00499999999999545" classname="utils" name="h_format_dec_works_as_expected_with_more_than_one_value"/>
    <testcase time="0.007000000000005" classname="utils" name="h_format_dec_works_returns_null_with_NA_format"/>
    <testcase time="0.00799999999999557" classname="utils" name="h_format_dec_works_as_expected_with_NA_digits"/>
    <testcase time="0.007000000000005" classname="utils" name="h_format_dec_works_as_expected_with_NA_digits"/>
    <testcase time="0.00900000000000034" classname="utils" name="get_db_data_works"/>
    <testcase time="0.00399999999999068" classname="utils" name="get_db_data_works"/>
    <testcase time="0.00800000000000978" classname="utils" name="fuse_sequentially_works"/>
    <testcase time="0.00499999999999545" classname="utils" name="fuse_sequentially_works"/>
    <testcase time="0.00600000000000023" classname="utils" name="grob_list_works"/>
    <testcase time="0.00100000000000477" classname="utils" name="grob_list_works"/>
    <testcase time="0.00499999999999545" classname="utils" name="grob_list_works"/>
    <testcase time="0.00400000000000489" classname="utils" name="grob_list_works"/>
    <testcase time="0.0150000000000006" classname="utils" name="ifneeded_split_row_works_as_expected"/>
    <testcase time="0.00900000000000034" classname="utils" name="ifneeded_split_row_works_as_expected"/>
  </testsuite>
  <testsuite name="vst02" timestamp="2023-05-08T06:53:13Z" hostname="a90133863b8d" tests="2" skipped="2" failures="0" errors="0" time="0.811">
    <testcase time="0.401999999999987" classname="vst02" name="vst02_1_works">
      <skipped message="Reason: On CRAN ('test-vst02.R:5:3')"/>
    </testcase>
    <testcase time="0.409000000000006" classname="vst02" name="vst02_2_works">
      <skipped message="Reason: On CRAN ('test-vst02.R:13:3')"/>
    </testcase>
  </testsuite>
</testsuites>
