<?xml version="1.0" encoding="UTF-8"?>
<testsuites>
  <testsuite name="ael01_nollt" timestamp="2023-05-08T07:06:21Z" hostname="dee4ab1f7135" tests="8" skipped="4" failures="0" errors="0" time="1.566">
    <testcase time="1.067" classname="ael01_nollt" name="ael01_nollt_works_with_admh_dataset"/>
    <testcase time="0.0979999999999999" classname="ael01_nollt" name="ael01_nollt_works_with_admh_dataset">
      <skipped message="Reason: On CRAN ('test-ael01_nollt.R:7:3')"/>
    </testcase>
    <testcase time="0.056" classname="ael01_nollt" name="ael01_nollt_works_with_non_default_label"/>
    <testcase time="0.196000000000001" classname="ael01_nollt" name="ael01_nollt_works_with_non_default_label">
      <skipped message="Reason: On CRAN ('test-ael01_nollt.R:19:3')"/>
    </testcase>
    <testcase time="0.0669999999999993" classname="ael01_nollt" name="ael01_nollt_can_handle_all_missing_values"/>
    <testcase time="0.0280000000000005" classname="ael01_nollt" name="ael01_nollt_can_handle_all_missing_values">
      <skipped message="Reason: On CRAN ('test-ael01_nollt.R:32:3')"/>
    </testcase>
    <testcase time="0.0339999999999998" classname="ael01_nollt" name="ael01_nollt_can_handle_some_missing_values"/>
    <testcase time="0.0200000000000005" classname="ael01_nollt" name="ael01_nollt_can_handle_some_missing_values">
      <skipped message="Reason: On CRAN ('test-ael01_nollt.R:47:3')"/>
    </testcase>
  </testsuite>
  <testsuite name="aet01" timestamp="2023-05-08T07:06:22Z" hostname="dee4ab1f7135" tests="9" skipped="4" failures="0" errors="0" time="2.165">
    <testcase time="0.6" classname="aet01" name="aet01_can_handle_all_NA_values"/>
    <testcase time="0.106" classname="aet01" name="aet01_can_handle_all_NA_values">
      <skipped message="Reason: On CRAN ('test-aet01.R:12:3')"/>
    </testcase>
    <testcase time="0.391" classname="aet01" name="aet01_can_handle_some_NA_values"/>
    <testcase time="0.0940000000000003" classname="aet01" name="aet01_can_handle_some_NA_values">
      <skipped message="Reason: On CRAN ('test-aet01.R:29:3')"/>
    </testcase>
    <testcase time="0.282" classname="aet01" name="aet01_can_use_custom_lbl_safety_var"/>
    <testcase time="0.0519999999999996" classname="aet01" name="aet01_can_use_custom_lbl_safety_var">
      <skipped message="Reason: On CRAN ('test-aet01.R:35:3')"/>
    </testcase>
    <testcase time="0.137" classname="aet01" name="aet01_fails_on_incomplete_data_input"/>
    <testcase time="0.399999999999999" classname="aet01" name="aet01_can_use_custom_medconcept_var"/>
    <testcase time="0.103000000000001" classname="aet01" name="aet01_can_use_custom_medconcept_var">
      <skipped message="Reason: On CRAN ('test-aet01.R:54:3')"/>
    </testcase>
  </testsuite>
  <testsuite name="aet01_aesi" timestamp="2023-05-08T07:06:24Z" hostname="dee4ab1f7135" tests="7" skipped="3" failures="0" errors="0" time="1.496">
    <testcase time="0.353999999999999" classname="aet01_aesi" name="aet01_aesi_can_handle_all_NA_values"/>
    <testcase time="0.0990000000000002" classname="aet01_aesi" name="aet01_aesi_can_handle_all_NA_values">
      <skipped message="Reason: On CRAN ('test-aet01_aesi.R:17:3')"/>
    </testcase>
    <testcase time="0.29" classname="aet01_aesi" name="aet01_aesi_can_handle_some_NA_values"/>
    <testcase time="0.0830000000000002" classname="aet01_aesi" name="aet01_aesi_can_handle_some_NA_values">
      <skipped message="Reason: On CRAN ('test-aet01_aesi.R:30:3')"/>
    </testcase>
    <testcase time="0.431" classname="aet01_aesi" name="aet01_aesi_works_with_ALL_argument"/>
    <testcase time="0.155" classname="aet01_aesi" name="aet01_aesi_works_with_ALL_argument">
      <skipped message="Reason: On CRAN ('test-aet01_aesi.R:36:3')"/>
    </testcase>
    <testcase time="0.0839999999999996" classname="aet01_aesi" name="aet01_aesi_check_fails_on_incomplete_data_input"/>
  </testsuite>
  <testsuite name="aet02" timestamp="2023-05-08T07:06:26Z" hostname="dee4ab1f7135" tests="3" skipped="1" failures="0" errors="0" time="0.5">
    <testcase time="0.0549999999999997" classname="aet02" name="aet02_fails_on_incomplete_data_input"/>
    <testcase time="0.155000000000001" classname="aet02" name="aet02_handle_empty_data_input"/>
    <testcase time="0.289999999999999" classname="aet02" name="aet02_can_have_different_levels_of_row_split">
      <skipped message="Reason: On CRAN ('test-aet02.R:28:3')"/>
    </testcase>
  </testsuite>
  <testsuite name="aet03" timestamp="2023-05-08T07:06:26Z" hostname="dee4ab1f7135" tests="4" skipped="2" failures="0" errors="0" time="3.23">
    <testcase time="0.545999999999999" classname="aet03" name="aet03_can_handle_NA_values"/>
    <testcase time="0.0870000000000015" classname="aet03" name="aet03_can_handle_NA_values">
      <skipped message="Reason: On CRAN ('test-aet03.R:10:3')"/>
    </testcase>
    <testcase time="2.305" classname="aet03" name="aet03_can_handle_some_NA_values"/>
    <testcase time="0.292" classname="aet03" name="aet03_can_handle_some_NA_values">
      <skipped message="Reason: On CRAN ('test-aet03.R:27:3')"/>
    </testcase>
  </testsuite>
  <testsuite name="aet04" timestamp="2023-05-08T07:06:30Z" hostname="dee4ab1f7135" tests="4" skipped="2" failures="0" errors="0" time="5.215">
    <testcase time="0.711" classname="aet04" name="aet04_can_handle_NA_values"/>
    <testcase time="0.151" classname="aet04" name="aet04_can_handle_NA_values">
      <skipped message="Reason: On CRAN ('test-aet04.R:10:3')"/>
    </testcase>
    <testcase time="3.96" classname="aet04" name="aet04_can_handle_some_NA_values"/>
    <testcase time="0.393000000000001" classname="aet04" name="aet04_can_handle_some_NA_values">
      <skipped message="Reason: On CRAN ('test-aet04.R:42:3')"/>
    </testcase>
  </testsuite>
  <testsuite name="aet10" timestamp="2023-05-08T07:06:35Z" hostname="dee4ab1f7135" tests="4" skipped="2" failures="0" errors="0" time="0.317">
    <testcase time="0.0899999999999999" classname="aet10" name="aet10_can_handle_NA_values"/>
    <testcase time="0.0309999999999988" classname="aet10" name="aet10_can_handle_NA_values">
      <skipped message="Reason: On CRAN ('test-aet10.R:10:3')"/>
    </testcase>
    <testcase time="0.132000000000001" classname="aet10" name="aet10_can_handle_some_NA_values"/>
    <testcase time="0.0640000000000001" classname="aet10" name="aet10_can_handle_some_NA_values">
      <skipped message="Reason: On CRAN ('test-aet10.R:24:3')"/>
    </testcase>
  </testsuite>
  <testsuite name="assertions" timestamp="2023-05-08T07:06:35Z" hostname="dee4ab1f7135" tests="14" skipped="0" failures="0" errors="0" time="0.102">
    <testcase time="0.0199999999999996" classname="assertions" name="assert_colnames_works_as_expected"/>
    <testcase time="0.00600000000000023" classname="assertions" name="assert_colnames_works_as_expected"/>
    <testcase time="0.00199999999999889" classname="assertions" name="assert_colnames_works_as_expected"/>
    <testcase time="0.00600000000000023" classname="assertions" name="assert_colnames_works_as_expected"/>
    <testcase time="0.00700000000000145" classname="assertions" name="assert_one_tablenames_works_as_expected"/>
    <testcase time="0.00199999999999889" classname="assertions" name="assert_one_tablenames_works_as_expected"/>
    <testcase time="0.00700000000000145" classname="assertions" name="assert_one_tablenames_works_as_expected"/>
    <testcase time="0.0069999999999979" classname="assertions" name="assert_one_tablenames_works_as_expected"/>
    <testcase time="0.00600000000000023" classname="assertions" name="assert_all_tablenames_works_as_expected"/>
    <testcase time="0.00700000000000145" classname="assertions" name="assert_all_tablenames_works_as_expected"/>
    <testcase time="0.0069999999999979" classname="assertions" name="assert_all_tablenames_works_as_expected"/>
    <testcase time="0.0110000000000028" classname="assertions" name="assert_args_works_as_expected"/>
    <testcase time="0.00199999999999889" classname="assertions" name="assert_args_works_as_expected"/>
    <testcase time="0.0120000000000005" classname="assertions" name="assert_args_works_as_expected"/>
  </testsuite>
  <testsuite name="checks" timestamp="2023-05-08T07:06:35Z" hostname="dee4ab1f7135" tests="8" skipped="0" failures="0" errors="0" time="0.035">
    <testcase time="0.00900000000000034" classname="checks" name="check_all_colnames_works_as_expected"/>
    <testcase time="0.00400000000000134" classname="checks" name="check_all_colnames_works_as_expected"/>
    <testcase time="0.00199999999999889" classname="checks" name="check_all_colnames_works_as_expected"/>
    <testcase time="0.00400000000000134" classname="checks" name="check_all_colnames_works_as_expected"/>
    <testcase time="0.00499999999999901" classname="checks" name="check_one_colnames_works_as_expected"/>
    <testcase time="0.00499999999999901" classname="checks" name="check_one_colnames_works_as_expected"/>
    <testcase time="0.00200000000000244" classname="checks" name="check_one_colnames_works_as_expected"/>
    <testcase time="0.00399999999999778" classname="checks" name="check_one_colnames_works_as_expected"/>
  </testsuite>
  <testsuite name="chevron_tlg-class" timestamp="2023-05-08T07:06:35Z" hostname="dee4ab1f7135" tests="24" skipped="0" failures="0" errors="0" time="0.105">
    <testcase time="0.0109999999999992" classname="chevron_tlg_class" name="chevron_t_object_can_be_constructed_with_default_values"/>
    <testcase time="0.00500000000000256" classname="chevron_tlg_class" name="chevron_t_object_can_be_constructed_with_default_values"/>
    <testcase time="0.0069999999999979" classname="chevron_tlg_class" name="chevron_t_object_can_be_constructed_with_custom_values"/>
    <testcase time="0.00500000000000256" classname="chevron_tlg_class" name="chevron_t_object_can_be_constructed_with_custom_values"/>
    <testcase time="0.00299999999999656" classname="chevron_tlg_class" name="chevron_t_object_can_be_constructed_with_custom_values"/>
    <testcase time="0.00500000000000256" classname="chevron_tlg_class" name="chevron_t_object_can_be_constructed_with_custom_values"/>
    <testcase time="0.0069999999999979" classname="chevron_tlg_class" name="chevron_t_constructor_returns_an_error_when_expected"/>
    <testcase time="0.00200000000000244" classname="chevron_tlg_class" name="chevron_t_constructor_returns_an_error_when_expected"/>
    <testcase time="0.000999999999997669" classname="chevron_tlg_class" name="chevron_t_constructor_returns_an_error_when_expected"/>
    <testcase time="0.00100000000000122" classname="chevron_tlg_class" name="chevron_t_constructor_returns_an_error_when_expected"/>
    <testcase time="0.000999999999997669" classname="chevron_tlg_class" name="chevron_t_constructor_returns_an_error_when_expected"/>
    <testcase time="0.00100000000000122" classname="chevron_tlg_class" name="chevron_t_constructor_returns_an_error_when_expected"/>
    <testcase time="0.00799999999999912" classname="chevron_tlg_class" name="chevron_l_object_can_be_constructed_with_default_values"/>
    <testcase time="0.0130000000000017" classname="chevron_tlg_class" name="chevron_l_object_can_be_constructed_with_default_values"/>
    <testcase time="0.00799999999999912" classname="chevron_tlg_class" name="chevron_g_object_can_be_constructed_with_custom_values"/>
    <testcase time="0.00499999999999901" classname="chevron_tlg_class" name="chevron_g_object_can_be_constructed_with_custom_values"/>
    <testcase time="0.00300000000000011" classname="chevron_tlg_class" name="chevron_g_object_can_be_constructed_with_custom_values"/>
    <testcase time="0.00499999999999901" classname="chevron_tlg_class" name="chevron_g_object_can_be_constructed_with_custom_values"/>
    <testcase time="0.00600000000000023" classname="chevron_tlg_class" name="chevron_g_constructor_returns_an_error_when_expected"/>
    <testcase time="0.00200000000000244" classname="chevron_tlg_class" name="chevron_g_constructor_returns_an_error_when_expected"/>
    <testcase time="0.000999999999997669" classname="chevron_tlg_class" name="chevron_g_constructor_returns_an_error_when_expected"/>
    <testcase time="0.00200000000000244" classname="chevron_tlg_class" name="chevron_g_constructor_returns_an_error_when_expected"/>
    <testcase time="0.000999999999997669" classname="chevron_tlg_class" name="chevron_g_constructor_returns_an_error_when_expected"/>
    <testcase time="0.00200000000000244" classname="chevron_tlg_class" name="chevron_g_constructor_returns_an_error_when_expected"/>
  </testsuite>
  <testsuite name="chevron_tlg-methods" timestamp="2023-05-08T07:06:35Z" hostname="dee4ab1f7135" tests="46" skipped="4" failures="6" errors="0" time="4.669">
    <testcase time="3.661" classname="chevron_tlg_methods" name="run_works_as_expected_for_chevron_t_object">
      <skipped message="Reason: On CRAN ('test-chevron_tlg-methods.R:5:3')"/>
    </testcase>
    <testcase time="0.027000000000001" classname="chevron_tlg_methods" name="run_returns_a_warning_if_provided_with_invalid_arguments"/>
    <testcase time="0.548000000000002" classname="chevron_tlg_methods" name="run_works_as_expected_for_chevron_t_object_when_auto_pre_FALSE">
      <skipped message="Reason: On CRAN ('test-chevron_tlg-methods.R:17:3')"/>
    </testcase>
    <testcase time="0.014999999999997" classname="chevron_tlg_methods" name="args_ls_works_as_expected"/>
    <testcase time="0.00200000000000244" classname="chevron_tlg_methods" name="args_ls_works_as_expected"/>
    <testcase time="0.000999999999997669" classname="chevron_tlg_methods" name="args_ls_works_as_expected"/>
    <testcase time="0.00600000000000023" classname="chevron_tlg_methods" name="args_ls_works_as_expected_when_simplify_is_TRUE"/>
    <testcase time="0.0139999999999993" classname="chevron_tlg_methods" name="args_ls_works_as_expected_when_simplify_is_TRUE">
      <failure type="failure" message="Check on 'res' failed: Must have length 10, but has length 7 ('test-chevron_tlg-methods.R:30:3')">Check on 'res' failed: Must have length 10, but has length 7
Backtrace:
 1. checkmate::expect_list(res, len = 10, names = "named")
      at test-chevron_tlg-methods.R:30:2
 2. checkmate::makeExpectation(x, res, info, label)</failure>
    </testcase>
    <testcase time="0.0250000000000021" classname="chevron_tlg_methods" name="args_ls_works_as_expected_when_simplify_is_TRUE">
      <failure type="failure" message="Check on 'names(res)' failed: Names must be a identical to set {'adam_db','arm_var','lbl_overall','lbl_aebodsys','lbl_aedecod','grade_groups','deco','...','tlg','prune_0'}, but is {'adam_db','arm_var','lbl_overall','grade_groups','...','tlg','prune_0'} ('test-chevron_tlg-methods.R:31:3')">Check on 'names(res)' failed: Names must be a identical to set {'adam_db','arm_var','lbl_overall','lbl_aebodsys','lbl_aedecod','grade_groups','deco','...','tlg','prune_0'}, but is {'adam_db','arm_var','lbl_overall','grade_groups','...','tlg','prune_0'}
Backtrace:
 1. checkmate::expect_names(...)
      at test-chevron_tlg-methods.R:31:2
 2. checkmate::makeExpectation(x, res, info, label)</failure>
    </testcase>
    <testcase time="0.0219999999999985" classname="chevron_tlg_methods" name="args_ls_works_as_expected_with_custom_chevron_tlg_object"/>
    <testcase time="0.00500000000000256" classname="chevron_tlg_methods" name="args_ls_works_as_expected_with_custom_chevron_tlg_object">
      <failure type="failure" message="Check on 'res' failed: Must have length 11, but has length 8 ('test-chevron_tlg-methods.R:47:3')">Check on 'res' failed: Must have length 11, but has length 8
Backtrace:
 1. checkmate::expect_list(res, len = 11, names = "named")
      at test-chevron_tlg-methods.R:47:2
 2. checkmate::makeExpectation(x, res, info, label)</failure>
    </testcase>
    <testcase time="0.0219999999999985" classname="chevron_tlg_methods" name="args_ls_works_as_expected_with_custom_chevron_tlg_object">
      <failure type="failure" message="Check on 'names(res)' failed: Names must be a identical to set {'adam_db','arm_var','lbl_overall','lbl_aebodsys','lbl_aedecod','grade_groups','deco','...','new_arg','tlg','prune_0'}, but is {'adam_db','arm_var','lbl_overall','grade_groups','...','new_arg','tlg','prune_0'} ('test-chevron_tlg-methods.R:48:3')">Check on 'names(res)' failed: Names must be a identical to set {'adam_db','arm_var','lbl_overall','lbl_aebodsys','lbl_aedecod','grade_groups','deco','...','new_arg','tlg','prune_0'}, but is {'adam_db','arm_var','lbl_overall','grade_groups','...','new_arg','tlg','prune_0'}
Backtrace:
 1. checkmate::expect_names(...)
      at test-chevron_tlg-methods.R:48:2
 2. checkmate::makeExpectation(x, res, info, label)</failure>
    </testcase>
    <testcase time="0.0210000000000008" classname="chevron_tlg_methods" name="args_ls_works_as_expected_with_custom_chevron_tlg_object"/>
    <testcase time="0.00900000000000034" classname="chevron_tlg_methods" name="main_works_as_expected"/>
    <testcase time="0.0109999999999992" classname="chevron_tlg_methods" name="get_main_works_as_expected"/>
    <testcase time="0.00499999999999901" classname="chevron_tlg_methods" name="get_main_works_as_expected"/>
    <testcase time="0.00900000000000034" classname="chevron_tlg_methods" name="main_setter_works_as_expected"/>
    <testcase time="0.0139999999999993" classname="chevron_tlg_methods" name="main_setter_throw_an_error_as_expected"/>
    <testcase time="0.00799999999999912" classname="chevron_tlg_methods" name="preprocess_works_as_expected"/>
    <testcase time="0.0110000000000028" classname="chevron_tlg_methods" name="get_preprocess_works_as_expected"/>
    <testcase time="0.00499999999999901" classname="chevron_tlg_methods" name="get_preprocess_works_as_expected"/>
    <testcase time="0.00900000000000034" classname="chevron_tlg_methods" name="preprocess_setter_works_as_expected"/>
    <testcase time="0.0139999999999993" classname="chevron_tlg_methods" name="preprocess_sends_an_error_as_expected"/>
    <testcase time="0.00900000000000034" classname="chevron_tlg_methods" name="postprocess_works_as_expected"/>
    <testcase time="0.0109999999999992" classname="chevron_tlg_methods" name="get_postprocess_works_as_expected"/>
    <testcase time="0.00499999999999901" classname="chevron_tlg_methods" name="get_postprocess_works_as_expected"/>
    <testcase time="0.00900000000000034" classname="chevron_tlg_methods" name="postprocess_setter_works_as_expected"/>
    <testcase time="0.0140000000000029" classname="chevron_tlg_methods" name="postprocess_sends_an_error_as_expected"/>
    <testcase time="0.00899999999999679" classname="chevron_tlg_methods" name="datasets_works_as_expected"/>
    <testcase time="0.0110000000000028" classname="chevron_tlg_methods" name="get_adam_datasets_works_as_expected"/>
    <testcase time="0.00600000000000023" classname="chevron_tlg_methods" name="get_adam_datasets_works_as_expected"/>
    <testcase time="0.00900000000000034" classname="chevron_tlg_methods" name="datasets_setter_works_as_expected"/>
    <testcase time="0.0069999999999979" classname="chevron_tlg_methods" name="script_works_as_expected"/>
    <testcase time="0.00499999999999901" classname="chevron_tlg_methods" name="script_works_as_expected">
      <failure type="failure" message="Check on 'res' failed: Must have length 7, but has length 4 ('test-chevron_tlg-methods.R:186:3')">Check on 'res' failed: Must have length 7, but has length 4
Backtrace:
 1. checkmate::expect_character(res, len = 7)
      at test-chevron_tlg-methods.R:186:2
 2. checkmate::makeExpectation(x, res, info, label)</failure>
    </testcase>
    <testcase time="0.0259999999999998" classname="chevron_tlg_methods" name="script_works_as_expected"/>
    <testcase time="0.00600000000000023" classname="chevron_tlg_methods" name="script_works_as_expected_with_dictionary_of_arguments"/>
    <testcase time="0.00600000000000023" classname="chevron_tlg_methods" name="script_works_as_expected_with_dictionary_of_arguments">
      <failure type="failure" message="Check on 'res' failed: Must have length 8, but has length 5 ('test-chevron_tlg-methods.R:192:3')">Check on 'res' failed: Must have length 8, but has length 5
Backtrace:
 1. checkmate::expect_character(res, len = 8)
      at test-chevron_tlg-methods.R:192:2
 2. checkmate::makeExpectation(x, res, info, label)</failure>
    </testcase>
    <testcase time="0.0169999999999995" classname="chevron_tlg_methods" name="script_works_as_expected_with_dictionary_of_arguments"/>
    <testcase time="0.00200000000000244" classname="chevron_tlg_methods" name="script_works_as_expected_with_dictionary_of_arguments"/>
    <testcase time="0.00499999999999901" classname="chevron_tlg_methods" name="script_funs_works_as_expected_in_interactive_mode">
      <skipped message="Reason: !interactive() is TRUE ('test-chevron_tlg-methods.R:200:3')"/>
    </testcase>
    <testcase time="0.0160000000000018" classname="chevron_tlg_methods" name="script_funs_works_as_expected_in_non_interactive_mode"/>
    <testcase time="0.00600000000000023" classname="chevron_tlg_methods" name="script_funs_works_as_expected_in_non_interactive_mode">
      <skipped message="Reason: On CRAN ('test-chevron_tlg-methods.R:208:3')"/>
    </testcase>
    <testcase time="0.014999999999997" classname="chevron_tlg_methods" name="script_funs_works_as_expected"/>
    <testcase time="0.00200000000000244" classname="chevron_tlg_methods" name="script_funs_works_as_expected"/>
    <testcase time="0.0069999999999979" classname="chevron_tlg_methods" name="script_funs_works_as_expected_with_details_set_to_TRUE"/>
    <testcase time="0.00200000000000244" classname="chevron_tlg_methods" name="script_funs_works_as_expected_with_details_set_to_TRUE"/>
  </testsuite>
  <testsuite name="cmt01a" timestamp="2023-05-08T07:06:40Z" hostname="dee4ab1f7135" tests="12" skipped="6" failures="0" errors="0" time="3.684">
    <testcase time="0.171999999999997" classname="cmt01a" name="cmt01a_can_handle_all_NA_values"/>
    <testcase time="0.0560000000000009" classname="cmt01a" name="cmt01a_can_handle_all_NA_values">
      <skipped message="Reason: On CRAN ('test-cmt01a.R:10:3')"/>
    </testcase>
    <testcase time="0.824999999999999" classname="cmt01a" name="cmt01a_can_handle_some_NA_values"/>
    <testcase time="0.224" classname="cmt01a" name="cmt01a_can_handle_some_NA_values">
      <skipped message="Reason: On CRAN ('test-cmt01a.R:25:3')"/>
    </testcase>
    <testcase time="0.199999999999999" classname="cmt01a" name="cmt01a_2_can_handle_all_NA_values"/>
    <testcase time="0.0520000000000032" classname="cmt01a" name="cmt01a_2_can_handle_all_NA_values">
      <skipped message="Reason: On CRAN ('test-cmt01a.R:37:3')"/>
    </testcase>
    <testcase time="0.753999999999998" classname="cmt01a" name="cmt01a_2_can_handle_some_NA_values"/>
    <testcase time="0.216000000000001" classname="cmt01a" name="cmt01a_2_can_handle_some_NA_values">
      <skipped message="Reason: On CRAN ('test-cmt01a.R:52:3')"/>
    </testcase>
    <testcase time="0.183" classname="cmt01a" name="cmt01a_3_can_handle_all_NA_values"/>
    <testcase time="0.0530000000000008" classname="cmt01a" name="cmt01a_3_can_handle_all_NA_values">
      <skipped message="Reason: On CRAN ('test-cmt01a.R:64:3')"/>
    </testcase>
    <testcase time="0.753" classname="cmt01a" name="cmt01a_3_can_handle_some_NA_values"/>
    <testcase time="0.195999999999998" classname="cmt01a" name="cmt01a_3_can_handle_some_NA_values">
      <skipped message="Reason: On CRAN ('test-cmt01a.R:79:3')"/>
    </testcase>
  </testsuite>
  <testsuite name="cmt02_pt" timestamp="2023-05-08T07:06:44Z" hostname="dee4ab1f7135" tests="4" skipped="2" failures="0" errors="0" time="0.449">
    <testcase time="0.143000000000001" classname="cmt02_pt" name="cmt02_pt_1_can_handle_all_NA_values"/>
    <testcase time="0.0489999999999995" classname="cmt02_pt" name="cmt02_pt_1_can_handle_all_NA_values">
      <skipped message="Reason: On CRAN ('test-cmt02_pt.R:10:3')"/>
    </testcase>
    <testcase time="0.18" classname="cmt02_pt" name="cmt02_pt_1_can_handle_some_NA_values"/>
    <testcase time="0.0770000000000017" classname="cmt02_pt" name="cmt02_pt_1_can_handle_some_NA_values">
      <skipped message="Reason: On CRAN ('test-cmt02_pt.R:25:3')"/>
    </testcase>
  </testsuite>
  <testsuite name="default_tlg" timestamp="2023-05-08T07:06:44Z" hostname="dee4ab1f7135" tests="38" skipped="38" failures="0" errors="0" time="44.937">
    <testcase time="0.0899999999999999" classname="default_tlg" name="ael01_nollt_function_with_default_argument_value_return_expected_result_with_test_data">
      <skipped message="Reason: On CRAN ('test-default_tlg.R:5:3')"/>
    </testcase>
    <testcase time="0.448" classname="default_tlg" name="aet01_function_with_default_argument_value_return_expected_result_with_test_data">
      <skipped message="Reason: On CRAN ('test-default_tlg.R:12:3')"/>
    </testcase>
    <testcase time="0.379999999999999" classname="default_tlg" name="aet01_aesi_function_with_default_argument_value_return_expected_result_with_test_data">
      <skipped message="Reason: On CRAN ('test-default_tlg.R:19:3')"/>
    </testcase>
    <testcase time="0.986000000000001" classname="default_tlg" name="aet02_functions_with_default_argument_value_return_expected_result_with_test_data">
      <skipped message="Reason: On CRAN ('test-default_tlg.R:26:3')"/>
    </testcase>
    <testcase time="2.494" classname="default_tlg" name="aet03_functions_with_default_argument_value_return_expected_result_with_test_data">
      <skipped message="Reason: On CRAN ('test-default_tlg.R:33:3')"/>
    </testcase>
    <testcase time="3.813" classname="default_tlg" name="aet04_functions_with_default_argument_value_return_expected_result_with_test_data">
      <skipped message="Reason: On CRAN ('test-default_tlg.R:40:3')"/>
    </testcase>
    <testcase time="0.199000000000005" classname="default_tlg" name="aet10_functions_with_default_argument_value_return_expected_result_with_test_data">
      <skipped message="Reason: On CRAN ('test-default_tlg.R:47:3')"/>
    </testcase>
    <testcase time="0.939" classname="default_tlg" name="cmt01a_1_functions_with_default_argument_value_return_expected_result_with_test_data">
      <skipped message="Reason: On CRAN ('test-default_tlg.R:54:3')"/>
    </testcase>
    <testcase time="0.928999999999995" classname="default_tlg" name="cmt01a_2_functions_with_default_argument_value_return_expected_result_with_test_data">
      <skipped message="Reason: On CRAN ('test-default_tlg.R:61:3')"/>
    </testcase>
    <testcase time="0.852000000000004" classname="default_tlg" name="cmt01a_3_functions_with_default_argument_value_return_expected_result_with_test_data">
      <skipped message="Reason: On CRAN ('test-default_tlg.R:68:3')"/>
    </testcase>
    <testcase time="0.261000000000003" classname="default_tlg" name="cmt02_pt_1_functions_with_default_argument_value_return_expected_result_with_test_data">
      <skipped message="Reason: On CRAN ('test-default_tlg.R:75:3')"/>
    </testcase>
    <testcase time="0.522999999999996" classname="default_tlg" name="dmt01_1_functions_with_default_argument_value_return_expected_result_with_test_data">
      <skipped message="Reason: On CRAN ('test-default_tlg.R:82:3')"/>
    </testcase>
    <testcase time="0.451999999999998" classname="default_tlg" name="dst01_1_functions_with_default_argument_value_return_expected_result_with_test_data">
      <skipped message="Reason: On CRAN ('test-default_tlg.R:89:3')"/>
    </testcase>
    <testcase time="0.596000000000004" classname="default_tlg" name="dst01_2_functions_with_default_argument_value_return_expected_result_with_test_data">
      <skipped message="Reason: On CRAN ('test-default_tlg.R:96:3')"/>
    </testcase>
    <testcase time="0.817" classname="default_tlg" name="dst01_3_functions_with_default_argument_value_return_expected_result_with_test_data">
      <skipped message="Reason: On CRAN ('test-default_tlg.R:103:3')"/>
    </testcase>
    <testcase time="0.170999999999999" classname="default_tlg" name="dtht01_1_functions_with_default_argument_value_return_expected_result_with_test_data">
      <skipped message="Reason: On CRAN ('test-default_tlg.R:110:3')"/>
    </testcase>
    <testcase time="3.487" classname="default_tlg" name="egt01_1_functions_with_default_argument_value_return_expected_result_with_test_data">
      <skipped message="Reason: On CRAN ('test-default_tlg.R:117:3')"/>
    </testcase>
    <testcase time="0.332999999999998" classname="default_tlg" name="egt02_1_functions_with_default_argument_value_return_expected_result_with_test_data">
      <skipped message="Reason: On CRAN ('test-default_tlg.R:124:3')"/>
    </testcase>
    <testcase time="0.292999999999999" classname="default_tlg" name="egt02_2_functions_with_default_argument_value_return_expected_result_with_test_data">
      <skipped message="Reason: On CRAN ('test-default_tlg.R:131:3')"/>
    </testcase>
    <testcase time="0.422000000000004" classname="default_tlg" name="egt03_1_functions_with_default_argument_value_return_expected_result_with_test_data">
      <skipped message="Reason: On CRAN ('test-default_tlg.R:138:3')"/>
    </testcase>
    <testcase time="0.422999999999995" classname="default_tlg" name="egt03_2_functions_with_default_argument_value_return_expected_result_with_test_data">
      <skipped message="Reason: On CRAN ('test-default_tlg.R:145:3')"/>
    </testcase>
    <testcase time="0.985000000000007" classname="default_tlg" name="egt05_qtcat_1_functions_with_default_argument_value_return_expected_result_with_test_data">
      <skipped message="Reason: On CRAN ('test-default_tlg.R:152:3')"/>
    </testcase>
    <testcase time="0.258999999999993" classname="default_tlg" name="ext01_1_functions_with_default_argument_value_return_expected_result_with_test_data">
      <skipped message="Reason: On CRAN ('test-default_tlg.R:159:3')"/>
    </testcase>
    <testcase time="0.281000000000006" classname="default_tlg" name="ext01_2_functions_with_default_argument_value_return_expected_result_with_test_data">
      <skipped message="Reason: On CRAN ('test-default_tlg.R:167:3')"/>
    </testcase>
    <testcase time="2.387" classname="default_tlg" name="lbt01_1_functions_with_default_argument_value_return_expected_result_with_test_data">
      <skipped message="Reason: On CRAN ('test-default_tlg.R:174:3')"/>
    </testcase>
    <testcase time="0.640999999999998" classname="default_tlg" name="lbt04_1_functions_with_default_argument_value_return_expected_result_with_test_data">
      <skipped message="Reason: On CRAN ('test-default_tlg.R:181:3')"/>
    </testcase>
    <testcase time="0.662999999999997" classname="default_tlg" name="lbt05_1_functions_with_default_argument_value_return_expected_result_with_test_data">
      <skipped message="Reason: On CRAN ('test-default_tlg.R:188:3')"/>
    </testcase>
    <testcase time="0.961000000000006" classname="default_tlg" name="lbt07_1_functions_with_default_argument_value_return_expected_result_with_test_data">
      <skipped message="Reason: On CRAN ('test-default_tlg.R:195:3')"/>
    </testcase>
    <testcase time="2.055" classname="default_tlg" name="lbt14_1_functions_with_default_argument_value_return_expected_result_with_test_data">
      <skipped message="Reason: On CRAN ('test-default_tlg.R:202:3')"/>
    </testcase>
    <testcase time="2.178" classname="default_tlg" name="lbt14_2_functions_with_default_argument_value_return_expected_result_with_test_data">
      <skipped message="Reason: On CRAN ('test-default_tlg.R:209:3')"/>
    </testcase>
    <testcase time="0.481000000000002" classname="default_tlg" name="mht01_1_functions_with_default_argument_value_return_expected_result_with_test_data">
      <skipped message="Reason: On CRAN ('test-default_tlg.R:216:3')"/>
    </testcase>
    <testcase time="0.430999999999997" classname="default_tlg" name="pdt01_1_function_with_default_argument_value_return_expected_result_with_test_data">
      <skipped message="Reason: On CRAN ('test-default_tlg.R:223:3')"/>
    </testcase>
    <testcase time="0.207000000000001" classname="default_tlg" name="pdt02_1_function_with_default_argument_value_return_expected_result_with_test_data">
      <skipped message="Reason: On CRAN ('test-default_tlg.R:230:3')"/>
    </testcase>
    <testcase time="0.200000000000003" classname="default_tlg" name="rmpt01_1_function_with_default_argument_value_return_expected_result_with_test_data">
      <skipped message="Reason: On CRAN ('test-default_tlg.R:237:3')"/>
    </testcase>
    <testcase time="6.602" classname="default_tlg" name="vst01_1_functions_with_default_argument_value_return_expected_result_with_test_data">
      <skipped message="Reason: On CRAN ('test-default_tlg.R:244:3')"/>
    </testcase>
    <testcase time="6.78400000000001" classname="default_tlg" name="vst01_1_functions_with_default_argument_value_return_expected_result_with_test_data">
      <skipped message="Reason: On CRAN ('test-default_tlg.R:251:3')"/>
    </testcase>
    <testcase time="0.475999999999999" classname="default_tlg" name="vst02_1_functions_with_default_argument_value_return_expected_result_with_test_data">
      <skipped message="Reason: On CRAN ('test-default_tlg.R:258:3')"/>
    </testcase>
    <testcase time="0.438000000000002" classname="default_tlg" name="vst02_2_functions_with_default_argument_value_return_expected_result_with_test_data">
      <skipped message="Reason: On CRAN ('test-default_tlg.R:265:3')"/>
    </testcase>
  </testsuite>
  <testsuite name="dmt01" timestamp="2023-05-08T07:07:29Z" hostname="dee4ab1f7135" tests="4" skipped="2" failures="0" errors="0" time="1.029">
    <testcase time="0.37299999999999" classname="dmt01" name="dmt01_1_can_handle_NA_values"/>
    <testcase time="0.132000000000005" classname="dmt01" name="dmt01_1_can_handle_NA_values">
      <skipped message="Reason: On CRAN ('test-dmt01.R:10:3')"/>
    </testcase>
    <testcase time="0.366" classname="dmt01" name="dmt01_1_can_handle_some_NA_values"/>
    <testcase time="0.158000000000001" classname="dmt01" name="dmt01_1_can_handle_some_NA_values">
      <skipped message="Reason: On CRAN ('test-dmt01.R:22:3')"/>
    </testcase>
  </testsuite>
  <testsuite name="dst01" timestamp="2023-05-08T07:07:30Z" hostname="dee4ab1f7135" tests="26" skipped="13" failures="0" errors="0" time="6.281">
    <testcase time="0.272999999999996" classname="dst01" name="dst01_can_handle_all_NA_values"/>
    <testcase time="0.0370000000000061" classname="dst01" name="dst01_can_handle_all_NA_values">
      <skipped message="Reason: On CRAN ('test-dst01.R:12:3')"/>
    </testcase>
    <testcase time="0.305999999999997" classname="dst01" name="dst01_1_can_handle_all_NA_values_in_disc_reason_var"/>
    <testcase time="0.0480000000000018" classname="dst01" name="dst01_1_can_handle_all_NA_values_in_disc_reason_var">
      <skipped message="Reason: On CRAN ('test-dst01.R:23:3')"/>
    </testcase>
    <testcase time="0.343999999999994" classname="dst01" name="dst01_1_can_handle_some_NA_values"/>
    <testcase time="0.0840000000000032" classname="dst01" name="dst01_1_can_handle_some_NA_values">
      <skipped message="Reason: On CRAN ('test-dst01.R:35:3')"/>
    </testcase>
    <testcase time="0.325000000000003" classname="dst01" name="dst01_1_can_handle_missing_levels_in_status_var"/>
    <testcase time="0.0570000000000022" classname="dst01" name="dst01_1_can_handle_missing_levels_in_status_var">
      <skipped message="Reason: On CRAN ('test-dst01.R:46:3')"/>
    </testcase>
    <testcase time="0.295999999999992" classname="dst01" name="dst01_1_can_handle_missing_levels_in_disc_reason_var"/>
    <testcase time="0.0550000000000068" classname="dst01" name="dst01_1_can_handle_missing_levels_in_disc_reason_var">
      <skipped message="Reason: On CRAN ('test-dst01.R:57:3')"/>
    </testcase>
    <testcase time="0.24499999999999" classname="dst01" name="dst01_2_can_handle_all_NA_values"/>
    <testcase time="0.0350000000000108" classname="dst01" name="dst01_2_can_handle_all_NA_values">
      <skipped message="Reason: On CRAN ('test-dst01.R:72:3')"/>
    </testcase>
    <testcase time="0.267999999999986" classname="dst01" name="dst01_2_can_handle_all_NA_values_in_disc_reason_var"/>
    <testcase time="0.0470000000000113" classname="dst01" name="dst01_2_can_handle_all_NA_values_in_disc_reason_var">
      <skipped message="Reason: On CRAN ('test-dst01.R:83:3')"/>
    </testcase>
    <testcase time="0.49499999999999" classname="dst01" name="dst01_2_can_handle_some_NA_values"/>
    <testcase time="0.0940000000000083" classname="dst01" name="dst01_2_can_handle_some_NA_values">
      <skipped message="Reason: On CRAN ('test-dst01.R:95:3')"/>
    </testcase>
    <testcase time="0.320999999999998" classname="dst01" name="dst01_2_can_handle_missing_levels_in_disc_reason_var"/>
    <testcase time="0.0609999999999928" classname="dst01" name="dst01_2_can_handle_missing_levels_in_disc_reason_var">
      <skipped message="Reason: On CRAN ('test-dst01.R:106:3')"/>
    </testcase>
    <testcase time="0.432000000000002" classname="dst01" name="dst01_3_can_handle_all_NA_values"/>
    <testcase time="0.0349999999999966" classname="dst01" name="dst01_3_can_handle_all_NA_values">
      <skipped message="Reason: On CRAN ('test-dst01.R:121:3')"/>
    </testcase>
    <testcase time="0.704000000000008" classname="dst01" name="dst01_3_can_handle_all_NA_values_in_status_treatment_var"/>
    <testcase time="0.0960000000000036" classname="dst01" name="dst01_3_can_handle_all_NA_values_in_status_treatment_var">
      <skipped message="Reason: On CRAN ('test-dst01.R:132:3')"/>
    </testcase>
    <testcase time="0.682999999999993" classname="dst01" name="dst01_3_can_handle_some_NA_values_in_status_treatment_var"/>
    <testcase time="0.12700000000001" classname="dst01" name="dst01_3_can_handle_some_NA_values_in_status_treatment_var">
      <skipped message="Reason: On CRAN ('test-dst01.R:143:3')"/>
    </testcase>
    <testcase time="0.698999999999998" classname="dst01" name="dst01_3_can_handle_missing_levels_in_status_treatment_var"/>
    <testcase time="0.11399999999999" classname="dst01" name="dst01_3_can_handle_missing_levels_in_status_treatment_var">
      <skipped message="Reason: On CRAN ('test-dst01.R:154:3')"/>
    </testcase>
  </testsuite>
  <testsuite name="dtht01" timestamp="2023-05-08T07:07:37Z" hostname="dee4ab1f7135" tests="5" skipped="3" failures="0" errors="0" time="1.574">
    <testcase time="0.340000000000003" classname="dtht01" name="dtht01_can_handle_all_NA_values"/>
    <testcase time="0.0439999999999969" classname="dtht01" name="dtht01_can_handle_all_NA_values">
      <skipped message="Reason: On CRAN ('test-dtht01.R:12:3')"/>
    </testcase>
    <testcase time="0.436999999999998" classname="dtht01" name="dtht01_can_handle_some_NA_values"/>
    <testcase time="0.144999999999996" classname="dtht01" name="dtht01_can_handle_some_NA_values">
      <skipped message="Reason: On CRAN ('test-dtht01.R:27:3')"/>
    </testcase>
    <testcase time="0.608000000000004" classname="dtht01" name="dtht01_can_be_parametrize_as_expected">
      <skipped message="Reason: On CRAN ('test-dtht01.R:38:3')"/>
    </testcase>
  </testsuite>
  <testsuite name="egt03" timestamp="2023-05-08T07:07:38Z" hostname="dee4ab1f7135" tests="9" skipped="4" failures="0" errors="0" time="1.679">
    <testcase time="0.316000000000003" classname="egt03" name="egt03_1_can_handle_all_NA_values"/>
    <testcase time="0.0969999999999942" classname="egt03" name="egt03_1_can_handle_all_NA_values">
      <skipped message="Reason: On CRAN ('test-egt03.R:11:3')"/>
    </testcase>
    <testcase time="0.330000000000013" classname="egt03" name="egt03_1_can_handle_some_NA_values"/>
    <testcase time="0.0939999999999941" classname="egt03" name="egt03_1_can_handle_some_NA_values">
      <skipped message="Reason: On CRAN ('test-egt03.R:29:3')"/>
    </testcase>
    <testcase time="0.304000000000002" classname="egt03" name="egt03_2_can_handle_all_NA_values"/>
    <testcase time="0.103999999999999" classname="egt03" name="egt03_2_can_handle_all_NA_values">
      <skipped message="Reason: On CRAN ('test-egt03.R:42:3')"/>
    </testcase>
    <testcase time="0.310999999999993" classname="egt03" name="egt03_2_can_handle_some_NA_values"/>
    <testcase time="0.0960000000000036" classname="egt03" name="egt03_2_can_handle_some_NA_values">
      <skipped message="Reason: On CRAN ('test-egt03.R:57:3')"/>
    </testcase>
    <testcase time="0.027000000000001" classname="egt03" name="egt03_1_fails_on_incomplete_data"/>
  </testsuite>
  <testsuite name="egt05_qtcat" timestamp="2023-05-08T07:07:40Z" hostname="dee4ab1f7135" tests="4" skipped="2" failures="0" errors="0" time="1.081">
    <testcase time="0.0930000000000035" classname="egt05_qtcat" name="egt05_qtcat_can_handle_all_NA_values"/>
    <testcase time="0.0169999999999959" classname="egt05_qtcat" name="egt05_qtcat_can_handle_all_NA_values">
      <skipped message="Reason: On CRAN ('test-egt05_qtcat.R:11:3')"/>
    </testcase>
    <testcase time="0.680000000000007" classname="egt05_qtcat" name="egt05_qtcat_can_handle_some_NA_values"/>
    <testcase time="0.290999999999997" classname="egt05_qtcat" name="egt05_qtcat_can_handle_some_NA_values">
      <skipped message="Reason: On CRAN ('test-egt05_qtcat.R:31:3')"/>
    </testcase>
  </testsuite>
  <testsuite name="empty_report" timestamp="2023-05-08T07:07:41Z" hostname="dee4ab1f7135" tests="31" skipped="0" failures="1" errors="0" time="7.565">
    <testcase time="1.88000000000001" classname="empty_report" name="tlg_functions_return_null_reports_when_domain_table_is_empty"/>
    <testcase time="0.256" classname="empty_report" name="tlg_functions_return_null_reports_when_domain_table_is_empty"/>
    <testcase time="0.108999999999995" classname="empty_report" name="tlg_functions_return_null_reports_when_domain_table_is_empty"/>
    <testcase time="0.131" classname="empty_report" name="tlg_functions_return_null_reports_when_domain_table_is_empty"/>
    <testcase time="1.55500000000001" classname="empty_report" name="tlg_functions_return_null_reports_when_domain_table_is_empty">
      <failure type="failure" message="`res` (`actual`) not identical to `empty_report` (`expected`). ('test-empty_report.R:33:3')">`res` (`actual`) not identical to `empty_report` (`expected`).

`actual@content@labelrow@col_info@tree_layout@display_columncounts`:   TRUE 
`expected@content@labelrow@col_info@tree_layout@display_columncounts`: FALSE

is(actual@content@labelrow@col_info@tree_layout@split) vs is(expected@content@labelrow@col_info@tree_layout@split)
- "VarLevelSplit"
- "CustomizableSplit"
+ "AllSplit"
  "Split"

`actual@content@labelrow@col_info@tree_layout@split@value_label_var` is a character vector ('ACTARM')
`expected@content@labelrow@col_info@tree_layout@split@value_label_var` is absent

`actual@content@labelrow@col_info@tree_layout@split@value_order` is a character vector ('A: Drug X', 'B: Placebo', 'C: Combination')
`expected@content@labelrow@col_info@tree_layout@split@value_order` is absent

`actual@content@labelrow@col_info@tree_layout@split@split_fun` is NULL
`expected@content@labelrow@col_info@tree_layout@split@split_fun` is absent

`actual@content@labelrow@col_info@tree_layout@split@payload` is a character vector ('ACTARM')
`expected@content@labelrow@col_info@tree_layout@split@payload` is NULL

`actual@content@labelrow@col_info@tree_layout@split@name`:   "ACTARM" 
`expected@content@labelrow@col_info@tree_layout@split@name`: "all obs"

`actual@content@labelrow@col_info@tree_layout@split@split_label`:   "ACTARM"
`expected@content@labelrow@col_info@tree_layout@split@split_label`: ""      

actual@content@labelrow@col_info@tree_layout@split@split_label_position vs expected@content@labelrow@col_info@tree_layout@split@split_label_position
- "topleft"
- "hidden"
- "visible"
+ "hidden"

`actual@content@labelrow@col_info@tree_layout@split@label_children`:   &lt;NA&gt; 
`expected@content@labelrow@col_info@tree_layout@split@label_children`: FALSE

`actual@content@labelrow@col_info@tree_layout@children` is length 3
`expected@content@labelrow@col_info@tree_layout@children` is length 0

`names(actual@content@labelrow@col_info@tree_layout@children)` is a character vector ('A: Drug X', 'B: Placebo', 'C: Combination')
`names(expected@content@labelrow@col_info@tree_layout@children)` is absent

`actual@content@labelrow@col_info@tree_layout@children$A: Drug X` is an S4 object of class &lt;LayoutColLeaf&gt;
`expected@content@labelrow@col_info@tree_layout@children$A: Drug X` is absent

`actual@content@labelrow@col_info@tree_layout@children$B: Placebo` is an S4 object of class &lt;LayoutColLeaf&gt;
`expected@content@labelrow@col_info@tree_layout@children$B: Placebo` is absent

`actual@content@labelrow@col_info@tree_layout@children$C: Combination` is an S4 object of class &lt;LayoutColLeaf&gt;
`expected@content@labelrow@col_info@tree_layout@children$C: Combination` is absent

  `actual@content@labelrow@col_info@tree_layout@level`: 1
`expected@content@labelrow@col_info@tree_layout@level`: 0

`actual@content@labelrow@col_info@tree_layout@name`:   ""       
`expected@content@labelrow@col_info@tree_layout@name`: "all obs"

`actual@content@labelrow@col_info@subset_exprs` is length 3
`expected@content@labelrow@col_info@subset_exprs` is length 0

`names(actual@content@labelrow@col_info@subset_exprs)` is a character vector ('A: Drug X', 'B: Placebo', 'C: Combination')
`names(expected@content@labelrow@col_info@subset_exprs)` is absent

`actual@content@labelrow@col_info@subset_exprs$A: Drug X` is an expression vector
`expected@content@labelrow@col_info@subset_exprs$A: Drug X` is absent

`actual@content@labelrow@col_info@subset_exprs$B: Placebo` is an expression vector
`expected@content@labelrow@col_info@subset_exprs$B: Placebo` is absent

`actual@content@labelrow@col_info@subset_exprs$C: Combination` is an expression vector
`expected@content@labelrow@col_info@subset_exprs$C: Combination` is absent

`actual@content@labelrow@col_info@cextra_args` is length 3
`expected@content@labelrow@col_info@cextra_args` is length 0

`names(actual@content@labelrow@col_info@cextra_args)` is a character vector ('A: Drug X', 'B: Placebo', 'C: Combination')
`names(expected@content@labelrow@col_info@cextra_args)` is absent

`actual@content@labelrow@col_info@cextra_args$A: Drug X` is a list
`expected@content@labelrow@col_info@cextra_args$A: Drug X` is absent

`actual@content@labelrow@col_info@cextra_args$B: Placebo` is a list
`expected@content@labelrow@col_info@cextra_args$B: Placebo` is absent

`actual@content@labelrow@col_info@cextra_args$C: Combination` is a list
`expected@content@labelrow@col_info@cextra_args$C: Combination` is absent

  `actual@content@labelrow@col_info@counts`: 0 0 0
`expected@content@labelrow@col_info@counts`:      

  `actual@content@labelrow@col_info@total_count`:  0
`expected@content@labelrow@col_info@total_count`: NA

`actual@content@labelrow@col_info@display_columncounts`:   TRUE 
`expected@content@labelrow@col_info@display_columncounts`: FALSE

actual@content@labelrow@col_info@top_left vs expected@content@labelrow@col_info@top_left
- "MedDRA System Organ Class"
- "  MedDRA Preferred Term"
- "                            Grade"

`actual@content@col_info@tree_layout@display_columncounts`:   TRUE 
`expected@content@col_info@tree_layout@display_columncounts`: FALSE

is(actual@content@col_info@tree_layout@split) vs is(expected@content@col_info@tree_layout@split)
- "VarLevelSplit"
- "CustomizableSplit"
+ "AllSplit"
  "Split"

`actual@content@col_info@tree_layout@split@value_label_var` is a character vector ('ACTARM')
`expected@content@col_info@tree_layout@split@value_label_var` is absent

`actual@content@col_info@tree_layout@split@value_order` is a character vector ('A: Drug X', 'B: Placebo', 'C: Combination')
`expected@content@col_info@tree_layout@split@value_order` is absent

`actual@content@col_info@tree_layout@split@split_fun` is NULL
`expected@content@col_info@tree_layout@split@split_fun` is absent

`actual@content@col_info@tree_layout@split@payload` is a character vector ('ACTARM')
`expected@content@col_info@tree_layout@split@payload` is NULL

`actual@content@col_info@tree_layout@split@name`:   "ACTARM" 
`expected@content@col_info@tree_layout@split@name`: "all obs"

`actual@content@col_info@tree_layout@split@split_label`:   "ACTARM"
`expected@content@col_info@tree_layout@split@split_label`: ""      

actual@content@col_info@tree_layout@split@split_label_position vs expected@content@col_info@tree_layout@split@split_label_position
- "topleft"
- "hidden"
- "visible"
+ "hidden"

`actual@content@col_info@tree_layout@split@label_children`:   &lt;NA&gt; 
`expected@content@col_info@tree_layout@split@label_children`: FALSE

`actual@content@col_info@tree_layout@children` is length 3
`expected@content@col_info@tree_layout@children` is length 0

`names(actual@content@col_info@tree_layout@children)` is a character vector ('A: Drug X', 'B: Placebo', 'C: Combination')
`names(expected@content@col_info@tree_layout@children)` is absent

`actual@content@col_info@tree_layout@children$A: Drug X` is an S4 object of class &lt;LayoutColLeaf&gt;
`expected@content@col_info@tree_layout@children$A: Drug X` is absent

`actual@content@col_info@tree_layout@children$B: Placebo` is an S4 object of class &lt;LayoutColLeaf&gt;
`expected@content@col_info@tree_layout@children$B: Placebo` is absent

`actual@content@col_info@tree_layout@children$C: Combination` is an S4 object of class &lt;LayoutColLeaf&gt;
`expected@content@col_info@tree_layout@children$C: Combination` is absent

  `actual@content@col_info@tree_layout@level`: 1
`expected@content@col_info@tree_layout@level`: 0

`actual@content@col_info@tree_layout@name`:   ""       
`expected@content@col_info@tree_layout@name`: "all obs"

`actual@content@col_info@subset_exprs` is length 3
`expected@content@col_info@subset_exprs` is length 0

`names(actual@content@col_info@subset_exprs)` is a character vector ('A: Drug X', 'B: Placebo', 'C: Combination')
`names(expected@content@col_info@subset_exprs)` is absent

`actual@content@col_info@subset_exprs$A: Drug X` is an expression vector
`expected@content@col_info@subset_exprs$A: Drug X` is absent

`actual@content@col_info@subset_exprs$B: Placebo` is an expression vector
`expected@content@col_info@subset_exprs$B: Placebo` is absent

`actual@content@col_info@subset_exprs$C: Combination` is an expression vector
`expected@content@col_info@subset_exprs$C: Combination` is absent

`actual@content@col_info@cextra_args` is length 3
`expected@content@col_info@cextra_args` is length 0

`names(actual@content@col_info@cextra_args)` is a character vector ('A: Drug X', 'B: Placebo', 'C: Combination')
`names(expected@content@col_info@cextra_args)` is absent

`actual@content@col_info@cextra_args$A: Drug X` is a list
`expected@content@col_info@cextra_args$A: Drug X` is absent

`actual@content@col_info@cextra_args$B: Placebo` is a list
`expected@content@col_info@cextra_args$B: Placebo` is absent

`actual@content@col_info@cextra_args$C: Combination` is a list
`expected@content@col_info@cextra_args$C: Combination` is absent

  `actual@content@col_info@counts`: 0 0 0
`expected@content@col_info@counts`:      

  `actual@content@col_info@total_count`:  0
`expected@content@col_info@total_count`: NA

`actual@content@col_info@display_columncounts`:   TRUE 
`expected@content@col_info@display_columncounts`: FALSE

    actual@content@col_info@top_left    | expected@content@col_info@top_left 
[1] "MedDRA System Organ Class"         -                                    
[2] "  MedDRA Preferred Term"           -                                    
[3] "                            Grade" -                                    

  `actual@content@level`: 0
`expected@content@level`: 1

`actual@content@name`:   "root@content"
`expected@content@name`: ""            

names(actual@children) vs names(expected@children)
- "ATOXGR"
+ "Null Report: No observations met the reporting criteria for inclusion in this output."

`actual@children$ATOXGR` is an S4 object of class &lt;TableTree&gt;
`expected@children$ATOXGR` is absent

`actual@children$Null Report: No observations met the reporting criteria for inclusion in this output.` is absent
`expected@children$Null Report: No observations met the reporting criteria for inclusion in this output.` is an S4 object of class &lt;LabelRow&gt;

`actual@labelrow@col_info@tree_layout@display_columncounts`:   TRUE 
`expected@labelrow@col_info@tree_layout@display_columncounts`: FALSE

is(actual@labelrow@col_info@tree_layout@split) vs is(expected@labelrow@col_info@tree_layout@split)
- "VarLevelSplit"
+ "ManualSplit"
- "CustomizableSplit"
+ "AllSplit"
  "Split"

`actual@labelrow@col_info@tree_layout@split@value_label_var` is a character vector ('ACTARM')
`expected@labelrow@col_info@tree_layout@split@value_label_var` is absent

`actual@labelrow@col_info@tree_layout@split@value_order` is a character vector ('A: Drug X', 'B: Placebo', 'C: Combination')
`expected@labelrow@col_info@tree_layout@split@value_order` is absent

`actual@labelrow@col_info@tree_layout@split@split_fun` is NULL
`expected@labelrow@col_info@tree_layout@split@split_fun` is absent

`actual@labelrow@col_info@tree_layout@split@payload` is a character vector ('ACTARM')
`expected@labelrow@col_info@tree_layout@split@payload` is NULL

`actual@labelrow@col_info@tree_layout@split@name`:   "ACTARM"
`expected@labelrow@col_info@tree_layout@split@name`: "manual"

`actual@labelrow@col_info@tree_layout@split@split_label`:   "ACTARM"    
`expected@labelrow@col_info@tree_layout@split@split_label`: "colsplit 1"

actual@labelrow@col_info@tree_layout@split@split_label_position vs expected@labelrow@col_info@tree_layout@split@split_label_position
- "topleft"
- "hidden"
  "visible"

`actual@labelrow@col_info@tree_layout@split@content_na_str`:   NA
`expected@labelrow@col_info@tree_layout@split@content_na_str`:   

`actual@labelrow@col_info@tree_layout@split@label_children`:   &lt;NA&gt; 
`expected@labelrow@col_info@tree_layout@split@label_children`: FALSE

`actual@labelrow@col_info@tree_layout@split@levels` is absent
`expected@labelrow@col_info@tree_layout@split@levels` is a character vector ('')

`actual@labelrow@col_info@tree_layout@children` is length 3
`expected@labelrow@col_info@tree_layout@children` is length 1

names(actual@labelrow@col_info@tree_layout@children) vs names(expected@labelrow@col_info@tree_layout@children)
- "A: Drug X"
- "B: Placebo"
- "C: Combination"
+ ""

is(actual@labelrow@col_info@tree_layout@children[[1]]@pos_in_tree@splits[[1]]) vs is(expected@labelrow@col_info@tree_layout@children[[1]]@pos_in_tree@splits[[1]])
- "VarLevelSplit"
+ "ManualSplit"
- "CustomizableSplit"
+ "AllSplit"
  "Split"

`actual@labelrow@col_info@tree_layout@children[[1]]@pos_in_tree@splits[[1]]@value_label_var` is a character vector ('ACTARM')
`expected@labelrow@col_info@tree_layout@children[[1]]@pos_in_tree@splits[[1]]@value_label_var` is absent

`actual@labelrow@col_info@tree_layout@children[[1]]@pos_in_tree@splits[[1]]@value_order` is a character vector ('A: Drug X', 'B: Placebo', 'C: Combination')
`expected@labelrow@col_info@tree_layout@children[[1]]@pos_in_tree@splits[[1]]@value_order` is absent

`actual@labelrow@col_info@tree_layout@children[[1]]@pos_in_tree@splits[[1]]@split_fun` is NULL
`expected@labelrow@col_info@tree_layout@children[[1]]@pos_in_tree@splits[[1]]@split_fun` is absent

`actual@labelrow@col_info@tree_layout@children[[1]]@pos_in_tree@splits[[1]]@payload` is a character vector ('ACTARM')
`expected@labelrow@col_info@tree_layout@children[[1]]@pos_in_tree@splits[[1]]@payload` is NULL

actual@labelrow@col_info@tree_layout@children[[1]]@pos_in_tree@splits[[1]]@name vs expected@labelrow@col_info@tree_layout@children[[1]]@pos_in_tree@splits[[1]]@name
- "ACTARM"
+ "manual"

actual@labelrow@col_info@tree_layout@children[[1]]@pos_in_tree@splits[[1]]@split_label vs expected@labelrow@col_info@tree_layout@children[[1]]@pos_in_tree@splits[[1]]@split_label
- "ACTARM"
+ "colsplit 1"

actual@labelrow@col_info@tree_layout@children[[1]]@pos_in_tree@splits[[1]]@split_label_position vs expected@labelrow@col_info@tree_layout@children[[1]]@pos_in_tree@splits[[1]]@split_label_position
- "topleft"
- "hidden"
  "visible"

actual@labelrow@col_info@tree_layout@children[[1]]@pos_in_tree@splits[[1]]@content_na_str vs expected@labelrow@col_info@tree_layout@children[[1]]@pos_in_tree@splits[[1]]@content_na_str
- NA

actual@labelrow@col_info@tree_layout@children[[1]]@pos_in_tree@splits[[1]]@label_children vs expected@labelrow@col_info@tree_layout@children[[1]]@pos_in_tree@splits[[1]]@label_children
- &lt;NA&gt;
+ FALSE

`actual@labelrow@col_info@tree_layout@children[[1]]@pos_in_tree@splits[[1]]@levels` is absent
`expected@labelrow@col_info@tree_layout@children[[1]]@pos_in_tree@splits[[1]]@levels` is a character vector ('')

actual@labelrow@col_info@tree_layout@children[[1]]@pos_in_tree@s_values[[1]]@value vs expected@labelrow@col_info@tree_layout@children[[1]]@pos_in_tree@s_values[[1]]@value
- "A: Drug X"
+ ""

actual@labelrow@col_info@tree_layout@children[[1]]@pos_in_tree@s_values[[1]]@label vs expected@labelrow@col_info@tree_layout@children[[1]]@pos_in_tree@s_values[[1]]@label
- "A: Drug X"
+ ""

actual@labelrow@col_info@tree_layout@children[[1]]@pos_in_tree@sval_labels vs expected@labelrow@col_info@tree_layout@children[[1]]@pos_in_tree@sval_labels
- "A: Drug X"
+ ""

`actual@labelrow@col_info@tree_layout@children[[1]]@pos_in_tree@subset[[1]]` is a call
`expected@labelrow@col_info@tree_layout@children[[1]]@pos_in_tree@subset[[1]]` is a logical vector (TRUE)

`actual@labelrow@col_info@tree_layout@children[[1]]@label`:   "A: Drug X"
`expected@labelrow@col_info@tree_layout@children[[1]]@label`: ""         

`actual@labelrow@col_info@tree_layout@children[[1]]@name`:   "A: Drug X"
`expected@labelrow@col_info@tree_layout@children[[1]]@name`: ""         

`actual@labelrow@col_info@tree_layout@children[[2]]` is an S4 object of class &lt;LayoutColLeaf&gt;
`expected@labelrow@col_info@tree_layout@children[[2]]` is absent

`actual@labelrow@col_info@tree_layout@children[[3]]` is an S4 object of class &lt;LayoutColLeaf&gt;
`expected@labelrow@col_info@tree_layout@children[[3]]` is absent

`actual@labelrow@col_info@subset_exprs` is length 3
`expected@labelrow@col_info@subset_exprs` is length 1

`names(actual@labelrow@col_info@subset_exprs)` is a character vector ('A: Drug X', 'B: Placebo', 'C: Combination')
`names(expected@labelrow@col_info@subset_exprs)` is absent

`actual@labelrow@col_info@subset_exprs[[1]][[1]]` is a call
`expected@labelrow@col_info@subset_exprs[[1]][[1]]` is a logical vector (TRUE)

`actual@labelrow@col_info@subset_exprs[[2]]` is an expression vector
`expected@labelrow@col_info@subset_exprs[[2]]` is absent

`actual@labelrow@col_info@subset_exprs[[3]]` is an expression vector
`expected@labelrow@col_info@subset_exprs[[3]]` is absent

`actual@labelrow@col_info@cextra_args` is length 3
`expected@labelrow@col_info@cextra_args` is length 1

`names(actual@labelrow@col_info@cextra_args)` is a character vector ('A: Drug X', 'B: Placebo', 'C: Combination')
`names(expected@labelrow@col_info@cextra_args)` is absent

`actual@labelrow@col_info@cextra_args[[2]]` is a list
`expected@labelrow@col_info@cextra_args[[2]]` is absent

`actual@labelrow@col_info@cextra_args[[3]]` is a list
`expected@labelrow@col_info@cextra_args[[3]]` is absent

  `actual@labelrow@col_info@counts`:  0 0 0
`expected@labelrow@col_info@counts`: NA    

  `actual@labelrow@col_info@total_count`:  0
`expected@labelrow@col_info@total_count`: NA

`actual@labelrow@col_info@display_columncounts`:   TRUE 
`expected@labelrow@col_info@display_columncounts`: FALSE

    actual@labelrow@col_info@top_left   | expected@labelrow@col_info@top_left 
[1] "MedDRA System Organ Class"         -                                     
[2] "  MedDRA Preferred Term"           -                                     
[3] "                            Grade" -                                     

`actual@col_info@tree_layout@display_columncounts`:   TRUE 
`expected@col_info@tree_layout@display_columncounts`: FALSE

is(actual@col_info@tree_layout@split) vs is(expected@col_info@tree_layout@split)
- "VarLevelSplit"
+ "ManualSplit"
- "CustomizableSplit"
+ "AllSplit"
  "Split"

`actual@col_info@tree_layout@split@value_label_var` is a character vector ('ACTARM')
`expected@col_info@tree_layout@split@value_label_var` is absent

`actual@col_info@tree_layout@split@value_order` is a character vector ('A: Drug X', 'B: Placebo', 'C: Combination')
`expected@col_info@tree_layout@split@value_order` is absent

`actual@col_info@tree_layout@split@split_fun` is NULL
`expected@col_info@tree_layout@split@split_fun` is absent

`actual@col_info@tree_layout@split@payload` is a character vector ('ACTARM')
`expected@col_info@tree_layout@split@payload` is NULL

`actual@col_info@tree_layout@split@name`:   "ACTARM"
`expected@col_info@tree_layout@split@name`: "manual"

`actual@col_info@tree_layout@split@split_label`:   "ACTARM"    
`expected@col_info@tree_layout@split@split_label`: "colsplit 1"

actual@col_info@tree_layout@split@split_label_position vs expected@col_info@tree_layout@split@split_label_position
- "topleft"
- "hidden"
  "visible"

`actual@col_info@tree_layout@split@content_na_str`:   NA
`expected@col_info@tree_layout@split@content_na_str`:   

`actual@col_info@tree_layout@split@label_children`:   &lt;NA&gt; 
`expected@col_info@tree_layout@split@label_children`: FALSE

`actual@col_info@tree_layout@split@levels` is absent
`expected@col_info@tree_layout@split@levels` is a character vector ('')

`actual@col_info@tree_layout@children` is length 3
`expected@col_info@tree_layout@children` is length 1

names(actual@col_info@tree_layout@children) vs names(expected@col_info@tree_layout@children)
- "A: Drug X"
- "B: Placebo"
- "C: Combination"
+ ""

is(actual@col_info@tree_layout@children[[1]]@pos_in_tree@splits[[1]]) vs is(expected@col_info@tree_layout@children[[1]]@pos_in_tree@splits[[1]])
- "VarLevelSplit"
+ "ManualSplit"
- "CustomizableSplit"
+ "AllSplit"
  "Split"

`actual@col_info@tree_layout@children[[1]]@pos_in_tree@splits[[1]]@value_label_var` is a character vector ('ACTARM')
`expected@col_info@tree_layout@children[[1]]@pos_in_tree@splits[[1]]@value_label_var` is absent

`actual@col_info@tree_layout@children[[1]]@pos_in_tree@splits[[1]]@value_order` is a character vector ('A: Drug X', 'B: Placebo', 'C: Combination')
`expected@col_info@tree_layout@children[[1]]@pos_in_tree@splits[[1]]@value_order` is absent

`actual@col_info@tree_layout@children[[1]]@pos_in_tree@splits[[1]]@split_fun` is NULL
`expected@col_info@tree_layout@children[[1]]@pos_in_tree@splits[[1]]@split_fun` is absent

`actual@col_info@tree_layout@children[[1]]@pos_in_tree@splits[[1]]@payload` is a character vector ('ACTARM')
`expected@col_info@tree_layout@children[[1]]@pos_in_tree@splits[[1]]@payload` is NULL

actual@col_info@tree_layout@children[[1]]@pos_in_tree@splits[[1]]@name vs expected@col_info@tree_layout@children[[1]]@pos_in_tree@splits[[1]]@name
- "ACTARM"
+ "manual"

actual@col_info@tree_layout@children[[1]]@pos_in_tree@splits[[1]]@split_label vs expected@col_info@tree_layout@children[[1]]@pos_in_tree@splits[[1]]@split_label
- "ACTARM"
+ "colsplit 1"

actual@col_info@tree_layout@children[[1]]@pos_in_tree@splits[[1]]@split_label_position vs expected@col_info@tree_layout@children[[1]]@pos_in_tree@splits[[1]]@split_label_position
- "topleft"
- "hidden"
  "visible"

actual@col_info@tree_layout@children[[1]]@pos_in_tree@splits[[1]]@content_na_str vs expected@col_info@tree_layout@children[[1]]@pos_in_tree@splits[[1]]@content_na_str
- NA

actual@col_info@tree_layout@children[[1]]@pos_in_tree@splits[[1]]@label_children vs expected@col_info@tree_layout@children[[1]]@pos_in_tree@splits[[1]]@label_children
- &lt;NA&gt;
+ FALSE

`actual@col_info@tree_layout@children[[1]]@pos_in_tree@splits[[1]]@levels` is absent
`expected@col_info@tree_layout@children[[1]]@pos_in_tree@splits[[1]]@levels` is a character vector ('')

actual@col_info@tree_layout@children[[1]]@pos_in_tree@s_values[[1]]@value vs expected@col_info@tree_layout@children[[1]]@pos_in_tree@s_values[[1]]@value
- "A: Drug X"
+ ""

actual@col_info@tree_layout@children[[1]]@pos_in_tree@s_values[[1]]@label vs expected@col_info@tree_layout@children[[1]]@pos_in_tree@s_values[[1]]@label
- "A: Drug X"
+ ""

actual@col_info@tree_layout@children[[1]]@pos_in_tree@sval_labels vs expected@col_info@tree_layout@children[[1]]@pos_in_tree@sval_labels
- "A: Drug X"
+ ""

`actual@col_info@tree_layout@children[[1]]@pos_in_tree@subset[[1]]` is a call
`expected@col_info@tree_layout@children[[1]]@pos_in_tree@subset[[1]]` is a logical vector (TRUE)

`actual@col_info@tree_layout@children[[1]]@label`:   "A: Drug X"
`expected@col_info@tree_layout@children[[1]]@label`: ""         

`actual@col_info@tree_layout@children[[1]]@name`:   "A: Drug X"
`expected@col_info@tree_layout@children[[1]]@name`: ""         

`actual@col_info@tree_layout@children[[2]]` is an S4 object of class &lt;LayoutColLeaf&gt;
`expected@col_info@tree_layout@children[[2]]` is absent

`actual@col_info@tree_layout@children[[3]]` is an S4 object of class &lt;LayoutColLeaf&gt;
`expected@col_info@tree_layout@children[[3]]` is absent

`actual@col_info@subset_exprs` is length 3
`expected@col_info@subset_exprs` is length 1

`names(actual@col_info@subset_exprs)` is a character vector ('A: Drug X', 'B: Placebo', 'C: Combination')
`names(expected@col_info@subset_exprs)` is absent

`actual@col_info@subset_exprs[[1]][[1]]` is a call
`expected@col_info@subset_exprs[[1]][[1]]` is a logical vector (TRUE)

`actual@col_info@subset_exprs[[2]]` is an expression vector
`expected@col_info@subset_exprs[[2]]` is absent

`actual@col_info@subset_exprs[[3]]` is an expression vector
`expected@col_info@subset_exprs[[3]]` is absent

`actual@col_info@cextra_args` is length 3
`expected@col_info@cextra_args` is length 1

`names(actual@col_info@cextra_args)` is a character vector ('A: Drug X', 'B: Placebo', 'C: Combination')
`names(expected@col_info@cextra_args)` is absent

`actual@col_info@cextra_args[[2]]` is a list
`expected@col_info@cextra_args[[2]]` is absent

`actual@col_info@cextra_args[[3]]` is a list
`expected@col_info@cextra_args[[3]]` is absent

  `actual@col_info@counts`:  0 0 0
`expected@col_info@counts`: NA    

  `actual@col_info@total_count`:  0
`expected@col_info@total_count`: NA

`actual@col_info@display_columncounts`:   TRUE 
`expected@col_info@display_columncounts`: FALSE

    actual@col_info@top_left            | expected@col_info@top_left 
[1] "MedDRA System Organ Class"         -                            
[2] "  MedDRA Preferred Term"           -                            
[3] "                            Grade" -                            

  `actual@level`: 0
`expected@level`: 1

`actual@name`:   "root"
`expected@name`: ""    </failure>
    </testcase>
    <testcase time="0.109999999999999" classname="empty_report" name="tlg_functions_return_null_reports_when_domain_table_is_empty"/>
    <testcase time="0.11699999999999" classname="empty_report" name="tlg_functions_return_null_reports_when_domain_table_is_empty"/>
    <testcase time="0.0889999999999986" classname="empty_report" name="tlg_functions_return_null_reports_when_domain_table_is_empty"/>
    <testcase time="0.0900000000000034" classname="empty_report" name="tlg_functions_return_null_reports_when_domain_table_is_empty"/>
    <testcase time="0.0990000000000038" classname="empty_report" name="tlg_functions_return_null_reports_when_domain_table_is_empty"/>
    <testcase time="0.230000000000004" classname="empty_report" name="tlg_functions_return_null_reports_when_domain_table_is_empty"/>
    <testcase time="0.149000000000001" classname="empty_report" name="tlg_functions_return_null_reports_when_domain_table_is_empty"/>
    <testcase time="0.244" classname="empty_report" name="tlg_functions_return_null_reports_when_domain_table_is_empty"/>
    <testcase time="0.137" classname="empty_report" name="tlg_functions_return_null_reports_when_domain_table_is_empty"/>
    <testcase time="0.0749999999999886" classname="empty_report" name="tlg_functions_return_null_reports_when_domain_table_is_empty"/>
    <testcase time="0.0409999999999968" classname="empty_report" name="tlg_functions_return_null_reports_when_domain_table_is_empty"/>
    <testcase time="0.041000000000011" classname="empty_report" name="tlg_functions_return_null_reports_when_domain_table_is_empty"/>
    <testcase time="0.0429999999999922" classname="empty_report" name="tlg_functions_return_null_reports_when_domain_table_is_empty"/>
    <testcase time="0.061000000000007" classname="empty_report" name="tlg_functions_return_null_reports_when_domain_table_is_empty"/>
    <testcase time="0.063999999999993" classname="empty_report" name="tlg_functions_return_null_reports_when_domain_table_is_empty"/>
    <testcase time="0.0570000000000022" classname="empty_report" name="tlg_functions_return_null_reports_when_domain_table_is_empty"/>
    <testcase time="0.733999999999995" classname="empty_report" name="tlg_functions_return_null_reports_when_domain_table_is_empty"/>
    <testcase time="0.0640000000000072" classname="empty_report" name="tlg_functions_return_null_reports_when_domain_table_is_empty"/>
    <testcase time="0.750999999999991" classname="empty_report" name="tlg_functions_return_null_reports_when_domain_table_is_empty"/>
    <testcase time="0.100000000000009" classname="empty_report" name="tlg_functions_return_null_reports_when_domain_table_is_empty"/>
    <testcase time="0.0819999999999936" classname="empty_report" name="tlg_functions_return_null_reports_when_domain_table_is_empty"/>
    <testcase time="0.0600000000000023" classname="empty_report" name="tlg_functions_return_null_reports_when_domain_table_is_empty"/>
    <testcase time="0.0660000000000025" classname="empty_report" name="tlg_functions_return_null_reports_when_domain_table_is_empty"/>
    <testcase time="0.063999999999993" classname="empty_report" name="tlg_functions_return_null_reports_when_domain_table_is_empty"/>
    <testcase time="0.0480000000000018" classname="empty_report" name="tlg_functions_return_null_reports_when_domain_table_is_empty"/>
    <testcase time="0.0180000000000007" classname="empty_report" name="tlg_functions_return_null_reports_when_domain_table_is_empty"/>
  </testsuite>
  <testsuite name="ext01" timestamp="2023-05-08T07:07:48Z" hostname="dee4ab1f7135" tests="3" skipped="2" failures="0" errors="0" time="0.522">
    <testcase time="0.181999999999988" classname="ext01" name="ext01_works"/>
    <testcase time="0.0720000000000027" classname="ext01" name="ext01_works">
      <skipped message="Reason: On CRAN ('test-ext01.R:5:3')"/>
    </testcase>
    <testcase time="0.268000000000001" classname="ext01" name="ext02_1_works_for_selected_parameters">
      <skipped message="Reason: On CRAN ('test-ext01.R:17:3')"/>
    </testcase>
  </testsuite>
  <testsuite name="kmg01" timestamp="2023-05-08T07:07:49Z" hostname="dee4ab1f7135" tests="6" skipped="0" failures="0" errors="0" time="2.091">
    <testcase time="0.027000000000001" classname="kmg01" name="kmg01_1_works_as_expected"/>
    <testcase time="0.484999999999999" classname="kmg01" name="kmg01_1_works_as_expected"/>
    <testcase time="0.447000000000003" classname="kmg01" name="kmg01_1_works_as_expected_with_custom_color_set"/>
    <testcase time="0.378" classname="kmg01" name="kmg01_1_works_as_expected_with_custom_color_set"/>
    <testcase time="0.378" classname="kmg01" name="kmg01_1_works_if_change_pvalue_ties_and_conf_level"/>
    <testcase time="0.376000000000005" classname="kmg01" name="kmg01_1_works_if_change_annotation_position"/>
  </testsuite>
  <testsuite name="lbt01" timestamp="2023-05-08T07:07:51Z" hostname="dee4ab1f7135" tests="2" skipped="1" failures="0" errors="0" time="1.875">
    <testcase time="1.616" classname="lbt01" name="lbt01_1_can_handle_n_0_and_outputs_NE_instead_of_infs_and_NAs"/>
    <testcase time="0.259" classname="lbt01" name="lbt01_1_can_handle_n_0_and_outputs_NE_instead_of_infs_and_NAs">
      <skipped message="Reason: On CRAN ('test-lbt01.R:10:3')"/>
    </testcase>
  </testsuite>
  <testsuite name="lbt04" timestamp="2023-05-08T07:07:53Z" hostname="dee4ab1f7135" tests="5" skipped="2" failures="0" errors="0" time="0.813">
    <testcase time="0.0999999999999943" classname="lbt04" name="lbt04_can_handle_all_NA_values"/>
    <testcase time="0.0379999999999967" classname="lbt04" name="lbt04_can_handle_all_NA_values">
      <skipped message="Reason: On CRAN ('test-lbt04.R:11:3')"/>
    </testcase>
    <testcase time="0.492000000000004" classname="lbt04" name="lbt04_can_handle_some_NA_values"/>
    <testcase time="0.155000000000001" classname="lbt04" name="lbt04_can_handle_some_NA_values">
      <skipped message="Reason: On CRAN ('test-lbt04.R:24:3')"/>
    </testcase>
    <testcase time="0.0280000000000058" classname="lbt04" name="lbt04_fails_on_incomlete_date"/>
  </testsuite>
  <testsuite name="lbt05" timestamp="2023-05-08T07:07:54Z" hostname="dee4ab1f7135" tests="4" skipped="1" failures="0" errors="0" time="1.117">
    <testcase time="0.481999999999999" classname="lbt05" name="lbt05_give_all_0_count_if_ANRIND_are_all_missing"/>
    <testcase time="0.461999999999989" classname="lbt05" name="lbt05_can_handle_some_NA_values"/>
    <testcase time="0.146000000000001" classname="lbt05" name="lbt05_can_handle_some_NA_values">
      <skipped message="Reason: On CRAN ('test-lbt05.R:22:3')"/>
    </testcase>
    <testcase time="0.027000000000001" classname="lbt05" name="lbt05_fails_on_incomlete_date"/>
  </testsuite>
  <testsuite name="lbt07" timestamp="2023-05-08T07:07:55Z" hostname="dee4ab1f7135" tests="3" skipped="1" failures="0" errors="0" time="0.941">
    <testcase time="0.677000000000007" classname="lbt07" name="lbt07_can_handle_some_NA_values"/>
    <testcase time="0.191999999999993" classname="lbt07" name="lbt07_can_handle_some_NA_values">
      <skipped message="Reason: On CRAN ('test-lbt07.R:11:3')"/>
    </testcase>
    <testcase time="0.0720000000000027" classname="lbt07" name="lbt07_fails_on_incomlete_data"/>
  </testsuite>
  <testsuite name="lbt14" timestamp="2023-05-08T07:07:56Z" hostname="dee4ab1f7135" tests="12" skipped="6" failures="0" errors="0" time="12.655">
    <testcase time="1.584" classname="lbt14" name="lbt14_1_can_handle_all_NA_values"/>
    <testcase time="0.0849999999999937" classname="lbt14" name="lbt14_1_can_handle_all_NA_values">
      <skipped message="Reason: On CRAN ('test-lbt14.R:11:3')"/>
    </testcase>
    <testcase time="2.024" classname="lbt14" name="lbt14_1_can_handle_some_NA_values"/>
    <testcase time="0.394000000000005" classname="lbt14" name="lbt14_1_can_handle_some_NA_values">
      <skipped message="Reason: On CRAN ('test-lbt14.R:30:3')"/>
    </testcase>
    <testcase time="2.074" classname="lbt14" name="lbt14_1_can_accept_different_gr_missing">
      <skipped message="Reason: On CRAN ('test-lbt14.R:36:3')"/>
    </testcase>
    <testcase time="0.0310000000000059" classname="lbt14" name="lbt14_1_fails_on_incomlete_data"/>
    <testcase time="1.67699999999999" classname="lbt14" name="lbt14_2_can_handle_all_NA_values"/>
    <testcase time="0.0630000000000024" classname="lbt14" name="lbt14_2_can_handle_all_NA_values">
      <skipped message="Reason: On CRAN ('test-lbt14.R:61:3')"/>
    </testcase>
    <testcase time="2.044" classname="lbt14" name="lbt14_2_can_handle_some_NA_values"/>
    <testcase time="0.415000000000006" classname="lbt14" name="lbt14_2_can_handle_some_NA_values">
      <skipped message="Reason: On CRAN ('test-lbt14.R:80:3')"/>
    </testcase>
    <testcase time="2.22199999999999" classname="lbt14" name="lbt14_2_can_accept_different_gr_missing">
      <skipped message="Reason: On CRAN ('test-lbt14.R:85:3')"/>
    </testcase>
    <testcase time="0.0420000000000016" classname="lbt14" name="lbt14_2_fails_on_incomlete_data"/>
  </testsuite>
  <testsuite name="mht01" timestamp="2023-05-08T07:08:08Z" hostname="dee4ab1f7135" tests="2" skipped="2" failures="0" errors="0" time="1.122">
    <testcase time="0.551999999999992" classname="mht01" name="mht01_1_works">
      <skipped message="Reason: On CRAN ('test-mht01.R:5:3')"/>
    </testcase>
    <testcase time="0.570000000000007" classname="mht01" name="mht01_1_works_on_NULL_in_lbl_mhbodsys_or_lbl_mhdecod">
      <skipped message="Reason: On CRAN ('test-mht01.R:10:3')"/>
    </testcase>
  </testsuite>
  <testsuite name="mng01" timestamp="2023-05-08T07:08:10Z" hostname="dee4ab1f7135" tests="6" skipped="0" failures="0" errors="0" time="9.435">
    <testcase time="1.58" classname="mng01" name="mng01_1_works_as_expected"/>
    <testcase time="1.54600000000001" classname="mng01" name="mng01_1_works_as_expected_with_custom_color_set"/>
    <testcase time="1.55799999999999" classname="mng01" name="mng01_1_works_as_expected_with_custom_color_set"/>
    <testcase time="1.52800000000001" classname="mng01" name="mng01_1_works_if_show_v_grid_show_h_grid_is_TRUE"/>
    <testcase time="1.81099999999999" classname="mng01" name="mng01_1_works_on_custom_color_with_named_line_col"/>
    <testcase time="1.41200000000001" classname="mng01" name="mng01_1_works_with_combination_of_x_variables"/>
  </testsuite>
  <testsuite name="pdt01" timestamp="2023-05-08T07:08:19Z" hostname="dee4ab1f7135" tests="4" skipped="2" failures="0" errors="0" time="0.68">
    <testcase time="0.123999999999995" classname="pdt01" name="pdt01_1_can_handle_all_NA_values"/>
    <testcase time="0.0409999999999968" classname="pdt01" name="pdt01_1_can_handle_all_NA_values">
      <skipped message="Reason: On CRAN ('test-pdt01.R:10:3')"/>
    </testcase>
    <testcase time="0.349000000000004" classname="pdt01" name="pdt01_1_can_handle_some_NA_values"/>
    <testcase time="0.165999999999997" classname="pdt01" name="pdt01_1_can_handle_some_NA_values">
      <skipped message="Reason: On CRAN ('test-pdt01.R:25:3')"/>
    </testcase>
  </testsuite>
  <testsuite name="pdt02" timestamp="2023-05-08T07:08:20Z" hostname="dee4ab1f7135" tests="4" skipped="2" failures="0" errors="0" time="0.485">
    <testcase time="0.165000000000006" classname="pdt02" name="pdt02_1_can_handle_all_NA_values"/>
    <testcase time="0.0439999999999969" classname="pdt02" name="pdt02_1_can_handle_all_NA_values">
      <skipped message="Reason: On CRAN ('test-pdt02.R:10:3')"/>
    </testcase>
    <testcase time="0.209000000000003" classname="pdt02" name="pdt02_1_can_handle_some_NA_values"/>
    <testcase time="0.0669999999999931" classname="pdt02" name="pdt02_1_can_handle_some_NA_values">
      <skipped message="Reason: On CRAN ('test-pdt02.R:25:3')"/>
    </testcase>
  </testsuite>
  <testsuite name="rmpt01" timestamp="2023-05-08T07:08:20Z" hostname="dee4ab1f7135" tests="6" skipped="2" failures="0" errors="0" time="0.486">
    <testcase time="0.179000000000002" classname="rmpt01" name="rmpt01_can_handle_NA_values"/>
    <testcase time="0.0420000000000016" classname="rmpt01" name="rmpt01_can_handle_NA_values">
      <skipped message="Reason: On CRAN ('test-rmpt01.R:9:3')"/>
    </testcase>
    <testcase time="0.173000000000002" classname="rmpt01" name="rmpt01_can_handle_some_NA_values"/>
    <testcase time="0.0450000000000017" classname="rmpt01" name="rmpt01_can_handle_some_NA_values">
      <skipped message="Reason: On CRAN ('test-rmpt01.R:23:3')"/>
    </testcase>
    <testcase time="0.0369999999999919" classname="rmpt01" name="rmpt01_fails_on_incomlete_data"/>
    <testcase time="0.0100000000000051" classname="rmpt01" name="rmpt01_fails_on_incomlete_data"/>
  </testsuite>
  <testsuite name="utils" timestamp="2023-05-08T07:08:21Z" hostname="dee4ab1f7135" tests="27" skipped="0" failures="0" errors="0" time="0.159">
    <testcase time="0.0100000000000051" classname="utils" name="h_format_dec_works_as_exected"/>
    <testcase time="0.00499999999999545" classname="utils" name="h_format_dec_works_as_exected"/>
    <testcase time="0.00199999999999534" classname="utils" name="h_format_dec_works_as_exected"/>
    <testcase time="0.00400000000000489" classname="utils" name="h_format_dec_works_as_exected"/>
    <testcase time="0.00199999999999534" classname="utils" name="h_format_dec_works_as_exected"/>
    <testcase time="0.00500000000000966" classname="utils" name="h_format_dec_works_as_exected"/>
    <testcase time="0.00199999999999534" classname="utils" name="h_format_dec_works_as_exected"/>
    <testcase time="0.00400000000000489" classname="utils" name="h_format_dec_works_as_exected"/>
    <testcase time="0.00199999999999534" classname="utils" name="h_format_dec_works_as_exected"/>
    <testcase time="0.00499999999999545" classname="utils" name="h_format_dec_works_as_exected"/>
    <testcase time="0.00200000000000955" classname="utils" name="h_format_dec_works_as_exected"/>
    <testcase time="0.00499999999999545" classname="utils" name="h_format_dec_works_as_exected"/>
    <testcase time="0.00900000000000034" classname="utils" name="h_format_dec_works_as_expected_with_more_than_one_value"/>
    <testcase time="0.00499999999999545" classname="utils" name="h_format_dec_works_as_expected_with_more_than_one_value"/>
    <testcase time="0.00800000000000978" classname="utils" name="h_format_dec_works_returns_null_with_NA_format"/>
    <testcase time="0.00900000000000034" classname="utils" name="h_format_dec_works_as_expected_with_NA_digits"/>
    <testcase time="0.00799999999999557" classname="utils" name="h_format_dec_works_as_expected_with_NA_digits"/>
    <testcase time="0.00900000000000034" classname="utils" name="get_db_data_works"/>
    <testcase time="0.00499999999999545" classname="utils" name="get_db_data_works"/>
    <testcase time="0.00900000000000034" classname="utils" name="fuse_sequentially_works"/>
    <testcase time="0.00499999999999545" classname="utils" name="fuse_sequentially_works"/>
    <testcase time="0.00600000000000023" classname="utils" name="grob_list_works"/>
    <testcase time="0.00200000000000955" classname="utils" name="grob_list_works"/>
    <testcase time="0.00499999999999545" classname="utils" name="grob_list_works"/>
    <testcase time="0.00400000000000489" classname="utils" name="grob_list_works"/>
    <testcase time="0.0169999999999959" classname="utils" name="ifneeded_split_row_works_as_expected"/>
    <testcase time="0.0100000000000051" classname="utils" name="ifneeded_split_row_works_as_expected"/>
  </testsuite>
  <testsuite name="vst02" timestamp="2023-05-08T07:08:21Z" hostname="dee4ab1f7135" tests="2" skipped="2" failures="0" errors="0" time="0.832">
    <testcase time="0.411999999999992" classname="vst02" name="vst02_1_works">
      <skipped message="Reason: On CRAN ('test-vst02.R:5:3')"/>
    </testcase>
    <testcase time="0.420000000000002" classname="vst02" name="vst02_2_works">
      <skipped message="Reason: On CRAN ('test-vst02.R:13:3')"/>
    </testcase>
  </testsuite>
</testsuites>
