<?xml version="1.0" encoding="UTF-8"?>
<testsuites>
  <testsuite name="ael01_nollt" timestamp="2023-05-10T08:35:48Z" hostname="60b505d41715" tests="8" skipped="4" failures="0" errors="0" time="2.288">
    <testcase time="1.55" classname="ael01_nollt" name="ael01_nollt_works_with_admh_dataset"/>
    <testcase time="0.143000000000001" classname="ael01_nollt" name="ael01_nollt_works_with_admh_dataset">
      <skipped message="Reason: On CRAN ('test-ael01_nollt.R:7:3')"/>
    </testcase>
    <testcase time="0.0819999999999999" classname="ael01_nollt" name="ael01_nollt_works_with_non_default_label"/>
    <testcase time="0.292000000000001" classname="ael01_nollt" name="ael01_nollt_works_with_non_default_label">
      <skipped message="Reason: On CRAN ('test-ael01_nollt.R:19:3')"/>
    </testcase>
    <testcase time="0.0949999999999998" classname="ael01_nollt" name="ael01_nollt_can_handle_all_missing_values"/>
    <testcase time="0.0449999999999999" classname="ael01_nollt" name="ael01_nollt_can_handle_all_missing_values">
      <skipped message="Reason: On CRAN ('test-ael01_nollt.R:32:3')"/>
    </testcase>
    <testcase time="0.0499999999999998" classname="ael01_nollt" name="ael01_nollt_can_handle_some_missing_values"/>
    <testcase time="0.0309999999999997" classname="ael01_nollt" name="ael01_nollt_can_handle_some_missing_values">
      <skipped message="Reason: On CRAN ('test-ael01_nollt.R:47:3')"/>
    </testcase>
  </testsuite>
  <testsuite name="aet01" timestamp="2023-05-10T08:35:50Z" hostname="60b505d41715" tests="9" skipped="4" failures="0" errors="0" time="3.015">
    <testcase time="0.891" classname="aet01" name="aet01_can_handle_all_NA_values"/>
    <testcase time="0.159000000000001" classname="aet01" name="aet01_can_handle_all_NA_values">
      <skipped message="Reason: On CRAN ('test-aet01.R:12:3')"/>
    </testcase>
    <testcase time="0.59" classname="aet01" name="aet01_can_handle_some_NA_values"/>
    <testcase time="0.118" classname="aet01" name="aet01_can_handle_some_NA_values">
      <skipped message="Reason: On CRAN ('test-aet01.R:29:3')"/>
    </testcase>
    <testcase time="0.356999999999999" classname="aet01" name="aet01_can_use_custom_lbl_safety_var"/>
    <testcase time="0.0800000000000001" classname="aet01" name="aet01_can_use_custom_lbl_safety_var">
      <skipped message="Reason: On CRAN ('test-aet01.R:35:3')"/>
    </testcase>
    <testcase time="0.192" classname="aet01" name="aet01_fails_on_incomplete_data_input"/>
    <testcase time="0.502000000000001" classname="aet01" name="aet01_can_use_custom_medconcept_var"/>
    <testcase time="0.125999999999999" classname="aet01" name="aet01_can_use_custom_medconcept_var">
      <skipped message="Reason: On CRAN ('test-aet01.R:54:3')"/>
    </testcase>
  </testsuite>
  <testsuite name="aet01_aesi" timestamp="2023-05-10T08:35:53Z" hostname="60b505d41715" tests="7" skipped="3" failures="0" errors="0" time="2.073">
    <testcase time="0.430999999999999" classname="aet01_aesi" name="aet01_aesi_can_handle_all_NA_values"/>
    <testcase time="0.119000000000002" classname="aet01_aesi" name="aet01_aesi_can_handle_all_NA_values">
      <skipped message="Reason: On CRAN ('test-aet01_aesi.R:17:3')"/>
    </testcase>
    <testcase time="0.424999999999999" classname="aet01_aesi" name="aet01_aesi_can_handle_some_NA_values"/>
    <testcase time="0.143000000000001" classname="aet01_aesi" name="aet01_aesi_can_handle_some_NA_values">
      <skipped message="Reason: On CRAN ('test-aet01_aesi.R:30:3')"/>
    </testcase>
    <testcase time="0.613" classname="aet01_aesi" name="aet01_aesi_works_with_ALL_argument"/>
    <testcase time="0.213000000000001" classname="aet01_aesi" name="aet01_aesi_works_with_ALL_argument">
      <skipped message="Reason: On CRAN ('test-aet01_aesi.R:36:3')"/>
    </testcase>
    <testcase time="0.129" classname="aet01_aesi" name="aet01_aesi_check_fails_on_incomplete_data_input"/>
  </testsuite>
  <testsuite name="aet02" timestamp="2023-05-10T08:35:55Z" hostname="60b505d41715" tests="3" skipped="1" failures="0" errors="0" time="0.781">
    <testcase time="0.116" classname="aet02" name="aet02_fails_on_incomplete_data_input"/>
    <testcase time="0.201000000000001" classname="aet02" name="aet02_handle_empty_data_input"/>
    <testcase time="0.464" classname="aet02" name="aet02_can_have_different_levels_of_row_split">
      <skipped message="Reason: On CRAN ('test-aet02.R:28:3')"/>
    </testcase>
  </testsuite>
  <testsuite name="aet03" timestamp="2023-05-10T08:35:56Z" hostname="60b505d41715" tests="4" skipped="2" failures="0" errors="0" time="4.978">
    <testcase time="0.85" classname="aet03" name="aet03_can_handle_NA_values"/>
    <testcase time="0.156000000000001" classname="aet03" name="aet03_can_handle_NA_values">
      <skipped message="Reason: On CRAN ('test-aet03.R:10:3')"/>
    </testcase>
    <testcase time="3.583" classname="aet03" name="aet03_can_handle_some_NA_values"/>
    <testcase time="0.389000000000003" classname="aet03" name="aet03_can_handle_some_NA_values">
      <skipped message="Reason: On CRAN ('test-aet03.R:27:3')"/>
    </testcase>
  </testsuite>
  <testsuite name="aet04" timestamp="2023-05-10T08:36:01Z" hostname="60b505d41715" tests="4" skipped="2" failures="0" errors="0" time="7.506">
    <testcase time="0.959" classname="aet04" name="aet04_can_handle_NA_values"/>
    <testcase time="0.187999999999999" classname="aet04" name="aet04_can_handle_NA_values">
      <skipped message="Reason: On CRAN ('test-aet04.R:10:3')"/>
    </testcase>
    <testcase time="5.775" classname="aet04" name="aet04_can_handle_some_NA_values"/>
    <testcase time="0.584000000000003" classname="aet04" name="aet04_can_handle_some_NA_values">
      <skipped message="Reason: On CRAN ('test-aet04.R:42:3')"/>
    </testcase>
  </testsuite>
  <testsuite name="aet10" timestamp="2023-05-10T08:36:09Z" hostname="60b505d41715" tests="4" skipped="2" failures="0" errors="0" time="0.524">
    <testcase time="0.152999999999999" classname="aet10" name="aet10_can_handle_NA_values"/>
    <testcase time="0.0620000000000012" classname="aet10" name="aet10_can_handle_NA_values">
      <skipped message="Reason: On CRAN ('test-aet10.R:10:3')"/>
    </testcase>
    <testcase time="0.199999999999999" classname="aet10" name="aet10_can_handle_some_NA_values"/>
    <testcase time="0.108999999999998" classname="aet10" name="aet10_can_handle_some_NA_values">
      <skipped message="Reason: On CRAN ('test-aet10.R:24:3')"/>
    </testcase>
  </testsuite>
  <testsuite name="assertions" timestamp="2023-05-10T08:36:09Z" hostname="60b505d41715" tests="14" skipped="0" failures="0" errors="0" time="0.179">
    <testcase time="0.0340000000000025" classname="assertions" name="assert_colnames_works_as_expected"/>
    <testcase time="0.0109999999999992" classname="assertions" name="assert_colnames_works_as_expected"/>
    <testcase time="0.00399999999999778" classname="assertions" name="assert_colnames_works_as_expected"/>
    <testcase time="0.0150000000000006" classname="assertions" name="assert_colnames_works_as_expected"/>
    <testcase time="0.0130000000000017" classname="assertions" name="assert_one_tablenames_works_as_expected"/>
    <testcase time="0.00600000000000023" classname="assertions" name="assert_one_tablenames_works_as_expected"/>
    <testcase time="0.0109999999999992" classname="assertions" name="assert_one_tablenames_works_as_expected"/>
    <testcase time="0.0100000000000016" classname="assertions" name="assert_one_tablenames_works_as_expected"/>
    <testcase time="0.00999999999999801" classname="assertions" name="assert_all_tablenames_works_as_expected"/>
    <testcase time="0.0109999999999992" classname="assertions" name="assert_all_tablenames_works_as_expected"/>
    <testcase time="0.0110000000000028" classname="assertions" name="assert_all_tablenames_works_as_expected"/>
    <testcase time="0.0169999999999995" classname="assertions" name="assert_args_works_as_expected"/>
    <testcase time="0.00399999999999778" classname="assertions" name="assert_args_works_as_expected"/>
    <testcase time="0.022000000000002" classname="assertions" name="assert_args_works_as_expected"/>
  </testsuite>
  <testsuite name="checks" timestamp="2023-05-10T08:36:09Z" hostname="60b505d41715" tests="8" skipped="0" failures="0" errors="0" time="0.067">
    <testcase time="0.0249999999999986" classname="checks" name="check_all_colnames_works_as_expected"/>
    <testcase time="0.00600000000000023" classname="checks" name="check_all_colnames_works_as_expected"/>
    <testcase time="0.00300000000000011" classname="checks" name="check_all_colnames_works_as_expected"/>
    <testcase time="0.00600000000000023" classname="checks" name="check_all_colnames_works_as_expected"/>
    <testcase time="0.00900000000000034" classname="checks" name="check_one_colnames_works_as_expected"/>
    <testcase time="0.00700000000000145" classname="checks" name="check_one_colnames_works_as_expected"/>
    <testcase time="0.00299999999999656" classname="checks" name="check_one_colnames_works_as_expected"/>
    <testcase time="0.00800000000000267" classname="checks" name="check_one_colnames_works_as_expected"/>
  </testsuite>
  <testsuite name="chevron_tlg-class" timestamp="2023-05-10T08:36:09Z" hostname="60b505d41715" tests="24" skipped="0" failures="0" errors="0" time="0.157">
    <testcase time="0.0180000000000007" classname="chevron_tlg_class" name="chevron_t_object_can_be_constructed_with_default_values"/>
    <testcase time="0.00799999999999912" classname="chevron_tlg_class" name="chevron_t_object_can_be_constructed_with_default_values"/>
    <testcase time="0.0109999999999992" classname="chevron_tlg_class" name="chevron_t_object_can_be_constructed_with_custom_values"/>
    <testcase time="0.00799999999999912" classname="chevron_tlg_class" name="chevron_t_object_can_be_constructed_with_custom_values"/>
    <testcase time="0.00600000000000023" classname="chevron_tlg_class" name="chevron_t_object_can_be_constructed_with_custom_values"/>
    <testcase time="0.0120000000000005" classname="chevron_tlg_class" name="chevron_t_object_can_be_constructed_with_custom_values"/>
    <testcase time="0.0109999999999992" classname="chevron_tlg_class" name="chevron_t_constructor_returns_an_error_when_expected"/>
    <testcase time="0.00200000000000244" classname="chevron_tlg_class" name="chevron_t_constructor_returns_an_error_when_expected"/>
    <testcase time="0.00199999999999889" classname="chevron_tlg_class" name="chevron_t_constructor_returns_an_error_when_expected"/>
    <testcase time="0.00100000000000122" classname="chevron_tlg_class" name="chevron_t_constructor_returns_an_error_when_expected"/>
    <testcase time="0.00199999999999889" classname="chevron_tlg_class" name="chevron_t_constructor_returns_an_error_when_expected"/>
    <testcase time="0.00199999999999889" classname="chevron_tlg_class" name="chevron_t_constructor_returns_an_error_when_expected"/>
    <testcase time="0.0109999999999992" classname="chevron_tlg_class" name="chevron_l_object_can_be_constructed_with_default_values"/>
    <testcase time="0.00700000000000145" classname="chevron_tlg_class" name="chevron_l_object_can_be_constructed_with_default_values"/>
    <testcase time="0.0109999999999992" classname="chevron_tlg_class" name="chevron_g_object_can_be_constructed_with_custom_values"/>
    <testcase time="0.00799999999999912" classname="chevron_tlg_class" name="chevron_g_object_can_be_constructed_with_custom_values"/>
    <testcase time="0.00500000000000256" classname="chevron_tlg_class" name="chevron_g_object_can_be_constructed_with_custom_values"/>
    <testcase time="0.00799999999999912" classname="chevron_tlg_class" name="chevron_g_object_can_be_constructed_with_custom_values"/>
    <testcase time="0.0109999999999992" classname="chevron_tlg_class" name="chevron_g_constructor_returns_an_error_when_expected"/>
    <testcase time="0.00100000000000122" classname="chevron_tlg_class" name="chevron_g_constructor_returns_an_error_when_expected"/>
    <testcase time="0.00300000000000011" classname="chevron_tlg_class" name="chevron_g_constructor_returns_an_error_when_expected"/>
    <testcase time="0.00199999999999889" classname="chevron_tlg_class" name="chevron_g_constructor_returns_an_error_when_expected"/>
    <testcase time="0.00300000000000011" classname="chevron_tlg_class" name="chevron_g_constructor_returns_an_error_when_expected"/>
    <testcase time="0.00400000000000134" classname="chevron_tlg_class" name="chevron_g_constructor_returns_an_error_when_expected"/>
  </testsuite>
  <testsuite name="chevron_tlg-methods" timestamp="2023-05-10T08:36:10Z" hostname="60b505d41715" tests="46" skipped="4" failures="0" errors="0" time="6.68">
    <testcase time="5.327" classname="chevron_tlg_methods" name="run_works_as_expected_for_chevron_t_object">
      <skipped message="Reason: On CRAN ('test-chevron_tlg-methods.R:5:3')"/>
    </testcase>
    <testcase time="0.0280000000000022" classname="chevron_tlg_methods" name="run_returns_a_warning_if_provided_with_invalid_arguments"/>
    <testcase time="0.846999999999998" classname="chevron_tlg_methods" name="run_works_as_expected_for_chevron_t_object_when_auto_pre_FALSE">
      <skipped message="Reason: On CRAN ('test-chevron_tlg-methods.R:17:3')"/>
    </testcase>
    <testcase time="0.0219999999999985" classname="chevron_tlg_methods" name="args_ls_works_as_expected"/>
    <testcase time="0.00200000000000244" classname="chevron_tlg_methods" name="args_ls_works_as_expected"/>
    <testcase time="0.00200000000000244" classname="chevron_tlg_methods" name="args_ls_works_as_expected"/>
    <testcase time="0.00900000000000034" classname="chevron_tlg_methods" name="args_ls_works_as_expected_when_simplify_is_TRUE"/>
    <testcase time="0.00199999999999534" classname="chevron_tlg_methods" name="args_ls_works_as_expected_when_simplify_is_TRUE"/>
    <testcase time="0.00200000000000244" classname="chevron_tlg_methods" name="args_ls_works_as_expected_when_simplify_is_TRUE"/>
    <testcase time="0.0110000000000028" classname="chevron_tlg_methods" name="args_ls_works_as_expected_with_custom_chevron_tlg_object"/>
    <testcase time="0.00199999999999534" classname="chevron_tlg_methods" name="args_ls_works_as_expected_with_custom_chevron_tlg_object"/>
    <testcase time="0.00200000000000244" classname="chevron_tlg_methods" name="args_ls_works_as_expected_with_custom_chevron_tlg_object"/>
    <testcase time="0.0069999999999979" classname="chevron_tlg_methods" name="args_ls_works_as_expected_with_custom_chevron_tlg_object"/>
    <testcase time="0.0159999999999982" classname="chevron_tlg_methods" name="main_works_as_expected"/>
    <testcase time="0.0180000000000007" classname="chevron_tlg_methods" name="get_main_works_as_expected"/>
    <testcase time="0.0100000000000051" classname="chevron_tlg_methods" name="get_main_works_as_expected"/>
    <testcase time="0.0149999999999935" classname="chevron_tlg_methods" name="main_setter_works_as_expected"/>
    <testcase time="0.0250000000000057" classname="chevron_tlg_methods" name="main_setter_throw_an_error_as_expected"/>
    <testcase time="0.0129999999999981" classname="chevron_tlg_methods" name="preprocess_works_as_expected"/>
    <testcase time="0.0180000000000007" classname="chevron_tlg_methods" name="get_preprocess_works_as_expected"/>
    <testcase time="0.0069999999999979" classname="chevron_tlg_methods" name="get_preprocess_works_as_expected"/>
    <testcase time="0.0140000000000029" classname="chevron_tlg_methods" name="preprocess_setter_works_as_expected"/>
    <testcase time="0.0249999999999986" classname="chevron_tlg_methods" name="preprocess_sends_an_error_as_expected"/>
    <testcase time="0.0110000000000028" classname="chevron_tlg_methods" name="postprocess_works_as_expected"/>
    <testcase time="0.0150000000000006" classname="chevron_tlg_methods" name="get_postprocess_works_as_expected"/>
    <testcase time="0.00600000000000023" classname="chevron_tlg_methods" name="get_postprocess_works_as_expected"/>
    <testcase time="0.0129999999999981" classname="chevron_tlg_methods" name="postprocess_setter_works_as_expected"/>
    <testcase time="0.0330000000000013" classname="chevron_tlg_methods" name="postprocess_sends_an_error_as_expected"/>
    <testcase time="0.017000000000003" classname="chevron_tlg_methods" name="datasets_works_as_expected"/>
    <testcase time="0.019999999999996" classname="chevron_tlg_methods" name="get_adam_datasets_works_as_expected"/>
    <testcase time="0.007000000000005" classname="chevron_tlg_methods" name="get_adam_datasets_works_as_expected"/>
    <testcase time="0.0129999999999981" classname="chevron_tlg_methods" name="datasets_setter_works_as_expected"/>
    <testcase time="0.00999999999999801" classname="chevron_tlg_methods" name="script_works_as_expected"/>
    <testcase time="0.00200000000000244" classname="chevron_tlg_methods" name="script_works_as_expected"/>
    <testcase time="0.00300000000000011" classname="chevron_tlg_methods" name="script_works_as_expected"/>
    <testcase time="0.00999999999999801" classname="chevron_tlg_methods" name="script_works_as_expected_with_dictionary_of_arguments"/>
    <testcase time="0.00200000000000244" classname="chevron_tlg_methods" name="script_works_as_expected_with_dictionary_of_arguments"/>
    <testcase time="0.00300000000000011" classname="chevron_tlg_methods" name="script_works_as_expected_with_dictionary_of_arguments"/>
    <testcase time="0.00199999999999534" classname="chevron_tlg_methods" name="script_works_as_expected_with_dictionary_of_arguments"/>
    <testcase time="0.0180000000000007" classname="chevron_tlg_methods" name="script_funs_works_as_expected_in_interactive_mode">
      <skipped message="Reason: !interactive() is TRUE ('test-chevron_tlg-methods.R:198:3')"/>
    </testcase>
    <testcase time="0.0230000000000032" classname="chevron_tlg_methods" name="script_funs_works_as_expected_in_non_interactive_mode"/>
    <testcase time="0.0109999999999957" classname="chevron_tlg_methods" name="script_funs_works_as_expected_in_non_interactive_mode">
      <skipped message="Reason: On CRAN ('test-chevron_tlg-methods.R:206:3')"/>
    </testcase>
    <testcase time="0.0220000000000056" classname="chevron_tlg_methods" name="script_funs_works_as_expected"/>
    <testcase time="0.00199999999999534" classname="chevron_tlg_methods" name="script_funs_works_as_expected"/>
    <testcase time="0.0110000000000028" classname="chevron_tlg_methods" name="script_funs_works_as_expected_with_details_set_to_TRUE"/>
    <testcase time="0.00200000000000244" classname="chevron_tlg_methods" name="script_funs_works_as_expected_with_details_set_to_TRUE"/>
  </testsuite>
  <testsuite name="cmt01a" timestamp="2023-05-10T08:36:16Z" hostname="60b505d41715" tests="6" skipped="0" failures="0" errors="6" time="0.241">
    <testcase time="0.0339999999999989" classname="cmt01a" name="cmt01a_can_handle_all_NA_values">
      <error type="error" message="Error in `h(simpleError(msg, call))`: error in evaluating the argument 'object' in selecting a method for function 'run': object 'cmt01a_1' not found ('test-cmt01a.R:9:3')">Error in `h(simpleError(msg, call))`: error in evaluating the argument 'object' in selecting a method for function 'run': object 'cmt01a_1' not found
Backtrace:
  1. testthat::expect_silent(run(cmt01a_1, proc_data))
       at test-cmt01a.R:9:2
 10. base::.handleSimpleError(...)
 11. base (local) h(simpleError(msg, call))</error>
    </testcase>
    <testcase time="0.0450000000000017" classname="cmt01a" name="cmt01a_can_handle_some_NA_values">
      <error type="error" message="Error in `h(simpleError(msg, call))`: error in evaluating the argument 'object' in selecting a method for function 'run': object 'cmt01a_1' not found ('test-cmt01a.R:24:3')">Error in `h(simpleError(msg, call))`: error in evaluating the argument 'object' in selecting a method for function 'run': object 'cmt01a_1' not found
Backtrace:
  1. testthat::expect_silent(run(cmt01a_1, proc_data))
       at test-cmt01a.R:24:2
 10. base::.handleSimpleError(...)
 11. base (local) h(simpleError(msg, call))</error>
    </testcase>
    <testcase time="0.0409999999999968" classname="cmt01a" name="cmt01a_2_can_handle_all_NA_values">
      <error type="error" message="Error in `h(simpleError(msg, call))`: error in evaluating the argument 'object' in selecting a method for function 'run': object 'cmt01a_2' not found ('test-cmt01a.R:36:3')">Error in `h(simpleError(msg, call))`: error in evaluating the argument 'object' in selecting a method for function 'run': object 'cmt01a_2' not found
Backtrace:
  1. testthat::expect_silent(run(cmt01a_2, proc_data))
       at test-cmt01a.R:36:2
 10. base::.handleSimpleError(...)
 11. base (local) h(simpleError(msg, call))</error>
    </testcase>
    <testcase time="0.0399999999999991" classname="cmt01a" name="cmt01a_2_can_handle_some_NA_values">
      <error type="error" message="Error in `h(simpleError(msg, call))`: error in evaluating the argument 'object' in selecting a method for function 'run': object 'cmt01a_2' not found ('test-cmt01a.R:51:3')">Error in `h(simpleError(msg, call))`: error in evaluating the argument 'object' in selecting a method for function 'run': object 'cmt01a_2' not found
Backtrace:
  1. testthat::expect_silent(run(cmt01a_2, proc_data))
       at test-cmt01a.R:51:2
 10. base::.handleSimpleError(...)
 11. base (local) h(simpleError(msg, call))</error>
    </testcase>
    <testcase time="0.0410000000000039" classname="cmt01a" name="cmt01a_3_can_handle_all_NA_values">
      <error type="error" message="Error in `h(simpleError(msg, call))`: error in evaluating the argument 'object' in selecting a method for function 'run': object 'cmt01a_3' not found ('test-cmt01a.R:63:3')">Error in `h(simpleError(msg, call))`: error in evaluating the argument 'object' in selecting a method for function 'run': object 'cmt01a_3' not found
Backtrace:
  1. testthat::expect_silent(run(cmt01a_3, proc_data))
       at test-cmt01a.R:63:2
 10. base::.handleSimpleError(...)
 11. base (local) h(simpleError(msg, call))</error>
    </testcase>
    <testcase time="0.0399999999999991" classname="cmt01a" name="cmt01a_3_can_handle_some_NA_values">
      <error type="error" message="Error in `h(simpleError(msg, call))`: error in evaluating the argument 'object' in selecting a method for function 'run': object 'cmt01a_3' not found ('test-cmt01a.R:78:3')">Error in `h(simpleError(msg, call))`: error in evaluating the argument 'object' in selecting a method for function 'run': object 'cmt01a_3' not found
Backtrace:
  1. testthat::expect_silent(run(cmt01a_3, proc_data))
       at test-cmt01a.R:78:2
 10. base::.handleSimpleError(...)
 11. base (local) h(simpleError(msg, call))</error>
    </testcase>
  </testsuite>
  <testsuite name="cmt02_pt" timestamp="2023-05-10T08:36:16Z" hostname="60b505d41715" tests="4" skipped="2" failures="0" errors="0" time="0.687">
    <testcase time="0.213000000000001" classname="cmt02_pt" name="cmt02_pt_1_can_handle_all_NA_values"/>
    <testcase time="0.0480000000000018" classname="cmt02_pt" name="cmt02_pt_1_can_handle_all_NA_values">
      <skipped message="Reason: On CRAN ('test-cmt02_pt.R:10:3')"/>
    </testcase>
    <testcase time="0.304000000000002" classname="cmt02_pt" name="cmt02_pt_1_can_handle_some_NA_values"/>
    <testcase time="0.122" classname="cmt02_pt" name="cmt02_pt_1_can_handle_some_NA_values">
      <skipped message="Reason: On CRAN ('test-cmt02_pt.R:25:3')"/>
    </testcase>
  </testsuite>
  <testsuite name="default_tlg" timestamp="2023-05-10T08:36:17Z" hostname="60b505d41715" tests="36" skipped="33" failures="0" errors="3" time="59.459">
    <testcase time="0.122" classname="default_tlg" name="ael01_nollt_function_with_default_argument_value_return_expected_result_with_test_data">
      <skipped message="Reason: On CRAN ('test-default_tlg.R:5:3')"/>
    </testcase>
    <testcase time="0.650999999999996" classname="default_tlg" name="aet01_function_with_default_argument_value_return_expected_result_with_test_data">
      <skipped message="Reason: On CRAN ('test-default_tlg.R:12:3')"/>
    </testcase>
    <testcase time="0.521000000000001" classname="default_tlg" name="aet01_aesi_function_with_default_argument_value_return_expected_result_with_test_data">
      <skipped message="Reason: On CRAN ('test-default_tlg.R:19:3')"/>
    </testcase>
    <testcase time="1.378" classname="default_tlg" name="aet02_functions_with_default_argument_value_return_expected_result_with_test_data">
      <skipped message="Reason: On CRAN ('test-default_tlg.R:26:3')"/>
    </testcase>
    <testcase time="3.967" classname="default_tlg" name="aet03_functions_with_default_argument_value_return_expected_result_with_test_data">
      <skipped message="Reason: On CRAN ('test-default_tlg.R:33:3')"/>
    </testcase>
    <testcase time="5.399" classname="default_tlg" name="aet04_functions_with_default_argument_value_return_expected_result_with_test_data">
      <skipped message="Reason: On CRAN ('test-default_tlg.R:40:3')"/>
    </testcase>
    <testcase time="0.262" classname="default_tlg" name="aet10_functions_with_default_argument_value_return_expected_result_with_test_data">
      <skipped message="Reason: On CRAN ('test-default_tlg.R:47:3')"/>
    </testcase>
    <testcase time="0.0230000000000032" classname="default_tlg" name="cmt01a_1_functions_with_default_argument_value_return_expected_result_with_test_data">
      <error type="error" message="Error in `cmt01a_1_pre(syn_data)`: could not find function &quot;cmt01a_1_pre&quot; ('test-default_tlg.R:51:3')">Error in `cmt01a_1_pre(syn_data)`: could not find function "cmt01a_1_pre"</error>
    </testcase>
    <testcase time="0.0249999999999986" classname="default_tlg" name="cmt01a_2_functions_with_default_argument_value_return_expected_result_with_test_data">
      <error type="error" message="Error in `cmt01a_2_pre(syn_data)`: could not find function &quot;cmt01a_2_pre&quot; ('test-default_tlg.R:58:3')">Error in `cmt01a_2_pre(syn_data)`: could not find function "cmt01a_2_pre"</error>
    </testcase>
    <testcase time="0.0240000000000009" classname="default_tlg" name="cmt01a_3_functions_with_default_argument_value_return_expected_result_with_test_data">
      <error type="error" message="Error in `cmt01a_3_pre(syn_data)`: could not find function &quot;cmt01a_3_pre&quot; ('test-default_tlg.R:65:3')">Error in `cmt01a_3_pre(syn_data)`: could not find function "cmt01a_3_pre"</error>
    </testcase>
    <testcase time="0.338000000000001" classname="default_tlg" name="cmt02_pt_1_functions_with_default_argument_value_return_expected_result_with_test_data">
      <skipped message="Reason: On CRAN ('test-default_tlg.R:75:3')"/>
    </testcase>
    <testcase time="0.642999999999994" classname="default_tlg" name="dmt01_functions_with_default_argument_value_return_expected_result_with_test_data">
      <skipped message="Reason: On CRAN ('test-default_tlg.R:82:3')"/>
    </testcase>
    <testcase time="0.68" classname="default_tlg" name="dst01_1_functions_with_default_argument_value_return_expected_result_with_test_data">
      <skipped message="Reason: On CRAN ('test-default_tlg.R:89:3')"/>
    </testcase>
    <testcase time="0.934000000000005" classname="default_tlg" name="dst01_2_functions_with_default_argument_value_return_expected_result_with_test_data">
      <skipped message="Reason: On CRAN ('test-default_tlg.R:96:3')"/>
    </testcase>
    <testcase time="1.292" classname="default_tlg" name="dst01_3_functions_with_default_argument_value_return_expected_result_with_test_data">
      <skipped message="Reason: On CRAN ('test-default_tlg.R:103:3')"/>
    </testcase>
    <testcase time="0.271000000000001" classname="default_tlg" name="dtht01_1_functions_with_default_argument_value_return_expected_result_with_test_data">
      <skipped message="Reason: On CRAN ('test-default_tlg.R:110:3')"/>
    </testcase>
    <testcase time="5.08499999999999" classname="default_tlg" name="egt01_1_functions_with_default_argument_value_return_expected_result_with_test_data">
      <skipped message="Reason: On CRAN ('test-default_tlg.R:117:3')"/>
    </testcase>
    <testcase time="0.409000000000006" classname="default_tlg" name="egt02_1_functions_with_default_argument_value_return_expected_result_with_test_data">
      <skipped message="Reason: On CRAN ('test-default_tlg.R:124:3')"/>
    </testcase>
    <testcase time="0.358999999999995" classname="default_tlg" name="egt02_2_functions_with_default_argument_value_return_expected_result_with_test_data">
      <skipped message="Reason: On CRAN ('test-default_tlg.R:131:3')"/>
    </testcase>
    <testcase time="0.518000000000001" classname="default_tlg" name="egt03_1_functions_with_default_argument_value_return_expected_result_with_test_data">
      <skipped message="Reason: On CRAN ('test-default_tlg.R:138:3')"/>
    </testcase>
    <testcase time="0.527999999999999" classname="default_tlg" name="egt03_2_functions_with_default_argument_value_return_expected_result_with_test_data">
      <skipped message="Reason: On CRAN ('test-default_tlg.R:145:3')"/>
    </testcase>
    <testcase time="1.227" classname="default_tlg" name="egt05_qtcat_1_functions_with_default_argument_value_return_expected_result_with_test_data">
      <skipped message="Reason: On CRAN ('test-default_tlg.R:152:3')"/>
    </testcase>
    <testcase time="0.335000000000001" classname="default_tlg" name="ext01_1_functions_with_default_argument_value_return_expected_result_with_test_data">
      <skipped message="Reason: On CRAN ('test-default_tlg.R:159:3')"/>
    </testcase>
    <testcase time="0.345999999999997" classname="default_tlg" name="ext01_2_functions_with_default_argument_value_return_expected_result_with_test_data">
      <skipped message="Reason: On CRAN ('test-default_tlg.R:167:3')"/>
    </testcase>
    <testcase time="2.989" classname="default_tlg" name="lbt01_1_functions_with_default_argument_value_return_expected_result_with_test_data">
      <skipped message="Reason: On CRAN ('test-default_tlg.R:174:3')"/>
    </testcase>
    <testcase time="0.814" classname="default_tlg" name="lbt04_1_functions_with_default_argument_value_return_expected_result_with_test_data">
      <skipped message="Reason: On CRAN ('test-default_tlg.R:181:3')"/>
    </testcase>
    <testcase time="0.823" classname="default_tlg" name="lbt05_1_functions_with_default_argument_value_return_expected_result_with_test_data">
      <skipped message="Reason: On CRAN ('test-default_tlg.R:188:3')"/>
    </testcase>
    <testcase time="1.278" classname="default_tlg" name="lbt07_1_functions_with_default_argument_value_return_expected_result_with_test_data">
      <skipped message="Reason: On CRAN ('test-default_tlg.R:195:3')"/>
    </testcase>
    <testcase time="2.91199999999999" classname="default_tlg" name="lbt14_1_functions_with_default_argument_value_return_expected_result_with_test_data">
      <skipped message="Reason: On CRAN ('test-default_tlg.R:202:3')"/>
    </testcase>
    <testcase time="3.17100000000001" classname="default_tlg" name="lbt14_2_functions_with_default_argument_value_return_expected_result_with_test_data">
      <skipped message="Reason: On CRAN ('test-default_tlg.R:209:3')"/>
    </testcase>
    <testcase time="0.736000000000004" classname="default_tlg" name="mht01_1_functions_with_default_argument_value_return_expected_result_with_test_data">
      <skipped message="Reason: On CRAN ('test-default_tlg.R:216:3')"/>
    </testcase>
    <testcase time="0.60199999999999" classname="default_tlg" name="pdt01_1_function_with_default_argument_value_return_expected_result_with_test_data">
      <skipped message="Reason: On CRAN ('test-default_tlg.R:223:3')"/>
    </testcase>
    <testcase time="0.322000000000003" classname="default_tlg" name="pdt02_1_function_with_default_argument_value_return_expected_result_with_test_data">
      <skipped message="Reason: On CRAN ('test-default_tlg.R:230:3')"/>
    </testcase>
    <testcase time="0.295000000000002" classname="default_tlg" name="rmpt01_1_function_with_default_argument_value_return_expected_result_with_test_data">
      <skipped message="Reason: On CRAN ('test-default_tlg.R:237:3')"/>
    </testcase>
    <testcase time="10.56" classname="default_tlg" name="vst01_1_functions_with_default_argument_value_return_expected_result_with_test_data">
      <skipped message="Reason: On CRAN ('test-default_tlg.R:245:3')"/>
    </testcase>
    <testcase time="9.62" classname="default_tlg" name="vst01_1_functions_with_default_argument_value_return_expected_result_with_test_data">
      <skipped message="Reason: On CRAN ('test-default_tlg.R:252:3')"/>
    </testcase>
  </testsuite>
  <testsuite name="dmt01" timestamp="2023-05-10T08:37:17Z" hostname="60b505d41715" tests="4" skipped="2" failures="0" errors="0" time="1.348">
    <testcase time="0.503" classname="dmt01" name="dmt01_can_handle_NA_values"/>
    <testcase time="0.227999999999994" classname="dmt01" name="dmt01_can_handle_NA_values">
      <skipped message="Reason: On CRAN ('test-dmt01.R:8:3')"/>
    </testcase>
    <testcase time="0.442000000000007" classname="dmt01" name="dmt01_can_handle_numeric_NA_values"/>
    <testcase time="0.174999999999997" classname="dmt01" name="dmt01_can_handle_numeric_NA_values">
      <skipped message="Reason: On CRAN ('test-dmt01.R:15:3')"/>
    </testcase>
  </testsuite>
  <testsuite name="dst01" timestamp="2023-05-10T08:37:18Z" hostname="60b505d41715" tests="26" skipped="13" failures="0" errors="0" time="9.583">
    <testcase time="0.370999999999995" classname="dst01" name="dst01_can_handle_all_NA_values"/>
    <testcase time="0.0529999999999973" classname="dst01" name="dst01_can_handle_all_NA_values">
      <skipped message="Reason: On CRAN ('test-dst01.R:12:3')"/>
    </testcase>
    <testcase time="0.418999999999997" classname="dst01" name="dst01_1_can_handle_all_NA_values_in_disc_reason_var"/>
    <testcase time="0.0790000000000077" classname="dst01" name="dst01_1_can_handle_all_NA_values_in_disc_reason_var">
      <skipped message="Reason: On CRAN ('test-dst01.R:23:3')"/>
    </testcase>
    <testcase time="0.506" classname="dst01" name="dst01_1_can_handle_some_NA_values"/>
    <testcase time="0.138999999999996" classname="dst01" name="dst01_1_can_handle_some_NA_values">
      <skipped message="Reason: On CRAN ('test-dst01.R:35:3')"/>
    </testcase>
    <testcase time="0.513000000000005" classname="dst01" name="dst01_1_can_handle_missing_levels_in_status_var"/>
    <testcase time="0.0690000000000026" classname="dst01" name="dst01_1_can_handle_missing_levels_in_status_var">
      <skipped message="Reason: On CRAN ('test-dst01.R:46:3')"/>
    </testcase>
    <testcase time="0.450999999999993" classname="dst01" name="dst01_1_can_handle_missing_levels_in_disc_reason_var"/>
    <testcase time="0.0960000000000036" classname="dst01" name="dst01_1_can_handle_missing_levels_in_disc_reason_var">
      <skipped message="Reason: On CRAN ('test-dst01.R:57:3')"/>
    </testcase>
    <testcase time="0.409999999999997" classname="dst01" name="dst01_2_can_handle_all_NA_values"/>
    <testcase time="0.0549999999999926" classname="dst01" name="dst01_2_can_handle_all_NA_values">
      <skipped message="Reason: On CRAN ('test-dst01.R:72:3')"/>
    </testcase>
    <testcase time="0.429000000000002" classname="dst01" name="dst01_2_can_handle_all_NA_values_in_disc_reason_var"/>
    <testcase time="0.0790000000000077" classname="dst01" name="dst01_2_can_handle_all_NA_values_in_disc_reason_var">
      <skipped message="Reason: On CRAN ('test-dst01.R:83:3')"/>
    </testcase>
    <testcase time="0.771000000000001" classname="dst01" name="dst01_2_can_handle_some_NA_values"/>
    <testcase time="0.174999999999997" classname="dst01" name="dst01_2_can_handle_some_NA_values">
      <skipped message="Reason: On CRAN ('test-dst01.R:95:3')"/>
    </testcase>
    <testcase time="0.481999999999999" classname="dst01" name="dst01_2_can_handle_missing_levels_in_disc_reason_var"/>
    <testcase time="0.0940000000000083" classname="dst01" name="dst01_2_can_handle_missing_levels_in_disc_reason_var">
      <skipped message="Reason: On CRAN ('test-dst01.R:106:3')"/>
    </testcase>
    <testcase time="0.671999999999997" classname="dst01" name="dst01_3_can_handle_all_NA_values"/>
    <testcase time="0.0760000000000076" classname="dst01" name="dst01_3_can_handle_all_NA_values">
      <skipped message="Reason: On CRAN ('test-dst01.R:121:3')"/>
    </testcase>
    <testcase time="1.015" classname="dst01" name="dst01_3_can_handle_all_NA_values_in_status_treatment_var"/>
    <testcase time="0.137999999999991" classname="dst01" name="dst01_3_can_handle_all_NA_values_in_status_treatment_var">
      <skipped message="Reason: On CRAN ('test-dst01.R:132:3')"/>
    </testcase>
    <testcase time="1.008" classname="dst01" name="dst01_3_can_handle_some_NA_values_in_status_treatment_var"/>
    <testcase time="0.181000000000012" classname="dst01" name="dst01_3_can_handle_some_NA_values_in_status_treatment_var">
      <skipped message="Reason: On CRAN ('test-dst01.R:143:3')"/>
    </testcase>
    <testcase time="1.131" classname="dst01" name="dst01_3_can_handle_missing_levels_in_status_treatment_var"/>
    <testcase time="0.170999999999992" classname="dst01" name="dst01_3_can_handle_missing_levels_in_status_treatment_var">
      <skipped message="Reason: On CRAN ('test-dst01.R:154:3')"/>
    </testcase>
  </testsuite>
  <testsuite name="dtht01" timestamp="2023-05-10T08:37:28Z" hostname="60b505d41715" tests="5" skipped="3" failures="0" errors="0" time="2.311">
    <testcase time="0.558000000000007" classname="dtht01" name="dtht01_can_handle_all_NA_values"/>
    <testcase time="0.0690000000000026" classname="dtht01" name="dtht01_can_handle_all_NA_values">
      <skipped message="Reason: On CRAN ('test-dtht01.R:12:3')"/>
    </testcase>
    <testcase time="0.694999999999993" classname="dtht01" name="dtht01_can_handle_some_NA_values"/>
    <testcase time="0.179000000000002" classname="dtht01" name="dtht01_can_handle_some_NA_values">
      <skipped message="Reason: On CRAN ('test-dtht01.R:27:3')"/>
    </testcase>
    <testcase time="0.810000000000002" classname="dtht01" name="dtht01_can_be_parametrize_as_expected">
      <skipped message="Reason: On CRAN ('test-dtht01.R:38:3')"/>
    </testcase>
  </testsuite>
  <testsuite name="egt03" timestamp="2023-05-10T08:37:30Z" hostname="60b505d41715" tests="9" skipped="4" failures="0" errors="0" time="2.496">
    <testcase time="0.450000000000003" classname="egt03" name="egt03_1_can_handle_all_NA_values"/>
    <testcase time="0.138999999999996" classname="egt03" name="egt03_1_can_handle_all_NA_values">
      <skipped message="Reason: On CRAN ('test-egt03.R:11:3')"/>
    </testcase>
    <testcase time="0.450000000000003" classname="egt03" name="egt03_1_can_handle_some_NA_values"/>
    <testcase time="0.150999999999996" classname="egt03" name="egt03_1_can_handle_some_NA_values">
      <skipped message="Reason: On CRAN ('test-egt03.R:29:3')"/>
    </testcase>
    <testcase time="0.471000000000004" classname="egt03" name="egt03_2_can_handle_all_NA_values"/>
    <testcase time="0.161000000000001" classname="egt03" name="egt03_2_can_handle_all_NA_values">
      <skipped message="Reason: On CRAN ('test-egt03.R:42:3')"/>
    </testcase>
    <testcase time="0.470999999999989" classname="egt03" name="egt03_2_can_handle_some_NA_values"/>
    <testcase time="0.154000000000011" classname="egt03" name="egt03_2_can_handle_some_NA_values">
      <skipped message="Reason: On CRAN ('test-egt03.R:57:3')"/>
    </testcase>
    <testcase time="0.0489999999999924" classname="egt03" name="egt03_1_fails_on_incomplete_data"/>
  </testsuite>
  <testsuite name="egt05_qtcat" timestamp="2023-05-10T08:37:32Z" hostname="60b505d41715" tests="4" skipped="2" failures="0" errors="0" time="1.518">
    <testcase time="0.165999999999997" classname="egt05_qtcat" name="egt05_qtcat_can_handle_all_NA_values"/>
    <testcase time="0.0290000000000106" classname="egt05_qtcat" name="egt05_qtcat_can_handle_all_NA_values">
      <skipped message="Reason: On CRAN ('test-egt05_qtcat.R:11:3')"/>
    </testcase>
    <testcase time="0.950999999999993" classname="egt05_qtcat" name="egt05_qtcat_can_handle_some_NA_values"/>
    <testcase time="0.372" classname="egt05_qtcat" name="egt05_qtcat_can_handle_some_NA_values">
      <skipped message="Reason: On CRAN ('test-egt05_qtcat.R:31:3')"/>
    </testcase>
  </testsuite>
  <testsuite name="empty_report" timestamp="2023-05-10T08:37:34Z" hostname="60b505d41715" tests="6" skipped="0" failures="0" errors="1" time="3.404">
    <testcase time="2.586" classname="empty_report" name="tlg_functions_return_null_reports_when_domain_table_is_empty"/>
    <testcase time="0.412999999999997" classname="empty_report" name="tlg_functions_return_null_reports_when_domain_table_is_empty"/>
    <testcase time="0.14500000000001" classname="empty_report" name="tlg_functions_return_null_reports_when_domain_table_is_empty"/>
    <testcase time="0.170999999999992" classname="empty_report" name="tlg_functions_return_null_reports_when_domain_table_is_empty"/>
    <testcase time="0.0790000000000077" classname="empty_report" name="tlg_functions_return_null_reports_when_domain_table_is_empty"/>
    <testcase time="0.00999999999999091" classname="empty_report" name="tlg_functions_return_null_reports_when_domain_table_is_empty">
      <error type="error" message="Error in `h(simpleError(msg, call))`: error in evaluating the argument 'object' in selecting a method for function 'run': object 'cmt01a_1' not found ('test-empty_report.R:35:3')">Error in `h(simpleError(msg, call))`: error in evaluating the argument 'object' in selecting a method for function 'run': object 'cmt01a_1' not found
Backtrace:
 1. chevron::run(cmt01a_1, dat_empty)
      at test-empty_report.R:35:2
 2. base::.handleSimpleError(...)
 3. base (local) h(simpleError(msg, call))</error>
    </testcase>
  </testsuite>
  <testsuite name="ext01" timestamp="2023-05-10T08:37:37Z" hostname="60b505d41715" tests="3" skipped="2" failures="0" errors="0" time="0.788">
    <testcase time="0.278000000000006" classname="ext01" name="ext01_works"/>
    <testcase time="0.0829999999999984" classname="ext01" name="ext01_works">
      <skipped message="Reason: On CRAN ('test-ext01.R:5:3')"/>
    </testcase>
    <testcase time="0.426999999999992" classname="ext01" name="ext02_1_works_for_selected_parameters">
      <skipped message="Reason: On CRAN ('test-ext01.R:17:3')"/>
    </testcase>
  </testsuite>
  <testsuite name="kmg01" timestamp="2023-05-10T08:37:38Z" hostname="60b505d41715" tests="6" skipped="0" failures="0" errors="0" time="3.352">
    <testcase time="0.0390000000000015" classname="kmg01" name="kmg01_1_works_as_expected"/>
    <testcase time="0.853000000000009" classname="kmg01" name="kmg01_1_works_as_expected"/>
    <testcase time="0.676999999999992" classname="kmg01" name="kmg01_1_works_as_expected_with_custom_color_set"/>
    <testcase time="0.658000000000001" classname="kmg01" name="kmg01_1_works_as_expected_with_custom_color_set"/>
    <testcase time="0.619" classname="kmg01" name="kmg01_1_works_if_change_pvalue_ties_and_conf_level"/>
    <testcase time="0.506" classname="kmg01" name="kmg01_1_works_if_change_annotation_position"/>
  </testsuite>
  <testsuite name="lbt01" timestamp="2023-05-10T08:37:41Z" hostname="60b505d41715" tests="2" skipped="1" failures="0" errors="0" time="2.817">
    <testcase time="2.456" classname="lbt01" name="lbt01_1_can_handle_n_0_and_outputs_NE_instead_of_infs_and_NAs"/>
    <testcase time="0.361000000000004" classname="lbt01" name="lbt01_1_can_handle_n_0_and_outputs_NE_instead_of_infs_and_NAs">
      <skipped message="Reason: On CRAN ('test-lbt01.R:10:3')"/>
    </testcase>
  </testsuite>
  <testsuite name="lbt04" timestamp="2023-05-10T08:37:44Z" hostname="60b505d41715" tests="5" skipped="2" failures="0" errors="0" time="1.348">
    <testcase time="0.156999999999996" classname="lbt04" name="lbt04_can_handle_all_NA_values"/>
    <testcase time="0.138999999999996" classname="lbt04" name="lbt04_can_handle_all_NA_values">
      <skipped message="Reason: On CRAN ('test-lbt04.R:11:3')"/>
    </testcase>
    <testcase time="0.775000000000006" classname="lbt04" name="lbt04_can_handle_some_NA_values"/>
    <testcase time="0.233999999999995" classname="lbt04" name="lbt04_can_handle_some_NA_values">
      <skipped message="Reason: On CRAN ('test-lbt04.R:24:3')"/>
    </testcase>
    <testcase time="0.0430000000000064" classname="lbt04" name="lbt04_fails_on_incomlete_date"/>
  </testsuite>
  <testsuite name="lbt05" timestamp="2023-05-10T08:37:46Z" hostname="60b505d41715" tests="4" skipped="1" failures="0" errors="0" time="1.813">
    <testcase time="0.774999999999991" classname="lbt05" name="lbt05_give_all_0_count_if_ANRIND_are_all_missing"/>
    <testcase time="0.748000000000005" classname="lbt05" name="lbt05_can_handle_some_NA_values"/>
    <testcase time="0.248999999999995" classname="lbt05" name="lbt05_can_handle_some_NA_values">
      <skipped message="Reason: On CRAN ('test-lbt05.R:22:3')"/>
    </testcase>
    <testcase time="0.041000000000011" classname="lbt05" name="lbt05_fails_on_incomlete_date"/>
  </testsuite>
  <testsuite name="lbt07" timestamp="2023-05-10T08:37:47Z" hostname="60b505d41715" tests="3" skipped="1" failures="0" errors="0" time="1.565">
    <testcase time="1.13199999999999" classname="lbt07" name="lbt07_can_handle_some_NA_values"/>
    <testcase time="0.335999999999999" classname="lbt07" name="lbt07_can_handle_some_NA_values">
      <skipped message="Reason: On CRAN ('test-lbt07.R:11:3')"/>
    </testcase>
    <testcase time="0.0970000000000084" classname="lbt07" name="lbt07_fails_on_incomlete_data"/>
  </testsuite>
  <testsuite name="lbt14" timestamp="2023-05-10T08:37:49Z" hostname="60b505d41715" tests="12" skipped="6" failures="0" errors="0" time="18.034">
    <testcase time="2.8" classname="lbt14" name="lbt14_1_can_handle_all_NA_values"/>
    <testcase time="0.122000000000014" classname="lbt14" name="lbt14_1_can_handle_all_NA_values">
      <skipped message="Reason: On CRAN ('test-lbt14.R:11:3')"/>
    </testcase>
    <testcase time="2.97799999999998" classname="lbt14" name="lbt14_1_can_handle_some_NA_values"/>
    <testcase time="0.51600000000002" classname="lbt14" name="lbt14_1_can_handle_some_NA_values">
      <skipped message="Reason: On CRAN ('test-lbt14.R:30:3')"/>
    </testcase>
    <testcase time="2.66999999999999" classname="lbt14" name="lbt14_1_can_accept_different_gr_missing">
      <skipped message="Reason: On CRAN ('test-lbt14.R:36:3')"/>
    </testcase>
    <testcase time="0.0380000000000109" classname="lbt14" name="lbt14_1_fails_on_incomlete_data"/>
    <testcase time="2.38899999999998" classname="lbt14" name="lbt14_2_can_handle_all_NA_values"/>
    <testcase time="0.0960000000000036" classname="lbt14" name="lbt14_2_can_handle_all_NA_values">
      <skipped message="Reason: On CRAN ('test-lbt14.R:61:3')"/>
    </testcase>
    <testcase time="2.773" classname="lbt14" name="lbt14_2_can_handle_some_NA_values"/>
    <testcase time="0.625" classname="lbt14" name="lbt14_2_can_handle_some_NA_values">
      <skipped message="Reason: On CRAN ('test-lbt14.R:80:3')"/>
    </testcase>
    <testcase time="2.98600000000002" classname="lbt14" name="lbt14_2_can_accept_different_gr_missing">
      <skipped message="Reason: On CRAN ('test-lbt14.R:85:3')"/>
    </testcase>
    <testcase time="0.0409999999999968" classname="lbt14" name="lbt14_2_fails_on_incomlete_data"/>
  </testsuite>
  <testsuite name="mht01" timestamp="2023-05-10T08:38:07Z" hostname="60b505d41715" tests="2" skipped="2" failures="0" errors="0" time="1.713">
    <testcase time="0.849999999999994" classname="mht01" name="mht01_1_works">
      <skipped message="Reason: On CRAN ('test-mht01.R:5:3')"/>
    </testcase>
    <testcase time="0.863" classname="mht01" name="mht01_1_works_on_NULL_in_lbl_mhbodsys_or_lbl_mhdecod">
      <skipped message="Reason: On CRAN ('test-mht01.R:10:3')"/>
    </testcase>
  </testsuite>
  <testsuite name="mng01" timestamp="2023-05-10T08:38:09Z" hostname="60b505d41715" tests="6" skipped="0" failures="0" errors="0" time="12.341">
    <testcase time="2.21600000000001" classname="mng01" name="mng01_1_works_as_expected"/>
    <testcase time="1.87899999999999" classname="mng01" name="mng01_1_works_as_expected_with_custom_color_set"/>
    <testcase time="1.90299999999999" classname="mng01" name="mng01_1_works_as_expected_with_custom_color_set"/>
    <testcase time="2.10400000000001" classname="mng01" name="mng01_1_works_if_show_v_grid_show_h_grid_is_TRUE"/>
    <testcase time="2.113" classname="mng01" name="mng01_1_works_on_custom_color_with_named_line_col"/>
    <testcase time="2.12599999999998" classname="mng01" name="mng01_1_works_with_combination_of_x_variables"/>
  </testsuite>
  <testsuite name="pdt01" timestamp="2023-05-10T08:38:21Z" hostname="60b505d41715" tests="4" skipped="2" failures="0" errors="0" time="0.921">
    <testcase time="0.150000000000006" classname="pdt01" name="pdt01_1_can_handle_all_NA_values"/>
    <testcase time="0.0740000000000123" classname="pdt01" name="pdt01_1_can_handle_all_NA_values">
      <skipped message="Reason: On CRAN ('test-pdt01.R:10:3')"/>
    </testcase>
    <testcase time="0.480999999999995" classname="pdt01" name="pdt01_1_can_handle_some_NA_values"/>
    <testcase time="0.216000000000008" classname="pdt01" name="pdt01_1_can_handle_some_NA_values">
      <skipped message="Reason: On CRAN ('test-pdt01.R:25:3')"/>
    </testcase>
  </testsuite>
  <testsuite name="pdt02" timestamp="2023-05-10T08:38:22Z" hostname="60b505d41715" tests="4" skipped="2" failures="0" errors="0" time="0.667">
    <testcase time="0.213999999999999" classname="pdt02" name="pdt02_1_can_handle_all_NA_values"/>
    <testcase time="0.0589999999999975" classname="pdt02" name="pdt02_1_can_handle_all_NA_values">
      <skipped message="Reason: On CRAN ('test-pdt02.R:10:3')"/>
    </testcase>
    <testcase time="0.300999999999988" classname="pdt02" name="pdt02_1_can_handle_some_NA_values"/>
    <testcase time="0.0930000000000177" classname="pdt02" name="pdt02_1_can_handle_some_NA_values">
      <skipped message="Reason: On CRAN ('test-pdt02.R:25:3')"/>
    </testcase>
  </testsuite>
  <testsuite name="rmpt01" timestamp="2023-05-10T08:38:23Z" hostname="60b505d41715" tests="6" skipped="2" failures="0" errors="0" time="0.798">
    <testcase time="0.312999999999988" classname="rmpt01" name="rmpt01_can_handle_NA_values"/>
    <testcase time="0.0620000000000118" classname="rmpt01" name="rmpt01_can_handle_NA_values">
      <skipped message="Reason: On CRAN ('test-rmpt01.R:9:3')"/>
    </testcase>
    <testcase time="0.298999999999978" classname="rmpt01" name="rmpt01_can_handle_some_NA_values"/>
    <testcase time="0.0690000000000168" classname="rmpt01" name="rmpt01_can_handle_some_NA_values">
      <skipped message="Reason: On CRAN ('test-rmpt01.R:23:3')"/>
    </testcase>
    <testcase time="0.0389999999999873" classname="rmpt01" name="rmpt01_fails_on_incomlete_data"/>
    <testcase time="0.0160000000000196" classname="rmpt01" name="rmpt01_fails_on_incomlete_data"/>
  </testsuite>
  <testsuite name="utils" timestamp="2023-05-10T08:38:23Z" hostname="60b505d41715" tests="27" skipped="0" failures="0" errors="0" time="0.28">
    <testcase time="0.0159999999999911" classname="utils" name="h_format_dec_works_as_exected"/>
    <testcase time="0.007000000000005" classname="utils" name="h_format_dec_works_as_exected"/>
    <testcase time="0.0029999999999859" classname="utils" name="h_format_dec_works_as_exected"/>
    <testcase time="0.00600000000000023" classname="utils" name="h_format_dec_works_as_exected"/>
    <testcase time="0.00300000000001432" classname="utils" name="h_format_dec_works_as_exected"/>
    <testcase time="0.00600000000000023" classname="utils" name="h_format_dec_works_as_exected"/>
    <testcase time="0.00399999999999068" classname="utils" name="h_format_dec_works_as_exected"/>
    <testcase time="0.007000000000005" classname="utils" name="h_format_dec_works_as_exected"/>
    <testcase time="0.00200000000000955" classname="utils" name="h_format_dec_works_as_exected"/>
    <testcase time="0.00799999999998136" classname="utils" name="h_format_dec_works_as_exected"/>
    <testcase time="0.00300000000001432" classname="utils" name="h_format_dec_works_as_exected"/>
    <testcase time="0.007000000000005" classname="utils" name="h_format_dec_works_as_exected"/>
    <testcase time="0.0120000000000005" classname="utils" name="h_format_dec_works_as_expected_with_more_than_one_value"/>
    <testcase time="0.00699999999997658" classname="utils" name="h_format_dec_works_as_expected_with_more_than_one_value"/>
    <testcase time="0.0130000000000052" classname="utils" name="h_format_dec_works_returns_null_with_NA_format"/>
    <testcase time="0.0279999999999916" classname="utils" name="h_format_dec_works_as_expected_with_NA_digits"/>
    <testcase time="0.0190000000000055" classname="utils" name="h_format_dec_works_as_expected_with_NA_digits"/>
    <testcase time="0.0250000000000057" classname="utils" name="get_db_data_works"/>
    <testcase time="0.00999999999999091" classname="utils" name="get_db_data_works"/>
    <testcase time="0.0180000000000007" classname="utils" name="fuse_sequentially_works"/>
    <testcase time="0.0110000000000241" classname="utils" name="fuse_sequentially_works"/>
    <testcase time="0.011999999999972" classname="utils" name="grob_list_works"/>
    <testcase time="0.00300000000001432" classname="utils" name="grob_list_works"/>
    <testcase time="0.00600000000000023" classname="utils" name="grob_list_works"/>
    <testcase time="0.007000000000005" classname="utils" name="grob_list_works"/>
    <testcase time="0.0219999999999914" classname="utils" name="ifneeded_split_row_works_as_expected"/>
    <testcase time="0.0149999999999864" classname="utils" name="ifneeded_split_row_works_as_expected"/>
  </testsuite>
  <testsuite name="vst02" timestamp="2023-05-10T08:38:24Z" hostname="60b505d41715" tests="6" skipped="0" failures="0" errors="6" time="0.449">
    <testcase time="0.0580000000000211" classname="vst02" name="vst02_functions_with_default_argument_value_return_expected_result_with_test_data">
      <error type="error" message="Error in `assert_valid_var_pair(adam_db$adsl[[arm_var]], adam_db$advs[[arm_var]],  ('test-vst02.R:5:3')">Error in `assert_valid_var_pair(adam_db$adsl[[arm_var]], adam_db$advs[[arm_var]], 
    sprintf("adsl.%s", arm_var), sprintf("advs.%s", arm_var))`: Assertion on 'df1' failed: Must be of type 'data.frame', not 'factor'.
Backtrace:
 1. chevron::vst02_main(pre_data)
      at test-vst02.R:5:2
 2. chevron:::assert_valid_var_pair(...)
 3. checkmate::assert_data_frame(df1)
 4. checkmate::makeAssertion(x, res, .var.name, add)
 5. checkmate:::mstop(...)</error>
    </testcase>
    <testcase time="0.0699999999999932" classname="vst02" name="vst02_functions_return_expected_result_with_test_data_when_excluding_subject_with_baseline_abnormality">
      <error type="error" message="Error in `assert_valid_var_pair(adam_db$adsl[[arm_var]], adam_db$advs[[arm_var]],  ('test-vst02.R:12:3')">Error in `assert_valid_var_pair(adam_db$adsl[[arm_var]], adam_db$advs[[arm_var]], 
    sprintf("adsl.%s", arm_var), sprintf("advs.%s", arm_var))`: Assertion on 'df1' failed: Must be of type 'data.frame', not 'factor'.
Backtrace:
 1. chevron::vst02_main(pre_data, exclude_base_abn = TRUE)
      at test-vst02.R:12:2
 2. chevron:::assert_valid_var_pair(...)
 3. checkmate::assert_data_frame(df1)
 4. checkmate::makeAssertion(x, res, .var.name, add)
 5. checkmate:::mstop(...)</error>
    </testcase>
    <testcase time="0.0829999999999984" classname="vst02" name="vst02_works">
      <error type="error" message="`run(vst02, proc_data)` threw an unexpected error. ('test-vst02.R:21:3')">`run(vst02, proc_data)` threw an unexpected error.
Message: Assertion on 'df1' failed: Must be of type 'data.frame', not 'factor'.
Class:   simpleError/error/condition</error>
    </testcase>
    <testcase time="0.0589999999999975" classname="vst02" name="vst02_works">
      <error type="error" message="`run(vst02, proc_data, prune_0 = TRUE)` threw an unexpected error. ('test-vst02.R:22:3')">`run(vst02, proc_data, prune_0 = TRUE)` threw an unexpected error.
Message: Assertion on 'df1' failed: Must be of type 'data.frame', not 'factor'.
Class:   simpleError/error/condition</error>
    </testcase>
    <testcase time="0.0970000000000084" classname="vst02" name="vst02_works_when_excluding_subject_with_baseline_abnormality">
      <error type="error" message="`run(vst02, proc_data, exclude_base_abn = TRUE)` threw an unexpected error. ('test-vst02.R:27:3')">`run(vst02, proc_data, exclude_base_abn = TRUE)` threw an unexpected error.
Message: Assertion on 'df1' failed: Must be of type 'data.frame', not 'factor'.
Class:   simpleError/error/condition</error>
    </testcase>
    <testcase time="0.0819999999999936" classname="vst02" name="vst02_works_when_excluding_subject_with_baseline_abnormality">
      <error type="error" message="`run(vst02, proc_data, prune_0 = TRUE, exclude_base_abn = TRUE)` threw an unexpected error. ('test-vst02.R:28:3')">`run(vst02, proc_data, prune_0 = TRUE, exclude_base_abn = TRUE)` threw an unexpected error.
Message: Assertion on 'df1' failed: Must be of type 'data.frame', not 'factor'.
Class:   simpleError/error/condition</error>
    </testcase>
  </testsuite>
</testsuites>
