<?xml version="1.0" encoding="UTF-8"?>
<testsuites>
  <testsuite name="ael01_nollt" timestamp="2023-06-08T14:42:02Z" hostname="8f50e1ee41a2" tests="8" skipped="4" failures="0" errors="0" time="2.013">
    <testcase time="1.124" classname="ael01_nollt" name="ael01_nollt_works_with_admh_dataset"/>
    <testcase time="0.324000000000001" classname="ael01_nollt" name="ael01_nollt_works_with_admh_dataset">
      <skipped message="Reason: On CRAN ('test-ael01_nollt.R:7:3')"/>
    </testcase>
    <testcase time="0.0819999999999999" classname="ael01_nollt" name="ael01_nollt_works_with_non_default_label"/>
    <testcase time="0.192" classname="ael01_nollt" name="ael01_nollt_works_with_non_default_label">
      <skipped message="Reason: On CRAN ('test-ael01_nollt.R:20:3')"/>
    </testcase>
    <testcase time="0.0579999999999998" classname="ael01_nollt" name="ael01_nollt_can_handle_all_missing_values"/>
    <testcase time="0.0640000000000001" classname="ael01_nollt" name="ael01_nollt_can_handle_all_missing_values">
      <skipped message="Reason: On CRAN ('test-ael01_nollt.R:33:3')"/>
    </testcase>
    <testcase time="0.04" classname="ael01_nollt" name="ael01_nollt_can_handle_some_missing_values"/>
    <testcase time="0.129" classname="ael01_nollt" name="ael01_nollt_can_handle_some_missing_values">
      <skipped message="Reason: On CRAN ('test-ael01_nollt.R:48:3')"/>
    </testcase>
  </testsuite>
  <testsuite name="aet01" timestamp="2023-06-08T14:42:04Z" hostname="8f50e1ee41a2" tests="9" skipped="4" failures="0" errors="0" time="2.886">
    <testcase time="0.602" classname="aet01" name="aet01_can_handle_all_NA_values"/>
    <testcase time="0.313" classname="aet01" name="aet01_can_handle_all_NA_values">
      <skipped message="Reason: On CRAN ('test-aet01.R:12:3')"/>
    </testcase>
    <testcase time="0.39" classname="aet01" name="aet01_can_handle_some_NA_values"/>
    <testcase time="0.302" classname="aet01" name="aet01_can_handle_some_NA_values">
      <skipped message="Reason: On CRAN ('test-aet01.R:29:3')"/>
    </testcase>
    <testcase time="0.27" classname="aet01" name="aet01_can_use_custom_anl_vars"/>
    <testcase time="0.172000000000001" classname="aet01" name="aet01_can_use_custom_anl_vars">
      <skipped message="Reason: On CRAN ('test-aet01.R:35:3')"/>
    </testcase>
    <testcase time="0.113" classname="aet01" name="aet01_fails_on_incomplete_data_input"/>
    <testcase time="0.395" classname="aet01" name="aet01_can_use_custom_medconcept_var"/>
    <testcase time="0.329" classname="aet01" name="aet01_can_use_custom_medconcept_var">
      <skipped message="Reason: On CRAN ('test-aet01.R:65:3')"/>
    </testcase>
  </testsuite>
  <testsuite name="aet01_aesi" timestamp="2023-06-08T14:42:07Z" hostname="8f50e1ee41a2" tests="7" skipped="3" failures="0" errors="0" time="2.131">
    <testcase time="0.340999999999999" classname="aet01_aesi" name="aet01_aesi_can_handle_all_NA_values"/>
    <testcase time="0.289000000000001" classname="aet01_aesi" name="aet01_aesi_can_handle_all_NA_values">
      <skipped message="Reason: On CRAN ('test-aet01_aesi.R:17:3')"/>
    </testcase>
    <testcase time="0.283999999999999" classname="aet01_aesi" name="aet01_aesi_can_handle_some_NA_values"/>
    <testcase time="0.289" classname="aet01_aesi" name="aet01_aesi_can_handle_some_NA_values">
      <skipped message="Reason: On CRAN ('test-aet01_aesi.R:30:3')"/>
    </testcase>
    <testcase time="0.386999999999999" classname="aet01_aesi" name="aet01_aesi_works_with_ALL_argument"/>
    <testcase time="0.453000000000001" classname="aet01_aesi" name="aet01_aesi_works_with_ALL_argument">
      <skipped message="Reason: On CRAN ('test-aet01_aesi.R:36:3')"/>
    </testcase>
    <testcase time="0.0879999999999992" classname="aet01_aesi" name="aet01_aesi_check_fails_on_incomplete_data_input"/>
  </testsuite>
  <testsuite name="aet02" timestamp="2023-06-08T14:42:09Z" hostname="8f50e1ee41a2" tests="3" skipped="1" failures="0" errors="0" time="2.375">
    <testcase time="0.129" classname="aet02" name="aet02_fails_on_incomplete_data_input"/>
    <testcase time="0.131" classname="aet02" name="aet02_handle_empty_data_input"/>
    <testcase time="2.115" classname="aet02" name="aet02_can_have_different_levels_of_row_split">
      <skipped message="Reason: On CRAN ('test-aet02.R:30:3')"/>
    </testcase>
  </testsuite>
  <testsuite name="aet03" timestamp="2023-06-08T14:42:11Z" hostname="8f50e1ee41a2" tests="4" skipped="2" failures="0" errors="0" time="3.743">
    <testcase time="0.486000000000001" classname="aet03" name="aet03_can_handle_NA_values"/>
    <testcase time="0.286999999999999" classname="aet03" name="aet03_can_handle_NA_values">
      <skipped message="Reason: On CRAN ('test-aet03.R:10:3')"/>
    </testcase>
    <testcase time="2.128" classname="aet03" name="aet03_can_handle_some_NA_values"/>
    <testcase time="0.842000000000001" classname="aet03" name="aet03_can_handle_some_NA_values">
      <skipped message="Reason: On CRAN ('test-aet03.R:27:3')"/>
    </testcase>
  </testsuite>
  <testsuite name="aet04" timestamp="2023-06-08T14:42:15Z" hostname="8f50e1ee41a2" tests="4" skipped="2" failures="0" errors="0" time="5.818">
    <testcase time="0.870999999999999" classname="aet04" name="aet04_can_handle_NA_values"/>
    <testcase time="0.428000000000001" classname="aet04" name="aet04_can_handle_NA_values">
      <skipped message="Reason: On CRAN ('test-aet04.R:10:3')"/>
    </testcase>
    <testcase time="3.299" classname="aet04" name="aet04_can_handle_some_NA_values"/>
    <testcase time="1.22" classname="aet04" name="aet04_can_handle_some_NA_values">
      <skipped message="Reason: On CRAN ('test-aet04.R:32:3')"/>
    </testcase>
  </testsuite>
  <testsuite name="aet10" timestamp="2023-06-08T14:42:21Z" hostname="8f50e1ee41a2" tests="4" skipped="2" failures="0" errors="0" time="0.583">
    <testcase time="0.122999999999998" classname="aet10" name="aet10_can_handle_NA_values"/>
    <testcase time="0.106000000000002" classname="aet10" name="aet10_can_handle_NA_values">
      <skipped message="Reason: On CRAN ('test-aet10.R:10:3')"/>
    </testcase>
    <testcase time="0.129999999999999" classname="aet10" name="aet10_can_handle_some_NA_values"/>
    <testcase time="0.224" classname="aet10" name="aet10_can_handle_some_NA_values">
      <skipped message="Reason: On CRAN ('test-aet10.R:24:3')"/>
    </testcase>
  </testsuite>
  <testsuite name="assertions" timestamp="2023-06-08T14:42:21Z" hostname="8f50e1ee41a2" tests="38" skipped="0" failures="0" errors="0" time="0.243">
    <testcase time="0.022000000000002" classname="assertions" name="assert_one_tablenames_works_as_expected"/>
    <testcase time="0.00199999999999889" classname="assertions" name="assert_one_tablenames_works_as_expected"/>
    <testcase time="0.0069999999999979" classname="assertions" name="assert_one_tablenames_works_as_expected"/>
    <testcase time="0.00600000000000023" classname="assertions" name="assert_one_tablenames_works_as_expected"/>
    <testcase time="0.00600000000000023" classname="assertions" name="assert_all_tablenames_works_as_expected"/>
    <testcase time="0.00600000000000023" classname="assertions" name="assert_all_tablenames_works_as_expected"/>
    <testcase time="0.00600000000000023" classname="assertions" name="assert_all_tablenames_works_as_expected"/>
    <testcase time="0.00500000000000256" classname="assertions" name="assert_valid_var.character_works_as_expected"/>
    <testcase time="0.0069999999999979" classname="assertions" name="assert_valid_var.character_works_as_expected"/>
    <testcase time="0.00600000000000023" classname="assertions" name="assert_valid_var.character_works_as_expected"/>
    <testcase time="0.00700000000000145" classname="assertions" name="assert_valid_var.character_works_as_expected"/>
    <testcase time="0.00999999999999801" classname="assertions" name="assert_valid_var.character_works_as_expected"/>
    <testcase time="0.00700000000000145" classname="assertions" name="assert_valid_var.factor_works_as_expected"/>
    <testcase time="0.0069999999999979" classname="assertions" name="assert_valid_var.factor_works_as_expected"/>
    <testcase time="0.00600000000000023" classname="assertions" name="assert_valid_var.factor_works_as_expected"/>
    <testcase time="0.00600000000000023" classname="assertions" name="assert_valid_var.factor_works_as_expected"/>
    <testcase time="0.00300000000000011" classname="assertions" name="assert_valid_var.factor_works_as_expected"/>
    <testcase time="0.00600000000000023" classname="assertions" name="assert_valid_var.logical_works_as_expected"/>
    <testcase time="0.00600000000000023" classname="assertions" name="assert_valid_var.logical_works_as_expected"/>
    <testcase time="0.00600000000000023" classname="assertions" name="assert_valid_var.logical_works_as_expected"/>
    <testcase time="0.00199999999999889" classname="assertions" name="assert_valid_var.logical_works_as_expected"/>
    <testcase time="0.00600000000000023" classname="assertions" name="assert_valid_var.numeric_works_as_expected"/>
    <testcase time="0.00600000000000023" classname="assertions" name="assert_valid_var.numeric_works_as_expected"/>
    <testcase time="0.00600000000000023" classname="assertions" name="assert_valid_var.numeric_works_as_expected"/>
    <testcase time="0.00199999999999889" classname="assertions" name="assert_valid_var.numeric_works_as_expected"/>
    <testcase time="0.00600000000000023" classname="assertions" name="assert_valid_var.numeric_works_as_expected"/>
    <testcase time="0.00300000000000011" classname="assertions" name="assert_valid_var.numeric_works_as_expected"/>
    <testcase time="0.00600000000000023" classname="assertions" name="assert_valid_variable_works_as_expected"/>
    <testcase time="0.00300000000000011" classname="assertions" name="assert_valid_variable_works_as_expected"/>
    <testcase time="0.0109999999999992" classname="assertions" name="assert_valid_variable_works_as_expected"/>
    <testcase time="0.00200000000000244" classname="assertions" name="assert_valid_variable_works_as_expected"/>
    <testcase time="0.0109999999999992" classname="assertions" name="assert_valid_variable_works_as_expected"/>
    <testcase time="0.00300000000000011" classname="assertions" name="assert_valid_variable_works_as_expected"/>
    <testcase time="0.00600000000000023" classname="assertions" name="assert_valid_var_pair_works_as_expected_with_character"/>
    <testcase time="0.00900000000000034" classname="assertions" name="assert_valid_var_pair_works_as_expected_with_character"/>
    <testcase time="0.0069999999999979" classname="assertions" name="assert_valid_var_pair_works_as_expected_with_factor"/>
    <testcase time="0.00800000000000267" classname="assertions" name="assert_valid_var_pair_works_as_expected_with_factor"/>
    <testcase time="0.00900000000000034" classname="assertions" name="assert_valid_var_pair_works_as_expected_with_factor"/>
  </testsuite>
  <testsuite name="checks" timestamp="2023-06-08T14:42:21Z" hostname="8f50e1ee41a2" tests="8" skipped="0" failures="0" errors="0" time="0.046">
    <testcase time="0.0119999999999969" classname="checks" name="check_all_colnames_works_as_expected"/>
    <testcase time="0.0110000000000028" classname="checks" name="check_all_colnames_works_as_expected"/>
    <testcase time="0.00300000000000011" classname="checks" name="check_all_colnames_works_as_expected"/>
    <testcase time="0.00399999999999778" classname="checks" name="check_all_colnames_works_as_expected"/>
    <testcase time="0.00500000000000256" classname="checks" name="check_one_colnames_works_as_expected"/>
    <testcase time="0.00499999999999901" classname="checks" name="check_one_colnames_works_as_expected"/>
    <testcase time="0.00199999999999889" classname="checks" name="check_one_colnames_works_as_expected"/>
    <testcase time="0.00400000000000134" classname="checks" name="check_one_colnames_works_as_expected"/>
  </testsuite>
  <testsuite name="chevron_tlg-class" timestamp="2023-06-08T14:42:22Z" hostname="8f50e1ee41a2" tests="24" skipped="0" failures="0" errors="0" time="0.097">
    <testcase time="0.0109999999999992" classname="chevron_tlg_class" name="chevron_t_object_can_be_constructed_with_default_values"/>
    <testcase time="0.00499999999999901" classname="chevron_tlg_class" name="chevron_t_object_can_be_constructed_with_default_values"/>
    <testcase time="0.00700000000000145" classname="chevron_tlg_class" name="chevron_t_object_can_be_constructed_with_custom_values"/>
    <testcase time="0.00499999999999901" classname="chevron_tlg_class" name="chevron_t_object_can_be_constructed_with_custom_values"/>
    <testcase time="0.00300000000000011" classname="chevron_tlg_class" name="chevron_t_object_can_be_constructed_with_custom_values"/>
    <testcase time="0.00499999999999901" classname="chevron_tlg_class" name="chevron_t_object_can_be_constructed_with_custom_values"/>
    <testcase time="0.00700000000000145" classname="chevron_tlg_class" name="chevron_t_constructor_returns_an_error_when_expected"/>
    <testcase time="0.00100000000000122" classname="chevron_tlg_class" name="chevron_t_constructor_returns_an_error_when_expected"/>
    <testcase time="0.000999999999997669" classname="chevron_tlg_class" name="chevron_t_constructor_returns_an_error_when_expected"/>
    <testcase time="0.00200000000000244" classname="chevron_tlg_class" name="chevron_t_constructor_returns_an_error_when_expected"/>
    <testcase time="0.000999999999997669" classname="chevron_tlg_class" name="chevron_t_constructor_returns_an_error_when_expected"/>
    <testcase time="0.00200000000000244" classname="chevron_tlg_class" name="chevron_t_constructor_returns_an_error_when_expected"/>
    <testcase time="0.0069999999999979" classname="chevron_tlg_class" name="chevron_l_object_can_be_constructed_with_default_values"/>
    <testcase time="0.00499999999999901" classname="chevron_tlg_class" name="chevron_l_object_can_be_constructed_with_default_values"/>
    <testcase time="0.00700000000000145" classname="chevron_tlg_class" name="chevron_g_object_can_be_constructed_with_custom_values"/>
    <testcase time="0.00499999999999901" classname="chevron_tlg_class" name="chevron_g_object_can_be_constructed_with_custom_values"/>
    <testcase time="0.00300000000000011" classname="chevron_tlg_class" name="chevron_g_object_can_be_constructed_with_custom_values"/>
    <testcase time="0.00500000000000256" classname="chevron_tlg_class" name="chevron_g_object_can_be_constructed_with_custom_values"/>
    <testcase time="0.0069999999999979" classname="chevron_tlg_class" name="chevron_g_constructor_returns_an_error_when_expected"/>
    <testcase time="0.00100000000000122" classname="chevron_tlg_class" name="chevron_g_constructor_returns_an_error_when_expected"/>
    <testcase time="0.00199999999999889" classname="chevron_tlg_class" name="chevron_g_constructor_returns_an_error_when_expected"/>
    <testcase time="0.00199999999999889" classname="chevron_tlg_class" name="chevron_g_constructor_returns_an_error_when_expected"/>
    <testcase time="0.00100000000000122" classname="chevron_tlg_class" name="chevron_g_constructor_returns_an_error_when_expected"/>
    <testcase time="0.00199999999999889" classname="chevron_tlg_class" name="chevron_g_constructor_returns_an_error_when_expected"/>
  </testsuite>
  <testsuite name="chevron_tlg-methods" timestamp="2023-06-08T14:42:22Z" hostname="8f50e1ee41a2" tests="37" skipped="3" failures="0" errors="0" time="14.806">
    <testcase time="4.208" classname="chevron_tlg_methods" name="run_works_as_expected_for_chevron_t_object">
      <skipped message="Reason: On CRAN ('test-chevron_tlg-methods.R:5:3')"/>
    </testcase>
    <testcase time="0.817999999999998" classname="chevron_tlg_methods" name="run_works_as_expected_for_chevron_t_object_when_auto_pre_FALSE">
      <skipped message="Reason: On CRAN ('test-chevron_tlg-methods.R:13:3')"/>
    </testcase>
    <testcase time="0.0160000000000018" classname="chevron_tlg_methods" name="args_ls_works_as_expected"/>
    <testcase time="0.00100000000000122" classname="chevron_tlg_methods" name="args_ls_works_as_expected"/>
    <testcase time="0.00199999999999889" classname="chevron_tlg_methods" name="args_ls_works_as_expected"/>
    <testcase time="0.00600000000000023" classname="chevron_tlg_methods" name="args_ls_works_as_expected_when_simplify_is_TRUE"/>
    <testcase time="0.00100000000000122" classname="chevron_tlg_methods" name="args_ls_works_as_expected_when_simplify_is_TRUE"/>
    <testcase time="0.000999999999997669" classname="chevron_tlg_methods" name="args_ls_works_as_expected_when_simplify_is_TRUE"/>
    <testcase time="0.00700000000000145" classname="chevron_tlg_methods" name="args_ls_works_as_expected_with_custom_chevron_tlg_object"/>
    <testcase time="0.000999999999997669" classname="chevron_tlg_methods" name="args_ls_works_as_expected_with_custom_chevron_tlg_object"/>
    <testcase time="0.00100000000000122" classname="chevron_tlg_methods" name="args_ls_works_as_expected_with_custom_chevron_tlg_object"/>
    <testcase time="0.00499999999999901" classname="chevron_tlg_methods" name="args_ls_works_as_expected_with_custom_chevron_tlg_object"/>
    <testcase time="0.00800000000000267" classname="chevron_tlg_methods" name="main_works_as_expected"/>
    <testcase time="0.00900000000000034" classname="chevron_tlg_methods" name="main_setter_works_as_expected"/>
    <testcase time="0.014999999999997" classname="chevron_tlg_methods" name="main_setter_throw_an_error_as_expected"/>
    <testcase time="0.00800000000000267" classname="chevron_tlg_methods" name="preprocess_works_as_expected"/>
    <testcase time="0.00900000000000034" classname="chevron_tlg_methods" name="preprocess_setter_works_as_expected"/>
    <testcase time="0.0139999999999993" classname="chevron_tlg_methods" name="preprocess_sends_an_error_as_expected"/>
    <testcase time="0.00799999999999912" classname="chevron_tlg_methods" name="postprocess_works_as_expected"/>
    <testcase time="0.00900000000000034" classname="chevron_tlg_methods" name="postprocess_setter_works_as_expected"/>
    <testcase time="0.0139999999999993" classname="chevron_tlg_methods" name="postprocess_sends_an_error_as_expected"/>
    <testcase time="0.0169999999999995" classname="chevron_tlg_methods" name="datasets_works_as_expected"/>
    <testcase time="0.0120000000000005" classname="chevron_tlg_methods" name="datasets_setter_works_as_expected"/>
    <testcase time="0.00799999999999912" classname="chevron_tlg_methods" name="script_works_as_expected"/>
    <testcase time="0.00200000000000244" classname="chevron_tlg_methods" name="script_works_as_expected"/>
    <testcase time="0.00199999999999889" classname="chevron_tlg_methods" name="script_works_as_expected"/>
    <testcase time="0.00700000000000145" classname="chevron_tlg_methods" name="script_works_as_expected_with_dictionary_of_arguments"/>
    <testcase time="0.00199999999999889" classname="chevron_tlg_methods" name="script_works_as_expected_with_dictionary_of_arguments"/>
    <testcase time="0.000999999999997669" classname="chevron_tlg_methods" name="script_works_as_expected_with_dictionary_of_arguments"/>
    <testcase time="0.00200000000000244" classname="chevron_tlg_methods" name="script_works_as_expected_with_dictionary_of_arguments"/>
    <testcase time="0.00499999999999901" classname="chevron_tlg_methods" name="script_funs_works_as_expected_in_interactive_mode">
      <skipped message="Reason: !interactive() is TRUE ('test-chevron_tlg-methods.R:155:3')"/>
    </testcase>
    <testcase time="0.0160000000000018" classname="chevron_tlg_methods" name="script_funs_works_as_expected"/>
    <testcase time="0.00199999999999889" classname="chevron_tlg_methods" name="script_funs_works_as_expected"/>
    <testcase time="0.0069999999999979" classname="chevron_tlg_methods" name="script_funs_works_as_expected_with_details_set_to_TRUE"/>
    <testcase time="0.00100000000000122" classname="chevron_tlg_methods" name="script_funs_works_as_expected_with_details_set_to_TRUE"/>
    <testcase time="6.35" classname="chevron_tlg_methods" name="script_funs_generates_a_valid_script"/>
    <testcase time="3.21100000000001" classname="chevron_tlg_methods" name="script_funs_generates_a_valid_script"/>
  </testsuite>
  <testsuite name="cmt01a" timestamp="2023-06-08T14:42:36Z" hostname="8f50e1ee41a2" tests="6" skipped="4" failures="0" errors="0" time="4.997">
    <testcase time="1.502" classname="cmt01a" name="cmt01a_functions_with_default_argument_value_return_expected_result_with_test_data">
      <skipped message="Reason: On CRAN ('test-cmt01a.R:7:3')"/>
    </testcase>
    <testcase time="1.456" classname="cmt01a" name="cmt01a_functions_with_custom_argument_value_return_expected_result_with_test_data">
      <skipped message="Reason: On CRAN ('test-cmt01a.R:14:3')"/>
    </testcase>
    <testcase time="0.223999999999997" classname="cmt01a" name="cmt01a_can_handle_all_NA_values"/>
    <testcase time="0.190000000000005" classname="cmt01a" name="cmt01a_can_handle_all_NA_values">
      <skipped message="Reason: On CRAN ('test-cmt01a.R:28:3')"/>
    </testcase>
    <testcase time="0.918999999999997" classname="cmt01a" name="cmt01a_can_handle_some_NA_values"/>
    <testcase time="0.706000000000003" classname="cmt01a" name="cmt01a_can_handle_some_NA_values">
      <skipped message="Reason: On CRAN ('test-cmt01a.R:36:3')"/>
    </testcase>
  </testsuite>
  <testsuite name="cmt02_pt" timestamp="2023-06-08T14:42:41Z" hostname="8f50e1ee41a2" tests="4" skipped="2" failures="0" errors="0" time="0.775">
    <testcase time="0.164999999999999" classname="cmt02_pt" name="cmt02_pt_can_handle_all_NA_values"/>
    <testcase time="0.134999999999998" classname="cmt02_pt" name="cmt02_pt_can_handle_all_NA_values">
      <skipped message="Reason: On CRAN ('test-cmt02_pt.R:9:3')"/>
    </testcase>
    <testcase time="0.210999999999999" classname="cmt02_pt" name="cmt02_pt_can_handle_some_NA_values"/>
    <testcase time="0.264000000000003" classname="cmt02_pt" name="cmt02_pt_can_handle_some_NA_values">
      <skipped message="Reason: On CRAN ('test-cmt02_pt.R:17:3')"/>
    </testcase>
  </testsuite>
  <testsuite name="coxt02" timestamp="2023-06-08T14:42:42Z" hostname="8f50e1ee41a2" tests="3" skipped="1" failures="0" errors="0" time="0.996">
    <testcase time="0.695999999999998" classname="coxt02" name="coxt02_can_handle_some_NA_values"/>
    <testcase time="0.271000000000001" classname="coxt02" name="coxt02_can_handle_some_NA_values">
      <skipped message="Reason: On CRAN ('test-coxt02.R:5:3')"/>
    </testcase>
    <testcase time="0.0290000000000035" classname="coxt02" name="coxt02_fails_on_incomlete_data"/>
  </testsuite>
  <testsuite name="default_tlg" timestamp="2023-06-08T14:42:43Z" hostname="8f50e1ee41a2" tests="12" skipped="12" failures="0" errors="0" time="13.583">
    <testcase time="0.132999999999996" classname="default_tlg" name="ael01_nollt_function_with_default_argument_value_return_expected_result_with_test_data">
      <skipped message="Reason: On CRAN ('test-default_tlg.R:5:3')"/>
    </testcase>
    <testcase time="0.709000000000003" classname="default_tlg" name="aet01_function_with_default_argument_value_return_expected_result_with_test_data">
      <skipped message="Reason: On CRAN ('test-default_tlg.R:12:3')"/>
    </testcase>
    <testcase time="0.668999999999997" classname="default_tlg" name="aet01_aesi_function_with_default_argument_value_return_expected_result_with_test_data">
      <skipped message="Reason: On CRAN ('test-default_tlg.R:19:3')"/>
    </testcase>
    <testcase time="1.336" classname="default_tlg" name="aet02_functions_with_default_argument_value_return_expected_result_with_test_data">
      <skipped message="Reason: On CRAN ('test-default_tlg.R:26:3')"/>
    </testcase>
    <testcase time="3.072" classname="default_tlg" name="aet03_functions_with_default_argument_value_return_expected_result_with_test_data">
      <skipped message="Reason: On CRAN ('test-default_tlg.R:33:3')"/>
    </testcase>
    <testcase time="4.535" classname="default_tlg" name="aet04_functions_with_default_argument_value_return_expected_result_with_test_data">
      <skipped message="Reason: On CRAN ('test-default_tlg.R:40:3')"/>
    </testcase>
    <testcase time="0.339000000000006" classname="default_tlg" name="aet10_functions_with_default_argument_value_return_expected_result_with_test_data">
      <skipped message="Reason: On CRAN ('test-default_tlg.R:47:3')"/>
    </testcase>
    <testcase time="0.433999999999997" classname="default_tlg" name="cmt02_pt_functions_with_default_argument_value_return_expected_result_with_test_data">
      <skipped message="Reason: On CRAN ('test-default_tlg.R:54:3')"/>
    </testcase>
    <testcase time="0.831000000000003" classname="default_tlg" name="coxt02_functions_with_default_argument_value_return_expected_result_with_test_data">
      <skipped message="Reason: On CRAN ('test-default_tlg.R:62:3')"/>
    </testcase>
    <testcase time="0.717999999999996" classname="default_tlg" name="dmt01_functions_with_default_argument_value_return_expected_result_with_test_data">
      <skipped message="Reason: On CRAN ('test-default_tlg.R:69:3')"/>
    </testcase>
    <testcase time="0.506999999999998" classname="default_tlg" name="dst01_functions_with_default_argument_value_return_expected_result_with_test_data">
      <skipped message="Reason: On CRAN ('test-default_tlg.R:76:3')"/>
    </testcase>
    <testcase time="0.300000000000004" classname="default_tlg" name="dtht01_functions_with_default_argument_value_return_expected_result_with_test_data">
      <skipped message="Reason: On CRAN ('test-default_tlg.R:83:3')"/>
    </testcase>
  </testsuite>
  <testsuite name="dmt01" timestamp="2023-06-08T14:42:57Z" hostname="8f50e1ee41a2" tests="4" skipped="2" failures="0" errors="0" time="1.393">
    <testcase time="0.289000000000001" classname="dmt01" name="dmt01_can_handle_NA_values"/>
    <testcase time="0.369999999999997" classname="dmt01" name="dmt01_can_handle_NA_values">
      <skipped message="Reason: On CRAN ('test-dmt01.R:8:3')"/>
    </testcase>
    <testcase time="0.308999999999997" classname="dmt01" name="dmt01_can_handle_numeric_NA_values"/>
    <testcase time="0.425000000000004" classname="dmt01" name="dmt01_can_handle_numeric_NA_values">
      <skipped message="Reason: On CRAN ('test-dmt01.R:15:3')"/>
    </testcase>
  </testsuite>
  <testsuite name="dst01" timestamp="2023-06-08T14:42:58Z" hostname="8f50e1ee41a2" tests="14" skipped="7" failures="0" errors="0" time="3.176">
    <testcase time="0.174999999999997" classname="dst01" name="dst01_works_as_expected_when_all_data_are_NA"/>
    <testcase time="0.0649999999999977" classname="dst01" name="dst01_works_as_expected_when_all_data_are_NA">
      <skipped message="Reason: On CRAN ('test-dst01.R:11:3')"/>
    </testcase>
    <testcase time="0.159000000000006" classname="dst01" name="dst01_can_handle_all_NA_values_in_DCSREAS"/>
    <testcase time="0.156999999999996" classname="dst01" name="dst01_can_handle_all_NA_values_in_DCSREAS">
      <skipped message="Reason: On CRAN ('test-dst01.R:22:3')"/>
    </testcase>
    <testcase time="0.221000000000004" classname="dst01" name="dst01_can_handle_some_NA_values"/>
    <testcase time="0.267999999999994" classname="dst01" name="dst01_can_handle_some_NA_values">
      <skipped message="Reason: On CRAN ('test-dst01.R:29:3')"/>
    </testcase>
    <testcase time="0.147000000000006" classname="dst01" name="dst01_can_handle_missing_levels_in_status_var"/>
    <testcase time="0.138999999999996" classname="dst01" name="dst01_can_handle_missing_levels_in_status_var">
      <skipped message="Reason: On CRAN ('test-dst01.R:39:3')"/>
    </testcase>
    <testcase time="0.261000000000003" classname="dst01" name="dst01_can_create_variants"/>
    <testcase time="0.298000000000002" classname="dst01" name="dst01_can_create_variants">
      <skipped message="Reason: On CRAN ('test-dst01.R:44:3')"/>
    </testcase>
    <testcase time="0.304000000000002" classname="dst01" name="dst01_can_create_variants"/>
    <testcase time="0.292999999999999" classname="dst01" name="dst01_can_create_variants">
      <skipped message="Reason: On CRAN ('test-dst01.R:49:3')"/>
    </testcase>
    <testcase time="0.347000000000001" classname="dst01" name="dst01_can_create_variants"/>
    <testcase time="0.341999999999999" classname="dst01" name="dst01_can_create_variants">
      <skipped message="Reason: On CRAN ('test-dst01.R:56:3')"/>
    </testcase>
  </testsuite>
  <testsuite name="dtht01" timestamp="2023-06-08T14:43:01Z" hostname="8f50e1ee41a2" tests="5" skipped="3" failures="0" errors="0" time="1.811">
    <testcase time="0.129999999999995" classname="dtht01" name="dtht01_can_handle_all_NA_values"/>
    <testcase time="0.176000000000002" classname="dtht01" name="dtht01_can_handle_all_NA_values">
      <skipped message="Reason: On CRAN ('test-dtht01.R:12:3')"/>
    </testcase>
    <testcase time="0.323999999999998" classname="dtht01" name="dtht01_can_handle_some_NA_values"/>
    <testcase time="0.437000000000005" classname="dtht01" name="dtht01_can_handle_some_NA_values">
      <skipped message="Reason: On CRAN ('test-dtht01.R:19:3')"/>
    </testcase>
    <testcase time="0.744" classname="dtht01" name="dtht01_can_be_parametrize_as_expected">
      <skipped message="Reason: On CRAN ('test-dtht01.R:30:3')"/>
    </testcase>
  </testsuite>
  <testsuite name="egt01" timestamp="2023-06-08T14:43:03Z" hostname="8f50e1ee41a2" tests="3" skipped="2" failures="0" errors="0" time="4.168">
    <testcase time="2.23099999999999" classname="egt01" name="egt01_functions_with_default_argument_value_return_expected_result_with_test_data">
      <skipped message="Reason: On CRAN ('test-egt01.R:7:3')"/>
    </testcase>
    <testcase time="1.66200000000001" classname="egt01" name="egt01_can_handle_n_0_and_outputs_NE_instead_of_infs_and_NAs"/>
    <testcase time="0.274999999999991" classname="egt01" name="egt01_can_handle_n_0_and_outputs_NE_instead_of_infs_and_NAs">
      <skipped message="Reason: On CRAN ('test-egt01.R:21:3')"/>
    </testcase>
  </testsuite>
  <testsuite name="egt02" timestamp="2023-06-08T14:43:07Z" hostname="8f50e1ee41a2" tests="2" skipped="2" failures="0" errors="0" time="0.944">
    <testcase time="0.521000000000001" classname="egt02" name="egt02_1_functions_with_default_argument_value_return_expected_result_with_test_data">
      <skipped message="Reason: On CRAN ('test-egt02.R:7:3')"/>
    </testcase>
    <testcase time="0.423000000000002" classname="egt02" name="egt02_2_functions_with_default_value_return_expected_result_with_test_data">
      <skipped message="Reason: On CRAN ('test-egt02.R:14:3')"/>
    </testcase>
  </testsuite>
  <testsuite name="egt03" timestamp="2023-06-08T14:43:08Z" hostname="8f50e1ee41a2" tests="5" skipped="2" failures="0" errors="0" time="1.404">
    <testcase time="0.683000000000007" classname="egt03" name="egt03_functions_with_default_argument_value_return_expected_result_with_test_data">
      <skipped message="Reason: On CRAN ('test-egt03.R:9:3')"/>
    </testcase>
    <testcase time="0.0429999999999922" classname="egt03" name="egt03_errors_on_all_NA_values"/>
    <testcase time="0.305000000000007" classname="egt03" name="egt03_can_handle_some_NA_values"/>
    <testcase time="0.334000000000003" classname="egt03" name="egt03_can_handle_some_NA_values">
      <skipped message="Reason: On CRAN ('test-egt03.R:32:3')"/>
    </testcase>
    <testcase time="0.0390000000000015" classname="egt03" name="egt03_fails_on_incomplete_data"/>
  </testsuite>
  <testsuite name="egt05_qtcat" timestamp="2023-06-08T14:43:10Z" hostname="8f50e1ee41a2" tests="4" skipped="2" failures="0" errors="0" time="3.148">
    <testcase time="1.559" classname="egt05_qtcat" name="egt05_qtcat_functions_with_default_argument_value_return_expected_result_with_test_data">
      <skipped message="Reason: On CRAN ('test-egt05_qtcat.R:7:3')"/>
    </testcase>
    <testcase time="0.0349999999999966" classname="egt05_qtcat" name="egt05_qtcat_erros_on_all_NA_values"/>
    <testcase time="0.609999999999999" classname="egt05_qtcat" name="egt05_qtcat_can_handle_some_NA_values"/>
    <testcase time="0.944000000000003" classname="egt05_qtcat" name="egt05_qtcat_can_handle_some_NA_values">
      <skipped message="Reason: On CRAN ('test-egt05_qtcat.R:28:3')"/>
    </testcase>
  </testsuite>
  <testsuite name="empty_report" timestamp="2023-06-08T14:43:13Z" hostname="8f50e1ee41a2" tests="25" skipped="0" failures="0" errors="0" time="4.779">
    <testcase time="1.703" classname="empty_report" name="tlg_functions_return_null_reports_when_domain_table_is_empty"/>
    <testcase time="0.364999999999995" classname="empty_report" name="tlg_functions_return_null_reports_when_domain_table_is_empty"/>
    <testcase time="0.256" classname="empty_report" name="tlg_functions_return_null_reports_when_domain_table_is_empty"/>
    <testcase time="0.135999999999996" classname="empty_report" name="tlg_functions_return_null_reports_when_domain_table_is_empty"/>
    <testcase time="0.115000000000009" classname="empty_report" name="tlg_functions_return_null_reports_when_domain_table_is_empty"/>
    <testcase time="0.0649999999999977" classname="empty_report" name="tlg_functions_return_null_reports_when_domain_table_is_empty"/>
    <testcase time="0.126999999999995" classname="empty_report" name="tlg_functions_return_null_reports_when_domain_table_is_empty"/>
    <testcase time="0.177999999999997" classname="empty_report" name="tlg_functions_return_null_reports_when_domain_table_is_empty"/>
    <testcase time="0.227000000000004" classname="empty_report" name="tlg_functions_return_null_reports_when_domain_table_is_empty"/>
    <testcase time="0.0840000000000032" classname="empty_report" name="tlg_functions_return_null_reports_when_domain_table_is_empty"/>
    <testcase time="0.103999999999999" classname="empty_report" name="tlg_functions_return_null_reports_when_domain_table_is_empty"/>
    <testcase time="0.0499999999999972" classname="empty_report" name="tlg_functions_return_null_reports_when_domain_table_is_empty"/>
    <testcase time="0.0480000000000018" classname="empty_report" name="tlg_functions_return_null_reports_when_domain_table_is_empty"/>
    <testcase time="0.063999999999993" classname="empty_report" name="tlg_functions_return_null_reports_when_domain_table_is_empty"/>
    <testcase time="0.0640000000000072" classname="empty_report" name="tlg_functions_return_null_reports_when_domain_table_is_empty"/>
    <testcase time="0.090999999999994" classname="empty_report" name="tlg_functions_return_null_reports_when_domain_table_is_empty"/>
    <testcase time="0.0589999999999975" classname="empty_report" name="tlg_functions_return_null_reports_when_domain_table_is_empty"/>
    <testcase time="0.061000000000007" classname="empty_report" name="tlg_functions_return_null_reports_when_domain_table_is_empty"/>
    <testcase time="0.0859999999999985" classname="empty_report" name="tlg_functions_return_null_reports_when_domain_table_is_empty"/>
    <testcase time="0.489999999999995" classname="empty_report" name="tlg_functions_return_null_reports_when_domain_table_is_empty"/>
    <testcase time="0.102000000000004" classname="empty_report" name="tlg_functions_return_null_reports_when_domain_table_is_empty"/>
    <testcase time="0.119" classname="empty_report" name="tlg_functions_return_null_reports_when_domain_table_is_empty"/>
    <testcase time="0.0859999999999985" classname="empty_report" name="tlg_functions_return_null_reports_when_domain_table_is_empty"/>
    <testcase time="0.0490000000000066" classname="empty_report" name="tlg_functions_return_null_reports_when_domain_table_is_empty"/>
    <testcase time="0.0499999999999972" classname="empty_report" name="tlg_functions_return_null_reports_when_domain_table_is_empty"/>
  </testsuite>
  <testsuite name="ext01" timestamp="2023-06-08T14:43:18Z" hostname="8f50e1ee41a2" tests="5" skipped="4" failures="0" errors="0" time="1.785">
    <testcase time="0.438999999999993" classname="ext01" name="ext01_functions_with_default_argument_value_return_expected_result_with_test_data">
      <skipped message="Reason: On CRAN ('test-ext01.R:7:3')"/>
    </testcase>
    <testcase time="0.441000000000003" classname="ext01" name="ext01_functions_with_categorical_data_return_expected_result_with_test_data">
      <skipped message="Reason: On CRAN ('test-ext01.R:15:3')"/>
    </testcase>
    <testcase time="0.206999999999994" classname="ext01" name="ext01_works"/>
    <testcase time="0.243000000000009" classname="ext01" name="ext01_works">
      <skipped message="Reason: On CRAN ('test-ext01.R:23:3')"/>
    </testcase>
    <testcase time="0.454999999999998" classname="ext01" name="ext01_works_for_selected_parameters_and_categorical_variables">
      <skipped message="Reason: On CRAN ('test-ext01.R:36:3')"/>
    </testcase>
  </testsuite>
  <testsuite name="fstg01" timestamp="2023-06-08T14:43:19Z" hostname="8f50e1ee41a2" tests="7" skipped="0" failures="0" errors="0" time="10.796">
    <testcase time="0.0370000000000061" classname="fstg01" name="fstg01_works_as_expected"/>
    <testcase time="2.43299999999999" classname="fstg01" name="fstg01_works_as_expected"/>
    <testcase time="2.465" classname="fstg01" name="fstg01_works_as_expected_with_custom_color_set"/>
    <testcase time="2.053" classname="fstg01" name="fstg01_works_as_expected_with_custom_color_set"/>
    <testcase time="0.424999999999997" classname="fstg01" name="fstg01_works_if_changes_are_in_subgroups_strata_var_conf_level_and_label_all"/>
    <testcase time="1.17699999999999" classname="fstg01" name="fstg01_works_if_changes_are_in_subgroups_strata_var_conf_level_and_label_all"/>
    <testcase time="2.206" classname="fstg01" name="fstg01_can_handle_some_NA_values_in_subgroups"/>
  </testsuite>
  <testsuite name="kmg01" timestamp="2023-06-08T14:43:30Z" hostname="8f50e1ee41a2" tests="6" skipped="0" failures="0" errors="0" time="1.999">
    <testcase time="0.0160000000000053" classname="kmg01" name="kmg01_works_as_expected"/>
    <testcase time="0.459000000000003" classname="kmg01" name="kmg01_works_as_expected"/>
    <testcase time="0.454999999999998" classname="kmg01" name="kmg01_works_as_expected_with_custom_color_set"/>
    <testcase time="0.373999999999995" classname="kmg01" name="kmg01_works_as_expected_with_custom_color_set"/>
    <testcase time="0.384" classname="kmg01" name="kmg01_works_if_change_pvalue_ties_and_conf_level"/>
    <testcase time="0.311000000000007" classname="kmg01" name="kmg01_works_if_change_annotation_position"/>
  </testsuite>
  <testsuite name="lbt01" timestamp="2023-06-08T14:43:32Z" hostname="8f50e1ee41a2" tests="3" skipped="2" failures="0" errors="0" time="3.576">
    <testcase time="1.95399999999999" classname="lbt01" name="lbt01_functions_with_default_argument_value_return_expected_result_with_test_data">
      <skipped message="Reason: On CRAN ('test-lbt01.R:7:3')"/>
    </testcase>
    <testcase time="1.36799999999999" classname="lbt01" name="lbt01_can_handle_n_0_and_outputs_NE_instead_of_infs_and_NAs"/>
    <testcase time="0.254000000000005" classname="lbt01" name="lbt01_can_handle_n_0_and_outputs_NE_instead_of_infs_and_NAs">
      <skipped message="Reason: On CRAN ('test-lbt01.R:21:3')"/>
    </testcase>
  </testsuite>
  <testsuite name="lbt04" timestamp="2023-06-08T14:43:36Z" hostname="8f50e1ee41a2" tests="8" skipped="4" failures="0" errors="0" time="3.235">
    <testcase time="1.004" classname="lbt04" name="lbt04_functions_with_default_argument_value_return_expected_result_with_test_data">
      <skipped message="Reason: On CRAN ('test-lbt04.R:7:3')"/>
    </testcase>
    <testcase time="0.0679999999999978" classname="lbt04" name="lbt04_can_handle_all_NA_values"/>
    <testcase time="0.0690000000000026" classname="lbt04" name="lbt04_can_handle_all_NA_values">
      <skipped message="Reason: On CRAN ('test-lbt04.R:20:3')"/>
    </testcase>
    <testcase time="0.518999999999991" classname="lbt04" name="lbt04_can_handle_missing_levels"/>
    <testcase time="0.495000000000005" classname="lbt04" name="lbt04_can_handle_missing_levels">
      <skipped message="Reason: On CRAN ('test-lbt04.R:31:3')"/>
    </testcase>
    <testcase time="0.533999999999992" classname="lbt04" name="lbt04_can_handle_some_NA_values"/>
    <testcase time="0.50800000000001" classname="lbt04" name="lbt04_can_handle_some_NA_values">
      <skipped message="Reason: On CRAN ('test-lbt04.R:39:3')"/>
    </testcase>
    <testcase time="0.0379999999999967" classname="lbt04" name="lbt04_fails_on_incomlete_data"/>
  </testsuite>
  <testsuite name="lbt05" timestamp="2023-06-08T14:43:39Z" hostname="8f50e1ee41a2" tests="5" skipped="2" failures="0" errors="0" time="2.599">
    <testcase time="1.004" classname="lbt05" name="lbt05_functions_with_default_argument_value_return_expected_result_with_test_data">
      <skipped message="Reason: On CRAN ('test-lbt05.R:7:3')"/>
    </testcase>
    <testcase time="0.515000000000001" classname="lbt05" name="lbt05_give_all_0_count_if_ANRIND_are_all_missing"/>
    <testcase time="0.512" classname="lbt05" name="lbt05_can_handle_some_NA_values"/>
    <testcase time="0.48899999999999" classname="lbt05" name="lbt05_can_handle_some_NA_values">
      <skipped message="Reason: On CRAN ('test-lbt05.R:36:3')"/>
    </testcase>
    <testcase time="0.0790000000000077" classname="lbt05" name="lbt05_fails_on_incomlete_data"/>
  </testsuite>
  <testsuite name="lbt06" timestamp="2023-06-08T14:43:42Z" hostname="8f50e1ee41a2" tests="3" skipped="1" failures="0" errors="0" time="5.539">
    <testcase time="1.78099999999999" classname="lbt06" name="lbt06_gives_all_0_count_if_ANRIND_and_BNRIND_are_all_missing"/>
    <testcase time="3.69800000000001" classname="lbt06" name="lbt06_can_handle_some_NA_values">
      <skipped message="Reason: On CRAN ('test-lbt06.R:20:3')"/>
    </testcase>
    <testcase time="0.0600000000000023" classname="lbt06" name="lbt06_fails_on_incomplete_data"/>
  </testsuite>
  <testsuite name="lbt07" timestamp="2023-06-08T14:43:47Z" hostname="8f50e1ee41a2" tests="4" skipped="2" failures="0" errors="0" time="3.032">
    <testcase time="1.49199999999999" classname="lbt07" name="lbt07_functions_with_default_argument_value_return_expected_result_with_test_data">
      <skipped message="Reason: On CRAN ('test-lbt07.R:7:3')"/>
    </testcase>
    <testcase time="0.780000000000001" classname="lbt07" name="lbt07_can_handle_some_NA_values"/>
    <testcase time="0.689000000000007" classname="lbt07" name="lbt07_can_handle_some_NA_values">
      <skipped message="Reason: On CRAN ('test-lbt07.R:22:3')"/>
    </testcase>
    <testcase time="0.070999999999998" classname="lbt07" name="lbt07_fails_on_incomlete_data"/>
  </testsuite>
  <testsuite name="lbt14" timestamp="2023-06-08T14:43:50Z" hostname="8f50e1ee41a2" tests="16" skipped="10" failures="0" errors="0" time="37.457">
    <testcase time="3.41200000000001" classname="lbt14" name="lbt14_functions_with_default_argument_value_return_expected_result_with_test_data">
      <skipped message="Reason: On CRAN ('test-lbt14.R:7:3')"/>
    </testcase>
    <testcase time="3.49499999999999" classname="lbt14" name="lbt14_functions_with_default_argument_value_return_expected_result_with_test_data_when_direction_high">
      <skipped message="Reason: On CRAN ('test-lbt14.R:14:3')"/>
    </testcase>
    <testcase time="3.169" classname="lbt14" name="lbt14_functions_with_gr_missing_excl_return_expected_result_with_test_data">
      <skipped message="Reason: On CRAN ('test-lbt14.R:21:3')"/>
    </testcase>
    <testcase time="2.70800000000001" classname="lbt14" name="lbt14_functions_with_gr_missing_gr_0_return_expected_result_with_test_data">
      <skipped message="Reason: On CRAN ('test-lbt14.R:28:3')"/>
    </testcase>
    <testcase time="1.663" classname="lbt14" name="lbt14_can_handle_all_NA_values"/>
    <testcase time="0.231999999999999" classname="lbt14" name="lbt14_can_handle_all_NA_values">
      <skipped message="Reason: On CRAN ('test-lbt14.R:41:3')"/>
    </testcase>
    <testcase time="2.036" classname="lbt14" name="lbt14_can_handle_some_NA_values"/>
    <testcase time="1.18699999999998" classname="lbt14" name="lbt14_can_handle_some_NA_values">
      <skipped message="Reason: On CRAN ('test-lbt14.R:60:3')"/>
    </testcase>
    <testcase time="6.79400000000001" classname="lbt14" name="lbt14_can_accept_different_gr_missing">
      <skipped message="Reason: On CRAN ('test-lbt14.R:67:3')"/>
    </testcase>
    <testcase time="0.0490000000000066" classname="lbt14" name="lbt14_fails_on_incomlete_data"/>
    <testcase time="1.75899999999999" classname="lbt14" name="lbt14_can_handle_all_NA_values_with_direction_high"/>
    <testcase time="0.263000000000005" classname="lbt14" name="lbt14_can_handle_all_NA_values_with_direction_high">
      <skipped message="Reason: On CRAN ('test-lbt14.R:92:3')"/>
    </testcase>
    <testcase time="2.203" classname="lbt14" name="lbt14_can_handle_some_NA_values_with_direction_high"/>
    <testcase time="1.346" classname="lbt14" name="lbt14_can_handle_some_NA_values_with_direction_high">
      <skipped message="Reason: On CRAN ('test-lbt14.R:111:3')"/>
    </testcase>
    <testcase time="7.095" classname="lbt14" name="lbt14_can_accept_different_gr_missing_with_direction_high">
      <skipped message="Reason: On CRAN ('test-lbt14.R:119:3')"/>
    </testcase>
    <testcase time="0.0459999999999923" classname="lbt14" name="lbt14_fails_on_incomlete_data"/>
  </testsuite>
  <testsuite name="mht01" timestamp="2023-06-08T14:44:28Z" hostname="8f50e1ee41a2" tests="3" skipped="3" failures="0" errors="0" time="2.78">
    <testcase time="0.899000000000001" classname="mht01" name="mht01_1_functions_with_default_argument_value_return_expected_result_with_test_data">
      <skipped message="Reason: On CRAN ('test-mht01.R:7:3')"/>
    </testcase>
    <testcase time="1.08000000000001" classname="mht01" name="mht01_works">
      <skipped message="Reason: On CRAN ('test-mht01.R:15:3')"/>
    </testcase>
    <testcase time="0.800999999999988" classname="mht01" name="mht01_works_on_NULL_in_lbl_mhbodsys_or_lbl_mhdecod">
      <skipped message="Reason: On CRAN ('test-mht01.R:21:3')"/>
    </testcase>
  </testsuite>
  <testsuite name="mng01" timestamp="2023-06-08T14:44:30Z" hostname="8f50e1ee41a2" tests="7" skipped="0" failures="0" errors="0" time="8.612">
    <testcase time="1.45099999999999" classname="mng01" name="mng01_works_as_expected_with_default_argument_values"/>
    <testcase time="1.39000000000001" classname="mng01" name="mng01_works_as_expected_with_custom_argument_values"/>
    <testcase time="0.0229999999999961" classname="mng01" name="mng01_works_as_expected_with_custom_argument_values"/>
    <testcase time="1.429" classname="mng01" name="mng01_works_as_expected_with_custom_color_set"/>
    <testcase time="1.435" classname="mng01" name="mng01_works_as_expected_with_custom_color_set"/>
    <testcase time="1.42599999999999" classname="mng01" name="mng01_works_if_show_v_grid_show_h_grid_is_TRUE"/>
    <testcase time="1.458" classname="mng01" name="mng01_works_with_combination_of_x_variables"/>
  </testsuite>
  <testsuite name="pdt01" timestamp="2023-06-08T14:44:39Z" hostname="8f50e1ee41a2" tests="5" skipped="3" failures="0" errors="0" time="2.035">
    <testcase time="0.810000000000002" classname="pdt01" name="pdt01_function_with_default_argument_value_return_expected_result_with_test_data">
      <skipped message="Reason: On CRAN ('test-pdt01.R:7:3')"/>
    </testcase>
    <testcase time="0.13300000000001" classname="pdt01" name="pdt01_can_handle_all_NA_values"/>
    <testcase time="0.189999999999998" classname="pdt01" name="pdt01_can_handle_all_NA_values">
      <skipped message="Reason: On CRAN ('test-pdt01.R:21:3')"/>
    </testcase>
    <testcase time="0.36699999999999" classname="pdt01" name="pdt01_can_handle_some_NA_values"/>
    <testcase time="0.534999999999997" classname="pdt01" name="pdt01_can_handle_some_NA_values">
      <skipped message="Reason: On CRAN ('test-pdt01.R:36:3')"/>
    </testcase>
  </testsuite>
  <testsuite name="pdt02" timestamp="2023-06-08T14:44:41Z" hostname="8f50e1ee41a2" tests="5" skipped="3" failures="0" errors="0" time="1.307">
    <testcase time="0.411000000000001" classname="pdt02" name="pdt02_function_with_default_argument_value_return_expected_result_with_test_data">
      <skipped message="Reason: On CRAN ('test-pdt02.R:7:3')"/>
    </testcase>
    <testcase time="0.187000000000012" classname="pdt02" name="pdt02_can_handle_all_NA_values"/>
    <testcase time="0.189999999999998" classname="pdt02" name="pdt02_can_handle_all_NA_values">
      <skipped message="Reason: On CRAN ('test-pdt02.R:21:3')"/>
    </testcase>
    <testcase time="0.258999999999986" classname="pdt02" name="pdt02_can_handle_some_NA_values"/>
    <testcase time="0.260000000000019" classname="pdt02" name="pdt02_can_handle_some_NA_values">
      <skipped message="Reason: On CRAN ('test-pdt02.R:36:3')"/>
    </testcase>
  </testsuite>
  <testsuite name="reexports" timestamp="2023-06-08T14:44:42Z" hostname="8f50e1ee41a2" tests="2" skipped="0" failures="0" errors="0" time="0.032">
    <testcase time="0.0240000000000009" classname="reexports" name="with_label_exported_correctly"/>
    <testcase time="0.00799999999998136" classname="reexports" name="reformat_exported_correctly"/>
  </testsuite>
  <testsuite name="rmpt01" timestamp="2023-06-08T14:44:42Z" hostname="8f50e1ee41a2" tests="7" skipped="3" failures="0" errors="0" time="0.943">
    <testcase time="0.26600000000002" classname="rmpt01" name="rmpt01_function_with_default_argument_value_return_expected_result_with_test_data">
      <skipped message="Reason: On CRAN ('test-rmpt01.R:7:3')"/>
    </testcase>
    <testcase time="0.128000000000014" classname="rmpt01" name="rmpt01_can_handle_NA_values"/>
    <testcase time="0.140999999999991" classname="rmpt01" name="rmpt01_can_handle_NA_values">
      <skipped message="Reason: On CRAN ('test-rmpt01.R:17:3')"/>
    </testcase>
    <testcase time="0.13300000000001" classname="rmpt01" name="rmpt01_can_handle_some_NA_values"/>
    <testcase time="0.143999999999977" classname="rmpt01" name="rmpt01_can_handle_some_NA_values">
      <skipped message="Reason: On CRAN ('test-rmpt01.R:31:3')"/>
    </testcase>
    <testcase time="0.0830000000000268" classname="rmpt01" name="rmpt01_fails_on_incomlete_data"/>
    <testcase time="0.0479999999999734" classname="rmpt01" name="rmpt01_fails_on_incomlete_data"/>
  </testsuite>
  <testsuite name="rspt01" timestamp="2023-06-08T14:44:43Z" hostname="8f50e1ee41a2" tests="15" skipped="7" failures="0" errors="0" time="5.12">
    <testcase time="0.0270000000000152" classname="rspt01" name="rspt01_works_as_expected"/>
    <testcase time="0.503999999999991" classname="rspt01" name="rspt01_works_as_expected"/>
    <testcase time="0.302999999999997" classname="rspt01" name="rspt01_works_as_expected">
      <skipped message="Reason: On CRAN ('test-rspt01.R:5:3')"/>
    </testcase>
    <testcase time="0.435000000000002" classname="rspt01" name="rspt01_works_as_expected_for_stratified_and_unstratified_analysis"/>
    <testcase time="0.361000000000018" classname="rspt01" name="rspt01_works_as_expected_for_stratified_and_unstratified_analysis">
      <skipped message="Reason: On CRAN ('test-rspt01.R:17:3')"/>
    </testcase>
    <testcase time="0.364999999999981" classname="rspt01" name="rspt01_works_as_expected_for_unstratified_analysis_only"/>
    <testcase time="0.295999999999992" classname="rspt01" name="rspt01_works_as_expected_for_unstratified_analysis_only">
      <skipped message="Reason: On CRAN ('test-rspt01.R:36:3')"/>
    </testcase>
    <testcase time="0.379000000000019" classname="rspt01" name="rspt01_works_as_expected_for_stratified_analysis_only"/>
    <testcase time="0.295999999999992" classname="rspt01" name="rspt01_works_as_expected_for_stratified_analysis_only">
      <skipped message="Reason: On CRAN ('test-rspt01.R:55:3')"/>
    </testcase>
    <testcase time="0.407999999999987" classname="rspt01" name="rspt01_works_if_change_reference_group"/>
    <testcase time="0.310000000000002" classname="rspt01" name="rspt01_works_if_change_reference_group">
      <skipped message="Reason: On CRAN ('test-rspt01.R:74:3')"/>
    </testcase>
    <testcase time="0.40900000000002" classname="rspt01" name="rspt01_works_if_change_statistic_methods"/>
    <testcase time="0.310999999999979" classname="rspt01" name="rspt01_works_if_change_statistic_methods">
      <skipped message="Reason: On CRAN ('test-rspt01.R:97:3')"/>
    </testcase>
    <testcase time="0.405000000000001" classname="rspt01" name="rspt01_works_if_change_confidence_interval"/>
    <testcase time="0.311000000000007" classname="rspt01" name="rspt01_works_if_change_confidence_interval">
      <skipped message="Reason: On CRAN ('test-rspt01.R:123:3')"/>
    </testcase>
  </testsuite>
  <testsuite name="ttet01" timestamp="2023-06-08T14:44:48Z" hostname="8f50e1ee41a2" tests="9" skipped="4" failures="0" errors="0" time="4.182">
    <testcase time="0.0349999999999966" classname="ttet01" name="ttet01_works_as_expected"/>
    <testcase time="0.65100000000001" classname="ttet01" name="ttet01_works_as_expected"/>
    <testcase time="0.525000000000006" classname="ttet01" name="ttet01_works_as_expected">
      <skipped message="Reason: On CRAN ('test-ttet01.R:5:3')"/>
    </testcase>
    <testcase time="0.49199999999999" classname="ttet01" name="ttet01_works_as_expected_for_stratified_and_unstratified_analysis"/>
    <testcase time="0.485000000000014" classname="ttet01" name="ttet01_works_as_expected_for_stratified_and_unstratified_analysis">
      <skipped message="Reason: On CRAN ('test-ttet01.R:14:3')"/>
    </testcase>
    <testcase time="0.518999999999977" classname="ttet01" name="ttet01_works_as_expected_for_stratified_analysis_only"/>
    <testcase time="0.473000000000013" classname="ttet01" name="ttet01_works_as_expected_for_stratified_analysis_only">
      <skipped message="Reason: On CRAN ('test-ttet01.R:30:3')"/>
    </testcase>
    <testcase time="0.512" classname="ttet01" name="ttet01_works_if_change_reference_group"/>
    <testcase time="0.490000000000009" classname="ttet01" name="ttet01_works_if_change_reference_group">
      <skipped message="Reason: On CRAN ('test-ttet01.R:46:3')"/>
    </testcase>
  </testsuite>
  <testsuite name="utils" timestamp="2023-06-08T14:44:53Z" hostname="8f50e1ee41a2" tests="50" skipped="0" failures="0" errors="0" time="0.335">
    <testcase time="0.0309999999999775" classname="utils" name="h_format_dec_works_as_exected"/>
    <testcase time="0.007000000000005" classname="utils" name="h_format_dec_works_as_exected"/>
    <testcase time="0.00300000000001432" classname="utils" name="h_format_dec_works_as_exected"/>
    <testcase time="0.00600000000000023" classname="utils" name="h_format_dec_works_as_exected"/>
    <testcase time="0.0029999999999859" classname="utils" name="h_format_dec_works_as_exected"/>
    <testcase time="0.00499999999999545" classname="utils" name="h_format_dec_works_as_exected"/>
    <testcase time="0.00200000000000955" classname="utils" name="h_format_dec_works_as_exected"/>
    <testcase time="0.00600000000000023" classname="utils" name="h_format_dec_works_as_exected"/>
    <testcase time="0.00200000000000955" classname="utils" name="h_format_dec_works_as_exected"/>
    <testcase time="0.00499999999999545" classname="utils" name="h_format_dec_works_as_exected"/>
    <testcase time="0.0029999999999859" classname="utils" name="h_format_dec_works_as_exected"/>
    <testcase time="0.00499999999999545" classname="utils" name="h_format_dec_works_as_exected"/>
    <testcase time="0.00900000000001455" classname="utils" name="h_format_dec_works_as_expected_with_more_than_one_value"/>
    <testcase time="0.00499999999999545" classname="utils" name="h_format_dec_works_as_expected_with_more_than_one_value"/>
    <testcase time="0.00800000000000978" classname="utils" name="h_format_dec_works_returns_null_with_NA_format"/>
    <testcase time="0.00899999999998613" classname="utils" name="h_format_dec_works_as_expected_with_NA_digits"/>
    <testcase time="0.00800000000000978" classname="utils" name="h_format_dec_works_as_expected_with_NA_digits"/>
    <testcase time="0.00899999999998613" classname="utils" name="fuse_sequentially_works"/>
    <testcase time="0.00500000000002387" classname="utils" name="fuse_sequentially_works"/>
    <testcase time="0.00699999999997658" classname="utils" name="grob_list_works"/>
    <testcase time="0.00200000000000955" classname="utils" name="grob_list_works"/>
    <testcase time="0.00499999999999545" classname="utils" name="grob_list_works"/>
    <testcase time="0.00499999999999545" classname="utils" name="grob_list_works"/>
    <testcase time="0.0169999999999959" classname="utils" name="ifneeded_split_row_works_as_expected"/>
    <testcase time="0.0100000000000193" classname="utils" name="ifneeded_split_row_works_as_expected"/>
    <testcase time="0.007000000000005" classname="utils" name="droplevels.character_works_as_expected"/>
    <testcase time="0.00499999999999545" classname="utils" name="droplevels.character_works_as_expected"/>
    <testcase time="0.007000000000005" classname="utils" name="lvls.character_works_as_expected"/>
    <testcase time="0.00499999999999545" classname="utils" name="lvls.character_works_as_expected"/>
    <testcase time="0.007000000000005" classname="utils" name="lvls.factor_works_as_expected"/>
    <testcase time="0.00499999999999545" classname="utils" name="lvls.factor_works_as_expected"/>
    <testcase time="0.007000000000005" classname="utils" name="lvls.default_works_as_expected"/>
    <testcase time="0.00499999999999545" classname="utils" name="lvls.default_works_as_expected"/>
    <testcase time="0.00600000000000023" classname="utils" name="quote_str_works_as_expected"/>
    <testcase time="0.00499999999999545" classname="utils" name="quote_str_works_as_expected"/>
    <testcase time="0.007000000000005" classname="utils" name="quote_str_works_as_expected"/>
    <testcase time="0.007000000000005" classname="utils" name="modify_default_args_works_as_expected"/>
    <testcase time="0.00600000000000023" classname="utils" name="modify_default_args_works_as_expected"/>
    <testcase time="0.00699999999997658" classname="utils" name="execute_with_args_works_as_expected"/>
    <testcase time="0.0180000000000007" classname="utils" name="execute_with_args_works_as_expected"/>
    <testcase time="0.0040000000000191" classname="utils" name="execute_with_args_works_as_expected"/>
    <testcase time="0.00699999999997658" classname="utils" name="execute_with_args_works_as_expected"/>
    <testcase time="0.0040000000000191" classname="utils" name="execute_with_args_works_as_expected"/>
    <testcase time="0.007000000000005" classname="utils" name="execute_with_args_works_as_expected"/>
    <testcase time="0.00399999999999068" classname="utils" name="execute_with_args_works_as_expected"/>
    <testcase time="0.00800000000000978" classname="utils" name="execute_with_args_works_as_expected"/>
    <testcase time="0.00399999999999068" classname="utils" name="execute_with_args_works_as_expected"/>
    <testcase time="0.007000000000005" classname="utils" name="execute_with_args_works_as_expected"/>
    <testcase time="0.00399999999999068" classname="utils" name="execute_with_args_works_as_expected"/>
    <testcase time="0.00499999999999545" classname="utils" name="execute_with_args_works_as_expected"/>
  </testsuite>
  <testsuite name="vst01" timestamp="2023-06-08T14:44:53Z" hostname="8f50e1ee41a2" tests="3" skipped="2" failures="0" errors="0" time="9.259">
    <testcase time="4.61600000000001" classname="vst01" name="vst01_functions_with_default_argument_value_return_expected_result_with_test_data">
      <skipped message="Reason: On CRAN ('test-vst01.R:7:3')"/>
    </testcase>
    <testcase time="3.47099999999998" classname="vst01" name="run_vst01_works_as_expected"/>
    <testcase time="1.17200000000003" classname="vst01" name="run_vst01_works_as_expected">
      <skipped message="Reason: On CRAN ('test-vst01.R:14:3')"/>
    </testcase>
  </testsuite>
  <testsuite name="vst02" timestamp="2023-06-08T14:45:02Z" hostname="8f50e1ee41a2" tests="2" skipped="2" failures="0" errors="0" time="1.342">
    <testcase time="0.675999999999988" classname="vst02" name="vst02_functions_with_default_argument_value_return_expected_result_with_test_data">
      <skipped message="Reason: On CRAN ('test-vst02.R:7:3')"/>
    </testcase>
    <testcase time="0.665999999999997" classname="vst02" name="vst02_functions_return_expected_result_with_test_data_when_excluding_subject_with_baseline_abnormality">
      <skipped message="Reason: On CRAN ('test-vst02.R:14:3')"/>
    </testcase>
  </testsuite>
</testsuites>
