<?xml version="1.0" encoding="UTF-8"?>
<testsuites>
  <testsuite name="ael01_nollt" timestamp="2025-02-19T17:22:18Z" hostname="fa82aa43371e" tests="14" skipped="0" failures="0" errors="0" time="1.184">
    <testcase time="0.0619999999999998" classname="ael01_nollt" name="ael01_nollt_works_with_admh_dataset"/>
    <testcase time="0.262" classname="ael01_nollt" name="ael01_nollt_works_with_admh_dataset"/>
    <testcase time="0.0309999999999997" classname="ael01_nollt" name="ael01_nollt_works_with_non_default_label"/>
    <testcase time="0.219" classname="ael01_nollt" name="ael01_nollt_works_with_non_default_label"/>
    <testcase time="0.0349999999999997" classname="ael01_nollt" name="ael01_nollt_can_handle_all_missing_values"/>
    <testcase time="0.0800000000000001" classname="ael01_nollt" name="ael01_nollt_can_handle_all_missing_values"/>
    <testcase time="0.0289999999999999" classname="ael01_nollt" name="ael01_nollt_can_handle_some_missing_values"/>
    <testcase time="0.132" classname="ael01_nollt" name="ael01_nollt_can_handle_some_missing_values"/>
    <testcase time="0.0230000000000001" classname="ael01_nollt" name="ael01_nollt_listing_can_be_split_by_an_additional_variable"/>
    <testcase time="0.00199999999999978" classname="ael01_nollt" name="ael01_nollt_listing_can_be_split_by_an_additional_variable"/>
    <testcase time="0.167" classname="ael01_nollt" name="ael01_nollt_listing_can_be_split_by_an_additional_variable"/>
    <testcase time="0.0230000000000001" classname="ael01_nollt" name="split_ael01_nollt_listing_do_not_display_missing_values"/>
    <testcase time="0.00199999999999978" classname="ael01_nollt" name="split_ael01_nollt_listing_do_not_display_missing_values"/>
    <testcase time="0.117" classname="ael01_nollt" name="split_ael01_nollt_listing_do_not_display_missing_values"/>
  </testsuite>
  <testsuite name="ael02" timestamp="2025-02-19T17:22:19Z" hostname="fa82aa43371e" tests="9" skipped="0" failures="0" errors="0" time="2.711">
    <testcase time="0.0590000000000002" classname="ael02" name="ael02_works_with_adae_dataset"/>
    <testcase time="0.00099999999999989" classname="ael02" name="ael02_works_with_adae_dataset"/>
    <testcase time="0.849" classname="ael02" name="ael02_works_with_adae_dataset"/>
    <testcase time="0.0399999999999996" classname="ael02" name="ael02_can_handle_all_missing_values"/>
    <testcase time="0.00100000000000033" classname="ael02" name="ael02_can_handle_all_missing_values"/>
    <testcase time="0.879" classname="ael02" name="ael02_can_handle_all_missing_values"/>
    <testcase time="0.04" classname="ael02" name="ael02_functions_work_as_expected"/>
    <testcase time="0.00100000000000033" classname="ael02" name="ael02_functions_work_as_expected"/>
    <testcase time="0.841" classname="ael02" name="ael02_functions_work_as_expected"/>
  </testsuite>
  <testsuite name="ael03" timestamp="2025-02-19T17:22:22Z" hostname="fa82aa43371e" tests="9" skipped="0" failures="0" errors="0" time="2.752">
    <testcase time="0.0579999999999998" classname="ael03" name="ael03_works_with_adae_dataset"/>
    <testcase time="0.000999999999999446" classname="ael03" name="ael03_works_with_adae_dataset"/>
    <testcase time="0.874000000000001" classname="ael03" name="ael03_works_with_adae_dataset"/>
    <testcase time="0.0419999999999998" classname="ael03" name="ael03_can_handle_all_missing_values"/>
    <testcase time="0.000999999999999446" classname="ael03" name="ael03_can_handle_all_missing_values"/>
    <testcase time="0.884" classname="ael03" name="ael03_can_handle_all_missing_values"/>
    <testcase time="0.0469999999999997" classname="ael03" name="ael03_functions_work_as_expected"/>
    <testcase time="0.00100000000000033" classname="ael03" name="ael03_functions_work_as_expected"/>
    <testcase time="0.844" classname="ael03" name="ael03_functions_work_as_expected"/>
  </testsuite>
  <testsuite name="aet01" timestamp="2025-02-19T17:22:25Z" hostname="fa82aa43371e" tests="13" skipped="0" failures="0" errors="0" time="3.297">
    <testcase time="0.395999999999999" classname="aet01" name="aet01_can_handle_all_NA_values"/>
    <testcase time="0.278" classname="aet01" name="aet01_can_handle_all_NA_values"/>
    <testcase time="0.281000000000001" classname="aet01" name="aet01_can_handle_all_NA_values"/>
    <testcase time="0.221" classname="aet01" name="aet01_can_handle_all_NA_values"/>
    <testcase time="0.26" classname="aet01" name="aet01_can_handle_some_NA_values"/>
    <testcase time="0.279999999999999" classname="aet01" name="aet01_can_handle_some_NA_values"/>
    <testcase time="0.207000000000001" classname="aet01" name="aet01_can_use_custom_anl_vars"/>
    <testcase time="0.334999999999999" classname="aet01" name="aet01_can_use_custom_anl_vars"/>
    <testcase time="0.0579999999999998" classname="aet01" name="aet01_fails_on_incomplete_data_input"/>
    <testcase time="0.281000000000001" classname="aet01" name="aet01_can_use_custom_medconcept_var"/>
    <testcase time="0.282" classname="aet01" name="aet01_can_use_custom_medconcept_var"/>
    <testcase time="0.182" classname="aet01" name="aet01_can_conditionally_show_the_number_of_withdrawal"/>
    <testcase time="0.236000000000001" classname="aet01" name="aet01_can_conditionally_show_the_number_of_withdrawal"/>
  </testsuite>
  <testsuite name="aet01_aesi" timestamp="2025-02-19T17:22:28Z" hostname="fa82aa43371e" tests="9" skipped="0" failures="0" errors="0" time="1.966">
    <testcase time="0.203999999999999" classname="aet01_aesi" name="aet01_aesi_can_handle_all_NA_values"/>
    <testcase time="0.247" classname="aet01_aesi" name="aet01_aesi_can_handle_all_NA_values"/>
    <testcase time="0.187000000000001" classname="aet01_aesi" name="aet01_aesi_can_handle_all_NA_values"/>
    <testcase time="0.209" classname="aet01_aesi" name="aet01_aesi_can_handle_all_NA_values"/>
    <testcase time="0.185" classname="aet01_aesi" name="aet01_aesi_can_handle_some_NA_values"/>
    <testcase time="0.250999999999999" classname="aet01_aesi" name="aet01_aesi_can_handle_some_NA_values"/>
    <testcase time="0.257999999999999" classname="aet01_aesi" name="aet01_aesi_works_with_ALL_argument"/>
    <testcase time="0.376000000000001" classname="aet01_aesi" name="aet01_aesi_works_with_ALL_argument"/>
    <testcase time="0.0489999999999995" classname="aet01_aesi" name="aet01_aesi_check_fails_on_incomplete_data_input"/>
  </testsuite>
  <testsuite name="aet02" timestamp="2025-02-19T17:22:30Z" hostname="fa82aa43371e" tests="4" skipped="0" failures="0" errors="0" time="2.414">
    <testcase time="0.052999999999999" classname="aet02" name="aet02_fails_on_incomplete_data_input"/>
    <testcase time="0.118" classname="aet02" name="aet02_handle_empty_data_input"/>
    <testcase time="1.491" classname="aet02" name="aet02_can_have_different_levels_of_row_split"/>
    <testcase time="0.751999999999999" classname="aet02" name="aet02_can_have_different_levels_of_row_split"/>
  </testsuite>
  <testsuite name="aet03" timestamp="2025-02-19T17:22:33Z" hostname="fa82aa43371e" tests="4" skipped="0" failures="0" errors="0" time="2.516">
    <testcase time="0.266999999999999" classname="aet03" name="aet03_can_handle_NA_values"/>
    <testcase time="0.252000000000002" classname="aet03" name="aet03_can_handle_NA_values"/>
    <testcase time="1.272" classname="aet03" name="aet03_can_handle_some_NA_values"/>
    <testcase time="0.725000000000001" classname="aet03" name="aet03_can_handle_some_NA_values"/>
  </testsuite>
  <testsuite name="aet04" timestamp="2025-02-19T17:22:35Z" hostname="fa82aa43371e" tests="12" skipped="0" failures="0" errors="0" time="11.323">
    <testcase time="0.416999999999998" classname="aet04" name="aet04_can_handle_NA_values"/>
    <testcase time="0.407" classname="aet04" name="aet04_can_handle_NA_values"/>
    <testcase time="0.411999999999999" classname="aet04" name="aet04_can_handle_NA_values"/>
    <testcase time="0.00400000000000134" classname="aet04" name="aet04_can_handle_NA_values"/>
    <testcase time="0.402999999999999" classname="aet04" name="aet04_can_handle_NA_values"/>
    <testcase time="0.409000000000002" classname="aet04" name="aet04_can_handle_NA_values"/>
    <testcase time="2.286" classname="aet04" name="aet04_can_handle_some_NA_values"/>
    <testcase time="1.129" classname="aet04" name="aet04_can_handle_some_NA_values"/>
    <testcase time="2.297" classname="aet04" name="aet04_can_handle_some_NA_values"/>
    <testcase time="0.00500000000000256" classname="aet04" name="aet04_can_handle_some_NA_values"/>
    <testcase time="2.341" classname="aet04" name="aet04_can_handle_some_NA_values"/>
    <testcase time="1.213" classname="aet04" name="aet04_can_handle_some_NA_values"/>
  </testsuite>
  <testsuite name="aet05" timestamp="2025-02-19T17:22:46Z" hostname="fa82aa43371e" tests="6" skipped="0" failures="0" errors="0" time="1.247">
    <testcase time="0.148" classname="aet05" name="aet05_can_handle_NA_values"/>
    <testcase time="0.259" classname="aet05" name="aet05_can_handle_NA_values"/>
    <testcase time="0.134" classname="aet05" name="aet05_can_handle_some_NA_values"/>
    <testcase time="0.286999999999999" classname="aet05" name="aet05_can_handle_some_NA_values"/>
    <testcase time="0.140000000000001" classname="aet05" name="aet05_can_handle_some_NA_values"/>
    <testcase time="0.279" classname="aet05" name="aet05_can_handle_some_NA_values"/>
  </testsuite>
  <testsuite name="aet05_all" timestamp="2025-02-19T17:22:48Z" hostname="fa82aa43371e" tests="6" skipped="0" failures="0" errors="0" time="1.264">
    <testcase time="0.156000000000002" classname="aet05_all" name="aet05_all_can_handle_NA_values"/>
    <testcase time="0.250999999999998" classname="aet05_all" name="aet05_all_can_handle_NA_values"/>
    <testcase time="0.151" classname="aet05_all" name="aet05_all_can_handle_some_NA_values"/>
    <testcase time="0.287000000000003" classname="aet05_all" name="aet05_all_can_handle_some_NA_values"/>
    <testcase time="0.134" classname="aet05_all" name="aet05_all_can_handle_some_NA_values"/>
    <testcase time="0.284999999999997" classname="aet05_all" name="aet05_all_can_handle_some_NA_values"/>
  </testsuite>
  <testsuite name="aet10" timestamp="2025-02-19T17:22:49Z" hostname="fa82aa43371e" tests="4" skipped="0" failures="0" errors="0" time="0.537">
    <testcase time="0.0720000000000027" classname="aet10" name="aet10_can_handle_NA_values"/>
    <testcase time="0.128" classname="aet10" name="aet10_can_handle_NA_values"/>
    <testcase time="0.103000000000002" classname="aet10" name="aet10_can_handle_some_NA_values"/>
    <testcase time="0.233999999999995" classname="aet10" name="aet10_can_handle_some_NA_values"/>
  </testsuite>
  <testsuite name="assertions" timestamp="2025-02-19T17:22:50Z" hostname="fa82aa43371e" tests="33" skipped="0" failures="0" errors="0" time="0.153">
    <testcase time="0.00900000000000034" classname="assertions" name="assert_valid_var.character_works_as_expected"/>
    <testcase time="0.00500000000000256" classname="assertions" name="assert_valid_var.character_works_as_expected"/>
    <testcase time="0.00399999999999778" classname="assertions" name="assert_valid_var.character_works_as_expected"/>
    <testcase time="0.00500000000000256" classname="assertions" name="assert_valid_var.character_works_as_expected"/>
    <testcase time="0.000999999999997669" classname="assertions" name="assert_valid_var.character_works_as_expected"/>
    <testcase time="0.00500000000000256" classname="assertions" name="assert_valid_var.factor_works_as_expected"/>
    <testcase time="0.00500000000000256" classname="assertions" name="assert_valid_var.factor_works_as_expected"/>
    <testcase time="0.00499999999999545" classname="assertions" name="assert_valid_var.factor_works_as_expected"/>
    <testcase time="0.00399999999999778" classname="assertions" name="assert_valid_var.factor_works_as_expected"/>
    <testcase time="0.00200000000000244" classname="assertions" name="assert_valid_var.factor_works_as_expected"/>
    <testcase time="0.00500000000000256" classname="assertions" name="assert_valid_var.logical_works_as_expected"/>
    <testcase time="0.00499999999999545" classname="assertions" name="assert_valid_var.logical_works_as_expected"/>
    <testcase time="0.00500000000000256" classname="assertions" name="assert_valid_var.logical_works_as_expected"/>
    <testcase time="0.000999999999997669" classname="assertions" name="assert_valid_var.logical_works_as_expected"/>
    <testcase time="0.00500000000000256" classname="assertions" name="assert_valid_var.numeric_works_as_expected"/>
    <testcase time="0.00500000000000256" classname="assertions" name="assert_valid_var.numeric_works_as_expected"/>
    <testcase time="0.00499999999999545" classname="assertions" name="assert_valid_var.numeric_works_as_expected"/>
    <testcase time="0.00200000000000244" classname="assertions" name="assert_valid_var.numeric_works_as_expected"/>
    <testcase time="0.00399999999999778" classname="assertions" name="assert_valid_var.numeric_works_as_expected"/>
    <testcase time="0.00200000000000244" classname="assertions" name="assert_valid_var.numeric_works_as_expected"/>
    <testcase time="0.00900000000000034" classname="assertions" name="assert_valid_var.POSIXct_works_as_expected"/>
    <testcase time="0.00900000000000034" classname="assertions" name="assert_valid_var.POSIXct_works_as_expected"/>
    <testcase time="0.00499999999999545" classname="assertions" name="assert_valid_variable_works_as_expected"/>
    <testcase time="0.00200000000000244" classname="assertions" name="assert_valid_variable_works_as_expected"/>
    <testcase time="0.0069999999999979" classname="assertions" name="assert_valid_variable_works_as_expected"/>
    <testcase time="0.00200000000000244" classname="assertions" name="assert_valid_variable_works_as_expected"/>
    <testcase time="0.00600000000000023" classname="assertions" name="assert_valid_variable_works_as_expected"/>
    <testcase time="0.00200000000000244" classname="assertions" name="assert_valid_variable_works_as_expected"/>
    <testcase time="0.00600000000000023" classname="assertions" name="assert_valid_var_pair_works_as_expected_with_character"/>
    <testcase time="0.00499999999999545" classname="assertions" name="assert_valid_var_pair_works_as_expected_with_character"/>
    <testcase time="0.00600000000000023" classname="assertions" name="assert_valid_var_pair_works_as_expected_with_factor"/>
    <testcase time="0.00500000000000256" classname="assertions" name="assert_valid_var_pair_works_as_expected_with_factor"/>
    <testcase time="0.00500000000000256" classname="assertions" name="assert_valid_var_pair_works_as_expected_with_factor"/>
  </testsuite>
  <testsuite name="cfbt01" timestamp="2025-02-19T17:22:50Z" hostname="fa82aa43371e" tests="3" skipped="0" failures="0" errors="0" time="8.931">
    <testcase time="6.66" classname="cfbt01" name="cfbt01_functions_with_default_argument_value_return_expected_result_with_test_data"/>
    <testcase time="0.753" classname="cfbt01" name="cfbt01_can_handle_n_0_and_outputs_NE_instead_of_infs_and_NAs"/>
    <testcase time="1.518" classname="cfbt01" name="cfbt01_can_handle_n_0_and_outputs_NE_instead_of_infs_and_NAs"/>
  </testsuite>
  <testsuite name="checks" timestamp="2025-02-19T17:22:59Z" hostname="fa82aa43371e" tests="8" skipped="0" failures="0" errors="0" time="0.026">
    <testcase time="0.00800000000000267" classname="checks" name="check_all_colnames_works_as_expected"/>
    <testcase time="0.00300000000000011" classname="checks" name="check_all_colnames_works_as_expected"/>
    <testcase time="0.000999999999997669" classname="checks" name="check_all_colnames_works_as_expected"/>
    <testcase time="0.00300000000000011" classname="checks" name="check_all_colnames_works_as_expected"/>
    <testcase time="0.00499999999999545" classname="checks" name="check_one_colnames_works_as_expected"/>
    <testcase time="0.00200000000000244" classname="checks" name="check_one_colnames_works_as_expected"/>
    <testcase time="0.00200000000000244" classname="checks" name="check_one_colnames_works_as_expected"/>
    <testcase time="0.00199999999999534" classname="checks" name="check_one_colnames_works_as_expected"/>
  </testsuite>
  <testsuite name="chevron_tlg-class" timestamp="2025-02-19T17:22:59Z" hostname="fa82aa43371e" tests="27" skipped="0" failures="0" errors="0" time="0.088">
    <testcase time="0.00900000000000034" classname="chevron_tlg_class" name="chevron_t_object_can_be_constructed_with_default_values"/>
    <testcase time="0.00300000000000011" classname="chevron_tlg_class" name="chevron_t_object_can_be_constructed_with_default_values"/>
    <testcase time="0.00500000000000256" classname="chevron_tlg_class" name="chevron_t_object_can_be_constructed_with_custom_values"/>
    <testcase time="0.00300000000000011" classname="chevron_tlg_class" name="chevron_t_object_can_be_constructed_with_custom_values"/>
    <testcase time="0.00200000000000244" classname="chevron_tlg_class" name="chevron_t_object_can_be_constructed_with_custom_values"/>
    <testcase time="0.00300000000000011" classname="chevron_tlg_class" name="chevron_t_object_can_be_constructed_with_custom_values"/>
    <testcase time="0.00499999999999545" classname="chevron_tlg_class" name="chevron_t_constructor_returns_an_error_when_expected"/>
    <testcase time="0.00200000000000244" classname="chevron_tlg_class" name="chevron_t_constructor_returns_an_error_when_expected"/>
    <testcase time="0.000999999999997669" classname="chevron_tlg_class" name="chevron_t_constructor_returns_an_error_when_expected"/>
    <testcase time="0.00100000000000477" classname="chevron_tlg_class" name="chevron_t_constructor_returns_an_error_when_expected"/>
    <testcase time="0.000999999999997669" classname="chevron_tlg_class" name="chevron_t_constructor_returns_an_error_when_expected"/>
    <testcase time="0.000999999999997669" classname="chevron_tlg_class" name="chevron_t_constructor_returns_an_error_when_expected"/>
    <testcase time="0.00600000000000023" classname="chevron_tlg_class" name="chevron_l_object_can_be_constructed_with_default_values"/>
    <testcase time="0.00300000000000011" classname="chevron_tlg_class" name="chevron_l_object_can_be_constructed_with_default_values"/>
    <testcase time="0.00500000000000256" classname="chevron_tlg_class" name="chevron_g_object_can_be_constructed_with_custom_values"/>
    <testcase time="0.00300000000000011" classname="chevron_tlg_class" name="chevron_g_object_can_be_constructed_with_custom_values"/>
    <testcase time="0.00199999999999534" classname="chevron_tlg_class" name="chevron_g_object_can_be_constructed_with_custom_values"/>
    <testcase time="0.00300000000000011" classname="chevron_tlg_class" name="chevron_g_object_can_be_constructed_with_custom_values"/>
    <testcase time="0.00600000000000023" classname="chevron_tlg_class" name="chevron_g_constructor_returns_an_error_when_expected"/>
    <testcase time="0.00100000000000477" classname="chevron_tlg_class" name="chevron_g_constructor_returns_an_error_when_expected"/>
    <testcase time="0.000999999999997669" classname="chevron_tlg_class" name="chevron_g_constructor_returns_an_error_when_expected"/>
    <testcase time="0.000999999999997669" classname="chevron_tlg_class" name="chevron_g_constructor_returns_an_error_when_expected"/>
    <testcase time="0.00100000000000477" classname="chevron_tlg_class" name="chevron_g_constructor_returns_an_error_when_expected"/>
    <testcase time="0.000999999999997669" classname="chevron_tlg_class" name="chevron_g_constructor_returns_an_error_when_expected"/>
    <testcase time="0.0069999999999979" classname="chevron_tlg_class" name="chevron_simple_works_correctly"/>
    <testcase time="0.00200000000000244" classname="chevron_tlg_class" name="chevron_simple_works_correctly"/>
    <testcase time="0.00999999999999801" classname="chevron_tlg_class" name="chevron_simple_errors_if_contains_return"/>
  </testsuite>
  <testsuite name="chevron_tlg-methods" timestamp="2025-02-19T17:22:59Z" hostname="fa82aa43371e" tests="59" skipped="1" failures="0" errors="0" time="9.83">
    <testcase time="1.046" classname="chevron_tlg_methods" name="run_works_as_expected_for_chevron_t_object"/>
    <testcase time="0.583000000000006" classname="chevron_tlg_methods" name="run_works_as_expected_for_chevron_t_object"/>
    <testcase time="0.582999999999998" classname="chevron_tlg_methods" name="run_works_as_expected_for_chevron_t_object_when_auto_pre_FALSE"/>
    <testcase time="0.327999999999996" classname="chevron_tlg_methods" name="run_works_as_expected_with_argument_printed"/>
    <testcase time="0.268000000000001" classname="chevron_tlg_methods" name="run_works_as_expected_with_argument_printed"/>
    <testcase time="0.423000000000002" classname="chevron_tlg_methods" name="run_works_as_expected_with_argument_printed_if_the_user_argument_is_complicated"/>
    <testcase time="0.375" classname="chevron_tlg_methods" name="run_works_as_expected_with_argument_printed_if_the_user_argument_is_complicated"/>
    <testcase time="0.411000000000001" classname="chevron_tlg_methods" name="run_uses_the_argument_passed_through_the_ellipsis_in_priority"/>
    <testcase time="0.359000000000002" classname="chevron_tlg_methods" name="run_uses_the_argument_passed_through_the_ellipsis_in_priority"/>
    <testcase time="0.309999999999995" classname="chevron_tlg_methods" name="run_works_as_expected_with_partial_match_argument"/>
    <testcase time="0.266000000000005" classname="chevron_tlg_methods" name="run_works_as_expected_with_partial_match_argument"/>
    <testcase time="0.417999999999999" classname="chevron_tlg_methods" name="run_displays_the_symbols_when_available"/>
    <testcase time="0.359999999999999" classname="chevron_tlg_methods" name="run_displays_the_symbols_when_available"/>
    <testcase time="0.302999999999997" classname="chevron_tlg_methods" name="run_print_internal_functions_when_unwrap_is_TRUE"/>
    <testcase time="0.000999999999997669" classname="chevron_tlg_methods" name="run_print_internal_functions_when_unwrap_is_TRUE"/>
    <testcase time="0.00200000000000244" classname="chevron_tlg_methods" name="run_print_internal_functions_when_unwrap_is_TRUE"/>
    <testcase time="0.0230000000000032" classname="chevron_tlg_methods" name="run_print_internal_functions_when_unwrap_is_TRUE"/>
    <testcase time="1.19" classname="chevron_tlg_methods" name="run_print_internal_functions_when_unwrap_is_TRUE_and_standard_chevron_tlg_has_no_layout"/>
    <testcase time="0.00999999999999801" classname="chevron_tlg_methods" name="run_print_internal_functions_when_unwrap_is_TRUE_and_the_chevron_tlg_object_is_customized"/>
    <testcase time="0.00100000000000477" classname="chevron_tlg_methods" name="run_print_internal_functions_when_unwrap_is_TRUE_and_the_chevron_tlg_object_is_customized"/>
    <testcase time="0.000999999999997669" classname="chevron_tlg_methods" name="run_print_internal_functions_when_unwrap_is_TRUE_and_the_chevron_tlg_object_is_customized"/>
    <testcase time="0.0229999999999961" classname="chevron_tlg_methods" name="run_print_internal_functions_when_unwrap_is_TRUE_and_the_chevron_tlg_object_is_customized"/>
    <testcase time="0.00900000000000034" classname="chevron_tlg_methods" name="run_print_main_and_postprocessing_functions_when_unwrap_is_TRUE_and_auto_pre_is_FALSE"/>
    <testcase time="0.00100000000000477" classname="chevron_tlg_methods" name="run_print_main_and_postprocessing_functions_when_unwrap_is_TRUE_and_auto_pre_is_FALSE"/>
    <testcase time="0.000999999999997669" classname="chevron_tlg_methods" name="run_print_main_and_postprocessing_functions_when_unwrap_is_TRUE_and_auto_pre_is_FALSE"/>
    <testcase time="0.00200000000000244" classname="chevron_tlg_methods" name="run_print_main_and_postprocessing_functions_when_unwrap_is_TRUE_and_auto_pre_is_FALSE"/>
    <testcase time="0.0229999999999961" classname="chevron_tlg_methods" name="run_print_main_and_postprocessing_functions_when_unwrap_is_TRUE_and_auto_pre_is_FALSE"/>
    <testcase time="0.00500000000000256" classname="chevron_tlg_methods" name="args_ls_works_as_expected"/>
    <testcase time="0.000999999999997669" classname="chevron_tlg_methods" name="args_ls_works_as_expected"/>
    <testcase time="0.00100000000000477" classname="chevron_tlg_methods" name="args_ls_works_as_expected"/>
    <testcase time="0.00499999999999545" classname="chevron_tlg_methods" name="args_ls_works_as_expected_when_simplify_is_TRUE"/>
    <testcase time="0.00200000000000244" classname="chevron_tlg_methods" name="args_ls_works_as_expected_when_simplify_is_TRUE"/>
    <testcase time="0.000999999999997669" classname="chevron_tlg_methods" name="args_ls_works_as_expected_when_simplify_is_TRUE"/>
    <testcase time="0.00500000000000256" classname="chevron_tlg_methods" name="args_ls_works_as_expected_with_custom_chevron_tlg_object"/>
    <testcase time="0.00200000000000244" classname="chevron_tlg_methods" name="args_ls_works_as_expected_with_custom_chevron_tlg_object"/>
    <testcase time="0.000999999999997669" classname="chevron_tlg_methods" name="args_ls_works_as_expected_with_custom_chevron_tlg_object"/>
    <testcase time="0.00200000000000244" classname="chevron_tlg_methods" name="args_ls_works_as_expected_with_custom_chevron_tlg_object"/>
    <testcase time="0.00999999999999801" classname="chevron_tlg_methods" name="main_works_as_expected"/>
    <testcase time="0.00900000000000034" classname="chevron_tlg_methods" name="main_setter_works_as_expected"/>
    <testcase time="0.0140000000000029" classname="chevron_tlg_methods" name="main_setter_throw_an_error_as_expected"/>
    <testcase time="0.0069999999999979" classname="chevron_tlg_methods" name="preprocess_works_as_expected"/>
    <testcase time="0.0069999999999979" classname="chevron_tlg_methods" name="preprocess_setter_works_as_expected"/>
    <testcase time="0.0100000000000051" classname="chevron_tlg_methods" name="preprocess_sends_an_error_as_expected"/>
    <testcase time="0.00599999999999312" classname="chevron_tlg_methods" name="postprocess_works_as_expected"/>
    <testcase time="0.00600000000000023" classname="chevron_tlg_methods" name="postprocess_setter_works_as_expected"/>
    <testcase time="0.0100000000000051" classname="chevron_tlg_methods" name="postprocess_sends_an_error_as_expected"/>
    <testcase time="0.00499999999999545" classname="chevron_tlg_methods" name="script_funs_works_as_expected_in_interactive_mode">
      <skipped message="Reason: !interactive() is TRUE ('test-chevron_tlg-methods.R:264:3')"/>
    </testcase>
    <testcase time="0.0140000000000029" classname="chevron_tlg_methods" name="script_funs_works_as_expected"/>
    <testcase time="0.000999999999997669" classname="chevron_tlg_methods" name="script_funs_works_as_expected"/>
    <testcase time="2.277" classname="chevron_tlg_methods" name="script_funs_generates_a_valid_script"/>
    <testcase time="0.00200000000000244" classname="chevron_tlg_methods" name="script_funs_generates_a_valid_script"/>
    <testcase time="0.000999999999997669" classname="chevron_tlg_methods" name="script_funs_generates_a_valid_script"/>
    <testcase time="0.00200000000000244" classname="chevron_tlg_methods" name="script_funs_generates_a_valid_script"/>
    <testcase time="0.00199999999999534" classname="chevron_tlg_methods" name="script_funs_generates_a_valid_script"/>
    <testcase time="0.0250000000000057" classname="chevron_tlg_methods" name="script_funs_generates_a_valid_script"/>
    <testcase time="0.0069999999999979" classname="chevron_tlg_methods" name="script_funs_works_for_simple_template"/>
    <testcase time="0.000999999999997669" classname="chevron_tlg_methods" name="script_funs_works_for_simple_template"/>
    <testcase time="0.0420000000000016" classname="chevron_tlg_methods" name="print_list_works"/>
    <testcase time="0.027000000000001" classname="chevron_tlg_methods" name="print_list_works_for_empty_list"/>
  </testsuite>
  <testsuite name="cml02a_gl" timestamp="2025-02-19T17:23:09Z" hostname="fa82aa43371e" tests="6" skipped="0" failures="0" errors="0" time="0.536">
    <testcase time="0.0289999999999964" classname="cml02a_gl" name="cml02a_gl_works_with_adcm_dataset"/>
    <testcase time="0.166000000000004" classname="cml02a_gl" name="cml02a_gl_works_with_adcm_dataset"/>
    <testcase time="0.0230000000000032" classname="cml02a_gl" name="cml02a_gl_works_with_missing_data"/>
    <testcase time="0.128999999999998" classname="cml02a_gl" name="cml02a_gl_works_with_missing_data"/>
    <testcase time="0.0230000000000032" classname="cml02a_gl" name="cml02a_gl_functions_work_as_expected"/>
    <testcase time="0.165999999999997" classname="cml02a_gl" name="cml02a_gl_functions_work_as_expected"/>
  </testsuite>
  <testsuite name="cmt01a" timestamp="2025-02-19T17:23:09Z" hostname="fa82aa43371e" tests="6" skipped="0" failures="0" errors="0" time="3.944">
    <testcase time="1.158" classname="cmt01a" name="cmt01a_functions_with_default_argument_value_return_expected_result_with_test_data"/>
    <testcase time="1.107" classname="cmt01a" name="cmt01a_functions_with_custom_argument_value_return_expected_result_with_test_data"/>
    <testcase time="0.152999999999999" classname="cmt01a" name="cmt01a_can_handle_all_NA_values"/>
    <testcase time="0.179000000000002" classname="cmt01a" name="cmt01a_can_handle_all_NA_values"/>
    <testcase time="0.780000000000001" classname="cmt01a" name="cmt01a_can_handle_some_NA_values"/>
    <testcase time="0.567" classname="cmt01a" name="cmt01a_can_handle_some_NA_values"/>
  </testsuite>
  <testsuite name="cmt02_pt" timestamp="2025-02-19T17:23:13Z" hostname="fa82aa43371e" tests="4" skipped="0" failures="0" errors="0" time="0.592">
    <testcase time="0.100000000000001" classname="cmt02_pt" name="cmt02_pt_can_handle_all_NA_values"/>
    <testcase time="0.132999999999996" classname="cmt02_pt" name="cmt02_pt_can_handle_all_NA_values"/>
    <testcase time="0.139000000000003" classname="cmt02_pt" name="cmt02_pt_can_handle_some_NA_values"/>
    <testcase time="0.219999999999999" classname="cmt02_pt" name="cmt02_pt_can_handle_some_NA_values"/>
  </testsuite>
  <testsuite name="coxt01" timestamp="2025-02-19T17:23:14Z" hostname="fa82aa43371e" tests="9" skipped="0" failures="0" errors="0" time="1.664">
    <testcase time="0.290999999999997" classname="coxt01" name="coxt01_can_handle_some_NA_values"/>
    <testcase time="0.192" classname="coxt01" name="coxt01_can_handle_some_NA_values"/>
    <testcase time="0.239000000000004" classname="coxt01" name="coxt01_can_handle_some_NA_values"/>
    <testcase time="0.189" classname="coxt01" name="coxt01_can_handle_some_NA_values"/>
    <testcase time="0.187999999999995" classname="coxt01" name="coxt01_can_handle_some_NA_values"/>
    <testcase time="0.173999999999999" classname="coxt01" name="coxt01_can_handle_some_NA_values"/>
    <testcase time="0.202000000000005" classname="coxt01" name="coxt01_can_handle_some_NA_values"/>
    <testcase time="0.173999999999999" classname="coxt01" name="coxt01_can_handle_some_NA_values"/>
    <testcase time="0.0150000000000006" classname="coxt01" name="coxt01_fails_on_incomlete_data"/>
  </testsuite>
  <testsuite name="coxt02" timestamp="2025-02-19T17:23:15Z" hostname="fa82aa43371e" tests="9" skipped="0" failures="0" errors="0" time="2.203">
    <testcase time="0.424999999999997" classname="coxt02" name="coxt02_can_handle_some_NA_values"/>
    <testcase time="0.225000000000001" classname="coxt02" name="coxt02_can_handle_some_NA_values"/>
    <testcase time="0.388999999999996" classname="coxt02" name="coxt02_can_handle_some_NA_values"/>
    <testcase time="0.234000000000002" classname="coxt02" name="coxt02_can_handle_some_NA_values"/>
    <testcase time="0.254000000000005" classname="coxt02" name="coxt02_can_handle_some_NA_values"/>
    <testcase time="0.189" classname="coxt02" name="coxt02_can_handle_some_NA_values"/>
    <testcase time="0.281999999999996" classname="coxt02" name="coxt02_can_handle_some_NA_values"/>
    <testcase time="0.189999999999998" classname="coxt02" name="coxt02_can_handle_some_NA_values"/>
    <testcase time="0.0150000000000006" classname="coxt02" name="coxt02_fails_on_incomlete_data"/>
  </testsuite>
  <testsuite name="default_tlg" timestamp="2025-02-19T17:23:17Z" hostname="fa82aa43371e" tests="15" skipped="0" failures="0" errors="0" time="11.528">
    <testcase time="0.155000000000001" classname="default_tlg" name="ael01_nollt_function_with_default_argument_value_return_expected_result_with_test_data"/>
    <testcase time="0.541000000000004" classname="default_tlg" name="aet01_function_with_default_argument_value_return_expected_result_with_test_data"/>
    <testcase time="0.477999999999994" classname="default_tlg" name="aet01_aesi_function_with_default_argument_value_return_expected_result_with_test_data"/>
    <testcase time="0.991" classname="default_tlg" name="aet02_functions_with_default_argument_value_return_expected_result_with_test_data"/>
    <testcase time="2.072" classname="default_tlg" name="aet03_functions_with_default_argument_value_return_expected_result_with_test_data"/>
    <testcase time="3.163" classname="default_tlg" name="aet04_functions_with_default_argument_value_return_expected_result_with_test_data"/>
    <testcase time="0.436999999999998" classname="default_tlg" name="aet05_functions_with_default_argument_value_return_expected_result_with_test_data"/>
    <testcase time="0.438000000000002" classname="default_tlg" name="aet05_all_functions_with_default_argument_value_return_expected_result_with_test_data"/>
    <testcase time="0.317000000000007" classname="default_tlg" name="aet10_functions_with_default_argument_value_return_expected_result_with_test_data"/>
    <testcase time="0.396999999999991" classname="default_tlg" name="cmt02_pt_functions_with_default_argument_value_return_expected_result_with_test_data"/>
    <testcase time="0.501000000000005" classname="default_tlg" name="coxt01_functions_with_default_argument_value_return_expected_result_with_test_data"/>
    <testcase time="0.670000000000002" classname="default_tlg" name="coxt02_functions_with_default_argument_value_return_expected_result_with_test_data"/>
    <testcase time="0.631" classname="default_tlg" name="dmt01_functions_with_default_argument_value_return_expected_result_with_test_data"/>
    <testcase time="0.438000000000002" classname="default_tlg" name="dst01_functions_with_default_argument_value_return_expected_result_with_test_data"/>
    <testcase time="0.298999999999992" classname="default_tlg" name="dtht01_functions_with_default_argument_value_return_expected_result_with_test_data"/>
  </testsuite>
  <testsuite name="dmt01" timestamp="2025-02-19T17:23:29Z" hostname="fa82aa43371e" tests="19" skipped="0" failures="0" errors="0" time="4.586">
    <testcase time="0.206000000000003" classname="dmt01" name="dmt01_can_handle_NA_values"/>
    <testcase time="0.325000000000003" classname="dmt01" name="dmt01_can_handle_NA_values"/>
    <testcase time="0.215000000000003" classname="dmt01" name="dmt01_can_handle_numeric_NA_values"/>
    <testcase time="0.415999999999997" classname="dmt01" name="dmt01_can_handle_numeric_NA_values"/>
    <testcase time="0.0159999999999911" classname="dmt01" name="dmt01_returns_an_error_when_variables_are_of_the_wrong_type"/>
    <testcase time="0.161000000000001" classname="dmt01" name="dmt01_works_as_expected_with_setting_default_precision"/>
    <testcase time="0.326999999999998" classname="dmt01" name="dmt01_works_as_expected_with_setting_default_precision"/>
    <testcase time="0.168000000000006" classname="dmt01" name="dmt01_works_as_expected_with_auto_precision_settings"/>
    <testcase time="0.394999999999996" classname="dmt01" name="dmt01_works_as_expected_with_auto_precision_settings"/>
    <testcase time="0.168000000000006" classname="dmt01" name="dmt01_works_as_expected_with_auto_precision_settings_and_defined_precision"/>
    <testcase time="0.381" classname="dmt01" name="dmt01_works_as_expected_with_auto_precision_settings_and_defined_precision"/>
    <testcase time="0.164000000000001" classname="dmt01" name="dmt01_works_as_expected_with_auto_precision_settings_and_defined_precision_and_default"/>
    <testcase time="0.522999999999996" classname="dmt01" name="dmt01_works_as_expected_with_auto_precision_settings_and_defined_precision_and_default"/>
    <testcase time="0.141000000000005" classname="dmt01" name="dmt01_works_as_expected_with_cutomized_stats_value"/>
    <testcase time="0.265999999999991" classname="dmt01" name="dmt01_works_as_expected_with_cutomized_stats_value"/>
    <testcase time="0.14800000000001" classname="dmt01" name="dmt01_works_as_expected_with_empty_list_as_stats_value"/>
    <testcase time="0.298999999999992" classname="dmt01" name="dmt01_works_as_expected_with_empty_list_as_stats_value"/>
    <testcase time="0.0829999999999984" classname="dmt01" name="dmt01_works_as_expected_with_only_one_summaryvars"/>
    <testcase time="0.183999999999997" classname="dmt01" name="dmt01_works_as_expected_with_only_one_summaryvars"/>
  </testsuite>
  <testsuite name="dst01" timestamp="2025-02-19T17:23:34Z" hostname="fa82aa43371e" tests="14" skipped="0" failures="0" errors="0" time="2.468">
    <testcase time="0.140000000000001" classname="dst01" name="dst01_works_as_expected_when_all_data_are_NA"/>
    <testcase time="0.0730000000000075" classname="dst01" name="dst01_works_as_expected_when_all_data_are_NA"/>
    <testcase time="0.113" classname="dst01" name="dst01_can_handle_all_NA_values_in_DCSREAS"/>
    <testcase time="0.144999999999996" classname="dst01" name="dst01_can_handle_all_NA_values_in_DCSREAS"/>
    <testcase time="0.162000000000006" classname="dst01" name="dst01_can_handle_some_NA_values"/>
    <testcase time="0.218999999999994" classname="dst01" name="dst01_can_handle_some_NA_values"/>
    <testcase time="0.132999999999996" classname="dst01" name="dst01_can_handle_missing_levels_in_status_var"/>
    <testcase time="0.0730000000000075" classname="dst01" name="dst01_can_handle_missing_levels_in_status_var"/>
    <testcase time="0.189999999999998" classname="dst01" name="dst01_can_create_variants"/>
    <testcase time="0.216999999999999" classname="dst01" name="dst01_can_create_variants"/>
    <testcase time="0.216999999999999" classname="dst01" name="dst01_can_create_variants"/>
    <testcase time="0.245000000000005" classname="dst01" name="dst01_can_create_variants"/>
    <testcase time="0.263999999999996" classname="dst01" name="dst01_can_create_variants"/>
    <testcase time="0.277000000000001" classname="dst01" name="dst01_can_create_variants"/>
  </testsuite>
  <testsuite name="dtht01" timestamp="2025-02-19T17:23:36Z" hostname="fa82aa43371e" tests="5" skipped="0" failures="0" errors="0" time="1.415">
    <testcase time="0.103000000000009" classname="dtht01" name="dtht01_can_handle_all_NA_values"/>
    <testcase time="0.168999999999997" classname="dtht01" name="dtht01_can_handle_all_NA_values"/>
    <testcase time="0.230999999999995" classname="dtht01" name="dtht01_can_handle_some_NA_values"/>
    <testcase time="0.347000000000008" classname="dtht01" name="dtht01_can_handle_some_NA_values"/>
    <testcase time="0.564999999999998" classname="dtht01" name="dtht01_can_be_parametrize_as_expected"/>
  </testsuite>
  <testsuite name="egt01" timestamp="2025-02-19T17:23:37Z" hostname="fa82aa43371e" tests="3" skipped="0" failures="0" errors="0" time="6.791">
    <testcase time="3.372" classname="egt01" name="egt01_functions_with_default_argument_value_return_expected_result_with_test_data"/>
    <testcase time="1.298" classname="egt01" name="egt01_can_handle_n_0_and_outputs_NE_instead_of_infs_and_NAs"/>
    <testcase time="2.12100000000001" classname="egt01" name="egt01_can_handle_n_0_and_outputs_NE_instead_of_infs_and_NAs"/>
  </testsuite>
  <testsuite name="egt02" timestamp="2025-02-19T17:23:44Z" hostname="fa82aa43371e" tests="2" skipped="0" failures="0" errors="0" time="0.667">
    <testcase time="0.346999999999994" classname="egt02" name="egt02_1_functions_with_default_argument_value_return_expected_result_with_test_data"/>
    <testcase time="0.319999999999993" classname="egt02" name="egt02_2_functions_with_default_value_return_expected_result_with_test_data"/>
  </testsuite>
  <testsuite name="egt03" timestamp="2025-02-19T17:23:45Z" hostname="fa82aa43371e" tests="5" skipped="0" failures="0" errors="0" time="3.201">
    <testcase time="1.57600000000001" classname="egt03" name="egt03_functions_with_default_argument_value_return_expected_result_with_test_data"/>
    <testcase time="0.0160000000000053" classname="egt03" name="egt03_errors_on_all_NA_values"/>
    <testcase time="0.521999999999991" classname="egt03" name="egt03_can_handle_some_NA_values"/>
    <testcase time="1.071" classname="egt03" name="egt03_can_handle_some_NA_values"/>
    <testcase time="0.0160000000000053" classname="egt03" name="egt03_fails_on_incomplete_data"/>
  </testsuite>
  <testsuite name="egt05_qtcat" timestamp="2025-02-19T17:23:48Z" hostname="fa82aa43371e" tests="4" skipped="0" failures="0" errors="0" time="3.501">
    <testcase time="2.261" classname="egt05_qtcat" name="egt05_qtcat_functions_with_default_argument_value_return_expected_result_with_test_data"/>
    <testcase time="0.0170000000000101" classname="egt05_qtcat" name="egt05_qtcat_erros_on_all_NA_values"/>
    <testcase time="0.403999999999996" classname="egt05_qtcat" name="egt05_qtcat_can_handle_some_NA_values"/>
    <testcase time="0.819000000000003" classname="egt05_qtcat" name="egt05_qtcat_can_handle_some_NA_values"/>
  </testsuite>
  <testsuite name="empty_report" timestamp="2025-02-19T17:23:52Z" hostname="fa82aa43371e" tests="25" skipped="0" failures="0" errors="0" time="2.882">
    <testcase time="0.10799999999999" classname="empty_report" name="tlg_functions_return_null_reports_when_domain_table_is_empty"/>
    <testcase time="0.477000000000004" classname="empty_report" name="tlg_functions_return_null_reports_when_domain_table_is_empty"/>
    <testcase time="0.176000000000002" classname="empty_report" name="tlg_functions_return_null_reports_when_domain_table_is_empty"/>
    <testcase time="0.097999999999999" classname="empty_report" name="tlg_functions_return_null_reports_when_domain_table_is_empty"/>
    <testcase time="0.102000000000004" classname="empty_report" name="tlg_functions_return_null_reports_when_domain_table_is_empty"/>
    <testcase time="0.0660000000000025" classname="empty_report" name="tlg_functions_return_null_reports_when_domain_table_is_empty"/>
    <testcase time="0.097999999999999" classname="empty_report" name="tlg_functions_return_null_reports_when_domain_table_is_empty"/>
    <testcase time="0.143000000000001" classname="empty_report" name="tlg_functions_return_null_reports_when_domain_table_is_empty"/>
    <testcase time="0.162999999999997" classname="empty_report" name="tlg_functions_return_null_reports_when_domain_table_is_empty"/>
    <testcase time="0.0789999999999935" classname="empty_report" name="tlg_functions_return_null_reports_when_domain_table_is_empty"/>
    <testcase time="0.097999999999999" classname="empty_report" name="tlg_functions_return_null_reports_when_domain_table_is_empty"/>
    <testcase time="0.0500000000000114" classname="empty_report" name="tlg_functions_return_null_reports_when_domain_table_is_empty"/>
    <testcase time="0.0529999999999973" classname="empty_report" name="tlg_functions_return_null_reports_when_domain_table_is_empty"/>
    <testcase time="0.0690000000000026" classname="empty_report" name="tlg_functions_return_null_reports_when_domain_table_is_empty"/>
    <testcase time="0.0719999999999885" classname="empty_report" name="tlg_functions_return_null_reports_when_domain_table_is_empty"/>
    <testcase time="0.0769999999999982" classname="empty_report" name="tlg_functions_return_null_reports_when_domain_table_is_empty"/>
    <testcase time="0.0840000000000032" classname="empty_report" name="tlg_functions_return_null_reports_when_domain_table_is_empty"/>
    <testcase time="0.100000000000009" classname="empty_report" name="tlg_functions_return_null_reports_when_domain_table_is_empty"/>
    <testcase time="0.307999999999993" classname="empty_report" name="tlg_functions_return_null_reports_when_domain_table_is_empty"/>
    <testcase time="0.097999999999999" classname="empty_report" name="tlg_functions_return_null_reports_when_domain_table_is_empty"/>
    <testcase time="0.0910000000000082" classname="empty_report" name="tlg_functions_return_null_reports_when_domain_table_is_empty"/>
    <testcase time="0.0679999999999978" classname="empty_report" name="tlg_functions_return_null_reports_when_domain_table_is_empty"/>
    <testcase time="0.097999999999999" classname="empty_report" name="tlg_functions_return_null_reports_when_domain_table_is_empty"/>
    <testcase time="0.0549999999999926" classname="empty_report" name="tlg_functions_return_null_reports_when_domain_table_is_empty"/>
    <testcase time="0.0510000000000019" classname="empty_report" name="tlg_functions_return_null_reports_when_domain_table_is_empty"/>
  </testsuite>
  <testsuite name="ext01" timestamp="2025-02-19T17:23:55Z" hostname="fa82aa43371e" tests="10" skipped="0" failures="0" errors="0" time="5.074">
    <testcase time="0.501000000000005" classname="ext01" name="ext01_functions_with_default_argument_value_return_expected_result_with_test_data"/>
    <testcase time="0.546999999999997" classname="ext01" name="ext01_functions_with_categorical_data_return_expected_result_with_test_data"/>
    <testcase time="0.189000000000007" classname="ext01" name="ext01_works"/>
    <testcase time="0.314999999999998" classname="ext01" name="ext01_works"/>
    <testcase time="0.179999999999993" classname="ext01" name="ext01_works"/>
    <testcase time="0.317999999999998" classname="ext01" name="ext01_works"/>
    <testcase time="0.541000000000011" classname="ext01" name="ext01_works_for_selected_parameters_and_categorical_variables"/>
    <testcase time="0.816999999999993" classname="ext01" name="ext01_works_with_custom_mapping_order"/>
    <testcase time="0.808000000000007" classname="ext01" name="ext01_works_with_custom_mapping_order_for_a_single_split"/>
    <testcase time="0.85799999999999" classname="ext01" name="ext01_works_with_custom_mapping_fill_in_value"/>
  </testsuite>
  <testsuite name="fstg01" timestamp="2025-02-19T17:24:00Z" hostname="fa82aa43371e" tests="13" skipped="0" failures="0" errors="0" time="6.699">
    <testcase time="0.0120000000000005" classname="fstg01" name="fstg01_works_as_expected"/>
    <testcase time="1.27000000000001" classname="fstg01" name="fstg01_works_as_expected"/>
    <testcase time="0.00300000000000011" classname="fstg01" name="fstg01_works_as_expected"/>
    <testcase time="1.28999999999999" classname="fstg01" name="fstg01_works_as_expected_with_custom_color_set"/>
    <testcase time="0.00400000000000489" classname="fstg01" name="fstg01_works_as_expected_with_custom_color_set"/>
    <testcase time="1.27499999999999" classname="fstg01" name="fstg01_works_as_expected_with_custom_color_set"/>
    <testcase time="0.00300000000000011" classname="fstg01" name="fstg01_works_as_expected_with_custom_color_set"/>
    <testcase time="0.646000000000001" classname="fstg01" name="fstg01_works_if_changes_are_in_subgroups_conf_level_and_label_all"/>
    <testcase time="0.00300000000000011" classname="fstg01" name="fstg01_works_if_changes_are_in_subgroups_conf_level_and_label_all"/>
    <testcase time="0.893000000000001" classname="fstg01" name="fstg01_works_if_changes_are_in_subgroups_conf_level_and_label_all"/>
    <testcase time="0.00300000000000011" classname="fstg01" name="fstg01_works_if_changes_are_in_subgroups_conf_level_and_label_all"/>
    <testcase time="1.29400000000001" classname="fstg01" name="fstg01_can_handle_some_NA_values_in_subgroups"/>
    <testcase time="0.00300000000000011" classname="fstg01" name="fstg01_can_handle_some_NA_values_in_subgroups"/>
  </testsuite>
  <testsuite name="fstg02" timestamp="2025-02-19T17:24:06Z" hostname="fa82aa43371e" tests="9" skipped="0" failures="0" errors="0" time="8.99">
    <testcase time="0.012999999999991" classname="fstg02" name="fstg02_works_as_expected"/>
    <testcase time="1.26000000000001" classname="fstg02" name="fstg02_works_as_expected"/>
    <testcase time="1.28999999999999" classname="fstg02" name="fstg02_works_as_expected_with_custom_color_set"/>
    <testcase time="1.27900000000001" classname="fstg02" name="fstg02_works_as_expected_with_custom_color_set"/>
    <testcase time="0.622" classname="fstg02" name="fstg02_works_if_changes_are_in_subgroups_strata_var_conf_level_and_label_all"/>
    <testcase time="1.00099999999999" classname="fstg02" name="fstg02_works_if_changes_are_in_subgroups_strata_var_conf_level_and_label_all"/>
    <testcase time="1.155" classname="fstg02" name="fstg02_can_handle_some_NA_values_in_subgroups"/>
    <testcase time="1.185" classname="fstg02" name="fstg02_can_handle_customized_time_units"/>
    <testcase time="1.185" classname="fstg02" name="fstg02_can_handle_customized_time_units"/>
  </testsuite>
  <testsuite name="kmg01" timestamp="2025-02-19T17:24:15Z" hostname="fa82aa43371e" tests="13" skipped="0" failures="0" errors="0" time="2.113">
    <testcase time="0.0109999999999957" classname="kmg01" name="kmg01_works_as_expected"/>
    <testcase time="0.358000000000004" classname="kmg01" name="kmg01_works_as_expected"/>
    <testcase time="0.00300000000000011" classname="kmg01" name="kmg01_works_as_expected"/>
    <testcase time="0.370999999999995" classname="kmg01" name="kmg01_works_as_expected_with_custom_color_set"/>
    <testcase time="0.00300000000000011" classname="kmg01" name="kmg01_works_as_expected_with_custom_color_set"/>
    <testcase time="0.355000000000004" classname="kmg01" name="kmg01_works_as_expected_with_custom_color_set"/>
    <testcase time="0.00300000000000011" classname="kmg01" name="kmg01_works_as_expected_with_custom_color_set"/>
    <testcase time="0.364999999999995" classname="kmg01" name="kmg01_works_if_change_pvalue_ties_and_conf_level"/>
    <testcase time="0.00300000000000011" classname="kmg01" name="kmg01_works_if_change_pvalue_ties_and_conf_level"/>
    <testcase time="0.394000000000005" classname="kmg01" name="kmg01_works_if_change_annotation_position"/>
    <testcase time="0.00300000000000011" classname="kmg01" name="kmg01_works_if_change_annotation_position"/>
    <testcase time="0.241" classname="kmg01" name="kmg01_works_for_stratified_analysis"/>
    <testcase time="0.00300000000000011" classname="kmg01" name="kmg01_works_for_stratified_analysis"/>
  </testsuite>
  <testsuite name="lbt01" timestamp="2025-02-19T17:24:17Z" hostname="fa82aa43371e" tests="4" skipped="0" failures="0" errors="0" time="9.82">
    <testcase time="3.208" classname="lbt01" name="lbt01_functions_with_default_argument_value_return_expected_result_with_test_data"/>
    <testcase time="3.342" classname="lbt01" name="lbt01_functions_with_row_split_var_return_expected_result_with_test_data"/>
    <testcase time="1.04599999999999" classname="lbt01" name="lbt01_can_handle_n_0_and_outputs_NE_instead_of_infs_and_NAs"/>
    <testcase time="2.22400000000002" classname="lbt01" name="lbt01_can_handle_n_0_and_outputs_NE_instead_of_infs_and_NAs"/>
  </testsuite>
  <testsuite name="lbt04" timestamp="2025-02-19T17:24:27Z" hostname="fa82aa43371e" tests="8" skipped="0" failures="0" errors="0" time="3.299">
    <testcase time="1.03199999999998" classname="lbt04" name="lbt04_functions_with_default_argument_value_return_expected_result_with_test_data"/>
    <testcase time="0.0889999999999986" classname="lbt04" name="lbt04_can_handle_all_NA_values"/>
    <testcase time="0.0880000000000223" classname="lbt04" name="lbt04_can_handle_all_NA_values"/>
    <testcase time="0.323999999999984" classname="lbt04" name="lbt04_can_handle_missing_levels"/>
    <testcase time="0.849000000000018" classname="lbt04" name="lbt04_can_handle_missing_levels"/>
    <testcase time="0.287999999999982" classname="lbt04" name="lbt04_can_handle_some_NA_values"/>
    <testcase time="0.614000000000004" classname="lbt04" name="lbt04_can_handle_some_NA_values"/>
    <testcase time="0.0149999999999864" classname="lbt04" name="lbt04_fails_on_incomlete_data"/>
  </testsuite>
  <testsuite name="lbt05" timestamp="2025-02-19T17:24:31Z" hostname="fa82aa43371e" tests="8" skipped="0" failures="0" errors="0" time="2.598">
    <testcase time="0.66500000000002" classname="lbt05" name="lbt05_functions_with_default_argument_value_return_expected_result_with_test_data"/>
    <testcase time="0.258999999999986" classname="lbt05" name="lbt05_functions_with_default_argument_value_return_expected_result_with_test_data"/>
    <testcase time="0.296999999999997" classname="lbt05" name="lbt05_give_all_0_count_if_ANRIND_are_all_missing"/>
    <testcase time="0.282000000000011" classname="lbt05" name="lbt05_can_handle_some_NA_values"/>
    <testcase time="0.389999999999986" classname="lbt05" name="lbt05_can_handle_some_NA_values"/>
    <testcase time="0.0320000000000107" classname="lbt05" name="lbt05_fails_on_incomlete_data"/>
    <testcase time="0.282000000000011" classname="lbt05" name="lbt05_works_with_missing_levels"/>
    <testcase time="0.390999999999991" classname="lbt05" name="lbt05_works_with_missing_levels"/>
  </testsuite>
  <testsuite name="lbt06" timestamp="2025-02-19T17:24:33Z" hostname="fa82aa43371e" tests="3" skipped="0" failures="0" errors="0" time="3.678">
    <testcase time="0.955000000000013" classname="lbt06" name="lbt06_gives_all_0_count_if_ANRIND_and_BNRIND_are_all_missing"/>
    <testcase time="2.69299999999998" classname="lbt06" name="lbt06_can_handle_some_NA_values"/>
    <testcase time="0.0300000000000011" classname="lbt06" name="lbt06_fails_on_incomplete_data"/>
  </testsuite>
  <testsuite name="lbt07" timestamp="2025-02-19T17:24:37Z" hostname="fa82aa43371e" tests="4" skipped="0" failures="0" errors="0" time="1.65">
    <testcase time="0.812000000000012" classname="lbt07" name="lbt07_functions_with_default_argument_value_return_expected_result_with_test_data"/>
    <testcase time="0.375" classname="lbt07" name="lbt07_can_handle_some_NA_values"/>
    <testcase time="0.420999999999992" classname="lbt07" name="lbt07_can_handle_some_NA_values"/>
    <testcase time="0.0420000000000016" classname="lbt07" name="lbt07_fails_on_incomlete_data"/>
  </testsuite>
  <testsuite name="lbt14" timestamp="2025-02-19T17:24:38Z" hostname="fa82aa43371e" tests="20" skipped="0" failures="0" errors="0" time="8.041">
    <testcase time="0.656000000000006" classname="lbt14" name="lbt14_functions_with_default_argument_value_return_expected_result_with_test_data"/>
    <testcase time="0.495000000000005" classname="lbt14" name="lbt14_functions_with_default_argument_value_return_expected_result_with_test_data_when_direction_high"/>
    <testcase time="0.597999999999985" classname="lbt14" name="lbt14_functions_with_gr_missing_excl_return_expected_result_with_test_data"/>
    <testcase time="0.593999999999994" classname="lbt14" name="lbt14_functions_with_gr_missing_gr_0_return_expected_result_with_test_data"/>
    <testcase time="0.361000000000018" classname="lbt14" name="lbt14_can_handle_all_NA_values"/>
    <testcase time="0.145999999999987" classname="lbt14" name="lbt14_can_handle_all_NA_values"/>
    <testcase time="0.420999999999992" classname="lbt14" name="lbt14_can_handle_some_NA_values"/>
    <testcase time="0.322000000000003" classname="lbt14" name="lbt14_can_handle_some_NA_values"/>
    <testcase time="1.351" classname="lbt14" name="lbt14_can_accept_different_gr_missing"/>
    <testcase time="0.27200000000002" classname="lbt14" name="lbt14_can_accept_different_gr_missing"/>
    <testcase time="0.268999999999977" classname="lbt14" name="lbt14_can_accept_different_gr_missing"/>
    <testcase time="0.0180000000000007" classname="lbt14" name="lbt14_fails_on_incomlete_data"/>
    <testcase time="0.392000000000024" classname="lbt14" name="lbt14_can_handle_all_NA_values_with_direction_high"/>
    <testcase time="0.140999999999991" classname="lbt14" name="lbt14_can_handle_all_NA_values_with_direction_high"/>
    <testcase time="0.383999999999986" classname="lbt14" name="lbt14_can_handle_some_NA_values_with_direction_high"/>
    <testcase time="0.176000000000016" classname="lbt14" name="lbt14_can_handle_some_NA_values_with_direction_high"/>
    <testcase time="1.137" classname="lbt14" name="lbt14_can_accept_different_gr_missing_with_direction_high"/>
    <testcase time="0.147999999999996" classname="lbt14" name="lbt14_can_accept_different_gr_missing_with_direction_high"/>
    <testcase time="0.143000000000001" classname="lbt14" name="lbt14_can_accept_different_gr_missing_with_direction_high"/>
    <testcase time="0.0169999999999959" classname="lbt14" name="lbt14_fails_on_incomlete_data"/>
  </testsuite>
  <testsuite name="lbt15" timestamp="2025-02-19T17:24:46Z" hostname="fa82aa43371e" tests="12" skipped="0" failures="0" errors="0" time="5.797">
    <testcase time="1.203" classname="lbt15" name="lbt15_functions_with_default_argument_value_return_expected_result_with_test_data"/>
    <testcase time="0.288999999999987" classname="lbt15" name="lbt15_can_handle_all_NA_values"/>
    <testcase time="0.615000000000009" classname="lbt15" name="lbt15_can_handle_all_NA_values"/>
    <testcase time="0.292000000000002" classname="lbt15" name="lbt15_can_handle_missing_levels"/>
    <testcase time="0.616000000000014" classname="lbt15" name="lbt15_can_handle_missing_levels"/>
    <testcase time="0.292999999999978" classname="lbt15" name="lbt15_can_handle_missing_levels_in_baseline"/>
    <testcase time="0.614000000000004" classname="lbt15" name="lbt15_can_handle_missing_levels_in_baseline"/>
    <testcase time="0.302999999999997" classname="lbt15" name="lbt15_can_handle_some_NA_values"/>
    <testcase time="0.629999999999995" classname="lbt15" name="lbt15_can_handle_some_NA_values"/>
    <testcase time="0.298000000000002" classname="lbt15" name="lbt15_can_handle_some_NA_values_in_baseline"/>
    <testcase time="0.628000000000014" classname="lbt15" name="lbt15_can_handle_some_NA_values_in_baseline"/>
    <testcase time="0.0159999999999911" classname="lbt15" name="lbt15_fails_on_incomlete_data"/>
  </testsuite>
  <testsuite name="mht01" timestamp="2025-02-19T17:24:52Z" hostname="fa82aa43371e" tests="4" skipped="0" failures="0" errors="0" time="3.102">
    <testcase time="0.644000000000005" classname="mht01" name="mht01_functions_with_default_argument_value_return_expected_result_with_test_data"/>
    <testcase time="0.631" classname="mht01" name="mht01_works"/>
    <testcase time="0.65100000000001" classname="mht01" name="mht01_works_on_NULL_in_lbl_mhbodsys_or_lbl_mhdecod"/>
    <testcase time="1.17599999999999" classname="mht01" name="mht01_works_with_other_row_split_var"/>
  </testsuite>
  <testsuite name="mng01" timestamp="2025-02-19T17:24:55Z" hostname="fa82aa43371e" tests="19" skipped="8" failures="0" errors="0" time="8.856">
    <testcase time="0.912000000000006" classname="mng01" name="mng01_works_as_expected_with_default_argument_values"/>
    <testcase time="0.00100000000000477" classname="mng01" name="mng01_works_as_expected_with_default_argument_values">
      <skipped message="Reason: On CI ('test-mng01.R:9:5')"/>
    </testcase>
    <testcase time="0.947999999999979" classname="mng01" name="mng01_works_as_expected_with_custom_argument_values"/>
    <testcase time="0.0110000000000241" classname="mng01" name="mng01_works_as_expected_with_custom_argument_values"/>
    <testcase time="0.000999999999976353" classname="mng01" name="mng01_works_as_expected_with_custom_argument_values">
      <skipped message="Reason: On CI ('test-mng01.R:45:5')"/>
    </testcase>
    <testcase time="0.942000000000007" classname="mng01" name="mng01_works_as_expected_with_custom_color_set"/>
    <testcase time="0.920999999999992" classname="mng01" name="mng01_works_as_expected_with_custom_color_set"/>
    <testcase time="0.00100000000000477" classname="mng01" name="mng01_works_as_expected_with_custom_color_set">
      <skipped message="Reason: On CI ('test-mng01.R:69:5')"/>
    </testcase>
    <testcase time="0.966000000000008" classname="mng01" name="mng01_works_as_expected_with_custom_line_type_set"/>
    <testcase time="0.978999999999985" classname="mng01" name="mng01_works_as_expected_with_custom_line_type_set"/>
    <testcase time="0.00200000000000955" classname="mng01" name="mng01_works_as_expected_with_custom_line_type_set">
      <skipped message="Reason: On CI ('test-mng01.R:91:5')"/>
    </testcase>
    <testcase time="0.162000000000006" classname="mng01" name="mng01_works_with_table_NULL"/>
    <testcase time="0.00200000000000955" classname="mng01" name="mng01_works_with_table_NULL">
      <skipped message="Reason: On CI ('test-mng01.R:104:5')"/>
    </testcase>
    <testcase time="1.01899999999998" classname="mng01" name="mng01_works_with_combination_of_x_variables"/>
    <testcase time="0.00200000000000955" classname="mng01" name="mng01_works_with_combination_of_x_variables">
      <skipped message="Reason: On CI ('test-mng01.R:122:5')"/>
    </testcase>
    <testcase time="0.960000000000008" classname="mng01" name="mng01_works_with_numeric_x_variable"/>
    <testcase time="0.00199999999998113" classname="mng01" name="mng01_works_with_numeric_x_variable">
      <skipped message="Reason: On CI ('test-mng01.R:143:5')"/>
    </testcase>
    <testcase time="1.024" classname="mng01" name="mng01_works_with_numeric_jitter"/>
    <testcase time="0.00100000000000477" classname="mng01" name="mng01_works_with_numeric_jitter">
      <skipped message="Reason: On CI ('test-mng01.R:161:5')"/>
    </testcase>
  </testsuite>
  <testsuite name="pdt01" timestamp="2025-02-19T17:25:04Z" hostname="fa82aa43371e" tests="5" skipped="0" failures="0" errors="0" time="1.258">
    <testcase time="0.481999999999999" classname="pdt01" name="pdt01_function_with_default_argument_value_return_expected_result_with_test_data"/>
    <testcase time="0.121000000000009" classname="pdt01" name="pdt01_can_handle_all_NA_values"/>
    <testcase time="0.164999999999992" classname="pdt01" name="pdt01_can_handle_all_NA_values"/>
    <testcase time="0.212999999999994" classname="pdt01" name="pdt01_can_handle_some_NA_values"/>
    <testcase time="0.277000000000015" classname="pdt01" name="pdt01_can_handle_some_NA_values"/>
  </testsuite>
  <testsuite name="pdt02" timestamp="2025-02-19T17:25:05Z" hostname="fa82aa43371e" tests="5" skipped="0" failures="0" errors="0" time="1.035">
    <testcase time="0.346000000000004" classname="pdt02" name="pdt02_function_with_default_argument_value_return_expected_result_with_test_data"/>
    <testcase time="0.141999999999996" classname="pdt02" name="pdt02_can_handle_all_NA_values"/>
    <testcase time="0.20999999999998" classname="pdt02" name="pdt02_can_handle_all_NA_values"/>
    <testcase time="0.14500000000001" classname="pdt02" name="pdt02_can_handle_some_NA_values"/>
    <testcase time="0.192000000000007" classname="pdt02" name="pdt02_can_handle_some_NA_values"/>
  </testsuite>
  <testsuite name="reexports" timestamp="2025-02-19T17:25:07Z" hostname="fa82aa43371e" tests="2" skipped="0" failures="0" errors="0" time="0.015">
    <testcase time="0.00899999999998613" classname="reexports" name="with_label_exported_correctly"/>
    <testcase time="0.00600000000000023" classname="reexports" name="reformat_exported_correctly"/>
  </testsuite>
  <testsuite name="report_null" timestamp="2025-02-19T17:25:07Z" hostname="fa82aa43371e" tests="12" skipped="0" failures="0" errors="0" time="0.177">
    <testcase time="0.0150000000000148" classname="report_null" name="report_null_works_as_expected_with_NULL_"/>
    <testcase time="0.0109999999999957" classname="report_null" name="report_null_works_as_expected_with_NULL_"/>
    <testcase time="0.0310000000000059" classname="report_null" name="report_null_works_as_expected_with_VTableTree_"/>
    <testcase time="0.0379999999999825" classname="report_null" name="report_null_works_as_expected_with_VTableTree_"/>
    <testcase time="0.01400000000001" classname="report_null" name="report_null_works_as_expected_with_VTableTree_"/>
    <testcase time="0.00899999999998613" classname="report_null" name="report_null_works_as_expected_with_listing_df_"/>
    <testcase time="0.0120000000000005" classname="report_null" name="report_null_works_as_expected_with_listing_df_"/>
    <testcase time="0.0109999999999957" classname="report_null" name="report_null_works_as_expected_with_listing_df_"/>
    <testcase time="0.00800000000000978" classname="report_null" name="report_null_works_as_expected_with_list_"/>
    <testcase time="0.0190000000000055" classname="report_null" name="report_null_works_as_expected_with_list_"/>
    <testcase time="0.00600000000000023" classname="report_null" name="report_null_works_as_expected_with_by_default"/>
    <testcase time="0.0029999999999859" classname="report_null" name="report_null_works_as_expected_with_by_default"/>
  </testsuite>
  <testsuite name="rmpt01" timestamp="2025-02-19T17:25:07Z" hostname="fa82aa43371e" tests="11" skipped="0" failures="0" errors="0" time="1.594">
    <testcase time="0.414000000000016" classname="rmpt01" name="rmpt01_function_with_default_argument_value_return_expected_result_with_test_data"/>
    <testcase time="0.0649999999999977" classname="rmpt01" name="rmpt01_can_handle_NA_values"/>
    <testcase time="0.131" classname="rmpt01" name="rmpt01_can_handle_NA_values"/>
    <testcase time="0.126000000000005" classname="rmpt01" name="rmpt01_can_handle_NA_values"/>
    <testcase time="0.238" classname="rmpt01" name="rmpt01_can_handle_NA_values"/>
    <testcase time="0.0660000000000025" classname="rmpt01" name="rmpt01_can_handle_some_NA_values"/>
    <testcase time="0.134000000000015" classname="rmpt01" name="rmpt01_can_handle_some_NA_values"/>
    <testcase time="0.12299999999999" classname="rmpt01" name="rmpt01_can_handle_some_NA_values"/>
    <testcase time="0.235000000000014" classname="rmpt01" name="rmpt01_can_handle_some_NA_values"/>
    <testcase time="0.032999999999987" classname="rmpt01" name="rmpt01_fails_on_incomlete_data"/>
    <testcase time="0.0289999999999964" classname="rmpt01" name="rmpt01_fails_on_incomlete_data"/>
  </testsuite>
  <testsuite name="rmpt03" timestamp="2025-02-19T17:25:08Z" hostname="fa82aa43371e" tests="12" skipped="0" failures="0" errors="0" time="2.019">
    <testcase time="0.329000000000008" classname="rmpt03" name="rmpt03_function_with_default_argument_value_return_expected_result_with_test_data"/>
    <testcase time="0.109999999999985" classname="rmpt03" name="rmpt03_can_handle_NA_values"/>
    <testcase time="0.215000000000003" classname="rmpt03" name="rmpt03_can_handle_NA_values"/>
    <testcase time="0.185000000000002" classname="rmpt03" name="rmpt03_can_handle_NA_values"/>
    <testcase time="0.289999999999992" classname="rmpt03" name="rmpt03_can_handle_NA_values"/>
    <testcase time="0.114000000000004" classname="rmpt03" name="rmpt03_can_handle_some_NA_values"/>
    <testcase time="0.213999999999999" classname="rmpt03" name="rmpt03_can_handle_some_NA_values"/>
    <testcase time="0.182000000000016" classname="rmpt03" name="rmpt03_can_handle_some_NA_values"/>
    <testcase time="0.299000000000007" classname="rmpt03" name="rmpt03_can_handle_some_NA_values"/>
    <testcase time="0.0339999999999918" classname="rmpt03" name="rmpt03_fails_on_incomlete_data"/>
    <testcase time="0.0269999999999868" classname="rmpt03" name="rmpt03_fails_on_incomlete_data"/>
    <testcase time="0.0200000000000102" classname="rmpt03" name="rmpt03_fails_on_incomlete_data"/>
  </testsuite>
  <testsuite name="rmpt04" timestamp="2025-02-19T17:25:10Z" hostname="fa82aa43371e" tests="10" skipped="0" failures="0" errors="0" time="0.968">
    <testcase time="0.182999999999993" classname="rmpt04" name="rmpt04_function_with_default_argument_value_return_expected_result_with_test_data"/>
    <testcase time="0.0560000000000116" classname="rmpt04" name="rmpt04_can_handle_NA_values"/>
    <testcase time="0.121999999999986" classname="rmpt04" name="rmpt04_can_handle_NA_values"/>
    <testcase time="0.054000000000002" classname="rmpt04" name="rmpt04_can_handle_NA_values"/>
    <testcase time="0.123000000000019" classname="rmpt04" name="rmpt04_can_handle_NA_values"/>
    <testcase time="0.0579999999999927" classname="rmpt04" name="rmpt04_can_handle_some_NA_values"/>
    <testcase time="0.121999999999986" classname="rmpt04" name="rmpt04_can_handle_some_NA_values"/>
    <testcase time="0.0620000000000118" classname="rmpt04" name="rmpt04_can_handle_some_NA_values"/>
    <testcase time="0.132000000000005" classname="rmpt04" name="rmpt04_can_handle_some_NA_values"/>
    <testcase time="0.0559999999999832" classname="rmpt04" name="rmpt04_fails_on_incomlete_data"/>
  </testsuite>
  <testsuite name="rmpt05" timestamp="2025-02-19T17:25:11Z" hostname="fa82aa43371e" tests="10" skipped="0" failures="0" errors="0" time="1.03">
    <testcase time="0.192000000000007" classname="rmpt05" name="rmpt05_function_with_default_argument_value_return_expected_result_with_test_data"/>
    <testcase time="0.0670000000000073" classname="rmpt05" name="rmpt05_can_handle_NA_values"/>
    <testcase time="0.126000000000005" classname="rmpt05" name="rmpt05_can_handle_NA_values"/>
    <testcase time="0.0609999999999786" classname="rmpt05" name="rmpt05_can_handle_NA_values"/>
    <testcase time="0.130000000000024" classname="rmpt05" name="rmpt05_can_handle_NA_values"/>
    <testcase time="0.0599999999999739" classname="rmpt05" name="rmpt05_can_handle_some_NA_values"/>
    <testcase time="0.132000000000005" classname="rmpt05" name="rmpt05_can_handle_some_NA_values"/>
    <testcase time="0.0649999999999977" classname="rmpt05" name="rmpt05_can_handle_some_NA_values"/>
    <testcase time="0.13300000000001" classname="rmpt05" name="rmpt05_can_handle_some_NA_values"/>
    <testcase time="0.063999999999993" classname="rmpt05" name="rmpt05_fails_on_incomlete_data"/>
  </testsuite>
  <testsuite name="rmpt06" timestamp="2025-02-19T17:25:12Z" hostname="fa82aa43371e" tests="6" skipped="0" failures="0" errors="0" time="2.012">
    <testcase time="0.542000000000002" classname="rmpt06" name="rmpt06_works_as_expected"/>
    <testcase time="0.587999999999994" classname="rmpt06" name="rmpt06_works_as_expected_with_show_diff_TRUE"/>
    <testcase time="0.225000000000023" classname="rmpt06" name="rmpt06_can_handle_all_NA_values"/>
    <testcase time="0.287999999999982" classname="rmpt06" name="rmpt06_can_handle_all_NA_values"/>
    <testcase time="0.229000000000013" classname="rmpt06" name="rmpt06_can_handle_all_NA_values"/>
    <testcase time="0.139999999999986" classname="rmpt06" name="rmpt06_can_handle_all_NA_values"/>
  </testsuite>
  <testsuite name="rspt01" timestamp="2025-02-19T17:25:14Z" hostname="fa82aa43371e" tests="27" skipped="0" failures="0" errors="0" time="7.549">
    <testcase time="0.0160000000000196" classname="rspt01" name="rspt01_works_as_expected"/>
    <testcase time="0.303999999999974" classname="rspt01" name="rspt01_works_as_expected"/>
    <testcase time="0.253000000000014" classname="rspt01" name="rspt01_works_as_expected"/>
    <testcase time="0.295999999999992" classname="rspt01" name="rspt01_works_as_expected_for_stratified_and_unstratified_analysis"/>
    <testcase time="0.27800000000002" classname="rspt01" name="rspt01_works_as_expected_for_stratified_and_unstratified_analysis"/>
    <testcase time="0.34699999999998" classname="rspt01" name="rspt01_works_as_expected_for_stratified_and_unstratified_analysis"/>
    <testcase time="0.312000000000012" classname="rspt01" name="rspt01_works_as_expected_for_stratified_and_unstratified_analysis"/>
    <testcase time="0.25" classname="rspt01" name="rspt01_works_as_expected_for_unstratified_analysis_only"/>
    <testcase time="0.24199999999999" classname="rspt01" name="rspt01_works_as_expected_for_unstratified_analysis_only"/>
    <testcase time="0.271000000000015" classname="rspt01" name="rspt01_works_as_expected_for_unstratified_analysis_only"/>
    <testcase time="0.256" classname="rspt01" name="rspt01_works_as_expected_for_unstratified_analysis_only"/>
    <testcase time="0.256" classname="rspt01" name="rspt01_works_as_expected_for_stratified_analysis_only"/>
    <testcase time="0.242999999999995" classname="rspt01" name="rspt01_works_as_expected_for_stratified_analysis_only"/>
    <testcase time="0.275999999999982" classname="rspt01" name="rspt01_works_as_expected_for_stratified_analysis_only"/>
    <testcase time="0.25800000000001" classname="rspt01" name="rspt01_works_as_expected_for_stratified_analysis_only"/>
    <testcase time="0.280000000000001" classname="rspt01" name="rspt01_works_if_change_reference_group"/>
    <testcase time="0.259999999999991" classname="rspt01" name="rspt01_works_if_change_reference_group"/>
    <testcase time="0.356999999999999" classname="rspt01" name="rspt01_works_if_change_reference_group"/>
    <testcase time="0.310000000000002" classname="rspt01" name="rspt01_works_if_change_reference_group"/>
    <testcase time="0.287000000000006" classname="rspt01" name="rspt01_works_if_change_statistic_methods"/>
    <testcase time="0.257000000000005" classname="rspt01" name="rspt01_works_if_change_statistic_methods"/>
    <testcase time="0.375" classname="rspt01" name="rspt01_works_if_change_statistic_methods"/>
    <testcase time="0.332999999999998" classname="rspt01" name="rspt01_works_if_change_statistic_methods"/>
    <testcase time="0.287000000000006" classname="rspt01" name="rspt01_works_if_change_confidence_interval"/>
    <testcase time="0.264999999999986" classname="rspt01" name="rspt01_works_if_change_confidence_interval"/>
    <testcase time="0.363" classname="rspt01" name="rspt01_works_if_change_confidence_interval"/>
    <testcase time="0.317000000000007" classname="rspt01" name="rspt01_works_if_change_confidence_interval"/>
  </testsuite>
  <testsuite name="ttet01" timestamp="2025-02-19T17:25:22Z" hostname="fa82aa43371e" tests="16" skipped="0" failures="0" errors="0" time="5.64">
    <testcase time="0.0159999999999911" classname="ttet01" name="ttet01_works_as_expected"/>
    <testcase time="0.444000000000017" classname="ttet01" name="ttet01_works_as_expected"/>
    <testcase time="0.512" classname="ttet01" name="ttet01_works_as_expected"/>
    <testcase time="0.0199999999999818" classname="ttet01" name="ttet01_returns_an_error_when_one_level_or_arm_var_is_empty"/>
    <testcase time="0.337000000000018" classname="ttet01" name="ttet01_works_as_expected_for_stratified_and_unstratified_analysis"/>
    <testcase time="0.358000000000004" classname="ttet01" name="ttet01_works_as_expected_for_stratified_and_unstratified_analysis"/>
    <testcase time="0.435999999999979" classname="ttet01" name="ttet01_works_as_expected_for_stratified_and_unstratified_analysis"/>
    <testcase time="0.447000000000003" classname="ttet01" name="ttet01_works_as_expected_for_stratified_and_unstratified_analysis"/>
    <testcase time="0.344999999999999" classname="ttet01" name="ttet01_works_as_expected_for_stratified_analysis_only"/>
    <testcase time="0.563000000000017" classname="ttet01" name="ttet01_works_as_expected_for_stratified_analysis_only"/>
    <testcase time="0.377999999999986" classname="ttet01" name="ttet01_works_as_expected_for_stratified_analysis_only"/>
    <testcase time="0.355000000000018" classname="ttet01" name="ttet01_works_as_expected_for_stratified_analysis_only"/>
    <testcase time="0.307999999999993" classname="ttet01" name="ttet01_works_if_change_reference_group"/>
    <testcase time="0.324999999999989" classname="ttet01" name="ttet01_works_if_change_reference_group"/>
    <testcase time="0.394000000000005" classname="ttet01" name="ttet01_works_if_change_reference_group"/>
    <testcase time="0.401999999999987" classname="ttet01" name="ttet01_works_if_change_reference_group"/>
  </testsuite>
  <testsuite name="unwrap" timestamp="2025-02-19T17:25:28Z" hostname="fa82aa43371e" tests="12" skipped="0" failures="0" errors="0" time="0.162">
    <testcase time="0.0130000000000052" classname="unwrap" name="unwrap_layout_works_as_expected_with_standard_chevron_t_main_function"/>
    <testcase time="0.00200000000000955" classname="unwrap" name="unwrap_layout_works_as_expected_with_standard_chevron_t_main_function"/>
    <testcase time="0.00100000000000477" classname="unwrap" name="unwrap_layout_works_as_expected_with_standard_chevron_t_main_function"/>
    <testcase time="0.0240000000000009" classname="unwrap" name="unwrap_layout_works_as_expected_with_standard_chevron_t_main_function"/>
    <testcase time="0.0120000000000005" classname="unwrap" name="unwrap_layout_works_as_expected_with_standard_chevron_g_main_function"/>
    <testcase time="0.00799999999998136" classname="unwrap" name="unwrap_layout_works_as_expected_with_standard_chevron_l_main_function"/>
    <testcase time="0.00600000000000023" classname="unwrap" name="unwrap_layout_works_as_expected_with_a_custom_function_without_layout_function"/>
    <testcase time="0.0300000000000011" classname="unwrap" name="unwrap_layout_works_as_expected_with_a_custom_function_with_layout_function"/>
    <testcase time="0.00100000000000477" classname="unwrap" name="unwrap_layout_works_as_expected_with_a_custom_function_with_layout_function"/>
    <testcase time="0.0310000000000059" classname="unwrap" name="unwrap_layout_works_as_expected_with_multiple_layout_function"/>
    <testcase time="0.032999999999987" classname="unwrap" name="unwrap_layout_works_as_expected_on_custom_function_with_overwritten_layout_function"/>
    <testcase time="0.00100000000000477" classname="unwrap" name="unwrap_layout_works_as_expected_on_custom_function_with_overwritten_layout_function"/>
  </testsuite>
  <testsuite name="utils" timestamp="2025-02-19T17:25:28Z" hostname="fa82aa43371e" tests="80" skipped="0" failures="0" errors="1" time="2.352">
    <testcase time="0.00900000000001455" classname="utils" name="h_format_dec_works_as_exected"/>
    <testcase time="0.0029999999999859" classname="utils" name="h_format_dec_works_as_exected"/>
    <testcase time="0.00200000000000955" classname="utils" name="h_format_dec_works_as_exected"/>
    <testcase time="0.00200000000000955" classname="utils" name="h_format_dec_works_as_exected"/>
    <testcase time="0.00199999999998113" classname="utils" name="h_format_dec_works_as_exected"/>
    <testcase time="0.00200000000000955" classname="utils" name="h_format_dec_works_as_exected"/>
    <testcase time="0.00200000000000955" classname="utils" name="h_format_dec_works_as_exected"/>
    <testcase time="0.0029999999999859" classname="utils" name="h_format_dec_works_as_exected"/>
    <testcase time="0.00100000000000477" classname="utils" name="h_format_dec_works_as_exected"/>
    <testcase time="0.0029999999999859" classname="utils" name="h_format_dec_works_as_exected"/>
    <testcase time="0.00100000000000477" classname="utils" name="h_format_dec_works_as_exected"/>
    <testcase time="0.00300000000001432" classname="utils" name="h_format_dec_works_as_exected"/>
    <testcase time="0.00600000000000023" classname="utils" name="h_format_dec_works_as_expected_with_more_than_one_value"/>
    <testcase time="0.0029999999999859" classname="utils" name="h_format_dec_works_as_expected_with_more_than_one_value"/>
    <testcase time="0.00499999999999545" classname="utils" name="h_format_dec_works_as_expected_with_NA_digits"/>
    <testcase time="0.00600000000000023" classname="utils" name="fuse_sequentially_works"/>
    <testcase time="0.00300000000001432" classname="utils" name="fuse_sequentially_works"/>
    <testcase time="0.0109999999999957" classname="utils" name="ifneeded_split_row_works_as_expected"/>
    <testcase time="0.00600000000000023" classname="utils" name="ifneeded_split_row_works_as_expected"/>
    <testcase time="0.0800000000000125" classname="utils" name="_unnamed_"/>
    <testcase time="0.0649999999999977" classname="utils" name="_unnamed_"/>
    <testcase time="0.063999999999993" classname="utils" name="_unnamed_"/>
    <testcase time="0.0480000000000018" classname="utils" name="_unnamed_"/>
    <testcase time="0.0029999999999859" classname="utils" name="droplevels.character_works_as_expected"/>
    <testcase time="0.00300000000001432" classname="utils" name="droplevels.character_works_as_expected"/>
    <testcase time="0.00499999999999545" classname="utils" name="lvls.character_works_as_expected"/>
    <testcase time="0.0029999999999859" classname="utils" name="lvls.character_works_as_expected"/>
    <testcase time="0.00500000000002387" classname="utils" name="lvls.factor_works_as_expected"/>
    <testcase time="0.0029999999999859" classname="utils" name="lvls.factor_works_as_expected"/>
    <testcase time="0.00399999999999068" classname="utils" name="lvls.default_works_as_expected"/>
    <testcase time="0.00300000000001432" classname="utils" name="lvls.default_works_as_expected"/>
    <testcase time="0.00499999999999545" classname="utils" name="quote_str_works_as_expected"/>
    <testcase time="0.00300000000001432" classname="utils" name="quote_str_works_as_expected"/>
    <testcase time="0.00399999999999068" classname="utils" name="quote_str_works_as_expected"/>
    <testcase time="0.00499999999999545" classname="utils" name="modify_default_args_works_as_expected"/>
    <testcase time="0.00300000000001432" classname="utils" name="modify_default_args_works_as_expected"/>
    <testcase time="0.00499999999999545" classname="utils" name="execute_with_args_works_as_expected"/>
    <testcase time="0.0029999999999859" classname="utils" name="execute_with_args_works_as_expected"/>
    <testcase time="0.00200000000000955" classname="utils" name="execute_with_args_works_as_expected"/>
    <testcase time="0.00200000000000955" classname="utils" name="execute_with_args_works_as_expected"/>
    <testcase time="0.00199999999998113" classname="utils" name="execute_with_args_works_as_expected"/>
    <testcase time="0.00300000000001432" classname="utils" name="execute_with_args_works_as_expected"/>
    <testcase time="0.00199999999998113" classname="utils" name="execute_with_args_works_as_expected"/>
    <testcase time="0.00200000000000955" classname="utils" name="execute_with_args_works_as_expected"/>
    <testcase time="0.00200000000000955" classname="utils" name="execute_with_args_works_as_expected"/>
    <testcase time="0.0029999999999859" classname="utils" name="execute_with_args_works_as_expected"/>
    <testcase time="0.00600000000000023" classname="utils" name="execute_with_args_works_as_expected"/>
    <testcase time="0.00300000000001432" classname="utils" name="execute_with_args_works_as_expected"/>
    <testcase time="0.00499999999999545" classname="utils" name="do_call_work_as_expected"/>
    <testcase time="0.0029999999999859" classname="utils" name="do_call_work_as_expected"/>
    <testcase time="0.007000000000005" classname="utils" name="do_call_errors_as_expected"/>
    <testcase time="0.00600000000000023" classname="utils" name="do_call_errors_as_expected"/>
    <testcase time="0.00499999999999545" classname="utils" name="convert_to_month_work_as_expected"/>
    <testcase time="0.00300000000001432" classname="utils" name="convert_to_month_work_as_expected"/>
    <testcase time="0.00200000000000955" classname="utils" name="convert_to_month_work_as_expected"/>
    <testcase time="0.0029999999999859" classname="utils" name="convert_to_month_work_as_expected"/>
    <testcase time="0.00200000000000955" classname="utils" name="convert_to_month_work_as_expected"/>
    <testcase time="0.00199999999998113" classname="utils" name="convert_to_month_work_as_expected"/>
    <testcase time="0.00900000000001455" classname="utils" name="convert_to_month_warning_messages_as_expected"/>
    <testcase time="0.00999999999999091" classname="utils" name="gg_theme_chevron_works_as_expected"/>
    <testcase time="0.00100000000000477" classname="utils" name="gg_theme_chevron_works_as_expected"/>
    <testcase time="0.00200000000000955" classname="utils" name="gg_theme_chevron_works_as_expected"/>
    <testcase time="0.00399999999999068" classname="utils" name="gg_theme_chevron_works_as_expected"/>
    <testcase time="0.00200000000000955" classname="utils" name="gg_theme_chevron_works_as_expected"/>
    <testcase time="0.000999999999976353" classname="utils" name="gg_theme_chevron_works_as_expected"/>
    <testcase time="0.00600000000000023" classname="utils" name="modify_character_works"/>
    <testcase time="0.00300000000001432" classname="utils" name="modify_character_works"/>
    <testcase time="0.00600000000000023" classname="utils" name="expand_list_works"/>
    <testcase time="0.0029999999999859" classname="utils" name="expand_list_works"/>
    <testcase time="0.00500000000002387" classname="utils" name="set_section_div_works"/>
    <testcase time="0.00499999999999545" classname="utils" name="set_section_div_works"/>
    <testcase time="0.00499999999999545" classname="utils" name="set_section_div_works"/>
    <testcase time="0.0029999999999859" classname="utils" name="set_section_div_works"/>
    <testcase time="0.00600000000000023" classname="utils" name="get_section_div_works"/>
    <testcase time="0.00300000000001432" classname="utils" name="get_section_div_works"/>
    <testcase time="0.907000000000011" classname="utils" name="grob_list_is_deprecated"/>
    <testcase time="0.881999999999977" classname="utils" name="gg_list_is_deprecated"/>
    <testcase time="0.00900000000001455" classname="utils" name="format_date_works_as_expected_for_POSIXct">
      <error type="error" message="Error in `C_force_tz(to_posixct(time), tz, roll_dst)`: CCTZ: Unrecognized timezone of the input vector: &quot;NZ&quot; ('test-utils.R:330:5')">Error in `C_force_tz(to_posixct(time), tz, roll_dst)`: CCTZ: Unrecognized timezone of the input vector: "NZ"
Backtrace:
     x
  1. +-withr::with_timezone(...) at test-utils.R:328:3
  2. | \-withr::with_envvar(c(TZ = tz), code)
  3. |   \-base::force(code)
  4. +-testthat::expect_identical(foo(d), "01JAN2019") at test-utils.R:330:5
  5. | \-testthat::quasi_label(enquo(object), label, arg = "object")
  6. |   \-rlang::eval_bare(expr, quo_get_env(quo))
  7. \-chevron (local) foo(d)
  8.   +-base::toupper(...)
  9.   +-base::format(...)
 10.   +-lubridate::force_tz(x, tzone = "UTC")
 11.   \-lubridate:::force_tz.default(x, tzone = "UTC")
 12.     \-timechange::time_force_tz(time, tz = tzone, roll_dst = roll_dst)
 13.       \-timechange:::.force_tz(time, tz, tzout, roll_dst)
 14.         +-timechange:::from_posixct(...)
 15.         \-timechange:::C_force_tz(to_posixct(time), tz, roll_dst)</error>
    </testcase>
    <testcase time="0.0250000000000057" classname="utils" name="format_date_works_as_expected_for_Date"/>
    <testcase time="0.0029999999999859" classname="utils" name="format_date_works_as_expected_for_Date"/>
  </testsuite>
  <testsuite name="vst01" timestamp="2025-02-19T17:25:30Z" hostname="fa82aa43371e" tests="3" skipped="0" failures="0" errors="0" time="4.599">
    <testcase time="2.316" classname="vst01" name="vst01_functions_with_default_argument_value_return_expected_result_with_test_data"/>
    <testcase time="0.76400000000001" classname="vst01" name="run_vst01_works_as_expected"/>
    <testcase time="1.51900000000001" classname="vst01" name="run_vst01_works_as_expected"/>
  </testsuite>
  <testsuite name="vst02" timestamp="2025-02-19T17:25:35Z" hostname="fa82aa43371e" tests="2" skipped="0" failures="0" errors="0" time="0.947">
    <testcase time="0.47399999999999" classname="vst02" name="vst02_functions_with_default_argument_value_return_expected_result_with_test_data"/>
    <testcase time="0.472999999999985" classname="vst02" name="vst02_functions_return_expected_result_with_test_data_when_excluding_subject_with_baseline_abnormality"/>
  </testsuite>
</testsuites>
