<?xml version="1.0" encoding="UTF-8"?>
<testsuites>
  <testsuite name="ael01_nollt" timestamp="2025-02-20T12:55:15Z" hostname="1da0a907ae8d" tests="14" skipped="0" failures="0" errors="0" time="1.188">
    <testcase time="0.0630000000000002" classname="ael01_nollt" name="ael01_nollt_works_with_admh_dataset"/>
    <testcase time="0.262" classname="ael01_nollt" name="ael01_nollt_works_with_admh_dataset"/>
    <testcase time="0.0309999999999997" classname="ael01_nollt" name="ael01_nollt_works_with_non_default_label"/>
    <testcase time="0.217" classname="ael01_nollt" name="ael01_nollt_works_with_non_default_label"/>
    <testcase time="0.0329999999999999" classname="ael01_nollt" name="ael01_nollt_can_handle_all_missing_values"/>
    <testcase time="0.0800000000000001" classname="ael01_nollt" name="ael01_nollt_can_handle_all_missing_values"/>
    <testcase time="0.028" classname="ael01_nollt" name="ael01_nollt_can_handle_some_missing_values"/>
    <testcase time="0.134" classname="ael01_nollt" name="ael01_nollt_can_handle_some_missing_values"/>
    <testcase time="0.0260000000000002" classname="ael01_nollt" name="ael01_nollt_listing_can_be_split_by_an_additional_variable"/>
    <testcase time="0.00099999999999989" classname="ael01_nollt" name="ael01_nollt_listing_can_be_split_by_an_additional_variable"/>
    <testcase time="0.169" classname="ael01_nollt" name="ael01_nollt_listing_can_be_split_by_an_additional_variable"/>
    <testcase time="0.0230000000000001" classname="ael01_nollt" name="split_ael01_nollt_listing_do_not_display_missing_values"/>
    <testcase time="0.00099999999999989" classname="ael01_nollt" name="split_ael01_nollt_listing_do_not_display_missing_values"/>
    <testcase time="0.12" classname="ael01_nollt" name="split_ael01_nollt_listing_do_not_display_missing_values"/>
  </testsuite>
  <testsuite name="ael02" timestamp="2025-02-20T12:55:17Z" hostname="1da0a907ae8d" tests="9" skipped="0" failures="0" errors="0" time="2.7">
    <testcase time="0.0579999999999998" classname="ael02" name="ael02_works_with_adae_dataset"/>
    <testcase time="0.00099999999999989" classname="ael02" name="ael02_works_with_adae_dataset"/>
    <testcase time="0.845" classname="ael02" name="ael02_works_with_adae_dataset"/>
    <testcase time="0.0410000000000004" classname="ael02" name="ael02_can_handle_all_missing_values"/>
    <testcase time="0.000999999999999446" classname="ael02" name="ael02_can_handle_all_missing_values"/>
    <testcase time="0.878" classname="ael02" name="ael02_can_handle_all_missing_values"/>
    <testcase time="0.04" classname="ael02" name="ael02_functions_work_as_expected"/>
    <testcase time="0.00100000000000033" classname="ael02" name="ael02_functions_work_as_expected"/>
    <testcase time="0.835" classname="ael02" name="ael02_functions_work_as_expected"/>
  </testsuite>
  <testsuite name="ael03" timestamp="2025-02-20T12:55:19Z" hostname="1da0a907ae8d" tests="9" skipped="0" failures="0" errors="0" time="2.728">
    <testcase time="0.0569999999999995" classname="ael03" name="ael03_works_with_adae_dataset"/>
    <testcase time="0.00100000000000033" classname="ael03" name="ael03_works_with_adae_dataset"/>
    <testcase time="0.862" classname="ael03" name="ael03_works_with_adae_dataset"/>
    <testcase time="0.0419999999999998" classname="ael03" name="ael03_can_handle_all_missing_values"/>
    <testcase time="0.00100000000000033" classname="ael03" name="ael03_can_handle_all_missing_values"/>
    <testcase time="0.874" classname="ael03" name="ael03_can_handle_all_missing_values"/>
    <testcase time="0.0469999999999997" classname="ael03" name="ael03_functions_work_as_expected"/>
    <testcase time="0.00100000000000033" classname="ael03" name="ael03_functions_work_as_expected"/>
    <testcase time="0.843000000000001" classname="ael03" name="ael03_functions_work_as_expected"/>
  </testsuite>
  <testsuite name="aet01" timestamp="2025-02-20T12:55:22Z" hostname="1da0a907ae8d" tests="13" skipped="0" failures="0" errors="0" time="3.26">
    <testcase time="0.388999999999999" classname="aet01" name="aet01_can_handle_all_NA_values"/>
    <testcase time="0.276" classname="aet01" name="aet01_can_handle_all_NA_values"/>
    <testcase time="0.275" classname="aet01" name="aet01_can_handle_all_NA_values"/>
    <testcase time="0.217000000000001" classname="aet01" name="aet01_can_handle_all_NA_values"/>
    <testcase time="0.257" classname="aet01" name="aet01_can_handle_some_NA_values"/>
    <testcase time="0.273999999999999" classname="aet01" name="aet01_can_handle_some_NA_values"/>
    <testcase time="0.203000000000001" classname="aet01" name="aet01_can_use_custom_anl_vars"/>
    <testcase time="0.340999999999999" classname="aet01" name="aet01_can_use_custom_anl_vars"/>
    <testcase time="0.0579999999999998" classname="aet01" name="aet01_fails_on_incomplete_data_input"/>
    <testcase time="0.282" classname="aet01" name="aet01_can_use_custom_medconcept_var"/>
    <testcase time="0.275" classname="aet01" name="aet01_can_use_custom_medconcept_var"/>
    <testcase time="0.182" classname="aet01" name="aet01_can_conditionally_show_the_number_of_withdrawal"/>
    <testcase time="0.231" classname="aet01" name="aet01_can_conditionally_show_the_number_of_withdrawal"/>
  </testsuite>
  <testsuite name="aet01_aesi" timestamp="2025-02-20T12:55:25Z" hostname="1da0a907ae8d" tests="9" skipped="0" failures="0" errors="0" time="1.962">
    <testcase time="0.208" classname="aet01_aesi" name="aet01_aesi_can_handle_all_NA_values"/>
    <testcase time="0.248999999999999" classname="aet01_aesi" name="aet01_aesi_can_handle_all_NA_values"/>
    <testcase time="0.180999999999999" classname="aet01_aesi" name="aet01_aesi_can_handle_all_NA_values"/>
    <testcase time="0.208" classname="aet01_aesi" name="aet01_aesi_can_handle_all_NA_values"/>
    <testcase time="0.186" classname="aet01_aesi" name="aet01_aesi_can_handle_some_NA_values"/>
    <testcase time="0.252000000000001" classname="aet01_aesi" name="aet01_aesi_can_handle_some_NA_values"/>
    <testcase time="0.253" classname="aet01_aesi" name="aet01_aesi_works_with_ALL_argument"/>
    <testcase time="0.375999999999999" classname="aet01_aesi" name="aet01_aesi_works_with_ALL_argument"/>
    <testcase time="0.0489999999999995" classname="aet01_aesi" name="aet01_aesi_check_fails_on_incomplete_data_input"/>
  </testsuite>
  <testsuite name="aet02" timestamp="2025-02-20T12:55:27Z" hostname="1da0a907ae8d" tests="4" skipped="0" failures="0" errors="0" time="2.428">
    <testcase time="0.0560000000000009" classname="aet02" name="aet02_fails_on_incomplete_data_input"/>
    <testcase time="0.119" classname="aet02" name="aet02_handle_empty_data_input"/>
    <testcase time="1.509" classname="aet02" name="aet02_can_have_different_levels_of_row_split"/>
    <testcase time="0.744" classname="aet02" name="aet02_can_have_different_levels_of_row_split"/>
  </testsuite>
  <testsuite name="aet03" timestamp="2025-02-20T12:55:30Z" hostname="1da0a907ae8d" tests="4" skipped="0" failures="0" errors="0" time="2.501">
    <testcase time="0.268000000000001" classname="aet03" name="aet03_can_handle_NA_values"/>
    <testcase time="0.247999999999998" classname="aet03" name="aet03_can_handle_NA_values"/>
    <testcase time="1.268" classname="aet03" name="aet03_can_handle_some_NA_values"/>
    <testcase time="0.717000000000002" classname="aet03" name="aet03_can_handle_some_NA_values"/>
  </testsuite>
  <testsuite name="aet04" timestamp="2025-02-20T12:55:32Z" hostname="1da0a907ae8d" tests="12" skipped="0" failures="0" errors="0" time="11.282">
    <testcase time="0.415999999999997" classname="aet04" name="aet04_can_handle_NA_values"/>
    <testcase time="0.405000000000001" classname="aet04" name="aet04_can_handle_NA_values"/>
    <testcase time="0.408000000000001" classname="aet04" name="aet04_can_handle_NA_values"/>
    <testcase time="0.00399999999999778" classname="aet04" name="aet04_can_handle_NA_values"/>
    <testcase time="0.403000000000002" classname="aet04" name="aet04_can_handle_NA_values"/>
    <testcase time="0.41" classname="aet04" name="aet04_can_handle_NA_values"/>
    <testcase time="2.286" classname="aet04" name="aet04_can_handle_some_NA_values"/>
    <testcase time="1.123" classname="aet04" name="aet04_can_handle_some_NA_values"/>
    <testcase time="2.308" classname="aet04" name="aet04_can_handle_some_NA_values"/>
    <testcase time="0.00600000000000023" classname="aet04" name="aet04_can_handle_some_NA_values"/>
    <testcase time="2.307" classname="aet04" name="aet04_can_handle_some_NA_values"/>
    <testcase time="1.206" classname="aet04" name="aet04_can_handle_some_NA_values"/>
  </testsuite>
  <testsuite name="aet05" timestamp="2025-02-20T12:55:43Z" hostname="1da0a907ae8d" tests="6" skipped="0" failures="0" errors="0" time="1.215">
    <testcase time="0.135999999999999" classname="aet05" name="aet05_can_handle_NA_values"/>
    <testcase time="0.257999999999999" classname="aet05" name="aet05_can_handle_NA_values"/>
    <testcase time="0.129999999999999" classname="aet05" name="aet05_can_handle_some_NA_values"/>
    <testcase time="0.282" classname="aet05" name="aet05_can_handle_some_NA_values"/>
    <testcase time="0.140000000000001" classname="aet05" name="aet05_can_handle_some_NA_values"/>
    <testcase time="0.269000000000002" classname="aet05" name="aet05_can_handle_some_NA_values"/>
  </testsuite>
  <testsuite name="aet05_all" timestamp="2025-02-20T12:55:45Z" hostname="1da0a907ae8d" tests="6" skipped="0" failures="0" errors="0" time="1.238">
    <testcase time="0.152999999999999" classname="aet05_all" name="aet05_all_can_handle_NA_values"/>
    <testcase time="0.245000000000001" classname="aet05_all" name="aet05_all_can_handle_NA_values"/>
    <testcase time="0.148" classname="aet05_all" name="aet05_all_can_handle_some_NA_values"/>
    <testcase time="0.280999999999999" classname="aet05_all" name="aet05_all_can_handle_some_NA_values"/>
    <testcase time="0.128999999999998" classname="aet05_all" name="aet05_all_can_handle_some_NA_values"/>
    <testcase time="0.282000000000004" classname="aet05_all" name="aet05_all_can_handle_some_NA_values"/>
  </testsuite>
  <testsuite name="aet10" timestamp="2025-02-20T12:55:46Z" hostname="1da0a907ae8d" tests="4" skipped="0" failures="0" errors="0" time="0.529">
    <testcase time="0.070999999999998" classname="aet10" name="aet10_can_handle_NA_values"/>
    <testcase time="0.127000000000002" classname="aet10" name="aet10_can_handle_NA_values"/>
    <testcase time="0.107999999999997" classname="aet10" name="aet10_can_handle_some_NA_values"/>
    <testcase time="0.222999999999999" classname="aet10" name="aet10_can_handle_some_NA_values"/>
  </testsuite>
  <testsuite name="assertions" timestamp="2025-02-20T12:55:46Z" hostname="1da0a907ae8d" tests="33" skipped="0" failures="0" errors="0" time="0.158">
    <testcase time="0.00800000000000267" classname="assertions" name="assert_valid_var.character_works_as_expected"/>
    <testcase time="0.00500000000000256" classname="assertions" name="assert_valid_var.character_works_as_expected"/>
    <testcase time="0.00399999999999778" classname="assertions" name="assert_valid_var.character_works_as_expected"/>
    <testcase time="0.00500000000000256" classname="assertions" name="assert_valid_var.character_works_as_expected"/>
    <testcase time="0.000999999999997669" classname="assertions" name="assert_valid_var.character_works_as_expected"/>
    <testcase time="0.00500000000000256" classname="assertions" name="assert_valid_var.factor_works_as_expected"/>
    <testcase time="0.00399999999999778" classname="assertions" name="assert_valid_var.factor_works_as_expected"/>
    <testcase time="0.00500000000000256" classname="assertions" name="assert_valid_var.factor_works_as_expected"/>
    <testcase time="0.00399999999999778" classname="assertions" name="assert_valid_var.factor_works_as_expected"/>
    <testcase time="0.00200000000000244" classname="assertions" name="assert_valid_var.factor_works_as_expected"/>
    <testcase time="0.00499999999999545" classname="assertions" name="assert_valid_var.logical_works_as_expected"/>
    <testcase time="0.00399999999999778" classname="assertions" name="assert_valid_var.logical_works_as_expected"/>
    <testcase time="0.00500000000000256" classname="assertions" name="assert_valid_var.logical_works_as_expected"/>
    <testcase time="0.000999999999997669" classname="assertions" name="assert_valid_var.logical_works_as_expected"/>
    <testcase time="0.00500000000000256" classname="assertions" name="assert_valid_var.numeric_works_as_expected"/>
    <testcase time="0.00399999999999778" classname="assertions" name="assert_valid_var.numeric_works_as_expected"/>
    <testcase time="0.00500000000000256" classname="assertions" name="assert_valid_var.numeric_works_as_expected"/>
    <testcase time="0.00200000000000244" classname="assertions" name="assert_valid_var.numeric_works_as_expected"/>
    <testcase time="0.00399999999999778" classname="assertions" name="assert_valid_var.numeric_works_as_expected"/>
    <testcase time="0.00200000000000244" classname="assertions" name="assert_valid_var.numeric_works_as_expected"/>
    <testcase time="0.00799999999999557" classname="assertions" name="assert_valid_var.POSIXct_works_as_expected"/>
    <testcase time="0.00900000000000034" classname="assertions" name="assert_valid_var.POSIXct_works_as_expected"/>
    <testcase time="0.00500000000000256" classname="assertions" name="assert_valid_variable_works_as_expected"/>
    <testcase time="0.00200000000000244" classname="assertions" name="assert_valid_variable_works_as_expected"/>
    <testcase time="0.0069999999999979" classname="assertions" name="assert_valid_variable_works_as_expected"/>
    <testcase time="0.00199999999999534" classname="assertions" name="assert_valid_variable_works_as_expected"/>
    <testcase time="0.00600000000000023" classname="assertions" name="assert_valid_variable_works_as_expected"/>
    <testcase time="0.00200000000000244" classname="assertions" name="assert_valid_variable_works_as_expected"/>
    <testcase time="0.00500000000000256" classname="assertions" name="assert_valid_var_pair_works_as_expected_with_character"/>
    <testcase time="0.00499999999999545" classname="assertions" name="assert_valid_var_pair_works_as_expected_with_character"/>
    <testcase time="0.0110000000000028" classname="assertions" name="assert_valid_var_pair_works_as_expected_with_factor"/>
    <testcase time="0.00800000000000267" classname="assertions" name="assert_valid_var_pair_works_as_expected_with_factor"/>
    <testcase time="0.00799999999999557" classname="assertions" name="assert_valid_var_pair_works_as_expected_with_factor"/>
  </testsuite>
  <testsuite name="cfbt01" timestamp="2025-02-20T12:55:47Z" hostname="1da0a907ae8d" tests="3" skipped="0" failures="0" errors="0" time="8.749">
    <testcase time="6.518" classname="cfbt01" name="cfbt01_functions_with_default_argument_value_return_expected_result_with_test_data"/>
    <testcase time="0.739000000000004" classname="cfbt01" name="cfbt01_can_handle_n_0_and_outputs_NE_instead_of_infs_and_NAs"/>
    <testcase time="1.492" classname="cfbt01" name="cfbt01_can_handle_n_0_and_outputs_NE_instead_of_infs_and_NAs"/>
  </testsuite>
  <testsuite name="checks" timestamp="2025-02-20T12:55:55Z" hostname="1da0a907ae8d" tests="8" skipped="0" failures="0" errors="0" time="0.027">
    <testcase time="0.00900000000000034" classname="checks" name="check_all_colnames_works_as_expected"/>
    <testcase time="0.00300000000000011" classname="checks" name="check_all_colnames_works_as_expected"/>
    <testcase time="0.000999999999997669" classname="checks" name="check_all_colnames_works_as_expected"/>
    <testcase time="0.00300000000000011" classname="checks" name="check_all_colnames_works_as_expected"/>
    <testcase time="0.00500000000000256" classname="checks" name="check_one_colnames_works_as_expected"/>
    <testcase time="0.00199999999999534" classname="checks" name="check_one_colnames_works_as_expected"/>
    <testcase time="0.00200000000000244" classname="checks" name="check_one_colnames_works_as_expected"/>
    <testcase time="0.00200000000000244" classname="checks" name="check_one_colnames_works_as_expected"/>
  </testsuite>
  <testsuite name="chevron_tlg-class" timestamp="2025-02-20T12:55:55Z" hostname="1da0a907ae8d" tests="27" skipped="0" failures="0" errors="0" time="0.086">
    <testcase time="0.00799999999999557" classname="chevron_tlg_class" name="chevron_t_object_can_be_constructed_with_default_values"/>
    <testcase time="0.00300000000000011" classname="chevron_tlg_class" name="chevron_t_object_can_be_constructed_with_default_values"/>
    <testcase time="0.00500000000000256" classname="chevron_tlg_class" name="chevron_t_object_can_be_constructed_with_custom_values"/>
    <testcase time="0.00300000000000011" classname="chevron_tlg_class" name="chevron_t_object_can_be_constructed_with_custom_values"/>
    <testcase time="0.00200000000000244" classname="chevron_tlg_class" name="chevron_t_object_can_be_constructed_with_custom_values"/>
    <testcase time="0.00300000000000011" classname="chevron_tlg_class" name="chevron_t_object_can_be_constructed_with_custom_values"/>
    <testcase time="0.00499999999999545" classname="chevron_tlg_class" name="chevron_t_constructor_returns_an_error_when_expected"/>
    <testcase time="0.00200000000000244" classname="chevron_tlg_class" name="chevron_t_constructor_returns_an_error_when_expected"/>
    <testcase time="0.000999999999997669" classname="chevron_tlg_class" name="chevron_t_constructor_returns_an_error_when_expected"/>
    <testcase time="0.00100000000000477" classname="chevron_tlg_class" name="chevron_t_constructor_returns_an_error_when_expected"/>
    <testcase time="0.000999999999997669" classname="chevron_tlg_class" name="chevron_t_constructor_returns_an_error_when_expected"/>
    <testcase time="0.000999999999997669" classname="chevron_tlg_class" name="chevron_t_constructor_returns_an_error_when_expected"/>
    <testcase time="0.00500000000000256" classname="chevron_tlg_class" name="chevron_l_object_can_be_constructed_with_default_values"/>
    <testcase time="0.00300000000000011" classname="chevron_tlg_class" name="chevron_l_object_can_be_constructed_with_default_values"/>
    <testcase time="0.00600000000000023" classname="chevron_tlg_class" name="chevron_g_object_can_be_constructed_with_custom_values"/>
    <testcase time="0.00300000000000011" classname="chevron_tlg_class" name="chevron_g_object_can_be_constructed_with_custom_values"/>
    <testcase time="0.00199999999999534" classname="chevron_tlg_class" name="chevron_g_object_can_be_constructed_with_custom_values"/>
    <testcase time="0.00300000000000011" classname="chevron_tlg_class" name="chevron_g_object_can_be_constructed_with_custom_values"/>
    <testcase time="0.00500000000000256" classname="chevron_tlg_class" name="chevron_g_constructor_returns_an_error_when_expected"/>
    <testcase time="0.000999999999997669" classname="chevron_tlg_class" name="chevron_g_constructor_returns_an_error_when_expected"/>
    <testcase time="0.00100000000000477" classname="chevron_tlg_class" name="chevron_g_constructor_returns_an_error_when_expected"/>
    <testcase time="0.000999999999997669" classname="chevron_tlg_class" name="chevron_g_constructor_returns_an_error_when_expected"/>
    <testcase time="0.000999999999997669" classname="chevron_tlg_class" name="chevron_g_constructor_returns_an_error_when_expected"/>
    <testcase time="0.00200000000000244" classname="chevron_tlg_class" name="chevron_g_constructor_returns_an_error_when_expected"/>
    <testcase time="0.00600000000000023" classname="chevron_tlg_class" name="chevron_simple_works_correctly"/>
    <testcase time="0.00200000000000244" classname="chevron_tlg_class" name="chevron_simple_works_correctly"/>
    <testcase time="0.00999999999999801" classname="chevron_tlg_class" name="chevron_simple_errors_if_contains_return"/>
  </testsuite>
  <testsuite name="chevron_tlg-methods" timestamp="2025-02-20T12:55:55Z" hostname="1da0a907ae8d" tests="59" skipped="1" failures="0" errors="0" time="9.749">
    <testcase time="1.041" classname="chevron_tlg_methods" name="run_works_as_expected_for_chevron_t_object"/>
    <testcase time="0.568000000000005" classname="chevron_tlg_methods" name="run_works_as_expected_for_chevron_t_object"/>
    <testcase time="0.576000000000001" classname="chevron_tlg_methods" name="run_works_as_expected_for_chevron_t_object_when_auto_pre_FALSE"/>
    <testcase time="0.326999999999998" classname="chevron_tlg_methods" name="run_works_as_expected_with_argument_printed"/>
    <testcase time="0.271999999999998" classname="chevron_tlg_methods" name="run_works_as_expected_with_argument_printed"/>
    <testcase time="0.413000000000004" classname="chevron_tlg_methods" name="run_works_as_expected_with_argument_printed_if_the_user_argument_is_complicated"/>
    <testcase time="0.363" classname="chevron_tlg_methods" name="run_works_as_expected_with_argument_printed_if_the_user_argument_is_complicated"/>
    <testcase time="0.413999999999994" classname="chevron_tlg_methods" name="run_uses_the_argument_passed_through_the_ellipsis_in_priority"/>
    <testcase time="0.367000000000004" classname="chevron_tlg_methods" name="run_uses_the_argument_passed_through_the_ellipsis_in_priority"/>
    <testcase time="0.318999999999996" classname="chevron_tlg_methods" name="run_works_as_expected_with_partial_match_argument"/>
    <testcase time="0.284000000000006" classname="chevron_tlg_methods" name="run_works_as_expected_with_partial_match_argument"/>
    <testcase time="0.422999999999995" classname="chevron_tlg_methods" name="run_displays_the_symbols_when_available"/>
    <testcase time="0.355000000000004" classname="chevron_tlg_methods" name="run_displays_the_symbols_when_available"/>
    <testcase time="0.301000000000002" classname="chevron_tlg_methods" name="run_print_internal_functions_when_unwrap_is_TRUE"/>
    <testcase time="0.00199999999999534" classname="chevron_tlg_methods" name="run_print_internal_functions_when_unwrap_is_TRUE"/>
    <testcase time="0.00100000000000477" classname="chevron_tlg_methods" name="run_print_internal_functions_when_unwrap_is_TRUE"/>
    <testcase time="0.0219999999999985" classname="chevron_tlg_methods" name="run_print_internal_functions_when_unwrap_is_TRUE"/>
    <testcase time="1.199" classname="chevron_tlg_methods" name="run_print_internal_functions_when_unwrap_is_TRUE_and_standard_chevron_tlg_has_no_layout"/>
    <testcase time="0.00999999999999801" classname="chevron_tlg_methods" name="run_print_internal_functions_when_unwrap_is_TRUE_and_the_chevron_tlg_object_is_customized"/>
    <testcase time="0.00100000000000477" classname="chevron_tlg_methods" name="run_print_internal_functions_when_unwrap_is_TRUE_and_the_chevron_tlg_object_is_customized"/>
    <testcase time="0.000999999999997669" classname="chevron_tlg_methods" name="run_print_internal_functions_when_unwrap_is_TRUE_and_the_chevron_tlg_object_is_customized"/>
    <testcase time="0.0219999999999985" classname="chevron_tlg_methods" name="run_print_internal_functions_when_unwrap_is_TRUE_and_the_chevron_tlg_object_is_customized"/>
    <testcase time="0.00900000000000034" classname="chevron_tlg_methods" name="run_print_main_and_postprocessing_functions_when_unwrap_is_TRUE_and_auto_pre_is_FALSE"/>
    <testcase time="0.000999999999997669" classname="chevron_tlg_methods" name="run_print_main_and_postprocessing_functions_when_unwrap_is_TRUE_and_auto_pre_is_FALSE"/>
    <testcase time="0.00100000000000477" classname="chevron_tlg_methods" name="run_print_main_and_postprocessing_functions_when_unwrap_is_TRUE_and_auto_pre_is_FALSE"/>
    <testcase time="0.00199999999999534" classname="chevron_tlg_methods" name="run_print_main_and_postprocessing_functions_when_unwrap_is_TRUE_and_auto_pre_is_FALSE"/>
    <testcase time="0.0300000000000011" classname="chevron_tlg_methods" name="run_print_main_and_postprocessing_functions_when_unwrap_is_TRUE_and_auto_pre_is_FALSE"/>
    <testcase time="0.007000000000005" classname="chevron_tlg_methods" name="args_ls_works_as_expected"/>
    <testcase time="0.00199999999999534" classname="chevron_tlg_methods" name="args_ls_works_as_expected"/>
    <testcase time="0.00100000000000477" classname="chevron_tlg_methods" name="args_ls_works_as_expected"/>
    <testcase time="0.00600000000000023" classname="chevron_tlg_methods" name="args_ls_works_as_expected_when_simplify_is_TRUE"/>
    <testcase time="0.000999999999997669" classname="chevron_tlg_methods" name="args_ls_works_as_expected_when_simplify_is_TRUE"/>
    <testcase time="0.000999999999997669" classname="chevron_tlg_methods" name="args_ls_works_as_expected_when_simplify_is_TRUE"/>
    <testcase time="0.00600000000000023" classname="chevron_tlg_methods" name="args_ls_works_as_expected_with_custom_chevron_tlg_object"/>
    <testcase time="0.000999999999997669" classname="chevron_tlg_methods" name="args_ls_works_as_expected_with_custom_chevron_tlg_object"/>
    <testcase time="0.00100000000000477" classname="chevron_tlg_methods" name="args_ls_works_as_expected_with_custom_chevron_tlg_object"/>
    <testcase time="0.00300000000000011" classname="chevron_tlg_methods" name="args_ls_works_as_expected_with_custom_chevron_tlg_object"/>
    <testcase time="0.00600000000000023" classname="chevron_tlg_methods" name="main_works_as_expected"/>
    <testcase time="0.00600000000000023" classname="chevron_tlg_methods" name="main_setter_works_as_expected"/>
    <testcase time="0.0109999999999957" classname="chevron_tlg_methods" name="main_setter_throw_an_error_as_expected"/>
    <testcase time="0.00600000000000023" classname="chevron_tlg_methods" name="preprocess_works_as_expected"/>
    <testcase time="0.00600000000000023" classname="chevron_tlg_methods" name="preprocess_setter_works_as_expected"/>
    <testcase time="0.0100000000000051" classname="chevron_tlg_methods" name="preprocess_sends_an_error_as_expected"/>
    <testcase time="0.00600000000000023" classname="chevron_tlg_methods" name="postprocess_works_as_expected"/>
    <testcase time="0.00599999999999312" classname="chevron_tlg_methods" name="postprocess_setter_works_as_expected"/>
    <testcase time="0.0110000000000028" classname="chevron_tlg_methods" name="postprocess_sends_an_error_as_expected"/>
    <testcase time="0.00399999999999778" classname="chevron_tlg_methods" name="script_funs_works_as_expected_in_interactive_mode">
      <skipped message="Reason: !interactive() is TRUE ('test-chevron_tlg-methods.R:264:3')"/>
    </testcase>
    <testcase time="0.0150000000000006" classname="chevron_tlg_methods" name="script_funs_works_as_expected"/>
    <testcase time="0.00200000000000244" classname="chevron_tlg_methods" name="script_funs_works_as_expected"/>
    <testcase time="2.199" classname="chevron_tlg_methods" name="script_funs_generates_a_valid_script"/>
    <testcase time="0.00200000000000244" classname="chevron_tlg_methods" name="script_funs_generates_a_valid_script"/>
    <testcase time="0.000999999999997669" classname="chevron_tlg_methods" name="script_funs_generates_a_valid_script"/>
    <testcase time="0.00200000000000244" classname="chevron_tlg_methods" name="script_funs_generates_a_valid_script"/>
    <testcase time="0.000999999999997669" classname="chevron_tlg_methods" name="script_funs_generates_a_valid_script"/>
    <testcase time="0.0380000000000038" classname="chevron_tlg_methods" name="script_funs_generates_a_valid_script"/>
    <testcase time="0.0069999999999979" classname="chevron_tlg_methods" name="script_funs_works_for_simple_template"/>
    <testcase time="0.00200000000000244" classname="chevron_tlg_methods" name="script_funs_works_for_simple_template"/>
    <testcase time="0.0289999999999964" classname="chevron_tlg_methods" name="print_list_works"/>
    <testcase time="0.0260000000000034" classname="chevron_tlg_methods" name="print_list_works_for_empty_list"/>
  </testsuite>
  <testsuite name="cml02a_gl" timestamp="2025-02-20T12:56:05Z" hostname="1da0a907ae8d" tests="6" skipped="0" failures="0" errors="0" time="0.547">
    <testcase time="0.0279999999999987" classname="cml02a_gl" name="cml02a_gl_works_with_adcm_dataset"/>
    <testcase time="0.168999999999997" classname="cml02a_gl" name="cml02a_gl_works_with_adcm_dataset"/>
    <testcase time="0.0240000000000009" classname="cml02a_gl" name="cml02a_gl_works_with_missing_data"/>
    <testcase time="0.131" classname="cml02a_gl" name="cml02a_gl_works_with_missing_data"/>
    <testcase time="0.0240000000000009" classname="cml02a_gl" name="cml02a_gl_functions_work_as_expected"/>
    <testcase time="0.170999999999999" classname="cml02a_gl" name="cml02a_gl_functions_work_as_expected"/>
  </testsuite>
  <testsuite name="cmt01a" timestamp="2025-02-20T12:56:06Z" hostname="1da0a907ae8d" tests="6" skipped="0" failures="0" errors="0" time="3.935">
    <testcase time="1.15" classname="cmt01a" name="cmt01a_functions_with_default_argument_value_return_expected_result_with_test_data"/>
    <testcase time="1.08900000000001" classname="cmt01a" name="cmt01a_functions_with_custom_argument_value_return_expected_result_with_test_data"/>
    <testcase time="0.157999999999994" classname="cmt01a" name="cmt01a_can_handle_all_NA_values"/>
    <testcase time="0.179000000000002" classname="cmt01a" name="cmt01a_can_handle_all_NA_values"/>
    <testcase time="0.792000000000002" classname="cmt01a" name="cmt01a_can_handle_some_NA_values"/>
    <testcase time="0.567" classname="cmt01a" name="cmt01a_can_handle_some_NA_values"/>
  </testsuite>
  <testsuite name="cmt02_pt" timestamp="2025-02-20T12:56:10Z" hostname="1da0a907ae8d" tests="4" skipped="0" failures="0" errors="0" time="0.607">
    <testcase time="0.103999999999999" classname="cmt02_pt" name="cmt02_pt_can_handle_all_NA_values"/>
    <testcase time="0.140999999999998" classname="cmt02_pt" name="cmt02_pt_can_handle_all_NA_values"/>
    <testcase time="0.140000000000001" classname="cmt02_pt" name="cmt02_pt_can_handle_some_NA_values"/>
    <testcase time="0.222000000000001" classname="cmt02_pt" name="cmt02_pt_can_handle_some_NA_values"/>
  </testsuite>
  <testsuite name="coxt01" timestamp="2025-02-20T12:56:10Z" hostname="1da0a907ae8d" tests="9" skipped="0" failures="0" errors="0" time="1.693">
    <testcase time="0.304000000000002" classname="coxt01" name="coxt01_can_handle_some_NA_values"/>
    <testcase time="0.192" classname="coxt01" name="coxt01_can_handle_some_NA_values"/>
    <testcase time="0.238999999999997" classname="coxt01" name="coxt01_can_handle_some_NA_values"/>
    <testcase time="0.186999999999998" classname="coxt01" name="coxt01_can_handle_some_NA_values"/>
    <testcase time="0.185000000000002" classname="coxt01" name="coxt01_can_handle_some_NA_values"/>
    <testcase time="0.171999999999997" classname="coxt01" name="coxt01_can_handle_some_NA_values"/>
    <testcase time="0.204000000000001" classname="coxt01" name="coxt01_can_handle_some_NA_values"/>
    <testcase time="0.196000000000005" classname="coxt01" name="coxt01_can_handle_some_NA_values"/>
    <testcase time="0.0139999999999958" classname="coxt01" name="coxt01_fails_on_incomlete_data"/>
  </testsuite>
  <testsuite name="coxt02" timestamp="2025-02-20T12:56:12Z" hostname="1da0a907ae8d" tests="9" skipped="0" failures="0" errors="0" time="2.137">
    <testcase time="0.392000000000003" classname="coxt02" name="coxt02_can_handle_some_NA_values"/>
    <testcase time="0.222999999999999" classname="coxt02" name="coxt02_can_handle_some_NA_values"/>
    <testcase time="0.392000000000003" classname="coxt02" name="coxt02_can_handle_some_NA_values"/>
    <testcase time="0.221999999999994" classname="coxt02" name="coxt02_can_handle_some_NA_values"/>
    <testcase time="0.254000000000005" classname="coxt02" name="coxt02_can_handle_some_NA_values"/>
    <testcase time="0.184999999999995" classname="coxt02" name="coxt02_can_handle_some_NA_values"/>
    <testcase time="0.263000000000005" classname="coxt02" name="coxt02_can_handle_some_NA_values"/>
    <testcase time="0.192" classname="coxt02" name="coxt02_can_handle_some_NA_values"/>
    <testcase time="0.0139999999999958" classname="coxt02" name="coxt02_fails_on_incomlete_data"/>
  </testsuite>
  <testsuite name="default_tlg" timestamp="2025-02-20T12:56:14Z" hostname="1da0a907ae8d" tests="15" skipped="0" failures="0" errors="0" time="11.208">
    <testcase time="0.152000000000001" classname="default_tlg" name="ael01_nollt_function_with_default_argument_value_return_expected_result_with_test_data"/>
    <testcase time="0.521000000000001" classname="default_tlg" name="aet01_function_with_default_argument_value_return_expected_result_with_test_data"/>
    <testcase time="0.466999999999999" classname="default_tlg" name="aet01_aesi_function_with_default_argument_value_return_expected_result_with_test_data"/>
    <testcase time="0.983000000000004" classname="default_tlg" name="aet02_functions_with_default_argument_value_return_expected_result_with_test_data"/>
    <testcase time="2.013" classname="default_tlg" name="aet03_functions_with_default_argument_value_return_expected_result_with_test_data"/>
    <testcase time="3.098" classname="default_tlg" name="aet04_functions_with_default_argument_value_return_expected_result_with_test_data"/>
    <testcase time="0.423000000000002" classname="default_tlg" name="aet05_functions_with_default_argument_value_return_expected_result_with_test_data"/>
    <testcase time="0.417999999999992" classname="default_tlg" name="aet05_all_functions_with_default_argument_value_return_expected_result_with_test_data"/>
    <testcase time="0.316000000000003" classname="default_tlg" name="aet10_functions_with_default_argument_value_return_expected_result_with_test_data"/>
    <testcase time="0.376000000000005" classname="default_tlg" name="cmt02_pt_functions_with_default_argument_value_return_expected_result_with_test_data"/>
    <testcase time="0.471999999999994" classname="default_tlg" name="coxt01_functions_with_default_argument_value_return_expected_result_with_test_data"/>
    <testcase time="0.644000000000005" classname="default_tlg" name="coxt02_functions_with_default_argument_value_return_expected_result_with_test_data"/>
    <testcase time="0.608000000000004" classname="default_tlg" name="dmt01_functions_with_default_argument_value_return_expected_result_with_test_data"/>
    <testcase time="0.444999999999993" classname="default_tlg" name="dst01_functions_with_default_argument_value_return_expected_result_with_test_data"/>
    <testcase time="0.272000000000006" classname="default_tlg" name="dtht01_functions_with_default_argument_value_return_expected_result_with_test_data"/>
  </testsuite>
  <testsuite name="dmt01" timestamp="2025-02-20T12:56:25Z" hostname="1da0a907ae8d" tests="19" skipped="0" failures="0" errors="0" time="4.551">
    <testcase time="0.219999999999999" classname="dmt01" name="dmt01_can_handle_NA_values"/>
    <testcase time="0.326999999999998" classname="dmt01" name="dmt01_can_handle_NA_values"/>
    <testcase time="0.210999999999999" classname="dmt01" name="dmt01_can_handle_numeric_NA_values"/>
    <testcase time="0.412000000000006" classname="dmt01" name="dmt01_can_handle_numeric_NA_values"/>
    <testcase time="0.0159999999999911" classname="dmt01" name="dmt01_returns_an_error_when_variables_are_of_the_wrong_type"/>
    <testcase time="0.159000000000006" classname="dmt01" name="dmt01_works_as_expected_with_setting_default_precision"/>
    <testcase time="0.322999999999993" classname="dmt01" name="dmt01_works_as_expected_with_setting_default_precision"/>
    <testcase time="0.174000000000007" classname="dmt01" name="dmt01_works_as_expected_with_auto_precision_settings"/>
    <testcase time="0.390000000000001" classname="dmt01" name="dmt01_works_as_expected_with_auto_precision_settings"/>
    <testcase time="0.168999999999997" classname="dmt01" name="dmt01_works_as_expected_with_auto_precision_settings_and_defined_precision"/>
    <testcase time="0.363" classname="dmt01" name="dmt01_works_as_expected_with_auto_precision_settings_and_defined_precision"/>
    <testcase time="0.161000000000001" classname="dmt01" name="dmt01_works_as_expected_with_auto_precision_settings_and_defined_precision_and_default"/>
    <testcase time="0.527000000000001" classname="dmt01" name="dmt01_works_as_expected_with_auto_precision_settings_and_defined_precision_and_default"/>
    <testcase time="0.131" classname="dmt01" name="dmt01_works_as_expected_with_cutomized_stats_value"/>
    <testcase time="0.266999999999996" classname="dmt01" name="dmt01_works_as_expected_with_cutomized_stats_value"/>
    <testcase time="0.144999999999996" classname="dmt01" name="dmt01_works_as_expected_with_empty_list_as_stats_value"/>
    <testcase time="0.295000000000002" classname="dmt01" name="dmt01_works_as_expected_with_empty_list_as_stats_value"/>
    <testcase time="0.0769999999999982" classname="dmt01" name="dmt01_works_as_expected_with_only_one_summaryvars"/>
    <testcase time="0.184000000000012" classname="dmt01" name="dmt01_works_as_expected_with_only_one_summaryvars"/>
  </testsuite>
  <testsuite name="dst01" timestamp="2025-02-20T12:56:30Z" hostname="1da0a907ae8d" tests="14" skipped="0" failures="0" errors="0" time="2.412">
    <testcase time="0.128999999999991" classname="dst01" name="dst01_works_as_expected_when_all_data_are_NA"/>
    <testcase time="0.0790000000000077" classname="dst01" name="dst01_works_as_expected_when_all_data_are_NA"/>
    <testcase time="0.108999999999995" classname="dst01" name="dst01_can_handle_all_NA_values_in_DCSREAS"/>
    <testcase time="0.138999999999996" classname="dst01" name="dst01_can_handle_all_NA_values_in_DCSREAS"/>
    <testcase time="0.155000000000001" classname="dst01" name="dst01_can_handle_some_NA_values"/>
    <testcase time="0.219999999999999" classname="dst01" name="dst01_can_handle_some_NA_values"/>
    <testcase time="0.129999999999995" classname="dst01" name="dst01_can_handle_missing_levels_in_status_var"/>
    <testcase time="0.070999999999998" classname="dst01" name="dst01_can_handle_missing_levels_in_status_var"/>
    <testcase time="0.177999999999997" classname="dst01" name="dst01_can_create_variants"/>
    <testcase time="0.215000000000003" classname="dst01" name="dst01_can_create_variants"/>
    <testcase time="0.213000000000008" classname="dst01" name="dst01_can_create_variants"/>
    <testcase time="0.234999999999999" classname="dst01" name="dst01_can_create_variants"/>
    <testcase time="0.257999999999996" classname="dst01" name="dst01_can_create_variants"/>
    <testcase time="0.280999999999992" classname="dst01" name="dst01_can_create_variants"/>
  </testsuite>
  <testsuite name="dtht01" timestamp="2025-02-20T12:56:32Z" hostname="1da0a907ae8d" tests="5" skipped="0" failures="0" errors="0" time="1.399">
    <testcase time="0.103000000000009" classname="dtht01" name="dtht01_can_handle_all_NA_values"/>
    <testcase time="0.165999999999997" classname="dtht01" name="dtht01_can_handle_all_NA_values"/>
    <testcase time="0.225999999999999" classname="dtht01" name="dtht01_can_handle_some_NA_values"/>
    <testcase time="0.337000000000003" classname="dtht01" name="dtht01_can_handle_some_NA_values"/>
    <testcase time="0.566999999999993" classname="dtht01" name="dtht01_can_be_parametrize_as_expected"/>
  </testsuite>
  <testsuite name="egt01" timestamp="2025-02-20T12:56:34Z" hostname="1da0a907ae8d" tests="3" skipped="0" failures="0" errors="0" time="6.661">
    <testcase time="3.29400000000001" classname="egt01" name="egt01_functions_with_default_argument_value_return_expected_result_with_test_data"/>
    <testcase time="1.256" classname="egt01" name="egt01_can_handle_n_0_and_outputs_NE_instead_of_infs_and_NAs"/>
    <testcase time="2.11099999999999" classname="egt01" name="egt01_can_handle_n_0_and_outputs_NE_instead_of_infs_and_NAs"/>
  </testsuite>
  <testsuite name="egt02" timestamp="2025-02-20T12:56:40Z" hostname="1da0a907ae8d" tests="2" skipped="0" failures="0" errors="0" time="0.669">
    <testcase time="0.352000000000004" classname="egt02" name="egt02_1_functions_with_default_argument_value_return_expected_result_with_test_data"/>
    <testcase time="0.317000000000007" classname="egt02" name="egt02_2_functions_with_default_value_return_expected_result_with_test_data"/>
  </testsuite>
  <testsuite name="egt03" timestamp="2025-02-20T12:56:41Z" hostname="1da0a907ae8d" tests="5" skipped="0" failures="0" errors="0" time="3.159">
    <testcase time="1.56999999999999" classname="egt03" name="egt03_functions_with_default_argument_value_return_expected_result_with_test_data"/>
    <testcase time="0.0160000000000053" classname="egt03" name="egt03_errors_on_all_NA_values"/>
    <testcase time="0.500999999999991" classname="egt03" name="egt03_can_handle_some_NA_values"/>
    <testcase time="1.05600000000001" classname="egt03" name="egt03_can_handle_some_NA_values"/>
    <testcase time="0.0159999999999911" classname="egt03" name="egt03_fails_on_incomplete_data"/>
  </testsuite>
  <testsuite name="egt05_qtcat" timestamp="2025-02-20T12:56:44Z" hostname="1da0a907ae8d" tests="4" skipped="0" failures="0" errors="0" time="3.463">
    <testcase time="2.23699999999999" classname="egt05_qtcat" name="egt05_qtcat_functions_with_default_argument_value_return_expected_result_with_test_data"/>
    <testcase time="0.0160000000000053" classname="egt05_qtcat" name="egt05_qtcat_erros_on_all_NA_values"/>
    <testcase time="0.411000000000001" classname="egt05_qtcat" name="egt05_qtcat_can_handle_some_NA_values"/>
    <testcase time="0.799000000000007" classname="egt05_qtcat" name="egt05_qtcat_can_handle_some_NA_values"/>
  </testsuite>
  <testsuite name="empty_report" timestamp="2025-02-20T12:56:48Z" hostname="1da0a907ae8d" tests="25" skipped="0" failures="0" errors="0" time="2.858">
    <testcase time="0.105999999999995" classname="empty_report" name="tlg_functions_return_null_reports_when_domain_table_is_empty"/>
    <testcase time="0.489999999999995" classname="empty_report" name="tlg_functions_return_null_reports_when_domain_table_is_empty"/>
    <testcase time="0.177000000000007" classname="empty_report" name="tlg_functions_return_null_reports_when_domain_table_is_empty"/>
    <testcase time="0.100999999999999" classname="empty_report" name="tlg_functions_return_null_reports_when_domain_table_is_empty"/>
    <testcase time="0.097999999999999" classname="empty_report" name="tlg_functions_return_null_reports_when_domain_table_is_empty"/>
    <testcase time="0.070999999999998" classname="empty_report" name="tlg_functions_return_null_reports_when_domain_table_is_empty"/>
    <testcase time="0.108999999999995" classname="empty_report" name="tlg_functions_return_null_reports_when_domain_table_is_empty"/>
    <testcase time="0.141000000000005" classname="empty_report" name="tlg_functions_return_null_reports_when_domain_table_is_empty"/>
    <testcase time="0.159000000000006" classname="empty_report" name="tlg_functions_return_null_reports_when_domain_table_is_empty"/>
    <testcase time="0.0789999999999935" classname="empty_report" name="tlg_functions_return_null_reports_when_domain_table_is_empty"/>
    <testcase time="0.0970000000000084" classname="empty_report" name="tlg_functions_return_null_reports_when_domain_table_is_empty"/>
    <testcase time="0.0519999999999925" classname="empty_report" name="tlg_functions_return_null_reports_when_domain_table_is_empty"/>
    <testcase time="0.0480000000000018" classname="empty_report" name="tlg_functions_return_null_reports_when_domain_table_is_empty"/>
    <testcase time="0.0699999999999932" classname="empty_report" name="tlg_functions_return_null_reports_when_domain_table_is_empty"/>
    <testcase time="0.0640000000000072" classname="empty_report" name="tlg_functions_return_null_reports_when_domain_table_is_empty"/>
    <testcase time="0.0750000000000028" classname="empty_report" name="tlg_functions_return_null_reports_when_domain_table_is_empty"/>
    <testcase time="0.0799999999999983" classname="empty_report" name="tlg_functions_return_null_reports_when_domain_table_is_empty"/>
    <testcase time="0.0990000000000038" classname="empty_report" name="tlg_functions_return_null_reports_when_domain_table_is_empty"/>
    <testcase time="0.298999999999992" classname="empty_report" name="tlg_functions_return_null_reports_when_domain_table_is_empty"/>
    <testcase time="0.0889999999999986" classname="empty_report" name="tlg_functions_return_null_reports_when_domain_table_is_empty"/>
    <testcase time="0.0919999999999987" classname="empty_report" name="tlg_functions_return_null_reports_when_domain_table_is_empty"/>
    <testcase time="0.0630000000000024" classname="empty_report" name="tlg_functions_return_null_reports_when_domain_table_is_empty"/>
    <testcase time="0.0990000000000038" classname="empty_report" name="tlg_functions_return_null_reports_when_domain_table_is_empty"/>
    <testcase time="0.0499999999999972" classname="empty_report" name="tlg_functions_return_null_reports_when_domain_table_is_empty"/>
    <testcase time="0.0499999999999972" classname="empty_report" name="tlg_functions_return_null_reports_when_domain_table_is_empty"/>
  </testsuite>
  <testsuite name="ext01" timestamp="2025-02-20T12:56:50Z" hostname="1da0a907ae8d" tests="10" skipped="0" failures="0" errors="0" time="5.038">
    <testcase time="0.486000000000004" classname="ext01" name="ext01_functions_with_default_argument_value_return_expected_result_with_test_data"/>
    <testcase time="0.537000000000006" classname="ext01" name="ext01_functions_with_categorical_data_return_expected_result_with_test_data"/>
    <testcase time="0.187999999999988" classname="ext01" name="ext01_works"/>
    <testcase time="0.316000000000003" classname="ext01" name="ext01_works"/>
    <testcase time="0.182000000000002" classname="ext01" name="ext01_works"/>
    <testcase time="0.320999999999998" classname="ext01" name="ext01_works"/>
    <testcase time="0.537999999999997" classname="ext01" name="ext01_works_for_selected_parameters_and_categorical_variables"/>
    <testcase time="0.806000000000012" classname="ext01" name="ext01_works_with_custom_mapping_order"/>
    <testcase time="0.803999999999988" classname="ext01" name="ext01_works_with_custom_mapping_order_for_a_single_split"/>
    <testcase time="0.860000000000014" classname="ext01" name="ext01_works_with_custom_mapping_fill_in_value"/>
  </testsuite>
  <testsuite name="fstg01" timestamp="2025-02-20T12:56:56Z" hostname="1da0a907ae8d" tests="13" skipped="0" failures="0" errors="0" time="6.763">
    <testcase time="0.012999999999991" classname="fstg01" name="fstg01_works_as_expected"/>
    <testcase time="1.27500000000001" classname="fstg01" name="fstg01_works_as_expected"/>
    <testcase time="0.00300000000000011" classname="fstg01" name="fstg01_works_as_expected"/>
    <testcase time="1.285" classname="fstg01" name="fstg01_works_as_expected_with_custom_color_set"/>
    <testcase time="0.00400000000000489" classname="fstg01" name="fstg01_works_as_expected_with_custom_color_set"/>
    <testcase time="1.274" classname="fstg01" name="fstg01_works_as_expected_with_custom_color_set"/>
    <testcase time="0.00300000000000011" classname="fstg01" name="fstg01_works_as_expected_with_custom_color_set"/>
    <testcase time="0.673999999999992" classname="fstg01" name="fstg01_works_if_changes_are_in_subgroups_conf_level_and_label_all"/>
    <testcase time="0.00300000000000011" classname="fstg01" name="fstg01_works_if_changes_are_in_subgroups_conf_level_and_label_all"/>
    <testcase time="0.914999999999992" classname="fstg01" name="fstg01_works_if_changes_are_in_subgroups_conf_level_and_label_all"/>
    <testcase time="0.00300000000000011" classname="fstg01" name="fstg01_works_if_changes_are_in_subgroups_conf_level_and_label_all"/>
    <testcase time="1.30800000000001" classname="fstg01" name="fstg01_can_handle_some_NA_values_in_subgroups"/>
    <testcase time="0.00300000000000011" classname="fstg01" name="fstg01_can_handle_some_NA_values_in_subgroups"/>
  </testsuite>
  <testsuite name="fstg02" timestamp="2025-02-20T12:57:02Z" hostname="1da0a907ae8d" tests="9" skipped="0" failures="0" errors="0" time="8.961">
    <testcase time="0.0139999999999958" classname="fstg02" name="fstg02_works_as_expected"/>
    <testcase time="1.255" classname="fstg02" name="fstg02_works_as_expected"/>
    <testcase time="1.29000000000001" classname="fstg02" name="fstg02_works_as_expected_with_custom_color_set"/>
    <testcase time="1.288" classname="fstg02" name="fstg02_works_as_expected_with_custom_color_set"/>
    <testcase time="0.624000000000009" classname="fstg02" name="fstg02_works_if_changes_are_in_subgroups_strata_var_conf_level_and_label_all"/>
    <testcase time="0.99499999999999" classname="fstg02" name="fstg02_works_if_changes_are_in_subgroups_strata_var_conf_level_and_label_all"/>
    <testcase time="1.15100000000001" classname="fstg02" name="fstg02_can_handle_some_NA_values_in_subgroups"/>
    <testcase time="1.16999999999999" classname="fstg02" name="fstg02_can_handle_customized_time_units"/>
    <testcase time="1.17400000000001" classname="fstg02" name="fstg02_can_handle_customized_time_units"/>
  </testsuite>
  <testsuite name="kmg01" timestamp="2025-02-20T12:57:11Z" hostname="1da0a907ae8d" tests="13" skipped="0" failures="0" errors="0" time="2.127">
    <testcase time="0.0120000000000005" classname="kmg01" name="kmg01_works_as_expected"/>
    <testcase time="0.367000000000004" classname="kmg01" name="kmg01_works_as_expected"/>
    <testcase time="0.00300000000000011" classname="kmg01" name="kmg01_works_as_expected"/>
    <testcase time="0.361999999999995" classname="kmg01" name="kmg01_works_as_expected_with_custom_color_set"/>
    <testcase time="0.00400000000000489" classname="kmg01" name="kmg01_works_as_expected_with_custom_color_set"/>
    <testcase time="0.359999999999999" classname="kmg01" name="kmg01_works_as_expected_with_custom_color_set"/>
    <testcase time="0.00300000000000011" classname="kmg01" name="kmg01_works_as_expected_with_custom_color_set"/>
    <testcase time="0.364999999999995" classname="kmg01" name="kmg01_works_if_change_pvalue_ties_and_conf_level"/>
    <testcase time="0.00300000000000011" classname="kmg01" name="kmg01_works_if_change_pvalue_ties_and_conf_level"/>
    <testcase time="0.388999999999996" classname="kmg01" name="kmg01_works_if_change_annotation_position"/>
    <testcase time="0.00300000000000011" classname="kmg01" name="kmg01_works_if_change_annotation_position"/>
    <testcase time="0.253" classname="kmg01" name="kmg01_works_for_stratified_analysis"/>
    <testcase time="0.00300000000000011" classname="kmg01" name="kmg01_works_for_stratified_analysis"/>
  </testsuite>
  <testsuite name="lbt01" timestamp="2025-02-20T12:57:13Z" hostname="1da0a907ae8d" tests="4" skipped="0" failures="0" errors="0" time="9.925">
    <testcase time="3.191" classname="lbt01" name="lbt01_functions_with_default_argument_value_return_expected_result_with_test_data"/>
    <testcase time="3.377" classname="lbt01" name="lbt01_functions_with_row_split_var_return_expected_result_with_test_data"/>
    <testcase time="1.08300000000001" classname="lbt01" name="lbt01_can_handle_n_0_and_outputs_NE_instead_of_infs_and_NAs"/>
    <testcase time="2.274" classname="lbt01" name="lbt01_can_handle_n_0_and_outputs_NE_instead_of_infs_and_NAs"/>
  </testsuite>
  <testsuite name="lbt04" timestamp="2025-02-20T12:57:23Z" hostname="1da0a907ae8d" tests="8" skipped="0" failures="0" errors="0" time="3.353">
    <testcase time="1.04300000000001" classname="lbt04" name="lbt04_functions_with_default_argument_value_return_expected_result_with_test_data"/>
    <testcase time="0.101999999999975" classname="lbt04" name="lbt04_can_handle_all_NA_values"/>
    <testcase time="0.0740000000000123" classname="lbt04" name="lbt04_can_handle_all_NA_values"/>
    <testcase time="0.346000000000004" classname="lbt04" name="lbt04_can_handle_missing_levels"/>
    <testcase time="0.859999999999985" classname="lbt04" name="lbt04_can_handle_missing_levels"/>
    <testcase time="0.295000000000016" classname="lbt04" name="lbt04_can_handle_some_NA_values"/>
    <testcase time="0.617999999999995" classname="lbt04" name="lbt04_can_handle_some_NA_values"/>
    <testcase time="0.0149999999999864" classname="lbt04" name="lbt04_fails_on_incomlete_data"/>
  </testsuite>
  <testsuite name="lbt05" timestamp="2025-02-20T12:57:27Z" hostname="1da0a907ae8d" tests="8" skipped="0" failures="0" errors="0" time="2.602">
    <testcase time="0.667000000000002" classname="lbt05" name="lbt05_functions_with_default_argument_value_return_expected_result_with_test_data"/>
    <testcase time="0.268000000000001" classname="lbt05" name="lbt05_functions_with_default_argument_value_return_expected_result_with_test_data"/>
    <testcase time="0.298000000000002" classname="lbt05" name="lbt05_give_all_0_count_if_ANRIND_are_all_missing"/>
    <testcase time="0.281000000000006" classname="lbt05" name="lbt05_can_handle_some_NA_values"/>
    <testcase time="0.39500000000001" classname="lbt05" name="lbt05_can_handle_some_NA_values"/>
    <testcase time="0.0319999999999823" classname="lbt05" name="lbt05_fails_on_incomlete_data"/>
    <testcase time="0.280000000000001" classname="lbt05" name="lbt05_works_with_missing_levels"/>
    <testcase time="0.381" classname="lbt05" name="lbt05_works_with_missing_levels"/>
  </testsuite>
  <testsuite name="lbt06" timestamp="2025-02-20T12:57:29Z" hostname="1da0a907ae8d" tests="3" skipped="0" failures="0" errors="0" time="3.651">
    <testcase time="0.942000000000007" classname="lbt06" name="lbt06_gives_all_0_count_if_ANRIND_and_BNRIND_are_all_missing"/>
    <testcase time="2.66900000000001" classname="lbt06" name="lbt06_can_handle_some_NA_values"/>
    <testcase time="0.039999999999992" classname="lbt06" name="lbt06_fails_on_incomplete_data"/>
  </testsuite>
  <testsuite name="lbt07" timestamp="2025-02-20T12:57:33Z" hostname="1da0a907ae8d" tests="4" skipped="0" failures="0" errors="0" time="1.624">
    <testcase time="0.792000000000002" classname="lbt07" name="lbt07_functions_with_default_argument_value_return_expected_result_with_test_data"/>
    <testcase time="0.37700000000001" classname="lbt07" name="lbt07_can_handle_some_NA_values"/>
    <testcase time="0.422999999999973" classname="lbt07" name="lbt07_can_handle_some_NA_values"/>
    <testcase time="0.0320000000000107" classname="lbt07" name="lbt07_fails_on_incomlete_data"/>
  </testsuite>
  <testsuite name="lbt14" timestamp="2025-02-20T12:57:35Z" hostname="1da0a907ae8d" tests="20" skipped="0" failures="0" errors="0" time="8.204">
    <testcase time="0.664999999999992" classname="lbt14" name="lbt14_functions_with_default_argument_value_return_expected_result_with_test_data"/>
    <testcase time="0.498000000000019" classname="lbt14" name="lbt14_functions_with_default_argument_value_return_expected_result_with_test_data_when_direction_high"/>
    <testcase time="0.594999999999999" classname="lbt14" name="lbt14_functions_with_gr_missing_excl_return_expected_result_with_test_data"/>
    <testcase time="0.600999999999999" classname="lbt14" name="lbt14_functions_with_gr_missing_gr_0_return_expected_result_with_test_data"/>
    <testcase time="0.389999999999986" classname="lbt14" name="lbt14_can_handle_all_NA_values"/>
    <testcase time="0.13900000000001" classname="lbt14" name="lbt14_can_handle_all_NA_values"/>
    <testcase time="0.418000000000006" classname="lbt14" name="lbt14_can_handle_some_NA_values"/>
    <testcase time="0.335999999999984" classname="lbt14" name="lbt14_can_handle_some_NA_values"/>
    <testcase time="1.41200000000001" classname="lbt14" name="lbt14_can_accept_different_gr_missing"/>
    <testcase time="0.271000000000015" classname="lbt14" name="lbt14_can_accept_different_gr_missing"/>
    <testcase time="0.269999999999982" classname="lbt14" name="lbt14_can_accept_different_gr_missing"/>
    <testcase time="0.0180000000000007" classname="lbt14" name="lbt14_fails_on_incomlete_data"/>
    <testcase time="0.40100000000001" classname="lbt14" name="lbt14_can_handle_all_NA_values_with_direction_high"/>
    <testcase time="0.145999999999987" classname="lbt14" name="lbt14_can_handle_all_NA_values_with_direction_high"/>
    <testcase time="0.39100000000002" classname="lbt14" name="lbt14_can_handle_some_NA_values_with_direction_high"/>
    <testcase time="0.185999999999979" classname="lbt14" name="lbt14_can_handle_some_NA_values_with_direction_high"/>
    <testcase time="1.15100000000001" classname="lbt14" name="lbt14_can_accept_different_gr_missing_with_direction_high"/>
    <testcase time="0.149000000000001" classname="lbt14" name="lbt14_can_accept_different_gr_missing_with_direction_high"/>
    <testcase time="0.150000000000006" classname="lbt14" name="lbt14_can_accept_different_gr_missing_with_direction_high"/>
    <testcase time="0.0169999999999959" classname="lbt14" name="lbt14_fails_on_incomlete_data"/>
  </testsuite>
  <testsuite name="lbt15" timestamp="2025-02-20T12:57:43Z" hostname="1da0a907ae8d" tests="12" skipped="0" failures="0" errors="0" time="5.874">
    <testcase time="1.256" classname="lbt15" name="lbt15_functions_with_default_argument_value_return_expected_result_with_test_data"/>
    <testcase time="0.299999999999983" classname="lbt15" name="lbt15_can_handle_all_NA_values"/>
    <testcase time="0.622000000000014" classname="lbt15" name="lbt15_can_handle_all_NA_values"/>
    <testcase time="0.299000000000007" classname="lbt15" name="lbt15_can_handle_missing_levels"/>
    <testcase time="0.625" classname="lbt15" name="lbt15_can_handle_missing_levels"/>
    <testcase time="0.298000000000002" classname="lbt15" name="lbt15_can_handle_missing_levels_in_baseline"/>
    <testcase time="0.619" classname="lbt15" name="lbt15_can_handle_missing_levels_in_baseline"/>
    <testcase time="0.304999999999978" classname="lbt15" name="lbt15_can_handle_some_NA_values"/>
    <testcase time="0.616000000000014" classname="lbt15" name="lbt15_can_handle_some_NA_values"/>
    <testcase time="0.289999999999992" classname="lbt15" name="lbt15_can_handle_some_NA_values_in_baseline"/>
    <testcase time="0.628000000000014" classname="lbt15" name="lbt15_can_handle_some_NA_values_in_baseline"/>
    <testcase time="0.0159999999999911" classname="lbt15" name="lbt15_fails_on_incomlete_data"/>
  </testsuite>
  <testsuite name="mht01" timestamp="2025-02-20T12:57:49Z" hostname="1da0a907ae8d" tests="4" skipped="0" failures="0" errors="0" time="3.094">
    <testcase time="0.632000000000005" classname="mht01" name="mht01_functions_with_default_argument_value_return_expected_result_with_test_data"/>
    <testcase time="0.640999999999991" classname="mht01" name="mht01_works"/>
    <testcase time="0.640999999999991" classname="mht01" name="mht01_works_on_NULL_in_lbl_mhbodsys_or_lbl_mhdecod"/>
    <testcase time="1.18000000000001" classname="mht01" name="mht01_works_with_other_row_split_var"/>
  </testsuite>
  <testsuite name="mng01" timestamp="2025-02-20T12:57:52Z" hostname="1da0a907ae8d" tests="19" skipped="8" failures="0" errors="0" time="8.874">
    <testcase time="0.903999999999996" classname="mng01" name="mng01_works_as_expected_with_default_argument_values"/>
    <testcase time="0.00100000000000477" classname="mng01" name="mng01_works_as_expected_with_default_argument_values">
      <skipped message="Reason: On CI ('test-mng01.R:9:5')"/>
    </testcase>
    <testcase time="0.971000000000004" classname="mng01" name="mng01_works_as_expected_with_custom_argument_values"/>
    <testcase time="0.0109999999999957" classname="mng01" name="mng01_works_as_expected_with_custom_argument_values"/>
    <testcase time="0.00100000000000477" classname="mng01" name="mng01_works_as_expected_with_custom_argument_values">
      <skipped message="Reason: On CI ('test-mng01.R:45:5')"/>
    </testcase>
    <testcase time="0.950999999999993" classname="mng01" name="mng01_works_as_expected_with_custom_color_set"/>
    <testcase time="0.931000000000012" classname="mng01" name="mng01_works_as_expected_with_custom_color_set"/>
    <testcase time="0.00100000000000477" classname="mng01" name="mng01_works_as_expected_with_custom_color_set">
      <skipped message="Reason: On CI ('test-mng01.R:69:5')"/>
    </testcase>
    <testcase time="0.965000000000003" classname="mng01" name="mng01_works_as_expected_with_custom_line_type_set"/>
    <testcase time="0.967999999999989" classname="mng01" name="mng01_works_as_expected_with_custom_line_type_set"/>
    <testcase time="0.00200000000000955" classname="mng01" name="mng01_works_as_expected_with_custom_line_type_set">
      <skipped message="Reason: On CI ('test-mng01.R:91:5')"/>
    </testcase>
    <testcase time="0.155999999999977" classname="mng01" name="mng01_works_with_table_NULL"/>
    <testcase time="0.00100000000000477" classname="mng01" name="mng01_works_with_table_NULL">
      <skipped message="Reason: On CI ('test-mng01.R:104:5')"/>
    </testcase>
    <testcase time="0.977000000000004" classname="mng01" name="mng01_works_with_combination_of_x_variables"/>
    <testcase time="0.00100000000000477" classname="mng01" name="mng01_works_with_combination_of_x_variables">
      <skipped message="Reason: On CI ('test-mng01.R:122:5')"/>
    </testcase>
    <testcase time="0.963999999999999" classname="mng01" name="mng01_works_with_numeric_x_variable"/>
    <testcase time="0.00100000000000477" classname="mng01" name="mng01_works_with_numeric_x_variable">
      <skipped message="Reason: On CI ('test-mng01.R:143:5')"/>
    </testcase>
    <testcase time="1.066" classname="mng01" name="mng01_works_with_numeric_jitter"/>
    <testcase time="0.00199999999998113" classname="mng01" name="mng01_works_with_numeric_jitter">
      <skipped message="Reason: On CI ('test-mng01.R:161:5')"/>
    </testcase>
  </testsuite>
  <testsuite name="pdt01" timestamp="2025-02-20T12:58:01Z" hostname="1da0a907ae8d" tests="5" skipped="0" failures="0" errors="0" time="1.29">
    <testcase time="0.503000000000014" classname="pdt01" name="pdt01_function_with_default_argument_value_return_expected_result_with_test_data"/>
    <testcase time="0.120000000000005" classname="pdt01" name="pdt01_can_handle_all_NA_values"/>
    <testcase time="0.167000000000002" classname="pdt01" name="pdt01_can_handle_all_NA_values"/>
    <testcase time="0.21599999999998" classname="pdt01" name="pdt01_can_handle_some_NA_values"/>
    <testcase time="0.28400000000002" classname="pdt01" name="pdt01_can_handle_some_NA_values"/>
  </testsuite>
  <testsuite name="pdt02" timestamp="2025-02-20T12:58:02Z" hostname="1da0a907ae8d" tests="5" skipped="0" failures="0" errors="0" time="1.043">
    <testcase time="0.338999999999999" classname="pdt02" name="pdt02_function_with_default_argument_value_return_expected_result_with_test_data"/>
    <testcase time="0.146999999999991" classname="pdt02" name="pdt02_can_handle_all_NA_values"/>
    <testcase time="0.212999999999994" classname="pdt02" name="pdt02_can_handle_all_NA_values"/>
    <testcase time="0.147999999999996" classname="pdt02" name="pdt02_can_handle_some_NA_values"/>
    <testcase time="0.195999999999998" classname="pdt02" name="pdt02_can_handle_some_NA_values"/>
  </testsuite>
  <testsuite name="reexports" timestamp="2025-02-20T12:58:03Z" hostname="1da0a907ae8d" tests="2" skipped="0" failures="0" errors="0" time="0.016">
    <testcase time="0.0100000000000193" classname="reexports" name="with_label_exported_correctly"/>
    <testcase time="0.00600000000000023" classname="reexports" name="reformat_exported_correctly"/>
  </testsuite>
  <testsuite name="report_null" timestamp="2025-02-20T12:58:03Z" hostname="1da0a907ae8d" tests="12" skipped="0" failures="0" errors="0" time="0.18">
    <testcase time="0.0149999999999864" classname="report_null" name="report_null_works_as_expected_with_NULL_"/>
    <testcase time="0.0109999999999957" classname="report_null" name="report_null_works_as_expected_with_NULL_"/>
    <testcase time="0.0310000000000059" classname="report_null" name="report_null_works_as_expected_with_VTableTree_"/>
    <testcase time="0.0389999999999873" classname="report_null" name="report_null_works_as_expected_with_VTableTree_"/>
    <testcase time="0.0150000000000148" classname="report_null" name="report_null_works_as_expected_with_VTableTree_"/>
    <testcase time="0.00999999999999091" classname="report_null" name="report_null_works_as_expected_with_listing_df_"/>
    <testcase time="0.0109999999999957" classname="report_null" name="report_null_works_as_expected_with_listing_df_"/>
    <testcase time="0.0110000000000241" classname="report_null" name="report_null_works_as_expected_with_listing_df_"/>
    <testcase time="0.00899999999998613" classname="report_null" name="report_null_works_as_expected_with_list_"/>
    <testcase time="0.0200000000000102" classname="report_null" name="report_null_works_as_expected_with_list_"/>
    <testcase time="0.00499999999999545" classname="report_null" name="report_null_works_as_expected_with_by_default"/>
    <testcase time="0.0029999999999859" classname="report_null" name="report_null_works_as_expected_with_by_default"/>
  </testsuite>
  <testsuite name="rmpt01" timestamp="2025-02-20T12:58:03Z" hostname="1da0a907ae8d" tests="11" skipped="0" failures="0" errors="0" time="1.541">
    <testcase time="0.418000000000006" classname="rmpt01" name="rmpt01_function_with_default_argument_value_return_expected_result_with_test_data"/>
    <testcase time="0.0600000000000023" classname="rmpt01" name="rmpt01_can_handle_NA_values"/>
    <testcase time="0.125" classname="rmpt01" name="rmpt01_can_handle_NA_values"/>
    <testcase time="0.123999999999995" classname="rmpt01" name="rmpt01_can_handle_NA_values"/>
    <testcase time="0.223000000000013" classname="rmpt01" name="rmpt01_can_handle_NA_values"/>
    <testcase time="0.0629999999999882" classname="rmpt01" name="rmpt01_can_handle_some_NA_values"/>
    <testcase time="0.12700000000001" classname="rmpt01" name="rmpt01_can_handle_some_NA_values"/>
    <testcase time="0.11699999999999" classname="rmpt01" name="rmpt01_can_handle_some_NA_values"/>
    <testcase time="0.227000000000004" classname="rmpt01" name="rmpt01_can_handle_some_NA_values"/>
    <testcase time="0.0310000000000059" classname="rmpt01" name="rmpt01_fails_on_incomlete_data"/>
    <testcase time="0.025999999999982" classname="rmpt01" name="rmpt01_fails_on_incomlete_data"/>
  </testsuite>
  <testsuite name="rmpt03" timestamp="2025-02-20T12:58:05Z" hostname="1da0a907ae8d" tests="12" skipped="0" failures="0" errors="0" time="1.947">
    <testcase time="0.314999999999998" classname="rmpt03" name="rmpt03_function_with_default_argument_value_return_expected_result_with_test_data"/>
    <testcase time="0.105000000000018" classname="rmpt03" name="rmpt03_can_handle_NA_values"/>
    <testcase time="0.204999999999984" classname="rmpt03" name="rmpt03_can_handle_NA_values"/>
    <testcase time="0.177999999999997" classname="rmpt03" name="rmpt03_can_handle_NA_values"/>
    <testcase time="0.27800000000002" classname="rmpt03" name="rmpt03_can_handle_NA_values"/>
    <testcase time="0.113" classname="rmpt03" name="rmpt03_can_handle_some_NA_values"/>
    <testcase time="0.205999999999989" classname="rmpt03" name="rmpt03_can_handle_some_NA_values"/>
    <testcase time="0.176999999999992" classname="rmpt03" name="rmpt03_can_handle_some_NA_values"/>
    <testcase time="0.294000000000011" classname="rmpt03" name="rmpt03_can_handle_some_NA_values"/>
    <testcase time="0.0339999999999918" classname="rmpt03" name="rmpt03_fails_on_incomlete_data"/>
    <testcase time="0.0260000000000105" classname="rmpt03" name="rmpt03_fails_on_incomlete_data"/>
    <testcase time="0.0159999999999911" classname="rmpt03" name="rmpt03_fails_on_incomlete_data"/>
  </testsuite>
  <testsuite name="rmpt04" timestamp="2025-02-20T12:58:07Z" hostname="1da0a907ae8d" tests="10" skipped="0" failures="0" errors="0" time="0.963">
    <testcase time="0.185000000000002" classname="rmpt04" name="rmpt04_function_with_default_argument_value_return_expected_result_with_test_data"/>
    <testcase time="0.0570000000000164" classname="rmpt04" name="rmpt04_can_handle_NA_values"/>
    <testcase time="0.12299999999999" classname="rmpt04" name="rmpt04_can_handle_NA_values"/>
    <testcase time="0.0509999999999877" classname="rmpt04" name="rmpt04_can_handle_NA_values"/>
    <testcase time="0.120000000000005" classname="rmpt04" name="rmpt04_can_handle_NA_values"/>
    <testcase time="0.0560000000000116" classname="rmpt04" name="rmpt04_can_handle_some_NA_values"/>
    <testcase time="0.121999999999986" classname="rmpt04" name="rmpt04_can_handle_some_NA_values"/>
    <testcase time="0.0630000000000166" classname="rmpt04" name="rmpt04_can_handle_some_NA_values"/>
    <testcase time="0.127999999999986" classname="rmpt04" name="rmpt04_can_handle_some_NA_values"/>
    <testcase time="0.0579999999999927" classname="rmpt04" name="rmpt04_fails_on_incomlete_data"/>
  </testsuite>
  <testsuite name="rmpt05" timestamp="2025-02-20T12:58:08Z" hostname="1da0a907ae8d" tests="10" skipped="0" failures="0" errors="0" time="1.035">
    <testcase time="0.191000000000003" classname="rmpt05" name="rmpt05_function_with_default_argument_value_return_expected_result_with_test_data"/>
    <testcase time="0.0670000000000073" classname="rmpt05" name="rmpt05_can_handle_NA_values"/>
    <testcase time="0.128000000000014" classname="rmpt05" name="rmpt05_can_handle_NA_values"/>
    <testcase time="0.0619999999999834" classname="rmpt05" name="rmpt05_can_handle_NA_values"/>
    <testcase time="0.131" classname="rmpt05" name="rmpt05_can_handle_NA_values"/>
    <testcase time="0.0600000000000023" classname="rmpt05" name="rmpt05_can_handle_some_NA_values"/>
    <testcase time="0.132000000000005" classname="rmpt05" name="rmpt05_can_handle_some_NA_values"/>
    <testcase time="0.0649999999999977" classname="rmpt05" name="rmpt05_can_handle_some_NA_values"/>
    <testcase time="0.134999999999991" classname="rmpt05" name="rmpt05_can_handle_some_NA_values"/>
    <testcase time="0.0640000000000214" classname="rmpt05" name="rmpt05_fails_on_incomlete_data"/>
  </testsuite>
  <testsuite name="rmpt06" timestamp="2025-02-20T12:58:09Z" hostname="1da0a907ae8d" tests="6" skipped="0" failures="0" errors="0" time="2.023">
    <testcase time="0.553999999999974" classname="rmpt06" name="rmpt06_works_as_expected"/>
    <testcase time="0.596000000000004" classname="rmpt06" name="rmpt06_works_as_expected_with_show_diff_TRUE"/>
    <testcase time="0.219999999999999" classname="rmpt06" name="rmpt06_can_handle_all_NA_values"/>
    <testcase time="0.286000000000001" classname="rmpt06" name="rmpt06_can_handle_all_NA_values"/>
    <testcase time="0.228000000000009" classname="rmpt06" name="rmpt06_can_handle_all_NA_values"/>
    <testcase time="0.13900000000001" classname="rmpt06" name="rmpt06_can_handle_all_NA_values"/>
  </testsuite>
  <testsuite name="rspt01" timestamp="2025-02-20T12:58:11Z" hostname="1da0a907ae8d" tests="27" skipped="0" failures="0" errors="0" time="7.584">
    <testcase time="0.0159999999999911" classname="rspt01" name="rspt01_works_as_expected"/>
    <testcase time="0.301999999999992" classname="rspt01" name="rspt01_works_as_expected"/>
    <testcase time="0.251000000000005" classname="rspt01" name="rspt01_works_as_expected"/>
    <testcase time="0.295999999999992" classname="rspt01" name="rspt01_works_as_expected_for_stratified_and_unstratified_analysis"/>
    <testcase time="0.275000000000006" classname="rspt01" name="rspt01_works_as_expected_for_stratified_and_unstratified_analysis"/>
    <testcase time="0.343000000000018" classname="rspt01" name="rspt01_works_as_expected_for_stratified_and_unstratified_analysis"/>
    <testcase time="0.314999999999998" classname="rspt01" name="rspt01_works_as_expected_for_stratified_and_unstratified_analysis"/>
    <testcase time="0.25" classname="rspt01" name="rspt01_works_as_expected_for_unstratified_analysis_only"/>
    <testcase time="0.24199999999999" classname="rspt01" name="rspt01_works_as_expected_for_unstratified_analysis_only"/>
    <testcase time="0.269000000000005" classname="rspt01" name="rspt01_works_as_expected_for_unstratified_analysis_only"/>
    <testcase time="0.254999999999995" classname="rspt01" name="rspt01_works_as_expected_for_unstratified_analysis_only"/>
    <testcase time="0.253999999999991" classname="rspt01" name="rspt01_works_as_expected_for_stratified_analysis_only"/>
    <testcase time="0.234000000000009" classname="rspt01" name="rspt01_works_as_expected_for_stratified_analysis_only"/>
    <testcase time="0.269000000000005" classname="rspt01" name="rspt01_works_as_expected_for_stratified_analysis_only"/>
    <testcase time="0.259999999999991" classname="rspt01" name="rspt01_works_as_expected_for_stratified_analysis_only"/>
    <testcase time="0.278999999999996" classname="rspt01" name="rspt01_works_if_change_reference_group"/>
    <testcase time="0.262" classname="rspt01" name="rspt01_works_if_change_reference_group"/>
    <testcase time="0.363" classname="rspt01" name="rspt01_works_if_change_reference_group"/>
    <testcase time="0.322000000000003" classname="rspt01" name="rspt01_works_if_change_reference_group"/>
    <testcase time="0.305000000000007" classname="rspt01" name="rspt01_works_if_change_statistic_methods"/>
    <testcase time="0.263000000000005" classname="rspt01" name="rspt01_works_if_change_statistic_methods"/>
    <testcase time="0.367999999999995" classname="rspt01" name="rspt01_works_if_change_statistic_methods"/>
    <testcase time="0.341000000000008" classname="rspt01" name="rspt01_works_if_change_statistic_methods"/>
    <testcase time="0.292000000000002" classname="rspt01" name="rspt01_works_if_change_confidence_interval"/>
    <testcase time="0.263999999999982" classname="rspt01" name="rspt01_works_if_change_confidence_interval"/>
    <testcase time="0.379000000000019" classname="rspt01" name="rspt01_works_if_change_confidence_interval"/>
    <testcase time="0.314999999999998" classname="rspt01" name="rspt01_works_if_change_confidence_interval"/>
  </testsuite>
  <testsuite name="ttet01" timestamp="2025-02-20T12:58:18Z" hostname="1da0a907ae8d" tests="16" skipped="0" failures="0" errors="0" time="5.678">
    <testcase time="0.0169999999999959" classname="ttet01" name="ttet01_works_as_expected"/>
    <testcase time="0.453000000000003" classname="ttet01" name="ttet01_works_as_expected"/>
    <testcase time="0.513999999999982" classname="ttet01" name="ttet01_works_as_expected"/>
    <testcase time="0.0200000000000102" classname="ttet01" name="ttet01_returns_an_error_when_one_level_or_arm_var_is_empty"/>
    <testcase time="0.365000000000009" classname="ttet01" name="ttet01_works_as_expected_for_stratified_and_unstratified_analysis"/>
    <testcase time="0.359999999999985" classname="ttet01" name="ttet01_works_as_expected_for_stratified_and_unstratified_analysis"/>
    <testcase time="0.436000000000007" classname="ttet01" name="ttet01_works_as_expected_for_stratified_and_unstratified_analysis"/>
    <testcase time="0.445999999999998" classname="ttet01" name="ttet01_works_as_expected_for_stratified_and_unstratified_analysis"/>
    <testcase time="0.347999999999985" classname="ttet01" name="ttet01_works_as_expected_for_stratified_analysis_only"/>
    <testcase time="0.580000000000013" classname="ttet01" name="ttet01_works_as_expected_for_stratified_analysis_only"/>
    <testcase time="0.376000000000005" classname="ttet01" name="ttet01_works_as_expected_for_stratified_analysis_only"/>
    <testcase time="0.350999999999999" classname="ttet01" name="ttet01_works_as_expected_for_stratified_analysis_only"/>
    <testcase time="0.307999999999993" classname="ttet01" name="ttet01_works_if_change_reference_group"/>
    <testcase time="0.322000000000003" classname="ttet01" name="ttet01_works_if_change_reference_group"/>
    <testcase time="0.387" classname="ttet01" name="ttet01_works_if_change_reference_group"/>
    <testcase time="0.39500000000001" classname="ttet01" name="ttet01_works_if_change_reference_group"/>
  </testsuite>
  <testsuite name="unwrap" timestamp="2025-02-20T12:58:24Z" hostname="1da0a907ae8d" tests="12" skipped="0" failures="0" errors="0" time="0.154">
    <testcase time="0.0120000000000005" classname="unwrap" name="unwrap_layout_works_as_expected_with_standard_chevron_t_main_function"/>
    <testcase time="0.00199999999998113" classname="unwrap" name="unwrap_layout_works_as_expected_with_standard_chevron_t_main_function"/>
    <testcase time="0.00100000000000477" classname="unwrap" name="unwrap_layout_works_as_expected_with_standard_chevron_t_main_function"/>
    <testcase time="0.0240000000000009" classname="unwrap" name="unwrap_layout_works_as_expected_with_standard_chevron_t_main_function"/>
    <testcase time="0.0120000000000005" classname="unwrap" name="unwrap_layout_works_as_expected_with_standard_chevron_g_main_function"/>
    <testcase time="0.00600000000000023" classname="unwrap" name="unwrap_layout_works_as_expected_with_standard_chevron_l_main_function"/>
    <testcase time="0.007000000000005" classname="unwrap" name="unwrap_layout_works_as_expected_with_a_custom_function_without_layout_function"/>
    <testcase time="0.0289999999999964" classname="unwrap" name="unwrap_layout_works_as_expected_with_a_custom_function_with_layout_function"/>
    <testcase time="0.00100000000000477" classname="unwrap" name="unwrap_layout_works_as_expected_with_a_custom_function_with_layout_function"/>
    <testcase time="0.0300000000000011" classname="unwrap" name="unwrap_layout_works_as_expected_with_multiple_layout_function"/>
    <testcase time="0.0289999999999964" classname="unwrap" name="unwrap_layout_works_as_expected_on_custom_function_with_overwritten_layout_function"/>
    <testcase time="0.00100000000000477" classname="unwrap" name="unwrap_layout_works_as_expected_on_custom_function_with_overwritten_layout_function"/>
  </testsuite>
  <testsuite name="utils" timestamp="2025-02-20T12:58:24Z" hostname="1da0a907ae8d" tests="80" skipped="0" failures="0" errors="1" time="2.336">
    <testcase time="0.00899999999998613" classname="utils" name="h_format_dec_works_as_exected"/>
    <testcase time="0.00300000000001432" classname="utils" name="h_format_dec_works_as_exected"/>
    <testcase time="0.00199999999998113" classname="utils" name="h_format_dec_works_as_exected"/>
    <testcase time="0.00200000000000955" classname="utils" name="h_format_dec_works_as_exected"/>
    <testcase time="0.00200000000000955" classname="utils" name="h_format_dec_works_as_exected"/>
    <testcase time="0.00199999999998113" classname="utils" name="h_format_dec_works_as_exected"/>
    <testcase time="0.00200000000000955" classname="utils" name="h_format_dec_works_as_exected"/>
    <testcase time="0.00200000000000955" classname="utils" name="h_format_dec_works_as_exected"/>
    <testcase time="0.00199999999998113" classname="utils" name="h_format_dec_works_as_exected"/>
    <testcase time="0.00300000000001432" classname="utils" name="h_format_dec_works_as_exected"/>
    <testcase time="0.00100000000000477" classname="utils" name="h_format_dec_works_as_exected"/>
    <testcase time="0.0029999999999859" classname="utils" name="h_format_dec_works_as_exected"/>
    <testcase time="0.00499999999999545" classname="utils" name="h_format_dec_works_as_expected_with_more_than_one_value"/>
    <testcase time="0.00300000000001432" classname="utils" name="h_format_dec_works_as_expected_with_more_than_one_value"/>
    <testcase time="0.00600000000000023" classname="utils" name="h_format_dec_works_as_expected_with_NA_digits"/>
    <testcase time="0.00499999999999545" classname="utils" name="fuse_sequentially_works"/>
    <testcase time="0.00300000000001432" classname="utils" name="fuse_sequentially_works"/>
    <testcase time="0.0109999999999957" classname="utils" name="ifneeded_split_row_works_as_expected"/>
    <testcase time="0.00600000000000023" classname="utils" name="ifneeded_split_row_works_as_expected"/>
    <testcase time="0.0799999999999841" classname="utils" name="_unnamed_"/>
    <testcase time="0.0649999999999977" classname="utils" name="_unnamed_"/>
    <testcase time="0.0630000000000166" classname="utils" name="_unnamed_"/>
    <testcase time="0.0499999999999829" classname="utils" name="_unnamed_"/>
    <testcase time="0.00300000000001432" classname="utils" name="droplevels.character_works_as_expected"/>
    <testcase time="0.00199999999998113" classname="utils" name="droplevels.character_works_as_expected"/>
    <testcase time="0.00500000000002387" classname="utils" name="lvls.character_works_as_expected"/>
    <testcase time="0.0029999999999859" classname="utils" name="lvls.character_works_as_expected"/>
    <testcase time="0.00399999999999068" classname="utils" name="lvls.factor_works_as_expected"/>
    <testcase time="0.00300000000001432" classname="utils" name="lvls.factor_works_as_expected"/>
    <testcase time="0.00499999999999545" classname="utils" name="lvls.default_works_as_expected"/>
    <testcase time="0.00200000000000955" classname="utils" name="lvls.default_works_as_expected"/>
    <testcase time="0.00499999999999545" classname="utils" name="quote_str_works_as_expected"/>
    <testcase time="0.0029999999999859" classname="utils" name="quote_str_works_as_expected"/>
    <testcase time="0.0040000000000191" classname="utils" name="quote_str_works_as_expected"/>
    <testcase time="0.00499999999999545" classname="utils" name="modify_default_args_works_as_expected"/>
    <testcase time="0.0029999999999859" classname="utils" name="modify_default_args_works_as_expected"/>
    <testcase time="0.0040000000000191" classname="utils" name="execute_with_args_works_as_expected"/>
    <testcase time="0.0029999999999859" classname="utils" name="execute_with_args_works_as_expected"/>
    <testcase time="0.00200000000000955" classname="utils" name="execute_with_args_works_as_expected"/>
    <testcase time="0.0029999999999859" classname="utils" name="execute_with_args_works_as_expected"/>
    <testcase time="0.00100000000000477" classname="utils" name="execute_with_args_works_as_expected"/>
    <testcase time="0.00300000000001432" classname="utils" name="execute_with_args_works_as_expected"/>
    <testcase time="0.00199999999998113" classname="utils" name="execute_with_args_works_as_expected"/>
    <testcase time="0.00200000000000955" classname="utils" name="execute_with_args_works_as_expected"/>
    <testcase time="0.00200000000000955" classname="utils" name="execute_with_args_works_as_expected"/>
    <testcase time="0.0029999999999859" classname="utils" name="execute_with_args_works_as_expected"/>
    <testcase time="0.00600000000000023" classname="utils" name="execute_with_args_works_as_expected"/>
    <testcase time="0.00300000000001432" classname="utils" name="execute_with_args_works_as_expected"/>
    <testcase time="0.00499999999999545" classname="utils" name="do_call_work_as_expected"/>
    <testcase time="0.00199999999998113" classname="utils" name="do_call_work_as_expected"/>
    <testcase time="0.00800000000000978" classname="utils" name="do_call_errors_as_expected"/>
    <testcase time="0.00499999999999545" classname="utils" name="do_call_errors_as_expected"/>
    <testcase time="0.00600000000000023" classname="utils" name="convert_to_month_work_as_expected"/>
    <testcase time="0.00200000000000955" classname="utils" name="convert_to_month_work_as_expected"/>
    <testcase time="0.00200000000000955" classname="utils" name="convert_to_month_work_as_expected"/>
    <testcase time="0.0029999999999859" classname="utils" name="convert_to_month_work_as_expected"/>
    <testcase time="0.00200000000000955" classname="utils" name="convert_to_month_work_as_expected"/>
    <testcase time="0.0029999999999859" classname="utils" name="convert_to_month_work_as_expected"/>
    <testcase time="0.00900000000001455" classname="utils" name="convert_to_month_warning_messages_as_expected"/>
    <testcase time="0.0109999999999957" classname="utils" name="gg_theme_chevron_works_as_expected"/>
    <testcase time="0.00100000000000477" classname="utils" name="gg_theme_chevron_works_as_expected"/>
    <testcase time="0.00199999999998113" classname="utils" name="gg_theme_chevron_works_as_expected"/>
    <testcase time="0.0040000000000191" classname="utils" name="gg_theme_chevron_works_as_expected"/>
    <testcase time="0.00199999999998113" classname="utils" name="gg_theme_chevron_works_as_expected"/>
    <testcase time="0.00100000000000477" classname="utils" name="gg_theme_chevron_works_as_expected"/>
    <testcase time="0.00600000000000023" classname="utils" name="modify_character_works"/>
    <testcase time="0.00300000000001432" classname="utils" name="modify_character_works"/>
    <testcase time="0.00600000000000023" classname="utils" name="expand_list_works"/>
    <testcase time="0.0029999999999859" classname="utils" name="expand_list_works"/>
    <testcase time="0.00499999999999545" classname="utils" name="set_section_div_works"/>
    <testcase time="0.00499999999999545" classname="utils" name="set_section_div_works"/>
    <testcase time="0.0040000000000191" classname="utils" name="set_section_div_works"/>
    <testcase time="0.0029999999999859" classname="utils" name="set_section_div_works"/>
    <testcase time="0.00600000000000023" classname="utils" name="get_section_div_works"/>
    <testcase time="0.00300000000001432" classname="utils" name="get_section_div_works"/>
    <testcase time="0.899000000000001" classname="utils" name="grob_list_is_deprecated"/>
    <testcase time="0.876000000000005" classname="utils" name="gg_list_is_deprecated"/>
    <testcase time="0.00999999999999091" classname="utils" name="format_date_works_as_expected_for_POSIXct">
      <error type="error" message="Error in `C_force_tz(to_posixct(time), tz, roll_dst)`: CCTZ: Unrecognized timezone of the input vector: &quot;NZ&quot; ('test-utils.R:330:5')">Error in `C_force_tz(to_posixct(time), tz, roll_dst)`: CCTZ: Unrecognized timezone of the input vector: "NZ"
Backtrace:
     x
  1. +-withr::with_timezone(...) at test-utils.R:328:3
  2. | \-withr::with_envvar(c(TZ = tz), code)
  3. |   \-base::force(code)
  4. +-testthat::expect_identical(foo(d), "01JAN2019") at test-utils.R:330:5
  5. | \-testthat::quasi_label(enquo(object), label, arg = "object")
  6. |   \-rlang::eval_bare(expr, quo_get_env(quo))
  7. \-chevron (local) foo(d)
  8.   +-base::toupper(...)
  9.   +-base::format(...)
 10.   +-lubridate::force_tz(x, tzone = "UTC")
 11.   \-lubridate:::force_tz.default(x, tzone = "UTC")
 12.     \-timechange::time_force_tz(time, tz = tzone, roll_dst = roll_dst)
 13.       \-timechange:::.force_tz(time, tz, tzout, roll_dst)
 14.         +-timechange:::from_posixct(...)
 15.         \-timechange:::C_force_tz(to_posixct(time), tz, roll_dst)</error>
    </testcase>
    <testcase time="0.0250000000000057" classname="utils" name="format_date_works_as_expected_for_Date"/>
    <testcase time="0.0029999999999859" classname="utils" name="format_date_works_as_expected_for_Date"/>
  </testsuite>
  <testsuite name="vst01" timestamp="2025-02-20T12:58:26Z" hostname="1da0a907ae8d" tests="3" skipped="0" failures="0" errors="0" time="4.568">
    <testcase time="2.29500000000002" classname="vst01" name="vst01_functions_with_default_argument_value_return_expected_result_with_test_data"/>
    <testcase time="0.757999999999981" classname="vst01" name="run_vst01_works_as_expected"/>
    <testcase time="1.51500000000001" classname="vst01" name="run_vst01_works_as_expected"/>
  </testsuite>
  <testsuite name="vst02" timestamp="2025-02-20T12:58:31Z" hostname="1da0a907ae8d" tests="2" skipped="0" failures="0" errors="0" time="0.964">
    <testcase time="0.489999999999981" classname="vst02" name="vst02_functions_with_default_argument_value_return_expected_result_with_test_data"/>
    <testcase time="0.474000000000018" classname="vst02" name="vst02_functions_return_expected_result_with_test_data_when_excluding_subject_with_baseline_abnormality"/>
  </testsuite>
</testsuites>
