<?xml version="1.0" encoding="UTF-8"?>
<testsuites>
  <testsuite name="ael01_nollt" timestamp="2025-02-19T16:31:13Z" hostname="58b64f3ef627" tests="14" skipped="0" failures="0" errors="0" time="1.212">
    <testcase time="0.0640000000000001" classname="ael01_nollt" name="ael01_nollt_works_with_admh_dataset"/>
    <testcase time="0.267" classname="ael01_nollt" name="ael01_nollt_works_with_admh_dataset"/>
    <testcase time="0.0300000000000002" classname="ael01_nollt" name="ael01_nollt_works_with_non_default_label"/>
    <testcase time="0.22" classname="ael01_nollt" name="ael01_nollt_works_with_non_default_label"/>
    <testcase time="0.0329999999999999" classname="ael01_nollt" name="ael01_nollt_can_handle_all_missing_values"/>
    <testcase time="0.081" classname="ael01_nollt" name="ael01_nollt_can_handle_all_missing_values"/>
    <testcase time="0.0289999999999999" classname="ael01_nollt" name="ael01_nollt_can_handle_some_missing_values"/>
    <testcase time="0.14" classname="ael01_nollt" name="ael01_nollt_can_handle_some_missing_values"/>
    <testcase time="0.024" classname="ael01_nollt" name="ael01_nollt_listing_can_be_split_by_an_additional_variable"/>
    <testcase time="0.00199999999999978" classname="ael01_nollt" name="ael01_nollt_listing_can_be_split_by_an_additional_variable"/>
    <testcase time="0.175" classname="ael01_nollt" name="ael01_nollt_listing_can_be_split_by_an_additional_variable"/>
    <testcase time="0.024" classname="ael01_nollt" name="split_ael01_nollt_listing_do_not_display_missing_values"/>
    <testcase time="0.00099999999999989" classname="ael01_nollt" name="split_ael01_nollt_listing_do_not_display_missing_values"/>
    <testcase time="0.122" classname="ael01_nollt" name="split_ael01_nollt_listing_do_not_display_missing_values"/>
  </testsuite>
  <testsuite name="ael02" timestamp="2025-02-19T16:31:14Z" hostname="58b64f3ef627" tests="9" skipped="0" failures="0" errors="0" time="2.788">
    <testcase time="0.0600000000000001" classname="ael02" name="ael02_works_with_adae_dataset"/>
    <testcase time="0.00099999999999989" classname="ael02" name="ael02_works_with_adae_dataset"/>
    <testcase time="0.867" classname="ael02" name="ael02_works_with_adae_dataset"/>
    <testcase time="0.0429999999999993" classname="ael02" name="ael02_can_handle_all_missing_values"/>
    <testcase time="0.00100000000000033" classname="ael02" name="ael02_can_handle_all_missing_values"/>
    <testcase time="0.904" classname="ael02" name="ael02_can_handle_all_missing_values"/>
    <testcase time="0.0419999999999998" classname="ael02" name="ael02_functions_work_as_expected"/>
    <testcase time="0.00199999999999978" classname="ael02" name="ael02_functions_work_as_expected"/>
    <testcase time="0.868" classname="ael02" name="ael02_functions_work_as_expected"/>
  </testsuite>
  <testsuite name="ael03" timestamp="2025-02-19T16:31:17Z" hostname="58b64f3ef627" tests="9" skipped="0" failures="0" errors="0" time="2.753">
    <testcase time="0.0640000000000001" classname="ael03" name="ael03_works_with_adae_dataset"/>
    <testcase time="0.00100000000000033" classname="ael03" name="ael03_works_with_adae_dataset"/>
    <testcase time="0.866" classname="ael03" name="ael03_works_with_adae_dataset"/>
    <testcase time="0.0410000000000004" classname="ael03" name="ael03_can_handle_all_missing_values"/>
    <testcase time="0.000999999999999446" classname="ael03" name="ael03_can_handle_all_missing_values"/>
    <testcase time="0.887" classname="ael03" name="ael03_can_handle_all_missing_values"/>
    <testcase time="0.0509999999999993" classname="ael03" name="ael03_functions_work_as_expected"/>
    <testcase time="0.00100000000000033" classname="ael03" name="ael03_functions_work_as_expected"/>
    <testcase time="0.840999999999999" classname="ael03" name="ael03_functions_work_as_expected"/>
  </testsuite>
  <testsuite name="aet01" timestamp="2025-02-19T16:31:20Z" hostname="58b64f3ef627" tests="13" skipped="0" failures="0" errors="0" time="3.271">
    <testcase time="0.391" classname="aet01" name="aet01_can_handle_all_NA_values"/>
    <testcase time="0.273000000000001" classname="aet01" name="aet01_can_handle_all_NA_values"/>
    <testcase time="0.276" classname="aet01" name="aet01_can_handle_all_NA_values"/>
    <testcase time="0.218999999999999" classname="aet01" name="aet01_can_handle_all_NA_values"/>
    <testcase time="0.257" classname="aet01" name="aet01_can_handle_some_NA_values"/>
    <testcase time="0.273" classname="aet01" name="aet01_can_handle_some_NA_values"/>
    <testcase time="0.205" classname="aet01" name="aet01_can_use_custom_anl_vars"/>
    <testcase time="0.341000000000001" classname="aet01" name="aet01_can_use_custom_anl_vars"/>
    <testcase time="0.0579999999999998" classname="aet01" name="aet01_fails_on_incomplete_data_input"/>
    <testcase time="0.282999999999999" classname="aet01" name="aet01_can_use_custom_medconcept_var"/>
    <testcase time="0.276" classname="aet01" name="aet01_can_use_custom_medconcept_var"/>
    <testcase time="0.184000000000001" classname="aet01" name="aet01_can_conditionally_show_the_number_of_withdrawal"/>
    <testcase time="0.234999999999999" classname="aet01" name="aet01_can_conditionally_show_the_number_of_withdrawal"/>
  </testsuite>
  <testsuite name="aet01_aesi" timestamp="2025-02-19T16:31:23Z" hostname="58b64f3ef627" tests="9" skipped="0" failures="0" errors="0" time="1.958">
    <testcase time="0.202999999999999" classname="aet01_aesi" name="aet01_aesi_can_handle_all_NA_values"/>
    <testcase time="0.245000000000001" classname="aet01_aesi" name="aet01_aesi_can_handle_all_NA_values"/>
    <testcase time="0.180999999999999" classname="aet01_aesi" name="aet01_aesi_can_handle_all_NA_values"/>
    <testcase time="0.209000000000001" classname="aet01_aesi" name="aet01_aesi_can_handle_all_NA_values"/>
    <testcase time="0.186999999999999" classname="aet01_aesi" name="aet01_aesi_can_handle_some_NA_values"/>
    <testcase time="0.25" classname="aet01_aesi" name="aet01_aesi_can_handle_some_NA_values"/>
    <testcase time="0.254" classname="aet01_aesi" name="aet01_aesi_works_with_ALL_argument"/>
    <testcase time="0.380000000000001" classname="aet01_aesi" name="aet01_aesi_works_with_ALL_argument"/>
    <testcase time="0.0489999999999995" classname="aet01_aesi" name="aet01_aesi_check_fails_on_incomplete_data_input"/>
  </testsuite>
  <testsuite name="aet02" timestamp="2025-02-19T16:31:25Z" hostname="58b64f3ef627" tests="4" skipped="0" failures="0" errors="0" time="2.436">
    <testcase time="0.0540000000000003" classname="aet02" name="aet02_fails_on_incomplete_data_input"/>
    <testcase time="0.119" classname="aet02" name="aet02_handle_empty_data_input"/>
    <testcase time="1.504" classname="aet02" name="aet02_can_have_different_levels_of_row_split"/>
    <testcase time="0.759" classname="aet02" name="aet02_can_have_different_levels_of_row_split"/>
  </testsuite>
  <testsuite name="aet03" timestamp="2025-02-19T16:31:27Z" hostname="58b64f3ef627" tests="4" skipped="0" failures="0" errors="0" time="2.516">
    <testcase time="0.268999999999998" classname="aet03" name="aet03_can_handle_NA_values"/>
    <testcase time="0.25" classname="aet03" name="aet03_can_handle_NA_values"/>
    <testcase time="1.275" classname="aet03" name="aet03_can_handle_some_NA_values"/>
    <testcase time="0.721999999999998" classname="aet03" name="aet03_can_handle_some_NA_values"/>
  </testsuite>
  <testsuite name="aet04" timestamp="2025-02-19T16:31:30Z" hostname="58b64f3ef627" tests="12" skipped="0" failures="0" errors="0" time="11.332">
    <testcase time="0.419" classname="aet04" name="aet04_can_handle_NA_values"/>
    <testcase time="0.405000000000001" classname="aet04" name="aet04_can_handle_NA_values"/>
    <testcase time="0.413999999999998" classname="aet04" name="aet04_can_handle_NA_values"/>
    <testcase time="0.00300000000000011" classname="aet04" name="aet04_can_handle_NA_values"/>
    <testcase time="0.405000000000001" classname="aet04" name="aet04_can_handle_NA_values"/>
    <testcase time="0.408999999999999" classname="aet04" name="aet04_can_handle_NA_values"/>
    <testcase time="2.286" classname="aet04" name="aet04_can_handle_some_NA_values"/>
    <testcase time="1.122" classname="aet04" name="aet04_can_handle_some_NA_values"/>
    <testcase time="2.309" classname="aet04" name="aet04_can_handle_some_NA_values"/>
    <testcase time="0.00600000000000023" classname="aet04" name="aet04_can_handle_some_NA_values"/>
    <testcase time="2.343" classname="aet04" name="aet04_can_handle_some_NA_values"/>
    <testcase time="1.211" classname="aet04" name="aet04_can_handle_some_NA_values"/>
  </testsuite>
  <testsuite name="aet05" timestamp="2025-02-19T16:31:41Z" hostname="58b64f3ef627" tests="6" skipped="0" failures="0" errors="0" time="1.24">
    <testcase time="0.148" classname="aet05" name="aet05_can_handle_NA_values"/>
    <testcase time="0.260000000000002" classname="aet05" name="aet05_can_handle_NA_values"/>
    <testcase time="0.132999999999999" classname="aet05" name="aet05_can_handle_some_NA_values"/>
    <testcase time="0.288" classname="aet05" name="aet05_can_handle_some_NA_values"/>
    <testcase time="0.137999999999998" classname="aet05" name="aet05_can_handle_some_NA_values"/>
    <testcase time="0.273" classname="aet05" name="aet05_can_handle_some_NA_values"/>
  </testsuite>
  <testsuite name="aet05_all" timestamp="2025-02-19T16:31:42Z" hostname="58b64f3ef627" tests="6" skipped="0" failures="0" errors="0" time="1.249">
    <testcase time="0.152000000000001" classname="aet05_all" name="aet05_all_can_handle_NA_values"/>
    <testcase time="0.248000000000001" classname="aet05_all" name="aet05_all_can_handle_NA_values"/>
    <testcase time="0.149000000000001" classname="aet05_all" name="aet05_all_can_handle_some_NA_values"/>
    <testcase time="0.283999999999999" classname="aet05_all" name="aet05_all_can_handle_some_NA_values"/>
    <testcase time="0.131" classname="aet05_all" name="aet05_all_can_handle_some_NA_values"/>
    <testcase time="0.284999999999997" classname="aet05_all" name="aet05_all_can_handle_some_NA_values"/>
  </testsuite>
  <testsuite name="aet10" timestamp="2025-02-19T16:31:44Z" hostname="58b64f3ef627" tests="4" skipped="0" failures="0" errors="0" time="0.537">
    <testcase time="0.0730000000000004" classname="aet10" name="aet10_can_handle_NA_values"/>
    <testcase time="0.128" classname="aet10" name="aet10_can_handle_NA_values"/>
    <testcase time="0.103000000000002" classname="aet10" name="aet10_can_handle_some_NA_values"/>
    <testcase time="0.233000000000004" classname="aet10" name="aet10_can_handle_some_NA_values"/>
  </testsuite>
  <testsuite name="assertions" timestamp="2025-02-19T16:31:44Z" hostname="58b64f3ef627" tests="33" skipped="0" failures="0" errors="0" time="0.148">
    <testcase time="0.00799999999999557" classname="assertions" name="assert_valid_var.character_works_as_expected"/>
    <testcase time="0.00500000000000256" classname="assertions" name="assert_valid_var.character_works_as_expected"/>
    <testcase time="0.00499999999999545" classname="assertions" name="assert_valid_var.character_works_as_expected"/>
    <testcase time="0.00400000000000489" classname="assertions" name="assert_valid_var.character_works_as_expected"/>
    <testcase time="0.000999999999997669" classname="assertions" name="assert_valid_var.character_works_as_expected"/>
    <testcase time="0.00500000000000256" classname="assertions" name="assert_valid_var.factor_works_as_expected"/>
    <testcase time="0.00499999999999545" classname="assertions" name="assert_valid_var.factor_works_as_expected"/>
    <testcase time="0.00400000000000489" classname="assertions" name="assert_valid_var.factor_works_as_expected"/>
    <testcase time="0.00499999999999545" classname="assertions" name="assert_valid_var.factor_works_as_expected"/>
    <testcase time="0.00100000000000477" classname="assertions" name="assert_valid_var.factor_works_as_expected"/>
    <testcase time="0.00499999999999545" classname="assertions" name="assert_valid_var.logical_works_as_expected"/>
    <testcase time="0.00400000000000489" classname="assertions" name="assert_valid_var.logical_works_as_expected"/>
    <testcase time="0.00499999999999545" classname="assertions" name="assert_valid_var.logical_works_as_expected"/>
    <testcase time="0.00200000000000244" classname="assertions" name="assert_valid_var.logical_works_as_expected"/>
    <testcase time="0.00399999999999778" classname="assertions" name="assert_valid_var.numeric_works_as_expected"/>
    <testcase time="0.00500000000000256" classname="assertions" name="assert_valid_var.numeric_works_as_expected"/>
    <testcase time="0.00399999999999778" classname="assertions" name="assert_valid_var.numeric_works_as_expected"/>
    <testcase time="0.00200000000000244" classname="assertions" name="assert_valid_var.numeric_works_as_expected"/>
    <testcase time="0.00499999999999545" classname="assertions" name="assert_valid_var.numeric_works_as_expected"/>
    <testcase time="0.00100000000000477" classname="assertions" name="assert_valid_var.numeric_works_as_expected"/>
    <testcase time="0.00900000000000034" classname="assertions" name="assert_valid_var.POSIXct_works_as_expected"/>
    <testcase time="0.00900000000000034" classname="assertions" name="assert_valid_var.POSIXct_works_as_expected"/>
    <testcase time="0.00499999999999545" classname="assertions" name="assert_valid_variable_works_as_expected"/>
    <testcase time="0.00200000000000244" classname="assertions" name="assert_valid_variable_works_as_expected"/>
    <testcase time="0.00600000000000023" classname="assertions" name="assert_valid_variable_works_as_expected"/>
    <testcase time="0.00200000000000244" classname="assertions" name="assert_valid_variable_works_as_expected"/>
    <testcase time="0.0069999999999979" classname="assertions" name="assert_valid_variable_works_as_expected"/>
    <testcase time="0.00200000000000244" classname="assertions" name="assert_valid_variable_works_as_expected"/>
    <testcase time="0.00499999999999545" classname="assertions" name="assert_valid_var_pair_works_as_expected_with_character"/>
    <testcase time="0.00500000000000256" classname="assertions" name="assert_valid_var_pair_works_as_expected_with_character"/>
    <testcase time="0.00499999999999545" classname="assertions" name="assert_valid_var_pair_works_as_expected_with_factor"/>
    <testcase time="0.00500000000000256" classname="assertions" name="assert_valid_var_pair_works_as_expected_with_factor"/>
    <testcase time="0.00600000000000023" classname="assertions" name="assert_valid_var_pair_works_as_expected_with_factor"/>
  </testsuite>
  <testsuite name="cfbt01" timestamp="2025-02-19T16:31:44Z" hostname="58b64f3ef627" tests="3" skipped="0" failures="0" errors="0" time="8.857">
    <testcase time="6.591" classname="cfbt01" name="cfbt01_functions_with_default_argument_value_return_expected_result_with_test_data"/>
    <testcase time="0.750999999999998" classname="cfbt01" name="cfbt01_can_handle_n_0_and_outputs_NE_instead_of_infs_and_NAs"/>
    <testcase time="1.515" classname="cfbt01" name="cfbt01_can_handle_n_0_and_outputs_NE_instead_of_infs_and_NAs"/>
  </testsuite>
  <testsuite name="checks" timestamp="2025-02-19T16:31:53Z" hostname="58b64f3ef627" tests="8" skipped="0" failures="0" errors="0" time="0.027">
    <testcase time="0.00900000000000034" classname="checks" name="check_all_colnames_works_as_expected"/>
    <testcase time="0.00200000000000244" classname="checks" name="check_all_colnames_works_as_expected"/>
    <testcase time="0.00199999999999534" classname="checks" name="check_all_colnames_works_as_expected"/>
    <testcase time="0.00300000000000011" classname="checks" name="check_all_colnames_works_as_expected"/>
    <testcase time="0.00400000000000489" classname="checks" name="check_one_colnames_works_as_expected"/>
    <testcase time="0.00300000000000011" classname="checks" name="check_one_colnames_works_as_expected"/>
    <testcase time="0.00199999999999534" classname="checks" name="check_one_colnames_works_as_expected"/>
    <testcase time="0.00200000000000244" classname="checks" name="check_one_colnames_works_as_expected"/>
  </testsuite>
  <testsuite name="chevron_tlg-class" timestamp="2025-02-19T16:31:53Z" hostname="58b64f3ef627" tests="27" skipped="0" failures="0" errors="0" time="0.086">
    <testcase time="0.00800000000000267" classname="chevron_tlg_class" name="chevron_t_object_can_be_constructed_with_default_values"/>
    <testcase time="0.00300000000000011" classname="chevron_tlg_class" name="chevron_t_object_can_be_constructed_with_default_values"/>
    <testcase time="0.00499999999999545" classname="chevron_tlg_class" name="chevron_t_object_can_be_constructed_with_custom_values"/>
    <testcase time="0.00300000000000011" classname="chevron_tlg_class" name="chevron_t_object_can_be_constructed_with_custom_values"/>
    <testcase time="0.00200000000000244" classname="chevron_tlg_class" name="chevron_t_object_can_be_constructed_with_custom_values"/>
    <testcase time="0.00300000000000011" classname="chevron_tlg_class" name="chevron_t_object_can_be_constructed_with_custom_values"/>
    <testcase time="0.00600000000000023" classname="chevron_tlg_class" name="chevron_t_constructor_returns_an_error_when_expected"/>
    <testcase time="0.000999999999997669" classname="chevron_tlg_class" name="chevron_t_constructor_returns_an_error_when_expected"/>
    <testcase time="0.00100000000000477" classname="chevron_tlg_class" name="chevron_t_constructor_returns_an_error_when_expected"/>
    <testcase time="0.000999999999997669" classname="chevron_tlg_class" name="chevron_t_constructor_returns_an_error_when_expected"/>
    <testcase time="0.000999999999997669" classname="chevron_tlg_class" name="chevron_t_constructor_returns_an_error_when_expected"/>
    <testcase time="0.00100000000000477" classname="chevron_tlg_class" name="chevron_t_constructor_returns_an_error_when_expected"/>
    <testcase time="0.00600000000000023" classname="chevron_tlg_class" name="chevron_l_object_can_be_constructed_with_default_values"/>
    <testcase time="0.00199999999999534" classname="chevron_tlg_class" name="chevron_l_object_can_be_constructed_with_default_values"/>
    <testcase time="0.00600000000000023" classname="chevron_tlg_class" name="chevron_g_object_can_be_constructed_with_custom_values"/>
    <testcase time="0.00300000000000011" classname="chevron_tlg_class" name="chevron_g_object_can_be_constructed_with_custom_values"/>
    <testcase time="0.00200000000000244" classname="chevron_tlg_class" name="chevron_g_object_can_be_constructed_with_custom_values"/>
    <testcase time="0.00300000000000011" classname="chevron_tlg_class" name="chevron_g_object_can_be_constructed_with_custom_values"/>
    <testcase time="0.00499999999999545" classname="chevron_tlg_class" name="chevron_g_constructor_returns_an_error_when_expected"/>
    <testcase time="0.00100000000000477" classname="chevron_tlg_class" name="chevron_g_constructor_returns_an_error_when_expected"/>
    <testcase time="0.000999999999997669" classname="chevron_tlg_class" name="chevron_g_constructor_returns_an_error_when_expected"/>
    <testcase time="0.00100000000000477" classname="chevron_tlg_class" name="chevron_g_constructor_returns_an_error_when_expected"/>
    <testcase time="0.000999999999997669" classname="chevron_tlg_class" name="chevron_g_constructor_returns_an_error_when_expected"/>
    <testcase time="0.000999999999997669" classname="chevron_tlg_class" name="chevron_g_constructor_returns_an_error_when_expected"/>
    <testcase time="0.00600000000000023" classname="chevron_tlg_class" name="chevron_simple_works_correctly"/>
    <testcase time="0.00200000000000244" classname="chevron_tlg_class" name="chevron_simple_works_correctly"/>
    <testcase time="0.0110000000000028" classname="chevron_tlg_class" name="chevron_simple_errors_if_contains_return"/>
  </testsuite>
  <testsuite name="chevron_tlg-methods" timestamp="2025-02-19T16:31:53Z" hostname="58b64f3ef627" tests="59" skipped="1" failures="0" errors="0" time="9.805">
    <testcase time="1.05099999999999" classname="chevron_tlg_methods" name="run_works_as_expected_for_chevron_t_object"/>
    <testcase time="0.577000000000005" classname="chevron_tlg_methods" name="run_works_as_expected_for_chevron_t_object"/>
    <testcase time="0.589999999999996" classname="chevron_tlg_methods" name="run_works_as_expected_for_chevron_t_object_when_auto_pre_FALSE"/>
    <testcase time="0.325000000000003" classname="chevron_tlg_methods" name="run_works_as_expected_with_argument_printed"/>
    <testcase time="0.265999999999998" classname="chevron_tlg_methods" name="run_works_as_expected_with_argument_printed"/>
    <testcase time="0.417000000000002" classname="chevron_tlg_methods" name="run_works_as_expected_with_argument_printed_if_the_user_argument_is_complicated"/>
    <testcase time="0.356000000000002" classname="chevron_tlg_methods" name="run_works_as_expected_with_argument_printed_if_the_user_argument_is_complicated"/>
    <testcase time="0.411000000000001" classname="chevron_tlg_methods" name="run_uses_the_argument_passed_through_the_ellipsis_in_priority"/>
    <testcase time="0.361999999999995" classname="chevron_tlg_methods" name="run_uses_the_argument_passed_through_the_ellipsis_in_priority"/>
    <testcase time="0.310000000000002" classname="chevron_tlg_methods" name="run_works_as_expected_with_partial_match_argument"/>
    <testcase time="0.268000000000001" classname="chevron_tlg_methods" name="run_works_as_expected_with_partial_match_argument"/>
    <testcase time="0.417999999999999" classname="chevron_tlg_methods" name="run_displays_the_symbols_when_available"/>
    <testcase time="0.358000000000004" classname="chevron_tlg_methods" name="run_displays_the_symbols_when_available"/>
    <testcase time="0.306999999999995" classname="chevron_tlg_methods" name="run_print_internal_functions_when_unwrap_is_TRUE"/>
    <testcase time="0.00100000000000477" classname="chevron_tlg_methods" name="run_print_internal_functions_when_unwrap_is_TRUE"/>
    <testcase time="0.000999999999997669" classname="chevron_tlg_methods" name="run_print_internal_functions_when_unwrap_is_TRUE"/>
    <testcase time="0.0229999999999961" classname="chevron_tlg_methods" name="run_print_internal_functions_when_unwrap_is_TRUE"/>
    <testcase time="1.194" classname="chevron_tlg_methods" name="run_print_internal_functions_when_unwrap_is_TRUE_and_standard_chevron_tlg_has_no_layout"/>
    <testcase time="0.00999999999999801" classname="chevron_tlg_methods" name="run_print_internal_functions_when_unwrap_is_TRUE_and_the_chevron_tlg_object_is_customized"/>
    <testcase time="0.00100000000000477" classname="chevron_tlg_methods" name="run_print_internal_functions_when_unwrap_is_TRUE_and_the_chevron_tlg_object_is_customized"/>
    <testcase time="0.000999999999997669" classname="chevron_tlg_methods" name="run_print_internal_functions_when_unwrap_is_TRUE_and_the_chevron_tlg_object_is_customized"/>
    <testcase time="0.0219999999999985" classname="chevron_tlg_methods" name="run_print_internal_functions_when_unwrap_is_TRUE_and_the_chevron_tlg_object_is_customized"/>
    <testcase time="0.00800000000000267" classname="chevron_tlg_methods" name="run_print_main_and_postprocessing_functions_when_unwrap_is_TRUE_and_auto_pre_is_FALSE"/>
    <testcase time="0.000999999999997669" classname="chevron_tlg_methods" name="run_print_main_and_postprocessing_functions_when_unwrap_is_TRUE_and_auto_pre_is_FALSE"/>
    <testcase time="0.000999999999997669" classname="chevron_tlg_methods" name="run_print_main_and_postprocessing_functions_when_unwrap_is_TRUE_and_auto_pre_is_FALSE"/>
    <testcase time="0.00100000000000477" classname="chevron_tlg_methods" name="run_print_main_and_postprocessing_functions_when_unwrap_is_TRUE_and_auto_pre_is_FALSE"/>
    <testcase time="0.0219999999999985" classname="chevron_tlg_methods" name="run_print_main_and_postprocessing_functions_when_unwrap_is_TRUE_and_auto_pre_is_FALSE"/>
    <testcase time="0.00500000000000256" classname="chevron_tlg_methods" name="args_ls_works_as_expected"/>
    <testcase time="0.000999999999997669" classname="chevron_tlg_methods" name="args_ls_works_as_expected"/>
    <testcase time="0.000999999999997669" classname="chevron_tlg_methods" name="args_ls_works_as_expected"/>
    <testcase time="0.00500000000000256" classname="chevron_tlg_methods" name="args_ls_works_as_expected_when_simplify_is_TRUE"/>
    <testcase time="0.000999999999997669" classname="chevron_tlg_methods" name="args_ls_works_as_expected_when_simplify_is_TRUE"/>
    <testcase time="0.00100000000000477" classname="chevron_tlg_methods" name="args_ls_works_as_expected_when_simplify_is_TRUE"/>
    <testcase time="0.00600000000000023" classname="chevron_tlg_methods" name="args_ls_works_as_expected_with_custom_chevron_tlg_object"/>
    <testcase time="0.000999999999997669" classname="chevron_tlg_methods" name="args_ls_works_as_expected_with_custom_chevron_tlg_object"/>
    <testcase time="0.000999999999997669" classname="chevron_tlg_methods" name="args_ls_works_as_expected_with_custom_chevron_tlg_object"/>
    <testcase time="0.00200000000000244" classname="chevron_tlg_methods" name="args_ls_works_as_expected_with_custom_chevron_tlg_object"/>
    <testcase time="0.0120000000000005" classname="chevron_tlg_methods" name="main_works_as_expected"/>
    <testcase time="0.00900000000000034" classname="chevron_tlg_methods" name="main_setter_works_as_expected"/>
    <testcase time="0.0139999999999958" classname="chevron_tlg_methods" name="main_setter_throw_an_error_as_expected"/>
    <testcase time="0.00600000000000023" classname="chevron_tlg_methods" name="preprocess_works_as_expected"/>
    <testcase time="0.00600000000000023" classname="chevron_tlg_methods" name="preprocess_setter_works_as_expected"/>
    <testcase time="0.0100000000000051" classname="chevron_tlg_methods" name="preprocess_sends_an_error_as_expected"/>
    <testcase time="0.00600000000000023" classname="chevron_tlg_methods" name="postprocess_works_as_expected"/>
    <testcase time="0.00600000000000023" classname="chevron_tlg_methods" name="postprocess_setter_works_as_expected"/>
    <testcase time="0.00999999999999801" classname="chevron_tlg_methods" name="postprocess_sends_an_error_as_expected"/>
    <testcase time="0.00499999999999545" classname="chevron_tlg_methods" name="script_funs_works_as_expected_in_interactive_mode">
      <skipped message="Reason: !interactive() is TRUE ('test-chevron_tlg-methods.R:264:3')"/>
    </testcase>
    <testcase time="0.0140000000000029" classname="chevron_tlg_methods" name="script_funs_works_as_expected"/>
    <testcase time="0.00200000000000244" classname="chevron_tlg_methods" name="script_funs_works_as_expected"/>
    <testcase time="2.268" classname="chevron_tlg_methods" name="script_funs_generates_a_valid_script"/>
    <testcase time="0.00199999999999534" classname="chevron_tlg_methods" name="script_funs_generates_a_valid_script"/>
    <testcase time="0.00100000000000477" classname="chevron_tlg_methods" name="script_funs_generates_a_valid_script"/>
    <testcase time="0.00199999999999534" classname="chevron_tlg_methods" name="script_funs_generates_a_valid_script"/>
    <testcase time="0.00100000000000477" classname="chevron_tlg_methods" name="script_funs_generates_a_valid_script"/>
    <testcase time="0.0259999999999962" classname="chevron_tlg_methods" name="script_funs_generates_a_valid_script"/>
    <testcase time="0.00600000000000023" classname="chevron_tlg_methods" name="script_funs_works_for_simple_template"/>
    <testcase time="0.000999999999997669" classname="chevron_tlg_methods" name="script_funs_works_for_simple_template"/>
    <testcase time="0.044000000000004" classname="chevron_tlg_methods" name="print_list_works"/>
    <testcase time="0.0279999999999987" classname="chevron_tlg_methods" name="print_list_works_for_empty_list"/>
  </testsuite>
  <testsuite name="cml02a_gl" timestamp="2025-02-19T16:32:03Z" hostname="58b64f3ef627" tests="6" skipped="0" failures="0" errors="0" time="0.558">
    <testcase time="0.0279999999999987" classname="cml02a_gl" name="cml02a_gl_works_with_adcm_dataset"/>
    <testcase time="0.167999999999999" classname="cml02a_gl" name="cml02a_gl_works_with_adcm_dataset"/>
    <testcase time="0.0240000000000009" classname="cml02a_gl" name="cml02a_gl_works_with_missing_data"/>
    <testcase time="0.148000000000003" classname="cml02a_gl" name="cml02a_gl_works_with_missing_data"/>
    <testcase time="0.0240000000000009" classname="cml02a_gl" name="cml02a_gl_functions_work_as_expected"/>
    <testcase time="0.165999999999997" classname="cml02a_gl" name="cml02a_gl_functions_work_as_expected"/>
  </testsuite>
  <testsuite name="cmt01a" timestamp="2025-02-19T16:32:04Z" hostname="58b64f3ef627" tests="6" skipped="0" failures="0" errors="0" time="3.956">
    <testcase time="1.151" classname="cmt01a" name="cmt01a_functions_with_default_argument_value_return_expected_result_with_test_data"/>
    <testcase time="1.11199999999999" classname="cmt01a" name="cmt01a_functions_with_custom_argument_value_return_expected_result_with_test_data"/>
    <testcase time="0.161000000000001" classname="cmt01a" name="cmt01a_can_handle_all_NA_values"/>
    <testcase time="0.177999999999997" classname="cmt01a" name="cmt01a_can_handle_all_NA_values"/>
    <testcase time="0.785000000000004" classname="cmt01a" name="cmt01a_can_handle_some_NA_values"/>
    <testcase time="0.569000000000003" classname="cmt01a" name="cmt01a_can_handle_some_NA_values"/>
  </testsuite>
  <testsuite name="cmt02_pt" timestamp="2025-02-19T16:32:08Z" hostname="58b64f3ef627" tests="4" skipped="0" failures="0" errors="0" time="0.591">
    <testcase time="0.101999999999997" classname="cmt02_pt" name="cmt02_pt_can_handle_all_NA_values"/>
    <testcase time="0.131999999999998" classname="cmt02_pt" name="cmt02_pt_can_handle_all_NA_values"/>
    <testcase time="0.138000000000005" classname="cmt02_pt" name="cmt02_pt_can_handle_some_NA_values"/>
    <testcase time="0.218999999999994" classname="cmt02_pt" name="cmt02_pt_can_handle_some_NA_values"/>
  </testsuite>
  <testsuite name="coxt01" timestamp="2025-02-19T16:32:08Z" hostname="58b64f3ef627" tests="9" skipped="0" failures="0" errors="0" time="1.666">
    <testcase time="0.293000000000006" classname="coxt01" name="coxt01_can_handle_some_NA_values"/>
    <testcase time="0.186" classname="coxt01" name="coxt01_can_handle_some_NA_values"/>
    <testcase time="0.236999999999995" classname="coxt01" name="coxt01_can_handle_some_NA_values"/>
    <testcase time="0.194000000000003" classname="coxt01" name="coxt01_can_handle_some_NA_values"/>
    <testcase time="0.186" classname="coxt01" name="coxt01_can_handle_some_NA_values"/>
    <testcase time="0.173000000000002" classname="coxt01" name="coxt01_can_handle_some_NA_values"/>
    <testcase time="0.207000000000001" classname="coxt01" name="coxt01_can_handle_some_NA_values"/>
    <testcase time="0.176000000000002" classname="coxt01" name="coxt01_can_handle_some_NA_values"/>
    <testcase time="0.0139999999999958" classname="coxt01" name="coxt01_fails_on_incomlete_data"/>
  </testsuite>
  <testsuite name="coxt02" timestamp="2025-02-19T16:32:10Z" hostname="58b64f3ef627" tests="9" skipped="0" failures="0" errors="0" time="2.202">
    <testcase time="0.417000000000002" classname="coxt02" name="coxt02_can_handle_some_NA_values"/>
    <testcase time="0.226999999999997" classname="coxt02" name="coxt02_can_handle_some_NA_values"/>
    <testcase time="0.396000000000001" classname="coxt02" name="coxt02_can_handle_some_NA_values"/>
    <testcase time="0.233000000000004" classname="coxt02" name="coxt02_can_handle_some_NA_values"/>
    <testcase time="0.259999999999998" classname="coxt02" name="coxt02_can_handle_some_NA_values"/>
    <testcase time="0.189" classname="coxt02" name="coxt02_can_handle_some_NA_values"/>
    <testcase time="0.276000000000003" classname="coxt02" name="coxt02_can_handle_some_NA_values"/>
    <testcase time="0.189" classname="coxt02" name="coxt02_can_handle_some_NA_values"/>
    <testcase time="0.0150000000000006" classname="coxt02" name="coxt02_fails_on_incomlete_data"/>
  </testsuite>
  <testsuite name="default_tlg" timestamp="2025-02-19T16:32:12Z" hostname="58b64f3ef627" tests="15" skipped="0" failures="0" errors="0" time="11.358">
    <testcase time="0.153999999999996" classname="default_tlg" name="ael01_nollt_function_with_default_argument_value_return_expected_result_with_test_data"/>
    <testcase time="0.536000000000001" classname="default_tlg" name="aet01_function_with_default_argument_value_return_expected_result_with_test_data"/>
    <testcase time="0.475000000000001" classname="default_tlg" name="aet01_aesi_function_with_default_argument_value_return_expected_result_with_test_data"/>
    <testcase time="0.984999999999999" classname="default_tlg" name="aet02_functions_with_default_argument_value_return_expected_result_with_test_data"/>
    <testcase time="2.062" classname="default_tlg" name="aet03_functions_with_default_argument_value_return_expected_result_with_test_data"/>
    <testcase time="3.16199999999999" classname="default_tlg" name="aet04_functions_with_default_argument_value_return_expected_result_with_test_data"/>
    <testcase time="0.423000000000002" classname="default_tlg" name="aet05_functions_with_default_argument_value_return_expected_result_with_test_data"/>
    <testcase time="0.415000000000006" classname="default_tlg" name="aet05_all_functions_with_default_argument_value_return_expected_result_with_test_data"/>
    <testcase time="0.312999999999988" classname="default_tlg" name="aet10_functions_with_default_argument_value_return_expected_result_with_test_data"/>
    <testcase time="0.378" classname="default_tlg" name="cmt02_pt_functions_with_default_argument_value_return_expected_result_with_test_data"/>
    <testcase time="0.481999999999999" classname="default_tlg" name="coxt01_functions_with_default_argument_value_return_expected_result_with_test_data"/>
    <testcase time="0.649000000000001" classname="default_tlg" name="coxt02_functions_with_default_argument_value_return_expected_result_with_test_data"/>
    <testcase time="0.611000000000004" classname="default_tlg" name="dmt01_functions_with_default_argument_value_return_expected_result_with_test_data"/>
    <testcase time="0.424000000000007" classname="default_tlg" name="dst01_functions_with_default_argument_value_return_expected_result_with_test_data"/>
    <testcase time="0.288999999999987" classname="default_tlg" name="dtht01_functions_with_default_argument_value_return_expected_result_with_test_data"/>
  </testsuite>
  <testsuite name="dmt01" timestamp="2025-02-19T16:32:24Z" hostname="58b64f3ef627" tests="19" skipped="0" failures="0" errors="0" time="4.505">
    <testcase time="0.205000000000013" classname="dmt01" name="dmt01_can_handle_NA_values"/>
    <testcase time="0.321999999999989" classname="dmt01" name="dmt01_can_handle_NA_values"/>
    <testcase time="0.206000000000003" classname="dmt01" name="dmt01_can_handle_numeric_NA_values"/>
    <testcase time="0.408000000000001" classname="dmt01" name="dmt01_can_handle_numeric_NA_values"/>
    <testcase time="0.0150000000000006" classname="dmt01" name="dmt01_returns_an_error_when_variables_are_of_the_wrong_type"/>
    <testcase time="0.155000000000001" classname="dmt01" name="dmt01_works_as_expected_with_setting_default_precision"/>
    <testcase time="0.320999999999998" classname="dmt01" name="dmt01_works_as_expected_with_setting_default_precision"/>
    <testcase time="0.174000000000007" classname="dmt01" name="dmt01_works_as_expected_with_auto_precision_settings"/>
    <testcase time="0.387999999999991" classname="dmt01" name="dmt01_works_as_expected_with_auto_precision_settings"/>
    <testcase time="0.163000000000011" classname="dmt01" name="dmt01_works_as_expected_with_auto_precision_settings_and_defined_precision"/>
    <testcase time="0.367999999999995" classname="dmt01" name="dmt01_works_as_expected_with_auto_precision_settings_and_defined_precision"/>
    <testcase time="0.164000000000001" classname="dmt01" name="dmt01_works_as_expected_with_auto_precision_settings_and_defined_precision_and_default"/>
    <testcase time="0.515999999999991" classname="dmt01" name="dmt01_works_as_expected_with_auto_precision_settings_and_defined_precision_and_default"/>
    <testcase time="0.137" classname="dmt01" name="dmt01_works_as_expected_with_cutomized_stats_value"/>
    <testcase time="0.26100000000001" classname="dmt01" name="dmt01_works_as_expected_with_cutomized_stats_value"/>
    <testcase time="0.144999999999996" classname="dmt01" name="dmt01_works_as_expected_with_empty_list_as_stats_value"/>
    <testcase time="0.296000000000006" classname="dmt01" name="dmt01_works_as_expected_with_empty_list_as_stats_value"/>
    <testcase time="0.0809999999999889" classname="dmt01" name="dmt01_works_as_expected_with_only_one_summaryvars"/>
    <testcase time="0.180000000000007" classname="dmt01" name="dmt01_works_as_expected_with_only_one_summaryvars"/>
  </testsuite>
  <testsuite name="dst01" timestamp="2025-02-19T16:32:28Z" hostname="58b64f3ef627" tests="14" skipped="0" failures="0" errors="0" time="2.384">
    <testcase time="0.131999999999991" classname="dst01" name="dst01_works_as_expected_when_all_data_are_NA"/>
    <testcase time="0.0700000000000074" classname="dst01" name="dst01_works_as_expected_when_all_data_are_NA"/>
    <testcase time="0.108000000000004" classname="dst01" name="dst01_can_handle_all_NA_values_in_DCSREAS"/>
    <testcase time="0.143999999999991" classname="dst01" name="dst01_can_handle_all_NA_values_in_DCSREAS"/>
    <testcase time="0.156000000000006" classname="dst01" name="dst01_can_handle_some_NA_values"/>
    <testcase time="0.213999999999999" classname="dst01" name="dst01_can_handle_some_NA_values"/>
    <testcase time="0.129000000000005" classname="dst01" name="dst01_can_handle_missing_levels_in_status_var"/>
    <testcase time="0.0699999999999932" classname="dst01" name="dst01_can_handle_missing_levels_in_status_var"/>
    <testcase time="0.182000000000002" classname="dst01" name="dst01_can_create_variants"/>
    <testcase time="0.212999999999994" classname="dst01" name="dst01_can_create_variants"/>
    <testcase time="0.210999999999999" classname="dst01" name="dst01_can_create_variants"/>
    <testcase time="0.235000000000014" classname="dst01" name="dst01_can_create_variants"/>
    <testcase time="0.25" classname="dst01" name="dst01_can_create_variants"/>
    <testcase time="0.269999999999996" classname="dst01" name="dst01_can_create_variants"/>
  </testsuite>
  <testsuite name="dtht01" timestamp="2025-02-19T16:32:30Z" hostname="58b64f3ef627" tests="5" skipped="0" failures="0" errors="0" time="1.38">
    <testcase time="0.0999999999999943" classname="dtht01" name="dtht01_can_handle_all_NA_values"/>
    <testcase time="0.165999999999997" classname="dtht01" name="dtht01_can_handle_all_NA_values"/>
    <testcase time="0.222999999999999" classname="dtht01" name="dtht01_can_handle_some_NA_values"/>
    <testcase time="0.334000000000003" classname="dtht01" name="dtht01_can_handle_some_NA_values"/>
    <testcase time="0.557000000000002" classname="dtht01" name="dtht01_can_be_parametrize_as_expected"/>
  </testsuite>
  <testsuite name="egt01" timestamp="2025-02-19T16:32:32Z" hostname="58b64f3ef627" tests="3" skipped="0" failures="0" errors="0" time="6.594">
    <testcase time="3.26600000000001" classname="egt01" name="egt01_functions_with_default_argument_value_return_expected_result_with_test_data"/>
    <testcase time="1.262" classname="egt01" name="egt01_can_handle_n_0_and_outputs_NE_instead_of_infs_and_NAs"/>
    <testcase time="2.066" classname="egt01" name="egt01_can_handle_n_0_and_outputs_NE_instead_of_infs_and_NAs"/>
  </testsuite>
  <testsuite name="egt02" timestamp="2025-02-19T16:32:38Z" hostname="58b64f3ef627" tests="2" skipped="0" failures="0" errors="0" time="0.666">
    <testcase time="0.344999999999999" classname="egt02" name="egt02_1_functions_with_default_argument_value_return_expected_result_with_test_data"/>
    <testcase time="0.320999999999998" classname="egt02" name="egt02_2_functions_with_default_value_return_expected_result_with_test_data"/>
  </testsuite>
  <testsuite name="egt03" timestamp="2025-02-19T16:32:39Z" hostname="58b64f3ef627" tests="5" skipped="0" failures="0" errors="0" time="3.178">
    <testcase time="1.57899999999999" classname="egt03" name="egt03_functions_with_default_argument_value_return_expected_result_with_test_data"/>
    <testcase time="0.0170000000000101" classname="egt03" name="egt03_errors_on_all_NA_values"/>
    <testcase time="0.500999999999991" classname="egt03" name="egt03_can_handle_some_NA_values"/>
    <testcase time="1.06100000000001" classname="egt03" name="egt03_can_handle_some_NA_values"/>
    <testcase time="0.019999999999996" classname="egt03" name="egt03_fails_on_incomplete_data"/>
  </testsuite>
  <testsuite name="egt05_qtcat" timestamp="2025-02-19T16:32:42Z" hostname="58b64f3ef627" tests="4" skipped="0" failures="0" errors="0" time="3.473">
    <testcase time="2.23099999999999" classname="egt05_qtcat" name="egt05_qtcat_functions_with_default_argument_value_return_expected_result_with_test_data"/>
    <testcase time="0.0220000000000056" classname="egt05_qtcat" name="egt05_qtcat_erros_on_all_NA_values"/>
    <testcase time="0.403999999999996" classname="egt05_qtcat" name="egt05_qtcat_can_handle_some_NA_values"/>
    <testcase time="0.816000000000003" classname="egt05_qtcat" name="egt05_qtcat_can_handle_some_NA_values"/>
  </testsuite>
  <testsuite name="empty_report" timestamp="2025-02-19T16:32:46Z" hostname="58b64f3ef627" tests="25" skipped="0" failures="0" errors="0" time="2.891">
    <testcase time="0.090999999999994" classname="empty_report" name="tlg_functions_return_null_reports_when_domain_table_is_empty"/>
    <testcase time="0.281999999999996" classname="empty_report" name="tlg_functions_return_null_reports_when_domain_table_is_empty"/>
    <testcase time="0.378" classname="empty_report" name="tlg_functions_return_null_reports_when_domain_table_is_empty"/>
    <testcase time="0.105000000000004" classname="empty_report" name="tlg_functions_return_null_reports_when_domain_table_is_empty"/>
    <testcase time="0.102999999999994" classname="empty_report" name="tlg_functions_return_null_reports_when_domain_table_is_empty"/>
    <testcase time="0.0650000000000119" classname="empty_report" name="tlg_functions_return_null_reports_when_domain_table_is_empty"/>
    <testcase time="0.097999999999999" classname="empty_report" name="tlg_functions_return_null_reports_when_domain_table_is_empty"/>
    <testcase time="0.141999999999996" classname="empty_report" name="tlg_functions_return_null_reports_when_domain_table_is_empty"/>
    <testcase time="0.165999999999997" classname="empty_report" name="tlg_functions_return_null_reports_when_domain_table_is_empty"/>
    <testcase time="0.078000000000003" classname="empty_report" name="tlg_functions_return_null_reports_when_domain_table_is_empty"/>
    <testcase time="0.0989999999999895" classname="empty_report" name="tlg_functions_return_null_reports_when_domain_table_is_empty"/>
    <testcase time="0.0510000000000019" classname="empty_report" name="tlg_functions_return_null_reports_when_domain_table_is_empty"/>
    <testcase time="0.054000000000002" classname="empty_report" name="tlg_functions_return_null_reports_when_domain_table_is_empty"/>
    <testcase time="0.0700000000000074" classname="empty_report" name="tlg_functions_return_null_reports_when_domain_table_is_empty"/>
    <testcase time="0.0689999999999884" classname="empty_report" name="tlg_functions_return_null_reports_when_domain_table_is_empty"/>
    <testcase time="0.0820000000000078" classname="empty_report" name="tlg_functions_return_null_reports_when_domain_table_is_empty"/>
    <testcase time="0.0819999999999936" classname="empty_report" name="tlg_functions_return_null_reports_when_domain_table_is_empty"/>
    <testcase time="0.103000000000009" classname="empty_report" name="tlg_functions_return_null_reports_when_domain_table_is_empty"/>
    <testcase time="0.307999999999993" classname="empty_report" name="tlg_functions_return_null_reports_when_domain_table_is_empty"/>
    <testcase time="0.097999999999999" classname="empty_report" name="tlg_functions_return_null_reports_when_domain_table_is_empty"/>
    <testcase time="0.0900000000000034" classname="empty_report" name="tlg_functions_return_null_reports_when_domain_table_is_empty"/>
    <testcase time="0.0700000000000074" classname="empty_report" name="tlg_functions_return_null_reports_when_domain_table_is_empty"/>
    <testcase time="0.100999999999999" classname="empty_report" name="tlg_functions_return_null_reports_when_domain_table_is_empty"/>
    <testcase time="0.0519999999999925" classname="empty_report" name="tlg_functions_return_null_reports_when_domain_table_is_empty"/>
    <testcase time="0.054000000000002" classname="empty_report" name="tlg_functions_return_null_reports_when_domain_table_is_empty"/>
  </testsuite>
  <testsuite name="ext01" timestamp="2025-02-19T16:32:49Z" hostname="58b64f3ef627" tests="10" skipped="0" failures="0" errors="0" time="5.006">
    <testcase time="0.492999999999995" classname="ext01" name="ext01_functions_with_default_argument_value_return_expected_result_with_test_data"/>
    <testcase time="0.540000000000006" classname="ext01" name="ext01_functions_with_categorical_data_return_expected_result_with_test_data"/>
    <testcase time="0.180999999999997" classname="ext01" name="ext01_works"/>
    <testcase time="0.310000000000002" classname="ext01" name="ext01_works"/>
    <testcase time="0.174999999999997" classname="ext01" name="ext01_works"/>
    <testcase time="0.308999999999997" classname="ext01" name="ext01_works"/>
    <testcase time="0.536000000000001" classname="ext01" name="ext01_works_for_selected_parameters_and_categorical_variables"/>
    <testcase time="0.807999999999993" classname="ext01" name="ext01_works_with_custom_mapping_order"/>
    <testcase time="0.808999999999997" classname="ext01" name="ext01_works_with_custom_mapping_order_for_a_single_split"/>
    <testcase time="0.844999999999999" classname="ext01" name="ext01_works_with_custom_mapping_fill_in_value"/>
  </testsuite>
  <testsuite name="fstg01" timestamp="2025-02-19T16:32:54Z" hostname="58b64f3ef627" tests="13" skipped="0" failures="0" errors="0" time="6.666">
    <testcase time="0.0170000000000101" classname="fstg01" name="fstg01_works_as_expected"/>
    <testcase time="1.26899999999999" classname="fstg01" name="fstg01_works_as_expected"/>
    <testcase time="0.00300000000000011" classname="fstg01" name="fstg01_works_as_expected"/>
    <testcase time="1.295" classname="fstg01" name="fstg01_works_as_expected_with_custom_color_set"/>
    <testcase time="0.00300000000000011" classname="fstg01" name="fstg01_works_as_expected_with_custom_color_set"/>
    <testcase time="1.244" classname="fstg01" name="fstg01_works_as_expected_with_custom_color_set"/>
    <testcase time="0.00300000000000011" classname="fstg01" name="fstg01_works_as_expected_with_custom_color_set"/>
    <testcase time="0.647999999999996" classname="fstg01" name="fstg01_works_if_changes_are_in_subgroups_conf_level_and_label_all"/>
    <testcase time="0.00300000000000011" classname="fstg01" name="fstg01_works_if_changes_are_in_subgroups_conf_level_and_label_all"/>
    <testcase time="0.88600000000001" classname="fstg01" name="fstg01_works_if_changes_are_in_subgroups_conf_level_and_label_all"/>
    <testcase time="0.00300000000000011" classname="fstg01" name="fstg01_works_if_changes_are_in_subgroups_conf_level_and_label_all"/>
    <testcase time="1.289" classname="fstg01" name="fstg01_can_handle_some_NA_values_in_subgroups"/>
    <testcase time="0.00300000000000011" classname="fstg01" name="fstg01_can_handle_some_NA_values_in_subgroups"/>
  </testsuite>
  <testsuite name="fstg02" timestamp="2025-02-19T16:33:00Z" hostname="58b64f3ef627" tests="9" skipped="0" failures="0" errors="0" time="8.902">
    <testcase time="0.0120000000000005" classname="fstg02" name="fstg02_works_as_expected"/>
    <testcase time="1.25999999999999" classname="fstg02" name="fstg02_works_as_expected"/>
    <testcase time="1.28400000000001" classname="fstg02" name="fstg02_works_as_expected_with_custom_color_set"/>
    <testcase time="1.26899999999999" classname="fstg02" name="fstg02_works_as_expected_with_custom_color_set"/>
    <testcase time="0.606000000000009" classname="fstg02" name="fstg02_works_if_changes_are_in_subgroups_strata_var_conf_level_and_label_all"/>
    <testcase time="0.99499999999999" classname="fstg02" name="fstg02_works_if_changes_are_in_subgroups_strata_var_conf_level_and_label_all"/>
    <testcase time="1.13900000000001" classname="fstg02" name="fstg02_can_handle_some_NA_values_in_subgroups"/>
    <testcase time="1.146" classname="fstg02" name="fstg02_can_handle_customized_time_units"/>
    <testcase time="1.19099999999999" classname="fstg02" name="fstg02_can_handle_customized_time_units"/>
  </testsuite>
  <testsuite name="kmg01" timestamp="2025-02-19T16:33:09Z" hostname="58b64f3ef627" tests="13" skipped="0" failures="0" errors="0" time="2.122">
    <testcase time="0.0120000000000005" classname="kmg01" name="kmg01_works_as_expected"/>
    <testcase time="0.363" classname="kmg01" name="kmg01_works_as_expected"/>
    <testcase time="0.00400000000000489" classname="kmg01" name="kmg01_works_as_expected"/>
    <testcase time="0.369" classname="kmg01" name="kmg01_works_as_expected_with_custom_color_set"/>
    <testcase time="0.00300000000000011" classname="kmg01" name="kmg01_works_as_expected_with_custom_color_set"/>
    <testcase time="0.356000000000009" classname="kmg01" name="kmg01_works_as_expected_with_custom_color_set"/>
    <testcase time="0.00300000000000011" classname="kmg01" name="kmg01_works_as_expected_with_custom_color_set"/>
    <testcase time="0.365000000000009" classname="kmg01" name="kmg01_works_if_change_pvalue_ties_and_conf_level"/>
    <testcase time="0.00300000000000011" classname="kmg01" name="kmg01_works_if_change_pvalue_ties_and_conf_level"/>
    <testcase time="0.395999999999987" classname="kmg01" name="kmg01_works_if_change_annotation_position"/>
    <testcase time="0.00400000000000489" classname="kmg01" name="kmg01_works_if_change_annotation_position"/>
    <testcase time="0.241" classname="kmg01" name="kmg01_works_for_stratified_analysis"/>
    <testcase time="0.00300000000000011" classname="kmg01" name="kmg01_works_for_stratified_analysis"/>
  </testsuite>
  <testsuite name="lbt01" timestamp="2025-02-19T16:33:11Z" hostname="58b64f3ef627" tests="4" skipped="0" failures="0" errors="0" time="9.718">
    <testcase time="3.175" classname="lbt01" name="lbt01_functions_with_default_argument_value_return_expected_result_with_test_data"/>
    <testcase time="3.28400000000001" classname="lbt01" name="lbt01_functions_with_row_split_var_return_expected_result_with_test_data"/>
    <testcase time="1.044" classname="lbt01" name="lbt01_can_handle_n_0_and_outputs_NE_instead_of_infs_and_NAs"/>
    <testcase time="2.21499999999999" classname="lbt01" name="lbt01_can_handle_n_0_and_outputs_NE_instead_of_infs_and_NAs"/>
  </testsuite>
  <testsuite name="lbt04" timestamp="2025-02-19T16:33:21Z" hostname="58b64f3ef627" tests="8" skipped="0" failures="0" errors="0" time="3.275">
    <testcase time="1.03" classname="lbt04" name="lbt04_functions_with_default_argument_value_return_expected_result_with_test_data"/>
    <testcase time="0.0840000000000032" classname="lbt04" name="lbt04_can_handle_all_NA_values"/>
    <testcase time="0.0860000000000127" classname="lbt04" name="lbt04_can_handle_all_NA_values"/>
    <testcase time="0.324999999999989" classname="lbt04" name="lbt04_can_handle_missing_levels"/>
    <testcase time="0.843999999999994" classname="lbt04" name="lbt04_can_handle_missing_levels"/>
    <testcase time="0.285000000000025" classname="lbt04" name="lbt04_can_handle_some_NA_values"/>
    <testcase time="0.605999999999995" classname="lbt04" name="lbt04_can_handle_some_NA_values"/>
    <testcase time="0.0149999999999864" classname="lbt04" name="lbt04_fails_on_incomlete_data"/>
  </testsuite>
  <testsuite name="lbt05" timestamp="2025-02-19T16:33:24Z" hostname="58b64f3ef627" tests="8" skipped="0" failures="0" errors="0" time="2.6">
    <testcase time="0.670000000000016" classname="lbt05" name="lbt05_functions_with_default_argument_value_return_expected_result_with_test_data"/>
    <testcase time="0.263999999999982" classname="lbt05" name="lbt05_functions_with_default_argument_value_return_expected_result_with_test_data"/>
    <testcase time="0.292000000000002" classname="lbt05" name="lbt05_give_all_0_count_if_ANRIND_are_all_missing"/>
    <testcase time="0.286000000000001" classname="lbt05" name="lbt05_can_handle_some_NA_values"/>
    <testcase time="0.39100000000002" classname="lbt05" name="lbt05_can_handle_some_NA_values"/>
    <testcase time="0.0369999999999777" classname="lbt05" name="lbt05_fails_on_incomlete_data"/>
    <testcase time="0.275000000000006" classname="lbt05" name="lbt05_works_with_missing_levels"/>
    <testcase time="0.384999999999991" classname="lbt05" name="lbt05_works_with_missing_levels"/>
  </testsuite>
  <testsuite name="lbt06" timestamp="2025-02-19T16:33:27Z" hostname="58b64f3ef627" tests="3" skipped="0" failures="0" errors="0" time="3.673">
    <testcase time="0.952000000000027" classname="lbt06" name="lbt06_gives_all_0_count_if_ANRIND_and_BNRIND_are_all_missing"/>
    <testcase time="2.69" classname="lbt06" name="lbt06_can_handle_some_NA_values"/>
    <testcase time="0.0309999999999775" classname="lbt06" name="lbt06_fails_on_incomplete_data"/>
  </testsuite>
  <testsuite name="lbt07" timestamp="2025-02-19T16:33:31Z" hostname="58b64f3ef627" tests="4" skipped="0" failures="0" errors="0" time="1.676">
    <testcase time="0.831000000000017" classname="lbt07" name="lbt07_functions_with_default_argument_value_return_expected_result_with_test_data"/>
    <testcase time="0.376999999999981" classname="lbt07" name="lbt07_can_handle_some_NA_values"/>
    <testcase time="0.424000000000007" classname="lbt07" name="lbt07_can_handle_some_NA_values"/>
    <testcase time="0.0440000000000111" classname="lbt07" name="lbt07_fails_on_incomlete_data"/>
  </testsuite>
  <testsuite name="lbt14" timestamp="2025-02-19T16:33:32Z" hostname="58b64f3ef627" tests="20" skipped="0" failures="0" errors="0" time="8.105">
    <testcase time="0.668000000000006" classname="lbt14" name="lbt14_functions_with_default_argument_value_return_expected_result_with_test_data"/>
    <testcase time="0.496999999999986" classname="lbt14" name="lbt14_functions_with_default_argument_value_return_expected_result_with_test_data_when_direction_high"/>
    <testcase time="0.605999999999995" classname="lbt14" name="lbt14_functions_with_gr_missing_excl_return_expected_result_with_test_data"/>
    <testcase time="0.597000000000008" classname="lbt14" name="lbt14_functions_with_gr_missing_gr_0_return_expected_result_with_test_data"/>
    <testcase time="0.369" classname="lbt14" name="lbt14_can_handle_all_NA_values"/>
    <testcase time="0.147999999999996" classname="lbt14" name="lbt14_can_handle_all_NA_values"/>
    <testcase time="0.421999999999997" classname="lbt14" name="lbt14_can_handle_some_NA_values"/>
    <testcase time="0.328000000000003" classname="lbt14" name="lbt14_can_handle_some_NA_values"/>
    <testcase time="1.34200000000001" classname="lbt14" name="lbt14_can_accept_different_gr_missing"/>
    <testcase time="0.274000000000001" classname="lbt14" name="lbt14_can_accept_different_gr_missing"/>
    <testcase time="0.272999999999996" classname="lbt14" name="lbt14_can_accept_different_gr_missing"/>
    <testcase time="0.0180000000000007" classname="lbt14" name="lbt14_fails_on_incomlete_data"/>
    <testcase time="0.400999999999982" classname="lbt14" name="lbt14_can_handle_all_NA_values_with_direction_high"/>
    <testcase time="0.13900000000001" classname="lbt14" name="lbt14_can_handle_all_NA_values_with_direction_high"/>
    <testcase time="0.39500000000001" classname="lbt14" name="lbt14_can_handle_some_NA_values_with_direction_high"/>
    <testcase time="0.179999999999978" classname="lbt14" name="lbt14_can_handle_some_NA_values_with_direction_high"/>
    <testcase time="1.14400000000001" classname="lbt14" name="lbt14_can_accept_different_gr_missing_with_direction_high"/>
    <testcase time="0.14500000000001" classname="lbt14" name="lbt14_can_accept_different_gr_missing_with_direction_high"/>
    <testcase time="0.13900000000001" classname="lbt14" name="lbt14_can_accept_different_gr_missing_with_direction_high"/>
    <testcase time="0.0199999999999818" classname="lbt14" name="lbt14_fails_on_incomlete_data"/>
  </testsuite>
  <testsuite name="lbt15" timestamp="2025-02-19T16:33:40Z" hostname="58b64f3ef627" tests="12" skipped="0" failures="0" errors="0" time="5.815">
    <testcase time="1.221" classname="lbt15" name="lbt15_functions_with_default_argument_value_return_expected_result_with_test_data"/>
    <testcase time="0.290999999999997" classname="lbt15" name="lbt15_can_handle_all_NA_values"/>
    <testcase time="0.605000000000018" classname="lbt15" name="lbt15_can_handle_all_NA_values"/>
    <testcase time="0.288999999999987" classname="lbt15" name="lbt15_can_handle_missing_levels"/>
    <testcase time="0.61699999999999" classname="lbt15" name="lbt15_can_handle_missing_levels"/>
    <testcase time="0.302000000000021" classname="lbt15" name="lbt15_can_handle_missing_levels_in_baseline"/>
    <testcase time="0.615999999999985" classname="lbt15" name="lbt15_can_handle_missing_levels_in_baseline"/>
    <testcase time="0.301999999999992" classname="lbt15" name="lbt15_can_handle_some_NA_values"/>
    <testcase time="0.631" classname="lbt15" name="lbt15_can_handle_some_NA_values"/>
    <testcase time="0.298000000000002" classname="lbt15" name="lbt15_can_handle_some_NA_values_in_baseline"/>
    <testcase time="0.62700000000001" classname="lbt15" name="lbt15_can_handle_some_NA_values_in_baseline"/>
    <testcase time="0.0159999999999911" classname="lbt15" name="lbt15_fails_on_incomlete_data"/>
  </testsuite>
  <testsuite name="mht01" timestamp="2025-02-19T16:33:46Z" hostname="58b64f3ef627" tests="4" skipped="0" failures="0" errors="0" time="3.158">
    <testcase time="0.643000000000001" classname="mht01" name="mht01_functions_with_default_argument_value_return_expected_result_with_test_data"/>
    <testcase time="0.635000000000019" classname="mht01" name="mht01_works"/>
    <testcase time="0.673000000000002" classname="mht01" name="mht01_works_on_NULL_in_lbl_mhbodsys_or_lbl_mhdecod"/>
    <testcase time="1.20699999999999" classname="mht01" name="mht01_works_with_other_row_split_var"/>
  </testsuite>
  <testsuite name="mng01" timestamp="2025-02-19T16:33:49Z" hostname="58b64f3ef627" tests="19" skipped="8" failures="0" errors="0" time="8.819">
    <testcase time="0.935000000000002" classname="mng01" name="mng01_works_as_expected_with_default_argument_values"/>
    <testcase time="0.00100000000000477" classname="mng01" name="mng01_works_as_expected_with_default_argument_values">
      <skipped message="Reason: On CI ('test-mng01.R:9:5')"/>
    </testcase>
    <testcase time="0.95999999999998" classname="mng01" name="mng01_works_as_expected_with_custom_argument_values"/>
    <testcase time="0.0109999999999957" classname="mng01" name="mng01_works_as_expected_with_custom_argument_values"/>
    <testcase time="0.00100000000000477" classname="mng01" name="mng01_works_as_expected_with_custom_argument_values">
      <skipped message="Reason: On CI ('test-mng01.R:45:5')"/>
    </testcase>
    <testcase time="0.961000000000013" classname="mng01" name="mng01_works_as_expected_with_custom_color_set"/>
    <testcase time="0.931999999999988" classname="mng01" name="mng01_works_as_expected_with_custom_color_set"/>
    <testcase time="0.00100000000000477" classname="mng01" name="mng01_works_as_expected_with_custom_color_set">
      <skipped message="Reason: On CI ('test-mng01.R:69:5')"/>
    </testcase>
    <testcase time="0.975999999999999" classname="mng01" name="mng01_works_as_expected_with_custom_line_type_set"/>
    <testcase time="0.954000000000008" classname="mng01" name="mng01_works_as_expected_with_custom_line_type_set"/>
    <testcase time="0.00100000000000477" classname="mng01" name="mng01_works_as_expected_with_custom_line_type_set">
      <skipped message="Reason: On CI ('test-mng01.R:91:5')"/>
    </testcase>
    <testcase time="0.161999999999978" classname="mng01" name="mng01_works_with_table_NULL"/>
    <testcase time="0.00100000000000477" classname="mng01" name="mng01_works_with_table_NULL">
      <skipped message="Reason: On CI ('test-mng01.R:104:5')"/>
    </testcase>
    <testcase time="0.978000000000009" classname="mng01" name="mng01_works_with_combination_of_x_variables"/>
    <testcase time="0.00100000000000477" classname="mng01" name="mng01_works_with_combination_of_x_variables">
      <skipped message="Reason: On CI ('test-mng01.R:122:5')"/>
    </testcase>
    <testcase time="0.936999999999983" classname="mng01" name="mng01_works_with_numeric_x_variable"/>
    <testcase time="0.00100000000000477" classname="mng01" name="mng01_works_with_numeric_x_variable">
      <skipped message="Reason: On CI ('test-mng01.R:143:5')"/>
    </testcase>
    <testcase time="1.005" classname="mng01" name="mng01_works_with_numeric_jitter"/>
    <testcase time="0.00100000000000477" classname="mng01" name="mng01_works_with_numeric_jitter">
      <skipped message="Reason: On CI ('test-mng01.R:161:5')"/>
    </testcase>
  </testsuite>
  <testsuite name="pdt01" timestamp="2025-02-19T16:33:58Z" hostname="58b64f3ef627" tests="5" skipped="0" failures="0" errors="0" time="1.257">
    <testcase time="0.479000000000013" classname="pdt01" name="pdt01_function_with_default_argument_value_return_expected_result_with_test_data"/>
    <testcase time="0.113" classname="pdt01" name="pdt01_can_handle_all_NA_values"/>
    <testcase time="0.167000000000002" classname="pdt01" name="pdt01_can_handle_all_NA_values"/>
    <testcase time="0.22999999999999" classname="pdt01" name="pdt01_can_handle_some_NA_values"/>
    <testcase time="0.268000000000001" classname="pdt01" name="pdt01_can_handle_some_NA_values"/>
  </testsuite>
  <testsuite name="pdt02" timestamp="2025-02-19T16:33:59Z" hostname="58b64f3ef627" tests="5" skipped="0" failures="0" errors="0" time="1.005">
    <testcase time="0.335000000000008" classname="pdt02" name="pdt02_function_with_default_argument_value_return_expected_result_with_test_data"/>
    <testcase time="0.144999999999982" classname="pdt02" name="pdt02_can_handle_all_NA_values"/>
    <testcase time="0.189000000000021" classname="pdt02" name="pdt02_can_handle_all_NA_values"/>
    <testcase time="0.145999999999987" classname="pdt02" name="pdt02_can_handle_some_NA_values"/>
    <testcase time="0.189999999999998" classname="pdt02" name="pdt02_can_handle_some_NA_values"/>
  </testsuite>
  <testsuite name="reexports" timestamp="2025-02-19T16:34:00Z" hostname="58b64f3ef627" tests="2" skipped="0" failures="0" errors="0" time="0.014">
    <testcase time="0.00900000000001455" classname="reexports" name="with_label_exported_correctly"/>
    <testcase time="0.00500000000002387" classname="reexports" name="reformat_exported_correctly"/>
  </testsuite>
  <testsuite name="report_null" timestamp="2025-02-19T16:34:00Z" hostname="58b64f3ef627" tests="12" skipped="0" failures="0" errors="0" time="0.175">
    <testcase time="0.0229999999999961" classname="report_null" name="report_null_works_as_expected_with_NULL_"/>
    <testcase time="0.0159999999999911" classname="report_null" name="report_null_works_as_expected_with_NULL_"/>
    <testcase time="0.0360000000000014" classname="report_null" name="report_null_works_as_expected_with_VTableTree_"/>
    <testcase time="0.0219999999999914" classname="report_null" name="report_null_works_as_expected_with_VTableTree_"/>
    <testcase time="0.0109999999999957" classname="report_null" name="report_null_works_as_expected_with_VTableTree_"/>
    <testcase time="0.00800000000000978" classname="report_null" name="report_null_works_as_expected_with_listing_df_"/>
    <testcase time="0.0109999999999957" classname="report_null" name="report_null_works_as_expected_with_listing_df_"/>
    <testcase time="0.0109999999999957" classname="report_null" name="report_null_works_as_expected_with_listing_df_"/>
    <testcase time="0.00900000000001455" classname="report_null" name="report_null_works_as_expected_with_list_"/>
    <testcase time="0.0200000000000102" classname="report_null" name="report_null_works_as_expected_with_list_"/>
    <testcase time="0.00499999999999545" classname="report_null" name="report_null_works_as_expected_with_by_default"/>
    <testcase time="0.0029999999999859" classname="report_null" name="report_null_works_as_expected_with_by_default"/>
  </testsuite>
  <testsuite name="rmpt01" timestamp="2025-02-19T16:34:01Z" hostname="58b64f3ef627" tests="11" skipped="0" failures="0" errors="0" time="1.575">
    <testcase time="0.432999999999993" classname="rmpt01" name="rmpt01_function_with_default_argument_value_return_expected_result_with_test_data"/>
    <testcase time="0.0590000000000259" classname="rmpt01" name="rmpt01_can_handle_NA_values"/>
    <testcase time="0.126999999999981" classname="rmpt01" name="rmpt01_can_handle_NA_values"/>
    <testcase time="0.121000000000009" classname="rmpt01" name="rmpt01_can_handle_NA_values"/>
    <testcase time="0.233000000000004" classname="rmpt01" name="rmpt01_can_handle_NA_values"/>
    <testcase time="0.0600000000000023" classname="rmpt01" name="rmpt01_can_handle_some_NA_values"/>
    <testcase time="0.127999999999986" classname="rmpt01" name="rmpt01_can_handle_some_NA_values"/>
    <testcase time="0.123999999999995" classname="rmpt01" name="rmpt01_can_handle_some_NA_values"/>
    <testcase time="0.233000000000004" classname="rmpt01" name="rmpt01_can_handle_some_NA_values"/>
    <testcase time="0.0310000000000059" classname="rmpt01" name="rmpt01_fails_on_incomlete_data"/>
    <testcase time="0.0260000000000105" classname="rmpt01" name="rmpt01_fails_on_incomlete_data"/>
  </testsuite>
  <testsuite name="rmpt03" timestamp="2025-02-19T16:34:02Z" hostname="58b64f3ef627" tests="12" skipped="0" failures="0" errors="0" time="1.974">
    <testcase time="0.316000000000003" classname="rmpt03" name="rmpt03_function_with_default_argument_value_return_expected_result_with_test_data"/>
    <testcase time="0.111999999999995" classname="rmpt03" name="rmpt03_can_handle_NA_values"/>
    <testcase time="0.203999999999979" classname="rmpt03" name="rmpt03_can_handle_NA_values"/>
    <testcase time="0.186000000000007" classname="rmpt03" name="rmpt03_can_handle_NA_values"/>
    <testcase time="0.282000000000011" classname="rmpt03" name="rmpt03_can_handle_NA_values"/>
    <testcase time="0.113" classname="rmpt03" name="rmpt03_can_handle_some_NA_values"/>
    <testcase time="0.204000000000008" classname="rmpt03" name="rmpt03_can_handle_some_NA_values"/>
    <testcase time="0.179000000000002" classname="rmpt03" name="rmpt03_can_handle_some_NA_values"/>
    <testcase time="0.293999999999983" classname="rmpt03" name="rmpt03_can_handle_some_NA_values"/>
    <testcase time="0.039999999999992" classname="rmpt03" name="rmpt03_fails_on_incomlete_data"/>
    <testcase time="0.0270000000000152" classname="rmpt03" name="rmpt03_fails_on_incomlete_data"/>
    <testcase time="0.0169999999999959" classname="rmpt03" name="rmpt03_fails_on_incomlete_data"/>
  </testsuite>
  <testsuite name="rmpt04" timestamp="2025-02-19T16:34:04Z" hostname="58b64f3ef627" tests="10" skipped="0" failures="0" errors="0" time="0.969">
    <testcase time="0.182999999999993" classname="rmpt04" name="rmpt04_function_with_default_argument_value_return_expected_result_with_test_data"/>
    <testcase time="0.0640000000000214" classname="rmpt04" name="rmpt04_can_handle_NA_values"/>
    <testcase time="0.11699999999999" classname="rmpt04" name="rmpt04_can_handle_NA_values"/>
    <testcase time="0.0579999999999927" classname="rmpt04" name="rmpt04_can_handle_NA_values"/>
    <testcase time="0.122000000000014" classname="rmpt04" name="rmpt04_can_handle_NA_values"/>
    <testcase time="0.0569999999999879" classname="rmpt04" name="rmpt04_can_handle_some_NA_values"/>
    <testcase time="0.12299999999999" classname="rmpt04" name="rmpt04_can_handle_some_NA_values"/>
    <testcase time="0.0560000000000116" classname="rmpt04" name="rmpt04_can_handle_some_NA_values"/>
    <testcase time="0.132000000000005" classname="rmpt04" name="rmpt04_can_handle_some_NA_values"/>
    <testcase time="0.0569999999999879" classname="rmpt04" name="rmpt04_fails_on_incomlete_data"/>
  </testsuite>
  <testsuite name="rmpt05" timestamp="2025-02-19T16:34:05Z" hostname="58b64f3ef627" tests="10" skipped="0" failures="0" errors="0" time="1.016">
    <testcase time="0.194999999999993" classname="rmpt05" name="rmpt05_function_with_default_argument_value_return_expected_result_with_test_data"/>
    <testcase time="0.0580000000000211" classname="rmpt05" name="rmpt05_can_handle_NA_values"/>
    <testcase time="0.128999999999991" classname="rmpt05" name="rmpt05_can_handle_NA_values"/>
    <testcase time="0.0560000000000116" classname="rmpt05" name="rmpt05_can_handle_NA_values"/>
    <testcase time="0.129999999999995" classname="rmpt05" name="rmpt05_can_handle_NA_values"/>
    <testcase time="0.0660000000000025" classname="rmpt05" name="rmpt05_can_handle_some_NA_values"/>
    <testcase time="0.128999999999991" classname="rmpt05" name="rmpt05_can_handle_some_NA_values"/>
    <testcase time="0.0589999999999975" classname="rmpt05" name="rmpt05_can_handle_some_NA_values"/>
    <testcase time="0.138000000000005" classname="rmpt05" name="rmpt05_can_handle_some_NA_values"/>
    <testcase time="0.0560000000000116" classname="rmpt05" name="rmpt05_fails_on_incomlete_data"/>
  </testsuite>
  <testsuite name="rmpt06" timestamp="2025-02-19T16:34:06Z" hostname="58b64f3ef627" tests="6" skipped="0" failures="0" errors="0" time="1.988">
    <testcase time="0.534999999999997" classname="rmpt06" name="rmpt06_works_as_expected"/>
    <testcase time="0.585999999999984" classname="rmpt06" name="rmpt06_works_as_expected_with_show_diff_TRUE"/>
    <testcase time="0.228000000000009" classname="rmpt06" name="rmpt06_can_handle_all_NA_values"/>
    <testcase time="0.282000000000011" classname="rmpt06" name="rmpt06_can_handle_all_NA_values"/>
    <testcase time="0.216999999999985" classname="rmpt06" name="rmpt06_can_handle_all_NA_values"/>
    <testcase time="0.140000000000015" classname="rmpt06" name="rmpt06_can_handle_all_NA_values"/>
  </testsuite>
  <testsuite name="rspt01" timestamp="2025-02-19T16:34:08Z" hostname="58b64f3ef627" tests="27" skipped="0" failures="0" errors="0" time="7.496">
    <testcase time="0.0159999999999911" classname="rspt01" name="rspt01_works_as_expected"/>
    <testcase time="0.301999999999992" classname="rspt01" name="rspt01_works_as_expected"/>
    <testcase time="0.253000000000014" classname="rspt01" name="rspt01_works_as_expected"/>
    <testcase time="0.298000000000002" classname="rspt01" name="rspt01_works_as_expected_for_stratified_and_unstratified_analysis"/>
    <testcase time="0.275999999999982" classname="rspt01" name="rspt01_works_as_expected_for_stratified_and_unstratified_analysis"/>
    <testcase time="0.343000000000018" classname="rspt01" name="rspt01_works_as_expected_for_stratified_and_unstratified_analysis"/>
    <testcase time="0.296999999999997" classname="rspt01" name="rspt01_works_as_expected_for_stratified_and_unstratified_analysis"/>
    <testcase time="0.268999999999977" classname="rspt01" name="rspt01_works_as_expected_for_unstratified_analysis_only"/>
    <testcase time="0.247000000000014" classname="rspt01" name="rspt01_works_as_expected_for_unstratified_analysis_only"/>
    <testcase time="0.270999999999987" classname="rspt01" name="rspt01_works_as_expected_for_unstratified_analysis_only"/>
    <testcase time="0.25200000000001" classname="rspt01" name="rspt01_works_as_expected_for_unstratified_analysis_only"/>
    <testcase time="0.25800000000001" classname="rspt01" name="rspt01_works_as_expected_for_stratified_analysis_only"/>
    <testcase time="0.246999999999986" classname="rspt01" name="rspt01_works_as_expected_for_stratified_analysis_only"/>
    <testcase time="0.274000000000001" classname="rspt01" name="rspt01_works_as_expected_for_stratified_analysis_only"/>
    <testcase time="0.257000000000005" classname="rspt01" name="rspt01_works_as_expected_for_stratified_analysis_only"/>
    <testcase time="0.280000000000001" classname="rspt01" name="rspt01_works_if_change_reference_group"/>
    <testcase time="0.245000000000005" classname="rspt01" name="rspt01_works_if_change_reference_group"/>
    <testcase time="0.350999999999999" classname="rspt01" name="rspt01_works_if_change_reference_group"/>
    <testcase time="0.311999999999983" classname="rspt01" name="rspt01_works_if_change_reference_group"/>
    <testcase time="0.288000000000011" classname="rspt01" name="rspt01_works_if_change_statistic_methods"/>
    <testcase time="0.262" classname="rspt01" name="rspt01_works_if_change_statistic_methods"/>
    <testcase time="0.350999999999999" classname="rspt01" name="rspt01_works_if_change_statistic_methods"/>
    <testcase time="0.343999999999994" classname="rspt01" name="rspt01_works_if_change_statistic_methods"/>
    <testcase time="0.284999999999997" classname="rspt01" name="rspt01_works_if_change_confidence_interval"/>
    <testcase time="0.25" classname="rspt01" name="rspt01_works_if_change_confidence_interval"/>
    <testcase time="0.359000000000009" classname="rspt01" name="rspt01_works_if_change_confidence_interval"/>
    <testcase time="0.308999999999997" classname="rspt01" name="rspt01_works_if_change_confidence_interval"/>
  </testsuite>
  <testsuite name="ttet01" timestamp="2025-02-19T16:34:16Z" hostname="58b64f3ef627" tests="16" skipped="0" failures="0" errors="0" time="5.65">
    <testcase time="0.0180000000000007" classname="ttet01" name="ttet01_works_as_expected"/>
    <testcase time="0.438999999999993" classname="ttet01" name="ttet01_works_as_expected"/>
    <testcase time="0.511000000000024" classname="ttet01" name="ttet01_works_as_expected"/>
    <testcase time="0.0199999999999818" classname="ttet01" name="ttet01_returns_an_error_when_one_level_or_arm_var_is_empty"/>
    <testcase time="0.336000000000013" classname="ttet01" name="ttet01_works_as_expected_for_stratified_and_unstratified_analysis"/>
    <testcase time="0.36099999999999" classname="ttet01" name="ttet01_works_as_expected_for_stratified_and_unstratified_analysis"/>
    <testcase time="0.462000000000018" classname="ttet01" name="ttet01_works_as_expected_for_stratified_and_unstratified_analysis"/>
    <testcase time="0.445999999999998" classname="ttet01" name="ttet01_works_as_expected_for_stratified_and_unstratified_analysis"/>
    <testcase time="0.34099999999998" classname="ttet01" name="ttet01_works_as_expected_for_stratified_analysis_only"/>
    <testcase time="0.361000000000018" classname="ttet01" name="ttet01_works_as_expected_for_stratified_analysis_only"/>
    <testcase time="0.587999999999994" classname="ttet01" name="ttet01_works_as_expected_for_stratified_analysis_only"/>
    <testcase time="0.353000000000009" classname="ttet01" name="ttet01_works_as_expected_for_stratified_analysis_only"/>
    <testcase time="0.304999999999978" classname="ttet01" name="ttet01_works_if_change_reference_group"/>
    <testcase time="0.317000000000007" classname="ttet01" name="ttet01_works_if_change_reference_group"/>
    <testcase time="0.396999999999991" classname="ttet01" name="ttet01_works_if_change_reference_group"/>
    <testcase time="0.39500000000001" classname="ttet01" name="ttet01_works_if_change_reference_group"/>
  </testsuite>
  <testsuite name="unwrap" timestamp="2025-02-19T16:34:21Z" hostname="58b64f3ef627" tests="12" skipped="0" failures="0" errors="0" time="0.158">
    <testcase time="0.0130000000000052" classname="unwrap" name="unwrap_layout_works_as_expected_with_standard_chevron_t_main_function"/>
    <testcase time="0.00100000000000477" classname="unwrap" name="unwrap_layout_works_as_expected_with_standard_chevron_t_main_function"/>
    <testcase time="0.000999999999976353" classname="unwrap" name="unwrap_layout_works_as_expected_with_standard_chevron_t_main_function"/>
    <testcase time="0.0240000000000009" classname="unwrap" name="unwrap_layout_works_as_expected_with_standard_chevron_t_main_function"/>
    <testcase time="0.0120000000000005" classname="unwrap" name="unwrap_layout_works_as_expected_with_standard_chevron_g_main_function"/>
    <testcase time="0.007000000000005" classname="unwrap" name="unwrap_layout_works_as_expected_with_standard_chevron_l_main_function"/>
    <testcase time="0.00600000000000023" classname="unwrap" name="unwrap_layout_works_as_expected_with_a_custom_function_without_layout_function"/>
    <testcase time="0.0330000000000155" classname="unwrap" name="unwrap_layout_works_as_expected_with_a_custom_function_with_layout_function"/>
    <testcase time="0.00199999999998113" classname="unwrap" name="unwrap_layout_works_as_expected_with_a_custom_function_with_layout_function"/>
    <testcase time="0.0290000000000248" classname="unwrap" name="unwrap_layout_works_as_expected_with_multiple_layout_function"/>
    <testcase time="0.0289999999999964" classname="unwrap" name="unwrap_layout_works_as_expected_on_custom_function_with_overwritten_layout_function"/>
    <testcase time="0.000999999999976353" classname="unwrap" name="unwrap_layout_works_as_expected_on_custom_function_with_overwritten_layout_function"/>
  </testsuite>
  <testsuite name="utils" timestamp="2025-02-19T16:34:21Z" hostname="58b64f3ef627" tests="80" skipped="0" failures="0" errors="1" time="2.325">
    <testcase time="0.00900000000001455" classname="utils" name="h_format_dec_works_as_exected"/>
    <testcase time="0.0029999999999859" classname="utils" name="h_format_dec_works_as_exected"/>
    <testcase time="0.00100000000000477" classname="utils" name="h_format_dec_works_as_exected"/>
    <testcase time="0.00300000000001432" classname="utils" name="h_format_dec_works_as_exected"/>
    <testcase time="0.00199999999998113" classname="utils" name="h_format_dec_works_as_exected"/>
    <testcase time="0.00200000000000955" classname="utils" name="h_format_dec_works_as_exected"/>
    <testcase time="0.00200000000000955" classname="utils" name="h_format_dec_works_as_exected"/>
    <testcase time="0.00199999999998113" classname="utils" name="h_format_dec_works_as_exected"/>
    <testcase time="0.00200000000000955" classname="utils" name="h_format_dec_works_as_exected"/>
    <testcase time="0.00200000000000955" classname="utils" name="h_format_dec_works_as_exected"/>
    <testcase time="0.00199999999998113" classname="utils" name="h_format_dec_works_as_exected"/>
    <testcase time="0.00300000000001432" classname="utils" name="h_format_dec_works_as_exected"/>
    <testcase time="0.00499999999999545" classname="utils" name="h_format_dec_works_as_expected_with_more_than_one_value"/>
    <testcase time="0.00300000000001432" classname="utils" name="h_format_dec_works_as_expected_with_more_than_one_value"/>
    <testcase time="0.00499999999999545" classname="utils" name="h_format_dec_works_as_expected_with_NA_digits"/>
    <testcase time="0.00600000000000023" classname="utils" name="fuse_sequentially_works"/>
    <testcase time="0.0029999999999859" classname="utils" name="fuse_sequentially_works"/>
    <testcase time="0.0109999999999957" classname="utils" name="ifneeded_split_row_works_as_expected"/>
    <testcase time="0.00600000000000023" classname="utils" name="ifneeded_split_row_works_as_expected"/>
    <testcase time="0.0740000000000123" classname="utils" name="_unnamed_"/>
    <testcase time="0.0649999999999977" classname="utils" name="_unnamed_"/>
    <testcase time="0.0680000000000121" classname="utils" name="_unnamed_"/>
    <testcase time="0.046999999999997" classname="utils" name="_unnamed_"/>
    <testcase time="0.0029999999999859" classname="utils" name="droplevels.character_works_as_expected"/>
    <testcase time="0.00300000000001432" classname="utils" name="droplevels.character_works_as_expected"/>
    <testcase time="0.00399999999999068" classname="utils" name="lvls.character_works_as_expected"/>
    <testcase time="0.00300000000001432" classname="utils" name="lvls.character_works_as_expected"/>
    <testcase time="0.00499999999999545" classname="utils" name="lvls.factor_works_as_expected"/>
    <testcase time="0.00199999999998113" classname="utils" name="lvls.factor_works_as_expected"/>
    <testcase time="0.00500000000002387" classname="utils" name="lvls.default_works_as_expected"/>
    <testcase time="0.0029999999999859" classname="utils" name="lvls.default_works_as_expected"/>
    <testcase time="0.00399999999999068" classname="utils" name="quote_str_works_as_expected"/>
    <testcase time="0.00300000000001432" classname="utils" name="quote_str_works_as_expected"/>
    <testcase time="0.00499999999999545" classname="utils" name="quote_str_works_as_expected"/>
    <testcase time="0.00499999999999545" classname="utils" name="modify_default_args_works_as_expected"/>
    <testcase time="0.00200000000000955" classname="utils" name="modify_default_args_works_as_expected"/>
    <testcase time="0.00499999999999545" classname="utils" name="execute_with_args_works_as_expected"/>
    <testcase time="0.0029999999999859" classname="utils" name="execute_with_args_works_as_expected"/>
    <testcase time="0.00200000000000955" classname="utils" name="execute_with_args_works_as_expected"/>
    <testcase time="0.00200000000000955" classname="utils" name="execute_with_args_works_as_expected"/>
    <testcase time="0.00199999999998113" classname="utils" name="execute_with_args_works_as_expected"/>
    <testcase time="0.00300000000001432" classname="utils" name="execute_with_args_works_as_expected"/>
    <testcase time="0.00100000000000477" classname="utils" name="execute_with_args_works_as_expected"/>
    <testcase time="0.0029999999999859" classname="utils" name="execute_with_args_works_as_expected"/>
    <testcase time="0.00200000000000955" classname="utils" name="execute_with_args_works_as_expected"/>
    <testcase time="0.0029999999999859" classname="utils" name="execute_with_args_works_as_expected"/>
    <testcase time="0.00100000000000477" classname="utils" name="execute_with_args_works_as_expected"/>
    <testcase time="0.00300000000001432" classname="utils" name="execute_with_args_works_as_expected"/>
    <testcase time="0.00499999999999545" classname="utils" name="do_call_work_as_expected"/>
    <testcase time="0.0029999999999859" classname="utils" name="do_call_work_as_expected"/>
    <testcase time="0.007000000000005" classname="utils" name="do_call_errors_as_expected"/>
    <testcase time="0.00600000000000023" classname="utils" name="do_call_errors_as_expected"/>
    <testcase time="0.00499999999999545" classname="utils" name="convert_to_month_work_as_expected"/>
    <testcase time="0.00300000000001432" classname="utils" name="convert_to_month_work_as_expected"/>
    <testcase time="0.00200000000000955" classname="utils" name="convert_to_month_work_as_expected"/>
    <testcase time="0.0029999999999859" classname="utils" name="convert_to_month_work_as_expected"/>
    <testcase time="0.00200000000000955" classname="utils" name="convert_to_month_work_as_expected"/>
    <testcase time="0.0029999999999859" classname="utils" name="convert_to_month_work_as_expected"/>
    <testcase time="0.00800000000000978" classname="utils" name="convert_to_month_warning_messages_as_expected"/>
    <testcase time="0.00999999999999091" classname="utils" name="gg_theme_chevron_works_as_expected"/>
    <testcase time="0.00100000000000477" classname="utils" name="gg_theme_chevron_works_as_expected"/>
    <testcase time="0.00200000000000955" classname="utils" name="gg_theme_chevron_works_as_expected"/>
    <testcase time="0.00399999999999068" classname="utils" name="gg_theme_chevron_works_as_expected"/>
    <testcase time="0.00200000000000955" classname="utils" name="gg_theme_chevron_works_as_expected"/>
    <testcase time="0.00199999999998113" classname="utils" name="gg_theme_chevron_works_as_expected"/>
    <testcase time="0.00600000000000023" classname="utils" name="modify_character_works"/>
    <testcase time="0.00200000000000955" classname="utils" name="modify_character_works"/>
    <testcase time="0.00600000000000023" classname="utils" name="expand_list_works"/>
    <testcase time="0.0029999999999859" classname="utils" name="expand_list_works"/>
    <testcase time="0.00500000000002387" classname="utils" name="set_section_div_works"/>
    <testcase time="0.00499999999999545" classname="utils" name="set_section_div_works"/>
    <testcase time="0.00499999999999545" classname="utils" name="set_section_div_works"/>
    <testcase time="0.0029999999999859" classname="utils" name="set_section_div_works"/>
    <testcase time="0.00500000000002387" classname="utils" name="get_section_div_works"/>
    <testcase time="0.0029999999999859" classname="utils" name="get_section_div_works"/>
    <testcase time="0.902999999999992" classname="utils" name="grob_list_is_deprecated"/>
    <testcase time="0.872000000000014" classname="utils" name="gg_list_is_deprecated"/>
    <testcase time="0.00999999999999091" classname="utils" name="format_date_works_as_expected_for_POSIXct">
      <error type="error" message="Error in `C_force_tz(to_posixct(time), tz, roll_dst)`: CCTZ: Unrecognized timezone of the input vector: &quot;NZ&quot; ('test-utils.R:330:5')">Error in `C_force_tz(to_posixct(time), tz, roll_dst)`: CCTZ: Unrecognized timezone of the input vector: "NZ"
Backtrace:
     x
  1. +-withr::with_timezone(...) at test-utils.R:328:3
  2. | \-withr::with_envvar(c(TZ = tz), code)
  3. |   \-base::force(code)
  4. +-testthat::expect_identical(foo(d), "01JAN2019") at test-utils.R:330:5
  5. | \-testthat::quasi_label(enquo(object), label, arg = "object")
  6. |   \-rlang::eval_bare(expr, quo_get_env(quo))
  7. \-chevron (local) foo(d)
  8.   +-base::toupper(...)
  9.   +-base::format(...)
 10.   +-lubridate::force_tz(x, tzone = "UTC")
 11.   \-lubridate:::force_tz.default(x, tzone = "UTC")
 12.     \-timechange::time_force_tz(time, tz = tzone, roll_dst = roll_dst)
 13.       \-timechange:::.force_tz(time, tz, tzout, roll_dst)
 14.         +-timechange:::from_posixct(...)
 15.         \-timechange:::C_force_tz(to_posixct(time), tz, roll_dst)</error>
    </testcase>
    <testcase time="0.0229999999999961" classname="utils" name="format_date_works_as_expected_for_Date"/>
    <testcase time="0.00300000000001432" classname="utils" name="format_date_works_as_expected_for_Date"/>
  </testsuite>
  <testsuite name="vst01" timestamp="2025-02-19T16:34:24Z" hostname="58b64f3ef627" tests="3" skipped="0" failures="0" errors="0" time="4.529">
    <testcase time="2.27599999999998" classname="vst01" name="vst01_functions_with_default_argument_value_return_expected_result_with_test_data"/>
    <testcase time="0.745000000000005" classname="vst01" name="run_vst01_works_as_expected"/>
    <testcase time="1.50800000000001" classname="vst01" name="run_vst01_works_as_expected"/>
  </testsuite>
  <testsuite name="vst02" timestamp="2025-02-19T16:34:28Z" hostname="58b64f3ef627" tests="2" skipped="0" failures="0" errors="0" time="0.921">
    <testcase time="0.460999999999984" classname="vst02" name="vst02_functions_with_default_argument_value_return_expected_result_with_test_data"/>
    <testcase time="0.460000000000008" classname="vst02" name="vst02_functions_return_expected_result_with_test_data_when_excluding_subject_with_baseline_abnormality"/>
  </testsuite>
</testsuites>
