<?xml version="1.0" encoding="UTF-8"?>
<testsuites>
  <testsuite name="ael01_nollt" timestamp="2025-02-19T16:44:56Z" hostname="028cda1b5c87" tests="14" skipped="0" failures="0" errors="0" time="1.245">
    <testcase time="0.0659999999999998" classname="ael01_nollt" name="ael01_nollt_works_with_admh_dataset"/>
    <testcase time="0.278" classname="ael01_nollt" name="ael01_nollt_works_with_admh_dataset"/>
    <testcase time="0.0310000000000001" classname="ael01_nollt" name="ael01_nollt_works_with_non_default_label"/>
    <testcase time="0.229" classname="ael01_nollt" name="ael01_nollt_works_with_non_default_label"/>
    <testcase time="0.0370000000000004" classname="ael01_nollt" name="ael01_nollt_can_handle_all_missing_values"/>
    <testcase time="0.085" classname="ael01_nollt" name="ael01_nollt_can_handle_all_missing_values"/>
    <testcase time="0.0299999999999998" classname="ael01_nollt" name="ael01_nollt_can_handle_some_missing_values"/>
    <testcase time="0.138" classname="ael01_nollt" name="ael01_nollt_can_handle_some_missing_values"/>
    <testcase time="0.024" classname="ael01_nollt" name="ael01_nollt_listing_can_be_split_by_an_additional_variable"/>
    <testcase time="0.00200000000000022" classname="ael01_nollt" name="ael01_nollt_listing_can_be_split_by_an_additional_variable"/>
    <testcase time="0.176" classname="ael01_nollt" name="ael01_nollt_listing_can_be_split_by_an_additional_variable"/>
    <testcase time="0.024" classname="ael01_nollt" name="split_ael01_nollt_listing_do_not_display_missing_values"/>
    <testcase time="0.00200000000000022" classname="ael01_nollt" name="split_ael01_nollt_listing_do_not_display_missing_values"/>
    <testcase time="0.123" classname="ael01_nollt" name="split_ael01_nollt_listing_do_not_display_missing_values"/>
  </testsuite>
  <testsuite name="ael02" timestamp="2025-02-19T16:44:57Z" hostname="028cda1b5c87" tests="9" skipped="0" failures="0" errors="0" time="2.787">
    <testcase time="0.0600000000000001" classname="ael02" name="ael02_works_with_adae_dataset"/>
    <testcase time="0.00100000000000033" classname="ael02" name="ael02_works_with_adae_dataset"/>
    <testcase time="0.863999999999999" classname="ael02" name="ael02_works_with_adae_dataset"/>
    <testcase time="0.0420000000000007" classname="ael02" name="ael02_can_handle_all_missing_values"/>
    <testcase time="0.000999999999999446" classname="ael02" name="ael02_can_handle_all_missing_values"/>
    <testcase time="0.91" classname="ael02" name="ael02_can_handle_all_missing_values"/>
    <testcase time="0.0410000000000004" classname="ael02" name="ael02_functions_work_as_expected"/>
    <testcase time="0.00199999999999978" classname="ael02" name="ael02_functions_work_as_expected"/>
    <testcase time="0.866" classname="ael02" name="ael02_functions_work_as_expected"/>
  </testsuite>
  <testsuite name="ael03" timestamp="2025-02-19T16:45:00Z" hostname="028cda1b5c87" tests="9" skipped="0" failures="0" errors="0" time="2.849">
    <testcase time="0.0600000000000005" classname="ael03" name="ael03_works_with_adae_dataset"/>
    <testcase time="0.000999999999999446" classname="ael03" name="ael03_works_with_adae_dataset"/>
    <testcase time="0.913" classname="ael03" name="ael03_works_with_adae_dataset"/>
    <testcase time="0.0440000000000005" classname="ael03" name="ael03_can_handle_all_missing_values"/>
    <testcase time="0.000999999999999446" classname="ael03" name="ael03_can_handle_all_missing_values"/>
    <testcase time="0.908" classname="ael03" name="ael03_can_handle_all_missing_values"/>
    <testcase time="0.0489999999999995" classname="ael03" name="ael03_functions_work_as_expected"/>
    <testcase time="0.00200000000000067" classname="ael03" name="ael03_functions_work_as_expected"/>
    <testcase time="0.871" classname="ael03" name="ael03_functions_work_as_expected"/>
  </testsuite>
  <testsuite name="aet01" timestamp="2025-02-19T16:45:03Z" hostname="028cda1b5c87" tests="13" skipped="0" failures="0" errors="0" time="3.351">
    <testcase time="0.401" classname="aet01" name="aet01_can_handle_all_NA_values"/>
    <testcase time="0.280999999999999" classname="aet01" name="aet01_can_handle_all_NA_values"/>
    <testcase time="0.288" classname="aet01" name="aet01_can_handle_all_NA_values"/>
    <testcase time="0.223000000000001" classname="aet01" name="aet01_can_handle_all_NA_values"/>
    <testcase time="0.262" classname="aet01" name="aet01_can_handle_some_NA_values"/>
    <testcase time="0.285" classname="aet01" name="aet01_can_handle_some_NA_values"/>
    <testcase time="0.205" classname="aet01" name="aet01_can_use_custom_anl_vars"/>
    <testcase time="0.363" classname="aet01" name="aet01_can_use_custom_anl_vars"/>
    <testcase time="0.0579999999999998" classname="aet01" name="aet01_fails_on_incomplete_data_input"/>
    <testcase time="0.287000000000001" classname="aet01" name="aet01_can_use_custom_medconcept_var"/>
    <testcase time="0.276999999999999" classname="aet01" name="aet01_can_use_custom_medconcept_var"/>
    <testcase time="0.185" classname="aet01" name="aet01_can_conditionally_show_the_number_of_withdrawal"/>
    <testcase time="0.235999999999999" classname="aet01" name="aet01_can_conditionally_show_the_number_of_withdrawal"/>
  </testsuite>
  <testsuite name="aet01_aesi" timestamp="2025-02-19T16:45:06Z" hostname="028cda1b5c87" tests="9" skipped="0" failures="0" errors="0" time="1.969">
    <testcase time="0.210000000000001" classname="aet01_aesi" name="aet01_aesi_can_handle_all_NA_values"/>
    <testcase time="0.244" classname="aet01_aesi" name="aet01_aesi_can_handle_all_NA_values"/>
    <testcase time="0.181000000000001" classname="aet01_aesi" name="aet01_aesi_can_handle_all_NA_values"/>
    <testcase time="0.210999999999999" classname="aet01_aesi" name="aet01_aesi_can_handle_all_NA_values"/>
    <testcase time="0.185" classname="aet01_aesi" name="aet01_aesi_can_handle_some_NA_values"/>
    <testcase time="0.255000000000001" classname="aet01_aesi" name="aet01_aesi_can_handle_some_NA_values"/>
    <testcase time="0.253" classname="aet01_aesi" name="aet01_aesi_works_with_ALL_argument"/>
    <testcase time="0.379999999999999" classname="aet01_aesi" name="aet01_aesi_works_with_ALL_argument"/>
    <testcase time="0.0500000000000007" classname="aet01_aesi" name="aet01_aesi_check_fails_on_incomplete_data_input"/>
  </testsuite>
  <testsuite name="aet02" timestamp="2025-02-19T16:45:08Z" hostname="028cda1b5c87" tests="4" skipped="0" failures="0" errors="0" time="2.457">
    <testcase time="0.0540000000000003" classname="aet02" name="aet02_fails_on_incomplete_data_input"/>
    <testcase time="0.119" classname="aet02" name="aet02_handle_empty_data_input"/>
    <testcase time="1.515" classname="aet02" name="aet02_can_have_different_levels_of_row_split"/>
    <testcase time="0.769" classname="aet02" name="aet02_can_have_different_levels_of_row_split"/>
  </testsuite>
  <testsuite name="aet03" timestamp="2025-02-19T16:45:11Z" hostname="028cda1b5c87" tests="4" skipped="0" failures="0" errors="0" time="2.573">
    <testcase time="0.27" classname="aet03" name="aet03_can_handle_NA_values"/>
    <testcase time="0.263000000000002" classname="aet03" name="aet03_can_handle_NA_values"/>
    <testcase time="1.305" classname="aet03" name="aet03_can_handle_some_NA_values"/>
    <testcase time="0.734999999999999" classname="aet03" name="aet03_can_handle_some_NA_values"/>
  </testsuite>
  <testsuite name="aet04" timestamp="2025-02-19T16:45:13Z" hostname="028cda1b5c87" tests="12" skipped="0" failures="0" errors="0" time="11.685">
    <testcase time="0.419" classname="aet04" name="aet04_can_handle_NA_values"/>
    <testcase time="0.414999999999999" classname="aet04" name="aet04_can_handle_NA_values"/>
    <testcase time="0.422000000000001" classname="aet04" name="aet04_can_handle_NA_values"/>
    <testcase time="0.00399999999999778" classname="aet04" name="aet04_can_handle_NA_values"/>
    <testcase time="0.406000000000002" classname="aet04" name="aet04_can_handle_NA_values"/>
    <testcase time="0.419" classname="aet04" name="aet04_can_handle_NA_values"/>
    <testcase time="2.35" classname="aet04" name="aet04_can_handle_some_NA_values"/>
    <testcase time="1.163" classname="aet04" name="aet04_can_handle_some_NA_values"/>
    <testcase time="2.403" classname="aet04" name="aet04_can_handle_some_NA_values"/>
    <testcase time="0.00600000000000023" classname="aet04" name="aet04_can_handle_some_NA_values"/>
    <testcase time="2.421" classname="aet04" name="aet04_can_handle_some_NA_values"/>
    <testcase time="1.257" classname="aet04" name="aet04_can_handle_some_NA_values"/>
  </testsuite>
  <testsuite name="aet05" timestamp="2025-02-19T16:45:25Z" hostname="028cda1b5c87" tests="6" skipped="0" failures="0" errors="0" time="1.309">
    <testcase time="0.152000000000001" classname="aet05" name="aet05_can_handle_NA_values"/>
    <testcase time="0.277000000000001" classname="aet05" name="aet05_can_handle_NA_values"/>
    <testcase time="0.136999999999997" classname="aet05" name="aet05_can_handle_some_NA_values"/>
    <testcase time="0.310000000000002" classname="aet05" name="aet05_can_handle_some_NA_values"/>
    <testcase time="0.143999999999998" classname="aet05" name="aet05_can_handle_some_NA_values"/>
    <testcase time="0.288999999999998" classname="aet05" name="aet05_can_handle_some_NA_values"/>
  </testsuite>
  <testsuite name="aet05_all" timestamp="2025-02-19T16:45:26Z" hostname="028cda1b5c87" tests="6" skipped="0" failures="0" errors="0" time="1.326">
    <testcase time="0.158000000000001" classname="aet05_all" name="aet05_all_can_handle_NA_values"/>
    <testcase time="0.262" classname="aet05_all" name="aet05_all_can_handle_NA_values"/>
    <testcase time="0.169000000000004" classname="aet05_all" name="aet05_all_can_handle_some_NA_values"/>
    <testcase time="0.302" classname="aet05_all" name="aet05_all_can_handle_some_NA_values"/>
    <testcase time="0.135999999999996" classname="aet05_all" name="aet05_all_can_handle_some_NA_values"/>
    <testcase time="0.298999999999999" classname="aet05_all" name="aet05_all_can_handle_some_NA_values"/>
  </testsuite>
  <testsuite name="aet10" timestamp="2025-02-19T16:45:28Z" hostname="028cda1b5c87" tests="4" skipped="0" failures="0" errors="0" time="0.568">
    <testcase time="0.0770000000000053" classname="aet10" name="aet10_can_handle_NA_values"/>
    <testcase time="0.137" classname="aet10" name="aet10_can_handle_NA_values"/>
    <testcase time="0.107999999999997" classname="aet10" name="aet10_can_handle_some_NA_values"/>
    <testcase time="0.246000000000002" classname="aet10" name="aet10_can_handle_some_NA_values"/>
  </testsuite>
  <testsuite name="assertions" timestamp="2025-02-19T16:45:28Z" hostname="028cda1b5c87" tests="33" skipped="0" failures="0" errors="0" time="0.157">
    <testcase time="0.00900000000000034" classname="assertions" name="assert_valid_var.character_works_as_expected"/>
    <testcase time="0.00499999999999545" classname="assertions" name="assert_valid_var.character_works_as_expected"/>
    <testcase time="0.00500000000000256" classname="assertions" name="assert_valid_var.character_works_as_expected"/>
    <testcase time="0.00500000000000256" classname="assertions" name="assert_valid_var.character_works_as_expected"/>
    <testcase time="0.000999999999997669" classname="assertions" name="assert_valid_var.character_works_as_expected"/>
    <testcase time="0.00600000000000023" classname="assertions" name="assert_valid_var.factor_works_as_expected"/>
    <testcase time="0.00500000000000256" classname="assertions" name="assert_valid_var.factor_works_as_expected"/>
    <testcase time="0.00499999999999545" classname="assertions" name="assert_valid_var.factor_works_as_expected"/>
    <testcase time="0.00500000000000256" classname="assertions" name="assert_valid_var.factor_works_as_expected"/>
    <testcase time="0.000999999999997669" classname="assertions" name="assert_valid_var.factor_works_as_expected"/>
    <testcase time="0.00600000000000023" classname="assertions" name="assert_valid_var.logical_works_as_expected"/>
    <testcase time="0.00500000000000256" classname="assertions" name="assert_valid_var.logical_works_as_expected"/>
    <testcase time="0.00499999999999545" classname="assertions" name="assert_valid_var.logical_works_as_expected"/>
    <testcase time="0.00200000000000244" classname="assertions" name="assert_valid_var.logical_works_as_expected"/>
    <testcase time="0.00500000000000256" classname="assertions" name="assert_valid_var.numeric_works_as_expected"/>
    <testcase time="0.00399999999999778" classname="assertions" name="assert_valid_var.numeric_works_as_expected"/>
    <testcase time="0.00500000000000256" classname="assertions" name="assert_valid_var.numeric_works_as_expected"/>
    <testcase time="0.00199999999999534" classname="assertions" name="assert_valid_var.numeric_works_as_expected"/>
    <testcase time="0.00400000000000489" classname="assertions" name="assert_valid_var.numeric_works_as_expected"/>
    <testcase time="0.00199999999999534" classname="assertions" name="assert_valid_var.numeric_works_as_expected"/>
    <testcase time="0.00900000000000034" classname="assertions" name="assert_valid_var.POSIXct_works_as_expected"/>
    <testcase time="0.00999999999999801" classname="assertions" name="assert_valid_var.POSIXct_works_as_expected"/>
    <testcase time="0.00500000000000256" classname="assertions" name="assert_valid_variable_works_as_expected"/>
    <testcase time="0.00200000000000244" classname="assertions" name="assert_valid_variable_works_as_expected"/>
    <testcase time="0.0069999999999979" classname="assertions" name="assert_valid_variable_works_as_expected"/>
    <testcase time="0.00200000000000244" classname="assertions" name="assert_valid_variable_works_as_expected"/>
    <testcase time="0.00600000000000023" classname="assertions" name="assert_valid_variable_works_as_expected"/>
    <testcase time="0.00199999999999534" classname="assertions" name="assert_valid_variable_works_as_expected"/>
    <testcase time="0.00600000000000023" classname="assertions" name="assert_valid_var_pair_works_as_expected_with_character"/>
    <testcase time="0.00500000000000256" classname="assertions" name="assert_valid_var_pair_works_as_expected_with_character"/>
    <testcase time="0.00500000000000256" classname="assertions" name="assert_valid_var_pair_works_as_expected_with_factor"/>
    <testcase time="0.00600000000000023" classname="assertions" name="assert_valid_var_pair_works_as_expected_with_factor"/>
    <testcase time="0.00499999999999545" classname="assertions" name="assert_valid_var_pair_works_as_expected_with_factor"/>
  </testsuite>
  <testsuite name="cfbt01" timestamp="2025-02-19T16:45:28Z" hostname="028cda1b5c87" tests="3" skipped="0" failures="0" errors="0" time="9.08">
    <testcase time="6.774" classname="cfbt01" name="cfbt01_functions_with_default_argument_value_return_expected_result_with_test_data"/>
    <testcase time="0.753999999999998" classname="cfbt01" name="cfbt01_can_handle_n_0_and_outputs_NE_instead_of_infs_and_NAs"/>
    <testcase time="1.552" classname="cfbt01" name="cfbt01_can_handle_n_0_and_outputs_NE_instead_of_infs_and_NAs"/>
  </testsuite>
  <testsuite name="checks" timestamp="2025-02-19T16:45:37Z" hostname="028cda1b5c87" tests="8" skipped="0" failures="0" errors="0" time="0.027">
    <testcase time="0.00900000000000034" classname="checks" name="check_all_colnames_works_as_expected"/>
    <testcase time="0.00199999999999534" classname="checks" name="check_all_colnames_works_as_expected"/>
    <testcase time="0.00200000000000244" classname="checks" name="check_all_colnames_works_as_expected"/>
    <testcase time="0.00200000000000244" classname="checks" name="check_all_colnames_works_as_expected"/>
    <testcase time="0.00499999999999545" classname="checks" name="check_one_colnames_works_as_expected"/>
    <testcase time="0.00300000000000011" classname="checks" name="check_one_colnames_works_as_expected"/>
    <testcase time="0.00100000000000477" classname="checks" name="check_one_colnames_works_as_expected"/>
    <testcase time="0.00300000000000011" classname="checks" name="check_one_colnames_works_as_expected"/>
  </testsuite>
  <testsuite name="chevron_tlg-class" timestamp="2025-02-19T16:45:37Z" hostname="028cda1b5c87" tests="27" skipped="0" failures="0" errors="0" time="0.088">
    <testcase time="0.00799999999999557" classname="chevron_tlg_class" name="chevron_t_object_can_be_constructed_with_default_values"/>
    <testcase time="0.00300000000000011" classname="chevron_tlg_class" name="chevron_t_object_can_be_constructed_with_default_values"/>
    <testcase time="0.00500000000000256" classname="chevron_tlg_class" name="chevron_t_object_can_be_constructed_with_custom_values"/>
    <testcase time="0.00300000000000011" classname="chevron_tlg_class" name="chevron_t_object_can_be_constructed_with_custom_values"/>
    <testcase time="0.00200000000000244" classname="chevron_tlg_class" name="chevron_t_object_can_be_constructed_with_custom_values"/>
    <testcase time="0.00200000000000244" classname="chevron_tlg_class" name="chevron_t_object_can_be_constructed_with_custom_values"/>
    <testcase time="0.00599999999999312" classname="chevron_tlg_class" name="chevron_t_constructor_returns_an_error_when_expected"/>
    <testcase time="0.00100000000000477" classname="chevron_tlg_class" name="chevron_t_constructor_returns_an_error_when_expected"/>
    <testcase time="0.000999999999997669" classname="chevron_tlg_class" name="chevron_t_constructor_returns_an_error_when_expected"/>
    <testcase time="0.000999999999997669" classname="chevron_tlg_class" name="chevron_t_constructor_returns_an_error_when_expected"/>
    <testcase time="0.00100000000000477" classname="chevron_tlg_class" name="chevron_t_constructor_returns_an_error_when_expected"/>
    <testcase time="0.00199999999999534" classname="chevron_tlg_class" name="chevron_t_constructor_returns_an_error_when_expected"/>
    <testcase time="0.00500000000000256" classname="chevron_tlg_class" name="chevron_l_object_can_be_constructed_with_default_values"/>
    <testcase time="0.00300000000000011" classname="chevron_tlg_class" name="chevron_l_object_can_be_constructed_with_default_values"/>
    <testcase time="0.00600000000000023" classname="chevron_tlg_class" name="chevron_g_object_can_be_constructed_with_custom_values"/>
    <testcase time="0.00300000000000011" classname="chevron_tlg_class" name="chevron_g_object_can_be_constructed_with_custom_values"/>
    <testcase time="0.00200000000000244" classname="chevron_tlg_class" name="chevron_g_object_can_be_constructed_with_custom_values"/>
    <testcase time="0.00300000000000011" classname="chevron_tlg_class" name="chevron_g_object_can_be_constructed_with_custom_values"/>
    <testcase time="0.00499999999999545" classname="chevron_tlg_class" name="chevron_g_constructor_returns_an_error_when_expected"/>
    <testcase time="0.00200000000000244" classname="chevron_tlg_class" name="chevron_g_constructor_returns_an_error_when_expected"/>
    <testcase time="0.000999999999997669" classname="chevron_tlg_class" name="chevron_g_constructor_returns_an_error_when_expected"/>
    <testcase time="0.00100000000000477" classname="chevron_tlg_class" name="chevron_g_constructor_returns_an_error_when_expected"/>
    <testcase time="0.000999999999997669" classname="chevron_tlg_class" name="chevron_g_constructor_returns_an_error_when_expected"/>
    <testcase time="0.000999999999997669" classname="chevron_tlg_class" name="chevron_g_constructor_returns_an_error_when_expected"/>
    <testcase time="0.007000000000005" classname="chevron_tlg_class" name="chevron_simple_works_correctly"/>
    <testcase time="0.00199999999999534" classname="chevron_tlg_class" name="chevron_simple_works_correctly"/>
    <testcase time="0.0110000000000028" classname="chevron_tlg_class" name="chevron_simple_errors_if_contains_return"/>
  </testsuite>
  <testsuite name="chevron_tlg-methods" timestamp="2025-02-19T16:45:38Z" hostname="028cda1b5c87" tests="59" skipped="1" failures="0" errors="0" time="9.92">
    <testcase time="1.063" classname="chevron_tlg_methods" name="run_works_as_expected_for_chevron_t_object"/>
    <testcase time="0.591000000000001" classname="chevron_tlg_methods" name="run_works_as_expected_for_chevron_t_object"/>
    <testcase time="0.582000000000001" classname="chevron_tlg_methods" name="run_works_as_expected_for_chevron_t_object_when_auto_pre_FALSE"/>
    <testcase time="0.326000000000001" classname="chevron_tlg_methods" name="run_works_as_expected_with_argument_printed"/>
    <testcase time="0.265999999999998" classname="chevron_tlg_methods" name="run_works_as_expected_with_argument_printed"/>
    <testcase time="0.423999999999999" classname="chevron_tlg_methods" name="run_works_as_expected_with_argument_printed_if_the_user_argument_is_complicated"/>
    <testcase time="0.368000000000002" classname="chevron_tlg_methods" name="run_works_as_expected_with_argument_printed_if_the_user_argument_is_complicated"/>
    <testcase time="0.413999999999994" classname="chevron_tlg_methods" name="run_uses_the_argument_passed_through_the_ellipsis_in_priority"/>
    <testcase time="0.364000000000004" classname="chevron_tlg_methods" name="run_uses_the_argument_passed_through_the_ellipsis_in_priority"/>
    <testcase time="0.317" classname="chevron_tlg_methods" name="run_works_as_expected_with_partial_match_argument"/>
    <testcase time="0.274000000000001" classname="chevron_tlg_methods" name="run_works_as_expected_with_partial_match_argument"/>
    <testcase time="0.433999999999997" classname="chevron_tlg_methods" name="run_displays_the_symbols_when_available"/>
    <testcase time="0.366" classname="chevron_tlg_methods" name="run_displays_the_symbols_when_available"/>
    <testcase time="0.308999999999997" classname="chevron_tlg_methods" name="run_print_internal_functions_when_unwrap_is_TRUE"/>
    <testcase time="0.00200000000000244" classname="chevron_tlg_methods" name="run_print_internal_functions_when_unwrap_is_TRUE"/>
    <testcase time="0.000999999999997669" classname="chevron_tlg_methods" name="run_print_internal_functions_when_unwrap_is_TRUE"/>
    <testcase time="0.0230000000000032" classname="chevron_tlg_methods" name="run_print_internal_functions_when_unwrap_is_TRUE"/>
    <testcase time="1.236" classname="chevron_tlg_methods" name="run_print_internal_functions_when_unwrap_is_TRUE_and_standard_chevron_tlg_has_no_layout"/>
    <testcase time="0.00900000000000034" classname="chevron_tlg_methods" name="run_print_internal_functions_when_unwrap_is_TRUE_and_the_chevron_tlg_object_is_customized"/>
    <testcase time="0.00100000000000477" classname="chevron_tlg_methods" name="run_print_internal_functions_when_unwrap_is_TRUE_and_the_chevron_tlg_object_is_customized"/>
    <testcase time="0.00199999999999534" classname="chevron_tlg_methods" name="run_print_internal_functions_when_unwrap_is_TRUE_and_the_chevron_tlg_object_is_customized"/>
    <testcase time="0.0219999999999985" classname="chevron_tlg_methods" name="run_print_internal_functions_when_unwrap_is_TRUE_and_the_chevron_tlg_object_is_customized"/>
    <testcase time="0.00800000000000267" classname="chevron_tlg_methods" name="run_print_main_and_postprocessing_functions_when_unwrap_is_TRUE_and_auto_pre_is_FALSE"/>
    <testcase time="0.000999999999997669" classname="chevron_tlg_methods" name="run_print_main_and_postprocessing_functions_when_unwrap_is_TRUE_and_auto_pre_is_FALSE"/>
    <testcase time="0.00100000000000477" classname="chevron_tlg_methods" name="run_print_main_and_postprocessing_functions_when_unwrap_is_TRUE_and_auto_pre_is_FALSE"/>
    <testcase time="0.00199999999999534" classname="chevron_tlg_methods" name="run_print_main_and_postprocessing_functions_when_unwrap_is_TRUE_and_auto_pre_is_FALSE"/>
    <testcase time="0.0210000000000008" classname="chevron_tlg_methods" name="run_print_main_and_postprocessing_functions_when_unwrap_is_TRUE_and_auto_pre_is_FALSE"/>
    <testcase time="0.00500000000000256" classname="chevron_tlg_methods" name="args_ls_works_as_expected"/>
    <testcase time="0.000999999999997669" classname="chevron_tlg_methods" name="args_ls_works_as_expected"/>
    <testcase time="0.00200000000000244" classname="chevron_tlg_methods" name="args_ls_works_as_expected"/>
    <testcase time="0.00399999999999778" classname="chevron_tlg_methods" name="args_ls_works_as_expected_when_simplify_is_TRUE"/>
    <testcase time="0.00200000000000244" classname="chevron_tlg_methods" name="args_ls_works_as_expected_when_simplify_is_TRUE"/>
    <testcase time="0.000999999999997669" classname="chevron_tlg_methods" name="args_ls_works_as_expected_when_simplify_is_TRUE"/>
    <testcase time="0.00500000000000256" classname="chevron_tlg_methods" name="args_ls_works_as_expected_with_custom_chevron_tlg_object"/>
    <testcase time="0.000999999999997669" classname="chevron_tlg_methods" name="args_ls_works_as_expected_with_custom_chevron_tlg_object"/>
    <testcase time="0.00200000000000244" classname="chevron_tlg_methods" name="args_ls_works_as_expected_with_custom_chevron_tlg_object"/>
    <testcase time="0.00199999999999534" classname="chevron_tlg_methods" name="args_ls_works_as_expected_with_custom_chevron_tlg_object"/>
    <testcase time="0.0120000000000005" classname="chevron_tlg_methods" name="main_works_as_expected"/>
    <testcase time="0.00900000000000034" classname="chevron_tlg_methods" name="main_setter_works_as_expected"/>
    <testcase time="0.0150000000000006" classname="chevron_tlg_methods" name="main_setter_throw_an_error_as_expected"/>
    <testcase time="0.00600000000000023" classname="chevron_tlg_methods" name="preprocess_works_as_expected"/>
    <testcase time="0.007000000000005" classname="chevron_tlg_methods" name="preprocess_setter_works_as_expected"/>
    <testcase time="0.00999999999999801" classname="chevron_tlg_methods" name="preprocess_sends_an_error_as_expected"/>
    <testcase time="0.00499999999999545" classname="chevron_tlg_methods" name="postprocess_works_as_expected"/>
    <testcase time="0.007000000000005" classname="chevron_tlg_methods" name="postprocess_setter_works_as_expected"/>
    <testcase time="0.00999999999999801" classname="chevron_tlg_methods" name="postprocess_sends_an_error_as_expected"/>
    <testcase time="0.00399999999999778" classname="chevron_tlg_methods" name="script_funs_works_as_expected_in_interactive_mode">
      <skipped message="Reason: !interactive() is TRUE ('test-chevron_tlg-methods.R:264:3')"/>
    </testcase>
    <testcase time="0.0150000000000006" classname="chevron_tlg_methods" name="script_funs_works_as_expected"/>
    <testcase time="0.00100000000000477" classname="chevron_tlg_methods" name="script_funs_works_as_expected"/>
    <testcase time="2.254" classname="chevron_tlg_methods" name="script_funs_generates_a_valid_script"/>
    <testcase time="0.00200000000000244" classname="chevron_tlg_methods" name="script_funs_generates_a_valid_script"/>
    <testcase time="0.00199999999999534" classname="chevron_tlg_methods" name="script_funs_generates_a_valid_script"/>
    <testcase time="0.00100000000000477" classname="chevron_tlg_methods" name="script_funs_generates_a_valid_script"/>
    <testcase time="0.00199999999999534" classname="chevron_tlg_methods" name="script_funs_generates_a_valid_script"/>
    <testcase time="0.0260000000000034" classname="chevron_tlg_methods" name="script_funs_generates_a_valid_script"/>
    <testcase time="0.00600000000000023" classname="chevron_tlg_methods" name="script_funs_works_for_simple_template"/>
    <testcase time="0.000999999999997669" classname="chevron_tlg_methods" name="script_funs_works_for_simple_template"/>
    <testcase time="0.0459999999999994" classname="chevron_tlg_methods" name="print_list_works"/>
    <testcase time="0.027000000000001" classname="chevron_tlg_methods" name="print_list_works_for_empty_list"/>
  </testsuite>
  <testsuite name="cml02a_gl" timestamp="2025-02-19T16:45:47Z" hostname="028cda1b5c87" tests="6" skipped="0" failures="0" errors="0" time="0.563">
    <testcase time="0.0289999999999964" classname="cml02a_gl" name="cml02a_gl_works_with_adcm_dataset"/>
    <testcase time="0.171000000000006" classname="cml02a_gl" name="cml02a_gl_works_with_adcm_dataset"/>
    <testcase time="0.0249999999999986" classname="cml02a_gl" name="cml02a_gl_works_with_missing_data"/>
    <testcase time="0.134999999999998" classname="cml02a_gl" name="cml02a_gl_works_with_missing_data"/>
    <testcase time="0.0260000000000034" classname="cml02a_gl" name="cml02a_gl_functions_work_as_expected"/>
    <testcase time="0.177" classname="cml02a_gl" name="cml02a_gl_functions_work_as_expected"/>
  </testsuite>
  <testsuite name="cmt01a" timestamp="2025-02-19T16:45:48Z" hostname="028cda1b5c87" tests="6" skipped="0" failures="0" errors="0" time="4.031">
    <testcase time="1.198" classname="cmt01a" name="cmt01a_functions_with_default_argument_value_return_expected_result_with_test_data"/>
    <testcase time="1.11799999999999" classname="cmt01a" name="cmt01a_functions_with_custom_argument_value_return_expected_result_with_test_data"/>
    <testcase time="0.157000000000004" classname="cmt01a" name="cmt01a_can_handle_all_NA_values"/>
    <testcase time="0.178999999999995" classname="cmt01a" name="cmt01a_can_handle_all_NA_values"/>
    <testcase time="0.804000000000002" classname="cmt01a" name="cmt01a_can_handle_some_NA_values"/>
    <testcase time="0.575000000000003" classname="cmt01a" name="cmt01a_can_handle_some_NA_values"/>
  </testsuite>
  <testsuite name="cmt02_pt" timestamp="2025-02-19T16:45:52Z" hostname="028cda1b5c87" tests="4" skipped="0" failures="0" errors="0" time="0.6">
    <testcase time="0.100999999999999" classname="cmt02_pt" name="cmt02_pt_can_handle_all_NA_values"/>
    <testcase time="0.136000000000003" classname="cmt02_pt" name="cmt02_pt_can_handle_all_NA_values"/>
    <testcase time="0.139999999999993" classname="cmt02_pt" name="cmt02_pt_can_handle_some_NA_values"/>
    <testcase time="0.223000000000006" classname="cmt02_pt" name="cmt02_pt_can_handle_some_NA_values"/>
  </testsuite>
  <testsuite name="coxt01" timestamp="2025-02-19T16:45:53Z" hostname="028cda1b5c87" tests="9" skipped="0" failures="0" errors="0" time="1.664">
    <testcase time="0.291999999999994" classname="coxt01" name="coxt01_can_handle_some_NA_values"/>
    <testcase time="0.190000000000005" classname="coxt01" name="coxt01_can_handle_some_NA_values"/>
    <testcase time="0.234999999999999" classname="coxt01" name="coxt01_can_handle_some_NA_values"/>
    <testcase time="0.189999999999998" classname="coxt01" name="coxt01_can_handle_some_NA_values"/>
    <testcase time="0.183999999999997" classname="coxt01" name="coxt01_can_handle_some_NA_values"/>
    <testcase time="0.176000000000002" classname="coxt01" name="coxt01_can_handle_some_NA_values"/>
    <testcase time="0.206000000000003" classname="coxt01" name="coxt01_can_handle_some_NA_values"/>
    <testcase time="0.177" classname="coxt01" name="coxt01_can_handle_some_NA_values"/>
    <testcase time="0.0139999999999958" classname="coxt01" name="coxt01_fails_on_incomlete_data"/>
  </testsuite>
  <testsuite name="coxt02" timestamp="2025-02-19T16:45:54Z" hostname="028cda1b5c87" tests="9" skipped="0" failures="0" errors="0" time="2.244">
    <testcase time="0.428000000000004" classname="coxt02" name="coxt02_can_handle_some_NA_values"/>
    <testcase time="0.228000000000002" classname="coxt02" name="coxt02_can_handle_some_NA_values"/>
    <testcase time="0.393999999999998" classname="coxt02" name="coxt02_can_handle_some_NA_values"/>
    <testcase time="0.238" classname="coxt02" name="coxt02_can_handle_some_NA_values"/>
    <testcase time="0.265000000000001" classname="coxt02" name="coxt02_can_handle_some_NA_values"/>
    <testcase time="0.201000000000001" classname="coxt02" name="coxt02_can_handle_some_NA_values"/>
    <testcase time="0.280999999999999" classname="coxt02" name="coxt02_can_handle_some_NA_values"/>
    <testcase time="0.192999999999998" classname="coxt02" name="coxt02_can_handle_some_NA_values"/>
    <testcase time="0.0159999999999982" classname="coxt02" name="coxt02_fails_on_incomlete_data"/>
  </testsuite>
  <testsuite name="default_tlg" timestamp="2025-02-19T16:45:57Z" hostname="028cda1b5c87" tests="15" skipped="0" failures="0" errors="0" time="11.706">
    <testcase time="0.163000000000004" classname="default_tlg" name="ael01_nollt_function_with_default_argument_value_return_expected_result_with_test_data"/>
    <testcase time="0.57" classname="default_tlg" name="aet01_function_with_default_argument_value_return_expected_result_with_test_data"/>
    <testcase time="0.484999999999999" classname="default_tlg" name="aet01_aesi_function_with_default_argument_value_return_expected_result_with_test_data"/>
    <testcase time="1.016" classname="default_tlg" name="aet02_functions_with_default_argument_value_return_expected_result_with_test_data"/>
    <testcase time="2.154" classname="default_tlg" name="aet03_functions_with_default_argument_value_return_expected_result_with_test_data"/>
    <testcase time="3.233" classname="default_tlg" name="aet04_functions_with_default_argument_value_return_expected_result_with_test_data"/>
    <testcase time="0.435000000000002" classname="default_tlg" name="aet05_functions_with_default_argument_value_return_expected_result_with_test_data"/>
    <testcase time="0.426000000000002" classname="default_tlg" name="aet05_all_functions_with_default_argument_value_return_expected_result_with_test_data"/>
    <testcase time="0.328000000000003" classname="default_tlg" name="aet10_functions_with_default_argument_value_return_expected_result_with_test_data"/>
    <testcase time="0.387999999999991" classname="default_tlg" name="cmt02_pt_functions_with_default_argument_value_return_expected_result_with_test_data"/>
    <testcase time="0.484000000000009" classname="default_tlg" name="coxt01_functions_with_default_argument_value_return_expected_result_with_test_data"/>
    <testcase time="0.653999999999996" classname="default_tlg" name="coxt02_functions_with_default_argument_value_return_expected_result_with_test_data"/>
    <testcase time="0.628" classname="default_tlg" name="dmt01_functions_with_default_argument_value_return_expected_result_with_test_data"/>
    <testcase time="0.436999999999998" classname="default_tlg" name="dst01_functions_with_default_argument_value_return_expected_result_with_test_data"/>
    <testcase time="0.305000000000007" classname="default_tlg" name="dtht01_functions_with_default_argument_value_return_expected_result_with_test_data"/>
  </testsuite>
  <testsuite name="dmt01" timestamp="2025-02-19T16:46:08Z" hostname="028cda1b5c87" tests="19" skipped="0" failures="0" errors="0" time="4.62">
    <testcase time="0.208999999999989" classname="dmt01" name="dmt01_can_handle_NA_values"/>
    <testcase time="0.331000000000003" classname="dmt01" name="dmt01_can_handle_NA_values"/>
    <testcase time="0.212000000000003" classname="dmt01" name="dmt01_can_handle_numeric_NA_values"/>
    <testcase time="0.426999999999992" classname="dmt01" name="dmt01_can_handle_numeric_NA_values"/>
    <testcase time="0.0150000000000006" classname="dmt01" name="dmt01_returns_an_error_when_variables_are_of_the_wrong_type"/>
    <testcase time="0.161000000000001" classname="dmt01" name="dmt01_works_as_expected_with_setting_default_precision"/>
    <testcase time="0.328000000000003" classname="dmt01" name="dmt01_works_as_expected_with_setting_default_precision"/>
    <testcase time="0.168999999999997" classname="dmt01" name="dmt01_works_as_expected_with_auto_precision_settings"/>
    <testcase time="0.396000000000001" classname="dmt01" name="dmt01_works_as_expected_with_auto_precision_settings"/>
    <testcase time="0.165999999999997" classname="dmt01" name="dmt01_works_as_expected_with_auto_precision_settings_and_defined_precision"/>
    <testcase time="0.376000000000005" classname="dmt01" name="dmt01_works_as_expected_with_auto_precision_settings_and_defined_precision"/>
    <testcase time="0.159000000000006" classname="dmt01" name="dmt01_works_as_expected_with_auto_precision_settings_and_defined_precision_and_default"/>
    <testcase time="0.537999999999997" classname="dmt01" name="dmt01_works_as_expected_with_auto_precision_settings_and_defined_precision_and_default"/>
    <testcase time="0.140000000000001" classname="dmt01" name="dmt01_works_as_expected_with_cutomized_stats_value"/>
    <testcase time="0.268999999999991" classname="dmt01" name="dmt01_works_as_expected_with_cutomized_stats_value"/>
    <testcase time="0.150000000000006" classname="dmt01" name="dmt01_works_as_expected_with_empty_list_as_stats_value"/>
    <testcase time="0.304000000000002" classname="dmt01" name="dmt01_works_as_expected_with_empty_list_as_stats_value"/>
    <testcase time="0.0849999999999937" classname="dmt01" name="dmt01_works_as_expected_with_only_one_summaryvars"/>
    <testcase time="0.185000000000002" classname="dmt01" name="dmt01_works_as_expected_with_only_one_summaryvars"/>
  </testsuite>
  <testsuite name="dst01" timestamp="2025-02-19T16:46:13Z" hostname="028cda1b5c87" tests="14" skipped="0" failures="0" errors="0" time="2.456">
    <testcase time="0.13600000000001" classname="dst01" name="dst01_works_as_expected_when_all_data_are_NA"/>
    <testcase time="0.0699999999999932" classname="dst01" name="dst01_works_as_expected_when_all_data_are_NA"/>
    <testcase time="0.109999999999999" classname="dst01" name="dst01_can_handle_all_NA_values_in_DCSREAS"/>
    <testcase time="0.147000000000006" classname="dst01" name="dst01_can_handle_all_NA_values_in_DCSREAS"/>
    <testcase time="0.158000000000001" classname="dst01" name="dst01_can_handle_some_NA_values"/>
    <testcase time="0.217999999999989" classname="dst01" name="dst01_can_handle_some_NA_values"/>
    <testcase time="0.134" classname="dst01" name="dst01_can_handle_missing_levels_in_status_var"/>
    <testcase time="0.0720000000000027" classname="dst01" name="dst01_can_handle_missing_levels_in_status_var"/>
    <testcase time="0.191000000000003" classname="dst01" name="dst01_can_create_variants"/>
    <testcase time="0.221999999999994" classname="dst01" name="dst01_can_create_variants"/>
    <testcase time="0.218000000000004" classname="dst01" name="dst01_can_create_variants"/>
    <testcase time="0.239999999999995" classname="dst01" name="dst01_can_create_variants"/>
    <testcase time="0.25800000000001" classname="dst01" name="dst01_can_create_variants"/>
    <testcase time="0.281999999999996" classname="dst01" name="dst01_can_create_variants"/>
  </testsuite>
  <testsuite name="dtht01" timestamp="2025-02-19T16:46:15Z" hostname="028cda1b5c87" tests="5" skipped="0" failures="0" errors="0" time="1.411">
    <testcase time="0.103999999999999" classname="dtht01" name="dtht01_can_handle_all_NA_values"/>
    <testcase time="0.167000000000002" classname="dtht01" name="dtht01_can_handle_all_NA_values"/>
    <testcase time="0.228999999999999" classname="dtht01" name="dtht01_can_handle_some_NA_values"/>
    <testcase time="0.337000000000003" classname="dtht01" name="dtht01_can_handle_some_NA_values"/>
    <testcase time="0.573999999999998" classname="dtht01" name="dtht01_can_be_parametrize_as_expected"/>
  </testsuite>
  <testsuite name="egt01" timestamp="2025-02-19T16:46:17Z" hostname="028cda1b5c87" tests="3" skipped="0" failures="0" errors="0" time="6.739">
    <testcase time="3.34999999999999" classname="egt01" name="egt01_functions_with_default_argument_value_return_expected_result_with_test_data"/>
    <testcase time="1.265" classname="egt01" name="egt01_can_handle_n_0_and_outputs_NE_instead_of_infs_and_NAs"/>
    <testcase time="2.12400000000001" classname="egt01" name="egt01_can_handle_n_0_and_outputs_NE_instead_of_infs_and_NAs"/>
  </testsuite>
  <testsuite name="egt02" timestamp="2025-02-19T16:46:24Z" hostname="028cda1b5c87" tests="2" skipped="0" failures="0" errors="0" time="0.692">
    <testcase time="0.352999999999994" classname="egt02" name="egt02_1_functions_with_default_argument_value_return_expected_result_with_test_data"/>
    <testcase time="0.338999999999999" classname="egt02" name="egt02_2_functions_with_default_value_return_expected_result_with_test_data"/>
  </testsuite>
  <testsuite name="egt03" timestamp="2025-02-19T16:46:24Z" hostname="028cda1b5c87" tests="5" skipped="0" failures="0" errors="0" time="3.379">
    <testcase time="1.67700000000001" classname="egt03" name="egt03_functions_with_default_argument_value_return_expected_result_with_test_data"/>
    <testcase time="0.0159999999999911" classname="egt03" name="egt03_errors_on_all_NA_values"/>
    <testcase time="0.542000000000002" classname="egt03" name="egt03_can_handle_some_NA_values"/>
    <testcase time="1.116" classname="egt03" name="egt03_can_handle_some_NA_values"/>
    <testcase time="0.0280000000000058" classname="egt03" name="egt03_fails_on_incomplete_data"/>
  </testsuite>
  <testsuite name="egt05_qtcat" timestamp="2025-02-19T16:46:28Z" hostname="028cda1b5c87" tests="4" skipped="0" failures="0" errors="0" time="3.613">
    <testcase time="2.33499999999999" classname="egt05_qtcat" name="egt05_qtcat_functions_with_default_argument_value_return_expected_result_with_test_data"/>
    <testcase time="0.0219999999999914" classname="egt05_qtcat" name="egt05_qtcat_erros_on_all_NA_values"/>
    <testcase time="0.416000000000011" classname="egt05_qtcat" name="egt05_qtcat_can_handle_some_NA_values"/>
    <testcase time="0.839999999999989" classname="egt05_qtcat" name="egt05_qtcat_can_handle_some_NA_values"/>
  </testsuite>
  <testsuite name="empty_report" timestamp="2025-02-19T16:46:31Z" hostname="028cda1b5c87" tests="25" skipped="0" failures="0" errors="0" time="2.923">
    <testcase time="0.0930000000000035" classname="empty_report" name="tlg_functions_return_null_reports_when_domain_table_is_empty"/>
    <testcase time="0.287000000000006" classname="empty_report" name="tlg_functions_return_null_reports_when_domain_table_is_empty"/>
    <testcase time="0.405000000000001" classname="empty_report" name="tlg_functions_return_null_reports_when_domain_table_is_empty"/>
    <testcase time="0.103000000000009" classname="empty_report" name="tlg_functions_return_null_reports_when_domain_table_is_empty"/>
    <testcase time="0.103999999999999" classname="empty_report" name="tlg_functions_return_null_reports_when_domain_table_is_empty"/>
    <testcase time="0.0649999999999977" classname="empty_report" name="tlg_functions_return_null_reports_when_domain_table_is_empty"/>
    <testcase time="0.102000000000004" classname="empty_report" name="tlg_functions_return_null_reports_when_domain_table_is_empty"/>
    <testcase time="0.149000000000001" classname="empty_report" name="tlg_functions_return_null_reports_when_domain_table_is_empty"/>
    <testcase time="0.170000000000002" classname="empty_report" name="tlg_functions_return_null_reports_when_domain_table_is_empty"/>
    <testcase time="0.0789999999999935" classname="empty_report" name="tlg_functions_return_null_reports_when_domain_table_is_empty"/>
    <testcase time="0.0990000000000038" classname="empty_report" name="tlg_functions_return_null_reports_when_domain_table_is_empty"/>
    <testcase time="0.0499999999999972" classname="empty_report" name="tlg_functions_return_null_reports_when_domain_table_is_empty"/>
    <testcase time="0.0529999999999973" classname="empty_report" name="tlg_functions_return_null_reports_when_domain_table_is_empty"/>
    <testcase time="0.0660000000000025" classname="empty_report" name="tlg_functions_return_null_reports_when_domain_table_is_empty"/>
    <testcase time="0.0669999999999931" classname="empty_report" name="tlg_functions_return_null_reports_when_domain_table_is_empty"/>
    <testcase time="0.0830000000000126" classname="empty_report" name="tlg_functions_return_null_reports_when_domain_table_is_empty"/>
    <testcase time="0.0789999999999935" classname="empty_report" name="tlg_functions_return_null_reports_when_domain_table_is_empty"/>
    <testcase time="0.102000000000004" classname="empty_report" name="tlg_functions_return_null_reports_when_domain_table_is_empty"/>
    <testcase time="0.310999999999993" classname="empty_report" name="tlg_functions_return_null_reports_when_domain_table_is_empty"/>
    <testcase time="0.0960000000000036" classname="empty_report" name="tlg_functions_return_null_reports_when_domain_table_is_empty"/>
    <testcase time="0.0889999999999986" classname="empty_report" name="tlg_functions_return_null_reports_when_domain_table_is_empty"/>
    <testcase time="0.0690000000000026" classname="empty_report" name="tlg_functions_return_null_reports_when_domain_table_is_empty"/>
    <testcase time="0.0949999999999989" classname="empty_report" name="tlg_functions_return_null_reports_when_domain_table_is_empty"/>
    <testcase time="0.0519999999999925" classname="empty_report" name="tlg_functions_return_null_reports_when_domain_table_is_empty"/>
    <testcase time="0.0550000000000068" classname="empty_report" name="tlg_functions_return_null_reports_when_domain_table_is_empty"/>
  </testsuite>
  <testsuite name="ext01" timestamp="2025-02-19T16:46:34Z" hostname="028cda1b5c87" tests="10" skipped="0" failures="0" errors="0" time="5.336">
    <testcase time="0.525000000000006" classname="ext01" name="ext01_functions_with_default_argument_value_return_expected_result_with_test_data"/>
    <testcase time="0.579999999999998" classname="ext01" name="ext01_functions_with_categorical_data_return_expected_result_with_test_data"/>
    <testcase time="0.188999999999993" classname="ext01" name="ext01_works"/>
    <testcase time="0.322000000000003" classname="ext01" name="ext01_works"/>
    <testcase time="0.192000000000007" classname="ext01" name="ext01_works"/>
    <testcase time="0.328999999999994" classname="ext01" name="ext01_works"/>
    <testcase time="0.570999999999998" classname="ext01" name="ext01_works_for_selected_parameters_and_categorical_variables"/>
    <testcase time="0.918999999999997" classname="ext01" name="ext01_works_with_custom_mapping_order"/>
    <testcase time="0.832999999999998" classname="ext01" name="ext01_works_with_custom_mapping_order_for_a_single_split"/>
    <testcase time="0.876000000000005" classname="ext01" name="ext01_works_with_custom_mapping_fill_in_value"/>
  </testsuite>
  <testsuite name="fstg01" timestamp="2025-02-19T16:46:39Z" hostname="028cda1b5c87" tests="13" skipped="0" failures="0" errors="0" time="6.885">
    <testcase time="0.0130000000000052" classname="fstg01" name="fstg01_works_as_expected"/>
    <testcase time="1.303" classname="fstg01" name="fstg01_works_as_expected"/>
    <testcase time="0.00300000000000011" classname="fstg01" name="fstg01_works_as_expected"/>
    <testcase time="1.312" classname="fstg01" name="fstg01_works_as_expected_with_custom_color_set"/>
    <testcase time="0.00300000000000011" classname="fstg01" name="fstg01_works_as_expected_with_custom_color_set"/>
    <testcase time="1.289" classname="fstg01" name="fstg01_works_as_expected_with_custom_color_set"/>
    <testcase time="0.00300000000000011" classname="fstg01" name="fstg01_works_as_expected_with_custom_color_set"/>
    <testcase time="0.674000000000007" classname="fstg01" name="fstg01_works_if_changes_are_in_subgroups_conf_level_and_label_all"/>
    <testcase time="0.00300000000000011" classname="fstg01" name="fstg01_works_if_changes_are_in_subgroups_conf_level_and_label_all"/>
    <testcase time="0.915999999999997" classname="fstg01" name="fstg01_works_if_changes_are_in_subgroups_conf_level_and_label_all"/>
    <testcase time="0.00300000000000011" classname="fstg01" name="fstg01_works_if_changes_are_in_subgroups_conf_level_and_label_all"/>
    <testcase time="1.36" classname="fstg01" name="fstg01_can_handle_some_NA_values_in_subgroups"/>
    <testcase time="0.00300000000000011" classname="fstg01" name="fstg01_can_handle_some_NA_values_in_subgroups"/>
  </testsuite>
  <testsuite name="fstg02" timestamp="2025-02-19T16:46:46Z" hostname="028cda1b5c87" tests="9" skipped="0" failures="0" errors="0" time="9.291">
    <testcase time="0.0139999999999958" classname="fstg02" name="fstg02_works_as_expected"/>
    <testcase time="1.29600000000001" classname="fstg02" name="fstg02_works_as_expected"/>
    <testcase time="1.36799999999999" classname="fstg02" name="fstg02_works_as_expected_with_custom_color_set"/>
    <testcase time="1.316" classname="fstg02" name="fstg02_works_as_expected_with_custom_color_set"/>
    <testcase time="0.646999999999991" classname="fstg02" name="fstg02_works_if_changes_are_in_subgroups_strata_var_conf_level_and_label_all"/>
    <testcase time="1.07300000000001" classname="fstg02" name="fstg02_works_if_changes_are_in_subgroups_strata_var_conf_level_and_label_all"/>
    <testcase time="1.17399999999999" classname="fstg02" name="fstg02_can_handle_some_NA_values_in_subgroups"/>
    <testcase time="1.17800000000001" classname="fstg02" name="fstg02_can_handle_customized_time_units"/>
    <testcase time="1.22499999999999" classname="fstg02" name="fstg02_can_handle_customized_time_units"/>
  </testsuite>
  <testsuite name="kmg01" timestamp="2025-02-19T16:46:56Z" hostname="028cda1b5c87" tests="13" skipped="0" failures="0" errors="0" time="2.331">
    <testcase time="0.0120000000000005" classname="kmg01" name="kmg01_works_as_expected"/>
    <testcase time="0.382000000000005" classname="kmg01" name="kmg01_works_as_expected"/>
    <testcase time="0.00300000000000011" classname="kmg01" name="kmg01_works_as_expected"/>
    <testcase time="0.393999999999991" classname="kmg01" name="kmg01_works_as_expected_with_custom_color_set"/>
    <testcase time="0.00300000000000011" classname="kmg01" name="kmg01_works_as_expected_with_custom_color_set"/>
    <testcase time="0.378" classname="kmg01" name="kmg01_works_as_expected_with_custom_color_set"/>
    <testcase time="0.00300000000000011" classname="kmg01" name="kmg01_works_as_expected_with_custom_color_set"/>
    <testcase time="0.412999999999997" classname="kmg01" name="kmg01_works_if_change_pvalue_ties_and_conf_level"/>
    <testcase time="0.00400000000000489" classname="kmg01" name="kmg01_works_if_change_pvalue_ties_and_conf_level"/>
    <testcase time="0.459000000000003" classname="kmg01" name="kmg01_works_if_change_annotation_position"/>
    <testcase time="0.00400000000000489" classname="kmg01" name="kmg01_works_if_change_annotation_position"/>
    <testcase time="0.272999999999996" classname="kmg01" name="kmg01_works_for_stratified_analysis"/>
    <testcase time="0.00300000000000011" classname="kmg01" name="kmg01_works_for_stratified_analysis"/>
  </testsuite>
  <testsuite name="lbt01" timestamp="2025-02-19T16:46:58Z" hostname="028cda1b5c87" tests="4" skipped="0" failures="0" errors="0" time="10.15">
    <testcase time="3.355" classname="lbt01" name="lbt01_functions_with_default_argument_value_return_expected_result_with_test_data"/>
    <testcase time="3.41099999999999" classname="lbt01" name="lbt01_functions_with_row_split_var_return_expected_result_with_test_data"/>
    <testcase time="1.07300000000001" classname="lbt01" name="lbt01_can_handle_n_0_and_outputs_NE_instead_of_infs_and_NAs"/>
    <testcase time="2.31100000000001" classname="lbt01" name="lbt01_can_handle_n_0_and_outputs_NE_instead_of_infs_and_NAs"/>
  </testsuite>
  <testsuite name="lbt04" timestamp="2025-02-19T16:47:08Z" hostname="028cda1b5c87" tests="8" skipped="0" failures="0" errors="0" time="3.352">
    <testcase time="1.047" classname="lbt04" name="lbt04_functions_with_default_argument_value_return_expected_result_with_test_data"/>
    <testcase time="0.0819999999999936" classname="lbt04" name="lbt04_can_handle_all_NA_values"/>
    <testcase time="0.0910000000000082" classname="lbt04" name="lbt04_can_handle_all_NA_values"/>
    <testcase time="0.325999999999993" classname="lbt04" name="lbt04_can_handle_missing_levels"/>
    <testcase time="0.881" classname="lbt04" name="lbt04_can_handle_missing_levels"/>
    <testcase time="0.290999999999997" classname="lbt04" name="lbt04_can_handle_some_NA_values"/>
    <testcase time="0.619" classname="lbt04" name="lbt04_can_handle_some_NA_values"/>
    <testcase time="0.0150000000000148" classname="lbt04" name="lbt04_fails_on_incomlete_data"/>
  </testsuite>
  <testsuite name="lbt05" timestamp="2025-02-19T16:47:11Z" hostname="028cda1b5c87" tests="8" skipped="0" failures="0" errors="0" time="2.68">
    <testcase time="0.693999999999988" classname="lbt05" name="lbt05_functions_with_default_argument_value_return_expected_result_with_test_data"/>
    <testcase time="0.270999999999987" classname="lbt05" name="lbt05_functions_with_default_argument_value_return_expected_result_with_test_data"/>
    <testcase time="0.300000000000011" classname="lbt05" name="lbt05_give_all_0_count_if_ANRIND_are_all_missing"/>
    <testcase time="0.288000000000011" classname="lbt05" name="lbt05_can_handle_some_NA_values"/>
    <testcase time="0.405999999999977" classname="lbt05" name="lbt05_can_handle_some_NA_values"/>
    <testcase time="0.0400000000000205" classname="lbt05" name="lbt05_fails_on_incomlete_data"/>
    <testcase time="0.286000000000001" classname="lbt05" name="lbt05_works_with_missing_levels"/>
    <testcase time="0.394999999999982" classname="lbt05" name="lbt05_works_with_missing_levels"/>
  </testsuite>
  <testsuite name="lbt06" timestamp="2025-02-19T16:47:14Z" hostname="028cda1b5c87" tests="3" skipped="0" failures="0" errors="0" time="3.73">
    <testcase time="0.968000000000018" classname="lbt06" name="lbt06_gives_all_0_count_if_ANRIND_and_BNRIND_are_all_missing"/>
    <testcase time="2.73099999999999" classname="lbt06" name="lbt06_can_handle_some_NA_values"/>
    <testcase time="0.0310000000000059" classname="lbt06" name="lbt06_fails_on_incomplete_data"/>
  </testsuite>
  <testsuite name="lbt07" timestamp="2025-02-19T16:47:18Z" hostname="028cda1b5c87" tests="4" skipped="0" failures="0" errors="0" time="1.683">
    <testcase time="0.825999999999993" classname="lbt07" name="lbt07_functions_with_default_argument_value_return_expected_result_with_test_data"/>
    <testcase time="0.382000000000005" classname="lbt07" name="lbt07_can_handle_some_NA_values"/>
    <testcase time="0.435999999999979" classname="lbt07" name="lbt07_can_handle_some_NA_values"/>
    <testcase time="0.0390000000000157" classname="lbt07" name="lbt07_fails_on_incomlete_data"/>
  </testsuite>
  <testsuite name="lbt14" timestamp="2025-02-19T16:47:20Z" hostname="028cda1b5c87" tests="20" skipped="0" failures="0" errors="0" time="8.221">
    <testcase time="0.669999999999987" classname="lbt14" name="lbt14_functions_with_default_argument_value_return_expected_result_with_test_data"/>
    <testcase time="0.509000000000015" classname="lbt14" name="lbt14_functions_with_default_argument_value_return_expected_result_with_test_data_when_direction_high"/>
    <testcase time="0.620000000000005" classname="lbt14" name="lbt14_functions_with_gr_missing_excl_return_expected_result_with_test_data"/>
    <testcase time="0.599999999999994" classname="lbt14" name="lbt14_functions_with_gr_missing_gr_0_return_expected_result_with_test_data"/>
    <testcase time="0.365999999999985" classname="lbt14" name="lbt14_can_handle_all_NA_values"/>
    <testcase time="0.149000000000001" classname="lbt14" name="lbt14_can_handle_all_NA_values"/>
    <testcase time="0.426000000000016" classname="lbt14" name="lbt14_can_handle_some_NA_values"/>
    <testcase time="0.331999999999994" classname="lbt14" name="lbt14_can_handle_some_NA_values"/>
    <testcase time="1.37100000000001" classname="lbt14" name="lbt14_can_accept_different_gr_missing"/>
    <testcase time="0.275999999999982" classname="lbt14" name="lbt14_can_accept_different_gr_missing"/>
    <testcase time="0.275000000000006" classname="lbt14" name="lbt14_can_accept_different_gr_missing"/>
    <testcase time="0.0180000000000007" classname="lbt14" name="lbt14_fails_on_incomlete_data"/>
    <testcase time="0.40100000000001" classname="lbt14" name="lbt14_can_handle_all_NA_values_with_direction_high"/>
    <testcase time="0.145999999999987" classname="lbt14" name="lbt14_can_handle_all_NA_values_with_direction_high"/>
    <testcase time="0.407000000000011" classname="lbt14" name="lbt14_can_handle_some_NA_values_with_direction_high"/>
    <testcase time="0.180000000000007" classname="lbt14" name="lbt14_can_handle_some_NA_values_with_direction_high"/>
    <testcase time="1.16299999999998" classname="lbt14" name="lbt14_can_accept_different_gr_missing_with_direction_high"/>
    <testcase time="0.149000000000001" classname="lbt14" name="lbt14_can_accept_different_gr_missing_with_direction_high"/>
    <testcase time="0.144000000000005" classname="lbt14" name="lbt14_can_accept_different_gr_missing_with_direction_high"/>
    <testcase time="0.0190000000000055" classname="lbt14" name="lbt14_fails_on_incomlete_data"/>
  </testsuite>
  <testsuite name="lbt15" timestamp="2025-02-19T16:47:28Z" hostname="028cda1b5c87" tests="12" skipped="0" failures="0" errors="0" time="5.747">
    <testcase time="1.22" classname="lbt15" name="lbt15_functions_with_default_argument_value_return_expected_result_with_test_data"/>
    <testcase time="0.288999999999987" classname="lbt15" name="lbt15_can_handle_all_NA_values"/>
    <testcase time="0.604000000000013" classname="lbt15" name="lbt15_can_handle_all_NA_values"/>
    <testcase time="0.286000000000001" classname="lbt15" name="lbt15_can_handle_missing_levels"/>
    <testcase time="0.606999999999999" classname="lbt15" name="lbt15_can_handle_missing_levels"/>
    <testcase time="0.287000000000006" classname="lbt15" name="lbt15_can_handle_missing_levels_in_baseline"/>
    <testcase time="0.60499999999999" classname="lbt15" name="lbt15_can_handle_missing_levels_in_baseline"/>
    <testcase time="0.295999999999992" classname="lbt15" name="lbt15_can_handle_some_NA_values"/>
    <testcase time="0.625" classname="lbt15" name="lbt15_can_handle_some_NA_values"/>
    <testcase time="0.293000000000006" classname="lbt15" name="lbt15_can_handle_some_NA_values_in_baseline"/>
    <testcase time="0.619" classname="lbt15" name="lbt15_can_handle_some_NA_values_in_baseline"/>
    <testcase time="0.0159999999999911" classname="lbt15" name="lbt15_fails_on_incomlete_data"/>
  </testsuite>
  <testsuite name="mht01" timestamp="2025-02-19T16:47:34Z" hostname="028cda1b5c87" tests="4" skipped="0" failures="0" errors="0" time="3.079">
    <testcase time="0.634000000000015" classname="mht01" name="mht01_functions_with_default_argument_value_return_expected_result_with_test_data"/>
    <testcase time="0.627999999999986" classname="mht01" name="mht01_works"/>
    <testcase time="0.647999999999996" classname="mht01" name="mht01_works_on_NULL_in_lbl_mhbodsys_or_lbl_mhdecod"/>
    <testcase time="1.16900000000001" classname="mht01" name="mht01_works_with_other_row_split_var"/>
  </testsuite>
  <testsuite name="mng01" timestamp="2025-02-19T16:47:37Z" hostname="028cda1b5c87" tests="19" skipped="8" failures="0" errors="0" time="8.727">
    <testcase time="0.902999999999992" classname="mng01" name="mng01_works_as_expected_with_default_argument_values"/>
    <testcase time="0.00100000000000477" classname="mng01" name="mng01_works_as_expected_with_default_argument_values">
      <skipped message="Reason: On CI ('test-mng01.R:9:5')"/>
    </testcase>
    <testcase time="0.932999999999993" classname="mng01" name="mng01_works_as_expected_with_custom_argument_values"/>
    <testcase time="0.0110000000000241" classname="mng01" name="mng01_works_as_expected_with_custom_argument_values"/>
    <testcase time="0.000999999999976353" classname="mng01" name="mng01_works_as_expected_with_custom_argument_values">
      <skipped message="Reason: On CI ('test-mng01.R:45:5')"/>
    </testcase>
    <testcase time="0.925000000000011" classname="mng01" name="mng01_works_as_expected_with_custom_color_set"/>
    <testcase time="0.906000000000006" classname="mng01" name="mng01_works_as_expected_with_custom_color_set"/>
    <testcase time="0.00199999999998113" classname="mng01" name="mng01_works_as_expected_with_custom_color_set">
      <skipped message="Reason: On CI ('test-mng01.R:69:5')"/>
    </testcase>
    <testcase time="0.959000000000003" classname="mng01" name="mng01_works_as_expected_with_custom_line_type_set"/>
    <testcase time="0.963000000000022" classname="mng01" name="mng01_works_as_expected_with_custom_line_type_set"/>
    <testcase time="0.000999999999976353" classname="mng01" name="mng01_works_as_expected_with_custom_line_type_set">
      <skipped message="Reason: On CI ('test-mng01.R:91:5')"/>
    </testcase>
    <testcase time="0.149000000000001" classname="mng01" name="mng01_works_with_table_NULL"/>
    <testcase time="0.00100000000000477" classname="mng01" name="mng01_works_with_table_NULL">
      <skipped message="Reason: On CI ('test-mng01.R:104:5')"/>
    </testcase>
    <testcase time="0.980000000000018" classname="mng01" name="mng01_works_with_combination_of_x_variables"/>
    <testcase time="0.00199999999998113" classname="mng01" name="mng01_works_with_combination_of_x_variables">
      <skipped message="Reason: On CI ('test-mng01.R:122:5')"/>
    </testcase>
    <testcase time="0.941000000000003" classname="mng01" name="mng01_works_with_numeric_x_variable"/>
    <testcase time="0.00200000000000955" classname="mng01" name="mng01_works_with_numeric_x_variable">
      <skipped message="Reason: On CI ('test-mng01.R:143:5')"/>
    </testcase>
    <testcase time="1.04499999999999" classname="mng01" name="mng01_works_with_numeric_jitter"/>
    <testcase time="0.00200000000000955" classname="mng01" name="mng01_works_with_numeric_jitter">
      <skipped message="Reason: On CI ('test-mng01.R:161:5')"/>
    </testcase>
  </testsuite>
  <testsuite name="pdt01" timestamp="2025-02-19T16:47:45Z" hostname="028cda1b5c87" tests="5" skipped="0" failures="0" errors="0" time="1.27">
    <testcase time="0.486999999999995" classname="pdt01" name="pdt01_function_with_default_argument_value_return_expected_result_with_test_data"/>
    <testcase time="0.122000000000014" classname="pdt01" name="pdt01_can_handle_all_NA_values"/>
    <testcase time="0.168999999999983" classname="pdt01" name="pdt01_can_handle_all_NA_values"/>
    <testcase time="0.217000000000013" classname="pdt01" name="pdt01_can_handle_some_NA_values"/>
    <testcase time="0.275000000000006" classname="pdt01" name="pdt01_can_handle_some_NA_values"/>
  </testsuite>
  <testsuite name="pdt02" timestamp="2025-02-19T16:47:47Z" hostname="028cda1b5c87" tests="5" skipped="0" failures="0" errors="0" time="1.041">
    <testcase time="0.341999999999985" classname="pdt02" name="pdt02_function_with_default_argument_value_return_expected_result_with_test_data"/>
    <testcase time="0.146999999999991" classname="pdt02" name="pdt02_can_handle_all_NA_values"/>
    <testcase time="0.211000000000013" classname="pdt02" name="pdt02_can_handle_all_NA_values"/>
    <testcase time="0.145999999999987" classname="pdt02" name="pdt02_can_handle_some_NA_values"/>
    <testcase time="0.195000000000022" classname="pdt02" name="pdt02_can_handle_some_NA_values"/>
  </testsuite>
  <testsuite name="reexports" timestamp="2025-02-19T16:47:48Z" hostname="028cda1b5c87" tests="2" skipped="0" failures="0" errors="0" time="0.015">
    <testcase time="0.00899999999998613" classname="reexports" name="with_label_exported_correctly"/>
    <testcase time="0.00600000000000023" classname="reexports" name="reformat_exported_correctly"/>
  </testsuite>
  <testsuite name="report_null" timestamp="2025-02-19T16:47:48Z" hostname="028cda1b5c87" tests="12" skipped="0" failures="0" errors="0" time="0.175">
    <testcase time="0.0159999999999911" classname="report_null" name="report_null_works_as_expected_with_NULL_"/>
    <testcase time="0.0100000000000193" classname="report_null" name="report_null_works_as_expected_with_NULL_"/>
    <testcase time="0.0319999999999823" classname="report_null" name="report_null_works_as_expected_with_VTableTree_"/>
    <testcase time="0.0340000000000202" classname="report_null" name="report_null_works_as_expected_with_VTableTree_"/>
    <testcase time="0.0149999999999864" classname="report_null" name="report_null_works_as_expected_with_VTableTree_"/>
    <testcase time="0.0100000000000193" classname="report_null" name="report_null_works_as_expected_with_listing_df_"/>
    <testcase time="0.0109999999999957" classname="report_null" name="report_null_works_as_expected_with_listing_df_"/>
    <testcase time="0.00999999999999091" classname="report_null" name="report_null_works_as_expected_with_listing_df_"/>
    <testcase time="0.00899999999998613" classname="report_null" name="report_null_works_as_expected_with_list_"/>
    <testcase time="0.0200000000000102" classname="report_null" name="report_null_works_as_expected_with_list_"/>
    <testcase time="0.00499999999999545" classname="report_null" name="report_null_works_as_expected_with_by_default"/>
    <testcase time="0.00300000000001432" classname="report_null" name="report_null_works_as_expected_with_by_default"/>
  </testsuite>
  <testsuite name="rmpt01" timestamp="2025-02-19T16:47:48Z" hostname="028cda1b5c87" tests="11" skipped="0" failures="0" errors="0" time="1.582">
    <testcase time="0.433999999999997" classname="rmpt01" name="rmpt01_function_with_default_argument_value_return_expected_result_with_test_data"/>
    <testcase time="0.0629999999999882" classname="rmpt01" name="rmpt01_can_handle_NA_values"/>
    <testcase time="0.129000000000019" classname="rmpt01" name="rmpt01_can_handle_NA_values"/>
    <testcase time="0.125" classname="rmpt01" name="rmpt01_can_handle_NA_values"/>
    <testcase time="0.22799999999998" classname="rmpt01" name="rmpt01_can_handle_NA_values"/>
    <testcase time="0.0660000000000025" classname="rmpt01" name="rmpt01_can_handle_some_NA_values"/>
    <testcase time="0.123000000000019" classname="rmpt01" name="rmpt01_can_handle_some_NA_values"/>
    <testcase time="0.121999999999986" classname="rmpt01" name="rmpt01_can_handle_some_NA_values"/>
    <testcase time="0.233000000000004" classname="rmpt01" name="rmpt01_can_handle_some_NA_values"/>
    <testcase time="0.032999999999987" classname="rmpt01" name="rmpt01_fails_on_incomlete_data"/>
    <testcase time="0.0260000000000105" classname="rmpt01" name="rmpt01_fails_on_incomlete_data"/>
  </testsuite>
  <testsuite name="rmpt03" timestamp="2025-02-19T16:47:49Z" hostname="028cda1b5c87" tests="12" skipped="0" failures="0" errors="0" time="1.972">
    <testcase time="0.322000000000003" classname="rmpt03" name="rmpt03_function_with_default_argument_value_return_expected_result_with_test_data"/>
    <testcase time="0.106999999999999" classname="rmpt03" name="rmpt03_can_handle_NA_values"/>
    <testcase time="0.210000000000008" classname="rmpt03" name="rmpt03_can_handle_NA_values"/>
    <testcase time="0.177999999999997" classname="rmpt03" name="rmpt03_can_handle_NA_values"/>
    <testcase time="0.281999999999982" classname="rmpt03" name="rmpt03_can_handle_NA_values"/>
    <testcase time="0.115000000000009" classname="rmpt03" name="rmpt03_can_handle_some_NA_values"/>
    <testcase time="0.210000000000008" classname="rmpt03" name="rmpt03_can_handle_some_NA_values"/>
    <testcase time="0.176999999999992" classname="rmpt03" name="rmpt03_can_handle_some_NA_values"/>
    <testcase time="0.293000000000006" classname="rmpt03" name="rmpt03_can_handle_some_NA_values"/>
    <testcase time="0.0349999999999966" classname="rmpt03" name="rmpt03_fails_on_incomlete_data"/>
    <testcase time="0.0269999999999868" classname="rmpt03" name="rmpt03_fails_on_incomlete_data"/>
    <testcase time="0.0160000000000196" classname="rmpt03" name="rmpt03_fails_on_incomlete_data"/>
  </testsuite>
  <testsuite name="rmpt04" timestamp="2025-02-19T16:47:51Z" hostname="028cda1b5c87" tests="10" skipped="0" failures="0" errors="0" time="0.965">
    <testcase time="0.185999999999979" classname="rmpt04" name="rmpt04_function_with_default_argument_value_return_expected_result_with_test_data"/>
    <testcase time="0.0550000000000068" classname="rmpt04" name="rmpt04_can_handle_NA_values"/>
    <testcase time="0.121000000000009" classname="rmpt04" name="rmpt04_can_handle_NA_values"/>
    <testcase time="0.0529999999999973" classname="rmpt04" name="rmpt04_can_handle_NA_values"/>
    <testcase time="0.121999999999986" classname="rmpt04" name="rmpt04_can_handle_NA_values"/>
    <testcase time="0.0570000000000164" classname="rmpt04" name="rmpt04_can_handle_some_NA_values"/>
    <testcase time="0.121999999999986" classname="rmpt04" name="rmpt04_can_handle_some_NA_values"/>
    <testcase time="0.0620000000000118" classname="rmpt04" name="rmpt04_can_handle_some_NA_values"/>
    <testcase time="0.125" classname="rmpt04" name="rmpt04_can_handle_some_NA_values"/>
    <testcase time="0.0620000000000118" classname="rmpt04" name="rmpt04_fails_on_incomlete_data"/>
  </testsuite>
  <testsuite name="rmpt05" timestamp="2025-02-19T16:47:52Z" hostname="028cda1b5c87" tests="10" skipped="0" failures="0" errors="0" time="1.038">
    <testcase time="0.195999999999998" classname="rmpt05" name="rmpt05_function_with_default_argument_value_return_expected_result_with_test_data"/>
    <testcase time="0.0660000000000025" classname="rmpt05" name="rmpt05_can_handle_NA_values"/>
    <testcase time="0.123999999999995" classname="rmpt05" name="rmpt05_can_handle_NA_values"/>
    <testcase time="0.0609999999999786" classname="rmpt05" name="rmpt05_can_handle_NA_values"/>
    <testcase time="0.130000000000024" classname="rmpt05" name="rmpt05_can_handle_NA_values"/>
    <testcase time="0.0600000000000023" classname="rmpt05" name="rmpt05_can_handle_some_NA_values"/>
    <testcase time="0.132000000000005" classname="rmpt05" name="rmpt05_can_handle_some_NA_values"/>
    <testcase time="0.0600000000000023" classname="rmpt05" name="rmpt05_can_handle_some_NA_values"/>
    <testcase time="0.146000000000015" classname="rmpt05" name="rmpt05_can_handle_some_NA_values"/>
    <testcase time="0.0629999999999882" classname="rmpt05" name="rmpt05_fails_on_incomlete_data"/>
  </testsuite>
  <testsuite name="rmpt06" timestamp="2025-02-19T16:47:53Z" hostname="028cda1b5c87" tests="6" skipped="0" failures="0" errors="0" time="1.991">
    <testcase time="0.538000000000011" classname="rmpt06" name="rmpt06_works_as_expected"/>
    <testcase time="0.581999999999994" classname="rmpt06" name="rmpt06_works_as_expected_with_show_diff_TRUE"/>
    <testcase time="0.219999999999999" classname="rmpt06" name="rmpt06_can_handle_all_NA_values"/>
    <testcase time="0.284999999999997" classname="rmpt06" name="rmpt06_can_handle_all_NA_values"/>
    <testcase time="0.22399999999999" classname="rmpt06" name="rmpt06_can_handle_all_NA_values"/>
    <testcase time="0.142000000000024" classname="rmpt06" name="rmpt06_can_handle_all_NA_values"/>
  </testsuite>
  <testsuite name="rspt01" timestamp="2025-02-19T16:47:55Z" hostname="028cda1b5c87" tests="27" skipped="0" failures="0" errors="0" time="7.521">
    <testcase time="0.0149999999999864" classname="rspt01" name="rspt01_works_as_expected"/>
    <testcase time="0.307999999999993" classname="rspt01" name="rspt01_works_as_expected"/>
    <testcase time="0.256" classname="rspt01" name="rspt01_works_as_expected"/>
    <testcase time="0.295000000000016" classname="rspt01" name="rspt01_works_as_expected_for_stratified_and_unstratified_analysis"/>
    <testcase time="0.276999999999987" classname="rspt01" name="rspt01_works_as_expected_for_stratified_and_unstratified_analysis"/>
    <testcase time="0.340000000000003" classname="rspt01" name="rspt01_works_as_expected_for_stratified_and_unstratified_analysis"/>
    <testcase time="0.317000000000007" classname="rspt01" name="rspt01_works_as_expected_for_stratified_and_unstratified_analysis"/>
    <testcase time="0.246999999999986" classname="rspt01" name="rspt01_works_as_expected_for_unstratified_analysis_only"/>
    <testcase time="0.247000000000014" classname="rspt01" name="rspt01_works_as_expected_for_unstratified_analysis_only"/>
    <testcase time="0.269999999999982" classname="rspt01" name="rspt01_works_as_expected_for_unstratified_analysis_only"/>
    <testcase time="0.25800000000001" classname="rspt01" name="rspt01_works_as_expected_for_unstratified_analysis_only"/>
    <testcase time="0.256" classname="rspt01" name="rspt01_works_as_expected_for_stratified_analysis_only"/>
    <testcase time="0.238" classname="rspt01" name="rspt01_works_as_expected_for_stratified_analysis_only"/>
    <testcase time="0.272999999999996" classname="rspt01" name="rspt01_works_as_expected_for_stratified_analysis_only"/>
    <testcase time="0.257000000000005" classname="rspt01" name="rspt01_works_as_expected_for_stratified_analysis_only"/>
    <testcase time="0.27600000000001" classname="rspt01" name="rspt01_works_if_change_reference_group"/>
    <testcase time="0.256" classname="rspt01" name="rspt01_works_if_change_reference_group"/>
    <testcase time="0.350999999999999" classname="rspt01" name="rspt01_works_if_change_reference_group"/>
    <testcase time="0.316999999999979" classname="rspt01" name="rspt01_works_if_change_reference_group"/>
    <testcase time="0.293000000000006" classname="rspt01" name="rspt01_works_if_change_statistic_methods"/>
    <testcase time="0.253000000000014" classname="rspt01" name="rspt01_works_if_change_statistic_methods"/>
    <testcase time="0.361999999999995" classname="rspt01" name="rspt01_works_if_change_statistic_methods"/>
    <testcase time="0.334000000000003" classname="rspt01" name="rspt01_works_if_change_statistic_methods"/>
    <testcase time="0.286000000000001" classname="rspt01" name="rspt01_works_if_change_confidence_interval"/>
    <testcase time="0.262" classname="rspt01" name="rspt01_works_if_change_confidence_interval"/>
    <testcase time="0.359999999999985" classname="rspt01" name="rspt01_works_if_change_confidence_interval"/>
    <testcase time="0.317000000000007" classname="rspt01" name="rspt01_works_if_change_confidence_interval"/>
  </testsuite>
  <testsuite name="ttet01" timestamp="2025-02-19T16:48:03Z" hostname="028cda1b5c87" tests="16" skipped="0" failures="0" errors="0" time="5.627">
    <testcase time="0.0169999999999959" classname="ttet01" name="ttet01_works_as_expected"/>
    <testcase time="0.443000000000012" classname="ttet01" name="ttet01_works_as_expected"/>
    <testcase time="0.507999999999981" classname="ttet01" name="ttet01_works_as_expected"/>
    <testcase time="0.0229999999999961" classname="ttet01" name="ttet01_returns_an_error_when_one_level_or_arm_var_is_empty"/>
    <testcase time="0.330000000000013" classname="ttet01" name="ttet01_works_as_expected_for_stratified_and_unstratified_analysis"/>
    <testcase time="0.352000000000004" classname="ttet01" name="ttet01_works_as_expected_for_stratified_and_unstratified_analysis"/>
    <testcase time="0.437999999999988" classname="ttet01" name="ttet01_works_as_expected_for_stratified_and_unstratified_analysis"/>
    <testcase time="0.461999999999989" classname="ttet01" name="ttet01_works_as_expected_for_stratified_and_unstratified_analysis"/>
    <testcase time="0.344999999999999" classname="ttet01" name="ttet01_works_as_expected_for_stratified_analysis_only"/>
    <testcase time="0.573000000000008" classname="ttet01" name="ttet01_works_as_expected_for_stratified_analysis_only"/>
    <testcase time="0.370000000000005" classname="ttet01" name="ttet01_works_as_expected_for_stratified_analysis_only"/>
    <testcase time="0.354000000000013" classname="ttet01" name="ttet01_works_as_expected_for_stratified_analysis_only"/>
    <testcase time="0.301999999999992" classname="ttet01" name="ttet01_works_if_change_reference_group"/>
    <testcase time="0.322000000000003" classname="ttet01" name="ttet01_works_if_change_reference_group"/>
    <testcase time="0.385999999999996" classname="ttet01" name="ttet01_works_if_change_reference_group"/>
    <testcase time="0.401999999999987" classname="ttet01" name="ttet01_works_if_change_reference_group"/>
  </testsuite>
  <testsuite name="unwrap" timestamp="2025-02-19T16:48:09Z" hostname="028cda1b5c87" tests="12" skipped="0" failures="0" errors="0" time="0.153">
    <testcase time="0.0120000000000005" classname="unwrap" name="unwrap_layout_works_as_expected_with_standard_chevron_t_main_function"/>
    <testcase time="0.00200000000000955" classname="unwrap" name="unwrap_layout_works_as_expected_with_standard_chevron_t_main_function"/>
    <testcase time="0.00100000000000477" classname="unwrap" name="unwrap_layout_works_as_expected_with_standard_chevron_t_main_function"/>
    <testcase time="0.0240000000000009" classname="unwrap" name="unwrap_layout_works_as_expected_with_standard_chevron_t_main_function"/>
    <testcase time="0.0109999999999957" classname="unwrap" name="unwrap_layout_works_as_expected_with_standard_chevron_g_main_function"/>
    <testcase time="0.007000000000005" classname="unwrap" name="unwrap_layout_works_as_expected_with_standard_chevron_l_main_function"/>
    <testcase time="0.007000000000005" classname="unwrap" name="unwrap_layout_works_as_expected_with_a_custom_function_without_layout_function"/>
    <testcase time="0.0289999999999964" classname="unwrap" name="unwrap_layout_works_as_expected_with_a_custom_function_with_layout_function"/>
    <testcase time="0.00100000000000477" classname="unwrap" name="unwrap_layout_works_as_expected_with_a_custom_function_with_layout_function"/>
    <testcase time="0.0289999999999964" classname="unwrap" name="unwrap_layout_works_as_expected_with_multiple_layout_function"/>
    <testcase time="0.0289999999999964" classname="unwrap" name="unwrap_layout_works_as_expected_on_custom_function_with_overwritten_layout_function"/>
    <testcase time="0.00100000000000477" classname="unwrap" name="unwrap_layout_works_as_expected_on_custom_function_with_overwritten_layout_function"/>
  </testsuite>
  <testsuite name="utils" timestamp="2025-02-19T16:48:09Z" hostname="028cda1b5c87" tests="80" skipped="0" failures="0" errors="1" time="2.323">
    <testcase time="0.00899999999998613" classname="utils" name="h_format_dec_works_as_exected"/>
    <testcase time="0.00200000000000955" classname="utils" name="h_format_dec_works_as_exected"/>
    <testcase time="0.00199999999998113" classname="utils" name="h_format_dec_works_as_exected"/>
    <testcase time="0.00300000000001432" classname="utils" name="h_format_dec_works_as_exected"/>
    <testcase time="0.00100000000000477" classname="utils" name="h_format_dec_works_as_exected"/>
    <testcase time="0.0029999999999859" classname="utils" name="h_format_dec_works_as_exected"/>
    <testcase time="0.00100000000000477" classname="utils" name="h_format_dec_works_as_exected"/>
    <testcase time="0.00300000000001432" classname="utils" name="h_format_dec_works_as_exected"/>
    <testcase time="0.00199999999998113" classname="utils" name="h_format_dec_works_as_exected"/>
    <testcase time="0.00300000000001432" classname="utils" name="h_format_dec_works_as_exected"/>
    <testcase time="0.00199999999998113" classname="utils" name="h_format_dec_works_as_exected"/>
    <testcase time="0.0040000000000191" classname="utils" name="h_format_dec_works_as_exected"/>
    <testcase time="0.007000000000005" classname="utils" name="h_format_dec_works_as_expected_with_more_than_one_value"/>
    <testcase time="0.0029999999999859" classname="utils" name="h_format_dec_works_as_expected_with_more_than_one_value"/>
    <testcase time="0.00600000000000023" classname="utils" name="h_format_dec_works_as_expected_with_NA_digits"/>
    <testcase time="0.00600000000000023" classname="utils" name="fuse_sequentially_works"/>
    <testcase time="0.00200000000000955" classname="utils" name="fuse_sequentially_works"/>
    <testcase time="0.0120000000000005" classname="utils" name="ifneeded_split_row_works_as_expected"/>
    <testcase time="0.00600000000000023" classname="utils" name="ifneeded_split_row_works_as_expected"/>
    <testcase time="0.0789999999999793" classname="utils" name="_unnamed_"/>
    <testcase time="0.0640000000000214" classname="utils" name="_unnamed_"/>
    <testcase time="0.0629999999999882" classname="utils" name="_unnamed_"/>
    <testcase time="0.046999999999997" classname="utils" name="_unnamed_"/>
    <testcase time="0.00200000000000955" classname="utils" name="droplevels.character_works_as_expected"/>
    <testcase time="0.00199999999998113" classname="utils" name="droplevels.character_works_as_expected"/>
    <testcase time="0.00500000000002387" classname="utils" name="lvls.character_works_as_expected"/>
    <testcase time="0.0029999999999859" classname="utils" name="lvls.character_works_as_expected"/>
    <testcase time="0.00499999999999545" classname="utils" name="lvls.factor_works_as_expected"/>
    <testcase time="0.00200000000000955" classname="utils" name="lvls.factor_works_as_expected"/>
    <testcase time="0.00499999999999545" classname="utils" name="lvls.default_works_as_expected"/>
    <testcase time="0.00300000000001432" classname="utils" name="lvls.default_works_as_expected"/>
    <testcase time="0.00399999999999068" classname="utils" name="quote_str_works_as_expected"/>
    <testcase time="0.0029999999999859" classname="utils" name="quote_str_works_as_expected"/>
    <testcase time="0.00499999999999545" classname="utils" name="quote_str_works_as_expected"/>
    <testcase time="0.00500000000002387" classname="utils" name="modify_default_args_works_as_expected"/>
    <testcase time="0.00199999999998113" classname="utils" name="modify_default_args_works_as_expected"/>
    <testcase time="0.00499999999999545" classname="utils" name="execute_with_args_works_as_expected"/>
    <testcase time="0.00300000000001432" classname="utils" name="execute_with_args_works_as_expected"/>
    <testcase time="0.00200000000000955" classname="utils" name="execute_with_args_works_as_expected"/>
    <testcase time="0.00199999999998113" classname="utils" name="execute_with_args_works_as_expected"/>
    <testcase time="0.00200000000000955" classname="utils" name="execute_with_args_works_as_expected"/>
    <testcase time="0.0029999999999859" classname="utils" name="execute_with_args_works_as_expected"/>
    <testcase time="0.00100000000000477" classname="utils" name="execute_with_args_works_as_expected"/>
    <testcase time="0.00300000000001432" classname="utils" name="execute_with_args_works_as_expected"/>
    <testcase time="0.00199999999998113" classname="utils" name="execute_with_args_works_as_expected"/>
    <testcase time="0.00300000000001432" classname="utils" name="execute_with_args_works_as_expected"/>
    <testcase time="0.00100000000000477" classname="utils" name="execute_with_args_works_as_expected"/>
    <testcase time="0.0029999999999859" classname="utils" name="execute_with_args_works_as_expected"/>
    <testcase time="0.00499999999999545" classname="utils" name="do_call_work_as_expected"/>
    <testcase time="0.00300000000001432" classname="utils" name="do_call_work_as_expected"/>
    <testcase time="0.0130000000000052" classname="utils" name="do_call_errors_as_expected"/>
    <testcase time="0.00499999999999545" classname="utils" name="do_call_errors_as_expected"/>
    <testcase time="0.00499999999999545" classname="utils" name="convert_to_month_work_as_expected"/>
    <testcase time="0.00300000000001432" classname="utils" name="convert_to_month_work_as_expected"/>
    <testcase time="0.00199999999998113" classname="utils" name="convert_to_month_work_as_expected"/>
    <testcase time="0.00300000000001432" classname="utils" name="convert_to_month_work_as_expected"/>
    <testcase time="0.00199999999998113" classname="utils" name="convert_to_month_work_as_expected"/>
    <testcase time="0.00300000000001432" classname="utils" name="convert_to_month_work_as_expected"/>
    <testcase time="0.00800000000000978" classname="utils" name="convert_to_month_warning_messages_as_expected"/>
    <testcase time="0.00999999999999091" classname="utils" name="gg_theme_chevron_works_as_expected"/>
    <testcase time="0.00100000000000477" classname="utils" name="gg_theme_chevron_works_as_expected"/>
    <testcase time="0.00199999999998113" classname="utils" name="gg_theme_chevron_works_as_expected"/>
    <testcase time="0.00500000000002387" classname="utils" name="gg_theme_chevron_works_as_expected"/>
    <testcase time="0.000999999999976353" classname="utils" name="gg_theme_chevron_works_as_expected"/>
    <testcase time="0.00200000000000955" classname="utils" name="gg_theme_chevron_works_as_expected"/>
    <testcase time="0.00600000000000023" classname="utils" name="modify_character_works"/>
    <testcase time="0.0029999999999859" classname="utils" name="modify_character_works"/>
    <testcase time="0.00500000000002387" classname="utils" name="expand_list_works"/>
    <testcase time="0.00200000000000955" classname="utils" name="expand_list_works"/>
    <testcase time="0.00499999999999545" classname="utils" name="set_section_div_works"/>
    <testcase time="0.00499999999999545" classname="utils" name="set_section_div_works"/>
    <testcase time="0.00500000000002387" classname="utils" name="set_section_div_works"/>
    <testcase time="0.0029999999999859" classname="utils" name="set_section_div_works"/>
    <testcase time="0.00600000000000023" classname="utils" name="get_section_div_works"/>
    <testcase time="0.00200000000000955" classname="utils" name="get_section_div_works"/>
    <testcase time="0.893000000000001" classname="utils" name="grob_list_is_deprecated"/>
    <testcase time="0.87299999999999" classname="utils" name="gg_list_is_deprecated"/>
    <testcase time="0.00900000000001455" classname="utils" name="format_date_works_as_expected_for_POSIXct">
      <error type="error" message="Error in `C_force_tz(to_posixct(time), tz, roll_dst)`: CCTZ: Unrecognized timezone of the input vector: &quot;NZ&quot; ('test-utils.R:330:5')">Error in `C_force_tz(to_posixct(time), tz, roll_dst)`: CCTZ: Unrecognized timezone of the input vector: "NZ"
Backtrace:
     x
  1. +-withr::with_timezone(...) at test-utils.R:328:3
  2. | \-withr::with_envvar(c(TZ = tz), code)
  3. |   \-base::force(code)
  4. +-testthat::expect_identical(foo(d), "01JAN2019") at test-utils.R:330:5
  5. | \-testthat::quasi_label(enquo(object), label, arg = "object")
  6. |   \-rlang::eval_bare(expr, quo_get_env(quo))
  7. \-chevron (local) foo(d)
  8.   +-base::toupper(...)
  9.   +-base::format(...)
 10.   +-lubridate::force_tz(x, tzone = "UTC")
 11.   \-lubridate:::force_tz.default(x, tzone = "UTC")
 12.     \-timechange::time_force_tz(time, tz = tzone, roll_dst = roll_dst)
 13.       \-timechange:::.force_tz(time, tz, tzout, roll_dst)
 14.         +-timechange:::from_posixct(...)
 15.         \-timechange:::C_force_tz(to_posixct(time), tz, roll_dst)</error>
    </testcase>
    <testcase time="0.0240000000000009" classname="utils" name="format_date_works_as_expected_for_Date"/>
    <testcase time="0.0029999999999859" classname="utils" name="format_date_works_as_expected_for_Date"/>
  </testsuite>
  <testsuite name="vst01" timestamp="2025-02-19T16:48:11Z" hostname="028cda1b5c87" tests="3" skipped="0" failures="0" errors="0" time="4.545">
    <testcase time="2.28" classname="vst01" name="vst01_functions_with_default_argument_value_return_expected_result_with_test_data"/>
    <testcase time="0.753999999999991" classname="vst01" name="run_vst01_works_as_expected"/>
    <testcase time="1.511" classname="vst01" name="run_vst01_works_as_expected"/>
  </testsuite>
  <testsuite name="vst02" timestamp="2025-02-19T16:48:16Z" hostname="028cda1b5c87" tests="2" skipped="0" failures="0" errors="0" time="0.943">
    <testcase time="0.474000000000018" classname="vst02" name="vst02_functions_with_default_argument_value_return_expected_result_with_test_data"/>
    <testcase time="0.468999999999994" classname="vst02" name="vst02_functions_return_expected_result_with_test_data_when_excluding_subject_with_baseline_abnormality"/>
  </testsuite>
</testsuites>
