<?xml version="1.0" encoding="UTF-8"?>
<testsuites>
  <testsuite name="ael01_nollt" timestamp="2025-02-19T16:30:59Z" hostname="6d166c87763d" tests="14" skipped="6" failures="0" errors="0" time="1.172">
    <testcase time="0.0640000000000001" classname="ael01_nollt" name="ael01_nollt_works_with_admh_dataset"/>
    <testcase time="0.236" classname="ael01_nollt" name="ael01_nollt_works_with_admh_dataset">
      <skipped message="Reason: On CRAN ('test-ael01_nollt.R:7:3')"/>
    </testcase>
    <testcase time="0.0549999999999997" classname="ael01_nollt" name="ael01_nollt_works_with_non_default_label"/>
    <testcase time="0.194" classname="ael01_nollt" name="ael01_nollt_works_with_non_default_label">
      <skipped message="Reason: On CRAN ('test-ael01_nollt.R:21:3')"/>
    </testcase>
    <testcase time="0.0519999999999996" classname="ael01_nollt" name="ael01_nollt_can_handle_all_missing_values"/>
    <testcase time="0.0730000000000004" classname="ael01_nollt" name="ael01_nollt_can_handle_all_missing_values">
      <skipped message="Reason: On CRAN ('test-ael01_nollt.R:35:3')"/>
    </testcase>
    <testcase time="0.0379999999999998" classname="ael01_nollt" name="ael01_nollt_can_handle_some_missing_values"/>
    <testcase time="0.123" classname="ael01_nollt" name="ael01_nollt_can_handle_some_missing_values">
      <skipped message="Reason: On CRAN ('test-ael01_nollt.R:51:3')"/>
    </testcase>
    <testcase time="0.0339999999999998" classname="ael01_nollt" name="ael01_nollt_listing_can_be_split_by_an_additional_variable"/>
    <testcase time="0.00200000000000022" classname="ael01_nollt" name="ael01_nollt_listing_can_be_split_by_an_additional_variable"/>
    <testcase time="0.157" classname="ael01_nollt" name="ael01_nollt_listing_can_be_split_by_an_additional_variable">
      <skipped message="Reason: On CRAN ('test-ael01_nollt.R:67:3')"/>
    </testcase>
    <testcase time="0.0379999999999998" classname="ael01_nollt" name="split_ael01_nollt_listing_do_not_display_missing_values"/>
    <testcase time="0.00099999999999989" classname="ael01_nollt" name="split_ael01_nollt_listing_do_not_display_missing_values"/>
    <testcase time="0.105" classname="ael01_nollt" name="split_ael01_nollt_listing_do_not_display_missing_values">
      <skipped message="Reason: On CRAN ('test-ael01_nollt.R:86:3')"/>
    </testcase>
  </testsuite>
  <testsuite name="ael02" timestamp="2025-02-19T16:31:00Z" hostname="6d166c87763d" tests="9" skipped="3" failures="0" errors="0" time="2.758">
    <testcase time="0.069" classname="ael02" name="ael02_works_with_adae_dataset"/>
    <testcase time="0.00099999999999989" classname="ael02" name="ael02_works_with_adae_dataset"/>
    <testcase time="0.86" classname="ael02" name="ael02_works_with_adae_dataset">
      <skipped message="Reason: On CRAN ('test-ael02.R:9:3')"/>
    </testcase>
    <testcase time="0.0509999999999993" classname="ael02" name="ael02_can_handle_all_missing_values"/>
    <testcase time="0.00100000000000033" classname="ael02" name="ael02_can_handle_all_missing_values"/>
    <testcase time="0.874" classname="ael02" name="ael02_can_handle_all_missing_values">
      <skipped message="Reason: On CRAN ('test-ael02.R:24:3')"/>
    </testcase>
    <testcase time="0.0500000000000007" classname="ael02" name="ael02_functions_work_as_expected"/>
    <testcase time="0.00199999999999978" classname="ael02" name="ael02_functions_work_as_expected"/>
    <testcase time="0.85" classname="ael02" name="ael02_functions_work_as_expected">
      <skipped message="Reason: On CRAN ('test-ael02.R:39:3')"/>
    </testcase>
  </testsuite>
  <testsuite name="ael03" timestamp="2025-02-19T16:31:03Z" hostname="6d166c87763d" tests="9" skipped="3" failures="0" errors="0" time="2.822">
    <testcase time="0.069" classname="ael03" name="ael03_works_with_adae_dataset"/>
    <testcase time="0.00200000000000067" classname="ael03" name="ael03_works_with_adae_dataset"/>
    <testcase time="0.883" classname="ael03" name="ael03_works_with_adae_dataset">
      <skipped message="Reason: On CRAN ('test-ael03.R:9:3')"/>
    </testcase>
    <testcase time="0.0589999999999993" classname="ael03" name="ael03_can_handle_all_missing_values"/>
    <testcase time="0.00200000000000067" classname="ael03" name="ael03_can_handle_all_missing_values"/>
    <testcase time="0.891" classname="ael03" name="ael03_can_handle_all_missing_values">
      <skipped message="Reason: On CRAN ('test-ael03.R:25:3')"/>
    </testcase>
    <testcase time="0.0510000000000002" classname="ael03" name="ael03_functions_work_as_expected"/>
    <testcase time="0.00199999999999978" classname="ael03" name="ael03_functions_work_as_expected"/>
    <testcase time="0.863" classname="ael03" name="ael03_functions_work_as_expected">
      <skipped message="Reason: On CRAN ('test-ael03.R:39:3')"/>
    </testcase>
  </testsuite>
  <testsuite name="aet01" timestamp="2025-02-19T16:31:06Z" hostname="6d166c87763d" tests="11" skipped="5" failures="0" errors="0" time="2.906">
    <testcase time="0.411" classname="aet01" name="aet01_can_handle_all_NA_values"/>
    <testcase time="0.279" classname="aet01" name="aet01_can_handle_all_NA_values">
      <skipped message="Reason: On CRAN ('test-aet01.R:12:3')"/>
    </testcase>
    <testcase time="0.294" classname="aet01" name="aet01_can_handle_some_NA_values"/>
    <testcase time="0.27" classname="aet01" name="aet01_can_handle_some_NA_values">
      <skipped message="Reason: On CRAN ('test-aet01.R:30:3')"/>
    </testcase>
    <testcase time="0.221" classname="aet01" name="aet01_can_use_custom_anl_vars"/>
    <testcase time="0.159000000000001" classname="aet01" name="aet01_can_use_custom_anl_vars">
      <skipped message="Reason: On CRAN ('test-aet01.R:37:3')"/>
    </testcase>
    <testcase time="0.0730000000000004" classname="aet01" name="aet01_fails_on_incomplete_data_input"/>
    <testcase time="0.304" classname="aet01" name="aet01_can_use_custom_medconcept_var"/>
    <testcase time="0.468999999999999" classname="aet01" name="aet01_can_use_custom_medconcept_var">
      <skipped message="Reason: On CRAN ('test-aet01.R:69:3')"/>
    </testcase>
    <testcase time="0.198" classname="aet01" name="aet01_can_conditionally_show_the_number_of_withdrawal"/>
    <testcase time="0.228" classname="aet01" name="aet01_can_conditionally_show_the_number_of_withdrawal">
      <skipped message="Reason: On CRAN ('test-aet01.R:75:3')"/>
    </testcase>
  </testsuite>
  <testsuite name="aet01_aesi" timestamp="2025-02-19T16:31:09Z" hostname="6d166c87763d" tests="7" skipped="3" failures="0" errors="0" time="1.62">
    <testcase time="0.222" classname="aet01_aesi" name="aet01_aesi_can_handle_all_NA_values"/>
    <testcase time="0.238" classname="aet01_aesi" name="aet01_aesi_can_handle_all_NA_values">
      <skipped message="Reason: On CRAN ('test-aet01_aesi.R:17:3')"/>
    </testcase>
    <testcase time="0.201000000000001" classname="aet01_aesi" name="aet01_aesi_can_handle_some_NA_values"/>
    <testcase time="0.241" classname="aet01_aesi" name="aet01_aesi_can_handle_some_NA_values">
      <skipped message="Reason: On CRAN ('test-aet01_aesi.R:31:3')"/>
    </testcase>
    <testcase time="0.273" classname="aet01_aesi" name="aet01_aesi_works_with_ALL_argument"/>
    <testcase time="0.381" classname="aet01_aesi" name="aet01_aesi_works_with_ALL_argument">
      <skipped message="Reason: On CRAN ('test-aet01_aesi.R:38:3')"/>
    </testcase>
    <testcase time="0.0640000000000001" classname="aet01_aesi" name="aet01_aesi_check_fails_on_incomplete_data_input"/>
  </testsuite>
  <testsuite name="aet02" timestamp="2025-02-19T16:31:10Z" hostname="6d166c87763d" tests="3" skipped="1" failures="0" errors="0" time="1.644">
    <testcase time="0.0520000000000014" classname="aet02" name="aet02_fails_on_incomplete_data_input"/>
    <testcase time="0.126999999999999" classname="aet02" name="aet02_handle_empty_data_input"/>
    <testcase time="1.465" classname="aet02" name="aet02_can_have_different_levels_of_row_split">
      <skipped message="Reason: On CRAN ('test-aet02.R:32:3')"/>
    </testcase>
  </testsuite>
  <testsuite name="aet03" timestamp="2025-02-19T16:31:12Z" hostname="6d166c87763d" tests="4" skipped="2" failures="0" errors="0" time="2.571">
    <testcase time="0.309000000000001" classname="aet03" name="aet03_can_handle_NA_values"/>
    <testcase time="0.238" classname="aet03" name="aet03_can_handle_NA_values">
      <skipped message="Reason: On CRAN ('test-aet03.R:10:3')"/>
    </testcase>
    <testcase time="1.319" classname="aet03" name="aet03_can_handle_some_NA_values"/>
    <testcase time="0.705000000000002" classname="aet03" name="aet03_can_handle_some_NA_values">
      <skipped message="Reason: On CRAN ('test-aet03.R:28:3')"/>
    </testcase>
  </testsuite>
  <testsuite name="aet04" timestamp="2025-02-19T16:31:14Z" hostname="6d166c87763d" tests="4" skipped="2" failures="0" errors="0" time="4.315">
    <testcase time="0.431999999999999" classname="aet04" name="aet04_can_handle_NA_values"/>
    <testcase time="0.398" classname="aet04" name="aet04_can_handle_NA_values">
      <skipped message="Reason: On CRAN ('test-aet04.R:10:3')"/>
    </testcase>
    <testcase time="2.352" classname="aet04" name="aet04_can_handle_some_NA_values"/>
    <testcase time="1.133" classname="aet04" name="aet04_can_handle_some_NA_values">
      <skipped message="Reason: On CRAN ('test-aet04.R:33:3')"/>
    </testcase>
  </testsuite>
  <testsuite name="aet05" timestamp="2025-02-19T16:31:19Z" hostname="6d166c87763d" tests="4" skipped="2" failures="0" errors="0" time="0.807">
    <testcase time="0.154" classname="aet05" name="aet05_can_handle_NA_values"/>
    <testcase time="0.238000000000003" classname="aet05" name="aet05_can_handle_NA_values">
      <skipped message="Reason: On CRAN ('test-aet05.R:7:3')"/>
    </testcase>
    <testcase time="0.148999999999997" classname="aet05" name="aet05_can_handle_some_NA_values"/>
    <testcase time="0.266000000000002" classname="aet05" name="aet05_can_handle_some_NA_values">
      <skipped message="Reason: On CRAN ('test-aet05.R:25:3')"/>
    </testcase>
  </testsuite>
  <testsuite name="aet05_all" timestamp="2025-02-19T16:31:19Z" hostname="6d166c87763d" tests="4" skipped="2" failures="0" errors="0" time="0.833">
    <testcase time="0.175999999999998" classname="aet05_all" name="aet05_all_can_handle_NA_values"/>
    <testcase time="0.240000000000002" classname="aet05_all" name="aet05_all_can_handle_NA_values">
      <skipped message="Reason: On CRAN ('test-aet05_all.R:7:3')"/>
    </testcase>
    <testcase time="0.16" classname="aet05_all" name="aet05_all_can_handle_some_NA_values"/>
    <testcase time="0.256999999999998" classname="aet05_all" name="aet05_all_can_handle_some_NA_values">
      <skipped message="Reason: On CRAN ('test-aet05_all.R:22:3')"/>
    </testcase>
  </testsuite>
  <testsuite name="aet10" timestamp="2025-02-19T16:31:20Z" hostname="6d166c87763d" tests="4" skipped="2" failures="0" errors="0" time="0.533">
    <testcase time="0.0809999999999995" classname="aet10" name="aet10_can_handle_NA_values"/>
    <testcase time="0.113000000000003" classname="aet10" name="aet10_can_handle_NA_values">
      <skipped message="Reason: On CRAN ('test-aet10.R:10:3')"/>
    </testcase>
    <testcase time="0.116999999999997" classname="aet10" name="aet10_can_handle_some_NA_values"/>
    <testcase time="0.222000000000001" classname="aet10" name="aet10_can_handle_some_NA_values">
      <skipped message="Reason: On CRAN ('test-aet10.R:25:3')"/>
    </testcase>
  </testsuite>
  <testsuite name="assertions" timestamp="2025-02-19T16:31:21Z" hostname="6d166c87763d" tests="33" skipped="0" failures="0" errors="0" time="0.163">
    <testcase time="0.0169999999999995" classname="assertions" name="assert_valid_var.character_works_as_expected"/>
    <testcase time="0.00499999999999901" classname="assertions" name="assert_valid_var.character_works_as_expected"/>
    <testcase time="0.00500000000000256" classname="assertions" name="assert_valid_var.character_works_as_expected"/>
    <testcase time="0.00399999999999778" classname="assertions" name="assert_valid_var.character_works_as_expected"/>
    <testcase time="0.00200000000000244" classname="assertions" name="assert_valid_var.character_works_as_expected"/>
    <testcase time="0.00499999999999901" classname="assertions" name="assert_valid_var.factor_works_as_expected"/>
    <testcase time="0.00399999999999778" classname="assertions" name="assert_valid_var.factor_works_as_expected"/>
    <testcase time="0.00500000000000256" classname="assertions" name="assert_valid_var.factor_works_as_expected"/>
    <testcase time="0.00399999999999778" classname="assertions" name="assert_valid_var.factor_works_as_expected"/>
    <testcase time="0.00200000000000244" classname="assertions" name="assert_valid_var.factor_works_as_expected"/>
    <testcase time="0.00499999999999901" classname="assertions" name="assert_valid_var.logical_works_as_expected"/>
    <testcase time="0.00499999999999901" classname="assertions" name="assert_valid_var.logical_works_as_expected"/>
    <testcase time="0.00500000000000256" classname="assertions" name="assert_valid_var.logical_works_as_expected"/>
    <testcase time="0.000999999999997669" classname="assertions" name="assert_valid_var.logical_works_as_expected"/>
    <testcase time="0.00600000000000023" classname="assertions" name="assert_valid_var.numeric_works_as_expected"/>
    <testcase time="0.00499999999999901" classname="assertions" name="assert_valid_var.numeric_works_as_expected"/>
    <testcase time="0.00500000000000256" classname="assertions" name="assert_valid_var.numeric_works_as_expected"/>
    <testcase time="0.00199999999999889" classname="assertions" name="assert_valid_var.numeric_works_as_expected"/>
    <testcase time="0.00400000000000134" classname="assertions" name="assert_valid_var.numeric_works_as_expected"/>
    <testcase time="0.00199999999999889" classname="assertions" name="assert_valid_var.numeric_works_as_expected"/>
    <testcase time="0.00900000000000034" classname="assertions" name="assert_valid_var.POSIXct_works_as_expected"/>
    <testcase time="0.00900000000000034" classname="assertions" name="assert_valid_var.POSIXct_works_as_expected"/>
    <testcase time="0.00600000000000023" classname="assertions" name="assert_valid_variable_works_as_expected"/>
    <testcase time="0.00199999999999889" classname="assertions" name="assert_valid_variable_works_as_expected"/>
    <testcase time="0.00700000000000145" classname="assertions" name="assert_valid_variable_works_as_expected"/>
    <testcase time="0.00199999999999889" classname="assertions" name="assert_valid_variable_works_as_expected"/>
    <testcase time="0.0069999999999979" classname="assertions" name="assert_valid_variable_works_as_expected"/>
    <testcase time="0.00200000000000244" classname="assertions" name="assert_valid_variable_works_as_expected"/>
    <testcase time="0.00499999999999901" classname="assertions" name="assert_valid_var_pair_works_as_expected_with_character"/>
    <testcase time="0.00499999999999901" classname="assertions" name="assert_valid_var_pair_works_as_expected_with_character"/>
    <testcase time="0.00600000000000023" classname="assertions" name="assert_valid_var_pair_works_as_expected_with_factor"/>
    <testcase time="0.00500000000000256" classname="assertions" name="assert_valid_var_pair_works_as_expected_with_factor"/>
    <testcase time="0.00499999999999901" classname="assertions" name="assert_valid_var_pair_works_as_expected_with_factor"/>
  </testsuite>
  <testsuite name="cfbt01" timestamp="2025-02-19T16:31:21Z" hostname="6d166c87763d" tests="3" skipped="2" failures="0" errors="0" time="9.431">
    <testcase time="6.992" classname="cfbt01" name="cfbt01_functions_with_default_argument_value_return_expected_result_with_test_data">
      <skipped message="Reason: On CRAN ('test-cfbt01.R:8:3')"/>
    </testcase>
    <testcase time="0.82" classname="cfbt01" name="cfbt01_can_handle_n_0_and_outputs_NE_instead_of_infs_and_NAs"/>
    <testcase time="1.619" classname="cfbt01" name="cfbt01_can_handle_n_0_and_outputs_NE_instead_of_infs_and_NAs">
      <skipped message="Reason: On CRAN ('test-cfbt01.R:24:3')"/>
    </testcase>
  </testsuite>
  <testsuite name="checks" timestamp="2025-02-19T16:31:30Z" hostname="6d166c87763d" tests="8" skipped="0" failures="0" errors="0" time="0.038">
    <testcase time="0.0180000000000007" classname="checks" name="check_all_colnames_works_as_expected"/>
    <testcase time="0.00300000000000011" classname="checks" name="check_all_colnames_works_as_expected"/>
    <testcase time="0.00200000000000244" classname="checks" name="check_all_colnames_works_as_expected"/>
    <testcase time="0.00300000000000011" classname="checks" name="check_all_colnames_works_as_expected"/>
    <testcase time="0.00499999999999545" classname="checks" name="check_one_colnames_works_as_expected"/>
    <testcase time="0.00200000000000244" classname="checks" name="check_one_colnames_works_as_expected"/>
    <testcase time="0.00200000000000244" classname="checks" name="check_one_colnames_works_as_expected"/>
    <testcase time="0.00300000000000011" classname="checks" name="check_one_colnames_works_as_expected"/>
  </testsuite>
  <testsuite name="chevron_tlg-class" timestamp="2025-02-19T16:31:30Z" hostname="6d166c87763d" tests="27" skipped="0" failures="0" errors="0" time="0.108">
    <testcase time="0.00900000000000034" classname="chevron_tlg_class" name="chevron_t_object_can_be_constructed_with_default_values"/>
    <testcase time="0.00300000000000011" classname="chevron_tlg_class" name="chevron_t_object_can_be_constructed_with_default_values"/>
    <testcase time="0.00499999999999545" classname="chevron_tlg_class" name="chevron_t_object_can_be_constructed_with_custom_values"/>
    <testcase time="0.00300000000000011" classname="chevron_tlg_class" name="chevron_t_object_can_be_constructed_with_custom_values"/>
    <testcase time="0.00200000000000244" classname="chevron_tlg_class" name="chevron_t_object_can_be_constructed_with_custom_values"/>
    <testcase time="0.00300000000000011" classname="chevron_tlg_class" name="chevron_t_object_can_be_constructed_with_custom_values"/>
    <testcase time="0.00600000000000023" classname="chevron_tlg_class" name="chevron_t_constructor_returns_an_error_when_expected"/>
    <testcase time="0.000999999999997669" classname="chevron_tlg_class" name="chevron_t_constructor_returns_an_error_when_expected"/>
    <testcase time="0.00100000000000477" classname="chevron_tlg_class" name="chevron_t_constructor_returns_an_error_when_expected"/>
    <testcase time="0.000999999999997669" classname="chevron_tlg_class" name="chevron_t_constructor_returns_an_error_when_expected"/>
    <testcase time="0.000999999999997669" classname="chevron_tlg_class" name="chevron_t_constructor_returns_an_error_when_expected"/>
    <testcase time="0.00100000000000477" classname="chevron_tlg_class" name="chevron_t_constructor_returns_an_error_when_expected"/>
    <testcase time="0.00600000000000023" classname="chevron_tlg_class" name="chevron_l_object_can_be_constructed_with_default_values"/>
    <testcase time="0.00300000000000011" classname="chevron_tlg_class" name="chevron_l_object_can_be_constructed_with_default_values"/>
    <testcase time="0.00599999999999312" classname="chevron_tlg_class" name="chevron_g_object_can_be_constructed_with_custom_values"/>
    <testcase time="0.00300000000000011" classname="chevron_tlg_class" name="chevron_g_object_can_be_constructed_with_custom_values"/>
    <testcase time="0.00300000000000011" classname="chevron_tlg_class" name="chevron_g_object_can_be_constructed_with_custom_values"/>
    <testcase time="0.00900000000000034" classname="chevron_tlg_class" name="chevron_g_object_can_be_constructed_with_custom_values"/>
    <testcase time="0.00800000000000267" classname="chevron_tlg_class" name="chevron_g_constructor_returns_an_error_when_expected"/>
    <testcase time="0.000999999999997669" classname="chevron_tlg_class" name="chevron_g_constructor_returns_an_error_when_expected"/>
    <testcase time="0.00200000000000244" classname="chevron_tlg_class" name="chevron_g_constructor_returns_an_error_when_expected"/>
    <testcase time="0.000999999999997669" classname="chevron_tlg_class" name="chevron_g_constructor_returns_an_error_when_expected"/>
    <testcase time="0.00200000000000244" classname="chevron_tlg_class" name="chevron_g_constructor_returns_an_error_when_expected"/>
    <testcase time="0.00200000000000244" classname="chevron_tlg_class" name="chevron_g_constructor_returns_an_error_when_expected"/>
    <testcase time="0.0109999999999957" classname="chevron_tlg_class" name="chevron_simple_works_correctly"/>
    <testcase time="0.00300000000000011" classname="chevron_tlg_class" name="chevron_simple_works_correctly"/>
    <testcase time="0.0120000000000005" classname="chevron_tlg_class" name="chevron_simple_errors_if_contains_return"/>
  </testsuite>
  <testsuite name="chevron_tlg-methods" timestamp="2025-02-19T16:31:31Z" hostname="6d166c87763d" tests="54" skipped="15" failures="0" errors="0" time="8.096">
    <testcase time="1.298" classname="chevron_tlg_methods" name="run_works_as_expected_for_chevron_t_object"/>
    <testcase time="0.554000000000002" classname="chevron_tlg_methods" name="run_works_as_expected_for_chevron_t_object">
      <skipped message="Reason: On CRAN ('test-chevron_tlg-methods.R:8:3')"/>
    </testcase>
    <testcase time="0.568999999999996" classname="chevron_tlg_methods" name="run_works_as_expected_for_chevron_t_object_when_auto_pre_FALSE">
      <skipped message="Reason: On CRAN ('test-chevron_tlg-methods.R:17:3')"/>
    </testcase>
    <testcase time="0.298000000000002" classname="chevron_tlg_methods" name="run_works_as_expected_with_argument_printed">
      <skipped message="Reason: On CRAN ('test-chevron_tlg-methods.R:24:3')"/>
    </testcase>
    <testcase time="0.407000000000004" classname="chevron_tlg_methods" name="run_works_as_expected_with_argument_printed_if_the_user_argument_is_complicated">
      <skipped message="Reason: On CRAN ('test-chevron_tlg-methods.R:32:3')"/>
    </testcase>
    <testcase time="0.401999999999994" classname="chevron_tlg_methods" name="run_uses_the_argument_passed_through_the_ellipsis_in_priority">
      <skipped message="Reason: On CRAN ('test-chevron_tlg-methods.R:51:3')"/>
    </testcase>
    <testcase time="0.303000000000004" classname="chevron_tlg_methods" name="run_works_as_expected_with_partial_match_argument">
      <skipped message="Reason: On CRAN ('test-chevron_tlg-methods.R:58:3')"/>
    </testcase>
    <testcase time="0.400999999999996" classname="chevron_tlg_methods" name="run_displays_the_symbols_when_available">
      <skipped message="Reason: On CRAN ('test-chevron_tlg-methods.R:79:3')"/>
    </testcase>
    <testcase time="0.295999999999999" classname="chevron_tlg_methods" name="run_print_internal_functions_when_unwrap_is_TRUE"/>
    <testcase time="0.00100000000000477" classname="chevron_tlg_methods" name="run_print_internal_functions_when_unwrap_is_TRUE"/>
    <testcase time="0.00199999999999534" classname="chevron_tlg_methods" name="run_print_internal_functions_when_unwrap_is_TRUE"/>
    <testcase time="0.007000000000005" classname="chevron_tlg_methods" name="run_print_internal_functions_when_unwrap_is_TRUE">
      <skipped message="Reason: On CRAN ('test-chevron_tlg-methods.R:92:3')"/>
    </testcase>
    <testcase time="1.169" classname="chevron_tlg_methods" name="run_print_internal_functions_when_unwrap_is_TRUE_and_standard_chevron_tlg_has_no_layout">
      <skipped message="Reason: On CRAN ('test-chevron_tlg-methods.R:99:3')"/>
    </testcase>
    <testcase time="0.0210000000000008" classname="chevron_tlg_methods" name="run_print_internal_functions_when_unwrap_is_TRUE_and_the_chevron_tlg_object_is_customized"/>
    <testcase time="0.000999999999997669" classname="chevron_tlg_methods" name="run_print_internal_functions_when_unwrap_is_TRUE_and_the_chevron_tlg_object_is_customized"/>
    <testcase time="0.00200000000000244" classname="chevron_tlg_methods" name="run_print_internal_functions_when_unwrap_is_TRUE_and_the_chevron_tlg_object_is_customized"/>
    <testcase time="0.0069999999999979" classname="chevron_tlg_methods" name="run_print_internal_functions_when_unwrap_is_TRUE_and_the_chevron_tlg_object_is_customized">
      <skipped message="Reason: On CRAN ('test-chevron_tlg-methods.R:117:3')"/>
    </testcase>
    <testcase time="0.017000000000003" classname="chevron_tlg_methods" name="run_print_main_and_postprocessing_functions_when_unwrap_is_TRUE_and_auto_pre_is_FALSE"/>
    <testcase time="0.000999999999997669" classname="chevron_tlg_methods" name="run_print_main_and_postprocessing_functions_when_unwrap_is_TRUE_and_auto_pre_is_FALSE"/>
    <testcase time="0.000999999999997669" classname="chevron_tlg_methods" name="run_print_main_and_postprocessing_functions_when_unwrap_is_TRUE_and_auto_pre_is_FALSE"/>
    <testcase time="0.000999999999997669" classname="chevron_tlg_methods" name="run_print_main_and_postprocessing_functions_when_unwrap_is_TRUE_and_auto_pre_is_FALSE"/>
    <testcase time="0.0069999999999979" classname="chevron_tlg_methods" name="run_print_main_and_postprocessing_functions_when_unwrap_is_TRUE_and_auto_pre_is_FALSE">
      <skipped message="Reason: On CRAN ('test-chevron_tlg-methods.R:137:3')"/>
    </testcase>
    <testcase time="0.0130000000000052" classname="chevron_tlg_methods" name="args_ls_works_as_expected"/>
    <testcase time="0.000999999999997669" classname="chevron_tlg_methods" name="args_ls_works_as_expected"/>
    <testcase time="0.000999999999997669" classname="chevron_tlg_methods" name="args_ls_works_as_expected"/>
    <testcase time="0.00500000000000256" classname="chevron_tlg_methods" name="args_ls_works_as_expected_when_simplify_is_TRUE"/>
    <testcase time="0.000999999999997669" classname="chevron_tlg_methods" name="args_ls_works_as_expected_when_simplify_is_TRUE"/>
    <testcase time="0.00100000000000477" classname="chevron_tlg_methods" name="args_ls_works_as_expected_when_simplify_is_TRUE"/>
    <testcase time="0.00600000000000023" classname="chevron_tlg_methods" name="args_ls_works_as_expected_with_custom_chevron_tlg_object"/>
    <testcase time="0.000999999999997669" classname="chevron_tlg_methods" name="args_ls_works_as_expected_with_custom_chevron_tlg_object"/>
    <testcase time="0.000999999999997669" classname="chevron_tlg_methods" name="args_ls_works_as_expected_with_custom_chevron_tlg_object"/>
    <testcase time="0.00300000000000011" classname="chevron_tlg_methods" name="args_ls_works_as_expected_with_custom_chevron_tlg_object"/>
    <testcase time="0.00600000000000023" classname="chevron_tlg_methods" name="main_works_as_expected"/>
    <testcase time="0.00600000000000023" classname="chevron_tlg_methods" name="main_setter_works_as_expected"/>
    <testcase time="0.0180000000000007" classname="chevron_tlg_methods" name="main_setter_throw_an_error_as_expected"/>
    <testcase time="0.00600000000000023" classname="chevron_tlg_methods" name="preprocess_works_as_expected"/>
    <testcase time="0.00600000000000023" classname="chevron_tlg_methods" name="preprocess_setter_works_as_expected"/>
    <testcase time="0.0110000000000028" classname="chevron_tlg_methods" name="preprocess_sends_an_error_as_expected"/>
    <testcase time="0.00600000000000023" classname="chevron_tlg_methods" name="postprocess_works_as_expected"/>
    <testcase time="0.00600000000000023" classname="chevron_tlg_methods" name="postprocess_setter_works_as_expected"/>
    <testcase time="0.00999999999999801" classname="chevron_tlg_methods" name="postprocess_sends_an_error_as_expected"/>
    <testcase time="0.00500000000000256" classname="chevron_tlg_methods" name="script_funs_works_as_expected_in_interactive_mode">
      <skipped message="Reason: !interactive() is TRUE ('test-chevron_tlg-methods.R:264:3')"/>
    </testcase>
    <testcase time="0.0139999999999958" classname="chevron_tlg_methods" name="script_funs_works_as_expected"/>
    <testcase time="0.00200000000000244" classname="chevron_tlg_methods" name="script_funs_works_as_expected"/>
    <testcase time="2.134" classname="chevron_tlg_methods" name="script_funs_generates_a_valid_script"/>
    <testcase time="0.00199999999999534" classname="chevron_tlg_methods" name="script_funs_generates_a_valid_script"/>
    <testcase time="0.00200000000000244" classname="chevron_tlg_methods" name="script_funs_generates_a_valid_script"/>
    <testcase time="0.000999999999997669" classname="chevron_tlg_methods" name="script_funs_generates_a_valid_script"/>
    <testcase time="0.00200000000000244" classname="chevron_tlg_methods" name="script_funs_generates_a_valid_script"/>
    <testcase time="0.00900000000000034" classname="chevron_tlg_methods" name="script_funs_generates_a_valid_script">
      <skipped message="Reason: On CRAN ('test-chevron_tlg-methods.R:297:5')"/>
    </testcase>
    <testcase time="0.0150000000000006" classname="chevron_tlg_methods" name="script_funs_works_for_simple_template"/>
    <testcase time="0.00200000000000244" classname="chevron_tlg_methods" name="script_funs_works_for_simple_template"/>
    <testcase time="0.0149999999999935" classname="chevron_tlg_methods" name="print_list_works">
      <skipped message="Reason: On CRAN ('test-chevron_tlg-methods.R:311:3')"/>
    </testcase>
    <testcase time="0.0200000000000031" classname="chevron_tlg_methods" name="print_list_works_for_empty_list">
      <skipped message="Reason: On CRAN ('test-chevron_tlg-methods.R:315:3')"/>
    </testcase>
  </testsuite>
  <testsuite name="cml02a_gl" timestamp="2025-02-19T16:31:39Z" hostname="6d166c87763d" tests="6" skipped="3" failures="0" errors="0" time="0.541">
    <testcase time="0.036999999999999" classname="cml02a_gl" name="cml02a_gl_works_with_adcm_dataset"/>
    <testcase time="0.172000000000004" classname="cml02a_gl" name="cml02a_gl_works_with_adcm_dataset">
      <skipped message="Reason: On CRAN ('test-cml02a_gl.R:5:3')"/>
    </testcase>
    <testcase time="0.0339999999999989" classname="cml02a_gl" name="cml02a_gl_works_with_missing_data"/>
    <testcase time="0.113999999999997" classname="cml02a_gl" name="cml02a_gl_works_with_missing_data">
      <skipped message="Reason: On CRAN ('test-cml02a_gl.R:13:3')"/>
    </testcase>
    <testcase time="0.0339999999999989" classname="cml02a_gl" name="cml02a_gl_functions_work_as_expected"/>
    <testcase time="0.149999999999999" classname="cml02a_gl" name="cml02a_gl_functions_work_as_expected">
      <skipped message="Reason: On CRAN ('test-cml02a_gl.R:24:3')"/>
    </testcase>
  </testsuite>
  <testsuite name="cmt01a" timestamp="2025-02-19T16:31:39Z" hostname="6d166c87763d" tests="6" skipped="4" failures="0" errors="0" time="3.825">
    <testcase time="1.148" classname="cmt01a" name="cmt01a_functions_with_default_argument_value_return_expected_result_with_test_data">
      <skipped message="Reason: On CRAN ('test-cmt01a.R:7:3')"/>
    </testcase>
    <testcase time="1.079" classname="cmt01a" name="cmt01a_functions_with_custom_argument_value_return_expected_result_with_test_data">
      <skipped message="Reason: On CRAN ('test-cmt01a.R:20:3')"/>
    </testcase>
    <testcase time="0.162999999999997" classname="cmt01a" name="cmt01a_can_handle_all_NA_values"/>
    <testcase time="0.164000000000001" classname="cmt01a" name="cmt01a_can_handle_all_NA_values">
      <skipped message="Reason: On CRAN ('test-cmt01a.R:35:3')"/>
    </testcase>
    <testcase time="0.661000000000001" classname="cmt01a" name="cmt01a_can_handle_some_NA_values"/>
    <testcase time="0.609999999999999" classname="cmt01a" name="cmt01a_can_handle_some_NA_values">
      <skipped message="Reason: On CRAN ('test-cmt01a.R:44:3')"/>
    </testcase>
  </testsuite>
  <testsuite name="cmt02_pt" timestamp="2025-02-19T16:31:43Z" hostname="6d166c87763d" tests="4" skipped="2" failures="0" errors="0" time="0.632">
    <testcase time="0.113999999999997" classname="cmt02_pt" name="cmt02_pt_can_handle_all_NA_values"/>
    <testcase time="0.134" classname="cmt02_pt" name="cmt02_pt_can_handle_all_NA_values">
      <skipped message="Reason: On CRAN ('test-cmt02_pt.R:9:3')"/>
    </testcase>
    <testcase time="0.161000000000001" classname="cmt02_pt" name="cmt02_pt_can_handle_some_NA_values"/>
    <testcase time="0.222999999999999" classname="cmt02_pt" name="cmt02_pt_can_handle_some_NA_values">
      <skipped message="Reason: On CRAN ('test-cmt02_pt.R:18:3')"/>
    </testcase>
  </testsuite>
  <testsuite name="coxt01" timestamp="2025-02-19T16:31:44Z" hostname="6d166c87763d" tests="3" skipped="1" failures="0" errors="0" time="0.539">
    <testcase time="0.331000000000003" classname="coxt01" name="coxt01_can_handle_some_NA_values"/>
    <testcase time="0.183999999999997" classname="coxt01" name="coxt01_can_handle_some_NA_values">
      <skipped message="Reason: On CRAN ('test-coxt01.R:6:3')"/>
    </testcase>
    <testcase time="0.0240000000000009" classname="coxt01" name="coxt01_fails_on_incomlete_data"/>
  </testsuite>
  <testsuite name="coxt02" timestamp="2025-02-19T16:31:44Z" hostname="6d166c87763d" tests="3" skipped="1" failures="0" errors="0" time="0.686">
    <testcase time="0.438000000000002" classname="coxt02" name="coxt02_can_handle_some_NA_values"/>
    <testcase time="0.222999999999999" classname="coxt02" name="coxt02_can_handle_some_NA_values">
      <skipped message="Reason: On CRAN ('test-coxt02.R:5:3')"/>
    </testcase>
    <testcase time="0.0249999999999986" classname="coxt02" name="coxt02_fails_on_incomlete_data"/>
  </testsuite>
  <testsuite name="default_tlg" timestamp="2025-02-19T16:31:45Z" hostname="6d166c87763d" tests="15" skipped="15" failures="0" errors="0" time="11.709">
    <testcase time="0.149000000000001" classname="default_tlg" name="ael01_nollt_function_with_default_argument_value_return_expected_result_with_test_data">
      <skipped message="Reason: On CRAN ('test-default_tlg.R:5:3')"/>
    </testcase>
    <testcase time="0.560000000000002" classname="default_tlg" name="aet01_function_with_default_argument_value_return_expected_result_with_test_data">
      <skipped message="Reason: On CRAN ('test-default_tlg.R:12:3')"/>
    </testcase>
    <testcase time="0.512" classname="default_tlg" name="aet01_aesi_function_with_default_argument_value_return_expected_result_with_test_data">
      <skipped message="Reason: On CRAN ('test-default_tlg.R:19:3')"/>
    </testcase>
    <testcase time="1.027" classname="default_tlg" name="aet02_functions_with_default_argument_value_return_expected_result_with_test_data">
      <skipped message="Reason: On CRAN ('test-default_tlg.R:26:3')"/>
    </testcase>
    <testcase time="2.18" classname="default_tlg" name="aet03_functions_with_default_argument_value_return_expected_result_with_test_data">
      <skipped message="Reason: On CRAN ('test-default_tlg.R:33:3')"/>
    </testcase>
    <testcase time="3.522" classname="default_tlg" name="aet04_functions_with_default_argument_value_return_expected_result_with_test_data">
      <skipped message="Reason: On CRAN ('test-default_tlg.R:40:3')"/>
    </testcase>
    <testcase time="0.388999999999996" classname="default_tlg" name="aet05_functions_with_default_argument_value_return_expected_result_with_test_data">
      <skipped message="Reason: On CRAN ('test-default_tlg.R:47:3')"/>
    </testcase>
    <testcase time="0.398000000000003" classname="default_tlg" name="aet05_all_functions_with_default_argument_value_return_expected_result_with_test_data">
      <skipped message="Reason: On CRAN ('test-default_tlg.R:54:3')"/>
    </testcase>
    <testcase time="0.295999999999999" classname="default_tlg" name="aet10_functions_with_default_argument_value_return_expected_result_with_test_data">
      <skipped message="Reason: On CRAN ('test-default_tlg.R:61:3')"/>
    </testcase>
    <testcase time="0.353000000000002" classname="default_tlg" name="cmt02_pt_functions_with_default_argument_value_return_expected_result_with_test_data">
      <skipped message="Reason: On CRAN ('test-default_tlg.R:68:3')"/>
    </testcase>
    <testcase time="0.454000000000001" classname="default_tlg" name="coxt01_functions_with_default_argument_value_return_expected_result_with_test_data">
      <skipped message="Reason: On CRAN ('test-default_tlg.R:78:3')"/>
    </testcase>
    <testcase time="0.617999999999995" classname="default_tlg" name="coxt02_functions_with_default_argument_value_return_expected_result_with_test_data">
      <skipped message="Reason: On CRAN ('test-default_tlg.R:86:3')"/>
    </testcase>
    <testcase time="0.578000000000003" classname="default_tlg" name="dmt01_functions_with_default_argument_value_return_expected_result_with_test_data">
      <skipped message="Reason: On CRAN ('test-default_tlg.R:93:3')"/>
    </testcase>
    <testcase time="0.415999999999997" classname="default_tlg" name="dst01_functions_with_default_argument_value_return_expected_result_with_test_data">
      <skipped message="Reason: On CRAN ('test-default_tlg.R:100:3')"/>
    </testcase>
    <testcase time="0.257000000000005" classname="default_tlg" name="dtht01_functions_with_default_argument_value_return_expected_result_with_test_data">
      <skipped message="Reason: On CRAN ('test-default_tlg.R:107:3')"/>
    </testcase>
  </testsuite>
  <testsuite name="dmt01" timestamp="2025-02-19T16:31:57Z" hostname="6d166c87763d" tests="19" skipped="9" failures="0" errors="0" time="4.23">
    <testcase time="0.214999999999996" classname="dmt01" name="dmt01_can_handle_NA_values"/>
    <testcase time="0.294000000000004" classname="dmt01" name="dmt01_can_handle_NA_values">
      <skipped message="Reason: On CRAN ('test-dmt01.R:8:3')"/>
    </testcase>
    <testcase time="0.219000000000001" classname="dmt01" name="dmt01_can_handle_numeric_NA_values"/>
    <testcase time="0.369999999999997" classname="dmt01" name="dmt01_can_handle_numeric_NA_values">
      <skipped message="Reason: On CRAN ('test-dmt01.R:16:3')"/>
    </testcase>
    <testcase time="0.0259999999999962" classname="dmt01" name="dmt01_returns_an_error_when_variables_are_of_the_wrong_type"/>
    <testcase time="0.155000000000001" classname="dmt01" name="dmt01_works_as_expected_with_setting_default_precision"/>
    <testcase time="0.295999999999999" classname="dmt01" name="dmt01_works_as_expected_with_setting_default_precision">
      <skipped message="Reason: On CRAN ('test-dmt01.R:37:3')"/>
    </testcase>
    <testcase time="0.169000000000004" classname="dmt01" name="dmt01_works_as_expected_with_auto_precision_settings"/>
    <testcase time="0.356000000000002" classname="dmt01" name="dmt01_works_as_expected_with_auto_precision_settings">
      <skipped message="Reason: On CRAN ('test-dmt01.R:43:3')"/>
    </testcase>
    <testcase time="0.174999999999997" classname="dmt01" name="dmt01_works_as_expected_with_auto_precision_settings_and_defined_precision"/>
    <testcase time="0.331000000000003" classname="dmt01" name="dmt01_works_as_expected_with_auto_precision_settings_and_defined_precision">
      <skipped message="Reason: On CRAN ('test-dmt01.R:49:3')"/>
    </testcase>
    <testcase time="0.162999999999997" classname="dmt01" name="dmt01_works_as_expected_with_auto_precision_settings_and_defined_precision_and_default"/>
    <testcase time="0.304000000000002" classname="dmt01" name="dmt01_works_as_expected_with_auto_precision_settings_and_defined_precision_and_default">
      <skipped message="Reason: On CRAN ('test-dmt01.R:57:3')"/>
    </testcase>
    <testcase time="0.152000000000001" classname="dmt01" name="dmt01_works_as_expected_with_cutomized_stats_value"/>
    <testcase time="0.260999999999996" classname="dmt01" name="dmt01_works_as_expected_with_cutomized_stats_value">
      <skipped message="Reason: On CRAN ('test-dmt01.R:71:3')"/>
    </testcase>
    <testcase time="0.166000000000004" classname="dmt01" name="dmt01_works_as_expected_with_empty_list_as_stats_value"/>
    <testcase time="0.305" classname="dmt01" name="dmt01_works_as_expected_with_empty_list_as_stats_value">
      <skipped message="Reason: On CRAN ('test-dmt01.R:85:3')"/>
    </testcase>
    <testcase time="0.0989999999999966" classname="dmt01" name="dmt01_works_as_expected_with_only_one_summaryvars"/>
    <testcase time="0.173999999999999" classname="dmt01" name="dmt01_works_as_expected_with_only_one_summaryvars">
      <skipped message="Reason: On CRAN ('test-dmt01.R:97:3')"/>
    </testcase>
  </testsuite>
  <testsuite name="dst01" timestamp="2025-02-19T16:32:01Z" hostname="6d166c87763d" tests="14" skipped="7" failures="0" errors="0" time="2.497">
    <testcase time="0.150000000000006" classname="dst01" name="dst01_works_as_expected_when_all_data_are_NA"/>
    <testcase time="0.0570000000000022" classname="dst01" name="dst01_works_as_expected_when_all_data_are_NA">
      <skipped message="Reason: On CRAN ('test-dst01.R:11:3')"/>
    </testcase>
    <testcase time="0.125999999999991" classname="dst01" name="dst01_can_handle_all_NA_values_in_DCSREAS"/>
    <testcase time="0.131" classname="dst01" name="dst01_can_handle_all_NA_values_in_DCSREAS">
      <skipped message="Reason: On CRAN ('test-dst01.R:23:3')"/>
    </testcase>
    <testcase time="0.177999999999997" classname="dst01" name="dst01_can_handle_some_NA_values"/>
    <testcase time="0.211000000000013" classname="dst01" name="dst01_can_handle_some_NA_values">
      <skipped message="Reason: On CRAN ('test-dst01.R:31:3')"/>
    </testcase>
    <testcase time="0.146999999999991" classname="dst01" name="dst01_can_handle_missing_levels_in_status_var"/>
    <testcase time="0.0570000000000022" classname="dst01" name="dst01_can_handle_missing_levels_in_status_var">
      <skipped message="Reason: On CRAN ('test-dst01.R:42:3')"/>
    </testcase>
    <testcase time="0.200999999999993" classname="dst01" name="dst01_can_create_variants"/>
    <testcase time="0.220000000000013" classname="dst01" name="dst01_can_create_variants">
      <skipped message="Reason: On CRAN ('test-dst01.R:48:3')"/>
    </testcase>
    <testcase time="0.236999999999995" classname="dst01" name="dst01_can_create_variants"/>
    <testcase time="0.236000000000004" classname="dst01" name="dst01_can_create_variants">
      <skipped message="Reason: On CRAN ('test-dst01.R:54:3')"/>
    </testcase>
    <testcase time="0.271000000000001" classname="dst01" name="dst01_can_create_variants"/>
    <testcase time="0.274999999999991" classname="dst01" name="dst01_can_create_variants">
      <skipped message="Reason: On CRAN ('test-dst01.R:62:3')"/>
    </testcase>
  </testsuite>
  <testsuite name="dtht01" timestamp="2025-02-19T16:32:03Z" hostname="6d166c87763d" tests="5" skipped="3" failures="0" errors="0" time="1.451">
    <testcase time="0.117999999999995" classname="dtht01" name="dtht01_can_handle_all_NA_values"/>
    <testcase time="0.161000000000001" classname="dtht01" name="dtht01_can_handle_all_NA_values">
      <skipped message="Reason: On CRAN ('test-dtht01.R:12:3')"/>
    </testcase>
    <testcase time="0.248000000000005" classname="dtht01" name="dtht01_can_handle_some_NA_values"/>
    <testcase time="0.334999999999994" classname="dtht01" name="dtht01_can_handle_some_NA_values">
      <skipped message="Reason: On CRAN ('test-dtht01.R:20:3')"/>
    </testcase>
    <testcase time="0.589000000000013" classname="dtht01" name="dtht01_can_be_parametrize_as_expected">
      <skipped message="Reason: On CRAN ('test-dtht01.R:32:3')"/>
    </testcase>
  </testsuite>
  <testsuite name="egt01" timestamp="2025-02-19T16:32:05Z" hostname="6d166c87763d" tests="3" skipped="2" failures="0" errors="0" time="6.913">
    <testcase time="3.437" classname="egt01" name="egt01_functions_with_default_argument_value_return_expected_result_with_test_data">
      <skipped message="Reason: On CRAN ('test-egt01.R:7:3')"/>
    </testcase>
    <testcase time="1.31399999999999" classname="egt01" name="egt01_can_handle_n_0_and_outputs_NE_instead_of_infs_and_NAs"/>
    <testcase time="2.16200000000001" classname="egt01" name="egt01_can_handle_n_0_and_outputs_NE_instead_of_infs_and_NAs">
      <skipped message="Reason: On CRAN ('test-egt01.R:21:3')"/>
    </testcase>
  </testsuite>
  <testsuite name="egt02" timestamp="2025-02-19T16:32:12Z" hostname="6d166c87763d" tests="2" skipped="2" failures="0" errors="0" time="0.689">
    <testcase time="0.358000000000004" classname="egt02" name="egt02_1_functions_with_default_argument_value_return_expected_result_with_test_data">
      <skipped message="Reason: On CRAN ('test-egt02.R:7:3')"/>
    </testcase>
    <testcase time="0.330999999999989" classname="egt02" name="egt02_2_functions_with_default_value_return_expected_result_with_test_data">
      <skipped message="Reason: On CRAN ('test-egt02.R:15:3')"/>
    </testcase>
  </testsuite>
  <testsuite name="egt03" timestamp="2025-02-19T16:32:12Z" hostname="6d166c87763d" tests="5" skipped="2" failures="0" errors="0" time="3.293">
    <testcase time="1.76000000000001" classname="egt03" name="egt03_functions_with_default_argument_value_return_expected_result_with_test_data">
      <skipped message="Reason: On CRAN ('test-egt03.R:7:3')"/>
    </testcase>
    <testcase time="0.0250000000000057" classname="egt03" name="egt03_errors_on_all_NA_values"/>
    <testcase time="0.49199999999999" classname="egt03" name="egt03_can_handle_some_NA_values"/>
    <testcase time="0.992000000000004" classname="egt03" name="egt03_can_handle_some_NA_values">
      <skipped message="Reason: On CRAN ('test-egt03.R:30:3')"/>
    </testcase>
    <testcase time="0.0240000000000009" classname="egt03" name="egt03_fails_on_incomplete_data"/>
  </testsuite>
  <testsuite name="egt05_qtcat" timestamp="2025-02-19T16:32:16Z" hostname="6d166c87763d" tests="4" skipped="2" failures="0" errors="0" time="3.283">
    <testcase time="2.114" classname="egt05_qtcat" name="egt05_qtcat_functions_with_default_argument_value_return_expected_result_with_test_data">
      <skipped message="Reason: On CRAN ('test-egt05_qtcat.R:7:3')"/>
    </testcase>
    <testcase time="0.0259999999999962" classname="egt05_qtcat" name="egt05_qtcat_erros_on_all_NA_values"/>
    <testcase time="0.390999999999991" classname="egt05_qtcat" name="egt05_qtcat_can_handle_some_NA_values"/>
    <testcase time="0.75200000000001" classname="egt05_qtcat" name="egt05_qtcat_can_handle_some_NA_values">
      <skipped message="Reason: On CRAN ('test-egt05_qtcat.R:30:3')"/>
    </testcase>
  </testsuite>
  <testsuite name="empty_report" timestamp="2025-02-19T16:32:19Z" hostname="6d166c87763d" tests="25" skipped="0" failures="0" errors="0" time="2.798">
    <testcase time="0.108999999999995" classname="empty_report" name="tlg_functions_return_null_reports_when_domain_table_is_empty"/>
    <testcase time="0.266999999999996" classname="empty_report" name="tlg_functions_return_null_reports_when_domain_table_is_empty"/>
    <testcase time="0.194000000000003" classname="empty_report" name="tlg_functions_return_null_reports_when_domain_table_is_empty"/>
    <testcase time="0.113" classname="empty_report" name="tlg_functions_return_null_reports_when_domain_table_is_empty"/>
    <testcase time="0.102000000000004" classname="empty_report" name="tlg_functions_return_null_reports_when_domain_table_is_empty"/>
    <testcase time="0.0750000000000028" classname="empty_report" name="tlg_functions_return_null_reports_when_domain_table_is_empty"/>
    <testcase time="0.0960000000000036" classname="empty_report" name="tlg_functions_return_null_reports_when_domain_table_is_empty"/>
    <testcase time="0.152000000000001" classname="empty_report" name="tlg_functions_return_null_reports_when_domain_table_is_empty"/>
    <testcase time="0.172999999999988" classname="empty_report" name="tlg_functions_return_null_reports_when_domain_table_is_empty"/>
    <testcase time="0.0889999999999986" classname="empty_report" name="tlg_functions_return_null_reports_when_domain_table_is_empty"/>
    <testcase time="0.0980000000000132" classname="empty_report" name="tlg_functions_return_null_reports_when_domain_table_is_empty"/>
    <testcase time="0.0589999999999975" classname="empty_report" name="tlg_functions_return_null_reports_when_domain_table_is_empty"/>
    <testcase time="0.0510000000000019" classname="empty_report" name="tlg_functions_return_null_reports_when_domain_table_is_empty"/>
    <testcase time="0.0769999999999982" classname="empty_report" name="tlg_functions_return_null_reports_when_domain_table_is_empty"/>
    <testcase time="0.0699999999999932" classname="empty_report" name="tlg_functions_return_null_reports_when_domain_table_is_empty"/>
    <testcase time="0.0859999999999985" classname="empty_report" name="tlg_functions_return_null_reports_when_domain_table_is_empty"/>
    <testcase time="0.0820000000000078" classname="empty_report" name="tlg_functions_return_null_reports_when_domain_table_is_empty"/>
    <testcase time="0.108999999999995" classname="empty_report" name="tlg_functions_return_null_reports_when_domain_table_is_empty"/>
    <testcase time="0.320000000000007" classname="empty_report" name="tlg_functions_return_null_reports_when_domain_table_is_empty"/>
    <testcase time="0.0929999999999893" classname="empty_report" name="tlg_functions_return_null_reports_when_domain_table_is_empty"/>
    <testcase time="0.100000000000009" classname="empty_report" name="tlg_functions_return_null_reports_when_domain_table_is_empty"/>
    <testcase time="0.0649999999999977" classname="empty_report" name="tlg_functions_return_null_reports_when_domain_table_is_empty"/>
    <testcase time="0.105999999999995" classname="empty_report" name="tlg_functions_return_null_reports_when_domain_table_is_empty"/>
    <testcase time="0.0510000000000019" classname="empty_report" name="tlg_functions_return_null_reports_when_domain_table_is_empty"/>
    <testcase time="0.061000000000007" classname="empty_report" name="tlg_functions_return_null_reports_when_domain_table_is_empty"/>
  </testsuite>
  <testsuite name="ext01" timestamp="2025-02-19T16:32:22Z" hostname="6d166c87763d" tests="8" skipped="7" failures="0" errors="0" time="4.786">
    <testcase time="0.503999999999991" classname="ext01" name="ext01_functions_with_default_argument_value_return_expected_result_with_test_data">
      <skipped message="Reason: On CRAN ('test-ext01.R:7:3')"/>
    </testcase>
    <testcase time="0.578000000000003" classname="ext01" name="ext01_functions_with_categorical_data_return_expected_result_with_test_data">
      <skipped message="Reason: On CRAN ('test-ext01.R:16:3')"/>
    </testcase>
    <testcase time="0.201999999999998" classname="ext01" name="ext01_works"/>
    <testcase time="0.314000000000007" classname="ext01" name="ext01_works">
      <skipped message="Reason: On CRAN ('test-ext01.R:25:3')"/>
    </testcase>
    <testcase time="0.572000000000003" classname="ext01" name="ext01_works_for_selected_parameters_and_categorical_variables">
      <skipped message="Reason: On CRAN ('test-ext01.R:39:3')"/>
    </testcase>
    <testcase time="0.85799999999999" classname="ext01" name="ext01_works_with_custom_mapping_order">
      <skipped message="Reason: On CRAN ('test-ext01.R:51:3')"/>
    </testcase>
    <testcase time="0.850999999999999" classname="ext01" name="ext01_works_with_custom_mapping_order_for_a_single_split">
      <skipped message="Reason: On CRAN ('test-ext01.R:61:3')"/>
    </testcase>
    <testcase time="0.907000000000011" classname="ext01" name="ext01_works_with_custom_mapping_fill_in_value">
      <skipped message="Reason: On CRAN ('test-ext01.R:73:3')"/>
    </testcase>
  </testsuite>
  <testsuite name="fstg01" timestamp="2025-02-19T16:32:27Z" hostname="6d166c87763d" tests="13" skipped="0" failures="0" errors="0" time="7.084">
    <testcase time="0.0210000000000008" classname="fstg01" name="fstg01_works_as_expected"/>
    <testcase time="1.345" classname="fstg01" name="fstg01_works_as_expected"/>
    <testcase time="0.00300000000000011" classname="fstg01" name="fstg01_works_as_expected"/>
    <testcase time="1.339" classname="fstg01" name="fstg01_works_as_expected_with_custom_color_set"/>
    <testcase time="0.00300000000000011" classname="fstg01" name="fstg01_works_as_expected_with_custom_color_set"/>
    <testcase time="1.32799999999999" classname="fstg01" name="fstg01_works_as_expected_with_custom_color_set"/>
    <testcase time="0.00300000000000011" classname="fstg01" name="fstg01_works_as_expected_with_custom_color_set"/>
    <testcase time="0.686000000000007" classname="fstg01" name="fstg01_works_if_changes_are_in_subgroups_conf_level_and_label_all"/>
    <testcase time="0.00400000000000489" classname="fstg01" name="fstg01_works_if_changes_are_in_subgroups_conf_level_and_label_all"/>
    <testcase time="0.920000000000002" classname="fstg01" name="fstg01_works_if_changes_are_in_subgroups_conf_level_and_label_all"/>
    <testcase time="0.00300000000000011" classname="fstg01" name="fstg01_works_if_changes_are_in_subgroups_conf_level_and_label_all"/>
    <testcase time="1.42599999999999" classname="fstg01" name="fstg01_can_handle_some_NA_values_in_subgroups"/>
    <testcase time="0.00300000000000011" classname="fstg01" name="fstg01_can_handle_some_NA_values_in_subgroups"/>
  </testsuite>
  <testsuite name="fstg02" timestamp="2025-02-19T16:32:34Z" hostname="6d166c87763d" tests="9" skipped="0" failures="0" errors="0" time="8.682">
    <testcase time="0.0180000000000007" classname="fstg02" name="fstg02_works_as_expected"/>
    <testcase time="1.167" classname="fstg02" name="fstg02_works_as_expected"/>
    <testcase time="1.196" classname="fstg02" name="fstg02_works_as_expected_with_custom_color_set"/>
    <testcase time="1.197" classname="fstg02" name="fstg02_works_as_expected_with_custom_color_set"/>
    <testcase time="0.570999999999998" classname="fstg02" name="fstg02_works_if_changes_are_in_subgroups_strata_var_conf_level_and_label_all"/>
    <testcase time="0.822000000000003" classname="fstg02" name="fstg02_works_if_changes_are_in_subgroups_strata_var_conf_level_and_label_all"/>
    <testcase time="1.224" classname="fstg02" name="fstg02_can_handle_some_NA_values_in_subgroups"/>
    <testcase time="1.226" classname="fstg02" name="fstg02_can_handle_customized_time_units"/>
    <testcase time="1.261" classname="fstg02" name="fstg02_can_handle_customized_time_units"/>
  </testsuite>
  <testsuite name="kmg01" timestamp="2025-02-19T16:32:42Z" hostname="6d166c87763d" tests="13" skipped="0" failures="0" errors="0" time="2.278">
    <testcase time="0.0170000000000101" classname="kmg01" name="kmg01_works_as_expected"/>
    <testcase time="0.378" classname="kmg01" name="kmg01_works_as_expected"/>
    <testcase time="0.00300000000000011" classname="kmg01" name="kmg01_works_as_expected"/>
    <testcase time="0.394999999999996" classname="kmg01" name="kmg01_works_as_expected_with_custom_color_set"/>
    <testcase time="0.00300000000000011" classname="kmg01" name="kmg01_works_as_expected_with_custom_color_set"/>
    <testcase time="0.385999999999996" classname="kmg01" name="kmg01_works_as_expected_with_custom_color_set"/>
    <testcase time="0.00400000000000489" classname="kmg01" name="kmg01_works_as_expected_with_custom_color_set"/>
    <testcase time="0.385999999999996" classname="kmg01" name="kmg01_works_if_change_pvalue_ties_and_conf_level"/>
    <testcase time="0.00300000000000011" classname="kmg01" name="kmg01_works_if_change_pvalue_ties_and_conf_level"/>
    <testcase time="0.412000000000006" classname="kmg01" name="kmg01_works_if_change_annotation_position"/>
    <testcase time="0.00300000000000011" classname="kmg01" name="kmg01_works_if_change_annotation_position"/>
    <testcase time="0.284999999999997" classname="kmg01" name="kmg01_works_for_stratified_analysis"/>
    <testcase time="0.00300000000000011" classname="kmg01" name="kmg01_works_for_stratified_analysis"/>
  </testsuite>
  <testsuite name="lbt01" timestamp="2025-02-19T16:32:45Z" hostname="6d166c87763d" tests="4" skipped="3" failures="0" errors="0" time="9.945">
    <testcase time="3.373" classname="lbt01" name="lbt01_functions_with_default_argument_value_return_expected_result_with_test_data">
      <skipped message="Reason: On CRAN ('test-lbt01.R:11:3')"/>
    </testcase>
    <testcase time="3.59999999999999" classname="lbt01" name="lbt01_functions_with_row_split_var_return_expected_result_with_test_data">
      <skipped message="Reason: On CRAN ('test-lbt01.R:21:3')"/>
    </testcase>
    <testcase time="0.960999999999999" classname="lbt01" name="lbt01_can_handle_n_0_and_outputs_NE_instead_of_infs_and_NAs"/>
    <testcase time="2.011" classname="lbt01" name="lbt01_can_handle_n_0_and_outputs_NE_instead_of_infs_and_NAs">
      <skipped message="Reason: On CRAN ('test-lbt01.R:35:3')"/>
    </testcase>
  </testsuite>
  <testsuite name="lbt04" timestamp="2025-02-19T16:32:55Z" hostname="6d166c87763d" tests="8" skipped="4" failures="0" errors="0" time="2.983">
    <testcase time="0.933000000000007" classname="lbt04" name="lbt04_functions_with_default_argument_value_return_expected_result_with_test_data">
      <skipped message="Reason: On CRAN ('test-lbt04.R:7:3')"/>
    </testcase>
    <testcase time="0.0900000000000034" classname="lbt04" name="lbt04_can_handle_all_NA_values"/>
    <testcase time="0.0629999999999882" classname="lbt04" name="lbt04_can_handle_all_NA_values">
      <skipped message="Reason: On CRAN ('test-lbt04.R:21:3')"/>
    </testcase>
    <testcase time="0.308000000000007" classname="lbt04" name="lbt04_can_handle_missing_levels"/>
    <testcase time="0.620000000000005" classname="lbt04" name="lbt04_can_handle_missing_levels">
      <skipped message="Reason: On CRAN ('test-lbt04.R:33:3')"/>
    </testcase>
    <testcase time="0.311999999999998" classname="lbt04" name="lbt04_can_handle_some_NA_values"/>
    <testcase time="0.631" classname="lbt04" name="lbt04_can_handle_some_NA_values">
      <skipped message="Reason: On CRAN ('test-lbt04.R:42:3')"/>
    </testcase>
    <testcase time="0.0259999999999962" classname="lbt04" name="lbt04_fails_on_incomlete_data"/>
  </testsuite>
  <testsuite name="lbt05" timestamp="2025-02-19T16:32:58Z" hostname="6d166c87763d" tests="7" skipped="3" failures="0" errors="0" time="2.42">
    <testcase time="0.685000000000002" classname="lbt05" name="lbt05_functions_with_default_argument_value_return_expected_result_with_test_data">
      <skipped message="Reason: On CRAN ('test-lbt05.R:7:3')"/>
    </testcase>
    <testcase time="0.319000000000003" classname="lbt05" name="lbt05_give_all_0_count_if_ANRIND_are_all_missing"/>
    <testcase time="0.301000000000002" classname="lbt05" name="lbt05_can_handle_some_NA_values"/>
    <testcase time="0.381" classname="lbt05" name="lbt05_can_handle_some_NA_values">
      <skipped message="Reason: On CRAN ('test-lbt05.R:38:3')"/>
    </testcase>
    <testcase time="0.0419999999999874" classname="lbt05" name="lbt05_fails_on_incomlete_data"/>
    <testcase time="0.301000000000002" classname="lbt05" name="lbt05_works_with_missing_levels"/>
    <testcase time="0.391000000000005" classname="lbt05" name="lbt05_works_with_missing_levels">
      <skipped message="Reason: On CRAN ('test-lbt05.R:55:3')"/>
    </testcase>
  </testsuite>
  <testsuite name="lbt06" timestamp="2025-02-19T16:33:00Z" hostname="6d166c87763d" tests="3" skipped="1" failures="0" errors="0" time="3.827">
    <testcase time="1.011" classname="lbt06" name="lbt06_gives_all_0_count_if_ANRIND_and_BNRIND_are_all_missing"/>
    <testcase time="2.77200000000001" classname="lbt06" name="lbt06_can_handle_some_NA_values">
      <skipped message="Reason: On CRAN ('test-lbt06.R:21:3')"/>
    </testcase>
    <testcase time="0.0439999999999969" classname="lbt06" name="lbt06_fails_on_incomplete_data"/>
  </testsuite>
  <testsuite name="lbt07" timestamp="2025-02-19T16:33:04Z" hostname="6d166c87763d" tests="4" skipped="2" failures="0" errors="0" time="1.72">
    <testcase time="0.838999999999999" classname="lbt07" name="lbt07_functions_with_default_argument_value_return_expected_result_with_test_data">
      <skipped message="Reason: On CRAN ('test-lbt07.R:7:3')"/>
    </testcase>
    <testcase time="0.39800000000001" classname="lbt07" name="lbt07_can_handle_some_NA_values"/>
    <testcase time="0.418999999999983" classname="lbt07" name="lbt07_can_handle_some_NA_values">
      <skipped message="Reason: On CRAN ('test-lbt07.R:23:3')"/>
    </testcase>
    <testcase time="0.0640000000000214" classname="lbt07" name="lbt07_fails_on_incomlete_data"/>
  </testsuite>
  <testsuite name="lbt14" timestamp="2025-02-19T16:33:05Z" hostname="6d166c87763d" tests="16" skipped="10" failures="0" errors="0" time="7.296">
    <testcase time="0.665999999999997" classname="lbt14" name="lbt14_functions_with_default_argument_value_return_expected_result_with_test_data">
      <skipped message="Reason: On CRAN ('test-lbt14.R:11:3')"/>
    </testcase>
    <testcase time="0.519999999999982" classname="lbt14" name="lbt14_functions_with_default_argument_value_return_expected_result_with_test_data_when_direction_high">
      <skipped message="Reason: On CRAN ('test-lbt14.R:19:3')"/>
    </testcase>
    <testcase time="0.613" classname="lbt14" name="lbt14_functions_with_gr_missing_excl_return_expected_result_with_test_data">
      <skipped message="Reason: On CRAN ('test-lbt14.R:27:3')"/>
    </testcase>
    <testcase time="0.614000000000004" classname="lbt14" name="lbt14_functions_with_gr_missing_gr_0_return_expected_result_with_test_data">
      <skipped message="Reason: On CRAN ('test-lbt14.R:35:3')"/>
    </testcase>
    <testcase time="0.405000000000001" classname="lbt14" name="lbt14_can_handle_all_NA_values"/>
    <testcase time="0.131" classname="lbt14" name="lbt14_can_handle_all_NA_values">
      <skipped message="Reason: On CRAN ('test-lbt14.R:49:3')"/>
    </testcase>
    <testcase time="0.655000000000001" classname="lbt14" name="lbt14_can_handle_some_NA_values"/>
    <testcase time="0.287000000000006" classname="lbt14" name="lbt14_can_handle_some_NA_values">
      <skipped message="Reason: On CRAN ('test-lbt14.R:69:3')"/>
    </testcase>
    <testcase time="1.27099999999999" classname="lbt14" name="lbt14_can_accept_different_gr_missing">
      <skipped message="Reason: On CRAN ('test-lbt14.R:77:3')"/>
    </testcase>
    <testcase time="0.0320000000000107" classname="lbt14" name="lbt14_fails_on_incomlete_data"/>
    <testcase time="0.353000000000009" classname="lbt14" name="lbt14_can_handle_all_NA_values_with_direction_high"/>
    <testcase time="0.119" classname="lbt14" name="lbt14_can_handle_all_NA_values_with_direction_high">
      <skipped message="Reason: On CRAN ('test-lbt14.R:104:3')"/>
    </testcase>
    <testcase time="0.37299999999999" classname="lbt14" name="lbt14_can_handle_some_NA_values_with_direction_high"/>
    <testcase time="0.153999999999996" classname="lbt14" name="lbt14_can_handle_some_NA_values_with_direction_high">
      <skipped message="Reason: On CRAN ('test-lbt14.R:124:3')"/>
    </testcase>
    <testcase time="1.07599999999999" classname="lbt14" name="lbt14_can_accept_different_gr_missing_with_direction_high">
      <skipped message="Reason: On CRAN ('test-lbt14.R:133:3')"/>
    </testcase>
    <testcase time="0.0270000000000152" classname="lbt14" name="lbt14_fails_on_incomlete_data"/>
  </testsuite>
  <testsuite name="lbt15" timestamp="2025-02-19T16:33:13Z" hostname="6d166c87763d" tests="12" skipped="6" failures="0" errors="0" time="5.779">
    <testcase time="0.932999999999993" classname="lbt15" name="lbt15_functions_with_default_argument_value_return_expected_result_with_test_data">
      <skipped message="Reason: On CRAN ('test-lbt15.R:7:3')"/>
    </testcase>
    <testcase time="0.320999999999998" classname="lbt15" name="lbt15_can_handle_all_NA_values"/>
    <testcase time="0.623999999999995" classname="lbt15" name="lbt15_can_handle_all_NA_values">
      <skipped message="Reason: On CRAN ('test-lbt15.R:21:3')"/>
    </testcase>
    <testcase time="0.320999999999998" classname="lbt15" name="lbt15_can_handle_missing_levels"/>
    <testcase time="0.642000000000024" classname="lbt15" name="lbt15_can_handle_missing_levels">
      <skipped message="Reason: On CRAN ('test-lbt15.R:33:3')"/>
    </testcase>
    <testcase time="0.329999999999984" classname="lbt15" name="lbt15_can_handle_missing_levels_in_baseline"/>
    <testcase time="0.643000000000001" classname="lbt15" name="lbt15_can_handle_missing_levels_in_baseline">
      <skipped message="Reason: On CRAN ('test-lbt15.R:45:3')"/>
    </testcase>
    <testcase time="0.325999999999993" classname="lbt15" name="lbt15_can_handle_some_NA_values"/>
    <testcase time="0.635999999999996" classname="lbt15" name="lbt15_can_handle_some_NA_values">
      <skipped message="Reason: On CRAN ('test-lbt15.R:54:3')"/>
    </testcase>
    <testcase time="0.330000000000013" classname="lbt15" name="lbt15_can_handle_some_NA_values_in_baseline"/>
    <testcase time="0.647999999999996" classname="lbt15" name="lbt15_can_handle_some_NA_values_in_baseline">
      <skipped message="Reason: On CRAN ('test-lbt15.R:63:3')"/>
    </testcase>
    <testcase time="0.0250000000000057" classname="lbt15" name="lbt15_fails_on_incomlete_data"/>
  </testsuite>
  <testsuite name="mht01" timestamp="2025-02-19T16:33:19Z" hostname="6d166c87763d" tests="4" skipped="4" failures="0" errors="0" time="3.216">
    <testcase time="0.652999999999992" classname="mht01" name="mht01_functions_with_default_argument_value_return_expected_result_with_test_data">
      <skipped message="Reason: On CRAN ('test-mht01.R:7:3')"/>
    </testcase>
    <testcase time="0.668000000000006" classname="mht01" name="mht01_works">
      <skipped message="Reason: On CRAN ('test-mht01.R:16:3')"/>
    </testcase>
    <testcase time="0.657000000000011" classname="mht01" name="mht01_works_on_NULL_in_lbl_mhbodsys_or_lbl_mhdecod">
      <skipped message="Reason: On CRAN ('test-mht01.R:23:3')"/>
    </testcase>
    <testcase time="1.238" classname="mht01" name="mht01_works_with_other_row_split_var">
      <skipped message="Reason: On CRAN ('test-mht01.R:30:3')"/>
    </testcase>
  </testsuite>
  <testsuite name="mng01" timestamp="2025-02-19T16:33:22Z" hostname="6d166c87763d" tests="19" skipped="8" failures="0" errors="0" time="8.998">
    <testcase time="0.966999999999985" classname="mng01" name="mng01_works_as_expected_with_default_argument_values"/>
    <testcase time="0.00200000000000955" classname="mng01" name="mng01_works_as_expected_with_default_argument_values">
      <skipped message="Reason: On CI ('test-mng01.R:9:5')"/>
    </testcase>
    <testcase time="0.974999999999994" classname="mng01" name="mng01_works_as_expected_with_custom_argument_values"/>
    <testcase time="0.0120000000000005" classname="mng01" name="mng01_works_as_expected_with_custom_argument_values"/>
    <testcase time="0.00100000000000477" classname="mng01" name="mng01_works_as_expected_with_custom_argument_values">
      <skipped message="Reason: On CI ('test-mng01.R:45:5')"/>
    </testcase>
    <testcase time="0.990999999999985" classname="mng01" name="mng01_works_as_expected_with_custom_color_set"/>
    <testcase time="0.991000000000014" classname="mng01" name="mng01_works_as_expected_with_custom_color_set"/>
    <testcase time="0.00100000000000477" classname="mng01" name="mng01_works_as_expected_with_custom_color_set">
      <skipped message="Reason: On CI ('test-mng01.R:69:5')"/>
    </testcase>
    <testcase time="1.01399999999998" classname="mng01" name="mng01_works_as_expected_with_custom_line_type_set"/>
    <testcase time="0.990000000000009" classname="mng01" name="mng01_works_as_expected_with_custom_line_type_set"/>
    <testcase time="0.00100000000000477" classname="mng01" name="mng01_works_as_expected_with_custom_line_type_set">
      <skipped message="Reason: On CI ('test-mng01.R:91:5')"/>
    </testcase>
    <testcase time="0.167000000000002" classname="mng01" name="mng01_works_with_table_NULL"/>
    <testcase time="0.00100000000000477" classname="mng01" name="mng01_works_with_table_NULL">
      <skipped message="Reason: On CI ('test-mng01.R:104:5')"/>
    </testcase>
    <testcase time="1.14099999999999" classname="mng01" name="mng01_works_with_combination_of_x_variables"/>
    <testcase time="0.00100000000000477" classname="mng01" name="mng01_works_with_combination_of_x_variables">
      <skipped message="Reason: On CI ('test-mng01.R:122:5')"/>
    </testcase>
    <testcase time="0.847000000000008" classname="mng01" name="mng01_works_with_numeric_x_variable"/>
    <testcase time="0.00199999999998113" classname="mng01" name="mng01_works_with_numeric_x_variable">
      <skipped message="Reason: On CI ('test-mng01.R:143:5')"/>
    </testcase>
    <testcase time="0.893000000000001" classname="mng01" name="mng01_works_with_numeric_jitter"/>
    <testcase time="0.00100000000000477" classname="mng01" name="mng01_works_with_numeric_jitter">
      <skipped message="Reason: On CI ('test-mng01.R:161:5')"/>
    </testcase>
  </testsuite>
  <testsuite name="pdt01" timestamp="2025-02-19T16:33:31Z" hostname="6d166c87763d" tests="5" skipped="3" failures="0" errors="0" time="1.123">
    <testcase time="0.414999999999992" classname="pdt01" name="pdt01_function_with_default_argument_value_return_expected_result_with_test_data">
      <skipped message="Reason: On CRAN ('test-pdt01.R:7:3')"/>
    </testcase>
    <testcase time="0.113" classname="pdt01" name="pdt01_can_handle_all_NA_values"/>
    <testcase time="0.135000000000019" classname="pdt01" name="pdt01_can_handle_all_NA_values">
      <skipped message="Reason: On CRAN ('test-pdt01.R:22:3')"/>
    </testcase>
    <testcase time="0.22399999999999" classname="pdt01" name="pdt01_can_handle_some_NA_values"/>
    <testcase time="0.23599999999999" classname="pdt01" name="pdt01_can_handle_some_NA_values">
      <skipped message="Reason: On CRAN ('test-pdt01.R:38:3')"/>
    </testcase>
  </testsuite>
  <testsuite name="pdt02" timestamp="2025-02-19T16:33:32Z" hostname="6d166c87763d" tests="5" skipped="3" failures="0" errors="0" time="0.927">
    <testcase time="0.308999999999997" classname="pdt02" name="pdt02_function_with_default_argument_value_return_expected_result_with_test_data">
      <skipped message="Reason: On CRAN ('test-pdt02.R:7:3')"/>
    </testcase>
    <testcase time="0.14100000000002" classname="pdt02" name="pdt02_can_handle_all_NA_values"/>
    <testcase time="0.164999999999992" classname="pdt02" name="pdt02_can_handle_all_NA_values">
      <skipped message="Reason: On CRAN ('test-pdt02.R:22:3')"/>
    </testcase>
    <testcase time="0.144000000000005" classname="pdt02" name="pdt02_can_handle_some_NA_values"/>
    <testcase time="0.168000000000006" classname="pdt02" name="pdt02_can_handle_some_NA_values">
      <skipped message="Reason: On CRAN ('test-pdt02.R:38:3')"/>
    </testcase>
  </testsuite>
  <testsuite name="reexports" timestamp="2025-02-19T16:33:33Z" hostname="6d166c87763d" tests="2" skipped="0" failures="0" errors="0" time="0.024">
    <testcase time="0.0180000000000007" classname="reexports" name="with_label_exported_correctly"/>
    <testcase time="0.00600000000000023" classname="reexports" name="reformat_exported_correctly"/>
  </testsuite>
  <testsuite name="report_null" timestamp="2025-02-19T16:33:33Z" hostname="6d166c87763d" tests="12" skipped="0" failures="0" errors="0" time="0.168">
    <testcase time="0.0149999999999864" classname="report_null" name="report_null_works_as_expected_with_NULL_"/>
    <testcase time="0.0109999999999957" classname="report_null" name="report_null_works_as_expected_with_NULL_"/>
    <testcase time="0.0320000000000107" classname="report_null" name="report_null_works_as_expected_with_VTableTree_"/>
    <testcase time="0.0229999999999961" classname="report_null" name="report_null_works_as_expected_with_VTableTree_"/>
    <testcase time="0.00999999999999091" classname="report_null" name="report_null_works_as_expected_with_VTableTree_"/>
    <testcase time="0.00900000000001455" classname="report_null" name="report_null_works_as_expected_with_listing_df_"/>
    <testcase time="0.0120000000000005" classname="report_null" name="report_null_works_as_expected_with_listing_df_"/>
    <testcase time="0.00999999999999091" classname="report_null" name="report_null_works_as_expected_with_listing_df_"/>
    <testcase time="0.00900000000001455" classname="report_null" name="report_null_works_as_expected_with_list_"/>
    <testcase time="0.0289999999999964" classname="report_null" name="report_null_works_as_expected_with_list_"/>
    <testcase time="0.00499999999999545" classname="report_null" name="report_null_works_as_expected_with_by_default"/>
    <testcase time="0.0029999999999859" classname="report_null" name="report_null_works_as_expected_with_by_default"/>
  </testsuite>
  <testsuite name="rmpt01" timestamp="2025-02-19T16:33:33Z" hostname="6d166c87763d" tests="7" skipped="3" failures="0" errors="0" time="0.645">
    <testcase time="0.181000000000012" classname="rmpt01" name="rmpt01_function_with_default_argument_value_return_expected_result_with_test_data">
      <skipped message="Reason: On CRAN ('test-rmpt01.R:7:3')"/>
    </testcase>
    <testcase time="0.070999999999998" classname="rmpt01" name="rmpt01_can_handle_NA_values"/>
    <testcase time="0.122000000000014" classname="rmpt01" name="rmpt01_can_handle_NA_values">
      <skipped message="Reason: On CRAN ('test-rmpt01.R:18:3')"/>
    </testcase>
    <testcase time="0.0789999999999793" classname="rmpt01" name="rmpt01_can_handle_some_NA_values"/>
    <testcase time="0.113" classname="rmpt01" name="rmpt01_can_handle_some_NA_values">
      <skipped message="Reason: On CRAN ('test-rmpt01.R:33:3')"/>
    </testcase>
    <testcase time="0.0500000000000114" classname="rmpt01" name="rmpt01_fails_on_incomlete_data"/>
    <testcase time="0.0289999999999964" classname="rmpt01" name="rmpt01_fails_on_incomlete_data"/>
  </testsuite>
  <testsuite name="rmpt03" timestamp="2025-02-19T16:33:34Z" hostname="6d166c87763d" tests="8" skipped="3" failures="0" errors="0" time="1.084">
    <testcase time="0.324000000000012" classname="rmpt03" name="rmpt03_function_with_default_argument_value_return_expected_result_with_test_data">
      <skipped message="Reason: On CRAN ('test-rmpt03.R:10:3')"/>
    </testcase>
    <testcase time="0.126999999999981" classname="rmpt03" name="rmpt03_can_handle_NA_values"/>
    <testcase time="0.201999999999998" classname="rmpt03" name="rmpt03_can_handle_NA_values">
      <skipped message="Reason: On CRAN ('test-rmpt03.R:23:3')"/>
    </testcase>
    <testcase time="0.129000000000019" classname="rmpt03" name="rmpt03_can_handle_some_NA_values"/>
    <testcase time="0.212999999999994" classname="rmpt03" name="rmpt03_can_handle_some_NA_values">
      <skipped message="Reason: On CRAN ('test-rmpt03.R:40:3')"/>
    </testcase>
    <testcase time="0.0439999999999827" classname="rmpt03" name="rmpt03_fails_on_incomlete_data"/>
    <testcase time="0.0270000000000152" classname="rmpt03" name="rmpt03_fails_on_incomlete_data"/>
    <testcase time="0.0180000000000007" classname="rmpt03" name="rmpt03_fails_on_incomlete_data"/>
  </testsuite>
  <testsuite name="rmpt04" timestamp="2025-02-19T16:33:35Z" hostname="6d166c87763d" tests="6" skipped="3" failures="0" errors="0" time="0.632">
    <testcase time="0.181999999999988" classname="rmpt04" name="rmpt04_function_with_default_argument_value_return_expected_result_with_test_data">
      <skipped message="Reason: On CRAN ('test-rmpt04.R:7:3')"/>
    </testcase>
    <testcase time="0.078000000000003" classname="rmpt04" name="rmpt04_can_handle_NA_values"/>
    <testcase time="0.110000000000014" classname="rmpt04" name="rmpt04_can_handle_NA_values">
      <skipped message="Reason: On CRAN ('test-rmpt04.R:18:3')"/>
    </testcase>
    <testcase time="0.0729999999999791" classname="rmpt04" name="rmpt04_can_handle_some_NA_values"/>
    <testcase time="0.118000000000023" classname="rmpt04" name="rmpt04_can_handle_some_NA_values">
      <skipped message="Reason: On CRAN ('test-rmpt04.R:36:3')"/>
    </testcase>
    <testcase time="0.070999999999998" classname="rmpt04" name="rmpt04_fails_on_incomlete_data"/>
  </testsuite>
  <testsuite name="rmpt05" timestamp="2025-02-19T16:33:35Z" hostname="6d166c87763d" tests="6" skipped="3" failures="0" errors="0" time="0.657">
    <testcase time="0.185999999999979" classname="rmpt05" name="rmpt05_function_with_default_argument_value_return_expected_result_with_test_data">
      <skipped message="Reason: On CRAN ('test-rmpt05.R:7:3')"/>
    </testcase>
    <testcase time="0.0820000000000221" classname="rmpt05" name="rmpt05_can_handle_NA_values"/>
    <testcase time="0.12299999999999" classname="rmpt05" name="rmpt05_can_handle_NA_values">
      <skipped message="Reason: On CRAN ('test-rmpt05.R:18:3')"/>
    </testcase>
    <testcase time="0.0730000000000075" classname="rmpt05" name="rmpt05_can_handle_some_NA_values"/>
    <testcase time="0.123999999999995" classname="rmpt05" name="rmpt05_can_handle_some_NA_values">
      <skipped message="Reason: On CRAN ('test-rmpt05.R:36:3')"/>
    </testcase>
    <testcase time="0.0689999999999884" classname="rmpt05" name="rmpt05_fails_on_incomlete_data"/>
  </testsuite>
  <testsuite name="rmpt06" timestamp="2025-02-19T16:33:36Z" hostname="6d166c87763d" tests="4" skipped="3" failures="0" errors="0" time="1.7">
    <testcase time="0.563000000000017" classname="rmpt06" name="rmpt06_works_as_expected">
      <skipped message="Reason: On CRAN ('test-rmpt06.R:8:3')"/>
    </testcase>
    <testcase time="0.60499999999999" classname="rmpt06" name="rmpt06_works_as_expected_with_show_diff_TRUE">
      <skipped message="Reason: On CRAN ('test-rmpt06.R:17:3')"/>
    </testcase>
    <testcase time="0.251000000000005" classname="rmpt06" name="rmpt06_can_handle_all_NA_values"/>
    <testcase time="0.281000000000006" classname="rmpt06" name="rmpt06_can_handle_all_NA_values">
      <skipped message="Reason: On CRAN ('test-rmpt06.R:31:3')"/>
    </testcase>
  </testsuite>
  <testsuite name="rspt01" timestamp="2025-02-19T16:33:38Z" hostname="6d166c87763d" tests="15" skipped="7" failures="0" errors="0" time="3.952">
    <testcase time="0.025999999999982" classname="rspt01" name="rspt01_works_as_expected"/>
    <testcase time="0.331000000000017" classname="rspt01" name="rspt01_works_as_expected"/>
    <testcase time="0.254999999999995" classname="rspt01" name="rspt01_works_as_expected">
      <skipped message="Reason: On CRAN ('test-rspt01.R:5:3')"/>
    </testcase>
    <testcase time="0.325999999999993" classname="rspt01" name="rspt01_works_as_expected_for_stratified_and_unstratified_analysis"/>
    <testcase time="0.283000000000015" classname="rspt01" name="rspt01_works_as_expected_for_stratified_and_unstratified_analysis">
      <skipped message="Reason: On CRAN ('test-rspt01.R:18:3')"/>
    </testcase>
    <testcase time="0.289999999999992" classname="rspt01" name="rspt01_works_as_expected_for_unstratified_analysis_only"/>
    <testcase time="0.239000000000004" classname="rspt01" name="rspt01_works_as_expected_for_unstratified_analysis_only">
      <skipped message="Reason: On CRAN ('test-rspt01.R:38:3')"/>
    </testcase>
    <testcase time="0.275000000000006" classname="rspt01" name="rspt01_works_as_expected_for_stratified_analysis_only"/>
    <testcase time="0.242999999999995" classname="rspt01" name="rspt01_works_as_expected_for_stratified_analysis_only">
      <skipped message="Reason: On CRAN ('test-rspt01.R:58:3')"/>
    </testcase>
    <testcase time="0.296999999999997" classname="rspt01" name="rspt01_works_if_change_reference_group"/>
    <testcase time="0.251000000000005" classname="rspt01" name="rspt01_works_if_change_reference_group">
      <skipped message="Reason: On CRAN ('test-rspt01.R:78:3')"/>
    </testcase>
    <testcase time="0.301999999999992" classname="rspt01" name="rspt01_works_if_change_statistic_methods"/>
    <testcase time="0.266999999999996" classname="rspt01" name="rspt01_works_if_change_statistic_methods">
      <skipped message="Reason: On CRAN ('test-rspt01.R:102:3')"/>
    </testcase>
    <testcase time="0.313999999999993" classname="rspt01" name="rspt01_works_if_change_confidence_interval"/>
    <testcase time="0.253000000000014" classname="rspt01" name="rspt01_works_if_change_confidence_interval">
      <skipped message="Reason: On CRAN ('test-rspt01.R:129:3')"/>
    </testcase>
  </testsuite>
  <testsuite name="ttet01" timestamp="2025-02-19T16:33:42Z" hostname="6d166c87763d" tests="10" skipped="4" failures="0" errors="0" time="3.215">
    <testcase time="0.0349999999999966" classname="ttet01" name="ttet01_works_as_expected"/>
    <testcase time="0.455000000000013" classname="ttet01" name="ttet01_works_as_expected"/>
    <testcase time="0.501999999999981" classname="ttet01" name="ttet01_works_as_expected">
      <skipped message="Reason: On CRAN ('test-ttet01.R:10:3')"/>
    </testcase>
    <testcase time="0.0289999999999964" classname="ttet01" name="ttet01_returns_an_error_when_one_level_or_arm_var_is_empty"/>
    <testcase time="0.372000000000014" classname="ttet01" name="ttet01_works_as_expected_for_stratified_and_unstratified_analysis"/>
    <testcase time="0.347000000000008" classname="ttet01" name="ttet01_works_as_expected_for_stratified_and_unstratified_analysis">
      <skipped message="Reason: On CRAN ('test-ttet01.R:35:3')"/>
    </testcase>
    <testcase time="0.388999999999982" classname="ttet01" name="ttet01_works_as_expected_for_stratified_analysis_only"/>
    <testcase time="0.344999999999999" classname="ttet01" name="ttet01_works_as_expected_for_stratified_analysis_only">
      <skipped message="Reason: On CRAN ('test-ttet01.R:58:3')"/>
    </testcase>
    <testcase time="0.379999999999995" classname="ttet01" name="ttet01_works_if_change_reference_group"/>
    <testcase time="0.361000000000018" classname="ttet01" name="ttet01_works_if_change_reference_group">
      <skipped message="Reason: On CRAN ('test-ttet01.R:81:3')"/>
    </testcase>
  </testsuite>
  <testsuite name="unwrap" timestamp="2025-02-19T16:33:45Z" hostname="6d166c87763d" tests="10" skipped="4" failures="0" errors="0" time="0.148">
    <testcase time="0.0229999999999961" classname="unwrap" name="unwrap_layout_works_as_expected_with_standard_chevron_t_main_function"/>
    <testcase time="0.00100000000000477" classname="unwrap" name="unwrap_layout_works_as_expected_with_standard_chevron_t_main_function"/>
    <testcase time="0.00100000000000477" classname="unwrap" name="unwrap_layout_works_as_expected_with_standard_chevron_t_main_function"/>
    <testcase time="0.00999999999999091" classname="unwrap" name="unwrap_layout_works_as_expected_with_standard_chevron_t_main_function">
      <skipped message="Reason: On CRAN ('test-unwrap.R:8:3')"/>
    </testcase>
    <testcase time="0.0209999999999866" classname="unwrap" name="unwrap_layout_works_as_expected_with_standard_chevron_g_main_function"/>
    <testcase time="0.007000000000005" classname="unwrap" name="unwrap_layout_works_as_expected_with_standard_chevron_l_main_function"/>
    <testcase time="0.007000000000005" classname="unwrap" name="unwrap_layout_works_as_expected_with_a_custom_function_without_layout_function"/>
    <testcase time="0.0139999999999816" classname="unwrap" name="unwrap_layout_works_as_expected_with_a_custom_function_with_layout_function">
      <skipped message="Reason: On CRAN ('test-unwrap.R:60:3')"/>
    </testcase>
    <testcase time="0.0370000000000061" classname="unwrap" name="unwrap_layout_works_as_expected_with_multiple_layout_function">
      <skipped message="Reason: On CRAN ('test-unwrap.R:101:3')"/>
    </testcase>
    <testcase time="0.0270000000000152" classname="unwrap" name="unwrap_layout_works_as_expected_on_custom_function_with_overwritten_layout_function">
      <skipped message="Reason: On CRAN ('test-unwrap.R:125:3')"/>
    </testcase>
  </testsuite>
  <testsuite name="utils" timestamp="2025-02-19T16:33:45Z" hostname="6d166c87763d" tests="20" skipped="1" failures="0" errors="0" time="0.16">
    <testcase time="0.0180000000000007" classname="utils" name="h_format_dec_works_as_exected"/>
    <testcase time="0.0029999999999859" classname="utils" name="h_format_dec_works_as_exected"/>
    <testcase time="0.00200000000000955" classname="utils" name="h_format_dec_works_as_exected"/>
    <testcase time="0.00199999999998113" classname="utils" name="h_format_dec_works_as_exected"/>
    <testcase time="0.00200000000000955" classname="utils" name="h_format_dec_works_as_exected"/>
    <testcase time="0.00200000000000955" classname="utils" name="h_format_dec_works_as_exected"/>
    <testcase time="0.00199999999998113" classname="utils" name="h_format_dec_works_as_exected"/>
    <testcase time="0.00300000000001432" classname="utils" name="h_format_dec_works_as_exected"/>
    <testcase time="0.00100000000000477" classname="utils" name="h_format_dec_works_as_exected"/>
    <testcase time="0.0029999999999859" classname="utils" name="h_format_dec_works_as_exected"/>
    <testcase time="0.00200000000000955" classname="utils" name="h_format_dec_works_as_exected"/>
    <testcase time="0.00200000000000955" classname="utils" name="h_format_dec_works_as_exected"/>
    <testcase time="0.00600000000000023" classname="utils" name="h_format_dec_works_as_expected_with_more_than_one_value"/>
    <testcase time="0.0029999999999859" classname="utils" name="h_format_dec_works_as_expected_with_more_than_one_value"/>
    <testcase time="0.00600000000000023" classname="utils" name="h_format_dec_works_as_expected_with_NA_digits"/>
    <testcase time="0.00600000000000023" classname="utils" name="fuse_sequentially_works"/>
    <testcase time="0.00300000000001432" classname="utils" name="fuse_sequentially_works"/>
    <testcase time="0.0109999999999957" classname="utils" name="ifneeded_split_row_works_as_expected"/>
    <testcase time="0.00600000000000023" classname="utils" name="ifneeded_split_row_works_as_expected"/>
    <testcase time="0.0769999999999982" classname="utils" name="_unnamed_">
      <skipped message="Reason: On CRAN ('test-utils.R:76:1')"/>
    </testcase>
  </testsuite>
  <testsuite name="vst01" timestamp="2025-02-19T16:33:45Z" hostname="6d166c87763d" tests="3" skipped="2" failures="0" errors="0" time="5.055">
    <testcase time="2.79599999999999" classname="vst01" name="vst01_functions_with_default_argument_value_return_expected_result_with_test_data">
      <skipped message="Reason: On CRAN ('test-vst01.R:11:3')"/>
    </testcase>
    <testcase time="0.765999999999991" classname="vst01" name="run_vst01_works_as_expected"/>
    <testcase time="1.49300000000002" classname="vst01" name="run_vst01_works_as_expected">
      <skipped message="Reason: On CRAN ('test-vst01.R:23:3')"/>
    </testcase>
  </testsuite>
  <testsuite name="vst02" timestamp="2025-02-19T16:33:50Z" hostname="6d166c87763d" tests="2" skipped="2" failures="0" errors="0" time="0.923">
    <testcase time="0.464999999999975" classname="vst02" name="vst02_functions_with_default_argument_value_return_expected_result_with_test_data">
      <skipped message="Reason: On CRAN ('test-vst02.R:7:3')"/>
    </testcase>
    <testcase time="0.458000000000027" classname="vst02" name="vst02_functions_return_expected_result_with_test_data_when_excluding_subject_with_baseline_abnormality">
      <skipped message="Reason: On CRAN ('test-vst02.R:15:3')"/>
    </testcase>
  </testsuite>
</testsuites>
