<?xml version="1.0" encoding="UTF-8"?>
<testsuites>
  <testsuite name="ael01_nollt" timestamp="2023-11-28T10:58:23Z" hostname="ca63c89f592d" tests="8" skipped="4" failures="0" errors="0" time="2.007">
    <testcase time="0.73" classname="ael01_nollt" name="ael01_nollt_works_with_admh_dataset"/>
    <testcase time="0.4" classname="ael01_nollt" name="ael01_nollt_works_with_admh_dataset">
      <skipped message="Reason: On CRAN ('test-ael01_nollt.R:7:3')"/>
    </testcase>
    <testcase time="0.136" classname="ael01_nollt" name="ael01_nollt_works_with_non_default_label"/>
    <testcase time="0.276" classname="ael01_nollt" name="ael01_nollt_works_with_non_default_label">
      <skipped message="Reason: On CRAN ('test-ael01_nollt.R:20:3')"/>
    </testcase>
    <testcase time="0.108000000000001" classname="ael01_nollt" name="ael01_nollt_can_handle_all_missing_values"/>
    <testcase time="0.0919999999999996" classname="ael01_nollt" name="ael01_nollt_can_handle_all_missing_values">
      <skipped message="Reason: On CRAN ('test-ael01_nollt.R:33:3')"/>
    </testcase>
    <testcase time="0.0809999999999995" classname="ael01_nollt" name="ael01_nollt_can_handle_some_missing_values"/>
    <testcase time="0.184" classname="ael01_nollt" name="ael01_nollt_can_handle_some_missing_values">
      <skipped message="Reason: On CRAN ('test-ael01_nollt.R:48:3')"/>
    </testcase>
  </testsuite>
  <testsuite name="aet01" timestamp="2023-11-28T10:58:25Z" hostname="ca63c89f592d" tests="9" skipped="4" failures="0" errors="0" time="4.136">
    <testcase time="0.800000000000001" classname="aet01" name="aet01_can_handle_all_NA_values"/>
    <testcase time="0.481999999999999" classname="aet01" name="aet01_can_handle_all_NA_values">
      <skipped message="Reason: On CRAN ('test-aet01.R:12:3')"/>
    </testcase>
    <testcase time="0.524" classname="aet01" name="aet01_can_handle_some_NA_values"/>
    <testcase time="0.467000000000001" classname="aet01" name="aet01_can_handle_some_NA_values">
      <skipped message="Reason: On CRAN ('test-aet01.R:29:3')"/>
    </testcase>
    <testcase time="0.375999999999999" classname="aet01" name="aet01_can_use_custom_anl_vars"/>
    <testcase time="0.259" classname="aet01" name="aet01_can_use_custom_anl_vars">
      <skipped message="Reason: On CRAN ('test-aet01.R:35:3')"/>
    </testcase>
    <testcase time="0.130000000000001" classname="aet01" name="aet01_fails_on_incomplete_data_input"/>
    <testcase time="0.590999999999999" classname="aet01" name="aet01_can_use_custom_medconcept_var"/>
    <testcase time="0.507" classname="aet01" name="aet01_can_use_custom_medconcept_var">
      <skipped message="Reason: On CRAN ('test-aet01.R:65:3')"/>
    </testcase>
  </testsuite>
  <testsuite name="aet01_aesi" timestamp="2023-11-28T10:58:29Z" hostname="ca63c89f592d" tests="7" skipped="3" failures="0" errors="0" time="3.098">
    <testcase time="0.461" classname="aet01_aesi" name="aet01_aesi_can_handle_all_NA_values"/>
    <testcase time="0.424000000000001" classname="aet01_aesi" name="aet01_aesi_can_handle_all_NA_values">
      <skipped message="Reason: On CRAN ('test-aet01_aesi.R:17:3')"/>
    </testcase>
    <testcase time="0.394" classname="aet01_aesi" name="aet01_aesi_can_handle_some_NA_values"/>
    <testcase time="0.443999999999999" classname="aet01_aesi" name="aet01_aesi_can_handle_some_NA_values">
      <skipped message="Reason: On CRAN ('test-aet01_aesi.R:30:3')"/>
    </testcase>
    <testcase time="0.531000000000001" classname="aet01_aesi" name="aet01_aesi_works_with_ALL_argument"/>
    <testcase time="0.738" classname="aet01_aesi" name="aet01_aesi_works_with_ALL_argument">
      <skipped message="Reason: On CRAN ('test-aet01_aesi.R:36:3')"/>
    </testcase>
    <testcase time="0.106" classname="aet01_aesi" name="aet01_aesi_check_fails_on_incomplete_data_input"/>
  </testsuite>
  <testsuite name="aet02" timestamp="2023-11-28T10:58:33Z" hostname="ca63c89f592d" tests="3" skipped="1" failures="0" errors="0" time="3.212">
    <testcase time="0.0969999999999995" classname="aet02" name="aet02_fails_on_incomplete_data_input"/>
    <testcase time="0.427000000000001" classname="aet02" name="aet02_handle_empty_data_input"/>
    <testcase time="2.688" classname="aet02" name="aet02_can_have_different_levels_of_row_split">
      <skipped message="Reason: On CRAN ('test-aet02.R:30:3')"/>
    </testcase>
  </testsuite>
  <testsuite name="aet03" timestamp="2023-11-28T10:58:36Z" hostname="ca63c89f592d" tests="4" skipped="2" failures="0" errors="0" time="4.959">
    <testcase time="0.571999999999999" classname="aet03" name="aet03_can_handle_NA_values"/>
    <testcase time="0.408000000000001" classname="aet03" name="aet03_can_handle_NA_values">
      <skipped message="Reason: On CRAN ('test-aet03.R:10:3')"/>
    </testcase>
    <testcase time="2.654" classname="aet03" name="aet03_can_handle_some_NA_values"/>
    <testcase time="1.325" classname="aet03" name="aet03_can_handle_some_NA_values">
      <skipped message="Reason: On CRAN ('test-aet03.R:27:3')"/>
    </testcase>
  </testsuite>
  <testsuite name="aet04" timestamp="2023-11-28T10:58:41Z" hostname="ca63c89f592d" tests="4" skipped="2" failures="0" errors="0" time="8.422">
    <testcase time="0.888999999999999" classname="aet04" name="aet04_can_handle_NA_values"/>
    <testcase time="0.717000000000002" classname="aet04" name="aet04_can_handle_NA_values">
      <skipped message="Reason: On CRAN ('test-aet04.R:10:3')"/>
    </testcase>
    <testcase time="4.706" classname="aet04" name="aet04_can_handle_some_NA_values"/>
    <testcase time="2.11" classname="aet04" name="aet04_can_handle_some_NA_values">
      <skipped message="Reason: On CRAN ('test-aet04.R:32:3')"/>
    </testcase>
  </testsuite>
  <testsuite name="aet05" timestamp="2023-11-28T10:58:49Z" hostname="ca63c89f592d" tests="4" skipped="2" failures="0" errors="0" time="1.403">
    <testcase time="0.285" classname="aet05" name="aet05_can_handle_NA_values"/>
    <testcase time="0.41" classname="aet05" name="aet05_can_handle_NA_values">
      <skipped message="Reason: On CRAN ('test-aet05.R:7:3')"/>
    </testcase>
    <testcase time="0.263999999999999" classname="aet05" name="aet05_can_handle_some_NA_values"/>
    <testcase time="0.444000000000003" classname="aet05" name="aet05_can_handle_some_NA_values">
      <skipped message="Reason: On CRAN ('test-aet05.R:24:3')"/>
    </testcase>
  </testsuite>
  <testsuite name="aet05_all" timestamp="2023-11-28T10:58:51Z" hostname="ca63c89f592d" tests="4" skipped="2" failures="0" errors="0" time="1.421">
    <testcase time="0.276999999999997" classname="aet05_all" name="aet05_all_can_handle_NA_values"/>
    <testcase time="0.404" classname="aet05_all" name="aet05_all_can_handle_NA_values">
      <skipped message="Reason: On CRAN ('test-aet05_all.R:7:3')"/>
    </testcase>
    <testcase time="0.277000000000001" classname="aet05_all" name="aet05_all_can_handle_some_NA_values"/>
    <testcase time="0.463000000000001" classname="aet05_all" name="aet05_all_can_handle_some_NA_values">
      <skipped message="Reason: On CRAN ('test-aet05_all.R:21:3')"/>
    </testcase>
  </testsuite>
  <testsuite name="aet10" timestamp="2023-11-28T10:58:52Z" hostname="ca63c89f592d" tests="4" skipped="2" failures="0" errors="0" time="0.799">
    <testcase time="0.120999999999999" classname="aet10" name="aet10_can_handle_NA_values"/>
    <testcase time="0.163" classname="aet10" name="aet10_can_handle_NA_values">
      <skipped message="Reason: On CRAN ('test-aet10.R:10:3')"/>
    </testcase>
    <testcase time="0.172000000000001" classname="aet10" name="aet10_can_handle_some_NA_values"/>
    <testcase time="0.342999999999996" classname="aet10" name="aet10_can_handle_some_NA_values">
      <skipped message="Reason: On CRAN ('test-aet10.R:24:3')"/>
    </testcase>
  </testsuite>
  <testsuite name="assertions" timestamp="2023-11-28T10:58:53Z" hostname="ca63c89f592d" tests="31" skipped="0" failures="0" errors="0" time="0.292">
    <testcase time="0.0390000000000015" classname="assertions" name="assert_valid_var.character_works_as_expected"/>
    <testcase time="0.00900000000000034" classname="assertions" name="assert_valid_var.character_works_as_expected"/>
    <testcase time="0.00900000000000034" classname="assertions" name="assert_valid_var.character_works_as_expected"/>
    <testcase time="0.00900000000000034" classname="assertions" name="assert_valid_var.character_works_as_expected"/>
    <testcase time="0.00300000000000011" classname="assertions" name="assert_valid_var.character_works_as_expected"/>
    <testcase time="0.0110000000000028" classname="assertions" name="assert_valid_var.factor_works_as_expected"/>
    <testcase time="0.00799999999999557" classname="assertions" name="assert_valid_var.factor_works_as_expected"/>
    <testcase time="0.00900000000000034" classname="assertions" name="assert_valid_var.factor_works_as_expected"/>
    <testcase time="0.00800000000000267" classname="assertions" name="assert_valid_var.factor_works_as_expected"/>
    <testcase time="0.0110000000000028" classname="assertions" name="assert_valid_var.factor_works_as_expected"/>
    <testcase time="0.0129999999999981" classname="assertions" name="assert_valid_var.logical_works_as_expected"/>
    <testcase time="0.00900000000000034" classname="assertions" name="assert_valid_var.logical_works_as_expected"/>
    <testcase time="0.00999999999999801" classname="assertions" name="assert_valid_var.logical_works_as_expected"/>
    <testcase time="0.00200000000000244" classname="assertions" name="assert_valid_var.logical_works_as_expected"/>
    <testcase time="0.0110000000000028" classname="assertions" name="assert_valid_var.numeric_works_as_expected"/>
    <testcase time="0.00799999999999557" classname="assertions" name="assert_valid_var.numeric_works_as_expected"/>
    <testcase time="0.00900000000000034" classname="assertions" name="assert_valid_var.numeric_works_as_expected"/>
    <testcase time="0.00200000000000244" classname="assertions" name="assert_valid_var.numeric_works_as_expected"/>
    <testcase time="0.00800000000000267" classname="assertions" name="assert_valid_var.numeric_works_as_expected"/>
    <testcase time="0.00300000000000011" classname="assertions" name="assert_valid_var.numeric_works_as_expected"/>
    <testcase time="0.0120000000000005" classname="assertions" name="assert_valid_variable_works_as_expected"/>
    <testcase time="0.00399999999999778" classname="assertions" name="assert_valid_variable_works_as_expected"/>
    <testcase time="0.0120000000000005" classname="assertions" name="assert_valid_variable_works_as_expected"/>
    <testcase time="0.00300000000000011" classname="assertions" name="assert_valid_variable_works_as_expected"/>
    <testcase time="0.0129999999999981" classname="assertions" name="assert_valid_variable_works_as_expected"/>
    <testcase time="0.00300000000000011" classname="assertions" name="assert_valid_variable_works_as_expected"/>
    <testcase time="0.0120000000000005" classname="assertions" name="assert_valid_var_pair_works_as_expected_with_character"/>
    <testcase time="0.00999999999999801" classname="assertions" name="assert_valid_var_pair_works_as_expected_with_character"/>
    <testcase time="0.0120000000000005" classname="assertions" name="assert_valid_var_pair_works_as_expected_with_factor"/>
    <testcase time="0.0100000000000051" classname="assertions" name="assert_valid_var_pair_works_as_expected_with_factor"/>
    <testcase time="0.00999999999999801" classname="assertions" name="assert_valid_var_pair_works_as_expected_with_factor"/>
  </testsuite>
  <testsuite name="cfbt01" timestamp="2023-11-28T10:58:53Z" hostname="ca63c89f592d" tests="3" skipped="2" failures="0" errors="0" time="17.67">
    <testcase time="13.127" classname="cfbt01" name="cfbt01_functions_with_default_argument_value_return_expected_result_with_test_data">
      <skipped message="Reason: On CRAN ('test-cfbt01.R:7:3')"/>
    </testcase>
    <testcase time="1.681" classname="cfbt01" name="cfbt01_can_handle_n_0_and_outputs_NE_instead_of_infs_and_NAs"/>
    <testcase time="2.862" classname="cfbt01" name="cfbt01_can_handle_n_0_and_outputs_NE_instead_of_infs_and_NAs">
      <skipped message="Reason: On CRAN ('test-cfbt01.R:22:3')"/>
    </testcase>
  </testsuite>
  <testsuite name="checks" timestamp="2023-11-28T10:59:11Z" hostname="ca63c89f592d" tests="8" skipped="0" failures="0" errors="0" time="0.09">
    <testcase time="0.0329999999999941" classname="checks" name="check_all_colnames_works_as_expected"/>
    <testcase time="0.0150000000000006" classname="checks" name="check_all_colnames_works_as_expected"/>
    <testcase time="0.00400000000000489" classname="checks" name="check_all_colnames_works_as_expected"/>
    <testcase time="0.0069999999999979" classname="checks" name="check_all_colnames_works_as_expected"/>
    <testcase time="0.0129999999999981" classname="checks" name="check_one_colnames_works_as_expected"/>
    <testcase time="0.007000000000005" classname="checks" name="check_one_colnames_works_as_expected"/>
    <testcase time="0.00300000000000011" classname="checks" name="check_one_colnames_works_as_expected"/>
    <testcase time="0.00799999999999557" classname="checks" name="check_one_colnames_works_as_expected"/>
  </testsuite>
  <testsuite name="chevron_tlg-class" timestamp="2023-11-28T10:59:11Z" hostname="ca63c89f592d" tests="27" skipped="0" failures="0" errors="0" time="0.185">
    <testcase time="0.0180000000000007" classname="chevron_tlg_class" name="chevron_t_object_can_be_constructed_with_default_values"/>
    <testcase time="0.0069999999999979" classname="chevron_tlg_class" name="chevron_t_object_can_be_constructed_with_default_values"/>
    <testcase time="0.0120000000000005" classname="chevron_tlg_class" name="chevron_t_object_can_be_constructed_with_custom_values"/>
    <testcase time="0.00600000000000023" classname="chevron_tlg_class" name="chevron_t_object_can_be_constructed_with_custom_values"/>
    <testcase time="0.00500000000000256" classname="chevron_tlg_class" name="chevron_t_object_can_be_constructed_with_custom_values"/>
    <testcase time="0.00600000000000023" classname="chevron_tlg_class" name="chevron_t_object_can_be_constructed_with_custom_values"/>
    <testcase time="0.0120000000000005" classname="chevron_tlg_class" name="chevron_t_constructor_returns_an_error_when_expected"/>
    <testcase time="0.00199999999999534" classname="chevron_tlg_class" name="chevron_t_constructor_returns_an_error_when_expected"/>
    <testcase time="0.00200000000000244" classname="chevron_tlg_class" name="chevron_t_constructor_returns_an_error_when_expected"/>
    <testcase time="0.00200000000000244" classname="chevron_tlg_class" name="chevron_t_constructor_returns_an_error_when_expected"/>
    <testcase time="0.00199999999999534" classname="chevron_tlg_class" name="chevron_t_constructor_returns_an_error_when_expected"/>
    <testcase time="0.00200000000000244" classname="chevron_tlg_class" name="chevron_t_constructor_returns_an_error_when_expected"/>
    <testcase time="0.0120000000000005" classname="chevron_tlg_class" name="chevron_l_object_can_be_constructed_with_default_values"/>
    <testcase time="0.00600000000000023" classname="chevron_tlg_class" name="chevron_l_object_can_be_constructed_with_default_values"/>
    <testcase time="0.0120000000000005" classname="chevron_tlg_class" name="chevron_g_object_can_be_constructed_with_custom_values"/>
    <testcase time="0.0069999999999979" classname="chevron_tlg_class" name="chevron_g_object_can_be_constructed_with_custom_values"/>
    <testcase time="0.00400000000000489" classname="chevron_tlg_class" name="chevron_g_object_can_be_constructed_with_custom_values"/>
    <testcase time="0.00600000000000023" classname="chevron_tlg_class" name="chevron_g_object_can_be_constructed_with_custom_values"/>
    <testcase time="0.0119999999999933" classname="chevron_tlg_class" name="chevron_g_constructor_returns_an_error_when_expected"/>
    <testcase time="0.00200000000000244" classname="chevron_tlg_class" name="chevron_g_constructor_returns_an_error_when_expected"/>
    <testcase time="0.00200000000000244" classname="chevron_tlg_class" name="chevron_g_constructor_returns_an_error_when_expected"/>
    <testcase time="0.00199999999999534" classname="chevron_tlg_class" name="chevron_g_constructor_returns_an_error_when_expected"/>
    <testcase time="0.00200000000000244" classname="chevron_tlg_class" name="chevron_g_constructor_returns_an_error_when_expected"/>
    <testcase time="0.00200000000000244" classname="chevron_tlg_class" name="chevron_g_constructor_returns_an_error_when_expected"/>
    <testcase time="0.0139999999999958" classname="chevron_tlg_class" name="chevron_simple_works_correctly"/>
    <testcase time="0.00300000000000011" classname="chevron_tlg_class" name="chevron_simple_works_correctly"/>
    <testcase time="0.0230000000000032" classname="chevron_tlg_class" name="chevron_simple_errors_if_contains_return"/>
  </testsuite>
  <testsuite name="chevron_tlg-methods" timestamp="2023-11-28T10:59:11Z" hostname="ca63c89f592d" tests="32" skipped="9" failures="0" errors="0" time="15.594">
    <testcase time="6.632" classname="chevron_tlg_methods" name="run_works_as_expected_for_chevron_t_object">
      <skipped message="Reason: On CRAN ('test-chevron_tlg-methods.R:5:3')"/>
    </testcase>
    <testcase time="1.046" classname="chevron_tlg_methods" name="run_works_as_expected_for_chevron_t_object_when_auto_pre_FALSE">
      <skipped message="Reason: On CRAN ('test-chevron_tlg-methods.R:13:3')"/>
    </testcase>
    <testcase time="0.963000000000001" classname="chevron_tlg_methods" name="run_works_as_expected_with_argument_printed">
      <skipped message="Reason: On CRAN ('test-chevron_tlg-methods.R:18:3')"/>
    </testcase>
    <testcase time="1.376" classname="chevron_tlg_methods" name="run_works_as_expected_with_argument_printed_if_the_user_argument_is_complicated">
      <skipped message="Reason: On CRAN ('test-chevron_tlg-methods.R:25:3')"/>
    </testcase>
    <testcase time="0.998000000000005" classname="chevron_tlg_methods" name="run_works_as_expected_with_partial_match_argument">
      <skipped message="Reason: On CRAN ('test-chevron_tlg-methods.R:31:3')"/>
    </testcase>
    <testcase time="0.0249999999999986" classname="chevron_tlg_methods" name="args_ls_works_as_expected"/>
    <testcase time="0.00200000000000244" classname="chevron_tlg_methods" name="args_ls_works_as_expected"/>
    <testcase time="0.00199999999999534" classname="chevron_tlg_methods" name="args_ls_works_as_expected"/>
    <testcase time="0.0110000000000028" classname="chevron_tlg_methods" name="args_ls_works_as_expected_when_simplify_is_TRUE"/>
    <testcase time="0.00200000000000244" classname="chevron_tlg_methods" name="args_ls_works_as_expected_when_simplify_is_TRUE"/>
    <testcase time="0.00199999999999534" classname="chevron_tlg_methods" name="args_ls_works_as_expected_when_simplify_is_TRUE"/>
    <testcase time="0.0110000000000028" classname="chevron_tlg_methods" name="args_ls_works_as_expected_with_custom_chevron_tlg_object"/>
    <testcase time="0.00200000000000244" classname="chevron_tlg_methods" name="args_ls_works_as_expected_with_custom_chevron_tlg_object"/>
    <testcase time="0.00199999999999534" classname="chevron_tlg_methods" name="args_ls_works_as_expected_with_custom_chevron_tlg_object"/>
    <testcase time="0.00600000000000023" classname="chevron_tlg_methods" name="args_ls_works_as_expected_with_custom_chevron_tlg_object"/>
    <testcase time="0.0140000000000029" classname="chevron_tlg_methods" name="main_works_as_expected"/>
    <testcase time="0.0139999999999958" classname="chevron_tlg_methods" name="main_setter_works_as_expected"/>
    <testcase time="0.0210000000000008" classname="chevron_tlg_methods" name="main_setter_throw_an_error_as_expected"/>
    <testcase time="0.0129999999999981" classname="chevron_tlg_methods" name="preprocess_works_as_expected"/>
    <testcase time="0.0150000000000006" classname="chevron_tlg_methods" name="preprocess_setter_works_as_expected"/>
    <testcase time="0.0190000000000055" classname="chevron_tlg_methods" name="preprocess_sends_an_error_as_expected"/>
    <testcase time="0.0150000000000006" classname="chevron_tlg_methods" name="postprocess_works_as_expected"/>
    <testcase time="0.0149999999999935" classname="chevron_tlg_methods" name="postprocess_setter_works_as_expected"/>
    <testcase time="0.0220000000000056" classname="chevron_tlg_methods" name="postprocess_sends_an_error_as_expected"/>
    <testcase time="0.0109999999999957" classname="chevron_tlg_methods" name="script_funs_works_as_expected_in_interactive_mode">
      <skipped message="Reason: !interactive() is TRUE ('test-chevron_tlg-methods.R:146:3')"/>
    </testcase>
    <testcase time="0.0320000000000036" classname="chevron_tlg_methods" name="script_funs_works_as_expected"/>
    <testcase time="0.00199999999999534" classname="chevron_tlg_methods" name="script_funs_works_as_expected"/>
    <testcase time="4.21400000000001" classname="chevron_tlg_methods" name="script_funs_generates_a_valid_script">
      <skipped message="Reason: On CRAN ('test-chevron_tlg-methods.R:167:3')"/>
    </testcase>
    <testcase time="0.0259999999999962" classname="chevron_tlg_methods" name="script_funs_works_for_simple_template"/>
    <testcase time="0.00199999999999534" classname="chevron_tlg_methods" name="script_funs_works_for_simple_template"/>
    <testcase time="0.0310000000000059" classname="chevron_tlg_methods" name="print_list_works">
      <skipped message="Reason: On CRAN ('test-chevron_tlg-methods.R:180:3')"/>
    </testcase>
    <testcase time="0.0480000000000018" classname="chevron_tlg_methods" name="print_list_works_for_empty_list">
      <skipped message="Reason: On CRAN ('test-chevron_tlg-methods.R:184:3')"/>
    </testcase>
  </testsuite>
  <testsuite name="cmt01a" timestamp="2023-11-28T10:59:27Z" hostname="ca63c89f592d" tests="6" skipped="4" failures="0" errors="0" time="6.912">
    <testcase time="2.123" classname="cmt01a" name="cmt01a_functions_with_default_argument_value_return_expected_result_with_test_data">
      <skipped message="Reason: On CRAN ('test-cmt01a.R:7:3')"/>
    </testcase>
    <testcase time="1.94699999999999" classname="cmt01a" name="cmt01a_functions_with_custom_argument_value_return_expected_result_with_test_data">
      <skipped message="Reason: On CRAN ('test-cmt01a.R:19:3')"/>
    </testcase>
    <testcase time="0.280000000000001" classname="cmt01a" name="cmt01a_can_handle_all_NA_values"/>
    <testcase time="0.260000000000005" classname="cmt01a" name="cmt01a_can_handle_all_NA_values">
      <skipped message="Reason: On CRAN ('test-cmt01a.R:33:3')"/>
    </testcase>
    <testcase time="1.199" classname="cmt01a" name="cmt01a_can_handle_some_NA_values"/>
    <testcase time="1.10299999999999" classname="cmt01a" name="cmt01a_can_handle_some_NA_values">
      <skipped message="Reason: On CRAN ('test-cmt01a.R:41:3')"/>
    </testcase>
  </testsuite>
  <testsuite name="cmt02_pt" timestamp="2023-11-28T10:59:34Z" hostname="ca63c89f592d" tests="4" skipped="2" failures="0" errors="0" time="1.068">
    <testcase time="0.215000000000003" classname="cmt02_pt" name="cmt02_pt_can_handle_all_NA_values"/>
    <testcase time="0.192999999999998" classname="cmt02_pt" name="cmt02_pt_can_handle_all_NA_values">
      <skipped message="Reason: On CRAN ('test-cmt02_pt.R:9:3')"/>
    </testcase>
    <testcase time="0.279000000000011" classname="cmt02_pt" name="cmt02_pt_can_handle_some_NA_values"/>
    <testcase time="0.381" classname="cmt02_pt" name="cmt02_pt_can_handle_some_NA_values">
      <skipped message="Reason: On CRAN ('test-cmt02_pt.R:17:3')"/>
    </testcase>
  </testsuite>
  <testsuite name="coxt01" timestamp="2023-11-28T10:59:35Z" hostname="ca63c89f592d" tests="3" skipped="1" failures="0" errors="0" time="0.874">
    <testcase time="0.556999999999988" classname="coxt01" name="coxt01_can_handle_some_NA_values"/>
    <testcase time="0.27600000000001" classname="coxt01" name="coxt01_can_handle_some_NA_values">
      <skipped message="Reason: On CRAN ('test-coxt01.R:6:3')"/>
    </testcase>
    <testcase time="0.0409999999999968" classname="coxt01" name="coxt01_fails_on_incomlete_data"/>
  </testsuite>
  <testsuite name="coxt02" timestamp="2023-11-28T10:59:35Z" hostname="ca63c89f592d" tests="3" skipped="1" failures="0" errors="0" time="1.159">
    <testcase time="0.736000000000004" classname="coxt02" name="coxt02_can_handle_some_NA_values"/>
    <testcase time="0.376999999999995" classname="coxt02" name="coxt02_can_handle_some_NA_values">
      <skipped message="Reason: On CRAN ('test-coxt02.R:5:3')"/>
    </testcase>
    <testcase time="0.0460000000000065" classname="coxt02" name="coxt02_fails_on_incomlete_data"/>
  </testsuite>
  <testsuite name="default_tlg" timestamp="2023-11-28T10:59:37Z" hostname="ca63c89f592d" tests="15" skipped="15" failures="0" errors="0" time="21.214">
    <testcase time="0.24199999999999" classname="default_tlg" name="ael01_nollt_function_with_default_argument_value_return_expected_result_with_test_data">
      <skipped message="Reason: On CRAN ('test-default_tlg.R:5:3')"/>
    </testcase>
    <testcase time="1.01600000000001" classname="default_tlg" name="aet01_function_with_default_argument_value_return_expected_result_with_test_data">
      <skipped message="Reason: On CRAN ('test-default_tlg.R:12:3')"/>
    </testcase>
    <testcase time="0.884999999999991" classname="default_tlg" name="aet01_aesi_function_with_default_argument_value_return_expected_result_with_test_data">
      <skipped message="Reason: On CRAN ('test-default_tlg.R:19:3')"/>
    </testcase>
    <testcase time="1.825" classname="default_tlg" name="aet02_functions_with_default_argument_value_return_expected_result_with_test_data">
      <skipped message="Reason: On CRAN ('test-default_tlg.R:26:3')"/>
    </testcase>
    <testcase time="4.10600000000001" classname="default_tlg" name="aet03_functions_with_default_argument_value_return_expected_result_with_test_data">
      <skipped message="Reason: On CRAN ('test-default_tlg.R:33:3')"/>
    </testcase>
    <testcase time="6.29899999999999" classname="default_tlg" name="aet04_functions_with_default_argument_value_return_expected_result_with_test_data">
      <skipped message="Reason: On CRAN ('test-default_tlg.R:40:3')"/>
    </testcase>
    <testcase time="0.745000000000005" classname="default_tlg" name="aet05_functions_with_default_argument_value_return_expected_result_with_test_data">
      <skipped message="Reason: On CRAN ('test-default_tlg.R:47:3')"/>
    </testcase>
    <testcase time="0.739999999999995" classname="default_tlg" name="aet05_all_functions_with_default_argument_value_return_expected_result_with_test_data">
      <skipped message="Reason: On CRAN ('test-default_tlg.R:54:3')"/>
    </testcase>
    <testcase time="0.527000000000001" classname="default_tlg" name="aet10_functions_with_default_argument_value_return_expected_result_with_test_data">
      <skipped message="Reason: On CRAN ('test-default_tlg.R:61:3')"/>
    </testcase>
    <testcase time="0.650000000000006" classname="default_tlg" name="cmt02_pt_functions_with_default_argument_value_return_expected_result_with_test_data">
      <skipped message="Reason: On CRAN ('test-default_tlg.R:68:3')"/>
    </testcase>
    <testcase time="0.793999999999997" classname="default_tlg" name="coxt01_functions_with_default_argument_value_return_expected_result_with_test_data">
      <skipped message="Reason: On CRAN ('test-default_tlg.R:78:3')"/>
    </testcase>
    <testcase time="1.09" classname="default_tlg" name="coxt02_functions_with_default_argument_value_return_expected_result_with_test_data">
      <skipped message="Reason: On CRAN ('test-default_tlg.R:86:3')"/>
    </testcase>
    <testcase time="1.128" classname="default_tlg" name="dmt01_functions_with_default_argument_value_return_expected_result_with_test_data">
      <skipped message="Reason: On CRAN ('test-default_tlg.R:93:3')"/>
    </testcase>
    <testcase time="0.706999999999994" classname="default_tlg" name="dst01_functions_with_default_argument_value_return_expected_result_with_test_data">
      <skipped message="Reason: On CRAN ('test-default_tlg.R:100:3')"/>
    </testcase>
    <testcase time="0.460000000000008" classname="default_tlg" name="dtht01_functions_with_default_argument_value_return_expected_result_with_test_data">
      <skipped message="Reason: On CRAN ('test-default_tlg.R:107:3')"/>
    </testcase>
  </testsuite>
  <testsuite name="dmt01" timestamp="2023-11-28T10:59:58Z" hostname="ca63c89f592d" tests="16" skipped="8" failures="0" errors="0" time="8.469">
    <testcase time="0.373999999999995" classname="dmt01" name="dmt01_can_handle_NA_values"/>
    <testcase time="0.570999999999998" classname="dmt01" name="dmt01_can_handle_NA_values">
      <skipped message="Reason: On CRAN ('test-dmt01.R:8:3')"/>
    </testcase>
    <testcase time="0.397999999999996" classname="dmt01" name="dmt01_can_handle_numeric_NA_values"/>
    <testcase time="0.75800000000001" classname="dmt01" name="dmt01_can_handle_numeric_NA_values">
      <skipped message="Reason: On CRAN ('test-dmt01.R:15:3')"/>
    </testcase>
    <testcase time="0.271999999999991" classname="dmt01" name="dmt01_works_as_expected_with_setting_default_precision"/>
    <testcase time="0.519000000000005" classname="dmt01" name="dmt01_works_as_expected_with_setting_default_precision">
      <skipped message="Reason: On CRAN ('test-dmt01.R:20:3')"/>
    </testcase>
    <testcase time="0.402000000000001" classname="dmt01" name="dmt01_works_as_expected_with_auto_precision_settings"/>
    <testcase time="1.48999999999999" classname="dmt01" name="dmt01_works_as_expected_with_auto_precision_settings">
      <skipped message="Reason: On CRAN ('test-dmt01.R:25:3')"/>
    </testcase>
    <testcase time="0.37700000000001" classname="dmt01" name="dmt01_works_as_expected_with_auto_precision_settings_and_defined_precision"/>
    <testcase time="1.116" classname="dmt01" name="dmt01_works_as_expected_with_auto_precision_settings_and_defined_precision">
      <skipped message="Reason: On CRAN ('test-dmt01.R:30:3')"/>
    </testcase>
    <testcase time="0.26100000000001" classname="dmt01" name="dmt01_works_as_expected_with_auto_precision_settings_and_defined_precision_and_default"/>
    <testcase time="0.49499999999999" classname="dmt01" name="dmt01_works_as_expected_with_auto_precision_settings_and_defined_precision_and_default">
      <skipped message="Reason: On CRAN ('test-dmt01.R:37:3')"/>
    </testcase>
    <testcase time="0.243000000000009" classname="dmt01" name="dmt01_works_as_expected_with_cutomized_stats_value"/>
    <testcase time="0.434999999999988" classname="dmt01" name="dmt01_works_as_expected_with_cutomized_stats_value">
      <skipped message="Reason: On CRAN ('test-dmt01.R:50:3')"/>
    </testcase>
    <testcase time="0.26100000000001" classname="dmt01" name="dmt01_works_as_expected_with_empty_list_as_stats_value"/>
    <testcase time="0.497" classname="dmt01" name="dmt01_works_as_expected_with_empty_list_as_stats_value">
      <skipped message="Reason: On CRAN ('test-dmt01.R:63:3')"/>
    </testcase>
  </testsuite>
  <testsuite name="dst01" timestamp="2023-11-28T11:00:06Z" hostname="ca63c89f592d" tests="14" skipped="7" failures="0" errors="0" time="4.426">
    <testcase time="0.22399999999999" classname="dst01" name="dst01_works_as_expected_when_all_data_are_NA"/>
    <testcase time="0.085000000000008" classname="dst01" name="dst01_works_as_expected_when_all_data_are_NA">
      <skipped message="Reason: On CRAN ('test-dst01.R:11:3')"/>
    </testcase>
    <testcase time="0.204999999999998" classname="dst01" name="dst01_can_handle_all_NA_values_in_DCSREAS"/>
    <testcase time="0.221999999999994" classname="dst01" name="dst01_can_handle_all_NA_values_in_DCSREAS">
      <skipped message="Reason: On CRAN ('test-dst01.R:22:3')"/>
    </testcase>
    <testcase time="0.294000000000011" classname="dst01" name="dst01_can_handle_some_NA_values"/>
    <testcase time="0.400999999999996" classname="dst01" name="dst01_can_handle_some_NA_values">
      <skipped message="Reason: On CRAN ('test-dst01.R:29:3')"/>
    </testcase>
    <testcase time="0.218999999999994" classname="dst01" name="dst01_can_handle_missing_levels_in_status_var"/>
    <testcase time="0.176000000000002" classname="dst01" name="dst01_can_handle_missing_levels_in_status_var">
      <skipped message="Reason: On CRAN ('test-dst01.R:39:3')"/>
    </testcase>
    <testcase time="0.337999999999994" classname="dst01" name="dst01_can_create_variants"/>
    <testcase time="0.465000000000003" classname="dst01" name="dst01_can_create_variants">
      <skipped message="Reason: On CRAN ('test-dst01.R:44:3')"/>
    </testcase>
    <testcase time="0.408000000000001" classname="dst01" name="dst01_can_create_variants"/>
    <testcase time="0.428999999999988" classname="dst01" name="dst01_can_create_variants">
      <skipped message="Reason: On CRAN ('test-dst01.R:49:3')"/>
    </testcase>
    <testcase time="0.452000000000012" classname="dst01" name="dst01_can_create_variants"/>
    <testcase time="0.507999999999996" classname="dst01" name="dst01_can_create_variants">
      <skipped message="Reason: On CRAN ('test-dst01.R:56:3')"/>
    </testcase>
  </testsuite>
  <testsuite name="dtht01" timestamp="2023-11-28T11:00:11Z" hostname="ca63c89f592d" tests="5" skipped="3" failures="0" errors="0" time="2.574">
    <testcase time="0.173999999999992" classname="dtht01" name="dtht01_can_handle_all_NA_values"/>
    <testcase time="0.254000000000005" classname="dtht01" name="dtht01_can_handle_all_NA_values">
      <skipped message="Reason: On CRAN ('test-dtht01.R:12:3')"/>
    </testcase>
    <testcase time="0.424999999999997" classname="dtht01" name="dtht01_can_handle_some_NA_values"/>
    <testcase time="0.643000000000001" classname="dtht01" name="dtht01_can_handle_some_NA_values">
      <skipped message="Reason: On CRAN ('test-dtht01.R:19:3')"/>
    </testcase>
    <testcase time="1.078" classname="dtht01" name="dtht01_can_be_parametrize_as_expected">
      <skipped message="Reason: On CRAN ('test-dtht01.R:30:3')"/>
    </testcase>
  </testsuite>
  <testsuite name="egt01" timestamp="2023-11-28T11:00:13Z" hostname="ca63c89f592d" tests="3" skipped="2" failures="0" errors="0" time="13.204">
    <testcase time="6.488" classname="egt01" name="egt01_functions_with_default_argument_value_return_expected_result_with_test_data">
      <skipped message="Reason: On CRAN ('test-egt01.R:7:3')"/>
    </testcase>
    <testcase time="2.818" classname="egt01" name="egt01_can_handle_n_0_and_outputs_NE_instead_of_infs_and_NAs"/>
    <testcase time="3.89800000000001" classname="egt01" name="egt01_can_handle_n_0_and_outputs_NE_instead_of_infs_and_NAs">
      <skipped message="Reason: On CRAN ('test-egt01.R:20:3')"/>
    </testcase>
  </testsuite>
  <testsuite name="egt02" timestamp="2023-11-28T11:00:27Z" hostname="ca63c89f592d" tests="2" skipped="2" failures="0" errors="0" time="1.331">
    <testcase time="0.691999999999993" classname="egt02" name="egt02_1_functions_with_default_argument_value_return_expected_result_with_test_data">
      <skipped message="Reason: On CRAN ('test-egt02.R:7:3')"/>
    </testcase>
    <testcase time="0.638999999999996" classname="egt02" name="egt02_2_functions_with_default_value_return_expected_result_with_test_data">
      <skipped message="Reason: On CRAN ('test-egt02.R:14:3')"/>
    </testcase>
  </testsuite>
  <testsuite name="egt03" timestamp="2023-11-28T11:00:28Z" hostname="ca63c89f592d" tests="5" skipped="2" failures="0" errors="0" time="6.191">
    <testcase time="2.98999999999999" classname="egt03" name="egt03_functions_with_default_argument_value_return_expected_result_with_test_data">
      <skipped message="Reason: On CRAN ('test-egt03.R:7:3')"/>
    </testcase>
    <testcase time="0.0520000000000209" classname="egt03" name="egt03_errors_on_all_NA_values"/>
    <testcase time="1.148" classname="egt03" name="egt03_can_handle_some_NA_values"/>
    <testcase time="1.94999999999999" classname="egt03" name="egt03_can_handle_some_NA_values">
      <skipped message="Reason: On CRAN ('test-egt03.R:28:3')"/>
    </testcase>
    <testcase time="0.0509999999999877" classname="egt03" name="egt03_fails_on_incomplete_data"/>
  </testsuite>
  <testsuite name="egt05_qtcat" timestamp="2023-11-28T11:00:34Z" hostname="ca63c89f592d" tests="4" skipped="2" failures="0" errors="0" time="7.262">
    <testcase time="4.80600000000001" classname="egt05_qtcat" name="egt05_qtcat_functions_with_default_argument_value_return_expected_result_with_test_data">
      <skipped message="Reason: On CRAN ('test-egt05_qtcat.R:7:3')"/>
    </testcase>
    <testcase time="0.0560000000000116" classname="egt05_qtcat" name="egt05_qtcat_erros_on_all_NA_values"/>
    <testcase time="0.889999999999986" classname="egt05_qtcat" name="egt05_qtcat_can_handle_some_NA_values"/>
    <testcase time="1.50999999999999" classname="egt05_qtcat" name="egt05_qtcat_can_handle_some_NA_values">
      <skipped message="Reason: On CRAN ('test-egt05_qtcat.R:28:3')"/>
    </testcase>
  </testsuite>
  <testsuite name="empty_report" timestamp="2023-11-28T11:00:41Z" hostname="ca63c89f592d" tests="25" skipped="0" failures="0" errors="0" time="4.382">
    <testcase time="0.231999999999999" classname="empty_report" name="tlg_functions_return_null_reports_when_domain_table_is_empty"/>
    <testcase time="0.459000000000003" classname="empty_report" name="tlg_functions_return_null_reports_when_domain_table_is_empty"/>
    <testcase time="0.324000000000012" classname="empty_report" name="tlg_functions_return_null_reports_when_domain_table_is_empty"/>
    <testcase time="0.167000000000002" classname="empty_report" name="tlg_functions_return_null_reports_when_domain_table_is_empty"/>
    <testcase time="0.152999999999992" classname="empty_report" name="tlg_functions_return_null_reports_when_domain_table_is_empty"/>
    <testcase time="0.0840000000000032" classname="empty_report" name="tlg_functions_return_null_reports_when_domain_table_is_empty"/>
    <testcase time="0.15100000000001" classname="empty_report" name="tlg_functions_return_null_reports_when_domain_table_is_empty"/>
    <testcase time="0.254999999999995" classname="empty_report" name="tlg_functions_return_null_reports_when_domain_table_is_empty"/>
    <testcase time="0.306999999999988" classname="empty_report" name="tlg_functions_return_null_reports_when_domain_table_is_empty"/>
    <testcase time="0.128000000000014" classname="empty_report" name="tlg_functions_return_null_reports_when_domain_table_is_empty"/>
    <testcase time="0.113" classname="empty_report" name="tlg_functions_return_null_reports_when_domain_table_is_empty"/>
    <testcase time="0.0569999999999879" classname="empty_report" name="tlg_functions_return_null_reports_when_domain_table_is_empty"/>
    <testcase time="0.0649999999999977" classname="empty_report" name="tlg_functions_return_null_reports_when_domain_table_is_empty"/>
    <testcase time="0.102000000000004" classname="empty_report" name="tlg_functions_return_null_reports_when_domain_table_is_empty"/>
    <testcase time="0.0900000000000034" classname="empty_report" name="tlg_functions_return_null_reports_when_domain_table_is_empty"/>
    <testcase time="0.114000000000004" classname="empty_report" name="tlg_functions_return_null_reports_when_domain_table_is_empty"/>
    <testcase time="0.143000000000001" classname="empty_report" name="tlg_functions_return_null_reports_when_domain_table_is_empty"/>
    <testcase time="0.114000000000004" classname="empty_report" name="tlg_functions_return_null_reports_when_domain_table_is_empty"/>
    <testcase time="0.667999999999978" classname="empty_report" name="tlg_functions_return_null_reports_when_domain_table_is_empty"/>
    <testcase time="0.140000000000015" classname="empty_report" name="tlg_functions_return_null_reports_when_domain_table_is_empty"/>
    <testcase time="0.155000000000001" classname="empty_report" name="tlg_functions_return_null_reports_when_domain_table_is_empty"/>
    <testcase time="0.0989999999999895" classname="empty_report" name="tlg_functions_return_null_reports_when_domain_table_is_empty"/>
    <testcase time="0.111999999999995" classname="empty_report" name="tlg_functions_return_null_reports_when_domain_table_is_empty"/>
    <testcase time="0.078000000000003" classname="empty_report" name="tlg_functions_return_null_reports_when_domain_table_is_empty"/>
    <testcase time="0.0720000000000027" classname="empty_report" name="tlg_functions_return_null_reports_when_domain_table_is_empty"/>
  </testsuite>
  <testsuite name="ext01" timestamp="2023-11-28T11:00:46Z" hostname="ca63c89f592d" tests="8" skipped="7" failures="0" errors="0" time="9.23">
    <testcase time="1.22499999999999" classname="ext01" name="ext01_functions_with_default_argument_value_return_expected_result_with_test_data">
      <skipped message="Reason: On CRAN ('test-ext01.R:7:3')"/>
    </testcase>
    <testcase time="1.09900000000002" classname="ext01" name="ext01_functions_with_categorical_data_return_expected_result_with_test_data">
      <skipped message="Reason: On CRAN ('test-ext01.R:15:3')"/>
    </testcase>
    <testcase time="0.377999999999986" classname="ext01" name="ext01_works"/>
    <testcase time="0.564999999999998" classname="ext01" name="ext01_works">
      <skipped message="Reason: On CRAN ('test-ext01.R:23:3')"/>
    </testcase>
    <testcase time="1.07000000000002" classname="ext01" name="ext01_works_for_selected_parameters_and_categorical_variables">
      <skipped message="Reason: On CRAN ('test-ext01.R:36:3')"/>
    </testcase>
    <testcase time="1.61399999999998" classname="ext01" name="ext01_works_with_custom_mapping_order">
      <skipped message="Reason: On CRAN ('test-ext01.R:47:3')"/>
    </testcase>
    <testcase time="1.62400000000002" classname="ext01" name="ext01_works_with_custom_mapping_order_for_a_single_split">
      <skipped message="Reason: On CRAN ('test-ext01.R:57:3')"/>
    </testcase>
    <testcase time="1.655" classname="ext01" name="ext01_works_with_custom_mapping_fill_in_value">
      <skipped message="Reason: On CRAN ('test-ext01.R:68:3')"/>
    </testcase>
  </testsuite>
  <testsuite name="fstg01" timestamp="2023-11-28T11:00:55Z" hostname="ca63c89f592d" tests="13" skipped="0" failures="0" errors="0" time="12.627">
    <testcase time="0.0369999999999777" classname="fstg01" name="fstg01_works_as_expected"/>
    <testcase time="2.78300000000002" classname="fstg01" name="fstg01_works_as_expected"/>
    <testcase time="0.00600000000000023" classname="fstg01" name="fstg01_works_as_expected"/>
    <testcase time="2.79999999999998" classname="fstg01" name="fstg01_works_as_expected_with_custom_color_set"/>
    <testcase time="0.007000000000005" classname="fstg01" name="fstg01_works_as_expected_with_custom_color_set"/>
    <testcase time="2.46200000000002" classname="fstg01" name="fstg01_works_as_expected_with_custom_color_set"/>
    <testcase time="0.00699999999997658" classname="fstg01" name="fstg01_works_as_expected_with_custom_color_set"/>
    <testcase time="0.496000000000009" classname="fstg01" name="fstg01_works_if_changes_are_in_subgroups_strata_var_conf_level_and_label_all"/>
    <testcase time="0.007000000000005" classname="fstg01" name="fstg01_works_if_changes_are_in_subgroups_strata_var_conf_level_and_label_all"/>
    <testcase time="1.14500000000001" classname="fstg01" name="fstg01_works_if_changes_are_in_subgroups_strata_var_conf_level_and_label_all"/>
    <testcase time="0.00600000000000023" classname="fstg01" name="fstg01_works_if_changes_are_in_subgroups_strata_var_conf_level_and_label_all"/>
    <testcase time="2.86499999999998" classname="fstg01" name="fstg01_can_handle_some_NA_values_in_subgroups"/>
    <testcase time="0.00600000000000023" classname="fstg01" name="fstg01_can_handle_some_NA_values_in_subgroups"/>
  </testsuite>
  <testsuite name="fstg02" timestamp="2023-11-28T11:01:08Z" hostname="ca63c89f592d" tests="9" skipped="0" failures="0" errors="0" time="16.496">
    <testcase time="0.0260000000000105" classname="fstg02" name="fstg02_works_as_expected"/>
    <testcase time="2.483" classname="fstg02" name="fstg02_works_as_expected"/>
    <testcase time="2.47199999999998" classname="fstg02" name="fstg02_works_as_expected_with_custom_color_set"/>
    <testcase time="2.078" classname="fstg02" name="fstg02_works_as_expected_with_custom_color_set"/>
    <testcase time="0.495000000000005" classname="fstg02" name="fstg02_works_if_changes_are_in_subgroups_strata_var_conf_level_and_label_all"/>
    <testcase time="1.202" classname="fstg02" name="fstg02_works_if_changes_are_in_subgroups_strata_var_conf_level_and_label_all"/>
    <testcase time="2.55600000000001" classname="fstg02" name="fstg02_can_handle_some_NA_values_in_subgroups"/>
    <testcase time="2.53299999999999" classname="fstg02" name="fstg02_can_handle_customized_time_units"/>
    <testcase time="2.65100000000001" classname="fstg02" name="fstg02_can_handle_customized_time_units"/>
  </testsuite>
  <testsuite name="kmg01" timestamp="2023-11-28T11:01:24Z" hostname="ca63c89f592d" tests="13" skipped="0" failures="0" errors="0" time="2.002">
    <testcase time="0.0250000000000057" classname="kmg01" name="kmg01_works_as_expected"/>
    <testcase time="0.364999999999981" classname="kmg01" name="kmg01_works_as_expected"/>
    <testcase time="0.0260000000000105" classname="kmg01" name="kmg01_works_as_expected"/>
    <testcase time="0.445999999999998" classname="kmg01" name="kmg01_works_as_expected_with_custom_color_set"/>
    <testcase time="0.007000000000005" classname="kmg01" name="kmg01_works_as_expected_with_custom_color_set"/>
    <testcase time="0.281000000000006" classname="kmg01" name="kmg01_works_as_expected_with_custom_color_set"/>
    <testcase time="0.00699999999997658" classname="kmg01" name="kmg01_works_as_expected_with_custom_color_set"/>
    <testcase time="0.286000000000001" classname="kmg01" name="kmg01_works_if_change_pvalue_ties_and_conf_level"/>
    <testcase time="0.007000000000005" classname="kmg01" name="kmg01_works_if_change_pvalue_ties_and_conf_level"/>
    <testcase time="0.271000000000015" classname="kmg01" name="kmg01_works_if_change_annotation_position"/>
    <testcase time="0.00600000000000023" classname="kmg01" name="kmg01_works_if_change_annotation_position"/>
    <testcase time="0.268999999999977" classname="kmg01" name="kmg01_works_for_stratified_anlaysis"/>
    <testcase time="0.00600000000000023" classname="kmg01" name="kmg01_works_for_stratified_anlaysis"/>
  </testsuite>
  <testsuite name="lbt01" timestamp="2023-11-28T11:01:26Z" hostname="ca63c89f592d" tests="4" skipped="3" failures="0" errors="0" time="19.133">
    <testcase time="6.75700000000001" classname="lbt01" name="lbt01_functions_with_default_argument_value_return_expected_result_with_test_data">
      <skipped message="Reason: On CRAN ('test-lbt01.R:7:3')"/>
    </testcase>
    <testcase time="6.19" classname="lbt01" name="lbt01_functions_with_row_split_var_return_expected_result_with_test_data">
      <skipped message="Reason: On CRAN ('test-lbt01.R:16:3')"/>
    </testcase>
    <testcase time="2.21800000000002" classname="lbt01" name="lbt01_can_handle_n_0_and_outputs_NE_instead_of_infs_and_NAs"/>
    <testcase time="3.96799999999999" classname="lbt01" name="lbt01_can_handle_n_0_and_outputs_NE_instead_of_infs_and_NAs">
      <skipped message="Reason: On CRAN ('test-lbt01.R:29:3')"/>
    </testcase>
  </testsuite>
  <testsuite name="lbt04" timestamp="2023-11-28T11:01:45Z" hostname="ca63c89f592d" tests="8" skipped="4" failures="0" errors="0" time="5.816">
    <testcase time="1.85499999999999" classname="lbt04" name="lbt04_functions_with_default_argument_value_return_expected_result_with_test_data">
      <skipped message="Reason: On CRAN ('test-lbt04.R:7:3')"/>
    </testcase>
    <testcase time="0.14100000000002" classname="lbt04" name="lbt04_can_handle_all_NA_values"/>
    <testcase time="0.10299999999998" classname="lbt04" name="lbt04_can_handle_all_NA_values">
      <skipped message="Reason: On CRAN ('test-lbt04.R:20:3')"/>
    </testcase>
    <testcase time="0.696000000000026" classname="lbt04" name="lbt04_can_handle_missing_levels"/>
    <testcase time="1.16" classname="lbt04" name="lbt04_can_handle_missing_levels">
      <skipped message="Reason: On CRAN ('test-lbt04.R:31:3')"/>
    </testcase>
    <testcase time="0.697000000000003" classname="lbt04" name="lbt04_can_handle_some_NA_values"/>
    <testcase time="1.10299999999998" classname="lbt04" name="lbt04_can_handle_some_NA_values">
      <skipped message="Reason: On CRAN ('test-lbt04.R:39:3')"/>
    </testcase>
    <testcase time="0.061000000000007" classname="lbt04" name="lbt04_fails_on_incomlete_data"/>
  </testsuite>
  <testsuite name="lbt05" timestamp="2023-11-28T11:01:51Z" hostname="ca63c89f592d" tests="5" skipped="2" failures="0" errors="0" time="3.657">
    <testcase time="1.434" classname="lbt05" name="lbt05_functions_with_default_argument_value_return_expected_result_with_test_data">
      <skipped message="Reason: On CRAN ('test-lbt05.R:7:3')"/>
    </testcase>
    <testcase time="0.695999999999998" classname="lbt05" name="lbt05_give_all_0_count_if_ANRIND_are_all_missing"/>
    <testcase time="0.676999999999992" classname="lbt05" name="lbt05_can_handle_some_NA_values"/>
    <testcase time="0.76400000000001" classname="lbt05" name="lbt05_can_handle_some_NA_values">
      <skipped message="Reason: On CRAN ('test-lbt05.R:36:3')"/>
    </testcase>
    <testcase time="0.0860000000000127" classname="lbt05" name="lbt05_fails_on_incomlete_data"/>
  </testsuite>
  <testsuite name="lbt06" timestamp="2023-11-28T11:01:55Z" hostname="ca63c89f592d" tests="3" skipped="1" failures="0" errors="0" time="8.93">
    <testcase time="2.37199999999999" classname="lbt06" name="lbt06_gives_all_0_count_if_ANRIND_and_BNRIND_are_all_missing"/>
    <testcase time="6.476" classname="lbt06" name="lbt06_can_handle_some_NA_values">
      <skipped message="Reason: On CRAN ('test-lbt06.R:20:3')"/>
    </testcase>
    <testcase time="0.0819999999999936" classname="lbt06" name="lbt06_fails_on_incomplete_data"/>
  </testsuite>
  <testsuite name="lbt07" timestamp="2023-11-28T11:02:04Z" hostname="ca63c89f592d" tests="4" skipped="2" failures="0" errors="0" time="4.232">
    <testcase time="2.05800000000002" classname="lbt07" name="lbt07_functions_with_default_argument_value_return_expected_result_with_test_data">
      <skipped message="Reason: On CRAN ('test-lbt07.R:7:3')"/>
    </testcase>
    <testcase time="0.971000000000004" classname="lbt07" name="lbt07_can_handle_some_NA_values"/>
    <testcase time="1.12299999999999" classname="lbt07" name="lbt07_can_handle_some_NA_values">
      <skipped message="Reason: On CRAN ('test-lbt07.R:22:3')"/>
    </testcase>
    <testcase time="0.0799999999999841" classname="lbt07" name="lbt07_fails_on_incomlete_data"/>
  </testsuite>
  <testsuite name="lbt14" timestamp="2023-11-28T11:02:08Z" hostname="ca63c89f592d" tests="16" skipped="10" failures="0" errors="0" time="58.018">
    <testcase time="5.59200000000001" classname="lbt14" name="lbt14_functions_with_default_argument_value_return_expected_result_with_test_data">
      <skipped message="Reason: On CRAN ('test-lbt14.R:7:3')"/>
    </testcase>
    <testcase time="5.41499999999999" classname="lbt14" name="lbt14_functions_with_default_argument_value_return_expected_result_with_test_data_when_direction_high">
      <skipped message="Reason: On CRAN ('test-lbt14.R:14:3')"/>
    </testcase>
    <testcase time="4.70500000000001" classname="lbt14" name="lbt14_functions_with_gr_missing_excl_return_expected_result_with_test_data">
      <skipped message="Reason: On CRAN ('test-lbt14.R:21:3')"/>
    </testcase>
    <testcase time="4.863" classname="lbt14" name="lbt14_functions_with_gr_missing_gr_0_return_expected_result_with_test_data">
      <skipped message="Reason: On CRAN ('test-lbt14.R:28:3')"/>
    </testcase>
    <testcase time="2.316" classname="lbt14" name="lbt14_can_handle_all_NA_values"/>
    <testcase time="0.650999999999982" classname="lbt14" name="lbt14_can_handle_all_NA_values">
      <skipped message="Reason: On CRAN ('test-lbt14.R:41:3')"/>
    </testcase>
    <testcase time="2.959" classname="lbt14" name="lbt14_can_handle_some_NA_values"/>
    <testcase time="2.58100000000002" classname="lbt14" name="lbt14_can_handle_some_NA_values">
      <skipped message="Reason: On CRAN ('test-lbt14.R:60:3')"/>
    </testcase>
    <testcase time="10.179" classname="lbt14" name="lbt14_can_accept_different_gr_missing">
      <skipped message="Reason: On CRAN ('test-lbt14.R:67:3')"/>
    </testcase>
    <testcase time="0.0720000000000027" classname="lbt14" name="lbt14_fails_on_incomlete_data"/>
    <testcase time="2.46600000000001" classname="lbt14" name="lbt14_can_handle_all_NA_values_with_direction_high"/>
    <testcase time="0.656999999999982" classname="lbt14" name="lbt14_can_handle_all_NA_values_with_direction_high">
      <skipped message="Reason: On CRAN ('test-lbt14.R:92:3')"/>
    </testcase>
    <testcase time="3.036" classname="lbt14" name="lbt14_can_handle_some_NA_values_with_direction_high"/>
    <testcase time="2.64400000000001" classname="lbt14" name="lbt14_can_handle_some_NA_values_with_direction_high">
      <skipped message="Reason: On CRAN ('test-lbt14.R:111:3')"/>
    </testcase>
    <testcase time="9.82900000000001" classname="lbt14" name="lbt14_can_accept_different_gr_missing_with_direction_high">
      <skipped message="Reason: On CRAN ('test-lbt14.R:119:3')"/>
    </testcase>
    <testcase time="0.0529999999999973" classname="lbt14" name="lbt14_fails_on_incomlete_data"/>
  </testsuite>
  <testsuite name="lbt15" timestamp="2023-11-28T11:03:06Z" hostname="ca63c89f592d" tests="12" skipped="6" failures="0" errors="0" time="10.962">
    <testcase time="1.822" classname="lbt15" name="lbt15_functions_with_default_argument_value_return_expected_result_with_test_data">
      <skipped message="Reason: On CRAN ('test-lbt15.R:7:3')"/>
    </testcase>
    <testcase time="0.674000000000035" classname="lbt15" name="lbt15_can_handle_all_NA_values"/>
    <testcase time="1.15099999999995" classname="lbt15" name="lbt15_can_handle_all_NA_values">
      <skipped message="Reason: On CRAN ('test-lbt15.R:20:3')"/>
    </testcase>
    <testcase time="0.724000000000046" classname="lbt15" name="lbt15_can_handle_missing_levels"/>
    <testcase time="1.10699999999997" classname="lbt15" name="lbt15_can_handle_missing_levels">
      <skipped message="Reason: On CRAN ('test-lbt15.R:31:3')"/>
    </testcase>
    <testcase time="0.699999999999989" classname="lbt15" name="lbt15_can_handle_missing_levels_in_baseline"/>
    <testcase time="1.13800000000003" classname="lbt15" name="lbt15_can_handle_missing_levels_in_baseline">
      <skipped message="Reason: On CRAN ('test-lbt15.R:42:3')"/>
    </testcase>
    <testcase time="0.689999999999998" classname="lbt15" name="lbt15_can_handle_some_NA_values"/>
    <testcase time="1.10699999999997" classname="lbt15" name="lbt15_can_handle_some_NA_values">
      <skipped message="Reason: On CRAN ('test-lbt15.R:50:3')"/>
    </testcase>
    <testcase time="0.680000000000007" classname="lbt15" name="lbt15_can_handle_some_NA_values_in_baseline"/>
    <testcase time="1.10000000000002" classname="lbt15" name="lbt15_can_handle_some_NA_values_in_baseline">
      <skipped message="Reason: On CRAN ('test-lbt15.R:58:3')"/>
    </testcase>
    <testcase time="0.06899999999996" classname="lbt15" name="lbt15_fails_on_incomlete_data"/>
  </testsuite>
  <testsuite name="mht01" timestamp="2023-11-28T11:03:17Z" hostname="ca63c89f592d" tests="3" skipped="3" failures="0" errors="0" time="3.746">
    <testcase time="1.27100000000002" classname="mht01" name="mht01_functions_with_default_argument_value_return_expected_result_with_test_data">
      <skipped message="Reason: On CRAN ('test-mht01.R:7:3')"/>
    </testcase>
    <testcase time="1.22300000000001" classname="mht01" name="mht01_works">
      <skipped message="Reason: On CRAN ('test-mht01.R:15:3')"/>
    </testcase>
    <testcase time="1.25200000000001" classname="mht01" name="mht01_works_on_NULL_in_lbl_mhbodsys_or_lbl_mhdecod">
      <skipped message="Reason: On CRAN ('test-mht01.R:21:3')"/>
    </testcase>
  </testsuite>
  <testsuite name="mng01" timestamp="2023-11-28T11:03:21Z" hostname="ca63c89f592d" tests="14" skipped="7" failures="0" errors="0" time="12.893">
    <testcase time="1.80599999999998" classname="mng01" name="mng01_works_as_expected_with_default_argument_values"/>
    <testcase time="0.29000000000002" classname="mng01" name="mng01_works_as_expected_with_default_argument_values">
      <skipped message="Reason: On CRAN ('test-mng01.R:7:3')"/>
    </testcase>
    <testcase time="1.78500000000003" classname="mng01" name="mng01_works_as_expected_with_custom_argument_values"/>
    <testcase time="0.289999999999964" classname="mng01" name="mng01_works_as_expected_with_custom_argument_values">
      <skipped message="Reason: On CRAN ('test-mng01.R:25:3')"/>
    </testcase>
    <testcase time="1.75700000000001" classname="mng01" name="mng01_works_as_expected_with_custom_color_set"/>
    <testcase time="0.275000000000034" classname="mng01" name="mng01_works_as_expected_with_custom_color_set">
      <skipped message="Reason: On CRAN ('test-mng01.R:52:3')"/>
    </testcase>
    <testcase time="0.358000000000004" classname="mng01" name="mng01_works_with_table_NULL"/>
    <testcase time="0.361999999999966" classname="mng01" name="mng01_works_with_table_NULL">
      <skipped message="Reason: On CRAN ('test-mng01.R:63:3')"/>
    </testcase>
    <testcase time="2.00999999999999" classname="mng01" name="mng01_works_with_combination_of_x_variables"/>
    <testcase time="0.262999999999977" classname="mng01" name="mng01_works_with_combination_of_x_variables">
      <skipped message="Reason: On CRAN ('test-mng01.R:75:3')"/>
    </testcase>
    <testcase time="1.50900000000001" classname="mng01" name="mng01_works_with_numeric_x_variable"/>
    <testcase time="0.247000000000014" classname="mng01" name="mng01_works_with_numeric_x_variable">
      <skipped message="Reason: On CRAN ('test-mng01.R:89:3')"/>
    </testcase>
    <testcase time="1.68699999999995" classname="mng01" name="mng01_works_with_numeric_jitter"/>
    <testcase time="0.254000000000019" classname="mng01" name="mng01_works_with_numeric_jitter">
      <skipped message="Reason: On CRAN ('test-mng01.R:101:3')"/>
    </testcase>
  </testsuite>
  <testsuite name="pdt01" timestamp="2023-11-28T11:03:33Z" hostname="ca63c89f592d" tests="5" skipped="3" failures="0" errors="0" time="2.838">
    <testcase time="1.14499999999998" classname="pdt01" name="pdt01_function_with_default_argument_value_return_expected_result_with_test_data">
      <skipped message="Reason: On CRAN ('test-pdt01.R:7:3')"/>
    </testcase>
    <testcase time="0.187000000000012" classname="pdt01" name="pdt01_can_handle_all_NA_values"/>
    <testcase time="0.235000000000014" classname="pdt01" name="pdt01_can_handle_all_NA_values">
      <skipped message="Reason: On CRAN ('test-pdt01.R:21:3')"/>
    </testcase>
    <testcase time="0.48399999999998" classname="pdt01" name="pdt01_can_handle_some_NA_values"/>
    <testcase time="0.787000000000035" classname="pdt01" name="pdt01_can_handle_some_NA_values">
      <skipped message="Reason: On CRAN ('test-pdt01.R:36:3')"/>
    </testcase>
  </testsuite>
  <testsuite name="pdt02" timestamp="2023-11-28T11:03:36Z" hostname="ca63c89f592d" tests="5" skipped="3" failures="0" errors="0" time="1.795">
    <testcase time="0.585999999999956" classname="pdt02" name="pdt02_function_with_default_argument_value_return_expected_result_with_test_data">
      <skipped message="Reason: On CRAN ('test-pdt02.R:7:3')"/>
    </testcase>
    <testcase time="0.239000000000033" classname="pdt02" name="pdt02_can_handle_all_NA_values"/>
    <testcase time="0.255999999999972" classname="pdt02" name="pdt02_can_handle_all_NA_values">
      <skipped message="Reason: On CRAN ('test-pdt02.R:21:3')"/>
    </testcase>
    <testcase time="0.347000000000037" classname="pdt02" name="pdt02_can_handle_some_NA_values"/>
    <testcase time="0.366999999999962" classname="pdt02" name="pdt02_can_handle_some_NA_values">
      <skipped message="Reason: On CRAN ('test-pdt02.R:36:3')"/>
    </testcase>
  </testsuite>
  <testsuite name="reexports" timestamp="2023-11-28T11:03:38Z" hostname="ca63c89f592d" tests="2" skipped="0" failures="0" errors="0" time="0.049">
    <testcase time="0.035000000000025" classname="reexports" name="with_label_exported_correctly"/>
    <testcase time="0.01400000000001" classname="reexports" name="reformat_exported_correctly"/>
  </testsuite>
  <testsuite name="rmpt01" timestamp="2023-11-28T11:03:38Z" hostname="ca63c89f592d" tests="7" skipped="3" failures="0" errors="0" time="1.177">
    <testcase time="0.350999999999999" classname="rmpt01" name="rmpt01_function_with_default_argument_value_return_expected_result_with_test_data">
      <skipped message="Reason: On CRAN ('test-rmpt01.R:7:3')"/>
    </testcase>
    <testcase time="0.134000000000015" classname="rmpt01" name="rmpt01_can_handle_NA_values"/>
    <testcase time="0.203999999999951" classname="rmpt01" name="rmpt01_can_handle_NA_values">
      <skipped message="Reason: On CRAN ('test-rmpt01.R:17:3')"/>
    </testcase>
    <testcase time="0.137" classname="rmpt01" name="rmpt01_can_handle_some_NA_values"/>
    <testcase time="0.212000000000046" classname="rmpt01" name="rmpt01_can_handle_some_NA_values">
      <skipped message="Reason: On CRAN ('test-rmpt01.R:31:3')"/>
    </testcase>
    <testcase time="0.075999999999965" classname="rmpt01" name="rmpt01_fails_on_incomlete_data"/>
    <testcase time="0.0629999999999882" classname="rmpt01" name="rmpt01_fails_on_incomlete_data"/>
  </testsuite>
  <testsuite name="rmpt03" timestamp="2023-11-28T11:03:39Z" hostname="ca63c89f592d" tests="8" skipped="3" failures="0" errors="0" time="1.873">
    <testcase time="0.547000000000025" classname="rmpt03" name="rmpt03_function_with_default_argument_value_return_expected_result_with_test_data">
      <skipped message="Reason: On CRAN ('test-rmpt03.R:10:3')"/>
    </testcase>
    <testcase time="0.221000000000004" classname="rmpt03" name="rmpt03_can_handle_NA_values"/>
    <testcase time="0.326999999999998" classname="rmpt03" name="rmpt03_can_handle_NA_values">
      <skipped message="Reason: On CRAN ('test-rmpt03.R:22:3')"/>
    </testcase>
    <testcase time="0.238999999999976" classname="rmpt03" name="rmpt03_can_handle_some_NA_values"/>
    <testcase time="0.352000000000032" classname="rmpt03" name="rmpt03_can_handle_some_NA_values">
      <skipped message="Reason: On CRAN ('test-rmpt03.R:38:3')"/>
    </testcase>
    <testcase time="0.09699999999998" classname="rmpt03" name="rmpt03_fails_on_incomlete_data"/>
    <testcase time="0.0509999999999877" classname="rmpt03" name="rmpt03_fails_on_incomlete_data"/>
    <testcase time="0.0390000000000441" classname="rmpt03" name="rmpt03_fails_on_incomlete_data"/>
  </testsuite>
  <testsuite name="rmpt04" timestamp="2023-11-28T11:03:41Z" hostname="ca63c89f592d" tests="6" skipped="3" failures="0" errors="0" time="1.123">
    <testcase time="0.328999999999951" classname="rmpt04" name="rmpt04_function_with_default_argument_value_return_expected_result_with_test_data">
      <skipped message="Reason: On CRAN ('test-rmpt04.R:7:3')"/>
    </testcase>
    <testcase time="0.143000000000029" classname="rmpt04" name="rmpt04_can_handle_NA_values"/>
    <testcase time="0.196000000000026" classname="rmpt04" name="rmpt04_can_handle_NA_values">
      <skipped message="Reason: On CRAN ('test-rmpt04.R:17:3')"/>
    </testcase>
    <testcase time="0.146999999999991" classname="rmpt04" name="rmpt04_can_handle_some_NA_values"/>
    <testcase time="0.197999999999979" classname="rmpt04" name="rmpt04_can_handle_some_NA_values">
      <skipped message="Reason: On CRAN ('test-rmpt04.R:34:3')"/>
    </testcase>
    <testcase time="0.110000000000014" classname="rmpt04" name="rmpt04_fails_on_incomlete_data"/>
  </testsuite>
  <testsuite name="rmpt05" timestamp="2023-11-28T11:03:42Z" hostname="ca63c89f592d" tests="6" skipped="3" failures="0" errors="0" time="1.282">
    <testcase time="0.390999999999963" classname="rmpt05" name="rmpt05_function_with_default_argument_value_return_expected_result_with_test_data">
      <skipped message="Reason: On CRAN ('test-rmpt05.R:7:3')"/>
    </testcase>
    <testcase time="0.145000000000039" classname="rmpt05" name="rmpt05_can_handle_NA_values"/>
    <testcase time="0.243999999999971" classname="rmpt05" name="rmpt05_can_handle_NA_values">
      <skipped message="Reason: On CRAN ('test-rmpt05.R:17:3')"/>
    </testcase>
    <testcase time="0.175999999999988" classname="rmpt05" name="rmpt05_can_handle_some_NA_values"/>
    <testcase time="0.240000000000009" classname="rmpt05" name="rmpt05_can_handle_some_NA_values">
      <skipped message="Reason: On CRAN ('test-rmpt05.R:34:3')"/>
    </testcase>
    <testcase time="0.0860000000000127" classname="rmpt05" name="rmpt05_fails_on_incomlete_data"/>
  </testsuite>
  <testsuite name="rmpt06" timestamp="2023-11-28T11:03:44Z" hostname="ca63c89f592d" tests="4" skipped="3" failures="0" errors="0" time="3.144">
    <testcase time="1.03100000000001" classname="rmpt06" name="rmpt06_works_as_expected">
      <skipped message="Reason: On CRAN ('test-rmpt06.R:8:3')"/>
    </testcase>
    <testcase time="1.14499999999998" classname="rmpt06" name="rmpt06_works_as_expected_with_show_diff_TRUE">
      <skipped message="Reason: On CRAN ('test-rmpt06.R:16:3')"/>
    </testcase>
    <testcase time="0.456999999999994" classname="rmpt06" name="rmpt06_can_handle_all_NA_values"/>
    <testcase time="0.511000000000024" classname="rmpt06" name="rmpt06_can_handle_all_NA_values">
      <skipped message="Reason: On CRAN ('test-rmpt06.R:29:3')"/>
    </testcase>
  </testsuite>
  <testsuite name="rspt01" timestamp="2023-11-28T11:03:47Z" hostname="ca63c89f592d" tests="15" skipped="7" failures="0" errors="0" time="7.115">
    <testcase time="0.0690000000000168" classname="rspt01" name="rspt01_works_as_expected"/>
    <testcase time="0.586999999999989" classname="rspt01" name="rspt01_works_as_expected"/>
    <testcase time="0.449000000000012" classname="rspt01" name="rspt01_works_as_expected">
      <skipped message="Reason: On CRAN ('test-rspt01.R:5:3')"/>
    </testcase>
    <testcase time="0.587999999999965" classname="rspt01" name="rspt01_works_as_expected_for_stratified_and_unstratified_analysis"/>
    <testcase time="0.516999999999996" classname="rspt01" name="rspt01_works_as_expected_for_stratified_and_unstratified_analysis">
      <skipped message="Reason: On CRAN ('test-rspt01.R:17:3')"/>
    </testcase>
    <testcase time="0.491000000000042" classname="rspt01" name="rspt01_works_as_expected_for_unstratified_analysis_only"/>
    <testcase time="0.439999999999998" classname="rspt01" name="rspt01_works_as_expected_for_unstratified_analysis_only">
      <skipped message="Reason: On CRAN ('test-rspt01.R:36:3')"/>
    </testcase>
    <testcase time="0.514999999999986" classname="rspt01" name="rspt01_works_as_expected_for_stratified_analysis_only"/>
    <testcase time="0.423000000000002" classname="rspt01" name="rspt01_works_as_expected_for_stratified_analysis_only">
      <skipped message="Reason: On CRAN ('test-rspt01.R:55:3')"/>
    </testcase>
    <testcase time="0.576000000000022" classname="rspt01" name="rspt01_works_if_change_reference_group"/>
    <testcase time="0.468999999999994" classname="rspt01" name="rspt01_works_if_change_reference_group">
      <skipped message="Reason: On CRAN ('test-rspt01.R:74:3')"/>
    </testcase>
    <testcase time="0.545000000000016" classname="rspt01" name="rspt01_works_if_change_statistic_methods"/>
    <testcase time="0.440999999999974" classname="rspt01" name="rspt01_works_if_change_statistic_methods">
      <skipped message="Reason: On CRAN ('test-rspt01.R:97:3')"/>
    </testcase>
    <testcase time="0.54200000000003" classname="rspt01" name="rspt01_works_if_change_confidence_interval"/>
    <testcase time="0.462999999999965" classname="rspt01" name="rspt01_works_if_change_confidence_interval">
      <skipped message="Reason: On CRAN ('test-rspt01.R:123:3')"/>
    </testcase>
  </testsuite>
  <testsuite name="ttet01" timestamp="2023-11-28T11:03:54Z" hostname="ca63c89f592d" tests="9" skipped="4" failures="0" errors="0" time="6.268">
    <testcase time="0.0470000000000255" classname="ttet01" name="ttet01_works_as_expected"/>
    <testcase time="0.753999999999962" classname="ttet01" name="ttet01_works_as_expected"/>
    <testcase time="1.00100000000003" classname="ttet01" name="ttet01_works_as_expected">
      <skipped message="Reason: On CRAN ('test-ttet01.R:10:3')"/>
    </testcase>
    <testcase time="0.935000000000002" classname="ttet01" name="ttet01_works_as_expected_for_stratified_and_unstratified_analysis"/>
    <testcase time="0.783000000000015" classname="ttet01" name="ttet01_works_as_expected_for_stratified_and_unstratified_analysis">
      <skipped message="Reason: On CRAN ('test-ttet01.R:22:3')"/>
    </testcase>
    <testcase time="0.623999999999967" classname="ttet01" name="ttet01_works_as_expected_for_stratified_analysis_only"/>
    <testcase time="0.74799999999999" classname="ttet01" name="ttet01_works_as_expected_for_stratified_analysis_only">
      <skipped message="Reason: On CRAN ('test-ttet01.R:44:3')"/>
    </testcase>
    <testcase time="0.598000000000013" classname="ttet01" name="ttet01_works_if_change_reference_group"/>
    <testcase time="0.77800000000002" classname="ttet01" name="ttet01_works_if_change_reference_group">
      <skipped message="Reason: On CRAN ('test-ttet01.R:66:3')"/>
    </testcase>
  </testsuite>
  <testsuite name="utils" timestamp="2023-11-28T11:04:00Z" hostname="ca63c89f592d" tests="24" skipped="1" failures="0" errors="0" time="0.288">
    <testcase time="0.0329999999999586" classname="utils" name="h_format_dec_works_as_exected"/>
    <testcase time="0.00600000000002865" classname="utils" name="h_format_dec_works_as_exected"/>
    <testcase time="0.0029999999999859" classname="utils" name="h_format_dec_works_as_exected"/>
    <testcase time="0.00499999999999545" classname="utils" name="h_format_dec_works_as_exected"/>
    <testcase time="0.00300000000004275" classname="utils" name="h_format_dec_works_as_exected"/>
    <testcase time="0.00499999999999545" classname="utils" name="h_format_dec_works_as_exected"/>
    <testcase time="0.00399999999996226" classname="utils" name="h_format_dec_works_as_exected"/>
    <testcase time="0.00499999999999545" classname="utils" name="h_format_dec_works_as_exected"/>
    <testcase time="0.0040000000000191" classname="utils" name="h_format_dec_works_as_exected"/>
    <testcase time="0.00600000000002865" classname="utils" name="h_format_dec_works_as_exected"/>
    <testcase time="0.0029999999999859" classname="utils" name="h_format_dec_works_as_exected"/>
    <testcase time="0.00499999999999545" classname="utils" name="h_format_dec_works_as_exected"/>
    <testcase time="0.01400000000001" classname="utils" name="h_format_dec_works_as_expected_with_more_than_one_value"/>
    <testcase time="0.01400000000001" classname="utils" name="h_format_dec_works_as_expected_with_more_than_one_value"/>
    <testcase time="0.0149999999999864" classname="utils" name="h_format_dec_works_as_expected_with_NA_digits"/>
    <testcase time="0.0149999999999864" classname="utils" name="fuse_sequentially_works"/>
    <testcase time="0.01400000000001" classname="utils" name="fuse_sequentially_works"/>
    <testcase time="0.0120000000000005" classname="utils" name="grob_list_works"/>
    <testcase time="0.00200000000000955" classname="utils" name="grob_list_works"/>
    <testcase time="0.00599999999997181" classname="utils" name="grob_list_works"/>
    <testcase time="0.007000000000005" classname="utils" name="grob_list_works"/>
    <testcase time="0.0240000000000009" classname="utils" name="ifneeded_split_row_works_as_expected"/>
    <testcase time="0.0120000000000005" classname="utils" name="ifneeded_split_row_works_as_expected"/>
    <testcase time="0.0710000000000264" classname="utils" name="_unnamed_">
      <skipped message="Reason: On CRAN ('test-utils.R:88:1')"/>
    </testcase>
  </testsuite>
  <testsuite name="vst01" timestamp="2023-11-28T11:04:00Z" hostname="ca63c89f592d" tests="3" skipped="2" failures="0" errors="0" time="28.379">
    <testcase time="13.85" classname="vst01" name="vst01_functions_with_default_argument_value_return_expected_result_with_test_data">
      <skipped message="Reason: On CRAN ('test-vst01.R:7:3')"/>
    </testcase>
    <testcase time="5.32800000000003" classname="vst01" name="run_vst01_works_as_expected"/>
    <testcase time="9.20099999999996" classname="vst01" name="run_vst01_works_as_expected">
      <skipped message="Reason: On CRAN ('test-vst01.R:14:3')"/>
    </testcase>
  </testsuite>
  <testsuite name="vst02" timestamp="2023-11-28T11:04:29Z" hostname="ca63c89f592d" tests="2" skipped="2" failures="0" errors="0" time="1.91">
    <testcase time="0.961999999999989" classname="vst02" name="vst02_functions_with_default_argument_value_return_expected_result_with_test_data">
      <skipped message="Reason: On CRAN ('test-vst02.R:7:3')"/>
    </testcase>
    <testcase time="0.948000000000036" classname="vst02" name="vst02_functions_return_expected_result_with_test_data_when_excluding_subject_with_baseline_abnormality">
      <skipped message="Reason: On CRAN ('test-vst02.R:14:3')"/>
    </testcase>
  </testsuite>
</testsuites>
