<?xml version="1.0" encoding="UTF-8"?>
<testsuites>
  <testsuite name="ael01_nollt" timestamp="2024-08-01T15:15:30Z" hostname="f94cd30e170d" tests="14" skipped="0" failures="0" errors="0" time="1.168">
    <testcase time="0.0640000000000001" classname="ael01_nollt" name="ael01_nollt_works_with_admh_dataset"/>
    <testcase time="0.271" classname="ael01_nollt" name="ael01_nollt_works_with_admh_dataset"/>
    <testcase time="0.0289999999999999" classname="ael01_nollt" name="ael01_nollt_works_with_non_default_label"/>
    <testcase time="0.208" classname="ael01_nollt" name="ael01_nollt_works_with_non_default_label"/>
    <testcase time="0.0270000000000001" classname="ael01_nollt" name="ael01_nollt_can_handle_all_missing_values"/>
    <testcase time="0.0800000000000001" classname="ael01_nollt" name="ael01_nollt_can_handle_all_missing_values"/>
    <testcase time="0.0270000000000001" classname="ael01_nollt" name="ael01_nollt_can_handle_some_missing_values"/>
    <testcase time="0.126" classname="ael01_nollt" name="ael01_nollt_can_handle_some_missing_values"/>
    <testcase time="0.0230000000000001" classname="ael01_nollt" name="ael01_nollt_listing_can_be_split_by_an_additional_variable"/>
    <testcase time="0.00099999999999989" classname="ael01_nollt" name="ael01_nollt_listing_can_be_split_by_an_additional_variable"/>
    <testcase time="0.167" classname="ael01_nollt" name="ael01_nollt_listing_can_be_split_by_an_additional_variable"/>
    <testcase time="0.0230000000000001" classname="ael01_nollt" name="split_ael01_nollt_listing_do_not_display_missing_values"/>
    <testcase time="0.00099999999999989" classname="ael01_nollt" name="split_ael01_nollt_listing_do_not_display_missing_values"/>
    <testcase time="0.121" classname="ael01_nollt" name="split_ael01_nollt_listing_do_not_display_missing_values"/>
  </testsuite>
  <testsuite name="ael02" timestamp="2024-08-01T15:15:32Z" hostname="f94cd30e170d" tests="9" skipped="0" failures="0" errors="0" time="2.679">
    <testcase time="0.0700000000000003" classname="ael02" name="ael02_works_with_adae_dataset"/>
    <testcase time="0.00099999999999989" classname="ael02" name="ael02_works_with_adae_dataset"/>
    <testcase time="0.825" classname="ael02" name="ael02_works_with_adae_dataset"/>
    <testcase time="0.052" classname="ael02" name="ael02_can_handle_all_missing_values"/>
    <testcase time="0.000999999999999446" classname="ael02" name="ael02_can_handle_all_missing_values"/>
    <testcase time="0.861000000000001" classname="ael02" name="ael02_can_handle_all_missing_values"/>
    <testcase time="0.0509999999999993" classname="ael02" name="ael02_functions_work_as_expected"/>
    <testcase time="0.00100000000000033" classname="ael02" name="ael02_functions_work_as_expected"/>
    <testcase time="0.817" classname="ael02" name="ael02_functions_work_as_expected"/>
  </testsuite>
  <testsuite name="ael03" timestamp="2024-08-01T15:15:34Z" hostname="f94cd30e170d" tests="9" skipped="0" failures="0" errors="0" time="2.753">
    <testcase time="0.0679999999999996" classname="ael03" name="ael03_works_with_adae_dataset"/>
    <testcase time="0.00100000000000033" classname="ael03" name="ael03_works_with_adae_dataset"/>
    <testcase time="0.863" classname="ael03" name="ael03_works_with_adae_dataset"/>
    <testcase time="0.0520000000000005" classname="ael03" name="ael03_can_handle_all_missing_values"/>
    <testcase time="0.00100000000000033" classname="ael03" name="ael03_can_handle_all_missing_values"/>
    <testcase time="0.872999999999999" classname="ael03" name="ael03_can_handle_all_missing_values"/>
    <testcase time="0.0510000000000002" classname="ael03" name="ael03_functions_work_as_expected"/>
    <testcase time="0.00100000000000033" classname="ael03" name="ael03_functions_work_as_expected"/>
    <testcase time="0.842999999999999" classname="ael03" name="ael03_functions_work_as_expected"/>
  </testsuite>
  <testsuite name="aet01" timestamp="2024-08-01T15:15:37Z" hostname="f94cd30e170d" tests="13" skipped="0" failures="0" errors="0" time="3.304">
    <testcase time="0.435" classname="aet01" name="aet01_can_handle_all_NA_values"/>
    <testcase time="0.269" classname="aet01" name="aet01_can_handle_all_NA_values"/>
    <testcase time="0.279" classname="aet01" name="aet01_can_handle_all_NA_values"/>
    <testcase time="0.214" classname="aet01" name="aet01_can_handle_all_NA_values"/>
    <testcase time="0.26" classname="aet01" name="aet01_can_handle_some_NA_values"/>
    <testcase time="0.265000000000001" classname="aet01" name="aet01_can_handle_some_NA_values"/>
    <testcase time="0.211" classname="aet01" name="aet01_can_use_custom_anl_vars"/>
    <testcase time="0.16" classname="aet01" name="aet01_can_use_custom_anl_vars"/>
    <testcase time="0.0649999999999995" classname="aet01" name="aet01_fails_on_incomplete_data_input"/>
    <testcase time="0.460000000000001" classname="aet01" name="aet01_can_use_custom_medconcept_var"/>
    <testcase time="0.275" classname="aet01" name="aet01_can_use_custom_medconcept_var"/>
    <testcase time="0.181999999999999" classname="aet01" name="aet01_can_conditionally_show_the_number_of_withdrawal"/>
    <testcase time="0.229000000000001" classname="aet01" name="aet01_can_conditionally_show_the_number_of_withdrawal"/>
  </testsuite>
  <testsuite name="aet01_aesi" timestamp="2024-08-01T15:15:40Z" hostname="f94cd30e170d" tests="9" skipped="0" failures="0" errors="0" time="1.972">
    <testcase time="0.221" classname="aet01_aesi" name="aet01_aesi_can_handle_all_NA_values"/>
    <testcase time="0.243" classname="aet01_aesi" name="aet01_aesi_can_handle_all_NA_values"/>
    <testcase time="0.189" classname="aet01_aesi" name="aet01_aesi_can_handle_all_NA_values"/>
    <testcase time="0.208" classname="aet01_aesi" name="aet01_aesi_can_handle_all_NA_values"/>
    <testcase time="0.189" classname="aet01_aesi" name="aet01_aesi_can_handle_some_NA_values"/>
    <testcase time="0.241999999999999" classname="aet01_aesi" name="aet01_aesi_can_handle_some_NA_values"/>
    <testcase time="0.262" classname="aet01_aesi" name="aet01_aesi_works_with_ALL_argument"/>
    <testcase time="0.369999999999999" classname="aet01_aesi" name="aet01_aesi_works_with_ALL_argument"/>
    <testcase time="0.048" classname="aet01_aesi" name="aet01_aesi_check_fails_on_incomplete_data_input"/>
  </testsuite>
  <testsuite name="aet02" timestamp="2024-08-01T15:15:42Z" hostname="f94cd30e170d" tests="4" skipped="0" failures="0" errors="0" time="2.354">
    <testcase time="0.0489999999999995" classname="aet02" name="aet02_fails_on_incomplete_data_input"/>
    <testcase time="0.108000000000001" classname="aet02" name="aet02_handle_empty_data_input"/>
    <testcase time="1.457" classname="aet02" name="aet02_can_have_different_levels_of_row_split"/>
    <testcase time="0.739999999999998" classname="aet02" name="aet02_can_have_different_levels_of_row_split"/>
  </testsuite>
  <testsuite name="aet03" timestamp="2024-08-01T15:15:45Z" hostname="f94cd30e170d" tests="4" skipped="0" failures="0" errors="0" time="2.491">
    <testcase time="0.269000000000002" classname="aet03" name="aet03_can_handle_NA_values"/>
    <testcase time="0.244" classname="aet03" name="aet03_can_handle_NA_values"/>
    <testcase time="1.291" classname="aet03" name="aet03_can_handle_some_NA_values"/>
    <testcase time="0.686999999999998" classname="aet03" name="aet03_can_handle_some_NA_values"/>
  </testsuite>
  <testsuite name="aet04" timestamp="2024-08-01T15:15:47Z" hostname="f94cd30e170d" tests="12" skipped="0" failures="0" errors="0" time="11.199">
    <testcase time="0.428000000000001" classname="aet04" name="aet04_can_handle_NA_values"/>
    <testcase time="0.404" classname="aet04" name="aet04_can_handle_NA_values"/>
    <testcase time="0.400000000000002" classname="aet04" name="aet04_can_handle_NA_values"/>
    <testcase time="0.00399999999999778" classname="aet04" name="aet04_can_handle_NA_values"/>
    <testcase time="0.403000000000002" classname="aet04" name="aet04_can_handle_NA_values"/>
    <testcase time="0.398999999999997" classname="aet04" name="aet04_can_handle_NA_values"/>
    <testcase time="2.266" classname="aet04" name="aet04_can_handle_some_NA_values"/>
    <testcase time="1.122" classname="aet04" name="aet04_can_handle_some_NA_values"/>
    <testcase time="2.286" classname="aet04" name="aet04_can_handle_some_NA_values"/>
    <testcase time="0.00499999999999901" classname="aet04" name="aet04_can_handle_some_NA_values"/>
    <testcase time="2.301" classname="aet04" name="aet04_can_handle_some_NA_values"/>
    <testcase time="1.181" classname="aet04" name="aet04_can_handle_some_NA_values"/>
  </testsuite>
  <testsuite name="aet05" timestamp="2024-08-01T15:15:58Z" hostname="f94cd30e170d" tests="6" skipped="0" failures="0" errors="0" time="1.247">
    <testcase time="0.164000000000001" classname="aet05" name="aet05_can_handle_NA_values"/>
    <testcase time="0.253" classname="aet05" name="aet05_can_handle_NA_values"/>
    <testcase time="0.148" classname="aet05" name="aet05_can_handle_some_NA_values"/>
    <testcase time="0.274999999999999" classname="aet05" name="aet05_can_handle_some_NA_values"/>
    <testcase time="0.131" classname="aet05" name="aet05_can_handle_some_NA_values"/>
    <testcase time="0.276" classname="aet05" name="aet05_can_handle_some_NA_values"/>
  </testsuite>
  <testsuite name="aet05_all" timestamp="2024-08-01T15:15:59Z" hostname="f94cd30e170d" tests="6" skipped="0" failures="0" errors="0" time="1.225">
    <testcase time="0.151" classname="aet05_all" name="aet05_all_can_handle_NA_values"/>
    <testcase time="0.245000000000001" classname="aet05_all" name="aet05_all_can_handle_NA_values"/>
    <testcase time="0.151" classname="aet05_all" name="aet05_all_can_handle_some_NA_values"/>
    <testcase time="0.265999999999998" classname="aet05_all" name="aet05_all_can_handle_some_NA_values"/>
    <testcase time="0.147000000000002" classname="aet05_all" name="aet05_all_can_handle_some_NA_values"/>
    <testcase time="0.265000000000001" classname="aet05_all" name="aet05_all_can_handle_some_NA_values"/>
  </testsuite>
  <testsuite name="aet10" timestamp="2024-08-01T15:16:01Z" hostname="f94cd30e170d" tests="4" skipped="0" failures="0" errors="0" time="0.52">
    <testcase time="0.0829999999999984" classname="aet10" name="aet10_can_handle_NA_values"/>
    <testcase time="0.109999999999999" classname="aet10" name="aet10_can_handle_NA_values"/>
    <testcase time="0.106999999999999" classname="aet10" name="aet10_can_handle_some_NA_values"/>
    <testcase time="0.219999999999999" classname="aet10" name="aet10_can_handle_some_NA_values"/>
  </testsuite>
  <testsuite name="assertions" timestamp="2024-08-01T15:16:01Z" hostname="f94cd30e170d" tests="33" skipped="0" failures="0" errors="0" time="0.175">
    <testcase time="0.00800000000000267" classname="assertions" name="assert_valid_var.character_works_as_expected"/>
    <testcase time="0.00500000000000256" classname="assertions" name="assert_valid_var.character_works_as_expected"/>
    <testcase time="0.00399999999999778" classname="assertions" name="assert_valid_var.character_works_as_expected"/>
    <testcase time="0.00500000000000256" classname="assertions" name="assert_valid_var.character_works_as_expected"/>
    <testcase time="0.000999999999997669" classname="assertions" name="assert_valid_var.character_works_as_expected"/>
    <testcase time="0.00500000000000256" classname="assertions" name="assert_valid_var.factor_works_as_expected"/>
    <testcase time="0.00399999999999778" classname="assertions" name="assert_valid_var.factor_works_as_expected"/>
    <testcase time="0.00500000000000256" classname="assertions" name="assert_valid_var.factor_works_as_expected"/>
    <testcase time="0.00399999999999778" classname="assertions" name="assert_valid_var.factor_works_as_expected"/>
    <testcase time="0.00200000000000244" classname="assertions" name="assert_valid_var.factor_works_as_expected"/>
    <testcase time="0.00399999999999778" classname="assertions" name="assert_valid_var.logical_works_as_expected"/>
    <testcase time="0.00499999999999545" classname="assertions" name="assert_valid_var.logical_works_as_expected"/>
    <testcase time="0.00400000000000489" classname="assertions" name="assert_valid_var.logical_works_as_expected"/>
    <testcase time="0.00199999999999534" classname="assertions" name="assert_valid_var.logical_works_as_expected"/>
    <testcase time="0.00400000000000489" classname="assertions" name="assert_valid_var.numeric_works_as_expected"/>
    <testcase time="0.00499999999999545" classname="assertions" name="assert_valid_var.numeric_works_as_expected"/>
    <testcase time="0.00400000000000489" classname="assertions" name="assert_valid_var.numeric_works_as_expected"/>
    <testcase time="0.00199999999999534" classname="assertions" name="assert_valid_var.numeric_works_as_expected"/>
    <testcase time="0.00400000000000489" classname="assertions" name="assert_valid_var.numeric_works_as_expected"/>
    <testcase time="0.0069999999999979" classname="assertions" name="assert_valid_var.numeric_works_as_expected"/>
    <testcase time="0.0189999999999984" classname="assertions" name="assert_valid_var.POSIXct_works_as_expected"/>
    <testcase time="0.0189999999999984" classname="assertions" name="assert_valid_var.POSIXct_works_as_expected"/>
    <testcase time="0.00600000000000023" classname="assertions" name="assert_valid_variable_works_as_expected"/>
    <testcase time="0.00300000000000011" classname="assertions" name="assert_valid_variable_works_as_expected"/>
    <testcase time="0.007000000000005" classname="assertions" name="assert_valid_variable_works_as_expected"/>
    <testcase time="0.00199999999999534" classname="assertions" name="assert_valid_variable_works_as_expected"/>
    <testcase time="0.007000000000005" classname="assertions" name="assert_valid_variable_works_as_expected"/>
    <testcase time="0.00199999999999534" classname="assertions" name="assert_valid_variable_works_as_expected"/>
    <testcase time="0.00500000000000256" classname="assertions" name="assert_valid_var_pair_works_as_expected_with_character"/>
    <testcase time="0.00500000000000256" classname="assertions" name="assert_valid_var_pair_works_as_expected_with_character"/>
    <testcase time="0.00499999999999545" classname="assertions" name="assert_valid_var_pair_works_as_expected_with_factor"/>
    <testcase time="0.00600000000000023" classname="assertions" name="assert_valid_var_pair_works_as_expected_with_factor"/>
    <testcase time="0.00500000000000256" classname="assertions" name="assert_valid_var_pair_works_as_expected_with_factor"/>
  </testsuite>
  <testsuite name="cfbt01" timestamp="2024-08-01T15:16:01Z" hostname="f94cd30e170d" tests="3" skipped="0" failures="0" errors="0" time="8.632">
    <testcase time="6.431" classname="cfbt01" name="cfbt01_functions_with_default_argument_value_return_expected_result_with_test_data"/>
    <testcase time="0.734000000000002" classname="cfbt01" name="cfbt01_can_handle_n_0_and_outputs_NE_instead_of_infs_and_NAs"/>
    <testcase time="1.467" classname="cfbt01" name="cfbt01_can_handle_n_0_and_outputs_NE_instead_of_infs_and_NAs"/>
  </testsuite>
  <testsuite name="checks" timestamp="2024-08-01T15:16:10Z" hostname="f94cd30e170d" tests="8" skipped="0" failures="0" errors="0" time="0.025">
    <testcase time="0.00800000000000267" classname="checks" name="check_all_colnames_works_as_expected"/>
    <testcase time="0.00300000000000011" classname="checks" name="check_all_colnames_works_as_expected"/>
    <testcase time="0.000999999999997669" classname="checks" name="check_all_colnames_works_as_expected"/>
    <testcase time="0.00300000000000011" classname="checks" name="check_all_colnames_works_as_expected"/>
    <testcase time="0.00399999999999778" classname="checks" name="check_one_colnames_works_as_expected"/>
    <testcase time="0.00300000000000011" classname="checks" name="check_one_colnames_works_as_expected"/>
    <testcase time="0.00100000000000477" classname="checks" name="check_one_colnames_works_as_expected"/>
    <testcase time="0.00200000000000244" classname="checks" name="check_one_colnames_works_as_expected"/>
  </testsuite>
  <testsuite name="chevron_tlg-class" timestamp="2024-08-01T15:16:10Z" hostname="f94cd30e170d" tests="27" skipped="0" failures="0" errors="0" time="0.085">
    <testcase time="0.00799999999999557" classname="chevron_tlg_class" name="chevron_t_object_can_be_constructed_with_default_values"/>
    <testcase time="0.00300000000000011" classname="chevron_tlg_class" name="chevron_t_object_can_be_constructed_with_default_values"/>
    <testcase time="0.00500000000000256" classname="chevron_tlg_class" name="chevron_t_object_can_be_constructed_with_custom_values"/>
    <testcase time="0.00300000000000011" classname="chevron_tlg_class" name="chevron_t_object_can_be_constructed_with_custom_values"/>
    <testcase time="0.00200000000000244" classname="chevron_tlg_class" name="chevron_t_object_can_be_constructed_with_custom_values"/>
    <testcase time="0.00300000000000011" classname="chevron_tlg_class" name="chevron_t_object_can_be_constructed_with_custom_values"/>
    <testcase time="0.00499999999999545" classname="chevron_tlg_class" name="chevron_t_constructor_returns_an_error_when_expected"/>
    <testcase time="0.00100000000000477" classname="chevron_tlg_class" name="chevron_t_constructor_returns_an_error_when_expected"/>
    <testcase time="0.000999999999997669" classname="chevron_tlg_class" name="chevron_t_constructor_returns_an_error_when_expected"/>
    <testcase time="0.000999999999997669" classname="chevron_tlg_class" name="chevron_t_constructor_returns_an_error_when_expected"/>
    <testcase time="0.000999999999997669" classname="chevron_tlg_class" name="chevron_t_constructor_returns_an_error_when_expected"/>
    <testcase time="0.00100000000000477" classname="chevron_tlg_class" name="chevron_t_constructor_returns_an_error_when_expected"/>
    <testcase time="0.00600000000000023" classname="chevron_tlg_class" name="chevron_l_object_can_be_constructed_with_default_values"/>
    <testcase time="0.00300000000000011" classname="chevron_tlg_class" name="chevron_l_object_can_be_constructed_with_default_values"/>
    <testcase time="0.00499999999999545" classname="chevron_tlg_class" name="chevron_g_object_can_be_constructed_with_custom_values"/>
    <testcase time="0.00300000000000011" classname="chevron_tlg_class" name="chevron_g_object_can_be_constructed_with_custom_values"/>
    <testcase time="0.00200000000000244" classname="chevron_tlg_class" name="chevron_g_object_can_be_constructed_with_custom_values"/>
    <testcase time="0.00300000000000011" classname="chevron_tlg_class" name="chevron_g_object_can_be_constructed_with_custom_values"/>
    <testcase time="0.00500000000000256" classname="chevron_tlg_class" name="chevron_g_constructor_returns_an_error_when_expected"/>
    <testcase time="0.000999999999997669" classname="chevron_tlg_class" name="chevron_g_constructor_returns_an_error_when_expected"/>
    <testcase time="0.000999999999997669" classname="chevron_tlg_class" name="chevron_g_constructor_returns_an_error_when_expected"/>
    <testcase time="0.00100000000000477" classname="chevron_tlg_class" name="chevron_g_constructor_returns_an_error_when_expected"/>
    <testcase time="0.00199999999999534" classname="chevron_tlg_class" name="chevron_g_constructor_returns_an_error_when_expected"/>
    <testcase time="0.00100000000000477" classname="chevron_tlg_class" name="chevron_g_constructor_returns_an_error_when_expected"/>
    <testcase time="0.00600000000000023" classname="chevron_tlg_class" name="chevron_simple_works_correctly"/>
    <testcase time="0.00199999999999534" classname="chevron_tlg_class" name="chevron_simple_works_correctly"/>
    <testcase time="0.0100000000000051" classname="chevron_tlg_class" name="chevron_simple_errors_if_contains_return"/>
  </testsuite>
  <testsuite name="chevron_tlg-methods" timestamp="2024-08-01T15:16:10Z" hostname="f94cd30e170d" tests="40" skipped="1" failures="0" errors="0" time="7.88">
    <testcase time="1.586" classname="chevron_tlg_methods" name="run_works_as_expected_for_chevron_t_object"/>
    <testcase time="0.576999999999998" classname="chevron_tlg_methods" name="run_works_as_expected_for_chevron_t_object_when_auto_pre_FALSE"/>
    <testcase time="0.290999999999997" classname="chevron_tlg_methods" name="run_works_as_expected_with_argument_printed"/>
    <testcase time="0.264000000000003" classname="chevron_tlg_methods" name="run_works_as_expected_with_argument_printed"/>
    <testcase time="0.399999999999999" classname="chevron_tlg_methods" name="run_works_as_expected_with_argument_printed_if_the_user_argument_is_complicated"/>
    <testcase time="0.366" classname="chevron_tlg_methods" name="run_works_as_expected_with_argument_printed_if_the_user_argument_is_complicated"/>
    <testcase time="0.404000000000003" classname="chevron_tlg_methods" name="run_uses_the_argument_passed_through_the_ellipsis_in_priority"/>
    <testcase time="0.356000000000002" classname="chevron_tlg_methods" name="run_uses_the_argument_passed_through_the_ellipsis_in_priority"/>
    <testcase time="0.300999999999995" classname="chevron_tlg_methods" name="run_works_as_expected_with_partial_match_argument"/>
    <testcase time="0.271000000000001" classname="chevron_tlg_methods" name="run_works_as_expected_with_partial_match_argument"/>
    <testcase time="0.402999999999999" classname="chevron_tlg_methods" name="run_displays_the_symbols_when_available"/>
    <testcase time="0.353000000000002" classname="chevron_tlg_methods" name="run_displays_the_symbols_when_available"/>
    <testcase time="0.00500000000000256" classname="chevron_tlg_methods" name="args_ls_works_as_expected"/>
    <testcase time="0.000999999999997669" classname="chevron_tlg_methods" name="args_ls_works_as_expected"/>
    <testcase time="0.000999999999997669" classname="chevron_tlg_methods" name="args_ls_works_as_expected"/>
    <testcase time="0.00400000000000489" classname="chevron_tlg_methods" name="args_ls_works_as_expected_when_simplify_is_TRUE"/>
    <testcase time="0.000999999999997669" classname="chevron_tlg_methods" name="args_ls_works_as_expected_when_simplify_is_TRUE"/>
    <testcase time="0.000999999999997669" classname="chevron_tlg_methods" name="args_ls_works_as_expected_when_simplify_is_TRUE"/>
    <testcase time="0.00600000000000023" classname="chevron_tlg_methods" name="args_ls_works_as_expected_with_custom_chevron_tlg_object"/>
    <testcase time="0.00100000000000477" classname="chevron_tlg_methods" name="args_ls_works_as_expected_with_custom_chevron_tlg_object"/>
    <testcase time="0.000999999999997669" classname="chevron_tlg_methods" name="args_ls_works_as_expected_with_custom_chevron_tlg_object"/>
    <testcase time="0.00200000000000244" classname="chevron_tlg_methods" name="args_ls_works_as_expected_with_custom_chevron_tlg_object"/>
    <testcase time="0.00600000000000023" classname="chevron_tlg_methods" name="main_works_as_expected"/>
    <testcase time="0.00600000000000023" classname="chevron_tlg_methods" name="main_setter_works_as_expected"/>
    <testcase time="0.00999999999999801" classname="chevron_tlg_methods" name="main_setter_throw_an_error_as_expected"/>
    <testcase time="0.00600000000000023" classname="chevron_tlg_methods" name="preprocess_works_as_expected"/>
    <testcase time="0.00500000000000256" classname="chevron_tlg_methods" name="preprocess_setter_works_as_expected"/>
    <testcase time="0.00999999999999801" classname="chevron_tlg_methods" name="preprocess_sends_an_error_as_expected"/>
    <testcase time="0.00600000000000023" classname="chevron_tlg_methods" name="postprocess_works_as_expected"/>
    <testcase time="0.00600000000000023" classname="chevron_tlg_methods" name="postprocess_setter_works_as_expected"/>
    <testcase time="0.00999999999999801" classname="chevron_tlg_methods" name="postprocess_sends_an_error_as_expected"/>
    <testcase time="0.00399999999999778" classname="chevron_tlg_methods" name="script_funs_works_as_expected_in_interactive_mode">
      <skipped message="Reason: !interactive() is TRUE ('test-chevron_tlg-methods.R:185:3')"/>
    </testcase>
    <testcase time="0.0140000000000029" classname="chevron_tlg_methods" name="script_funs_works_as_expected"/>
    <testcase time="0.000999999999997669" classname="chevron_tlg_methods" name="script_funs_works_as_expected"/>
    <testcase time="1.068" classname="chevron_tlg_methods" name="script_funs_generates_a_valid_script"/>
    <testcase time="1.073" classname="chevron_tlg_methods" name="script_funs_generates_a_valid_script"/>
    <testcase time="0.00599999999999312" classname="chevron_tlg_methods" name="script_funs_works_for_simple_template"/>
    <testcase time="0.00100000000000477" classname="chevron_tlg_methods" name="script_funs_works_for_simple_template"/>
    <testcase time="0.0289999999999964" classname="chevron_tlg_methods" name="print_list_works"/>
    <testcase time="0.0240000000000009" classname="chevron_tlg_methods" name="print_list_works_for_empty_list"/>
  </testsuite>
  <testsuite name="cmt01a" timestamp="2024-08-01T15:16:18Z" hostname="f94cd30e170d" tests="6" skipped="0" failures="0" errors="0" time="3.713">
    <testcase time="1.11499999999999" classname="cmt01a" name="cmt01a_functions_with_default_argument_value_return_expected_result_with_test_data"/>
    <testcase time="1.049" classname="cmt01a" name="cmt01a_functions_with_custom_argument_value_return_expected_result_with_test_data"/>
    <testcase time="0.150000000000006" classname="cmt01a" name="cmt01a_can_handle_all_NA_values"/>
    <testcase time="0.169999999999995" classname="cmt01a" name="cmt01a_can_handle_all_NA_values"/>
    <testcase time="0.627000000000002" classname="cmt01a" name="cmt01a_can_handle_some_NA_values"/>
    <testcase time="0.601999999999997" classname="cmt01a" name="cmt01a_can_handle_some_NA_values"/>
  </testsuite>
  <testsuite name="cmt02_pt" timestamp="2024-08-01T15:16:22Z" hostname="f94cd30e170d" tests="4" skipped="0" failures="0" errors="0" time="0.621">
    <testcase time="0.102000000000004" classname="cmt02_pt" name="cmt02_pt_can_handle_all_NA_values"/>
    <testcase time="0.140999999999998" classname="cmt02_pt" name="cmt02_pt_can_handle_all_NA_values"/>
    <testcase time="0.146000000000001" classname="cmt02_pt" name="cmt02_pt_can_handle_some_NA_values"/>
    <testcase time="0.231999999999999" classname="cmt02_pt" name="cmt02_pt_can_handle_some_NA_values"/>
  </testsuite>
  <testsuite name="coxt01" timestamp="2024-08-01T15:16:22Z" hostname="f94cd30e170d" tests="9" skipped="0" failures="0" errors="0" time="1.816">
    <testcase time="0.369" classname="coxt01" name="coxt01_can_handle_some_NA_values"/>
    <testcase time="0.195" classname="coxt01" name="coxt01_can_handle_some_NA_values"/>
    <testcase time="0.297000000000004" classname="coxt01" name="coxt01_can_handle_some_NA_values"/>
    <testcase time="0.193999999999996" classname="coxt01" name="coxt01_can_handle_some_NA_values"/>
    <testcase time="0.183999999999997" classname="coxt01" name="coxt01_can_handle_some_NA_values"/>
    <testcase time="0.182000000000002" classname="coxt01" name="coxt01_can_handle_some_NA_values"/>
    <testcase time="0.198" classname="coxt01" name="coxt01_can_handle_some_NA_values"/>
    <testcase time="0.183" classname="coxt01" name="coxt01_can_handle_some_NA_values"/>
    <testcase time="0.0140000000000029" classname="coxt01" name="coxt01_fails_on_incomlete_data"/>
  </testsuite>
  <testsuite name="coxt02" timestamp="2024-08-01T15:16:24Z" hostname="f94cd30e170d" tests="9" skipped="0" failures="0" errors="0" time="2.524">
    <testcase time="0.527999999999999" classname="coxt02" name="coxt02_can_handle_some_NA_values"/>
    <testcase time="0.250999999999998" classname="coxt02" name="coxt02_can_handle_some_NA_values"/>
    <testcase time="0.681000000000004" classname="coxt02" name="coxt02_can_handle_some_NA_values"/>
    <testcase time="0.220999999999997" classname="coxt02" name="coxt02_can_handle_some_NA_values"/>
    <testcase time="0.231000000000002" classname="coxt02" name="coxt02_can_handle_some_NA_values"/>
    <testcase time="0.18" classname="coxt02" name="coxt02_can_handle_some_NA_values"/>
    <testcase time="0.240000000000002" classname="coxt02" name="coxt02_can_handle_some_NA_values"/>
    <testcase time="0.177999999999997" classname="coxt02" name="coxt02_can_handle_some_NA_values"/>
    <testcase time="0.0140000000000029" classname="coxt02" name="coxt02_fails_on_incomlete_data"/>
  </testsuite>
  <testsuite name="default_tlg" timestamp="2024-08-01T15:16:27Z" hostname="f94cd30e170d" tests="15" skipped="0" failures="0" errors="0" time="10.927">
    <testcase time="0.147999999999996" classname="default_tlg" name="ael01_nollt_function_with_default_argument_value_return_expected_result_with_test_data"/>
    <testcase time="0.515000000000001" classname="default_tlg" name="aet01_function_with_default_argument_value_return_expected_result_with_test_data"/>
    <testcase time="0.456000000000003" classname="default_tlg" name="aet01_aesi_function_with_default_argument_value_return_expected_result_with_test_data"/>
    <testcase time="0.900999999999996" classname="default_tlg" name="aet02_functions_with_default_argument_value_return_expected_result_with_test_data"/>
    <testcase time="1.964" classname="default_tlg" name="aet03_functions_with_default_argument_value_return_expected_result_with_test_data"/>
    <testcase time="3.001" classname="default_tlg" name="aet04_functions_with_default_argument_value_return_expected_result_with_test_data"/>
    <testcase time="0.393000000000001" classname="default_tlg" name="aet05_functions_with_default_argument_value_return_expected_result_with_test_data"/>
    <testcase time="0.403000000000006" classname="default_tlg" name="aet05_all_functions_with_default_argument_value_return_expected_result_with_test_data"/>
    <testcase time="0.295999999999992" classname="default_tlg" name="aet10_functions_with_default_argument_value_return_expected_result_with_test_data"/>
    <testcase time="0.357000000000014" classname="default_tlg" name="cmt02_pt_functions_with_default_argument_value_return_expected_result_with_test_data"/>
    <testcase time="0.508999999999986" classname="default_tlg" name="coxt01_functions_with_default_argument_value_return_expected_result_with_test_data"/>
    <testcase time="0.749000000000009" classname="default_tlg" name="coxt02_functions_with_default_argument_value_return_expected_result_with_test_data"/>
    <testcase time="0.593999999999994" classname="default_tlg" name="dmt01_functions_with_default_argument_value_return_expected_result_with_test_data"/>
    <testcase time="0.381" classname="default_tlg" name="dst01_functions_with_default_argument_value_return_expected_result_with_test_data"/>
    <testcase time="0.260000000000005" classname="default_tlg" name="dtht01_functions_with_default_argument_value_return_expected_result_with_test_data"/>
  </testsuite>
  <testsuite name="dmt01" timestamp="2024-08-01T15:16:38Z" hostname="f94cd30e170d" tests="19" skipped="0" failures="0" errors="0" time="4.232">
    <testcase time="0.201999999999998" classname="dmt01" name="dmt01_can_handle_NA_values"/>
    <testcase time="0.304000000000002" classname="dmt01" name="dmt01_can_handle_NA_values"/>
    <testcase time="0.200999999999993" classname="dmt01" name="dmt01_can_handle_numeric_NA_values"/>
    <testcase time="0.39200000000001" classname="dmt01" name="dmt01_can_handle_numeric_NA_values"/>
    <testcase time="0.0159999999999911" classname="dmt01" name="dmt01_returns_an_error_when_variables_are_of_the_wrong_type"/>
    <testcase time="0.13900000000001" classname="dmt01" name="dmt01_works_as_expected_with_setting_default_precision"/>
    <testcase time="0.306999999999988" classname="dmt01" name="dmt01_works_as_expected_with_setting_default_precision"/>
    <testcase time="0.160000000000011" classname="dmt01" name="dmt01_works_as_expected_with_auto_precision_settings"/>
    <testcase time="0.375" classname="dmt01" name="dmt01_works_as_expected_with_auto_precision_settings"/>
    <testcase time="0.155999999999992" classname="dmt01" name="dmt01_works_as_expected_with_auto_precision_settings_and_defined_precision"/>
    <testcase time="0.349000000000004" classname="dmt01" name="dmt01_works_as_expected_with_auto_precision_settings_and_defined_precision"/>
    <testcase time="0.161999999999992" classname="dmt01" name="dmt01_works_as_expected_with_auto_precision_settings_and_defined_precision_and_default"/>
    <testcase time="0.308000000000007" classname="dmt01" name="dmt01_works_as_expected_with_auto_precision_settings_and_defined_precision_and_default"/>
    <testcase time="0.141000000000005" classname="dmt01" name="dmt01_works_as_expected_with_cutomized_stats_value"/>
    <testcase time="0.286000000000001" classname="dmt01" name="dmt01_works_as_expected_with_cutomized_stats_value"/>
    <testcase time="0.154999999999987" classname="dmt01" name="dmt01_works_as_expected_with_empty_list_as_stats_value"/>
    <testcase time="0.304000000000002" classname="dmt01" name="dmt01_works_as_expected_with_empty_list_as_stats_value"/>
    <testcase time="0.0910000000000082" classname="dmt01" name="dmt01_works_as_expected_with_only_one_summaryvars"/>
    <testcase time="0.183999999999997" classname="dmt01" name="dmt01_works_as_expected_with_only_one_summaryvars"/>
  </testsuite>
  <testsuite name="dst01" timestamp="2024-08-01T15:16:42Z" hostname="f94cd30e170d" tests="14" skipped="0" failures="0" errors="0" time="2.501">
    <testcase time="0.138999999999996" classname="dst01" name="dst01_works_as_expected_when_all_data_are_NA"/>
    <testcase time="0.0720000000000027" classname="dst01" name="dst01_works_as_expected_when_all_data_are_NA"/>
    <testcase time="0.125" classname="dst01" name="dst01_can_handle_all_NA_values_in_DCSREAS"/>
    <testcase time="0.143000000000001" classname="dst01" name="dst01_can_handle_all_NA_values_in_DCSREAS"/>
    <testcase time="0.167000000000002" classname="dst01" name="dst01_can_handle_some_NA_values"/>
    <testcase time="0.227999999999994" classname="dst01" name="dst01_can_handle_some_NA_values"/>
    <testcase time="0.13000000000001" classname="dst01" name="dst01_can_handle_missing_levels_in_status_var"/>
    <testcase time="0.0809999999999889" classname="dst01" name="dst01_can_handle_missing_levels_in_status_var"/>
    <testcase time="0.183000000000007" classname="dst01" name="dst01_can_create_variants"/>
    <testcase time="0.219999999999999" classname="dst01" name="dst01_can_create_variants"/>
    <testcase time="0.219999999999999" classname="dst01" name="dst01_can_create_variants"/>
    <testcase time="0.248000000000005" classname="dst01" name="dst01_can_create_variants"/>
    <testcase time="0.250999999999991" classname="dst01" name="dst01_can_create_variants"/>
    <testcase time="0.294000000000011" classname="dst01" name="dst01_can_create_variants"/>
  </testsuite>
  <testsuite name="dtht01" timestamp="2024-08-01T15:16:44Z" hostname="f94cd30e170d" tests="5" skipped="0" failures="0" errors="0" time="1.436">
    <testcase time="0.11099999999999" classname="dtht01" name="dtht01_can_handle_all_NA_values"/>
    <testcase time="0.170000000000002" classname="dtht01" name="dtht01_can_handle_all_NA_values"/>
    <testcase time="0.231000000000009" classname="dtht01" name="dtht01_can_handle_some_NA_values"/>
    <testcase time="0.347999999999999" classname="dtht01" name="dtht01_can_handle_some_NA_values"/>
    <testcase time="0.575999999999993" classname="dtht01" name="dtht01_can_be_parametrize_as_expected"/>
  </testsuite>
  <testsuite name="egt01" timestamp="2024-08-01T15:16:46Z" hostname="f94cd30e170d" tests="3" skipped="0" failures="0" errors="0" time="6.498">
    <testcase time="3.428" classname="egt01" name="egt01_functions_with_default_argument_value_return_expected_result_with_test_data"/>
    <testcase time="1.137" classname="egt01" name="egt01_can_handle_n_0_and_outputs_NE_instead_of_infs_and_NAs"/>
    <testcase time="1.93300000000001" classname="egt01" name="egt01_can_handle_n_0_and_outputs_NE_instead_of_infs_and_NAs"/>
  </testsuite>
  <testsuite name="egt02" timestamp="2024-08-01T15:16:52Z" hostname="f94cd30e170d" tests="2" skipped="0" failures="0" errors="0" time="0.626">
    <testcase time="0.326999999999998" classname="egt02" name="egt02_1_functions_with_default_argument_value_return_expected_result_with_test_data"/>
    <testcase time="0.298999999999992" classname="egt02" name="egt02_2_functions_with_default_value_return_expected_result_with_test_data"/>
  </testsuite>
  <testsuite name="egt03" timestamp="2024-08-01T15:16:53Z" hostname="f94cd30e170d" tests="5" skipped="0" failures="0" errors="0" time="2.954">
    <testcase time="1.44800000000001" classname="egt03" name="egt03_functions_with_default_argument_value_return_expected_result_with_test_data"/>
    <testcase time="0.0219999999999914" classname="egt03" name="egt03_errors_on_all_NA_values"/>
    <testcase time="0.451999999999998" classname="egt03" name="egt03_can_handle_some_NA_values"/>
    <testcase time="1.01700000000001" classname="egt03" name="egt03_can_handle_some_NA_values"/>
    <testcase time="0.0150000000000006" classname="egt03" name="egt03_fails_on_incomplete_data"/>
  </testsuite>
  <testsuite name="egt05_qtcat" timestamp="2024-08-01T15:16:56Z" hostname="f94cd30e170d" tests="4" skipped="0" failures="0" errors="0" time="3.245">
    <testcase time="2.08399999999999" classname="egt05_qtcat" name="egt05_qtcat_functions_with_default_argument_value_return_expected_result_with_test_data"/>
    <testcase time="0.0200000000000102" classname="egt05_qtcat" name="egt05_qtcat_erros_on_all_NA_values"/>
    <testcase time="0.36999999999999" classname="egt05_qtcat" name="egt05_qtcat_can_handle_some_NA_values"/>
    <testcase time="0.771000000000001" classname="egt05_qtcat" name="egt05_qtcat_can_handle_some_NA_values"/>
  </testsuite>
  <testsuite name="empty_report" timestamp="2024-08-01T15:16:59Z" hostname="f94cd30e170d" tests="25" skipped="0" failures="0" errors="0" time="2.566">
    <testcase time="0.100999999999999" classname="empty_report" name="tlg_functions_return_null_reports_when_domain_table_is_empty"/>
    <testcase time="0.259" classname="empty_report" name="tlg_functions_return_null_reports_when_domain_table_is_empty"/>
    <testcase time="0.192999999999998" classname="empty_report" name="tlg_functions_return_null_reports_when_domain_table_is_empty"/>
    <testcase time="0.0970000000000084" classname="empty_report" name="tlg_functions_return_null_reports_when_domain_table_is_empty"/>
    <testcase time="0.102000000000004" classname="empty_report" name="tlg_functions_return_null_reports_when_domain_table_is_empty"/>
    <testcase time="0.0579999999999927" classname="empty_report" name="tlg_functions_return_null_reports_when_domain_table_is_empty"/>
    <testcase time="0.085000000000008" classname="empty_report" name="tlg_functions_return_null_reports_when_domain_table_is_empty"/>
    <testcase time="0.142999999999986" classname="empty_report" name="tlg_functions_return_null_reports_when_domain_table_is_empty"/>
    <testcase time="0.166000000000011" classname="empty_report" name="tlg_functions_return_null_reports_when_domain_table_is_empty"/>
    <testcase time="0.0829999999999984" classname="empty_report" name="tlg_functions_return_null_reports_when_domain_table_is_empty"/>
    <testcase time="0.0900000000000034" classname="empty_report" name="tlg_functions_return_null_reports_when_domain_table_is_empty"/>
    <testcase time="0.0419999999999874" classname="empty_report" name="tlg_functions_return_null_reports_when_domain_table_is_empty"/>
    <testcase time="0.0520000000000067" classname="empty_report" name="tlg_functions_return_null_reports_when_domain_table_is_empty"/>
    <testcase time="0.0609999999999928" classname="empty_report" name="tlg_functions_return_null_reports_when_domain_table_is_empty"/>
    <testcase time="0.0590000000000117" classname="empty_report" name="tlg_functions_return_null_reports_when_domain_table_is_empty"/>
    <testcase time="0.0829999999999984" classname="empty_report" name="tlg_functions_return_null_reports_when_domain_table_is_empty"/>
    <testcase time="0.070999999999998" classname="empty_report" name="tlg_functions_return_null_reports_when_domain_table_is_empty"/>
    <testcase time="0.0990000000000038" classname="empty_report" name="tlg_functions_return_null_reports_when_domain_table_is_empty"/>
    <testcase time="0.293999999999997" classname="empty_report" name="tlg_functions_return_null_reports_when_domain_table_is_empty"/>
    <testcase time="0.0939999999999941" classname="empty_report" name="tlg_functions_return_null_reports_when_domain_table_is_empty"/>
    <testcase time="0.0810000000000031" classname="empty_report" name="tlg_functions_return_null_reports_when_domain_table_is_empty"/>
    <testcase time="0.063999999999993" classname="empty_report" name="tlg_functions_return_null_reports_when_domain_table_is_empty"/>
    <testcase time="0.0910000000000082" classname="empty_report" name="tlg_functions_return_null_reports_when_domain_table_is_empty"/>
    <testcase time="0.0439999999999969" classname="empty_report" name="tlg_functions_return_null_reports_when_domain_table_is_empty"/>
    <testcase time="0.054000000000002" classname="empty_report" name="tlg_functions_return_null_reports_when_domain_table_is_empty"/>
  </testsuite>
  <testsuite name="ext01" timestamp="2024-08-01T15:17:02Z" hostname="f94cd30e170d" tests="10" skipped="0" failures="0" errors="0" time="5.144">
    <testcase time="0.504999999999995" classname="ext01" name="ext01_functions_with_default_argument_value_return_expected_result_with_test_data"/>
    <testcase time="0.558000000000007" classname="ext01" name="ext01_functions_with_categorical_data_return_expected_result_with_test_data"/>
    <testcase time="0.183999999999997" classname="ext01" name="ext01_works"/>
    <testcase time="0.325999999999993" classname="ext01" name="ext01_works"/>
    <testcase time="0.177999999999997" classname="ext01" name="ext01_works"/>
    <testcase time="0.312000000000012" classname="ext01" name="ext01_works"/>
    <testcase time="0.558999999999997" classname="ext01" name="ext01_works_for_selected_parameters_and_categorical_variables"/>
    <testcase time="0.819000000000003" classname="ext01" name="ext01_works_with_custom_mapping_order"/>
    <testcase time="0.819999999999993" classname="ext01" name="ext01_works_with_custom_mapping_order_for_a_single_split"/>
    <testcase time="0.882999999999996" classname="ext01" name="ext01_works_with_custom_mapping_fill_in_value"/>
  </testsuite>
  <testsuite name="fstg01" timestamp="2024-08-01T15:17:07Z" hostname="f94cd30e170d" tests="13" skipped="0" failures="0" errors="0" time="6.773">
    <testcase time="0.0120000000000005" classname="fstg01" name="fstg01_works_as_expected"/>
    <testcase time="1.36800000000001" classname="fstg01" name="fstg01_works_as_expected"/>
    <testcase time="0.00399999999999068" classname="fstg01" name="fstg01_works_as_expected"/>
    <testcase time="1.33800000000001" classname="fstg01" name="fstg01_works_as_expected_with_custom_color_set"/>
    <testcase time="0.00300000000000011" classname="fstg01" name="fstg01_works_as_expected_with_custom_color_set"/>
    <testcase time="1.389" classname="fstg01" name="fstg01_works_as_expected_with_custom_color_set"/>
    <testcase time="0.00199999999999534" classname="fstg01" name="fstg01_works_as_expected_with_custom_color_set"/>
    <testcase time="0.609000000000009" classname="fstg01" name="fstg01_works_if_changes_are_in_subgroups_conf_level_and_label_all"/>
    <testcase time="0.00300000000000011" classname="fstg01" name="fstg01_works_if_changes_are_in_subgroups_conf_level_and_label_all"/>
    <testcase time="0.817999999999998" classname="fstg01" name="fstg01_works_if_changes_are_in_subgroups_conf_level_and_label_all"/>
    <testcase time="0.00300000000000011" classname="fstg01" name="fstg01_works_if_changes_are_in_subgroups_conf_level_and_label_all"/>
    <testcase time="1.221" classname="fstg01" name="fstg01_can_handle_some_NA_values_in_subgroups"/>
    <testcase time="0.00300000000000011" classname="fstg01" name="fstg01_can_handle_some_NA_values_in_subgroups"/>
  </testsuite>
  <testsuite name="fstg02" timestamp="2024-08-01T15:17:14Z" hostname="f94cd30e170d" tests="9" skipped="0" failures="0" errors="0" time="8.567">
    <testcase time="0.012999999999991" classname="fstg02" name="fstg02_works_as_expected"/>
    <testcase time="1.18000000000001" classname="fstg02" name="fstg02_works_as_expected"/>
    <testcase time="1.17699999999999" classname="fstg02" name="fstg02_works_as_expected_with_custom_color_set"/>
    <testcase time="1.188" classname="fstg02" name="fstg02_works_as_expected_with_custom_color_set"/>
    <testcase time="0.564999999999998" classname="fstg02" name="fstg02_works_if_changes_are_in_subgroups_strata_var_conf_level_and_label_all"/>
    <testcase time="0.817000000000007" classname="fstg02" name="fstg02_works_if_changes_are_in_subgroups_strata_var_conf_level_and_label_all"/>
    <testcase time="1.212" classname="fstg02" name="fstg02_can_handle_some_NA_values_in_subgroups"/>
    <testcase time="1.20599999999999" classname="fstg02" name="fstg02_can_handle_customized_time_units"/>
    <testcase time="1.209" classname="fstg02" name="fstg02_can_handle_customized_time_units"/>
  </testsuite>
  <testsuite name="kmg01" timestamp="2024-08-01T15:17:22Z" hostname="f94cd30e170d" tests="13" skipped="0" failures="0" errors="0" time="2.36">
    <testcase time="0.0120000000000005" classname="kmg01" name="kmg01_works_as_expected"/>
    <testcase time="0.501000000000005" classname="kmg01" name="kmg01_works_as_expected"/>
    <testcase time="0.00300000000000011" classname="kmg01" name="kmg01_works_as_expected"/>
    <testcase time="0.426000000000002" classname="kmg01" name="kmg01_works_as_expected_with_custom_color_set"/>
    <testcase time="0.00300000000000011" classname="kmg01" name="kmg01_works_as_expected_with_custom_color_set"/>
    <testcase time="0.367999999999995" classname="kmg01" name="kmg01_works_as_expected_with_custom_color_set"/>
    <testcase time="0.00300000000000011" classname="kmg01" name="kmg01_works_as_expected_with_custom_color_set"/>
    <testcase time="0.391000000000005" classname="kmg01" name="kmg01_works_if_change_pvalue_ties_and_conf_level"/>
    <testcase time="0.00300000000000011" classname="kmg01" name="kmg01_works_if_change_pvalue_ties_and_conf_level"/>
    <testcase time="0.384999999999991" classname="kmg01" name="kmg01_works_if_change_annotation_position"/>
    <testcase time="0.00300000000000011" classname="kmg01" name="kmg01_works_if_change_annotation_position"/>
    <testcase time="0.259" classname="kmg01" name="kmg01_works_for_stratified_analysis"/>
    <testcase time="0.00300000000000011" classname="kmg01" name="kmg01_works_for_stratified_analysis"/>
  </testsuite>
  <testsuite name="lbt01" timestamp="2024-08-01T15:17:25Z" hostname="f94cd30e170d" tests="4" skipped="0" failures="0" errors="0" time="9.413">
    <testcase time="3.286" classname="lbt01" name="lbt01_functions_with_default_argument_value_return_expected_result_with_test_data"/>
    <testcase time="3.265" classname="lbt01" name="lbt01_functions_with_row_split_var_return_expected_result_with_test_data"/>
    <testcase time="0.897000000000006" classname="lbt01" name="lbt01_can_handle_n_0_and_outputs_NE_instead_of_infs_and_NAs"/>
    <testcase time="1.96499999999999" classname="lbt01" name="lbt01_can_handle_n_0_and_outputs_NE_instead_of_infs_and_NAs"/>
  </testsuite>
  <testsuite name="lbt04" timestamp="2024-08-01T15:17:34Z" hostname="f94cd30e170d" tests="8" skipped="0" failures="0" errors="0" time="2.883">
    <testcase time="0.904000000000011" classname="lbt04" name="lbt04_functions_with_default_argument_value_return_expected_result_with_test_data"/>
    <testcase time="0.0699999999999932" classname="lbt04" name="lbt04_can_handle_all_NA_values"/>
    <testcase time="0.0750000000000028" classname="lbt04" name="lbt04_can_handle_all_NA_values"/>
    <testcase time="0.290999999999997" classname="lbt04" name="lbt04_can_handle_missing_levels"/>
    <testcase time="0.619" classname="lbt04" name="lbt04_can_handle_missing_levels"/>
    <testcase time="0.289000000000001" classname="lbt04" name="lbt04_can_handle_some_NA_values"/>
    <testcase time="0.620000000000005" classname="lbt04" name="lbt04_can_handle_some_NA_values"/>
    <testcase time="0.0149999999999864" classname="lbt04" name="lbt04_fails_on_incomlete_data"/>
  </testsuite>
  <testsuite name="lbt05" timestamp="2024-08-01T15:17:37Z" hostname="f94cd30e170d" tests="6" skipped="0" failures="0" errors="0" time="1.991">
    <testcase time="0.710000000000008" classname="lbt05" name="lbt05_functions_with_default_argument_value_return_expected_result_with_test_data"/>
    <testcase time="0.271000000000015" classname="lbt05" name="lbt05_functions_with_default_argument_value_return_expected_result_with_test_data"/>
    <testcase time="0.292999999999978" classname="lbt05" name="lbt05_give_all_0_count_if_ANRIND_are_all_missing"/>
    <testcase time="0.283000000000015" classname="lbt05" name="lbt05_can_handle_some_NA_values"/>
    <testcase time="0.402999999999992" classname="lbt05" name="lbt05_can_handle_some_NA_values"/>
    <testcase time="0.0310000000000059" classname="lbt05" name="lbt05_fails_on_incomlete_data"/>
  </testsuite>
  <testsuite name="lbt06" timestamp="2024-08-01T15:17:39Z" hostname="f94cd30e170d" tests="3" skipped="0" failures="0" errors="0" time="3.656">
    <testcase time="0.938999999999993" classname="lbt06" name="lbt06_gives_all_0_count_if_ANRIND_and_BNRIND_are_all_missing"/>
    <testcase time="2.67400000000001" classname="lbt06" name="lbt06_can_handle_some_NA_values"/>
    <testcase time="0.0430000000000064" classname="lbt06" name="lbt06_fails_on_incomplete_data"/>
  </testsuite>
  <testsuite name="lbt07" timestamp="2024-08-01T15:17:42Z" hostname="f94cd30e170d" tests="4" skipped="0" failures="0" errors="0" time="1.627">
    <testcase time="0.805999999999983" classname="lbt07" name="lbt07_functions_with_default_argument_value_return_expected_result_with_test_data"/>
    <testcase time="0.364000000000004" classname="lbt07" name="lbt07_can_handle_some_NA_values"/>
    <testcase time="0.419999999999987" classname="lbt07" name="lbt07_can_handle_some_NA_values"/>
    <testcase time="0.0370000000000061" classname="lbt07" name="lbt07_fails_on_incomlete_data"/>
  </testsuite>
  <testsuite name="lbt14" timestamp="2024-08-01T15:17:44Z" hostname="f94cd30e170d" tests="20" skipped="0" failures="0" errors="0" time="7.907">
    <testcase time="0.673000000000002" classname="lbt14" name="lbt14_functions_with_default_argument_value_return_expected_result_with_test_data"/>
    <testcase time="0.497000000000014" classname="lbt14" name="lbt14_functions_with_default_argument_value_return_expected_result_with_test_data_when_direction_high"/>
    <testcase time="0.600999999999999" classname="lbt14" name="lbt14_functions_with_gr_missing_excl_return_expected_result_with_test_data"/>
    <testcase time="0.60299999999998" classname="lbt14" name="lbt14_functions_with_gr_missing_gr_0_return_expected_result_with_test_data"/>
    <testcase time="0.369" classname="lbt14" name="lbt14_can_handle_all_NA_values"/>
    <testcase time="0.138000000000005" classname="lbt14" name="lbt14_can_handle_all_NA_values"/>
    <testcase time="0.420000000000016" classname="lbt14" name="lbt14_can_handle_some_NA_values"/>
    <testcase time="0.319999999999993" classname="lbt14" name="lbt14_can_handle_some_NA_values"/>
    <testcase time="1.458" classname="lbt14" name="lbt14_can_accept_different_gr_missing"/>
    <testcase time="0.24199999999999" classname="lbt14" name="lbt14_can_accept_different_gr_missing"/>
    <testcase time="0.247000000000014" classname="lbt14" name="lbt14_can_accept_different_gr_missing"/>
    <testcase time="0.0180000000000007" classname="lbt14" name="lbt14_fails_on_incomlete_data"/>
    <testcase time="0.342999999999989" classname="lbt14" name="lbt14_can_handle_all_NA_values_with_direction_high"/>
    <testcase time="0.12700000000001" classname="lbt14" name="lbt14_can_handle_all_NA_values_with_direction_high"/>
    <testcase time="0.356999999999999" classname="lbt14" name="lbt14_can_handle_some_NA_values_with_direction_high"/>
    <testcase time="0.161000000000001" classname="lbt14" name="lbt14_can_handle_some_NA_values_with_direction_high"/>
    <testcase time="1.06299999999999" classname="lbt14" name="lbt14_can_accept_different_gr_missing_with_direction_high"/>
    <testcase time="0.123999999999995" classname="lbt14" name="lbt14_can_accept_different_gr_missing_with_direction_high"/>
    <testcase time="0.129999999999995" classname="lbt14" name="lbt14_can_accept_different_gr_missing_with_direction_high"/>
    <testcase time="0.0160000000000196" classname="lbt14" name="lbt14_fails_on_incomlete_data"/>
  </testsuite>
  <testsuite name="lbt15" timestamp="2024-08-01T15:17:52Z" hostname="f94cd30e170d" tests="12" skipped="0" failures="0" errors="0" time="5.579">
    <testcase time="0.943999999999988" classname="lbt15" name="lbt15_functions_with_default_argument_value_return_expected_result_with_test_data"/>
    <testcase time="0.290999999999997" classname="lbt15" name="lbt15_can_handle_all_NA_values"/>
    <testcase time="0.623999999999995" classname="lbt15" name="lbt15_can_handle_all_NA_values"/>
    <testcase time="0.281000000000006" classname="lbt15" name="lbt15_can_handle_missing_levels"/>
    <testcase time="0.634000000000015" classname="lbt15" name="lbt15_can_handle_missing_levels"/>
    <testcase time="0.288999999999987" classname="lbt15" name="lbt15_can_handle_missing_levels_in_baseline"/>
    <testcase time="0.629999999999995" classname="lbt15" name="lbt15_can_handle_missing_levels_in_baseline"/>
    <testcase time="0.295000000000016" classname="lbt15" name="lbt15_can_handle_some_NA_values"/>
    <testcase time="0.635999999999996" classname="lbt15" name="lbt15_can_handle_some_NA_values"/>
    <testcase time="0.305000000000007" classname="lbt15" name="lbt15_can_handle_some_NA_values_in_baseline"/>
    <testcase time="0.634999999999991" classname="lbt15" name="lbt15_can_handle_some_NA_values_in_baseline"/>
    <testcase time="0.0150000000000148" classname="lbt15" name="lbt15_fails_on_incomlete_data"/>
  </testsuite>
  <testsuite name="mht01" timestamp="2024-08-01T15:17:58Z" hostname="f94cd30e170d" tests="4" skipped="0" failures="0" errors="0" time="3.132">
    <testcase time="0.651999999999987" classname="mht01" name="mht01_functions_with_default_argument_value_return_expected_result_with_test_data"/>
    <testcase time="0.645999999999987" classname="mht01" name="mht01_works"/>
    <testcase time="0.652000000000015" classname="mht01" name="mht01_works_on_NULL_in_lbl_mhbodsys_or_lbl_mhdecod"/>
    <testcase time="1.18199999999999" classname="mht01" name="mht01_works_with_other_row_split_var"/>
  </testsuite>
  <testsuite name="mng01" timestamp="2024-08-01T15:18:01Z" hostname="f94cd30e170d" tests="19" skipped="8" failures="0" errors="0" time="9.099">
    <testcase time="0.965000000000003" classname="mng01" name="mng01_works_as_expected_with_default_argument_values"/>
    <testcase time="0.00200000000000955" classname="mng01" name="mng01_works_as_expected_with_default_argument_values">
      <skipped message="Reason: On CI ('test-mng01.R:9:5')"/>
    </testcase>
    <testcase time="0.968999999999994" classname="mng01" name="mng01_works_as_expected_with_custom_argument_values"/>
    <testcase time="0.0169999999999959" classname="mng01" name="mng01_works_as_expected_with_custom_argument_values"/>
    <testcase time="0.00100000000000477" classname="mng01" name="mng01_works_as_expected_with_custom_argument_values">
      <skipped message="Reason: On CI ('test-mng01.R:44:5')"/>
    </testcase>
    <testcase time="0.969999999999999" classname="mng01" name="mng01_works_as_expected_with_custom_color_set"/>
    <testcase time="1.001" classname="mng01" name="mng01_works_as_expected_with_custom_color_set"/>
    <testcase time="0.00100000000000477" classname="mng01" name="mng01_works_as_expected_with_custom_color_set">
      <skipped message="Reason: On CI ('test-mng01.R:67:5')"/>
    </testcase>
    <testcase time="0.989000000000004" classname="mng01" name="mng01_works_as_expected_with_custom_line_type_set"/>
    <testcase time="0.981999999999999" classname="mng01" name="mng01_works_as_expected_with_custom_line_type_set"/>
    <testcase time="0.00199999999998113" classname="mng01" name="mng01_works_as_expected_with_custom_line_type_set">
      <skipped message="Reason: On CI ('test-mng01.R:88:5')"/>
    </testcase>
    <testcase time="0.16500000000002" classname="mng01" name="mng01_works_with_table_NULL"/>
    <testcase time="0.000999999999976353" classname="mng01" name="mng01_works_with_table_NULL">
      <skipped message="Reason: On CI ('test-mng01.R:100:5')"/>
    </testcase>
    <testcase time="0.994" classname="mng01" name="mng01_works_with_combination_of_x_variables"/>
    <testcase time="0.00200000000000955" classname="mng01" name="mng01_works_with_combination_of_x_variables">
      <skipped message="Reason: On CI ('test-mng01.R:117:5')"/>
    </testcase>
    <testcase time="1.12800000000001" classname="mng01" name="mng01_works_with_numeric_x_variable"/>
    <testcase time="0.000999999999976353" classname="mng01" name="mng01_works_with_numeric_x_variable">
      <skipped message="Reason: On CI ('test-mng01.R:137:5')"/>
    </testcase>
    <testcase time="0.908000000000015" classname="mng01" name="mng01_works_with_numeric_jitter"/>
    <testcase time="0.00100000000000477" classname="mng01" name="mng01_works_with_numeric_jitter">
      <skipped message="Reason: On CI ('test-mng01.R:154:5')"/>
    </testcase>
  </testsuite>
  <testsuite name="pdt01" timestamp="2024-08-01T15:18:10Z" hostname="f94cd30e170d" tests="5" skipped="0" failures="0" errors="0" time="1.092">
    <testcase time="0.424000000000007" classname="pdt01" name="pdt01_function_with_default_argument_value_return_expected_result_with_test_data"/>
    <testcase time="0.0979999999999848" classname="pdt01" name="pdt01_can_handle_all_NA_values"/>
    <testcase time="0.14500000000001" classname="pdt01" name="pdt01_can_handle_all_NA_values"/>
    <testcase time="0.195999999999998" classname="pdt01" name="pdt01_can_handle_some_NA_values"/>
    <testcase time="0.228999999999985" classname="pdt01" name="pdt01_can_handle_some_NA_values"/>
  </testsuite>
  <testsuite name="pdt02" timestamp="2024-08-01T15:18:11Z" hostname="f94cd30e170d" tests="5" skipped="0" failures="0" errors="0" time="0.911">
    <testcase time="0.296999999999997" classname="pdt02" name="pdt02_function_with_default_argument_value_return_expected_result_with_test_data"/>
    <testcase time="0.12700000000001" classname="pdt02" name="pdt02_can_handle_all_NA_values"/>
    <testcase time="0.169000000000011" classname="pdt02" name="pdt02_can_handle_all_NA_values"/>
    <testcase time="0.127999999999986" classname="pdt02" name="pdt02_can_handle_some_NA_values"/>
    <testcase time="0.189999999999998" classname="pdt02" name="pdt02_can_handle_some_NA_values"/>
  </testsuite>
  <testsuite name="reexports" timestamp="2024-08-01T15:18:12Z" hostname="f94cd30e170d" tests="2" skipped="0" failures="0" errors="0" time="0.014">
    <testcase time="0.00800000000000978" classname="reexports" name="with_label_exported_correctly"/>
    <testcase time="0.00600000000000023" classname="reexports" name="reformat_exported_correctly"/>
  </testsuite>
  <testsuite name="report_null" timestamp="2024-08-01T15:18:12Z" hostname="f94cd30e170d" tests="12" skipped="0" failures="0" errors="0" time="0.105">
    <testcase time="0.007000000000005" classname="report_null" name="report_null_works_as_expected_with_NULL_"/>
    <testcase time="0.0029999999999859" classname="report_null" name="report_null_works_as_expected_with_NULL_"/>
    <testcase time="0.0390000000000157" classname="report_null" name="report_null_works_as_expected_with_VTableTree_"/>
    <testcase time="0.0149999999999864" classname="report_null" name="report_null_works_as_expected_with_VTableTree_"/>
    <testcase time="0.00300000000001432" classname="report_null" name="report_null_works_as_expected_with_VTableTree_"/>
    <testcase time="0.00899999999998613" classname="report_null" name="report_null_works_as_expected_with_listing_df_"/>
    <testcase time="0.00499999999999545" classname="report_null" name="report_null_works_as_expected_with_listing_df_"/>
    <testcase time="0.00300000000001432" classname="report_null" name="report_null_works_as_expected_with_listing_df_"/>
    <testcase time="0.00899999999998613" classname="report_null" name="report_null_works_as_expected_with_list_"/>
    <testcase time="0.0040000000000191" classname="report_null" name="report_null_works_as_expected_with_list_"/>
    <testcase time="0.00600000000000023" classname="report_null" name="report_null_works_as_expected_with_by_default"/>
    <testcase time="0.00199999999998113" classname="report_null" name="report_null_works_as_expected_with_by_default"/>
  </testsuite>
  <testsuite name="rmpt01" timestamp="2024-08-01T15:18:12Z" hostname="f94cd30e170d" tests="11" skipped="0" failures="0" errors="0" time="1.372">
    <testcase time="0.194999999999993" classname="rmpt01" name="rmpt01_function_with_default_argument_value_return_expected_result_with_test_data"/>
    <testcase time="0.0600000000000023" classname="rmpt01" name="rmpt01_can_handle_NA_values"/>
    <testcase time="0.135000000000019" classname="rmpt01" name="rmpt01_can_handle_NA_values"/>
    <testcase time="0.126000000000005" classname="rmpt01" name="rmpt01_can_handle_NA_values"/>
    <testcase time="0.239999999999981" classname="rmpt01" name="rmpt01_can_handle_NA_values"/>
    <testcase time="0.0600000000000023" classname="rmpt01" name="rmpt01_can_handle_some_NA_values"/>
    <testcase time="0.132000000000005" classname="rmpt01" name="rmpt01_can_handle_some_NA_values"/>
    <testcase time="0.12700000000001" classname="rmpt01" name="rmpt01_can_handle_some_NA_values"/>
    <testcase time="0.238" classname="rmpt01" name="rmpt01_can_handle_some_NA_values"/>
    <testcase time="0.032999999999987" classname="rmpt01" name="rmpt01_fails_on_incomlete_data"/>
    <testcase time="0.0260000000000105" classname="rmpt01" name="rmpt01_fails_on_incomlete_data"/>
  </testsuite>
  <testsuite name="rmpt03" timestamp="2024-08-01T15:18:13Z" hostname="f94cd30e170d" tests="12" skipped="0" failures="0" errors="0" time="2.047">
    <testcase time="0.323999999999984" classname="rmpt03" name="rmpt03_function_with_default_argument_value_return_expected_result_with_test_data"/>
    <testcase time="0.117000000000019" classname="rmpt03" name="rmpt03_can_handle_NA_values"/>
    <testcase time="0.224999999999994" classname="rmpt03" name="rmpt03_can_handle_NA_values"/>
    <testcase time="0.187999999999988" classname="rmpt03" name="rmpt03_can_handle_NA_values"/>
    <testcase time="0.290999999999997" classname="rmpt03" name="rmpt03_can_handle_NA_values"/>
    <testcase time="0.111000000000018" classname="rmpt03" name="rmpt03_can_handle_some_NA_values"/>
    <testcase time="0.21599999999998" classname="rmpt03" name="rmpt03_can_handle_some_NA_values"/>
    <testcase time="0.191000000000003" classname="rmpt03" name="rmpt03_can_handle_some_NA_values"/>
    <testcase time="0.296000000000021" classname="rmpt03" name="rmpt03_can_handle_some_NA_values"/>
    <testcase time="0.0339999999999918" classname="rmpt03" name="rmpt03_fails_on_incomlete_data"/>
    <testcase time="0.0279999999999916" classname="rmpt03" name="rmpt03_fails_on_incomlete_data"/>
    <testcase time="0.0260000000000105" classname="rmpt03" name="rmpt03_fails_on_incomlete_data"/>
  </testsuite>
  <testsuite name="rmpt04" timestamp="2024-08-01T15:18:15Z" hostname="f94cd30e170d" tests="10" skipped="0" failures="0" errors="0" time="0.993">
    <testcase time="0.183999999999997" classname="rmpt04" name="rmpt04_function_with_default_argument_value_return_expected_result_with_test_data"/>
    <testcase time="0.0569999999999879" classname="rmpt04" name="rmpt04_can_handle_NA_values"/>
    <testcase time="0.12700000000001" classname="rmpt04" name="rmpt04_can_handle_NA_values"/>
    <testcase time="0.0529999999999973" classname="rmpt04" name="rmpt04_can_handle_NA_values"/>
    <testcase time="0.12700000000001" classname="rmpt04" name="rmpt04_can_handle_NA_values"/>
    <testcase time="0.0579999999999927" classname="rmpt04" name="rmpt04_can_handle_some_NA_values"/>
    <testcase time="0.127999999999986" classname="rmpt04" name="rmpt04_can_handle_some_NA_values"/>
    <testcase time="0.0660000000000025" classname="rmpt04" name="rmpt04_can_handle_some_NA_values"/>
    <testcase time="0.125" classname="rmpt04" name="rmpt04_can_handle_some_NA_values"/>
    <testcase time="0.0680000000000121" classname="rmpt04" name="rmpt04_fails_on_incomlete_data"/>
  </testsuite>
  <testsuite name="rmpt05" timestamp="2024-08-01T15:18:16Z" hostname="f94cd30e170d" tests="10" skipped="0" failures="0" errors="0" time="1.052">
    <testcase time="0.195999999999998" classname="rmpt05" name="rmpt05_function_with_default_argument_value_return_expected_result_with_test_data"/>
    <testcase time="0.0589999999999975" classname="rmpt05" name="rmpt05_can_handle_NA_values"/>
    <testcase time="0.133999999999986" classname="rmpt05" name="rmpt05_can_handle_NA_values"/>
    <testcase time="0.0660000000000025" classname="rmpt05" name="rmpt05_can_handle_NA_values"/>
    <testcase time="0.135000000000019" classname="rmpt05" name="rmpt05_can_handle_NA_values"/>
    <testcase time="0.0609999999999786" classname="rmpt05" name="rmpt05_can_handle_some_NA_values"/>
    <testcase time="0.134000000000015" classname="rmpt05" name="rmpt05_can_handle_some_NA_values"/>
    <testcase time="0.0589999999999975" classname="rmpt05" name="rmpt05_can_handle_some_NA_values"/>
    <testcase time="0.140999999999991" classname="rmpt05" name="rmpt05_can_handle_some_NA_values"/>
    <testcase time="0.0670000000000073" classname="rmpt05" name="rmpt05_fails_on_incomlete_data"/>
  </testsuite>
  <testsuite name="rmpt06" timestamp="2024-08-01T15:18:17Z" hostname="f94cd30e170d" tests="6" skipped="0" failures="0" errors="0" time="2.068">
    <testcase time="0.549000000000007" classname="rmpt06" name="rmpt06_works_as_expected"/>
    <testcase time="0.614000000000004" classname="rmpt06" name="rmpt06_works_as_expected_with_show_diff_TRUE"/>
    <testcase time="0.238999999999976" classname="rmpt06" name="rmpt06_can_handle_all_NA_values"/>
    <testcase time="0.293000000000006" classname="rmpt06" name="rmpt06_can_handle_all_NA_values"/>
    <testcase time="0.228000000000009" classname="rmpt06" name="rmpt06_can_handle_all_NA_values"/>
    <testcase time="0.14500000000001" classname="rmpt06" name="rmpt06_can_handle_all_NA_values"/>
  </testsuite>
  <testsuite name="rspt01" timestamp="2024-08-01T15:18:19Z" hostname="f94cd30e170d" tests="27" skipped="0" failures="0" errors="0" time="7.771">
    <testcase time="0.0159999999999911" classname="rspt01" name="rspt01_works_as_expected"/>
    <testcase time="0.311999999999983" classname="rspt01" name="rspt01_works_as_expected"/>
    <testcase time="0.265000000000015" classname="rspt01" name="rspt01_works_as_expected"/>
    <testcase time="0.307999999999993" classname="rspt01" name="rspt01_works_as_expected_for_stratified_and_unstratified_analysis"/>
    <testcase time="0.289999999999992" classname="rspt01" name="rspt01_works_as_expected_for_stratified_and_unstratified_analysis"/>
    <testcase time="0.362000000000023" classname="rspt01" name="rspt01_works_as_expected_for_stratified_and_unstratified_analysis"/>
    <testcase time="0.318999999999988" classname="rspt01" name="rspt01_works_as_expected_for_stratified_and_unstratified_analysis"/>
    <testcase time="0.256" classname="rspt01" name="rspt01_works_as_expected_for_unstratified_analysis_only"/>
    <testcase time="0.25" classname="rspt01" name="rspt01_works_as_expected_for_unstratified_analysis_only"/>
    <testcase time="0.287000000000006" classname="rspt01" name="rspt01_works_as_expected_for_unstratified_analysis_only"/>
    <testcase time="0.269000000000005" classname="rspt01" name="rspt01_works_as_expected_for_unstratified_analysis_only"/>
    <testcase time="0.259999999999991" classname="rspt01" name="rspt01_works_as_expected_for_stratified_analysis_only"/>
    <testcase time="0.25200000000001" classname="rspt01" name="rspt01_works_as_expected_for_stratified_analysis_only"/>
    <testcase time="0.286999999999978" classname="rspt01" name="rspt01_works_as_expected_for_stratified_analysis_only"/>
    <testcase time="0.27000000000001" classname="rspt01" name="rspt01_works_as_expected_for_stratified_analysis_only"/>
    <testcase time="0.292000000000002" classname="rspt01" name="rspt01_works_if_change_reference_group"/>
    <testcase time="0.269000000000005" classname="rspt01" name="rspt01_works_if_change_reference_group"/>
    <testcase time="0.359999999999985" classname="rspt01" name="rspt01_works_if_change_reference_group"/>
    <testcase time="0.326999999999998" classname="rspt01" name="rspt01_works_if_change_reference_group"/>
    <testcase time="0.295000000000016" classname="rspt01" name="rspt01_works_if_change_statistic_methods"/>
    <testcase time="0.271999999999991" classname="rspt01" name="rspt01_works_if_change_statistic_methods"/>
    <testcase time="0.352000000000004" classname="rspt01" name="rspt01_works_if_change_statistic_methods"/>
    <testcase time="0.342000000000013" classname="rspt01" name="rspt01_works_if_change_statistic_methods"/>
    <testcase time="0.289999999999992" classname="rspt01" name="rspt01_works_if_change_confidence_interval"/>
    <testcase time="0.274000000000001" classname="rspt01" name="rspt01_works_if_change_confidence_interval"/>
    <testcase time="0.365999999999985" classname="rspt01" name="rspt01_works_if_change_confidence_interval"/>
    <testcase time="0.329000000000008" classname="rspt01" name="rspt01_works_if_change_confidence_interval"/>
  </testsuite>
  <testsuite name="ttet01" timestamp="2024-08-01T15:18:27Z" hostname="f94cd30e170d" tests="15" skipped="0" failures="0" errors="0" time="5.247">
    <testcase time="0.0169999999999959" classname="ttet01" name="ttet01_works_as_expected"/>
    <testcase time="0.625" classname="ttet01" name="ttet01_works_as_expected"/>
    <testcase time="0.450999999999993" classname="ttet01" name="ttet01_works_as_expected"/>
    <testcase time="0.291000000000025" classname="ttet01" name="ttet01_works_as_expected_for_stratified_and_unstratified_analysis"/>
    <testcase time="0.318999999999988" classname="ttet01" name="ttet01_works_as_expected_for_stratified_and_unstratified_analysis"/>
    <testcase time="0.377999999999986" classname="ttet01" name="ttet01_works_as_expected_for_stratified_and_unstratified_analysis"/>
    <testcase time="0.402000000000015" classname="ttet01" name="ttet01_works_as_expected_for_stratified_and_unstratified_analysis"/>
    <testcase time="0.299999999999983" classname="ttet01" name="ttet01_works_as_expected_for_stratified_analysis_only"/>
    <testcase time="0.326000000000022" classname="ttet01" name="ttet01_works_as_expected_for_stratified_analysis_only"/>
    <testcase time="0.34099999999998" classname="ttet01" name="ttet01_works_as_expected_for_stratified_analysis_only"/>
    <testcase time="0.371000000000009" classname="ttet01" name="ttet01_works_as_expected_for_stratified_analysis_only"/>
    <testcase time="0.299000000000007" classname="ttet01" name="ttet01_works_if_change_reference_group"/>
    <testcase time="0.335000000000008" classname="ttet01" name="ttet01_works_if_change_reference_group"/>
    <testcase time="0.381" classname="ttet01" name="ttet01_works_if_change_reference_group"/>
    <testcase time="0.411000000000001" classname="ttet01" name="ttet01_works_if_change_reference_group"/>
  </testsuite>
  <testsuite name="utils" timestamp="2024-08-01T15:18:33Z" hostname="f94cd30e170d" tests="81" skipped="0" failures="0" errors="0" time="2.454">
    <testcase time="0.00999999999999091" classname="utils" name="h_format_dec_works_as_exected"/>
    <testcase time="0.0029999999999859" classname="utils" name="h_format_dec_works_as_exected"/>
    <testcase time="0.00100000000000477" classname="utils" name="h_format_dec_works_as_exected"/>
    <testcase time="0.00300000000001432" classname="utils" name="h_format_dec_works_as_exected"/>
    <testcase time="0.00100000000000477" classname="utils" name="h_format_dec_works_as_exected"/>
    <testcase time="0.0029999999999859" classname="utils" name="h_format_dec_works_as_exected"/>
    <testcase time="0.00200000000000955" classname="utils" name="h_format_dec_works_as_exected"/>
    <testcase time="0.00199999999998113" classname="utils" name="h_format_dec_works_as_exected"/>
    <testcase time="0.007000000000005" classname="utils" name="h_format_dec_works_as_exected"/>
    <testcase time="0.00399999999999068" classname="utils" name="h_format_dec_works_as_exected"/>
    <testcase time="0.00200000000000955" classname="utils" name="h_format_dec_works_as_exected"/>
    <testcase time="0.00300000000001432" classname="utils" name="h_format_dec_works_as_exected"/>
    <testcase time="0.00499999999999545" classname="utils" name="h_format_dec_works_as_expected_with_more_than_one_value"/>
    <testcase time="0.0029999999999859" classname="utils" name="h_format_dec_works_as_expected_with_more_than_one_value"/>
    <testcase time="0.00600000000000023" classname="utils" name="h_format_dec_works_as_expected_with_NA_digits"/>
    <testcase time="0.00499999999999545" classname="utils" name="fuse_sequentially_works"/>
    <testcase time="0.00300000000001432" classname="utils" name="fuse_sequentially_works"/>
    <testcase time="0.0109999999999957" classname="utils" name="ifneeded_split_row_works_as_expected"/>
    <testcase time="0.00600000000000023" classname="utils" name="ifneeded_split_row_works_as_expected"/>
    <testcase time="0.0749999999999886" classname="utils" name="_unnamed_"/>
    <testcase time="0.0720000000000027" classname="utils" name="_unnamed_"/>
    <testcase time="0.0640000000000214" classname="utils" name="_unnamed_"/>
    <testcase time="0.046999999999997" classname="utils" name="_unnamed_"/>
    <testcase time="0.0029999999999859" classname="utils" name="droplevels.character_works_as_expected"/>
    <testcase time="0.00300000000001432" classname="utils" name="droplevels.character_works_as_expected"/>
    <testcase time="0.00399999999999068" classname="utils" name="lvls.character_works_as_expected"/>
    <testcase time="0.00300000000001432" classname="utils" name="lvls.character_works_as_expected"/>
    <testcase time="0.00499999999999545" classname="utils" name="lvls.factor_works_as_expected"/>
    <testcase time="0.00799999999998136" classname="utils" name="lvls.factor_works_as_expected"/>
    <testcase time="0.00600000000000023" classname="utils" name="lvls.default_works_as_expected"/>
    <testcase time="0.00300000000001432" classname="utils" name="lvls.default_works_as_expected"/>
    <testcase time="0.00399999999999068" classname="utils" name="quote_str_works_as_expected"/>
    <testcase time="0.00300000000001432" classname="utils" name="quote_str_works_as_expected"/>
    <testcase time="0.00499999999999545" classname="utils" name="quote_str_works_as_expected"/>
    <testcase time="0.00499999999999545" classname="utils" name="modify_default_args_works_as_expected"/>
    <testcase time="0.00200000000000955" classname="utils" name="modify_default_args_works_as_expected"/>
    <testcase time="0.00499999999999545" classname="utils" name="execute_with_args_works_as_expected"/>
    <testcase time="0.0029999999999859" classname="utils" name="execute_with_args_works_as_expected"/>
    <testcase time="0.00100000000000477" classname="utils" name="execute_with_args_works_as_expected"/>
    <testcase time="0.00300000000001432" classname="utils" name="execute_with_args_works_as_expected"/>
    <testcase time="0.00199999999998113" classname="utils" name="execute_with_args_works_as_expected"/>
    <testcase time="0.00200000000000955" classname="utils" name="execute_with_args_works_as_expected"/>
    <testcase time="0.00200000000000955" classname="utils" name="execute_with_args_works_as_expected"/>
    <testcase time="0.0029999999999859" classname="utils" name="execute_with_args_works_as_expected"/>
    <testcase time="0.00200000000000955" classname="utils" name="execute_with_args_works_as_expected"/>
    <testcase time="0.00199999999998113" classname="utils" name="execute_with_args_works_as_expected"/>
    <testcase time="0.00200000000000955" classname="utils" name="execute_with_args_works_as_expected"/>
    <testcase time="0.00300000000001432" classname="utils" name="execute_with_args_works_as_expected"/>
    <testcase time="0.00499999999999545" classname="utils" name="do_call_work_as_expected"/>
    <testcase time="0.0029999999999859" classname="utils" name="do_call_work_as_expected"/>
    <testcase time="0.00800000000000978" classname="utils" name="do_call_errors_as_expected"/>
    <testcase time="0.00499999999999545" classname="utils" name="do_call_errors_as_expected"/>
    <testcase time="0.00600000000000023" classname="utils" name="convert_to_month_work_as_expected"/>
    <testcase time="0.00200000000000955" classname="utils" name="convert_to_month_work_as_expected"/>
    <testcase time="0.00199999999998113" classname="utils" name="convert_to_month_work_as_expected"/>
    <testcase time="0.00300000000001432" classname="utils" name="convert_to_month_work_as_expected"/>
    <testcase time="0.00200000000000955" classname="utils" name="convert_to_month_work_as_expected"/>
    <testcase time="0.0029999999999859" classname="utils" name="convert_to_month_work_as_expected"/>
    <testcase time="0.00900000000001455" classname="utils" name="convert_to_month_warning_messages_as_expected"/>
    <testcase time="0.00999999999999091" classname="utils" name="gg_theme_chevron_works_as_expected"/>
    <testcase time="0.00100000000000477" classname="utils" name="gg_theme_chevron_works_as_expected"/>
    <testcase time="0.00199999999998113" classname="utils" name="gg_theme_chevron_works_as_expected"/>
    <testcase time="0.00500000000002387" classname="utils" name="gg_theme_chevron_works_as_expected"/>
    <testcase time="0.000999999999976353" classname="utils" name="gg_theme_chevron_works_as_expected"/>
    <testcase time="0.00200000000000955" classname="utils" name="gg_theme_chevron_works_as_expected"/>
    <testcase time="0.00600000000000023" classname="utils" name="modify_character_works"/>
    <testcase time="0.00300000000001432" classname="utils" name="modify_character_works"/>
    <testcase time="0.00600000000000023" classname="utils" name="expand_list_works"/>
    <testcase time="0.0029999999999859" classname="utils" name="expand_list_works"/>
    <testcase time="0.00499999999999545" classname="utils" name="set_section_div_works"/>
    <testcase time="0.00499999999999545" classname="utils" name="set_section_div_works"/>
    <testcase time="0.00499999999999545" classname="utils" name="set_section_div_works"/>
    <testcase time="0.00300000000001432" classname="utils" name="set_section_div_works"/>
    <testcase time="0.007000000000005" classname="utils" name="get_section_div_works"/>
    <testcase time="0.0029999999999859" classname="utils" name="get_section_div_works"/>
    <testcase time="0.950000000000017" classname="utils" name="grob_list_is_deprecated"/>
    <testcase time="0.945999999999998" classname="utils" name="gg_list_is_deprecated"/>
    <testcase time="0.007000000000005" classname="utils" name="format_date_works_as_expected_for_POSIXct"/>
    <testcase time="0.00399999999999068" classname="utils" name="format_date_works_as_expected_for_POSIXct"/>
    <testcase time="0.00600000000000023" classname="utils" name="format_date_works_as_expected_for_Date"/>
    <testcase time="0.00399999999999068" classname="utils" name="format_date_works_as_expected_for_Date"/>
  </testsuite>
  <testsuite name="vst01" timestamp="2024-08-01T15:18:35Z" hostname="f94cd30e170d" tests="3" skipped="0" failures="0" errors="0" time="13.861">
    <testcase time="6.89700000000002" classname="vst01" name="vst01_functions_with_default_argument_value_return_expected_result_with_test_data"/>
    <testcase time="2.21499999999997" classname="vst01" name="run_vst01_works_as_expected"/>
    <testcase time="4.74900000000002" classname="vst01" name="run_vst01_works_as_expected"/>
  </testsuite>
  <testsuite name="vst02" timestamp="2024-08-01T15:18:49Z" hostname="f94cd30e170d" tests="2" skipped="0" failures="0" errors="0" time="0.909">
    <testcase time="0.454999999999984" classname="vst02" name="vst02_functions_with_default_argument_value_return_expected_result_with_test_data"/>
    <testcase time="0.454000000000008" classname="vst02" name="vst02_functions_return_expected_result_with_test_data_when_excluding_subject_with_baseline_abnormality"/>
  </testsuite>
</testsuites>
