<?xml version="1.0" encoding="UTF-8"?>
<testsuites>
  <testsuite name="ael01_nollt" timestamp="2023-05-30T17:12:53Z" hostname="96467d584364" tests="8" skipped="4" failures="0" errors="0" time="1.633">
    <testcase time="0.919" classname="ael01_nollt" name="ael01_nollt_works_with_admh_dataset"/>
    <testcase time="0.264" classname="ael01_nollt" name="ael01_nollt_works_with_admh_dataset">
      <skipped message="Reason: On CRAN ('test-ael01_nollt.R:7:3')"/>
    </testcase>
    <testcase time="0.0590000000000002" classname="ael01_nollt" name="ael01_nollt_works_with_non_default_label"/>
    <testcase time="0.156" classname="ael01_nollt" name="ael01_nollt_works_with_non_default_label">
      <skipped message="Reason: On CRAN ('test-ael01_nollt.R:20:3')"/>
    </testcase>
    <testcase time="0.0490000000000004" classname="ael01_nollt" name="ael01_nollt_can_handle_all_missing_values"/>
    <testcase time="0.0529999999999999" classname="ael01_nollt" name="ael01_nollt_can_handle_all_missing_values">
      <skipped message="Reason: On CRAN ('test-ael01_nollt.R:33:3')"/>
    </testcase>
    <testcase time="0.032" classname="ael01_nollt" name="ael01_nollt_can_handle_some_missing_values"/>
    <testcase time="0.101" classname="ael01_nollt" name="ael01_nollt_can_handle_some_missing_values">
      <skipped message="Reason: On CRAN ('test-ael01_nollt.R:48:3')"/>
    </testcase>
  </testsuite>
  <testsuite name="aet01" timestamp="2023-05-30T17:12:54Z" hostname="96467d584364" tests="9" skipped="4" failures="0" errors="0" time="2.447">
    <testcase time="0.497" classname="aet01" name="aet01_can_handle_all_NA_values"/>
    <testcase time="0.265" classname="aet01" name="aet01_can_handle_all_NA_values">
      <skipped message="Reason: On CRAN ('test-aet01.R:12:3')"/>
    </testcase>
    <testcase time="0.332" classname="aet01" name="aet01_can_handle_some_NA_values"/>
    <testcase time="0.261" classname="aet01" name="aet01_can_handle_some_NA_values">
      <skipped message="Reason: On CRAN ('test-aet01.R:29:3')"/>
    </testcase>
    <testcase time="0.232" classname="aet01" name="aet01_can_use_custom_anl_vars"/>
    <testcase time="0.146" classname="aet01" name="aet01_can_use_custom_anl_vars">
      <skipped message="Reason: On CRAN ('test-aet01.R:35:3')"/>
    </testcase>
    <testcase time="0.101999999999999" classname="aet01" name="aet01_fails_on_incomplete_data_input"/>
    <testcase time="0.332000000000001" classname="aet01" name="aet01_can_use_custom_medconcept_var"/>
    <testcase time="0.279999999999999" classname="aet01" name="aet01_can_use_custom_medconcept_var">
      <skipped message="Reason: On CRAN ('test-aet01.R:65:3')"/>
    </testcase>
  </testsuite>
  <testsuite name="aet01_aesi" timestamp="2023-05-30T17:12:57Z" hostname="96467d584364" tests="7" skipped="3" failures="0" errors="0" time="1.857">
    <testcase time="0.286" classname="aet01_aesi" name="aet01_aesi_can_handle_all_NA_values"/>
    <testcase time="0.245" classname="aet01_aesi" name="aet01_aesi_can_handle_all_NA_values">
      <skipped message="Reason: On CRAN ('test-aet01_aesi.R:17:3')"/>
    </testcase>
    <testcase time="0.244" classname="aet01_aesi" name="aet01_aesi_can_handle_some_NA_values"/>
    <testcase time="0.246" classname="aet01_aesi" name="aet01_aesi_can_handle_some_NA_values">
      <skipped message="Reason: On CRAN ('test-aet01_aesi.R:30:3')"/>
    </testcase>
    <testcase time="0.344" classname="aet01_aesi" name="aet01_aesi_works_with_ALL_argument"/>
    <testcase time="0.383" classname="aet01_aesi" name="aet01_aesi_works_with_ALL_argument">
      <skipped message="Reason: On CRAN ('test-aet01_aesi.R:36:3')"/>
    </testcase>
    <testcase time="0.109" classname="aet01_aesi" name="aet01_aesi_check_fails_on_incomplete_data_input"/>
  </testsuite>
  <testsuite name="aet02" timestamp="2023-05-30T17:12:58Z" hostname="96467d584364" tests="3" skipped="1" failures="0" errors="0" time="1.944">
    <testcase time="0.0670000000000002" classname="aet02" name="aet02_fails_on_incomplete_data_input"/>
    <testcase time="0.109" classname="aet02" name="aet02_handle_empty_data_input"/>
    <testcase time="1.768" classname="aet02" name="aet02_can_have_different_levels_of_row_split">
      <skipped message="Reason: On CRAN ('test-aet02.R:30:3')"/>
    </testcase>
  </testsuite>
  <testsuite name="aet03" timestamp="2023-05-30T17:13:00Z" hostname="96467d584364" tests="4" skipped="2" failures="0" errors="0" time="3.34">
    <testcase time="0.4" classname="aet03" name="aet03_can_handle_NA_values"/>
    <testcase time="0.243" classname="aet03" name="aet03_can_handle_NA_values">
      <skipped message="Reason: On CRAN ('test-aet03.R:10:3')"/>
    </testcase>
    <testcase time="1.775" classname="aet03" name="aet03_can_handle_some_NA_values"/>
    <testcase time="0.921999999999999" classname="aet03" name="aet03_can_handle_some_NA_values">
      <skipped message="Reason: On CRAN ('test-aet03.R:27:3')"/>
    </testcase>
  </testsuite>
  <testsuite name="aet04" timestamp="2023-05-30T17:13:04Z" hostname="96467d584364" tests="4" skipped="2" failures="0" errors="0" time="4.793">
    <testcase time="0.550000000000001" classname="aet04" name="aet04_can_handle_NA_values"/>
    <testcase time="0.381" classname="aet04" name="aet04_can_handle_NA_values">
      <skipped message="Reason: On CRAN ('test-aet04.R:10:3')"/>
    </testcase>
    <testcase time="2.782" classname="aet04" name="aet04_can_handle_some_NA_values"/>
    <testcase time="1.08" classname="aet04" name="aet04_can_handle_some_NA_values">
      <skipped message="Reason: On CRAN ('test-aet04.R:32:3')"/>
    </testcase>
  </testsuite>
  <testsuite name="aet10" timestamp="2023-05-30T17:13:09Z" hostname="96467d584364" tests="4" skipped="2" failures="0" errors="0" time="0.479">
    <testcase time="0.0819999999999972" classname="aet10" name="aet10_can_handle_NA_values"/>
    <testcase time="0.101000000000003" classname="aet10" name="aet10_can_handle_NA_values">
      <skipped message="Reason: On CRAN ('test-aet10.R:10:3')"/>
    </testcase>
    <testcase time="0.105999999999998" classname="aet10" name="aet10_can_handle_some_NA_values"/>
    <testcase time="0.190000000000001" classname="aet10" name="aet10_can_handle_some_NA_values">
      <skipped message="Reason: On CRAN ('test-aet10.R:24:3')"/>
    </testcase>
  </testsuite>
  <testsuite name="assertions" timestamp="2023-05-30T17:13:09Z" hostname="96467d584364" tests="38" skipped="0" failures="0" errors="0" time="0.21">
    <testcase time="0.0180000000000007" classname="assertions" name="assert_one_tablenames_works_as_expected"/>
    <testcase time="0.00199999999999889" classname="assertions" name="assert_one_tablenames_works_as_expected"/>
    <testcase time="0.00600000000000023" classname="assertions" name="assert_one_tablenames_works_as_expected"/>
    <testcase time="0.00499999999999901" classname="assertions" name="assert_one_tablenames_works_as_expected"/>
    <testcase time="0.00499999999999901" classname="assertions" name="assert_all_tablenames_works_as_expected"/>
    <testcase time="0.00500000000000256" classname="assertions" name="assert_all_tablenames_works_as_expected"/>
    <testcase time="0.00600000000000023" classname="assertions" name="assert_all_tablenames_works_as_expected"/>
    <testcase time="0.00399999999999778" classname="assertions" name="assert_valid_var.character_works_as_expected"/>
    <testcase time="0.00600000000000023" classname="assertions" name="assert_valid_var.character_works_as_expected"/>
    <testcase time="0.00499999999999901" classname="assertions" name="assert_valid_var.character_works_as_expected"/>
    <testcase time="0.00600000000000023" classname="assertions" name="assert_valid_var.character_works_as_expected"/>
    <testcase time="0.00200000000000244" classname="assertions" name="assert_valid_var.character_works_as_expected"/>
    <testcase time="0.00499999999999901" classname="assertions" name="assert_valid_var.factor_works_as_expected"/>
    <testcase time="0.00499999999999901" classname="assertions" name="assert_valid_var.factor_works_as_expected"/>
    <testcase time="0.00600000000000023" classname="assertions" name="assert_valid_var.factor_works_as_expected"/>
    <testcase time="0.00500000000000256" classname="assertions" name="assert_valid_var.factor_works_as_expected"/>
    <testcase time="0.00199999999999889" classname="assertions" name="assert_valid_var.factor_works_as_expected"/>
    <testcase time="0.00499999999999901" classname="assertions" name="assert_valid_var.logical_works_as_expected"/>
    <testcase time="0.00600000000000023" classname="assertions" name="assert_valid_var.logical_works_as_expected"/>
    <testcase time="0.00499999999999901" classname="assertions" name="assert_valid_var.logical_works_as_expected"/>
    <testcase time="0.00200000000000244" classname="assertions" name="assert_valid_var.logical_works_as_expected"/>
    <testcase time="0.00499999999999901" classname="assertions" name="assert_valid_var.numeric_works_as_expected"/>
    <testcase time="0.00600000000000023" classname="assertions" name="assert_valid_var.numeric_works_as_expected"/>
    <testcase time="0.00499999999999901" classname="assertions" name="assert_valid_var.numeric_works_as_expected"/>
    <testcase time="0.00199999999999889" classname="assertions" name="assert_valid_var.numeric_works_as_expected"/>
    <testcase time="0.00600000000000023" classname="assertions" name="assert_valid_var.numeric_works_as_expected"/>
    <testcase time="0.00200000000000244" classname="assertions" name="assert_valid_var.numeric_works_as_expected"/>
    <testcase time="0.0139999999999993" classname="assertions" name="assert_valid_variable_works_as_expected"/>
    <testcase time="0.00300000000000011" classname="assertions" name="assert_valid_variable_works_as_expected"/>
    <testcase time="0.00900000000000034" classname="assertions" name="assert_valid_variable_works_as_expected"/>
    <testcase time="0.00300000000000011" classname="assertions" name="assert_valid_variable_works_as_expected"/>
    <testcase time="0.00900000000000034" classname="assertions" name="assert_valid_variable_works_as_expected"/>
    <testcase time="0.00199999999999889" classname="assertions" name="assert_valid_variable_works_as_expected"/>
    <testcase time="0.00600000000000023" classname="assertions" name="assert_valid_var_pair_works_as_expected_with_character"/>
    <testcase time="0.0069999999999979" classname="assertions" name="assert_valid_var_pair_works_as_expected_with_character"/>
    <testcase time="0.00499999999999901" classname="assertions" name="assert_valid_var_pair_works_as_expected_with_factor"/>
    <testcase time="0.00800000000000267" classname="assertions" name="assert_valid_var_pair_works_as_expected_with_factor"/>
    <testcase time="0.0069999999999979" classname="assertions" name="assert_valid_var_pair_works_as_expected_with_factor"/>
  </testsuite>
  <testsuite name="checks" timestamp="2023-05-30T17:13:09Z" hostname="96467d584364" tests="8" skipped="0" failures="0" errors="0" time="0.038">
    <testcase time="0.00799999999999912" classname="checks" name="check_all_colnames_works_as_expected"/>
    <testcase time="0.0100000000000016" classname="checks" name="check_all_colnames_works_as_expected"/>
    <testcase time="0.00199999999999889" classname="checks" name="check_all_colnames_works_as_expected"/>
    <testcase time="0.00400000000000134" classname="checks" name="check_all_colnames_works_as_expected"/>
    <testcase time="0.00499999999999901" classname="checks" name="check_one_colnames_works_as_expected"/>
    <testcase time="0.00300000000000011" classname="checks" name="check_one_colnames_works_as_expected"/>
    <testcase time="0.00200000000000244" classname="checks" name="check_one_colnames_works_as_expected"/>
    <testcase time="0.00399999999999778" classname="checks" name="check_one_colnames_works_as_expected"/>
  </testsuite>
  <testsuite name="chevron_tlg-class" timestamp="2023-05-30T17:13:09Z" hostname="96467d584364" tests="24" skipped="0" failures="0" errors="0" time="0.082">
    <testcase time="0.00900000000000034" classname="chevron_tlg_class" name="chevron_t_object_can_be_constructed_with_default_values"/>
    <testcase time="0.00400000000000134" classname="chevron_tlg_class" name="chevron_t_object_can_be_constructed_with_default_values"/>
    <testcase time="0.00600000000000023" classname="chevron_tlg_class" name="chevron_t_object_can_be_constructed_with_custom_values"/>
    <testcase time="0.00399999999999778" classname="chevron_tlg_class" name="chevron_t_object_can_be_constructed_with_custom_values"/>
    <testcase time="0.00300000000000011" classname="chevron_tlg_class" name="chevron_t_object_can_be_constructed_with_custom_values"/>
    <testcase time="0.00400000000000134" classname="chevron_tlg_class" name="chevron_t_object_can_be_constructed_with_custom_values"/>
    <testcase time="0.00600000000000023" classname="chevron_tlg_class" name="chevron_t_constructor_returns_an_error_when_expected"/>
    <testcase time="0.000999999999997669" classname="chevron_tlg_class" name="chevron_t_constructor_returns_an_error_when_expected"/>
    <testcase time="0.00100000000000122" classname="chevron_tlg_class" name="chevron_t_constructor_returns_an_error_when_expected"/>
    <testcase time="0.00100000000000122" classname="chevron_tlg_class" name="chevron_t_constructor_returns_an_error_when_expected"/>
    <testcase time="0.000999999999997669" classname="chevron_tlg_class" name="chevron_t_constructor_returns_an_error_when_expected"/>
    <testcase time="0.00200000000000244" classname="chevron_tlg_class" name="chevron_t_constructor_returns_an_error_when_expected"/>
    <testcase time="0.00600000000000023" classname="chevron_tlg_class" name="chevron_l_object_can_be_constructed_with_default_values"/>
    <testcase time="0.00399999999999778" classname="chevron_tlg_class" name="chevron_l_object_can_be_constructed_with_default_values"/>
    <testcase time="0.00700000000000145" classname="chevron_tlg_class" name="chevron_g_object_can_be_constructed_with_custom_values"/>
    <testcase time="0.00399999999999778" classname="chevron_tlg_class" name="chevron_g_object_can_be_constructed_with_custom_values"/>
    <testcase time="0.00300000000000011" classname="chevron_tlg_class" name="chevron_g_object_can_be_constructed_with_custom_values"/>
    <testcase time="0.00400000000000134" classname="chevron_tlg_class" name="chevron_g_object_can_be_constructed_with_custom_values"/>
    <testcase time="0.00600000000000023" classname="chevron_tlg_class" name="chevron_g_constructor_returns_an_error_when_expected"/>
    <testcase time="0.00100000000000122" classname="chevron_tlg_class" name="chevron_g_constructor_returns_an_error_when_expected"/>
    <testcase time="0.000999999999997669" classname="chevron_tlg_class" name="chevron_g_constructor_returns_an_error_when_expected"/>
    <testcase time="0.00200000000000244" classname="chevron_tlg_class" name="chevron_g_constructor_returns_an_error_when_expected"/>
    <testcase time="0.000999999999997669" classname="chevron_tlg_class" name="chevron_g_constructor_returns_an_error_when_expected"/>
    <testcase time="0.00100000000000122" classname="chevron_tlg_class" name="chevron_g_constructor_returns_an_error_when_expected"/>
  </testsuite>
  <testsuite name="chevron_tlg-methods" timestamp="2023-05-30T17:13:09Z" hostname="96467d584364" tests="37" skipped="3" failures="0" errors="0" time="12.563">
    <testcase time="3.607" classname="chevron_tlg_methods" name="run_works_as_expected_for_chevron_t_object">
      <skipped message="Reason: On CRAN ('test-chevron_tlg-methods.R:5:3')"/>
    </testcase>
    <testcase time="0.696999999999999" classname="chevron_tlg_methods" name="run_works_as_expected_for_chevron_t_object_when_auto_pre_FALSE">
      <skipped message="Reason: On CRAN ('test-chevron_tlg-methods.R:13:3')"/>
    </testcase>
    <testcase time="0.0140000000000029" classname="chevron_tlg_methods" name="args_ls_works_as_expected"/>
    <testcase time="0.00199999999999889" classname="chevron_tlg_methods" name="args_ls_works_as_expected"/>
    <testcase time="0.00100000000000122" classname="chevron_tlg_methods" name="args_ls_works_as_expected"/>
    <testcase time="0.00499999999999901" classname="chevron_tlg_methods" name="args_ls_works_as_expected_when_simplify_is_TRUE"/>
    <testcase time="0.000999999999997669" classname="chevron_tlg_methods" name="args_ls_works_as_expected_when_simplify_is_TRUE"/>
    <testcase time="0.00100000000000122" classname="chevron_tlg_methods" name="args_ls_works_as_expected_when_simplify_is_TRUE"/>
    <testcase time="0.00600000000000023" classname="chevron_tlg_methods" name="args_ls_works_as_expected_with_custom_chevron_tlg_object"/>
    <testcase time="0.00100000000000122" classname="chevron_tlg_methods" name="args_ls_works_as_expected_with_custom_chevron_tlg_object"/>
    <testcase time="0.000999999999997669" classname="chevron_tlg_methods" name="args_ls_works_as_expected_with_custom_chevron_tlg_object"/>
    <testcase time="0.00400000000000134" classname="chevron_tlg_methods" name="args_ls_works_as_expected_with_custom_chevron_tlg_object"/>
    <testcase time="0.00700000000000145" classname="chevron_tlg_methods" name="main_works_as_expected"/>
    <testcase time="0.00799999999999912" classname="chevron_tlg_methods" name="main_setter_works_as_expected"/>
    <testcase time="0.0120000000000005" classname="chevron_tlg_methods" name="main_setter_throw_an_error_as_expected"/>
    <testcase time="0.0069999999999979" classname="chevron_tlg_methods" name="preprocess_works_as_expected"/>
    <testcase time="0.00800000000000267" classname="chevron_tlg_methods" name="preprocess_setter_works_as_expected"/>
    <testcase time="0.0119999999999969" classname="chevron_tlg_methods" name="preprocess_sends_an_error_as_expected"/>
    <testcase time="0.0160000000000018" classname="chevron_tlg_methods" name="postprocess_works_as_expected"/>
    <testcase time="0.00900000000000034" classname="chevron_tlg_methods" name="postprocess_setter_works_as_expected"/>
    <testcase time="0.0129999999999981" classname="chevron_tlg_methods" name="postprocess_sends_an_error_as_expected"/>
    <testcase time="0.00700000000000145" classname="chevron_tlg_methods" name="datasets_works_as_expected"/>
    <testcase time="0.0069999999999979" classname="chevron_tlg_methods" name="datasets_setter_works_as_expected"/>
    <testcase time="0.00600000000000023" classname="chevron_tlg_methods" name="script_works_as_expected"/>
    <testcase time="0.00100000000000122" classname="chevron_tlg_methods" name="script_works_as_expected"/>
    <testcase time="0.000999999999997669" classname="chevron_tlg_methods" name="script_works_as_expected"/>
    <testcase time="0.00600000000000023" classname="chevron_tlg_methods" name="script_works_as_expected_with_dictionary_of_arguments"/>
    <testcase time="0.00100000000000122" classname="chevron_tlg_methods" name="script_works_as_expected_with_dictionary_of_arguments"/>
    <testcase time="0.00100000000000122" classname="chevron_tlg_methods" name="script_works_as_expected_with_dictionary_of_arguments"/>
    <testcase time="0.000999999999997669" classname="chevron_tlg_methods" name="script_works_as_expected_with_dictionary_of_arguments"/>
    <testcase time="0.00500000000000256" classname="chevron_tlg_methods" name="script_funs_works_as_expected_in_interactive_mode">
      <skipped message="Reason: !interactive() is TRUE ('test-chevron_tlg-methods.R:155:3')"/>
    </testcase>
    <testcase time="0.0139999999999993" classname="chevron_tlg_methods" name="script_funs_works_as_expected"/>
    <testcase time="0.000999999999997669" classname="chevron_tlg_methods" name="script_funs_works_as_expected"/>
    <testcase time="0.00500000000000256" classname="chevron_tlg_methods" name="script_funs_works_as_expected_with_details_set_to_TRUE"/>
    <testcase time="0.00100000000000122" classname="chevron_tlg_methods" name="script_funs_works_as_expected_with_details_set_to_TRUE"/>
    <testcase time="5.376" classname="chevron_tlg_methods" name="script_funs_generates_a_valid_script"/>
    <testcase time="2.698" classname="chevron_tlg_methods" name="script_funs_generates_a_valid_script"/>
  </testsuite>
  <testsuite name="cmt01a" timestamp="2023-05-30T17:13:22Z" hostname="96467d584364" tests="6" skipped="4" failures="0" errors="0" time="4.221">
    <testcase time="1.259" classname="cmt01a" name="cmt01a_functions_with_default_argument_value_return_expected_result_with_test_data">
      <skipped message="Reason: On CRAN ('test-cmt01a.R:7:3')"/>
    </testcase>
    <testcase time="1.216" classname="cmt01a" name="cmt01a_functions_with_custom_argument_value_return_expected_result_with_test_data">
      <skipped message="Reason: On CRAN ('test-cmt01a.R:14:3')"/>
    </testcase>
    <testcase time="0.178999999999995" classname="cmt01a" name="cmt01a_can_handle_all_NA_values"/>
    <testcase time="0.164000000000001" classname="cmt01a" name="cmt01a_can_handle_all_NA_values">
      <skipped message="Reason: On CRAN ('test-cmt01a.R:28:3')"/>
    </testcase>
    <testcase time="0.774999999999999" classname="cmt01a" name="cmt01a_can_handle_some_NA_values"/>
    <testcase time="0.628" classname="cmt01a" name="cmt01a_can_handle_some_NA_values">
      <skipped message="Reason: On CRAN ('test-cmt01a.R:36:3')"/>
    </testcase>
  </testsuite>
  <testsuite name="cmt02_pt" timestamp="2023-05-30T17:13:26Z" hostname="96467d584364" tests="4" skipped="2" failures="0" errors="0" time="0.641">
    <testcase time="0.123000000000005" classname="cmt02_pt" name="cmt02_pt_can_handle_all_NA_values"/>
    <testcase time="0.131999999999998" classname="cmt02_pt" name="cmt02_pt_can_handle_all_NA_values">
      <skipped message="Reason: On CRAN ('test-cmt02_pt.R:9:3')"/>
    </testcase>
    <testcase time="0.162999999999997" classname="cmt02_pt" name="cmt02_pt_can_handle_some_NA_values"/>
    <testcase time="0.223000000000006" classname="cmt02_pt" name="cmt02_pt_can_handle_some_NA_values">
      <skipped message="Reason: On CRAN ('test-cmt02_pt.R:17:3')"/>
    </testcase>
  </testsuite>
  <testsuite name="coxt02" timestamp="2023-05-30T17:13:27Z" hostname="96467d584364" tests="3" skipped="1" failures="0" errors="0" time="0.821">
    <testcase time="0.564999999999998" classname="coxt02" name="coxt02_can_handle_some_NA_values"/>
    <testcase time="0.230000000000004" classname="coxt02" name="coxt02_can_handle_some_NA_values">
      <skipped message="Reason: On CRAN ('test-coxt02.R:5:3')"/>
    </testcase>
    <testcase time="0.0259999999999962" classname="coxt02" name="coxt02_fails_on_incomlete_data"/>
  </testsuite>
  <testsuite name="default_tlg" timestamp="2023-05-30T17:13:28Z" hostname="96467d584364" tests="12" skipped="12" failures="0" errors="0" time="11.302">
    <testcase time="0.125" classname="default_tlg" name="ael01_nollt_function_with_default_argument_value_return_expected_result_with_test_data">
      <skipped message="Reason: On CRAN ('test-default_tlg.R:5:3')"/>
    </testcase>
    <testcase time="0.593000000000004" classname="default_tlg" name="aet01_function_with_default_argument_value_return_expected_result_with_test_data">
      <skipped message="Reason: On CRAN ('test-default_tlg.R:12:3')"/>
    </testcase>
    <testcase time="0.556999999999995" classname="default_tlg" name="aet01_aesi_function_with_default_argument_value_return_expected_result_with_test_data">
      <skipped message="Reason: On CRAN ('test-default_tlg.R:19:3')"/>
    </testcase>
    <testcase time="1.12" classname="default_tlg" name="aet02_functions_with_default_argument_value_return_expected_result_with_test_data">
      <skipped message="Reason: On CRAN ('test-default_tlg.R:26:3')"/>
    </testcase>
    <testcase time="2.539" classname="default_tlg" name="aet03_functions_with_default_argument_value_return_expected_result_with_test_data">
      <skipped message="Reason: On CRAN ('test-default_tlg.R:33:3')"/>
    </testcase>
    <testcase time="3.742" classname="default_tlg" name="aet04_functions_with_default_argument_value_return_expected_result_with_test_data">
      <skipped message="Reason: On CRAN ('test-default_tlg.R:40:3')"/>
    </testcase>
    <testcase time="0.286999999999999" classname="default_tlg" name="aet10_functions_with_default_argument_value_return_expected_result_with_test_data">
      <skipped message="Reason: On CRAN ('test-default_tlg.R:47:3')"/>
    </testcase>
    <testcase time="0.359999999999999" classname="default_tlg" name="cmt02_pt_functions_with_default_argument_value_return_expected_result_with_test_data">
      <skipped message="Reason: On CRAN ('test-default_tlg.R:54:3')"/>
    </testcase>
    <testcase time="0.704999999999998" classname="default_tlg" name="coxt02_functions_with_default_argument_value_return_expected_result_with_test_data">
      <skipped message="Reason: On CRAN ('test-default_tlg.R:62:3')"/>
    </testcase>
    <testcase time="0.616" classname="default_tlg" name="dmt01_functions_with_default_argument_value_return_expected_result_with_test_data">
      <skipped message="Reason: On CRAN ('test-default_tlg.R:69:3')"/>
    </testcase>
    <testcase time="0.408000000000001" classname="default_tlg" name="dst01_functions_with_default_argument_value_return_expected_result_with_test_data">
      <skipped message="Reason: On CRAN ('test-default_tlg.R:76:3')"/>
    </testcase>
    <testcase time="0.25" classname="default_tlg" name="dtht01_functions_with_default_argument_value_return_expected_result_with_test_data">
      <skipped message="Reason: On CRAN ('test-default_tlg.R:83:3')"/>
    </testcase>
  </testsuite>
  <testsuite name="dmt01" timestamp="2023-05-30T17:13:39Z" hostname="96467d584364" tests="4" skipped="2" failures="0" errors="0" time="1.17">
    <testcase time="0.238" classname="dmt01" name="dmt01_can_handle_NA_values"/>
    <testcase time="0.323" classname="dmt01" name="dmt01_can_handle_NA_values">
      <skipped message="Reason: On CRAN ('test-dmt01.R:8:3')"/>
    </testcase>
    <testcase time="0.249000000000002" classname="dmt01" name="dmt01_can_handle_numeric_NA_values"/>
    <testcase time="0.359999999999999" classname="dmt01" name="dmt01_can_handle_numeric_NA_values">
      <skipped message="Reason: On CRAN ('test-dmt01.R:15:3')"/>
    </testcase>
  </testsuite>
  <testsuite name="dst01" timestamp="2023-05-30T17:13:40Z" hostname="96467d584364" tests="14" skipped="7" failures="0" errors="0" time="2.702">
    <testcase time="0.146000000000001" classname="dst01" name="dst01_works_as_expected_when_all_data_are_NA"/>
    <testcase time="0.0559999999999974" classname="dst01" name="dst01_works_as_expected_when_all_data_are_NA">
      <skipped message="Reason: On CRAN ('test-dst01.R:11:3')"/>
    </testcase>
    <testcase time="0.132000000000005" classname="dst01" name="dst01_can_handle_all_NA_values_in_DCSREAS"/>
    <testcase time="0.129999999999995" classname="dst01" name="dst01_can_handle_all_NA_values_in_DCSREAS">
      <skipped message="Reason: On CRAN ('test-dst01.R:22:3')"/>
    </testcase>
    <testcase time="0.188000000000002" classname="dst01" name="dst01_can_handle_some_NA_values"/>
    <testcase time="0.234999999999999" classname="dst01" name="dst01_can_handle_some_NA_values">
      <skipped message="Reason: On CRAN ('test-dst01.R:29:3')"/>
    </testcase>
    <testcase time="0.131999999999998" classname="dst01" name="dst01_can_handle_missing_levels_in_status_var"/>
    <testcase time="0.103999999999999" classname="dst01" name="dst01_can_handle_missing_levels_in_status_var">
      <skipped message="Reason: On CRAN ('test-dst01.R:39:3')"/>
    </testcase>
    <testcase time="0.218000000000004" classname="dst01" name="dst01_can_create_variants"/>
    <testcase time="0.252000000000002" classname="dst01" name="dst01_can_create_variants">
      <skipped message="Reason: On CRAN ('test-dst01.R:44:3')"/>
    </testcase>
    <testcase time="0.254999999999995" classname="dst01" name="dst01_can_create_variants"/>
    <testcase time="0.245000000000005" classname="dst01" name="dst01_can_create_variants">
      <skipped message="Reason: On CRAN ('test-dst01.R:49:3')"/>
    </testcase>
    <testcase time="0.317" classname="dst01" name="dst01_can_create_variants"/>
    <testcase time="0.291999999999994" classname="dst01" name="dst01_can_create_variants">
      <skipped message="Reason: On CRAN ('test-dst01.R:56:3')"/>
    </testcase>
  </testsuite>
  <testsuite name="dtht01" timestamp="2023-05-30T17:13:43Z" hostname="96467d584364" tests="5" skipped="3" failures="0" errors="0" time="1.601">
    <testcase time="0.115000000000002" classname="dtht01" name="dtht01_can_handle_all_NA_values"/>
    <testcase time="0.162999999999997" classname="dtht01" name="dtht01_can_handle_all_NA_values">
      <skipped message="Reason: On CRAN ('test-dtht01.R:12:3')"/>
    </testcase>
    <testcase time="0.282000000000004" classname="dtht01" name="dtht01_can_handle_some_NA_values"/>
    <testcase time="0.378999999999998" classname="dtht01" name="dtht01_can_handle_some_NA_values">
      <skipped message="Reason: On CRAN ('test-dtht01.R:19:3')"/>
    </testcase>
    <testcase time="0.661999999999999" classname="dtht01" name="dtht01_can_be_parametrize_as_expected">
      <skipped message="Reason: On CRAN ('test-dtht01.R:30:3')"/>
    </testcase>
  </testsuite>
  <testsuite name="egt01" timestamp="2023-05-30T17:13:44Z" hostname="96467d584364" tests="3" skipped="2" failures="0" errors="0" time="3.572">
    <testcase time="1.896" classname="egt01" name="egt01_functions_with_default_argument_value_return_expected_result_with_test_data">
      <skipped message="Reason: On CRAN ('test-egt01.R:7:3')"/>
    </testcase>
    <testcase time="1.442" classname="egt01" name="egt01_can_handle_n_0_and_outputs_NE_instead_of_infs_and_NAs"/>
    <testcase time="0.234000000000002" classname="egt01" name="egt01_can_handle_n_0_and_outputs_NE_instead_of_infs_and_NAs">
      <skipped message="Reason: On CRAN ('test-egt01.R:21:3')"/>
    </testcase>
  </testsuite>
  <testsuite name="egt02" timestamp="2023-05-30T17:13:48Z" hostname="96467d584364" tests="2" skipped="2" failures="0" errors="0" time="0.765">
    <testcase time="0.393000000000001" classname="egt02" name="egt02_1_functions_with_default_argument_value_return_expected_result_with_test_data">
      <skipped message="Reason: On CRAN ('test-egt02.R:7:3')"/>
    </testcase>
    <testcase time="0.372" classname="egt02" name="egt02_2_functions_with_default_value_return_expected_result_with_test_data">
      <skipped message="Reason: On CRAN ('test-egt02.R:14:3')"/>
    </testcase>
  </testsuite>
  <testsuite name="egt03" timestamp="2023-05-30T17:13:49Z" hostname="96467d584364" tests="5" skipped="2" failures="0" errors="0" time="1.195">
    <testcase time="0.552" classname="egt03" name="egt03_functions_with_default_argument_value_return_expected_result_with_test_data">
      <skipped message="Reason: On CRAN ('test-egt03.R:7:3')"/>
    </testcase>
    <testcase time="0.0330000000000013" classname="egt03" name="egt03_errors_on_all_NA_values"/>
    <testcase time="0.259" classname="egt03" name="egt03_can_handle_some_NA_values"/>
    <testcase time="0.283999999999999" classname="egt03" name="egt03_can_handle_some_NA_values">
      <skipped message="Reason: On CRAN ('test-egt03.R:28:3')"/>
    </testcase>
    <testcase time="0.0670000000000002" classname="egt03" name="egt03_fails_on_incomplete_data"/>
  </testsuite>
  <testsuite name="egt05_qtcat" timestamp="2023-05-30T17:13:50Z" hostname="96467d584364" tests="4" skipped="2" failures="0" errors="0" time="2.726">
    <testcase time="1.343" classname="egt05_qtcat" name="egt05_qtcat_functions_with_default_argument_value_return_expected_result_with_test_data">
      <skipped message="Reason: On CRAN ('test-egt05_qtcat.R:7:3')"/>
    </testcase>
    <testcase time="0.0280000000000058" classname="egt05_qtcat" name="egt05_qtcat_erros_on_all_NA_values"/>
    <testcase time="0.521000000000001" classname="egt05_qtcat" name="egt05_qtcat_can_handle_some_NA_values"/>
    <testcase time="0.833999999999996" classname="egt05_qtcat" name="egt05_qtcat_can_handle_some_NA_values">
      <skipped message="Reason: On CRAN ('test-egt05_qtcat.R:28:3')"/>
    </testcase>
  </testsuite>
  <testsuite name="empty_report" timestamp="2023-05-30T17:13:53Z" hostname="96467d584364" tests="25" skipped="0" failures="0" errors="0" time="4.08">
    <testcase time="1.445" classname="empty_report" name="tlg_functions_return_null_reports_when_domain_table_is_empty"/>
    <testcase time="0.316000000000003" classname="empty_report" name="tlg_functions_return_null_reports_when_domain_table_is_empty"/>
    <testcase time="0.221999999999994" classname="empty_report" name="tlg_functions_return_null_reports_when_domain_table_is_empty"/>
    <testcase time="0.100999999999999" classname="empty_report" name="tlg_functions_return_null_reports_when_domain_table_is_empty"/>
    <testcase time="0.121000000000009" classname="empty_report" name="tlg_functions_return_null_reports_when_domain_table_is_empty"/>
    <testcase time="0.0559999999999974" classname="empty_report" name="tlg_functions_return_null_reports_when_domain_table_is_empty"/>
    <testcase time="0.090999999999994" classname="empty_report" name="tlg_functions_return_null_reports_when_domain_table_is_empty"/>
    <testcase time="0.174999999999997" classname="empty_report" name="tlg_functions_return_null_reports_when_domain_table_is_empty"/>
    <testcase time="0.200000000000003" classname="empty_report" name="tlg_functions_return_null_reports_when_domain_table_is_empty"/>
    <testcase time="0.0760000000000076" classname="empty_report" name="tlg_functions_return_null_reports_when_domain_table_is_empty"/>
    <testcase time="0.0739999999999981" classname="empty_report" name="tlg_functions_return_null_reports_when_domain_table_is_empty"/>
    <testcase time="0.0609999999999928" classname="empty_report" name="tlg_functions_return_null_reports_when_domain_table_is_empty"/>
    <testcase time="0.0430000000000064" classname="empty_report" name="tlg_functions_return_null_reports_when_domain_table_is_empty"/>
    <testcase time="0.0379999999999967" classname="empty_report" name="tlg_functions_return_null_reports_when_domain_table_is_empty"/>
    <testcase time="0.0400000000000063" classname="empty_report" name="tlg_functions_return_null_reports_when_domain_table_is_empty"/>
    <testcase time="0.0579999999999927" classname="empty_report" name="tlg_functions_return_null_reports_when_domain_table_is_empty"/>
    <testcase time="0.0630000000000024" classname="empty_report" name="tlg_functions_return_null_reports_when_domain_table_is_empty"/>
    <testcase time="0.0580000000000069" classname="empty_report" name="tlg_functions_return_null_reports_when_domain_table_is_empty"/>
    <testcase time="0.0739999999999981" classname="empty_report" name="tlg_functions_return_null_reports_when_domain_table_is_empty"/>
    <testcase time="0.433999999999997" classname="empty_report" name="tlg_functions_return_null_reports_when_domain_table_is_empty"/>
    <testcase time="0.0849999999999937" classname="empty_report" name="tlg_functions_return_null_reports_when_domain_table_is_empty"/>
    <testcase time="0.085000000000008" classname="empty_report" name="tlg_functions_return_null_reports_when_domain_table_is_empty"/>
    <testcase time="0.078000000000003" classname="empty_report" name="tlg_functions_return_null_reports_when_domain_table_is_empty"/>
    <testcase time="0.0439999999999969" classname="empty_report" name="tlg_functions_return_null_reports_when_domain_table_is_empty"/>
    <testcase time="0.0420000000000016" classname="empty_report" name="tlg_functions_return_null_reports_when_domain_table_is_empty"/>
  </testsuite>
  <testsuite name="ext01" timestamp="2023-05-30T17:13:57Z" hostname="96467d584364" tests="5" skipped="4" failures="0" errors="0" time="1.551">
    <testcase time="0.378" classname="ext01" name="ext01_functions_with_default_argument_value_return_expected_result_with_test_data">
      <skipped message="Reason: On CRAN ('test-ext01.R:7:3')"/>
    </testcase>
    <testcase time="0.388999999999996" classname="ext01" name="ext01_functions_with_categorical_data_return_expected_result_with_test_data">
      <skipped message="Reason: On CRAN ('test-ext01.R:15:3')"/>
    </testcase>
    <testcase time="0.179000000000002" classname="ext01" name="ext01_works"/>
    <testcase time="0.213999999999999" classname="ext01" name="ext01_works">
      <skipped message="Reason: On CRAN ('test-ext01.R:23:3')"/>
    </testcase>
    <testcase time="0.391000000000005" classname="ext01" name="ext01_works_for_selected_parameters_and_categorical_variables">
      <skipped message="Reason: On CRAN ('test-ext01.R:36:3')"/>
    </testcase>
  </testsuite>
  <testsuite name="fstg01" timestamp="2023-05-30T17:13:58Z" hostname="96467d584364" tests="7" skipped="0" failures="0" errors="0" time="9.154">
    <testcase time="0.0559999999999974" classname="fstg01" name="fstg01_works_as_expected"/>
    <testcase time="2.092" classname="fstg01" name="fstg01_works_as_expected"/>
    <testcase time="2.10899999999999" classname="fstg01" name="fstg01_works_as_expected_with_custom_color_set"/>
    <testcase time="1.914" classname="fstg01" name="fstg01_works_as_expected_with_custom_color_set"/>
    <testcase time="0.325000000000003" classname="fstg01" name="fstg01_works_if_changes_are_in_subgroups_strata_var_conf_level_and_label_all"/>
    <testcase time="0.777000000000001" classname="fstg01" name="fstg01_works_if_changes_are_in_subgroups_strata_var_conf_level_and_label_all"/>
    <testcase time="1.881" classname="fstg01" name="fstg01_can_handle_some_NA_values_in_subgroups"/>
  </testsuite>
  <testsuite name="kmg01" timestamp="2023-05-30T17:14:07Z" hostname="96467d584364" tests="6" skipped="0" failures="0" errors="0" time="1.737">
    <testcase time="0.012999999999991" classname="kmg01" name="kmg01_works_as_expected"/>
    <testcase time="0.39500000000001" classname="kmg01" name="kmg01_works_as_expected"/>
    <testcase time="0.372" classname="kmg01" name="kmg01_works_as_expected_with_custom_color_set"/>
    <testcase time="0.325999999999993" classname="kmg01" name="kmg01_works_as_expected_with_custom_color_set"/>
    <testcase time="0.311000000000007" classname="kmg01" name="kmg01_works_if_change_pvalue_ties_and_conf_level"/>
    <testcase time="0.319999999999993" classname="kmg01" name="kmg01_works_if_change_annotation_position"/>
  </testsuite>
  <testsuite name="lbt01" timestamp="2023-05-30T17:14:09Z" hostname="96467d584364" tests="3" skipped="2" failures="0" errors="0" time="3.48">
    <testcase time="1.886" classname="lbt01" name="lbt01_functions_with_default_argument_value_return_expected_result_with_test_data">
      <skipped message="Reason: On CRAN ('test-lbt01.R:7:3')"/>
    </testcase>
    <testcase time="1.38600000000001" classname="lbt01" name="lbt01_can_handle_n_0_and_outputs_NE_instead_of_infs_and_NAs"/>
    <testcase time="0.207999999999998" classname="lbt01" name="lbt01_can_handle_n_0_and_outputs_NE_instead_of_infs_and_NAs">
      <skipped message="Reason: On CRAN ('test-lbt01.R:21:3')"/>
    </testcase>
  </testsuite>
  <testsuite name="lbt04" timestamp="2023-05-30T17:14:13Z" hostname="96467d584364" tests="8" skipped="4" failures="0" errors="0" time="2.67">
    <testcase time="0.855000000000004" classname="lbt04" name="lbt04_functions_with_default_argument_value_return_expected_result_with_test_data">
      <skipped message="Reason: On CRAN ('test-lbt04.R:7:3')"/>
    </testcase>
    <testcase time="0.0569999999999879" classname="lbt04" name="lbt04_can_handle_all_NA_values"/>
    <testcase time="0.0560000000000116" classname="lbt04" name="lbt04_can_handle_all_NA_values">
      <skipped message="Reason: On CRAN ('test-lbt04.R:20:3')"/>
    </testcase>
    <testcase time="0.412999999999997" classname="lbt04" name="lbt04_can_handle_missing_levels"/>
    <testcase time="0.421999999999997" classname="lbt04" name="lbt04_can_handle_missing_levels">
      <skipped message="Reason: On CRAN ('test-lbt04.R:31:3')"/>
    </testcase>
    <testcase time="0.415999999999997" classname="lbt04" name="lbt04_can_handle_some_NA_values"/>
    <testcase time="0.419000000000011" classname="lbt04" name="lbt04_can_handle_some_NA_values">
      <skipped message="Reason: On CRAN ('test-lbt04.R:39:3')"/>
    </testcase>
    <testcase time="0.0319999999999965" classname="lbt04" name="lbt04_fails_on_incomlete_data"/>
  </testsuite>
  <testsuite name="lbt05" timestamp="2023-05-30T17:14:15Z" hostname="96467d584364" tests="5" skipped="2" failures="0" errors="0" time="2.137">
    <testcase time="0.813000000000002" classname="lbt05" name="lbt05_functions_with_default_argument_value_return_expected_result_with_test_data">
      <skipped message="Reason: On CRAN ('test-lbt05.R:7:3')"/>
    </testcase>
    <testcase time="0.423999999999992" classname="lbt05" name="lbt05_give_all_0_count_if_ANRIND_are_all_missing"/>
    <testcase time="0.415999999999997" classname="lbt05" name="lbt05_can_handle_some_NA_values"/>
    <testcase time="0.431000000000012" classname="lbt05" name="lbt05_can_handle_some_NA_values">
      <skipped message="Reason: On CRAN ('test-lbt05.R:36:3')"/>
    </testcase>
    <testcase time="0.0529999999999973" classname="lbt05" name="lbt05_fails_on_incomlete_data"/>
  </testsuite>
  <testsuite name="lbt06" timestamp="2023-05-30T17:14:17Z" hostname="96467d584364" tests="3" skipped="1" failures="0" errors="0" time="4.535">
    <testcase time="1.40600000000001" classname="lbt06" name="lbt06_gives_all_0_count_if_ANRIND_and_BNRIND_are_all_missing"/>
    <testcase time="3.06100000000001" classname="lbt06" name="lbt06_can_handle_some_NA_values">
      <skipped message="Reason: On CRAN ('test-lbt06.R:20:3')"/>
    </testcase>
    <testcase time="0.0679999999999978" classname="lbt06" name="lbt06_fails_on_incomplete_data"/>
  </testsuite>
  <testsuite name="lbt07" timestamp="2023-05-30T17:14:22Z" hostname="96467d584364" tests="4" skipped="2" failures="0" errors="0" time="2.502">
    <testcase time="1.229" classname="lbt07" name="lbt07_functions_with_default_argument_value_return_expected_result_with_test_data">
      <skipped message="Reason: On CRAN ('test-lbt07.R:7:3')"/>
    </testcase>
    <testcase time="0.623999999999995" classname="lbt07" name="lbt07_can_handle_some_NA_values"/>
    <testcase time="0.576999999999998" classname="lbt07" name="lbt07_can_handle_some_NA_values">
      <skipped message="Reason: On CRAN ('test-lbt07.R:22:3')"/>
    </testcase>
    <testcase time="0.0720000000000027" classname="lbt07" name="lbt07_fails_on_incomlete_data"/>
  </testsuite>
  <testsuite name="lbt14" timestamp="2023-05-30T17:14:25Z" hostname="96467d584364" tests="16" skipped="10" failures="0" errors="0" time="30.579">
    <testcase time="2.81999999999999" classname="lbt14" name="lbt14_functions_with_default_argument_value_return_expected_result_with_test_data">
      <skipped message="Reason: On CRAN ('test-lbt14.R:7:3')"/>
    </testcase>
    <testcase time="3.03100000000001" classname="lbt14" name="lbt14_functions_with_default_argument_value_return_expected_result_with_test_data_when_direction_high">
      <skipped message="Reason: On CRAN ('test-lbt14.R:14:3')"/>
    </testcase>
    <testcase time="2.32900000000001" classname="lbt14" name="lbt14_functions_with_gr_missing_excl_return_expected_result_with_test_data">
      <skipped message="Reason: On CRAN ('test-lbt14.R:21:3')"/>
    </testcase>
    <testcase time="2.33799999999999" classname="lbt14" name="lbt14_functions_with_gr_missing_gr_0_return_expected_result_with_test_data">
      <skipped message="Reason: On CRAN ('test-lbt14.R:28:3')"/>
    </testcase>
    <testcase time="1.354" classname="lbt14" name="lbt14_can_handle_all_NA_values"/>
    <testcase time="0.195999999999998" classname="lbt14" name="lbt14_can_handle_all_NA_values">
      <skipped message="Reason: On CRAN ('test-lbt14.R:41:3')"/>
    </testcase>
    <testcase time="1.71000000000001" classname="lbt14" name="lbt14_can_handle_some_NA_values"/>
    <testcase time="1.02199999999999" classname="lbt14" name="lbt14_can_handle_some_NA_values">
      <skipped message="Reason: On CRAN ('test-lbt14.R:60:3')"/>
    </testcase>
    <testcase time="5.42700000000001" classname="lbt14" name="lbt14_can_accept_different_gr_missing">
      <skipped message="Reason: On CRAN ('test-lbt14.R:67:3')"/>
    </testcase>
    <testcase time="0.0379999999999967" classname="lbt14" name="lbt14_fails_on_incomlete_data"/>
    <testcase time="1.404" classname="lbt14" name="lbt14_can_handle_all_NA_values_with_direction_high"/>
    <testcase time="0.201000000000008" classname="lbt14" name="lbt14_can_handle_all_NA_values_with_direction_high">
      <skipped message="Reason: On CRAN ('test-lbt14.R:92:3')"/>
    </testcase>
    <testcase time="1.74299999999999" classname="lbt14" name="lbt14_can_handle_some_NA_values_with_direction_high"/>
    <testcase time="1.125" classname="lbt14" name="lbt14_can_handle_some_NA_values_with_direction_high">
      <skipped message="Reason: On CRAN ('test-lbt14.R:111:3')"/>
    </testcase>
    <testcase time="5.80500000000001" classname="lbt14" name="lbt14_can_accept_different_gr_missing_with_direction_high">
      <skipped message="Reason: On CRAN ('test-lbt14.R:119:3')"/>
    </testcase>
    <testcase time="0.0360000000000014" classname="lbt14" name="lbt14_fails_on_incomlete_data"/>
  </testsuite>
  <testsuite name="mht01" timestamp="2023-05-30T17:14:55Z" hostname="96467d584364" tests="3" skipped="3" failures="0" errors="0" time="1.958">
    <testcase time="0.648999999999987" classname="mht01" name="mht01_1_functions_with_default_argument_value_return_expected_result_with_test_data">
      <skipped message="Reason: On CRAN ('test-mht01.R:7:3')"/>
    </testcase>
    <testcase time="0.659000000000006" classname="mht01" name="mht01_works">
      <skipped message="Reason: On CRAN ('test-mht01.R:15:3')"/>
    </testcase>
    <testcase time="0.650000000000006" classname="mht01" name="mht01_works_on_NULL_in_lbl_mhbodsys_or_lbl_mhdecod">
      <skipped message="Reason: On CRAN ('test-mht01.R:21:3')"/>
    </testcase>
  </testsuite>
  <testsuite name="mng01" timestamp="2023-05-30T17:14:57Z" hostname="96467d584364" tests="7" skipped="0" failures="0" errors="0" time="7.084">
    <testcase time="1.20299999999999" classname="mng01" name="mng01_works_as_expected_with_default_argument_values"/>
    <testcase time="1.15100000000001" classname="mng01" name="mng01_works_as_expected_with_custom_argument_values"/>
    <testcase time="0.0190000000000055" classname="mng01" name="mng01_works_as_expected_with_custom_argument_values"/>
    <testcase time="1.14699999999999" classname="mng01" name="mng01_works_as_expected_with_custom_color_set"/>
    <testcase time="1.172" classname="mng01" name="mng01_works_as_expected_with_custom_color_set"/>
    <testcase time="1.19999999999999" classname="mng01" name="mng01_works_if_show_v_grid_show_h_grid_is_TRUE"/>
    <testcase time="1.19200000000001" classname="mng01" name="mng01_works_with_combination_of_x_variables"/>
  </testsuite>
  <testsuite name="pdt01" timestamp="2023-05-30T17:15:04Z" hostname="96467d584364" tests="5" skipped="3" failures="0" errors="0" time="1.677">
    <testcase time="0.683999999999997" classname="pdt01" name="pdt01_function_with_default_argument_value_return_expected_result_with_test_data">
      <skipped message="Reason: On CRAN ('test-pdt01.R:7:3')"/>
    </testcase>
    <testcase time="0.123000000000019" classname="pdt01" name="pdt01_can_handle_all_NA_values"/>
    <testcase time="0.137" classname="pdt01" name="pdt01_can_handle_all_NA_values">
      <skipped message="Reason: On CRAN ('test-pdt01.R:21:3')"/>
    </testcase>
    <testcase time="0.295999999999992" classname="pdt01" name="pdt01_can_handle_some_NA_values"/>
    <testcase time="0.436999999999983" classname="pdt01" name="pdt01_can_handle_some_NA_values">
      <skipped message="Reason: On CRAN ('test-pdt01.R:36:3')"/>
    </testcase>
  </testsuite>
  <testsuite name="pdt02" timestamp="2023-05-30T17:15:06Z" hostname="96467d584364" tests="5" skipped="3" failures="0" errors="0" time="1.078">
    <testcase time="0.347000000000008" classname="pdt02" name="pdt02_function_with_default_argument_value_return_expected_result_with_test_data">
      <skipped message="Reason: On CRAN ('test-pdt02.R:7:3')"/>
    </testcase>
    <testcase time="0.138000000000005" classname="pdt02" name="pdt02_can_handle_all_NA_values"/>
    <testcase time="0.170999999999992" classname="pdt02" name="pdt02_can_handle_all_NA_values">
      <skipped message="Reason: On CRAN ('test-pdt02.R:21:3')"/>
    </testcase>
    <testcase time="0.209000000000003" classname="pdt02" name="pdt02_can_handle_some_NA_values"/>
    <testcase time="0.212999999999994" classname="pdt02" name="pdt02_can_handle_some_NA_values">
      <skipped message="Reason: On CRAN ('test-pdt02.R:36:3')"/>
    </testcase>
  </testsuite>
  <testsuite name="reexports" timestamp="2023-05-30T17:15:07Z" hostname="96467d584364" tests="2" skipped="0" failures="0" errors="0" time="0.035">
    <testcase time="0.0200000000000102" classname="reexports" name="with_label_exported_correctly"/>
    <testcase time="0.0149999999999864" classname="reexports" name="reformat_exported_correctly"/>
  </testsuite>
  <testsuite name="rmpt01" timestamp="2023-05-30T17:15:07Z" hostname="96467d584364" tests="7" skipped="3" failures="0" errors="0" time="0.76">
    <testcase time="0.227000000000004" classname="rmpt01" name="rmpt01_function_with_default_argument_value_return_expected_result_with_test_data">
      <skipped message="Reason: On CRAN ('test-rmpt01.R:7:3')"/>
    </testcase>
    <testcase time="0.0880000000000223" classname="rmpt01" name="rmpt01_can_handle_NA_values"/>
    <testcase time="0.133999999999986" classname="rmpt01" name="rmpt01_can_handle_NA_values">
      <skipped message="Reason: On CRAN ('test-rmpt01.R:17:3')"/>
    </testcase>
    <testcase time="0.0910000000000082" classname="rmpt01" name="rmpt01_can_handle_some_NA_values"/>
    <testcase time="0.132999999999981" classname="rmpt01" name="rmpt01_can_handle_some_NA_values">
      <skipped message="Reason: On CRAN ('test-rmpt01.R:31:3')"/>
    </testcase>
    <testcase time="0.0500000000000114" classname="rmpt01" name="rmpt01_fails_on_incomlete_data"/>
    <testcase time="0.0370000000000061" classname="rmpt01" name="rmpt01_fails_on_incomlete_data"/>
  </testsuite>
  <testsuite name="rspt01" timestamp="2023-05-30T17:15:08Z" hostname="96467d584364" tests="15" skipped="7" failures="0" errors="0" time="4.23">
    <testcase time="0.0199999999999818" classname="rspt01" name="rspt01_works_as_expected"/>
    <testcase time="0.411000000000001" classname="rspt01" name="rspt01_works_as_expected"/>
    <testcase time="0.27200000000002" classname="rspt01" name="rspt01_works_as_expected">
      <skipped message="Reason: On CRAN ('test-rspt01.R:5:3')"/>
    </testcase>
    <testcase time="0.355999999999995" classname="rspt01" name="rspt01_works_as_expected_for_stratified_and_unstratified_analysis"/>
    <testcase time="0.283999999999992" classname="rspt01" name="rspt01_works_as_expected_for_stratified_and_unstratified_analysis">
      <skipped message="Reason: On CRAN ('test-rspt01.R:17:3')"/>
    </testcase>
    <testcase time="0.302999999999997" classname="rspt01" name="rspt01_works_as_expected_for_unstratified_analysis_only"/>
    <testcase time="0.24199999999999" classname="rspt01" name="rspt01_works_as_expected_for_unstratified_analysis_only">
      <skipped message="Reason: On CRAN ('test-rspt01.R:36:3')"/>
    </testcase>
    <testcase time="0.303000000000026" classname="rspt01" name="rspt01_works_as_expected_for_stratified_analysis_only"/>
    <testcase time="0.244" classname="rspt01" name="rspt01_works_as_expected_for_stratified_analysis_only">
      <skipped message="Reason: On CRAN ('test-rspt01.R:55:3')"/>
    </testcase>
    <testcase time="0.339999999999975" classname="rspt01" name="rspt01_works_if_change_reference_group"/>
    <testcase time="0.260000000000019" classname="rspt01" name="rspt01_works_if_change_reference_group">
      <skipped message="Reason: On CRAN ('test-rspt01.R:74:3')"/>
    </testcase>
    <testcase time="0.34699999999998" classname="rspt01" name="rspt01_works_if_change_statistic_methods"/>
    <testcase time="0.25800000000001" classname="rspt01" name="rspt01_works_if_change_statistic_methods">
      <skipped message="Reason: On CRAN ('test-rspt01.R:97:3')"/>
    </testcase>
    <testcase time="0.331999999999994" classname="rspt01" name="rspt01_works_if_change_confidence_interval"/>
    <testcase time="0.25800000000001" classname="rspt01" name="rspt01_works_if_change_confidence_interval">
      <skipped message="Reason: On CRAN ('test-rspt01.R:123:3')"/>
    </testcase>
  </testsuite>
  <testsuite name="ttet01" timestamp="2023-05-30T17:15:12Z" hostname="96467d584364" tests="9" skipped="4" failures="0" errors="0" time="3.441">
    <testcase time="0.0279999999999916" classname="ttet01" name="ttet01_works_as_expected"/>
    <testcase time="0.531000000000006" classname="ttet01" name="ttet01_works_as_expected"/>
    <testcase time="0.463999999999999" classname="ttet01" name="ttet01_works_as_expected">
      <skipped message="Reason: On CRAN ('test-ttet01.R:5:3')"/>
    </testcase>
    <testcase time="0.403999999999996" classname="ttet01" name="ttet01_works_as_expected_for_stratified_and_unstratified_analysis"/>
    <testcase time="0.393000000000001" classname="ttet01" name="ttet01_works_as_expected_for_stratified_and_unstratified_analysis">
      <skipped message="Reason: On CRAN ('test-ttet01.R:14:3')"/>
    </testcase>
    <testcase time="0.40900000000002" classname="ttet01" name="ttet01_works_as_expected_for_stratified_analysis_only"/>
    <testcase time="0.407999999999987" classname="ttet01" name="ttet01_works_as_expected_for_stratified_analysis_only">
      <skipped message="Reason: On CRAN ('test-ttet01.R:30:3')"/>
    </testcase>
    <testcase time="0.407999999999987" classname="ttet01" name="ttet01_works_if_change_reference_group"/>
    <testcase time="0.396000000000015" classname="ttet01" name="ttet01_works_if_change_reference_group">
      <skipped message="Reason: On CRAN ('test-ttet01.R:46:3')"/>
    </testcase>
  </testsuite>
  <testsuite name="utils" timestamp="2023-05-30T17:15:15Z" hostname="96467d584364" tests="50" skipped="0" failures="0" errors="0" time="0.264">
    <testcase time="0.0180000000000007" classname="utils" name="h_format_dec_works_as_exected"/>
    <testcase time="0.00399999999999068" classname="utils" name="h_format_dec_works_as_exected"/>
    <testcase time="0.00200000000000955" classname="utils" name="h_format_dec_works_as_exected"/>
    <testcase time="0.00399999999999068" classname="utils" name="h_format_dec_works_as_exected"/>
    <testcase time="0.00200000000000955" classname="utils" name="h_format_dec_works_as_exected"/>
    <testcase time="0.00399999999999068" classname="utils" name="h_format_dec_works_as_exected"/>
    <testcase time="0.00200000000000955" classname="utils" name="h_format_dec_works_as_exected"/>
    <testcase time="0.0130000000000052" classname="utils" name="h_format_dec_works_as_exected"/>
    <testcase time="0.00199999999998113" classname="utils" name="h_format_dec_works_as_exected"/>
    <testcase time="0.00500000000002387" classname="utils" name="h_format_dec_works_as_exected"/>
    <testcase time="0.0029999999999859" classname="utils" name="h_format_dec_works_as_exected"/>
    <testcase time="0.00499999999999545" classname="utils" name="h_format_dec_works_as_exected"/>
    <testcase time="0.00900000000001455" classname="utils" name="h_format_dec_works_as_expected_with_more_than_one_value"/>
    <testcase time="0.00499999999999545" classname="utils" name="h_format_dec_works_as_expected_with_more_than_one_value"/>
    <testcase time="0.00899999999998613" classname="utils" name="h_format_dec_works_returns_null_with_NA_format"/>
    <testcase time="0.00800000000000978" classname="utils" name="h_format_dec_works_as_expected_with_NA_digits"/>
    <testcase time="0.007000000000005" classname="utils" name="h_format_dec_works_as_expected_with_NA_digits"/>
    <testcase time="0.00799999999998136" classname="utils" name="fuse_sequentially_works"/>
    <testcase time="0.0040000000000191" classname="utils" name="fuse_sequentially_works"/>
    <testcase time="0.00499999999999545" classname="utils" name="grob_list_works"/>
    <testcase time="0.00200000000000955" classname="utils" name="grob_list_works"/>
    <testcase time="0.00399999999999068" classname="utils" name="grob_list_works"/>
    <testcase time="0.00399999999999068" classname="utils" name="grob_list_works"/>
    <testcase time="0.0130000000000052" classname="utils" name="ifneeded_split_row_works_as_expected"/>
    <testcase time="0.00800000000000978" classname="utils" name="ifneeded_split_row_works_as_expected"/>
    <testcase time="0.00499999999999545" classname="utils" name="droplevels.character_works_as_expected"/>
    <testcase time="0.00399999999999068" classname="utils" name="droplevels.character_works_as_expected"/>
    <testcase time="0.00499999999999545" classname="utils" name="lvls.character_works_as_expected"/>
    <testcase time="0.0040000000000191" classname="utils" name="lvls.character_works_as_expected"/>
    <testcase time="0.00499999999999545" classname="utils" name="lvls.factor_works_as_expected"/>
    <testcase time="0.00499999999999545" classname="utils" name="lvls.factor_works_as_expected"/>
    <testcase time="0.00499999999999545" classname="utils" name="lvls.default_works_as_expected"/>
    <testcase time="0.00399999999999068" classname="utils" name="lvls.default_works_as_expected"/>
    <testcase time="0.00500000000002387" classname="utils" name="quote_str_works_as_expected"/>
    <testcase time="0.00399999999999068" classname="utils" name="quote_str_works_as_expected"/>
    <testcase time="0.00600000000000023" classname="utils" name="quote_str_works_as_expected"/>
    <testcase time="0.00499999999999545" classname="utils" name="modify_default_args_works_as_expected"/>
    <testcase time="0.00399999999999068" classname="utils" name="modify_default_args_works_as_expected"/>
    <testcase time="0.00500000000002387" classname="utils" name="execute_with_args_works_as_expected"/>
    <testcase time="0.00499999999999545" classname="utils" name="execute_with_args_works_as_expected"/>
    <testcase time="0.00199999999998113" classname="utils" name="execute_with_args_works_as_expected"/>
    <testcase time="0.0040000000000191" classname="utils" name="execute_with_args_works_as_expected"/>
    <testcase time="0.0029999999999859" classname="utils" name="execute_with_args_works_as_expected"/>
    <testcase time="0.0040000000000191" classname="utils" name="execute_with_args_works_as_expected"/>
    <testcase time="0.00199999999998113" classname="utils" name="execute_with_args_works_as_expected"/>
    <testcase time="0.00499999999999545" classname="utils" name="execute_with_args_works_as_expected"/>
    <testcase time="0.00200000000000955" classname="utils" name="execute_with_args_works_as_expected"/>
    <testcase time="0.00499999999999545" classname="utils" name="execute_with_args_works_as_expected"/>
    <testcase time="0.0100000000000193" classname="utils" name="execute_with_args_works_as_expected"/>
    <testcase time="0.00600000000000023" classname="utils" name="execute_with_args_works_as_expected"/>
  </testsuite>
  <testsuite name="vst01" timestamp="2023-05-30T17:15:16Z" hostname="96467d584364" tests="3" skipped="2" failures="0" errors="0" time="8.316">
    <testcase time="4.39000000000001" classname="vst01" name="vst01_functions_with_default_argument_value_return_expected_result_with_test_data">
      <skipped message="Reason: On CRAN ('test-vst01.R:7:3')"/>
    </testcase>
    <testcase time="2.91800000000001" classname="vst01" name="run_vst01_works_as_expected"/>
    <testcase time="1.00799999999998" classname="vst01" name="run_vst01_works_as_expected">
      <skipped message="Reason: On CRAN ('test-vst01.R:14:3')"/>
    </testcase>
  </testsuite>
  <testsuite name="vst02" timestamp="2023-05-30T17:15:24Z" hostname="96467d584364" tests="2" skipped="2" failures="0" errors="0" time="1.129">
    <testcase time="0.568000000000012" classname="vst02" name="vst02_functions_with_default_argument_value_return_expected_result_with_test_data">
      <skipped message="Reason: On CRAN ('test-vst02.R:7:3')"/>
    </testcase>
    <testcase time="0.561000000000007" classname="vst02" name="vst02_functions_return_expected_result_with_test_data_when_excluding_subject_with_baseline_abnormality">
      <skipped message="Reason: On CRAN ('test-vst02.R:14:3')"/>
    </testcase>
  </testsuite>
</testsuites>
