<?xml version="1.0" encoding="UTF-8"?>
<testsuites>
  <testsuite name="ael01_nollt" timestamp="2023-05-31T09:34:28Z" hostname="de80794c458b" tests="8" skipped="4" failures="0" errors="0" time="1.974">
    <testcase time="1.123" classname="ael01_nollt" name="ael01_nollt_works_with_admh_dataset"/>
    <testcase time="0.317" classname="ael01_nollt" name="ael01_nollt_works_with_admh_dataset">
      <skipped message="Reason: On CRAN ('test-ael01_nollt.R:7:3')"/>
    </testcase>
    <testcase time="0.0700000000000003" classname="ael01_nollt" name="ael01_nollt_works_with_non_default_label"/>
    <testcase time="0.185" classname="ael01_nollt" name="ael01_nollt_works_with_non_default_label">
      <skipped message="Reason: On CRAN ('test-ael01_nollt.R:20:3')"/>
    </testcase>
    <testcase time="0.0590000000000002" classname="ael01_nollt" name="ael01_nollt_can_handle_all_missing_values"/>
    <testcase time="0.0640000000000001" classname="ael01_nollt" name="ael01_nollt_can_handle_all_missing_values">
      <skipped message="Reason: On CRAN ('test-ael01_nollt.R:33:3')"/>
    </testcase>
    <testcase time="0.0389999999999997" classname="ael01_nollt" name="ael01_nollt_can_handle_some_missing_values"/>
    <testcase time="0.117" classname="ael01_nollt" name="ael01_nollt_can_handle_some_missing_values">
      <skipped message="Reason: On CRAN ('test-ael01_nollt.R:48:3')"/>
    </testcase>
  </testsuite>
  <testsuite name="aet01" timestamp="2023-05-31T09:34:30Z" hostname="de80794c458b" tests="9" skipped="4" failures="0" errors="0" time="2.931">
    <testcase time="0.595000000000001" classname="aet01" name="aet01_can_handle_all_NA_values"/>
    <testcase time="0.316" classname="aet01" name="aet01_can_handle_all_NA_values">
      <skipped message="Reason: On CRAN ('test-aet01.R:12:3')"/>
    </testcase>
    <testcase time="0.399999999999999" classname="aet01" name="aet01_can_handle_some_NA_values"/>
    <testcase time="0.308000000000001" classname="aet01" name="aet01_can_handle_some_NA_values">
      <skipped message="Reason: On CRAN ('test-aet01.R:29:3')"/>
    </testcase>
    <testcase time="0.278" classname="aet01" name="aet01_can_use_custom_anl_vars"/>
    <testcase time="0.175999999999999" classname="aet01" name="aet01_can_use_custom_anl_vars">
      <skipped message="Reason: On CRAN ('test-aet01.R:35:3')"/>
    </testcase>
    <testcase time="0.126" classname="aet01" name="aet01_fails_on_incomplete_data_input"/>
    <testcase time="0.397" classname="aet01" name="aet01_can_use_custom_medconcept_var"/>
    <testcase time="0.335" classname="aet01" name="aet01_can_use_custom_medconcept_var">
      <skipped message="Reason: On CRAN ('test-aet01.R:65:3')"/>
    </testcase>
  </testsuite>
  <testsuite name="aet01_aesi" timestamp="2023-05-31T09:34:33Z" hostname="de80794c458b" tests="7" skipped="3" failures="0" errors="0" time="2.237">
    <testcase time="0.350999999999999" classname="aet01_aesi" name="aet01_aesi_can_handle_all_NA_values"/>
    <testcase time="0.293000000000001" classname="aet01_aesi" name="aet01_aesi_can_handle_all_NA_values">
      <skipped message="Reason: On CRAN ('test-aet01_aesi.R:17:3')"/>
    </testcase>
    <testcase time="0.295" classname="aet01_aesi" name="aet01_aesi_can_handle_some_NA_values"/>
    <testcase time="0.295999999999999" classname="aet01_aesi" name="aet01_aesi_can_handle_some_NA_values">
      <skipped message="Reason: On CRAN ('test-aet01_aesi.R:30:3')"/>
    </testcase>
    <testcase time="0.414" classname="aet01_aesi" name="aet01_aesi_works_with_ALL_argument"/>
    <testcase time="0.455" classname="aet01_aesi" name="aet01_aesi_works_with_ALL_argument">
      <skipped message="Reason: On CRAN ('test-aet01_aesi.R:36:3')"/>
    </testcase>
    <testcase time="0.133000000000001" classname="aet01_aesi" name="aet01_aesi_check_fails_on_incomplete_data_input"/>
  </testsuite>
  <testsuite name="aet02" timestamp="2023-05-31T09:34:36Z" hostname="de80794c458b" tests="3" skipped="1" failures="0" errors="0" time="2.335">
    <testcase time="0.0830000000000002" classname="aet02" name="aet02_fails_on_incomplete_data_input"/>
    <testcase time="0.132" classname="aet02" name="aet02_handle_empty_data_input"/>
    <testcase time="2.12" classname="aet02" name="aet02_can_have_different_levels_of_row_split">
      <skipped message="Reason: On CRAN ('test-aet02.R:30:3')"/>
    </testcase>
  </testsuite>
  <testsuite name="aet03" timestamp="2023-05-31T09:34:38Z" hostname="de80794c458b" tests="4" skipped="2" failures="0" errors="0" time="4.012">
    <testcase time="0.479000000000001" classname="aet03" name="aet03_can_handle_NA_values"/>
    <testcase time="0.289999999999999" classname="aet03" name="aet03_can_handle_NA_values">
      <skipped message="Reason: On CRAN ('test-aet03.R:10:3')"/>
    </testcase>
    <testcase time="2.146" classname="aet03" name="aet03_can_handle_some_NA_values"/>
    <testcase time="1.097" classname="aet03" name="aet03_can_handle_some_NA_values">
      <skipped message="Reason: On CRAN ('test-aet03.R:27:3')"/>
    </testcase>
  </testsuite>
  <testsuite name="aet04" timestamp="2023-05-31T09:34:42Z" hostname="de80794c458b" tests="4" skipped="2" failures="0" errors="0" time="5.77">
    <testcase time="0.666" classname="aet04" name="aet04_can_handle_NA_values"/>
    <testcase time="0.448999999999998" classname="aet04" name="aet04_can_handle_NA_values">
      <skipped message="Reason: On CRAN ('test-aet04.R:10:3')"/>
    </testcase>
    <testcase time="3.375" classname="aet04" name="aet04_can_handle_some_NA_values"/>
    <testcase time="1.28" classname="aet04" name="aet04_can_handle_some_NA_values">
      <skipped message="Reason: On CRAN ('test-aet04.R:32:3')"/>
    </testcase>
  </testsuite>
  <testsuite name="aet10" timestamp="2023-05-31T09:34:48Z" hostname="de80794c458b" tests="4" skipped="2" failures="0" errors="0" time="0.58">
    <testcase time="0.100999999999999" classname="aet10" name="aet10_can_handle_NA_values"/>
    <testcase time="0.120999999999999" classname="aet10" name="aet10_can_handle_NA_values">
      <skipped message="Reason: On CRAN ('test-aet10.R:10:3')"/>
    </testcase>
    <testcase time="0.129000000000001" classname="aet10" name="aet10_can_handle_some_NA_values"/>
    <testcase time="0.228999999999999" classname="aet10" name="aet10_can_handle_some_NA_values">
      <skipped message="Reason: On CRAN ('test-aet10.R:24:3')"/>
    </testcase>
  </testsuite>
  <testsuite name="assertions" timestamp="2023-05-31T09:34:48Z" hostname="de80794c458b" tests="38" skipped="0" failures="0" errors="0" time="0.253">
    <testcase time="0.0229999999999997" classname="assertions" name="assert_one_tablenames_works_as_expected"/>
    <testcase time="0.00200000000000244" classname="assertions" name="assert_one_tablenames_works_as_expected"/>
    <testcase time="0.0069999999999979" classname="assertions" name="assert_one_tablenames_works_as_expected"/>
    <testcase time="0.00600000000000023" classname="assertions" name="assert_one_tablenames_works_as_expected"/>
    <testcase time="0.00600000000000023" classname="assertions" name="assert_all_tablenames_works_as_expected"/>
    <testcase time="0.00700000000000145" classname="assertions" name="assert_all_tablenames_works_as_expected"/>
    <testcase time="0.00600000000000023" classname="assertions" name="assert_all_tablenames_works_as_expected"/>
    <testcase time="0.00600000000000023" classname="assertions" name="assert_valid_var.character_works_as_expected"/>
    <testcase time="0.00600000000000023" classname="assertions" name="assert_valid_var.character_works_as_expected"/>
    <testcase time="0.0069999999999979" classname="assertions" name="assert_valid_var.character_works_as_expected"/>
    <testcase time="0.00600000000000023" classname="assertions" name="assert_valid_var.character_works_as_expected"/>
    <testcase time="0.00199999999999889" classname="assertions" name="assert_valid_var.character_works_as_expected"/>
    <testcase time="0.00600000000000023" classname="assertions" name="assert_valid_var.factor_works_as_expected"/>
    <testcase time="0.00700000000000145" classname="assertions" name="assert_valid_var.factor_works_as_expected"/>
    <testcase time="0.00600000000000023" classname="assertions" name="assert_valid_var.factor_works_as_expected"/>
    <testcase time="0.0069999999999979" classname="assertions" name="assert_valid_var.factor_works_as_expected"/>
    <testcase time="0.00200000000000244" classname="assertions" name="assert_valid_var.factor_works_as_expected"/>
    <testcase time="0.00600000000000023" classname="assertions" name="assert_valid_var.logical_works_as_expected"/>
    <testcase time="0.00600000000000023" classname="assertions" name="assert_valid_var.logical_works_as_expected"/>
    <testcase time="0.0069999999999979" classname="assertions" name="assert_valid_var.logical_works_as_expected"/>
    <testcase time="0.00200000000000244" classname="assertions" name="assert_valid_var.logical_works_as_expected"/>
    <testcase time="0.00599999999999667" classname="assertions" name="assert_valid_var.numeric_works_as_expected"/>
    <testcase time="0.00600000000000023" classname="assertions" name="assert_valid_var.numeric_works_as_expected"/>
    <testcase time="0.017000000000003" classname="assertions" name="assert_valid_var.numeric_works_as_expected"/>
    <testcase time="0.00299999999999656" classname="assertions" name="assert_valid_var.numeric_works_as_expected"/>
    <testcase time="0.00700000000000145" classname="assertions" name="assert_valid_var.numeric_works_as_expected"/>
    <testcase time="0.00300000000000011" classname="assertions" name="assert_valid_var.numeric_works_as_expected"/>
    <testcase time="0.00700000000000145" classname="assertions" name="assert_valid_variable_works_as_expected"/>
    <testcase time="0.00199999999999889" classname="assertions" name="assert_valid_variable_works_as_expected"/>
    <testcase time="0.0109999999999992" classname="assertions" name="assert_valid_variable_works_as_expected"/>
    <testcase time="0.00300000000000011" classname="assertions" name="assert_valid_variable_works_as_expected"/>
    <testcase time="0.0109999999999992" classname="assertions" name="assert_valid_variable_works_as_expected"/>
    <testcase time="0.00300000000000011" classname="assertions" name="assert_valid_variable_works_as_expected"/>
    <testcase time="0.00700000000000145" classname="assertions" name="assert_valid_var_pair_works_as_expected_with_character"/>
    <testcase time="0.00899999999999679" classname="assertions" name="assert_valid_var_pair_works_as_expected_with_character"/>
    <testcase time="0.00700000000000145" classname="assertions" name="assert_valid_var_pair_works_as_expected_with_factor"/>
    <testcase time="0.00900000000000034" classname="assertions" name="assert_valid_var_pair_works_as_expected_with_factor"/>
    <testcase time="0.00900000000000034" classname="assertions" name="assert_valid_var_pair_works_as_expected_with_factor"/>
  </testsuite>
  <testsuite name="checks" timestamp="2023-05-31T09:34:49Z" hostname="de80794c458b" tests="8" skipped="0" failures="0" errors="0" time="0.046">
    <testcase time="0.0109999999999992" classname="checks" name="check_all_colnames_works_as_expected"/>
    <testcase time="0.0120000000000005" classname="checks" name="check_all_colnames_works_as_expected"/>
    <testcase time="0.00199999999999889" classname="checks" name="check_all_colnames_works_as_expected"/>
    <testcase time="0.00400000000000134" classname="checks" name="check_all_colnames_works_as_expected"/>
    <testcase time="0.00600000000000023" classname="checks" name="check_one_colnames_works_as_expected"/>
    <testcase time="0.00399999999999778" classname="checks" name="check_one_colnames_works_as_expected"/>
    <testcase time="0.00300000000000011" classname="checks" name="check_one_colnames_works_as_expected"/>
    <testcase time="0.00400000000000134" classname="checks" name="check_one_colnames_works_as_expected"/>
  </testsuite>
  <testsuite name="chevron_tlg-class" timestamp="2023-05-31T09:34:49Z" hostname="de80794c458b" tests="24" skipped="0" failures="0" errors="0" time="0.099">
    <testcase time="0.0109999999999992" classname="chevron_tlg_class" name="chevron_t_object_can_be_constructed_with_default_values"/>
    <testcase time="0.00500000000000256" classname="chevron_tlg_class" name="chevron_t_object_can_be_constructed_with_default_values"/>
    <testcase time="0.0069999999999979" classname="chevron_tlg_class" name="chevron_t_object_can_be_constructed_with_custom_values"/>
    <testcase time="0.00499999999999901" classname="chevron_tlg_class" name="chevron_t_object_can_be_constructed_with_custom_values"/>
    <testcase time="0.00400000000000134" classname="chevron_tlg_class" name="chevron_t_object_can_be_constructed_with_custom_values"/>
    <testcase time="0.00400000000000134" classname="chevron_tlg_class" name="chevron_t_object_can_be_constructed_with_custom_values"/>
    <testcase time="0.0069999999999979" classname="chevron_tlg_class" name="chevron_t_constructor_returns_an_error_when_expected"/>
    <testcase time="0.00200000000000244" classname="chevron_tlg_class" name="chevron_t_constructor_returns_an_error_when_expected"/>
    <testcase time="0.000999999999997669" classname="chevron_tlg_class" name="chevron_t_constructor_returns_an_error_when_expected"/>
    <testcase time="0.00200000000000244" classname="chevron_tlg_class" name="chevron_t_constructor_returns_an_error_when_expected"/>
    <testcase time="0.000999999999997669" classname="chevron_tlg_class" name="chevron_t_constructor_returns_an_error_when_expected"/>
    <testcase time="0.00100000000000122" classname="chevron_tlg_class" name="chevron_t_constructor_returns_an_error_when_expected"/>
    <testcase time="0.00799999999999912" classname="chevron_tlg_class" name="chevron_l_object_can_be_constructed_with_default_values"/>
    <testcase time="0.00499999999999901" classname="chevron_tlg_class" name="chevron_l_object_can_be_constructed_with_default_values"/>
    <testcase time="0.00800000000000267" classname="chevron_tlg_class" name="chevron_g_object_can_be_constructed_with_custom_values"/>
    <testcase time="0.00499999999999901" classname="chevron_tlg_class" name="chevron_g_object_can_be_constructed_with_custom_values"/>
    <testcase time="0.00400000000000134" classname="chevron_tlg_class" name="chevron_g_object_can_be_constructed_with_custom_values"/>
    <testcase time="0.00499999999999901" classname="chevron_tlg_class" name="chevron_g_object_can_be_constructed_with_custom_values"/>
    <testcase time="0.0069999999999979" classname="chevron_tlg_class" name="chevron_g_constructor_returns_an_error_when_expected"/>
    <testcase time="0.00100000000000122" classname="chevron_tlg_class" name="chevron_g_constructor_returns_an_error_when_expected"/>
    <testcase time="0.00199999999999889" classname="chevron_tlg_class" name="chevron_g_constructor_returns_an_error_when_expected"/>
    <testcase time="0.00100000000000122" classname="chevron_tlg_class" name="chevron_g_constructor_returns_an_error_when_expected"/>
    <testcase time="0.00199999999999889" classname="chevron_tlg_class" name="chevron_g_constructor_returns_an_error_when_expected"/>
    <testcase time="0.00100000000000122" classname="chevron_tlg_class" name="chevron_g_constructor_returns_an_error_when_expected"/>
  </testsuite>
  <testsuite name="chevron_tlg-methods" timestamp="2023-05-31T09:34:49Z" hostname="de80794c458b" tests="37" skipped="3" failures="0" errors="0" time="15.13">
    <testcase time="4.341" classname="chevron_tlg_methods" name="run_works_as_expected_for_chevron_t_object">
      <skipped message="Reason: On CRAN ('test-chevron_tlg-methods.R:5:3')"/>
    </testcase>
    <testcase time="0.84" classname="chevron_tlg_methods" name="run_works_as_expected_for_chevron_t_object_when_auto_pre_FALSE">
      <skipped message="Reason: On CRAN ('test-chevron_tlg-methods.R:13:3')"/>
    </testcase>
    <testcase time="0.0169999999999995" classname="chevron_tlg_methods" name="args_ls_works_as_expected"/>
    <testcase time="0.00199999999999889" classname="chevron_tlg_methods" name="args_ls_works_as_expected"/>
    <testcase time="0.00100000000000122" classname="chevron_tlg_methods" name="args_ls_works_as_expected"/>
    <testcase time="0.00600000000000023" classname="chevron_tlg_methods" name="args_ls_works_as_expected_when_simplify_is_TRUE"/>
    <testcase time="0.000999999999997669" classname="chevron_tlg_methods" name="args_ls_works_as_expected_when_simplify_is_TRUE"/>
    <testcase time="0.00200000000000244" classname="chevron_tlg_methods" name="args_ls_works_as_expected_when_simplify_is_TRUE"/>
    <testcase time="0.0069999999999979" classname="chevron_tlg_methods" name="args_ls_works_as_expected_with_custom_chevron_tlg_object"/>
    <testcase time="0.00100000000000122" classname="chevron_tlg_methods" name="args_ls_works_as_expected_with_custom_chevron_tlg_object"/>
    <testcase time="0.00100000000000122" classname="chevron_tlg_methods" name="args_ls_works_as_expected_with_custom_chevron_tlg_object"/>
    <testcase time="0.00499999999999901" classname="chevron_tlg_methods" name="args_ls_works_as_expected_with_custom_chevron_tlg_object"/>
    <testcase time="0.00799999999999912" classname="chevron_tlg_methods" name="main_works_as_expected"/>
    <testcase time="0.00900000000000034" classname="chevron_tlg_methods" name="main_setter_works_as_expected"/>
    <testcase time="0.0150000000000006" classname="chevron_tlg_methods" name="main_setter_throw_an_error_as_expected"/>
    <testcase time="0.00900000000000034" classname="chevron_tlg_methods" name="preprocess_works_as_expected"/>
    <testcase time="0.00899999999999679" classname="chevron_tlg_methods" name="preprocess_setter_works_as_expected"/>
    <testcase time="0.027000000000001" classname="chevron_tlg_methods" name="preprocess_sends_an_error_as_expected"/>
    <testcase time="0.0100000000000016" classname="chevron_tlg_methods" name="postprocess_works_as_expected"/>
    <testcase time="0.00999999999999801" classname="chevron_tlg_methods" name="postprocess_setter_works_as_expected"/>
    <testcase time="0.0150000000000006" classname="chevron_tlg_methods" name="postprocess_sends_an_error_as_expected"/>
    <testcase time="0.00799999999999912" classname="chevron_tlg_methods" name="datasets_works_as_expected"/>
    <testcase time="0.0100000000000016" classname="chevron_tlg_methods" name="datasets_setter_works_as_expected"/>
    <testcase time="0.00700000000000145" classname="chevron_tlg_methods" name="script_works_as_expected"/>
    <testcase time="0.00199999999999889" classname="chevron_tlg_methods" name="script_works_as_expected"/>
    <testcase time="0.000999999999997669" classname="chevron_tlg_methods" name="script_works_as_expected"/>
    <testcase time="0.00700000000000145" classname="chevron_tlg_methods" name="script_works_as_expected_with_dictionary_of_arguments"/>
    <testcase time="0.00100000000000122" classname="chevron_tlg_methods" name="script_works_as_expected_with_dictionary_of_arguments"/>
    <testcase time="0.00199999999999889" classname="chevron_tlg_methods" name="script_works_as_expected_with_dictionary_of_arguments"/>
    <testcase time="0.00199999999999889" classname="chevron_tlg_methods" name="script_works_as_expected_with_dictionary_of_arguments"/>
    <testcase time="0.00500000000000256" classname="chevron_tlg_methods" name="script_funs_works_as_expected_in_interactive_mode">
      <skipped message="Reason: !interactive() is TRUE ('test-chevron_tlg-methods.R:155:3')"/>
    </testcase>
    <testcase time="0.0169999999999995" classname="chevron_tlg_methods" name="script_funs_works_as_expected"/>
    <testcase time="0.00199999999999889" classname="chevron_tlg_methods" name="script_funs_works_as_expected"/>
    <testcase time="0.00700000000000145" classname="chevron_tlg_methods" name="script_funs_works_as_expected_with_details_set_to_TRUE"/>
    <testcase time="0.000999999999997669" classname="chevron_tlg_methods" name="script_funs_works_as_expected_with_details_set_to_TRUE"/>
    <testcase time="6.458" classname="chevron_tlg_methods" name="script_funs_generates_a_valid_script"/>
    <testcase time="3.264" classname="chevron_tlg_methods" name="script_funs_generates_a_valid_script"/>
  </testsuite>
  <testsuite name="cmt01a" timestamp="2023-05-31T09:35:04Z" hostname="de80794c458b" tests="6" skipped="4" failures="0" errors="0" time="4.975">
    <testcase time="1.51799999999999" classname="cmt01a" name="cmt01a_functions_with_default_argument_value_return_expected_result_with_test_data">
      <skipped message="Reason: On CRAN ('test-cmt01a.R:7:3')"/>
    </testcase>
    <testcase time="1.44600000000001" classname="cmt01a" name="cmt01a_functions_with_custom_argument_value_return_expected_result_with_test_data">
      <skipped message="Reason: On CRAN ('test-cmt01a.R:14:3')"/>
    </testcase>
    <testcase time="0.204000000000001" classname="cmt01a" name="cmt01a_can_handle_all_NA_values"/>
    <testcase time="0.186999999999998" classname="cmt01a" name="cmt01a_can_handle_all_NA_values">
      <skipped message="Reason: On CRAN ('test-cmt01a.R:28:3')"/>
    </testcase>
    <testcase time="0.895000000000003" classname="cmt01a" name="cmt01a_can_handle_some_NA_values"/>
    <testcase time="0.724999999999994" classname="cmt01a" name="cmt01a_can_handle_some_NA_values">
      <skipped message="Reason: On CRAN ('test-cmt01a.R:36:3')"/>
    </testcase>
  </testsuite>
  <testsuite name="cmt02_pt" timestamp="2023-05-31T09:35:09Z" hostname="de80794c458b" tests="4" skipped="2" failures="0" errors="0" time="0.755">
    <testcase time="0.143000000000001" classname="cmt02_pt" name="cmt02_pt_can_handle_all_NA_values"/>
    <testcase time="0.152999999999999" classname="cmt02_pt" name="cmt02_pt_can_handle_all_NA_values">
      <skipped message="Reason: On CRAN ('test-cmt02_pt.R:9:3')"/>
    </testcase>
    <testcase time="0.197000000000003" classname="cmt02_pt" name="cmt02_pt_can_handle_some_NA_values"/>
    <testcase time="0.262" classname="cmt02_pt" name="cmt02_pt_can_handle_some_NA_values">
      <skipped message="Reason: On CRAN ('test-cmt02_pt.R:17:3')"/>
    </testcase>
  </testsuite>
  <testsuite name="coxt02" timestamp="2023-05-31T09:35:10Z" hostname="de80794c458b" tests="3" skipped="1" failures="0" errors="0" time="0.983">
    <testcase time="0.686" classname="coxt02" name="coxt02_can_handle_some_NA_values"/>
    <testcase time="0.267000000000003" classname="coxt02" name="coxt02_can_handle_some_NA_values">
      <skipped message="Reason: On CRAN ('test-coxt02.R:5:3')"/>
    </testcase>
    <testcase time="0.029999999999994" classname="coxt02" name="coxt02_fails_on_incomlete_data"/>
  </testsuite>
  <testsuite name="default_tlg" timestamp="2023-05-31T09:35:11Z" hostname="de80794c458b" tests="12" skipped="12" failures="0" errors="0" time="13.399">
    <testcase time="0.147000000000006" classname="default_tlg" name="ael01_nollt_function_with_default_argument_value_return_expected_result_with_test_data">
      <skipped message="Reason: On CRAN ('test-default_tlg.R:5:3')"/>
    </testcase>
    <testcase time="0.702999999999996" classname="default_tlg" name="aet01_function_with_default_argument_value_return_expected_result_with_test_data">
      <skipped message="Reason: On CRAN ('test-default_tlg.R:12:3')"/>
    </testcase>
    <testcase time="0.661000000000001" classname="default_tlg" name="aet01_aesi_function_with_default_argument_value_return_expected_result_with_test_data">
      <skipped message="Reason: On CRAN ('test-default_tlg.R:19:3')"/>
    </testcase>
    <testcase time="1.328" classname="default_tlg" name="aet02_functions_with_default_argument_value_return_expected_result_with_test_data">
      <skipped message="Reason: On CRAN ('test-default_tlg.R:26:3')"/>
    </testcase>
    <testcase time="3.043" classname="default_tlg" name="aet03_functions_with_default_argument_value_return_expected_result_with_test_data">
      <skipped message="Reason: On CRAN ('test-default_tlg.R:33:3')"/>
    </testcase>
    <testcase time="4.398" classname="default_tlg" name="aet04_functions_with_default_argument_value_return_expected_result_with_test_data">
      <skipped message="Reason: On CRAN ('test-default_tlg.R:40:3')"/>
    </testcase>
    <testcase time="0.335999999999999" classname="default_tlg" name="aet10_functions_with_default_argument_value_return_expected_result_with_test_data">
      <skipped message="Reason: On CRAN ('test-default_tlg.R:47:3')"/>
    </testcase>
    <testcase time="0.427999999999997" classname="default_tlg" name="cmt02_pt_functions_with_default_argument_value_return_expected_result_with_test_data">
      <skipped message="Reason: On CRAN ('test-default_tlg.R:54:3')"/>
    </testcase>
    <testcase time="0.847000000000001" classname="default_tlg" name="coxt02_functions_with_default_argument_value_return_expected_result_with_test_data">
      <skipped message="Reason: On CRAN ('test-default_tlg.R:62:3')"/>
    </testcase>
    <testcase time="0.726999999999997" classname="default_tlg" name="dmt01_functions_with_default_argument_value_return_expected_result_with_test_data">
      <skipped message="Reason: On CRAN ('test-default_tlg.R:69:3')"/>
    </testcase>
    <testcase time="0.479000000000006" classname="default_tlg" name="dst01_functions_with_default_argument_value_return_expected_result_with_test_data">
      <skipped message="Reason: On CRAN ('test-default_tlg.R:76:3')"/>
    </testcase>
    <testcase time="0.302" classname="default_tlg" name="dtht01_functions_with_default_argument_value_return_expected_result_with_test_data">
      <skipped message="Reason: On CRAN ('test-default_tlg.R:83:3')"/>
    </testcase>
  </testsuite>
  <testsuite name="dmt01" timestamp="2023-05-31T09:35:24Z" hostname="de80794c458b" tests="4" skipped="2" failures="0" errors="0" time="1.394">
    <testcase time="0.285999999999994" classname="dmt01" name="dmt01_can_handle_NA_values"/>
    <testcase time="0.375" classname="dmt01" name="dmt01_can_handle_NA_values">
      <skipped message="Reason: On CRAN ('test-dmt01.R:8:3')"/>
    </testcase>
    <testcase time="0.296999999999997" classname="dmt01" name="dmt01_can_handle_numeric_NA_values"/>
    <testcase time="0.436" classname="dmt01" name="dmt01_can_handle_numeric_NA_values">
      <skipped message="Reason: On CRAN ('test-dmt01.R:15:3')"/>
    </testcase>
  </testsuite>
  <testsuite name="dst01" timestamp="2023-05-31T09:35:25Z" hostname="de80794c458b" tests="14" skipped="7" failures="0" errors="0" time="3.168">
    <testcase time="0.164999999999999" classname="dst01" name="dst01_works_as_expected_when_all_data_are_NA"/>
    <testcase time="0.0660000000000025" classname="dst01" name="dst01_works_as_expected_when_all_data_are_NA">
      <skipped message="Reason: On CRAN ('test-dst01.R:11:3')"/>
    </testcase>
    <testcase time="0.158000000000001" classname="dst01" name="dst01_can_handle_all_NA_values_in_DCSREAS"/>
    <testcase time="0.156999999999996" classname="dst01" name="dst01_can_handle_all_NA_values_in_DCSREAS">
      <skipped message="Reason: On CRAN ('test-dst01.R:22:3')"/>
    </testcase>
    <testcase time="0.224000000000004" classname="dst01" name="dst01_can_handle_some_NA_values"/>
    <testcase time="0.268000000000001" classname="dst01" name="dst01_can_handle_some_NA_values">
      <skipped message="Reason: On CRAN ('test-dst01.R:29:3')"/>
    </testcase>
    <testcase time="0.157999999999994" classname="dst01" name="dst01_can_handle_missing_levels_in_status_var"/>
    <testcase time="0.125" classname="dst01" name="dst01_can_handle_missing_levels_in_status_var">
      <skipped message="Reason: On CRAN ('test-dst01.R:39:3')"/>
    </testcase>
    <testcase time="0.259" classname="dst01" name="dst01_can_create_variants"/>
    <testcase time="0.298000000000002" classname="dst01" name="dst01_can_create_variants">
      <skipped message="Reason: On CRAN ('test-dst01.R:44:3')"/>
    </testcase>
    <testcase time="0.301000000000002" classname="dst01" name="dst01_can_create_variants"/>
    <testcase time="0.301000000000002" classname="dst01" name="dst01_can_create_variants">
      <skipped message="Reason: On CRAN ('test-dst01.R:49:3')"/>
    </testcase>
    <testcase time="0.352999999999994" classname="dst01" name="dst01_can_create_variants"/>
    <testcase time="0.335000000000001" classname="dst01" name="dst01_can_create_variants">
      <skipped message="Reason: On CRAN ('test-dst01.R:56:3')"/>
    </testcase>
  </testsuite>
  <testsuite name="dtht01" timestamp="2023-05-31T09:35:29Z" hostname="de80794c458b" tests="5" skipped="3" failures="0" errors="0" time="1.808">
    <testcase time="0.143000000000001" classname="dtht01" name="dtht01_can_handle_all_NA_values"/>
    <testcase time="0.167999999999999" classname="dtht01" name="dtht01_can_handle_all_NA_values">
      <skipped message="Reason: On CRAN ('test-dtht01.R:12:3')"/>
    </testcase>
    <testcase time="0.318000000000005" classname="dtht01" name="dtht01_can_handle_some_NA_values"/>
    <testcase time="0.432000000000002" classname="dtht01" name="dtht01_can_handle_some_NA_values">
      <skipped message="Reason: On CRAN ('test-dtht01.R:19:3')"/>
    </testcase>
    <testcase time="0.747" classname="dtht01" name="dtht01_can_be_parametrize_as_expected">
      <skipped message="Reason: On CRAN ('test-dtht01.R:30:3')"/>
    </testcase>
  </testsuite>
  <testsuite name="egt01" timestamp="2023-05-31T09:35:30Z" hostname="de80794c458b" tests="3" skipped="2" failures="0" errors="0" time="4.135">
    <testcase time="2.202" classname="egt01" name="egt01_functions_with_default_argument_value_return_expected_result_with_test_data">
      <skipped message="Reason: On CRAN ('test-egt01.R:7:3')"/>
    </testcase>
    <testcase time="1.658" classname="egt01" name="egt01_can_handle_n_0_and_outputs_NE_instead_of_infs_and_NAs"/>
    <testcase time="0.274999999999991" classname="egt01" name="egt01_can_handle_n_0_and_outputs_NE_instead_of_infs_and_NAs">
      <skipped message="Reason: On CRAN ('test-egt01.R:21:3')"/>
    </testcase>
  </testsuite>
  <testsuite name="egt02" timestamp="2023-05-31T09:35:34Z" hostname="de80794c458b" tests="2" skipped="2" failures="0" errors="0" time="0.893">
    <testcase time="0.460000000000008" classname="egt02" name="egt02_1_functions_with_default_argument_value_return_expected_result_with_test_data">
      <skipped message="Reason: On CRAN ('test-egt02.R:7:3')"/>
    </testcase>
    <testcase time="0.432999999999993" classname="egt02" name="egt02_2_functions_with_default_value_return_expected_result_with_test_data">
      <skipped message="Reason: On CRAN ('test-egt02.R:14:3')"/>
    </testcase>
  </testsuite>
  <testsuite name="egt03" timestamp="2023-05-31T09:35:35Z" hostname="de80794c458b" tests="5" skipped="2" failures="0" errors="0" time="1.38">
    <testcase time="0.635000000000005" classname="egt03" name="egt03_functions_with_default_argument_value_return_expected_result_with_test_data">
      <skipped message="Reason: On CRAN ('test-egt03.R:7:3')"/>
    </testcase>
    <testcase time="0.0390000000000015" classname="egt03" name="egt03_errors_on_all_NA_values"/>
    <testcase time="0.295999999999992" classname="egt03" name="egt03_can_handle_some_NA_values"/>
    <testcase time="0.344000000000008" classname="egt03" name="egt03_can_handle_some_NA_values">
      <skipped message="Reason: On CRAN ('test-egt03.R:28:3')"/>
    </testcase>
    <testcase time="0.0660000000000025" classname="egt03" name="egt03_fails_on_incomplete_data"/>
  </testsuite>
  <testsuite name="egt05_qtcat" timestamp="2023-05-31T09:35:37Z" hostname="de80794c458b" tests="4" skipped="2" failures="0" errors="0" time="3.122">
    <testcase time="1.527" classname="egt05_qtcat" name="egt05_qtcat_functions_with_default_argument_value_return_expected_result_with_test_data">
      <skipped message="Reason: On CRAN ('test-egt05_qtcat.R:7:3')"/>
    </testcase>
    <testcase time="0.0319999999999965" classname="egt05_qtcat" name="egt05_qtcat_erros_on_all_NA_values"/>
    <testcase time="0.608999999999995" classname="egt05_qtcat" name="egt05_qtcat_can_handle_some_NA_values"/>
    <testcase time="0.954000000000008" classname="egt05_qtcat" name="egt05_qtcat_can_handle_some_NA_values">
      <skipped message="Reason: On CRAN ('test-egt05_qtcat.R:28:3')"/>
    </testcase>
  </testsuite>
  <testsuite name="empty_report" timestamp="2023-05-31T09:35:40Z" hostname="de80794c458b" tests="25" skipped="0" failures="0" errors="0" time="4.673">
    <testcase time="1.69" classname="empty_report" name="tlg_functions_return_null_reports_when_domain_table_is_empty"/>
    <testcase time="0.359999999999999" classname="empty_report" name="tlg_functions_return_null_reports_when_domain_table_is_empty"/>
    <testcase time="0.251999999999995" classname="empty_report" name="tlg_functions_return_null_reports_when_domain_table_is_empty"/>
    <testcase time="0.114000000000004" classname="empty_report" name="tlg_functions_return_null_reports_when_domain_table_is_empty"/>
    <testcase time="0.134999999999991" classname="empty_report" name="tlg_functions_return_null_reports_when_domain_table_is_empty"/>
    <testcase time="0.0640000000000072" classname="empty_report" name="tlg_functions_return_null_reports_when_domain_table_is_empty"/>
    <testcase time="0.103999999999999" classname="empty_report" name="tlg_functions_return_null_reports_when_domain_table_is_empty"/>
    <testcase time="0.197999999999993" classname="empty_report" name="tlg_functions_return_null_reports_when_domain_table_is_empty"/>
    <testcase time="0.225000000000009" classname="empty_report" name="tlg_functions_return_null_reports_when_domain_table_is_empty"/>
    <testcase time="0.0840000000000032" classname="empty_report" name="tlg_functions_return_null_reports_when_domain_table_is_empty"/>
    <testcase time="0.083999999999989" classname="empty_report" name="tlg_functions_return_null_reports_when_domain_table_is_empty"/>
    <testcase time="0.0670000000000073" classname="empty_report" name="tlg_functions_return_null_reports_when_domain_table_is_empty"/>
    <testcase time="0.0480000000000018" classname="empty_report" name="tlg_functions_return_null_reports_when_domain_table_is_empty"/>
    <testcase time="0.0439999999999969" classname="empty_report" name="tlg_functions_return_null_reports_when_domain_table_is_empty"/>
    <testcase time="0.0450000000000017" classname="empty_report" name="tlg_functions_return_null_reports_when_domain_table_is_empty"/>
    <testcase time="0.0660000000000025" classname="empty_report" name="tlg_functions_return_null_reports_when_domain_table_is_empty"/>
    <testcase time="0.0729999999999933" classname="empty_report" name="tlg_functions_return_null_reports_when_domain_table_is_empty"/>
    <testcase time="0.0649999999999977" classname="empty_report" name="tlg_functions_return_null_reports_when_domain_table_is_empty"/>
    <testcase time="0.085000000000008" classname="empty_report" name="tlg_functions_return_null_reports_when_domain_table_is_empty"/>
    <testcase time="0.49199999999999" classname="empty_report" name="tlg_functions_return_null_reports_when_domain_table_is_empty"/>
    <testcase time="0.0980000000000132" classname="empty_report" name="tlg_functions_return_null_reports_when_domain_table_is_empty"/>
    <testcase time="0.0949999999999989" classname="empty_report" name="tlg_functions_return_null_reports_when_domain_table_is_empty"/>
    <testcase time="0.0869999999999891" classname="empty_report" name="tlg_functions_return_null_reports_when_domain_table_is_empty"/>
    <testcase time="0.0490000000000066" classname="empty_report" name="tlg_functions_return_null_reports_when_domain_table_is_empty"/>
    <testcase time="0.0489999999999924" classname="empty_report" name="tlg_functions_return_null_reports_when_domain_table_is_empty"/>
  </testsuite>
  <testsuite name="ext01" timestamp="2023-05-31T09:35:45Z" hostname="de80794c458b" tests="5" skipped="4" failures="0" errors="0" time="1.739">
    <testcase time="0.429000000000002" classname="ext01" name="ext01_functions_with_default_argument_value_return_expected_result_with_test_data">
      <skipped message="Reason: On CRAN ('test-ext01.R:7:3')"/>
    </testcase>
    <testcase time="0.444000000000003" classname="ext01" name="ext01_functions_with_categorical_data_return_expected_result_with_test_data">
      <skipped message="Reason: On CRAN ('test-ext01.R:15:3')"/>
    </testcase>
    <testcase time="0.198999999999998" classname="ext01" name="ext01_works"/>
    <testcase time="0.236000000000004" classname="ext01" name="ext01_works">
      <skipped message="Reason: On CRAN ('test-ext01.R:23:3')"/>
    </testcase>
    <testcase time="0.430999999999997" classname="ext01" name="ext01_works_for_selected_parameters_and_categorical_variables">
      <skipped message="Reason: On CRAN ('test-ext01.R:36:3')"/>
    </testcase>
  </testsuite>
  <testsuite name="fstg01" timestamp="2023-05-31T09:35:46Z" hostname="de80794c458b" tests="7" skipped="0" failures="0" errors="0" time="10.384">
    <testcase time="0.0600000000000023" classname="fstg01" name="fstg01_works_as_expected"/>
    <testcase time="2.34999999999999" classname="fstg01" name="fstg01_works_as_expected"/>
    <testcase time="2.38500000000001" classname="fstg01" name="fstg01_works_as_expected_with_custom_color_set"/>
    <testcase time="2.17999999999999" classname="fstg01" name="fstg01_works_as_expected_with_custom_color_set"/>
    <testcase time="0.359999999999999" classname="fstg01" name="fstg01_works_if_changes_are_in_subgroups_strata_var_conf_level_and_label_all"/>
    <testcase time="0.890000000000001" classname="fstg01" name="fstg01_works_if_changes_are_in_subgroups_strata_var_conf_level_and_label_all"/>
    <testcase time="2.15900000000001" classname="fstg01" name="fstg01_can_handle_some_NA_values_in_subgroups"/>
  </testsuite>
  <testsuite name="kmg01" timestamp="2023-05-31T09:35:57Z" hostname="de80794c458b" tests="6" skipped="0" failures="0" errors="0" time="1.996">
    <testcase time="0.0139999999999958" classname="kmg01" name="kmg01_works_as_expected"/>
    <testcase time="0.457999999999998" classname="kmg01" name="kmg01_works_as_expected"/>
    <testcase time="0.444000000000003" classname="kmg01" name="kmg01_works_as_expected_with_custom_color_set"/>
    <testcase time="0.363" classname="kmg01" name="kmg01_works_as_expected_with_custom_color_set"/>
    <testcase time="0.358000000000004" classname="kmg01" name="kmg01_works_if_change_pvalue_ties_and_conf_level"/>
    <testcase time="0.358999999999995" classname="kmg01" name="kmg01_works_if_change_annotation_position"/>
  </testsuite>
  <testsuite name="lbt01" timestamp="2023-05-31T09:35:59Z" hostname="de80794c458b" tests="3" skipped="2" failures="0" errors="0" time="3.956">
    <testcase time="2.133" classname="lbt01" name="lbt01_functions_with_default_argument_value_return_expected_result_with_test_data">
      <skipped message="Reason: On CRAN ('test-lbt01.R:7:3')"/>
    </testcase>
    <testcase time="1.57600000000001" classname="lbt01" name="lbt01_can_handle_n_0_and_outputs_NE_instead_of_infs_and_NAs"/>
    <testcase time="0.247" classname="lbt01" name="lbt01_can_handle_n_0_and_outputs_NE_instead_of_infs_and_NAs">
      <skipped message="Reason: On CRAN ('test-lbt01.R:21:3')"/>
    </testcase>
  </testsuite>
  <testsuite name="lbt04" timestamp="2023-05-31T09:36:03Z" hostname="de80794c458b" tests="8" skipped="4" failures="0" errors="0" time="3.164">
    <testcase time="1.011" classname="lbt04" name="lbt04_functions_with_default_argument_value_return_expected_result_with_test_data">
      <skipped message="Reason: On CRAN ('test-lbt04.R:7:3')"/>
    </testcase>
    <testcase time="0.0679999999999978" classname="lbt04" name="lbt04_can_handle_all_NA_values"/>
    <testcase time="0.0660000000000025" classname="lbt04" name="lbt04_can_handle_all_NA_values">
      <skipped message="Reason: On CRAN ('test-lbt04.R:20:3')"/>
    </testcase>
    <testcase time="0.495000000000005" classname="lbt04" name="lbt04_can_handle_missing_levels"/>
    <testcase time="0.5" classname="lbt04" name="lbt04_can_handle_missing_levels">
      <skipped message="Reason: On CRAN ('test-lbt04.R:31:3')"/>
    </testcase>
    <testcase time="0.49499999999999" classname="lbt04" name="lbt04_can_handle_some_NA_values"/>
    <testcase time="0.492000000000004" classname="lbt04" name="lbt04_can_handle_some_NA_values">
      <skipped message="Reason: On CRAN ('test-lbt04.R:39:3')"/>
    </testcase>
    <testcase time="0.0370000000000061" classname="lbt04" name="lbt04_fails_on_incomlete_data"/>
  </testsuite>
  <testsuite name="lbt05" timestamp="2023-05-31T09:36:06Z" hostname="de80794c458b" tests="5" skipped="2" failures="0" errors="0" time="2.507">
    <testcase time="0.963999999999999" classname="lbt05" name="lbt05_functions_with_default_argument_value_return_expected_result_with_test_data">
      <skipped message="Reason: On CRAN ('test-lbt05.R:7:3')"/>
    </testcase>
    <testcase time="0.48599999999999" classname="lbt05" name="lbt05_give_all_0_count_if_ANRIND_are_all_missing"/>
    <testcase time="0.499000000000009" classname="lbt05" name="lbt05_can_handle_some_NA_values"/>
    <testcase time="0.497" classname="lbt05" name="lbt05_can_handle_some_NA_values">
      <skipped message="Reason: On CRAN ('test-lbt05.R:36:3')"/>
    </testcase>
    <testcase time="0.0609999999999928" classname="lbt05" name="lbt05_fails_on_incomlete_data"/>
  </testsuite>
  <testsuite name="lbt06" timestamp="2023-05-31T09:36:08Z" hostname="de80794c458b" tests="3" skipped="1" failures="0" errors="0" time="5.266">
    <testcase time="1.637" classname="lbt06" name="lbt06_gives_all_0_count_if_ANRIND_and_BNRIND_are_all_missing"/>
    <testcase time="3.54600000000001" classname="lbt06" name="lbt06_can_handle_some_NA_values">
      <skipped message="Reason: On CRAN ('test-lbt06.R:20:3')"/>
    </testcase>
    <testcase time="0.0829999999999984" classname="lbt06" name="lbt06_fails_on_incomplete_data"/>
  </testsuite>
  <testsuite name="lbt07" timestamp="2023-05-31T09:36:14Z" hostname="de80794c458b" tests="4" skipped="2" failures="0" errors="0" time="2.96">
    <testcase time="1.441" classname="lbt07" name="lbt07_functions_with_default_argument_value_return_expected_result_with_test_data">
      <skipped message="Reason: On CRAN ('test-lbt07.R:7:3')"/>
    </testcase>
    <testcase time="0.757000000000005" classname="lbt07" name="lbt07_can_handle_some_NA_values"/>
    <testcase time="0.674999999999997" classname="lbt07" name="lbt07_can_handle_some_NA_values">
      <skipped message="Reason: On CRAN ('test-lbt07.R:22:3')"/>
    </testcase>
    <testcase time="0.0870000000000033" classname="lbt07" name="lbt07_fails_on_incomlete_data"/>
  </testsuite>
  <testsuite name="lbt14" timestamp="2023-05-31T09:36:17Z" hostname="de80794c458b" tests="16" skipped="10" failures="0" errors="0" time="36.05">
    <testcase time="3.36799999999999" classname="lbt14" name="lbt14_functions_with_default_argument_value_return_expected_result_with_test_data">
      <skipped message="Reason: On CRAN ('test-lbt14.R:7:3')"/>
    </testcase>
    <testcase time="3.58" classname="lbt14" name="lbt14_functions_with_default_argument_value_return_expected_result_with_test_data_when_direction_high">
      <skipped message="Reason: On CRAN ('test-lbt14.R:14:3')"/>
    </testcase>
    <testcase time="2.68300000000001" classname="lbt14" name="lbt14_functions_with_gr_missing_excl_return_expected_result_with_test_data">
      <skipped message="Reason: On CRAN ('test-lbt14.R:21:3')"/>
    </testcase>
    <testcase time="2.75" classname="lbt14" name="lbt14_functions_with_gr_missing_gr_0_return_expected_result_with_test_data">
      <skipped message="Reason: On CRAN ('test-lbt14.R:28:3')"/>
    </testcase>
    <testcase time="1.628" classname="lbt14" name="lbt14_can_handle_all_NA_values"/>
    <testcase time="0.230000000000004" classname="lbt14" name="lbt14_can_handle_all_NA_values">
      <skipped message="Reason: On CRAN ('test-lbt14.R:41:3')"/>
    </testcase>
    <testcase time="1.992" classname="lbt14" name="lbt14_can_handle_some_NA_values"/>
    <testcase time="1.193" classname="lbt14" name="lbt14_can_handle_some_NA_values">
      <skipped message="Reason: On CRAN ('test-lbt14.R:60:3')"/>
    </testcase>
    <testcase time="6.44399999999999" classname="lbt14" name="lbt14_can_accept_different_gr_missing">
      <skipped message="Reason: On CRAN ('test-lbt14.R:67:3')"/>
    </testcase>
    <testcase time="0.0440000000000111" classname="lbt14" name="lbt14_fails_on_incomlete_data"/>
    <testcase time="1.64099999999999" classname="lbt14" name="lbt14_can_handle_all_NA_values_with_direction_high"/>
    <testcase time="0.238" classname="lbt14" name="lbt14_can_handle_all_NA_values_with_direction_high">
      <skipped message="Reason: On CRAN ('test-lbt14.R:92:3')"/>
    </testcase>
    <testcase time="2.08800000000002" classname="lbt14" name="lbt14_can_handle_some_NA_values_with_direction_high"/>
    <testcase time="1.30499999999998" classname="lbt14" name="lbt14_can_handle_some_NA_values_with_direction_high">
      <skipped message="Reason: On CRAN ('test-lbt14.R:111:3')"/>
    </testcase>
    <testcase time="6.822" classname="lbt14" name="lbt14_can_accept_different_gr_missing_with_direction_high">
      <skipped message="Reason: On CRAN ('test-lbt14.R:119:3')"/>
    </testcase>
    <testcase time="0.0440000000000111" classname="lbt14" name="lbt14_fails_on_incomlete_data"/>
  </testsuite>
  <testsuite name="mht01" timestamp="2023-05-31T09:36:53Z" hostname="de80794c458b" tests="3" skipped="3" failures="0" errors="0" time="2.286">
    <testcase time="0.76400000000001" classname="mht01" name="mht01_1_functions_with_default_argument_value_return_expected_result_with_test_data">
      <skipped message="Reason: On CRAN ('test-mht01.R:7:3')"/>
    </testcase>
    <testcase time="0.759999999999991" classname="mht01" name="mht01_works">
      <skipped message="Reason: On CRAN ('test-mht01.R:15:3')"/>
    </testcase>
    <testcase time="0.762" classname="mht01" name="mht01_works_on_NULL_in_lbl_mhbodsys_or_lbl_mhdecod">
      <skipped message="Reason: On CRAN ('test-mht01.R:21:3')"/>
    </testcase>
  </testsuite>
  <testsuite name="mng01" timestamp="2023-05-31T09:36:55Z" hostname="de80794c458b" tests="7" skipped="0" failures="0" errors="0" time="8.322">
    <testcase time="1.42499999999998" classname="mng01" name="mng01_works_as_expected_with_default_argument_values"/>
    <testcase time="1.34400000000002" classname="mng01" name="mng01_works_as_expected_with_custom_argument_values"/>
    <testcase time="0.0219999999999914" classname="mng01" name="mng01_works_as_expected_with_custom_argument_values"/>
    <testcase time="1.345" classname="mng01" name="mng01_works_as_expected_with_custom_color_set"/>
    <testcase time="1.369" classname="mng01" name="mng01_works_as_expected_with_custom_color_set"/>
    <testcase time="1.40100000000001" classname="mng01" name="mng01_works_if_show_v_grid_show_h_grid_is_TRUE"/>
    <testcase time="1.416" classname="mng01" name="mng01_works_with_combination_of_x_variables"/>
  </testsuite>
  <testsuite name="pdt01" timestamp="2023-05-31T09:37:03Z" hostname="de80794c458b" tests="5" skipped="3" failures="0" errors="0" time="1.945">
    <testcase time="0.787000000000006" classname="pdt01" name="pdt01_function_with_default_argument_value_return_expected_result_with_test_data">
      <skipped message="Reason: On CRAN ('test-pdt01.R:7:3')"/>
    </testcase>
    <testcase time="0.129999999999995" classname="pdt01" name="pdt01_can_handle_all_NA_values"/>
    <testcase time="0.167000000000002" classname="pdt01" name="pdt01_can_handle_all_NA_values">
      <skipped message="Reason: On CRAN ('test-pdt01.R:21:3')"/>
    </testcase>
    <testcase time="0.364999999999981" classname="pdt01" name="pdt01_can_handle_some_NA_values"/>
    <testcase time="0.496000000000009" classname="pdt01" name="pdt01_can_handle_some_NA_values">
      <skipped message="Reason: On CRAN ('test-pdt01.R:36:3')"/>
    </testcase>
  </testsuite>
  <testsuite name="pdt02" timestamp="2023-05-31T09:37:05Z" hostname="de80794c458b" tests="5" skipped="3" failures="0" errors="0" time="1.286">
    <testcase time="0.408999999999992" classname="pdt02" name="pdt02_function_with_default_argument_value_return_expected_result_with_test_data">
      <skipped message="Reason: On CRAN ('test-pdt02.R:7:3')"/>
    </testcase>
    <testcase time="0.200000000000017" classname="pdt02" name="pdt02_can_handle_all_NA_values"/>
    <testcase time="0.171999999999997" classname="pdt02" name="pdt02_can_handle_all_NA_values">
      <skipped message="Reason: On CRAN ('test-pdt02.R:21:3')"/>
    </testcase>
    <testcase time="0.25" classname="pdt02" name="pdt02_can_handle_some_NA_values"/>
    <testcase time="0.254999999999995" classname="pdt02" name="pdt02_can_handle_some_NA_values">
      <skipped message="Reason: On CRAN ('test-pdt02.R:36:3')"/>
    </testcase>
  </testsuite>
  <testsuite name="reexports" timestamp="2023-05-31T09:37:06Z" hostname="de80794c458b" tests="2" skipped="0" failures="0" errors="0" time="0.031">
    <testcase time="0.0229999999999961" classname="reexports" name="with_label_exported_correctly"/>
    <testcase time="0.00800000000000978" classname="reexports" name="reformat_exported_correctly"/>
  </testsuite>
  <testsuite name="rmpt01" timestamp="2023-05-31T09:37:06Z" hostname="de80794c458b" tests="7" skipped="3" failures="0" errors="0" time="0.902">
    <testcase time="0.254999999999995" classname="rmpt01" name="rmpt01_function_with_default_argument_value_return_expected_result_with_test_data">
      <skipped message="Reason: On CRAN ('test-rmpt01.R:7:3')"/>
    </testcase>
    <testcase time="0.103999999999985" classname="rmpt01" name="rmpt01_can_handle_NA_values"/>
    <testcase time="0.155000000000001" classname="rmpt01" name="rmpt01_can_handle_NA_values">
      <skipped message="Reason: On CRAN ('test-rmpt01.R:17:3')"/>
    </testcase>
    <testcase time="0.125" classname="rmpt01" name="rmpt01_can_handle_some_NA_values"/>
    <testcase time="0.140000000000015" classname="rmpt01" name="rmpt01_can_handle_some_NA_values">
      <skipped message="Reason: On CRAN ('test-rmpt01.R:31:3')"/>
    </testcase>
    <testcase time="0.0699999999999932" classname="rmpt01" name="rmpt01_fails_on_incomlete_data"/>
    <testcase time="0.0529999999999973" classname="rmpt01" name="rmpt01_fails_on_incomlete_data"/>
  </testsuite>
  <testsuite name="rspt01" timestamp="2023-05-31T09:37:07Z" hostname="de80794c458b" tests="15" skipped="7" failures="0" errors="0" time="4.962">
    <testcase time="0.0250000000000057" classname="rspt01" name="rspt01_works_as_expected"/>
    <testcase time="0.484000000000009" classname="rspt01" name="rspt01_works_as_expected"/>
    <testcase time="0.298000000000002" classname="rspt01" name="rspt01_works_as_expected">
      <skipped message="Reason: On CRAN ('test-rspt01.R:5:3')"/>
    </testcase>
    <testcase time="0.413999999999987" classname="rspt01" name="rspt01_works_as_expected_for_stratified_and_unstratified_analysis"/>
    <testcase time="0.350999999999999" classname="rspt01" name="rspt01_works_as_expected_for_stratified_and_unstratified_analysis">
      <skipped message="Reason: On CRAN ('test-rspt01.R:17:3')"/>
    </testcase>
    <testcase time="0.335000000000008" classname="rspt01" name="rspt01_works_as_expected_for_unstratified_analysis_only"/>
    <testcase time="0.298000000000002" classname="rspt01" name="rspt01_works_as_expected_for_unstratified_analysis_only">
      <skipped message="Reason: On CRAN ('test-rspt01.R:36:3')"/>
    </testcase>
    <testcase time="0.34899999999999" classname="rspt01" name="rspt01_works_as_expected_for_stratified_analysis_only"/>
    <testcase time="0.286000000000001" classname="rspt01" name="rspt01_works_as_expected_for_stratified_analysis_only">
      <skipped message="Reason: On CRAN ('test-rspt01.R:55:3')"/>
    </testcase>
    <testcase time="0.402999999999992" classname="rspt01" name="rspt01_works_if_change_reference_group"/>
    <testcase time="0.316000000000003" classname="rspt01" name="rspt01_works_if_change_reference_group">
      <skipped message="Reason: On CRAN ('test-rspt01.R:74:3')"/>
    </testcase>
    <testcase time="0.388000000000005" classname="rspt01" name="rspt01_works_if_change_statistic_methods"/>
    <testcase time="0.316000000000003" classname="rspt01" name="rspt01_works_if_change_statistic_methods">
      <skipped message="Reason: On CRAN ('test-rspt01.R:97:3')"/>
    </testcase>
    <testcase time="0.381" classname="rspt01" name="rspt01_works_if_change_confidence_interval"/>
    <testcase time="0.318000000000012" classname="rspt01" name="rspt01_works_if_change_confidence_interval">
      <skipped message="Reason: On CRAN ('test-rspt01.R:123:3')"/>
    </testcase>
  </testsuite>
  <testsuite name="ttet01" timestamp="2023-05-31T09:37:12Z" hostname="de80794c458b" tests="9" skipped="4" failures="0" errors="0" time="4.029">
    <testcase time="0.0360000000000014" classname="ttet01" name="ttet01_works_as_expected"/>
    <testcase time="0.61099999999999" classname="ttet01" name="ttet01_works_as_expected"/>
    <testcase time="0.539999999999992" classname="ttet01" name="ttet01_works_as_expected">
      <skipped message="Reason: On CRAN ('test-ttet01.R:5:3')"/>
    </testcase>
    <testcase time="0.475999999999999" classname="ttet01" name="ttet01_works_as_expected_for_stratified_and_unstratified_analysis"/>
    <testcase time="0.449000000000012" classname="ttet01" name="ttet01_works_as_expected_for_stratified_and_unstratified_analysis">
      <skipped message="Reason: On CRAN ('test-ttet01.R:14:3')"/>
    </testcase>
    <testcase time="0.474999999999994" classname="ttet01" name="ttet01_works_as_expected_for_stratified_analysis_only"/>
    <testcase time="0.494" classname="ttet01" name="ttet01_works_as_expected_for_stratified_analysis_only">
      <skipped message="Reason: On CRAN ('test-ttet01.R:30:3')"/>
    </testcase>
    <testcase time="0.47399999999999" classname="ttet01" name="ttet01_works_if_change_reference_group"/>
    <testcase time="0.474000000000018" classname="ttet01" name="ttet01_works_if_change_reference_group">
      <skipped message="Reason: On CRAN ('test-ttet01.R:46:3')"/>
    </testcase>
  </testsuite>
  <testsuite name="utils" timestamp="2023-05-31T09:37:16Z" hostname="de80794c458b" tests="50" skipped="0" failures="0" errors="0" time="0.293">
    <testcase time="0.0219999999999914" classname="utils" name="h_format_dec_works_as_exected"/>
    <testcase time="0.00399999999999068" classname="utils" name="h_format_dec_works_as_exected"/>
    <testcase time="0.00200000000000955" classname="utils" name="h_format_dec_works_as_exected"/>
    <testcase time="0.00499999999999545" classname="utils" name="h_format_dec_works_as_exected"/>
    <testcase time="0.00200000000000955" classname="utils" name="h_format_dec_works_as_exected"/>
    <testcase time="0.00399999999999068" classname="utils" name="h_format_dec_works_as_exected"/>
    <testcase time="0.00200000000000955" classname="utils" name="h_format_dec_works_as_exected"/>
    <testcase time="0.00399999999999068" classname="utils" name="h_format_dec_works_as_exected"/>
    <testcase time="0.00200000000000955" classname="utils" name="h_format_dec_works_as_exected"/>
    <testcase time="0.00499999999999545" classname="utils" name="h_format_dec_works_as_exected"/>
    <testcase time="0.00200000000000955" classname="utils" name="h_format_dec_works_as_exected"/>
    <testcase time="0.00399999999999068" classname="utils" name="h_format_dec_works_as_exected"/>
    <testcase time="0.00800000000000978" classname="utils" name="h_format_dec_works_as_expected_with_more_than_one_value"/>
    <testcase time="0.00499999999999545" classname="utils" name="h_format_dec_works_as_expected_with_more_than_one_value"/>
    <testcase time="0.00799999999998136" classname="utils" name="h_format_dec_works_returns_null_with_NA_format"/>
    <testcase time="0.00800000000000978" classname="utils" name="h_format_dec_works_as_expected_with_NA_digits"/>
    <testcase time="0.00800000000000978" classname="utils" name="h_format_dec_works_as_expected_with_NA_digits"/>
    <testcase time="0.00799999999998136" classname="utils" name="fuse_sequentially_works"/>
    <testcase time="0.0040000000000191" classname="utils" name="fuse_sequentially_works"/>
    <testcase time="0.00500000000002387" classname="utils" name="grob_list_works"/>
    <testcase time="0.00199999999998113" classname="utils" name="grob_list_works"/>
    <testcase time="0.00499999999999545" classname="utils" name="grob_list_works"/>
    <testcase time="0.0040000000000191" classname="utils" name="grob_list_works"/>
    <testcase time="0.0169999999999959" classname="utils" name="ifneeded_split_row_works_as_expected"/>
    <testcase time="0.00899999999998613" classname="utils" name="ifneeded_split_row_works_as_expected"/>
    <testcase time="0.00600000000000023" classname="utils" name="droplevels.character_works_as_expected"/>
    <testcase time="0.0040000000000191" classname="utils" name="droplevels.character_works_as_expected"/>
    <testcase time="0.00600000000000023" classname="utils" name="lvls.character_works_as_expected"/>
    <testcase time="0.00499999999999545" classname="utils" name="lvls.character_works_as_expected"/>
    <testcase time="0.0159999999999911" classname="utils" name="lvls.factor_works_as_expected"/>
    <testcase time="0.007000000000005" classname="utils" name="lvls.factor_works_as_expected"/>
    <testcase time="0.00800000000000978" classname="utils" name="lvls.default_works_as_expected"/>
    <testcase time="0.00600000000000023" classname="utils" name="lvls.default_works_as_expected"/>
    <testcase time="0.00799999999998136" classname="utils" name="quote_str_works_as_expected"/>
    <testcase time="0.00600000000000023" classname="utils" name="quote_str_works_as_expected"/>
    <testcase time="0.00900000000001455" classname="utils" name="quote_str_works_as_expected"/>
    <testcase time="0.00799999999998136" classname="utils" name="modify_default_args_works_as_expected"/>
    <testcase time="0.00500000000002387" classname="utils" name="modify_default_args_works_as_expected"/>
    <testcase time="0.00600000000000023" classname="utils" name="execute_with_args_works_as_expected"/>
    <testcase time="0.00499999999999545" classname="utils" name="execute_with_args_works_as_expected"/>
    <testcase time="0.0029999999999859" classname="utils" name="execute_with_args_works_as_expected"/>
    <testcase time="0.00499999999999545" classname="utils" name="execute_with_args_works_as_expected"/>
    <testcase time="0.00300000000001432" classname="utils" name="execute_with_args_works_as_expected"/>
    <testcase time="0.00499999999999545" classname="utils" name="execute_with_args_works_as_expected"/>
    <testcase time="0.00200000000000955" classname="utils" name="execute_with_args_works_as_expected"/>
    <testcase time="0.00499999999999545" classname="utils" name="execute_with_args_works_as_expected"/>
    <testcase time="0.0029999999999859" classname="utils" name="execute_with_args_works_as_expected"/>
    <testcase time="0.00499999999999545" classname="utils" name="execute_with_args_works_as_expected"/>
    <testcase time="0.00300000000001432" classname="utils" name="execute_with_args_works_as_expected"/>
    <testcase time="0.00499999999999545" classname="utils" name="execute_with_args_works_as_expected"/>
  </testsuite>
  <testsuite name="vst01" timestamp="2023-05-31T09:37:17Z" hostname="de80794c458b" tests="3" skipped="2" failures="0" errors="0" time="9.726">
    <testcase time="5.161" classname="vst01" name="vst01_functions_with_default_argument_value_return_expected_result_with_test_data">
      <skipped message="Reason: On CRAN ('test-vst01.R:7:3')"/>
    </testcase>
    <testcase time="3.392" classname="vst01" name="run_vst01_works_as_expected"/>
    <testcase time="1.173" classname="vst01" name="run_vst01_works_as_expected">
      <skipped message="Reason: On CRAN ('test-vst01.R:14:3')"/>
    </testcase>
  </testsuite>
  <testsuite name="vst02" timestamp="2023-05-31T09:37:26Z" hostname="de80794c458b" tests="2" skipped="2" failures="0" errors="0" time="1.352">
    <testcase time="0.683999999999997" classname="vst02" name="vst02_functions_with_default_argument_value_return_expected_result_with_test_data">
      <skipped message="Reason: On CRAN ('test-vst02.R:7:3')"/>
    </testcase>
    <testcase time="0.668000000000006" classname="vst02" name="vst02_functions_return_expected_result_with_test_data_when_excluding_subject_with_baseline_abnormality">
      <skipped message="Reason: On CRAN ('test-vst02.R:14:3')"/>
    </testcase>
  </testsuite>
</testsuites>
