<?xml version="1.0" encoding="UTF-8"?>
<testsuites>
  <testsuite name="ael01_nollt" timestamp="2023-05-30T17:34:50Z" hostname="24cbf89e0cdc" tests="8" skipped="4" failures="0" errors="0" time="2.741">
    <testcase time="1.464" classname="ael01_nollt" name="ael01_nollt_works_with_admh_dataset"/>
    <testcase time="0.468" classname="ael01_nollt" name="ael01_nollt_works_with_admh_dataset">
      <skipped message="Reason: On CRAN ('test-ael01_nollt.R:7:3')"/>
    </testcase>
    <testcase time="0.103" classname="ael01_nollt" name="ael01_nollt_works_with_non_default_label"/>
    <testcase time="0.282" classname="ael01_nollt" name="ael01_nollt_works_with_non_default_label">
      <skipped message="Reason: On CRAN ('test-ael01_nollt.R:20:3')"/>
    </testcase>
    <testcase time="0.0880000000000001" classname="ael01_nollt" name="ael01_nollt_can_handle_all_missing_values"/>
    <testcase time="0.0919999999999996" classname="ael01_nollt" name="ael01_nollt_can_handle_all_missing_values">
      <skipped message="Reason: On CRAN ('test-ael01_nollt.R:33:3')"/>
    </testcase>
    <testcase time="0.056" classname="ael01_nollt" name="ael01_nollt_can_handle_some_missing_values"/>
    <testcase time="0.188" classname="ael01_nollt" name="ael01_nollt_can_handle_some_missing_values">
      <skipped message="Reason: On CRAN ('test-ael01_nollt.R:48:3')"/>
    </testcase>
  </testsuite>
  <testsuite name="aet01" timestamp="2023-05-30T17:34:52Z" hostname="24cbf89e0cdc" tests="9" skipped="4" failures="0" errors="0" time="4.332">
    <testcase time="0.838" classname="aet01" name="aet01_can_handle_all_NA_values"/>
    <testcase time="0.491000000000001" classname="aet01" name="aet01_can_handle_all_NA_values">
      <skipped message="Reason: On CRAN ('test-aet01.R:12:3')"/>
    </testcase>
    <testcase time="0.59" classname="aet01" name="aet01_can_handle_some_NA_values"/>
    <testcase time="0.49" classname="aet01" name="aet01_can_handle_some_NA_values">
      <skipped message="Reason: On CRAN ('test-aet01.R:29:3')"/>
    </testcase>
    <testcase time="0.406000000000001" classname="aet01" name="aet01_can_use_custom_anl_vars"/>
    <testcase time="0.282" classname="aet01" name="aet01_can_use_custom_anl_vars">
      <skipped message="Reason: On CRAN ('test-aet01.R:35:3')"/>
    </testcase>
    <testcase time="0.157" classname="aet01" name="aet01_fails_on_incomplete_data_input"/>
    <testcase time="0.558" classname="aet01" name="aet01_can_use_custom_medconcept_var"/>
    <testcase time="0.52" classname="aet01" name="aet01_can_use_custom_medconcept_var">
      <skipped message="Reason: On CRAN ('test-aet01.R:65:3')"/>
    </testcase>
  </testsuite>
  <testsuite name="aet01_aesi" timestamp="2023-05-30T17:34:57Z" hostname="24cbf89e0cdc" tests="7" skipped="3" failures="0" errors="0" time="3.313">
    <testcase time="0.475" classname="aet01_aesi" name="aet01_aesi_can_handle_all_NA_values"/>
    <testcase time="0.458" classname="aet01_aesi" name="aet01_aesi_can_handle_all_NA_values">
      <skipped message="Reason: On CRAN ('test-aet01_aesi.R:17:3')"/>
    </testcase>
    <testcase time="0.414" classname="aet01_aesi" name="aet01_aesi_can_handle_some_NA_values"/>
    <testcase time="0.452" classname="aet01_aesi" name="aet01_aesi_can_handle_some_NA_values">
      <skipped message="Reason: On CRAN ('test-aet01_aesi.R:30:3')"/>
    </testcase>
    <testcase time="0.565000000000001" classname="aet01_aesi" name="aet01_aesi_works_with_ALL_argument"/>
    <testcase time="0.754999999999999" classname="aet01_aesi" name="aet01_aesi_works_with_ALL_argument">
      <skipped message="Reason: On CRAN ('test-aet01_aesi.R:36:3')"/>
    </testcase>
    <testcase time="0.194000000000001" classname="aet01_aesi" name="aet01_aesi_check_fails_on_incomplete_data_input"/>
  </testsuite>
  <testsuite name="aet02" timestamp="2023-05-30T17:35:00Z" hostname="24cbf89e0cdc" tests="3" skipped="1" failures="0" errors="0" time="3.399">
    <testcase time="0.122999999999999" classname="aet02" name="aet02_fails_on_incomplete_data_input"/>
    <testcase time="0.194999999999999" classname="aet02" name="aet02_handle_empty_data_input"/>
    <testcase time="3.081" classname="aet02" name="aet02_can_have_different_levels_of_row_split">
      <skipped message="Reason: On CRAN ('test-aet02.R:30:3')"/>
    </testcase>
  </testsuite>
  <testsuite name="aet03" timestamp="2023-05-30T17:35:03Z" hostname="24cbf89e0cdc" tests="4" skipped="2" failures="0" errors="0" time="6.031">
    <testcase time="0.689" classname="aet03" name="aet03_can_handle_NA_values"/>
    <testcase time="0.457000000000001" classname="aet03" name="aet03_can_handle_NA_values">
      <skipped message="Reason: On CRAN ('test-aet03.R:10:3')"/>
    </testcase>
    <testcase time="3.196" classname="aet03" name="aet03_can_handle_some_NA_values"/>
    <testcase time="1.689" classname="aet03" name="aet03_can_handle_some_NA_values">
      <skipped message="Reason: On CRAN ('test-aet03.R:27:3')"/>
    </testcase>
  </testsuite>
  <testsuite name="aet04" timestamp="2023-05-30T17:35:09Z" hostname="24cbf89e0cdc" tests="4" skipped="2" failures="0" errors="0" time="8.907">
    <testcase time="0.957999999999998" classname="aet04" name="aet04_can_handle_NA_values"/>
    <testcase time="0.728999999999999" classname="aet04" name="aet04_can_handle_NA_values">
      <skipped message="Reason: On CRAN ('test-aet04.R:10:3')"/>
    </testcase>
    <testcase time="5.114" classname="aet04" name="aet04_can_handle_some_NA_values"/>
    <testcase time="2.106" classname="aet04" name="aet04_can_handle_some_NA_values">
      <skipped message="Reason: On CRAN ('test-aet04.R:32:3')"/>
    </testcase>
  </testsuite>
  <testsuite name="aet10" timestamp="2023-05-30T17:35:18Z" hostname="24cbf89e0cdc" tests="4" skipped="2" failures="0" errors="0" time="0.817">
    <testcase time="0.153000000000006" classname="aet10" name="aet10_can_handle_NA_values"/>
    <testcase time="0.167999999999999" classname="aet10" name="aet10_can_handle_NA_values">
      <skipped message="Reason: On CRAN ('test-aet10.R:10:3')"/>
    </testcase>
    <testcase time="0.173999999999999" classname="aet10" name="aet10_can_handle_some_NA_values"/>
    <testcase time="0.321999999999996" classname="aet10" name="aet10_can_handle_some_NA_values">
      <skipped message="Reason: On CRAN ('test-aet10.R:24:3')"/>
    </testcase>
  </testsuite>
  <testsuite name="assertions" timestamp="2023-05-30T17:35:19Z" hostname="24cbf89e0cdc" tests="38" skipped="0" failures="0" errors="0" time="0.381">
    <testcase time="0.0320000000000036" classname="assertions" name="assert_one_tablenames_works_as_expected"/>
    <testcase time="0.00399999999999778" classname="assertions" name="assert_one_tablenames_works_as_expected"/>
    <testcase time="0.0110000000000028" classname="assertions" name="assert_one_tablenames_works_as_expected"/>
    <testcase time="0.00999999999999801" classname="assertions" name="assert_one_tablenames_works_as_expected"/>
    <testcase time="0.00800000000000267" classname="assertions" name="assert_all_tablenames_works_as_expected"/>
    <testcase time="0.00999999999999801" classname="assertions" name="assert_all_tablenames_works_as_expected"/>
    <testcase time="0.00900000000000034" classname="assertions" name="assert_all_tablenames_works_as_expected"/>
    <testcase time="0.00800000000000267" classname="assertions" name="assert_valid_var.character_works_as_expected"/>
    <testcase time="0.0109999999999957" classname="assertions" name="assert_valid_var.character_works_as_expected"/>
    <testcase time="0.00999999999999801" classname="assertions" name="assert_valid_var.character_works_as_expected"/>
    <testcase time="0.0110000000000028" classname="assertions" name="assert_valid_var.character_works_as_expected"/>
    <testcase time="0.00399999999999778" classname="assertions" name="assert_valid_var.character_works_as_expected"/>
    <testcase time="0.0100000000000051" classname="assertions" name="assert_valid_var.factor_works_as_expected"/>
    <testcase time="0.0109999999999957" classname="assertions" name="assert_valid_var.factor_works_as_expected"/>
    <testcase time="0.0110000000000028" classname="assertions" name="assert_valid_var.factor_works_as_expected"/>
    <testcase time="0.0109999999999957" classname="assertions" name="assert_valid_var.factor_works_as_expected"/>
    <testcase time="0.00300000000000011" classname="assertions" name="assert_valid_var.factor_works_as_expected"/>
    <testcase time="0.0100000000000051" classname="assertions" name="assert_valid_var.logical_works_as_expected"/>
    <testcase time="0.0120000000000005" classname="assertions" name="assert_valid_var.logical_works_as_expected"/>
    <testcase time="0.0109999999999957" classname="assertions" name="assert_valid_var.logical_works_as_expected"/>
    <testcase time="0.00400000000000489" classname="assertions" name="assert_valid_var.logical_works_as_expected"/>
    <testcase time="0.00799999999999557" classname="assertions" name="assert_valid_var.numeric_works_as_expected"/>
    <testcase time="0.00999999999999801" classname="assertions" name="assert_valid_var.numeric_works_as_expected"/>
    <testcase time="0.0100000000000051" classname="assertions" name="assert_valid_var.numeric_works_as_expected"/>
    <testcase time="0.00300000000000011" classname="assertions" name="assert_valid_var.numeric_works_as_expected"/>
    <testcase time="0.00999999999999801" classname="assertions" name="assert_valid_var.numeric_works_as_expected"/>
    <testcase time="0.00399999999999778" classname="assertions" name="assert_valid_var.numeric_works_as_expected"/>
    <testcase time="0.0200000000000031" classname="assertions" name="assert_valid_variable_works_as_expected"/>
    <testcase time="0.00399999999999778" classname="assertions" name="assert_valid_variable_works_as_expected"/>
    <testcase time="0.017000000000003" classname="assertions" name="assert_valid_variable_works_as_expected"/>
    <testcase time="0.00399999999999778" classname="assertions" name="assert_valid_variable_works_as_expected"/>
    <testcase time="0.017000000000003" classname="assertions" name="assert_valid_variable_works_as_expected"/>
    <testcase time="0.00399999999999778" classname="assertions" name="assert_valid_variable_works_as_expected"/>
    <testcase time="0.0120000000000005" classname="assertions" name="assert_valid_var_pair_works_as_expected_with_character"/>
    <testcase time="0.0140000000000029" classname="assertions" name="assert_valid_var_pair_works_as_expected_with_character"/>
    <testcase time="0.00899999999999324" classname="assertions" name="assert_valid_var_pair_works_as_expected_with_factor"/>
    <testcase time="0.0120000000000005" classname="assertions" name="assert_valid_var_pair_works_as_expected_with_factor"/>
    <testcase time="0.0120000000000005" classname="assertions" name="assert_valid_var_pair_works_as_expected_with_factor"/>
  </testsuite>
  <testsuite name="checks" timestamp="2023-05-30T17:35:19Z" hostname="24cbf89e0cdc" tests="8" skipped="0" failures="0" errors="0" time="0.057">
    <testcase time="0.0130000000000052" classname="checks" name="check_all_colnames_works_as_expected"/>
    <testcase time="0.0150000000000006" classname="checks" name="check_all_colnames_works_as_expected"/>
    <testcase time="0.00199999999999534" classname="checks" name="check_all_colnames_works_as_expected"/>
    <testcase time="0.00600000000000023" classname="checks" name="check_all_colnames_works_as_expected"/>
    <testcase time="0.0069999999999979" classname="checks" name="check_one_colnames_works_as_expected"/>
    <testcase time="0.00600000000000023" classname="checks" name="check_one_colnames_works_as_expected"/>
    <testcase time="0.00200000000000244" classname="checks" name="check_one_colnames_works_as_expected"/>
    <testcase time="0.00600000000000023" classname="checks" name="check_one_colnames_works_as_expected"/>
  </testsuite>
  <testsuite name="chevron_tlg-class" timestamp="2023-05-30T17:35:20Z" hostname="24cbf89e0cdc" tests="24" skipped="0" failures="0" errors="0" time="0.147">
    <testcase time="0.0159999999999982" classname="chevron_tlg_class" name="chevron_t_object_can_be_constructed_with_default_values"/>
    <testcase time="0.00600000000000023" classname="chevron_tlg_class" name="chevron_t_object_can_be_constructed_with_default_values"/>
    <testcase time="0.0120000000000005" classname="chevron_tlg_class" name="chevron_t_object_can_be_constructed_with_custom_values"/>
    <testcase time="0.00800000000000267" classname="chevron_tlg_class" name="chevron_t_object_can_be_constructed_with_custom_values"/>
    <testcase time="0.00499999999999545" classname="chevron_tlg_class" name="chevron_t_object_can_be_constructed_with_custom_values"/>
    <testcase time="0.00800000000000267" classname="chevron_tlg_class" name="chevron_t_object_can_be_constructed_with_custom_values"/>
    <testcase time="0.0110000000000028" classname="chevron_tlg_class" name="chevron_t_constructor_returns_an_error_when_expected"/>
    <testcase time="0.00199999999999534" classname="chevron_tlg_class" name="chevron_t_constructor_returns_an_error_when_expected"/>
    <testcase time="0.00200000000000244" classname="chevron_tlg_class" name="chevron_t_constructor_returns_an_error_when_expected"/>
    <testcase time="0.00200000000000244" classname="chevron_tlg_class" name="chevron_t_constructor_returns_an_error_when_expected"/>
    <testcase time="0.000999999999997669" classname="chevron_tlg_class" name="chevron_t_constructor_returns_an_error_when_expected"/>
    <testcase time="0.00200000000000244" classname="chevron_tlg_class" name="chevron_t_constructor_returns_an_error_when_expected"/>
    <testcase time="0.0109999999999957" classname="chevron_tlg_class" name="chevron_l_object_can_be_constructed_with_default_values"/>
    <testcase time="0.0069999999999979" classname="chevron_tlg_class" name="chevron_l_object_can_be_constructed_with_default_values"/>
    <testcase time="0.0109999999999957" classname="chevron_tlg_class" name="chevron_g_object_can_be_constructed_with_custom_values"/>
    <testcase time="0.00800000000000267" classname="chevron_tlg_class" name="chevron_g_object_can_be_constructed_with_custom_values"/>
    <testcase time="0.00600000000000023" classname="chevron_tlg_class" name="chevron_g_object_can_be_constructed_with_custom_values"/>
    <testcase time="0.0069999999999979" classname="chevron_tlg_class" name="chevron_g_object_can_be_constructed_with_custom_values"/>
    <testcase time="0.0100000000000051" classname="chevron_tlg_class" name="chevron_g_constructor_returns_an_error_when_expected"/>
    <testcase time="0.00199999999999534" classname="chevron_tlg_class" name="chevron_g_constructor_returns_an_error_when_expected"/>
    <testcase time="0.00200000000000244" classname="chevron_tlg_class" name="chevron_g_constructor_returns_an_error_when_expected"/>
    <testcase time="0.00300000000000011" classname="chevron_tlg_class" name="chevron_g_constructor_returns_an_error_when_expected"/>
    <testcase time="0.00200000000000244" classname="chevron_tlg_class" name="chevron_g_constructor_returns_an_error_when_expected"/>
    <testcase time="0.00300000000000011" classname="chevron_tlg_class" name="chevron_g_constructor_returns_an_error_when_expected"/>
  </testsuite>
  <testsuite name="chevron_tlg-methods" timestamp="2023-05-30T17:35:20Z" hostname="24cbf89e0cdc" tests="37" skipped="3" failures="0" errors="0" time="23.26">
    <testcase time="6.885" classname="chevron_tlg_methods" name="run_works_as_expected_for_chevron_t_object">
      <skipped message="Reason: On CRAN ('test-chevron_tlg-methods.R:5:3')"/>
    </testcase>
    <testcase time="1.364" classname="chevron_tlg_methods" name="run_works_as_expected_for_chevron_t_object_when_auto_pre_FALSE">
      <skipped message="Reason: On CRAN ('test-chevron_tlg-methods.R:13:3')"/>
    </testcase>
    <testcase time="0.0249999999999986" classname="chevron_tlg_methods" name="args_ls_works_as_expected"/>
    <testcase time="0.00200000000000244" classname="chevron_tlg_methods" name="args_ls_works_as_expected"/>
    <testcase time="0.00200000000000244" classname="chevron_tlg_methods" name="args_ls_works_as_expected"/>
    <testcase time="0.00799999999999557" classname="chevron_tlg_methods" name="args_ls_works_as_expected_when_simplify_is_TRUE"/>
    <testcase time="0.00200000000000244" classname="chevron_tlg_methods" name="args_ls_works_as_expected_when_simplify_is_TRUE"/>
    <testcase time="0.00200000000000244" classname="chevron_tlg_methods" name="args_ls_works_as_expected_when_simplify_is_TRUE"/>
    <testcase time="0.0109999999999957" classname="chevron_tlg_methods" name="args_ls_works_as_expected_with_custom_chevron_tlg_object"/>
    <testcase time="0.00200000000000244" classname="chevron_tlg_methods" name="args_ls_works_as_expected_with_custom_chevron_tlg_object"/>
    <testcase time="0.00200000000000244" classname="chevron_tlg_methods" name="args_ls_works_as_expected_with_custom_chevron_tlg_object"/>
    <testcase time="0.0069999999999979" classname="chevron_tlg_methods" name="args_ls_works_as_expected_with_custom_chevron_tlg_object"/>
    <testcase time="0.0129999999999981" classname="chevron_tlg_methods" name="main_works_as_expected"/>
    <testcase time="0.0140000000000029" classname="chevron_tlg_methods" name="main_setter_works_as_expected"/>
    <testcase time="0.0249999999999986" classname="chevron_tlg_methods" name="main_setter_throw_an_error_as_expected"/>
    <testcase time="0.0140000000000029" classname="chevron_tlg_methods" name="preprocess_works_as_expected"/>
    <testcase time="0.0129999999999981" classname="chevron_tlg_methods" name="preprocess_setter_works_as_expected"/>
    <testcase time="0.0240000000000009" classname="chevron_tlg_methods" name="preprocess_sends_an_error_as_expected"/>
    <testcase time="0.0249999999999986" classname="chevron_tlg_methods" name="postprocess_works_as_expected"/>
    <testcase time="0.0219999999999985" classname="chevron_tlg_methods" name="postprocess_setter_works_as_expected"/>
    <testcase time="0.0249999999999986" classname="chevron_tlg_methods" name="postprocess_sends_an_error_as_expected"/>
    <testcase time="0.0110000000000028" classname="chevron_tlg_methods" name="datasets_works_as_expected"/>
    <testcase time="0.0140000000000029" classname="chevron_tlg_methods" name="datasets_setter_works_as_expected"/>
    <testcase time="0.0109999999999957" classname="chevron_tlg_methods" name="script_works_as_expected"/>
    <testcase time="0.00200000000000244" classname="chevron_tlg_methods" name="script_works_as_expected"/>
    <testcase time="0.00199999999999534" classname="chevron_tlg_methods" name="script_works_as_expected"/>
    <testcase time="0.00900000000000034" classname="chevron_tlg_methods" name="script_works_as_expected_with_dictionary_of_arguments"/>
    <testcase time="0.00300000000000011" classname="chevron_tlg_methods" name="script_works_as_expected_with_dictionary_of_arguments"/>
    <testcase time="0.00200000000000244" classname="chevron_tlg_methods" name="script_works_as_expected_with_dictionary_of_arguments"/>
    <testcase time="0.00200000000000244" classname="chevron_tlg_methods" name="script_works_as_expected_with_dictionary_of_arguments"/>
    <testcase time="0.00900000000000034" classname="chevron_tlg_methods" name="script_funs_works_as_expected_in_interactive_mode">
      <skipped message="Reason: !interactive() is TRUE ('test-chevron_tlg-methods.R:155:3')"/>
    </testcase>
    <testcase time="0.0289999999999964" classname="chevron_tlg_methods" name="script_funs_works_as_expected"/>
    <testcase time="0.00399999999999778" classname="chevron_tlg_methods" name="script_funs_works_as_expected"/>
    <testcase time="0.00800000000000267" classname="chevron_tlg_methods" name="script_funs_works_as_expected_with_details_set_to_TRUE"/>
    <testcase time="0.00200000000000244" classname="chevron_tlg_methods" name="script_funs_works_as_expected_with_details_set_to_TRUE"/>
    <testcase time="9.82" classname="chevron_tlg_methods" name="script_funs_generates_a_valid_script"/>
    <testcase time="4.845" classname="chevron_tlg_methods" name="script_funs_generates_a_valid_script"/>
  </testsuite>
  <testsuite name="cmt01a" timestamp="2023-05-30T17:35:43Z" hostname="24cbf89e0cdc" tests="6" skipped="4" failures="0" errors="0" time="7.566">
    <testcase time="2.227" classname="cmt01a" name="cmt01a_functions_with_default_argument_value_return_expected_result_with_test_data">
      <skipped message="Reason: On CRAN ('test-cmt01a.R:7:3')"/>
    </testcase>
    <testcase time="2.246" classname="cmt01a" name="cmt01a_functions_with_custom_argument_value_return_expected_result_with_test_data">
      <skipped message="Reason: On CRAN ('test-cmt01a.R:14:3')"/>
    </testcase>
    <testcase time="0.329000000000001" classname="cmt01a" name="cmt01a_can_handle_all_NA_values"/>
    <testcase time="0.307000000000002" classname="cmt01a" name="cmt01a_can_handle_all_NA_values">
      <skipped message="Reason: On CRAN ('test-cmt01a.R:28:3')"/>
    </testcase>
    <testcase time="1.299" classname="cmt01a" name="cmt01a_can_handle_some_NA_values"/>
    <testcase time="1.15799999999999" classname="cmt01a" name="cmt01a_can_handle_some_NA_values">
      <skipped message="Reason: On CRAN ('test-cmt01a.R:36:3')"/>
    </testcase>
  </testsuite>
  <testsuite name="cmt02_pt" timestamp="2023-05-30T17:35:51Z" hostname="24cbf89e0cdc" tests="4" skipped="2" failures="0" errors="0" time="1.149">
    <testcase time="0.203000000000003" classname="cmt02_pt" name="cmt02_pt_can_handle_all_NA_values"/>
    <testcase time="0.227999999999994" classname="cmt02_pt" name="cmt02_pt_can_handle_all_NA_values">
      <skipped message="Reason: On CRAN ('test-cmt02_pt.R:9:3')"/>
    </testcase>
    <testcase time="0.295000000000002" classname="cmt02_pt" name="cmt02_pt_can_handle_some_NA_values"/>
    <testcase time="0.423000000000002" classname="cmt02_pt" name="cmt02_pt_can_handle_some_NA_values">
      <skipped message="Reason: On CRAN ('test-cmt02_pt.R:17:3')"/>
    </testcase>
  </testsuite>
  <testsuite name="coxt02" timestamp="2023-05-30T17:35:52Z" hostname="24cbf89e0cdc" tests="3" skipped="1" failures="0" errors="0" time="1.457">
    <testcase time="0.981999999999999" classname="coxt02" name="coxt02_can_handle_some_NA_values"/>
    <testcase time="0.427999999999997" classname="coxt02" name="coxt02_can_handle_some_NA_values">
      <skipped message="Reason: On CRAN ('test-coxt02.R:5:3')"/>
    </testcase>
    <testcase time="0.0470000000000113" classname="coxt02" name="coxt02_fails_on_incomlete_data"/>
  </testsuite>
  <testsuite name="default_tlg" timestamp="2023-05-30T17:35:53Z" hostname="24cbf89e0cdc" tests="12" skipped="12" failures="0" errors="0" time="20.864">
    <testcase time="0.23599999999999" classname="default_tlg" name="ael01_nollt_function_with_default_argument_value_return_expected_result_with_test_data">
      <skipped message="Reason: On CRAN ('test-default_tlg.R:5:3')"/>
    </testcase>
    <testcase time="1.04400000000001" classname="default_tlg" name="aet01_function_with_default_argument_value_return_expected_result_with_test_data">
      <skipped message="Reason: On CRAN ('test-default_tlg.R:12:3')"/>
    </testcase>
    <testcase time="0.954999999999998" classname="default_tlg" name="aet01_aesi_function_with_default_argument_value_return_expected_result_with_test_data">
      <skipped message="Reason: On CRAN ('test-default_tlg.R:19:3')"/>
    </testcase>
    <testcase time="2.026" classname="default_tlg" name="aet02_functions_with_default_argument_value_return_expected_result_with_test_data">
      <skipped message="Reason: On CRAN ('test-default_tlg.R:26:3')"/>
    </testcase>
    <testcase time="4.724" classname="default_tlg" name="aet03_functions_with_default_argument_value_return_expected_result_with_test_data">
      <skipped message="Reason: On CRAN ('test-default_tlg.R:33:3')"/>
    </testcase>
    <testcase time="6.999" classname="default_tlg" name="aet04_functions_with_default_argument_value_return_expected_result_with_test_data">
      <skipped message="Reason: On CRAN ('test-default_tlg.R:40:3')"/>
    </testcase>
    <testcase time="0.543000000000006" classname="default_tlg" name="aet10_functions_with_default_argument_value_return_expected_result_with_test_data">
      <skipped message="Reason: On CRAN ('test-default_tlg.R:47:3')"/>
    </testcase>
    <testcase time="0.664000000000001" classname="default_tlg" name="cmt02_pt_functions_with_default_argument_value_return_expected_result_with_test_data">
      <skipped message="Reason: On CRAN ('test-default_tlg.R:54:3')"/>
    </testcase>
    <testcase time="1.28299999999999" classname="default_tlg" name="coxt02_functions_with_default_argument_value_return_expected_result_with_test_data">
      <skipped message="Reason: On CRAN ('test-default_tlg.R:62:3')"/>
    </testcase>
    <testcase time="1.17500000000001" classname="default_tlg" name="dmt01_functions_with_default_argument_value_return_expected_result_with_test_data">
      <skipped message="Reason: On CRAN ('test-default_tlg.R:69:3')"/>
    </testcase>
    <testcase time="0.780999999999992" classname="default_tlg" name="dst01_functions_with_default_argument_value_return_expected_result_with_test_data">
      <skipped message="Reason: On CRAN ('test-default_tlg.R:76:3')"/>
    </testcase>
    <testcase time="0.433999999999997" classname="default_tlg" name="dtht01_functions_with_default_argument_value_return_expected_result_with_test_data">
      <skipped message="Reason: On CRAN ('test-default_tlg.R:83:3')"/>
    </testcase>
  </testsuite>
  <testsuite name="dmt01" timestamp="2023-05-30T17:36:14Z" hostname="24cbf89e0cdc" tests="4" skipped="2" failures="0" errors="0" time="2.167">
    <testcase time="0.429000000000002" classname="dmt01" name="dmt01_can_handle_NA_values"/>
    <testcase time="0.623000000000005" classname="dmt01" name="dmt01_can_handle_NA_values">
      <skipped message="Reason: On CRAN ('test-dmt01.R:8:3')"/>
    </testcase>
    <testcase time="0.420999999999992" classname="dmt01" name="dmt01_can_handle_numeric_NA_values"/>
    <testcase time="0.694000000000003" classname="dmt01" name="dmt01_can_handle_numeric_NA_values">
      <skipped message="Reason: On CRAN ('test-dmt01.R:15:3')"/>
    </testcase>
  </testsuite>
  <testsuite name="dst01" timestamp="2023-05-30T17:36:16Z" hostname="24cbf89e0cdc" tests="14" skipped="7" failures="0" errors="0" time="4.883">
    <testcase time="0.260000000000005" classname="dst01" name="dst01_works_as_expected_when_all_data_are_NA"/>
    <testcase time="0.097999999999999" classname="dst01" name="dst01_works_as_expected_when_all_data_are_NA">
      <skipped message="Reason: On CRAN ('test-dst01.R:11:3')"/>
    </testcase>
    <testcase time="0.207999999999998" classname="dst01" name="dst01_can_handle_all_NA_values_in_DCSREAS"/>
    <testcase time="0.257000000000005" classname="dst01" name="dst01_can_handle_all_NA_values_in_DCSREAS">
      <skipped message="Reason: On CRAN ('test-dst01.R:22:3')"/>
    </testcase>
    <testcase time="0.334000000000003" classname="dst01" name="dst01_can_handle_some_NA_values"/>
    <testcase time="0.424999999999997" classname="dst01" name="dst01_can_handle_some_NA_values">
      <skipped message="Reason: On CRAN ('test-dst01.R:29:3')"/>
    </testcase>
    <testcase time="0.228999999999999" classname="dst01" name="dst01_can_handle_missing_levels_in_status_var"/>
    <testcase time="0.182999999999993" classname="dst01" name="dst01_can_handle_missing_levels_in_status_var">
      <skipped message="Reason: On CRAN ('test-dst01.R:39:3')"/>
    </testcase>
    <testcase time="0.356999999999999" classname="dst01" name="dst01_can_create_variants"/>
    <testcase time="0.510000000000005" classname="dst01" name="dst01_can_create_variants">
      <skipped message="Reason: On CRAN ('test-dst01.R:44:3')"/>
    </testcase>
    <testcase time="0.447000000000003" classname="dst01" name="dst01_can_create_variants"/>
    <testcase time="0.480999999999995" classname="dst01" name="dst01_can_create_variants">
      <skipped message="Reason: On CRAN ('test-dst01.R:49:3')"/>
    </testcase>
    <testcase time="0.537000000000006" classname="dst01" name="dst01_can_create_variants"/>
    <testcase time="0.557000000000002" classname="dst01" name="dst01_can_create_variants">
      <skipped message="Reason: On CRAN ('test-dst01.R:56:3')"/>
    </testcase>
  </testsuite>
  <testsuite name="dtht01" timestamp="2023-05-30T17:36:21Z" hostname="24cbf89e0cdc" tests="5" skipped="3" failures="0" errors="0" time="2.797">
    <testcase time="0.161999999999992" classname="dtht01" name="dtht01_can_handle_all_NA_values"/>
    <testcase time="0.257000000000005" classname="dtht01" name="dtht01_can_handle_all_NA_values">
      <skipped message="Reason: On CRAN ('test-dtht01.R:12:3')"/>
    </testcase>
    <testcase time="0.474999999999994" classname="dtht01" name="dtht01_can_handle_some_NA_values"/>
    <testcase time="0.743000000000009" classname="dtht01" name="dtht01_can_handle_some_NA_values">
      <skipped message="Reason: On CRAN ('test-dtht01.R:19:3')"/>
    </testcase>
    <testcase time="1.16" classname="dtht01" name="dtht01_can_be_parametrize_as_expected">
      <skipped message="Reason: On CRAN ('test-dtht01.R:30:3')"/>
    </testcase>
  </testsuite>
  <testsuite name="egt01" timestamp="2023-05-30T17:36:24Z" hostname="24cbf89e0cdc" tests="3" skipped="2" failures="0" errors="0" time="6.31">
    <testcase time="3.377" classname="egt01" name="egt01_functions_with_default_argument_value_return_expected_result_with_test_data">
      <skipped message="Reason: On CRAN ('test-egt01.R:7:3')"/>
    </testcase>
    <testcase time="2.47200000000001" classname="egt01" name="egt01_can_handle_n_0_and_outputs_NE_instead_of_infs_and_NAs"/>
    <testcase time="0.460999999999999" classname="egt01" name="egt01_can_handle_n_0_and_outputs_NE_instead_of_infs_and_NAs">
      <skipped message="Reason: On CRAN ('test-egt01.R:21:3')"/>
    </testcase>
  </testsuite>
  <testsuite name="egt02" timestamp="2023-05-30T17:36:30Z" hostname="24cbf89e0cdc" tests="2" skipped="2" failures="0" errors="0" time="1.301">
    <testcase time="0.667999999999992" classname="egt02" name="egt02_1_functions_with_default_argument_value_return_expected_result_with_test_data">
      <skipped message="Reason: On CRAN ('test-egt02.R:7:3')"/>
    </testcase>
    <testcase time="0.63300000000001" classname="egt02" name="egt02_2_functions_with_default_value_return_expected_result_with_test_data">
      <skipped message="Reason: On CRAN ('test-egt02.R:14:3')"/>
    </testcase>
  </testsuite>
  <testsuite name="egt03" timestamp="2023-05-30T17:36:31Z" hostname="24cbf89e0cdc" tests="5" skipped="2" failures="0" errors="0" time="2.153">
    <testcase time="1.02999999999999" classname="egt03" name="egt03_functions_with_default_argument_value_return_expected_result_with_test_data">
      <skipped message="Reason: On CRAN ('test-egt03.R:7:3')"/>
    </testcase>
    <testcase time="0.0490000000000066" classname="egt03" name="egt03_errors_on_all_NA_values"/>
    <testcase time="0.433000000000007" classname="egt03" name="egt03_can_handle_some_NA_values"/>
    <testcase time="0.532999999999987" classname="egt03" name="egt03_can_handle_some_NA_values">
      <skipped message="Reason: On CRAN ('test-egt03.R:28:3')"/>
    </testcase>
    <testcase time="0.108000000000004" classname="egt03" name="egt03_fails_on_incomplete_data"/>
  </testsuite>
  <testsuite name="egt05_qtcat" timestamp="2023-05-30T17:36:34Z" hostname="24cbf89e0cdc" tests="4" skipped="2" failures="0" errors="0" time="4.9">
    <testcase time="2.46900000000001" classname="egt05_qtcat" name="egt05_qtcat_functions_with_default_argument_value_return_expected_result_with_test_data">
      <skipped message="Reason: On CRAN ('test-egt05_qtcat.R:7:3')"/>
    </testcase>
    <testcase time="0.039999999999992" classname="egt05_qtcat" name="egt05_qtcat_erros_on_all_NA_values"/>
    <testcase time="0.885999999999996" classname="egt05_qtcat" name="egt05_qtcat_can_handle_some_NA_values"/>
    <testcase time="1.50500000000001" classname="egt05_qtcat" name="egt05_qtcat_can_handle_some_NA_values">
      <skipped message="Reason: On CRAN ('test-egt05_qtcat.R:28:3')"/>
    </testcase>
  </testsuite>
  <testsuite name="empty_report" timestamp="2023-05-30T17:36:39Z" hostname="24cbf89e0cdc" tests="25" skipped="0" failures="0" errors="0" time="6.38">
    <testcase time="2.05799999999999" classname="empty_report" name="tlg_functions_return_null_reports_when_domain_table_is_empty"/>
    <testcase time="0.570000000000007" classname="empty_report" name="tlg_functions_return_null_reports_when_domain_table_is_empty"/>
    <testcase time="0.363" classname="empty_report" name="tlg_functions_return_null_reports_when_domain_table_is_empty"/>
    <testcase time="0.164000000000001" classname="empty_report" name="tlg_functions_return_null_reports_when_domain_table_is_empty"/>
    <testcase time="0.185000000000002" classname="empty_report" name="tlg_functions_return_null_reports_when_domain_table_is_empty"/>
    <testcase time="0.0999999999999943" classname="empty_report" name="tlg_functions_return_null_reports_when_domain_table_is_empty"/>
    <testcase time="0.153999999999996" classname="empty_report" name="tlg_functions_return_null_reports_when_domain_table_is_empty"/>
    <testcase time="0.308000000000007" classname="empty_report" name="tlg_functions_return_null_reports_when_domain_table_is_empty"/>
    <testcase time="0.293999999999997" classname="empty_report" name="tlg_functions_return_null_reports_when_domain_table_is_empty"/>
    <testcase time="0.108999999999995" classname="empty_report" name="tlg_functions_return_null_reports_when_domain_table_is_empty"/>
    <testcase time="0.125" classname="empty_report" name="tlg_functions_return_null_reports_when_domain_table_is_empty"/>
    <testcase time="0.0870000000000033" classname="empty_report" name="tlg_functions_return_null_reports_when_domain_table_is_empty"/>
    <testcase time="0.0640000000000072" classname="empty_report" name="tlg_functions_return_null_reports_when_domain_table_is_empty"/>
    <testcase time="0.063999999999993" classname="empty_report" name="tlg_functions_return_null_reports_when_domain_table_is_empty"/>
    <testcase time="0.0559999999999974" classname="empty_report" name="tlg_functions_return_null_reports_when_domain_table_is_empty"/>
    <testcase time="0.0949999999999989" classname="empty_report" name="tlg_functions_return_null_reports_when_domain_table_is_empty"/>
    <testcase time="0.105000000000004" classname="empty_report" name="tlg_functions_return_null_reports_when_domain_table_is_empty"/>
    <testcase time="0.0870000000000033" classname="empty_report" name="tlg_functions_return_null_reports_when_domain_table_is_empty"/>
    <testcase time="0.116" classname="empty_report" name="tlg_functions_return_null_reports_when_domain_table_is_empty"/>
    <testcase time="0.713999999999999" classname="empty_report" name="tlg_functions_return_null_reports_when_domain_table_is_empty"/>
    <testcase time="0.140999999999991" classname="empty_report" name="tlg_functions_return_null_reports_when_domain_table_is_empty"/>
    <testcase time="0.144999999999996" classname="empty_report" name="tlg_functions_return_null_reports_when_domain_table_is_empty"/>
    <testcase time="0.129000000000005" classname="empty_report" name="tlg_functions_return_null_reports_when_domain_table_is_empty"/>
    <testcase time="0.0679999999999978" classname="empty_report" name="tlg_functions_return_null_reports_when_domain_table_is_empty"/>
    <testcase time="0.0790000000000077" classname="empty_report" name="tlg_functions_return_null_reports_when_domain_table_is_empty"/>
  </testsuite>
  <testsuite name="ext01" timestamp="2023-05-30T17:36:45Z" hostname="24cbf89e0cdc" tests="5" skipped="4" failures="0" errors="0" time="2.687">
    <testcase time="0.667000000000002" classname="ext01" name="ext01_functions_with_default_argument_value_return_expected_result_with_test_data">
      <skipped message="Reason: On CRAN ('test-ext01.R:7:3')"/>
    </testcase>
    <testcase time="0.656000000000006" classname="ext01" name="ext01_functions_with_categorical_data_return_expected_result_with_test_data">
      <skipped message="Reason: On CRAN ('test-ext01.R:15:3')"/>
    </testcase>
    <testcase time="0.266999999999996" classname="ext01" name="ext01_works"/>
    <testcase time="0.372" classname="ext01" name="ext01_works">
      <skipped message="Reason: On CRAN ('test-ext01.R:23:3')"/>
    </testcase>
    <testcase time="0.725000000000009" classname="ext01" name="ext01_works_for_selected_parameters_and_categorical_variables">
      <skipped message="Reason: On CRAN ('test-ext01.R:36:3')"/>
    </testcase>
  </testsuite>
  <testsuite name="fstg01" timestamp="2023-05-30T17:36:48Z" hostname="24cbf89e0cdc" tests="7" skipped="0" failures="0" errors="0" time="15.831">
    <testcase time="0.0819999999999936" classname="fstg01" name="fstg01_works_as_expected"/>
    <testcase time="3.53100000000001" classname="fstg01" name="fstg01_works_as_expected"/>
    <testcase time="3.629" classname="fstg01" name="fstg01_works_as_expected_with_custom_color_set"/>
    <testcase time="3.26599999999999" classname="fstg01" name="fstg01_works_as_expected_with_custom_color_set"/>
    <testcase time="0.572000000000003" classname="fstg01" name="fstg01_works_if_changes_are_in_subgroups_strata_var_conf_level_and_label_all"/>
    <testcase time="1.352" classname="fstg01" name="fstg01_works_if_changes_are_in_subgroups_strata_var_conf_level_and_label_all"/>
    <testcase time="3.399" classname="fstg01" name="fstg01_can_handle_some_NA_values_in_subgroups"/>
  </testsuite>
  <testsuite name="kmg01" timestamp="2023-05-30T17:37:03Z" hostname="24cbf89e0cdc" tests="6" skipped="0" failures="0" errors="0" time="2.888">
    <testcase time="0.0219999999999914" classname="kmg01" name="kmg01_works_as_expected"/>
    <testcase time="0.623999999999995" classname="kmg01" name="kmg01_works_as_expected"/>
    <testcase time="0.631" classname="kmg01" name="kmg01_works_as_expected_with_custom_color_set"/>
    <testcase time="0.536000000000001" classname="kmg01" name="kmg01_works_as_expected_with_custom_color_set"/>
    <testcase time="0.543000000000006" classname="kmg01" name="kmg01_works_if_change_pvalue_ties_and_conf_level"/>
    <testcase time="0.532000000000011" classname="kmg01" name="kmg01_works_if_change_annotation_position"/>
  </testsuite>
  <testsuite name="lbt01" timestamp="2023-05-30T17:37:06Z" hostname="24cbf89e0cdc" tests="3" skipped="2" failures="0" errors="0" time="6.144">
    <testcase time="3.38999999999999" classname="lbt01" name="lbt01_functions_with_default_argument_value_return_expected_result_with_test_data">
      <skipped message="Reason: On CRAN ('test-lbt01.R:7:3')"/>
    </testcase>
    <testcase time="2.38900000000001" classname="lbt01" name="lbt01_can_handle_n_0_and_outputs_NE_instead_of_infs_and_NAs"/>
    <testcase time="0.364999999999981" classname="lbt01" name="lbt01_can_handle_n_0_and_outputs_NE_instead_of_infs_and_NAs">
      <skipped message="Reason: On CRAN ('test-lbt01.R:21:3')"/>
    </testcase>
  </testsuite>
  <testsuite name="lbt04" timestamp="2023-05-30T17:37:12Z" hostname="24cbf89e0cdc" tests="8" skipped="4" failures="0" errors="0" time="4.771">
    <testcase time="1.55100000000002" classname="lbt04" name="lbt04_functions_with_default_argument_value_return_expected_result_with_test_data">
      <skipped message="Reason: On CRAN ('test-lbt04.R:7:3')"/>
    </testcase>
    <testcase time="0.0929999999999893" classname="lbt04" name="lbt04_can_handle_all_NA_values"/>
    <testcase time="0.0949999999999989" classname="lbt04" name="lbt04_can_handle_all_NA_values">
      <skipped message="Reason: On CRAN ('test-lbt04.R:20:3')"/>
    </testcase>
    <testcase time="0.741000000000014" classname="lbt04" name="lbt04_can_handle_missing_levels"/>
    <testcase time="0.768000000000001" classname="lbt04" name="lbt04_can_handle_missing_levels">
      <skipped message="Reason: On CRAN ('test-lbt04.R:31:3')"/>
    </testcase>
    <testcase time="0.727000000000004" classname="lbt04" name="lbt04_can_handle_some_NA_values"/>
    <testcase time="0.73599999999999" classname="lbt04" name="lbt04_can_handle_some_NA_values">
      <skipped message="Reason: On CRAN ('test-lbt04.R:39:3')"/>
    </testcase>
    <testcase time="0.0600000000000023" classname="lbt04" name="lbt04_fails_on_incomlete_data"/>
  </testsuite>
  <testsuite name="lbt05" timestamp="2023-05-30T17:37:17Z" hostname="24cbf89e0cdc" tests="5" skipped="2" failures="0" errors="0" time="3.742">
    <testcase time="1.40199999999999" classname="lbt05" name="lbt05_functions_with_default_argument_value_return_expected_result_with_test_data">
      <skipped message="Reason: On CRAN ('test-lbt05.R:7:3')"/>
    </testcase>
    <testcase time="0.745000000000005" classname="lbt05" name="lbt05_give_all_0_count_if_ANRIND_are_all_missing"/>
    <testcase time="0.676000000000016" classname="lbt05" name="lbt05_can_handle_some_NA_values"/>
    <testcase time="0.805999999999983" classname="lbt05" name="lbt05_can_handle_some_NA_values">
      <skipped message="Reason: On CRAN ('test-lbt05.R:36:3')"/>
    </testcase>
    <testcase time="0.113" classname="lbt05" name="lbt05_fails_on_incomlete_data"/>
  </testsuite>
  <testsuite name="lbt06" timestamp="2023-05-30T17:37:21Z" hostname="24cbf89e0cdc" tests="3" skipped="1" failures="0" errors="0" time="8.508">
    <testcase time="2.68200000000002" classname="lbt06" name="lbt06_gives_all_0_count_if_ANRIND_and_BNRIND_are_all_missing"/>
    <testcase time="5.70499999999998" classname="lbt06" name="lbt06_can_handle_some_NA_values">
      <skipped message="Reason: On CRAN ('test-lbt06.R:20:3')"/>
    </testcase>
    <testcase time="0.121000000000009" classname="lbt06" name="lbt06_fails_on_incomplete_data"/>
  </testsuite>
  <testsuite name="lbt07" timestamp="2023-05-30T17:37:29Z" hostname="24cbf89e0cdc" tests="4" skipped="2" failures="0" errors="0" time="4.364">
    <testcase time="2.13299999999998" classname="lbt07" name="lbt07_functions_with_default_argument_value_return_expected_result_with_test_data">
      <skipped message="Reason: On CRAN ('test-lbt07.R:7:3')"/>
    </testcase>
    <testcase time="1.03900000000002" classname="lbt07" name="lbt07_can_handle_some_NA_values"/>
    <testcase time="1.07599999999999" classname="lbt07" name="lbt07_can_handle_some_NA_values">
      <skipped message="Reason: On CRAN ('test-lbt07.R:22:3')"/>
    </testcase>
    <testcase time="0.116000000000014" classname="lbt07" name="lbt07_fails_on_incomlete_data"/>
  </testsuite>
  <testsuite name="lbt14" timestamp="2023-05-30T17:37:34Z" hostname="24cbf89e0cdc" tests="16" skipped="10" failures="0" errors="0" time="56.043">
    <testcase time="4.87799999999999" classname="lbt14" name="lbt14_functions_with_default_argument_value_return_expected_result_with_test_data">
      <skipped message="Reason: On CRAN ('test-lbt14.R:7:3')"/>
    </testcase>
    <testcase time="5.245" classname="lbt14" name="lbt14_functions_with_default_argument_value_return_expected_result_with_test_data_when_direction_high">
      <skipped message="Reason: On CRAN ('test-lbt14.R:14:3')"/>
    </testcase>
    <testcase time="4.24199999999999" classname="lbt14" name="lbt14_functions_with_gr_missing_excl_return_expected_result_with_test_data">
      <skipped message="Reason: On CRAN ('test-lbt14.R:21:3')"/>
    </testcase>
    <testcase time="4.304" classname="lbt14" name="lbt14_functions_with_gr_missing_gr_0_return_expected_result_with_test_data">
      <skipped message="Reason: On CRAN ('test-lbt14.R:28:3')"/>
    </testcase>
    <testcase time="2.464" classname="lbt14" name="lbt14_can_handle_all_NA_values"/>
    <testcase time="0.373999999999995" classname="lbt14" name="lbt14_can_handle_all_NA_values">
      <skipped message="Reason: On CRAN ('test-lbt14.R:41:3')"/>
    </testcase>
    <testcase time="3.10300000000001" classname="lbt14" name="lbt14_can_handle_some_NA_values"/>
    <testcase time="2.05799999999999" classname="lbt14" name="lbt14_can_handle_some_NA_values">
      <skipped message="Reason: On CRAN ('test-lbt14.R:60:3')"/>
    </testcase>
    <testcase time="10.092" classname="lbt14" name="lbt14_can_accept_different_gr_missing">
      <skipped message="Reason: On CRAN ('test-lbt14.R:67:3')"/>
    </testcase>
    <testcase time="0.0699999999999932" classname="lbt14" name="lbt14_fails_on_incomlete_data"/>
    <testcase time="2.58500000000001" classname="lbt14" name="lbt14_can_handle_all_NA_values_with_direction_high"/>
    <testcase time="0.37299999999999" classname="lbt14" name="lbt14_can_handle_all_NA_values_with_direction_high">
      <skipped message="Reason: On CRAN ('test-lbt14.R:92:3')"/>
    </testcase>
    <testcase time="3.119" classname="lbt14" name="lbt14_can_handle_some_NA_values_with_direction_high"/>
    <testcase time="2.13500000000002" classname="lbt14" name="lbt14_can_handle_some_NA_values_with_direction_high">
      <skipped message="Reason: On CRAN ('test-lbt14.R:111:3')"/>
    </testcase>
    <testcase time="10.932" classname="lbt14" name="lbt14_can_accept_different_gr_missing_with_direction_high">
      <skipped message="Reason: On CRAN ('test-lbt14.R:119:3')"/>
    </testcase>
    <testcase time="0.0689999999999884" classname="lbt14" name="lbt14_fails_on_incomlete_data"/>
  </testsuite>
  <testsuite name="mht01" timestamp="2023-05-30T17:38:30Z" hostname="24cbf89e0cdc" tests="3" skipped="3" failures="0" errors="0" time="3.742">
    <testcase time="1.25500000000002" classname="mht01" name="mht01_1_functions_with_default_argument_value_return_expected_result_with_test_data">
      <skipped message="Reason: On CRAN ('test-mht01.R:7:3')"/>
    </testcase>
    <testcase time="1.244" classname="mht01" name="mht01_works">
      <skipped message="Reason: On CRAN ('test-mht01.R:15:3')"/>
    </testcase>
    <testcase time="1.24299999999999" classname="mht01" name="mht01_works_on_NULL_in_lbl_mhbodsys_or_lbl_mhdecod">
      <skipped message="Reason: On CRAN ('test-mht01.R:21:3')"/>
    </testcase>
  </testsuite>
  <testsuite name="mng01" timestamp="2023-05-30T17:38:34Z" hostname="24cbf89e0cdc" tests="7" skipped="0" failures="0" errors="0" time="12.301">
    <testcase time="2.11199999999999" classname="mng01" name="mng01_works_as_expected_with_default_argument_values"/>
    <testcase time="2.048" classname="mng01" name="mng01_works_as_expected_with_custom_argument_values"/>
    <testcase time="0.0360000000000014" classname="mng01" name="mng01_works_as_expected_with_custom_argument_values"/>
    <testcase time="1.946" classname="mng01" name="mng01_works_as_expected_with_custom_color_set"/>
    <testcase time="2.03" classname="mng01" name="mng01_works_as_expected_with_custom_color_set"/>
    <testcase time="2.053" classname="mng01" name="mng01_works_if_show_v_grid_show_h_grid_is_TRUE"/>
    <testcase time="2.07599999999999" classname="mng01" name="mng01_works_with_combination_of_x_variables"/>
  </testsuite>
  <testsuite name="pdt01" timestamp="2023-05-30T17:38:46Z" hostname="24cbf89e0cdc" tests="5" skipped="3" failures="0" errors="0" time="3.172">
    <testcase time="1.33500000000001" classname="pdt01" name="pdt01_function_with_default_argument_value_return_expected_result_with_test_data">
      <skipped message="Reason: On CRAN ('test-pdt01.R:7:3')"/>
    </testcase>
    <testcase time="0.239000000000004" classname="pdt01" name="pdt01_can_handle_all_NA_values"/>
    <testcase time="0.244" classname="pdt01" name="pdt01_can_handle_all_NA_values">
      <skipped message="Reason: On CRAN ('test-pdt01.R:21:3')"/>
    </testcase>
    <testcase time="0.555999999999983" classname="pdt01" name="pdt01_can_handle_some_NA_values"/>
    <testcase time="0.798000000000002" classname="pdt01" name="pdt01_can_handle_some_NA_values">
      <skipped message="Reason: On CRAN ('test-pdt01.R:36:3')"/>
    </testcase>
  </testsuite>
  <testsuite name="pdt02" timestamp="2023-05-30T17:38:49Z" hostname="24cbf89e0cdc" tests="5" skipped="3" failures="0" errors="0" time="2.031">
    <testcase time="0.658000000000015" classname="pdt02" name="pdt02_function_with_default_argument_value_return_expected_result_with_test_data">
      <skipped message="Reason: On CRAN ('test-pdt02.R:7:3')"/>
    </testcase>
    <testcase time="0.23599999999999" classname="pdt02" name="pdt02_can_handle_all_NA_values"/>
    <testcase time="0.352000000000004" classname="pdt02" name="pdt02_can_handle_all_NA_values">
      <skipped message="Reason: On CRAN ('test-pdt02.R:21:3')"/>
    </testcase>
    <testcase time="0.363" classname="pdt02" name="pdt02_can_handle_some_NA_values"/>
    <testcase time="0.421999999999997" classname="pdt02" name="pdt02_can_handle_some_NA_values">
      <skipped message="Reason: On CRAN ('test-pdt02.R:36:3')"/>
    </testcase>
  </testsuite>
  <testsuite name="reexports" timestamp="2023-05-30T17:38:51Z" hostname="24cbf89e0cdc" tests="2" skipped="0" failures="0" errors="0" time="0.064">
    <testcase time="0.0349999999999966" classname="reexports" name="with_label_exported_correctly"/>
    <testcase time="0.0289999999999964" classname="reexports" name="reformat_exported_correctly"/>
  </testsuite>
  <testsuite name="rmpt01" timestamp="2023-05-30T17:38:51Z" hostname="24cbf89e0cdc" tests="7" skipped="3" failures="0" errors="0" time="1.365">
    <testcase time="0.40100000000001" classname="rmpt01" name="rmpt01_function_with_default_argument_value_return_expected_result_with_test_data">
      <skipped message="Reason: On CRAN ('test-rmpt01.R:7:3')"/>
    </testcase>
    <testcase time="0.156000000000006" classname="rmpt01" name="rmpt01_can_handle_NA_values"/>
    <testcase time="0.25" classname="rmpt01" name="rmpt01_can_handle_NA_values">
      <skipped message="Reason: On CRAN ('test-rmpt01.R:17:3')"/>
    </testcase>
    <testcase time="0.156999999999982" classname="rmpt01" name="rmpt01_can_handle_some_NA_values"/>
    <testcase time="0.243000000000023" classname="rmpt01" name="rmpt01_can_handle_some_NA_values">
      <skipped message="Reason: On CRAN ('test-rmpt01.R:31:3')"/>
    </testcase>
    <testcase time="0.0849999999999795" classname="rmpt01" name="rmpt01_fails_on_incomlete_data"/>
    <testcase time="0.0730000000000075" classname="rmpt01" name="rmpt01_fails_on_incomlete_data"/>
  </testsuite>
  <testsuite name="rspt01" timestamp="2023-05-30T17:38:53Z" hostname="24cbf89e0cdc" tests="15" skipped="7" failures="0" errors="0" time="7.493">
    <testcase time="0.0380000000000109" classname="rspt01" name="rspt01_works_as_expected"/>
    <testcase time="0.722999999999985" classname="rspt01" name="rspt01_works_as_expected"/>
    <testcase time="0.480000000000018" classname="rspt01" name="rspt01_works_as_expected">
      <skipped message="Reason: On CRAN ('test-rspt01.R:5:3')"/>
    </testcase>
    <testcase time="0.62299999999999" classname="rspt01" name="rspt01_works_as_expected_for_stratified_and_unstratified_analysis"/>
    <testcase time="0.562000000000012" classname="rspt01" name="rspt01_works_as_expected_for_stratified_and_unstratified_analysis">
      <skipped message="Reason: On CRAN ('test-rspt01.R:17:3')"/>
    </testcase>
    <testcase time="0.528999999999996" classname="rspt01" name="rspt01_works_as_expected_for_unstratified_analysis_only"/>
    <testcase time="0.456999999999994" classname="rspt01" name="rspt01_works_as_expected_for_unstratified_analysis_only">
      <skipped message="Reason: On CRAN ('test-rspt01.R:36:3')"/>
    </testcase>
    <testcase time="0.525000000000006" classname="rspt01" name="rspt01_works_as_expected_for_stratified_analysis_only"/>
    <testcase time="0.478999999999985" classname="rspt01" name="rspt01_works_as_expected_for_stratified_analysis_only">
      <skipped message="Reason: On CRAN ('test-rspt01.R:55:3')"/>
    </testcase>
    <testcase time="0.578000000000003" classname="rspt01" name="rspt01_works_if_change_reference_group"/>
    <testcase time="0.51400000000001" classname="rspt01" name="rspt01_works_if_change_reference_group">
      <skipped message="Reason: On CRAN ('test-rspt01.R:74:3')"/>
    </testcase>
    <testcase time="0.539999999999992" classname="rspt01" name="rspt01_works_if_change_statistic_methods"/>
    <testcase time="0.484000000000009" classname="rspt01" name="rspt01_works_if_change_statistic_methods">
      <skipped message="Reason: On CRAN ('test-rspt01.R:97:3')"/>
    </testcase>
    <testcase time="0.510999999999996" classname="rspt01" name="rspt01_works_if_change_confidence_interval"/>
    <testcase time="0.449999999999989" classname="rspt01" name="rspt01_works_if_change_confidence_interval">
      <skipped message="Reason: On CRAN ('test-rspt01.R:123:3')"/>
    </testcase>
  </testsuite>
  <testsuite name="ttet01" timestamp="2023-05-30T17:39:00Z" hostname="24cbf89e0cdc" tests="9" skipped="4" failures="0" errors="0" time="6.102">
    <testcase time="0.0370000000000061" classname="ttet01" name="ttet01_works_as_expected"/>
    <testcase time="0.957999999999998" classname="ttet01" name="ttet01_works_as_expected"/>
    <testcase time="0.832999999999998" classname="ttet01" name="ttet01_works_as_expected">
      <skipped message="Reason: On CRAN ('test-ttet01.R:5:3')"/>
    </testcase>
    <testcase time="0.665999999999997" classname="ttet01" name="ttet01_works_as_expected_for_stratified_and_unstratified_analysis"/>
    <testcase time="0.699000000000012" classname="ttet01" name="ttet01_works_as_expected_for_stratified_and_unstratified_analysis">
      <skipped message="Reason: On CRAN ('test-ttet01.R:14:3')"/>
    </testcase>
    <testcase time="0.70799999999997" classname="ttet01" name="ttet01_works_as_expected_for_stratified_analysis_only"/>
    <testcase time="0.82000000000005" classname="ttet01" name="ttet01_works_as_expected_for_stratified_analysis_only">
      <skipped message="Reason: On CRAN ('test-ttet01.R:30:3')"/>
    </testcase>
    <testcase time="0.656999999999982" classname="ttet01" name="ttet01_works_if_change_reference_group"/>
    <testcase time="0.72399999999999" classname="ttet01" name="ttet01_works_if_change_reference_group">
      <skipped message="Reason: On CRAN ('test-ttet01.R:46:3')"/>
    </testcase>
  </testsuite>
  <testsuite name="utils" timestamp="2023-05-30T17:39:06Z" hostname="24cbf89e0cdc" tests="50" skipped="0" failures="0" errors="0" time="0.464">
    <testcase time="0.0300000000000296" classname="utils" name="h_format_dec_works_as_exected"/>
    <testcase time="0.00699999999994816" classname="utils" name="h_format_dec_works_as_exected"/>
    <testcase time="0.00300000000004275" classname="utils" name="h_format_dec_works_as_exected"/>
    <testcase time="0.00599999999997181" classname="utils" name="h_format_dec_works_as_exected"/>
    <testcase time="0.0029999999999859" classname="utils" name="h_format_dec_works_as_exected"/>
    <testcase time="0.0200000000000387" classname="utils" name="h_format_dec_works_as_exected"/>
    <testcase time="0.00499999999999545" classname="utils" name="h_format_dec_works_as_exected"/>
    <testcase time="0.00799999999998136" classname="utils" name="h_format_dec_works_as_exected"/>
    <testcase time="0.0040000000000191" classname="utils" name="h_format_dec_works_as_exected"/>
    <testcase time="0.00799999999998136" classname="utils" name="h_format_dec_works_as_exected"/>
    <testcase time="0.0029999999999859" classname="utils" name="h_format_dec_works_as_exected"/>
    <testcase time="0.0080000000000382" classname="utils" name="h_format_dec_works_as_exected"/>
    <testcase time="0.0149999999999864" classname="utils" name="h_format_dec_works_as_expected_with_more_than_one_value"/>
    <testcase time="0.00900000000001455" classname="utils" name="h_format_dec_works_as_expected_with_more_than_one_value"/>
    <testcase time="0.01400000000001" classname="utils" name="h_format_dec_works_returns_null_with_NA_format"/>
    <testcase time="0.0120000000000005" classname="utils" name="h_format_dec_works_as_expected_with_NA_digits"/>
    <testcase time="0.0120000000000005" classname="utils" name="h_format_dec_works_as_expected_with_NA_digits"/>
    <testcase time="0.0139999999999532" classname="utils" name="fuse_sequentially_works"/>
    <testcase time="0.007000000000005" classname="utils" name="fuse_sequentially_works"/>
    <testcase time="0.00900000000001455" classname="utils" name="grob_list_works"/>
    <testcase time="0.0029999999999859" classname="utils" name="grob_list_works"/>
    <testcase time="0.007000000000005" classname="utils" name="grob_list_works"/>
    <testcase time="0.0080000000000382" classname="utils" name="grob_list_works"/>
    <testcase time="0.0239999999999441" classname="utils" name="ifneeded_split_row_works_as_expected"/>
    <testcase time="0.0120000000000005" classname="utils" name="ifneeded_split_row_works_as_expected"/>
    <testcase time="0.00900000000001455" classname="utils" name="droplevels.character_works_as_expected"/>
    <testcase time="0.0080000000000382" classname="utils" name="droplevels.character_works_as_expected"/>
    <testcase time="0.00899999999995771" classname="utils" name="lvls.character_works_as_expected"/>
    <testcase time="0.0080000000000382" classname="utils" name="lvls.character_works_as_expected"/>
    <testcase time="0.00999999999999091" classname="utils" name="lvls.factor_works_as_expected"/>
    <testcase time="0.00799999999998136" classname="utils" name="lvls.factor_works_as_expected"/>
    <testcase time="0.0110000000000241" classname="utils" name="lvls.default_works_as_expected"/>
    <testcase time="0.00899999999995771" classname="utils" name="lvls.default_works_as_expected"/>
    <testcase time="0.00900000000001455" classname="utils" name="quote_str_works_as_expected"/>
    <testcase time="0.00900000000001455" classname="utils" name="quote_str_works_as_expected"/>
    <testcase time="0.0110000000000241" classname="utils" name="quote_str_works_as_expected"/>
    <testcase time="0.0109999999999673" classname="utils" name="modify_default_args_works_as_expected"/>
    <testcase time="0.007000000000005" classname="utils" name="modify_default_args_works_as_expected"/>
    <testcase time="0.00900000000001455" classname="utils" name="execute_with_args_works_as_expected"/>
    <testcase time="0.00799999999998136" classname="utils" name="execute_with_args_works_as_expected"/>
    <testcase time="0.0029999999999859" classname="utils" name="execute_with_args_works_as_expected"/>
    <testcase time="0.00900000000001455" classname="utils" name="execute_with_args_works_as_expected"/>
    <testcase time="0.0040000000000191" classname="utils" name="execute_with_args_works_as_expected"/>
    <testcase time="0.00799999999998136" classname="utils" name="execute_with_args_works_as_expected"/>
    <testcase time="0.0040000000000191" classname="utils" name="execute_with_args_works_as_expected"/>
    <testcase time="0.00799999999998136" classname="utils" name="execute_with_args_works_as_expected"/>
    <testcase time="0.0040000000000191" classname="utils" name="execute_with_args_works_as_expected"/>
    <testcase time="0.0219999999999914" classname="utils" name="execute_with_args_works_as_expected"/>
    <testcase time="0.00499999999999545" classname="utils" name="execute_with_args_works_as_expected"/>
    <testcase time="0.00999999999999091" classname="utils" name="execute_with_args_works_as_expected"/>
  </testsuite>
  <testsuite name="vst01" timestamp="2023-05-30T17:39:07Z" hostname="24cbf89e0cdc" tests="3" skipped="2" failures="0" errors="0" time="14.909">
    <testcase time="7.91700000000003" classname="vst01" name="vst01_functions_with_default_argument_value_return_expected_result_with_test_data">
      <skipped message="Reason: On CRAN ('test-vst01.R:7:3')"/>
    </testcase>
    <testcase time="5.14999999999998" classname="vst01" name="run_vst01_works_as_expected"/>
    <testcase time="1.84199999999998" classname="vst01" name="run_vst01_works_as_expected">
      <skipped message="Reason: On CRAN ('test-vst01.R:14:3')"/>
    </testcase>
  </testsuite>
  <testsuite name="vst02" timestamp="2023-05-30T17:39:22Z" hostname="24cbf89e0cdc" tests="2" skipped="2" failures="0" errors="0" time="1.872">
    <testcase time="0.927999999999997" classname="vst02" name="vst02_functions_with_default_argument_value_return_expected_result_with_test_data">
      <skipped message="Reason: On CRAN ('test-vst02.R:7:3')"/>
    </testcase>
    <testcase time="0.944000000000017" classname="vst02" name="vst02_functions_return_expected_result_with_test_data_when_excluding_subject_with_baseline_abnormality">
      <skipped message="Reason: On CRAN ('test-vst02.R:14:3')"/>
    </testcase>
  </testsuite>
</testsuites>
