<?xml version="1.0" encoding="UTF-8"?>
<testsuites>
  <testsuite name="ael01_nollt" timestamp="2023-10-02T14:57:29Z" hostname="bfd2a392d600" tests="8" skipped="4" failures="0" errors="0" time="1.727">
    <testcase time="0.712" classname="ael01_nollt" name="ael01_nollt_works_with_admh_dataset"/>
    <testcase time="0.364" classname="ael01_nollt" name="ael01_nollt_works_with_admh_dataset">
      <skipped message="Reason: On CRAN ('test-ael01_nollt.R:7:3')"/>
    </testcase>
    <testcase time="0.121" classname="ael01_nollt" name="ael01_nollt_works_with_non_default_label"/>
    <testcase time="0.188" classname="ael01_nollt" name="ael01_nollt_works_with_non_default_label">
      <skipped message="Reason: On CRAN ('test-ael01_nollt.R:20:3')"/>
    </testcase>
    <testcase time="0.0880000000000001" classname="ael01_nollt" name="ael01_nollt_can_handle_all_missing_values"/>
    <testcase time="0.0730000000000004" classname="ael01_nollt" name="ael01_nollt_can_handle_all_missing_values">
      <skipped message="Reason: On CRAN ('test-ael01_nollt.R:33:3')"/>
    </testcase>
    <testcase time="0.0659999999999998" classname="ael01_nollt" name="ael01_nollt_can_handle_some_missing_values"/>
    <testcase time="0.115" classname="ael01_nollt" name="ael01_nollt_can_handle_some_missing_values">
      <skipped message="Reason: On CRAN ('test-ael01_nollt.R:48:3')"/>
    </testcase>
  </testsuite>
  <testsuite name="aet01" timestamp="2023-10-02T14:57:31Z" hostname="bfd2a392d600" tests="9" skipped="4" failures="0" errors="0" time="3.206">
    <testcase time="0.664" classname="aet01" name="aet01_can_handle_all_NA_values"/>
    <testcase time="0.323" classname="aet01" name="aet01_can_handle_all_NA_values">
      <skipped message="Reason: On CRAN ('test-aet01.R:12:3')"/>
    </testcase>
    <testcase time="0.454000000000001" classname="aet01" name="aet01_can_handle_some_NA_values"/>
    <testcase time="0.318" classname="aet01" name="aet01_can_handle_some_NA_values">
      <skipped message="Reason: On CRAN ('test-aet01.R:29:3')"/>
    </testcase>
    <testcase time="0.332" classname="aet01" name="aet01_can_use_custom_anl_vars"/>
    <testcase time="0.179" classname="aet01" name="aet01_can_use_custom_anl_vars">
      <skipped message="Reason: On CRAN ('test-aet01.R:35:3')"/>
    </testcase>
    <testcase time="0.122999999999999" classname="aet01" name="aet01_fails_on_incomplete_data_input"/>
    <testcase time="0.467000000000001" classname="aet01" name="aet01_can_use_custom_medconcept_var"/>
    <testcase time="0.346" classname="aet01" name="aet01_can_use_custom_medconcept_var">
      <skipped message="Reason: On CRAN ('test-aet01.R:65:3')"/>
    </testcase>
  </testsuite>
  <testsuite name="aet01_aesi" timestamp="2023-10-02T14:57:34Z" hostname="bfd2a392d600" tests="7" skipped="3" failures="0" errors="0" time="2.415">
    <testcase time="0.399999999999999" classname="aet01_aesi" name="aet01_aesi_can_handle_all_NA_values"/>
    <testcase time="0.304" classname="aet01_aesi" name="aet01_aesi_can_handle_all_NA_values">
      <skipped message="Reason: On CRAN ('test-aet01_aesi.R:17:3')"/>
    </testcase>
    <testcase time="0.34" classname="aet01_aesi" name="aet01_aesi_can_handle_some_NA_values"/>
    <testcase time="0.342000000000001" classname="aet01_aesi" name="aet01_aesi_can_handle_some_NA_values">
      <skipped message="Reason: On CRAN ('test-aet01_aesi.R:30:3')"/>
    </testcase>
    <testcase time="0.453999999999999" classname="aet01_aesi" name="aet01_aesi_works_with_ALL_argument"/>
    <testcase time="0.48" classname="aet01_aesi" name="aet01_aesi_works_with_ALL_argument">
      <skipped message="Reason: On CRAN ('test-aet01_aesi.R:36:3')"/>
    </testcase>
    <testcase time="0.0950000000000006" classname="aet01_aesi" name="aet01_aesi_check_fails_on_incomplete_data_input"/>
  </testsuite>
  <testsuite name="aet02" timestamp="2023-10-02T14:57:37Z" hostname="bfd2a392d600" tests="3" skipped="1" failures="0" errors="0" time="2.687">
    <testcase time="0.0849999999999991" classname="aet02" name="aet02_fails_on_incomplete_data_input"/>
    <testcase time="0.155000000000001" classname="aet02" name="aet02_handle_empty_data_input"/>
    <testcase time="2.447" classname="aet02" name="aet02_can_have_different_levels_of_row_split">
      <skipped message="Reason: On CRAN ('test-aet02.R:30:3')"/>
    </testcase>
  </testsuite>
  <testsuite name="aet03" timestamp="2023-10-02T14:57:39Z" hostname="bfd2a392d600" tests="4" skipped="2" failures="0" errors="0" time="3.837">
    <testcase time="0.478" classname="aet03" name="aet03_can_handle_NA_values"/>
    <testcase time="0.283000000000001" classname="aet03" name="aet03_can_handle_NA_values">
      <skipped message="Reason: On CRAN ('test-aet03.R:10:3')"/>
    </testcase>
    <testcase time="2.197" classname="aet03" name="aet03_can_handle_some_NA_values"/>
    <testcase time="0.879" classname="aet03" name="aet03_can_handle_some_NA_values">
      <skipped message="Reason: On CRAN ('test-aet03.R:27:3')"/>
    </testcase>
  </testsuite>
  <testsuite name="aet04" timestamp="2023-10-02T14:57:43Z" hostname="bfd2a392d600" tests="4" skipped="2" failures="0" errors="0" time="6.332">
    <testcase time="0.728000000000002" classname="aet04" name="aet04_can_handle_NA_values"/>
    <testcase time="0.478999999999999" classname="aet04" name="aet04_can_handle_NA_values">
      <skipped message="Reason: On CRAN ('test-aet04.R:10:3')"/>
    </testcase>
    <testcase time="3.762" classname="aet04" name="aet04_can_handle_some_NA_values"/>
    <testcase time="1.363" classname="aet04" name="aet04_can_handle_some_NA_values">
      <skipped message="Reason: On CRAN ('test-aet04.R:32:3')"/>
    </testcase>
  </testsuite>
  <testsuite name="aet05" timestamp="2023-10-02T14:57:49Z" hostname="bfd2a392d600" tests="4" skipped="2" failures="0" errors="0" time="1.074">
    <testcase time="0.245000000000001" classname="aet05" name="aet05_can_handle_NA_values"/>
    <testcase time="0.285999999999998" classname="aet05" name="aet05_can_handle_NA_values">
      <skipped message="Reason: On CRAN ('test-aet05.R:7:3')"/>
    </testcase>
    <testcase time="0.225000000000001" classname="aet05" name="aet05_can_handle_some_NA_values"/>
    <testcase time="0.318000000000001" classname="aet05" name="aet05_can_handle_some_NA_values">
      <skipped message="Reason: On CRAN ('test-aet05.R:24:3')"/>
    </testcase>
  </testsuite>
  <testsuite name="aet05_all" timestamp="2023-10-02T14:57:50Z" hostname="bfd2a392d600" tests="4" skipped="2" failures="0" errors="0" time="1.063">
    <testcase time="0.224999999999998" classname="aet05_all" name="aet05_all_can_handle_NA_values"/>
    <testcase time="0.289000000000001" classname="aet05_all" name="aet05_all_can_handle_NA_values">
      <skipped message="Reason: On CRAN ('test-aet05_all.R:7:3')"/>
    </testcase>
    <testcase time="0.230999999999998" classname="aet05_all" name="aet05_all_can_handle_some_NA_values"/>
    <testcase time="0.318000000000001" classname="aet05_all" name="aet05_all_can_handle_some_NA_values">
      <skipped message="Reason: On CRAN ('test-aet05_all.R:21:3')"/>
    </testcase>
  </testsuite>
  <testsuite name="aet10" timestamp="2023-10-02T14:57:52Z" hostname="bfd2a392d600" tests="4" skipped="2" failures="0" errors="0" time="0.621">
    <testcase time="0.120999999999999" classname="aet10" name="aet10_can_handle_NA_values"/>
    <testcase time="0.109999999999999" classname="aet10" name="aet10_can_handle_NA_values">
      <skipped message="Reason: On CRAN ('test-aet10.R:10:3')"/>
    </testcase>
    <testcase time="0.155000000000001" classname="aet10" name="aet10_can_handle_some_NA_values"/>
    <testcase time="0.234999999999999" classname="aet10" name="aet10_can_handle_some_NA_values">
      <skipped message="Reason: On CRAN ('test-aet10.R:24:3')"/>
    </testcase>
  </testsuite>
  <testsuite name="assertions" timestamp="2023-10-02T14:57:52Z" hostname="bfd2a392d600" tests="38" skipped="0" failures="0" errors="0" time="0.282">
    <testcase time="0.027000000000001" classname="assertions" name="assert_one_tablenames_works_as_expected"/>
    <testcase time="0.00199999999999889" classname="assertions" name="assert_one_tablenames_works_as_expected"/>
    <testcase time="0.00700000000000145" classname="assertions" name="assert_one_tablenames_works_as_expected"/>
    <testcase time="0.00600000000000023" classname="assertions" name="assert_one_tablenames_works_as_expected"/>
    <testcase time="0.00900000000000034" classname="assertions" name="assert_all_tablenames_works_as_expected"/>
    <testcase time="0.0069999999999979" classname="assertions" name="assert_all_tablenames_works_as_expected"/>
    <testcase time="0.0150000000000006" classname="assertions" name="assert_all_tablenames_works_as_expected"/>
    <testcase time="0.0109999999999992" classname="assertions" name="assert_valid_var.character_works_as_expected"/>
    <testcase time="0.00900000000000034" classname="assertions" name="assert_valid_var.character_works_as_expected"/>
    <testcase time="0.00600000000000023" classname="assertions" name="assert_valid_var.character_works_as_expected"/>
    <testcase time="0.00700000000000145" classname="assertions" name="assert_valid_var.character_works_as_expected"/>
    <testcase time="0.00199999999999889" classname="assertions" name="assert_valid_var.character_works_as_expected"/>
    <testcase time="0.00900000000000034" classname="assertions" name="assert_valid_var.factor_works_as_expected"/>
    <testcase time="0.00700000000000145" classname="assertions" name="assert_valid_var.factor_works_as_expected"/>
    <testcase time="0.0069999999999979" classname="assertions" name="assert_valid_var.factor_works_as_expected"/>
    <testcase time="0.00600000000000023" classname="assertions" name="assert_valid_var.factor_works_as_expected"/>
    <testcase time="0.00300000000000011" classname="assertions" name="assert_valid_var.factor_works_as_expected"/>
    <testcase time="0.00900000000000034" classname="assertions" name="assert_valid_var.logical_works_as_expected"/>
    <testcase time="0.00600000000000023" classname="assertions" name="assert_valid_var.logical_works_as_expected"/>
    <testcase time="0.00700000000000145" classname="assertions" name="assert_valid_var.logical_works_as_expected"/>
    <testcase time="0.00199999999999889" classname="assertions" name="assert_valid_var.logical_works_as_expected"/>
    <testcase time="0.00799999999999912" classname="assertions" name="assert_valid_var.numeric_works_as_expected"/>
    <testcase time="0.00700000000000145" classname="assertions" name="assert_valid_var.numeric_works_as_expected"/>
    <testcase time="0.00600000000000023" classname="assertions" name="assert_valid_var.numeric_works_as_expected"/>
    <testcase time="0.00300000000000011" classname="assertions" name="assert_valid_var.numeric_works_as_expected"/>
    <testcase time="0.00600000000000023" classname="assertions" name="assert_valid_var.numeric_works_as_expected"/>
    <testcase time="0.00199999999999889" classname="assertions" name="assert_valid_var.numeric_works_as_expected"/>
    <testcase time="0.00900000000000034" classname="assertions" name="assert_valid_variable_works_as_expected"/>
    <testcase time="0.00300000000000011" classname="assertions" name="assert_valid_variable_works_as_expected"/>
    <testcase time="0.0109999999999992" classname="assertions" name="assert_valid_variable_works_as_expected"/>
    <testcase time="0.00300000000000011" classname="assertions" name="assert_valid_variable_works_as_expected"/>
    <testcase time="0.0100000000000016" classname="assertions" name="assert_valid_variable_works_as_expected"/>
    <testcase time="0.00299999999999656" classname="assertions" name="assert_valid_variable_works_as_expected"/>
    <testcase time="0.0100000000000016" classname="assertions" name="assert_valid_var_pair_works_as_expected_with_character"/>
    <testcase time="0.00900000000000034" classname="assertions" name="assert_valid_var_pair_works_as_expected_with_character"/>
    <testcase time="0.0100000000000016" classname="assertions" name="assert_valid_var_pair_works_as_expected_with_factor"/>
    <testcase time="0.00899999999999679" classname="assertions" name="assert_valid_var_pair_works_as_expected_with_factor"/>
    <testcase time="0.00900000000000034" classname="assertions" name="assert_valid_var_pair_works_as_expected_with_factor"/>
  </testsuite>
  <testsuite name="cfbt01" timestamp="2023-10-02T14:57:52Z" hostname="bfd2a392d600" tests="3" skipped="2" failures="0" errors="0" time="13.15">
    <testcase time="9.755" classname="cfbt01" name="cfbt01_functions_with_default_argument_value_return_expected_result_with_test_data">
      <skipped message="Reason: On CRAN ('test-cfbt01.R:7:3')"/>
    </testcase>
    <testcase time="1.43" classname="cfbt01" name="cfbt01_can_handle_n_0_and_outputs_NE_instead_of_infs_and_NAs"/>
    <testcase time="1.965" classname="cfbt01" name="cfbt01_can_handle_n_0_and_outputs_NE_instead_of_infs_and_NAs">
      <skipped message="Reason: On CRAN ('test-cfbt01.R:22:3')"/>
    </testcase>
  </testsuite>
  <testsuite name="checks" timestamp="2023-10-02T14:58:06Z" hostname="bfd2a392d600" tests="8" skipped="0" failures="0" errors="0" time="0.056">
    <testcase time="0.0240000000000009" classname="checks" name="check_all_colnames_works_as_expected"/>
    <testcase time="0.00500000000000256" classname="checks" name="check_all_colnames_works_as_expected"/>
    <testcase time="0.00300000000000011" classname="checks" name="check_all_colnames_works_as_expected"/>
    <testcase time="0.00399999999999778" classname="checks" name="check_all_colnames_works_as_expected"/>
    <testcase time="0.00900000000000034" classname="checks" name="check_one_colnames_works_as_expected"/>
    <testcase time="0.00500000000000256" classname="checks" name="check_one_colnames_works_as_expected"/>
    <testcase time="0.00199999999999534" classname="checks" name="check_one_colnames_works_as_expected"/>
    <testcase time="0.00400000000000489" classname="checks" name="check_one_colnames_works_as_expected"/>
  </testsuite>
  <testsuite name="chevron_tlg-class" timestamp="2023-10-02T14:58:06Z" hostname="bfd2a392d600" tests="24" skipped="0" failures="0" errors="0" time="0.114">
    <testcase time="0.0150000000000006" classname="chevron_tlg_class" name="chevron_t_object_can_be_constructed_with_default_values"/>
    <testcase time="0.00499999999999545" classname="chevron_tlg_class" name="chevron_t_object_can_be_constructed_with_default_values"/>
    <testcase time="0.0100000000000051" classname="chevron_tlg_class" name="chevron_t_object_can_be_constructed_with_custom_values"/>
    <testcase time="0.00399999999999778" classname="chevron_tlg_class" name="chevron_t_object_can_be_constructed_with_custom_values"/>
    <testcase time="0.00399999999999778" classname="chevron_tlg_class" name="chevron_t_object_can_be_constructed_with_custom_values"/>
    <testcase time="0.00500000000000256" classname="chevron_tlg_class" name="chevron_t_object_can_be_constructed_with_custom_values"/>
    <testcase time="0.00900000000000034" classname="chevron_tlg_class" name="chevron_t_constructor_returns_an_error_when_expected"/>
    <testcase time="0.000999999999997669" classname="chevron_tlg_class" name="chevron_t_constructor_returns_an_error_when_expected"/>
    <testcase time="0.00200000000000244" classname="chevron_tlg_class" name="chevron_t_constructor_returns_an_error_when_expected"/>
    <testcase time="0.000999999999997669" classname="chevron_tlg_class" name="chevron_t_constructor_returns_an_error_when_expected"/>
    <testcase time="0.000999999999997669" classname="chevron_tlg_class" name="chevron_t_constructor_returns_an_error_when_expected"/>
    <testcase time="0.00200000000000244" classname="chevron_tlg_class" name="chevron_t_constructor_returns_an_error_when_expected"/>
    <testcase time="0.00999999999999801" classname="chevron_tlg_class" name="chevron_l_object_can_be_constructed_with_default_values"/>
    <testcase time="0.00500000000000256" classname="chevron_tlg_class" name="chevron_l_object_can_be_constructed_with_default_values"/>
    <testcase time="0.0110000000000028" classname="chevron_tlg_class" name="chevron_g_object_can_be_constructed_with_custom_values"/>
    <testcase time="0.00499999999999545" classname="chevron_tlg_class" name="chevron_g_object_can_be_constructed_with_custom_values"/>
    <testcase time="0.00300000000000011" classname="chevron_tlg_class" name="chevron_g_object_can_be_constructed_with_custom_values"/>
    <testcase time="0.00500000000000256" classname="chevron_tlg_class" name="chevron_g_object_can_be_constructed_with_custom_values"/>
    <testcase time="0.00900000000000034" classname="chevron_tlg_class" name="chevron_g_constructor_returns_an_error_when_expected"/>
    <testcase time="0.00200000000000244" classname="chevron_tlg_class" name="chevron_g_constructor_returns_an_error_when_expected"/>
    <testcase time="0.000999999999997669" classname="chevron_tlg_class" name="chevron_g_constructor_returns_an_error_when_expected"/>
    <testcase time="0.000999999999997669" classname="chevron_tlg_class" name="chevron_g_constructor_returns_an_error_when_expected"/>
    <testcase time="0.00200000000000244" classname="chevron_tlg_class" name="chevron_g_constructor_returns_an_error_when_expected"/>
    <testcase time="0.000999999999997669" classname="chevron_tlg_class" name="chevron_g_constructor_returns_an_error_when_expected"/>
  </testsuite>
  <testsuite name="chevron_tlg-methods" timestamp="2023-10-02T14:58:06Z" hostname="bfd2a392d600" tests="30" skipped="9" failures="0" errors="0" time="12.474">
    <testcase time="4.912" classname="chevron_tlg_methods" name="run_works_as_expected_for_chevron_t_object">
      <skipped message="Reason: On CRAN ('test-chevron_tlg-methods.R:5:3')"/>
    </testcase>
    <testcase time="0.850000000000001" classname="chevron_tlg_methods" name="run_works_as_expected_for_chevron_t_object_when_auto_pre_FALSE">
      <skipped message="Reason: On CRAN ('test-chevron_tlg-methods.R:13:3')"/>
    </testcase>
    <testcase time="0.889000000000003" classname="chevron_tlg_methods" name="run_works_as_expected_with_argument_printed">
      <skipped message="Reason: On CRAN ('test-chevron_tlg-methods.R:18:3')"/>
    </testcase>
    <testcase time="1.415" classname="chevron_tlg_methods" name="run_works_as_expected_with_argument_printed_if_the_user_argument_is_complicated">
      <skipped message="Reason: On CRAN ('test-chevron_tlg-methods.R:25:3')"/>
    </testcase>
    <testcase time="0.823999999999998" classname="chevron_tlg_methods" name="run_works_as_expected_with_partial_match_argument">
      <skipped message="Reason: On CRAN ('test-chevron_tlg-methods.R:31:3')"/>
    </testcase>
    <testcase time="0.0189999999999984" classname="chevron_tlg_methods" name="args_ls_works_as_expected"/>
    <testcase time="0.00200000000000244" classname="chevron_tlg_methods" name="args_ls_works_as_expected"/>
    <testcase time="0.000999999999997669" classname="chevron_tlg_methods" name="args_ls_works_as_expected"/>
    <testcase time="0.00900000000000034" classname="chevron_tlg_methods" name="args_ls_works_as_expected_when_simplify_is_TRUE"/>
    <testcase time="0.00100000000000477" classname="chevron_tlg_methods" name="args_ls_works_as_expected_when_simplify_is_TRUE"/>
    <testcase time="0.000999999999997669" classname="chevron_tlg_methods" name="args_ls_works_as_expected_when_simplify_is_TRUE"/>
    <testcase time="0.00999999999999801" classname="chevron_tlg_methods" name="args_ls_works_as_expected_with_custom_chevron_tlg_object"/>
    <testcase time="0.00100000000000477" classname="chevron_tlg_methods" name="args_ls_works_as_expected_with_custom_chevron_tlg_object"/>
    <testcase time="0.000999999999997669" classname="chevron_tlg_methods" name="args_ls_works_as_expected_with_custom_chevron_tlg_object"/>
    <testcase time="0.00500000000000256" classname="chevron_tlg_methods" name="args_ls_works_as_expected_with_custom_chevron_tlg_object"/>
    <testcase time="0.0109999999999957" classname="chevron_tlg_methods" name="main_works_as_expected"/>
    <testcase time="0.0120000000000005" classname="chevron_tlg_methods" name="main_setter_works_as_expected"/>
    <testcase time="0.017000000000003" classname="chevron_tlg_methods" name="main_setter_throw_an_error_as_expected"/>
    <testcase time="0.0120000000000005" classname="chevron_tlg_methods" name="preprocess_works_as_expected"/>
    <testcase time="0.0109999999999957" classname="chevron_tlg_methods" name="preprocess_setter_works_as_expected"/>
    <testcase time="0.017000000000003" classname="chevron_tlg_methods" name="preprocess_sends_an_error_as_expected"/>
    <testcase time="0.0109999999999957" classname="chevron_tlg_methods" name="postprocess_works_as_expected"/>
    <testcase time="0.0120000000000005" classname="chevron_tlg_methods" name="postprocess_setter_works_as_expected"/>
    <testcase time="0.017000000000003" classname="chevron_tlg_methods" name="postprocess_sends_an_error_as_expected"/>
    <testcase time="0.00799999999999557" classname="chevron_tlg_methods" name="script_funs_works_as_expected_in_interactive_mode">
      <skipped message="Reason: !interactive() is TRUE ('test-chevron_tlg-methods.R:146:3')"/>
    </testcase>
    <testcase time="0.0190000000000055" classname="chevron_tlg_methods" name="script_funs_works_as_expected"/>
    <testcase time="0.000999999999997669" classname="chevron_tlg_methods" name="script_funs_works_as_expected"/>
    <testcase time="3.327" classname="chevron_tlg_methods" name="script_funs_generates_a_valid_script">
      <skipped message="Reason: On CRAN ('test-chevron_tlg-methods.R:167:3')"/>
    </testcase>
    <testcase time="0.0320000000000036" classname="chevron_tlg_methods" name="print_list_works">
      <skipped message="Reason: On CRAN ('test-chevron_tlg-methods.R:175:3')"/>
    </testcase>
    <testcase time="0.027000000000001" classname="chevron_tlg_methods" name="print_list_works_for_empty_list">
      <skipped message="Reason: On CRAN ('test-chevron_tlg-methods.R:179:3')"/>
    </testcase>
  </testsuite>
  <testsuite name="cmt01a" timestamp="2023-10-02T14:58:18Z" hostname="bfd2a392d600" tests="6" skipped="4" failures="0" errors="0" time="5.244">
    <testcase time="1.595" classname="cmt01a" name="cmt01a_functions_with_default_argument_value_return_expected_result_with_test_data">
      <skipped message="Reason: On CRAN ('test-cmt01a.R:7:3')"/>
    </testcase>
    <testcase time="1.514" classname="cmt01a" name="cmt01a_functions_with_custom_argument_value_return_expected_result_with_test_data">
      <skipped message="Reason: On CRAN ('test-cmt01a.R:19:3')"/>
    </testcase>
    <testcase time="0.234000000000002" classname="cmt01a" name="cmt01a_can_handle_all_NA_values"/>
    <testcase time="0.184000000000005" classname="cmt01a" name="cmt01a_can_handle_all_NA_values">
      <skipped message="Reason: On CRAN ('test-cmt01a.R:33:3')"/>
    </testcase>
    <testcase time="1.003" classname="cmt01a" name="cmt01a_can_handle_some_NA_values"/>
    <testcase time="0.713999999999999" classname="cmt01a" name="cmt01a_can_handle_some_NA_values">
      <skipped message="Reason: On CRAN ('test-cmt01a.R:41:3')"/>
    </testcase>
  </testsuite>
  <testsuite name="cmt02_pt" timestamp="2023-10-02T14:58:23Z" hostname="bfd2a392d600" tests="4" skipped="2" failures="0" errors="0" time="0.803">
    <testcase time="0.177" classname="cmt02_pt" name="cmt02_pt_can_handle_all_NA_values"/>
    <testcase time="0.137999999999998" classname="cmt02_pt" name="cmt02_pt_can_handle_all_NA_values">
      <skipped message="Reason: On CRAN ('test-cmt02_pt.R:9:3')"/>
    </testcase>
    <testcase time="0.231000000000002" classname="cmt02_pt" name="cmt02_pt_can_handle_some_NA_values"/>
    <testcase time="0.256999999999998" classname="cmt02_pt" name="cmt02_pt_can_handle_some_NA_values">
      <skipped message="Reason: On CRAN ('test-cmt02_pt.R:17:3')"/>
    </testcase>
  </testsuite>
  <testsuite name="coxt01" timestamp="2023-10-02T14:58:24Z" hostname="bfd2a392d600" tests="3" skipped="1" failures="0" errors="0" time="0.728">
    <testcase time="0.484999999999999" classname="coxt01" name="coxt01_can_handle_some_NA_values"/>
    <testcase time="0.210000000000001" classname="coxt01" name="coxt01_can_handle_some_NA_values">
      <skipped message="Reason: On CRAN ('test-coxt01.R:6:3')"/>
    </testcase>
    <testcase time="0.0330000000000013" classname="coxt01" name="coxt01_fails_on_incomlete_data"/>
  </testsuite>
  <testsuite name="coxt02" timestamp="2023-10-02T14:58:25Z" hostname="bfd2a392d600" tests="3" skipped="1" failures="0" errors="0" time="0.968">
    <testcase time="0.664999999999999" classname="coxt02" name="coxt02_can_handle_some_NA_values"/>
    <testcase time="0.270000000000003" classname="coxt02" name="coxt02_can_handle_some_NA_values">
      <skipped message="Reason: On CRAN ('test-coxt02.R:5:3')"/>
    </testcase>
    <testcase time="0.0329999999999941" classname="coxt02" name="coxt02_fails_on_incomlete_data"/>
  </testsuite>
  <testsuite name="default_tlg" timestamp="2023-10-02T14:58:26Z" hostname="bfd2a392d600" tests="15" skipped="15" failures="0" errors="0" time="16.341">
    <testcase time="0.175000000000004" classname="default_tlg" name="ael01_nollt_function_with_default_argument_value_return_expected_result_with_test_data">
      <skipped message="Reason: On CRAN ('test-default_tlg.R:5:3')"/>
    </testcase>
    <testcase time="0.741999999999997" classname="default_tlg" name="aet01_function_with_default_argument_value_return_expected_result_with_test_data">
      <skipped message="Reason: On CRAN ('test-default_tlg.R:12:3')"/>
    </testcase>
    <testcase time="0.709000000000003" classname="default_tlg" name="aet01_aesi_function_with_default_argument_value_return_expected_result_with_test_data">
      <skipped message="Reason: On CRAN ('test-default_tlg.R:19:3')"/>
    </testcase>
    <testcase time="1.398" classname="default_tlg" name="aet02_functions_with_default_argument_value_return_expected_result_with_test_data">
      <skipped message="Reason: On CRAN ('test-default_tlg.R:26:3')"/>
    </testcase>
    <testcase time="3.252" classname="default_tlg" name="aet03_functions_with_default_argument_value_return_expected_result_with_test_data">
      <skipped message="Reason: On CRAN ('test-default_tlg.R:33:3')"/>
    </testcase>
    <testcase time="4.77200000000001" classname="default_tlg" name="aet04_functions_with_default_argument_value_return_expected_result_with_test_data">
      <skipped message="Reason: On CRAN ('test-default_tlg.R:40:3')"/>
    </testcase>
    <testcase time="0.544999999999987" classname="default_tlg" name="aet05_functions_with_default_argument_value_return_expected_result_with_test_data">
      <skipped message="Reason: On CRAN ('test-default_tlg.R:47:3')"/>
    </testcase>
    <testcase time="0.561000000000007" classname="default_tlg" name="aet05_all_functions_with_default_argument_value_return_expected_result_with_test_data">
      <skipped message="Reason: On CRAN ('test-default_tlg.R:54:3')"/>
    </testcase>
    <testcase time="0.402000000000001" classname="default_tlg" name="aet10_functions_with_default_argument_value_return_expected_result_with_test_data">
      <skipped message="Reason: On CRAN ('test-default_tlg.R:61:3')"/>
    </testcase>
    <testcase time="0.471999999999994" classname="default_tlg" name="cmt02_pt_functions_with_default_argument_value_return_expected_result_with_test_data">
      <skipped message="Reason: On CRAN ('test-default_tlg.R:68:3')"/>
    </testcase>
    <testcase time="0.64500000000001" classname="default_tlg" name="coxt01_functions_with_default_argument_value_return_expected_result_with_test_data">
      <skipped message="Reason: On CRAN ('test-default_tlg.R:78:3')"/>
    </testcase>
    <testcase time="0.942999999999998" classname="default_tlg" name="coxt02_functions_with_default_argument_value_return_expected_result_with_test_data">
      <skipped message="Reason: On CRAN ('test-default_tlg.R:86:3')"/>
    </testcase>
    <testcase time="0.84899999999999" classname="default_tlg" name="dmt01_functions_with_default_argument_value_return_expected_result_with_test_data">
      <skipped message="Reason: On CRAN ('test-default_tlg.R:93:3')"/>
    </testcase>
    <testcase time="0.541000000000011" classname="default_tlg" name="dst01_functions_with_default_argument_value_return_expected_result_with_test_data">
      <skipped message="Reason: On CRAN ('test-default_tlg.R:100:3')"/>
    </testcase>
    <testcase time="0.334999999999994" classname="default_tlg" name="dtht01_functions_with_default_argument_value_return_expected_result_with_test_data">
      <skipped message="Reason: On CRAN ('test-default_tlg.R:107:3')"/>
    </testcase>
  </testsuite>
  <testsuite name="dmt01" timestamp="2023-10-02T14:58:42Z" hostname="bfd2a392d600" tests="16" skipped="8" failures="0" errors="0" time="6.502">
    <testcase time="0.353999999999999" classname="dmt01" name="dmt01_can_handle_NA_values"/>
    <testcase time="0.405000000000001" classname="dmt01" name="dmt01_can_handle_NA_values">
      <skipped message="Reason: On CRAN ('test-dmt01.R:8:3')"/>
    </testcase>
    <testcase time="0.322000000000003" classname="dmt01" name="dmt01_can_handle_numeric_NA_values"/>
    <testcase time="0.522999999999996" classname="dmt01" name="dmt01_can_handle_numeric_NA_values">
      <skipped message="Reason: On CRAN ('test-dmt01.R:15:3')"/>
    </testcase>
    <testcase time="0.231999999999999" classname="dmt01" name="dmt01_works_as_expected_with_setting_default_precision"/>
    <testcase time="0.356000000000009" classname="dmt01" name="dmt01_works_as_expected_with_setting_default_precision">
      <skipped message="Reason: On CRAN ('test-dmt01.R:20:3')"/>
    </testcase>
    <testcase time="0.321999999999989" classname="dmt01" name="dmt01_works_as_expected_with_auto_precision_settings"/>
    <testcase time="0.89800000000001" classname="dmt01" name="dmt01_works_as_expected_with_auto_precision_settings">
      <skipped message="Reason: On CRAN ('test-dmt01.R:25:3')"/>
    </testcase>
    <testcase time="0.308999999999997" classname="dmt01" name="dmt01_works_as_expected_with_auto_precision_settings_and_defined_precision"/>
    <testcase time="0.831999999999994" classname="dmt01" name="dmt01_works_as_expected_with_auto_precision_settings_and_defined_precision">
      <skipped message="Reason: On CRAN ('test-dmt01.R:30:3')"/>
    </testcase>
    <testcase time="0.234999999999999" classname="dmt01" name="dmt01_works_as_expected_with_auto_precision_settings_and_defined_precision_and_default"/>
    <testcase time="0.361000000000004" classname="dmt01" name="dmt01_works_as_expected_with_auto_precision_settings_and_defined_precision_and_default">
      <skipped message="Reason: On CRAN ('test-dmt01.R:37:3')"/>
    </testcase>
    <testcase time="0.225999999999999" classname="dmt01" name="dmt01_works_as_expected_with_cutomized_stats_value"/>
    <testcase time="0.323000000000008" classname="dmt01" name="dmt01_works_as_expected_with_cutomized_stats_value">
      <skipped message="Reason: On CRAN ('test-dmt01.R:50:3')"/>
    </testcase>
    <testcase time="0.460999999999999" classname="dmt01" name="dmt01_works_as_expected_with_empty_list_as_stats_value"/>
    <testcase time="0.342999999999989" classname="dmt01" name="dmt01_works_as_expected_with_empty_list_as_stats_value">
      <skipped message="Reason: On CRAN ('test-dmt01.R:63:3')"/>
    </testcase>
  </testsuite>
  <testsuite name="dst01" timestamp="2023-10-02T14:58:49Z" hostname="bfd2a392d600" tests="14" skipped="7" failures="0" errors="0" time="3.259">
    <testcase time="0.194000000000003" classname="dst01" name="dst01_works_as_expected_when_all_data_are_NA"/>
    <testcase time="0.0649999999999977" classname="dst01" name="dst01_works_as_expected_when_all_data_are_NA">
      <skipped message="Reason: On CRAN ('test-dst01.R:11:3')"/>
    </testcase>
    <testcase time="0.173000000000002" classname="dst01" name="dst01_can_handle_all_NA_values_in_DCSREAS"/>
    <testcase time="0.153000000000006" classname="dst01" name="dst01_can_handle_all_NA_values_in_DCSREAS">
      <skipped message="Reason: On CRAN ('test-dst01.R:22:3')"/>
    </testcase>
    <testcase time="0.238" classname="dst01" name="dst01_can_handle_some_NA_values"/>
    <testcase time="0.269000000000005" classname="dst01" name="dst01_can_handle_some_NA_values">
      <skipped message="Reason: On CRAN ('test-dst01.R:29:3')"/>
    </testcase>
    <testcase time="0.168999999999997" classname="dst01" name="dst01_can_handle_missing_levels_in_status_var"/>
    <testcase time="0.123999999999995" classname="dst01" name="dst01_can_handle_missing_levels_in_status_var">
      <skipped message="Reason: On CRAN ('test-dst01.R:39:3')"/>
    </testcase>
    <testcase time="0.271000000000001" classname="dst01" name="dst01_can_create_variants"/>
    <testcase time="0.296000000000006" classname="dst01" name="dst01_can_create_variants">
      <skipped message="Reason: On CRAN ('test-dst01.R:44:3')"/>
    </testcase>
    <testcase time="0.322999999999993" classname="dst01" name="dst01_can_create_variants"/>
    <testcase time="0.287000000000006" classname="dst01" name="dst01_can_create_variants">
      <skipped message="Reason: On CRAN ('test-dst01.R:49:3')"/>
    </testcase>
    <testcase time="0.36399999999999" classname="dst01" name="dst01_can_create_variants"/>
    <testcase time="0.332999999999998" classname="dst01" name="dst01_can_create_variants">
      <skipped message="Reason: On CRAN ('test-dst01.R:56:3')"/>
    </testcase>
  </testsuite>
  <testsuite name="dtht01" timestamp="2023-10-02T14:58:52Z" hostname="bfd2a392d600" tests="5" skipped="3" failures="0" errors="0" time="1.854">
    <testcase time="0.152000000000001" classname="dtht01" name="dtht01_can_handle_all_NA_values"/>
    <testcase time="0.170000000000002" classname="dtht01" name="dtht01_can_handle_all_NA_values">
      <skipped message="Reason: On CRAN ('test-dtht01.R:12:3')"/>
    </testcase>
    <testcase time="0.341000000000008" classname="dtht01" name="dtht01_can_handle_some_NA_values"/>
    <testcase time="0.426000000000002" classname="dtht01" name="dtht01_can_handle_some_NA_values">
      <skipped message="Reason: On CRAN ('test-dtht01.R:19:3')"/>
    </testcase>
    <testcase time="0.765000000000001" classname="dtht01" name="dtht01_can_be_parametrize_as_expected">
      <skipped message="Reason: On CRAN ('test-dtht01.R:30:3')"/>
    </testcase>
  </testsuite>
  <testsuite name="egt01" timestamp="2023-10-02T14:58:54Z" hostname="bfd2a392d600" tests="3" skipped="2" failures="0" errors="0" time="9.571">
    <testcase time="4.75699999999999" classname="egt01" name="egt01_functions_with_default_argument_value_return_expected_result_with_test_data">
      <skipped message="Reason: On CRAN ('test-egt01.R:7:3')"/>
    </testcase>
    <testcase time="2.268" classname="egt01" name="egt01_can_handle_n_0_and_outputs_NE_instead_of_infs_and_NAs"/>
    <testcase time="2.54600000000001" classname="egt01" name="egt01_can_handle_n_0_and_outputs_NE_instead_of_infs_and_NAs">
      <skipped message="Reason: On CRAN ('test-egt01.R:20:3')"/>
    </testcase>
  </testsuite>
  <testsuite name="egt02" timestamp="2023-10-02T14:59:03Z" hostname="bfd2a392d600" tests="2" skipped="2" failures="0" errors="0" time="0.96">
    <testcase time="0.49499999999999" classname="egt02" name="egt02_1_functions_with_default_argument_value_return_expected_result_with_test_data">
      <skipped message="Reason: On CRAN ('test-egt02.R:7:3')"/>
    </testcase>
    <testcase time="0.465000000000003" classname="egt02" name="egt02_2_functions_with_default_value_return_expected_result_with_test_data">
      <skipped message="Reason: On CRAN ('test-egt02.R:14:3')"/>
    </testcase>
  </testsuite>
  <testsuite name="egt03" timestamp="2023-10-02T14:59:04Z" hostname="bfd2a392d600" tests="5" skipped="2" failures="0" errors="0" time="4.354">
    <testcase time="2.166" classname="egt03" name="egt03_functions_with_default_argument_value_return_expected_result_with_test_data">
      <skipped message="Reason: On CRAN ('test-egt03.R:7:3')"/>
    </testcase>
    <testcase time="0.0400000000000063" classname="egt03" name="egt03_errors_on_all_NA_values"/>
    <testcase time="0.884" classname="egt03" name="egt03_can_handle_some_NA_values"/>
    <testcase time="1.226" classname="egt03" name="egt03_can_handle_some_NA_values">
      <skipped message="Reason: On CRAN ('test-egt03.R:28:3')"/>
    </testcase>
    <testcase time="0.0379999999999967" classname="egt03" name="egt03_fails_on_incomplete_data"/>
  </testsuite>
  <testsuite name="egt05_qtcat" timestamp="2023-10-02T14:59:09Z" hostname="bfd2a392d600" tests="4" skipped="2" failures="0" errors="0" time="5.271">
    <testcase time="3.521" classname="egt05_qtcat" name="egt05_qtcat_functions_with_default_argument_value_return_expected_result_with_test_data">
      <skipped message="Reason: On CRAN ('test-egt05_qtcat.R:7:3')"/>
    </testcase>
    <testcase time="0.0430000000000064" classname="egt05_qtcat" name="egt05_qtcat_erros_on_all_NA_values"/>
    <testcase time="0.724999999999994" classname="egt05_qtcat" name="egt05_qtcat_can_handle_some_NA_values"/>
    <testcase time="0.981999999999999" classname="egt05_qtcat" name="egt05_qtcat_can_handle_some_NA_values">
      <skipped message="Reason: On CRAN ('test-egt05_qtcat.R:28:3')"/>
    </testcase>
  </testsuite>
  <testsuite name="empty_report" timestamp="2023-10-02T14:59:14Z" hostname="bfd2a392d600" tests="25" skipped="0" failures="0" errors="0" time="3.548">
    <testcase time="0.173000000000002" classname="empty_report" name="tlg_functions_return_null_reports_when_domain_table_is_empty"/>
    <testcase time="0.393999999999991" classname="empty_report" name="tlg_functions_return_null_reports_when_domain_table_is_empty"/>
    <testcase time="0.27000000000001" classname="empty_report" name="tlg_functions_return_null_reports_when_domain_table_is_empty"/>
    <testcase time="0.11999999999999" classname="empty_report" name="tlg_functions_return_null_reports_when_domain_table_is_empty"/>
    <testcase time="0.138000000000005" classname="empty_report" name="tlg_functions_return_null_reports_when_domain_table_is_empty"/>
    <testcase time="0.0720000000000027" classname="empty_report" name="tlg_functions_return_null_reports_when_domain_table_is_empty"/>
    <testcase time="0.111000000000004" classname="empty_report" name="tlg_functions_return_null_reports_when_domain_table_is_empty"/>
    <testcase time="0.209999999999994" classname="empty_report" name="tlg_functions_return_null_reports_when_domain_table_is_empty"/>
    <testcase time="0.244000000000014" classname="empty_report" name="tlg_functions_return_null_reports_when_domain_table_is_empty"/>
    <testcase time="0.0919999999999987" classname="empty_report" name="tlg_functions_return_null_reports_when_domain_table_is_empty"/>
    <testcase time="0.0900000000000034" classname="empty_report" name="tlg_functions_return_null_reports_when_domain_table_is_empty"/>
    <testcase time="0.0679999999999978" classname="empty_report" name="tlg_functions_return_null_reports_when_domain_table_is_empty"/>
    <testcase time="0.0480000000000018" classname="empty_report" name="tlg_functions_return_null_reports_when_domain_table_is_empty"/>
    <testcase time="0.0690000000000026" classname="empty_report" name="tlg_functions_return_null_reports_when_domain_table_is_empty"/>
    <testcase time="0.0750000000000028" classname="empty_report" name="tlg_functions_return_null_reports_when_domain_table_is_empty"/>
    <testcase time="0.111999999999995" classname="empty_report" name="tlg_functions_return_null_reports_when_domain_table_is_empty"/>
    <testcase time="0.090999999999994" classname="empty_report" name="tlg_functions_return_null_reports_when_domain_table_is_empty"/>
    <testcase time="0.092000000000013" classname="empty_report" name="tlg_functions_return_null_reports_when_domain_table_is_empty"/>
    <testcase time="0.553999999999988" classname="empty_report" name="tlg_functions_return_null_reports_when_domain_table_is_empty"/>
    <testcase time="0.13000000000001" classname="empty_report" name="tlg_functions_return_null_reports_when_domain_table_is_empty"/>
    <testcase time="0.105999999999995" classname="empty_report" name="tlg_functions_return_null_reports_when_domain_table_is_empty"/>
    <testcase time="0.0769999999999982" classname="empty_report" name="tlg_functions_return_null_reports_when_domain_table_is_empty"/>
    <testcase time="0.103999999999999" classname="empty_report" name="tlg_functions_return_null_reports_when_domain_table_is_empty"/>
    <testcase time="0.0570000000000022" classname="empty_report" name="tlg_functions_return_null_reports_when_domain_table_is_empty"/>
    <testcase time="0.0510000000000019" classname="empty_report" name="tlg_functions_return_null_reports_when_domain_table_is_empty"/>
  </testsuite>
  <testsuite name="ext01" timestamp="2023-10-02T14:59:18Z" hostname="bfd2a392d600" tests="8" skipped="7" failures="0" errors="0" time="6.798">
    <testcase time="0.712999999999994" classname="ext01" name="ext01_functions_with_default_argument_value_return_expected_result_with_test_data">
      <skipped message="Reason: On CRAN ('test-ext01.R:7:3')"/>
    </testcase>
    <testcase time="0.793000000000006" classname="ext01" name="ext01_functions_with_categorical_data_return_expected_result_with_test_data">
      <skipped message="Reason: On CRAN ('test-ext01.R:15:3')"/>
    </testcase>
    <testcase time="0.326999999999998" classname="ext01" name="ext01_works"/>
    <testcase time="0.405000000000001" classname="ext01" name="ext01_works">
      <skipped message="Reason: On CRAN ('test-ext01.R:23:3')"/>
    </testcase>
    <testcase time="0.799999999999997" classname="ext01" name="ext01_works_for_selected_parameters_and_categorical_variables">
      <skipped message="Reason: On CRAN ('test-ext01.R:36:3')"/>
    </testcase>
    <testcase time="1.217" classname="ext01" name="ext01_works_with_custom_mapping_order">
      <skipped message="Reason: On CRAN ('test-ext01.R:47:3')"/>
    </testcase>
    <testcase time="1.40100000000001" classname="ext01" name="ext01_works_with_custom_mapping_order_for_a_single_split">
      <skipped message="Reason: On CRAN ('test-ext01.R:57:3')"/>
    </testcase>
    <testcase time="1.142" classname="ext01" name="ext01_works_with_custom_mapping_fill_in_value">
      <skipped message="Reason: On CRAN ('test-ext01.R:68:3')"/>
    </testcase>
  </testsuite>
  <testsuite name="fstg01" timestamp="2023-10-02T14:59:24Z" hostname="bfd2a392d600" tests="13" skipped="0" failures="0" errors="0" time="9.754">
    <testcase time="0.0369999999999919" classname="fstg01" name="fstg01_works_as_expected"/>
    <testcase time="2.114" classname="fstg01" name="fstg01_works_as_expected"/>
    <testcase time="0.00499999999999545" classname="fstg01" name="fstg01_works_as_expected"/>
    <testcase time="2.20400000000001" classname="fstg01" name="fstg01_works_as_expected_with_custom_color_set"/>
    <testcase time="0.00499999999999545" classname="fstg01" name="fstg01_works_as_expected_with_custom_color_set"/>
    <testcase time="1.849" classname="fstg01" name="fstg01_works_as_expected_with_custom_color_set"/>
    <testcase time="0.00600000000000023" classname="fstg01" name="fstg01_works_as_expected_with_custom_color_set"/>
    <testcase time="0.388000000000005" classname="fstg01" name="fstg01_works_if_changes_are_in_subgroups_strata_var_conf_level_and_label_all"/>
    <testcase time="0.00499999999999545" classname="fstg01" name="fstg01_works_if_changes_are_in_subgroups_strata_var_conf_level_and_label_all"/>
    <testcase time="0.930999999999997" classname="fstg01" name="fstg01_works_if_changes_are_in_subgroups_strata_var_conf_level_and_label_all"/>
    <testcase time="0.00499999999999545" classname="fstg01" name="fstg01_works_if_changes_are_in_subgroups_strata_var_conf_level_and_label_all"/>
    <testcase time="2.2" classname="fstg01" name="fstg01_can_handle_some_NA_values_in_subgroups"/>
    <testcase time="0.00500000000000966" classname="fstg01" name="fstg01_can_handle_some_NA_values_in_subgroups"/>
  </testsuite>
  <testsuite name="fstg02" timestamp="2023-10-02T14:59:34Z" hostname="bfd2a392d600" tests="9" skipped="0" failures="0" errors="0" time="12.619">
    <testcase time="0.0309999999999917" classname="fstg02" name="fstg02_works_as_expected"/>
    <testcase time="1.91300000000001" classname="fstg02" name="fstg02_works_as_expected"/>
    <testcase time="1.91099999999997" classname="fstg02" name="fstg02_works_as_expected_with_custom_color_set"/>
    <testcase time="1.63400000000001" classname="fstg02" name="fstg02_works_as_expected_with_custom_color_set"/>
    <testcase time="0.373999999999995" classname="fstg02" name="fstg02_works_if_changes_are_in_subgroups_strata_var_conf_level_and_label_all"/>
    <testcase time="0.925000000000011" classname="fstg02" name="fstg02_works_if_changes_are_in_subgroups_strata_var_conf_level_and_label_all"/>
    <testcase time="1.91899999999998" classname="fstg02" name="fstg02_can_handle_some_NA_values_in_subgroups"/>
    <testcase time="1.93200000000002" classname="fstg02" name="fstg02_can_handle_customized_time_units"/>
    <testcase time="1.97999999999999" classname="fstg02" name="fstg02_can_handle_customized_time_units"/>
  </testsuite>
  <testsuite name="kmg01" timestamp="2023-10-02T14:59:47Z" hostname="bfd2a392d600" tests="13" skipped="0" failures="0" errors="0" time="1.581">
    <testcase time="0.0200000000000102" classname="kmg01" name="kmg01_works_as_expected"/>
    <testcase time="0.326999999999998" classname="kmg01" name="kmg01_works_as_expected"/>
    <testcase time="0.00499999999999545" classname="kmg01" name="kmg01_works_as_expected"/>
    <testcase time="0.312000000000012" classname="kmg01" name="kmg01_works_as_expected_with_custom_color_set"/>
    <testcase time="0.00499999999999545" classname="kmg01" name="kmg01_works_as_expected_with_custom_color_set"/>
    <testcase time="0.236999999999995" classname="kmg01" name="kmg01_works_as_expected_with_custom_color_set"/>
    <testcase time="0.00499999999999545" classname="kmg01" name="kmg01_works_as_expected_with_custom_color_set"/>
    <testcase time="0.238" classname="kmg01" name="kmg01_works_if_change_pvalue_ties_and_conf_level"/>
    <testcase time="0.00499999999999545" classname="kmg01" name="kmg01_works_if_change_pvalue_ties_and_conf_level"/>
    <testcase time="0.222000000000008" classname="kmg01" name="kmg01_works_if_change_annotation_position"/>
    <testcase time="0.00499999999999545" classname="kmg01" name="kmg01_works_if_change_annotation_position"/>
    <testcase time="0.194999999999993" classname="kmg01" name="kmg01_works_for_stratified_anlaysis"/>
    <testcase time="0.00500000000002387" classname="kmg01" name="kmg01_works_for_stratified_anlaysis"/>
  </testsuite>
  <testsuite name="lbt01" timestamp="2023-10-02T14:59:48Z" hostname="bfd2a392d600" tests="4" skipped="3" failures="0" errors="0" time="13.991">
    <testcase time="4.66399999999999" classname="lbt01" name="lbt01_functions_with_default_argument_value_return_expected_result_with_test_data">
      <skipped message="Reason: On CRAN ('test-lbt01.R:7:3')"/>
    </testcase>
    <testcase time="5.035" classname="lbt01" name="lbt01_functions_with_row_split_var_return_expected_result_with_test_data">
      <skipped message="Reason: On CRAN ('test-lbt01.R:16:3')"/>
    </testcase>
    <testcase time="1.77000000000001" classname="lbt01" name="lbt01_can_handle_n_0_and_outputs_NE_instead_of_infs_and_NAs"/>
    <testcase time="2.52199999999999" classname="lbt01" name="lbt01_can_handle_n_0_and_outputs_NE_instead_of_infs_and_NAs">
      <skipped message="Reason: On CRAN ('test-lbt01.R:29:3')"/>
    </testcase>
  </testsuite>
  <testsuite name="lbt04" timestamp="2023-10-02T15:00:02Z" hostname="bfd2a392d600" tests="8" skipped="4" failures="0" errors="0" time="4.19">
    <testcase time="1.315" classname="lbt04" name="lbt04_functions_with_default_argument_value_return_expected_result_with_test_data">
      <skipped message="Reason: On CRAN ('test-lbt04.R:7:3')"/>
    </testcase>
    <testcase time="0.126000000000005" classname="lbt04" name="lbt04_can_handle_all_NA_values"/>
    <testcase time="0.0680000000000121" classname="lbt04" name="lbt04_can_handle_all_NA_values">
      <skipped message="Reason: On CRAN ('test-lbt04.R:20:3')"/>
    </testcase>
    <testcase time="0.552999999999997" classname="lbt04" name="lbt04_can_handle_missing_levels"/>
    <testcase time="0.763999999999982" classname="lbt04" name="lbt04_can_handle_missing_levels">
      <skipped message="Reason: On CRAN ('test-lbt04.R:31:3')"/>
    </testcase>
    <testcase time="0.561000000000007" classname="lbt04" name="lbt04_can_handle_some_NA_values"/>
    <testcase time="0.76400000000001" classname="lbt04" name="lbt04_can_handle_some_NA_values">
      <skipped message="Reason: On CRAN ('test-lbt04.R:39:3')"/>
    </testcase>
    <testcase time="0.0389999999999873" classname="lbt04" name="lbt04_fails_on_incomlete_data"/>
  </testsuite>
  <testsuite name="lbt05" timestamp="2023-10-02T15:00:07Z" hostname="bfd2a392d600" tests="5" skipped="2" failures="0" errors="0" time="2.677">
    <testcase time="1.01900000000001" classname="lbt05" name="lbt05_functions_with_default_argument_value_return_expected_result_with_test_data">
      <skipped message="Reason: On CRAN ('test-lbt05.R:7:3')"/>
    </testcase>
    <testcase time="0.560000000000002" classname="lbt05" name="lbt05_give_all_0_count_if_ANRIND_are_all_missing"/>
    <testcase time="0.546999999999997" classname="lbt05" name="lbt05_can_handle_some_NA_values"/>
    <testcase time="0.486999999999995" classname="lbt05" name="lbt05_can_handle_some_NA_values">
      <skipped message="Reason: On CRAN ('test-lbt05.R:36:3')"/>
    </testcase>
    <testcase time="0.063999999999993" classname="lbt05" name="lbt05_fails_on_incomlete_data"/>
  </testsuite>
  <testsuite name="lbt06" timestamp="2023-10-02T15:00:09Z" hostname="bfd2a392d600" tests="3" skipped="1" failures="0" errors="0" time="6.193">
    <testcase time="1.82900000000001" classname="lbt06" name="lbt06_gives_all_0_count_if_ANRIND_and_BNRIND_are_all_missing"/>
    <testcase time="4.28300000000002" classname="lbt06" name="lbt06_can_handle_some_NA_values">
      <skipped message="Reason: On CRAN ('test-lbt06.R:20:3')"/>
    </testcase>
    <testcase time="0.0809999999999889" classname="lbt06" name="lbt06_fails_on_incomplete_data"/>
  </testsuite>
  <testsuite name="lbt07" timestamp="2023-10-02T15:00:15Z" hostname="bfd2a392d600" tests="4" skipped="2" failures="0" errors="0" time="2.999">
    <testcase time="1.453" classname="lbt07" name="lbt07_functions_with_default_argument_value_return_expected_result_with_test_data">
      <skipped message="Reason: On CRAN ('test-lbt07.R:7:3')"/>
    </testcase>
    <testcase time="0.793999999999983" classname="lbt07" name="lbt07_can_handle_some_NA_values"/>
    <testcase time="0.667000000000002" classname="lbt07" name="lbt07_can_handle_some_NA_values">
      <skipped message="Reason: On CRAN ('test-lbt07.R:22:3')"/>
    </testcase>
    <testcase time="0.085000000000008" classname="lbt07" name="lbt07_fails_on_incomlete_data"/>
  </testsuite>
  <testsuite name="lbt14" timestamp="2023-10-02T15:00:18Z" hostname="bfd2a392d600" tests="16" skipped="10" failures="0" errors="0" time="42.393">
    <testcase time="3.852" classname="lbt14" name="lbt14_functions_with_default_argument_value_return_expected_result_with_test_data">
      <skipped message="Reason: On CRAN ('test-lbt14.R:7:3')"/>
    </testcase>
    <testcase time="4.02199999999999" classname="lbt14" name="lbt14_functions_with_default_argument_value_return_expected_result_with_test_data_when_direction_high">
      <skipped message="Reason: On CRAN ('test-lbt14.R:14:3')"/>
    </testcase>
    <testcase time="3.54300000000001" classname="lbt14" name="lbt14_functions_with_gr_missing_excl_return_expected_result_with_test_data">
      <skipped message="Reason: On CRAN ('test-lbt14.R:21:3')"/>
    </testcase>
    <testcase time="3.31" classname="lbt14" name="lbt14_functions_with_gr_missing_gr_0_return_expected_result_with_test_data">
      <skipped message="Reason: On CRAN ('test-lbt14.R:28:3')"/>
    </testcase>
    <testcase time="1.77699999999999" classname="lbt14" name="lbt14_can_handle_all_NA_values"/>
    <testcase time="0.439000000000021" classname="lbt14" name="lbt14_can_handle_all_NA_values">
      <skipped message="Reason: On CRAN ('test-lbt14.R:41:3')"/>
    </testcase>
    <testcase time="2.167" classname="lbt14" name="lbt14_can_handle_some_NA_values"/>
    <testcase time="1.721" classname="lbt14" name="lbt14_can_handle_some_NA_values">
      <skipped message="Reason: On CRAN ('test-lbt14.R:60:3')"/>
    </testcase>
    <testcase time="7.369" classname="lbt14" name="lbt14_can_accept_different_gr_missing">
      <skipped message="Reason: On CRAN ('test-lbt14.R:67:3')"/>
    </testcase>
    <testcase time="0.0459999999999923" classname="lbt14" name="lbt14_fails_on_incomlete_data"/>
    <testcase time="1.857" classname="lbt14" name="lbt14_can_handle_all_NA_values_with_direction_high"/>
    <testcase time="0.459000000000003" classname="lbt14" name="lbt14_can_handle_all_NA_values_with_direction_high">
      <skipped message="Reason: On CRAN ('test-lbt14.R:92:3')"/>
    </testcase>
    <testcase time="2.26300000000001" classname="lbt14" name="lbt14_can_handle_some_NA_values_with_direction_high"/>
    <testcase time="1.91300000000001" classname="lbt14" name="lbt14_can_handle_some_NA_values_with_direction_high">
      <skipped message="Reason: On CRAN ('test-lbt14.R:111:3')"/>
    </testcase>
    <testcase time="7.608" classname="lbt14" name="lbt14_can_accept_different_gr_missing_with_direction_high">
      <skipped message="Reason: On CRAN ('test-lbt14.R:119:3')"/>
    </testcase>
    <testcase time="0.046999999999997" classname="lbt14" name="lbt14_fails_on_incomlete_data"/>
  </testsuite>
  <testsuite name="lbt15" timestamp="2023-10-02T15:01:01Z" hostname="bfd2a392d600" tests="12" skipped="6" failures="0" errors="0" time="7.962">
    <testcase time="1.34299999999999" classname="lbt15" name="lbt15_functions_with_default_argument_value_return_expected_result_with_test_data">
      <skipped message="Reason: On CRAN ('test-lbt15.R:7:3')"/>
    </testcase>
    <testcase time="0.534999999999997" classname="lbt15" name="lbt15_can_handle_all_NA_values"/>
    <testcase time="0.78400000000002" classname="lbt15" name="lbt15_can_handle_all_NA_values">
      <skipped message="Reason: On CRAN ('test-lbt15.R:20:3')"/>
    </testcase>
    <testcase time="0.548999999999978" classname="lbt15" name="lbt15_can_handle_missing_levels"/>
    <testcase time="0.755000000000024" classname="lbt15" name="lbt15_can_handle_missing_levels">
      <skipped message="Reason: On CRAN ('test-lbt15.R:31:3')"/>
    </testcase>
    <testcase time="0.541999999999973" classname="lbt15" name="lbt15_can_handle_missing_levels_in_baseline"/>
    <testcase time="0.754000000000019" classname="lbt15" name="lbt15_can_handle_missing_levels_in_baseline">
      <skipped message="Reason: On CRAN ('test-lbt15.R:42:3')"/>
    </testcase>
    <testcase time="0.567000000000007" classname="lbt15" name="lbt15_can_handle_some_NA_values"/>
    <testcase time="0.765999999999991" classname="lbt15" name="lbt15_can_handle_some_NA_values">
      <skipped message="Reason: On CRAN ('test-lbt15.R:50:3')"/>
    </testcase>
    <testcase time="0.550999999999988" classname="lbt15" name="lbt15_can_handle_some_NA_values_in_baseline"/>
    <testcase time="0.76400000000001" classname="lbt15" name="lbt15_can_handle_some_NA_values_in_baseline">
      <skipped message="Reason: On CRAN ('test-lbt15.R:58:3')"/>
    </testcase>
    <testcase time="0.0519999999999925" classname="lbt15" name="lbt15_fails_on_incomlete_data"/>
  </testsuite>
  <testsuite name="mht01" timestamp="2023-10-02T15:01:09Z" hostname="bfd2a392d600" tests="3" skipped="3" failures="0" errors="0" time="2.715">
    <testcase time="0.894000000000005" classname="mht01" name="mht01_functions_with_default_argument_value_return_expected_result_with_test_data">
      <skipped message="Reason: On CRAN ('test-mht01.R:7:3')"/>
    </testcase>
    <testcase time="0.902999999999992" classname="mht01" name="mht01_works">
      <skipped message="Reason: On CRAN ('test-mht01.R:15:3')"/>
    </testcase>
    <testcase time="0.918000000000006" classname="mht01" name="mht01_works_on_NULL_in_lbl_mhbodsys_or_lbl_mhdecod">
      <skipped message="Reason: On CRAN ('test-mht01.R:21:3')"/>
    </testcase>
  </testsuite>
  <testsuite name="mng01" timestamp="2023-10-02T15:01:11Z" hostname="bfd2a392d600" tests="12" skipped="6" failures="0" errors="0" time="9.171">
    <testcase time="1.477" classname="mng01" name="mng01_works_as_expected_with_default_argument_values"/>
    <testcase time="0.231999999999999" classname="mng01" name="mng01_works_as_expected_with_default_argument_values">
      <skipped message="Reason: On CRAN ('test-mng01.R:7:3')"/>
    </testcase>
    <testcase time="1.447" classname="mng01" name="mng01_works_as_expected_with_custom_argument_values"/>
    <testcase time="0.22399999999999" classname="mng01" name="mng01_works_as_expected_with_custom_argument_values">
      <skipped message="Reason: On CRAN ('test-mng01.R:25:3')"/>
    </testcase>
    <testcase time="1.43299999999999" classname="mng01" name="mng01_works_as_expected_with_custom_color_set"/>
    <testcase time="0.219999999999999" classname="mng01" name="mng01_works_as_expected_with_custom_color_set">
      <skipped message="Reason: On CRAN ('test-mng01.R:52:3')"/>
    </testcase>
    <testcase time="0.349000000000018" classname="mng01" name="mng01_works_with_table_NULL"/>
    <testcase time="0.294999999999987" classname="mng01" name="mng01_works_with_table_NULL">
      <skipped message="Reason: On CRAN ('test-mng01.R:63:3')"/>
    </testcase>
    <testcase time="1.51499999999999" classname="mng01" name="mng01_works_with_combination_of_x_variables"/>
    <testcase time="0.238000000000028" classname="mng01" name="mng01_works_with_combination_of_x_variables">
      <skipped message="Reason: On CRAN ('test-mng01.R:75:3')"/>
    </testcase>
    <testcase time="1.51999999999998" classname="mng01" name="mng01_works_with_numeric_jitter"/>
    <testcase time="0.221000000000004" classname="mng01" name="mng01_works_with_numeric_jitter">
      <skipped message="Reason: On CRAN ('test-mng01.R:87:3')"/>
    </testcase>
  </testsuite>
  <testsuite name="pdt01" timestamp="2023-10-02T15:01:21Z" hostname="bfd2a392d600" tests="5" skipped="3" failures="0" errors="0" time="2.312">
    <testcase time="0.937999999999988" classname="pdt01" name="pdt01_function_with_default_argument_value_return_expected_result_with_test_data">
      <skipped message="Reason: On CRAN ('test-pdt01.R:7:3')"/>
    </testcase>
    <testcase time="0.163000000000011" classname="pdt01" name="pdt01_can_handle_all_NA_values"/>
    <testcase time="0.186000000000007" classname="pdt01" name="pdt01_can_handle_all_NA_values">
      <skipped message="Reason: On CRAN ('test-pdt01.R:21:3')"/>
    </testcase>
    <testcase time="0.469999999999999" classname="pdt01" name="pdt01_can_handle_some_NA_values"/>
    <testcase time="0.555000000000007" classname="pdt01" name="pdt01_can_handle_some_NA_values">
      <skipped message="Reason: On CRAN ('test-pdt01.R:36:3')"/>
    </testcase>
  </testsuite>
  <testsuite name="pdt02" timestamp="2023-10-02T15:01:23Z" hostname="bfd2a392d600" tests="5" skipped="3" failures="0" errors="0" time="1.483">
    <testcase time="0.476999999999975" classname="pdt02" name="pdt02_function_with_default_argument_value_return_expected_result_with_test_data">
      <skipped message="Reason: On CRAN ('test-pdt02.R:7:3')"/>
    </testcase>
    <testcase time="0.217000000000013" classname="pdt02" name="pdt02_can_handle_all_NA_values"/>
    <testcase time="0.198000000000008" classname="pdt02" name="pdt02_can_handle_all_NA_values">
      <skipped message="Reason: On CRAN ('test-pdt02.R:21:3')"/>
    </testcase>
    <testcase time="0.314999999999998" classname="pdt02" name="pdt02_can_handle_some_NA_values"/>
    <testcase time="0.275999999999982" classname="pdt02" name="pdt02_can_handle_some_NA_values">
      <skipped message="Reason: On CRAN ('test-pdt02.R:36:3')"/>
    </testcase>
  </testsuite>
  <testsuite name="reexports" timestamp="2023-10-02T15:01:24Z" hostname="bfd2a392d600" tests="2" skipped="0" failures="0" errors="0" time="0.038">
    <testcase time="0.0260000000000105" classname="reexports" name="with_label_exported_correctly"/>
    <testcase time="0.0120000000000005" classname="reexports" name="reformat_exported_correctly"/>
  </testsuite>
  <testsuite name="rmpt01" timestamp="2023-10-02T15:01:24Z" hostname="bfd2a392d600" tests="7" skipped="3" failures="0" errors="0" time="0.966">
    <testcase time="0.272999999999996" classname="rmpt01" name="rmpt01_function_with_default_argument_value_return_expected_result_with_test_data">
      <skipped message="Reason: On CRAN ('test-rmpt01.R:7:3')"/>
    </testcase>
    <testcase time="0.13300000000001" classname="rmpt01" name="rmpt01_can_handle_NA_values"/>
    <testcase time="0.141999999999996" classname="rmpt01" name="rmpt01_can_handle_NA_values">
      <skipped message="Reason: On CRAN ('test-rmpt01.R:17:3')"/>
    </testcase>
    <testcase time="0.135999999999996" classname="rmpt01" name="rmpt01_can_handle_some_NA_values"/>
    <testcase time="0.162000000000006" classname="rmpt01" name="rmpt01_can_handle_some_NA_values">
      <skipped message="Reason: On CRAN ('test-rmpt01.R:31:3')"/>
    </testcase>
    <testcase time="0.0740000000000123" classname="rmpt01" name="rmpt01_fails_on_incomlete_data"/>
    <testcase time="0.0459999999999923" classname="rmpt01" name="rmpt01_fails_on_incomlete_data"/>
  </testsuite>
  <testsuite name="rmpt03" timestamp="2023-10-02T15:01:25Z" hostname="bfd2a392d600" tests="8" skipped="3" failures="0" errors="0" time="1.591">
    <testcase time="0.471000000000004" classname="rmpt03" name="rmpt03_function_with_default_argument_value_return_expected_result_with_test_data">
      <skipped message="Reason: On CRAN ('test-rmpt03.R:10:3')"/>
    </testcase>
    <testcase time="0.203999999999979" classname="rmpt03" name="rmpt03_can_handle_NA_values"/>
    <testcase time="0.273000000000025" classname="rmpt03" name="rmpt03_can_handle_NA_values">
      <skipped message="Reason: On CRAN ('test-rmpt03.R:22:3')"/>
    </testcase>
    <testcase time="0.206999999999994" classname="rmpt03" name="rmpt03_can_handle_some_NA_values"/>
    <testcase time="0.275000000000006" classname="rmpt03" name="rmpt03_can_handle_some_NA_values">
      <skipped message="Reason: On CRAN ('test-rmpt03.R:38:3')"/>
    </testcase>
    <testcase time="0.0779999999999745" classname="rmpt03" name="rmpt03_fails_on_incomlete_data"/>
    <testcase time="0.0480000000000018" classname="rmpt03" name="rmpt03_fails_on_incomlete_data"/>
    <testcase time="0.035000000000025" classname="rmpt03" name="rmpt03_fails_on_incomlete_data"/>
  </testsuite>
  <testsuite name="rmpt04" timestamp="2023-10-02T15:01:27Z" hostname="bfd2a392d600" tests="6" skipped="3" failures="0" errors="0" time="1.176">
    <testcase time="0.276999999999987" classname="rmpt04" name="rmpt04_function_with_default_argument_value_return_expected_result_with_test_data">
      <skipped message="Reason: On CRAN ('test-rmpt04.R:7:3')"/>
    </testcase>
    <testcase time="0.134999999999991" classname="rmpt04" name="rmpt04_can_handle_NA_values"/>
    <testcase time="0.433000000000021" classname="rmpt04" name="rmpt04_can_handle_NA_values">
      <skipped message="Reason: On CRAN ('test-rmpt04.R:17:3')"/>
    </testcase>
    <testcase time="0.109999999999985" classname="rmpt04" name="rmpt04_can_handle_some_NA_values"/>
    <testcase time="0.14500000000001" classname="rmpt04" name="rmpt04_can_handle_some_NA_values">
      <skipped message="Reason: On CRAN ('test-rmpt04.R:34:3')"/>
    </testcase>
    <testcase time="0.0759999999999934" classname="rmpt04" name="rmpt04_fails_on_incomlete_data"/>
  </testsuite>
  <testsuite name="rmpt05" timestamp="2023-10-02T15:01:28Z" hostname="bfd2a392d600" tests="6" skipped="3" failures="0" errors="0" time="0.94">
    <testcase time="0.280000000000001" classname="rmpt05" name="rmpt05_function_with_default_argument_value_return_expected_result_with_test_data">
      <skipped message="Reason: On CRAN ('test-rmpt05.R:7:3')"/>
    </testcase>
    <testcase time="0.119" classname="rmpt05" name="rmpt05_can_handle_NA_values"/>
    <testcase time="0.167000000000002" classname="rmpt05" name="rmpt05_can_handle_NA_values">
      <skipped message="Reason: On CRAN ('test-rmpt05.R:17:3')"/>
    </testcase>
    <testcase time="0.131" classname="rmpt05" name="rmpt05_can_handle_some_NA_values"/>
    <testcase time="0.158999999999992" classname="rmpt05" name="rmpt05_can_handle_some_NA_values">
      <skipped message="Reason: On CRAN ('test-rmpt05.R:34:3')"/>
    </testcase>
    <testcase time="0.0840000000000032" classname="rmpt05" name="rmpt05_fails_on_incomlete_data"/>
  </testsuite>
  <testsuite name="rmpt06" timestamp="2023-10-02T15:01:29Z" hostname="bfd2a392d600" tests="4" skipped="3" failures="0" errors="0" time="2.242">
    <testcase time="0.747000000000014" classname="rmpt06" name="rmpt06_works_as_expected">
      <skipped message="Reason: On CRAN ('test-rmpt06.R:8:3')"/>
    </testcase>
    <testcase time="0.812999999999988" classname="rmpt06" name="rmpt06_works_as_expected_with_show_diff_TRUE">
      <skipped message="Reason: On CRAN ('test-rmpt06.R:16:3')"/>
    </testcase>
    <testcase time="0.358000000000004" classname="rmpt06" name="rmpt06_can_handle_all_NA_values"/>
    <testcase time="0.323999999999984" classname="rmpt06" name="rmpt06_can_handle_all_NA_values">
      <skipped message="Reason: On CRAN ('test-rmpt06.R:29:3')"/>
    </testcase>
  </testsuite>
  <testsuite name="rspt01" timestamp="2023-10-02T15:01:31Z" hostname="bfd2a392d600" tests="15" skipped="7" failures="0" errors="0" time="5.198">
    <testcase time="0.0450000000000159" classname="rspt01" name="rspt01_works_as_expected"/>
    <testcase time="0.457999999999998" classname="rspt01" name="rspt01_works_as_expected"/>
    <testcase time="0.293999999999983" classname="rspt01" name="rspt01_works_as_expected">
      <skipped message="Reason: On CRAN ('test-rspt01.R:5:3')"/>
    </testcase>
    <testcase time="0.474000000000018" classname="rspt01" name="rspt01_works_as_expected_for_stratified_and_unstratified_analysis"/>
    <testcase time="0.350999999999999" classname="rspt01" name="rspt01_works_as_expected_for_stratified_and_unstratified_analysis">
      <skipped message="Reason: On CRAN ('test-rspt01.R:17:3')"/>
    </testcase>
    <testcase time="0.394000000000005" classname="rspt01" name="rspt01_works_as_expected_for_unstratified_analysis_only"/>
    <testcase time="0.280999999999977" classname="rspt01" name="rspt01_works_as_expected_for_unstratified_analysis_only">
      <skipped message="Reason: On CRAN ('test-rspt01.R:36:3')"/>
    </testcase>
    <testcase time="0.398000000000025" classname="rspt01" name="rspt01_works_as_expected_for_stratified_analysis_only"/>
    <testcase time="0.277999999999992" classname="rspt01" name="rspt01_works_as_expected_for_stratified_analysis_only">
      <skipped message="Reason: On CRAN ('test-rspt01.R:55:3')"/>
    </testcase>
    <testcase time="0.442999999999984" classname="rspt01" name="rspt01_works_if_change_reference_group"/>
    <testcase time="0.300000000000011" classname="rspt01" name="rspt01_works_if_change_reference_group">
      <skipped message="Reason: On CRAN ('test-rspt01.R:74:3')"/>
    </testcase>
    <testcase time="0.439999999999998" classname="rspt01" name="rspt01_works_if_change_statistic_methods"/>
    <testcase time="0.310000000000002" classname="rspt01" name="rspt01_works_if_change_statistic_methods">
      <skipped message="Reason: On CRAN ('test-rspt01.R:97:3')"/>
    </testcase>
    <testcase time="0.420999999999992" classname="rspt01" name="rspt01_works_if_change_confidence_interval"/>
    <testcase time="0.311000000000007" classname="rspt01" name="rspt01_works_if_change_confidence_interval">
      <skipped message="Reason: On CRAN ('test-rspt01.R:123:3')"/>
    </testcase>
  </testsuite>
  <testsuite name="ttet01" timestamp="2023-10-02T15:01:37Z" hostname="bfd2a392d600" tests="9" skipped="4" failures="0" errors="0" time="4.113">
    <testcase time="0.0380000000000109" classname="ttet01" name="ttet01_works_as_expected"/>
    <testcase time="0.644000000000005" classname="ttet01" name="ttet01_works_as_expected"/>
    <testcase time="0.531999999999982" classname="ttet01" name="ttet01_works_as_expected">
      <skipped message="Reason: On CRAN ('test-ttet01.R:10:3')"/>
    </testcase>
    <testcase time="0.509000000000015" classname="ttet01" name="ttet01_works_as_expected_for_stratified_and_unstratified_analysis"/>
    <testcase time="0.453000000000003" classname="ttet01" name="ttet01_works_as_expected_for_stratified_and_unstratified_analysis">
      <skipped message="Reason: On CRAN ('test-ttet01.R:22:3')"/>
    </testcase>
    <testcase time="0.516999999999996" classname="ttet01" name="ttet01_works_as_expected_for_stratified_analysis_only"/>
    <testcase time="0.454999999999984" classname="ttet01" name="ttet01_works_as_expected_for_stratified_analysis_only">
      <skipped message="Reason: On CRAN ('test-ttet01.R:44:3')"/>
    </testcase>
    <testcase time="0.509000000000015" classname="ttet01" name="ttet01_works_if_change_reference_group"/>
    <testcase time="0.455999999999989" classname="ttet01" name="ttet01_works_if_change_reference_group">
      <skipped message="Reason: On CRAN ('test-ttet01.R:66:3')"/>
    </testcase>
  </testsuite>
  <testsuite name="utils" timestamp="2023-10-02T15:01:41Z" hostname="bfd2a392d600" tests="24" skipped="1" failures="0" errors="0" time="0.222">
    <testcase time="0.0380000000000109" classname="utils" name="h_format_dec_works_as_exected"/>
    <testcase time="0.00499999999999545" classname="utils" name="h_format_dec_works_as_exected"/>
    <testcase time="0.00199999999998113" classname="utils" name="h_format_dec_works_as_exected"/>
    <testcase time="0.00500000000002387" classname="utils" name="h_format_dec_works_as_exected"/>
    <testcase time="0.0029999999999859" classname="utils" name="h_format_dec_works_as_exected"/>
    <testcase time="0.00399999999999068" classname="utils" name="h_format_dec_works_as_exected"/>
    <testcase time="0.00300000000001432" classname="utils" name="h_format_dec_works_as_exected"/>
    <testcase time="0.00399999999999068" classname="utils" name="h_format_dec_works_as_exected"/>
    <testcase time="0.00200000000000955" classname="utils" name="h_format_dec_works_as_exected"/>
    <testcase time="0.00499999999999545" classname="utils" name="h_format_dec_works_as_exected"/>
    <testcase time="0.00200000000000955" classname="utils" name="h_format_dec_works_as_exected"/>
    <testcase time="0.00499999999999545" classname="utils" name="h_format_dec_works_as_exected"/>
    <testcase time="0.0109999999999957" classname="utils" name="h_format_dec_works_as_expected_with_more_than_one_value"/>
    <testcase time="0.00399999999999068" classname="utils" name="h_format_dec_works_as_expected_with_more_than_one_value"/>
    <testcase time="0.00999999999999091" classname="utils" name="h_format_dec_works_as_expected_with_NA_digits"/>
    <testcase time="0.0120000000000005" classname="utils" name="fuse_sequentially_works"/>
    <testcase time="0.0040000000000191" classname="utils" name="fuse_sequentially_works"/>
    <testcase time="0.00899999999998613" classname="utils" name="grob_list_works"/>
    <testcase time="0.00200000000000955" classname="utils" name="grob_list_works"/>
    <testcase time="0.00499999999999545" classname="utils" name="grob_list_works"/>
    <testcase time="0.00399999999999068" classname="utils" name="grob_list_works"/>
    <testcase time="0.0190000000000055" classname="utils" name="ifneeded_split_row_works_as_expected"/>
    <testcase time="0.00900000000001455" classname="utils" name="ifneeded_split_row_works_as_expected"/>
    <testcase time="0.0549999999999784" classname="utils" name="_unnamed_">
      <skipped message="Reason: On CRAN ('test-utils.R:88:1')"/>
    </testcase>
  </testsuite>
  <testsuite name="vst01" timestamp="2023-10-02T15:01:41Z" hostname="bfd2a392d600" tests="3" skipped="2" failures="0" errors="0" time="20.173">
    <testcase time="10.092" classname="vst01" name="vst01_functions_with_default_argument_value_return_expected_result_with_test_data">
      <skipped message="Reason: On CRAN ('test-vst01.R:7:3')"/>
    </testcase>
    <testcase time="4.49900000000002" classname="vst01" name="run_vst01_works_as_expected"/>
    <testcase time="5.58199999999999" classname="vst01" name="run_vst01_works_as_expected">
      <skipped message="Reason: On CRAN ('test-vst01.R:14:3')"/>
    </testcase>
  </testsuite>
  <testsuite name="vst02" timestamp="2023-10-02T15:02:01Z" hostname="bfd2a392d600" tests="2" skipped="2" failures="0" errors="0" time="1.454">
    <testcase time="0.728999999999985" classname="vst02" name="vst02_functions_with_default_argument_value_return_expected_result_with_test_data">
      <skipped message="Reason: On CRAN ('test-vst02.R:7:3')"/>
    </testcase>
    <testcase time="0.725000000000023" classname="vst02" name="vst02_functions_return_expected_result_with_test_data_when_excluding_subject_with_baseline_abnormality">
      <skipped message="Reason: On CRAN ('test-vst02.R:14:3')"/>
    </testcase>
  </testsuite>
</testsuites>
