<?xml version="1.0" encoding="UTF-8"?>
<testsuites>
  <testsuite name="ael01_nollt" timestamp="2025-02-13T15:35:33Z" hostname="d75a1980e1f2" tests="14" skipped="0" failures="0" errors="0" time="1.199">
    <testcase time="0.0649999999999999" classname="ael01_nollt" name="ael01_nollt_works_with_admh_dataset"/>
    <testcase time="0.279" classname="ael01_nollt" name="ael01_nollt_works_with_admh_dataset"/>
    <testcase time="0.0289999999999999" classname="ael01_nollt" name="ael01_nollt_works_with_non_default_label"/>
    <testcase time="0.213" classname="ael01_nollt" name="ael01_nollt_works_with_non_default_label"/>
    <testcase time="0.032" classname="ael01_nollt" name="ael01_nollt_can_handle_all_missing_values"/>
    <testcase time="0.0800000000000001" classname="ael01_nollt" name="ael01_nollt_can_handle_all_missing_values"/>
    <testcase time="0.0299999999999998" classname="ael01_nollt" name="ael01_nollt_can_handle_some_missing_values"/>
    <testcase time="0.134" classname="ael01_nollt" name="ael01_nollt_can_handle_some_missing_values"/>
    <testcase time="0.0230000000000001" classname="ael01_nollt" name="ael01_nollt_listing_can_be_split_by_an_additional_variable"/>
    <testcase time="0.00200000000000022" classname="ael01_nollt" name="ael01_nollt_listing_can_be_split_by_an_additional_variable"/>
    <testcase time="0.169" classname="ael01_nollt" name="ael01_nollt_listing_can_be_split_by_an_additional_variable"/>
    <testcase time="0.0229999999999997" classname="ael01_nollt" name="split_ael01_nollt_listing_do_not_display_missing_values"/>
    <testcase time="0.00099999999999989" classname="ael01_nollt" name="split_ael01_nollt_listing_do_not_display_missing_values"/>
    <testcase time="0.119" classname="ael01_nollt" name="split_ael01_nollt_listing_do_not_display_missing_values"/>
  </testsuite>
  <testsuite name="ael02" timestamp="2025-02-13T15:35:34Z" hostname="d75a1980e1f2" tests="9" skipped="0" failures="0" errors="0" time="2.703">
    <testcase time="0.0569999999999999" classname="ael02" name="ael02_works_with_adae_dataset"/>
    <testcase time="0.00099999999999989" classname="ael02" name="ael02_works_with_adae_dataset"/>
    <testcase time="0.843" classname="ael02" name="ael02_works_with_adae_dataset"/>
    <testcase time="0.0409999999999999" classname="ael02" name="ael02_can_handle_all_missing_values"/>
    <testcase time="0.00100000000000033" classname="ael02" name="ael02_can_handle_all_missing_values"/>
    <testcase time="0.883" classname="ael02" name="ael02_can_handle_all_missing_values"/>
    <testcase time="0.0389999999999997" classname="ael02" name="ael02_functions_work_as_expected"/>
    <testcase time="0.00100000000000033" classname="ael02" name="ael02_functions_work_as_expected"/>
    <testcase time="0.837" classname="ael02" name="ael02_functions_work_as_expected"/>
  </testsuite>
  <testsuite name="ael03" timestamp="2025-02-13T15:35:37Z" hostname="d75a1980e1f2" tests="9" skipped="0" failures="0" errors="0" time="2.793">
    <testcase time="0.0590000000000002" classname="ael03" name="ael03_works_with_adae_dataset"/>
    <testcase time="0.00100000000000033" classname="ael03" name="ael03_works_with_adae_dataset"/>
    <testcase time="0.88" classname="ael03" name="ael03_works_with_adae_dataset"/>
    <testcase time="0.0419999999999998" classname="ael03" name="ael03_can_handle_all_missing_values"/>
    <testcase time="0.00199999999999978" classname="ael03" name="ael03_can_handle_all_missing_values"/>
    <testcase time="0.885000000000001" classname="ael03" name="ael03_can_handle_all_missing_values"/>
    <testcase time="0.0459999999999994" classname="ael03" name="ael03_functions_work_as_expected"/>
    <testcase time="0.00100000000000033" classname="ael03" name="ael03_functions_work_as_expected"/>
    <testcase time="0.877" classname="ael03" name="ael03_functions_work_as_expected"/>
  </testsuite>
  <testsuite name="aet01" timestamp="2025-02-13T15:35:40Z" hostname="d75a1980e1f2" tests="13" skipped="0" failures="0" errors="0" time="3.268">
    <testcase time="0.394" classname="aet01" name="aet01_can_handle_all_NA_values"/>
    <testcase time="0.273" classname="aet01" name="aet01_can_handle_all_NA_values"/>
    <testcase time="0.275" classname="aet01" name="aet01_can_handle_all_NA_values"/>
    <testcase time="0.218" classname="aet01" name="aet01_can_handle_all_NA_values"/>
    <testcase time="0.26" classname="aet01" name="aet01_can_handle_some_NA_values"/>
    <testcase time="0.274000000000001" classname="aet01" name="aet01_can_handle_some_NA_values"/>
    <testcase time="0.203999999999999" classname="aet01" name="aet01_can_use_custom_anl_vars"/>
    <testcase time="0.337" classname="aet01" name="aet01_can_use_custom_anl_vars"/>
    <testcase time="0.0600000000000005" classname="aet01" name="aet01_fails_on_incomplete_data_input"/>
    <testcase time="0.279999999999999" classname="aet01" name="aet01_can_use_custom_medconcept_var"/>
    <testcase time="0.278" classname="aet01" name="aet01_can_use_custom_medconcept_var"/>
    <testcase time="0.181000000000001" classname="aet01" name="aet01_can_conditionally_show_the_number_of_withdrawal"/>
    <testcase time="0.234" classname="aet01" name="aet01_can_conditionally_show_the_number_of_withdrawal"/>
  </testsuite>
  <testsuite name="aet01_aesi" timestamp="2025-02-13T15:35:43Z" hostname="d75a1980e1f2" tests="9" skipped="0" failures="0" errors="0" time="1.961">
    <testcase time="0.200999999999999" classname="aet01_aesi" name="aet01_aesi_can_handle_all_NA_values"/>
    <testcase time="0.243" classname="aet01_aesi" name="aet01_aesi_can_handle_all_NA_values"/>
    <testcase time="0.182" classname="aet01_aesi" name="aet01_aesi_can_handle_all_NA_values"/>
    <testcase time="0.213000000000001" classname="aet01_aesi" name="aet01_aesi_can_handle_all_NA_values"/>
    <testcase time="0.193999999999999" classname="aet01_aesi" name="aet01_aesi_can_handle_some_NA_values"/>
    <testcase time="0.255000000000001" classname="aet01_aesi" name="aet01_aesi_can_handle_some_NA_values"/>
    <testcase time="0.251999999999999" classname="aet01_aesi" name="aet01_aesi_works_with_ALL_argument"/>
    <testcase time="0.373000000000001" classname="aet01_aesi" name="aet01_aesi_works_with_ALL_argument"/>
    <testcase time="0.048" classname="aet01_aesi" name="aet01_aesi_check_fails_on_incomplete_data_input"/>
  </testsuite>
  <testsuite name="aet02" timestamp="2025-02-13T15:35:45Z" hostname="d75a1980e1f2" tests="4" skipped="0" failures="0" errors="0" time="2.44">
    <testcase time="0.0539999999999985" classname="aet02" name="aet02_fails_on_incomplete_data_input"/>
    <testcase time="0.119000000000002" classname="aet02" name="aet02_handle_empty_data_input"/>
    <testcase time="1.499" classname="aet02" name="aet02_can_have_different_levels_of_row_split"/>
    <testcase time="0.768000000000001" classname="aet02" name="aet02_can_have_different_levels_of_row_split"/>
  </testsuite>
  <testsuite name="aet03" timestamp="2025-02-13T15:35:48Z" hostname="d75a1980e1f2" tests="4" skipped="0" failures="0" errors="0" time="2.485">
    <testcase time="0.262999999999998" classname="aet03" name="aet03_can_handle_NA_values"/>
    <testcase time="0.25" classname="aet03" name="aet03_can_handle_NA_values"/>
    <testcase time="1.258" classname="aet03" name="aet03_can_handle_some_NA_values"/>
    <testcase time="0.713999999999999" classname="aet03" name="aet03_can_handle_some_NA_values"/>
  </testsuite>
  <testsuite name="aet04" timestamp="2025-02-13T15:35:50Z" hostname="d75a1980e1f2" tests="12" skipped="0" failures="0" errors="0" time="11.326">
    <testcase time="0.411999999999999" classname="aet04" name="aet04_can_handle_NA_values"/>
    <testcase time="0.403000000000002" classname="aet04" name="aet04_can_handle_NA_values"/>
    <testcase time="0.405999999999999" classname="aet04" name="aet04_can_handle_NA_values"/>
    <testcase time="0.00400000000000134" classname="aet04" name="aet04_can_handle_NA_values"/>
    <testcase time="0.396999999999998" classname="aet04" name="aet04_can_handle_NA_values"/>
    <testcase time="0.404" classname="aet04" name="aet04_can_handle_NA_values"/>
    <testcase time="2.251" classname="aet04" name="aet04_can_handle_some_NA_values"/>
    <testcase time="1.123" classname="aet04" name="aet04_can_handle_some_NA_values"/>
    <testcase time="2.294" classname="aet04" name="aet04_can_handle_some_NA_values"/>
    <testcase time="0.00600000000000023" classname="aet04" name="aet04_can_handle_some_NA_values"/>
    <testcase time="2.382" classname="aet04" name="aet04_can_handle_some_NA_values"/>
    <testcase time="1.244" classname="aet04" name="aet04_can_handle_some_NA_values"/>
  </testsuite>
  <testsuite name="aet05" timestamp="2025-02-13T15:36:01Z" hostname="d75a1980e1f2" tests="6" skipped="0" failures="0" errors="0" time="1.22">
    <testcase time="0.135000000000002" classname="aet05" name="aet05_can_handle_NA_values"/>
    <testcase time="0.261999999999997" classname="aet05" name="aet05_can_handle_NA_values"/>
    <testcase time="0.130000000000003" classname="aet05" name="aet05_can_handle_some_NA_values"/>
    <testcase time="0.282999999999998" classname="aet05" name="aet05_can_handle_some_NA_values"/>
    <testcase time="0.141000000000002" classname="aet05" name="aet05_can_handle_some_NA_values"/>
    <testcase time="0.268999999999998" classname="aet05" name="aet05_can_handle_some_NA_values"/>
  </testsuite>
  <testsuite name="aet05_all" timestamp="2025-02-13T15:36:03Z" hostname="d75a1980e1f2" tests="6" skipped="0" failures="0" errors="0" time="1.238">
    <testcase time="0.148" classname="aet05_all" name="aet05_all_can_handle_NA_values"/>
    <testcase time="0.245000000000001" classname="aet05_all" name="aet05_all_can_handle_NA_values"/>
    <testcase time="0.149000000000001" classname="aet05_all" name="aet05_all_can_handle_some_NA_values"/>
    <testcase time="0.285999999999998" classname="aet05_all" name="aet05_all_can_handle_some_NA_values"/>
    <testcase time="0.129000000000005" classname="aet05_all" name="aet05_all_can_handle_some_NA_values"/>
    <testcase time="0.280999999999999" classname="aet05_all" name="aet05_all_can_handle_some_NA_values"/>
  </testsuite>
  <testsuite name="aet10" timestamp="2025-02-13T15:36:04Z" hostname="d75a1980e1f2" tests="4" skipped="0" failures="0" errors="0" time="0.525">
    <testcase time="0.0700000000000003" classname="aet10" name="aet10_can_handle_NA_values"/>
    <testcase time="0.123999999999995" classname="aet10" name="aet10_can_handle_NA_values"/>
    <testcase time="0.109000000000002" classname="aet10" name="aet10_can_handle_some_NA_values"/>
    <testcase time="0.222000000000001" classname="aet10" name="aet10_can_handle_some_NA_values"/>
  </testsuite>
  <testsuite name="assertions" timestamp="2025-02-13T15:36:04Z" hostname="d75a1980e1f2" tests="33" skipped="0" failures="0" errors="0" time="0.16">
    <testcase time="0.00800000000000267" classname="assertions" name="assert_valid_var.character_works_as_expected"/>
    <testcase time="0.00499999999999545" classname="assertions" name="assert_valid_var.character_works_as_expected"/>
    <testcase time="0.00400000000000489" classname="assertions" name="assert_valid_var.character_works_as_expected"/>
    <testcase time="0.00499999999999545" classname="assertions" name="assert_valid_var.character_works_as_expected"/>
    <testcase time="0.000999999999997669" classname="assertions" name="assert_valid_var.character_works_as_expected"/>
    <testcase time="0.00500000000000256" classname="assertions" name="assert_valid_var.factor_works_as_expected"/>
    <testcase time="0.00399999999999778" classname="assertions" name="assert_valid_var.factor_works_as_expected"/>
    <testcase time="0.00500000000000256" classname="assertions" name="assert_valid_var.factor_works_as_expected"/>
    <testcase time="0.00399999999999778" classname="assertions" name="assert_valid_var.factor_works_as_expected"/>
    <testcase time="0.00200000000000244" classname="assertions" name="assert_valid_var.factor_works_as_expected"/>
    <testcase time="0.00500000000000256" classname="assertions" name="assert_valid_var.logical_works_as_expected"/>
    <testcase time="0.00399999999999778" classname="assertions" name="assert_valid_var.logical_works_as_expected"/>
    <testcase time="0.00500000000000256" classname="assertions" name="assert_valid_var.logical_works_as_expected"/>
    <testcase time="0.000999999999997669" classname="assertions" name="assert_valid_var.logical_works_as_expected"/>
    <testcase time="0.00500000000000256" classname="assertions" name="assert_valid_var.numeric_works_as_expected"/>
    <testcase time="0.00399999999999778" classname="assertions" name="assert_valid_var.numeric_works_as_expected"/>
    <testcase time="0.00500000000000256" classname="assertions" name="assert_valid_var.numeric_works_as_expected"/>
    <testcase time="0.00199999999999534" classname="assertions" name="assert_valid_var.numeric_works_as_expected"/>
    <testcase time="0.00400000000000489" classname="assertions" name="assert_valid_var.numeric_works_as_expected"/>
    <testcase time="0.00199999999999534" classname="assertions" name="assert_valid_var.numeric_works_as_expected"/>
    <testcase time="0.00800000000000267" classname="assertions" name="assert_valid_var.POSIXct_works_as_expected"/>
    <testcase time="0.00900000000000034" classname="assertions" name="assert_valid_var.POSIXct_works_as_expected"/>
    <testcase time="0.00600000000000023" classname="assertions" name="assert_valid_variable_works_as_expected"/>
    <testcase time="0.000999999999997669" classname="assertions" name="assert_valid_variable_works_as_expected"/>
    <testcase time="0.0069999999999979" classname="assertions" name="assert_valid_variable_works_as_expected"/>
    <testcase time="0.00200000000000244" classname="assertions" name="assert_valid_variable_works_as_expected"/>
    <testcase time="0.00600000000000023" classname="assertions" name="assert_valid_variable_works_as_expected"/>
    <testcase time="0.00200000000000244" classname="assertions" name="assert_valid_variable_works_as_expected"/>
    <testcase time="0.00499999999999545" classname="assertions" name="assert_valid_var_pair_works_as_expected_with_character"/>
    <testcase time="0.0120000000000005" classname="assertions" name="assert_valid_var_pair_works_as_expected_with_character"/>
    <testcase time="0.007000000000005" classname="assertions" name="assert_valid_var_pair_works_as_expected_with_factor"/>
    <testcase time="0.00799999999999557" classname="assertions" name="assert_valid_var_pair_works_as_expected_with_factor"/>
    <testcase time="0.0069999999999979" classname="assertions" name="assert_valid_var_pair_works_as_expected_with_factor"/>
  </testsuite>
  <testsuite name="cfbt01" timestamp="2025-02-13T15:36:05Z" hostname="d75a1980e1f2" tests="3" skipped="0" failures="0" errors="0" time="8.912">
    <testcase time="6.646" classname="cfbt01" name="cfbt01_functions_with_default_argument_value_return_expected_result_with_test_data"/>
    <testcase time="0.749000000000002" classname="cfbt01" name="cfbt01_can_handle_n_0_and_outputs_NE_instead_of_infs_and_NAs"/>
    <testcase time="1.517" classname="cfbt01" name="cfbt01_can_handle_n_0_and_outputs_NE_instead_of_infs_and_NAs"/>
  </testsuite>
  <testsuite name="checks" timestamp="2025-02-13T15:36:13Z" hostname="d75a1980e1f2" tests="8" skipped="0" failures="0" errors="0" time="0.025">
    <testcase time="0.00799999999999557" classname="checks" name="check_all_colnames_works_as_expected"/>
    <testcase time="0.00300000000000011" classname="checks" name="check_all_colnames_works_as_expected"/>
    <testcase time="0.00100000000000477" classname="checks" name="check_all_colnames_works_as_expected"/>
    <testcase time="0.00300000000000011" classname="checks" name="check_all_colnames_works_as_expected"/>
    <testcase time="0.00399999999999778" classname="checks" name="check_one_colnames_works_as_expected"/>
    <testcase time="0.00300000000000011" classname="checks" name="check_one_colnames_works_as_expected"/>
    <testcase time="0.000999999999997669" classname="checks" name="check_one_colnames_works_as_expected"/>
    <testcase time="0.00200000000000244" classname="checks" name="check_one_colnames_works_as_expected"/>
  </testsuite>
  <testsuite name="chevron_tlg-class" timestamp="2025-02-13T15:36:13Z" hostname="d75a1980e1f2" tests="27" skipped="0" failures="0" errors="0" time="0.092">
    <testcase time="0.00800000000000267" classname="chevron_tlg_class" name="chevron_t_object_can_be_constructed_with_default_values"/>
    <testcase time="0.00300000000000011" classname="chevron_tlg_class" name="chevron_t_object_can_be_constructed_with_default_values"/>
    <testcase time="0.00499999999999545" classname="chevron_tlg_class" name="chevron_t_object_can_be_constructed_with_custom_values"/>
    <testcase time="0.00300000000000011" classname="chevron_tlg_class" name="chevron_t_object_can_be_constructed_with_custom_values"/>
    <testcase time="0.00200000000000244" classname="chevron_tlg_class" name="chevron_t_object_can_be_constructed_with_custom_values"/>
    <testcase time="0.00300000000000011" classname="chevron_tlg_class" name="chevron_t_object_can_be_constructed_with_custom_values"/>
    <testcase time="0.00500000000000256" classname="chevron_tlg_class" name="chevron_t_constructor_returns_an_error_when_expected"/>
    <testcase time="0.000999999999997669" classname="chevron_tlg_class" name="chevron_t_constructor_returns_an_error_when_expected"/>
    <testcase time="0.00200000000000244" classname="chevron_tlg_class" name="chevron_t_constructor_returns_an_error_when_expected"/>
    <testcase time="0.000999999999997669" classname="chevron_tlg_class" name="chevron_t_constructor_returns_an_error_when_expected"/>
    <testcase time="0.000999999999997669" classname="chevron_tlg_class" name="chevron_t_constructor_returns_an_error_when_expected"/>
    <testcase time="0.00100000000000477" classname="chevron_tlg_class" name="chevron_t_constructor_returns_an_error_when_expected"/>
    <testcase time="0.00499999999999545" classname="chevron_tlg_class" name="chevron_l_object_can_be_constructed_with_default_values"/>
    <testcase time="0.00300000000000011" classname="chevron_tlg_class" name="chevron_l_object_can_be_constructed_with_default_values"/>
    <testcase time="0.00600000000000023" classname="chevron_tlg_class" name="chevron_g_object_can_be_constructed_with_custom_values"/>
    <testcase time="0.00300000000000011" classname="chevron_tlg_class" name="chevron_g_object_can_be_constructed_with_custom_values"/>
    <testcase time="0.00200000000000244" classname="chevron_tlg_class" name="chevron_g_object_can_be_constructed_with_custom_values"/>
    <testcase time="0.00300000000000011" classname="chevron_tlg_class" name="chevron_g_object_can_be_constructed_with_custom_values"/>
    <testcase time="0.00499999999999545" classname="chevron_tlg_class" name="chevron_g_constructor_returns_an_error_when_expected"/>
    <testcase time="0.00100000000000477" classname="chevron_tlg_class" name="chevron_g_constructor_returns_an_error_when_expected"/>
    <testcase time="0.000999999999997669" classname="chevron_tlg_class" name="chevron_g_constructor_returns_an_error_when_expected"/>
    <testcase time="0.000999999999997669" classname="chevron_tlg_class" name="chevron_g_constructor_returns_an_error_when_expected"/>
    <testcase time="0.00100000000000477" classname="chevron_tlg_class" name="chevron_g_constructor_returns_an_error_when_expected"/>
    <testcase time="0.000999999999997669" classname="chevron_tlg_class" name="chevron_g_constructor_returns_an_error_when_expected"/>
    <testcase time="0.00600000000000023" classname="chevron_tlg_class" name="chevron_simple_works_correctly"/>
    <testcase time="0.00200000000000244" classname="chevron_tlg_class" name="chevron_simple_works_correctly"/>
    <testcase time="0.0169999999999959" classname="chevron_tlg_class" name="chevron_simple_errors_if_contains_return"/>
  </testsuite>
  <testsuite name="chevron_tlg-methods" timestamp="2025-02-13T15:36:14Z" hostname="d75a1980e1f2" tests="59" skipped="1" failures="0" errors="0" time="9.725">
    <testcase time="1.068" classname="chevron_tlg_methods" name="run_works_as_expected_for_chevron_t_object"/>
    <testcase time="0.573" classname="chevron_tlg_methods" name="run_works_as_expected_for_chevron_t_object"/>
    <testcase time="0.574999999999996" classname="chevron_tlg_methods" name="run_works_as_expected_for_chevron_t_object_when_auto_pre_FALSE"/>
    <testcase time="0.319000000000003" classname="chevron_tlg_methods" name="run_works_as_expected_with_argument_printed"/>
    <testcase time="0.274999999999999" classname="chevron_tlg_methods" name="run_works_as_expected_with_argument_printed"/>
    <testcase time="0.409999999999997" classname="chevron_tlg_methods" name="run_works_as_expected_with_argument_printed_if_the_user_argument_is_complicated"/>
    <testcase time="0.358000000000004" classname="chevron_tlg_methods" name="run_works_as_expected_with_argument_printed_if_the_user_argument_is_complicated"/>
    <testcase time="0.411000000000001" classname="chevron_tlg_methods" name="run_uses_the_argument_passed_through_the_ellipsis_in_priority"/>
    <testcase time="0.364999999999995" classname="chevron_tlg_methods" name="run_uses_the_argument_passed_through_the_ellipsis_in_priority"/>
    <testcase time="0.306000000000004" classname="chevron_tlg_methods" name="run_works_as_expected_with_partial_match_argument"/>
    <testcase time="0.274999999999999" classname="chevron_tlg_methods" name="run_works_as_expected_with_partial_match_argument"/>
    <testcase time="0.405999999999999" classname="chevron_tlg_methods" name="run_displays_the_symbols_when_available"/>
    <testcase time="0.356000000000002" classname="chevron_tlg_methods" name="run_displays_the_symbols_when_available"/>
    <testcase time="0.302" classname="chevron_tlg_methods" name="run_print_internal_functions_when_unwrap_is_TRUE"/>
    <testcase time="0.00200000000000244" classname="chevron_tlg_methods" name="run_print_internal_functions_when_unwrap_is_TRUE"/>
    <testcase time="0.000999999999997669" classname="chevron_tlg_methods" name="run_print_internal_functions_when_unwrap_is_TRUE"/>
    <testcase time="0.0219999999999985" classname="chevron_tlg_methods" name="run_print_internal_functions_when_unwrap_is_TRUE"/>
    <testcase time="1.174" classname="chevron_tlg_methods" name="run_print_internal_functions_when_unwrap_is_TRUE_and_standard_chevron_tlg_has_no_layout"/>
    <testcase time="0.0100000000000051" classname="chevron_tlg_methods" name="run_print_internal_functions_when_unwrap_is_TRUE_and_the_chevron_tlg_object_is_customized"/>
    <testcase time="0.000999999999997669" classname="chevron_tlg_methods" name="run_print_internal_functions_when_unwrap_is_TRUE_and_the_chevron_tlg_object_is_customized"/>
    <testcase time="0.000999999999997669" classname="chevron_tlg_methods" name="run_print_internal_functions_when_unwrap_is_TRUE_and_the_chevron_tlg_object_is_customized"/>
    <testcase time="0.0219999999999985" classname="chevron_tlg_methods" name="run_print_internal_functions_when_unwrap_is_TRUE_and_the_chevron_tlg_object_is_customized"/>
    <testcase time="0.00800000000000267" classname="chevron_tlg_methods" name="run_print_main_and_postprocessing_functions_when_unwrap_is_TRUE_and_auto_pre_is_FALSE"/>
    <testcase time="0.000999999999997669" classname="chevron_tlg_methods" name="run_print_main_and_postprocessing_functions_when_unwrap_is_TRUE_and_auto_pre_is_FALSE"/>
    <testcase time="0.00200000000000244" classname="chevron_tlg_methods" name="run_print_main_and_postprocessing_functions_when_unwrap_is_TRUE_and_auto_pre_is_FALSE"/>
    <testcase time="0.000999999999997669" classname="chevron_tlg_methods" name="run_print_main_and_postprocessing_functions_when_unwrap_is_TRUE_and_auto_pre_is_FALSE"/>
    <testcase time="0.0330000000000013" classname="chevron_tlg_methods" name="run_print_main_and_postprocessing_functions_when_unwrap_is_TRUE_and_auto_pre_is_FALSE"/>
    <testcase time="0.00500000000000256" classname="chevron_tlg_methods" name="args_ls_works_as_expected"/>
    <testcase time="0.000999999999997669" classname="chevron_tlg_methods" name="args_ls_works_as_expected"/>
    <testcase time="0.000999999999997669" classname="chevron_tlg_methods" name="args_ls_works_as_expected"/>
    <testcase time="0.00500000000000256" classname="chevron_tlg_methods" name="args_ls_works_as_expected_when_simplify_is_TRUE"/>
    <testcase time="0.000999999999997669" classname="chevron_tlg_methods" name="args_ls_works_as_expected_when_simplify_is_TRUE"/>
    <testcase time="0.00200000000000244" classname="chevron_tlg_methods" name="args_ls_works_as_expected_when_simplify_is_TRUE"/>
    <testcase time="0.00500000000000256" classname="chevron_tlg_methods" name="args_ls_works_as_expected_with_custom_chevron_tlg_object"/>
    <testcase time="0.000999999999997669" classname="chevron_tlg_methods" name="args_ls_works_as_expected_with_custom_chevron_tlg_object"/>
    <testcase time="0.000999999999997669" classname="chevron_tlg_methods" name="args_ls_works_as_expected_with_custom_chevron_tlg_object"/>
    <testcase time="0.00300000000000011" classname="chevron_tlg_methods" name="args_ls_works_as_expected_with_custom_chevron_tlg_object"/>
    <testcase time="0.00600000000000023" classname="chevron_tlg_methods" name="main_works_as_expected"/>
    <testcase time="0.00600000000000023" classname="chevron_tlg_methods" name="main_setter_works_as_expected"/>
    <testcase time="0.0100000000000051" classname="chevron_tlg_methods" name="main_setter_throw_an_error_as_expected"/>
    <testcase time="0.00600000000000023" classname="chevron_tlg_methods" name="preprocess_works_as_expected"/>
    <testcase time="0.00600000000000023" classname="chevron_tlg_methods" name="preprocess_setter_works_as_expected"/>
    <testcase time="0.00999999999999801" classname="chevron_tlg_methods" name="preprocess_sends_an_error_as_expected"/>
    <testcase time="0.00600000000000023" classname="chevron_tlg_methods" name="postprocess_works_as_expected"/>
    <testcase time="0.00600000000000023" classname="chevron_tlg_methods" name="postprocess_setter_works_as_expected"/>
    <testcase time="0.00999999999999801" classname="chevron_tlg_methods" name="postprocess_sends_an_error_as_expected"/>
    <testcase time="0.00399999999999778" classname="chevron_tlg_methods" name="script_funs_works_as_expected_in_interactive_mode">
      <skipped message="Reason: !interactive() is TRUE ('test-chevron_tlg-methods.R:264:3')"/>
    </testcase>
    <testcase time="0.0150000000000006" classname="chevron_tlg_methods" name="script_funs_works_as_expected"/>
    <testcase time="0.00100000000000477" classname="chevron_tlg_methods" name="script_funs_works_as_expected"/>
    <testcase time="2.229" classname="chevron_tlg_methods" name="script_funs_generates_a_valid_script"/>
    <testcase time="0.00199999999999534" classname="chevron_tlg_methods" name="script_funs_generates_a_valid_script"/>
    <testcase time="0.00600000000000023" classname="chevron_tlg_methods" name="script_funs_generates_a_valid_script"/>
    <testcase time="0.00200000000000244" classname="chevron_tlg_methods" name="script_funs_generates_a_valid_script"/>
    <testcase time="0.00300000000000011" classname="chevron_tlg_methods" name="script_funs_generates_a_valid_script"/>
    <testcase time="0.0330000000000013" classname="chevron_tlg_methods" name="script_funs_generates_a_valid_script"/>
    <testcase time="0.00600000000000023" classname="chevron_tlg_methods" name="script_funs_works_for_simple_template"/>
    <testcase time="0.000999999999997669" classname="chevron_tlg_methods" name="script_funs_works_for_simple_template"/>
    <testcase time="0.0290000000000035" classname="chevron_tlg_methods" name="print_list_works"/>
    <testcase time="0.0259999999999962" classname="chevron_tlg_methods" name="print_list_works_for_empty_list"/>
  </testsuite>
  <testsuite name="cml02a_gl" timestamp="2025-02-13T15:36:23Z" hostname="d75a1980e1f2" tests="6" skipped="0" failures="0" errors="0" time="0.541">
    <testcase time="0.0279999999999987" classname="cml02a_gl" name="cml02a_gl_works_with_adcm_dataset"/>
    <testcase time="0.164999999999999" classname="cml02a_gl" name="cml02a_gl_works_with_adcm_dataset"/>
    <testcase time="0.0250000000000057" classname="cml02a_gl" name="cml02a_gl_works_with_missing_data"/>
    <testcase time="0.131999999999998" classname="cml02a_gl" name="cml02a_gl_works_with_missing_data"/>
    <testcase time="0.0240000000000009" classname="cml02a_gl" name="cml02a_gl_functions_work_as_expected"/>
    <testcase time="0.167000000000002" classname="cml02a_gl" name="cml02a_gl_functions_work_as_expected"/>
  </testsuite>
  <testsuite name="cmt01a" timestamp="2025-02-13T15:36:24Z" hostname="d75a1980e1f2" tests="6" skipped="0" failures="0" errors="0" time="3.899">
    <testcase time="1.14899999999999" classname="cmt01a" name="cmt01a_functions_with_default_argument_value_return_expected_result_with_test_data"/>
    <testcase time="1.091" classname="cmt01a" name="cmt01a_functions_with_custom_argument_value_return_expected_result_with_test_data"/>
    <testcase time="0.152999999999999" classname="cmt01a" name="cmt01a_can_handle_all_NA_values"/>
    <testcase time="0.174000000000007" classname="cmt01a" name="cmt01a_can_handle_all_NA_values"/>
    <testcase time="0.768999999999998" classname="cmt01a" name="cmt01a_can_handle_some_NA_values"/>
    <testcase time="0.562999999999995" classname="cmt01a" name="cmt01a_can_handle_some_NA_values"/>
  </testsuite>
  <testsuite name="cmt02_pt" timestamp="2025-02-13T15:36:28Z" hostname="d75a1980e1f2" tests="4" skipped="0" failures="0" errors="0" time="0.595">
    <testcase time="0.102000000000004" classname="cmt02_pt" name="cmt02_pt_can_handle_all_NA_values"/>
    <testcase time="0.131999999999998" classname="cmt02_pt" name="cmt02_pt_can_handle_all_NA_values"/>
    <testcase time="0.137" classname="cmt02_pt" name="cmt02_pt_can_handle_some_NA_values"/>
    <testcase time="0.224000000000004" classname="cmt02_pt" name="cmt02_pt_can_handle_some_NA_values"/>
  </testsuite>
  <testsuite name="coxt01" timestamp="2025-02-13T15:36:28Z" hostname="d75a1980e1f2" tests="9" skipped="0" failures="0" errors="0" time="1.664">
    <testcase time="0.289999999999999" classname="coxt01" name="coxt01_can_handle_some_NA_values"/>
    <testcase time="0.186" classname="coxt01" name="coxt01_can_handle_some_NA_values"/>
    <testcase time="0.234999999999999" classname="coxt01" name="coxt01_can_handle_some_NA_values"/>
    <testcase time="0.186" classname="coxt01" name="coxt01_can_handle_some_NA_values"/>
    <testcase time="0.180999999999997" classname="coxt01" name="coxt01_can_handle_some_NA_values"/>
    <testcase time="0.176000000000002" classname="coxt01" name="coxt01_can_handle_some_NA_values"/>
    <testcase time="0.200000000000003" classname="coxt01" name="coxt01_can_handle_some_NA_values"/>
    <testcase time="0.195999999999998" classname="coxt01" name="coxt01_can_handle_some_NA_values"/>
    <testcase time="0.0139999999999958" classname="coxt01" name="coxt01_fails_on_incomlete_data"/>
  </testsuite>
  <testsuite name="coxt02" timestamp="2025-02-13T15:36:30Z" hostname="d75a1980e1f2" tests="9" skipped="0" failures="0" errors="0" time="2.146">
    <testcase time="0.398000000000003" classname="coxt02" name="coxt02_can_handle_some_NA_values"/>
    <testcase time="0.225000000000001" classname="coxt02" name="coxt02_can_handle_some_NA_values"/>
    <testcase time="0.387999999999998" classname="coxt02" name="coxt02_can_handle_some_NA_values"/>
    <testcase time="0.222999999999999" classname="coxt02" name="coxt02_can_handle_some_NA_values"/>
    <testcase time="0.253999999999998" classname="coxt02" name="coxt02_can_handle_some_NA_values"/>
    <testcase time="0.189" classname="coxt02" name="coxt02_can_handle_some_NA_values"/>
    <testcase time="0.263000000000005" classname="coxt02" name="coxt02_can_handle_some_NA_values"/>
    <testcase time="0.190999999999995" classname="coxt02" name="coxt02_can_handle_some_NA_values"/>
    <testcase time="0.0150000000000006" classname="coxt02" name="coxt02_fails_on_incomlete_data"/>
  </testsuite>
  <testsuite name="default_tlg" timestamp="2025-02-13T15:36:32Z" hostname="d75a1980e1f2" tests="15" skipped="0" failures="0" errors="0" time="11.193">
    <testcase time="0.152000000000001" classname="default_tlg" name="ael01_nollt_function_with_default_argument_value_return_expected_result_with_test_data"/>
    <testcase time="0.532000000000004" classname="default_tlg" name="aet01_function_with_default_argument_value_return_expected_result_with_test_data"/>
    <testcase time="0.471999999999994" classname="default_tlg" name="aet01_aesi_function_with_default_argument_value_return_expected_result_with_test_data"/>
    <testcase time="0.988" classname="default_tlg" name="aet02_functions_with_default_argument_value_return_expected_result_with_test_data"/>
    <testcase time="2.027" classname="default_tlg" name="aet03_functions_with_default_argument_value_return_expected_result_with_test_data"/>
    <testcase time="3.09399999999999" classname="default_tlg" name="aet04_functions_with_default_argument_value_return_expected_result_with_test_data"/>
    <testcase time="0.421000000000006" classname="default_tlg" name="aet05_functions_with_default_argument_value_return_expected_result_with_test_data"/>
    <testcase time="0.414000000000001" classname="default_tlg" name="aet05_all_functions_with_default_argument_value_return_expected_result_with_test_data"/>
    <testcase time="0.310000000000002" classname="default_tlg" name="aet10_functions_with_default_argument_value_return_expected_result_with_test_data"/>
    <testcase time="0.375" classname="default_tlg" name="cmt02_pt_functions_with_default_argument_value_return_expected_result_with_test_data"/>
    <testcase time="0.459999999999994" classname="default_tlg" name="coxt01_functions_with_default_argument_value_return_expected_result_with_test_data"/>
    <testcase time="0.637" classname="default_tlg" name="coxt02_functions_with_default_argument_value_return_expected_result_with_test_data"/>
    <testcase time="0.606999999999999" classname="default_tlg" name="dmt01_functions_with_default_argument_value_return_expected_result_with_test_data"/>
    <testcase time="0.432000000000002" classname="default_tlg" name="dst01_functions_with_default_argument_value_return_expected_result_with_test_data"/>
    <testcase time="0.271999999999991" classname="default_tlg" name="dtht01_functions_with_default_argument_value_return_expected_result_with_test_data"/>
  </testsuite>
  <testsuite name="dmt01" timestamp="2025-02-13T15:36:43Z" hostname="d75a1980e1f2" tests="19" skipped="0" failures="0" errors="0" time="4.431">
    <testcase time="0.206000000000003" classname="dmt01" name="dmt01_can_handle_NA_values"/>
    <testcase time="0.323999999999998" classname="dmt01" name="dmt01_can_handle_NA_values"/>
    <testcase time="0.206000000000003" classname="dmt01" name="dmt01_can_handle_numeric_NA_values"/>
    <testcase time="0.406000000000006" classname="dmt01" name="dmt01_can_handle_numeric_NA_values"/>
    <testcase time="0.0150000000000006" classname="dmt01" name="dmt01_returns_an_error_when_variables_are_of_the_wrong_type"/>
    <testcase time="0.158000000000001" classname="dmt01" name="dmt01_works_as_expected_with_setting_default_precision"/>
    <testcase time="0.317000000000007" classname="dmt01" name="dmt01_works_as_expected_with_setting_default_precision"/>
    <testcase time="0.164000000000001" classname="dmt01" name="dmt01_works_as_expected_with_auto_precision_settings"/>
    <testcase time="0.375999999999991" classname="dmt01" name="dmt01_works_as_expected_with_auto_precision_settings"/>
    <testcase time="0.166000000000011" classname="dmt01" name="dmt01_works_as_expected_with_auto_precision_settings_and_defined_precision"/>
    <testcase time="0.363" classname="dmt01" name="dmt01_works_as_expected_with_auto_precision_settings_and_defined_precision"/>
    <testcase time="0.155000000000001" classname="dmt01" name="dmt01_works_as_expected_with_auto_precision_settings_and_defined_precision_and_default"/>
    <testcase time="0.49499999999999" classname="dmt01" name="dmt01_works_as_expected_with_auto_precision_settings_and_defined_precision_and_default"/>
    <testcase time="0.131" classname="dmt01" name="dmt01_works_as_expected_with_cutomized_stats_value"/>
    <testcase time="0.259" classname="dmt01" name="dmt01_works_as_expected_with_cutomized_stats_value"/>
    <testcase time="0.141999999999996" classname="dmt01" name="dmt01_works_as_expected_with_empty_list_as_stats_value"/>
    <testcase time="0.291000000000011" classname="dmt01" name="dmt01_works_as_expected_with_empty_list_as_stats_value"/>
    <testcase time="0.0799999999999983" classname="dmt01" name="dmt01_works_as_expected_with_only_one_summaryvars"/>
    <testcase time="0.176999999999992" classname="dmt01" name="dmt01_works_as_expected_with_only_one_summaryvars"/>
  </testsuite>
  <testsuite name="dst01" timestamp="2025-02-13T15:36:48Z" hostname="d75a1980e1f2" tests="14" skipped="0" failures="0" errors="0" time="2.396">
    <testcase time="0.131" classname="dst01" name="dst01_works_as_expected_when_all_data_are_NA"/>
    <testcase time="0.0690000000000026" classname="dst01" name="dst01_works_as_expected_when_all_data_are_NA"/>
    <testcase time="0.108000000000004" classname="dst01" name="dst01_can_handle_all_NA_values_in_DCSREAS"/>
    <testcase time="0.140000000000001" classname="dst01" name="dst01_can_handle_all_NA_values_in_DCSREAS"/>
    <testcase time="0.153999999999996" classname="dst01" name="dst01_can_handle_some_NA_values"/>
    <testcase time="0.210000000000008" classname="dst01" name="dst01_can_handle_some_NA_values"/>
    <testcase time="0.125999999999991" classname="dst01" name="dst01_can_handle_missing_levels_in_status_var"/>
    <testcase time="0.0700000000000074" classname="dst01" name="dst01_can_handle_missing_levels_in_status_var"/>
    <testcase time="0.179000000000002" classname="dst01" name="dst01_can_create_variants"/>
    <testcase time="0.221999999999994" classname="dst01" name="dst01_can_create_variants"/>
    <testcase time="0.218999999999994" classname="dst01" name="dst01_can_create_variants"/>
    <testcase time="0.243000000000009" classname="dst01" name="dst01_can_create_variants"/>
    <testcase time="0.250999999999991" classname="dst01" name="dst01_can_create_variants"/>
    <testcase time="0.274000000000001" classname="dst01" name="dst01_can_create_variants"/>
  </testsuite>
  <testsuite name="dtht01" timestamp="2025-02-13T15:36:50Z" hostname="d75a1980e1f2" tests="5" skipped="0" failures="0" errors="0" time="1.42">
    <testcase time="0.102000000000004" classname="dtht01" name="dtht01_can_handle_all_NA_values"/>
    <testcase time="0.162999999999997" classname="dtht01" name="dtht01_can_handle_all_NA_values"/>
    <testcase time="0.225000000000009" classname="dtht01" name="dtht01_can_handle_some_NA_values"/>
    <testcase time="0.333999999999989" classname="dtht01" name="dtht01_can_handle_some_NA_values"/>
    <testcase time="0.596000000000004" classname="dtht01" name="dtht01_can_be_parametrize_as_expected"/>
  </testsuite>
  <testsuite name="egt01" timestamp="2025-02-13T15:36:52Z" hostname="d75a1980e1f2" tests="3" skipped="0" failures="0" errors="0" time="6.493">
    <testcase time="3.227" classname="egt01" name="egt01_functions_with_default_argument_value_return_expected_result_with_test_data"/>
    <testcase time="1.218" classname="egt01" name="egt01_can_handle_n_0_and_outputs_NE_instead_of_infs_and_NAs"/>
    <testcase time="2.048" classname="egt01" name="egt01_can_handle_n_0_and_outputs_NE_instead_of_infs_and_NAs"/>
  </testsuite>
  <testsuite name="egt02" timestamp="2025-02-13T15:36:58Z" hostname="d75a1980e1f2" tests="2" skipped="0" failures="0" errors="0" time="0.659">
    <testcase time="0.343999999999994" classname="egt02" name="egt02_1_functions_with_default_argument_value_return_expected_result_with_test_data"/>
    <testcase time="0.314999999999998" classname="egt02" name="egt02_2_functions_with_default_value_return_expected_result_with_test_data"/>
  </testsuite>
  <testsuite name="egt03" timestamp="2025-02-13T15:36:59Z" hostname="d75a1980e1f2" tests="5" skipped="0" failures="0" errors="0" time="3.187">
    <testcase time="1.571" classname="egt03" name="egt03_functions_with_default_argument_value_return_expected_result_with_test_data"/>
    <testcase time="0.0160000000000053" classname="egt03" name="egt03_errors_on_all_NA_values"/>
    <testcase time="0.518999999999991" classname="egt03" name="egt03_can_handle_some_NA_values"/>
    <testcase time="1.06500000000001" classname="egt03" name="egt03_can_handle_some_NA_values"/>
    <testcase time="0.0159999999999911" classname="egt03" name="egt03_fails_on_incomplete_data"/>
  </testsuite>
  <testsuite name="egt05_qtcat" timestamp="2025-02-13T15:37:02Z" hostname="d75a1980e1f2" tests="4" skipped="0" failures="0" errors="0" time="3.463">
    <testcase time="2.248" classname="egt05_qtcat" name="egt05_qtcat_functions_with_default_argument_value_return_expected_result_with_test_data"/>
    <testcase time="0.0160000000000053" classname="egt05_qtcat" name="egt05_qtcat_erros_on_all_NA_values"/>
    <testcase time="0.407999999999987" classname="egt05_qtcat" name="egt05_qtcat_can_handle_some_NA_values"/>
    <testcase time="0.791000000000011" classname="egt05_qtcat" name="egt05_qtcat_can_handle_some_NA_values"/>
  </testsuite>
  <testsuite name="empty_report" timestamp="2025-02-13T15:37:05Z" hostname="d75a1980e1f2" tests="25" skipped="0" failures="0" errors="0" time="2.797">
    <testcase time="0.10499999999999" classname="empty_report" name="tlg_functions_return_null_reports_when_domain_table_is_empty"/>
    <testcase time="0.466000000000008" classname="empty_report" name="tlg_functions_return_null_reports_when_domain_table_is_empty"/>
    <testcase time="0.176999999999992" classname="empty_report" name="tlg_functions_return_null_reports_when_domain_table_is_empty"/>
    <testcase time="0.100999999999999" classname="empty_report" name="tlg_functions_return_null_reports_when_domain_table_is_empty"/>
    <testcase time="0.0970000000000084" classname="empty_report" name="tlg_functions_return_null_reports_when_domain_table_is_empty"/>
    <testcase time="0.0679999999999978" classname="empty_report" name="tlg_functions_return_null_reports_when_domain_table_is_empty"/>
    <testcase time="0.0919999999999987" classname="empty_report" name="tlg_functions_return_null_reports_when_domain_table_is_empty"/>
    <testcase time="0.141000000000005" classname="empty_report" name="tlg_functions_return_null_reports_when_domain_table_is_empty"/>
    <testcase time="0.161999999999992" classname="empty_report" name="tlg_functions_return_null_reports_when_domain_table_is_empty"/>
    <testcase time="0.0790000000000077" classname="empty_report" name="tlg_functions_return_null_reports_when_domain_table_is_empty"/>
    <testcase time="0.0930000000000035" classname="empty_report" name="tlg_functions_return_null_reports_when_domain_table_is_empty"/>
    <testcase time="0.0519999999999925" classname="empty_report" name="tlg_functions_return_null_reports_when_domain_table_is_empty"/>
    <testcase time="0.046999999999997" classname="empty_report" name="tlg_functions_return_null_reports_when_domain_table_is_empty"/>
    <testcase time="0.0640000000000072" classname="empty_report" name="tlg_functions_return_null_reports_when_domain_table_is_empty"/>
    <testcase time="0.0669999999999931" classname="empty_report" name="tlg_functions_return_null_reports_when_domain_table_is_empty"/>
    <testcase time="0.0739999999999981" classname="empty_report" name="tlg_functions_return_null_reports_when_domain_table_is_empty"/>
    <testcase time="0.0790000000000077" classname="empty_report" name="tlg_functions_return_null_reports_when_domain_table_is_empty"/>
    <testcase time="0.0939999999999941" classname="empty_report" name="tlg_functions_return_null_reports_when_domain_table_is_empty"/>
    <testcase time="0.299000000000007" classname="empty_report" name="tlg_functions_return_null_reports_when_domain_table_is_empty"/>
    <testcase time="0.0960000000000036" classname="empty_report" name="tlg_functions_return_null_reports_when_domain_table_is_empty"/>
    <testcase time="0.0899999999999892" classname="empty_report" name="tlg_functions_return_null_reports_when_domain_table_is_empty"/>
    <testcase time="0.0600000000000023" classname="empty_report" name="tlg_functions_return_null_reports_when_domain_table_is_empty"/>
    <testcase time="0.0970000000000084" classname="empty_report" name="tlg_functions_return_null_reports_when_domain_table_is_empty"/>
    <testcase time="0.0489999999999924" classname="empty_report" name="tlg_functions_return_null_reports_when_domain_table_is_empty"/>
    <testcase time="0.0480000000000018" classname="empty_report" name="tlg_functions_return_null_reports_when_domain_table_is_empty"/>
  </testsuite>
  <testsuite name="ext01" timestamp="2025-02-13T15:37:08Z" hostname="d75a1980e1f2" tests="10" skipped="0" failures="0" errors="0" time="5.065">
    <testcase time="0.486999999999995" classname="ext01" name="ext01_functions_with_default_argument_value_return_expected_result_with_test_data"/>
    <testcase time="0.538000000000011" classname="ext01" name="ext01_functions_with_categorical_data_return_expected_result_with_test_data"/>
    <testcase time="0.180999999999997" classname="ext01" name="ext01_works"/>
    <testcase time="0.313999999999993" classname="ext01" name="ext01_works"/>
    <testcase time="0.176000000000002" classname="ext01" name="ext01_works"/>
    <testcase time="0.308999999999997" classname="ext01" name="ext01_works"/>
    <testcase time="0.527000000000001" classname="ext01" name="ext01_works_for_selected_parameters_and_categorical_variables"/>
    <testcase time="0.822000000000003" classname="ext01" name="ext01_works_with_custom_mapping_order"/>
    <testcase time="0.828999999999994" classname="ext01" name="ext01_works_with_custom_mapping_order_for_a_single_split"/>
    <testcase time="0.882000000000005" classname="ext01" name="ext01_works_with_custom_mapping_fill_in_value"/>
  </testsuite>
  <testsuite name="fstg01" timestamp="2025-02-13T15:37:13Z" hostname="d75a1980e1f2" tests="13" skipped="0" failures="0" errors="0" time="6.659">
    <testcase time="0.0130000000000052" classname="fstg01" name="fstg01_works_as_expected"/>
    <testcase time="1.283" classname="fstg01" name="fstg01_works_as_expected"/>
    <testcase time="0.00300000000000011" classname="fstg01" name="fstg01_works_as_expected"/>
    <testcase time="1.276" classname="fstg01" name="fstg01_works_as_expected_with_custom_color_set"/>
    <testcase time="0.00300000000000011" classname="fstg01" name="fstg01_works_as_expected_with_custom_color_set"/>
    <testcase time="1.267" classname="fstg01" name="fstg01_works_as_expected_with_custom_color_set"/>
    <testcase time="0.00300000000000011" classname="fstg01" name="fstg01_works_as_expected_with_custom_color_set"/>
    <testcase time="0.647999999999996" classname="fstg01" name="fstg01_works_if_changes_are_in_subgroups_conf_level_and_label_all"/>
    <testcase time="0.00400000000000489" classname="fstg01" name="fstg01_works_if_changes_are_in_subgroups_conf_level_and_label_all"/>
    <testcase time="0.885000000000005" classname="fstg01" name="fstg01_works_if_changes_are_in_subgroups_conf_level_and_label_all"/>
    <testcase time="0.00300000000000011" classname="fstg01" name="fstg01_works_if_changes_are_in_subgroups_conf_level_and_label_all"/>
    <testcase time="1.268" classname="fstg01" name="fstg01_can_handle_some_NA_values_in_subgroups"/>
    <testcase time="0.00300000000000011" classname="fstg01" name="fstg01_can_handle_some_NA_values_in_subgroups"/>
  </testsuite>
  <testsuite name="fstg02" timestamp="2025-02-13T15:37:20Z" hostname="d75a1980e1f2" tests="9" skipped="0" failures="0" errors="0" time="8.811">
    <testcase time="0.012999999999991" classname="fstg02" name="fstg02_works_as_expected"/>
    <testcase time="1.226" classname="fstg02" name="fstg02_works_as_expected"/>
    <testcase time="1.259" classname="fstg02" name="fstg02_works_as_expected_with_custom_color_set"/>
    <testcase time="1.24600000000001" classname="fstg02" name="fstg02_works_as_expected_with_custom_color_set"/>
    <testcase time="0.60499999999999" classname="fstg02" name="fstg02_works_if_changes_are_in_subgroups_strata_var_conf_level_and_label_all"/>
    <testcase time="0.981000000000009" classname="fstg02" name="fstg02_works_if_changes_are_in_subgroups_strata_var_conf_level_and_label_all"/>
    <testcase time="1.149" classname="fstg02" name="fstg02_can_handle_some_NA_values_in_subgroups"/>
    <testcase time="1.167" classname="fstg02" name="fstg02_can_handle_customized_time_units"/>
    <testcase time="1.16499999999999" classname="fstg02" name="fstg02_can_handle_customized_time_units"/>
  </testsuite>
  <testsuite name="kmg01" timestamp="2025-02-13T15:37:29Z" hostname="d75a1980e1f2" tests="13" skipped="0" failures="0" errors="0" time="2.098">
    <testcase time="0.0110000000000099" classname="kmg01" name="kmg01_works_as_expected"/>
    <testcase time="0.359999999999999" classname="kmg01" name="kmg01_works_as_expected"/>
    <testcase time="0.00300000000000011" classname="kmg01" name="kmg01_works_as_expected"/>
    <testcase time="0.355999999999995" classname="kmg01" name="kmg01_works_as_expected_with_custom_color_set"/>
    <testcase time="0.00300000000000011" classname="kmg01" name="kmg01_works_as_expected_with_custom_color_set"/>
    <testcase time="0.358999999999995" classname="kmg01" name="kmg01_works_as_expected_with_custom_color_set"/>
    <testcase time="0.00300000000000011" classname="kmg01" name="kmg01_works_as_expected_with_custom_color_set"/>
    <testcase time="0.359999999999999" classname="kmg01" name="kmg01_works_if_change_pvalue_ties_and_conf_level"/>
    <testcase time="0.00300000000000011" classname="kmg01" name="kmg01_works_if_change_pvalue_ties_and_conf_level"/>
    <testcase time="0.384" classname="kmg01" name="kmg01_works_if_change_annotation_position"/>
    <testcase time="0.00300000000000011" classname="kmg01" name="kmg01_works_if_change_annotation_position"/>
    <testcase time="0.25" classname="kmg01" name="kmg01_works_for_stratified_analysis"/>
    <testcase time="0.00300000000000011" classname="kmg01" name="kmg01_works_for_stratified_analysis"/>
  </testsuite>
  <testsuite name="lbt01" timestamp="2025-02-13T15:37:31Z" hostname="d75a1980e1f2" tests="4" skipped="0" failures="0" errors="0" time="9.74">
    <testcase time="3.19" classname="lbt01" name="lbt01_functions_with_default_argument_value_return_expected_result_with_test_data"/>
    <testcase time="3.27600000000001" classname="lbt01" name="lbt01_functions_with_row_split_var_return_expected_result_with_test_data"/>
    <testcase time="1.05199999999999" classname="lbt01" name="lbt01_can_handle_n_0_and_outputs_NE_instead_of_infs_and_NAs"/>
    <testcase time="2.22199999999999" classname="lbt01" name="lbt01_can_handle_n_0_and_outputs_NE_instead_of_infs_and_NAs"/>
  </testsuite>
  <testsuite name="lbt04" timestamp="2025-02-13T15:37:41Z" hostname="d75a1980e1f2" tests="8" skipped="0" failures="0" errors="0" time="3.229">
    <testcase time="1.00300000000001" classname="lbt04" name="lbt04_functions_with_default_argument_value_return_expected_result_with_test_data"/>
    <testcase time="0.0949999999999989" classname="lbt04" name="lbt04_can_handle_all_NA_values"/>
    <testcase time="0.0720000000000027" classname="lbt04" name="lbt04_can_handle_all_NA_values"/>
    <testcase time="0.330999999999989" classname="lbt04" name="lbt04_can_handle_missing_levels"/>
    <testcase time="0.823000000000008" classname="lbt04" name="lbt04_can_handle_missing_levels"/>
    <testcase time="0.284999999999997" classname="lbt04" name="lbt04_can_handle_some_NA_values"/>
    <testcase time="0.600999999999999" classname="lbt04" name="lbt04_can_handle_some_NA_values"/>
    <testcase time="0.0190000000000055" classname="lbt04" name="lbt04_fails_on_incomlete_data"/>
  </testsuite>
  <testsuite name="lbt05" timestamp="2025-02-13T15:37:44Z" hostname="d75a1980e1f2" tests="8" skipped="0" failures="0" errors="0" time="2.578">
    <testcase time="0.653999999999996" classname="lbt05" name="lbt05_functions_with_default_argument_value_return_expected_result_with_test_data"/>
    <testcase time="0.263000000000005" classname="lbt05" name="lbt05_functions_with_default_argument_value_return_expected_result_with_test_data"/>
    <testcase time="0.287999999999982" classname="lbt05" name="lbt05_give_all_0_count_if_ANRIND_are_all_missing"/>
    <testcase time="0.281000000000006" classname="lbt05" name="lbt05_can_handle_some_NA_values"/>
    <testcase time="0.394000000000005" classname="lbt05" name="lbt05_can_handle_some_NA_values"/>
    <testcase time="0.0310000000000059" classname="lbt05" name="lbt05_fails_on_incomlete_data"/>
    <testcase time="0.280000000000001" classname="lbt05" name="lbt05_works_with_missing_levels"/>
    <testcase time="0.387" classname="lbt05" name="lbt05_works_with_missing_levels"/>
  </testsuite>
  <testsuite name="lbt06" timestamp="2025-02-13T15:37:46Z" hostname="d75a1980e1f2" tests="3" skipped="0" failures="0" errors="0" time="3.643">
    <testcase time="0.938999999999993" classname="lbt06" name="lbt06_gives_all_0_count_if_ANRIND_and_BNRIND_are_all_missing"/>
    <testcase time="2.673" classname="lbt06" name="lbt06_can_handle_some_NA_values"/>
    <testcase time="0.0310000000000059" classname="lbt06" name="lbt06_fails_on_incomplete_data"/>
  </testsuite>
  <testsuite name="lbt07" timestamp="2025-02-13T15:37:50Z" hostname="d75a1980e1f2" tests="4" skipped="0" failures="0" errors="0" time="1.622">
    <testcase time="0.793999999999983" classname="lbt07" name="lbt07_functions_with_default_argument_value_return_expected_result_with_test_data"/>
    <testcase time="0.376000000000005" classname="lbt07" name="lbt07_can_handle_some_NA_values"/>
    <testcase time="0.420999999999992" classname="lbt07" name="lbt07_can_handle_some_NA_values"/>
    <testcase time="0.0310000000000059" classname="lbt07" name="lbt07_fails_on_incomlete_data"/>
  </testsuite>
  <testsuite name="lbt14" timestamp="2025-02-13T15:37:52Z" hostname="d75a1980e1f2" tests="20" skipped="0" failures="0" errors="0" time="7.925">
    <testcase time="0.657000000000011" classname="lbt14" name="lbt14_functions_with_default_argument_value_return_expected_result_with_test_data"/>
    <testcase time="0.480999999999995" classname="lbt14" name="lbt14_functions_with_default_argument_value_return_expected_result_with_test_data_when_direction_high"/>
    <testcase time="0.586999999999989" classname="lbt14" name="lbt14_functions_with_gr_missing_excl_return_expected_result_with_test_data"/>
    <testcase time="0.587000000000018" classname="lbt14" name="lbt14_functions_with_gr_missing_gr_0_return_expected_result_with_test_data"/>
    <testcase time="0.375" classname="lbt14" name="lbt14_can_handle_all_NA_values"/>
    <testcase time="0.139999999999986" classname="lbt14" name="lbt14_can_handle_all_NA_values"/>
    <testcase time="0.402000000000015" classname="lbt14" name="lbt14_can_handle_some_NA_values"/>
    <testcase time="0.330999999999989" classname="lbt14" name="lbt14_can_handle_some_NA_values"/>
    <testcase time="1.322" classname="lbt14" name="lbt14_can_accept_different_gr_missing"/>
    <testcase time="0.265999999999991" classname="lbt14" name="lbt14_can_accept_different_gr_missing"/>
    <testcase time="0.256" classname="lbt14" name="lbt14_can_accept_different_gr_missing"/>
    <testcase time="0.0260000000000105" classname="lbt14" name="lbt14_fails_on_incomlete_data"/>
    <testcase time="0.37700000000001" classname="lbt14" name="lbt14_can_handle_all_NA_values_with_direction_high"/>
    <testcase time="0.143000000000001" classname="lbt14" name="lbt14_can_handle_all_NA_values_with_direction_high"/>
    <testcase time="0.388999999999982" classname="lbt14" name="lbt14_can_handle_some_NA_values_with_direction_high"/>
    <testcase time="0.179000000000002" classname="lbt14" name="lbt14_can_handle_some_NA_values_with_direction_high"/>
    <testcase time="1.108" classname="lbt14" name="lbt14_can_accept_different_gr_missing_with_direction_high"/>
    <testcase time="0.140999999999991" classname="lbt14" name="lbt14_can_accept_different_gr_missing_with_direction_high"/>
    <testcase time="0.14100000000002" classname="lbt14" name="lbt14_can_accept_different_gr_missing_with_direction_high"/>
    <testcase time="0.0169999999999959" classname="lbt14" name="lbt14_fails_on_incomlete_data"/>
  </testsuite>
  <testsuite name="lbt15" timestamp="2025-02-13T15:38:00Z" hostname="d75a1980e1f2" tests="12" skipped="0" failures="0" errors="0" time="5.791">
    <testcase time="1.19299999999998" classname="lbt15" name="lbt15_functions_with_default_argument_value_return_expected_result_with_test_data"/>
    <testcase time="0.287000000000006" classname="lbt15" name="lbt15_can_handle_all_NA_values"/>
    <testcase time="0.635999999999996" classname="lbt15" name="lbt15_can_handle_all_NA_values"/>
    <testcase time="0.286000000000001" classname="lbt15" name="lbt15_can_handle_missing_levels"/>
    <testcase time="0.620000000000005" classname="lbt15" name="lbt15_can_handle_missing_levels"/>
    <testcase time="0.289999999999992" classname="lbt15" name="lbt15_can_handle_missing_levels_in_baseline"/>
    <testcase time="0.618000000000023" classname="lbt15" name="lbt15_can_handle_missing_levels_in_baseline"/>
    <testcase time="0.304999999999978" classname="lbt15" name="lbt15_can_handle_some_NA_values"/>
    <testcase time="0.624000000000024" classname="lbt15" name="lbt15_can_handle_some_NA_values"/>
    <testcase time="0.292999999999978" classname="lbt15" name="lbt15_can_handle_some_NA_values_in_baseline"/>
    <testcase time="0.621000000000009" classname="lbt15" name="lbt15_can_handle_some_NA_values_in_baseline"/>
    <testcase time="0.0180000000000007" classname="lbt15" name="lbt15_fails_on_incomlete_data"/>
  </testsuite>
  <testsuite name="mht01" timestamp="2025-02-13T15:38:05Z" hostname="d75a1980e1f2" tests="4" skipped="0" failures="0" errors="0" time="3.063">
    <testcase time="0.625" classname="mht01" name="mht01_functions_with_default_argument_value_return_expected_result_with_test_data"/>
    <testcase time="0.637" classname="mht01" name="mht01_works"/>
    <testcase time="0.631" classname="mht01" name="mht01_works_on_NULL_in_lbl_mhbodsys_or_lbl_mhdecod"/>
    <testcase time="1.16999999999999" classname="mht01" name="mht01_works_with_other_row_split_var"/>
  </testsuite>
  <testsuite name="mng01" timestamp="2025-02-13T15:38:08Z" hostname="d75a1980e1f2" tests="19" skipped="8" failures="0" errors="0" time="8.714">
    <testcase time="0.89700000000002" classname="mng01" name="mng01_works_as_expected_with_default_argument_values"/>
    <testcase time="0.00199999999998113" classname="mng01" name="mng01_works_as_expected_with_default_argument_values">
      <skipped message="Reason: On CI ('test-mng01.R:9:5')"/>
    </testcase>
    <testcase time="0.983000000000004" classname="mng01" name="mng01_works_as_expected_with_custom_argument_values"/>
    <testcase time="0.0109999999999957" classname="mng01" name="mng01_works_as_expected_with_custom_argument_values"/>
    <testcase time="0.00100000000000477" classname="mng01" name="mng01_works_as_expected_with_custom_argument_values">
      <skipped message="Reason: On CI ('test-mng01.R:45:5')"/>
    </testcase>
    <testcase time="0.936000000000007" classname="mng01" name="mng01_works_as_expected_with_custom_color_set"/>
    <testcase time="0.919999999999987" classname="mng01" name="mng01_works_as_expected_with_custom_color_set"/>
    <testcase time="0.00100000000000477" classname="mng01" name="mng01_works_as_expected_with_custom_color_set">
      <skipped message="Reason: On CI ('test-mng01.R:69:5')"/>
    </testcase>
    <testcase time="0.962000000000018" classname="mng01" name="mng01_works_as_expected_with_custom_line_type_set"/>
    <testcase time="0.956999999999994" classname="mng01" name="mng01_works_as_expected_with_custom_line_type_set"/>
    <testcase time="0.00199999999998113" classname="mng01" name="mng01_works_as_expected_with_custom_line_type_set">
      <skipped message="Reason: On CI ('test-mng01.R:91:5')"/>
    </testcase>
    <testcase time="0.160000000000025" classname="mng01" name="mng01_works_with_table_NULL"/>
    <testcase time="0.000999999999976353" classname="mng01" name="mng01_works_with_table_NULL">
      <skipped message="Reason: On CI ('test-mng01.R:104:5')"/>
    </testcase>
    <testcase time="0.957999999999998" classname="mng01" name="mng01_works_with_combination_of_x_variables"/>
    <testcase time="0.00100000000000477" classname="mng01" name="mng01_works_with_combination_of_x_variables">
      <skipped message="Reason: On CI ('test-mng01.R:122:5')"/>
    </testcase>
    <testcase time="0.915999999999997" classname="mng01" name="mng01_works_with_numeric_x_variable"/>
    <testcase time="0.00200000000000955" classname="mng01" name="mng01_works_with_numeric_x_variable">
      <skipped message="Reason: On CI ('test-mng01.R:143:5')"/>
    </testcase>
    <testcase time="1.00300000000001" classname="mng01" name="mng01_works_with_numeric_jitter"/>
    <testcase time="0.000999999999976353" classname="mng01" name="mng01_works_with_numeric_jitter">
      <skipped message="Reason: On CI ('test-mng01.R:161:5')"/>
    </testcase>
  </testsuite>
  <testsuite name="pdt01" timestamp="2025-02-13T15:38:17Z" hostname="d75a1980e1f2" tests="5" skipped="0" failures="0" errors="0" time="1.234">
    <testcase time="0.472000000000008" classname="pdt01" name="pdt01_function_with_default_argument_value_return_expected_result_with_test_data"/>
    <testcase time="0.11699999999999" classname="pdt01" name="pdt01_can_handle_all_NA_values"/>
    <testcase time="0.166000000000025" classname="pdt01" name="pdt01_can_handle_all_NA_values"/>
    <testcase time="0.206999999999994" classname="pdt01" name="pdt01_can_handle_some_NA_values"/>
    <testcase time="0.271999999999991" classname="pdt01" name="pdt01_can_handle_some_NA_values"/>
  </testsuite>
  <testsuite name="pdt02" timestamp="2025-02-13T15:38:18Z" hostname="d75a1980e1f2" tests="5" skipped="0" failures="0" errors="0" time="1.01">
    <testcase time="0.331999999999994" classname="pdt02" name="pdt02_function_with_default_argument_value_return_expected_result_with_test_data"/>
    <testcase time="0.143000000000001" classname="pdt02" name="pdt02_can_handle_all_NA_values"/>
    <testcase time="0.204000000000008" classname="pdt02" name="pdt02_can_handle_all_NA_values"/>
    <testcase time="0.143000000000001" classname="pdt02" name="pdt02_can_handle_some_NA_values"/>
    <testcase time="0.187999999999988" classname="pdt02" name="pdt02_can_handle_some_NA_values"/>
  </testsuite>
  <testsuite name="reexports" timestamp="2025-02-13T15:38:19Z" hostname="d75a1980e1f2" tests="2" skipped="0" failures="0" errors="0" time="0.015">
    <testcase time="0.00900000000001455" classname="reexports" name="with_label_exported_correctly"/>
    <testcase time="0.00600000000000023" classname="reexports" name="reformat_exported_correctly"/>
  </testsuite>
  <testsuite name="report_null" timestamp="2025-02-13T15:38:19Z" hostname="d75a1980e1f2" tests="12" skipped="0" failures="0" errors="0" time="0.17">
    <testcase time="0.0149999999999864" classname="report_null" name="report_null_works_as_expected_with_NULL_"/>
    <testcase time="0.0100000000000193" classname="report_null" name="report_null_works_as_expected_with_NULL_"/>
    <testcase time="0.0300000000000011" classname="report_null" name="report_null_works_as_expected_with_VTableTree_"/>
    <testcase time="0.0360000000000014" classname="report_null" name="report_null_works_as_expected_with_VTableTree_"/>
    <testcase time="0.0139999999999816" classname="report_null" name="report_null_works_as_expected_with_VTableTree_"/>
    <testcase time="0.00800000000000978" classname="report_null" name="report_null_works_as_expected_with_listing_df_"/>
    <testcase time="0.0109999999999957" classname="report_null" name="report_null_works_as_expected_with_listing_df_"/>
    <testcase time="0.00999999999999091" classname="report_null" name="report_null_works_as_expected_with_listing_df_"/>
    <testcase time="0.00900000000001455" classname="report_null" name="report_null_works_as_expected_with_list_"/>
    <testcase time="0.0190000000000055" classname="report_null" name="report_null_works_as_expected_with_list_"/>
    <testcase time="0.00499999999999545" classname="report_null" name="report_null_works_as_expected_with_by_default"/>
    <testcase time="0.0029999999999859" classname="report_null" name="report_null_works_as_expected_with_by_default"/>
  </testsuite>
  <testsuite name="rmpt01" timestamp="2025-02-13T15:38:20Z" hostname="d75a1980e1f2" tests="11" skipped="0" failures="0" errors="0" time="1.529">
    <testcase time="0.406000000000006" classname="rmpt01" name="rmpt01_function_with_default_argument_value_return_expected_result_with_test_data"/>
    <testcase time="0.061000000000007" classname="rmpt01" name="rmpt01_can_handle_NA_values"/>
    <testcase time="0.126000000000005" classname="rmpt01" name="rmpt01_can_handle_NA_values"/>
    <testcase time="0.120999999999981" classname="rmpt01" name="rmpt01_can_handle_NA_values"/>
    <testcase time="0.224000000000018" classname="rmpt01" name="rmpt01_can_handle_NA_values"/>
    <testcase time="0.0629999999999882" classname="rmpt01" name="rmpt01_can_handle_some_NA_values"/>
    <testcase time="0.126000000000005" classname="rmpt01" name="rmpt01_can_handle_some_NA_values"/>
    <testcase time="0.11699999999999" classname="rmpt01" name="rmpt01_can_handle_some_NA_values"/>
    <testcase time="0.229000000000013" classname="rmpt01" name="rmpt01_can_handle_some_NA_values"/>
    <testcase time="0.0300000000000011" classname="rmpt01" name="rmpt01_fails_on_incomlete_data"/>
    <testcase time="0.025999999999982" classname="rmpt01" name="rmpt01_fails_on_incomlete_data"/>
  </testsuite>
  <testsuite name="rmpt03" timestamp="2025-02-13T15:38:21Z" hostname="d75a1980e1f2" tests="12" skipped="0" failures="0" errors="0" time="1.954">
    <testcase time="0.317000000000007" classname="rmpt03" name="rmpt03_function_with_default_argument_value_return_expected_result_with_test_data"/>
    <testcase time="0.106999999999999" classname="rmpt03" name="rmpt03_can_handle_NA_values"/>
    <testcase time="0.206000000000017" classname="rmpt03" name="rmpt03_can_handle_NA_values"/>
    <testcase time="0.177999999999997" classname="rmpt03" name="rmpt03_can_handle_NA_values"/>
    <testcase time="0.278999999999996" classname="rmpt03" name="rmpt03_can_handle_NA_values"/>
    <testcase time="0.11099999999999" classname="rmpt03" name="rmpt03_can_handle_some_NA_values"/>
    <testcase time="0.206000000000017" classname="rmpt03" name="rmpt03_can_handle_some_NA_values"/>
    <testcase time="0.176999999999992" classname="rmpt03" name="rmpt03_can_handle_some_NA_values"/>
    <testcase time="0.290999999999997" classname="rmpt03" name="rmpt03_can_handle_some_NA_values"/>
    <testcase time="0.0339999999999918" classname="rmpt03" name="rmpt03_fails_on_incomlete_data"/>
    <testcase time="0.0260000000000105" classname="rmpt03" name="rmpt03_fails_on_incomlete_data"/>
    <testcase time="0.0219999999999914" classname="rmpt03" name="rmpt03_fails_on_incomlete_data"/>
  </testsuite>
  <testsuite name="rmpt04" timestamp="2025-02-13T15:38:23Z" hostname="d75a1980e1f2" tests="10" skipped="0" failures="0" errors="0" time="0.952">
    <testcase time="0.180000000000007" classname="rmpt04" name="rmpt04_function_with_default_argument_value_return_expected_result_with_test_data"/>
    <testcase time="0.0550000000000068" classname="rmpt04" name="rmpt04_can_handle_NA_values"/>
    <testcase time="0.120999999999981" classname="rmpt04" name="rmpt04_can_handle_NA_values"/>
    <testcase time="0.0520000000000209" classname="rmpt04" name="rmpt04_can_handle_NA_values"/>
    <testcase time="0.120999999999981" classname="rmpt04" name="rmpt04_can_handle_NA_values"/>
    <testcase time="0.0560000000000116" classname="rmpt04" name="rmpt04_can_handle_some_NA_values"/>
    <testcase time="0.121000000000009" classname="rmpt04" name="rmpt04_can_handle_some_NA_values"/>
    <testcase time="0.0609999999999786" classname="rmpt04" name="rmpt04_can_handle_some_NA_values"/>
    <testcase time="0.129000000000019" classname="rmpt04" name="rmpt04_can_handle_some_NA_values"/>
    <testcase time="0.0559999999999832" classname="rmpt04" name="rmpt04_fails_on_incomlete_data"/>
  </testsuite>
  <testsuite name="rmpt05" timestamp="2025-02-13T15:38:24Z" hostname="d75a1980e1f2" tests="10" skipped="0" failures="0" errors="0" time="1.017">
    <testcase time="0.191000000000003" classname="rmpt05" name="rmpt05_function_with_default_argument_value_return_expected_result_with_test_data"/>
    <testcase time="0.0649999999999977" classname="rmpt05" name="rmpt05_can_handle_NA_values"/>
    <testcase time="0.132000000000005" classname="rmpt05" name="rmpt05_can_handle_NA_values"/>
    <testcase time="0.0550000000000068" classname="rmpt05" name="rmpt05_can_handle_NA_values"/>
    <testcase time="0.128999999999991" classname="rmpt05" name="rmpt05_can_handle_NA_values"/>
    <testcase time="0.0589999999999975" classname="rmpt05" name="rmpt05_can_handle_some_NA_values"/>
    <testcase time="0.129999999999995" classname="rmpt05" name="rmpt05_can_handle_some_NA_values"/>
    <testcase time="0.0650000000000261" classname="rmpt05" name="rmpt05_can_handle_some_NA_values"/>
    <testcase time="0.129999999999995" classname="rmpt05" name="rmpt05_can_handle_some_NA_values"/>
    <testcase time="0.0609999999999786" classname="rmpt05" name="rmpt05_fails_on_incomlete_data"/>
  </testsuite>
  <testsuite name="rmpt06" timestamp="2025-02-13T15:38:25Z" hostname="d75a1980e1f2" tests="6" skipped="0" failures="0" errors="0" time="1.969">
    <testcase time="0.533000000000015" classname="rmpt06" name="rmpt06_works_as_expected"/>
    <testcase time="0.578000000000003" classname="rmpt06" name="rmpt06_works_as_expected_with_show_diff_TRUE"/>
    <testcase time="0.219999999999999" classname="rmpt06" name="rmpt06_can_handle_all_NA_values"/>
    <testcase time="0.278999999999996" classname="rmpt06" name="rmpt06_can_handle_all_NA_values"/>
    <testcase time="0.219999999999999" classname="rmpt06" name="rmpt06_can_handle_all_NA_values"/>
    <testcase time="0.13900000000001" classname="rmpt06" name="rmpt06_can_handle_all_NA_values"/>
  </testsuite>
  <testsuite name="rspt01" timestamp="2025-02-13T15:38:27Z" hostname="d75a1980e1f2" tests="27" skipped="0" failures="0" errors="0" time="7.413">
    <testcase time="0.0159999999999911" classname="rspt01" name="rspt01_works_as_expected"/>
    <testcase time="0.296999999999997" classname="rspt01" name="rspt01_works_as_expected"/>
    <testcase time="0.251000000000005" classname="rspt01" name="rspt01_works_as_expected"/>
    <testcase time="0.292000000000002" classname="rspt01" name="rspt01_works_as_expected_for_stratified_and_unstratified_analysis"/>
    <testcase time="0.277999999999992" classname="rspt01" name="rspt01_works_as_expected_for_stratified_and_unstratified_analysis"/>
    <testcase time="0.340000000000003" classname="rspt01" name="rspt01_works_as_expected_for_stratified_and_unstratified_analysis"/>
    <testcase time="0.305000000000007" classname="rspt01" name="rspt01_works_as_expected_for_stratified_and_unstratified_analysis"/>
    <testcase time="0.246999999999986" classname="rspt01" name="rspt01_works_as_expected_for_unstratified_analysis_only"/>
    <testcase time="0.242000000000019" classname="rspt01" name="rspt01_works_as_expected_for_unstratified_analysis_only"/>
    <testcase time="0.268999999999977" classname="rspt01" name="rspt01_works_as_expected_for_unstratified_analysis_only"/>
    <testcase time="0.255000000000024" classname="rspt01" name="rspt01_works_as_expected_for_unstratified_analysis_only"/>
    <testcase time="0.25200000000001" classname="rspt01" name="rspt01_works_as_expected_for_stratified_analysis_only"/>
    <testcase time="0.234000000000009" classname="rspt01" name="rspt01_works_as_expected_for_stratified_analysis_only"/>
    <testcase time="0.271999999999991" classname="rspt01" name="rspt01_works_as_expected_for_stratified_analysis_only"/>
    <testcase time="0.253000000000014" classname="rspt01" name="rspt01_works_as_expected_for_stratified_analysis_only"/>
    <testcase time="0.274999999999977" classname="rspt01" name="rspt01_works_if_change_reference_group"/>
    <testcase time="0.257000000000005" classname="rspt01" name="rspt01_works_if_change_reference_group"/>
    <testcase time="0.355000000000018" classname="rspt01" name="rspt01_works_if_change_reference_group"/>
    <testcase time="0.306999999999988" classname="rspt01" name="rspt01_works_if_change_reference_group"/>
    <testcase time="0.280000000000001" classname="rspt01" name="rspt01_works_if_change_statistic_methods"/>
    <testcase time="0.258999999999986" classname="rspt01" name="rspt01_works_if_change_statistic_methods"/>
    <testcase time="0.344000000000023" classname="rspt01" name="rspt01_works_if_change_statistic_methods"/>
    <testcase time="0.331999999999994" classname="rspt01" name="rspt01_works_if_change_statistic_methods"/>
    <testcase time="0.281999999999982" classname="rspt01" name="rspt01_works_if_change_confidence_interval"/>
    <testcase time="0.259000000000015" classname="rspt01" name="rspt01_works_if_change_confidence_interval"/>
    <testcase time="0.353999999999985" classname="rspt01" name="rspt01_works_if_change_confidence_interval"/>
    <testcase time="0.306000000000012" classname="rspt01" name="rspt01_works_if_change_confidence_interval"/>
  </testsuite>
  <testsuite name="ttet01" timestamp="2025-02-13T15:38:34Z" hostname="d75a1980e1f2" tests="16" skipped="0" failures="0" errors="0" time="5.571">
    <testcase time="0.0159999999999911" classname="ttet01" name="ttet01_works_as_expected"/>
    <testcase time="0.433999999999997" classname="ttet01" name="ttet01_works_as_expected"/>
    <testcase time="0.503000000000014" classname="ttet01" name="ttet01_works_as_expected"/>
    <testcase time="0.0199999999999818" classname="ttet01" name="ttet01_returns_an_error_when_one_level_or_arm_var_is_empty"/>
    <testcase time="0.331000000000017" classname="ttet01" name="ttet01_works_as_expected_for_stratified_and_unstratified_analysis"/>
    <testcase time="0.36099999999999" classname="ttet01" name="ttet01_works_as_expected_for_stratified_and_unstratified_analysis"/>
    <testcase time="0.433999999999997" classname="ttet01" name="ttet01_works_as_expected_for_stratified_and_unstratified_analysis"/>
    <testcase time="0.436000000000007" classname="ttet01" name="ttet01_works_as_expected_for_stratified_and_unstratified_analysis"/>
    <testcase time="0.336000000000013" classname="ttet01" name="ttet01_works_as_expected_for_stratified_analysis_only"/>
    <testcase time="0.566000000000003" classname="ttet01" name="ttet01_works_as_expected_for_stratified_analysis_only"/>
    <testcase time="0.370999999999981" classname="ttet01" name="ttet01_works_as_expected_for_stratified_analysis_only"/>
    <testcase time="0.358000000000004" classname="ttet01" name="ttet01_works_as_expected_for_stratified_analysis_only"/>
    <testcase time="0.306000000000012" classname="ttet01" name="ttet01_works_if_change_reference_group"/>
    <testcase time="0.314999999999998" classname="ttet01" name="ttet01_works_if_change_reference_group"/>
    <testcase time="0.385999999999996" classname="ttet01" name="ttet01_works_if_change_reference_group"/>
    <testcase time="0.397999999999996" classname="ttet01" name="ttet01_works_if_change_reference_group"/>
  </testsuite>
  <testsuite name="unwrap" timestamp="2025-02-13T15:38:40Z" hostname="d75a1980e1f2" tests="12" skipped="0" failures="0" errors="0" time="0.151">
    <testcase time="0.0130000000000052" classname="unwrap" name="unwrap_layout_works_as_expected_with_standard_chevron_t_main_function"/>
    <testcase time="0.00100000000000477" classname="unwrap" name="unwrap_layout_works_as_expected_with_standard_chevron_t_main_function"/>
    <testcase time="0.000999999999976353" classname="unwrap" name="unwrap_layout_works_as_expected_with_standard_chevron_t_main_function"/>
    <testcase time="0.0229999999999961" classname="unwrap" name="unwrap_layout_works_as_expected_with_standard_chevron_t_main_function"/>
    <testcase time="0.0120000000000005" classname="unwrap" name="unwrap_layout_works_as_expected_with_standard_chevron_g_main_function"/>
    <testcase time="0.00600000000000023" classname="unwrap" name="unwrap_layout_works_as_expected_with_standard_chevron_l_main_function"/>
    <testcase time="0.007000000000005" classname="unwrap" name="unwrap_layout_works_as_expected_with_a_custom_function_without_layout_function"/>
    <testcase time="0.02800000000002" classname="unwrap" name="unwrap_layout_works_as_expected_with_a_custom_function_with_layout_function"/>
    <testcase time="0.00199999999998113" classname="unwrap" name="unwrap_layout_works_as_expected_with_a_custom_function_with_layout_function"/>
    <testcase time="0.0289999999999964" classname="unwrap" name="unwrap_layout_works_as_expected_with_multiple_layout_function"/>
    <testcase time="0.02800000000002" classname="unwrap" name="unwrap_layout_works_as_expected_on_custom_function_with_overwritten_layout_function"/>
    <testcase time="0.000999999999976353" classname="unwrap" name="unwrap_layout_works_as_expected_on_custom_function_with_overwritten_layout_function"/>
  </testsuite>
  <testsuite name="utils" timestamp="2025-02-13T15:38:40Z" hostname="d75a1980e1f2" tests="80" skipped="0" failures="0" errors="1" time="2.338">
    <testcase time="0.00900000000001455" classname="utils" name="h_format_dec_works_as_exected"/>
    <testcase time="0.0029999999999859" classname="utils" name="h_format_dec_works_as_exected"/>
    <testcase time="0.00100000000000477" classname="utils" name="h_format_dec_works_as_exected"/>
    <testcase time="0.00300000000001432" classname="utils" name="h_format_dec_works_as_exected"/>
    <testcase time="0.00100000000000477" classname="utils" name="h_format_dec_works_as_exected"/>
    <testcase time="0.0029999999999859" classname="utils" name="h_format_dec_works_as_exected"/>
    <testcase time="0.00100000000000477" classname="utils" name="h_format_dec_works_as_exected"/>
    <testcase time="0.0029999999999859" classname="utils" name="h_format_dec_works_as_exected"/>
    <testcase time="0.00100000000000477" classname="utils" name="h_format_dec_works_as_exected"/>
    <testcase time="0.00300000000001432" classname="utils" name="h_format_dec_works_as_exected"/>
    <testcase time="0.00199999999998113" classname="utils" name="h_format_dec_works_as_exected"/>
    <testcase time="0.00200000000000955" classname="utils" name="h_format_dec_works_as_exected"/>
    <testcase time="0.00600000000000023" classname="utils" name="h_format_dec_works_as_expected_with_more_than_one_value"/>
    <testcase time="0.00300000000001432" classname="utils" name="h_format_dec_works_as_expected_with_more_than_one_value"/>
    <testcase time="0.00499999999999545" classname="utils" name="h_format_dec_works_as_expected_with_NA_digits"/>
    <testcase time="0.00600000000000023" classname="utils" name="fuse_sequentially_works"/>
    <testcase time="0.0029999999999859" classname="utils" name="fuse_sequentially_works"/>
    <testcase time="0.0109999999999957" classname="utils" name="ifneeded_split_row_works_as_expected"/>
    <testcase time="0.00600000000000023" classname="utils" name="ifneeded_split_row_works_as_expected"/>
    <testcase time="0.078000000000003" classname="utils" name="_unnamed_"/>
    <testcase time="0.0630000000000166" classname="utils" name="_unnamed_"/>
    <testcase time="0.0629999999999882" classname="utils" name="_unnamed_"/>
    <testcase time="0.0500000000000114" classname="utils" name="_unnamed_"/>
    <testcase time="0.0029999999999859" classname="utils" name="droplevels.character_works_as_expected"/>
    <testcase time="0.00200000000000955" classname="utils" name="droplevels.character_works_as_expected"/>
    <testcase time="0.00499999999999545" classname="utils" name="lvls.character_works_as_expected"/>
    <testcase time="0.00300000000001432" classname="utils" name="lvls.character_works_as_expected"/>
    <testcase time="0.00399999999999068" classname="utils" name="lvls.factor_works_as_expected"/>
    <testcase time="0.0029999999999859" classname="utils" name="lvls.factor_works_as_expected"/>
    <testcase time="0.00499999999999545" classname="utils" name="lvls.default_works_as_expected"/>
    <testcase time="0.00200000000000955" classname="utils" name="lvls.default_works_as_expected"/>
    <testcase time="0.00499999999999545" classname="utils" name="quote_str_works_as_expected"/>
    <testcase time="0.00300000000001432" classname="utils" name="quote_str_works_as_expected"/>
    <testcase time="0.00399999999999068" classname="utils" name="quote_str_works_as_expected"/>
    <testcase time="0.00499999999999545" classname="utils" name="modify_default_args_works_as_expected"/>
    <testcase time="0.00300000000001432" classname="utils" name="modify_default_args_works_as_expected"/>
    <testcase time="0.00499999999999545" classname="utils" name="execute_with_args_works_as_expected"/>
    <testcase time="0.007000000000005" classname="utils" name="execute_with_args_works_as_expected"/>
    <testcase time="0.00100000000000477" classname="utils" name="execute_with_args_works_as_expected"/>
    <testcase time="0.0029999999999859" classname="utils" name="execute_with_args_works_as_expected"/>
    <testcase time="0.00200000000000955" classname="utils" name="execute_with_args_works_as_expected"/>
    <testcase time="0.00199999999998113" classname="utils" name="execute_with_args_works_as_expected"/>
    <testcase time="0.00200000000000955" classname="utils" name="execute_with_args_works_as_expected"/>
    <testcase time="0.00300000000001432" classname="utils" name="execute_with_args_works_as_expected"/>
    <testcase time="0.000999999999976353" classname="utils" name="execute_with_args_works_as_expected"/>
    <testcase time="0.00300000000001432" classname="utils" name="execute_with_args_works_as_expected"/>
    <testcase time="0.00200000000000955" classname="utils" name="execute_with_args_works_as_expected"/>
    <testcase time="0.0029999999999859" classname="utils" name="execute_with_args_works_as_expected"/>
    <testcase time="0.00399999999999068" classname="utils" name="do_call_work_as_expected"/>
    <testcase time="0.00300000000001432" classname="utils" name="do_call_work_as_expected"/>
    <testcase time="0.00800000000000978" classname="utils" name="do_call_errors_as_expected"/>
    <testcase time="0.00499999999999545" classname="utils" name="do_call_errors_as_expected"/>
    <testcase time="0.00499999999999545" classname="utils" name="convert_to_month_work_as_expected"/>
    <testcase time="0.0029999999999859" classname="utils" name="convert_to_month_work_as_expected"/>
    <testcase time="0.00300000000001432" classname="utils" name="convert_to_month_work_as_expected"/>
    <testcase time="0.00399999999999068" classname="utils" name="convert_to_month_work_as_expected"/>
    <testcase time="0.00200000000000955" classname="utils" name="convert_to_month_work_as_expected"/>
    <testcase time="0.0029999999999859" classname="utils" name="convert_to_month_work_as_expected"/>
    <testcase time="0.00800000000000978" classname="utils" name="convert_to_month_warning_messages_as_expected"/>
    <testcase time="0.00999999999999091" classname="utils" name="gg_theme_chevron_works_as_expected"/>
    <testcase time="0.00100000000000477" classname="utils" name="gg_theme_chevron_works_as_expected"/>
    <testcase time="0.00200000000000955" classname="utils" name="gg_theme_chevron_works_as_expected"/>
    <testcase time="0.00499999999999545" classname="utils" name="gg_theme_chevron_works_as_expected"/>
    <testcase time="0.00100000000000477" classname="utils" name="gg_theme_chevron_works_as_expected"/>
    <testcase time="0.00199999999998113" classname="utils" name="gg_theme_chevron_works_as_expected"/>
    <testcase time="0.00600000000000023" classname="utils" name="modify_character_works"/>
    <testcase time="0.00300000000001432" classname="utils" name="modify_character_works"/>
    <testcase time="0.00499999999999545" classname="utils" name="expand_list_works"/>
    <testcase time="0.00300000000001432" classname="utils" name="expand_list_works"/>
    <testcase time="0.00499999999999545" classname="utils" name="set_section_div_works"/>
    <testcase time="0.00499999999999545" classname="utils" name="set_section_div_works"/>
    <testcase time="0.00399999999999068" classname="utils" name="set_section_div_works"/>
    <testcase time="0.00300000000001432" classname="utils" name="set_section_div_works"/>
    <testcase time="0.00600000000000023" classname="utils" name="get_section_div_works"/>
    <testcase time="0.0029999999999859" classname="utils" name="get_section_div_works"/>
    <testcase time="0.905000000000001" classname="utils" name="grob_list_is_deprecated"/>
    <testcase time="0.875" classname="utils" name="gg_list_is_deprecated"/>
    <testcase time="0.00900000000001455" classname="utils" name="format_date_works_as_expected_for_POSIXct">
      <error type="error" message="Error in `C_force_tz(to_posixct(time), tz, roll_dst)`: CCTZ: Unrecognized timezone of the input vector: &quot;NZ&quot; ('test-utils.R:330:5')">Error in `C_force_tz(to_posixct(time), tz, roll_dst)`: CCTZ: Unrecognized timezone of the input vector: "NZ"
Backtrace:
     x
  1. +-withr::with_timezone(...) at test-utils.R:328:3
  2. | \-withr::with_envvar(c(TZ = tz), code)
  3. |   \-base::force(code)
  4. +-testthat::expect_identical(foo(d), "01JAN2019") at test-utils.R:330:5
  5. | \-testthat::quasi_label(enquo(object), label, arg = "object")
  6. |   \-rlang::eval_bare(expr, quo_get_env(quo))
  7. \-chevron (local) foo(d)
  8.   +-base::toupper(...)
  9.   +-base::format(...)
 10.   +-lubridate::force_tz(x, tzone = "UTC")
 11.   \-lubridate:::force_tz.default(x, tzone = "UTC")
 12.     \-timechange::time_force_tz(time, tz = tzone, roll_dst = roll_dst)
 13.       \-timechange:::.force_tz(time, tz, tzout, roll_dst)
 14.         +-timechange:::from_posixct(...)
 15.         \-timechange:::C_force_tz(to_posixct(time), tz, roll_dst)</error>
    </testcase>
    <testcase time="0.0269999999999868" classname="utils" name="format_date_works_as_expected_for_Date"/>
    <testcase time="0.00300000000001432" classname="utils" name="format_date_works_as_expected_for_Date"/>
  </testsuite>
  <testsuite name="vst01" timestamp="2025-02-13T15:38:42Z" hostname="d75a1980e1f2" tests="3" skipped="0" failures="0" errors="0" time="4.502">
    <testcase time="2.262" classname="vst01" name="vst01_functions_with_default_argument_value_return_expected_result_with_test_data"/>
    <testcase time="0.74199999999999" classname="vst01" name="run_vst01_works_as_expected"/>
    <testcase time="1.49799999999999" classname="vst01" name="run_vst01_works_as_expected"/>
  </testsuite>
  <testsuite name="vst02" timestamp="2025-02-13T15:38:47Z" hostname="d75a1980e1f2" tests="2" skipped="0" failures="0" errors="0" time="0.927">
    <testcase time="0.463999999999999" classname="vst02" name="vst02_functions_with_default_argument_value_return_expected_result_with_test_data"/>
    <testcase time="0.462999999999994" classname="vst02" name="vst02_functions_return_expected_result_with_test_data_when_excluding_subject_with_baseline_abnormality"/>
  </testsuite>
</testsuites>
