<?xml version="1.0" encoding="UTF-8"?>
<testsuites>
  <testsuite name="ael01_nollt" timestamp="2025-02-20T16:34:16Z" hostname="dc648b7bc157" tests="14" skipped="6" failures="0" errors="0" time="1.156">
    <testcase time="0.0649999999999999" classname="ael01_nollt" name="ael01_nollt_works_with_admh_dataset"/>
    <testcase time="0.242" classname="ael01_nollt" name="ael01_nollt_works_with_admh_dataset">
      <skipped message="Reason: On CRAN ('test-ael01_nollt.R:7:3')"/>
    </testcase>
    <testcase time="0.0529999999999999" classname="ael01_nollt" name="ael01_nollt_works_with_non_default_label"/>
    <testcase time="0.192" classname="ael01_nollt" name="ael01_nollt_works_with_non_default_label">
      <skipped message="Reason: On CRAN ('test-ael01_nollt.R:21:3')"/>
    </testcase>
    <testcase time="0.0499999999999998" classname="ael01_nollt" name="ael01_nollt_can_handle_all_missing_values"/>
    <testcase time="0.0690000000000004" classname="ael01_nollt" name="ael01_nollt_can_handle_all_missing_values">
      <skipped message="Reason: On CRAN ('test-ael01_nollt.R:35:3')"/>
    </testcase>
    <testcase time="0.0369999999999999" classname="ael01_nollt" name="ael01_nollt_can_handle_some_missing_values"/>
    <testcase time="0.12" classname="ael01_nollt" name="ael01_nollt_can_handle_some_missing_values">
      <skipped message="Reason: On CRAN ('test-ael01_nollt.R:51:3')"/>
    </testcase>
    <testcase time="0.0329999999999999" classname="ael01_nollt" name="ael01_nollt_listing_can_be_split_by_an_additional_variable"/>
    <testcase time="0.00099999999999989" classname="ael01_nollt" name="ael01_nollt_listing_can_be_split_by_an_additional_variable"/>
    <testcase time="0.151" classname="ael01_nollt" name="ael01_nollt_listing_can_be_split_by_an_additional_variable">
      <skipped message="Reason: On CRAN ('test-ael01_nollt.R:67:3')"/>
    </testcase>
    <testcase time="0.0390000000000001" classname="ael01_nollt" name="split_ael01_nollt_listing_do_not_display_missing_values"/>
    <testcase time="0.00200000000000022" classname="ael01_nollt" name="split_ael01_nollt_listing_do_not_display_missing_values"/>
    <testcase time="0.102" classname="ael01_nollt" name="split_ael01_nollt_listing_do_not_display_missing_values">
      <skipped message="Reason: On CRAN ('test-ael01_nollt.R:86:3')"/>
    </testcase>
  </testsuite>
  <testsuite name="ael02" timestamp="2025-02-20T16:34:17Z" hostname="dc648b7bc157" tests="9" skipped="3" failures="0" errors="0" time="2.71">
    <testcase time="0.0680000000000001" classname="ael02" name="ael02_works_with_adae_dataset"/>
    <testcase time="0.00099999999999989" classname="ael02" name="ael02_works_with_adae_dataset"/>
    <testcase time="0.839" classname="ael02" name="ael02_works_with_adae_dataset">
      <skipped message="Reason: On CRAN ('test-ael02.R:9:3')"/>
    </testcase>
    <testcase time="0.0499999999999998" classname="ael02" name="ael02_can_handle_all_missing_values"/>
    <testcase time="0.00100000000000033" classname="ael02" name="ael02_can_handle_all_missing_values"/>
    <testcase time="0.865" classname="ael02" name="ael02_can_handle_all_missing_values">
      <skipped message="Reason: On CRAN ('test-ael02.R:24:3')"/>
    </testcase>
    <testcase time="0.0489999999999995" classname="ael02" name="ael02_functions_work_as_expected"/>
    <testcase time="0.00100000000000033" classname="ael02" name="ael02_functions_work_as_expected"/>
    <testcase time="0.836" classname="ael02" name="ael02_functions_work_as_expected">
      <skipped message="Reason: On CRAN ('test-ael02.R:39:3')"/>
    </testcase>
  </testsuite>
  <testsuite name="ael03" timestamp="2025-02-20T16:34:20Z" hostname="dc648b7bc157" tests="9" skipped="3" failures="0" errors="0" time="2.763">
    <testcase time="0.0669999999999993" classname="ael03" name="ael03_works_with_adae_dataset"/>
    <testcase time="0.00100000000000033" classname="ael03" name="ael03_works_with_adae_dataset"/>
    <testcase time="0.86" classname="ael03" name="ael03_works_with_adae_dataset">
      <skipped message="Reason: On CRAN ('test-ael03.R:9:3')"/>
    </testcase>
    <testcase time="0.0569999999999995" classname="ael03" name="ael03_can_handle_all_missing_values"/>
    <testcase time="0.00100000000000033" classname="ael03" name="ael03_can_handle_all_missing_values"/>
    <testcase time="0.878" classname="ael03" name="ael03_can_handle_all_missing_values">
      <skipped message="Reason: On CRAN ('test-ael03.R:25:3')"/>
    </testcase>
    <testcase time="0.0489999999999995" classname="ael03" name="ael03_functions_work_as_expected"/>
    <testcase time="0.00100000000000033" classname="ael03" name="ael03_functions_work_as_expected"/>
    <testcase time="0.849" classname="ael03" name="ael03_functions_work_as_expected">
      <skipped message="Reason: On CRAN ('test-ael03.R:39:3')"/>
    </testcase>
  </testsuite>
  <testsuite name="aet01" timestamp="2025-02-20T16:34:22Z" hostname="dc648b7bc157" tests="11" skipped="5" failures="0" errors="0" time="2.824">
    <testcase time="0.403" classname="aet01" name="aet01_can_handle_all_NA_values"/>
    <testcase time="0.267999999999999" classname="aet01" name="aet01_can_handle_all_NA_values">
      <skipped message="Reason: On CRAN ('test-aet01.R:12:3')"/>
    </testcase>
    <testcase time="0.289" classname="aet01" name="aet01_can_handle_some_NA_values"/>
    <testcase time="0.263" classname="aet01" name="aet01_can_handle_some_NA_values">
      <skipped message="Reason: On CRAN ('test-aet01.R:30:3')"/>
    </testcase>
    <testcase time="0.215000000000002" classname="aet01" name="aet01_can_use_custom_anl_vars"/>
    <testcase time="0.154" classname="aet01" name="aet01_can_use_custom_anl_vars">
      <skipped message="Reason: On CRAN ('test-aet01.R:37:3')"/>
    </testcase>
    <testcase time="0.0689999999999991" classname="aet01" name="aet01_fails_on_incomplete_data_input"/>
    <testcase time="0.300000000000001" classname="aet01" name="aet01_can_use_custom_medconcept_var"/>
    <testcase time="0.449999999999999" classname="aet01" name="aet01_can_use_custom_medconcept_var">
      <skipped message="Reason: On CRAN ('test-aet01.R:69:3')"/>
    </testcase>
    <testcase time="0.194000000000001" classname="aet01" name="aet01_can_conditionally_show_the_number_of_withdrawal"/>
    <testcase time="0.218999999999999" classname="aet01" name="aet01_can_conditionally_show_the_number_of_withdrawal">
      <skipped message="Reason: On CRAN ('test-aet01.R:75:3')"/>
    </testcase>
  </testsuite>
  <testsuite name="aet01_aesi" timestamp="2025-02-20T16:34:25Z" hostname="dc648b7bc157" tests="7" skipped="3" failures="0" errors="0" time="1.566">
    <testcase time="0.214" classname="aet01_aesi" name="aet01_aesi_can_handle_all_NA_values"/>
    <testcase time="0.231" classname="aet01_aesi" name="aet01_aesi_can_handle_all_NA_values">
      <skipped message="Reason: On CRAN ('test-aet01_aesi.R:17:3')"/>
    </testcase>
    <testcase time="0.195" classname="aet01_aesi" name="aet01_aesi_can_handle_some_NA_values"/>
    <testcase time="0.234" classname="aet01_aesi" name="aet01_aesi_can_handle_some_NA_values">
      <skipped message="Reason: On CRAN ('test-aet01_aesi.R:31:3')"/>
    </testcase>
    <testcase time="0.270999999999999" classname="aet01_aesi" name="aet01_aesi_works_with_ALL_argument"/>
    <testcase time="0.364000000000001" classname="aet01_aesi" name="aet01_aesi_works_with_ALL_argument">
      <skipped message="Reason: On CRAN ('test-aet01_aesi.R:38:3')"/>
    </testcase>
    <testcase time="0.0570000000000004" classname="aet01_aesi" name="aet01_aesi_check_fails_on_incomplete_data_input"/>
  </testsuite>
  <testsuite name="aet02" timestamp="2025-02-20T16:34:27Z" hostname="dc648b7bc157" tests="3" skipped="1" failures="0" errors="0" time="1.604">
    <testcase time="0.0489999999999995" classname="aet02" name="aet02_fails_on_incomplete_data_input"/>
    <testcase time="0.122999999999999" classname="aet02" name="aet02_handle_empty_data_input"/>
    <testcase time="1.432" classname="aet02" name="aet02_can_have_different_levels_of_row_split">
      <skipped message="Reason: On CRAN ('test-aet02.R:32:3')"/>
    </testcase>
  </testsuite>
  <testsuite name="aet03" timestamp="2025-02-20T16:34:28Z" hostname="dc648b7bc157" tests="4" skipped="2" failures="0" errors="0" time="2.518">
    <testcase time="0.301" classname="aet03" name="aet03_can_handle_NA_values"/>
    <testcase time="0.231" classname="aet03" name="aet03_can_handle_NA_values">
      <skipped message="Reason: On CRAN ('test-aet03.R:10:3')"/>
    </testcase>
    <testcase time="1.296" classname="aet03" name="aet03_can_handle_some_NA_values"/>
    <testcase time="0.689999999999998" classname="aet03" name="aet03_can_handle_some_NA_values">
      <skipped message="Reason: On CRAN ('test-aet03.R:28:3')"/>
    </testcase>
  </testsuite>
  <testsuite name="aet04" timestamp="2025-02-20T16:34:31Z" hostname="dc648b7bc157" tests="4" skipped="2" failures="0" errors="0" time="4.2">
    <testcase time="0.421000000000003" classname="aet04" name="aet04_can_handle_NA_values"/>
    <testcase time="0.389999999999997" classname="aet04" name="aet04_can_handle_NA_values">
      <skipped message="Reason: On CRAN ('test-aet04.R:10:3')"/>
    </testcase>
    <testcase time="2.28" classname="aet04" name="aet04_can_handle_some_NA_values"/>
    <testcase time="1.109" classname="aet04" name="aet04_can_handle_some_NA_values">
      <skipped message="Reason: On CRAN ('test-aet04.R:33:3')"/>
    </testcase>
  </testsuite>
  <testsuite name="aet05" timestamp="2025-02-20T16:34:35Z" hostname="dc648b7bc157" tests="4" skipped="2" failures="0" errors="0" time="0.789">
    <testcase time="0.148999999999997" classname="aet05" name="aet05_can_handle_NA_values"/>
    <testcase time="0.232000000000003" classname="aet05" name="aet05_can_handle_NA_values">
      <skipped message="Reason: On CRAN ('test-aet05.R:7:3')"/>
    </testcase>
    <testcase time="0.143999999999998" classname="aet05" name="aet05_can_handle_some_NA_values"/>
    <testcase time="0.263999999999999" classname="aet05" name="aet05_can_handle_some_NA_values">
      <skipped message="Reason: On CRAN ('test-aet05.R:25:3')"/>
    </testcase>
  </testsuite>
  <testsuite name="aet05_all" timestamp="2025-02-20T16:34:36Z" hostname="dc648b7bc157" tests="4" skipped="2" failures="0" errors="0" time="0.812">
    <testcase time="0.170999999999999" classname="aet05_all" name="aet05_all_can_handle_NA_values"/>
    <testcase time="0.23" classname="aet05_all" name="aet05_all_can_handle_NA_values">
      <skipped message="Reason: On CRAN ('test-aet05_all.R:7:3')"/>
    </testcase>
    <testcase time="0.155999999999999" classname="aet05_all" name="aet05_all_can_handle_some_NA_values"/>
    <testcase time="0.255000000000003" classname="aet05_all" name="aet05_all_can_handle_some_NA_values">
      <skipped message="Reason: On CRAN ('test-aet05_all.R:22:3')"/>
    </testcase>
  </testsuite>
  <testsuite name="aet10" timestamp="2025-02-20T16:34:37Z" hostname="dc648b7bc157" tests="4" skipped="2" failures="0" errors="0" time="0.519">
    <testcase time="0.0829999999999984" classname="aet10" name="aet10_can_handle_NA_values"/>
    <testcase time="0.109999999999999" classname="aet10" name="aet10_can_handle_NA_values">
      <skipped message="Reason: On CRAN ('test-aet10.R:10:3')"/>
    </testcase>
    <testcase time="0.114000000000001" classname="aet10" name="aet10_can_handle_some_NA_values"/>
    <testcase time="0.212" classname="aet10" name="aet10_can_handle_some_NA_values">
      <skipped message="Reason: On CRAN ('test-aet10.R:25:3')"/>
    </testcase>
  </testsuite>
  <testsuite name="assertions" timestamp="2025-02-20T16:34:37Z" hostname="dc648b7bc157" tests="33" skipped="0" failures="0" errors="0" time="0.163">
    <testcase time="0.0180000000000007" classname="assertions" name="assert_valid_var.character_works_as_expected"/>
    <testcase time="0.00499999999999901" classname="assertions" name="assert_valid_var.character_works_as_expected"/>
    <testcase time="0.00499999999999901" classname="assertions" name="assert_valid_var.character_works_as_expected"/>
    <testcase time="0.00500000000000256" classname="assertions" name="assert_valid_var.character_works_as_expected"/>
    <testcase time="0.00199999999999889" classname="assertions" name="assert_valid_var.character_works_as_expected"/>
    <testcase time="0.00400000000000134" classname="assertions" name="assert_valid_var.factor_works_as_expected"/>
    <testcase time="0.00499999999999901" classname="assertions" name="assert_valid_var.factor_works_as_expected"/>
    <testcase time="0.00499999999999901" classname="assertions" name="assert_valid_var.factor_works_as_expected"/>
    <testcase time="0.00499999999999901" classname="assertions" name="assert_valid_var.factor_works_as_expected"/>
    <testcase time="0.00100000000000122" classname="assertions" name="assert_valid_var.factor_works_as_expected"/>
    <testcase time="0.00499999999999901" classname="assertions" name="assert_valid_var.logical_works_as_expected"/>
    <testcase time="0.00500000000000256" classname="assertions" name="assert_valid_var.logical_works_as_expected"/>
    <testcase time="0.00499999999999901" classname="assertions" name="assert_valid_var.logical_works_as_expected"/>
    <testcase time="0.00100000000000122" classname="assertions" name="assert_valid_var.logical_works_as_expected"/>
    <testcase time="0.00499999999999901" classname="assertions" name="assert_valid_var.numeric_works_as_expected"/>
    <testcase time="0.00499999999999901" classname="assertions" name="assert_valid_var.numeric_works_as_expected"/>
    <testcase time="0.00400000000000134" classname="assertions" name="assert_valid_var.numeric_works_as_expected"/>
    <testcase time="0.00199999999999889" classname="assertions" name="assert_valid_var.numeric_works_as_expected"/>
    <testcase time="0.00499999999999901" classname="assertions" name="assert_valid_var.numeric_works_as_expected"/>
    <testcase time="0.00100000000000122" classname="assertions" name="assert_valid_var.numeric_works_as_expected"/>
    <testcase time="0.00900000000000034" classname="assertions" name="assert_valid_var.POSIXct_works_as_expected"/>
    <testcase time="0.00900000000000034" classname="assertions" name="assert_valid_var.POSIXct_works_as_expected"/>
    <testcase time="0.00600000000000023" classname="assertions" name="assert_valid_variable_works_as_expected"/>
    <testcase time="0.00199999999999889" classname="assertions" name="assert_valid_variable_works_as_expected"/>
    <testcase time="0.00700000000000145" classname="assertions" name="assert_valid_variable_works_as_expected"/>
    <testcase time="0.000999999999997669" classname="assertions" name="assert_valid_variable_works_as_expected"/>
    <testcase time="0.00700000000000145" classname="assertions" name="assert_valid_variable_works_as_expected"/>
    <testcase time="0.00199999999999889" classname="assertions" name="assert_valid_variable_works_as_expected"/>
    <testcase time="0.00499999999999901" classname="assertions" name="assert_valid_var_pair_works_as_expected_with_character"/>
    <testcase time="0.00600000000000023" classname="assertions" name="assert_valid_var_pair_works_as_expected_with_character"/>
    <testcase time="0.00500000000000256" classname="assertions" name="assert_valid_var_pair_works_as_expected_with_factor"/>
    <testcase time="0.00600000000000023" classname="assertions" name="assert_valid_var_pair_works_as_expected_with_factor"/>
    <testcase time="0.00499999999999901" classname="assertions" name="assert_valid_var_pair_works_as_expected_with_factor"/>
  </testsuite>
  <testsuite name="cfbt01" timestamp="2025-02-20T16:34:37Z" hostname="dc648b7bc157" tests="3" skipped="2" failures="0" errors="0" time="9.3">
    <testcase time="6.907" classname="cfbt01" name="cfbt01_functions_with_default_argument_value_return_expected_result_with_test_data">
      <skipped message="Reason: On CRAN ('test-cfbt01.R:8:3')"/>
    </testcase>
    <testcase time="0.809999999999999" classname="cfbt01" name="cfbt01_can_handle_n_0_and_outputs_NE_instead_of_infs_and_NAs"/>
    <testcase time="1.583" classname="cfbt01" name="cfbt01_can_handle_n_0_and_outputs_NE_instead_of_infs_and_NAs">
      <skipped message="Reason: On CRAN ('test-cfbt01.R:24:3')"/>
    </testcase>
  </testsuite>
  <testsuite name="checks" timestamp="2025-02-20T16:34:47Z" hostname="dc648b7bc157" tests="8" skipped="0" failures="0" errors="0" time="0.037">
    <testcase time="0.0180000000000007" classname="checks" name="check_all_colnames_works_as_expected"/>
    <testcase time="0.00300000000000011" classname="checks" name="check_all_colnames_works_as_expected"/>
    <testcase time="0.00200000000000244" classname="checks" name="check_all_colnames_works_as_expected"/>
    <testcase time="0.00200000000000244" classname="checks" name="check_all_colnames_works_as_expected"/>
    <testcase time="0.00499999999999545" classname="checks" name="check_one_colnames_works_as_expected"/>
    <testcase time="0.00300000000000011" classname="checks" name="check_one_colnames_works_as_expected"/>
    <testcase time="0.00100000000000477" classname="checks" name="check_one_colnames_works_as_expected"/>
    <testcase time="0.00300000000000011" classname="checks" name="check_one_colnames_works_as_expected"/>
  </testsuite>
  <testsuite name="chevron_tlg-class" timestamp="2025-02-20T16:34:47Z" hostname="dc648b7bc157" tests="27" skipped="0" failures="0" errors="0" time="0.102">
    <testcase time="0.00799999999999557" classname="chevron_tlg_class" name="chevron_t_object_can_be_constructed_with_default_values"/>
    <testcase time="0.00300000000000011" classname="chevron_tlg_class" name="chevron_t_object_can_be_constructed_with_default_values"/>
    <testcase time="0.00600000000000023" classname="chevron_tlg_class" name="chevron_t_object_can_be_constructed_with_custom_values"/>
    <testcase time="0.00300000000000011" classname="chevron_tlg_class" name="chevron_t_object_can_be_constructed_with_custom_values"/>
    <testcase time="0.00200000000000244" classname="chevron_tlg_class" name="chevron_t_object_can_be_constructed_with_custom_values"/>
    <testcase time="0.00300000000000011" classname="chevron_tlg_class" name="chevron_t_object_can_be_constructed_with_custom_values"/>
    <testcase time="0.00499999999999545" classname="chevron_tlg_class" name="chevron_t_constructor_returns_an_error_when_expected"/>
    <testcase time="0.00100000000000477" classname="chevron_tlg_class" name="chevron_t_constructor_returns_an_error_when_expected"/>
    <testcase time="0.000999999999997669" classname="chevron_tlg_class" name="chevron_t_constructor_returns_an_error_when_expected"/>
    <testcase time="0.00100000000000477" classname="chevron_tlg_class" name="chevron_t_constructor_returns_an_error_when_expected"/>
    <testcase time="0.000999999999997669" classname="chevron_tlg_class" name="chevron_t_constructor_returns_an_error_when_expected"/>
    <testcase time="0.000999999999997669" classname="chevron_tlg_class" name="chevron_t_constructor_returns_an_error_when_expected"/>
    <testcase time="0.00600000000000023" classname="chevron_tlg_class" name="chevron_l_object_can_be_constructed_with_default_values"/>
    <testcase time="0.00200000000000244" classname="chevron_tlg_class" name="chevron_l_object_can_be_constructed_with_default_values"/>
    <testcase time="0.00600000000000023" classname="chevron_tlg_class" name="chevron_g_object_can_be_constructed_with_custom_values"/>
    <testcase time="0.00300000000000011" classname="chevron_tlg_class" name="chevron_g_object_can_be_constructed_with_custom_values"/>
    <testcase time="0.00200000000000244" classname="chevron_tlg_class" name="chevron_g_object_can_be_constructed_with_custom_values"/>
    <testcase time="0.00900000000000034" classname="chevron_tlg_class" name="chevron_g_object_can_be_constructed_with_custom_values"/>
    <testcase time="0.00799999999999557" classname="chevron_tlg_class" name="chevron_g_constructor_returns_an_error_when_expected"/>
    <testcase time="0.000999999999997669" classname="chevron_tlg_class" name="chevron_g_constructor_returns_an_error_when_expected"/>
    <testcase time="0.00200000000000244" classname="chevron_tlg_class" name="chevron_g_constructor_returns_an_error_when_expected"/>
    <testcase time="0.000999999999997669" classname="chevron_tlg_class" name="chevron_g_constructor_returns_an_error_when_expected"/>
    <testcase time="0.00200000000000244" classname="chevron_tlg_class" name="chevron_g_constructor_returns_an_error_when_expected"/>
    <testcase time="0.00200000000000244" classname="chevron_tlg_class" name="chevron_g_constructor_returns_an_error_when_expected"/>
    <testcase time="0.00799999999999557" classname="chevron_tlg_class" name="chevron_simple_works_correctly"/>
    <testcase time="0.00300000000000011" classname="chevron_tlg_class" name="chevron_simple_works_correctly"/>
    <testcase time="0.0120000000000005" classname="chevron_tlg_class" name="chevron_simple_errors_if_contains_return"/>
  </testsuite>
  <testsuite name="chevron_tlg-methods" timestamp="2025-02-20T16:34:47Z" hostname="dc648b7bc157" tests="54" skipped="15" failures="0" errors="0" time="8.018">
    <testcase time="1.339" classname="chevron_tlg_methods" name="run_works_as_expected_for_chevron_t_object"/>
    <testcase time="0.555000000000007" classname="chevron_tlg_methods" name="run_works_as_expected_for_chevron_t_object">
      <skipped message="Reason: On CRAN ('test-chevron_tlg-methods.R:8:3')"/>
    </testcase>
    <testcase time="0.564999999999998" classname="chevron_tlg_methods" name="run_works_as_expected_for_chevron_t_object_when_auto_pre_FALSE">
      <skipped message="Reason: On CRAN ('test-chevron_tlg-methods.R:17:3')"/>
    </testcase>
    <testcase time="0.292000000000002" classname="chevron_tlg_methods" name="run_works_as_expected_with_argument_printed">
      <skipped message="Reason: On CRAN ('test-chevron_tlg-methods.R:24:3')"/>
    </testcase>
    <testcase time="0.393000000000001" classname="chevron_tlg_methods" name="run_works_as_expected_with_argument_printed_if_the_user_argument_is_complicated">
      <skipped message="Reason: On CRAN ('test-chevron_tlg-methods.R:32:3')"/>
    </testcase>
    <testcase time="0.391999999999996" classname="chevron_tlg_methods" name="run_uses_the_argument_passed_through_the_ellipsis_in_priority">
      <skipped message="Reason: On CRAN ('test-chevron_tlg-methods.R:51:3')"/>
    </testcase>
    <testcase time="0.288000000000004" classname="chevron_tlg_methods" name="run_works_as_expected_with_partial_match_argument">
      <skipped message="Reason: On CRAN ('test-chevron_tlg-methods.R:58:3')"/>
    </testcase>
    <testcase time="0.390999999999998" classname="chevron_tlg_methods" name="run_displays_the_symbols_when_available">
      <skipped message="Reason: On CRAN ('test-chevron_tlg-methods.R:79:3')"/>
    </testcase>
    <testcase time="0.292000000000002" classname="chevron_tlg_methods" name="run_print_internal_functions_when_unwrap_is_TRUE"/>
    <testcase time="0.00199999999999534" classname="chevron_tlg_methods" name="run_print_internal_functions_when_unwrap_is_TRUE"/>
    <testcase time="0.00100000000000477" classname="chevron_tlg_methods" name="run_print_internal_functions_when_unwrap_is_TRUE"/>
    <testcase time="0.0069999999999979" classname="chevron_tlg_methods" name="run_print_internal_functions_when_unwrap_is_TRUE">
      <skipped message="Reason: On CRAN ('test-chevron_tlg-methods.R:92:3')"/>
    </testcase>
    <testcase time="1.154" classname="chevron_tlg_methods" name="run_print_internal_functions_when_unwrap_is_TRUE_and_standard_chevron_tlg_has_no_layout">
      <skipped message="Reason: On CRAN ('test-chevron_tlg-methods.R:99:3')"/>
    </testcase>
    <testcase time="0.0190000000000055" classname="chevron_tlg_methods" name="run_print_internal_functions_when_unwrap_is_TRUE_and_the_chevron_tlg_object_is_customized"/>
    <testcase time="0.000999999999997669" classname="chevron_tlg_methods" name="run_print_internal_functions_when_unwrap_is_TRUE_and_the_chevron_tlg_object_is_customized"/>
    <testcase time="0.00200000000000244" classname="chevron_tlg_methods" name="run_print_internal_functions_when_unwrap_is_TRUE_and_the_chevron_tlg_object_is_customized"/>
    <testcase time="0.00600000000000023" classname="chevron_tlg_methods" name="run_print_internal_functions_when_unwrap_is_TRUE_and_the_chevron_tlg_object_is_customized">
      <skipped message="Reason: On CRAN ('test-chevron_tlg-methods.R:117:3')"/>
    </testcase>
    <testcase time="0.0169999999999959" classname="chevron_tlg_methods" name="run_print_main_and_postprocessing_functions_when_unwrap_is_TRUE_and_auto_pre_is_FALSE"/>
    <testcase time="0.00200000000000244" classname="chevron_tlg_methods" name="run_print_main_and_postprocessing_functions_when_unwrap_is_TRUE_and_auto_pre_is_FALSE"/>
    <testcase time="0.000999999999997669" classname="chevron_tlg_methods" name="run_print_main_and_postprocessing_functions_when_unwrap_is_TRUE_and_auto_pre_is_FALSE"/>
    <testcase time="0.000999999999997669" classname="chevron_tlg_methods" name="run_print_main_and_postprocessing_functions_when_unwrap_is_TRUE_and_auto_pre_is_FALSE"/>
    <testcase time="0.007000000000005" classname="chevron_tlg_methods" name="run_print_main_and_postprocessing_functions_when_unwrap_is_TRUE_and_auto_pre_is_FALSE">
      <skipped message="Reason: On CRAN ('test-chevron_tlg-methods.R:137:3')"/>
    </testcase>
    <testcase time="0.0129999999999981" classname="chevron_tlg_methods" name="args_ls_works_as_expected"/>
    <testcase time="0.000999999999997669" classname="chevron_tlg_methods" name="args_ls_works_as_expected"/>
    <testcase time="0.00200000000000244" classname="chevron_tlg_methods" name="args_ls_works_as_expected"/>
    <testcase time="0.00500000000000256" classname="chevron_tlg_methods" name="args_ls_works_as_expected_when_simplify_is_TRUE"/>
    <testcase time="0.000999999999997669" classname="chevron_tlg_methods" name="args_ls_works_as_expected_when_simplify_is_TRUE"/>
    <testcase time="0.000999999999997669" classname="chevron_tlg_methods" name="args_ls_works_as_expected_when_simplify_is_TRUE"/>
    <testcase time="0.00600000000000023" classname="chevron_tlg_methods" name="args_ls_works_as_expected_with_custom_chevron_tlg_object"/>
    <testcase time="0.00100000000000477" classname="chevron_tlg_methods" name="args_ls_works_as_expected_with_custom_chevron_tlg_object"/>
    <testcase time="0.000999999999997669" classname="chevron_tlg_methods" name="args_ls_works_as_expected_with_custom_chevron_tlg_object"/>
    <testcase time="0.00300000000000011" classname="chevron_tlg_methods" name="args_ls_works_as_expected_with_custom_chevron_tlg_object"/>
    <testcase time="0.00600000000000023" classname="chevron_tlg_methods" name="main_works_as_expected"/>
    <testcase time="0.00600000000000023" classname="chevron_tlg_methods" name="main_setter_works_as_expected"/>
    <testcase time="0.0180000000000007" classname="chevron_tlg_methods" name="main_setter_throw_an_error_as_expected"/>
    <testcase time="0.00600000000000023" classname="chevron_tlg_methods" name="preprocess_works_as_expected"/>
    <testcase time="0.00600000000000023" classname="chevron_tlg_methods" name="preprocess_setter_works_as_expected"/>
    <testcase time="0.0109999999999957" classname="chevron_tlg_methods" name="preprocess_sends_an_error_as_expected"/>
    <testcase time="0.00600000000000023" classname="chevron_tlg_methods" name="postprocess_works_as_expected"/>
    <testcase time="0.00600000000000023" classname="chevron_tlg_methods" name="postprocess_setter_works_as_expected"/>
    <testcase time="0.0100000000000051" classname="chevron_tlg_methods" name="postprocess_sends_an_error_as_expected"/>
    <testcase time="0.00499999999999545" classname="chevron_tlg_methods" name="script_funs_works_as_expected_in_interactive_mode">
      <skipped message="Reason: !interactive() is TRUE ('test-chevron_tlg-methods.R:264:3')"/>
    </testcase>
    <testcase time="0.0140000000000029" classname="chevron_tlg_methods" name="script_funs_works_as_expected"/>
    <testcase time="0.000999999999997669" classname="chevron_tlg_methods" name="script_funs_works_as_expected"/>
    <testcase time="2.098" classname="chevron_tlg_methods" name="script_funs_generates_a_valid_script"/>
    <testcase time="0.00200000000000244" classname="chevron_tlg_methods" name="script_funs_generates_a_valid_script"/>
    <testcase time="0.000999999999997669" classname="chevron_tlg_methods" name="script_funs_generates_a_valid_script"/>
    <testcase time="0.00200000000000244" classname="chevron_tlg_methods" name="script_funs_generates_a_valid_script"/>
    <testcase time="0.000999999999997669" classname="chevron_tlg_methods" name="script_funs_generates_a_valid_script"/>
    <testcase time="0.00999999999999801" classname="chevron_tlg_methods" name="script_funs_generates_a_valid_script">
      <skipped message="Reason: On CRAN ('test-chevron_tlg-methods.R:297:5')"/>
    </testcase>
    <testcase time="0.0140000000000029" classname="chevron_tlg_methods" name="script_funs_works_for_simple_template"/>
    <testcase time="0.000999999999997669" classname="chevron_tlg_methods" name="script_funs_works_for_simple_template"/>
    <testcase time="0.0140000000000029" classname="chevron_tlg_methods" name="print_list_works">
      <skipped message="Reason: On CRAN ('test-chevron_tlg-methods.R:311:3')"/>
    </testcase>
    <testcase time="0.0189999999999984" classname="chevron_tlg_methods" name="print_list_works_for_empty_list">
      <skipped message="Reason: On CRAN ('test-chevron_tlg-methods.R:315:3')"/>
    </testcase>
  </testsuite>
  <testsuite name="cml02a_gl" timestamp="2025-02-20T16:34:55Z" hostname="dc648b7bc157" tests="6" skipped="3" failures="0" errors="0" time="0.53">
    <testcase time="0.0360000000000014" classname="cml02a_gl" name="cml02a_gl_works_with_adcm_dataset"/>
    <testcase time="0.165999999999997" classname="cml02a_gl" name="cml02a_gl_works_with_adcm_dataset">
      <skipped message="Reason: On CRAN ('test-cml02a_gl.R:5:3')"/>
    </testcase>
    <testcase time="0.034000000000006" classname="cml02a_gl" name="cml02a_gl_works_with_missing_data"/>
    <testcase time="0.111999999999995" classname="cml02a_gl" name="cml02a_gl_works_with_missing_data">
      <skipped message="Reason: On CRAN ('test-cml02a_gl.R:13:3')"/>
    </testcase>
    <testcase time="0.0320000000000036" classname="cml02a_gl" name="cml02a_gl_functions_work_as_expected"/>
    <testcase time="0.149999999999999" classname="cml02a_gl" name="cml02a_gl_functions_work_as_expected">
      <skipped message="Reason: On CRAN ('test-cml02a_gl.R:24:3')"/>
    </testcase>
  </testsuite>
  <testsuite name="cmt01a" timestamp="2025-02-20T16:34:55Z" hostname="dc648b7bc157" tests="6" skipped="4" failures="0" errors="0" time="3.763">
    <testcase time="1.139" classname="cmt01a" name="cmt01a_functions_with_default_argument_value_return_expected_result_with_test_data">
      <skipped message="Reason: On CRAN ('test-cmt01a.R:7:3')"/>
    </testcase>
    <testcase time="1.064" classname="cmt01a" name="cmt01a_functions_with_custom_argument_value_return_expected_result_with_test_data">
      <skipped message="Reason: On CRAN ('test-cmt01a.R:20:3')"/>
    </testcase>
    <testcase time="0.161999999999999" classname="cmt01a" name="cmt01a_can_handle_all_NA_values"/>
    <testcase time="0.156999999999996" classname="cmt01a" name="cmt01a_can_handle_all_NA_values">
      <skipped message="Reason: On CRAN ('test-cmt01a.R:35:3')"/>
    </testcase>
    <testcase time="0.646000000000001" classname="cmt01a" name="cmt01a_can_handle_some_NA_values"/>
    <testcase time="0.594999999999999" classname="cmt01a" name="cmt01a_can_handle_some_NA_values">
      <skipped message="Reason: On CRAN ('test-cmt01a.R:44:3')"/>
    </testcase>
  </testsuite>
  <testsuite name="cmt02_pt" timestamp="2025-02-20T16:34:59Z" hostname="dc648b7bc157" tests="4" skipped="2" failures="0" errors="0" time="0.616">
    <testcase time="0.112000000000002" classname="cmt02_pt" name="cmt02_pt_can_handle_all_NA_values"/>
    <testcase time="0.127000000000002" classname="cmt02_pt" name="cmt02_pt_can_handle_all_NA_values">
      <skipped message="Reason: On CRAN ('test-cmt02_pt.R:9:3')"/>
    </testcase>
    <testcase time="0.156999999999996" classname="cmt02_pt" name="cmt02_pt_can_handle_some_NA_values"/>
    <testcase time="0.219999999999999" classname="cmt02_pt" name="cmt02_pt_can_handle_some_NA_values">
      <skipped message="Reason: On CRAN ('test-cmt02_pt.R:18:3')"/>
    </testcase>
  </testsuite>
  <testsuite name="coxt01" timestamp="2025-02-20T16:35:00Z" hostname="dc648b7bc157" tests="3" skipped="1" failures="0" errors="0" time="0.527">
    <testcase time="0.321000000000005" classname="coxt01" name="coxt01_can_handle_some_NA_values"/>
    <testcase time="0.183" classname="coxt01" name="coxt01_can_handle_some_NA_values">
      <skipped message="Reason: On CRAN ('test-coxt01.R:6:3')"/>
    </testcase>
    <testcase time="0.0229999999999961" classname="coxt01" name="coxt01_fails_on_incomlete_data"/>
  </testsuite>
  <testsuite name="coxt02" timestamp="2025-02-20T16:35:00Z" hostname="dc648b7bc157" tests="3" skipped="1" failures="0" errors="0" time="0.671">
    <testcase time="0.427" classname="coxt02" name="coxt02_can_handle_some_NA_values"/>
    <testcase time="0.219999999999999" classname="coxt02" name="coxt02_can_handle_some_NA_values">
      <skipped message="Reason: On CRAN ('test-coxt02.R:5:3')"/>
    </testcase>
    <testcase time="0.0240000000000009" classname="coxt02" name="coxt02_fails_on_incomlete_data"/>
  </testsuite>
  <testsuite name="default_tlg" timestamp="2025-02-20T16:35:01Z" hostname="dc648b7bc157" tests="15" skipped="15" failures="0" errors="0" time="11.531">
    <testcase time="0.145000000000003" classname="default_tlg" name="ael01_nollt_function_with_default_argument_value_return_expected_result_with_test_data">
      <skipped message="Reason: On CRAN ('test-default_tlg.R:5:3')"/>
    </testcase>
    <testcase time="0.563000000000002" classname="default_tlg" name="aet01_function_with_default_argument_value_return_expected_result_with_test_data">
      <skipped message="Reason: On CRAN ('test-default_tlg.R:12:3')"/>
    </testcase>
    <testcase time="0.497999999999998" classname="default_tlg" name="aet01_aesi_function_with_default_argument_value_return_expected_result_with_test_data">
      <skipped message="Reason: On CRAN ('test-default_tlg.R:19:3')"/>
    </testcase>
    <testcase time="1.02" classname="default_tlg" name="aet02_functions_with_default_argument_value_return_expected_result_with_test_data">
      <skipped message="Reason: On CRAN ('test-default_tlg.R:26:3')"/>
    </testcase>
    <testcase time="2.14" classname="default_tlg" name="aet03_functions_with_default_argument_value_return_expected_result_with_test_data">
      <skipped message="Reason: On CRAN ('test-default_tlg.R:33:3')"/>
    </testcase>
    <testcase time="3.486" classname="default_tlg" name="aet04_functions_with_default_argument_value_return_expected_result_with_test_data">
      <skipped message="Reason: On CRAN ('test-default_tlg.R:40:3')"/>
    </testcase>
    <testcase time="0.378999999999998" classname="default_tlg" name="aet05_functions_with_default_argument_value_return_expected_result_with_test_data">
      <skipped message="Reason: On CRAN ('test-default_tlg.R:47:3')"/>
    </testcase>
    <testcase time="0.387999999999998" classname="default_tlg" name="aet05_all_functions_with_default_argument_value_return_expected_result_with_test_data">
      <skipped message="Reason: On CRAN ('test-default_tlg.R:54:3')"/>
    </testcase>
    <testcase time="0.292000000000002" classname="default_tlg" name="aet10_functions_with_default_argument_value_return_expected_result_with_test_data">
      <skipped message="Reason: On CRAN ('test-default_tlg.R:61:3')"/>
    </testcase>
    <testcase time="0.343000000000004" classname="default_tlg" name="cmt02_pt_functions_with_default_argument_value_return_expected_result_with_test_data">
      <skipped message="Reason: On CRAN ('test-default_tlg.R:68:3')"/>
    </testcase>
    <testcase time="0.448" classname="default_tlg" name="coxt01_functions_with_default_argument_value_return_expected_result_with_test_data">
      <skipped message="Reason: On CRAN ('test-default_tlg.R:78:3')"/>
    </testcase>
    <testcase time="0.600999999999999" classname="default_tlg" name="coxt02_functions_with_default_argument_value_return_expected_result_with_test_data">
      <skipped message="Reason: On CRAN ('test-default_tlg.R:86:3')"/>
    </testcase>
    <testcase time="0.564999999999998" classname="default_tlg" name="dmt01_functions_with_default_argument_value_return_expected_result_with_test_data">
      <skipped message="Reason: On CRAN ('test-default_tlg.R:93:3')"/>
    </testcase>
    <testcase time="0.410000000000004" classname="default_tlg" name="dst01_functions_with_default_argument_value_return_expected_result_with_test_data">
      <skipped message="Reason: On CRAN ('test-default_tlg.R:100:3')"/>
    </testcase>
    <testcase time="0.253" classname="default_tlg" name="dtht01_functions_with_default_argument_value_return_expected_result_with_test_data">
      <skipped message="Reason: On CRAN ('test-default_tlg.R:107:3')"/>
    </testcase>
  </testsuite>
  <testsuite name="dmt01" timestamp="2025-02-20T16:35:12Z" hostname="dc648b7bc157" tests="19" skipped="9" failures="0" errors="0" time="4.169">
    <testcase time="0.212999999999994" classname="dmt01" name="dmt01_can_handle_NA_values"/>
    <testcase time="0.287000000000006" classname="dmt01" name="dmt01_can_handle_NA_values">
      <skipped message="Reason: On CRAN ('test-dmt01.R:8:3')"/>
    </testcase>
    <testcase time="0.213999999999999" classname="dmt01" name="dmt01_can_handle_numeric_NA_values"/>
    <testcase time="0.366" classname="dmt01" name="dmt01_can_handle_numeric_NA_values">
      <skipped message="Reason: On CRAN ('test-dmt01.R:16:3')"/>
    </testcase>
    <testcase time="0.0249999999999986" classname="dmt01" name="dmt01_returns_an_error_when_variables_are_of_the_wrong_type"/>
    <testcase time="0.149999999999999" classname="dmt01" name="dmt01_works_as_expected_with_setting_default_precision"/>
    <testcase time="0.288000000000004" classname="dmt01" name="dmt01_works_as_expected_with_setting_default_precision">
      <skipped message="Reason: On CRAN ('test-dmt01.R:37:3')"/>
    </testcase>
    <testcase time="0.164999999999999" classname="dmt01" name="dmt01_works_as_expected_with_auto_precision_settings"/>
    <testcase time="0.356000000000002" classname="dmt01" name="dmt01_works_as_expected_with_auto_precision_settings">
      <skipped message="Reason: On CRAN ('test-dmt01.R:43:3')"/>
    </testcase>
    <testcase time="0.167000000000002" classname="dmt01" name="dmt01_works_as_expected_with_auto_precision_settings_and_defined_precision"/>
    <testcase time="0.324999999999996" classname="dmt01" name="dmt01_works_as_expected_with_auto_precision_settings_and_defined_precision">
      <skipped message="Reason: On CRAN ('test-dmt01.R:49:3')"/>
    </testcase>
    <testcase time="0.161000000000001" classname="dmt01" name="dmt01_works_as_expected_with_auto_precision_settings_and_defined_precision_and_default"/>
    <testcase time="0.301000000000002" classname="dmt01" name="dmt01_works_as_expected_with_auto_precision_settings_and_defined_precision_and_default">
      <skipped message="Reason: On CRAN ('test-dmt01.R:57:3')"/>
    </testcase>
    <testcase time="0.155000000000001" classname="dmt01" name="dmt01_works_as_expected_with_cutomized_stats_value"/>
    <testcase time="0.262" classname="dmt01" name="dmt01_works_as_expected_with_cutomized_stats_value">
      <skipped message="Reason: On CRAN ('test-dmt01.R:71:3')"/>
    </testcase>
    <testcase time="0.165999999999997" classname="dmt01" name="dmt01_works_as_expected_with_empty_list_as_stats_value"/>
    <testcase time="0.296999999999997" classname="dmt01" name="dmt01_works_as_expected_with_empty_list_as_stats_value">
      <skipped message="Reason: On CRAN ('test-dmt01.R:85:3')"/>
    </testcase>
    <testcase time="0.0990000000000038" classname="dmt01" name="dmt01_works_as_expected_with_only_one_summaryvars"/>
    <testcase time="0.171999999999997" classname="dmt01" name="dmt01_works_as_expected_with_only_one_summaryvars">
      <skipped message="Reason: On CRAN ('test-dmt01.R:97:3')"/>
    </testcase>
  </testsuite>
  <testsuite name="dst01" timestamp="2025-02-20T16:35:17Z" hostname="dc648b7bc157" tests="14" skipped="7" failures="0" errors="0" time="2.483">
    <testcase time="0.152999999999999" classname="dst01" name="dst01_works_as_expected_when_all_data_are_NA"/>
    <testcase time="0.0560000000000045" classname="dst01" name="dst01_works_as_expected_when_all_data_are_NA">
      <skipped message="Reason: On CRAN ('test-dst01.R:11:3')"/>
    </testcase>
    <testcase time="0.125" classname="dst01" name="dst01_can_handle_all_NA_values_in_DCSREAS"/>
    <testcase time="0.134999999999998" classname="dst01" name="dst01_can_handle_all_NA_values_in_DCSREAS">
      <skipped message="Reason: On CRAN ('test-dst01.R:23:3')"/>
    </testcase>
    <testcase time="0.175000000000004" classname="dst01" name="dst01_can_handle_some_NA_values"/>
    <testcase time="0.207999999999998" classname="dst01" name="dst01_can_handle_some_NA_values">
      <skipped message="Reason: On CRAN ('test-dst01.R:31:3')"/>
    </testcase>
    <testcase time="0.147999999999996" classname="dst01" name="dst01_can_handle_missing_levels_in_status_var"/>
    <testcase time="0.0590000000000046" classname="dst01" name="dst01_can_handle_missing_levels_in_status_var">
      <skipped message="Reason: On CRAN ('test-dst01.R:42:3')"/>
    </testcase>
    <testcase time="0.196999999999996" classname="dst01" name="dst01_can_create_variants"/>
    <testcase time="0.213999999999999" classname="dst01" name="dst01_can_create_variants">
      <skipped message="Reason: On CRAN ('test-dst01.R:48:3')"/>
    </testcase>
    <testcase time="0.231000000000009" classname="dst01" name="dst01_can_create_variants"/>
    <testcase time="0.23599999999999" classname="dst01" name="dst01_can_create_variants">
      <skipped message="Reason: On CRAN ('test-dst01.R:54:3')"/>
    </testcase>
    <testcase time="0.27300000000001" classname="dst01" name="dst01_can_create_variants"/>
    <testcase time="0.272999999999996" classname="dst01" name="dst01_can_create_variants">
      <skipped message="Reason: On CRAN ('test-dst01.R:62:3')"/>
    </testcase>
  </testsuite>
  <testsuite name="dtht01" timestamp="2025-02-20T16:35:19Z" hostname="dc648b7bc157" tests="5" skipped="3" failures="0" errors="0" time="1.427">
    <testcase time="0.117000000000004" classname="dtht01" name="dtht01_can_handle_all_NA_values"/>
    <testcase time="0.156999999999996" classname="dtht01" name="dtht01_can_handle_all_NA_values">
      <skipped message="Reason: On CRAN ('test-dtht01.R:12:3')"/>
    </testcase>
    <testcase time="0.241" classname="dtht01" name="dtht01_can_handle_some_NA_values"/>
    <testcase time="0.334999999999994" classname="dtht01" name="dtht01_can_handle_some_NA_values">
      <skipped message="Reason: On CRAN ('test-dtht01.R:20:3')"/>
    </testcase>
    <testcase time="0.576999999999998" classname="dtht01" name="dtht01_can_be_parametrize_as_expected">
      <skipped message="Reason: On CRAN ('test-dtht01.R:32:3')"/>
    </testcase>
  </testsuite>
  <testsuite name="egt01" timestamp="2025-02-20T16:35:21Z" hostname="dc648b7bc157" tests="3" skipped="2" failures="0" errors="0" time="6.862">
    <testcase time="3.40900000000001" classname="egt01" name="egt01_functions_with_default_argument_value_return_expected_result_with_test_data">
      <skipped message="Reason: On CRAN ('test-egt01.R:7:3')"/>
    </testcase>
    <testcase time="1.313" classname="egt01" name="egt01_can_handle_n_0_and_outputs_NE_instead_of_infs_and_NAs"/>
    <testcase time="2.14" classname="egt01" name="egt01_can_handle_n_0_and_outputs_NE_instead_of_infs_and_NAs">
      <skipped message="Reason: On CRAN ('test-egt01.R:21:3')"/>
    </testcase>
  </testsuite>
  <testsuite name="egt02" timestamp="2025-02-20T16:35:27Z" hostname="dc648b7bc157" tests="2" skipped="2" failures="0" errors="0" time="0.676">
    <testcase time="0.352000000000004" classname="egt02" name="egt02_1_functions_with_default_argument_value_return_expected_result_with_test_data">
      <skipped message="Reason: On CRAN ('test-egt02.R:7:3')"/>
    </testcase>
    <testcase time="0.323999999999998" classname="egt02" name="egt02_2_functions_with_default_value_return_expected_result_with_test_data">
      <skipped message="Reason: On CRAN ('test-egt02.R:15:3')"/>
    </testcase>
  </testsuite>
  <testsuite name="egt03" timestamp="2025-02-20T16:35:28Z" hostname="dc648b7bc157" tests="5" skipped="2" failures="0" errors="0" time="3.221">
    <testcase time="1.71599999999999" classname="egt03" name="egt03_functions_with_default_argument_value_return_expected_result_with_test_data">
      <skipped message="Reason: On CRAN ('test-egt03.R:7:3')"/>
    </testcase>
    <testcase time="0.0240000000000009" classname="egt03" name="egt03_errors_on_all_NA_values"/>
    <testcase time="0.480000000000004" classname="egt03" name="egt03_can_handle_some_NA_values"/>
    <testcase time="0.97699999999999" classname="egt03" name="egt03_can_handle_some_NA_values">
      <skipped message="Reason: On CRAN ('test-egt03.R:30:3')"/>
    </testcase>
    <testcase time="0.0240000000000009" classname="egt03" name="egt03_fails_on_incomplete_data"/>
  </testsuite>
  <testsuite name="egt05_qtcat" timestamp="2025-02-20T16:35:31Z" hostname="dc648b7bc157" tests="4" skipped="2" failures="0" errors="0" time="3.237">
    <testcase time="2.08600000000001" classname="egt05_qtcat" name="egt05_qtcat_functions_with_default_argument_value_return_expected_result_with_test_data">
      <skipped message="Reason: On CRAN ('test-egt05_qtcat.R:7:3')"/>
    </testcase>
    <testcase time="0.0259999999999962" classname="egt05_qtcat" name="egt05_qtcat_erros_on_all_NA_values"/>
    <testcase time="0.384" classname="egt05_qtcat" name="egt05_qtcat_can_handle_some_NA_values"/>
    <testcase time="0.741" classname="egt05_qtcat" name="egt05_qtcat_can_handle_some_NA_values">
      <skipped message="Reason: On CRAN ('test-egt05_qtcat.R:30:3')"/>
    </testcase>
  </testsuite>
  <testsuite name="empty_report" timestamp="2025-02-20T16:35:35Z" hostname="dc648b7bc157" tests="25" skipped="0" failures="0" errors="0" time="2.809">
    <testcase time="0.106999999999999" classname="empty_report" name="tlg_functions_return_null_reports_when_domain_table_is_empty"/>
    <testcase time="0.263999999999996" classname="empty_report" name="tlg_functions_return_null_reports_when_domain_table_is_empty"/>
    <testcase time="0.192999999999998" classname="empty_report" name="tlg_functions_return_null_reports_when_domain_table_is_empty"/>
    <testcase time="0.111000000000004" classname="empty_report" name="tlg_functions_return_null_reports_when_domain_table_is_empty"/>
    <testcase time="0.102000000000004" classname="empty_report" name="tlg_functions_return_null_reports_when_domain_table_is_empty"/>
    <testcase time="0.0739999999999981" classname="empty_report" name="tlg_functions_return_null_reports_when_domain_table_is_empty"/>
    <testcase time="0.0939999999999941" classname="empty_report" name="tlg_functions_return_null_reports_when_domain_table_is_empty"/>
    <testcase time="0.154000000000011" classname="empty_report" name="tlg_functions_return_null_reports_when_domain_table_is_empty"/>
    <testcase time="0.173999999999992" classname="empty_report" name="tlg_functions_return_null_reports_when_domain_table_is_empty"/>
    <testcase time="0.0960000000000036" classname="empty_report" name="tlg_functions_return_null_reports_when_domain_table_is_empty"/>
    <testcase time="0.105999999999995" classname="empty_report" name="tlg_functions_return_null_reports_when_domain_table_is_empty"/>
    <testcase time="0.054000000000002" classname="empty_report" name="tlg_functions_return_null_reports_when_domain_table_is_empty"/>
    <testcase time="0.0520000000000067" classname="empty_report" name="tlg_functions_return_null_reports_when_domain_table_is_empty"/>
    <testcase time="0.0789999999999935" classname="empty_report" name="tlg_functions_return_null_reports_when_domain_table_is_empty"/>
    <testcase time="0.0690000000000026" classname="empty_report" name="tlg_functions_return_null_reports_when_domain_table_is_empty"/>
    <testcase time="0.0919999999999987" classname="empty_report" name="tlg_functions_return_null_reports_when_domain_table_is_empty"/>
    <testcase time="0.0810000000000031" classname="empty_report" name="tlg_functions_return_null_reports_when_domain_table_is_empty"/>
    <testcase time="0.11099999999999" classname="empty_report" name="tlg_functions_return_null_reports_when_domain_table_is_empty"/>
    <testcase time="0.322000000000003" classname="empty_report" name="tlg_functions_return_null_reports_when_domain_table_is_empty"/>
    <testcase time="0.0919999999999987" classname="empty_report" name="tlg_functions_return_null_reports_when_domain_table_is_empty"/>
    <testcase time="0.097999999999999" classname="empty_report" name="tlg_functions_return_null_reports_when_domain_table_is_empty"/>
    <testcase time="0.0650000000000119" classname="empty_report" name="tlg_functions_return_null_reports_when_domain_table_is_empty"/>
    <testcase time="0.106999999999999" classname="empty_report" name="tlg_functions_return_null_reports_when_domain_table_is_empty"/>
    <testcase time="0.0509999999999877" classname="empty_report" name="tlg_functions_return_null_reports_when_domain_table_is_empty"/>
    <testcase time="0.061000000000007" classname="empty_report" name="tlg_functions_return_null_reports_when_domain_table_is_empty"/>
  </testsuite>
  <testsuite name="ext01" timestamp="2025-02-20T16:35:37Z" hostname="dc648b7bc157" tests="8" skipped="7" failures="0" errors="0" time="4.74">
    <testcase time="0.501000000000005" classname="ext01" name="ext01_functions_with_default_argument_value_return_expected_result_with_test_data">
      <skipped message="Reason: On CRAN ('test-ext01.R:7:3')"/>
    </testcase>
    <testcase time="0.569999999999993" classname="ext01" name="ext01_functions_with_categorical_data_return_expected_result_with_test_data">
      <skipped message="Reason: On CRAN ('test-ext01.R:16:3')"/>
    </testcase>
    <testcase time="0.200000000000003" classname="ext01" name="ext01_works"/>
    <testcase time="0.313000000000002" classname="ext01" name="ext01_works">
      <skipped message="Reason: On CRAN ('test-ext01.R:25:3')"/>
    </testcase>
    <testcase time="0.570999999999998" classname="ext01" name="ext01_works_for_selected_parameters_and_categorical_variables">
      <skipped message="Reason: On CRAN ('test-ext01.R:39:3')"/>
    </testcase>
    <testcase time="0.838999999999999" classname="ext01" name="ext01_works_with_custom_mapping_order">
      <skipped message="Reason: On CRAN ('test-ext01.R:51:3')"/>
    </testcase>
    <testcase time="0.838999999999999" classname="ext01" name="ext01_works_with_custom_mapping_order_for_a_single_split">
      <skipped message="Reason: On CRAN ('test-ext01.R:61:3')"/>
    </testcase>
    <testcase time="0.906999999999996" classname="ext01" name="ext01_works_with_custom_mapping_fill_in_value">
      <skipped message="Reason: On CRAN ('test-ext01.R:73:3')"/>
    </testcase>
  </testsuite>
  <testsuite name="fstg01" timestamp="2025-02-20T16:35:42Z" hostname="dc648b7bc157" tests="13" skipped="0" failures="0" errors="0" time="7.033">
    <testcase time="0.0210000000000008" classname="fstg01" name="fstg01_works_as_expected"/>
    <testcase time="1.339" classname="fstg01" name="fstg01_works_as_expected"/>
    <testcase time="0.00300000000000011" classname="fstg01" name="fstg01_works_as_expected"/>
    <testcase time="1.339" classname="fstg01" name="fstg01_works_as_expected_with_custom_color_set"/>
    <testcase time="0.00300000000000011" classname="fstg01" name="fstg01_works_as_expected_with_custom_color_set"/>
    <testcase time="1.321" classname="fstg01" name="fstg01_works_as_expected_with_custom_color_set"/>
    <testcase time="0.00300000000000011" classname="fstg01" name="fstg01_works_as_expected_with_custom_color_set"/>
    <testcase time="0.676000000000002" classname="fstg01" name="fstg01_works_if_changes_are_in_subgroups_conf_level_and_label_all"/>
    <testcase time="0.00300000000000011" classname="fstg01" name="fstg01_works_if_changes_are_in_subgroups_conf_level_and_label_all"/>
    <testcase time="0.905999999999992" classname="fstg01" name="fstg01_works_if_changes_are_in_subgroups_conf_level_and_label_all"/>
    <testcase time="0.00300000000000011" classname="fstg01" name="fstg01_works_if_changes_are_in_subgroups_conf_level_and_label_all"/>
    <testcase time="1.41300000000001" classname="fstg01" name="fstg01_can_handle_some_NA_values_in_subgroups"/>
    <testcase time="0.00300000000000011" classname="fstg01" name="fstg01_can_handle_some_NA_values_in_subgroups"/>
  </testsuite>
  <testsuite name="fstg02" timestamp="2025-02-20T16:35:49Z" hostname="dc648b7bc157" tests="9" skipped="0" failures="0" errors="0" time="8.651">
    <testcase time="0.0169999999999959" classname="fstg02" name="fstg02_works_as_expected"/>
    <testcase time="1.161" classname="fstg02" name="fstg02_works_as_expected"/>
    <testcase time="1.187" classname="fstg02" name="fstg02_works_as_expected_with_custom_color_set"/>
    <testcase time="1.19199999999999" classname="fstg02" name="fstg02_works_as_expected_with_custom_color_set"/>
    <testcase time="0.565000000000012" classname="fstg02" name="fstg02_works_if_changes_are_in_subgroups_strata_var_conf_level_and_label_all"/>
    <testcase time="0.818999999999988" classname="fstg02" name="fstg02_works_if_changes_are_in_subgroups_strata_var_conf_level_and_label_all"/>
    <testcase time="1.21300000000001" classname="fstg02" name="fstg02_can_handle_some_NA_values_in_subgroups"/>
    <testcase time="1.233" classname="fstg02" name="fstg02_can_handle_customized_time_units"/>
    <testcase time="1.264" classname="fstg02" name="fstg02_can_handle_customized_time_units"/>
  </testsuite>
  <testsuite name="kmg01" timestamp="2025-02-20T16:35:58Z" hostname="dc648b7bc157" tests="13" skipped="0" failures="0" errors="0" time="2.231">
    <testcase time="0.0159999999999911" classname="kmg01" name="kmg01_works_as_expected"/>
    <testcase time="0.371000000000009" classname="kmg01" name="kmg01_works_as_expected"/>
    <testcase time="0.00399999999999068" classname="kmg01" name="kmg01_works_as_expected"/>
    <testcase time="0.385000000000005" classname="kmg01" name="kmg01_works_as_expected_with_custom_color_set"/>
    <testcase time="0.00300000000000011" classname="kmg01" name="kmg01_works_as_expected_with_custom_color_set"/>
    <testcase time="0.381" classname="kmg01" name="kmg01_works_as_expected_with_custom_color_set"/>
    <testcase time="0.00399999999999068" classname="kmg01" name="kmg01_works_as_expected_with_custom_color_set"/>
    <testcase time="0.372" classname="kmg01" name="kmg01_works_if_change_pvalue_ties_and_conf_level"/>
    <testcase time="0.00300000000000011" classname="kmg01" name="kmg01_works_if_change_pvalue_ties_and_conf_level"/>
    <testcase time="0.40100000000001" classname="kmg01" name="kmg01_works_if_change_annotation_position"/>
    <testcase time="0.00300000000000011" classname="kmg01" name="kmg01_works_if_change_annotation_position"/>
    <testcase time="0.284999999999997" classname="kmg01" name="kmg01_works_for_stratified_analysis"/>
    <testcase time="0.00300000000000011" classname="kmg01" name="kmg01_works_for_stratified_analysis"/>
  </testsuite>
  <testsuite name="lbt01" timestamp="2025-02-20T16:36:00Z" hostname="dc648b7bc157" tests="4" skipped="3" failures="0" errors="0" time="9.831">
    <testcase time="3.33499999999999" classname="lbt01" name="lbt01_functions_with_default_argument_value_return_expected_result_with_test_data">
      <skipped message="Reason: On CRAN ('test-lbt01.R:11:3')"/>
    </testcase>
    <testcase time="3.52800000000001" classname="lbt01" name="lbt01_functions_with_row_split_var_return_expected_result_with_test_data">
      <skipped message="Reason: On CRAN ('test-lbt01.R:21:3')"/>
    </testcase>
    <testcase time="0.969999999999999" classname="lbt01" name="lbt01_can_handle_n_0_and_outputs_NE_instead_of_infs_and_NAs"/>
    <testcase time="1.998" classname="lbt01" name="lbt01_can_handle_n_0_and_outputs_NE_instead_of_infs_and_NAs">
      <skipped message="Reason: On CRAN ('test-lbt01.R:35:3')"/>
    </testcase>
  </testsuite>
  <testsuite name="lbt04" timestamp="2025-02-20T16:36:10Z" hostname="dc648b7bc157" tests="8" skipped="4" failures="0" errors="0" time="2.943">
    <testcase time="0.923999999999992" classname="lbt04" name="lbt04_functions_with_default_argument_value_return_expected_result_with_test_data">
      <skipped message="Reason: On CRAN ('test-lbt04.R:7:3')"/>
    </testcase>
    <testcase time="0.0880000000000081" classname="lbt04" name="lbt04_can_handle_all_NA_values"/>
    <testcase time="0.0609999999999928" classname="lbt04" name="lbt04_can_handle_all_NA_values">
      <skipped message="Reason: On CRAN ('test-lbt04.R:21:3')"/>
    </testcase>
    <testcase time="0.307000000000002" classname="lbt04" name="lbt04_can_handle_missing_levels"/>
    <testcase time="0.611000000000004" classname="lbt04" name="lbt04_can_handle_missing_levels">
      <skipped message="Reason: On CRAN ('test-lbt04.R:33:3')"/>
    </testcase>
    <testcase time="0.307999999999993" classname="lbt04" name="lbt04_can_handle_some_NA_values"/>
    <testcase time="0.620000000000005" classname="lbt04" name="lbt04_can_handle_some_NA_values">
      <skipped message="Reason: On CRAN ('test-lbt04.R:42:3')"/>
    </testcase>
    <testcase time="0.0240000000000009" classname="lbt04" name="lbt04_fails_on_incomlete_data"/>
  </testsuite>
  <testsuite name="lbt05" timestamp="2025-02-20T16:36:13Z" hostname="dc648b7bc157" tests="7" skipped="3" failures="0" errors="0" time="2.374">
    <testcase time="0.670000000000002" classname="lbt05" name="lbt05_functions_with_default_argument_value_return_expected_result_with_test_data">
      <skipped message="Reason: On CRAN ('test-lbt05.R:7:3')"/>
    </testcase>
    <testcase time="0.314999999999998" classname="lbt05" name="lbt05_give_all_0_count_if_ANRIND_are_all_missing"/>
    <testcase time="0.289999999999992" classname="lbt05" name="lbt05_can_handle_some_NA_values"/>
    <testcase time="0.381" classname="lbt05" name="lbt05_can_handle_some_NA_values">
      <skipped message="Reason: On CRAN ('test-lbt05.R:38:3')"/>
    </testcase>
    <testcase time="0.041000000000011" classname="lbt05" name="lbt05_fails_on_incomlete_data"/>
    <testcase time="0.295000000000002" classname="lbt05" name="lbt05_works_with_missing_levels"/>
    <testcase time="0.382000000000005" classname="lbt05" name="lbt05_works_with_missing_levels">
      <skipped message="Reason: On CRAN ('test-lbt05.R:55:3')"/>
    </testcase>
  </testsuite>
  <testsuite name="lbt06" timestamp="2025-02-20T16:36:15Z" hostname="dc648b7bc157" tests="3" skipped="1" failures="0" errors="0" time="3.807">
    <testcase time="1.004" classname="lbt06" name="lbt06_gives_all_0_count_if_ANRIND_and_BNRIND_are_all_missing"/>
    <testcase time="2.761" classname="lbt06" name="lbt06_can_handle_some_NA_values">
      <skipped message="Reason: On CRAN ('test-lbt06.R:21:3')"/>
    </testcase>
    <testcase time="0.0420000000000016" classname="lbt06" name="lbt06_fails_on_incomplete_data"/>
  </testsuite>
  <testsuite name="lbt07" timestamp="2025-02-20T16:36:19Z" hostname="dc648b7bc157" tests="4" skipped="2" failures="0" errors="0" time="1.674">
    <testcase time="0.814999999999998" classname="lbt07" name="lbt07_functions_with_default_argument_value_return_expected_result_with_test_data">
      <skipped message="Reason: On CRAN ('test-lbt07.R:7:3')"/>
    </testcase>
    <testcase time="0.387999999999991" classname="lbt07" name="lbt07_can_handle_some_NA_values"/>
    <testcase time="0.409000000000006" classname="lbt07" name="lbt07_can_handle_some_NA_values">
      <skipped message="Reason: On CRAN ('test-lbt07.R:23:3')"/>
    </testcase>
    <testcase time="0.0619999999999976" classname="lbt07" name="lbt07_fails_on_incomlete_data"/>
  </testsuite>
  <testsuite name="lbt14" timestamp="2025-02-20T16:36:21Z" hostname="dc648b7bc157" tests="16" skipped="10" failures="0" errors="0" time="7.136">
    <testcase time="0.656000000000006" classname="lbt14" name="lbt14_functions_with_default_argument_value_return_expected_result_with_test_data">
      <skipped message="Reason: On CRAN ('test-lbt14.R:11:3')"/>
    </testcase>
    <testcase time="0.507999999999996" classname="lbt14" name="lbt14_functions_with_default_argument_value_return_expected_result_with_test_data_when_direction_high">
      <skipped message="Reason: On CRAN ('test-lbt14.R:19:3')"/>
    </testcase>
    <testcase time="0.600999999999999" classname="lbt14" name="lbt14_functions_with_gr_missing_excl_return_expected_result_with_test_data">
      <skipped message="Reason: On CRAN ('test-lbt14.R:27:3')"/>
    </testcase>
    <testcase time="0.604000000000013" classname="lbt14" name="lbt14_functions_with_gr_missing_gr_0_return_expected_result_with_test_data">
      <skipped message="Reason: On CRAN ('test-lbt14.R:35:3')"/>
    </testcase>
    <testcase time="0.396999999999991" classname="lbt14" name="lbt14_can_handle_all_NA_values"/>
    <testcase time="0.132000000000005" classname="lbt14" name="lbt14_can_handle_all_NA_values">
      <skipped message="Reason: On CRAN ('test-lbt14.R:49:3')"/>
    </testcase>
    <testcase time="0.619" classname="lbt14" name="lbt14_can_handle_some_NA_values"/>
    <testcase time="0.284999999999997" classname="lbt14" name="lbt14_can_handle_some_NA_values">
      <skipped message="Reason: On CRAN ('test-lbt14.R:69:3')"/>
    </testcase>
    <testcase time="1.24299999999999" classname="lbt14" name="lbt14_can_accept_different_gr_missing">
      <skipped message="Reason: On CRAN ('test-lbt14.R:77:3')"/>
    </testcase>
    <testcase time="0.0310000000000059" classname="lbt14" name="lbt14_fails_on_incomlete_data"/>
    <testcase time="0.349999999999994" classname="lbt14" name="lbt14_can_handle_all_NA_values_with_direction_high"/>
    <testcase time="0.115000000000009" classname="lbt14" name="lbt14_can_handle_all_NA_values_with_direction_high">
      <skipped message="Reason: On CRAN ('test-lbt14.R:104:3')"/>
    </testcase>
    <testcase time="0.36699999999999" classname="lbt14" name="lbt14_can_handle_some_NA_values_with_direction_high"/>
    <testcase time="0.146999999999991" classname="lbt14" name="lbt14_can_handle_some_NA_values_with_direction_high">
      <skipped message="Reason: On CRAN ('test-lbt14.R:124:3')"/>
    </testcase>
    <testcase time="1.054" classname="lbt14" name="lbt14_can_accept_different_gr_missing_with_direction_high">
      <skipped message="Reason: On CRAN ('test-lbt14.R:133:3')"/>
    </testcase>
    <testcase time="0.0270000000000152" classname="lbt14" name="lbt14_fails_on_incomlete_data"/>
  </testsuite>
  <testsuite name="lbt15" timestamp="2025-02-20T16:36:28Z" hostname="dc648b7bc157" tests="12" skipped="6" failures="0" errors="0" time="5.681">
    <testcase time="0.926999999999992" classname="lbt15" name="lbt15_functions_with_default_argument_value_return_expected_result_with_test_data">
      <skipped message="Reason: On CRAN ('test-lbt15.R:7:3')"/>
    </testcase>
    <testcase time="0.314999999999998" classname="lbt15" name="lbt15_can_handle_all_NA_values"/>
    <testcase time="0.611999999999995" classname="lbt15" name="lbt15_can_handle_all_NA_values">
      <skipped message="Reason: On CRAN ('test-lbt15.R:21:3')"/>
    </testcase>
    <testcase time="0.318000000000012" classname="lbt15" name="lbt15_can_handle_missing_levels"/>
    <testcase time="0.627999999999986" classname="lbt15" name="lbt15_can_handle_missing_levels">
      <skipped message="Reason: On CRAN ('test-lbt15.R:33:3')"/>
    </testcase>
    <testcase time="0.325000000000017" classname="lbt15" name="lbt15_can_handle_missing_levels_in_baseline"/>
    <testcase time="0.629999999999995" classname="lbt15" name="lbt15_can_handle_missing_levels_in_baseline">
      <skipped message="Reason: On CRAN ('test-lbt15.R:45:3')"/>
    </testcase>
    <testcase time="0.312000000000012" classname="lbt15" name="lbt15_can_handle_some_NA_values"/>
    <testcase time="0.627999999999986" classname="lbt15" name="lbt15_can_handle_some_NA_values">
      <skipped message="Reason: On CRAN ('test-lbt15.R:54:3')"/>
    </testcase>
    <testcase time="0.322000000000003" classname="lbt15" name="lbt15_can_handle_some_NA_values_in_baseline"/>
    <testcase time="0.63900000000001" classname="lbt15" name="lbt15_can_handle_some_NA_values_in_baseline">
      <skipped message="Reason: On CRAN ('test-lbt15.R:63:3')"/>
    </testcase>
    <testcase time="0.0249999999999773" classname="lbt15" name="lbt15_fails_on_incomlete_data"/>
  </testsuite>
  <testsuite name="mht01" timestamp="2025-02-20T16:36:33Z" hostname="dc648b7bc157" tests="4" skipped="4" failures="0" errors="0" time="3.189">
    <testcase time="0.64500000000001" classname="mht01" name="mht01_functions_with_default_argument_value_return_expected_result_with_test_data">
      <skipped message="Reason: On CRAN ('test-mht01.R:7:3')"/>
    </testcase>
    <testcase time="0.662000000000006" classname="mht01" name="mht01_works">
      <skipped message="Reason: On CRAN ('test-mht01.R:16:3')"/>
    </testcase>
    <testcase time="0.644000000000005" classname="mht01" name="mht01_works_on_NULL_in_lbl_mhbodsys_or_lbl_mhdecod">
      <skipped message="Reason: On CRAN ('test-mht01.R:23:3')"/>
    </testcase>
    <testcase time="1.238" classname="mht01" name="mht01_works_with_other_row_split_var">
      <skipped message="Reason: On CRAN ('test-mht01.R:30:3')"/>
    </testcase>
  </testsuite>
  <testsuite name="mng01" timestamp="2025-02-20T16:36:37Z" hostname="dc648b7bc157" tests="19" skipped="8" failures="0" errors="0" time="8.859">
    <testcase time="0.949999999999989" classname="mng01" name="mng01_works_as_expected_with_default_argument_values"/>
    <testcase time="0.00100000000000477" classname="mng01" name="mng01_works_as_expected_with_default_argument_values">
      <skipped message="Reason: On CI ('test-mng01.R:9:5')"/>
    </testcase>
    <testcase time="0.950999999999993" classname="mng01" name="mng01_works_as_expected_with_custom_argument_values"/>
    <testcase time="0.0109999999999957" classname="mng01" name="mng01_works_as_expected_with_custom_argument_values"/>
    <testcase time="0.00100000000000477" classname="mng01" name="mng01_works_as_expected_with_custom_argument_values">
      <skipped message="Reason: On CI ('test-mng01.R:45:5')"/>
    </testcase>
    <testcase time="0.978999999999985" classname="mng01" name="mng01_works_as_expected_with_custom_color_set"/>
    <testcase time="0.971000000000004" classname="mng01" name="mng01_works_as_expected_with_custom_color_set"/>
    <testcase time="0.00100000000000477" classname="mng01" name="mng01_works_as_expected_with_custom_color_set">
      <skipped message="Reason: On CI ('test-mng01.R:69:5')"/>
    </testcase>
    <testcase time="0.990000000000009" classname="mng01" name="mng01_works_as_expected_with_custom_line_type_set"/>
    <testcase time="0.978999999999985" classname="mng01" name="mng01_works_as_expected_with_custom_line_type_set"/>
    <testcase time="0.00100000000000477" classname="mng01" name="mng01_works_as_expected_with_custom_line_type_set">
      <skipped message="Reason: On CI ('test-mng01.R:91:5')"/>
    </testcase>
    <testcase time="0.159999999999997" classname="mng01" name="mng01_works_with_table_NULL"/>
    <testcase time="0.00100000000000477" classname="mng01" name="mng01_works_with_table_NULL">
      <skipped message="Reason: On CI ('test-mng01.R:104:5')"/>
    </testcase>
    <testcase time="1.126" classname="mng01" name="mng01_works_with_combination_of_x_variables"/>
    <testcase time="0.00100000000000477" classname="mng01" name="mng01_works_with_combination_of_x_variables">
      <skipped message="Reason: On CI ('test-mng01.R:122:5')"/>
    </testcase>
    <testcase time="0.840000000000003" classname="mng01" name="mng01_works_with_numeric_x_variable"/>
    <testcase time="0.00100000000000477" classname="mng01" name="mng01_works_with_numeric_x_variable">
      <skipped message="Reason: On CI ('test-mng01.R:143:5')"/>
    </testcase>
    <testcase time="0.893999999999977" classname="mng01" name="mng01_works_with_numeric_jitter"/>
    <testcase time="0.00100000000000477" classname="mng01" name="mng01_works_with_numeric_jitter">
      <skipped message="Reason: On CI ('test-mng01.R:161:5')"/>
    </testcase>
  </testsuite>
  <testsuite name="pdt01" timestamp="2025-02-20T16:36:45Z" hostname="dc648b7bc157" tests="5" skipped="3" failures="0" errors="0" time="1.102">
    <testcase time="0.408999999999992" classname="pdt01" name="pdt01_function_with_default_argument_value_return_expected_result_with_test_data">
      <skipped message="Reason: On CRAN ('test-pdt01.R:7:3')"/>
    </testcase>
    <testcase time="0.114000000000004" classname="pdt01" name="pdt01_can_handle_all_NA_values"/>
    <testcase time="0.13300000000001" classname="pdt01" name="pdt01_can_handle_all_NA_values">
      <skipped message="Reason: On CRAN ('test-pdt01.R:22:3')"/>
    </testcase>
    <testcase time="0.216999999999985" classname="pdt01" name="pdt01_can_handle_some_NA_values"/>
    <testcase time="0.229000000000013" classname="pdt01" name="pdt01_can_handle_some_NA_values">
      <skipped message="Reason: On CRAN ('test-pdt01.R:38:3')"/>
    </testcase>
  </testsuite>
  <testsuite name="pdt02" timestamp="2025-02-20T16:36:47Z" hostname="dc648b7bc157" tests="5" skipped="3" failures="0" errors="0" time="0.907">
    <testcase time="0.305999999999983" classname="pdt02" name="pdt02_function_with_default_argument_value_return_expected_result_with_test_data">
      <skipped message="Reason: On CRAN ('test-pdt02.R:7:3')"/>
    </testcase>
    <testcase time="0.137" classname="pdt02" name="pdt02_can_handle_all_NA_values"/>
    <testcase time="0.163000000000011" classname="pdt02" name="pdt02_can_handle_all_NA_values">
      <skipped message="Reason: On CRAN ('test-pdt02.R:22:3')"/>
    </testcase>
    <testcase time="0.13900000000001" classname="pdt02" name="pdt02_can_handle_some_NA_values"/>
    <testcase time="0.161999999999978" classname="pdt02" name="pdt02_can_handle_some_NA_values">
      <skipped message="Reason: On CRAN ('test-pdt02.R:38:3')"/>
    </testcase>
  </testsuite>
  <testsuite name="reexports" timestamp="2025-02-20T16:36:47Z" hostname="dc648b7bc157" tests="2" skipped="0" failures="0" errors="0" time="0.024">
    <testcase time="0.0180000000000007" classname="reexports" name="with_label_exported_correctly"/>
    <testcase time="0.00600000000000023" classname="reexports" name="reformat_exported_correctly"/>
  </testsuite>
  <testsuite name="report_null" timestamp="2025-02-20T16:36:48Z" hostname="dc648b7bc157" tests="12" skipped="0" failures="0" errors="0" time="0.17">
    <testcase time="0.0160000000000196" classname="report_null" name="report_null_works_as_expected_with_NULL_"/>
    <testcase time="0.0109999999999957" classname="report_null" name="report_null_works_as_expected_with_NULL_"/>
    <testcase time="0.0319999999999823" classname="report_null" name="report_null_works_as_expected_with_VTableTree_"/>
    <testcase time="0.0220000000000198" classname="report_null" name="report_null_works_as_expected_with_VTableTree_"/>
    <testcase time="0.0109999999999957" classname="report_null" name="report_null_works_as_expected_with_VTableTree_"/>
    <testcase time="0.00899999999998613" classname="report_null" name="report_null_works_as_expected_with_listing_df_"/>
    <testcase time="0.0120000000000005" classname="report_null" name="report_null_works_as_expected_with_listing_df_"/>
    <testcase time="0.0100000000000193" classname="report_null" name="report_null_works_as_expected_with_listing_df_"/>
    <testcase time="0.00899999999998613" classname="report_null" name="report_null_works_as_expected_with_list_"/>
    <testcase time="0.0300000000000011" classname="report_null" name="report_null_works_as_expected_with_list_"/>
    <testcase time="0.00499999999999545" classname="report_null" name="report_null_works_as_expected_with_by_default"/>
    <testcase time="0.00300000000001432" classname="report_null" name="report_null_works_as_expected_with_by_default"/>
  </testsuite>
  <testsuite name="rmpt01" timestamp="2025-02-20T16:36:48Z" hostname="dc648b7bc157" tests="7" skipped="3" failures="0" errors="0" time="0.637">
    <testcase time="0.182999999999993" classname="rmpt01" name="rmpt01_function_with_default_argument_value_return_expected_result_with_test_data">
      <skipped message="Reason: On CRAN ('test-rmpt01.R:7:3')"/>
    </testcase>
    <testcase time="0.0680000000000121" classname="rmpt01" name="rmpt01_can_handle_NA_values"/>
    <testcase time="0.117999999999995" classname="rmpt01" name="rmpt01_can_handle_NA_values">
      <skipped message="Reason: On CRAN ('test-rmpt01.R:18:3')"/>
    </testcase>
    <testcase time="0.078000000000003" classname="rmpt01" name="rmpt01_can_handle_some_NA_values"/>
    <testcase time="0.109999999999985" classname="rmpt01" name="rmpt01_can_handle_some_NA_values">
      <skipped message="Reason: On CRAN ('test-rmpt01.R:33:3')"/>
    </testcase>
    <testcase time="0.0519999999999925" classname="rmpt01" name="rmpt01_fails_on_incomlete_data"/>
    <testcase time="0.02800000000002" classname="rmpt01" name="rmpt01_fails_on_incomlete_data"/>
  </testsuite>
  <testsuite name="rmpt03" timestamp="2025-02-20T16:36:48Z" hostname="dc648b7bc157" tests="8" skipped="3" failures="0" errors="0" time="1.076">
    <testcase time="0.324999999999989" classname="rmpt03" name="rmpt03_function_with_default_argument_value_return_expected_result_with_test_data">
      <skipped message="Reason: On CRAN ('test-rmpt03.R:10:3')"/>
    </testcase>
    <testcase time="0.128999999999991" classname="rmpt03" name="rmpt03_can_handle_NA_values"/>
    <testcase time="0.199000000000012" classname="rmpt03" name="rmpt03_can_handle_NA_values">
      <skipped message="Reason: On CRAN ('test-rmpt03.R:23:3')"/>
    </testcase>
    <testcase time="0.129999999999995" classname="rmpt03" name="rmpt03_can_handle_some_NA_values"/>
    <testcase time="0.207999999999998" classname="rmpt03" name="rmpt03_can_handle_some_NA_values">
      <skipped message="Reason: On CRAN ('test-rmpt03.R:40:3')"/>
    </testcase>
    <testcase time="0.0430000000000064" classname="rmpt03" name="rmpt03_fails_on_incomlete_data"/>
    <testcase time="0.0260000000000105" classname="rmpt03" name="rmpt03_fails_on_incomlete_data"/>
    <testcase time="0.0159999999999911" classname="rmpt03" name="rmpt03_fails_on_incomlete_data"/>
  </testsuite>
  <testsuite name="rmpt04" timestamp="2025-02-20T16:36:49Z" hostname="dc648b7bc157" tests="6" skipped="3" failures="0" errors="0" time="0.612">
    <testcase time="0.175999999999988" classname="rmpt04" name="rmpt04_function_with_default_argument_value_return_expected_result_with_test_data">
      <skipped message="Reason: On CRAN ('test-rmpt04.R:7:3')"/>
    </testcase>
    <testcase time="0.0760000000000218" classname="rmpt04" name="rmpt04_can_handle_NA_values"/>
    <testcase time="0.106999999999999" classname="rmpt04" name="rmpt04_can_handle_NA_values">
      <skipped message="Reason: On CRAN ('test-rmpt04.R:18:3')"/>
    </testcase>
    <testcase time="0.0720000000000027" classname="rmpt04" name="rmpt04_can_handle_some_NA_values"/>
    <testcase time="0.113" classname="rmpt04" name="rmpt04_can_handle_some_NA_values">
      <skipped message="Reason: On CRAN ('test-rmpt04.R:36:3')"/>
    </testcase>
    <testcase time="0.0679999999999836" classname="rmpt04" name="rmpt04_fails_on_incomlete_data"/>
  </testsuite>
  <testsuite name="rmpt05" timestamp="2025-02-20T16:36:50Z" hostname="dc648b7bc157" tests="6" skipped="3" failures="0" errors="0" time="0.645">
    <testcase time="0.183999999999997" classname="rmpt05" name="rmpt05_function_with_default_argument_value_return_expected_result_with_test_data">
      <skipped message="Reason: On CRAN ('test-rmpt05.R:7:3')"/>
    </testcase>
    <testcase time="0.0790000000000077" classname="rmpt05" name="rmpt05_can_handle_NA_values"/>
    <testcase time="0.123999999999995" classname="rmpt05" name="rmpt05_can_handle_NA_values">
      <skipped message="Reason: On CRAN ('test-rmpt05.R:18:3')"/>
    </testcase>
    <testcase time="0.0699999999999932" classname="rmpt05" name="rmpt05_can_handle_some_NA_values"/>
    <testcase time="0.121000000000009" classname="rmpt05" name="rmpt05_can_handle_some_NA_values">
      <skipped message="Reason: On CRAN ('test-rmpt05.R:36:3')"/>
    </testcase>
    <testcase time="0.0670000000000073" classname="rmpt05" name="rmpt05_fails_on_incomlete_data"/>
  </testsuite>
  <testsuite name="rmpt06" timestamp="2025-02-20T16:36:51Z" hostname="dc648b7bc157" tests="4" skipped="3" failures="0" errors="0" time="1.684">
    <testcase time="0.551999999999992" classname="rmpt06" name="rmpt06_works_as_expected">
      <skipped message="Reason: On CRAN ('test-rmpt06.R:8:3')"/>
    </testcase>
    <testcase time="0.604000000000013" classname="rmpt06" name="rmpt06_works_as_expected_with_show_diff_TRUE">
      <skipped message="Reason: On CRAN ('test-rmpt06.R:17:3')"/>
    </testcase>
    <testcase time="0.246999999999986" classname="rmpt06" name="rmpt06_can_handle_all_NA_values"/>
    <testcase time="0.281000000000006" classname="rmpt06" name="rmpt06_can_handle_all_NA_values">
      <skipped message="Reason: On CRAN ('test-rmpt06.R:31:3')"/>
    </testcase>
  </testsuite>
  <testsuite name="rspt01" timestamp="2025-02-20T16:36:52Z" hostname="dc648b7bc157" tests="15" skipped="7" failures="0" errors="0" time="3.86">
    <testcase time="0.025999999999982" classname="rspt01" name="rspt01_works_as_expected"/>
    <testcase time="0.328000000000003" classname="rspt01" name="rspt01_works_as_expected"/>
    <testcase time="0.248000000000019" classname="rspt01" name="rspt01_works_as_expected">
      <skipped message="Reason: On CRAN ('test-rspt01.R:5:3')"/>
    </testcase>
    <testcase time="0.317999999999984" classname="rspt01" name="rspt01_works_as_expected_for_stratified_and_unstratified_analysis"/>
    <testcase time="0.274000000000001" classname="rspt01" name="rspt01_works_as_expected_for_stratified_and_unstratified_analysis">
      <skipped message="Reason: On CRAN ('test-rspt01.R:18:3')"/>
    </testcase>
    <testcase time="0.272999999999996" classname="rspt01" name="rspt01_works_as_expected_for_unstratified_analysis_only"/>
    <testcase time="0.225999999999999" classname="rspt01" name="rspt01_works_as_expected_for_unstratified_analysis_only">
      <skipped message="Reason: On CRAN ('test-rspt01.R:38:3')"/>
    </testcase>
    <testcase time="0.27200000000002" classname="rspt01" name="rspt01_works_as_expected_for_stratified_analysis_only"/>
    <testcase time="0.239999999999981" classname="rspt01" name="rspt01_works_as_expected_for_stratified_analysis_only">
      <skipped message="Reason: On CRAN ('test-rspt01.R:58:3')"/>
    </testcase>
    <testcase time="0.293000000000006" classname="rspt01" name="rspt01_works_if_change_reference_group"/>
    <testcase time="0.253000000000014" classname="rspt01" name="rspt01_works_if_change_reference_group">
      <skipped message="Reason: On CRAN ('test-rspt01.R:78:3')"/>
    </testcase>
    <testcase time="0.295999999999992" classname="rspt01" name="rspt01_works_if_change_statistic_methods"/>
    <testcase time="0.259999999999991" classname="rspt01" name="rspt01_works_if_change_statistic_methods">
      <skipped message="Reason: On CRAN ('test-rspt01.R:102:3')"/>
    </testcase>
    <testcase time="0.308000000000021" classname="rspt01" name="rspt01_works_if_change_confidence_interval"/>
    <testcase time="0.244999999999976" classname="rspt01" name="rspt01_works_if_change_confidence_interval">
      <skipped message="Reason: On CRAN ('test-rspt01.R:129:3')"/>
    </testcase>
  </testsuite>
  <testsuite name="ttet01" timestamp="2025-02-20T16:36:56Z" hostname="dc648b7bc157" tests="10" skipped="4" failures="0" errors="0" time="3.154">
    <testcase time="0.0360000000000014" classname="ttet01" name="ttet01_works_as_expected"/>
    <testcase time="0.455000000000013" classname="ttet01" name="ttet01_works_as_expected"/>
    <testcase time="0.498999999999995" classname="ttet01" name="ttet01_works_as_expected">
      <skipped message="Reason: On CRAN ('test-ttet01.R:10:3')"/>
    </testcase>
    <testcase time="0.0289999999999964" classname="ttet01" name="ttet01_returns_an_error_when_one_level_or_arm_var_is_empty"/>
    <testcase time="0.360000000000014" classname="ttet01" name="ttet01_works_as_expected_for_stratified_and_unstratified_analysis"/>
    <testcase time="0.341999999999985" classname="ttet01" name="ttet01_works_as_expected_for_stratified_and_unstratified_analysis">
      <skipped message="Reason: On CRAN ('test-ttet01.R:35:3')"/>
    </testcase>
    <testcase time="0.364000000000004" classname="ttet01" name="ttet01_works_as_expected_for_stratified_analysis_only"/>
    <testcase time="0.344999999999999" classname="ttet01" name="ttet01_works_as_expected_for_stratified_analysis_only">
      <skipped message="Reason: On CRAN ('test-ttet01.R:58:3')"/>
    </testcase>
    <testcase time="0.361999999999995" classname="ttet01" name="ttet01_works_if_change_reference_group"/>
    <testcase time="0.361999999999995" classname="ttet01" name="ttet01_works_if_change_reference_group">
      <skipped message="Reason: On CRAN ('test-ttet01.R:81:3')"/>
    </testcase>
  </testsuite>
  <testsuite name="unwrap" timestamp="2025-02-20T16:36:59Z" hostname="dc648b7bc157" tests="10" skipped="4" failures="0" errors="0" time="0.147">
    <testcase time="0.0240000000000009" classname="unwrap" name="unwrap_layout_works_as_expected_with_standard_chevron_t_main_function"/>
    <testcase time="0.00200000000000955" classname="unwrap" name="unwrap_layout_works_as_expected_with_standard_chevron_t_main_function"/>
    <testcase time="0.00100000000000477" classname="unwrap" name="unwrap_layout_works_as_expected_with_standard_chevron_t_main_function"/>
    <testcase time="0.00899999999998613" classname="unwrap" name="unwrap_layout_works_as_expected_with_standard_chevron_t_main_function">
      <skipped message="Reason: On CRAN ('test-unwrap.R:8:3')"/>
    </testcase>
    <testcase time="0.021000000000015" classname="unwrap" name="unwrap_layout_works_as_expected_with_standard_chevron_g_main_function"/>
    <testcase time="0.007000000000005" classname="unwrap" name="unwrap_layout_works_as_expected_with_standard_chevron_l_main_function"/>
    <testcase time="0.007000000000005" classname="unwrap" name="unwrap_layout_works_as_expected_with_a_custom_function_without_layout_function"/>
    <testcase time="0.0139999999999816" classname="unwrap" name="unwrap_layout_works_as_expected_with_a_custom_function_with_layout_function">
      <skipped message="Reason: On CRAN ('test-unwrap.R:60:3')"/>
    </testcase>
    <testcase time="0.0240000000000009" classname="unwrap" name="unwrap_layout_works_as_expected_with_multiple_layout_function">
      <skipped message="Reason: On CRAN ('test-unwrap.R:101:3')"/>
    </testcase>
    <testcase time="0.0380000000000109" classname="unwrap" name="unwrap_layout_works_as_expected_on_custom_function_with_overwritten_layout_function">
      <skipped message="Reason: On CRAN ('test-unwrap.R:125:3')"/>
    </testcase>
  </testsuite>
  <testsuite name="utils" timestamp="2025-02-20T16:37:00Z" hostname="dc648b7bc157" tests="20" skipped="1" failures="0" errors="0" time="0.158">
    <testcase time="0.0219999999999914" classname="utils" name="h_format_dec_works_as_exected"/>
    <testcase time="0.00300000000001432" classname="utils" name="h_format_dec_works_as_exected"/>
    <testcase time="0.00199999999998113" classname="utils" name="h_format_dec_works_as_exected"/>
    <testcase time="0.00200000000000955" classname="utils" name="h_format_dec_works_as_exected"/>
    <testcase time="0.00200000000000955" classname="utils" name="h_format_dec_works_as_exected"/>
    <testcase time="0.0029999999999859" classname="utils" name="h_format_dec_works_as_exected"/>
    <testcase time="0.00200000000000955" classname="utils" name="h_format_dec_works_as_exected"/>
    <testcase time="0.00199999999998113" classname="utils" name="h_format_dec_works_as_exected"/>
    <testcase time="0.00200000000000955" classname="utils" name="h_format_dec_works_as_exected"/>
    <testcase time="0.00300000000001432" classname="utils" name="h_format_dec_works_as_exected"/>
    <testcase time="0.000999999999976353" classname="utils" name="h_format_dec_works_as_exected"/>
    <testcase time="0.00300000000001432" classname="utils" name="h_format_dec_works_as_exected"/>
    <testcase time="0.00600000000000023" classname="utils" name="h_format_dec_works_as_expected_with_more_than_one_value"/>
    <testcase time="0.0029999999999859" classname="utils" name="h_format_dec_works_as_expected_with_more_than_one_value"/>
    <testcase time="0.00600000000000023" classname="utils" name="h_format_dec_works_as_expected_with_NA_digits"/>
    <testcase time="0.00600000000000023" classname="utils" name="fuse_sequentially_works"/>
    <testcase time="0.00300000000001432" classname="utils" name="fuse_sequentially_works"/>
    <testcase time="0.0120000000000005" classname="utils" name="ifneeded_split_row_works_as_expected"/>
    <testcase time="0.00600000000000023" classname="utils" name="ifneeded_split_row_works_as_expected"/>
    <testcase time="0.0689999999999884" classname="utils" name="_unnamed_">
      <skipped message="Reason: On CRAN ('test-utils.R:76:1')"/>
    </testcase>
  </testsuite>
  <testsuite name="vst01" timestamp="2025-02-20T16:37:00Z" hostname="dc648b7bc157" tests="3" skipped="2" failures="0" errors="0" time="5">
    <testcase time="2.761" classname="vst01" name="vst01_functions_with_default_argument_value_return_expected_result_with_test_data">
      <skipped message="Reason: On CRAN ('test-vst01.R:11:3')"/>
    </testcase>
    <testcase time="0.75800000000001" classname="vst01" name="run_vst01_works_as_expected"/>
    <testcase time="1.48099999999999" classname="vst01" name="run_vst01_works_as_expected">
      <skipped message="Reason: On CRAN ('test-vst01.R:23:3')"/>
    </testcase>
  </testsuite>
  <testsuite name="vst02" timestamp="2025-02-20T16:37:05Z" hostname="dc648b7bc157" tests="2" skipped="2" failures="0" errors="0" time="0.912">
    <testcase time="0.455000000000013" classname="vst02" name="vst02_functions_with_default_argument_value_return_expected_result_with_test_data">
      <skipped message="Reason: On CRAN ('test-vst02.R:7:3')"/>
    </testcase>
    <testcase time="0.456999999999994" classname="vst02" name="vst02_functions_return_expected_result_with_test_data_when_excluding_subject_with_baseline_abnormality">
      <skipped message="Reason: On CRAN ('test-vst02.R:15:3')"/>
    </testcase>
  </testsuite>
</testsuites>
