<?xml version="1.0" encoding="UTF-8"?>
<testsuites>
  <testsuite name="ael01_nollt" timestamp="2025-02-20T16:34:00Z" hostname="e6026f528dcf" tests="14" skipped="0" failures="0" errors="0" time="1.199">
    <testcase time="0.0629999999999999" classname="ael01_nollt" name="ael01_nollt_works_with_admh_dataset"/>
    <testcase time="0.263" classname="ael01_nollt" name="ael01_nollt_works_with_admh_dataset"/>
    <testcase time="0.0289999999999999" classname="ael01_nollt" name="ael01_nollt_works_with_non_default_label"/>
    <testcase time="0.219" classname="ael01_nollt" name="ael01_nollt_works_with_non_default_label"/>
    <testcase time="0.0340000000000003" classname="ael01_nollt" name="ael01_nollt_can_handle_all_missing_values"/>
    <testcase time="0.0819999999999999" classname="ael01_nollt" name="ael01_nollt_can_handle_all_missing_values"/>
    <testcase time="0.0289999999999999" classname="ael01_nollt" name="ael01_nollt_can_handle_some_missing_values"/>
    <testcase time="0.138" classname="ael01_nollt" name="ael01_nollt_can_handle_some_missing_values"/>
    <testcase time="0.0249999999999999" classname="ael01_nollt" name="ael01_nollt_listing_can_be_split_by_an_additional_variable"/>
    <testcase time="0.00099999999999989" classname="ael01_nollt" name="ael01_nollt_listing_can_be_split_by_an_additional_variable"/>
    <testcase time="0.173" classname="ael01_nollt" name="ael01_nollt_listing_can_be_split_by_an_additional_variable"/>
    <testcase time="0.0230000000000001" classname="ael01_nollt" name="split_ael01_nollt_listing_do_not_display_missing_values"/>
    <testcase time="0.00199999999999978" classname="ael01_nollt" name="split_ael01_nollt_listing_do_not_display_missing_values"/>
    <testcase time="0.118" classname="ael01_nollt" name="split_ael01_nollt_listing_do_not_display_missing_values"/>
  </testsuite>
  <testsuite name="ael02" timestamp="2025-02-20T16:34:01Z" hostname="e6026f528dcf" tests="9" skipped="0" failures="0" errors="0" time="2.724">
    <testcase time="0.0580000000000003" classname="ael02" name="ael02_works_with_adae_dataset"/>
    <testcase time="0.00199999999999978" classname="ael02" name="ael02_works_with_adae_dataset"/>
    <testcase time="0.851" classname="ael02" name="ael02_works_with_adae_dataset"/>
    <testcase time="0.0410000000000004" classname="ael02" name="ael02_can_handle_all_missing_values"/>
    <testcase time="0.000999999999999446" classname="ael02" name="ael02_can_handle_all_missing_values"/>
    <testcase time="0.884" classname="ael02" name="ael02_can_handle_all_missing_values"/>
    <testcase time="0.04" classname="ael02" name="ael02_functions_work_as_expected"/>
    <testcase time="0.00199999999999978" classname="ael02" name="ael02_functions_work_as_expected"/>
    <testcase time="0.845000000000001" classname="ael02" name="ael02_functions_work_as_expected"/>
  </testsuite>
  <testsuite name="ael03" timestamp="2025-02-20T16:34:04Z" hostname="e6026f528dcf" tests="9" skipped="0" failures="0" errors="0" time="2.793">
    <testcase time="0.0599999999999996" classname="ael03" name="ael03_works_with_adae_dataset"/>
    <testcase time="0.00100000000000033" classname="ael03" name="ael03_works_with_adae_dataset"/>
    <testcase time="0.880999999999999" classname="ael03" name="ael03_works_with_adae_dataset"/>
    <testcase time="0.0440000000000005" classname="ael03" name="ael03_can_handle_all_missing_values"/>
    <testcase time="0.00199999999999978" classname="ael03" name="ael03_can_handle_all_missing_values"/>
    <testcase time="0.891" classname="ael03" name="ael03_can_handle_all_missing_values"/>
    <testcase time="0.0499999999999998" classname="ael03" name="ael03_functions_work_as_expected"/>
    <testcase time="0.00100000000000033" classname="ael03" name="ael03_functions_work_as_expected"/>
    <testcase time="0.863" classname="ael03" name="ael03_functions_work_as_expected"/>
  </testsuite>
  <testsuite name="aet01" timestamp="2025-02-20T16:34:07Z" hostname="e6026f528dcf" tests="13" skipped="0" failures="0" errors="0" time="3.361">
    <testcase time="0.402999999999999" classname="aet01" name="aet01_can_handle_all_NA_values"/>
    <testcase time="0.284000000000001" classname="aet01" name="aet01_can_handle_all_NA_values"/>
    <testcase time="0.289999999999999" classname="aet01" name="aet01_can_handle_all_NA_values"/>
    <testcase time="0.227" classname="aet01" name="aet01_can_handle_all_NA_values"/>
    <testcase time="0.264000000000001" classname="aet01" name="aet01_can_handle_some_NA_values"/>
    <testcase time="0.282999999999999" classname="aet01" name="aet01_can_handle_some_NA_values"/>
    <testcase time="0.205" classname="aet01" name="aet01_can_use_custom_anl_vars"/>
    <testcase time="0.346" classname="aet01" name="aet01_can_use_custom_anl_vars"/>
    <testcase time="0.0589999999999993" classname="aet01" name="aet01_fails_on_incomplete_data_input"/>
    <testcase time="0.287000000000001" classname="aet01" name="aet01_can_use_custom_medconcept_var"/>
    <testcase time="0.282999999999999" classname="aet01" name="aet01_can_use_custom_medconcept_var"/>
    <testcase time="0.188000000000001" classname="aet01" name="aet01_can_conditionally_show_the_number_of_withdrawal"/>
    <testcase time="0.241999999999999" classname="aet01" name="aet01_can_conditionally_show_the_number_of_withdrawal"/>
  </testsuite>
  <testsuite name="aet01_aesi" timestamp="2025-02-20T16:34:10Z" hostname="e6026f528dcf" tests="9" skipped="0" failures="0" errors="0" time="2.014">
    <testcase time="0.221" classname="aet01_aesi" name="aet01_aesi_can_handle_all_NA_values"/>
    <testcase time="0.253" classname="aet01_aesi" name="aet01_aesi_can_handle_all_NA_values"/>
    <testcase time="0.188000000000001" classname="aet01_aesi" name="aet01_aesi_can_handle_all_NA_values"/>
    <testcase time="0.212999999999999" classname="aet01_aesi" name="aet01_aesi_can_handle_all_NA_values"/>
    <testcase time="0.19" classname="aet01_aesi" name="aet01_aesi_can_handle_some_NA_values"/>
    <testcase time="0.257000000000001" classname="aet01_aesi" name="aet01_aesi_can_handle_some_NA_values"/>
    <testcase time="0.256" classname="aet01_aesi" name="aet01_aesi_works_with_ALL_argument"/>
    <testcase time="0.385999999999999" classname="aet01_aesi" name="aet01_aesi_works_with_ALL_argument"/>
    <testcase time="0.0500000000000007" classname="aet01_aesi" name="aet01_aesi_check_fails_on_incomplete_data_input"/>
  </testsuite>
  <testsuite name="aet02" timestamp="2025-02-20T16:34:12Z" hostname="e6026f528dcf" tests="4" skipped="0" failures="0" errors="0" time="2.446">
    <testcase time="0.0559999999999992" classname="aet02" name="aet02_fails_on_incomplete_data_input"/>
    <testcase time="0.122" classname="aet02" name="aet02_handle_empty_data_input"/>
    <testcase time="1.514" classname="aet02" name="aet02_can_have_different_levels_of_row_split"/>
    <testcase time="0.754" classname="aet02" name="aet02_can_have_different_levels_of_row_split"/>
  </testsuite>
  <testsuite name="aet03" timestamp="2025-02-20T16:34:14Z" hostname="e6026f528dcf" tests="4" skipped="0" failures="0" errors="0" time="2.557">
    <testcase time="0.273" classname="aet03" name="aet03_can_handle_NA_values"/>
    <testcase time="0.257000000000001" classname="aet03" name="aet03_can_handle_NA_values"/>
    <testcase time="1.295" classname="aet03" name="aet03_can_handle_some_NA_values"/>
    <testcase time="0.731999999999999" classname="aet03" name="aet03_can_handle_some_NA_values"/>
  </testsuite>
  <testsuite name="aet04" timestamp="2025-02-20T16:34:17Z" hostname="e6026f528dcf" tests="12" skipped="0" failures="0" errors="0" time="11.534">
    <testcase time="0.425000000000001" classname="aet04" name="aet04_can_handle_NA_values"/>
    <testcase time="0.419" classname="aet04" name="aet04_can_handle_NA_values"/>
    <testcase time="0.422999999999998" classname="aet04" name="aet04_can_handle_NA_values"/>
    <testcase time="0.00400000000000134" classname="aet04" name="aet04_can_handle_NA_values"/>
    <testcase time="0.411000000000001" classname="aet04" name="aet04_can_handle_NA_values"/>
    <testcase time="0.422000000000001" classname="aet04" name="aet04_can_handle_NA_values"/>
    <testcase time="2.348" classname="aet04" name="aet04_can_handle_some_NA_values"/>
    <testcase time="1.143" classname="aet04" name="aet04_can_handle_some_NA_values"/>
    <testcase time="2.329" classname="aet04" name="aet04_can_handle_some_NA_values"/>
    <testcase time="0.00600000000000023" classname="aet04" name="aet04_can_handle_some_NA_values"/>
    <testcase time="2.363" classname="aet04" name="aet04_can_handle_some_NA_values"/>
    <testcase time="1.241" classname="aet04" name="aet04_can_handle_some_NA_values"/>
  </testsuite>
  <testsuite name="aet05" timestamp="2025-02-20T16:34:29Z" hostname="e6026f528dcf" tests="6" skipped="0" failures="0" errors="0" time="1.251">
    <testcase time="0.137999999999998" classname="aet05" name="aet05_can_handle_NA_values"/>
    <testcase time="0.266999999999999" classname="aet05" name="aet05_can_handle_NA_values"/>
    <testcase time="0.138000000000002" classname="aet05" name="aet05_can_handle_some_NA_values"/>
    <testcase time="0.288" classname="aet05" name="aet05_can_handle_some_NA_values"/>
    <testcase time="0.140999999999998" classname="aet05" name="aet05_can_handle_some_NA_values"/>
    <testcase time="0.279" classname="aet05" name="aet05_can_handle_some_NA_values"/>
  </testsuite>
  <testsuite name="aet05_all" timestamp="2025-02-20T16:34:30Z" hostname="e6026f528dcf" tests="6" skipped="0" failures="0" errors="0" time="1.27">
    <testcase time="0.153000000000002" classname="aet05_all" name="aet05_all_can_handle_NA_values"/>
    <testcase time="0.250000000000004" classname="aet05_all" name="aet05_all_can_handle_NA_values"/>
    <testcase time="0.150999999999996" classname="aet05_all" name="aet05_all_can_handle_some_NA_values"/>
    <testcase time="0.289999999999999" classname="aet05_all" name="aet05_all_can_handle_some_NA_values"/>
    <testcase time="0.133000000000003" classname="aet05_all" name="aet05_all_can_handle_some_NA_values"/>
    <testcase time="0.292999999999999" classname="aet05_all" name="aet05_all_can_handle_some_NA_values"/>
  </testsuite>
  <testsuite name="aet10" timestamp="2025-02-20T16:34:31Z" hostname="e6026f528dcf" tests="4" skipped="0" failures="0" errors="0" time="0.54">
    <testcase time="0.0720000000000027" classname="aet10" name="aet10_can_handle_NA_values"/>
    <testcase time="0.128" classname="aet10" name="aet10_can_handle_NA_values"/>
    <testcase time="0.111999999999995" classname="aet10" name="aet10_can_handle_some_NA_values"/>
    <testcase time="0.228000000000002" classname="aet10" name="aet10_can_handle_some_NA_values"/>
  </testsuite>
  <testsuite name="assertions" timestamp="2025-02-20T16:34:32Z" hostname="e6026f528dcf" tests="33" skipped="0" failures="0" errors="0" time="0.164">
    <testcase time="0.00900000000000034" classname="assertions" name="assert_valid_var.character_works_as_expected"/>
    <testcase time="0.00500000000000256" classname="assertions" name="assert_valid_var.character_works_as_expected"/>
    <testcase time="0.00399999999999778" classname="assertions" name="assert_valid_var.character_works_as_expected"/>
    <testcase time="0.00500000000000256" classname="assertions" name="assert_valid_var.character_works_as_expected"/>
    <testcase time="0.00199999999999534" classname="assertions" name="assert_valid_var.character_works_as_expected"/>
    <testcase time="0.00500000000000256" classname="assertions" name="assert_valid_var.factor_works_as_expected"/>
    <testcase time="0.00399999999999778" classname="assertions" name="assert_valid_var.factor_works_as_expected"/>
    <testcase time="0.00500000000000256" classname="assertions" name="assert_valid_var.factor_works_as_expected"/>
    <testcase time="0.00500000000000256" classname="assertions" name="assert_valid_var.factor_works_as_expected"/>
    <testcase time="0.000999999999997669" classname="assertions" name="assert_valid_var.factor_works_as_expected"/>
    <testcase time="0.00500000000000256" classname="assertions" name="assert_valid_var.logical_works_as_expected"/>
    <testcase time="0.00499999999999545" classname="assertions" name="assert_valid_var.logical_works_as_expected"/>
    <testcase time="0.00400000000000489" classname="assertions" name="assert_valid_var.logical_works_as_expected"/>
    <testcase time="0.00199999999999534" classname="assertions" name="assert_valid_var.logical_works_as_expected"/>
    <testcase time="0.00399999999999778" classname="assertions" name="assert_valid_var.numeric_works_as_expected"/>
    <testcase time="0.00399999999999778" classname="assertions" name="assert_valid_var.numeric_works_as_expected"/>
    <testcase time="0.00500000000000256" classname="assertions" name="assert_valid_var.numeric_works_as_expected"/>
    <testcase time="0.000999999999997669" classname="assertions" name="assert_valid_var.numeric_works_as_expected"/>
    <testcase time="0.00500000000000256" classname="assertions" name="assert_valid_var.numeric_works_as_expected"/>
    <testcase time="0.00199999999999534" classname="assertions" name="assert_valid_var.numeric_works_as_expected"/>
    <testcase time="0.00800000000000267" classname="assertions" name="assert_valid_var.POSIXct_works_as_expected"/>
    <testcase time="0.00999999999999801" classname="assertions" name="assert_valid_var.POSIXct_works_as_expected"/>
    <testcase time="0.00500000000000256" classname="assertions" name="assert_valid_variable_works_as_expected"/>
    <testcase time="0.00200000000000244" classname="assertions" name="assert_valid_variable_works_as_expected"/>
    <testcase time="0.0069999999999979" classname="assertions" name="assert_valid_variable_works_as_expected"/>
    <testcase time="0.00200000000000244" classname="assertions" name="assert_valid_variable_works_as_expected"/>
    <testcase time="0.0069999999999979" classname="assertions" name="assert_valid_variable_works_as_expected"/>
    <testcase time="0.00200000000000244" classname="assertions" name="assert_valid_variable_works_as_expected"/>
    <testcase time="0.00499999999999545" classname="assertions" name="assert_valid_var_pair_works_as_expected_with_character"/>
    <testcase time="0.00600000000000023" classname="assertions" name="assert_valid_var_pair_works_as_expected_with_character"/>
    <testcase time="0.0120000000000005" classname="assertions" name="assert_valid_var_pair_works_as_expected_with_factor"/>
    <testcase time="0.00800000000000267" classname="assertions" name="assert_valid_var_pair_works_as_expected_with_factor"/>
    <testcase time="0.00799999999999557" classname="assertions" name="assert_valid_var_pair_works_as_expected_with_factor"/>
  </testsuite>
  <testsuite name="cfbt01" timestamp="2025-02-20T16:34:32Z" hostname="e6026f528dcf" tests="3" skipped="0" failures="0" errors="0" time="8.954">
    <testcase time="6.657" classname="cfbt01" name="cfbt01_functions_with_default_argument_value_return_expected_result_with_test_data"/>
    <testcase time="0.765000000000001" classname="cfbt01" name="cfbt01_can_handle_n_0_and_outputs_NE_instead_of_infs_and_NAs"/>
    <testcase time="1.532" classname="cfbt01" name="cfbt01_can_handle_n_0_and_outputs_NE_instead_of_infs_and_NAs"/>
  </testsuite>
  <testsuite name="checks" timestamp="2025-02-20T16:34:41Z" hostname="e6026f528dcf" tests="8" skipped="0" failures="0" errors="0" time="0.028">
    <testcase time="0.00900000000000034" classname="checks" name="check_all_colnames_works_as_expected"/>
    <testcase time="0.00300000000000011" classname="checks" name="check_all_colnames_works_as_expected"/>
    <testcase time="0.00200000000000244" classname="checks" name="check_all_colnames_works_as_expected"/>
    <testcase time="0.00199999999999534" classname="checks" name="check_all_colnames_works_as_expected"/>
    <testcase time="0.00500000000000256" classname="checks" name="check_one_colnames_works_as_expected"/>
    <testcase time="0.00300000000000011" classname="checks" name="check_one_colnames_works_as_expected"/>
    <testcase time="0.000999999999997669" classname="checks" name="check_one_colnames_works_as_expected"/>
    <testcase time="0.00300000000000011" classname="checks" name="check_one_colnames_works_as_expected"/>
  </testsuite>
  <testsuite name="chevron_tlg-class" timestamp="2025-02-20T16:34:41Z" hostname="e6026f528dcf" tests="27" skipped="0" failures="0" errors="0" time="0.09">
    <testcase time="0.00900000000000034" classname="chevron_tlg_class" name="chevron_t_object_can_be_constructed_with_default_values"/>
    <testcase time="0.00300000000000011" classname="chevron_tlg_class" name="chevron_t_object_can_be_constructed_with_default_values"/>
    <testcase time="0.00500000000000256" classname="chevron_tlg_class" name="chevron_t_object_can_be_constructed_with_custom_values"/>
    <testcase time="0.00300000000000011" classname="chevron_tlg_class" name="chevron_t_object_can_be_constructed_with_custom_values"/>
    <testcase time="0.00300000000000011" classname="chevron_tlg_class" name="chevron_t_object_can_be_constructed_with_custom_values"/>
    <testcase time="0.00300000000000011" classname="chevron_tlg_class" name="chevron_t_object_can_be_constructed_with_custom_values"/>
    <testcase time="0.00500000000000256" classname="chevron_tlg_class" name="chevron_t_constructor_returns_an_error_when_expected"/>
    <testcase time="0.000999999999997669" classname="chevron_tlg_class" name="chevron_t_constructor_returns_an_error_when_expected"/>
    <testcase time="0.00200000000000244" classname="chevron_tlg_class" name="chevron_t_constructor_returns_an_error_when_expected"/>
    <testcase time="0.000999999999997669" classname="chevron_tlg_class" name="chevron_t_constructor_returns_an_error_when_expected"/>
    <testcase time="0.000999999999997669" classname="chevron_tlg_class" name="chevron_t_constructor_returns_an_error_when_expected"/>
    <testcase time="0.00100000000000477" classname="chevron_tlg_class" name="chevron_t_constructor_returns_an_error_when_expected"/>
    <testcase time="0.00600000000000023" classname="chevron_tlg_class" name="chevron_l_object_can_be_constructed_with_default_values"/>
    <testcase time="0.00300000000000011" classname="chevron_tlg_class" name="chevron_l_object_can_be_constructed_with_default_values"/>
    <testcase time="0.00599999999999312" classname="chevron_tlg_class" name="chevron_g_object_can_be_constructed_with_custom_values"/>
    <testcase time="0.00300000000000011" classname="chevron_tlg_class" name="chevron_g_object_can_be_constructed_with_custom_values"/>
    <testcase time="0.00200000000000244" classname="chevron_tlg_class" name="chevron_g_object_can_be_constructed_with_custom_values"/>
    <testcase time="0.00300000000000011" classname="chevron_tlg_class" name="chevron_g_object_can_be_constructed_with_custom_values"/>
    <testcase time="0.00500000000000256" classname="chevron_tlg_class" name="chevron_g_constructor_returns_an_error_when_expected"/>
    <testcase time="0.000999999999997669" classname="chevron_tlg_class" name="chevron_g_constructor_returns_an_error_when_expected"/>
    <testcase time="0.00200000000000244" classname="chevron_tlg_class" name="chevron_g_constructor_returns_an_error_when_expected"/>
    <testcase time="0.000999999999997669" classname="chevron_tlg_class" name="chevron_g_constructor_returns_an_error_when_expected"/>
    <testcase time="0.000999999999997669" classname="chevron_tlg_class" name="chevron_g_constructor_returns_an_error_when_expected"/>
    <testcase time="0.00100000000000477" classname="chevron_tlg_class" name="chevron_g_constructor_returns_an_error_when_expected"/>
    <testcase time="0.0069999999999979" classname="chevron_tlg_class" name="chevron_simple_works_correctly"/>
    <testcase time="0.00200000000000244" classname="chevron_tlg_class" name="chevron_simple_works_correctly"/>
    <testcase time="0.00999999999999801" classname="chevron_tlg_class" name="chevron_simple_errors_if_contains_return"/>
  </testsuite>
  <testsuite name="chevron_tlg-methods" timestamp="2025-02-20T16:34:41Z" hostname="e6026f528dcf" tests="59" skipped="1" failures="0" errors="0" time="9.955">
    <testcase time="1.067" classname="chevron_tlg_methods" name="run_works_as_expected_for_chevron_t_object"/>
    <testcase time="0.576999999999998" classname="chevron_tlg_methods" name="run_works_as_expected_for_chevron_t_object"/>
    <testcase time="0.594999999999999" classname="chevron_tlg_methods" name="run_works_as_expected_for_chevron_t_object_when_auto_pre_FALSE"/>
    <testcase time="0.340000000000003" classname="chevron_tlg_methods" name="run_works_as_expected_with_argument_printed"/>
    <testcase time="0.280999999999999" classname="chevron_tlg_methods" name="run_works_as_expected_with_argument_printed"/>
    <testcase time="0.430999999999997" classname="chevron_tlg_methods" name="run_works_as_expected_with_argument_printed_if_the_user_argument_is_complicated"/>
    <testcase time="0.369" classname="chevron_tlg_methods" name="run_works_as_expected_with_argument_printed_if_the_user_argument_is_complicated"/>
    <testcase time="0.427" classname="chevron_tlg_methods" name="run_uses_the_argument_passed_through_the_ellipsis_in_priority"/>
    <testcase time="0.368000000000002" classname="chevron_tlg_methods" name="run_uses_the_argument_passed_through_the_ellipsis_in_priority"/>
    <testcase time="0.317999999999998" classname="chevron_tlg_methods" name="run_works_as_expected_with_partial_match_argument"/>
    <testcase time="0.288000000000004" classname="chevron_tlg_methods" name="run_works_as_expected_with_partial_match_argument"/>
    <testcase time="0.429000000000002" classname="chevron_tlg_methods" name="run_displays_the_symbols_when_available"/>
    <testcase time="0.369999999999997" classname="chevron_tlg_methods" name="run_displays_the_symbols_when_available"/>
    <testcase time="0.317" classname="chevron_tlg_methods" name="run_print_internal_functions_when_unwrap_is_TRUE"/>
    <testcase time="0.000999999999997669" classname="chevron_tlg_methods" name="run_print_internal_functions_when_unwrap_is_TRUE"/>
    <testcase time="0.00200000000000244" classname="chevron_tlg_methods" name="run_print_internal_functions_when_unwrap_is_TRUE"/>
    <testcase time="0.0240000000000009" classname="chevron_tlg_methods" name="run_print_internal_functions_when_unwrap_is_TRUE"/>
    <testcase time="1.218" classname="chevron_tlg_methods" name="run_print_internal_functions_when_unwrap_is_TRUE_and_standard_chevron_tlg_has_no_layout"/>
    <testcase time="0.00900000000000034" classname="chevron_tlg_methods" name="run_print_internal_functions_when_unwrap_is_TRUE_and_the_chevron_tlg_object_is_customized"/>
    <testcase time="0.00100000000000477" classname="chevron_tlg_methods" name="run_print_internal_functions_when_unwrap_is_TRUE_and_the_chevron_tlg_object_is_customized"/>
    <testcase time="0.000999999999997669" classname="chevron_tlg_methods" name="run_print_internal_functions_when_unwrap_is_TRUE_and_the_chevron_tlg_object_is_customized"/>
    <testcase time="0.0219999999999985" classname="chevron_tlg_methods" name="run_print_internal_functions_when_unwrap_is_TRUE_and_the_chevron_tlg_object_is_customized"/>
    <testcase time="0.00800000000000267" classname="chevron_tlg_methods" name="run_print_main_and_postprocessing_functions_when_unwrap_is_TRUE_and_auto_pre_is_FALSE"/>
    <testcase time="0.00199999999999534" classname="chevron_tlg_methods" name="run_print_main_and_postprocessing_functions_when_unwrap_is_TRUE_and_auto_pre_is_FALSE"/>
    <testcase time="0.00100000000000477" classname="chevron_tlg_methods" name="run_print_main_and_postprocessing_functions_when_unwrap_is_TRUE_and_auto_pre_is_FALSE"/>
    <testcase time="0.000999999999997669" classname="chevron_tlg_methods" name="run_print_main_and_postprocessing_functions_when_unwrap_is_TRUE_and_auto_pre_is_FALSE"/>
    <testcase time="0.0300000000000011" classname="chevron_tlg_methods" name="run_print_main_and_postprocessing_functions_when_unwrap_is_TRUE_and_auto_pre_is_FALSE"/>
    <testcase time="0.00600000000000023" classname="chevron_tlg_methods" name="args_ls_works_as_expected"/>
    <testcase time="0.00200000000000244" classname="chevron_tlg_methods" name="args_ls_works_as_expected"/>
    <testcase time="0.000999999999997669" classname="chevron_tlg_methods" name="args_ls_works_as_expected"/>
    <testcase time="0.00600000000000023" classname="chevron_tlg_methods" name="args_ls_works_as_expected_when_simplify_is_TRUE"/>
    <testcase time="0.00200000000000244" classname="chevron_tlg_methods" name="args_ls_works_as_expected_when_simplify_is_TRUE"/>
    <testcase time="0.000999999999997669" classname="chevron_tlg_methods" name="args_ls_works_as_expected_when_simplify_is_TRUE"/>
    <testcase time="0.00500000000000256" classname="chevron_tlg_methods" name="args_ls_works_as_expected_with_custom_chevron_tlg_object"/>
    <testcase time="0.000999999999997669" classname="chevron_tlg_methods" name="args_ls_works_as_expected_with_custom_chevron_tlg_object"/>
    <testcase time="0.00200000000000244" classname="chevron_tlg_methods" name="args_ls_works_as_expected_with_custom_chevron_tlg_object"/>
    <testcase time="0.00199999999999534" classname="chevron_tlg_methods" name="args_ls_works_as_expected_with_custom_chevron_tlg_object"/>
    <testcase time="0.00600000000000023" classname="chevron_tlg_methods" name="main_works_as_expected"/>
    <testcase time="0.0069999999999979" classname="chevron_tlg_methods" name="main_setter_works_as_expected"/>
    <testcase time="0.0100000000000051" classname="chevron_tlg_methods" name="main_setter_throw_an_error_as_expected"/>
    <testcase time="0.00600000000000023" classname="chevron_tlg_methods" name="preprocess_works_as_expected"/>
    <testcase time="0.00600000000000023" classname="chevron_tlg_methods" name="preprocess_setter_works_as_expected"/>
    <testcase time="0.0109999999999957" classname="chevron_tlg_methods" name="preprocess_sends_an_error_as_expected"/>
    <testcase time="0.00600000000000023" classname="chevron_tlg_methods" name="postprocess_works_as_expected"/>
    <testcase time="0.00600000000000023" classname="chevron_tlg_methods" name="postprocess_setter_works_as_expected"/>
    <testcase time="0.0110000000000028" classname="chevron_tlg_methods" name="postprocess_sends_an_error_as_expected"/>
    <testcase time="0.00399999999999778" classname="chevron_tlg_methods" name="script_funs_works_as_expected_in_interactive_mode">
      <skipped message="Reason: !interactive() is TRUE ('test-chevron_tlg-methods.R:264:3')"/>
    </testcase>
    <testcase time="0.0150000000000006" classname="chevron_tlg_methods" name="script_funs_works_as_expected"/>
    <testcase time="0.00200000000000244" classname="chevron_tlg_methods" name="script_funs_works_as_expected"/>
    <testcase time="2.23099999999999" classname="chevron_tlg_methods" name="script_funs_generates_a_valid_script"/>
    <testcase time="0.00200000000000244" classname="chevron_tlg_methods" name="script_funs_generates_a_valid_script"/>
    <testcase time="0.00200000000000244" classname="chevron_tlg_methods" name="script_funs_generates_a_valid_script"/>
    <testcase time="0.000999999999997669" classname="chevron_tlg_methods" name="script_funs_generates_a_valid_script"/>
    <testcase time="0.00200000000000244" classname="chevron_tlg_methods" name="script_funs_generates_a_valid_script"/>
    <testcase time="0.036999999999999" classname="chevron_tlg_methods" name="script_funs_generates_a_valid_script"/>
    <testcase time="0.00800000000000267" classname="chevron_tlg_methods" name="script_funs_works_for_simple_template"/>
    <testcase time="0.000999999999997669" classname="chevron_tlg_methods" name="script_funs_works_for_simple_template"/>
    <testcase time="0.0300000000000011" classname="chevron_tlg_methods" name="print_list_works"/>
    <testcase time="0.0259999999999962" classname="chevron_tlg_methods" name="print_list_works_for_empty_list"/>
  </testsuite>
  <testsuite name="cml02a_gl" timestamp="2025-02-20T16:34:51Z" hostname="e6026f528dcf" tests="6" skipped="0" failures="0" errors="0" time="0.546">
    <testcase time="0.0290000000000035" classname="cml02a_gl" name="cml02a_gl_works_with_adcm_dataset"/>
    <testcase time="0.169999999999995" classname="cml02a_gl" name="cml02a_gl_works_with_adcm_dataset"/>
    <testcase time="0.0240000000000009" classname="cml02a_gl" name="cml02a_gl_works_with_missing_data"/>
    <testcase time="0.129000000000005" classname="cml02a_gl" name="cml02a_gl_works_with_missing_data"/>
    <testcase time="0.0240000000000009" classname="cml02a_gl" name="cml02a_gl_functions_work_as_expected"/>
    <testcase time="0.169999999999995" classname="cml02a_gl" name="cml02a_gl_functions_work_as_expected"/>
  </testsuite>
  <testsuite name="cmt01a" timestamp="2025-02-20T16:34:51Z" hostname="e6026f528dcf" tests="6" skipped="0" failures="0" errors="0" time="4.006">
    <testcase time="1.166" classname="cmt01a" name="cmt01a_functions_with_default_argument_value_return_expected_result_with_test_data"/>
    <testcase time="1.121" classname="cmt01a" name="cmt01a_functions_with_custom_argument_value_return_expected_result_with_test_data"/>
    <testcase time="0.162000000000006" classname="cmt01a" name="cmt01a_can_handle_all_NA_values"/>
    <testcase time="0.183" classname="cmt01a" name="cmt01a_can_handle_all_NA_values"/>
    <testcase time="0.790999999999997" classname="cmt01a" name="cmt01a_can_handle_some_NA_values"/>
    <testcase time="0.582999999999998" classname="cmt01a" name="cmt01a_can_handle_some_NA_values"/>
  </testsuite>
  <testsuite name="cmt02_pt" timestamp="2025-02-20T16:34:55Z" hostname="e6026f528dcf" tests="4" skipped="0" failures="0" errors="0" time="0.617">
    <testcase time="0.103999999999999" classname="cmt02_pt" name="cmt02_pt_can_handle_all_NA_values"/>
    <testcase time="0.140000000000001" classname="cmt02_pt" name="cmt02_pt_can_handle_all_NA_values"/>
    <testcase time="0.144000000000005" classname="cmt02_pt" name="cmt02_pt_can_handle_some_NA_values"/>
    <testcase time="0.228999999999999" classname="cmt02_pt" name="cmt02_pt_can_handle_some_NA_values"/>
  </testsuite>
  <testsuite name="coxt01" timestamp="2025-02-20T16:34:56Z" hostname="e6026f528dcf" tests="9" skipped="0" failures="0" errors="0" time="1.709">
    <testcase time="0.305" classname="coxt01" name="coxt01_can_handle_some_NA_values"/>
    <testcase time="0.189999999999998" classname="coxt01" name="coxt01_can_handle_some_NA_values"/>
    <testcase time="0.234999999999999" classname="coxt01" name="coxt01_can_handle_some_NA_values"/>
    <testcase time="0.190000000000005" classname="coxt01" name="coxt01_can_handle_some_NA_values"/>
    <testcase time="0.187999999999995" classname="coxt01" name="coxt01_can_handle_some_NA_values"/>
    <testcase time="0.175000000000004" classname="coxt01" name="coxt01_can_handle_some_NA_values"/>
    <testcase time="0.210999999999999" classname="coxt01" name="coxt01_can_handle_some_NA_values"/>
    <testcase time="0.200000000000003" classname="coxt01" name="coxt01_can_handle_some_NA_values"/>
    <testcase time="0.0150000000000006" classname="coxt01" name="coxt01_fails_on_incomlete_data"/>
  </testsuite>
  <testsuite name="coxt02" timestamp="2025-02-20T16:34:58Z" hostname="e6026f528dcf" tests="9" skipped="0" failures="0" errors="0" time="2.206">
    <testcase time="0.415999999999997" classname="coxt02" name="coxt02_can_handle_some_NA_values"/>
    <testcase time="0.228999999999999" classname="coxt02" name="coxt02_can_handle_some_NA_values"/>
    <testcase time="0.405999999999999" classname="coxt02" name="coxt02_can_handle_some_NA_values"/>
    <testcase time="0.230000000000004" classname="coxt02" name="coxt02_can_handle_some_NA_values"/>
    <testcase time="0.259999999999998" classname="coxt02" name="coxt02_can_handle_some_NA_values"/>
    <testcase time="0.188000000000002" classname="coxt02" name="coxt02_can_handle_some_NA_values"/>
    <testcase time="0.266999999999996" classname="coxt02" name="coxt02_can_handle_some_NA_values"/>
    <testcase time="0.195" classname="coxt02" name="coxt02_can_handle_some_NA_values"/>
    <testcase time="0.0150000000000006" classname="coxt02" name="coxt02_fails_on_incomlete_data"/>
  </testsuite>
  <testsuite name="default_tlg" timestamp="2025-02-20T16:35:00Z" hostname="e6026f528dcf" tests="15" skipped="0" failures="0" errors="0" time="11.45">
    <testcase time="0.157000000000004" classname="default_tlg" name="ael01_nollt_function_with_default_argument_value_return_expected_result_with_test_data"/>
    <testcase time="0.535999999999994" classname="default_tlg" name="aet01_function_with_default_argument_value_return_expected_result_with_test_data"/>
    <testcase time="0.480000000000004" classname="default_tlg" name="aet01_aesi_function_with_default_argument_value_return_expected_result_with_test_data"/>
    <testcase time="0.991" classname="default_tlg" name="aet02_functions_with_default_argument_value_return_expected_result_with_test_data"/>
    <testcase time="2.06" classname="default_tlg" name="aet03_functions_with_default_argument_value_return_expected_result_with_test_data"/>
    <testcase time="3.212" classname="default_tlg" name="aet04_functions_with_default_argument_value_return_expected_result_with_test_data"/>
    <testcase time="0.430999999999997" classname="default_tlg" name="aet05_functions_with_default_argument_value_return_expected_result_with_test_data"/>
    <testcase time="0.426000000000002" classname="default_tlg" name="aet05_all_functions_with_default_argument_value_return_expected_result_with_test_data"/>
    <testcase time="0.319999999999993" classname="default_tlg" name="aet10_functions_with_default_argument_value_return_expected_result_with_test_data"/>
    <testcase time="0.373999999999995" classname="default_tlg" name="cmt02_pt_functions_with_default_argument_value_return_expected_result_with_test_data"/>
    <testcase time="0.480000000000004" classname="default_tlg" name="coxt01_functions_with_default_argument_value_return_expected_result_with_test_data"/>
    <testcase time="0.653000000000006" classname="default_tlg" name="coxt02_functions_with_default_argument_value_return_expected_result_with_test_data"/>
    <testcase time="0.620999999999995" classname="default_tlg" name="dmt01_functions_with_default_argument_value_return_expected_result_with_test_data"/>
    <testcase time="0.439999999999998" classname="default_tlg" name="dst01_functions_with_default_argument_value_return_expected_result_with_test_data"/>
    <testcase time="0.269000000000005" classname="default_tlg" name="dtht01_functions_with_default_argument_value_return_expected_result_with_test_data"/>
  </testsuite>
  <testsuite name="dmt01" timestamp="2025-02-20T16:35:11Z" hostname="e6026f528dcf" tests="19" skipped="0" failures="0" errors="0" time="4.514">
    <testcase time="0.218999999999994" classname="dmt01" name="dmt01_can_handle_NA_values"/>
    <testcase time="0.325000000000003" classname="dmt01" name="dmt01_can_handle_NA_values"/>
    <testcase time="0.212000000000003" classname="dmt01" name="dmt01_can_handle_numeric_NA_values"/>
    <testcase time="0.412999999999997" classname="dmt01" name="dmt01_can_handle_numeric_NA_values"/>
    <testcase time="0.0160000000000053" classname="dmt01" name="dmt01_returns_an_error_when_variables_are_of_the_wrong_type"/>
    <testcase time="0.159999999999997" classname="dmt01" name="dmt01_works_as_expected_with_setting_default_precision"/>
    <testcase time="0.323999999999998" classname="dmt01" name="dmt01_works_as_expected_with_setting_default_precision"/>
    <testcase time="0.168000000000006" classname="dmt01" name="dmt01_works_as_expected_with_auto_precision_settings"/>
    <testcase time="0.384" classname="dmt01" name="dmt01_works_as_expected_with_auto_precision_settings"/>
    <testcase time="0.165999999999997" classname="dmt01" name="dmt01_works_as_expected_with_auto_precision_settings_and_defined_precision"/>
    <testcase time="0.364000000000004" classname="dmt01" name="dmt01_works_as_expected_with_auto_precision_settings_and_defined_precision"/>
    <testcase time="0.157999999999987" classname="dmt01" name="dmt01_works_as_expected_with_auto_precision_settings_and_defined_precision_and_default"/>
    <testcase time="0.504000000000005" classname="dmt01" name="dmt01_works_as_expected_with_auto_precision_settings_and_defined_precision_and_default"/>
    <testcase time="0.135999999999996" classname="dmt01" name="dmt01_works_as_expected_with_cutomized_stats_value"/>
    <testcase time="0.269000000000005" classname="dmt01" name="dmt01_works_as_expected_with_cutomized_stats_value"/>
    <testcase time="0.144000000000005" classname="dmt01" name="dmt01_works_as_expected_with_empty_list_as_stats_value"/>
    <testcase time="0.293999999999997" classname="dmt01" name="dmt01_works_as_expected_with_empty_list_as_stats_value"/>
    <testcase time="0.078000000000003" classname="dmt01" name="dmt01_works_as_expected_with_only_one_summaryvars"/>
    <testcase time="0.179999999999993" classname="dmt01" name="dmt01_works_as_expected_with_only_one_summaryvars"/>
  </testsuite>
  <testsuite name="dst01" timestamp="2025-02-20T16:35:16Z" hostname="e6026f528dcf" tests="14" skipped="0" failures="0" errors="0" time="2.4">
    <testcase time="0.132000000000005" classname="dst01" name="dst01_works_as_expected_when_all_data_are_NA"/>
    <testcase time="0.0769999999999982" classname="dst01" name="dst01_works_as_expected_when_all_data_are_NA"/>
    <testcase time="0.111000000000004" classname="dst01" name="dst01_can_handle_all_NA_values_in_DCSREAS"/>
    <testcase time="0.137999999999991" classname="dst01" name="dst01_can_handle_all_NA_values_in_DCSREAS"/>
    <testcase time="0.156000000000006" classname="dst01" name="dst01_can_handle_some_NA_values"/>
    <testcase time="0.215999999999994" classname="dst01" name="dst01_can_handle_some_NA_values"/>
    <testcase time="0.12700000000001" classname="dst01" name="dst01_can_handle_missing_levels_in_status_var"/>
    <testcase time="0.070999999999998" classname="dst01" name="dst01_can_handle_missing_levels_in_status_var"/>
    <testcase time="0.180999999999997" classname="dst01" name="dst01_can_create_variants"/>
    <testcase time="0.215000000000003" classname="dst01" name="dst01_can_create_variants"/>
    <testcase time="0.209000000000003" classname="dst01" name="dst01_can_create_variants"/>
    <testcase time="0.234999999999999" classname="dst01" name="dst01_can_create_variants"/>
    <testcase time="0.254999999999995" classname="dst01" name="dst01_can_create_variants"/>
    <testcase time="0.277000000000001" classname="dst01" name="dst01_can_create_variants"/>
  </testsuite>
  <testsuite name="dtht01" timestamp="2025-02-20T16:35:18Z" hostname="e6026f528dcf" tests="5" skipped="0" failures="0" errors="0" time="1.395">
    <testcase time="0.102000000000004" classname="dtht01" name="dtht01_can_handle_all_NA_values"/>
    <testcase time="0.164999999999992" classname="dtht01" name="dtht01_can_handle_all_NA_values"/>
    <testcase time="0.228999999999999" classname="dtht01" name="dtht01_can_handle_some_NA_values"/>
    <testcase time="0.334000000000003" classname="dtht01" name="dtht01_can_handle_some_NA_values"/>
    <testcase time="0.564999999999998" classname="dtht01" name="dtht01_can_be_parametrize_as_expected"/>
  </testsuite>
  <testsuite name="egt01" timestamp="2025-02-20T16:35:20Z" hostname="e6026f528dcf" tests="3" skipped="0" failures="0" errors="0" time="6.566">
    <testcase time="3.267" classname="egt01" name="egt01_functions_with_default_argument_value_return_expected_result_with_test_data"/>
    <testcase time="1.24000000000001" classname="egt01" name="egt01_can_handle_n_0_and_outputs_NE_instead_of_infs_and_NAs"/>
    <testcase time="2.059" classname="egt01" name="egt01_can_handle_n_0_and_outputs_NE_instead_of_infs_and_NAs"/>
  </testsuite>
  <testsuite name="egt02" timestamp="2025-02-20T16:35:26Z" hostname="e6026f528dcf" tests="2" skipped="0" failures="0" errors="0" time="0.672">
    <testcase time="0.35199999999999" classname="egt02" name="egt02_1_functions_with_default_argument_value_return_expected_result_with_test_data"/>
    <testcase time="0.320000000000007" classname="egt02" name="egt02_2_functions_with_default_value_return_expected_result_with_test_data"/>
  </testsuite>
  <testsuite name="egt03" timestamp="2025-02-20T16:35:27Z" hostname="e6026f528dcf" tests="5" skipped="0" failures="0" errors="0" time="3.189">
    <testcase time="1.57899999999999" classname="egt03" name="egt03_functions_with_default_argument_value_return_expected_result_with_test_data"/>
    <testcase time="0.0160000000000053" classname="egt03" name="egt03_errors_on_all_NA_values"/>
    <testcase time="0.507999999999996" classname="egt03" name="egt03_can_handle_some_NA_values"/>
    <testcase time="1.071" classname="egt03" name="egt03_can_handle_some_NA_values"/>
    <testcase time="0.0150000000000006" classname="egt03" name="egt03_fails_on_incomplete_data"/>
  </testsuite>
  <testsuite name="egt05_qtcat" timestamp="2025-02-20T16:35:30Z" hostname="e6026f528dcf" tests="4" skipped="0" failures="0" errors="0" time="3.5">
    <testcase time="2.253" classname="egt05_qtcat" name="egt05_qtcat_functions_with_default_argument_value_return_expected_result_with_test_data"/>
    <testcase time="0.0170000000000101" classname="egt05_qtcat" name="egt05_qtcat_erros_on_all_NA_values"/>
    <testcase time="0.411999999999992" classname="egt05_qtcat" name="egt05_qtcat_can_handle_some_NA_values"/>
    <testcase time="0.817999999999998" classname="egt05_qtcat" name="egt05_qtcat_can_handle_some_NA_values"/>
  </testsuite>
  <testsuite name="empty_report" timestamp="2025-02-20T16:35:34Z" hostname="e6026f528dcf" tests="25" skipped="0" failures="0" errors="0" time="2.946">
    <testcase time="0.109000000000009" classname="empty_report" name="tlg_functions_return_null_reports_when_domain_table_is_empty"/>
    <testcase time="0.487000000000009" classname="empty_report" name="tlg_functions_return_null_reports_when_domain_table_is_empty"/>
    <testcase time="0.182000000000002" classname="empty_report" name="tlg_functions_return_null_reports_when_domain_table_is_empty"/>
    <testcase time="0.108999999999995" classname="empty_report" name="tlg_functions_return_null_reports_when_domain_table_is_empty"/>
    <testcase time="0.100999999999999" classname="empty_report" name="tlg_functions_return_null_reports_when_domain_table_is_empty"/>
    <testcase time="0.070999999999998" classname="empty_report" name="tlg_functions_return_null_reports_when_domain_table_is_empty"/>
    <testcase time="0.0970000000000084" classname="empty_report" name="tlg_functions_return_null_reports_when_domain_table_is_empty"/>
    <testcase time="0.146999999999991" classname="empty_report" name="tlg_functions_return_null_reports_when_domain_table_is_empty"/>
    <testcase time="0.168999999999997" classname="empty_report" name="tlg_functions_return_null_reports_when_domain_table_is_empty"/>
    <testcase time="0.085000000000008" classname="empty_report" name="tlg_functions_return_null_reports_when_domain_table_is_empty"/>
    <testcase time="0.0960000000000036" classname="empty_report" name="tlg_functions_return_null_reports_when_domain_table_is_empty"/>
    <testcase time="0.0559999999999974" classname="empty_report" name="tlg_functions_return_null_reports_when_domain_table_is_empty"/>
    <testcase time="0.0510000000000019" classname="empty_report" name="tlg_functions_return_null_reports_when_domain_table_is_empty"/>
    <testcase time="0.0699999999999932" classname="empty_report" name="tlg_functions_return_null_reports_when_domain_table_is_empty"/>
    <testcase time="0.0720000000000027" classname="empty_report" name="tlg_functions_return_null_reports_when_domain_table_is_empty"/>
    <testcase time="0.0799999999999983" classname="empty_report" name="tlg_functions_return_null_reports_when_domain_table_is_empty"/>
    <testcase time="0.0859999999999985" classname="empty_report" name="tlg_functions_return_null_reports_when_domain_table_is_empty"/>
    <testcase time="0.102000000000004" classname="empty_report" name="tlg_functions_return_null_reports_when_domain_table_is_empty"/>
    <testcase time="0.314999999999998" classname="empty_report" name="tlg_functions_return_null_reports_when_domain_table_is_empty"/>
    <testcase time="0.097999999999999" classname="empty_report" name="tlg_functions_return_null_reports_when_domain_table_is_empty"/>
    <testcase time="0.0939999999999941" classname="empty_report" name="tlg_functions_return_null_reports_when_domain_table_is_empty"/>
    <testcase time="0.0640000000000072" classname="empty_report" name="tlg_functions_return_null_reports_when_domain_table_is_empty"/>
    <testcase time="0.0999999999999943" classname="empty_report" name="tlg_functions_return_null_reports_when_domain_table_is_empty"/>
    <testcase time="0.0530000000000115" classname="empty_report" name="tlg_functions_return_null_reports_when_domain_table_is_empty"/>
    <testcase time="0.0519999999999925" classname="empty_report" name="tlg_functions_return_null_reports_when_domain_table_is_empty"/>
  </testsuite>
  <testsuite name="ext01" timestamp="2025-02-20T16:35:36Z" hostname="e6026f528dcf" tests="10" skipped="0" failures="0" errors="0" time="5.117">
    <testcase time="0.510000000000005" classname="ext01" name="ext01_functions_with_default_argument_value_return_expected_result_with_test_data"/>
    <testcase time="0.551999999999992" classname="ext01" name="ext01_functions_with_categorical_data_return_expected_result_with_test_data"/>
    <testcase time="0.189999999999998" classname="ext01" name="ext01_works"/>
    <testcase time="0.326000000000008" classname="ext01" name="ext01_works"/>
    <testcase time="0.177999999999997" classname="ext01" name="ext01_works"/>
    <testcase time="0.313000000000002" classname="ext01" name="ext01_works"/>
    <testcase time="0.539999999999992" classname="ext01" name="ext01_works_for_selected_parameters_and_categorical_variables"/>
    <testcase time="0.815000000000012" classname="ext01" name="ext01_works_with_custom_mapping_order"/>
    <testcase time="0.814000000000007" classname="ext01" name="ext01_works_with_custom_mapping_order_for_a_single_split"/>
    <testcase time="0.878999999999991" classname="ext01" name="ext01_works_with_custom_mapping_fill_in_value"/>
  </testsuite>
  <testsuite name="fstg01" timestamp="2025-02-20T16:35:42Z" hostname="e6026f528dcf" tests="13" skipped="0" failures="0" errors="0" time="6.751">
    <testcase time="0.0130000000000052" classname="fstg01" name="fstg01_works_as_expected"/>
    <testcase time="1.295" classname="fstg01" name="fstg01_works_as_expected"/>
    <testcase time="0.00300000000000011" classname="fstg01" name="fstg01_works_as_expected"/>
    <testcase time="1.28700000000001" classname="fstg01" name="fstg01_works_as_expected_with_custom_color_set"/>
    <testcase time="0.00300000000000011" classname="fstg01" name="fstg01_works_as_expected_with_custom_color_set"/>
    <testcase time="1.27099999999999" classname="fstg01" name="fstg01_works_as_expected_with_custom_color_set"/>
    <testcase time="0.00300000000000011" classname="fstg01" name="fstg01_works_as_expected_with_custom_color_set"/>
    <testcase time="0.660000000000011" classname="fstg01" name="fstg01_works_if_changes_are_in_subgroups_conf_level_and_label_all"/>
    <testcase time="0.00399999999999068" classname="fstg01" name="fstg01_works_if_changes_are_in_subgroups_conf_level_and_label_all"/>
    <testcase time="0.887" classname="fstg01" name="fstg01_works_if_changes_are_in_subgroups_conf_level_and_label_all"/>
    <testcase time="0.00300000000000011" classname="fstg01" name="fstg01_works_if_changes_are_in_subgroups_conf_level_and_label_all"/>
    <testcase time="1.318" classname="fstg01" name="fstg01_can_handle_some_NA_values_in_subgroups"/>
    <testcase time="0.00400000000000489" classname="fstg01" name="fstg01_can_handle_some_NA_values_in_subgroups"/>
  </testsuite>
  <testsuite name="fstg02" timestamp="2025-02-20T16:35:48Z" hostname="e6026f528dcf" tests="9" skipped="0" failures="0" errors="0" time="9.028">
    <testcase time="0.0150000000000006" classname="fstg02" name="fstg02_works_as_expected"/>
    <testcase time="1.254" classname="fstg02" name="fstg02_works_as_expected"/>
    <testcase time="1.295" classname="fstg02" name="fstg02_works_as_expected_with_custom_color_set"/>
    <testcase time="1.292" classname="fstg02" name="fstg02_works_as_expected_with_custom_color_set"/>
    <testcase time="0.634999999999991" classname="fstg02" name="fstg02_works_if_changes_are_in_subgroups_strata_var_conf_level_and_label_all"/>
    <testcase time="1.006" classname="fstg02" name="fstg02_works_if_changes_are_in_subgroups_strata_var_conf_level_and_label_all"/>
    <testcase time="1.163" classname="fstg02" name="fstg02_can_handle_some_NA_values_in_subgroups"/>
    <testcase time="1.18300000000001" classname="fstg02" name="fstg02_can_handle_customized_time_units"/>
    <testcase time="1.185" classname="fstg02" name="fstg02_can_handle_customized_time_units"/>
  </testsuite>
  <testsuite name="kmg01" timestamp="2025-02-20T16:35:57Z" hostname="e6026f528dcf" tests="13" skipped="0" failures="0" errors="0" time="2.157">
    <testcase time="0.0120000000000005" classname="kmg01" name="kmg01_works_as_expected"/>
    <testcase time="0.369" classname="kmg01" name="kmg01_works_as_expected"/>
    <testcase time="0.00300000000000011" classname="kmg01" name="kmg01_works_as_expected"/>
    <testcase time="0.36999999999999" classname="kmg01" name="kmg01_works_as_expected_with_custom_color_set"/>
    <testcase time="0.00400000000000489" classname="kmg01" name="kmg01_works_as_expected_with_custom_color_set"/>
    <testcase time="0.364999999999995" classname="kmg01" name="kmg01_works_as_expected_with_custom_color_set"/>
    <testcase time="0.00300000000000011" classname="kmg01" name="kmg01_works_as_expected_with_custom_color_set"/>
    <testcase time="0.359000000000009" classname="kmg01" name="kmg01_works_if_change_pvalue_ties_and_conf_level"/>
    <testcase time="0.00300000000000011" classname="kmg01" name="kmg01_works_if_change_pvalue_ties_and_conf_level"/>
    <testcase time="0.408999999999992" classname="kmg01" name="kmg01_works_if_change_annotation_position"/>
    <testcase time="0.00300000000000011" classname="kmg01" name="kmg01_works_if_change_annotation_position"/>
    <testcase time="0.254000000000005" classname="kmg01" name="kmg01_works_for_stratified_analysis"/>
    <testcase time="0.00300000000000011" classname="kmg01" name="kmg01_works_for_stratified_analysis"/>
  </testsuite>
  <testsuite name="lbt01" timestamp="2025-02-20T16:36:00Z" hostname="e6026f528dcf" tests="4" skipped="0" failures="0" errors="0" time="9.764">
    <testcase time="3.18899999999999" classname="lbt01" name="lbt01_functions_with_default_argument_value_return_expected_result_with_test_data"/>
    <testcase time="3.292" classname="lbt01" name="lbt01_functions_with_row_split_var_return_expected_result_with_test_data"/>
    <testcase time="1.053" classname="lbt01" name="lbt01_can_handle_n_0_and_outputs_NE_instead_of_infs_and_NAs"/>
    <testcase time="2.23000000000002" classname="lbt01" name="lbt01_can_handle_n_0_and_outputs_NE_instead_of_infs_and_NAs"/>
  </testsuite>
  <testsuite name="lbt04" timestamp="2025-02-20T16:36:09Z" hostname="e6026f528dcf" tests="8" skipped="0" failures="0" errors="0" time="3.272">
    <testcase time="1.02599999999998" classname="lbt04" name="lbt04_functions_with_default_argument_value_return_expected_result_with_test_data"/>
    <testcase time="0.0970000000000084" classname="lbt04" name="lbt04_can_handle_all_NA_values"/>
    <testcase time="0.0730000000000075" classname="lbt04" name="lbt04_can_handle_all_NA_values"/>
    <testcase time="0.326999999999998" classname="lbt04" name="lbt04_can_handle_missing_levels"/>
    <testcase time="0.83499999999998" classname="lbt04" name="lbt04_can_handle_missing_levels"/>
    <testcase time="0.287000000000006" classname="lbt04" name="lbt04_can_handle_some_NA_values"/>
    <testcase time="0.61099999999999" classname="lbt04" name="lbt04_can_handle_some_NA_values"/>
    <testcase time="0.0160000000000196" classname="lbt04" name="lbt04_fails_on_incomlete_data"/>
  </testsuite>
  <testsuite name="lbt05" timestamp="2025-02-20T16:36:13Z" hostname="e6026f528dcf" tests="8" skipped="0" failures="0" errors="0" time="2.632">
    <testcase time="0.675999999999988" classname="lbt05" name="lbt05_functions_with_default_argument_value_return_expected_result_with_test_data"/>
    <testcase time="0.26400000000001" classname="lbt05" name="lbt05_functions_with_default_argument_value_return_expected_result_with_test_data"/>
    <testcase time="0.293999999999983" classname="lbt05" name="lbt05_give_all_0_count_if_ANRIND_are_all_missing"/>
    <testcase time="0.28400000000002" classname="lbt05" name="lbt05_can_handle_some_NA_values"/>
    <testcase time="0.399000000000001" classname="lbt05" name="lbt05_can_handle_some_NA_values"/>
    <testcase time="0.032999999999987" classname="lbt05" name="lbt05_fails_on_incomlete_data"/>
    <testcase time="0.286000000000001" classname="lbt05" name="lbt05_works_with_missing_levels"/>
    <testcase time="0.396000000000015" classname="lbt05" name="lbt05_works_with_missing_levels"/>
  </testsuite>
  <testsuite name="lbt06" timestamp="2025-02-20T16:36:15Z" hostname="e6026f528dcf" tests="3" skipped="0" failures="0" errors="0" time="3.74">
    <testcase time="0.961999999999989" classname="lbt06" name="lbt06_gives_all_0_count_if_ANRIND_and_BNRIND_are_all_missing"/>
    <testcase time="2.73599999999999" classname="lbt06" name="lbt06_can_handle_some_NA_values"/>
    <testcase time="0.0420000000000016" classname="lbt06" name="lbt06_fails_on_incomplete_data"/>
  </testsuite>
  <testsuite name="lbt07" timestamp="2025-02-20T16:36:19Z" hostname="e6026f528dcf" tests="4" skipped="0" failures="0" errors="0" time="1.69">
    <testcase time="0.831000000000017" classname="lbt07" name="lbt07_functions_with_default_argument_value_return_expected_result_with_test_data"/>
    <testcase time="0.388999999999982" classname="lbt07" name="lbt07_can_handle_some_NA_values"/>
    <testcase time="0.438000000000017" classname="lbt07" name="lbt07_can_handle_some_NA_values"/>
    <testcase time="0.0319999999999823" classname="lbt07" name="lbt07_fails_on_incomlete_data"/>
  </testsuite>
  <testsuite name="lbt14" timestamp="2025-02-20T16:36:21Z" hostname="e6026f528dcf" tests="20" skipped="0" failures="0" errors="0" time="8.182">
    <testcase time="0.677000000000021" classname="lbt14" name="lbt14_functions_with_default_argument_value_return_expected_result_with_test_data"/>
    <testcase time="0.501999999999981" classname="lbt14" name="lbt14_functions_with_default_argument_value_return_expected_result_with_test_data_when_direction_high"/>
    <testcase time="0.605000000000018" classname="lbt14" name="lbt14_functions_with_gr_missing_excl_return_expected_result_with_test_data"/>
    <testcase time="0.61099999999999" classname="lbt14" name="lbt14_functions_with_gr_missing_gr_0_return_expected_result_with_test_data"/>
    <testcase time="0.389999999999986" classname="lbt14" name="lbt14_can_handle_all_NA_values"/>
    <testcase time="0.13900000000001" classname="lbt14" name="lbt14_can_handle_all_NA_values"/>
    <testcase time="0.412000000000006" classname="lbt14" name="lbt14_can_handle_some_NA_values"/>
    <testcase time="0.335000000000008" classname="lbt14" name="lbt14_can_handle_some_NA_values"/>
    <testcase time="1.36799999999999" classname="lbt14" name="lbt14_can_accept_different_gr_missing"/>
    <testcase time="0.268000000000001" classname="lbt14" name="lbt14_can_accept_different_gr_missing"/>
    <testcase time="0.270999999999987" classname="lbt14" name="lbt14_can_accept_different_gr_missing"/>
    <testcase time="0.0190000000000055" classname="lbt14" name="lbt14_fails_on_incomlete_data"/>
    <testcase time="0.400000000000006" classname="lbt14" name="lbt14_can_handle_all_NA_values_with_direction_high"/>
    <testcase time="0.146999999999991" classname="lbt14" name="lbt14_can_handle_all_NA_values_with_direction_high"/>
    <testcase time="0.394000000000005" classname="lbt14" name="lbt14_can_handle_some_NA_values_with_direction_high"/>
    <testcase time="0.192000000000007" classname="lbt14" name="lbt14_can_handle_some_NA_values_with_direction_high"/>
    <testcase time="1.142" classname="lbt14" name="lbt14_can_accept_different_gr_missing_with_direction_high"/>
    <testcase time="0.145999999999987" classname="lbt14" name="lbt14_can_accept_different_gr_missing_with_direction_high"/>
    <testcase time="0.146000000000015" classname="lbt14" name="lbt14_can_accept_different_gr_missing_with_direction_high"/>
    <testcase time="0.0180000000000007" classname="lbt14" name="lbt14_fails_on_incomlete_data"/>
  </testsuite>
  <testsuite name="lbt15" timestamp="2025-02-20T16:36:29Z" hostname="e6026f528dcf" tests="12" skipped="0" failures="0" errors="0" time="5.874">
    <testcase time="1.22499999999999" classname="lbt15" name="lbt15_functions_with_default_argument_value_return_expected_result_with_test_data"/>
    <testcase time="0.296999999999997" classname="lbt15" name="lbt15_can_handle_all_NA_values"/>
    <testcase time="0.614000000000004" classname="lbt15" name="lbt15_can_handle_all_NA_values"/>
    <testcase time="0.294000000000011" classname="lbt15" name="lbt15_can_handle_missing_levels"/>
    <testcase time="0.621999999999986" classname="lbt15" name="lbt15_can_handle_missing_levels"/>
    <testcase time="0.294000000000011" classname="lbt15" name="lbt15_can_handle_missing_levels_in_baseline"/>
    <testcase time="0.62299999999999" classname="lbt15" name="lbt15_can_handle_missing_levels_in_baseline"/>
    <testcase time="0.306999999999988" classname="lbt15" name="lbt15_can_handle_some_NA_values"/>
    <testcase time="0.63300000000001" classname="lbt15" name="lbt15_can_handle_some_NA_values"/>
    <testcase time="0.301999999999992" classname="lbt15" name="lbt15_can_handle_some_NA_values_in_baseline"/>
    <testcase time="0.646000000000015" classname="lbt15" name="lbt15_can_handle_some_NA_values_in_baseline"/>
    <testcase time="0.0169999999999959" classname="lbt15" name="lbt15_fails_on_incomlete_data"/>
  </testsuite>
  <testsuite name="mht01" timestamp="2025-02-20T16:36:35Z" hostname="e6026f528dcf" tests="4" skipped="0" failures="0" errors="0" time="3.185">
    <testcase time="0.640999999999991" classname="mht01" name="mht01_functions_with_default_argument_value_return_expected_result_with_test_data"/>
    <testcase time="0.655000000000001" classname="mht01" name="mht01_works"/>
    <testcase time="0.668000000000006" classname="mht01" name="mht01_works_on_NULL_in_lbl_mhbodsys_or_lbl_mhdecod"/>
    <testcase time="1.221" classname="mht01" name="mht01_works_with_other_row_split_var"/>
  </testsuite>
  <testsuite name="mng01" timestamp="2025-02-20T16:36:38Z" hostname="e6026f528dcf" tests="19" skipped="8" failures="0" errors="0" time="9.083">
    <testcase time="0.937999999999988" classname="mng01" name="mng01_works_as_expected_with_default_argument_values"/>
    <testcase time="0.00100000000000477" classname="mng01" name="mng01_works_as_expected_with_default_argument_values">
      <skipped message="Reason: On CI ('test-mng01.R:9:5')"/>
    </testcase>
    <testcase time="0.98599999999999" classname="mng01" name="mng01_works_as_expected_with_custom_argument_values"/>
    <testcase time="0.0110000000000241" classname="mng01" name="mng01_works_as_expected_with_custom_argument_values"/>
    <testcase time="0.00199999999998113" classname="mng01" name="mng01_works_as_expected_with_custom_argument_values">
      <skipped message="Reason: On CI ('test-mng01.R:45:5')"/>
    </testcase>
    <testcase time="0.978000000000009" classname="mng01" name="mng01_works_as_expected_with_custom_color_set"/>
    <testcase time="0.972000000000008" classname="mng01" name="mng01_works_as_expected_with_custom_color_set"/>
    <testcase time="0.00100000000000477" classname="mng01" name="mng01_works_as_expected_with_custom_color_set">
      <skipped message="Reason: On CI ('test-mng01.R:69:5')"/>
    </testcase>
    <testcase time="1.02599999999998" classname="mng01" name="mng01_works_as_expected_with_custom_line_type_set"/>
    <testcase time="1.00999999999999" classname="mng01" name="mng01_works_as_expected_with_custom_line_type_set"/>
    <testcase time="0.00100000000000477" classname="mng01" name="mng01_works_as_expected_with_custom_line_type_set">
      <skipped message="Reason: On CI ('test-mng01.R:91:5')"/>
    </testcase>
    <testcase time="0.16500000000002" classname="mng01" name="mng01_works_with_table_NULL"/>
    <testcase time="0.000999999999976353" classname="mng01" name="mng01_works_with_table_NULL">
      <skipped message="Reason: On CI ('test-mng01.R:104:5')"/>
    </testcase>
    <testcase time="0.994" classname="mng01" name="mng01_works_with_combination_of_x_variables"/>
    <testcase time="0.00200000000000955" classname="mng01" name="mng01_works_with_combination_of_x_variables">
      <skipped message="Reason: On CI ('test-mng01.R:122:5')"/>
    </testcase>
    <testcase time="0.945999999999998" classname="mng01" name="mng01_works_with_numeric_x_variable"/>
    <testcase time="0.00100000000000477" classname="mng01" name="mng01_works_with_numeric_x_variable">
      <skipped message="Reason: On CI ('test-mng01.R:143:5')"/>
    </testcase>
    <testcase time="1.047" classname="mng01" name="mng01_works_with_numeric_jitter"/>
    <testcase time="0.00100000000000477" classname="mng01" name="mng01_works_with_numeric_jitter">
      <skipped message="Reason: On CI ('test-mng01.R:161:5')"/>
    </testcase>
  </testsuite>
  <testsuite name="pdt01" timestamp="2025-02-20T16:36:47Z" hostname="e6026f528dcf" tests="5" skipped="0" failures="0" errors="0" time="1.276">
    <testcase time="0.49199999999999" classname="pdt01" name="pdt01_function_with_default_argument_value_return_expected_result_with_test_data"/>
    <testcase time="0.122000000000014" classname="pdt01" name="pdt01_can_handle_all_NA_values"/>
    <testcase time="0.169999999999987" classname="pdt01" name="pdt01_can_handle_all_NA_values"/>
    <testcase time="0.215000000000003" classname="pdt01" name="pdt01_can_handle_some_NA_values"/>
    <testcase time="0.277000000000015" classname="pdt01" name="pdt01_can_handle_some_NA_values"/>
  </testsuite>
  <testsuite name="pdt02" timestamp="2025-02-20T16:36:48Z" hostname="e6026f528dcf" tests="5" skipped="0" failures="0" errors="0" time="1.045">
    <testcase time="0.342999999999989" classname="pdt02" name="pdt02_function_with_default_argument_value_return_expected_result_with_test_data"/>
    <testcase time="0.146999999999991" classname="pdt02" name="pdt02_can_handle_all_NA_values"/>
    <testcase time="0.210000000000008" classname="pdt02" name="pdt02_can_handle_all_NA_values"/>
    <testcase time="0.145999999999987" classname="pdt02" name="pdt02_can_handle_some_NA_values"/>
    <testcase time="0.199000000000012" classname="pdt02" name="pdt02_can_handle_some_NA_values"/>
  </testsuite>
  <testsuite name="reexports" timestamp="2025-02-20T16:36:49Z" hostname="e6026f528dcf" tests="2" skipped="0" failures="0" errors="0" time="0.015">
    <testcase time="0.00900000000001455" classname="reexports" name="with_label_exported_correctly"/>
    <testcase time="0.00600000000000023" classname="reexports" name="reformat_exported_correctly"/>
  </testsuite>
  <testsuite name="report_null" timestamp="2025-02-20T16:36:49Z" hostname="e6026f528dcf" tests="12" skipped="0" failures="0" errors="0" time="0.181">
    <testcase time="0.0159999999999911" classname="report_null" name="report_null_works_as_expected_with_NULL_"/>
    <testcase time="0.0109999999999957" classname="report_null" name="report_null_works_as_expected_with_NULL_"/>
    <testcase time="0.032999999999987" classname="report_null" name="report_null_works_as_expected_with_VTableTree_"/>
    <testcase time="0.0360000000000014" classname="report_null" name="report_null_works_as_expected_with_VTableTree_"/>
    <testcase time="0.0150000000000148" classname="report_null" name="report_null_works_as_expected_with_VTableTree_"/>
    <testcase time="0.0109999999999957" classname="report_null" name="report_null_works_as_expected_with_listing_df_"/>
    <testcase time="0.0120000000000005" classname="report_null" name="report_null_works_as_expected_with_listing_df_"/>
    <testcase time="0.00999999999999091" classname="report_null" name="report_null_works_as_expected_with_listing_df_"/>
    <testcase time="0.00900000000001455" classname="report_null" name="report_null_works_as_expected_with_list_"/>
    <testcase time="0.0199999999999818" classname="report_null" name="report_null_works_as_expected_with_list_"/>
    <testcase time="0.00500000000002387" classname="report_null" name="report_null_works_as_expected_with_by_default"/>
    <testcase time="0.0029999999999859" classname="report_null" name="report_null_works_as_expected_with_by_default"/>
  </testsuite>
  <testsuite name="rmpt01" timestamp="2025-02-20T16:36:49Z" hostname="e6026f528dcf" tests="11" skipped="0" failures="0" errors="0" time="1.577">
    <testcase time="0.405000000000001" classname="rmpt01" name="rmpt01_function_with_default_argument_value_return_expected_result_with_test_data"/>
    <testcase time="0.0620000000000118" classname="rmpt01" name="rmpt01_can_handle_NA_values"/>
    <testcase time="0.127999999999986" classname="rmpt01" name="rmpt01_can_handle_NA_values"/>
    <testcase time="0.12299999999999" classname="rmpt01" name="rmpt01_can_handle_NA_values"/>
    <testcase time="0.233000000000004" classname="rmpt01" name="rmpt01_can_handle_NA_values"/>
    <testcase time="0.0649999999999977" classname="rmpt01" name="rmpt01_can_handle_some_NA_values"/>
    <testcase time="0.134000000000015" classname="rmpt01" name="rmpt01_can_handle_some_NA_values"/>
    <testcase time="0.127999999999986" classname="rmpt01" name="rmpt01_can_handle_some_NA_values"/>
    <testcase time="0.240000000000009" classname="rmpt01" name="rmpt01_can_handle_some_NA_values"/>
    <testcase time="0.0320000000000107" classname="rmpt01" name="rmpt01_fails_on_incomlete_data"/>
    <testcase time="0.0269999999999868" classname="rmpt01" name="rmpt01_fails_on_incomlete_data"/>
  </testsuite>
  <testsuite name="rmpt03" timestamp="2025-02-20T16:36:51Z" hostname="e6026f528dcf" tests="12" skipped="0" failures="0" errors="0" time="2.001">
    <testcase time="0.325000000000017" classname="rmpt03" name="rmpt03_function_with_default_argument_value_return_expected_result_with_test_data"/>
    <testcase time="0.113" classname="rmpt03" name="rmpt03_can_handle_NA_values"/>
    <testcase time="0.210999999999984" classname="rmpt03" name="rmpt03_can_handle_NA_values"/>
    <testcase time="0.182999999999993" classname="rmpt03" name="rmpt03_can_handle_NA_values"/>
    <testcase time="0.283000000000015" classname="rmpt03" name="rmpt03_can_handle_NA_values"/>
    <testcase time="0.114000000000004" classname="rmpt03" name="rmpt03_can_handle_some_NA_values"/>
    <testcase time="0.213999999999999" classname="rmpt03" name="rmpt03_can_handle_some_NA_values"/>
    <testcase time="0.180999999999983" classname="rmpt03" name="rmpt03_can_handle_some_NA_values"/>
    <testcase time="0.296999999999997" classname="rmpt03" name="rmpt03_can_handle_some_NA_values"/>
    <testcase time="0.0340000000000202" classname="rmpt03" name="rmpt03_fails_on_incomlete_data"/>
    <testcase time="0.0279999999999916" classname="rmpt03" name="rmpt03_fails_on_incomlete_data"/>
    <testcase time="0.0180000000000007" classname="rmpt03" name="rmpt03_fails_on_incomlete_data"/>
  </testsuite>
  <testsuite name="rmpt04" timestamp="2025-02-20T16:36:53Z" hostname="e6026f528dcf" tests="10" skipped="0" failures="0" errors="0" time="1.005">
    <testcase time="0.192000000000007" classname="rmpt04" name="rmpt04_function_with_default_argument_value_return_expected_result_with_test_data"/>
    <testcase time="0.0579999999999927" classname="rmpt04" name="rmpt04_can_handle_NA_values"/>
    <testcase time="0.12700000000001" classname="rmpt04" name="rmpt04_can_handle_NA_values"/>
    <testcase time="0.0559999999999832" classname="rmpt04" name="rmpt04_can_handle_NA_values"/>
    <testcase time="0.126000000000005" classname="rmpt04" name="rmpt04_can_handle_NA_values"/>
    <testcase time="0.0589999999999975" classname="rmpt04" name="rmpt04_can_handle_some_NA_values"/>
    <testcase time="0.123000000000019" classname="rmpt04" name="rmpt04_can_handle_some_NA_values"/>
    <testcase time="0.0649999999999977" classname="rmpt04" name="rmpt04_can_handle_some_NA_values"/>
    <testcase time="0.135000000000019" classname="rmpt04" name="rmpt04_can_handle_some_NA_values"/>
    <testcase time="0.063999999999993" classname="rmpt04" name="rmpt04_fails_on_incomlete_data"/>
  </testsuite>
  <testsuite name="rmpt05" timestamp="2025-02-20T16:36:54Z" hostname="e6026f528dcf" tests="10" skipped="0" failures="0" errors="0" time="1.058">
    <testcase time="0.201999999999998" classname="rmpt05" name="rmpt05_function_with_default_argument_value_return_expected_result_with_test_data"/>
    <testcase time="0.0670000000000073" classname="rmpt05" name="rmpt05_can_handle_NA_values"/>
    <testcase time="0.128999999999991" classname="rmpt05" name="rmpt05_can_handle_NA_values"/>
    <testcase time="0.063999999999993" classname="rmpt05" name="rmpt05_can_handle_NA_values"/>
    <testcase time="0.13300000000001" classname="rmpt05" name="rmpt05_can_handle_NA_values"/>
    <testcase time="0.0620000000000118" classname="rmpt05" name="rmpt05_can_handle_some_NA_values"/>
    <testcase time="0.132999999999981" classname="rmpt05" name="rmpt05_can_handle_some_NA_values"/>
    <testcase time="0.061000000000007" classname="rmpt05" name="rmpt05_can_handle_some_NA_values"/>
    <testcase time="0.143000000000001" classname="rmpt05" name="rmpt05_can_handle_some_NA_values"/>
    <testcase time="0.063999999999993" classname="rmpt05" name="rmpt05_fails_on_incomlete_data"/>
  </testsuite>
  <testsuite name="rmpt06" timestamp="2025-02-20T16:36:55Z" hostname="e6026f528dcf" tests="6" skipped="0" failures="0" errors="0" time="2.036">
    <testcase time="0.555000000000007" classname="rmpt06" name="rmpt06_works_as_expected"/>
    <testcase time="0.596000000000004" classname="rmpt06" name="rmpt06_works_as_expected_with_show_diff_TRUE"/>
    <testcase time="0.224999999999994" classname="rmpt06" name="rmpt06_can_handle_all_NA_values"/>
    <testcase time="0.284999999999997" classname="rmpt06" name="rmpt06_can_handle_all_NA_values"/>
    <testcase time="0.229000000000013" classname="rmpt06" name="rmpt06_can_handle_all_NA_values"/>
    <testcase time="0.145999999999987" classname="rmpt06" name="rmpt06_can_handle_all_NA_values"/>
  </testsuite>
  <testsuite name="rspt01" timestamp="2025-02-20T16:36:57Z" hostname="e6026f528dcf" tests="27" skipped="0" failures="0" errors="0" time="7.702">
    <testcase time="0.0160000000000196" classname="rspt01" name="rspt01_works_as_expected"/>
    <testcase time="0.305999999999983" classname="rspt01" name="rspt01_works_as_expected"/>
    <testcase time="0.256" classname="rspt01" name="rspt01_works_as_expected"/>
    <testcase time="0.305000000000007" classname="rspt01" name="rspt01_works_as_expected_for_stratified_and_unstratified_analysis"/>
    <testcase time="0.281000000000006" classname="rspt01" name="rspt01_works_as_expected_for_stratified_and_unstratified_analysis"/>
    <testcase time="0.343999999999994" classname="rspt01" name="rspt01_works_as_expected_for_stratified_and_unstratified_analysis"/>
    <testcase time="0.326999999999998" classname="rspt01" name="rspt01_works_as_expected_for_stratified_and_unstratified_analysis"/>
    <testcase time="0.251000000000005" classname="rspt01" name="rspt01_works_as_expected_for_unstratified_analysis_only"/>
    <testcase time="0.251000000000005" classname="rspt01" name="rspt01_works_as_expected_for_unstratified_analysis_only"/>
    <testcase time="0.286999999999978" classname="rspt01" name="rspt01_works_as_expected_for_unstratified_analysis_only"/>
    <testcase time="0.261000000000024" classname="rspt01" name="rspt01_works_as_expected_for_unstratified_analysis_only"/>
    <testcase time="0.269999999999982" classname="rspt01" name="rspt01_works_as_expected_for_stratified_analysis_only"/>
    <testcase time="0.246000000000009" classname="rspt01" name="rspt01_works_as_expected_for_stratified_analysis_only"/>
    <testcase time="0.275000000000006" classname="rspt01" name="rspt01_works_as_expected_for_stratified_analysis_only"/>
    <testcase time="0.259999999999991" classname="rspt01" name="rspt01_works_as_expected_for_stratified_analysis_only"/>
    <testcase time="0.293000000000006" classname="rspt01" name="rspt01_works_if_change_reference_group"/>
    <testcase time="0.270999999999987" classname="rspt01" name="rspt01_works_if_change_reference_group"/>
    <testcase time="0.363" classname="rspt01" name="rspt01_works_if_change_reference_group"/>
    <testcase time="0.320999999999998" classname="rspt01" name="rspt01_works_if_change_reference_group"/>
    <testcase time="0.296000000000021" classname="rspt01" name="rspt01_works_if_change_statistic_methods"/>
    <testcase time="0.256999999999977" classname="rspt01" name="rspt01_works_if_change_statistic_methods"/>
    <testcase time="0.369" classname="rspt01" name="rspt01_works_if_change_statistic_methods"/>
    <testcase time="0.344999999999999" classname="rspt01" name="rspt01_works_if_change_statistic_methods"/>
    <testcase time="0.292000000000002" classname="rspt01" name="rspt01_works_if_change_confidence_interval"/>
    <testcase time="0.268000000000001" classname="rspt01" name="rspt01_works_if_change_confidence_interval"/>
    <testcase time="0.373000000000019" classname="rspt01" name="rspt01_works_if_change_confidence_interval"/>
    <testcase time="0.317999999999984" classname="rspt01" name="rspt01_works_if_change_confidence_interval"/>
  </testsuite>
  <testsuite name="ttet01" timestamp="2025-02-20T16:37:05Z" hostname="e6026f528dcf" tests="16" skipped="0" failures="0" errors="0" time="5.804">
    <testcase time="0.0169999999999959" classname="ttet01" name="ttet01_works_as_expected"/>
    <testcase time="0.459000000000003" classname="ttet01" name="ttet01_works_as_expected"/>
    <testcase time="0.521000000000015" classname="ttet01" name="ttet01_works_as_expected"/>
    <testcase time="0.0250000000000057" classname="ttet01" name="ttet01_returns_an_error_when_one_level_or_arm_var_is_empty"/>
    <testcase time="0.36099999999999" classname="ttet01" name="ttet01_works_as_expected_for_stratified_and_unstratified_analysis"/>
    <testcase time="0.367999999999995" classname="ttet01" name="ttet01_works_as_expected_for_stratified_and_unstratified_analysis"/>
    <testcase time="0.459000000000003" classname="ttet01" name="ttet01_works_as_expected_for_stratified_and_unstratified_analysis"/>
    <testcase time="0.478000000000009" classname="ttet01" name="ttet01_works_as_expected_for_stratified_and_unstratified_analysis"/>
    <testcase time="0.347999999999985" classname="ttet01" name="ttet01_works_as_expected_for_stratified_analysis_only"/>
    <testcase time="0.575999999999993" classname="ttet01" name="ttet01_works_as_expected_for_stratified_analysis_only"/>
    <testcase time="0.39500000000001" classname="ttet01" name="ttet01_works_as_expected_for_stratified_analysis_only"/>
    <testcase time="0.355999999999995" classname="ttet01" name="ttet01_works_as_expected_for_stratified_analysis_only"/>
    <testcase time="0.308000000000021" classname="ttet01" name="ttet01_works_if_change_reference_group"/>
    <testcase time="0.322999999999979" classname="ttet01" name="ttet01_works_if_change_reference_group"/>
    <testcase time="0.40300000000002" classname="ttet01" name="ttet01_works_if_change_reference_group"/>
    <testcase time="0.406999999999982" classname="ttet01" name="ttet01_works_if_change_reference_group"/>
  </testsuite>
  <testsuite name="unwrap" timestamp="2025-02-20T16:37:11Z" hostname="e6026f528dcf" tests="12" skipped="0" failures="0" errors="0" time="0.153">
    <testcase time="0.0130000000000052" classname="unwrap" name="unwrap_layout_works_as_expected_with_standard_chevron_t_main_function"/>
    <testcase time="0.00100000000000477" classname="unwrap" name="unwrap_layout_works_as_expected_with_standard_chevron_t_main_function"/>
    <testcase time="0.00200000000000955" classname="unwrap" name="unwrap_layout_works_as_expected_with_standard_chevron_t_main_function"/>
    <testcase time="0.0239999999999725" classname="unwrap" name="unwrap_layout_works_as_expected_with_standard_chevron_t_main_function"/>
    <testcase time="0.0110000000000241" classname="unwrap" name="unwrap_layout_works_as_expected_with_standard_chevron_g_main_function"/>
    <testcase time="0.00699999999997658" classname="unwrap" name="unwrap_layout_works_as_expected_with_standard_chevron_l_main_function"/>
    <testcase time="0.007000000000005" classname="unwrap" name="unwrap_layout_works_as_expected_with_a_custom_function_without_layout_function"/>
    <testcase time="0.02800000000002" classname="unwrap" name="unwrap_layout_works_as_expected_with_a_custom_function_with_layout_function"/>
    <testcase time="0.000999999999976353" classname="unwrap" name="unwrap_layout_works_as_expected_with_a_custom_function_with_layout_function"/>
    <testcase time="0.0300000000000011" classname="unwrap" name="unwrap_layout_works_as_expected_with_multiple_layout_function"/>
    <testcase time="0.02800000000002" classname="unwrap" name="unwrap_layout_works_as_expected_on_custom_function_with_overwritten_layout_function"/>
    <testcase time="0.00100000000000477" classname="unwrap" name="unwrap_layout_works_as_expected_on_custom_function_with_overwritten_layout_function"/>
  </testsuite>
  <testsuite name="utils" timestamp="2025-02-20T16:37:11Z" hostname="e6026f528dcf" tests="81" skipped="0" failures="0" errors="0" time="2.39">
    <testcase time="0.00899999999998613" classname="utils" name="h_format_dec_works_as_exected"/>
    <testcase time="0.0029999999999859" classname="utils" name="h_format_dec_works_as_exected"/>
    <testcase time="0.00100000000000477" classname="utils" name="h_format_dec_works_as_exected"/>
    <testcase time="0.00300000000001432" classname="utils" name="h_format_dec_works_as_exected"/>
    <testcase time="0.00100000000000477" classname="utils" name="h_format_dec_works_as_exected"/>
    <testcase time="0.0029999999999859" classname="utils" name="h_format_dec_works_as_exected"/>
    <testcase time="0.00200000000000955" classname="utils" name="h_format_dec_works_as_exected"/>
    <testcase time="0.00199999999998113" classname="utils" name="h_format_dec_works_as_exected"/>
    <testcase time="0.00200000000000955" classname="utils" name="h_format_dec_works_as_exected"/>
    <testcase time="0.00200000000000955" classname="utils" name="h_format_dec_works_as_exected"/>
    <testcase time="0.00199999999998113" classname="utils" name="h_format_dec_works_as_exected"/>
    <testcase time="0.00200000000000955" classname="utils" name="h_format_dec_works_as_exected"/>
    <testcase time="0.00600000000000023" classname="utils" name="h_format_dec_works_as_expected_with_more_than_one_value"/>
    <testcase time="0.00300000000001432" classname="utils" name="h_format_dec_works_as_expected_with_more_than_one_value"/>
    <testcase time="0.00499999999999545" classname="utils" name="h_format_dec_works_as_expected_with_NA_digits"/>
    <testcase time="0.00600000000000023" classname="utils" name="fuse_sequentially_works"/>
    <testcase time="0.0029999999999859" classname="utils" name="fuse_sequentially_works"/>
    <testcase time="0.0109999999999957" classname="utils" name="ifneeded_split_row_works_as_expected"/>
    <testcase time="0.00600000000000023" classname="utils" name="ifneeded_split_row_works_as_expected"/>
    <testcase time="0.0790000000000077" classname="utils" name="_unnamed_"/>
    <testcase time="0.0649999999999977" classname="utils" name="_unnamed_"/>
    <testcase time="0.0670000000000073" classname="utils" name="_unnamed_"/>
    <testcase time="0.0480000000000018" classname="utils" name="_unnamed_"/>
    <testcase time="0.0029999999999859" classname="utils" name="droplevels.character_works_as_expected"/>
    <testcase time="0.00300000000001432" classname="utils" name="droplevels.character_works_as_expected"/>
    <testcase time="0.00499999999999545" classname="utils" name="lvls.character_works_as_expected"/>
    <testcase time="0.00300000000001432" classname="utils" name="lvls.character_works_as_expected"/>
    <testcase time="0.00399999999999068" classname="utils" name="lvls.factor_works_as_expected"/>
    <testcase time="0.0029999999999859" classname="utils" name="lvls.factor_works_as_expected"/>
    <testcase time="0.0040000000000191" classname="utils" name="lvls.default_works_as_expected"/>
    <testcase time="0.00199999999998113" classname="utils" name="lvls.default_works_as_expected"/>
    <testcase time="0.00499999999999545" classname="utils" name="quote_str_works_as_expected"/>
    <testcase time="0.00200000000000955" classname="utils" name="quote_str_works_as_expected"/>
    <testcase time="0.00499999999999545" classname="utils" name="quote_str_works_as_expected"/>
    <testcase time="0.00499999999999545" classname="utils" name="modify_default_args_works_as_expected"/>
    <testcase time="0.00300000000001432" classname="utils" name="modify_default_args_works_as_expected"/>
    <testcase time="0.00399999999999068" classname="utils" name="execute_with_args_works_as_expected"/>
    <testcase time="0.00300000000001432" classname="utils" name="execute_with_args_works_as_expected"/>
    <testcase time="0.00199999999998113" classname="utils" name="execute_with_args_works_as_expected"/>
    <testcase time="0.00200000000000955" classname="utils" name="execute_with_args_works_as_expected"/>
    <testcase time="0.00200000000000955" classname="utils" name="execute_with_args_works_as_expected"/>
    <testcase time="0.0029999999999859" classname="utils" name="execute_with_args_works_as_expected"/>
    <testcase time="0.00100000000000477" classname="utils" name="execute_with_args_works_as_expected"/>
    <testcase time="0.0029999999999859" classname="utils" name="execute_with_args_works_as_expected"/>
    <testcase time="0.00200000000000955" classname="utils" name="execute_with_args_works_as_expected"/>
    <testcase time="0.00200000000000955" classname="utils" name="execute_with_args_works_as_expected"/>
    <testcase time="0.00199999999998113" classname="utils" name="execute_with_args_works_as_expected"/>
    <testcase time="0.00300000000001432" classname="utils" name="execute_with_args_works_as_expected"/>
    <testcase time="0.00399999999999068" classname="utils" name="do_call_work_as_expected"/>
    <testcase time="0.00300000000001432" classname="utils" name="do_call_work_as_expected"/>
    <testcase time="0.0130000000000052" classname="utils" name="do_call_errors_as_expected"/>
    <testcase time="0.00499999999999545" classname="utils" name="do_call_errors_as_expected"/>
    <testcase time="0.00499999999999545" classname="utils" name="convert_to_month_work_as_expected"/>
    <testcase time="0.0029999999999859" classname="utils" name="convert_to_month_work_as_expected"/>
    <testcase time="0.00200000000000955" classname="utils" name="convert_to_month_work_as_expected"/>
    <testcase time="0.00300000000001432" classname="utils" name="convert_to_month_work_as_expected"/>
    <testcase time="0.00199999999998113" classname="utils" name="convert_to_month_work_as_expected"/>
    <testcase time="0.00300000000001432" classname="utils" name="convert_to_month_work_as_expected"/>
    <testcase time="0.00799999999998136" classname="utils" name="convert_to_month_warning_messages_as_expected"/>
    <testcase time="0.0100000000000193" classname="utils" name="gg_theme_chevron_works_as_expected"/>
    <testcase time="0.00100000000000477" classname="utils" name="gg_theme_chevron_works_as_expected"/>
    <testcase time="0.00199999999998113" classname="utils" name="gg_theme_chevron_works_as_expected"/>
    <testcase time="0.00499999999999545" classname="utils" name="gg_theme_chevron_works_as_expected"/>
    <testcase time="0.00100000000000477" classname="utils" name="gg_theme_chevron_works_as_expected"/>
    <testcase time="0.00200000000000955" classname="utils" name="gg_theme_chevron_works_as_expected"/>
    <testcase time="0.00600000000000023" classname="utils" name="modify_character_works"/>
    <testcase time="0.0029999999999859" classname="utils" name="modify_character_works"/>
    <testcase time="0.00600000000000023" classname="utils" name="expand_list_works"/>
    <testcase time="0.00300000000001432" classname="utils" name="expand_list_works"/>
    <testcase time="0.00399999999999068" classname="utils" name="set_section_div_works"/>
    <testcase time="0.00499999999999545" classname="utils" name="set_section_div_works"/>
    <testcase time="0.00499999999999545" classname="utils" name="set_section_div_works"/>
    <testcase time="0.00200000000000955" classname="utils" name="set_section_div_works"/>
    <testcase time="0.00499999999999545" classname="utils" name="get_section_div_works"/>
    <testcase time="0.00300000000001432" classname="utils" name="get_section_div_works"/>
    <testcase time="0.933999999999997" classname="utils" name="grob_list_is_deprecated"/>
    <testcase time="0.913999999999987" classname="utils" name="gg_list_is_deprecated"/>
    <testcase time="0.00800000000000978" classname="utils" name="format_date_works_as_expected_for_POSIXct"/>
    <testcase time="0.0029999999999859" classname="utils" name="format_date_works_as_expected_for_POSIXct"/>
    <testcase time="0.007000000000005" classname="utils" name="format_date_works_as_expected_for_Date"/>
    <testcase time="0.00300000000001432" classname="utils" name="format_date_works_as_expected_for_Date"/>
  </testsuite>
  <testsuite name="vst01" timestamp="2025-02-20T16:37:13Z" hostname="e6026f528dcf" tests="3" skipped="0" failures="0" errors="0" time="4.663">
    <testcase time="2.35499999999999" classname="vst01" name="vst01_functions_with_default_argument_value_return_expected_result_with_test_data"/>
    <testcase time="0.776999999999987" classname="vst01" name="run_vst01_works_as_expected"/>
    <testcase time="1.53100000000001" classname="vst01" name="run_vst01_works_as_expected"/>
  </testsuite>
  <testsuite name="vst02" timestamp="2025-02-20T16:37:18Z" hostname="e6026f528dcf" tests="2" skipped="0" failures="0" errors="0" time="0.982">
    <testcase time="0.495000000000005" classname="vst02" name="vst02_functions_with_default_argument_value_return_expected_result_with_test_data"/>
    <testcase time="0.486999999999995" classname="vst02" name="vst02_functions_return_expected_result_with_test_data_when_excluding_subject_with_baseline_abnormality"/>
  </testsuite>
</testsuites>
