<?xml version="1.0" encoding="UTF-8"?>
<testsuites>
  <testsuite name="ael01_nollt" timestamp="2025-02-13T15:35:47Z" hostname="c822d76971c6" tests="14" skipped="6" failures="0" errors="0" time="1.133">
    <testcase time="0.0620000000000001" classname="ael01_nollt" name="ael01_nollt_works_with_admh_dataset"/>
    <testcase time="0.234" classname="ael01_nollt" name="ael01_nollt_works_with_admh_dataset">
      <skipped message="Reason: On CRAN ('test-ael01_nollt.R:7:3')"/>
    </testcase>
    <testcase time="0.052" classname="ael01_nollt" name="ael01_nollt_works_with_non_default_label"/>
    <testcase time="0.189" classname="ael01_nollt" name="ael01_nollt_works_with_non_default_label">
      <skipped message="Reason: On CRAN ('test-ael01_nollt.R:21:3')"/>
    </testcase>
    <testcase time="0.0510000000000002" classname="ael01_nollt" name="ael01_nollt_can_handle_all_missing_values"/>
    <testcase time="0.0670000000000002" classname="ael01_nollt" name="ael01_nollt_can_handle_all_missing_values">
      <skipped message="Reason: On CRAN ('test-ael01_nollt.R:35:3')"/>
    </testcase>
    <testcase time="0.0369999999999999" classname="ael01_nollt" name="ael01_nollt_can_handle_some_missing_values"/>
    <testcase time="0.118" classname="ael01_nollt" name="ael01_nollt_can_handle_some_missing_values">
      <skipped message="Reason: On CRAN ('test-ael01_nollt.R:51:3')"/>
    </testcase>
    <testcase time="0.032" classname="ael01_nollt" name="ael01_nollt_listing_can_be_split_by_an_additional_variable"/>
    <testcase time="0.00099999999999989" classname="ael01_nollt" name="ael01_nollt_listing_can_be_split_by_an_additional_variable"/>
    <testcase time="0.151" classname="ael01_nollt" name="ael01_nollt_listing_can_be_split_by_an_additional_variable">
      <skipped message="Reason: On CRAN ('test-ael01_nollt.R:67:3')"/>
    </testcase>
    <testcase time="0.0349999999999997" classname="ael01_nollt" name="split_ael01_nollt_listing_do_not_display_missing_values"/>
    <testcase time="0.00200000000000022" classname="ael01_nollt" name="split_ael01_nollt_listing_do_not_display_missing_values"/>
    <testcase time="0.102" classname="ael01_nollt" name="split_ael01_nollt_listing_do_not_display_missing_values">
      <skipped message="Reason: On CRAN ('test-ael01_nollt.R:86:3')"/>
    </testcase>
  </testsuite>
  <testsuite name="ael02" timestamp="2025-02-13T15:35:49Z" hostname="c822d76971c6" tests="9" skipped="3" failures="0" errors="0" time="2.719">
    <testcase time="0.0670000000000002" classname="ael02" name="ael02_works_with_adae_dataset"/>
    <testcase time="0.00099999999999989" classname="ael02" name="ael02_works_with_adae_dataset"/>
    <testcase time="0.84" classname="ael02" name="ael02_works_with_adae_dataset">
      <skipped message="Reason: On CRAN ('test-ael02.R:9:3')"/>
    </testcase>
    <testcase time="0.0500000000000003" classname="ael02" name="ael02_can_handle_all_missing_values"/>
    <testcase time="0.00099999999999989" classname="ael02" name="ael02_can_handle_all_missing_values"/>
    <testcase time="0.873" classname="ael02" name="ael02_can_handle_all_missing_values">
      <skipped message="Reason: On CRAN ('test-ael02.R:24:3')"/>
    </testcase>
    <testcase time="0.0490000000000004" classname="ael02" name="ael02_functions_work_as_expected"/>
    <testcase time="0.000999999999999446" classname="ael02" name="ael02_functions_work_as_expected"/>
    <testcase time="0.837" classname="ael02" name="ael02_functions_work_as_expected">
      <skipped message="Reason: On CRAN ('test-ael02.R:39:3')"/>
    </testcase>
  </testsuite>
  <testsuite name="ael03" timestamp="2025-02-13T15:35:51Z" hostname="c822d76971c6" tests="9" skipped="3" failures="0" errors="0" time="2.744">
    <testcase time="0.069" classname="ael03" name="ael03_works_with_adae_dataset"/>
    <testcase time="0.00100000000000033" classname="ael03" name="ael03_works_with_adae_dataset"/>
    <testcase time="0.858" classname="ael03" name="ael03_works_with_adae_dataset">
      <skipped message="Reason: On CRAN ('test-ael03.R:9:3')"/>
    </testcase>
    <testcase time="0.056" classname="ael03" name="ael03_can_handle_all_missing_values"/>
    <testcase time="0.00100000000000033" classname="ael03" name="ael03_can_handle_all_missing_values"/>
    <testcase time="0.867999999999999" classname="ael03" name="ael03_can_handle_all_missing_values">
      <skipped message="Reason: On CRAN ('test-ael03.R:25:3')"/>
    </testcase>
    <testcase time="0.0500000000000007" classname="ael03" name="ael03_functions_work_as_expected"/>
    <testcase time="0.000999999999999446" classname="ael03" name="ael03_functions_work_as_expected"/>
    <testcase time="0.84" classname="ael03" name="ael03_functions_work_as_expected">
      <skipped message="Reason: On CRAN ('test-ael03.R:39:3')"/>
    </testcase>
  </testsuite>
  <testsuite name="aet01" timestamp="2025-02-13T15:35:54Z" hostname="c822d76971c6" tests="11" skipped="5" failures="0" errors="0" time="2.803">
    <testcase time="0.397" classname="aet01" name="aet01_can_handle_all_NA_values"/>
    <testcase time="0.266999999999999" classname="aet01" name="aet01_can_handle_all_NA_values">
      <skipped message="Reason: On CRAN ('test-aet01.R:12:3')"/>
    </testcase>
    <testcase time="0.285" classname="aet01" name="aet01_can_handle_some_NA_values"/>
    <testcase time="0.262" classname="aet01" name="aet01_can_handle_some_NA_values">
      <skipped message="Reason: On CRAN ('test-aet01.R:30:3')"/>
    </testcase>
    <testcase time="0.212" classname="aet01" name="aet01_can_use_custom_anl_vars"/>
    <testcase time="0.155000000000001" classname="aet01" name="aet01_can_use_custom_anl_vars">
      <skipped message="Reason: On CRAN ('test-aet01.R:37:3')"/>
    </testcase>
    <testcase time="0.0709999999999997" classname="aet01" name="aet01_fails_on_incomplete_data_input"/>
    <testcase time="0.292999999999999" classname="aet01" name="aet01_can_use_custom_medconcept_var"/>
    <testcase time="0.447000000000001" classname="aet01" name="aet01_can_use_custom_medconcept_var">
      <skipped message="Reason: On CRAN ('test-aet01.R:69:3')"/>
    </testcase>
    <testcase time="0.191999999999998" classname="aet01" name="aet01_can_conditionally_show_the_number_of_withdrawal"/>
    <testcase time="0.222000000000001" classname="aet01" name="aet01_can_conditionally_show_the_number_of_withdrawal">
      <skipped message="Reason: On CRAN ('test-aet01.R:75:3')"/>
    </testcase>
  </testsuite>
  <testsuite name="aet01_aesi" timestamp="2025-02-13T15:35:57Z" hostname="c822d76971c6" tests="7" skipped="3" failures="0" errors="0" time="1.563">
    <testcase time="0.214" classname="aet01_aesi" name="aet01_aesi_can_handle_all_NA_values"/>
    <testcase time="0.231999999999999" classname="aet01_aesi" name="aet01_aesi_can_handle_all_NA_values">
      <skipped message="Reason: On CRAN ('test-aet01_aesi.R:17:3')"/>
    </testcase>
    <testcase time="0.195" classname="aet01_aesi" name="aet01_aesi_can_handle_some_NA_values"/>
    <testcase time="0.234" classname="aet01_aesi" name="aet01_aesi_can_handle_some_NA_values">
      <skipped message="Reason: On CRAN ('test-aet01_aesi.R:31:3')"/>
    </testcase>
    <testcase time="0.266" classname="aet01_aesi" name="aet01_aesi_works_with_ALL_argument"/>
    <testcase time="0.363999999999999" classname="aet01_aesi" name="aet01_aesi_works_with_ALL_argument">
      <skipped message="Reason: On CRAN ('test-aet01_aesi.R:38:3')"/>
    </testcase>
    <testcase time="0.0579999999999998" classname="aet01_aesi" name="aet01_aesi_check_fails_on_incomplete_data_input"/>
  </testsuite>
  <testsuite name="aet02" timestamp="2025-02-13T15:35:58Z" hostname="c822d76971c6" tests="3" skipped="1" failures="0" errors="0" time="1.597">
    <testcase time="0.0490000000000013" classname="aet02" name="aet02_fails_on_incomplete_data_input"/>
    <testcase time="0.122999999999999" classname="aet02" name="aet02_handle_empty_data_input"/>
    <testcase time="1.425" classname="aet02" name="aet02_can_have_different_levels_of_row_split">
      <skipped message="Reason: On CRAN ('test-aet02.R:32:3')"/>
    </testcase>
  </testsuite>
  <testsuite name="aet03" timestamp="2025-02-13T15:36:00Z" hostname="c822d76971c6" tests="4" skipped="2" failures="0" errors="0" time="2.487">
    <testcase time="0.298" classname="aet03" name="aet03_can_handle_NA_values"/>
    <testcase time="0.231999999999999" classname="aet03" name="aet03_can_handle_NA_values">
      <skipped message="Reason: On CRAN ('test-aet03.R:10:3')"/>
    </testcase>
    <testcase time="1.273" classname="aet03" name="aet03_can_handle_some_NA_values"/>
    <testcase time="0.683999999999997" classname="aet03" name="aet03_can_handle_some_NA_values">
      <skipped message="Reason: On CRAN ('test-aet03.R:28:3')"/>
    </testcase>
  </testsuite>
  <testsuite name="aet04" timestamp="2025-02-13T15:36:02Z" hostname="c822d76971c6" tests="4" skipped="2" failures="0" errors="0" time="4.149">
    <testcase time="0.420000000000002" classname="aet04" name="aet04_can_handle_NA_values"/>
    <testcase time="0.385999999999999" classname="aet04" name="aet04_can_handle_NA_values">
      <skipped message="Reason: On CRAN ('test-aet04.R:10:3')"/>
    </testcase>
    <testcase time="2.24" classname="aet04" name="aet04_can_handle_some_NA_values"/>
    <testcase time="1.103" classname="aet04" name="aet04_can_handle_some_NA_values">
      <skipped message="Reason: On CRAN ('test-aet04.R:33:3')"/>
    </testcase>
  </testsuite>
  <testsuite name="aet05" timestamp="2025-02-13T15:36:07Z" hostname="c822d76971c6" tests="4" skipped="2" failures="0" errors="0" time="0.781">
    <testcase time="0.150000000000002" classname="aet05" name="aet05_can_handle_NA_values"/>
    <testcase time="0.231999999999999" classname="aet05" name="aet05_can_handle_NA_values">
      <skipped message="Reason: On CRAN ('test-aet05.R:7:3')"/>
    </testcase>
    <testcase time="0.140999999999998" classname="aet05" name="aet05_can_handle_some_NA_values"/>
    <testcase time="0.257999999999999" classname="aet05" name="aet05_can_handle_some_NA_values">
      <skipped message="Reason: On CRAN ('test-aet05.R:25:3')"/>
    </testcase>
  </testsuite>
  <testsuite name="aet05_all" timestamp="2025-02-13T15:36:07Z" hostname="c822d76971c6" tests="4" skipped="2" failures="0" errors="0" time="0.806">
    <testcase time="0.170000000000002" classname="aet05_all" name="aet05_all_can_handle_NA_values"/>
    <testcase time="0.231999999999999" classname="aet05_all" name="aet05_all_can_handle_NA_values">
      <skipped message="Reason: On CRAN ('test-aet05_all.R:7:3')"/>
    </testcase>
    <testcase time="0.153000000000002" classname="aet05_all" name="aet05_all_can_handle_some_NA_values"/>
    <testcase time="0.250999999999998" classname="aet05_all" name="aet05_all_can_handle_some_NA_values">
      <skipped message="Reason: On CRAN ('test-aet05_all.R:22:3')"/>
    </testcase>
  </testsuite>
  <testsuite name="aet10" timestamp="2025-02-13T15:36:08Z" hostname="c822d76971c6" tests="4" skipped="2" failures="0" errors="0" time="0.504">
    <testcase time="0.0790000000000006" classname="aet10" name="aet10_can_handle_NA_values"/>
    <testcase time="0.106000000000002" classname="aet10" name="aet10_can_handle_NA_values">
      <skipped message="Reason: On CRAN ('test-aet10.R:10:3')"/>
    </testcase>
    <testcase time="0.110999999999997" classname="aet10" name="aet10_can_handle_some_NA_values"/>
    <testcase time="0.208000000000002" classname="aet10" name="aet10_can_handle_some_NA_values">
      <skipped message="Reason: On CRAN ('test-aet10.R:25:3')"/>
    </testcase>
  </testsuite>
  <testsuite name="assertions" timestamp="2025-02-13T15:36:09Z" hostname="c822d76971c6" tests="33" skipped="0" failures="0" errors="0" time="0.156">
    <testcase time="0.0159999999999982" classname="assertions" name="assert_valid_var.character_works_as_expected"/>
    <testcase time="0.00500000000000256" classname="assertions" name="assert_valid_var.character_works_as_expected"/>
    <testcase time="0.00499999999999901" classname="assertions" name="assert_valid_var.character_works_as_expected"/>
    <testcase time="0.00399999999999778" classname="assertions" name="assert_valid_var.character_works_as_expected"/>
    <testcase time="0.00200000000000244" classname="assertions" name="assert_valid_var.character_works_as_expected"/>
    <testcase time="0.00499999999999901" classname="assertions" name="assert_valid_var.factor_works_as_expected"/>
    <testcase time="0.00400000000000134" classname="assertions" name="assert_valid_var.factor_works_as_expected"/>
    <testcase time="0.00499999999999901" classname="assertions" name="assert_valid_var.factor_works_as_expected"/>
    <testcase time="0.00400000000000134" classname="assertions" name="assert_valid_var.factor_works_as_expected"/>
    <testcase time="0.00199999999999889" classname="assertions" name="assert_valid_var.factor_works_as_expected"/>
    <testcase time="0.00499999999999901" classname="assertions" name="assert_valid_var.logical_works_as_expected"/>
    <testcase time="0.00499999999999901" classname="assertions" name="assert_valid_var.logical_works_as_expected"/>
    <testcase time="0.00400000000000134" classname="assertions" name="assert_valid_var.logical_works_as_expected"/>
    <testcase time="0.00199999999999889" classname="assertions" name="assert_valid_var.logical_works_as_expected"/>
    <testcase time="0.00500000000000256" classname="assertions" name="assert_valid_var.numeric_works_as_expected"/>
    <testcase time="0.00399999999999778" classname="assertions" name="assert_valid_var.numeric_works_as_expected"/>
    <testcase time="0.00500000000000256" classname="assertions" name="assert_valid_var.numeric_works_as_expected"/>
    <testcase time="0.000999999999997669" classname="assertions" name="assert_valid_var.numeric_works_as_expected"/>
    <testcase time="0.00400000000000134" classname="assertions" name="assert_valid_var.numeric_works_as_expected"/>
    <testcase time="0.00199999999999889" classname="assertions" name="assert_valid_var.numeric_works_as_expected"/>
    <testcase time="0.00799999999999912" classname="assertions" name="assert_valid_var.POSIXct_works_as_expected"/>
    <testcase time="0.00900000000000034" classname="assertions" name="assert_valid_var.POSIXct_works_as_expected"/>
    <testcase time="0.00600000000000023" classname="assertions" name="assert_valid_variable_works_as_expected"/>
    <testcase time="0.00100000000000122" classname="assertions" name="assert_valid_variable_works_as_expected"/>
    <testcase time="0.00600000000000023" classname="assertions" name="assert_valid_variable_works_as_expected"/>
    <testcase time="0.00199999999999889" classname="assertions" name="assert_valid_variable_works_as_expected"/>
    <testcase time="0.00600000000000023" classname="assertions" name="assert_valid_variable_works_as_expected"/>
    <testcase time="0.00200000000000244" classname="assertions" name="assert_valid_variable_works_as_expected"/>
    <testcase time="0.00499999999999901" classname="assertions" name="assert_valid_var_pair_works_as_expected_with_character"/>
    <testcase time="0.00600000000000023" classname="assertions" name="assert_valid_var_pair_works_as_expected_with_character"/>
    <testcase time="0.00499999999999901" classname="assertions" name="assert_valid_var_pair_works_as_expected_with_factor"/>
    <testcase time="0.00500000000000256" classname="assertions" name="assert_valid_var_pair_works_as_expected_with_factor"/>
    <testcase time="0.00599999999999667" classname="assertions" name="assert_valid_var_pair_works_as_expected_with_factor"/>
  </testsuite>
  <testsuite name="cfbt01" timestamp="2025-02-13T15:36:09Z" hostname="c822d76971c6" tests="3" skipped="2" failures="0" errors="0" time="9.078">
    <testcase time="6.749" classname="cfbt01" name="cfbt01_functions_with_default_argument_value_return_expected_result_with_test_data">
      <skipped message="Reason: On CRAN ('test-cfbt01.R:8:3')"/>
    </testcase>
    <testcase time="0.785" classname="cfbt01" name="cfbt01_can_handle_n_0_and_outputs_NE_instead_of_infs_and_NAs"/>
    <testcase time="1.544" classname="cfbt01" name="cfbt01_can_handle_n_0_and_outputs_NE_instead_of_infs_and_NAs">
      <skipped message="Reason: On CRAN ('test-cfbt01.R:24:3')"/>
    </testcase>
  </testsuite>
  <testsuite name="checks" timestamp="2025-02-13T15:36:18Z" hostname="c822d76971c6" tests="8" skipped="0" failures="0" errors="0" time="0.036">
    <testcase time="0.0169999999999959" classname="checks" name="check_all_colnames_works_as_expected"/>
    <testcase time="0.00300000000000011" classname="checks" name="check_all_colnames_works_as_expected"/>
    <testcase time="0.00200000000000244" classname="checks" name="check_all_colnames_works_as_expected"/>
    <testcase time="0.00300000000000011" classname="checks" name="check_all_colnames_works_as_expected"/>
    <testcase time="0.00399999999999778" classname="checks" name="check_one_colnames_works_as_expected"/>
    <testcase time="0.00300000000000011" classname="checks" name="check_one_colnames_works_as_expected"/>
    <testcase time="0.00100000000000477" classname="checks" name="check_one_colnames_works_as_expected"/>
    <testcase time="0.00300000000000011" classname="checks" name="check_one_colnames_works_as_expected"/>
  </testsuite>
  <testsuite name="chevron_tlg-class" timestamp="2025-02-13T15:36:18Z" hostname="c822d76971c6" tests="27" skipped="0" failures="0" errors="0" time="0.1">
    <testcase time="0.00799999999999557" classname="chevron_tlg_class" name="chevron_t_object_can_be_constructed_with_default_values"/>
    <testcase time="0.00300000000000011" classname="chevron_tlg_class" name="chevron_t_object_can_be_constructed_with_default_values"/>
    <testcase time="0.00600000000000023" classname="chevron_tlg_class" name="chevron_t_object_can_be_constructed_with_custom_values"/>
    <testcase time="0.00200000000000244" classname="chevron_tlg_class" name="chevron_t_object_can_be_constructed_with_custom_values"/>
    <testcase time="0.00300000000000011" classname="chevron_tlg_class" name="chevron_t_object_can_be_constructed_with_custom_values"/>
    <testcase time="0.00200000000000244" classname="chevron_tlg_class" name="chevron_t_object_can_be_constructed_with_custom_values"/>
    <testcase time="0.00599999999999312" classname="chevron_tlg_class" name="chevron_t_constructor_returns_an_error_when_expected"/>
    <testcase time="0.00100000000000477" classname="chevron_tlg_class" name="chevron_t_constructor_returns_an_error_when_expected"/>
    <testcase time="0.000999999999997669" classname="chevron_tlg_class" name="chevron_t_constructor_returns_an_error_when_expected"/>
    <testcase time="0.000999999999997669" classname="chevron_tlg_class" name="chevron_t_constructor_returns_an_error_when_expected"/>
    <testcase time="0.00100000000000477" classname="chevron_tlg_class" name="chevron_t_constructor_returns_an_error_when_expected"/>
    <testcase time="0.000999999999997669" classname="chevron_tlg_class" name="chevron_t_constructor_returns_an_error_when_expected"/>
    <testcase time="0.00600000000000023" classname="chevron_tlg_class" name="chevron_l_object_can_be_constructed_with_default_values"/>
    <testcase time="0.00300000000000011" classname="chevron_tlg_class" name="chevron_l_object_can_be_constructed_with_default_values"/>
    <testcase time="0.00600000000000023" classname="chevron_tlg_class" name="chevron_g_object_can_be_constructed_with_custom_values"/>
    <testcase time="0.00300000000000011" classname="chevron_tlg_class" name="chevron_g_object_can_be_constructed_with_custom_values"/>
    <testcase time="0.00200000000000244" classname="chevron_tlg_class" name="chevron_g_object_can_be_constructed_with_custom_values"/>
    <testcase time="0.00799999999999557" classname="chevron_tlg_class" name="chevron_g_object_can_be_constructed_with_custom_values"/>
    <testcase time="0.007000000000005" classname="chevron_tlg_class" name="chevron_g_constructor_returns_an_error_when_expected"/>
    <testcase time="0.00199999999999534" classname="chevron_tlg_class" name="chevron_g_constructor_returns_an_error_when_expected"/>
    <testcase time="0.00100000000000477" classname="chevron_tlg_class" name="chevron_g_constructor_returns_an_error_when_expected"/>
    <testcase time="0.00199999999999534" classname="chevron_tlg_class" name="chevron_g_constructor_returns_an_error_when_expected"/>
    <testcase time="0.00100000000000477" classname="chevron_tlg_class" name="chevron_g_constructor_returns_an_error_when_expected"/>
    <testcase time="0.00199999999999534" classname="chevron_tlg_class" name="chevron_g_constructor_returns_an_error_when_expected"/>
    <testcase time="0.00800000000000267" classname="chevron_tlg_class" name="chevron_simple_works_correctly"/>
    <testcase time="0.00300000000000011" classname="chevron_tlg_class" name="chevron_simple_works_correctly"/>
    <testcase time="0.0109999999999957" classname="chevron_tlg_class" name="chevron_simple_errors_if_contains_return"/>
  </testsuite>
  <testsuite name="chevron_tlg-methods" timestamp="2025-02-13T15:36:18Z" hostname="c822d76971c6" tests="54" skipped="15" failures="0" errors="0" time="7.733">
    <testcase time="1.216" classname="chevron_tlg_methods" name="run_works_as_expected_for_chevron_t_object"/>
    <testcase time="0.538000000000004" classname="chevron_tlg_methods" name="run_works_as_expected_for_chevron_t_object">
      <skipped message="Reason: On CRAN ('test-chevron_tlg-methods.R:8:3')"/>
    </testcase>
    <testcase time="0.552999999999997" classname="chevron_tlg_methods" name="run_works_as_expected_for_chevron_t_object_when_auto_pre_FALSE">
      <skipped message="Reason: On CRAN ('test-chevron_tlg-methods.R:17:3')"/>
    </testcase>
    <testcase time="0.286000000000001" classname="chevron_tlg_methods" name="run_works_as_expected_with_argument_printed">
      <skipped message="Reason: On CRAN ('test-chevron_tlg-methods.R:24:3')"/>
    </testcase>
    <testcase time="0.384999999999998" classname="chevron_tlg_methods" name="run_works_as_expected_with_argument_printed_if_the_user_argument_is_complicated">
      <skipped message="Reason: On CRAN ('test-chevron_tlg-methods.R:32:3')"/>
    </testcase>
    <testcase time="0.384" classname="chevron_tlg_methods" name="run_uses_the_argument_passed_through_the_ellipsis_in_priority">
      <skipped message="Reason: On CRAN ('test-chevron_tlg-methods.R:51:3')"/>
    </testcase>
    <testcase time="0.283000000000001" classname="chevron_tlg_methods" name="run_works_as_expected_with_partial_match_argument">
      <skipped message="Reason: On CRAN ('test-chevron_tlg-methods.R:58:3')"/>
    </testcase>
    <testcase time="0.384" classname="chevron_tlg_methods" name="run_displays_the_symbols_when_available">
      <skipped message="Reason: On CRAN ('test-chevron_tlg-methods.R:79:3')"/>
    </testcase>
    <testcase time="0.283999999999999" classname="chevron_tlg_methods" name="run_print_internal_functions_when_unwrap_is_TRUE"/>
    <testcase time="0.000999999999997669" classname="chevron_tlg_methods" name="run_print_internal_functions_when_unwrap_is_TRUE"/>
    <testcase time="0.00200000000000244" classname="chevron_tlg_methods" name="run_print_internal_functions_when_unwrap_is_TRUE"/>
    <testcase time="0.00600000000000023" classname="chevron_tlg_methods" name="run_print_internal_functions_when_unwrap_is_TRUE">
      <skipped message="Reason: On CRAN ('test-chevron_tlg-methods.R:92:3')"/>
    </testcase>
    <testcase time="1.123" classname="chevron_tlg_methods" name="run_print_internal_functions_when_unwrap_is_TRUE_and_standard_chevron_tlg_has_no_layout">
      <skipped message="Reason: On CRAN ('test-chevron_tlg-methods.R:99:3')"/>
    </testcase>
    <testcase time="0.0180000000000007" classname="chevron_tlg_methods" name="run_print_internal_functions_when_unwrap_is_TRUE_and_the_chevron_tlg_object_is_customized"/>
    <testcase time="0.00100000000000477" classname="chevron_tlg_methods" name="run_print_internal_functions_when_unwrap_is_TRUE_and_the_chevron_tlg_object_is_customized"/>
    <testcase time="0.00199999999999534" classname="chevron_tlg_methods" name="run_print_internal_functions_when_unwrap_is_TRUE_and_the_chevron_tlg_object_is_customized"/>
    <testcase time="0.00600000000000023" classname="chevron_tlg_methods" name="run_print_internal_functions_when_unwrap_is_TRUE_and_the_chevron_tlg_object_is_customized">
      <skipped message="Reason: On CRAN ('test-chevron_tlg-methods.R:117:3')"/>
    </testcase>
    <testcase time="0.0160000000000053" classname="chevron_tlg_methods" name="run_print_main_and_postprocessing_functions_when_unwrap_is_TRUE_and_auto_pre_is_FALSE"/>
    <testcase time="0.000999999999997669" classname="chevron_tlg_methods" name="run_print_main_and_postprocessing_functions_when_unwrap_is_TRUE_and_auto_pre_is_FALSE"/>
    <testcase time="0.000999999999997669" classname="chevron_tlg_methods" name="run_print_main_and_postprocessing_functions_when_unwrap_is_TRUE_and_auto_pre_is_FALSE"/>
    <testcase time="0.00100000000000477" classname="chevron_tlg_methods" name="run_print_main_and_postprocessing_functions_when_unwrap_is_TRUE_and_auto_pre_is_FALSE"/>
    <testcase time="0.00599999999999312" classname="chevron_tlg_methods" name="run_print_main_and_postprocessing_functions_when_unwrap_is_TRUE_and_auto_pre_is_FALSE">
      <skipped message="Reason: On CRAN ('test-chevron_tlg-methods.R:137:3')"/>
    </testcase>
    <testcase time="0.0130000000000052" classname="chevron_tlg_methods" name="args_ls_works_as_expected"/>
    <testcase time="0.000999999999997669" classname="chevron_tlg_methods" name="args_ls_works_as_expected"/>
    <testcase time="0.00200000000000244" classname="chevron_tlg_methods" name="args_ls_works_as_expected"/>
    <testcase time="0.00399999999999778" classname="chevron_tlg_methods" name="args_ls_works_as_expected_when_simplify_is_TRUE"/>
    <testcase time="0.000999999999997669" classname="chevron_tlg_methods" name="args_ls_works_as_expected_when_simplify_is_TRUE"/>
    <testcase time="0.00200000000000244" classname="chevron_tlg_methods" name="args_ls_works_as_expected_when_simplify_is_TRUE"/>
    <testcase time="0.00500000000000256" classname="chevron_tlg_methods" name="args_ls_works_as_expected_with_custom_chevron_tlg_object"/>
    <testcase time="0.000999999999997669" classname="chevron_tlg_methods" name="args_ls_works_as_expected_with_custom_chevron_tlg_object"/>
    <testcase time="0.000999999999997669" classname="chevron_tlg_methods" name="args_ls_works_as_expected_with_custom_chevron_tlg_object"/>
    <testcase time="0.00300000000000011" classname="chevron_tlg_methods" name="args_ls_works_as_expected_with_custom_chevron_tlg_object"/>
    <testcase time="0.00600000000000023" classname="chevron_tlg_methods" name="main_works_as_expected"/>
    <testcase time="0.00600000000000023" classname="chevron_tlg_methods" name="main_setter_works_as_expected"/>
    <testcase time="0.0159999999999982" classname="chevron_tlg_methods" name="main_setter_throw_an_error_as_expected"/>
    <testcase time="0.00600000000000023" classname="chevron_tlg_methods" name="preprocess_works_as_expected"/>
    <testcase time="0.00600000000000023" classname="chevron_tlg_methods" name="preprocess_setter_works_as_expected"/>
    <testcase time="0.0100000000000051" classname="chevron_tlg_methods" name="preprocess_sends_an_error_as_expected"/>
    <testcase time="0.00600000000000023" classname="chevron_tlg_methods" name="postprocess_works_as_expected"/>
    <testcase time="0.00600000000000023" classname="chevron_tlg_methods" name="postprocess_setter_works_as_expected"/>
    <testcase time="0.00999999999999801" classname="chevron_tlg_methods" name="postprocess_sends_an_error_as_expected"/>
    <testcase time="0.00399999999999778" classname="chevron_tlg_methods" name="script_funs_works_as_expected_in_interactive_mode">
      <skipped message="Reason: !interactive() is TRUE ('test-chevron_tlg-methods.R:264:3')"/>
    </testcase>
    <testcase time="0.0140000000000029" classname="chevron_tlg_methods" name="script_funs_works_as_expected"/>
    <testcase time="0.000999999999997669" classname="chevron_tlg_methods" name="script_funs_works_as_expected"/>
    <testcase time="2.047" classname="chevron_tlg_methods" name="script_funs_generates_a_valid_script"/>
    <testcase time="0.00199999999999534" classname="chevron_tlg_methods" name="script_funs_generates_a_valid_script"/>
    <testcase time="0.00200000000000244" classname="chevron_tlg_methods" name="script_funs_generates_a_valid_script"/>
    <testcase time="0.000999999999997669" classname="chevron_tlg_methods" name="script_funs_generates_a_valid_script"/>
    <testcase time="0.00200000000000244" classname="chevron_tlg_methods" name="script_funs_generates_a_valid_script"/>
    <testcase time="0.00900000000000034" classname="chevron_tlg_methods" name="script_funs_generates_a_valid_script">
      <skipped message="Reason: On CRAN ('test-chevron_tlg-methods.R:297:5')"/>
    </testcase>
    <testcase time="0.0150000000000006" classname="chevron_tlg_methods" name="script_funs_works_for_simple_template"/>
    <testcase time="0.000999999999997669" classname="chevron_tlg_methods" name="script_funs_works_for_simple_template"/>
    <testcase time="0.0140000000000029" classname="chevron_tlg_methods" name="print_list_works">
      <skipped message="Reason: On CRAN ('test-chevron_tlg-methods.R:311:3')"/>
    </testcase>
    <testcase time="0.0189999999999984" classname="chevron_tlg_methods" name="print_list_works_for_empty_list">
      <skipped message="Reason: On CRAN ('test-chevron_tlg-methods.R:315:3')"/>
    </testcase>
  </testsuite>
  <testsuite name="cml02a_gl" timestamp="2025-02-13T15:36:26Z" hostname="c822d76971c6" tests="6" skipped="3" failures="0" errors="0" time="0.515">
    <testcase time="0.0360000000000014" classname="cml02a_gl" name="cml02a_gl_works_with_adcm_dataset"/>
    <testcase time="0.162999999999997" classname="cml02a_gl" name="cml02a_gl_works_with_adcm_dataset">
      <skipped message="Reason: On CRAN ('test-cml02a_gl.R:5:3')"/>
    </testcase>
    <testcase time="0.0320000000000036" classname="cml02a_gl" name="cml02a_gl_works_with_missing_data"/>
    <testcase time="0.107999999999997" classname="cml02a_gl" name="cml02a_gl_works_with_missing_data">
      <skipped message="Reason: On CRAN ('test-cml02a_gl.R:13:3')"/>
    </testcase>
    <testcase time="0.0320000000000036" classname="cml02a_gl" name="cml02a_gl_functions_work_as_expected"/>
    <testcase time="0.143999999999998" classname="cml02a_gl" name="cml02a_gl_functions_work_as_expected">
      <skipped message="Reason: On CRAN ('test-cml02a_gl.R:24:3')"/>
    </testcase>
  </testsuite>
  <testsuite name="cmt01a" timestamp="2025-02-13T15:36:26Z" hostname="c822d76971c6" tests="6" skipped="4" failures="0" errors="0" time="3.675">
    <testcase time="1.101" classname="cmt01a" name="cmt01a_functions_with_default_argument_value_return_expected_result_with_test_data">
      <skipped message="Reason: On CRAN ('test-cmt01a.R:7:3')"/>
    </testcase>
    <testcase time="1.047" classname="cmt01a" name="cmt01a_functions_with_custom_argument_value_return_expected_result_with_test_data">
      <skipped message="Reason: On CRAN ('test-cmt01a.R:20:3')"/>
    </testcase>
    <testcase time="0.159000000000006" classname="cmt01a" name="cmt01a_can_handle_all_NA_values"/>
    <testcase time="0.154999999999994" classname="cmt01a" name="cmt01a_can_handle_all_NA_values">
      <skipped message="Reason: On CRAN ('test-cmt01a.R:35:3')"/>
    </testcase>
    <testcase time="0.628" classname="cmt01a" name="cmt01a_can_handle_some_NA_values"/>
    <testcase time="0.585000000000001" classname="cmt01a" name="cmt01a_can_handle_some_NA_values">
      <skipped message="Reason: On CRAN ('test-cmt01a.R:44:3')"/>
    </testcase>
  </testsuite>
  <testsuite name="cmt02_pt" timestamp="2025-02-13T15:36:30Z" hostname="c822d76971c6" tests="4" skipped="2" failures="0" errors="0" time="0.607">
    <testcase time="0.111000000000004" classname="cmt02_pt" name="cmt02_pt_can_handle_all_NA_values"/>
    <testcase time="0.125999999999998" classname="cmt02_pt" name="cmt02_pt_can_handle_all_NA_values">
      <skipped message="Reason: On CRAN ('test-cmt02_pt.R:9:3')"/>
    </testcase>
    <testcase time="0.155000000000001" classname="cmt02_pt" name="cmt02_pt_can_handle_some_NA_values"/>
    <testcase time="0.214999999999996" classname="cmt02_pt" name="cmt02_pt_can_handle_some_NA_values">
      <skipped message="Reason: On CRAN ('test-cmt02_pt.R:18:3')"/>
    </testcase>
  </testsuite>
  <testsuite name="coxt01" timestamp="2025-02-13T15:36:31Z" hostname="c822d76971c6" tests="3" skipped="1" failures="0" errors="0" time="0.52">
    <testcase time="0.316000000000003" classname="coxt01" name="coxt01_can_handle_some_NA_values"/>
    <testcase time="0.180999999999997" classname="coxt01" name="coxt01_can_handle_some_NA_values">
      <skipped message="Reason: On CRAN ('test-coxt01.R:6:3')"/>
    </testcase>
    <testcase time="0.0230000000000032" classname="coxt01" name="coxt01_fails_on_incomlete_data"/>
  </testsuite>
  <testsuite name="coxt02" timestamp="2025-02-13T15:36:31Z" hostname="c822d76971c6" tests="3" skipped="1" failures="0" errors="0" time="0.651">
    <testcase time="0.411000000000001" classname="coxt02" name="coxt02_can_handle_some_NA_values"/>
    <testcase time="0.216000000000001" classname="coxt02" name="coxt02_can_handle_some_NA_values">
      <skipped message="Reason: On CRAN ('test-coxt02.R:5:3')"/>
    </testcase>
    <testcase time="0.0239999999999938" classname="coxt02" name="coxt02_fails_on_incomlete_data"/>
  </testsuite>
  <testsuite name="default_tlg" timestamp="2025-02-13T15:36:32Z" hostname="c822d76971c6" tests="15" skipped="15" failures="0" errors="0" time="11.286">
    <testcase time="0.144000000000005" classname="default_tlg" name="ael01_nollt_function_with_default_argument_value_return_expected_result_with_test_data">
      <skipped message="Reason: On CRAN ('test-default_tlg.R:5:3')"/>
    </testcase>
    <testcase time="0.548999999999999" classname="default_tlg" name="aet01_function_with_default_argument_value_return_expected_result_with_test_data">
      <skipped message="Reason: On CRAN ('test-default_tlg.R:12:3')"/>
    </testcase>
    <testcase time="0.494" classname="default_tlg" name="aet01_aesi_function_with_default_argument_value_return_expected_result_with_test_data">
      <skipped message="Reason: On CRAN ('test-default_tlg.R:19:3')"/>
    </testcase>
    <testcase time="0.988999999999997" classname="default_tlg" name="aet02_functions_with_default_argument_value_return_expected_result_with_test_data">
      <skipped message="Reason: On CRAN ('test-default_tlg.R:26:3')"/>
    </testcase>
    <testcase time="2.085" classname="default_tlg" name="aet03_functions_with_default_argument_value_return_expected_result_with_test_data">
      <skipped message="Reason: On CRAN ('test-default_tlg.R:33:3')"/>
    </testcase>
    <testcase time="3.369" classname="default_tlg" name="aet04_functions_with_default_argument_value_return_expected_result_with_test_data">
      <skipped message="Reason: On CRAN ('test-default_tlg.R:40:3')"/>
    </testcase>
    <testcase time="0.377000000000002" classname="default_tlg" name="aet05_functions_with_default_argument_value_return_expected_result_with_test_data">
      <skipped message="Reason: On CRAN ('test-default_tlg.R:47:3')"/>
    </testcase>
    <testcase time="0.393999999999998" classname="default_tlg" name="aet05_all_functions_with_default_argument_value_return_expected_result_with_test_data">
      <skipped message="Reason: On CRAN ('test-default_tlg.R:54:3')"/>
    </testcase>
    <testcase time="0.289000000000001" classname="default_tlg" name="aet10_functions_with_default_argument_value_return_expected_result_with_test_data">
      <skipped message="Reason: On CRAN ('test-default_tlg.R:61:3')"/>
    </testcase>
    <testcase time="0.340000000000003" classname="default_tlg" name="cmt02_pt_functions_with_default_argument_value_return_expected_result_with_test_data">
      <skipped message="Reason: On CRAN ('test-default_tlg.R:68:3')"/>
    </testcase>
    <testcase time="0.439999999999998" classname="default_tlg" name="coxt01_functions_with_default_argument_value_return_expected_result_with_test_data">
      <skipped message="Reason: On CRAN ('test-default_tlg.R:78:3')"/>
    </testcase>
    <testcase time="0.591000000000001" classname="default_tlg" name="coxt02_functions_with_default_argument_value_return_expected_result_with_test_data">
      <skipped message="Reason: On CRAN ('test-default_tlg.R:86:3')"/>
    </testcase>
    <testcase time="0.567" classname="default_tlg" name="dmt01_functions_with_default_argument_value_return_expected_result_with_test_data">
      <skipped message="Reason: On CRAN ('test-default_tlg.R:93:3')"/>
    </testcase>
    <testcase time="0.405999999999999" classname="default_tlg" name="dst01_functions_with_default_argument_value_return_expected_result_with_test_data">
      <skipped message="Reason: On CRAN ('test-default_tlg.R:100:3')"/>
    </testcase>
    <testcase time="0.252000000000002" classname="default_tlg" name="dtht01_functions_with_default_argument_value_return_expected_result_with_test_data">
      <skipped message="Reason: On CRAN ('test-default_tlg.R:107:3')"/>
    </testcase>
  </testsuite>
  <testsuite name="dmt01" timestamp="2025-02-13T15:36:43Z" hostname="c822d76971c6" tests="19" skipped="9" failures="0" errors="0" time="4.133">
    <testcase time="0.209999999999994" classname="dmt01" name="dmt01_can_handle_NA_values"/>
    <testcase time="0.284000000000006" classname="dmt01" name="dmt01_can_handle_NA_values">
      <skipped message="Reason: On CRAN ('test-dmt01.R:8:3')"/>
    </testcase>
    <testcase time="0.213999999999999" classname="dmt01" name="dmt01_can_handle_numeric_NA_values"/>
    <testcase time="0.369" classname="dmt01" name="dmt01_can_handle_numeric_NA_values">
      <skipped message="Reason: On CRAN ('test-dmt01.R:16:3')"/>
    </testcase>
    <testcase time="0.0249999999999986" classname="dmt01" name="dmt01_returns_an_error_when_variables_are_of_the_wrong_type"/>
    <testcase time="0.149000000000001" classname="dmt01" name="dmt01_works_as_expected_with_setting_default_precision"/>
    <testcase time="0.286000000000001" classname="dmt01" name="dmt01_works_as_expected_with_setting_default_precision">
      <skipped message="Reason: On CRAN ('test-dmt01.R:37:3')"/>
    </testcase>
    <testcase time="0.165999999999997" classname="dmt01" name="dmt01_works_as_expected_with_auto_precision_settings"/>
    <testcase time="0.350000000000001" classname="dmt01" name="dmt01_works_as_expected_with_auto_precision_settings">
      <skipped message="Reason: On CRAN ('test-dmt01.R:43:3')"/>
    </testcase>
    <testcase time="0.173999999999999" classname="dmt01" name="dmt01_works_as_expected_with_auto_precision_settings_and_defined_precision"/>
    <testcase time="0.325000000000003" classname="dmt01" name="dmt01_works_as_expected_with_auto_precision_settings_and_defined_precision">
      <skipped message="Reason: On CRAN ('test-dmt01.R:49:3')"/>
    </testcase>
    <testcase time="0.157999999999994" classname="dmt01" name="dmt01_works_as_expected_with_auto_precision_settings_and_defined_precision_and_default"/>
    <testcase time="0.300000000000004" classname="dmt01" name="dmt01_works_as_expected_with_auto_precision_settings_and_defined_precision_and_default">
      <skipped message="Reason: On CRAN ('test-dmt01.R:57:3')"/>
    </testcase>
    <testcase time="0.149000000000001" classname="dmt01" name="dmt01_works_as_expected_with_cutomized_stats_value"/>
    <testcase time="0.253999999999998" classname="dmt01" name="dmt01_works_as_expected_with_cutomized_stats_value">
      <skipped message="Reason: On CRAN ('test-dmt01.R:71:3')"/>
    </testcase>
    <testcase time="0.163000000000004" classname="dmt01" name="dmt01_works_as_expected_with_empty_list_as_stats_value"/>
    <testcase time="0.291999999999994" classname="dmt01" name="dmt01_works_as_expected_with_empty_list_as_stats_value">
      <skipped message="Reason: On CRAN ('test-dmt01.R:85:3')"/>
    </testcase>
    <testcase time="0.0960000000000036" classname="dmt01" name="dmt01_works_as_expected_with_only_one_summaryvars"/>
    <testcase time="0.168999999999997" classname="dmt01" name="dmt01_works_as_expected_with_only_one_summaryvars">
      <skipped message="Reason: On CRAN ('test-dmt01.R:97:3')"/>
    </testcase>
  </testsuite>
  <testsuite name="dst01" timestamp="2025-02-13T15:36:47Z" hostname="c822d76971c6" tests="14" skipped="7" failures="0" errors="0" time="2.439">
    <testcase time="0.148000000000003" classname="dst01" name="dst01_works_as_expected_when_all_data_are_NA"/>
    <testcase time="0.0549999999999997" classname="dst01" name="dst01_works_as_expected_when_all_data_are_NA">
      <skipped message="Reason: On CRAN ('test-dst01.R:11:3')"/>
    </testcase>
    <testcase time="0.123999999999995" classname="dst01" name="dst01_can_handle_all_NA_values_in_DCSREAS"/>
    <testcase time="0.129000000000005" classname="dst01" name="dst01_can_handle_all_NA_values_in_DCSREAS">
      <skipped message="Reason: On CRAN ('test-dst01.R:23:3')"/>
    </testcase>
    <testcase time="0.174999999999997" classname="dst01" name="dst01_can_handle_some_NA_values"/>
    <testcase time="0.204000000000001" classname="dst01" name="dst01_can_handle_some_NA_values">
      <skipped message="Reason: On CRAN ('test-dst01.R:31:3')"/>
    </testcase>
    <testcase time="0.146999999999998" classname="dst01" name="dst01_can_handle_missing_levels_in_status_var"/>
    <testcase time="0.0549999999999997" classname="dst01" name="dst01_can_handle_missing_levels_in_status_var">
      <skipped message="Reason: On CRAN ('test-dst01.R:42:3')"/>
    </testcase>
    <testcase time="0.194000000000003" classname="dst01" name="dst01_can_create_variants"/>
    <testcase time="0.210999999999999" classname="dst01" name="dst01_can_create_variants">
      <skipped message="Reason: On CRAN ('test-dst01.R:48:3')"/>
    </testcase>
    <testcase time="0.227000000000004" classname="dst01" name="dst01_can_create_variants"/>
    <testcase time="0.232999999999997" classname="dst01" name="dst01_can_create_variants">
      <skipped message="Reason: On CRAN ('test-dst01.R:54:3')"/>
    </testcase>
    <testcase time="0.267000000000003" classname="dst01" name="dst01_can_create_variants"/>
    <testcase time="0.269999999999996" classname="dst01" name="dst01_can_create_variants">
      <skipped message="Reason: On CRAN ('test-dst01.R:62:3')"/>
    </testcase>
  </testsuite>
  <testsuite name="dtht01" timestamp="2025-02-13T15:36:50Z" hostname="c822d76971c6" tests="5" skipped="3" failures="0" errors="0" time="1.407">
    <testcase time="0.116" classname="dtht01" name="dtht01_can_handle_all_NA_values"/>
    <testcase time="0.153999999999996" classname="dtht01" name="dtht01_can_handle_all_NA_values">
      <skipped message="Reason: On CRAN ('test-dtht01.R:12:3')"/>
    </testcase>
    <testcase time="0.239000000000004" classname="dtht01" name="dtht01_can_handle_some_NA_values"/>
    <testcase time="0.326999999999998" classname="dtht01" name="dtht01_can_handle_some_NA_values">
      <skipped message="Reason: On CRAN ('test-dtht01.R:20:3')"/>
    </testcase>
    <testcase time="0.570999999999998" classname="dtht01" name="dtht01_can_be_parametrize_as_expected">
      <skipped message="Reason: On CRAN ('test-dtht01.R:32:3')"/>
    </testcase>
  </testsuite>
  <testsuite name="egt01" timestamp="2025-02-13T15:36:51Z" hostname="c822d76971c6" tests="3" skipped="2" failures="0" errors="0" time="6.748">
    <testcase time="3.349" classname="egt01" name="egt01_functions_with_default_argument_value_return_expected_result_with_test_data">
      <skipped message="Reason: On CRAN ('test-egt01.R:7:3')"/>
    </testcase>
    <testcase time="1.29000000000001" classname="egt01" name="egt01_can_handle_n_0_and_outputs_NE_instead_of_infs_and_NAs"/>
    <testcase time="2.10899999999999" classname="egt01" name="egt01_can_handle_n_0_and_outputs_NE_instead_of_infs_and_NAs">
      <skipped message="Reason: On CRAN ('test-egt01.R:21:3')"/>
    </testcase>
  </testsuite>
  <testsuite name="egt02" timestamp="2025-02-13T15:36:58Z" hostname="c822d76971c6" tests="2" skipped="2" failures="0" errors="0" time="0.675">
    <testcase time="0.350999999999999" classname="egt02" name="egt02_1_functions_with_default_argument_value_return_expected_result_with_test_data">
      <skipped message="Reason: On CRAN ('test-egt02.R:7:3')"/>
    </testcase>
    <testcase time="0.323999999999998" classname="egt02" name="egt02_2_functions_with_default_value_return_expected_result_with_test_data">
      <skipped message="Reason: On CRAN ('test-egt02.R:15:3')"/>
    </testcase>
  </testsuite>
  <testsuite name="egt03" timestamp="2025-02-13T15:36:58Z" hostname="c822d76971c6" tests="5" skipped="2" failures="0" errors="0" time="3.207">
    <testcase time="1.703" classname="egt03" name="egt03_functions_with_default_argument_value_return_expected_result_with_test_data">
      <skipped message="Reason: On CRAN ('test-egt03.R:7:3')"/>
    </testcase>
    <testcase time="0.0250000000000057" classname="egt03" name="egt03_errors_on_all_NA_values"/>
    <testcase time="0.472999999999999" classname="egt03" name="egt03_can_handle_some_NA_values"/>
    <testcase time="0.980999999999995" classname="egt03" name="egt03_can_handle_some_NA_values">
      <skipped message="Reason: On CRAN ('test-egt03.R:30:3')"/>
    </testcase>
    <testcase time="0.0250000000000057" classname="egt03" name="egt03_fails_on_incomplete_data"/>
  </testsuite>
  <testsuite name="egt05_qtcat" timestamp="2025-02-13T15:37:02Z" hostname="c822d76971c6" tests="4" skipped="2" failures="0" errors="0" time="3.191">
    <testcase time="2.051" classname="egt05_qtcat" name="egt05_qtcat_functions_with_default_argument_value_return_expected_result_with_test_data">
      <skipped message="Reason: On CRAN ('test-egt05_qtcat.R:7:3')"/>
    </testcase>
    <testcase time="0.0259999999999962" classname="egt05_qtcat" name="egt05_qtcat_erros_on_all_NA_values"/>
    <testcase time="0.378" classname="egt05_qtcat" name="egt05_qtcat_can_handle_some_NA_values"/>
    <testcase time="0.736000000000004" classname="egt05_qtcat" name="egt05_qtcat_can_handle_some_NA_values">
      <skipped message="Reason: On CRAN ('test-egt05_qtcat.R:30:3')"/>
    </testcase>
  </testsuite>
  <testsuite name="empty_report" timestamp="2025-02-13T15:37:05Z" hostname="c822d76971c6" tests="25" skipped="0" failures="0" errors="0" time="2.721">
    <testcase time="0.106999999999999" classname="empty_report" name="tlg_functions_return_null_reports_when_domain_table_is_empty"/>
    <testcase time="0.272999999999996" classname="empty_report" name="tlg_functions_return_null_reports_when_domain_table_is_empty"/>
    <testcase time="0.185999999999993" classname="empty_report" name="tlg_functions_return_null_reports_when_domain_table_is_empty"/>
    <testcase time="0.105000000000004" classname="empty_report" name="tlg_functions_return_null_reports_when_domain_table_is_empty"/>
    <testcase time="0.0999999999999943" classname="empty_report" name="tlg_functions_return_null_reports_when_domain_table_is_empty"/>
    <testcase time="0.0720000000000027" classname="empty_report" name="tlg_functions_return_null_reports_when_domain_table_is_empty"/>
    <testcase time="0.0930000000000035" classname="empty_report" name="tlg_functions_return_null_reports_when_domain_table_is_empty"/>
    <testcase time="0.146999999999991" classname="empty_report" name="tlg_functions_return_null_reports_when_domain_table_is_empty"/>
    <testcase time="0.165000000000006" classname="empty_report" name="tlg_functions_return_null_reports_when_domain_table_is_empty"/>
    <testcase time="0.0870000000000033" classname="empty_report" name="tlg_functions_return_null_reports_when_domain_table_is_empty"/>
    <testcase time="0.0949999999999989" classname="empty_report" name="tlg_functions_return_null_reports_when_domain_table_is_empty"/>
    <testcase time="0.0559999999999974" classname="empty_report" name="tlg_functions_return_null_reports_when_domain_table_is_empty"/>
    <testcase time="0.0480000000000018" classname="empty_report" name="tlg_functions_return_null_reports_when_domain_table_is_empty"/>
    <testcase time="0.0739999999999981" classname="empty_report" name="tlg_functions_return_null_reports_when_domain_table_is_empty"/>
    <testcase time="0.0660000000000025" classname="empty_report" name="tlg_functions_return_null_reports_when_domain_table_is_empty"/>
    <testcase time="0.0819999999999936" classname="empty_report" name="tlg_functions_return_null_reports_when_domain_table_is_empty"/>
    <testcase time="0.0799999999999983" classname="empty_report" name="tlg_functions_return_null_reports_when_domain_table_is_empty"/>
    <testcase time="0.103999999999999" classname="empty_report" name="tlg_functions_return_null_reports_when_domain_table_is_empty"/>
    <testcase time="0.316000000000003" classname="empty_report" name="tlg_functions_return_null_reports_when_domain_table_is_empty"/>
    <testcase time="0.0949999999999989" classname="empty_report" name="tlg_functions_return_null_reports_when_domain_table_is_empty"/>
    <testcase time="0.0960000000000036" classname="empty_report" name="tlg_functions_return_null_reports_when_domain_table_is_empty"/>
    <testcase time="0.0619999999999976" classname="empty_report" name="tlg_functions_return_null_reports_when_domain_table_is_empty"/>
    <testcase time="0.103999999999999" classname="empty_report" name="tlg_functions_return_null_reports_when_domain_table_is_empty"/>
    <testcase time="0.0499999999999972" classname="empty_report" name="tlg_functions_return_null_reports_when_domain_table_is_empty"/>
    <testcase time="0.0580000000000069" classname="empty_report" name="tlg_functions_return_null_reports_when_domain_table_is_empty"/>
  </testsuite>
  <testsuite name="ext01" timestamp="2025-02-13T15:37:08Z" hostname="c822d76971c6" tests="8" skipped="7" failures="0" errors="0" time="4.65">
    <testcase time="0.494" classname="ext01" name="ext01_functions_with_default_argument_value_return_expected_result_with_test_data">
      <skipped message="Reason: On CRAN ('test-ext01.R:7:3')"/>
    </testcase>
    <testcase time="0.560999999999993" classname="ext01" name="ext01_functions_with_categorical_data_return_expected_result_with_test_data">
      <skipped message="Reason: On CRAN ('test-ext01.R:16:3')"/>
    </testcase>
    <testcase time="0.198000000000008" classname="ext01" name="ext01_works"/>
    <testcase time="0.305999999999997" classname="ext01" name="ext01_works">
      <skipped message="Reason: On CRAN ('test-ext01.R:25:3')"/>
    </testcase>
    <testcase time="0.552999999999997" classname="ext01" name="ext01_works_for_selected_parameters_and_categorical_variables">
      <skipped message="Reason: On CRAN ('test-ext01.R:39:3')"/>
    </testcase>
    <testcase time="0.832000000000008" classname="ext01" name="ext01_works_with_custom_mapping_order">
      <skipped message="Reason: On CRAN ('test-ext01.R:51:3')"/>
    </testcase>
    <testcase time="0.825999999999993" classname="ext01" name="ext01_works_with_custom_mapping_order_for_a_single_split">
      <skipped message="Reason: On CRAN ('test-ext01.R:61:3')"/>
    </testcase>
    <testcase time="0.88000000000001" classname="ext01" name="ext01_works_with_custom_mapping_fill_in_value">
      <skipped message="Reason: On CRAN ('test-ext01.R:73:3')"/>
    </testcase>
  </testsuite>
  <testsuite name="fstg01" timestamp="2025-02-13T15:37:12Z" hostname="c822d76971c6" tests="13" skipped="0" failures="0" errors="0" time="6.93">
    <testcase time="0.0219999999999914" classname="fstg01" name="fstg01_works_as_expected"/>
    <testcase time="1.313" classname="fstg01" name="fstg01_works_as_expected"/>
    <testcase time="0.00300000000000011" classname="fstg01" name="fstg01_works_as_expected"/>
    <testcase time="1.312" classname="fstg01" name="fstg01_works_as_expected_with_custom_color_set"/>
    <testcase time="0.00300000000000011" classname="fstg01" name="fstg01_works_as_expected_with_custom_color_set"/>
    <testcase time="1.30200000000001" classname="fstg01" name="fstg01_works_as_expected_with_custom_color_set"/>
    <testcase time="0.00300000000000011" classname="fstg01" name="fstg01_works_as_expected_with_custom_color_set"/>
    <testcase time="0.667000000000002" classname="fstg01" name="fstg01_works_if_changes_are_in_subgroups_conf_level_and_label_all"/>
    <testcase time="0.00399999999999068" classname="fstg01" name="fstg01_works_if_changes_are_in_subgroups_conf_level_and_label_all"/>
    <testcase time="0.899000000000001" classname="fstg01" name="fstg01_works_if_changes_are_in_subgroups_conf_level_and_label_all"/>
    <testcase time="0.00300000000000011" classname="fstg01" name="fstg01_works_if_changes_are_in_subgroups_conf_level_and_label_all"/>
    <testcase time="1.396" classname="fstg01" name="fstg01_can_handle_some_NA_values_in_subgroups"/>
    <testcase time="0.00300000000000011" classname="fstg01" name="fstg01_can_handle_some_NA_values_in_subgroups"/>
  </testsuite>
  <testsuite name="fstg02" timestamp="2025-02-13T15:37:19Z" hostname="c822d76971c6" tests="9" skipped="0" failures="0" errors="0" time="8.5">
    <testcase time="0.0120000000000005" classname="fstg02" name="fstg02_works_as_expected"/>
    <testcase time="1.154" classname="fstg02" name="fstg02_works_as_expected"/>
    <testcase time="1.175" classname="fstg02" name="fstg02_works_as_expected_with_custom_color_set"/>
    <testcase time="1.172" classname="fstg02" name="fstg02_works_as_expected_with_custom_color_set"/>
    <testcase time="0.560000000000002" classname="fstg02" name="fstg02_works_if_changes_are_in_subgroups_strata_var_conf_level_and_label_all"/>
    <testcase time="0.802999999999997" classname="fstg02" name="fstg02_works_if_changes_are_in_subgroups_strata_var_conf_level_and_label_all"/>
    <testcase time="1.197" classname="fstg02" name="fstg02_can_handle_some_NA_values_in_subgroups"/>
    <testcase time="1.202" classname="fstg02" name="fstg02_can_handle_customized_time_units"/>
    <testcase time="1.22500000000001" classname="fstg02" name="fstg02_can_handle_customized_time_units"/>
  </testsuite>
  <testsuite name="kmg01" timestamp="2025-02-13T15:37:28Z" hostname="c822d76971c6" tests="13" skipped="0" failures="0" errors="0" time="2.202">
    <testcase time="0.0150000000000006" classname="kmg01" name="kmg01_works_as_expected"/>
    <testcase time="0.36999999999999" classname="kmg01" name="kmg01_works_as_expected"/>
    <testcase time="0.00300000000000011" classname="kmg01" name="kmg01_works_as_expected"/>
    <testcase time="0.39200000000001" classname="kmg01" name="kmg01_works_as_expected_with_custom_color_set"/>
    <testcase time="0.00399999999999068" classname="kmg01" name="kmg01_works_as_expected_with_custom_color_set"/>
    <testcase time="0.370000000000005" classname="kmg01" name="kmg01_works_as_expected_with_custom_color_set"/>
    <testcase time="0.00400000000000489" classname="kmg01" name="kmg01_works_as_expected_with_custom_color_set"/>
    <testcase time="0.364999999999995" classname="kmg01" name="kmg01_works_if_change_pvalue_ties_and_conf_level"/>
    <testcase time="0.00300000000000011" classname="kmg01" name="kmg01_works_if_change_pvalue_ties_and_conf_level"/>
    <testcase time="0.393000000000001" classname="kmg01" name="kmg01_works_if_change_annotation_position"/>
    <testcase time="0.00300000000000011" classname="kmg01" name="kmg01_works_if_change_annotation_position"/>
    <testcase time="0.277000000000001" classname="kmg01" name="kmg01_works_for_stratified_analysis"/>
    <testcase time="0.00300000000000011" classname="kmg01" name="kmg01_works_for_stratified_analysis"/>
  </testsuite>
  <testsuite name="lbt01" timestamp="2025-02-13T15:37:30Z" hostname="c822d76971c6" tests="4" skipped="3" failures="0" errors="0" time="9.624">
    <testcase time="3.261" classname="lbt01" name="lbt01_functions_with_default_argument_value_return_expected_result_with_test_data">
      <skipped message="Reason: On CRAN ('test-lbt01.R:11:3')"/>
    </testcase>
    <testcase time="3.45100000000001" classname="lbt01" name="lbt01_functions_with_row_split_var_return_expected_result_with_test_data">
      <skipped message="Reason: On CRAN ('test-lbt01.R:21:3')"/>
    </testcase>
    <testcase time="0.947999999999993" classname="lbt01" name="lbt01_can_handle_n_0_and_outputs_NE_instead_of_infs_and_NAs"/>
    <testcase time="1.964" classname="lbt01" name="lbt01_can_handle_n_0_and_outputs_NE_instead_of_infs_and_NAs">
      <skipped message="Reason: On CRAN ('test-lbt01.R:35:3')"/>
    </testcase>
  </testsuite>
  <testsuite name="lbt04" timestamp="2025-02-13T15:37:40Z" hostname="c822d76971c6" tests="8" skipped="4" failures="0" errors="0" time="2.931">
    <testcase time="0.926000000000002" classname="lbt04" name="lbt04_functions_with_default_argument_value_return_expected_result_with_test_data">
      <skipped message="Reason: On CRAN ('test-lbt04.R:7:3')"/>
    </testcase>
    <testcase time="0.0900000000000034" classname="lbt04" name="lbt04_can_handle_all_NA_values"/>
    <testcase time="0.0619999999999976" classname="lbt04" name="lbt04_can_handle_all_NA_values">
      <skipped message="Reason: On CRAN ('test-lbt04.R:21:3')"/>
    </testcase>
    <testcase time="0.301000000000002" classname="lbt04" name="lbt04_can_handle_missing_levels"/>
    <testcase time="0.608000000000004" classname="lbt04" name="lbt04_can_handle_missing_levels">
      <skipped message="Reason: On CRAN ('test-lbt04.R:33:3')"/>
    </testcase>
    <testcase time="0.304999999999993" classname="lbt04" name="lbt04_can_handle_some_NA_values"/>
    <testcase time="0.614000000000004" classname="lbt04" name="lbt04_can_handle_some_NA_values">
      <skipped message="Reason: On CRAN ('test-lbt04.R:42:3')"/>
    </testcase>
    <testcase time="0.0249999999999915" classname="lbt04" name="lbt04_fails_on_incomlete_data"/>
  </testsuite>
  <testsuite name="lbt05" timestamp="2025-02-13T15:37:42Z" hostname="c822d76971c6" tests="7" skipped="3" failures="0" errors="0" time="2.36">
    <testcase time="0.668000000000006" classname="lbt05" name="lbt05_functions_with_default_argument_value_return_expected_result_with_test_data">
      <skipped message="Reason: On CRAN ('test-lbt05.R:7:3')"/>
    </testcase>
    <testcase time="0.310000000000002" classname="lbt05" name="lbt05_give_all_0_count_if_ANRIND_are_all_missing"/>
    <testcase time="0.289999999999992" classname="lbt05" name="lbt05_can_handle_some_NA_values"/>
    <testcase time="0.376000000000005" classname="lbt05" name="lbt05_can_handle_some_NA_values">
      <skipped message="Reason: On CRAN ('test-lbt05.R:38:3')"/>
    </testcase>
    <testcase time="0.0420000000000016" classname="lbt05" name="lbt05_fails_on_incomlete_data"/>
    <testcase time="0.292000000000002" classname="lbt05" name="lbt05_works_with_missing_levels"/>
    <testcase time="0.381999999999991" classname="lbt05" name="lbt05_works_with_missing_levels">
      <skipped message="Reason: On CRAN ('test-lbt05.R:55:3')"/>
    </testcase>
  </testsuite>
  <testsuite name="lbt06" timestamp="2025-02-13T15:37:45Z" hostname="c822d76971c6" tests="3" skipped="1" failures="0" errors="0" time="3.729">
    <testcase time="0.982000000000014" classname="lbt06" name="lbt06_gives_all_0_count_if_ANRIND_and_BNRIND_are_all_missing"/>
    <testcase time="2.70399999999999" classname="lbt06" name="lbt06_can_handle_some_NA_values">
      <skipped message="Reason: On CRAN ('test-lbt06.R:21:3')"/>
    </testcase>
    <testcase time="0.0430000000000064" classname="lbt06" name="lbt06_fails_on_incomplete_data"/>
  </testsuite>
  <testsuite name="lbt07" timestamp="2025-02-13T15:37:49Z" hostname="c822d76971c6" tests="4" skipped="2" failures="0" errors="0" time="1.663">
    <testcase time="0.807999999999993" classname="lbt07" name="lbt07_functions_with_default_argument_value_return_expected_result_with_test_data">
      <skipped message="Reason: On CRAN ('test-lbt07.R:7:3')"/>
    </testcase>
    <testcase time="0.388999999999996" classname="lbt07" name="lbt07_can_handle_some_NA_values"/>
    <testcase time="0.404000000000011" classname="lbt07" name="lbt07_can_handle_some_NA_values">
      <skipped message="Reason: On CRAN ('test-lbt07.R:23:3')"/>
    </testcase>
    <testcase time="0.0619999999999976" classname="lbt07" name="lbt07_fails_on_incomlete_data"/>
  </testsuite>
  <testsuite name="lbt14" timestamp="2025-02-13T15:37:50Z" hostname="c822d76971c6" tests="16" skipped="10" failures="0" errors="0" time="7.134">
    <testcase time="0.653999999999996" classname="lbt14" name="lbt14_functions_with_default_argument_value_return_expected_result_with_test_data">
      <skipped message="Reason: On CRAN ('test-lbt14.R:11:3')"/>
    </testcase>
    <testcase time="0.504999999999995" classname="lbt14" name="lbt14_functions_with_default_argument_value_return_expected_result_with_test_data_when_direction_high">
      <skipped message="Reason: On CRAN ('test-lbt14.R:19:3')"/>
    </testcase>
    <testcase time="0.603999999999999" classname="lbt14" name="lbt14_functions_with_gr_missing_excl_return_expected_result_with_test_data">
      <skipped message="Reason: On CRAN ('test-lbt14.R:27:3')"/>
    </testcase>
    <testcase time="0.602000000000004" classname="lbt14" name="lbt14_functions_with_gr_missing_gr_0_return_expected_result_with_test_data">
      <skipped message="Reason: On CRAN ('test-lbt14.R:35:3')"/>
    </testcase>
    <testcase time="0.390000000000001" classname="lbt14" name="lbt14_can_handle_all_NA_values"/>
    <testcase time="0.125" classname="lbt14" name="lbt14_can_handle_all_NA_values">
      <skipped message="Reason: On CRAN ('test-lbt14.R:49:3')"/>
    </testcase>
    <testcase time="0.620999999999995" classname="lbt14" name="lbt14_can_handle_some_NA_values"/>
    <testcase time="0.293000000000006" classname="lbt14" name="lbt14_can_handle_some_NA_values">
      <skipped message="Reason: On CRAN ('test-lbt14.R:69:3')"/>
    </testcase>
    <testcase time="1.24000000000001" classname="lbt14" name="lbt14_can_accept_different_gr_missing">
      <skipped message="Reason: On CRAN ('test-lbt14.R:77:3')"/>
    </testcase>
    <testcase time="0.0309999999999775" classname="lbt14" name="lbt14_fails_on_incomlete_data"/>
    <testcase time="0.345000000000027" classname="lbt14" name="lbt14_can_handle_all_NA_values_with_direction_high"/>
    <testcase time="0.115999999999985" classname="lbt14" name="lbt14_can_handle_all_NA_values_with_direction_high">
      <skipped message="Reason: On CRAN ('test-lbt14.R:104:3')"/>
    </testcase>
    <testcase time="0.366000000000014" classname="lbt14" name="lbt14_can_handle_some_NA_values_with_direction_high"/>
    <testcase time="0.147999999999996" classname="lbt14" name="lbt14_can_handle_some_NA_values_with_direction_high">
      <skipped message="Reason: On CRAN ('test-lbt14.R:124:3')"/>
    </testcase>
    <testcase time="1.06699999999998" classname="lbt14" name="lbt14_can_accept_different_gr_missing_with_direction_high">
      <skipped message="Reason: On CRAN ('test-lbt14.R:133:3')"/>
    </testcase>
    <testcase time="0.0270000000000152" classname="lbt14" name="lbt14_fails_on_incomlete_data"/>
  </testsuite>
  <testsuite name="lbt15" timestamp="2025-02-13T15:37:57Z" hostname="c822d76971c6" tests="12" skipped="6" failures="0" errors="0" time="5.735">
    <testcase time="0.930999999999983" classname="lbt15" name="lbt15_functions_with_default_argument_value_return_expected_result_with_test_data">
      <skipped message="Reason: On CRAN ('test-lbt15.R:7:3')"/>
    </testcase>
    <testcase time="0.322000000000003" classname="lbt15" name="lbt15_can_handle_all_NA_values"/>
    <testcase time="0.619" classname="lbt15" name="lbt15_can_handle_all_NA_values">
      <skipped message="Reason: On CRAN ('test-lbt15.R:21:3')"/>
    </testcase>
    <testcase time="0.317000000000007" classname="lbt15" name="lbt15_can_handle_missing_levels"/>
    <testcase time="0.640999999999991" classname="lbt15" name="lbt15_can_handle_missing_levels">
      <skipped message="Reason: On CRAN ('test-lbt15.R:33:3')"/>
    </testcase>
    <testcase time="0.326000000000022" classname="lbt15" name="lbt15_can_handle_missing_levels_in_baseline"/>
    <testcase time="0.640999999999991" classname="lbt15" name="lbt15_can_handle_missing_levels_in_baseline">
      <skipped message="Reason: On CRAN ('test-lbt15.R:45:3')"/>
    </testcase>
    <testcase time="0.314999999999998" classname="lbt15" name="lbt15_can_handle_some_NA_values"/>
    <testcase time="0.632000000000005" classname="lbt15" name="lbt15_can_handle_some_NA_values">
      <skipped message="Reason: On CRAN ('test-lbt15.R:54:3')"/>
    </testcase>
    <testcase time="0.323000000000008" classname="lbt15" name="lbt15_can_handle_some_NA_values_in_baseline"/>
    <testcase time="0.641999999999996" classname="lbt15" name="lbt15_can_handle_some_NA_values_in_baseline">
      <skipped message="Reason: On CRAN ('test-lbt15.R:63:3')"/>
    </testcase>
    <testcase time="0.025999999999982" classname="lbt15" name="lbt15_fails_on_incomlete_data"/>
  </testsuite>
  <testsuite name="mht01" timestamp="2025-02-13T15:38:03Z" hostname="c822d76971c6" tests="4" skipped="4" failures="0" errors="0" time="3.213">
    <testcase time="0.64700000000002" classname="mht01" name="mht01_functions_with_default_argument_value_return_expected_result_with_test_data">
      <skipped message="Reason: On CRAN ('test-mht01.R:7:3')"/>
    </testcase>
    <testcase time="0.658999999999992" classname="mht01" name="mht01_works">
      <skipped message="Reason: On CRAN ('test-mht01.R:16:3')"/>
    </testcase>
    <testcase time="0.652999999999992" classname="mht01" name="mht01_works_on_NULL_in_lbl_mhbodsys_or_lbl_mhdecod">
      <skipped message="Reason: On CRAN ('test-mht01.R:23:3')"/>
    </testcase>
    <testcase time="1.25400000000002" classname="mht01" name="mht01_works_with_other_row_split_var">
      <skipped message="Reason: On CRAN ('test-mht01.R:30:3')"/>
    </testcase>
  </testsuite>
  <testsuite name="mng01" timestamp="2025-02-13T15:38:06Z" hostname="c822d76971c6" tests="19" skipped="8" failures="0" errors="0" time="8.875">
    <testcase time="0.968999999999994" classname="mng01" name="mng01_works_as_expected_with_default_argument_values"/>
    <testcase time="0.00100000000000477" classname="mng01" name="mng01_works_as_expected_with_default_argument_values">
      <skipped message="Reason: On CI ('test-mng01.R:9:5')"/>
    </testcase>
    <testcase time="0.951999999999998" classname="mng01" name="mng01_works_as_expected_with_custom_argument_values"/>
    <testcase time="0.0109999999999957" classname="mng01" name="mng01_works_as_expected_with_custom_argument_values"/>
    <testcase time="0.00100000000000477" classname="mng01" name="mng01_works_as_expected_with_custom_argument_values">
      <skipped message="Reason: On CI ('test-mng01.R:45:5')"/>
    </testcase>
    <testcase time="0.971000000000004" classname="mng01" name="mng01_works_as_expected_with_custom_color_set"/>
    <testcase time="0.963999999999999" classname="mng01" name="mng01_works_as_expected_with_custom_color_set"/>
    <testcase time="0.000999999999976353" classname="mng01" name="mng01_works_as_expected_with_custom_color_set">
      <skipped message="Reason: On CI ('test-mng01.R:69:5')"/>
    </testcase>
    <testcase time="0.998000000000019" classname="mng01" name="mng01_works_as_expected_with_custom_line_type_set"/>
    <testcase time="0.97999999999999" classname="mng01" name="mng01_works_as_expected_with_custom_line_type_set"/>
    <testcase time="0.00100000000000477" classname="mng01" name="mng01_works_as_expected_with_custom_line_type_set">
      <skipped message="Reason: On CI ('test-mng01.R:91:5')"/>
    </testcase>
    <testcase time="0.163000000000011" classname="mng01" name="mng01_works_with_table_NULL"/>
    <testcase time="0.000999999999976353" classname="mng01" name="mng01_works_with_table_NULL">
      <skipped message="Reason: On CI ('test-mng01.R:104:5')"/>
    </testcase>
    <testcase time="1.125" classname="mng01" name="mng01_works_with_combination_of_x_variables"/>
    <testcase time="0.00100000000000477" classname="mng01" name="mng01_works_with_combination_of_x_variables">
      <skipped message="Reason: On CI ('test-mng01.R:122:5')"/>
    </testcase>
    <testcase time="0.844999999999999" classname="mng01" name="mng01_works_with_numeric_x_variable"/>
    <testcase time="0.00100000000000477" classname="mng01" name="mng01_works_with_numeric_x_variable">
      <skipped message="Reason: On CI ('test-mng01.R:143:5')"/>
    </testcase>
    <testcase time="0.888000000000005" classname="mng01" name="mng01_works_with_numeric_jitter"/>
    <testcase time="0.00200000000000955" classname="mng01" name="mng01_works_with_numeric_jitter">
      <skipped message="Reason: On CI ('test-mng01.R:161:5')"/>
    </testcase>
  </testsuite>
  <testsuite name="pdt01" timestamp="2025-02-13T15:38:15Z" hostname="c822d76971c6" tests="5" skipped="3" failures="0" errors="0" time="1.101">
    <testcase time="0.407999999999987" classname="pdt01" name="pdt01_function_with_default_argument_value_return_expected_result_with_test_data">
      <skipped message="Reason: On CRAN ('test-pdt01.R:7:3')"/>
    </testcase>
    <testcase time="0.111999999999995" classname="pdt01" name="pdt01_can_handle_all_NA_values"/>
    <testcase time="0.134000000000015" classname="pdt01" name="pdt01_can_handle_all_NA_values">
      <skipped message="Reason: On CRAN ('test-pdt01.R:22:3')"/>
    </testcase>
    <testcase time="0.216999999999985" classname="pdt01" name="pdt01_can_handle_some_NA_values"/>
    <testcase time="0.230000000000018" classname="pdt01" name="pdt01_can_handle_some_NA_values">
      <skipped message="Reason: On CRAN ('test-pdt01.R:38:3')"/>
    </testcase>
  </testsuite>
  <testsuite name="pdt02" timestamp="2025-02-13T15:38:16Z" hostname="c822d76971c6" tests="5" skipped="3" failures="0" errors="0" time="0.903">
    <testcase time="0.300999999999988" classname="pdt02" name="pdt02_function_with_default_argument_value_return_expected_result_with_test_data">
      <skipped message="Reason: On CRAN ('test-pdt02.R:7:3')"/>
    </testcase>
    <testcase time="0.140999999999991" classname="pdt02" name="pdt02_can_handle_all_NA_values"/>
    <testcase time="0.161000000000001" classname="pdt02" name="pdt02_can_handle_all_NA_values">
      <skipped message="Reason: On CRAN ('test-pdt02.R:22:3')"/>
    </testcase>
    <testcase time="0.14100000000002" classname="pdt02" name="pdt02_can_handle_some_NA_values"/>
    <testcase time="0.158999999999992" classname="pdt02" name="pdt02_can_handle_some_NA_values">
      <skipped message="Reason: On CRAN ('test-pdt02.R:38:3')"/>
    </testcase>
  </testsuite>
  <testsuite name="reexports" timestamp="2025-02-13T15:38:17Z" hostname="c822d76971c6" tests="2" skipped="0" failures="0" errors="0" time="0.024">
    <testcase time="0.0180000000000007" classname="reexports" name="with_label_exported_correctly"/>
    <testcase time="0.00600000000000023" classname="reexports" name="reformat_exported_correctly"/>
  </testsuite>
  <testsuite name="report_null" timestamp="2025-02-13T15:38:17Z" hostname="c822d76971c6" tests="12" skipped="0" failures="0" errors="0" time="0.161">
    <testcase time="0.0159999999999911" classname="report_null" name="report_null_works_as_expected_with_NULL_"/>
    <testcase time="0.0100000000000193" classname="report_null" name="report_null_works_as_expected_with_NULL_"/>
    <testcase time="0.0309999999999775" classname="report_null" name="report_null_works_as_expected_with_VTableTree_"/>
    <testcase time="0.021000000000015" classname="report_null" name="report_null_works_as_expected_with_VTableTree_"/>
    <testcase time="0.00999999999999091" classname="report_null" name="report_null_works_as_expected_with_VTableTree_"/>
    <testcase time="0.00900000000001455" classname="report_null" name="report_null_works_as_expected_with_listing_df_"/>
    <testcase time="0.00999999999999091" classname="report_null" name="report_null_works_as_expected_with_listing_df_"/>
    <testcase time="0.0109999999999957" classname="report_null" name="report_null_works_as_expected_with_listing_df_"/>
    <testcase time="0.0150000000000148" classname="report_null" name="report_null_works_as_expected_with_list_"/>
    <testcase time="0.0199999999999818" classname="report_null" name="report_null_works_as_expected_with_list_"/>
    <testcase time="0.00499999999999545" classname="report_null" name="report_null_works_as_expected_with_by_default"/>
    <testcase time="0.00300000000001432" classname="report_null" name="report_null_works_as_expected_with_by_default"/>
  </testsuite>
  <testsuite name="rmpt01" timestamp="2025-02-13T15:38:17Z" hostname="c822d76971c6" tests="7" skipped="3" failures="0" errors="0" time="0.636">
    <testcase time="0.180999999999983" classname="rmpt01" name="rmpt01_function_with_default_argument_value_return_expected_result_with_test_data">
      <skipped message="Reason: On CRAN ('test-rmpt01.R:7:3')"/>
    </testcase>
    <testcase time="0.0700000000000216" classname="rmpt01" name="rmpt01_can_handle_NA_values"/>
    <testcase time="0.120999999999981" classname="rmpt01" name="rmpt01_can_handle_NA_values">
      <skipped message="Reason: On CRAN ('test-rmpt01.R:18:3')"/>
    </testcase>
    <testcase time="0.078000000000003" classname="rmpt01" name="rmpt01_can_handle_some_NA_values"/>
    <testcase time="0.110000000000014" classname="rmpt01" name="rmpt01_can_handle_some_NA_values">
      <skipped message="Reason: On CRAN ('test-rmpt01.R:33:3')"/>
    </testcase>
    <testcase time="0.0490000000000066" classname="rmpt01" name="rmpt01_fails_on_incomlete_data"/>
    <testcase time="0.0269999999999868" classname="rmpt01" name="rmpt01_fails_on_incomlete_data"/>
  </testsuite>
  <testsuite name="rmpt03" timestamp="2025-02-13T15:38:18Z" hostname="c822d76971c6" tests="8" skipped="3" failures="0" errors="0" time="1.062">
    <testcase time="0.316000000000003" classname="rmpt03" name="rmpt03_function_with_default_argument_value_return_expected_result_with_test_data">
      <skipped message="Reason: On CRAN ('test-rmpt03.R:10:3')"/>
    </testcase>
    <testcase time="0.12700000000001" classname="rmpt03" name="rmpt03_can_handle_NA_values"/>
    <testcase time="0.197000000000003" classname="rmpt03" name="rmpt03_can_handle_NA_values">
      <skipped message="Reason: On CRAN ('test-rmpt03.R:23:3')"/>
    </testcase>
    <testcase time="0.129999999999995" classname="rmpt03" name="rmpt03_can_handle_some_NA_values"/>
    <testcase time="0.203999999999979" classname="rmpt03" name="rmpt03_can_handle_some_NA_values">
      <skipped message="Reason: On CRAN ('test-rmpt03.R:40:3')"/>
    </testcase>
    <testcase time="0.0440000000000111" classname="rmpt03" name="rmpt03_fails_on_incomlete_data"/>
    <testcase time="0.0269999999999868" classname="rmpt03" name="rmpt03_fails_on_incomlete_data"/>
    <testcase time="0.0170000000000243" classname="rmpt03" name="rmpt03_fails_on_incomlete_data"/>
  </testsuite>
  <testsuite name="rmpt04" timestamp="2025-02-13T15:38:19Z" hostname="c822d76971c6" tests="6" skipped="3" failures="0" errors="0" time="0.614">
    <testcase time="0.175999999999988" classname="rmpt04" name="rmpt04_function_with_default_argument_value_return_expected_result_with_test_data">
      <skipped message="Reason: On CRAN ('test-rmpt04.R:7:3')"/>
    </testcase>
    <testcase time="0.0759999999999934" classname="rmpt04" name="rmpt04_can_handle_NA_values"/>
    <testcase time="0.111000000000018" classname="rmpt04" name="rmpt04_can_handle_NA_values">
      <skipped message="Reason: On CRAN ('test-rmpt04.R:18:3')"/>
    </testcase>
    <testcase time="0.0689999999999884" classname="rmpt04" name="rmpt04_can_handle_some_NA_values"/>
    <testcase time="0.113" classname="rmpt04" name="rmpt04_can_handle_some_NA_values">
      <skipped message="Reason: On CRAN ('test-rmpt04.R:36:3')"/>
    </testcase>
    <testcase time="0.0689999999999884" classname="rmpt04" name="rmpt04_fails_on_incomlete_data"/>
  </testsuite>
  <testsuite name="rmpt05" timestamp="2025-02-13T15:38:20Z" hostname="c822d76971c6" tests="6" skipped="3" failures="0" errors="0" time="0.644">
    <testcase time="0.185000000000002" classname="rmpt05" name="rmpt05_function_with_default_argument_value_return_expected_result_with_test_data">
      <skipped message="Reason: On CRAN ('test-rmpt05.R:7:3')"/>
    </testcase>
    <testcase time="0.0790000000000077" classname="rmpt05" name="rmpt05_can_handle_NA_values"/>
    <testcase time="0.121000000000009" classname="rmpt05" name="rmpt05_can_handle_NA_values">
      <skipped message="Reason: On CRAN ('test-rmpt05.R:18:3')"/>
    </testcase>
    <testcase time="0.0699999999999932" classname="rmpt05" name="rmpt05_can_handle_some_NA_values"/>
    <testcase time="0.121000000000009" classname="rmpt05" name="rmpt05_can_handle_some_NA_values">
      <skipped message="Reason: On CRAN ('test-rmpt05.R:36:3')"/>
    </testcase>
    <testcase time="0.0679999999999836" classname="rmpt05" name="rmpt05_fails_on_incomlete_data"/>
  </testsuite>
  <testsuite name="rmpt06" timestamp="2025-02-13T15:38:20Z" hostname="c822d76971c6" tests="4" skipped="3" failures="0" errors="0" time="1.663">
    <testcase time="0.551000000000016" classname="rmpt06" name="rmpt06_works_as_expected">
      <skipped message="Reason: On CRAN ('test-rmpt06.R:8:3')"/>
    </testcase>
    <testcase time="0.591999999999985" classname="rmpt06" name="rmpt06_works_as_expected_with_show_diff_TRUE">
      <skipped message="Reason: On CRAN ('test-rmpt06.R:17:3')"/>
    </testcase>
    <testcase time="0.244" classname="rmpt06" name="rmpt06_can_handle_all_NA_values"/>
    <testcase time="0.27600000000001" classname="rmpt06" name="rmpt06_can_handle_all_NA_values">
      <skipped message="Reason: On CRAN ('test-rmpt06.R:31:3')"/>
    </testcase>
  </testsuite>
  <testsuite name="rspt01" timestamp="2025-02-13T15:38:22Z" hostname="c822d76971c6" tests="15" skipped="7" failures="0" errors="0" time="3.827">
    <testcase time="0.0250000000000057" classname="rspt01" name="rspt01_works_as_expected"/>
    <testcase time="0.319999999999993" classname="rspt01" name="rspt01_works_as_expected"/>
    <testcase time="0.246000000000009" classname="rspt01" name="rspt01_works_as_expected">
      <skipped message="Reason: On CRAN ('test-rspt01.R:5:3')"/>
    </testcase>
    <testcase time="0.319999999999993" classname="rspt01" name="rspt01_works_as_expected_for_stratified_and_unstratified_analysis"/>
    <testcase time="0.272999999999996" classname="rspt01" name="rspt01_works_as_expected_for_stratified_and_unstratified_analysis">
      <skipped message="Reason: On CRAN ('test-rspt01.R:18:3')"/>
    </testcase>
    <testcase time="0.269000000000005" classname="rspt01" name="rspt01_works_as_expected_for_unstratified_analysis_only"/>
    <testcase time="0.227000000000004" classname="rspt01" name="rspt01_works_as_expected_for_unstratified_analysis_only">
      <skipped message="Reason: On CRAN ('test-rspt01.R:38:3')"/>
    </testcase>
    <testcase time="0.272999999999996" classname="rspt01" name="rspt01_works_as_expected_for_stratified_analysis_only"/>
    <testcase time="0.236999999999995" classname="rspt01" name="rspt01_works_as_expected_for_stratified_analysis_only">
      <skipped message="Reason: On CRAN ('test-rspt01.R:58:3')"/>
    </testcase>
    <testcase time="0.293000000000006" classname="rspt01" name="rspt01_works_if_change_reference_group"/>
    <testcase time="0.246999999999986" classname="rspt01" name="rspt01_works_if_change_reference_group">
      <skipped message="Reason: On CRAN ('test-rspt01.R:78:3')"/>
    </testcase>
    <testcase time="0.296999999999997" classname="rspt01" name="rspt01_works_if_change_statistic_methods"/>
    <testcase time="0.256" classname="rspt01" name="rspt01_works_if_change_statistic_methods">
      <skipped message="Reason: On CRAN ('test-rspt01.R:102:3')"/>
    </testcase>
    <testcase time="0.300000000000011" classname="rspt01" name="rspt01_works_if_change_confidence_interval"/>
    <testcase time="0.244" classname="rspt01" name="rspt01_works_if_change_confidence_interval">
      <skipped message="Reason: On CRAN ('test-rspt01.R:129:3')"/>
    </testcase>
  </testsuite>
  <testsuite name="ttet01" timestamp="2025-02-13T15:38:26Z" hostname="c822d76971c6" tests="10" skipped="4" failures="0" errors="0" time="3.103">
    <testcase time="0.0349999999999966" classname="ttet01" name="ttet01_works_as_expected"/>
    <testcase time="0.437000000000012" classname="ttet01" name="ttet01_works_as_expected"/>
    <testcase time="0.486999999999995" classname="ttet01" name="ttet01_works_as_expected">
      <skipped message="Reason: On CRAN ('test-ttet01.R:10:3')"/>
    </testcase>
    <testcase time="0.0289999999999964" classname="ttet01" name="ttet01_returns_an_error_when_one_level_or_arm_var_is_empty"/>
    <testcase time="0.352000000000004" classname="ttet01" name="ttet01_works_as_expected_for_stratified_and_unstratified_analysis"/>
    <testcase time="0.335999999999984" classname="ttet01" name="ttet01_works_as_expected_for_stratified_and_unstratified_analysis">
      <skipped message="Reason: On CRAN ('test-ttet01.R:35:3')"/>
    </testcase>
    <testcase time="0.366000000000014" classname="ttet01" name="ttet01_works_as_expected_for_stratified_analysis_only"/>
    <testcase time="0.341000000000008" classname="ttet01" name="ttet01_works_as_expected_for_stratified_analysis_only">
      <skipped message="Reason: On CRAN ('test-ttet01.R:58:3')"/>
    </testcase>
    <testcase time="0.36099999999999" classname="ttet01" name="ttet01_works_if_change_reference_group"/>
    <testcase time="0.359000000000009" classname="ttet01" name="ttet01_works_if_change_reference_group">
      <skipped message="Reason: On CRAN ('test-ttet01.R:81:3')"/>
    </testcase>
  </testsuite>
  <testsuite name="unwrap" timestamp="2025-02-13T15:38:29Z" hostname="c822d76971c6" tests="10" skipped="4" failures="0" errors="0" time="0.145">
    <testcase time="0.0219999999999914" classname="unwrap" name="unwrap_layout_works_as_expected_with_standard_chevron_t_main_function"/>
    <testcase time="0.00200000000000955" classname="unwrap" name="unwrap_layout_works_as_expected_with_standard_chevron_t_main_function"/>
    <testcase time="0.000999999999976353" classname="unwrap" name="unwrap_layout_works_as_expected_with_standard_chevron_t_main_function"/>
    <testcase time="0.00900000000001455" classname="unwrap" name="unwrap_layout_works_as_expected_with_standard_chevron_t_main_function">
      <skipped message="Reason: On CRAN ('test-unwrap.R:8:3')"/>
    </testcase>
    <testcase time="0.0209999999999866" classname="unwrap" name="unwrap_layout_works_as_expected_with_standard_chevron_g_main_function"/>
    <testcase time="0.007000000000005" classname="unwrap" name="unwrap_layout_works_as_expected_with_standard_chevron_l_main_function"/>
    <testcase time="0.007000000000005" classname="unwrap" name="unwrap_layout_works_as_expected_with_a_custom_function_without_layout_function"/>
    <testcase time="0.01400000000001" classname="unwrap" name="unwrap_layout_works_as_expected_with_a_custom_function_with_layout_function">
      <skipped message="Reason: On CRAN ('test-unwrap.R:60:3')"/>
    </testcase>
    <testcase time="0.0309999999999775" classname="unwrap" name="unwrap_layout_works_as_expected_with_multiple_layout_function">
      <skipped message="Reason: On CRAN ('test-unwrap.R:101:3')"/>
    </testcase>
    <testcase time="0.0310000000000059" classname="unwrap" name="unwrap_layout_works_as_expected_on_custom_function_with_overwritten_layout_function">
      <skipped message="Reason: On CRAN ('test-unwrap.R:125:3')"/>
    </testcase>
  </testsuite>
  <testsuite name="utils" timestamp="2025-02-13T15:38:29Z" hostname="c822d76971c6" tests="20" skipped="1" failures="0" errors="0" time="0.155">
    <testcase time="0.0180000000000007" classname="utils" name="h_format_dec_works_as_exected"/>
    <testcase time="0.00300000000001432" classname="utils" name="h_format_dec_works_as_exected"/>
    <testcase time="0.00199999999998113" classname="utils" name="h_format_dec_works_as_exected"/>
    <testcase time="0.00200000000000955" classname="utils" name="h_format_dec_works_as_exected"/>
    <testcase time="0.00200000000000955" classname="utils" name="h_format_dec_works_as_exected"/>
    <testcase time="0.0029999999999859" classname="utils" name="h_format_dec_works_as_exected"/>
    <testcase time="0.00100000000000477" classname="utils" name="h_format_dec_works_as_exected"/>
    <testcase time="0.00300000000001432" classname="utils" name="h_format_dec_works_as_exected"/>
    <testcase time="0.000999999999976353" classname="utils" name="h_format_dec_works_as_exected"/>
    <testcase time="0.00200000000000955" classname="utils" name="h_format_dec_works_as_exected"/>
    <testcase time="0.00200000000000955" classname="utils" name="h_format_dec_works_as_exected"/>
    <testcase time="0.00199999999998113" classname="utils" name="h_format_dec_works_as_exected"/>
    <testcase time="0.007000000000005" classname="utils" name="h_format_dec_works_as_expected_with_more_than_one_value"/>
    <testcase time="0.00200000000000955" classname="utils" name="h_format_dec_works_as_expected_with_more_than_one_value"/>
    <testcase time="0.00600000000000023" classname="utils" name="h_format_dec_works_as_expected_with_NA_digits"/>
    <testcase time="0.00600000000000023" classname="utils" name="fuse_sequentially_works"/>
    <testcase time="0.0029999999999859" classname="utils" name="fuse_sequentially_works"/>
    <testcase time="0.0120000000000005" classname="utils" name="ifneeded_split_row_works_as_expected"/>
    <testcase time="0.00600000000000023" classname="utils" name="ifneeded_split_row_works_as_expected"/>
    <testcase time="0.0720000000000027" classname="utils" name="_unnamed_">
      <skipped message="Reason: On CRAN ('test-utils.R:76:1')"/>
    </testcase>
  </testsuite>
  <testsuite name="vst01" timestamp="2025-02-13T15:38:29Z" hostname="c822d76971c6" tests="3" skipped="2" failures="0" errors="0" time="4.956">
    <testcase time="2.72300000000001" classname="vst01" name="vst01_functions_with_default_argument_value_return_expected_result_with_test_data">
      <skipped message="Reason: On CRAN ('test-vst01.R:11:3')"/>
    </testcase>
    <testcase time="0.753999999999991" classname="vst01" name="run_vst01_works_as_expected"/>
    <testcase time="1.47899999999998" classname="vst01" name="run_vst01_works_as_expected">
      <skipped message="Reason: On CRAN ('test-vst01.R:23:3')"/>
    </testcase>
  </testsuite>
  <testsuite name="vst02" timestamp="2025-02-13T15:38:34Z" hostname="c822d76971c6" tests="2" skipped="2" failures="0" errors="0" time="0.916">
    <testcase time="0.461000000000013" classname="vst02" name="vst02_functions_with_default_argument_value_return_expected_result_with_test_data">
      <skipped message="Reason: On CRAN ('test-vst02.R:7:3')"/>
    </testcase>
    <testcase time="0.455000000000013" classname="vst02" name="vst02_functions_return_expected_result_with_test_data_when_excluding_subject_with_baseline_abnormality">
      <skipped message="Reason: On CRAN ('test-vst02.R:15:3')"/>
    </testcase>
  </testsuite>
</testsuites>
