<?xml version="1.0" encoding="UTF-8"?>
<testsuites>
  <testsuite name="ael01_nollt" timestamp="2025-02-18T02:55:43Z" hostname="747b29387ec7" tests="14" skipped="0" failures="0" errors="0" time="1.181">
    <testcase time="0.0620000000000001" classname="ael01_nollt" name="ael01_nollt_works_with_admh_dataset"/>
    <testcase time="0.267" classname="ael01_nollt" name="ael01_nollt_works_with_admh_dataset"/>
    <testcase time="0.0289999999999999" classname="ael01_nollt" name="ael01_nollt_works_with_non_default_label"/>
    <testcase time="0.214" classname="ael01_nollt" name="ael01_nollt_works_with_non_default_label"/>
    <testcase time="0.0330000000000004" classname="ael01_nollt" name="ael01_nollt_can_handle_all_missing_values"/>
    <testcase time="0.0789999999999997" classname="ael01_nollt" name="ael01_nollt_can_handle_all_missing_values"/>
    <testcase time="0.0289999999999999" classname="ael01_nollt" name="ael01_nollt_can_handle_some_missing_values"/>
    <testcase time="0.132" classname="ael01_nollt" name="ael01_nollt_can_handle_some_missing_values"/>
    <testcase time="0.024" classname="ael01_nollt" name="ael01_nollt_listing_can_be_split_by_an_additional_variable"/>
    <testcase time="0.00099999999999989" classname="ael01_nollt" name="ael01_nollt_listing_can_be_split_by_an_additional_variable"/>
    <testcase time="0.169" classname="ael01_nollt" name="ael01_nollt_listing_can_be_split_by_an_additional_variable"/>
    <testcase time="0.024" classname="ael01_nollt" name="split_ael01_nollt_listing_do_not_display_missing_values"/>
    <testcase time="0.00100000000000033" classname="ael01_nollt" name="split_ael01_nollt_listing_do_not_display_missing_values"/>
    <testcase time="0.117" classname="ael01_nollt" name="split_ael01_nollt_listing_do_not_display_missing_values"/>
  </testsuite>
  <testsuite name="ael02" timestamp="2025-02-18T02:55:44Z" hostname="747b29387ec7" tests="9" skipped="0" failures="0" errors="0" time="2.674">
    <testcase time="0.0579999999999998" classname="ael02" name="ael02_works_with_adae_dataset"/>
    <testcase time="0.00099999999999989" classname="ael02" name="ael02_works_with_adae_dataset"/>
    <testcase time="0.834" classname="ael02" name="ael02_works_with_adae_dataset"/>
    <testcase time="0.04" classname="ael02" name="ael02_can_handle_all_missing_values"/>
    <testcase time="0.00099999999999989" classname="ael02" name="ael02_can_handle_all_missing_values"/>
    <testcase time="0.871" classname="ael02" name="ael02_can_handle_all_missing_values"/>
    <testcase time="0.0389999999999997" classname="ael02" name="ael02_functions_work_as_expected"/>
    <testcase time="0.00200000000000067" classname="ael02" name="ael02_functions_work_as_expected"/>
    <testcase time="0.827999999999999" classname="ael02" name="ael02_functions_work_as_expected"/>
  </testsuite>
  <testsuite name="ael03" timestamp="2025-02-18T02:55:47Z" hostname="747b29387ec7" tests="9" skipped="0" failures="0" errors="0" time="2.734">
    <testcase time="0.0590000000000002" classname="ael03" name="ael03_works_with_adae_dataset"/>
    <testcase time="0.00100000000000033" classname="ael03" name="ael03_works_with_adae_dataset"/>
    <testcase time="0.857" classname="ael03" name="ael03_works_with_adae_dataset"/>
    <testcase time="0.0429999999999993" classname="ael03" name="ael03_can_handle_all_missing_values"/>
    <testcase time="0.00100000000000033" classname="ael03" name="ael03_can_handle_all_missing_values"/>
    <testcase time="0.888" classname="ael03" name="ael03_can_handle_all_missing_values"/>
    <testcase time="0.0470000000000006" classname="ael03" name="ael03_functions_work_as_expected"/>
    <testcase time="0.000999999999999446" classname="ael03" name="ael03_functions_work_as_expected"/>
    <testcase time="0.837" classname="ael03" name="ael03_functions_work_as_expected"/>
  </testsuite>
  <testsuite name="aet01" timestamp="2025-02-18T02:55:50Z" hostname="747b29387ec7" tests="13" skipped="0" failures="0" errors="0" time="3.261">
    <testcase time="0.391" classname="aet01" name="aet01_can_handle_all_NA_values"/>
    <testcase time="0.272" classname="aet01" name="aet01_can_handle_all_NA_values"/>
    <testcase time="0.276" classname="aet01" name="aet01_can_handle_all_NA_values"/>
    <testcase time="0.218" classname="aet01" name="aet01_can_handle_all_NA_values"/>
    <testcase time="0.259" classname="aet01" name="aet01_can_handle_some_NA_values"/>
    <testcase time="0.276999999999999" classname="aet01" name="aet01_can_handle_some_NA_values"/>
    <testcase time="0.202000000000002" classname="aet01" name="aet01_can_use_custom_anl_vars"/>
    <testcase time="0.337" classname="aet01" name="aet01_can_use_custom_anl_vars"/>
    <testcase time="0.0579999999999998" classname="aet01" name="aet01_fails_on_incomplete_data_input"/>
    <testcase time="0.279" classname="aet01" name="aet01_can_use_custom_medconcept_var"/>
    <testcase time="0.278" classname="aet01" name="aet01_can_use_custom_medconcept_var"/>
    <testcase time="0.181999999999999" classname="aet01" name="aet01_can_conditionally_show_the_number_of_withdrawal"/>
    <testcase time="0.232000000000001" classname="aet01" name="aet01_can_conditionally_show_the_number_of_withdrawal"/>
  </testsuite>
  <testsuite name="aet01_aesi" timestamp="2025-02-18T02:55:53Z" hostname="747b29387ec7" tests="9" skipped="0" failures="0" errors="0" time="1.961">
    <testcase time="0.203999999999999" classname="aet01_aesi" name="aet01_aesi_can_handle_all_NA_values"/>
    <testcase time="0.249000000000001" classname="aet01_aesi" name="aet01_aesi_can_handle_all_NA_values"/>
    <testcase time="0.181000000000001" classname="aet01_aesi" name="aet01_aesi_can_handle_all_NA_values"/>
    <testcase time="0.209" classname="aet01_aesi" name="aet01_aesi_can_handle_all_NA_values"/>
    <testcase time="0.183999999999999" classname="aet01_aesi" name="aet01_aesi_can_handle_some_NA_values"/>
    <testcase time="0.25" classname="aet01_aesi" name="aet01_aesi_can_handle_some_NA_values"/>
    <testcase time="0.255000000000001" classname="aet01_aesi" name="aet01_aesi_works_with_ALL_argument"/>
    <testcase time="0.373999999999999" classname="aet01_aesi" name="aet01_aesi_works_with_ALL_argument"/>
    <testcase time="0.0550000000000015" classname="aet01_aesi" name="aet01_aesi_check_fails_on_incomplete_data_input"/>
  </testsuite>
  <testsuite name="aet02" timestamp="2025-02-18T02:55:55Z" hostname="747b29387ec7" tests="4" skipped="0" failures="0" errors="0" time="2.38">
    <testcase time="0.052999999999999" classname="aet02" name="aet02_fails_on_incomplete_data_input"/>
    <testcase time="0.118" classname="aet02" name="aet02_handle_empty_data_input"/>
    <testcase time="1.467" classname="aet02" name="aet02_can_have_different_levels_of_row_split"/>
    <testcase time="0.741999999999999" classname="aet02" name="aet02_can_have_different_levels_of_row_split"/>
  </testsuite>
  <testsuite name="aet03" timestamp="2025-02-18T02:55:57Z" hostname="747b29387ec7" tests="4" skipped="0" failures="0" errors="0" time="2.489">
    <testcase time="0.263999999999999" classname="aet03" name="aet03_can_handle_NA_values"/>
    <testcase time="0.252000000000002" classname="aet03" name="aet03_can_handle_NA_values"/>
    <testcase time="1.261" classname="aet03" name="aet03_can_handle_some_NA_values"/>
    <testcase time="0.712" classname="aet03" name="aet03_can_handle_some_NA_values"/>
  </testsuite>
  <testsuite name="aet04" timestamp="2025-02-18T02:56:00Z" hostname="747b29387ec7" tests="12" skipped="0" failures="0" errors="0" time="11.13">
    <testcase time="0.410999999999998" classname="aet04" name="aet04_can_handle_NA_values"/>
    <testcase time="0.406000000000002" classname="aet04" name="aet04_can_handle_NA_values"/>
    <testcase time="0.405999999999999" classname="aet04" name="aet04_can_handle_NA_values"/>
    <testcase time="0.00300000000000011" classname="aet04" name="aet04_can_handle_NA_values"/>
    <testcase time="0.401" classname="aet04" name="aet04_can_handle_NA_values"/>
    <testcase time="0.401" classname="aet04" name="aet04_can_handle_NA_values"/>
    <testcase time="2.24" classname="aet04" name="aet04_can_handle_some_NA_values"/>
    <testcase time="1.112" classname="aet04" name="aet04_can_handle_some_NA_values"/>
    <testcase time="2.261" classname="aet04" name="aet04_can_handle_some_NA_values"/>
    <testcase time="0.00600000000000023" classname="aet04" name="aet04_can_handle_some_NA_values"/>
    <testcase time="2.284" classname="aet04" name="aet04_can_handle_some_NA_values"/>
    <testcase time="1.199" classname="aet04" name="aet04_can_handle_some_NA_values"/>
  </testsuite>
  <testsuite name="aet05" timestamp="2025-02-18T02:56:11Z" hostname="747b29387ec7" tests="6" skipped="0" failures="0" errors="0" time="1.22">
    <testcase time="0.146000000000001" classname="aet05" name="aet05_can_handle_NA_values"/>
    <testcase time="0.253" classname="aet05" name="aet05_can_handle_NA_values"/>
    <testcase time="0.132000000000001" classname="aet05" name="aet05_can_handle_some_NA_values"/>
    <testcase time="0.282999999999998" classname="aet05" name="aet05_can_handle_some_NA_values"/>
    <testcase time="0.135000000000002" classname="aet05" name="aet05_can_handle_some_NA_values"/>
    <testcase time="0.271000000000001" classname="aet05" name="aet05_can_handle_some_NA_values"/>
  </testsuite>
  <testsuite name="aet05_all" timestamp="2025-02-18T02:56:12Z" hostname="747b29387ec7" tests="6" skipped="0" failures="0" errors="0" time="1.237">
    <testcase time="0.151" classname="aet05_all" name="aet05_all_can_handle_NA_values"/>
    <testcase time="0.245999999999999" classname="aet05_all" name="aet05_all_can_handle_NA_values"/>
    <testcase time="0.148" classname="aet05_all" name="aet05_all_can_handle_some_NA_values"/>
    <testcase time="0.279" classname="aet05_all" name="aet05_all_can_handle_some_NA_values"/>
    <testcase time="0.131" classname="aet05_all" name="aet05_all_can_handle_some_NA_values"/>
    <testcase time="0.282" classname="aet05_all" name="aet05_all_can_handle_some_NA_values"/>
  </testsuite>
  <testsuite name="aet10" timestamp="2025-02-18T02:56:14Z" hostname="747b29387ec7" tests="4" skipped="0" failures="0" errors="0" time="0.531">
    <testcase time="0.070999999999998" classname="aet10" name="aet10_can_handle_NA_values"/>
    <testcase time="0.129000000000005" classname="aet10" name="aet10_can_handle_NA_values"/>
    <testcase time="0.101999999999997" classname="aet10" name="aet10_can_handle_some_NA_values"/>
    <testcase time="0.228999999999999" classname="aet10" name="aet10_can_handle_some_NA_values"/>
  </testsuite>
  <testsuite name="assertions" timestamp="2025-02-18T02:56:14Z" hostname="747b29387ec7" tests="33" skipped="0" failures="0" errors="0" time="0.147">
    <testcase time="0.00800000000000267" classname="assertions" name="assert_valid_var.character_works_as_expected"/>
    <testcase time="0.00499999999999545" classname="assertions" name="assert_valid_var.character_works_as_expected"/>
    <testcase time="0.00500000000000256" classname="assertions" name="assert_valid_var.character_works_as_expected"/>
    <testcase time="0.00399999999999778" classname="assertions" name="assert_valid_var.character_works_as_expected"/>
    <testcase time="0.00200000000000244" classname="assertions" name="assert_valid_var.character_works_as_expected"/>
    <testcase time="0.00399999999999778" classname="assertions" name="assert_valid_var.factor_works_as_expected"/>
    <testcase time="0.00500000000000256" classname="assertions" name="assert_valid_var.factor_works_as_expected"/>
    <testcase time="0.00399999999999778" classname="assertions" name="assert_valid_var.factor_works_as_expected"/>
    <testcase time="0.00500000000000256" classname="assertions" name="assert_valid_var.factor_works_as_expected"/>
    <testcase time="0.000999999999997669" classname="assertions" name="assert_valid_var.factor_works_as_expected"/>
    <testcase time="0.00500000000000256" classname="assertions" name="assert_valid_var.logical_works_as_expected"/>
    <testcase time="0.00500000000000256" classname="assertions" name="assert_valid_var.logical_works_as_expected"/>
    <testcase time="0.00399999999999778" classname="assertions" name="assert_valid_var.logical_works_as_expected"/>
    <testcase time="0.00200000000000244" classname="assertions" name="assert_valid_var.logical_works_as_expected"/>
    <testcase time="0.00399999999999778" classname="assertions" name="assert_valid_var.numeric_works_as_expected"/>
    <testcase time="0.00499999999999545" classname="assertions" name="assert_valid_var.numeric_works_as_expected"/>
    <testcase time="0.00500000000000256" classname="assertions" name="assert_valid_var.numeric_works_as_expected"/>
    <testcase time="0.000999999999997669" classname="assertions" name="assert_valid_var.numeric_works_as_expected"/>
    <testcase time="0.00500000000000256" classname="assertions" name="assert_valid_var.numeric_works_as_expected"/>
    <testcase time="0.000999999999997669" classname="assertions" name="assert_valid_var.numeric_works_as_expected"/>
    <testcase time="0.00900000000000034" classname="assertions" name="assert_valid_var.POSIXct_works_as_expected"/>
    <testcase time="0.00900000000000034" classname="assertions" name="assert_valid_var.POSIXct_works_as_expected"/>
    <testcase time="0.00500000000000256" classname="assertions" name="assert_valid_variable_works_as_expected"/>
    <testcase time="0.00200000000000244" classname="assertions" name="assert_valid_variable_works_as_expected"/>
    <testcase time="0.00600000000000023" classname="assertions" name="assert_valid_variable_works_as_expected"/>
    <testcase time="0.00199999999999534" classname="assertions" name="assert_valid_variable_works_as_expected"/>
    <testcase time="0.00600000000000023" classname="assertions" name="assert_valid_variable_works_as_expected"/>
    <testcase time="0.00200000000000244" classname="assertions" name="assert_valid_variable_works_as_expected"/>
    <testcase time="0.00500000000000256" classname="assertions" name="assert_valid_var_pair_works_as_expected_with_character"/>
    <testcase time="0.00599999999999312" classname="assertions" name="assert_valid_var_pair_works_as_expected_with_character"/>
    <testcase time="0.00500000000000256" classname="assertions" name="assert_valid_var_pair_works_as_expected_with_factor"/>
    <testcase time="0.00500000000000256" classname="assertions" name="assert_valid_var_pair_works_as_expected_with_factor"/>
    <testcase time="0.00499999999999545" classname="assertions" name="assert_valid_var_pair_works_as_expected_with_factor"/>
  </testsuite>
  <testsuite name="cfbt01" timestamp="2025-02-18T02:56:14Z" hostname="747b29387ec7" tests="3" skipped="0" failures="0" errors="0" time="8.719">
    <testcase time="6.495" classname="cfbt01" name="cfbt01_functions_with_default_argument_value_return_expected_result_with_test_data"/>
    <testcase time="0.731000000000002" classname="cfbt01" name="cfbt01_can_handle_n_0_and_outputs_NE_instead_of_infs_and_NAs"/>
    <testcase time="1.49299999999999" classname="cfbt01" name="cfbt01_can_handle_n_0_and_outputs_NE_instead_of_infs_and_NAs"/>
  </testsuite>
  <testsuite name="checks" timestamp="2025-02-18T02:56:23Z" hostname="747b29387ec7" tests="8" skipped="0" failures="0" errors="0" time="0.027">
    <testcase time="0.00900000000000034" classname="checks" name="check_all_colnames_works_as_expected"/>
    <testcase time="0.00300000000000011" classname="checks" name="check_all_colnames_works_as_expected"/>
    <testcase time="0.00100000000000477" classname="checks" name="check_all_colnames_works_as_expected"/>
    <testcase time="0.00300000000000011" classname="checks" name="check_all_colnames_works_as_expected"/>
    <testcase time="0.00499999999999545" classname="checks" name="check_one_colnames_works_as_expected"/>
    <testcase time="0.00200000000000244" classname="checks" name="check_one_colnames_works_as_expected"/>
    <testcase time="0.00199999999999534" classname="checks" name="check_one_colnames_works_as_expected"/>
    <testcase time="0.00200000000000244" classname="checks" name="check_one_colnames_works_as_expected"/>
  </testsuite>
  <testsuite name="chevron_tlg-class" timestamp="2025-02-18T02:56:23Z" hostname="747b29387ec7" tests="27" skipped="0" failures="0" errors="0" time="0.086">
    <testcase time="0.00800000000000267" classname="chevron_tlg_class" name="chevron_t_object_can_be_constructed_with_default_values"/>
    <testcase time="0.00300000000000011" classname="chevron_tlg_class" name="chevron_t_object_can_be_constructed_with_default_values"/>
    <testcase time="0.00499999999999545" classname="chevron_tlg_class" name="chevron_t_object_can_be_constructed_with_custom_values"/>
    <testcase time="0.00300000000000011" classname="chevron_tlg_class" name="chevron_t_object_can_be_constructed_with_custom_values"/>
    <testcase time="0.00200000000000244" classname="chevron_tlg_class" name="chevron_t_object_can_be_constructed_with_custom_values"/>
    <testcase time="0.00300000000000011" classname="chevron_tlg_class" name="chevron_t_object_can_be_constructed_with_custom_values"/>
    <testcase time="0.00600000000000023" classname="chevron_tlg_class" name="chevron_t_constructor_returns_an_error_when_expected"/>
    <testcase time="0.000999999999997669" classname="chevron_tlg_class" name="chevron_t_constructor_returns_an_error_when_expected"/>
    <testcase time="0.00100000000000477" classname="chevron_tlg_class" name="chevron_t_constructor_returns_an_error_when_expected"/>
    <testcase time="0.000999999999997669" classname="chevron_tlg_class" name="chevron_t_constructor_returns_an_error_when_expected"/>
    <testcase time="0.000999999999997669" classname="chevron_tlg_class" name="chevron_t_constructor_returns_an_error_when_expected"/>
    <testcase time="0.00100000000000477" classname="chevron_tlg_class" name="chevron_t_constructor_returns_an_error_when_expected"/>
    <testcase time="0.00499999999999545" classname="chevron_tlg_class" name="chevron_l_object_can_be_constructed_with_default_values"/>
    <testcase time="0.00300000000000011" classname="chevron_tlg_class" name="chevron_l_object_can_be_constructed_with_default_values"/>
    <testcase time="0.00600000000000023" classname="chevron_tlg_class" name="chevron_g_object_can_be_constructed_with_custom_values"/>
    <testcase time="0.00300000000000011" classname="chevron_tlg_class" name="chevron_g_object_can_be_constructed_with_custom_values"/>
    <testcase time="0.00200000000000244" classname="chevron_tlg_class" name="chevron_g_object_can_be_constructed_with_custom_values"/>
    <testcase time="0.00300000000000011" classname="chevron_tlg_class" name="chevron_g_object_can_be_constructed_with_custom_values"/>
    <testcase time="0.00499999999999545" classname="chevron_tlg_class" name="chevron_g_constructor_returns_an_error_when_expected"/>
    <testcase time="0.00100000000000477" classname="chevron_tlg_class" name="chevron_g_constructor_returns_an_error_when_expected"/>
    <testcase time="0.000999999999997669" classname="chevron_tlg_class" name="chevron_g_constructor_returns_an_error_when_expected"/>
    <testcase time="0.000999999999997669" classname="chevron_tlg_class" name="chevron_g_constructor_returns_an_error_when_expected"/>
    <testcase time="0.00200000000000244" classname="chevron_tlg_class" name="chevron_g_constructor_returns_an_error_when_expected"/>
    <testcase time="0.000999999999997669" classname="chevron_tlg_class" name="chevron_g_constructor_returns_an_error_when_expected"/>
    <testcase time="0.00600000000000023" classname="chevron_tlg_class" name="chevron_simple_works_correctly"/>
    <testcase time="0.00200000000000244" classname="chevron_tlg_class" name="chevron_simple_works_correctly"/>
    <testcase time="0.00999999999999801" classname="chevron_tlg_class" name="chevron_simple_errors_if_contains_return"/>
  </testsuite>
  <testsuite name="chevron_tlg-methods" timestamp="2025-02-18T02:56:23Z" hostname="747b29387ec7" tests="59" skipped="1" failures="0" errors="0" time="9.589">
    <testcase time="1.023" classname="chevron_tlg_methods" name="run_works_as_expected_for_chevron_t_object"/>
    <testcase time="0.570999999999998" classname="chevron_tlg_methods" name="run_works_as_expected_for_chevron_t_object"/>
    <testcase time="0.575000000000003" classname="chevron_tlg_methods" name="run_works_as_expected_for_chevron_t_object_when_auto_pre_FALSE"/>
    <testcase time="0.320999999999998" classname="chevron_tlg_methods" name="run_works_as_expected_with_argument_printed"/>
    <testcase time="0.262" classname="chevron_tlg_methods" name="run_works_as_expected_with_argument_printed"/>
    <testcase time="0.414999999999999" classname="chevron_tlg_methods" name="run_works_as_expected_with_argument_printed_if_the_user_argument_is_complicated"/>
    <testcase time="0.353000000000002" classname="chevron_tlg_methods" name="run_works_as_expected_with_argument_printed_if_the_user_argument_is_complicated"/>
    <testcase time="0.411000000000001" classname="chevron_tlg_methods" name="run_uses_the_argument_passed_through_the_ellipsis_in_priority"/>
    <testcase time="0.352999999999994" classname="chevron_tlg_methods" name="run_uses_the_argument_passed_through_the_ellipsis_in_priority"/>
    <testcase time="0.307000000000002" classname="chevron_tlg_methods" name="run_works_as_expected_with_partial_match_argument"/>
    <testcase time="0.262" classname="chevron_tlg_methods" name="run_works_as_expected_with_partial_match_argument"/>
    <testcase time="0.414000000000001" classname="chevron_tlg_methods" name="run_displays_the_symbols_when_available"/>
    <testcase time="0.356999999999999" classname="chevron_tlg_methods" name="run_displays_the_symbols_when_available"/>
    <testcase time="0.299999999999997" classname="chevron_tlg_methods" name="run_print_internal_functions_when_unwrap_is_TRUE"/>
    <testcase time="0.00200000000000244" classname="chevron_tlg_methods" name="run_print_internal_functions_when_unwrap_is_TRUE"/>
    <testcase time="0.000999999999997669" classname="chevron_tlg_methods" name="run_print_internal_functions_when_unwrap_is_TRUE"/>
    <testcase time="0.0220000000000056" classname="chevron_tlg_methods" name="run_print_internal_functions_when_unwrap_is_TRUE"/>
    <testcase time="1.16999999999999" classname="chevron_tlg_methods" name="run_print_internal_functions_when_unwrap_is_TRUE_and_standard_chevron_tlg_has_no_layout"/>
    <testcase time="0.00900000000000034" classname="chevron_tlg_methods" name="run_print_internal_functions_when_unwrap_is_TRUE_and_the_chevron_tlg_object_is_customized"/>
    <testcase time="0.00100000000000477" classname="chevron_tlg_methods" name="run_print_internal_functions_when_unwrap_is_TRUE_and_the_chevron_tlg_object_is_customized"/>
    <testcase time="0.000999999999997669" classname="chevron_tlg_methods" name="run_print_internal_functions_when_unwrap_is_TRUE_and_the_chevron_tlg_object_is_customized"/>
    <testcase time="0.0219999999999985" classname="chevron_tlg_methods" name="run_print_internal_functions_when_unwrap_is_TRUE_and_the_chevron_tlg_object_is_customized"/>
    <testcase time="0.0069999999999979" classname="chevron_tlg_methods" name="run_print_main_and_postprocessing_functions_when_unwrap_is_TRUE_and_auto_pre_is_FALSE"/>
    <testcase time="0.00200000000000244" classname="chevron_tlg_methods" name="run_print_main_and_postprocessing_functions_when_unwrap_is_TRUE_and_auto_pre_is_FALSE"/>
    <testcase time="0.000999999999997669" classname="chevron_tlg_methods" name="run_print_main_and_postprocessing_functions_when_unwrap_is_TRUE_and_auto_pre_is_FALSE"/>
    <testcase time="0.00100000000000477" classname="chevron_tlg_methods" name="run_print_main_and_postprocessing_functions_when_unwrap_is_TRUE_and_auto_pre_is_FALSE"/>
    <testcase time="0.0210000000000008" classname="chevron_tlg_methods" name="run_print_main_and_postprocessing_functions_when_unwrap_is_TRUE_and_auto_pre_is_FALSE"/>
    <testcase time="0.00499999999999545" classname="chevron_tlg_methods" name="args_ls_works_as_expected"/>
    <testcase time="0.00100000000000477" classname="chevron_tlg_methods" name="args_ls_works_as_expected"/>
    <testcase time="0.00199999999999534" classname="chevron_tlg_methods" name="args_ls_works_as_expected"/>
    <testcase time="0.00400000000000489" classname="chevron_tlg_methods" name="args_ls_works_as_expected_when_simplify_is_TRUE"/>
    <testcase time="0.000999999999997669" classname="chevron_tlg_methods" name="args_ls_works_as_expected_when_simplify_is_TRUE"/>
    <testcase time="0.00200000000000244" classname="chevron_tlg_methods" name="args_ls_works_as_expected_when_simplify_is_TRUE"/>
    <testcase time="0.00499999999999545" classname="chevron_tlg_methods" name="args_ls_works_as_expected_with_custom_chevron_tlg_object"/>
    <testcase time="0.00100000000000477" classname="chevron_tlg_methods" name="args_ls_works_as_expected_with_custom_chevron_tlg_object"/>
    <testcase time="0.000999999999997669" classname="chevron_tlg_methods" name="args_ls_works_as_expected_with_custom_chevron_tlg_object"/>
    <testcase time="0.00300000000000011" classname="chevron_tlg_methods" name="args_ls_works_as_expected_with_custom_chevron_tlg_object"/>
    <testcase time="0.0110000000000028" classname="chevron_tlg_methods" name="main_works_as_expected"/>
    <testcase time="0.00799999999999557" classname="chevron_tlg_methods" name="main_setter_works_as_expected"/>
    <testcase time="0.0140000000000029" classname="chevron_tlg_methods" name="main_setter_throw_an_error_as_expected"/>
    <testcase time="0.00600000000000023" classname="chevron_tlg_methods" name="preprocess_works_as_expected"/>
    <testcase time="0.00600000000000023" classname="chevron_tlg_methods" name="preprocess_setter_works_as_expected"/>
    <testcase time="0.00999999999999801" classname="chevron_tlg_methods" name="preprocess_sends_an_error_as_expected"/>
    <testcase time="0.00600000000000023" classname="chevron_tlg_methods" name="postprocess_works_as_expected"/>
    <testcase time="0.00600000000000023" classname="chevron_tlg_methods" name="postprocess_setter_works_as_expected"/>
    <testcase time="0.00999999999999801" classname="chevron_tlg_methods" name="postprocess_sends_an_error_as_expected"/>
    <testcase time="0.00399999999999778" classname="chevron_tlg_methods" name="script_funs_works_as_expected_in_interactive_mode">
      <skipped message="Reason: !interactive() is TRUE ('test-chevron_tlg-methods.R:264:3')"/>
    </testcase>
    <testcase time="0.0150000000000006" classname="chevron_tlg_methods" name="script_funs_works_as_expected"/>
    <testcase time="0.00200000000000244" classname="chevron_tlg_methods" name="script_funs_works_as_expected"/>
    <testcase time="2.174" classname="chevron_tlg_methods" name="script_funs_generates_a_valid_script"/>
    <testcase time="0.00200000000000244" classname="chevron_tlg_methods" name="script_funs_generates_a_valid_script"/>
    <testcase time="0.00199999999999534" classname="chevron_tlg_methods" name="script_funs_generates_a_valid_script"/>
    <testcase time="0.00100000000000477" classname="chevron_tlg_methods" name="script_funs_generates_a_valid_script"/>
    <testcase time="0.00199999999999534" classname="chevron_tlg_methods" name="script_funs_generates_a_valid_script"/>
    <testcase time="0.0250000000000057" classname="chevron_tlg_methods" name="script_funs_generates_a_valid_script"/>
    <testcase time="0.00600000000000023" classname="chevron_tlg_methods" name="script_funs_works_for_simple_template"/>
    <testcase time="0.000999999999997669" classname="chevron_tlg_methods" name="script_funs_works_for_simple_template"/>
    <testcase time="0.0420000000000016" classname="chevron_tlg_methods" name="print_list_works"/>
    <testcase time="0.027000000000001" classname="chevron_tlg_methods" name="print_list_works_for_empty_list"/>
  </testsuite>
  <testsuite name="cml02a_gl" timestamp="2025-02-18T02:56:33Z" hostname="747b29387ec7" tests="6" skipped="0" failures="0" errors="0" time="0.533">
    <testcase time="0.0279999999999987" classname="cml02a_gl" name="cml02a_gl_works_with_adcm_dataset"/>
    <testcase time="0.167000000000002" classname="cml02a_gl" name="cml02a_gl_works_with_adcm_dataset"/>
    <testcase time="0.0239999999999938" classname="cml02a_gl" name="cml02a_gl_works_with_missing_data"/>
    <testcase time="0.128" classname="cml02a_gl" name="cml02a_gl_works_with_missing_data"/>
    <testcase time="0.0230000000000032" classname="cml02a_gl" name="cml02a_gl_functions_work_as_expected"/>
    <testcase time="0.162999999999997" classname="cml02a_gl" name="cml02a_gl_functions_work_as_expected"/>
  </testsuite>
  <testsuite name="cmt01a" timestamp="2025-02-18T02:56:33Z" hostname="747b29387ec7" tests="6" skipped="0" failures="0" errors="0" time="3.884">
    <testcase time="1.142" classname="cmt01a" name="cmt01a_functions_with_default_argument_value_return_expected_result_with_test_data"/>
    <testcase time="1.082" classname="cmt01a" name="cmt01a_functions_with_custom_argument_value_return_expected_result_with_test_data"/>
    <testcase time="0.153999999999996" classname="cmt01a" name="cmt01a_can_handle_all_NA_values"/>
    <testcase time="0.173999999999999" classname="cmt01a" name="cmt01a_can_handle_all_NA_values"/>
    <testcase time="0.767000000000003" classname="cmt01a" name="cmt01a_can_handle_some_NA_values"/>
    <testcase time="0.564999999999998" classname="cmt01a" name="cmt01a_can_handle_some_NA_values"/>
  </testsuite>
  <testsuite name="cmt02_pt" timestamp="2025-02-18T02:56:37Z" hostname="747b29387ec7" tests="4" skipped="0" failures="0" errors="0" time="0.595">
    <testcase time="0.100999999999999" classname="cmt02_pt" name="cmt02_pt_can_handle_all_NA_values"/>
    <testcase time="0.134" classname="cmt02_pt" name="cmt02_pt_can_handle_all_NA_values"/>
    <testcase time="0.139000000000003" classname="cmt02_pt" name="cmt02_pt_can_handle_some_NA_values"/>
    <testcase time="0.220999999999997" classname="cmt02_pt" name="cmt02_pt_can_handle_some_NA_values"/>
  </testsuite>
  <testsuite name="coxt01" timestamp="2025-02-18T02:56:38Z" hostname="747b29387ec7" tests="9" skipped="0" failures="0" errors="0" time="1.646">
    <testcase time="0.295000000000002" classname="coxt01" name="coxt01_can_handle_some_NA_values"/>
    <testcase time="0.185000000000002" classname="coxt01" name="coxt01_can_handle_some_NA_values"/>
    <testcase time="0.231999999999999" classname="coxt01" name="coxt01_can_handle_some_NA_values"/>
    <testcase time="0.189" classname="coxt01" name="coxt01_can_handle_some_NA_values"/>
    <testcase time="0.182000000000002" classname="coxt01" name="coxt01_can_handle_some_NA_values"/>
    <testcase time="0.174999999999997" classname="coxt01" name="coxt01_can_handle_some_NA_values"/>
    <testcase time="0.201000000000001" classname="coxt01" name="coxt01_can_handle_some_NA_values"/>
    <testcase time="0.171999999999997" classname="coxt01" name="coxt01_can_handle_some_NA_values"/>
    <testcase time="0.0150000000000006" classname="coxt01" name="coxt01_fails_on_incomlete_data"/>
  </testsuite>
  <testsuite name="coxt02" timestamp="2025-02-18T02:56:39Z" hostname="747b29387ec7" tests="9" skipped="0" failures="0" errors="0" time="2.196">
    <testcase time="0.417000000000002" classname="coxt02" name="coxt02_can_handle_some_NA_values"/>
    <testcase time="0.225000000000001" classname="coxt02" name="coxt02_can_handle_some_NA_values"/>
    <testcase time="0.396999999999998" classname="coxt02" name="coxt02_can_handle_some_NA_values"/>
    <testcase time="0.234000000000002" classname="coxt02" name="coxt02_can_handle_some_NA_values"/>
    <testcase time="0.253" classname="coxt02" name="coxt02_can_handle_some_NA_values"/>
    <testcase time="0.189999999999998" classname="coxt02" name="coxt02_can_handle_some_NA_values"/>
    <testcase time="0.273000000000003" classname="coxt02" name="coxt02_can_handle_some_NA_values"/>
    <testcase time="0.192" classname="coxt02" name="coxt02_can_handle_some_NA_values"/>
    <testcase time="0.0150000000000006" classname="coxt02" name="coxt02_fails_on_incomlete_data"/>
  </testsuite>
  <testsuite name="default_tlg" timestamp="2025-02-18T02:56:41Z" hostname="747b29387ec7" tests="15" skipped="0" failures="0" errors="0" time="11.551">
    <testcase time="0.158999999999999" classname="default_tlg" name="ael01_nollt_function_with_default_argument_value_return_expected_result_with_test_data"/>
    <testcase time="0.552999999999997" classname="default_tlg" name="aet01_function_with_default_argument_value_return_expected_result_with_test_data"/>
    <testcase time="0.481999999999999" classname="default_tlg" name="aet01_aesi_function_with_default_argument_value_return_expected_result_with_test_data"/>
    <testcase time="1" classname="default_tlg" name="aet02_functions_with_default_argument_value_return_expected_result_with_test_data"/>
    <testcase time="2.096" classname="default_tlg" name="aet03_functions_with_default_argument_value_return_expected_result_with_test_data"/>
    <testcase time="3.218" classname="default_tlg" name="aet04_functions_with_default_argument_value_return_expected_result_with_test_data"/>
    <testcase time="0.439000000000007" classname="default_tlg" name="aet05_functions_with_default_argument_value_return_expected_result_with_test_data"/>
    <testcase time="0.435000000000002" classname="default_tlg" name="aet05_all_functions_with_default_argument_value_return_expected_result_with_test_data"/>
    <testcase time="0.311999999999998" classname="default_tlg" name="aet10_functions_with_default_argument_value_return_expected_result_with_test_data"/>
    <testcase time="0.38600000000001" classname="default_tlg" name="cmt02_pt_functions_with_default_argument_value_return_expected_result_with_test_data"/>
    <testcase time="0.488" classname="default_tlg" name="coxt01_functions_with_default_argument_value_return_expected_result_with_test_data"/>
    <testcase time="0.638999999999996" classname="default_tlg" name="coxt02_functions_with_default_argument_value_return_expected_result_with_test_data"/>
    <testcase time="0.614999999999995" classname="default_tlg" name="dmt01_functions_with_default_argument_value_return_expected_result_with_test_data"/>
    <testcase time="0.431000000000012" classname="default_tlg" name="dst01_functions_with_default_argument_value_return_expected_result_with_test_data"/>
    <testcase time="0.297999999999988" classname="default_tlg" name="dtht01_functions_with_default_argument_value_return_expected_result_with_test_data"/>
  </testsuite>
  <testsuite name="dmt01" timestamp="2025-02-18T02:56:53Z" hostname="747b29387ec7" tests="19" skipped="0" failures="0" errors="0" time="4.555">
    <testcase time="0.209000000000003" classname="dmt01" name="dmt01_can_handle_NA_values"/>
    <testcase time="0.329000000000008" classname="dmt01" name="dmt01_can_handle_NA_values"/>
    <testcase time="0.213999999999999" classname="dmt01" name="dmt01_can_handle_numeric_NA_values"/>
    <testcase time="0.418999999999997" classname="dmt01" name="dmt01_can_handle_numeric_NA_values"/>
    <testcase time="0.0169999999999959" classname="dmt01" name="dmt01_returns_an_error_when_variables_are_of_the_wrong_type"/>
    <testcase time="0.162999999999997" classname="dmt01" name="dmt01_works_as_expected_with_setting_default_precision"/>
    <testcase time="0.323000000000008" classname="dmt01" name="dmt01_works_as_expected_with_setting_default_precision"/>
    <testcase time="0.167000000000002" classname="dmt01" name="dmt01_works_as_expected_with_auto_precision_settings"/>
    <testcase time="0.384" classname="dmt01" name="dmt01_works_as_expected_with_auto_precision_settings"/>
    <testcase time="0.167000000000002" classname="dmt01" name="dmt01_works_as_expected_with_auto_precision_settings_and_defined_precision"/>
    <testcase time="0.373999999999995" classname="dmt01" name="dmt01_works_as_expected_with_auto_precision_settings_and_defined_precision"/>
    <testcase time="0.159999999999997" classname="dmt01" name="dmt01_works_as_expected_with_auto_precision_settings_and_defined_precision_and_default"/>
    <testcase time="0.513000000000005" classname="dmt01" name="dmt01_works_as_expected_with_auto_precision_settings_and_defined_precision_and_default"/>
    <testcase time="0.138999999999996" classname="dmt01" name="dmt01_works_as_expected_with_cutomized_stats_value"/>
    <testcase time="0.263999999999996" classname="dmt01" name="dmt01_works_as_expected_with_cutomized_stats_value"/>
    <testcase time="0.14800000000001" classname="dmt01" name="dmt01_works_as_expected_with_empty_list_as_stats_value"/>
    <testcase time="0.296999999999997" classname="dmt01" name="dmt01_works_as_expected_with_empty_list_as_stats_value"/>
    <testcase time="0.0840000000000032" classname="dmt01" name="dmt01_works_as_expected_with_only_one_summaryvars"/>
    <testcase time="0.183999999999997" classname="dmt01" name="dmt01_works_as_expected_with_only_one_summaryvars"/>
  </testsuite>
  <testsuite name="dst01" timestamp="2025-02-18T02:56:58Z" hostname="747b29387ec7" tests="14" skipped="0" failures="0" errors="0" time="2.417">
    <testcase time="0.135999999999996" classname="dst01" name="dst01_works_as_expected_when_all_data_are_NA"/>
    <testcase time="0.070999999999998" classname="dst01" name="dst01_works_as_expected_when_all_data_are_NA"/>
    <testcase time="0.112000000000009" classname="dst01" name="dst01_can_handle_all_NA_values_in_DCSREAS"/>
    <testcase time="0.144999999999996" classname="dst01" name="dst01_can_handle_all_NA_values_in_DCSREAS"/>
    <testcase time="0.162000000000006" classname="dst01" name="dst01_can_handle_some_NA_values"/>
    <testcase time="0.216999999999999" classname="dst01" name="dst01_can_handle_some_NA_values"/>
    <testcase time="0.131999999999991" classname="dst01" name="dst01_can_handle_missing_levels_in_status_var"/>
    <testcase time="0.0700000000000074" classname="dst01" name="dst01_can_handle_missing_levels_in_status_var"/>
    <testcase time="0.183999999999997" classname="dst01" name="dst01_can_create_variants"/>
    <testcase time="0.212000000000003" classname="dst01" name="dst01_can_create_variants"/>
    <testcase time="0.210999999999999" classname="dst01" name="dst01_can_create_variants"/>
    <testcase time="0.236000000000004" classname="dst01" name="dst01_can_create_variants"/>
    <testcase time="0.254999999999995" classname="dst01" name="dst01_can_create_variants"/>
    <testcase time="0.274000000000001" classname="dst01" name="dst01_can_create_variants"/>
  </testsuite>
  <testsuite name="dtht01" timestamp="2025-02-18T02:57:00Z" hostname="747b29387ec7" tests="5" skipped="0" failures="0" errors="0" time="1.384">
    <testcase time="0.102000000000004" classname="dtht01" name="dtht01_can_handle_all_NA_values"/>
    <testcase time="0.163999999999987" classname="dtht01" name="dtht01_can_handle_all_NA_values"/>
    <testcase time="0.224000000000004" classname="dtht01" name="dtht01_can_handle_some_NA_values"/>
    <testcase time="0.341000000000008" classname="dtht01" name="dtht01_can_handle_some_NA_values"/>
    <testcase time="0.552999999999997" classname="dtht01" name="dtht01_can_be_parametrize_as_expected"/>
  </testsuite>
  <testsuite name="egt01" timestamp="2025-02-18T02:57:01Z" hostname="747b29387ec7" tests="3" skipped="0" failures="0" errors="0" time="6.683">
    <testcase time="3.313" classname="egt01" name="egt01_functions_with_default_argument_value_return_expected_result_with_test_data"/>
    <testcase time="1.279" classname="egt01" name="egt01_can_handle_n_0_and_outputs_NE_instead_of_infs_and_NAs"/>
    <testcase time="2.09099999999999" classname="egt01" name="egt01_can_handle_n_0_and_outputs_NE_instead_of_infs_and_NAs"/>
  </testsuite>
  <testsuite name="egt02" timestamp="2025-02-18T02:57:08Z" hostname="747b29387ec7" tests="2" skipped="0" failures="0" errors="0" time="0.675">
    <testcase time="0.350000000000009" classname="egt02" name="egt02_1_functions_with_default_argument_value_return_expected_result_with_test_data"/>
    <testcase time="0.325000000000003" classname="egt02" name="egt02_2_functions_with_default_value_return_expected_result_with_test_data"/>
  </testsuite>
  <testsuite name="egt03" timestamp="2025-02-18T02:57:09Z" hostname="747b29387ec7" tests="5" skipped="0" failures="0" errors="0" time="3.231">
    <testcase time="1.59999999999999" classname="egt03" name="egt03_functions_with_default_argument_value_return_expected_result_with_test_data"/>
    <testcase time="0.0160000000000053" classname="egt03" name="egt03_errors_on_all_NA_values"/>
    <testcase time="0.516999999999996" classname="egt03" name="egt03_can_handle_some_NA_values"/>
    <testcase time="1.081" classname="egt03" name="egt03_can_handle_some_NA_values"/>
    <testcase time="0.0170000000000101" classname="egt03" name="egt03_fails_on_incomplete_data"/>
  </testsuite>
  <testsuite name="egt05_qtcat" timestamp="2025-02-18T02:57:12Z" hostname="747b29387ec7" tests="4" skipped="0" failures="0" errors="0" time="3.508">
    <testcase time="2.259" classname="egt05_qtcat" name="egt05_qtcat_functions_with_default_argument_value_return_expected_result_with_test_data"/>
    <testcase time="0.0169999999999959" classname="egt05_qtcat" name="egt05_qtcat_erros_on_all_NA_values"/>
    <testcase time="0.399000000000001" classname="egt05_qtcat" name="egt05_qtcat_can_handle_some_NA_values"/>
    <testcase time="0.832999999999998" classname="egt05_qtcat" name="egt05_qtcat_can_handle_some_NA_values"/>
  </testsuite>
  <testsuite name="empty_report" timestamp="2025-02-18T02:57:15Z" hostname="747b29387ec7" tests="25" skipped="0" failures="0" errors="0" time="2.835">
    <testcase time="0.102999999999994" classname="empty_report" name="tlg_functions_return_null_reports_when_domain_table_is_empty"/>
    <testcase time="0.275000000000006" classname="empty_report" name="tlg_functions_return_null_reports_when_domain_table_is_empty"/>
    <testcase time="0.381" classname="empty_report" name="tlg_functions_return_null_reports_when_domain_table_is_empty"/>
    <testcase time="0.0969999999999942" classname="empty_report" name="tlg_functions_return_null_reports_when_domain_table_is_empty"/>
    <testcase time="0.100999999999999" classname="empty_report" name="tlg_functions_return_null_reports_when_domain_table_is_empty"/>
    <testcase time="0.0640000000000072" classname="empty_report" name="tlg_functions_return_null_reports_when_domain_table_is_empty"/>
    <testcase time="0.097999999999999" classname="empty_report" name="tlg_functions_return_null_reports_when_domain_table_is_empty"/>
    <testcase time="0.141999999999996" classname="empty_report" name="tlg_functions_return_null_reports_when_domain_table_is_empty"/>
    <testcase time="0.159999999999997" classname="empty_report" name="tlg_functions_return_null_reports_when_domain_table_is_empty"/>
    <testcase time="0.0770000000000124" classname="empty_report" name="tlg_functions_return_null_reports_when_domain_table_is_empty"/>
    <testcase time="0.0969999999999942" classname="empty_report" name="tlg_functions_return_null_reports_when_domain_table_is_empty"/>
    <testcase time="0.0510000000000019" classname="empty_report" name="tlg_functions_return_null_reports_when_domain_table_is_empty"/>
    <testcase time="0.0519999999999925" classname="empty_report" name="tlg_functions_return_null_reports_when_domain_table_is_empty"/>
    <testcase time="0.0660000000000025" classname="empty_report" name="tlg_functions_return_null_reports_when_domain_table_is_empty"/>
    <testcase time="0.0679999999999978" classname="empty_report" name="tlg_functions_return_null_reports_when_domain_table_is_empty"/>
    <testcase time="0.0750000000000028" classname="empty_report" name="tlg_functions_return_null_reports_when_domain_table_is_empty"/>
    <testcase time="0.0810000000000031" classname="empty_report" name="tlg_functions_return_null_reports_when_domain_table_is_empty"/>
    <testcase time="0.0949999999999989" classname="empty_report" name="tlg_functions_return_null_reports_when_domain_table_is_empty"/>
    <testcase time="0.302000000000007" classname="empty_report" name="tlg_functions_return_null_reports_when_domain_table_is_empty"/>
    <testcase time="0.0949999999999989" classname="empty_report" name="tlg_functions_return_null_reports_when_domain_table_is_empty"/>
    <testcase time="0.0899999999999892" classname="empty_report" name="tlg_functions_return_null_reports_when_domain_table_is_empty"/>
    <testcase time="0.0660000000000025" classname="empty_report" name="tlg_functions_return_null_reports_when_domain_table_is_empty"/>
    <testcase time="0.0960000000000036" classname="empty_report" name="tlg_functions_return_null_reports_when_domain_table_is_empty"/>
    <testcase time="0.0539999999999878" classname="empty_report" name="tlg_functions_return_null_reports_when_domain_table_is_empty"/>
    <testcase time="0.0490000000000066" classname="empty_report" name="tlg_functions_return_null_reports_when_domain_table_is_empty"/>
  </testsuite>
  <testsuite name="ext01" timestamp="2025-02-18T02:57:18Z" hostname="747b29387ec7" tests="10" skipped="0" failures="0" errors="0" time="5">
    <testcase time="0.488" classname="ext01" name="ext01_functions_with_default_argument_value_return_expected_result_with_test_data"/>
    <testcase time="0.540000000000006" classname="ext01" name="ext01_functions_with_categorical_data_return_expected_result_with_test_data"/>
    <testcase time="0.183000000000007" classname="ext01" name="ext01_works"/>
    <testcase time="0.311999999999998" classname="ext01" name="ext01_works"/>
    <testcase time="0.174999999999997" classname="ext01" name="ext01_works"/>
    <testcase time="0.316000000000003" classname="ext01" name="ext01_works"/>
    <testcase time="0.527999999999992" classname="ext01" name="ext01_works_for_selected_parameters_and_categorical_variables"/>
    <testcase time="0.807000000000002" classname="ext01" name="ext01_works_with_custom_mapping_order"/>
    <testcase time="0.801000000000002" classname="ext01" name="ext01_works_with_custom_mapping_order_for_a_single_split"/>
    <testcase time="0.849999999999994" classname="ext01" name="ext01_works_with_custom_mapping_fill_in_value"/>
  </testsuite>
  <testsuite name="fstg01" timestamp="2025-02-18T02:57:23Z" hostname="747b29387ec7" tests="13" skipped="0" failures="0" errors="0" time="6.584">
    <testcase time="0.0120000000000005" classname="fstg01" name="fstg01_works_as_expected"/>
    <testcase time="1.25200000000001" classname="fstg01" name="fstg01_works_as_expected"/>
    <testcase time="0.00300000000000011" classname="fstg01" name="fstg01_works_as_expected"/>
    <testcase time="1.27199999999999" classname="fstg01" name="fstg01_works_as_expected_with_custom_color_set"/>
    <testcase time="0.00400000000000489" classname="fstg01" name="fstg01_works_as_expected_with_custom_color_set"/>
    <testcase time="1.248" classname="fstg01" name="fstg01_works_as_expected_with_custom_color_set"/>
    <testcase time="0.00300000000000011" classname="fstg01" name="fstg01_works_as_expected_with_custom_color_set"/>
    <testcase time="0.634" classname="fstg01" name="fstg01_works_if_changes_are_in_subgroups_conf_level_and_label_all"/>
    <testcase time="0.00300000000000011" classname="fstg01" name="fstg01_works_if_changes_are_in_subgroups_conf_level_and_label_all"/>
    <testcase time="0.870999999999995" classname="fstg01" name="fstg01_works_if_changes_are_in_subgroups_conf_level_and_label_all"/>
    <testcase time="0.00300000000000011" classname="fstg01" name="fstg01_works_if_changes_are_in_subgroups_conf_level_and_label_all"/>
    <testcase time="1.276" classname="fstg01" name="fstg01_can_handle_some_NA_values_in_subgroups"/>
    <testcase time="0.00300000000000011" classname="fstg01" name="fstg01_can_handle_some_NA_values_in_subgroups"/>
  </testsuite>
  <testsuite name="fstg02" timestamp="2025-02-18T02:57:30Z" hostname="747b29387ec7" tests="9" skipped="0" failures="0" errors="0" time="8.903">
    <testcase time="0.0130000000000052" classname="fstg02" name="fstg02_works_as_expected"/>
    <testcase time="1.255" classname="fstg02" name="fstg02_works_as_expected"/>
    <testcase time="1.276" classname="fstg02" name="fstg02_works_as_expected_with_custom_color_set"/>
    <testcase time="1.254" classname="fstg02" name="fstg02_works_as_expected_with_custom_color_set"/>
    <testcase time="0.599999999999994" classname="fstg02" name="fstg02_works_if_changes_are_in_subgroups_strata_var_conf_level_and_label_all"/>
    <testcase time="0.989000000000004" classname="fstg02" name="fstg02_works_if_changes_are_in_subgroups_strata_var_conf_level_and_label_all"/>
    <testcase time="1.148" classname="fstg02" name="fstg02_can_handle_some_NA_values_in_subgroups"/>
    <testcase time="1.194" classname="fstg02" name="fstg02_can_handle_customized_time_units"/>
    <testcase time="1.17400000000001" classname="fstg02" name="fstg02_can_handle_customized_time_units"/>
  </testsuite>
  <testsuite name="kmg01" timestamp="2025-02-18T02:57:39Z" hostname="747b29387ec7" tests="13" skipped="0" failures="0" errors="0" time="2.122">
    <testcase time="0.0120000000000005" classname="kmg01" name="kmg01_works_as_expected"/>
    <testcase time="0.359999999999999" classname="kmg01" name="kmg01_works_as_expected"/>
    <testcase time="0.00300000000000011" classname="kmg01" name="kmg01_works_as_expected"/>
    <testcase time="0.364999999999995" classname="kmg01" name="kmg01_works_as_expected_with_custom_color_set"/>
    <testcase time="0.00300000000000011" classname="kmg01" name="kmg01_works_as_expected_with_custom_color_set"/>
    <testcase time="0.363" classname="kmg01" name="kmg01_works_as_expected_with_custom_color_set"/>
    <testcase time="0.00199999999999534" classname="kmg01" name="kmg01_works_as_expected_with_custom_color_set"/>
    <testcase time="0.358999999999995" classname="kmg01" name="kmg01_works_if_change_pvalue_ties_and_conf_level"/>
    <testcase time="0.00400000000000489" classname="kmg01" name="kmg01_works_if_change_pvalue_ties_and_conf_level"/>
    <testcase time="0.396000000000001" classname="kmg01" name="kmg01_works_if_change_annotation_position"/>
    <testcase time="0.00300000000000011" classname="kmg01" name="kmg01_works_if_change_annotation_position"/>
    <testcase time="0.248000000000005" classname="kmg01" name="kmg01_works_for_stratified_analysis"/>
    <testcase time="0.00399999999999068" classname="kmg01" name="kmg01_works_for_stratified_analysis"/>
  </testsuite>
  <testsuite name="lbt01" timestamp="2025-02-18T02:57:41Z" hostname="747b29387ec7" tests="4" skipped="0" failures="0" errors="0" time="9.793">
    <testcase time="3.19300000000001" classname="lbt01" name="lbt01_functions_with_default_argument_value_return_expected_result_with_test_data"/>
    <testcase time="3.291" classname="lbt01" name="lbt01_functions_with_row_split_var_return_expected_result_with_test_data"/>
    <testcase time="1.06999999999999" classname="lbt01" name="lbt01_can_handle_n_0_and_outputs_NE_instead_of_infs_and_NAs"/>
    <testcase time="2.239" classname="lbt01" name="lbt01_can_handle_n_0_and_outputs_NE_instead_of_infs_and_NAs"/>
  </testsuite>
  <testsuite name="lbt04" timestamp="2025-02-18T02:57:51Z" hostname="747b29387ec7" tests="8" skipped="0" failures="0" errors="0" time="3.247">
    <testcase time="1.005" classname="lbt04" name="lbt04_functions_with_default_argument_value_return_expected_result_with_test_data"/>
    <testcase time="0.0900000000000034" classname="lbt04" name="lbt04_can_handle_all_NA_values"/>
    <testcase time="0.078000000000003" classname="lbt04" name="lbt04_can_handle_all_NA_values"/>
    <testcase time="0.320999999999998" classname="lbt04" name="lbt04_can_handle_missing_levels"/>
    <testcase time="0.847000000000008" classname="lbt04" name="lbt04_can_handle_missing_levels"/>
    <testcase time="0.284999999999997" classname="lbt04" name="lbt04_can_handle_some_NA_values"/>
    <testcase time="0.60499999999999" classname="lbt04" name="lbt04_can_handle_some_NA_values"/>
    <testcase time="0.0159999999999911" classname="lbt04" name="lbt04_fails_on_incomlete_data"/>
  </testsuite>
  <testsuite name="lbt05" timestamp="2025-02-18T02:57:54Z" hostname="747b29387ec7" tests="8" skipped="0" failures="0" errors="0" time="2.573">
    <testcase time="0.655000000000001" classname="lbt05" name="lbt05_functions_with_default_argument_value_return_expected_result_with_test_data"/>
    <testcase time="0.265000000000015" classname="lbt05" name="lbt05_functions_with_default_argument_value_return_expected_result_with_test_data"/>
    <testcase time="0.293000000000006" classname="lbt05" name="lbt05_give_all_0_count_if_ANRIND_are_all_missing"/>
    <testcase time="0.280000000000001" classname="lbt05" name="lbt05_can_handle_some_NA_values"/>
    <testcase time="0.393000000000001" classname="lbt05" name="lbt05_can_handle_some_NA_values"/>
    <testcase time="0.0319999999999823" classname="lbt05" name="lbt05_fails_on_incomlete_data"/>
    <testcase time="0.27600000000001" classname="lbt05" name="lbt05_works_with_missing_levels"/>
    <testcase time="0.378999999999991" classname="lbt05" name="lbt05_works_with_missing_levels"/>
  </testsuite>
  <testsuite name="lbt06" timestamp="2025-02-18T02:57:57Z" hostname="747b29387ec7" tests="3" skipped="0" failures="0" errors="0" time="3.785">
    <testcase time="0.974000000000018" classname="lbt06" name="lbt06_gives_all_0_count_if_ANRIND_and_BNRIND_are_all_missing"/>
    <testcase time="2.77199999999999" classname="lbt06" name="lbt06_can_handle_some_NA_values"/>
    <testcase time="0.0389999999999873" classname="lbt06" name="lbt06_fails_on_incomplete_data"/>
  </testsuite>
  <testsuite name="lbt07" timestamp="2025-02-18T02:58:00Z" hostname="747b29387ec7" tests="4" skipped="0" failures="0" errors="0" time="1.677">
    <testcase time="0.819000000000017" classname="lbt07" name="lbt07_functions_with_default_argument_value_return_expected_result_with_test_data"/>
    <testcase time="0.388999999999982" classname="lbt07" name="lbt07_can_handle_some_NA_values"/>
    <testcase time="0.435000000000002" classname="lbt07" name="lbt07_can_handle_some_NA_values"/>
    <testcase time="0.0340000000000202" classname="lbt07" name="lbt07_fails_on_incomlete_data"/>
  </testsuite>
  <testsuite name="lbt14" timestamp="2025-02-18T02:58:02Z" hostname="747b29387ec7" tests="20" skipped="0" failures="0" errors="0" time="8.048">
    <testcase time="0.664999999999992" classname="lbt14" name="lbt14_functions_with_default_argument_value_return_expected_result_with_test_data"/>
    <testcase time="0.504999999999995" classname="lbt14" name="lbt14_functions_with_default_argument_value_return_expected_result_with_test_data_when_direction_high"/>
    <testcase time="0.594999999999999" classname="lbt14" name="lbt14_functions_with_gr_missing_excl_return_expected_result_with_test_data"/>
    <testcase time="0.591000000000008" classname="lbt14" name="lbt14_functions_with_gr_missing_gr_0_return_expected_result_with_test_data"/>
    <testcase time="0.382000000000005" classname="lbt14" name="lbt14_can_handle_all_NA_values"/>
    <testcase time="0.135999999999996" classname="lbt14" name="lbt14_can_handle_all_NA_values"/>
    <testcase time="0.442999999999984" classname="lbt14" name="lbt14_can_handle_some_NA_values"/>
    <testcase time="0.329000000000008" classname="lbt14" name="lbt14_can_handle_some_NA_values"/>
    <testcase time="1.346" classname="lbt14" name="lbt14_can_accept_different_gr_missing"/>
    <testcase time="0.258999999999986" classname="lbt14" name="lbt14_can_accept_different_gr_missing"/>
    <testcase time="0.271000000000015" classname="lbt14" name="lbt14_can_accept_different_gr_missing"/>
    <testcase time="0.0180000000000007" classname="lbt14" name="lbt14_fails_on_incomlete_data"/>
    <testcase time="0.389999999999986" classname="lbt14" name="lbt14_can_handle_all_NA_values_with_direction_high"/>
    <testcase time="0.14500000000001" classname="lbt14" name="lbt14_can_handle_all_NA_values_with_direction_high"/>
    <testcase time="0.381" classname="lbt14" name="lbt14_can_handle_some_NA_values_with_direction_high"/>
    <testcase time="0.187999999999988" classname="lbt14" name="lbt14_can_handle_some_NA_values_with_direction_high"/>
    <testcase time="1.10600000000002" classname="lbt14" name="lbt14_can_accept_different_gr_missing_with_direction_high"/>
    <testcase time="0.139999999999986" classname="lbt14" name="lbt14_can_accept_different_gr_missing_with_direction_high"/>
    <testcase time="0.140000000000015" classname="lbt14" name="lbt14_can_accept_different_gr_missing_with_direction_high"/>
    <testcase time="0.0180000000000007" classname="lbt14" name="lbt14_fails_on_incomlete_data"/>
  </testsuite>
  <testsuite name="lbt15" timestamp="2025-02-18T02:58:10Z" hostname="747b29387ec7" tests="12" skipped="0" failures="0" errors="0" time="5.745">
    <testcase time="1.19299999999998" classname="lbt15" name="lbt15_functions_with_default_argument_value_return_expected_result_with_test_data"/>
    <testcase time="0.289000000000016" classname="lbt15" name="lbt15_can_handle_all_NA_values"/>
    <testcase time="0.606999999999999" classname="lbt15" name="lbt15_can_handle_all_NA_values"/>
    <testcase time="0.290999999999997" classname="lbt15" name="lbt15_can_handle_missing_levels"/>
    <testcase time="0.614000000000004" classname="lbt15" name="lbt15_can_handle_missing_levels"/>
    <testcase time="0.289999999999992" classname="lbt15" name="lbt15_can_handle_missing_levels_in_baseline"/>
    <testcase time="0.611999999999995" classname="lbt15" name="lbt15_can_handle_missing_levels_in_baseline"/>
    <testcase time="0.298000000000002" classname="lbt15" name="lbt15_can_handle_some_NA_values"/>
    <testcase time="0.61699999999999" classname="lbt15" name="lbt15_can_handle_some_NA_values"/>
    <testcase time="0.292000000000002" classname="lbt15" name="lbt15_can_handle_some_NA_values_in_baseline"/>
    <testcase time="0.625" classname="lbt15" name="lbt15_can_handle_some_NA_values_in_baseline"/>
    <testcase time="0.0169999999999959" classname="lbt15" name="lbt15_fails_on_incomlete_data"/>
  </testsuite>
  <testsuite name="mht01" timestamp="2025-02-18T02:58:16Z" hostname="747b29387ec7" tests="4" skipped="0" failures="0" errors="0" time="3.075">
    <testcase time="0.623999999999995" classname="mht01" name="mht01_functions_with_default_argument_value_return_expected_result_with_test_data"/>
    <testcase time="0.638000000000005" classname="mht01" name="mht01_works"/>
    <testcase time="0.640000000000015" classname="mht01" name="mht01_works_on_NULL_in_lbl_mhbodsys_or_lbl_mhdecod"/>
    <testcase time="1.173" classname="mht01" name="mht01_works_with_other_row_split_var"/>
  </testsuite>
  <testsuite name="mng01" timestamp="2025-02-18T02:58:19Z" hostname="747b29387ec7" tests="19" skipped="8" failures="0" errors="0" time="8.764">
    <testcase time="0.899000000000001" classname="mng01" name="mng01_works_as_expected_with_default_argument_values"/>
    <testcase time="0.000999999999976353" classname="mng01" name="mng01_works_as_expected_with_default_argument_values">
      <skipped message="Reason: On CI ('test-mng01.R:9:5')"/>
    </testcase>
    <testcase time="0.946000000000026" classname="mng01" name="mng01_works_as_expected_with_custom_argument_values"/>
    <testcase time="0.0109999999999957" classname="mng01" name="mng01_works_as_expected_with_custom_argument_values"/>
    <testcase time="0.000999999999976353" classname="mng01" name="mng01_works_as_expected_with_custom_argument_values">
      <skipped message="Reason: On CI ('test-mng01.R:45:5')"/>
    </testcase>
    <testcase time="0.944000000000017" classname="mng01" name="mng01_works_as_expected_with_custom_color_set"/>
    <testcase time="0.920999999999992" classname="mng01" name="mng01_works_as_expected_with_custom_color_set"/>
    <testcase time="0.00100000000000477" classname="mng01" name="mng01_works_as_expected_with_custom_color_set">
      <skipped message="Reason: On CI ('test-mng01.R:69:5')"/>
    </testcase>
    <testcase time="0.956999999999994" classname="mng01" name="mng01_works_as_expected_with_custom_line_type_set"/>
    <testcase time="0.965000000000003" classname="mng01" name="mng01_works_as_expected_with_custom_line_type_set"/>
    <testcase time="0.00100000000000477" classname="mng01" name="mng01_works_as_expected_with_custom_line_type_set">
      <skipped message="Reason: On CI ('test-mng01.R:91:5')"/>
    </testcase>
    <testcase time="0.155000000000001" classname="mng01" name="mng01_works_with_table_NULL"/>
    <testcase time="0.00100000000000477" classname="mng01" name="mng01_works_with_table_NULL">
      <skipped message="Reason: On CI ('test-mng01.R:104:5')"/>
    </testcase>
    <testcase time="0.99199999999999" classname="mng01" name="mng01_works_with_combination_of_x_variables"/>
    <testcase time="0.00100000000000477" classname="mng01" name="mng01_works_with_combination_of_x_variables">
      <skipped message="Reason: On CI ('test-mng01.R:122:5')"/>
    </testcase>
    <testcase time="0.942999999999984" classname="mng01" name="mng01_works_with_numeric_x_variable"/>
    <testcase time="0.00100000000000477" classname="mng01" name="mng01_works_with_numeric_x_variable">
      <skipped message="Reason: On CI ('test-mng01.R:143:5')"/>
    </testcase>
    <testcase time="1.023" classname="mng01" name="mng01_works_with_numeric_jitter"/>
    <testcase time="0.00100000000000477" classname="mng01" name="mng01_works_with_numeric_jitter">
      <skipped message="Reason: On CI ('test-mng01.R:161:5')"/>
    </testcase>
  </testsuite>
  <testsuite name="pdt01" timestamp="2025-02-18T02:58:28Z" hostname="747b29387ec7" tests="5" skipped="0" failures="0" errors="0" time="1.257">
    <testcase time="0.485000000000014" classname="pdt01" name="pdt01_function_with_default_argument_value_return_expected_result_with_test_data"/>
    <testcase time="0.120999999999981" classname="pdt01" name="pdt01_can_handle_all_NA_values"/>
    <testcase time="0.166000000000025" classname="pdt01" name="pdt01_can_handle_all_NA_values"/>
    <testcase time="0.210999999999984" classname="pdt01" name="pdt01_can_handle_some_NA_values"/>
    <testcase time="0.274000000000001" classname="pdt01" name="pdt01_can_handle_some_NA_values"/>
  </testsuite>
  <testsuite name="pdt02" timestamp="2025-02-18T02:58:29Z" hostname="747b29387ec7" tests="5" skipped="0" failures="0" errors="0" time="1.037">
    <testcase time="0.340000000000003" classname="pdt02" name="pdt02_function_with_default_argument_value_return_expected_result_with_test_data"/>
    <testcase time="0.147999999999996" classname="pdt02" name="pdt02_can_handle_all_NA_values"/>
    <testcase time="0.206999999999994" classname="pdt02" name="pdt02_can_handle_all_NA_values"/>
    <testcase time="0.146000000000015" classname="pdt02" name="pdt02_can_handle_some_NA_values"/>
    <testcase time="0.195999999999998" classname="pdt02" name="pdt02_can_handle_some_NA_values"/>
  </testsuite>
  <testsuite name="reexports" timestamp="2025-02-18T02:58:30Z" hostname="747b29387ec7" tests="2" skipped="0" failures="0" errors="0" time="0.015">
    <testcase time="0.00899999999998613" classname="reexports" name="with_label_exported_correctly"/>
    <testcase time="0.00600000000000023" classname="reexports" name="reformat_exported_correctly"/>
  </testsuite>
  <testsuite name="report_null" timestamp="2025-02-18T02:58:30Z" hostname="747b29387ec7" tests="12" skipped="0" failures="0" errors="0" time="0.174">
    <testcase time="0.0160000000000196" classname="report_null" name="report_null_works_as_expected_with_NULL_"/>
    <testcase time="0.00999999999999091" classname="report_null" name="report_null_works_as_expected_with_NULL_"/>
    <testcase time="0.0310000000000059" classname="report_null" name="report_null_works_as_expected_with_VTableTree_"/>
    <testcase time="0.0339999999999918" classname="report_null" name="report_null_works_as_expected_with_VTableTree_"/>
    <testcase time="0.0150000000000148" classname="report_null" name="report_null_works_as_expected_with_VTableTree_"/>
    <testcase time="0.00999999999999091" classname="report_null" name="report_null_works_as_expected_with_listing_df_"/>
    <testcase time="0.0120000000000005" classname="report_null" name="report_null_works_as_expected_with_listing_df_"/>
    <testcase time="0.00999999999999091" classname="report_null" name="report_null_works_as_expected_with_listing_df_"/>
    <testcase time="0.00900000000001455" classname="report_null" name="report_null_works_as_expected_with_list_"/>
    <testcase time="0.018999999999977" classname="report_null" name="report_null_works_as_expected_with_list_"/>
    <testcase time="0.00500000000002387" classname="report_null" name="report_null_works_as_expected_with_by_default"/>
    <testcase time="0.0029999999999859" classname="report_null" name="report_null_works_as_expected_with_by_default"/>
  </testsuite>
  <testsuite name="rmpt01" timestamp="2025-02-18T02:58:30Z" hostname="747b29387ec7" tests="11" skipped="0" failures="0" errors="0" time="1.549">
    <testcase time="0.407000000000011" classname="rmpt01" name="rmpt01_function_with_default_argument_value_return_expected_result_with_test_data"/>
    <testcase time="0.0619999999999834" classname="rmpt01" name="rmpt01_can_handle_NA_values"/>
    <testcase time="0.130000000000024" classname="rmpt01" name="rmpt01_can_handle_NA_values"/>
    <testcase time="0.12299999999999" classname="rmpt01" name="rmpt01_can_handle_NA_values"/>
    <testcase time="0.224999999999994" classname="rmpt01" name="rmpt01_can_handle_NA_values"/>
    <testcase time="0.063999999999993" classname="rmpt01" name="rmpt01_can_handle_some_NA_values"/>
    <testcase time="0.128000000000014" classname="rmpt01" name="rmpt01_can_handle_some_NA_values"/>
    <testcase time="0.120000000000005" classname="rmpt01" name="rmpt01_can_handle_some_NA_values"/>
    <testcase time="0.230999999999995" classname="rmpt01" name="rmpt01_can_handle_some_NA_values"/>
    <testcase time="0.0319999999999823" classname="rmpt01" name="rmpt01_fails_on_incomlete_data"/>
    <testcase time="0.0270000000000152" classname="rmpt01" name="rmpt01_fails_on_incomlete_data"/>
  </testsuite>
  <testsuite name="rmpt03" timestamp="2025-02-18T02:58:32Z" hostname="747b29387ec7" tests="12" skipped="0" failures="0" errors="0" time="1.958">
    <testcase time="0.322000000000003" classname="rmpt03" name="rmpt03_function_with_default_argument_value_return_expected_result_with_test_data"/>
    <testcase time="0.106999999999999" classname="rmpt03" name="rmpt03_can_handle_NA_values"/>
    <testcase time="0.204000000000008" classname="rmpt03" name="rmpt03_can_handle_NA_values"/>
    <testcase time="0.176999999999992" classname="rmpt03" name="rmpt03_can_handle_NA_values"/>
    <testcase time="0.282999999999987" classname="rmpt03" name="rmpt03_can_handle_NA_values"/>
    <testcase time="0.111999999999995" classname="rmpt03" name="rmpt03_can_handle_some_NA_values"/>
    <testcase time="0.205000000000013" classname="rmpt03" name="rmpt03_can_handle_some_NA_values"/>
    <testcase time="0.179000000000002" classname="rmpt03" name="rmpt03_can_handle_some_NA_values"/>
    <testcase time="0.290999999999997" classname="rmpt03" name="rmpt03_can_handle_some_NA_values"/>
    <testcase time="0.0349999999999966" classname="rmpt03" name="rmpt03_fails_on_incomlete_data"/>
    <testcase time="0.0270000000000152" classname="rmpt03" name="rmpt03_fails_on_incomlete_data"/>
    <testcase time="0.0159999999999911" classname="rmpt03" name="rmpt03_fails_on_incomlete_data"/>
  </testsuite>
  <testsuite name="rmpt04" timestamp="2025-02-18T02:58:34Z" hostname="747b29387ec7" tests="10" skipped="0" failures="0" errors="0" time="0.96">
    <testcase time="0.187000000000012" classname="rmpt04" name="rmpt04_function_with_default_argument_value_return_expected_result_with_test_data"/>
    <testcase time="0.0549999999999784" classname="rmpt04" name="rmpt04_can_handle_NA_values"/>
    <testcase time="0.120000000000005" classname="rmpt04" name="rmpt04_can_handle_NA_values"/>
    <testcase time="0.0519999999999925" classname="rmpt04" name="rmpt04_can_handle_NA_values"/>
    <testcase time="0.120000000000005" classname="rmpt04" name="rmpt04_can_handle_NA_values"/>
    <testcase time="0.0570000000000164" classname="rmpt04" name="rmpt04_can_handle_some_NA_values"/>
    <testcase time="0.120000000000005" classname="rmpt04" name="rmpt04_can_handle_some_NA_values"/>
    <testcase time="0.0619999999999834" classname="rmpt04" name="rmpt04_can_handle_some_NA_values"/>
    <testcase time="0.123999999999995" classname="rmpt04" name="rmpt04_can_handle_some_NA_values"/>
    <testcase time="0.0630000000000166" classname="rmpt04" name="rmpt04_fails_on_incomlete_data"/>
  </testsuite>
  <testsuite name="rmpt05" timestamp="2025-02-18T02:58:35Z" hostname="747b29387ec7" tests="10" skipped="0" failures="0" errors="0" time="1.017">
    <testcase time="0.191000000000003" classname="rmpt05" name="rmpt05_function_with_default_argument_value_return_expected_result_with_test_data"/>
    <testcase time="0.0649999999999977" classname="rmpt05" name="rmpt05_can_handle_NA_values"/>
    <testcase time="0.12299999999999" classname="rmpt05" name="rmpt05_can_handle_NA_values"/>
    <testcase time="0.0620000000000118" classname="rmpt05" name="rmpt05_can_handle_NA_values"/>
    <testcase time="0.128999999999991" classname="rmpt05" name="rmpt05_can_handle_NA_values"/>
    <testcase time="0.0589999999999975" classname="rmpt05" name="rmpt05_can_handle_some_NA_values"/>
    <testcase time="0.128999999999991" classname="rmpt05" name="rmpt05_can_handle_some_NA_values"/>
    <testcase time="0.0600000000000023" classname="rmpt05" name="rmpt05_can_handle_some_NA_values"/>
    <testcase time="0.137" classname="rmpt05" name="rmpt05_can_handle_some_NA_values"/>
    <testcase time="0.0620000000000118" classname="rmpt05" name="rmpt05_fails_on_incomlete_data"/>
  </testsuite>
  <testsuite name="rmpt06" timestamp="2025-02-18T02:58:36Z" hostname="747b29387ec7" tests="6" skipped="0" failures="0" errors="0" time="1.984">
    <testcase time="0.534999999999997" classname="rmpt06" name="rmpt06_works_as_expected"/>
    <testcase time="0.588999999999999" classname="rmpt06" name="rmpt06_works_as_expected_with_show_diff_TRUE"/>
    <testcase time="0.218999999999994" classname="rmpt06" name="rmpt06_can_handle_all_NA_values"/>
    <testcase time="0.277000000000015" classname="rmpt06" name="rmpt06_can_handle_all_NA_values"/>
    <testcase time="0.22399999999999" classname="rmpt06" name="rmpt06_can_handle_all_NA_values"/>
    <testcase time="0.140000000000015" classname="rmpt06" name="rmpt06_can_handle_all_NA_values"/>
  </testsuite>
  <testsuite name="rspt01" timestamp="2025-02-18T02:58:38Z" hostname="747b29387ec7" tests="27" skipped="0" failures="0" errors="0" time="7.525">
    <testcase time="0.0159999999999911" classname="rspt01" name="rspt01_works_as_expected"/>
    <testcase time="0.305000000000007" classname="rspt01" name="rspt01_works_as_expected"/>
    <testcase time="0.252999999999986" classname="rspt01" name="rspt01_works_as_expected"/>
    <testcase time="0.300000000000011" classname="rspt01" name="rspt01_works_as_expected_for_stratified_and_unstratified_analysis"/>
    <testcase time="0.284999999999997" classname="rspt01" name="rspt01_works_as_expected_for_stratified_and_unstratified_analysis"/>
    <testcase time="0.349999999999994" classname="rspt01" name="rspt01_works_as_expected_for_stratified_and_unstratified_analysis"/>
    <testcase time="0.311000000000007" classname="rspt01" name="rspt01_works_as_expected_for_stratified_and_unstratified_analysis"/>
    <testcase time="0.244" classname="rspt01" name="rspt01_works_as_expected_for_unstratified_analysis_only"/>
    <testcase time="0.275999999999982" classname="rspt01" name="rspt01_works_as_expected_for_unstratified_analysis_only"/>
    <testcase time="0.275000000000006" classname="rspt01" name="rspt01_works_as_expected_for_unstratified_analysis_only"/>
    <testcase time="0.254999999999995" classname="rspt01" name="rspt01_works_as_expected_for_unstratified_analysis_only"/>
    <testcase time="0.255000000000024" classname="rspt01" name="rspt01_works_as_expected_for_stratified_analysis_only"/>
    <testcase time="0.238" classname="rspt01" name="rspt01_works_as_expected_for_stratified_analysis_only"/>
    <testcase time="0.274999999999977" classname="rspt01" name="rspt01_works_as_expected_for_stratified_analysis_only"/>
    <testcase time="0.254000000000019" classname="rspt01" name="rspt01_works_as_expected_for_stratified_analysis_only"/>
    <testcase time="0.278999999999996" classname="rspt01" name="rspt01_works_if_change_reference_group"/>
    <testcase time="0.257000000000005" classname="rspt01" name="rspt01_works_if_change_reference_group"/>
    <testcase time="0.353999999999985" classname="rspt01" name="rspt01_works_if_change_reference_group"/>
    <testcase time="0.311000000000007" classname="rspt01" name="rspt01_works_if_change_reference_group"/>
    <testcase time="0.284999999999997" classname="rspt01" name="rspt01_works_if_change_statistic_methods"/>
    <testcase time="0.248999999999995" classname="rspt01" name="rspt01_works_if_change_statistic_methods"/>
    <testcase time="0.356999999999999" classname="rspt01" name="rspt01_works_if_change_statistic_methods"/>
    <testcase time="0.330000000000013" classname="rspt01" name="rspt01_works_if_change_statistic_methods"/>
    <testcase time="0.283999999999992" classname="rspt01" name="rspt01_works_if_change_confidence_interval"/>
    <testcase time="0.260999999999996" classname="rspt01" name="rspt01_works_if_change_confidence_interval"/>
    <testcase time="0.360000000000014" classname="rspt01" name="rspt01_works_if_change_confidence_interval"/>
    <testcase time="0.305999999999983" classname="rspt01" name="rspt01_works_if_change_confidence_interval"/>
  </testsuite>
  <testsuite name="ttet01" timestamp="2025-02-18T02:58:45Z" hostname="747b29387ec7" tests="16" skipped="0" failures="0" errors="0" time="5.598">
    <testcase time="0.0169999999999959" classname="ttet01" name="ttet01_works_as_expected"/>
    <testcase time="0.446000000000026" classname="ttet01" name="ttet01_works_as_expected"/>
    <testcase time="0.502999999999986" classname="ttet01" name="ttet01_works_as_expected"/>
    <testcase time="0.0229999999999961" classname="ttet01" name="ttet01_returns_an_error_when_one_level_or_arm_var_is_empty"/>
    <testcase time="0.332999999999998" classname="ttet01" name="ttet01_works_as_expected_for_stratified_and_unstratified_analysis"/>
    <testcase time="0.348000000000013" classname="ttet01" name="ttet01_works_as_expected_for_stratified_and_unstratified_analysis"/>
    <testcase time="0.430000000000007" classname="ttet01" name="ttet01_works_as_expected_for_stratified_and_unstratified_analysis"/>
    <testcase time="0.448999999999984" classname="ttet01" name="ttet01_works_as_expected_for_stratified_and_unstratified_analysis"/>
    <testcase time="0.341000000000008" classname="ttet01" name="ttet01_works_as_expected_for_stratified_analysis_only"/>
    <testcase time="0.562999999999988" classname="ttet01" name="ttet01_works_as_expected_for_stratified_analysis_only"/>
    <testcase time="0.379999999999995" classname="ttet01" name="ttet01_works_as_expected_for_stratified_analysis_only"/>
    <testcase time="0.350999999999999" classname="ttet01" name="ttet01_works_as_expected_for_stratified_analysis_only"/>
    <testcase time="0.305000000000007" classname="ttet01" name="ttet01_works_if_change_reference_group"/>
    <testcase time="0.322000000000003" classname="ttet01" name="ttet01_works_if_change_reference_group"/>
    <testcase time="0.390999999999991" classname="ttet01" name="ttet01_works_if_change_reference_group"/>
    <testcase time="0.396000000000015" classname="ttet01" name="ttet01_works_if_change_reference_group"/>
  </testsuite>
  <testsuite name="unwrap" timestamp="2025-02-18T02:58:51Z" hostname="747b29387ec7" tests="12" skipped="0" failures="0" errors="0" time="0.153">
    <testcase time="0.0130000000000052" classname="unwrap" name="unwrap_layout_works_as_expected_with_standard_chevron_t_main_function"/>
    <testcase time="0.00100000000000477" classname="unwrap" name="unwrap_layout_works_as_expected_with_standard_chevron_t_main_function"/>
    <testcase time="0.000999999999976353" classname="unwrap" name="unwrap_layout_works_as_expected_with_standard_chevron_t_main_function"/>
    <testcase time="0.0240000000000009" classname="unwrap" name="unwrap_layout_works_as_expected_with_standard_chevron_t_main_function"/>
    <testcase time="0.0120000000000005" classname="unwrap" name="unwrap_layout_works_as_expected_with_standard_chevron_g_main_function"/>
    <testcase time="0.007000000000005" classname="unwrap" name="unwrap_layout_works_as_expected_with_standard_chevron_l_main_function"/>
    <testcase time="0.00600000000000023" classname="unwrap" name="unwrap_layout_works_as_expected_with_a_custom_function_without_layout_function"/>
    <testcase time="0.0289999999999964" classname="unwrap" name="unwrap_layout_works_as_expected_with_a_custom_function_with_layout_function"/>
    <testcase time="0.00200000000000955" classname="unwrap" name="unwrap_layout_works_as_expected_with_a_custom_function_with_layout_function"/>
    <testcase time="0.0289999999999964" classname="unwrap" name="unwrap_layout_works_as_expected_with_multiple_layout_function"/>
    <testcase time="0.0279999999999916" classname="unwrap" name="unwrap_layout_works_as_expected_on_custom_function_with_overwritten_layout_function"/>
    <testcase time="0.00100000000000477" classname="unwrap" name="unwrap_layout_works_as_expected_on_custom_function_with_overwritten_layout_function"/>
  </testsuite>
  <testsuite name="utils" timestamp="2025-02-18T02:58:51Z" hostname="747b29387ec7" tests="80" skipped="0" failures="0" errors="1" time="2.326">
    <testcase time="0.00899999999998613" classname="utils" name="h_format_dec_works_as_exected"/>
    <testcase time="0.00300000000001432" classname="utils" name="h_format_dec_works_as_exected"/>
    <testcase time="0.00100000000000477" classname="utils" name="h_format_dec_works_as_exected"/>
    <testcase time="0.0029999999999859" classname="utils" name="h_format_dec_works_as_exected"/>
    <testcase time="0.00100000000000477" classname="utils" name="h_format_dec_works_as_exected"/>
    <testcase time="0.00300000000001432" classname="utils" name="h_format_dec_works_as_exected"/>
    <testcase time="0.00199999999998113" classname="utils" name="h_format_dec_works_as_exected"/>
    <testcase time="0.00200000000000955" classname="utils" name="h_format_dec_works_as_exected"/>
    <testcase time="0.00200000000000955" classname="utils" name="h_format_dec_works_as_exected"/>
    <testcase time="0.00199999999998113" classname="utils" name="h_format_dec_works_as_exected"/>
    <testcase time="0.00200000000000955" classname="utils" name="h_format_dec_works_as_exected"/>
    <testcase time="0.00200000000000955" classname="utils" name="h_format_dec_works_as_exected"/>
    <testcase time="0.00600000000000023" classname="utils" name="h_format_dec_works_as_expected_with_more_than_one_value"/>
    <testcase time="0.0029999999999859" classname="utils" name="h_format_dec_works_as_expected_with_more_than_one_value"/>
    <testcase time="0.00499999999999545" classname="utils" name="h_format_dec_works_as_expected_with_NA_digits"/>
    <testcase time="0.00600000000000023" classname="utils" name="fuse_sequentially_works"/>
    <testcase time="0.00300000000001432" classname="utils" name="fuse_sequentially_works"/>
    <testcase time="0.0109999999999957" classname="utils" name="ifneeded_split_row_works_as_expected"/>
    <testcase time="0.00600000000000023" classname="utils" name="ifneeded_split_row_works_as_expected"/>
    <testcase time="0.078000000000003" classname="utils" name="_unnamed_"/>
    <testcase time="0.0629999999999882" classname="utils" name="_unnamed_"/>
    <testcase time="0.0630000000000166" classname="utils" name="_unnamed_"/>
    <testcase time="0.0459999999999923" classname="utils" name="_unnamed_"/>
    <testcase time="0.0029999999999859" classname="utils" name="droplevels.character_works_as_expected"/>
    <testcase time="0.00300000000001432" classname="utils" name="droplevels.character_works_as_expected"/>
    <testcase time="0.00499999999999545" classname="utils" name="lvls.character_works_as_expected"/>
    <testcase time="0.00200000000000955" classname="utils" name="lvls.character_works_as_expected"/>
    <testcase time="0.00499999999999545" classname="utils" name="lvls.factor_works_as_expected"/>
    <testcase time="0.0029999999999859" classname="utils" name="lvls.factor_works_as_expected"/>
    <testcase time="0.0040000000000191" classname="utils" name="lvls.default_works_as_expected"/>
    <testcase time="0.0029999999999859" classname="utils" name="lvls.default_works_as_expected"/>
    <testcase time="0.00499999999999545" classname="utils" name="quote_str_works_as_expected"/>
    <testcase time="0.00200000000000955" classname="utils" name="quote_str_works_as_expected"/>
    <testcase time="0.00499999999999545" classname="utils" name="quote_str_works_as_expected"/>
    <testcase time="0.00499999999999545" classname="utils" name="modify_default_args_works_as_expected"/>
    <testcase time="0.00300000000001432" classname="utils" name="modify_default_args_works_as_expected"/>
    <testcase time="0.00399999999999068" classname="utils" name="execute_with_args_works_as_expected"/>
    <testcase time="0.00300000000001432" classname="utils" name="execute_with_args_works_as_expected"/>
    <testcase time="0.00199999999998113" classname="utils" name="execute_with_args_works_as_expected"/>
    <testcase time="0.00300000000001432" classname="utils" name="execute_with_args_works_as_expected"/>
    <testcase time="0.00100000000000477" classname="utils" name="execute_with_args_works_as_expected"/>
    <testcase time="0.0029999999999859" classname="utils" name="execute_with_args_works_as_expected"/>
    <testcase time="0.00200000000000955" classname="utils" name="execute_with_args_works_as_expected"/>
    <testcase time="0.00199999999998113" classname="utils" name="execute_with_args_works_as_expected"/>
    <testcase time="0.00200000000000955" classname="utils" name="execute_with_args_works_as_expected"/>
    <testcase time="0.00300000000001432" classname="utils" name="execute_with_args_works_as_expected"/>
    <testcase time="0.000999999999976353" classname="utils" name="execute_with_args_works_as_expected"/>
    <testcase time="0.00300000000001432" classname="utils" name="execute_with_args_works_as_expected"/>
    <testcase time="0.00499999999999545" classname="utils" name="do_call_work_as_expected"/>
    <testcase time="0.00300000000001432" classname="utils" name="do_call_work_as_expected"/>
    <testcase time="0.0120000000000005" classname="utils" name="do_call_errors_as_expected"/>
    <testcase time="0.00600000000000023" classname="utils" name="do_call_errors_as_expected"/>
    <testcase time="0.00499999999999545" classname="utils" name="convert_to_month_work_as_expected"/>
    <testcase time="0.0029999999999859" classname="utils" name="convert_to_month_work_as_expected"/>
    <testcase time="0.00200000000000955" classname="utils" name="convert_to_month_work_as_expected"/>
    <testcase time="0.00200000000000955" classname="utils" name="convert_to_month_work_as_expected"/>
    <testcase time="0.00199999999998113" classname="utils" name="convert_to_month_work_as_expected"/>
    <testcase time="0.00300000000001432" classname="utils" name="convert_to_month_work_as_expected"/>
    <testcase time="0.00899999999998613" classname="utils" name="convert_to_month_warning_messages_as_expected"/>
    <testcase time="0.00900000000001455" classname="utils" name="gg_theme_chevron_works_as_expected"/>
    <testcase time="0.00100000000000477" classname="utils" name="gg_theme_chevron_works_as_expected"/>
    <testcase time="0.00199999999998113" classname="utils" name="gg_theme_chevron_works_as_expected"/>
    <testcase time="0.00499999999999545" classname="utils" name="gg_theme_chevron_works_as_expected"/>
    <testcase time="0.00100000000000477" classname="utils" name="gg_theme_chevron_works_as_expected"/>
    <testcase time="0.00200000000000955" classname="utils" name="gg_theme_chevron_works_as_expected"/>
    <testcase time="0.00600000000000023" classname="utils" name="modify_character_works"/>
    <testcase time="0.0029999999999859" classname="utils" name="modify_character_works"/>
    <testcase time="0.00600000000000023" classname="utils" name="expand_list_works"/>
    <testcase time="0.00300000000001432" classname="utils" name="expand_list_works"/>
    <testcase time="0.00499999999999545" classname="utils" name="set_section_div_works"/>
    <testcase time="0.00399999999999068" classname="utils" name="set_section_div_works"/>
    <testcase time="0.00499999999999545" classname="utils" name="set_section_div_works"/>
    <testcase time="0.00300000000001432" classname="utils" name="set_section_div_works"/>
    <testcase time="0.00600000000000023" classname="utils" name="get_section_div_works"/>
    <testcase time="0.0029999999999859" classname="utils" name="get_section_div_works"/>
    <testcase time="0.899000000000001" classname="utils" name="grob_list_is_deprecated"/>
    <testcase time="0.875" classname="utils" name="gg_list_is_deprecated"/>
    <testcase time="0.0100000000000193" classname="utils" name="format_date_works_as_expected_for_POSIXct">
      <error type="error" message="Error in `C_force_tz(to_posixct(time), tz, roll_dst)`: CCTZ: Unrecognized timezone of the input vector: &quot;NZ&quot; ('test-utils.R:330:5')">Error in `C_force_tz(to_posixct(time), tz, roll_dst)`: CCTZ: Unrecognized timezone of the input vector: "NZ"
Backtrace:
     x
  1. +-withr::with_timezone(...) at test-utils.R:328:3
  2. | \-withr::with_envvar(c(TZ = tz), code)
  3. |   \-base::force(code)
  4. +-testthat::expect_identical(foo(d), "01JAN2019") at test-utils.R:330:5
  5. | \-testthat::quasi_label(enquo(object), label, arg = "object")
  6. |   \-rlang::eval_bare(expr, quo_get_env(quo))
  7. \-chevron (local) foo(d)
  8.   +-base::toupper(...)
  9.   +-base::format(...)
 10.   +-lubridate::force_tz(x, tzone = "UTC")
 11.   \-lubridate:::force_tz.default(x, tzone = "UTC")
 12.     \-timechange::time_force_tz(time, tz = tzone, roll_dst = roll_dst)
 13.       \-timechange:::.force_tz(time, tz, tzout, roll_dst)
 14.         +-timechange:::from_posixct(...)
 15.         \-timechange:::C_force_tz(to_posixct(time), tz, roll_dst)</error>
    </testcase>
    <testcase time="0.0229999999999961" classname="utils" name="format_date_works_as_expected_for_Date"/>
    <testcase time="0.00399999999999068" classname="utils" name="format_date_works_as_expected_for_Date"/>
  </testsuite>
  <testsuite name="vst01" timestamp="2025-02-18T02:58:53Z" hostname="747b29387ec7" tests="3" skipped="0" failures="0" errors="0" time="4.504">
    <testcase time="2.26300000000001" classname="vst01" name="vst01_functions_with_default_argument_value_return_expected_result_with_test_data"/>
    <testcase time="0.75200000000001" classname="vst01" name="run_vst01_works_as_expected"/>
    <testcase time="1.489" classname="vst01" name="run_vst01_works_as_expected"/>
  </testsuite>
  <testsuite name="vst02" timestamp="2025-02-18T02:58:58Z" hostname="747b29387ec7" tests="2" skipped="0" failures="0" errors="0" time="0.935">
    <testcase time="0.47199999999998" classname="vst02" name="vst02_functions_with_default_argument_value_return_expected_result_with_test_data"/>
    <testcase time="0.462999999999994" classname="vst02" name="vst02_functions_return_expected_result_with_test_data_when_excluding_subject_with_baseline_abnormality"/>
  </testsuite>
</testsuites>
