<?xml version="1.0" encoding="UTF-8"?>
<testsuites>
  <testsuite name="aet01" timestamp="2023-02-10T22:38:28Z" hostname="151fa9b8e2da" tests="4" skipped="2" failures="0" errors="0" time="2.263">
    <testcase time="1.535" classname="aet01" name="aet01_can_handle_all_NA_values"/>
    <testcase time="0.139" classname="aet01" name="aet01_can_handle_all_NA_values">
      <skipped message="Reason: On CRAN ('test-aet01.R:13')"/>
    </testcase>
    <testcase time="0.452" classname="aet01" name="aet01_can_handle_some_NA_values"/>
    <testcase time="0.137" classname="aet01" name="aet01_can_handle_some_NA_values">
      <skipped message="Reason: On CRAN ('test-aet01.R:29')"/>
    </testcase>
  </testsuite>
  <testsuite name="aet01_aesi" timestamp="2023-02-10T22:38:31Z" hostname="151fa9b8e2da" tests="4" skipped="2" failures="0" errors="0" time="0.973">
    <testcase time="0.447" classname="aet01_aesi" name="aet01_aesi_can_handle_all_NA_values"/>
    <testcase time="0.0670000000000002" classname="aet01_aesi" name="aet01_aesi_can_handle_all_NA_values">
      <skipped message="Reason: On CRAN ('test-aet01_aesi.R:18')"/>
    </testcase>
    <testcase time="0.399" classname="aet01_aesi" name="aet01_aesi_can_handle_some_NA_values"/>
    <testcase time="0.0599999999999996" classname="aet01_aesi" name="aet01_aesi_can_handle_some_NA_values">
      <skipped message="Reason: On CRAN ('test-aet01_aesi.R:30')"/>
    </testcase>
  </testsuite>
  <testsuite name="aet03" timestamp="2023-02-10T22:38:32Z" hostname="151fa9b8e2da" tests="4" skipped="2" failures="0" errors="0" time="2.087">
    <testcase time="0.405" classname="aet03" name="aet03_can_handle_NA_values"/>
    <testcase time="0.0600000000000005" classname="aet03" name="aet03_can_handle_NA_values">
      <skipped message="Reason: On CRAN ('test-aet03.R:11')"/>
    </testcase>
    <testcase time="1.431" classname="aet03" name="aet03_can_handle_some_NA_values"/>
    <testcase time="0.191" classname="aet03" name="aet03_can_handle_some_NA_values">
      <skipped message="Reason: On CRAN ('test-aet03.R:29')"/>
    </testcase>
  </testsuite>
  <testsuite name="aet04" timestamp="2023-02-10T22:38:34Z" hostname="151fa9b8e2da" tests="4" skipped="2" failures="0" errors="0" time="2.475">
    <testcase time="0.430999999999999" classname="aet04" name="aet04_can_handle_NA_values"/>
    <testcase time="0.0920000000000005" classname="aet04" name="aet04_can_handle_NA_values">
      <skipped message="Reason: On CRAN ('test-aet04.R:11')"/>
    </testcase>
    <testcase time="1.71" classname="aet04" name="aet04_can_handle_some_NA_values"/>
    <testcase time="0.241999999999999" classname="aet04" name="aet04_can_handle_some_NA_values">
      <skipped message="Reason: On CRAN ('test-aet04.R:44')"/>
    </testcase>
  </testsuite>
  <testsuite name="assertions" timestamp="2023-02-10T22:38:36Z" hostname="151fa9b8e2da" tests="11" skipped="0" failures="0" errors="0" time="1.325">
    <testcase time="0.016" classname="assertions" name="assert_colnames_works_as_expected"/>
    <testcase time="0.0080000000000009" classname="assertions" name="assert_colnames_works_as_expected"/>
    <testcase time="0.00199999999999889" classname="assertions" name="assert_colnames_works_as_expected"/>
    <testcase time="0.00500000000000078" classname="assertions" name="assert_colnames_works_as_expected"/>
    <testcase time="0.355" classname="assertions" name="assert_one_tablenames_works_as_expected"/>
    <testcase time="0.170999999999999" classname="assertions" name="assert_one_tablenames_works_as_expected"/>
    <testcase time="0.15" classname="assertions" name="assert_one_tablenames_works_as_expected"/>
    <testcase time="0.155999999999999" classname="assertions" name="assert_one_tablenames_works_as_expected"/>
    <testcase time="0.151000000000002" classname="assertions" name="assert_all_tablenames_works_as_expected"/>
    <testcase time="0.154999999999999" classname="assertions" name="assert_all_tablenames_works_as_expected"/>
    <testcase time="0.156000000000001" classname="assertions" name="assert_all_tablenames_works_as_expected"/>
  </testsuite>
  <testsuite name="checks" timestamp="2023-02-10T22:38:38Z" hostname="151fa9b8e2da" tests="8" skipped="0" failures="0" errors="0" time="0.034">
    <testcase time="0.00699999999999967" classname="checks" name="check_all_colnames_works_as_expected"/>
    <testcase time="0.00999999999999979" classname="checks" name="check_all_colnames_works_as_expected"/>
    <testcase time="0.000999999999999446" classname="checks" name="check_all_colnames_works_as_expected"/>
    <testcase time="0.00399999999999956" classname="checks" name="check_all_colnames_works_as_expected"/>
    <testcase time="0.00400000000000134" classname="checks" name="check_one_colnames_works_as_expected"/>
    <testcase time="0.00300000000000011" classname="checks" name="check_one_colnames_works_as_expected"/>
    <testcase time="0.00199999999999889" classname="checks" name="check_one_colnames_works_as_expected"/>
    <testcase time="0.00300000000000011" classname="checks" name="check_one_colnames_works_as_expected"/>
  </testsuite>
  <testsuite name="chevron_tlg-class" timestamp="2023-02-10T22:38:38Z" hostname="151fa9b8e2da" tests="24" skipped="0" failures="0" errors="0" time="0.082">
    <testcase time="0.0120000000000005" classname="chevron_tlg_class" name="chevron_t_object_can_be_constructed_with_default_values"/>
    <testcase time="0.00399999999999956" classname="chevron_tlg_class" name="chevron_t_object_can_be_constructed_with_default_values"/>
    <testcase time="0.00600000000000023" classname="chevron_tlg_class" name="chevron_t_object_can_be_constructed_with_custom_values"/>
    <testcase time="0.00399999999999956" classname="chevron_tlg_class" name="chevron_t_object_can_be_constructed_with_custom_values"/>
    <testcase time="0.00300000000000011" classname="chevron_tlg_class" name="chevron_t_object_can_be_constructed_with_custom_values"/>
    <testcase time="0.00399999999999956" classname="chevron_tlg_class" name="chevron_t_object_can_be_constructed_with_custom_values"/>
    <testcase time="0.00600000000000023" classname="chevron_tlg_class" name="chevron_t_constructor_returns_an_error_when_expected"/>
    <testcase time="0.00200000000000067" classname="chevron_tlg_class" name="chevron_t_constructor_returns_an_error_when_expected"/>
    <testcase time="0.000999999999999446" classname="chevron_tlg_class" name="chevron_t_constructor_returns_an_error_when_expected"/>
    <testcase time="0.00100000000000122" classname="chevron_tlg_class" name="chevron_t_constructor_returns_an_error_when_expected"/>
    <testcase time="0.000999999999999446" classname="chevron_tlg_class" name="chevron_t_constructor_returns_an_error_when_expected"/>
    <testcase time="0.000999999999999446" classname="chevron_tlg_class" name="chevron_t_constructor_returns_an_error_when_expected"/>
    <testcase time="0.00500000000000078" classname="chevron_tlg_class" name="chevron_l_object_can_be_constructed_with_default_values"/>
    <testcase time="0.00399999999999956" classname="chevron_tlg_class" name="chevron_l_object_can_be_constructed_with_default_values"/>
    <testcase time="0.00600000000000023" classname="chevron_tlg_class" name="chevron_g_object_can_be_constructed_with_custom_values"/>
    <testcase time="0.00399999999999956" classname="chevron_tlg_class" name="chevron_g_object_can_be_constructed_with_custom_values"/>
    <testcase time="0.00300000000000011" classname="chevron_tlg_class" name="chevron_g_object_can_be_constructed_with_custom_values"/>
    <testcase time="0.00399999999999956" classname="chevron_tlg_class" name="chevron_g_object_can_be_constructed_with_custom_values"/>
    <testcase time="0.00500000000000078" classname="chevron_tlg_class" name="chevron_g_constructor_returns_an_error_when_expected"/>
    <testcase time="0.000999999999999446" classname="chevron_tlg_class" name="chevron_g_constructor_returns_an_error_when_expected"/>
    <testcase time="0.000999999999999446" classname="chevron_tlg_class" name="chevron_g_constructor_returns_an_error_when_expected"/>
    <testcase time="0.00200000000000067" classname="chevron_tlg_class" name="chevron_g_constructor_returns_an_error_when_expected"/>
    <testcase time="0.000999999999999446" classname="chevron_tlg_class" name="chevron_g_constructor_returns_an_error_when_expected"/>
    <testcase time="0.00100000000000122" classname="chevron_tlg_class" name="chevron_g_constructor_returns_an_error_when_expected"/>
  </testsuite>
  <testsuite name="chevron_tlg-methods" timestamp="2023-02-10T22:38:38Z" hostname="151fa9b8e2da" tests="12" skipped="4" failures="0" errors="0" time="1.983">
    <testcase time="1.896" classname="chevron_tlg_methods" name="run_works_as_expected_for_chevron_t_object">
      <skipped message="Reason: On CRAN ('test-chevron_tlg-methods.R:5')"/>
    </testcase>
    <testcase time="0.0129999999999999" classname="chevron_tlg_methods" name="main_works_as_expected"/>
    <testcase time="0.00700000000000145" classname="chevron_tlg_methods" name="main_setter_works_as_expected"/>
    <testcase time="0.00599999999999845" classname="chevron_tlg_methods" name="preprocess_works_as_expected"/>
    <testcase time="0.00600000000000023" classname="chevron_tlg_methods" name="preprocess_setter_works_as_expected"/>
    <testcase time="0.00699999999999967" classname="chevron_tlg_methods" name="postprocess_works_as_expected"/>
    <testcase time="0.00600000000000023" classname="chevron_tlg_methods" name="postprocess_setter_works_as_expected"/>
    <testcase time="0.00600000000000023" classname="chevron_tlg_methods" name="datasets_works_as_expected"/>
    <testcase time="0.00699999999999967" classname="chevron_tlg_methods" name="datasets_setter_works_as_expected"/>
    <testcase time="0.00400000000000134" classname="chevron_tlg_methods" name="main_works_as_expected">
      <skipped message="Reason: interactive() is not TRUE ('test-chevron_tlg-methods.R:66')"/>
    </testcase>
    <testcase time="0.00999999999999979" classname="chevron_tlg_methods" name="preprocess_works_as_expected">
      <skipped message="Reason: interactive() is not TRUE ('test-chevron_tlg-methods.R:74')"/>
    </testcase>
    <testcase time="0.0149999999999988" classname="chevron_tlg_methods" name="postprocess_works_as_expected">
      <skipped message="Reason: interactive() is not TRUE ('test-chevron_tlg-methods.R:82')"/>
    </testcase>
  </testsuite>
  <testsuite name="cmt01a" timestamp="2023-02-10T22:38:40Z" hostname="151fa9b8e2da" tests="12" skipped="6" failures="0" errors="0" time="3.119">
    <testcase time="0.213000000000001" classname="cmt01a" name="cmt01a_can_handle_all_NA_values"/>
    <testcase time="0.0340000000000007" classname="cmt01a" name="cmt01a_can_handle_all_NA_values">
      <skipped message="Reason: On CRAN ('test-cmt01a.R:11')"/>
    </testcase>
    <testcase time="0.670999999999999" classname="cmt01a" name="cmt01a_can_handle_some_NA_values"/>
    <testcase time="0.148999999999999" classname="cmt01a" name="cmt01a_can_handle_some_NA_values">
      <skipped message="Reason: On CRAN ('test-cmt01a.R:27')"/>
    </testcase>
    <testcase time="0.190000000000001" classname="cmt01a" name="cmt01a_2_can_handle_all_NA_values"/>
    <testcase time="0.0359999999999996" classname="cmt01a" name="cmt01a_2_can_handle_all_NA_values">
      <skipped message="Reason: On CRAN ('test-cmt01a.R:40')"/>
    </testcase>
    <testcase time="0.675000000000001" classname="cmt01a" name="cmt01a_2_can_handle_some_NA_values"/>
    <testcase time="0.155999999999999" classname="cmt01a" name="cmt01a_2_can_handle_some_NA_values">
      <skipped message="Reason: On CRAN ('test-cmt01a.R:56')"/>
    </testcase>
    <testcase time="0.189" classname="cmt01a" name="cmt01a_3_can_handle_all_NA_values"/>
    <testcase time="0.032" classname="cmt01a" name="cmt01a_3_can_handle_all_NA_values">
      <skipped message="Reason: On CRAN ('test-cmt01a.R:69')"/>
    </testcase>
    <testcase time="0.648000000000001" classname="cmt01a" name="cmt01a_3_can_handle_some_NA_values"/>
    <testcase time="0.125999999999998" classname="cmt01a" name="cmt01a_3_can_handle_some_NA_values">
      <skipped message="Reason: On CRAN ('test-cmt01a.R:85')"/>
    </testcase>
  </testsuite>
  <testsuite name="cmt02_pt" timestamp="2023-02-10T22:38:43Z" hostname="151fa9b8e2da" tests="4" skipped="2" failures="0" errors="0" time="0.442">
    <testcase time="0.163" classname="cmt02_pt" name="cmt02_pt_1_can_handle_all_NA_values"/>
    <testcase time="0.0280000000000022" classname="cmt02_pt" name="cmt02_pt_1_can_handle_all_NA_values">
      <skipped message="Reason: On CRAN ('test-cmt02_pt.R:11')"/>
    </testcase>
    <testcase time="0.196999999999999" classname="cmt02_pt" name="cmt02_pt_1_can_handle_some_NA_values"/>
    <testcase time="0.0539999999999985" classname="cmt02_pt" name="cmt02_pt_1_can_handle_some_NA_values">
      <skipped message="Reason: On CRAN ('test-cmt02_pt.R:27')"/>
    </testcase>
  </testsuite>
  <testsuite name="default_tlg" timestamp="2023-02-10T22:38:43Z" hostname="151fa9b8e2da" tests="34" skipped="34" failures="0" errors="0" time="35.968">
    <testcase time="0.508000000000003" classname="default_tlg" name="aet01_1_function_with_default_argument_value_return_expected_result_with_test_data">
      <skipped message="Reason: On CRAN ('test-default_tlg.R:5')"/>
    </testcase>
    <testcase time="0.552" classname="default_tlg" name="aet01_2_functions_with_default_argument_value_return_expected_result_with_test_data">
      <skipped message="Reason: On CRAN ('test-default_tlg.R:12')"/>
    </testcase>
    <testcase time="0.477999999999998" classname="default_tlg" name="aet01_aesi_1_function_with_default_argument_value_return_expected_result_with_test_data">
      <skipped message="Reason: On CRAN ('test-default_tlg.R:19')"/>
    </testcase>
    <testcase time="0.624000000000002" classname="default_tlg" name="aet02_1_functions_with_default_argument_value_return_expected_result_with_test_data">
      <skipped message="Reason: On CRAN ('test-default_tlg.R:26')"/>
    </testcase>
    <testcase time="1.099" classname="default_tlg" name="aet02_2_functions_with_default_argument_value_return_expected_result_with_test_data">
      <skipped message="Reason: On CRAN ('test-default_tlg.R:33')"/>
    </testcase>
    <testcase time="0.263999999999999" classname="default_tlg" name="aet02_3_functions_with_default_argument_value_return_expected_result_with_test_data">
      <skipped message="Reason: On CRAN ('test-default_tlg.R:40')"/>
    </testcase>
    <testcase time="1.614" classname="default_tlg" name="aet03_1_functions_with_default_argument_value_return_expected_result_with_test_data">
      <skipped message="Reason: On CRAN ('test-default_tlg.R:47')"/>
    </testcase>
    <testcase time="1.98" classname="default_tlg" name="aet04_1_functions_with_default_argument_value_return_expected_result_with_test_data">
      <skipped message="Reason: On CRAN ('test-default_tlg.R:54')"/>
    </testcase>
    <testcase time="0.780000000000001" classname="default_tlg" name="cmt01a_1_functions_with_default_argument_value_return_expected_result_with_test_data">
      <skipped message="Reason: On CRAN ('test-default_tlg.R:61')"/>
    </testcase>
    <testcase time="0.797000000000001" classname="default_tlg" name="cmt01a_2_functions_with_default_argument_value_return_expected_result_with_test_data">
      <skipped message="Reason: On CRAN ('test-default_tlg.R:68')"/>
    </testcase>
    <testcase time="0.728999999999999" classname="default_tlg" name="cmt01a_3_functions_with_default_argument_value_return_expected_result_with_test_data">
      <skipped message="Reason: On CRAN ('test-default_tlg.R:75')"/>
    </testcase>
    <testcase time="0.248999999999999" classname="default_tlg" name="cmt02_pt_1_functions_with_default_argument_value_return_expected_result_with_test_data">
      <skipped message="Reason: On CRAN ('test-default_tlg.R:82')"/>
    </testcase>
    <testcase time="2.095" classname="default_tlg" name="dmt01_1_functions_with_default_argument_value_return_expected_result_with_test_data">
      <skipped message="Reason: On CRAN ('test-default_tlg.R:89')"/>
    </testcase>
    <testcase time="0.349" classname="default_tlg" name="dst01_1_functions_with_default_argument_value_return_expected_result_with_test_data">
      <skipped message="Reason: On CRAN ('test-default_tlg.R:96')"/>
    </testcase>
    <testcase time="0.492999999999999" classname="default_tlg" name="dst01_2_functions_with_default_argument_value_return_expected_result_with_test_data">
      <skipped message="Reason: On CRAN ('test-default_tlg.R:103')"/>
    </testcase>
    <testcase time="0.66" classname="default_tlg" name="dst01_3_functions_with_default_argument_value_return_expected_result_with_test_data">
      <skipped message="Reason: On CRAN ('test-default_tlg.R:110')"/>
    </testcase>
    <testcase time="0.175999999999998" classname="default_tlg" name="dtht01_1_functions_with_default_argument_value_return_expected_result_with_test_data">
      <skipped message="Reason: On CRAN ('test-default_tlg.R:117')"/>
    </testcase>
    <testcase time="2.662" classname="default_tlg" name="gt01_1_functions_with_default_argument_value_return_expected_result_with_test_data">
      <skipped message="Reason: On CRAN ('test-default_tlg.R:124')"/>
    </testcase>
    <testcase time="0.265000000000001" classname="default_tlg" name="egt02_1_functions_with_default_argument_value_return_expected_result_with_test_data">
      <skipped message="Reason: On CRAN ('test-default_tlg.R:131')"/>
    </testcase>
    <testcase time="0.253" classname="default_tlg" name="egt02_2_functions_with_default_argument_value_return_expected_result_with_test_data">
      <skipped message="Reason: On CRAN ('test-default_tlg.R:138')"/>
    </testcase>
    <testcase time="0.214999999999996" classname="default_tlg" name="ext01_1_functions_with_default_argument_value_return_expected_result_with_test_data">
      <skipped message="Reason: On CRAN ('test-default_tlg.R:145')"/>
    </testcase>
    <testcase time="0.661000000000001" classname="default_tlg" name="ext01_2_functions_with_default_argument_value_return_expected_result_with_test_data">
      <skipped message="Reason: On CRAN ('test-default_tlg.R:152')"/>
    </testcase>
    <testcase time="1.662" classname="default_tlg" name="lbt01_1_functions_with_default_argument_value_return_expected_result_with_test_data">
      <skipped message="Reason: On CRAN ('test-default_tlg.R:159')"/>
    </testcase>
    <testcase time="0.494" classname="default_tlg" name="lbt04_1_functions_with_default_argument_value_return_expected_result_with_test_data">
      <skipped message="Reason: On CRAN ('test-default_tlg.R:166')"/>
    </testcase>
    <testcase time="0.538000000000004" classname="default_tlg" name="lbt05_1_functions_with_default_argument_value_return_expected_result_with_test_data">
      <skipped message="Reason: On CRAN ('test-default_tlg.R:173')"/>
    </testcase>
    <testcase time="0.768000000000001" classname="default_tlg" name="lbt07_1_functions_with_default_argument_value_return_expected_result_with_test_data">
      <skipped message="Reason: On CRAN ('test-default_tlg.R:180')"/>
    </testcase>
    <testcase time="1.617" classname="default_tlg" name="lbt14_1_functions_with_default_argument_value_return_expected_result_with_test_data">
      <skipped message="Reason: On CRAN ('test-default_tlg.R:187')"/>
    </testcase>
    <testcase time="1.64" classname="default_tlg" name="lbt14_2_functions_with_default_argument_value_return_expected_result_with_test_data">
      <skipped message="Reason: On CRAN ('test-default_tlg.R:194')"/>
    </testcase>
    <testcase time="0.438000000000002" classname="default_tlg" name="mht01_1_functions_with_default_argument_value_return_expected_result_with_test_data">
      <skipped message="Reason: On CRAN ('test-default_tlg.R:201')"/>
    </testcase>
    <testcase time="5.09699999999999" classname="default_tlg" name="vst01_1_functions_with_default_argument_value_return_expected_result_with_test_data">
      <skipped message="Reason: On CRAN ('test-default_tlg.R:208')"/>
    </testcase>
    <testcase time="5.18" classname="default_tlg" name="vst01_1_functions_with_default_argument_value_return_expected_result_with_test_data">
      <skipped message="Reason: On CRAN ('test-default_tlg.R:215')"/>
    </testcase>
    <testcase time="0.405000000000001" classname="default_tlg" name="vst02_1_functions_with_default_argument_value_return_expected_result_with_test_data">
      <skipped message="Reason: On CRAN ('test-default_tlg.R:222')"/>
    </testcase>
    <testcase time="0.405000000000001" classname="default_tlg" name="vst02_2_functions_with_default_argument_value_return_expected_result_with_test_data">
      <skipped message="Reason: On CRAN ('test-default_tlg.R:229')"/>
    </testcase>
    <testcase time="0.221000000000004" classname="default_tlg" name="pdt02_1_function_with_default_argument_value_return_expected_result_with_test_data">
      <skipped message="Reason: On CRAN ('test-default_tlg.R:236')"/>
    </testcase>
  </testsuite>
  <testsuite name="dmt01" timestamp="2023-02-10T22:39:19Z" hostname="151fa9b8e2da" tests="4" skipped="2" failures="0" errors="0" time="4.203">
    <testcase time="1.88" classname="dmt01" name="dmt01_1_can_handle_NA_values"/>
    <testcase time="0.0859999999999985" classname="dmt01" name="dmt01_1_can_handle_NA_values">
      <skipped message="Reason: On CRAN ('test-dmt01.R:11')"/>
    </testcase>
    <testcase time="2.129" classname="dmt01" name="dmt01_1_can_handle_some_NA_values"/>
    <testcase time="0.107999999999997" classname="dmt01" name="dmt01_1_can_handle_some_NA_values">
      <skipped message="Reason: On CRAN ('test-dmt01.R:24')"/>
    </testcase>
  </testsuite>
  <testsuite name="dst01" timestamp="2023-02-10T22:39:23Z" hostname="151fa9b8e2da" tests="26" skipped="13" failures="0" errors="0" time="5.381">
    <testcase time="0.231000000000002" classname="dst01" name="dst01_can_handle_all_NA_values"/>
    <testcase time="0.0259999999999962" classname="dst01" name="dst01_can_handle_all_NA_values">
      <skipped message="Reason: On CRAN ('test-dst01.R:13')"/>
    </testcase>
    <testcase time="0.245000000000005" classname="dst01" name="dst01_1_can_handle_all_NA_values_in_disc_reason_var"/>
    <testcase time="0.0409999999999968" classname="dst01" name="dst01_1_can_handle_all_NA_values_in_disc_reason_var">
      <skipped message="Reason: On CRAN ('test-dst01.R:25')"/>
    </testcase>
    <testcase time="0.273000000000003" classname="dst01" name="dst01_1_can_handle_some_NA_values"/>
    <testcase time="0.0649999999999977" classname="dst01" name="dst01_1_can_handle_some_NA_values">
      <skipped message="Reason: On CRAN ('test-dst01.R:38')"/>
    </testcase>
    <testcase time="0.255000000000003" classname="dst01" name="dst01_1_can_handle_missing_levels_in_status_var"/>
    <testcase time="0.0309999999999988" classname="dst01" name="dst01_1_can_handle_missing_levels_in_status_var">
      <skipped message="Reason: On CRAN ('test-dst01.R:50')"/>
    </testcase>
    <testcase time="0.240000000000002" classname="dst01" name="dst01_1_can_handle_missing_levels_in_disc_reason_var"/>
    <testcase time="0.0459999999999994" classname="dst01" name="dst01_1_can_handle_missing_levels_in_disc_reason_var">
      <skipped message="Reason: On CRAN ('test-dst01.R:62')"/>
    </testcase>
    <testcase time="0.222000000000001" classname="dst01" name="dst01_2_can_handle_all_NA_values"/>
    <testcase time="0.0249999999999986" classname="dst01" name="dst01_2_can_handle_all_NA_values">
      <skipped message="Reason: On CRAN ('test-dst01.R:78')"/>
    </testcase>
    <testcase time="0.231000000000002" classname="dst01" name="dst01_2_can_handle_all_NA_values_in_disc_reason_var"/>
    <testcase time="0.0409999999999968" classname="dst01" name="dst01_2_can_handle_all_NA_values_in_disc_reason_var">
      <skipped message="Reason: On CRAN ('test-dst01.R:90')"/>
    </testcase>
    <testcase time="0.399000000000001" classname="dst01" name="dst01_2_can_handle_some_NA_values"/>
    <testcase time="0.0670000000000002" classname="dst01" name="dst01_2_can_handle_some_NA_values">
      <skipped message="Reason: On CRAN ('test-dst01.R:103')"/>
    </testcase>
    <testcase time="0.286999999999999" classname="dst01" name="dst01_2_can_handle_missing_levels_in_disc_reason_var"/>
    <testcase time="0.0439999999999969" classname="dst01" name="dst01_2_can_handle_missing_levels_in_disc_reason_var">
      <skipped message="Reason: On CRAN ('test-dst01.R:115')"/>
    </testcase>
    <testcase time="0.660000000000004" classname="dst01" name="dst01_3_can_handle_all_NA_values"/>
    <testcase time="0.0259999999999962" classname="dst01" name="dst01_3_can_handle_all_NA_values">
      <skipped message="Reason: On CRAN ('test-dst01.R:133')"/>
    </testcase>
    <testcase time="0.559000000000005" classname="dst01" name="dst01_3_can_handle_all_NA_values_in_status_treatment_var"/>
    <testcase time="0.0769999999999982" classname="dst01" name="dst01_3_can_handle_all_NA_values_in_status_treatment_var">
      <skipped message="Reason: On CRAN ('test-dst01.R:145')"/>
    </testcase>
    <testcase time="0.564" classname="dst01" name="dst01_3_can_handle_some_NA_values_in_status_treatment_var"/>
    <testcase time="0.0799999999999983" classname="dst01" name="dst01_3_can_handle_some_NA_values_in_status_treatment_var">
      <skipped message="Reason: On CRAN ('test-dst01.R:157')"/>
    </testcase>
    <testcase time="0.565000000000005" classname="dst01" name="dst01_3_can_handle_missing_levels_in_status_treatment_var"/>
    <testcase time="0.080999999999996" classname="dst01" name="dst01_3_can_handle_missing_levels_in_status_treatment_var">
      <skipped message="Reason: On CRAN ('test-dst01.R:169')"/>
    </testcase>
  </testsuite>
  <testsuite name="dtht01" timestamp="2023-02-10T22:39:29Z" hostname="151fa9b8e2da" tests="5" skipped="3" failures="0" errors="0" time="1.324">
    <testcase time="0.341999999999999" classname="dtht01" name="dtht01_can_handle_all_NA_values"/>
    <testcase time="0.0330000000000013" classname="dtht01" name="dtht01_can_handle_all_NA_values">
      <skipped message="Reason: On CRAN ('test-dtht01.R:13')"/>
    </testcase>
    <testcase time="0.384999999999998" classname="dtht01" name="dtht01_can_handle_some_NA_values"/>
    <testcase time="0.101000000000006" classname="dtht01" name="dtht01_can_handle_some_NA_values">
      <skipped message="Reason: On CRAN ('test-dtht01.R:29')"/>
    </testcase>
    <testcase time="0.462999999999994" classname="dtht01" name="dtht01_can_be_parametrize_as_expected">
      <skipped message="Reason: On CRAN ('test-dtht01.R:38')"/>
    </testcase>
  </testsuite>
  <testsuite name="egt03" timestamp="2023-02-10T22:39:30Z" hostname="151fa9b8e2da" tests="8" skipped="4" failures="0" errors="0" time="1.358">
    <testcase time="0.26700000000001" classname="egt03" name="egt03_1_can_handle_all_NA_values"/>
    <testcase time="0.0669999999999931" classname="egt03" name="egt03_1_can_handle_all_NA_values">
      <skipped message="Reason: On CRAN ('test-egt03.R:11')"/>
    </testcase>
    <testcase time="0.281000000000006" classname="egt03" name="egt03_1_can_handle_some_NA_values"/>
    <testcase time="0.0689999999999884" classname="egt03" name="egt03_1_can_handle_some_NA_values">
      <skipped message="Reason: On CRAN ('test-egt03.R:27')"/>
    </testcase>
    <testcase time="0.268000000000001" classname="egt03" name="egt03_2_can_handle_all_NA_values"/>
    <testcase time="0.0660000000000025" classname="egt03" name="egt03_2_can_handle_all_NA_values">
      <skipped message="Reason: On CRAN ('test-egt03.R:40')"/>
    </testcase>
    <testcase time="0.272999999999996" classname="egt03" name="egt03_2_can_handle_some_NA_values"/>
    <testcase time="0.0670000000000073" classname="egt03" name="egt03_2_can_handle_some_NA_values">
      <skipped message="Reason: On CRAN ('test-egt03.R:56')"/>
    </testcase>
  </testsuite>
  <testsuite name="empty_report" timestamp="2023-02-10T22:39:32Z" hostname="151fa9b8e2da" tests="32" skipped="0" failures="0" errors="0" time="7.961">
    <testcase time="3.066" classname="empty_report" name="tlg_functions_return_null_reports_when_domain_table_is_empty"/>
    <testcase time="0.459999999999994" classname="empty_report" name="tlg_functions_return_null_reports_when_domain_table_is_empty"/>
    <testcase time="0.369" classname="empty_report" name="tlg_functions_return_null_reports_when_domain_table_is_empty"/>
    <testcase time="0.0990000000000038" classname="empty_report" name="tlg_functions_return_null_reports_when_domain_table_is_empty"/>
    <testcase time="0.111000000000004" classname="empty_report" name="tlg_functions_return_null_reports_when_domain_table_is_empty"/>
    <testcase time="0.0889999999999986" classname="empty_report" name="tlg_functions_return_null_reports_when_domain_table_is_empty"/>
    <testcase time="0.135999999999996" classname="empty_report" name="tlg_functions_return_null_reports_when_domain_table_is_empty"/>
    <testcase time="0.146000000000001" classname="empty_report" name="tlg_functions_return_null_reports_when_domain_table_is_empty"/>
    <testcase time="0.109999999999999" classname="empty_report" name="tlg_functions_return_null_reports_when_domain_table_is_empty"/>
    <testcase time="0.122" classname="empty_report" name="tlg_functions_return_null_reports_when_domain_table_is_empty"/>
    <testcase time="0.108999999999995" classname="empty_report" name="tlg_functions_return_null_reports_when_domain_table_is_empty"/>
    <testcase time="0.120000000000005" classname="empty_report" name="tlg_functions_return_null_reports_when_domain_table_is_empty"/>
    <testcase time="0.626999999999995" classname="empty_report" name="tlg_functions_return_null_reports_when_domain_table_is_empty"/>
    <testcase time="0.176000000000002" classname="empty_report" name="tlg_functions_return_null_reports_when_domain_table_is_empty"/>
    <testcase time="0.154000000000011" classname="empty_report" name="tlg_functions_return_null_reports_when_domain_table_is_empty"/>
    <testcase time="0.221999999999994" classname="empty_report" name="tlg_functions_return_null_reports_when_domain_table_is_empty"/>
    <testcase time="0.140000000000001" classname="empty_report" name="tlg_functions_return_null_reports_when_domain_table_is_empty"/>
    <testcase time="0.063999999999993" classname="empty_report" name="tlg_functions_return_null_reports_when_domain_table_is_empty"/>
    <testcase time="0.0600000000000023" classname="empty_report" name="tlg_functions_return_null_reports_when_domain_table_is_empty"/>
    <testcase time="0.0699999999999932" classname="empty_report" name="tlg_functions_return_null_reports_when_domain_table_is_empty"/>
    <testcase time="0.0480000000000018" classname="empty_report" name="tlg_functions_return_null_reports_when_domain_table_is_empty"/>
    <testcase time="0.0480000000000018" classname="empty_report" name="tlg_functions_return_null_reports_when_domain_table_is_empty"/>
    <testcase time="0.0589999999999975" classname="empty_report" name="tlg_functions_return_null_reports_when_domain_table_is_empty"/>
    <testcase time="0.38300000000001" classname="empty_report" name="tlg_functions_return_null_reports_when_domain_table_is_empty"/>
    <testcase time="0.0559999999999974" classname="empty_report" name="tlg_functions_return_null_reports_when_domain_table_is_empty"/>
    <testcase time="0.406999999999996" classname="empty_report" name="tlg_functions_return_null_reports_when_domain_table_is_empty"/>
    <testcase time="0.100999999999999" classname="empty_report" name="tlg_functions_return_null_reports_when_domain_table_is_empty"/>
    <testcase time="0.108000000000004" classname="empty_report" name="tlg_functions_return_null_reports_when_domain_table_is_empty"/>
    <testcase time="0.054000000000002" classname="empty_report" name="tlg_functions_return_null_reports_when_domain_table_is_empty"/>
    <testcase time="0.054000000000002" classname="empty_report" name="tlg_functions_return_null_reports_when_domain_table_is_empty"/>
    <testcase time="0.106999999999999" classname="empty_report" name="tlg_functions_return_null_reports_when_domain_table_is_empty"/>
    <testcase time="0.0859999999999985" classname="empty_report" name="tlg_functions_return_null_reports_when_domain_table_is_empty"/>
  </testsuite>
  <testsuite name="lbt01" timestamp="2023-02-10T22:39:39Z" hostname="151fa9b8e2da" tests="2" skipped="1" failures="0" errors="0" time="1.491">
    <testcase time="1.322" classname="lbt01" name="lbt01_1_can_handle_n_0_and_outputs_NE_instead_of_infs_and_NAs"/>
    <testcase time="0.168999999999997" classname="lbt01" name="lbt01_1_can_handle_n_0_and_outputs_NE_instead_of_infs_and_NAs">
      <skipped message="Reason: On CRAN ('test-lbt01.R:11')"/>
    </testcase>
  </testsuite>
  <testsuite name="lbt04" timestamp="2023-02-10T22:39:41Z" hostname="151fa9b8e2da" tests="4" skipped="2" failures="0" errors="0" time="0.657">
    <testcase time="0.113" classname="lbt04" name="lbt04_can_handle_all_NA_values"/>
    <testcase time="0.0240000000000009" classname="lbt04" name="lbt04_can_handle_all_NA_values">
      <skipped message="Reason: On CRAN ('test-lbt04.R:10')"/>
    </testcase>
    <testcase time="0.408999999999992" classname="lbt04" name="lbt04_can_handle_some_NA_values"/>
    <testcase time="0.111000000000004" classname="lbt04" name="lbt04_can_handle_some_NA_values">
      <skipped message="Reason: On CRAN ('test-lbt04.R:24')"/>
    </testcase>
  </testsuite>
  <testsuite name="lbt05" timestamp="2023-02-10T22:39:42Z" hostname="151fa9b8e2da" tests="3" skipped="1" failures="0" errors="0" time="0.986">
    <testcase time="0.442999999999998" classname="lbt05" name="lbt05_give_all_0_count_if_ANRIND_are_all_missing"/>
    <testcase time="0.435000000000002" classname="lbt05" name="lbt05_can_handle_some_NA_values"/>
    <testcase time="0.10799999999999" classname="lbt05" name="lbt05_can_handle_some_NA_values">
      <skipped message="Reason: On CRAN ('test-lbt05.R:24')"/>
    </testcase>
  </testsuite>
  <testsuite name="lbt07" timestamp="2023-02-10T22:39:43Z" hostname="151fa9b8e2da" tests="2" skipped="1" failures="0" errors="0" time="0.821">
    <testcase time="0.674000000000007" classname="lbt07" name="lbt07_can_handle_some_NA_values"/>
    <testcase time="0.146999999999991" classname="lbt07" name="lbt07_can_handle_some_NA_values">
      <skipped message="Reason: On CRAN ('test-lbt07.R:12')"/>
    </testcase>
  </testsuite>
  <testsuite name="lbt14" timestamp="2023-02-10T22:39:43Z" hostname="151fa9b8e2da" tests="8" skipped="4" failures="0" errors="0" time="6.755">
    <testcase time="1.399" classname="lbt14" name="lbt14_1_can_handle_all_NA_values"/>
    <testcase time="0.0480000000000018" classname="lbt14" name="lbt14_1_can_handle_all_NA_values">
      <skipped message="Reason: On CRAN ('test-lbt14.R:11')"/>
    </testcase>
    <testcase time="1.857" classname="lbt14" name="lbt14_1_can_handle_some_NA_values"/>
    <testcase time="0.256" classname="lbt14" name="lbt14_1_can_handle_some_NA_values">
      <skipped message="Reason: On CRAN ('test-lbt14.R:30')"/>
    </testcase>
    <testcase time="1.298" classname="lbt14" name="lbt14_2_can_handle_all_NA_values"/>
    <testcase time="0.0460000000000065" classname="lbt14" name="lbt14_2_can_handle_all_NA_values">
      <skipped message="Reason: On CRAN ('test-lbt14.R:43')"/>
    </testcase>
    <testcase time="1.56699999999999" classname="lbt14" name="lbt14_2_can_handle_some_NA_values"/>
    <testcase time="0.284000000000006" classname="lbt14" name="lbt14_2_can_handle_some_NA_values">
      <skipped message="Reason: On CRAN ('test-lbt14.R:62')"/>
    </testcase>
  </testsuite>
  <testsuite name="mng01" timestamp="2023-02-10T22:39:50Z" hostname="151fa9b8e2da" tests="2" skipped="0" failures="0" errors="0" time="2.233">
    <testcase time="1.17699999999999" classname="mng01" name="mng01_1_works_as_expected"/>
    <testcase time="1.05600000000001" classname="mng01" name="mng01_1_works_as_expected_with_custom_color_set"/>
  </testsuite>
  <testsuite name="pdt01" timestamp="2023-02-10T22:39:52Z" hostname="151fa9b8e2da" tests="4" skipped="2" failures="0" errors="0" time="0.594">
    <testcase time="0.135999999999996" classname="pdt01" name="pdt01_1_can_handle_all_NA_values"/>
    <testcase time="0.0289999999999964" classname="pdt01" name="pdt01_1_can_handle_all_NA_values">
      <skipped message="Reason: On CRAN ('test-pdt01.R:11')"/>
    </testcase>
    <testcase time="0.317999999999998" classname="pdt01" name="pdt01_1_can_handle_some_NA_values"/>
    <testcase time="0.111000000000004" classname="pdt01" name="pdt01_1_can_handle_some_NA_values">
      <skipped message="Reason: On CRAN ('test-pdt01.R:27')"/>
    </testcase>
  </testsuite>
  <testsuite name="pdt02" timestamp="2023-02-10T22:39:53Z" hostname="151fa9b8e2da" tests="4" skipped="2" failures="0" errors="0" time="0.512">
    <testcase time="0.173999999999992" classname="pdt02" name="pdt02_1_can_handle_all_NA_values"/>
    <testcase time="0.0400000000000063" classname="pdt02" name="pdt02_1_can_handle_all_NA_values">
      <skipped message="Reason: On CRAN ('test-pdt02.R:11')"/>
    </testcase>
    <testcase time="0.251000000000005" classname="pdt02" name="pdt02_1_can_handle_some_NA_values"/>
    <testcase time="0.046999999999997" classname="pdt02" name="pdt02_1_can_handle_some_NA_values">
      <skipped message="Reason: On CRAN ('test-pdt02.R:27')"/>
    </testcase>
  </testsuite>
  <testsuite name="utils" timestamp="2023-02-10T22:39:54Z" hostname="151fa9b8e2da" tests="17" skipped="0" failures="0" errors="0" time="0.083">
    <testcase time="0.0150000000000006" classname="utils" name="h_format_dec_works_as_exected"/>
    <testcase time="0.00300000000000011" classname="utils" name="h_format_dec_works_as_exected"/>
    <testcase time="0.000999999999990564" classname="utils" name="h_format_dec_works_as_exected"/>
    <testcase time="0.00400000000000489" classname="utils" name="h_format_dec_works_as_exected"/>
    <testcase time="0.00100000000000477" classname="utils" name="h_format_dec_works_as_exected"/>
    <testcase time="0.00399999999999068" classname="utils" name="h_format_dec_works_as_exected"/>
    <testcase time="0.00200000000000955" classname="utils" name="h_format_dec_works_as_exected"/>
    <testcase time="0.00300000000000011" classname="utils" name="h_format_dec_works_as_exected"/>
    <testcase time="0.00799999999999557" classname="utils" name="h_format_dec_works_as_exected"/>
    <testcase time="0.00499999999999545" classname="utils" name="h_format_dec_works_as_exected"/>
    <testcase time="0.00199999999999534" classname="utils" name="h_format_dec_works_as_exected"/>
    <testcase time="0.00500000000000966" classname="utils" name="h_format_dec_works_as_exected"/>
    <testcase time="0.00799999999999557" classname="utils" name="h_format_dec_works_as_expected_with_more_than_one_value"/>
    <testcase time="0.00300000000000011" classname="utils" name="h_format_dec_works_as_expected_with_more_than_one_value"/>
    <testcase time="0.007000000000005" classname="utils" name="h_format_dec_works_returns_null_with_NA_format"/>
    <testcase time="0.00600000000000023" classname="utils" name="h_format_dec_works_as_expected_with_NA_digits"/>
    <testcase time="0.00600000000000023" classname="utils" name="h_format_dec_works_as_expected_with_NA_digits"/>
  </testsuite>
</testsuites>
