<?xml version="1.0" encoding="UTF-8"?>
<testsuites>
  <testsuite name="aet01" timestamp="2023-02-09T19:05:40Z" hostname="ee95137f72b9" tests="4" skipped="2" failures="0" errors="0" time="3.386">
    <testcase time="2.264" classname="aet01" name="aet01_can_handle_all_NA_values"/>
    <testcase time="0.205" classname="aet01" name="aet01_can_handle_all_NA_values">
      <skipped message="Reason: On CRAN ('test-aet01.R:13')"/>
    </testcase>
    <testcase time="0.694" classname="aet01" name="aet01_can_handle_some_NA_values"/>
    <testcase time="0.223000000000001" classname="aet01" name="aet01_can_handle_some_NA_values">
      <skipped message="Reason: On CRAN ('test-aet01.R:29')"/>
    </testcase>
  </testsuite>
  <testsuite name="aet01_aesi" timestamp="2023-02-09T19:05:44Z" hostname="ee95137f72b9" tests="4" skipped="2" failures="0" errors="0" time="1.535">
    <testcase time="0.681" classname="aet01_aesi" name="aet01_aesi_can_handle_all_NA_values"/>
    <testcase time="0.106999999999999" classname="aet01_aesi" name="aet01_aesi_can_handle_all_NA_values">
      <skipped message="Reason: On CRAN ('test-aet01_aesi.R:18')"/>
    </testcase>
    <testcase time="0.645" classname="aet01_aesi" name="aet01_aesi_can_handle_some_NA_values"/>
    <testcase time="0.102" classname="aet01_aesi" name="aet01_aesi_can_handle_some_NA_values">
      <skipped message="Reason: On CRAN ('test-aet01_aesi.R:30')"/>
    </testcase>
  </testsuite>
  <testsuite name="aet03" timestamp="2023-02-09T19:05:45Z" hostname="ee95137f72b9" tests="4" skipped="2" failures="0" errors="0" time="3.195">
    <testcase time="0.610000000000001" classname="aet03" name="aet03_can_handle_NA_values"/>
    <testcase time="0.0960000000000001" classname="aet03" name="aet03_can_handle_NA_values">
      <skipped message="Reason: On CRAN ('test-aet03.R:11')"/>
    </testcase>
    <testcase time="2.179" classname="aet03" name="aet03_can_handle_some_NA_values"/>
    <testcase time="0.31" classname="aet03" name="aet03_can_handle_some_NA_values">
      <skipped message="Reason: On CRAN ('test-aet03.R:29')"/>
    </testcase>
  </testsuite>
  <testsuite name="aet04" timestamp="2023-02-09T19:05:48Z" hostname="ee95137f72b9" tests="4" skipped="2" failures="0" errors="0" time="3.82">
    <testcase time="0.664" classname="aet04" name="aet04_can_handle_NA_values"/>
    <testcase time="0.144" classname="aet04" name="aet04_can_handle_NA_values">
      <skipped message="Reason: On CRAN ('test-aet04.R:11')"/>
    </testcase>
    <testcase time="2.576" classname="aet04" name="aet04_can_handle_some_NA_values"/>
    <testcase time="0.436" classname="aet04" name="aet04_can_handle_some_NA_values">
      <skipped message="Reason: On CRAN ('test-aet04.R:44')"/>
    </testcase>
  </testsuite>
  <testsuite name="assertions" timestamp="2023-02-09T19:05:52Z" hostname="ee95137f72b9" tests="11" skipped="0" failures="0" errors="0" time="2.018">
    <testcase time="0.0220000000000002" classname="assertions" name="assert_colnames_works_as_expected"/>
    <testcase time="0.0120000000000005" classname="assertions" name="assert_colnames_works_as_expected"/>
    <testcase time="0.00300000000000011" classname="assertions" name="assert_colnames_works_as_expected"/>
    <testcase time="0.00699999999999967" classname="assertions" name="assert_colnames_works_as_expected"/>
    <testcase time="0.544" classname="assertions" name="assert_one_tablenames_works_as_expected"/>
    <testcase time="0.268999999999998" classname="assertions" name="assert_one_tablenames_works_as_expected"/>
    <testcase time="0.231999999999999" classname="assertions" name="assert_one_tablenames_works_as_expected"/>
    <testcase time="0.233000000000001" classname="assertions" name="assert_one_tablenames_works_as_expected"/>
    <testcase time="0.224" classname="assertions" name="assert_all_tablenames_works_as_expected"/>
    <testcase time="0.241" classname="assertions" name="assert_all_tablenames_works_as_expected"/>
    <testcase time="0.231000000000002" classname="assertions" name="assert_all_tablenames_works_as_expected"/>
  </testsuite>
  <testsuite name="checks" timestamp="2023-02-09T19:05:54Z" hostname="ee95137f72b9" tests="8" skipped="0" failures="0" errors="0" time="0.052">
    <testcase time="0.0109999999999992" classname="checks" name="check_all_colnames_works_as_expected"/>
    <testcase time="0.0130000000000017" classname="checks" name="check_all_colnames_works_as_expected"/>
    <testcase time="0.00200000000000244" classname="checks" name="check_all_colnames_works_as_expected"/>
    <testcase time="0.00499999999999901" classname="checks" name="check_all_colnames_works_as_expected"/>
    <testcase time="0.0069999999999979" classname="checks" name="check_one_colnames_works_as_expected"/>
    <testcase time="0.00500000000000256" classname="checks" name="check_one_colnames_works_as_expected"/>
    <testcase time="0.00399999999999778" classname="checks" name="check_one_colnames_works_as_expected"/>
    <testcase time="0.00500000000000256" classname="checks" name="check_one_colnames_works_as_expected"/>
  </testsuite>
  <testsuite name="chevron_tlg-class" timestamp="2023-02-09T19:05:54Z" hostname="ee95137f72b9" tests="24" skipped="0" failures="0" errors="0" time="0.12">
    <testcase time="0.0130000000000017" classname="chevron_tlg_class" name="chevron_t_object_can_be_constructed_with_default_values"/>
    <testcase time="0.00600000000000023" classname="chevron_tlg_class" name="chevron_t_object_can_be_constructed_with_default_values"/>
    <testcase time="0.00799999999999912" classname="chevron_tlg_class" name="chevron_t_object_can_be_constructed_with_custom_values"/>
    <testcase time="0.00499999999999901" classname="chevron_tlg_class" name="chevron_t_object_can_be_constructed_with_custom_values"/>
    <testcase time="0.00400000000000134" classname="chevron_tlg_class" name="chevron_t_object_can_be_constructed_with_custom_values"/>
    <testcase time="0.0069999999999979" classname="chevron_tlg_class" name="chevron_t_object_can_be_constructed_with_custom_values"/>
    <testcase time="0.0100000000000016" classname="chevron_tlg_class" name="chevron_t_constructor_returns_an_error_when_expected"/>
    <testcase time="0.00199999999999889" classname="chevron_tlg_class" name="chevron_t_constructor_returns_an_error_when_expected"/>
    <testcase time="0.00100000000000122" classname="chevron_tlg_class" name="chevron_t_constructor_returns_an_error_when_expected"/>
    <testcase time="0.00199999999999889" classname="chevron_tlg_class" name="chevron_t_constructor_returns_an_error_when_expected"/>
    <testcase time="0.00200000000000244" classname="chevron_tlg_class" name="chevron_t_constructor_returns_an_error_when_expected"/>
    <testcase time="0.000999999999997669" classname="chevron_tlg_class" name="chevron_t_constructor_returns_an_error_when_expected"/>
    <testcase time="0.00900000000000034" classname="chevron_tlg_class" name="chevron_l_object_can_be_constructed_with_default_values"/>
    <testcase time="0.00600000000000023" classname="chevron_tlg_class" name="chevron_l_object_can_be_constructed_with_default_values"/>
    <testcase time="0.00900000000000034" classname="chevron_tlg_class" name="chevron_g_object_can_be_constructed_with_custom_values"/>
    <testcase time="0.00600000000000023" classname="chevron_tlg_class" name="chevron_g_object_can_be_constructed_with_custom_values"/>
    <testcase time="0.00400000000000134" classname="chevron_tlg_class" name="chevron_g_object_can_be_constructed_with_custom_values"/>
    <testcase time="0.0069999999999979" classname="chevron_tlg_class" name="chevron_g_object_can_be_constructed_with_custom_values"/>
    <testcase time="0.00900000000000034" classname="chevron_tlg_class" name="chevron_g_constructor_returns_an_error_when_expected"/>
    <testcase time="0.00199999999999889" classname="chevron_tlg_class" name="chevron_g_constructor_returns_an_error_when_expected"/>
    <testcase time="0.00200000000000244" classname="chevron_tlg_class" name="chevron_g_constructor_returns_an_error_when_expected"/>
    <testcase time="0.000999999999997669" classname="chevron_tlg_class" name="chevron_g_constructor_returns_an_error_when_expected"/>
    <testcase time="0.00200000000000244" classname="chevron_tlg_class" name="chevron_g_constructor_returns_an_error_when_expected"/>
    <testcase time="0.00199999999999889" classname="chevron_tlg_class" name="chevron_g_constructor_returns_an_error_when_expected"/>
  </testsuite>
  <testsuite name="chevron_tlg-methods" timestamp="2023-02-09T19:05:54Z" hostname="ee95137f72b9" tests="12" skipped="4" failures="0" errors="0" time="3.043">
    <testcase time="2.877" classname="chevron_tlg_methods" name="run_works_as_expected_for_chevron_t_object">
      <skipped message="Reason: On CRAN ('test-chevron_tlg-methods.R:5')"/>
    </testcase>
    <testcase time="0.0190000000000019" classname="chevron_tlg_methods" name="main_works_as_expected"/>
    <testcase time="0.0129999999999981" classname="chevron_tlg_methods" name="main_setter_works_as_expected"/>
    <testcase time="0.0130000000000017" classname="chevron_tlg_methods" name="preprocess_works_as_expected"/>
    <testcase time="0.0180000000000007" classname="chevron_tlg_methods" name="preprocess_setter_works_as_expected"/>
    <testcase time="0.0169999999999995" classname="chevron_tlg_methods" name="postprocess_works_as_expected"/>
    <testcase time="0.0160000000000018" classname="chevron_tlg_methods" name="postprocess_setter_works_as_expected"/>
    <testcase time="0.00999999999999801" classname="chevron_tlg_methods" name="datasets_works_as_expected"/>
    <testcase time="0.0120000000000005" classname="chevron_tlg_methods" name="datasets_setter_works_as_expected"/>
    <testcase time="0.00700000000000145" classname="chevron_tlg_methods" name="main_works_as_expected">
      <skipped message="Reason: interactive() is not TRUE ('test-chevron_tlg-methods.R:66')"/>
    </testcase>
    <testcase time="0.0150000000000006" classname="chevron_tlg_methods" name="preprocess_works_as_expected">
      <skipped message="Reason: interactive() is not TRUE ('test-chevron_tlg-methods.R:74')"/>
    </testcase>
    <testcase time="0.0259999999999998" classname="chevron_tlg_methods" name="postprocess_works_as_expected">
      <skipped message="Reason: interactive() is not TRUE ('test-chevron_tlg-methods.R:82')"/>
    </testcase>
  </testsuite>
  <testsuite name="cmt01a" timestamp="2023-02-09T19:05:58Z" hostname="ee95137f72b9" tests="12" skipped="6" failures="0" errors="0" time="4.799">
    <testcase time="0.317999999999998" classname="cmt01a" name="cmt01a_can_handle_all_NA_values"/>
    <testcase time="0.0550000000000033" classname="cmt01a" name="cmt01a_can_handle_all_NA_values">
      <skipped message="Reason: On CRAN ('test-cmt01a.R:11')"/>
    </testcase>
    <testcase time="1.022" classname="cmt01a" name="cmt01a_can_handle_some_NA_values"/>
    <testcase time="0.239999999999998" classname="cmt01a" name="cmt01a_can_handle_some_NA_values">
      <skipped message="Reason: On CRAN ('test-cmt01a.R:27')"/>
    </testcase>
    <testcase time="0.283000000000001" classname="cmt01a" name="cmt01a_2_can_handle_all_NA_values"/>
    <testcase time="0.0560000000000009" classname="cmt01a" name="cmt01a_2_can_handle_all_NA_values">
      <skipped message="Reason: On CRAN ('test-cmt01a.R:40')"/>
    </testcase>
    <testcase time="1.043" classname="cmt01a" name="cmt01a_2_can_handle_some_NA_values"/>
    <testcase time="0.265000000000001" classname="cmt01a" name="cmt01a_2_can_handle_some_NA_values">
      <skipped message="Reason: On CRAN ('test-cmt01a.R:56')"/>
    </testcase>
    <testcase time="0.279" classname="cmt01a" name="cmt01a_3_can_handle_all_NA_values"/>
    <testcase time="0.0509999999999984" classname="cmt01a" name="cmt01a_3_can_handle_all_NA_values">
      <skipped message="Reason: On CRAN ('test-cmt01a.R:69')"/>
    </testcase>
    <testcase time="0.975999999999999" classname="cmt01a" name="cmt01a_3_can_handle_some_NA_values"/>
    <testcase time="0.211000000000002" classname="cmt01a" name="cmt01a_3_can_handle_some_NA_values">
      <skipped message="Reason: On CRAN ('test-cmt01a.R:85')"/>
    </testcase>
  </testsuite>
  <testsuite name="cmt02_pt" timestamp="2023-02-09T19:06:02Z" hostname="ee95137f72b9" tests="4" skipped="2" failures="0" errors="0" time="0.666">
    <testcase time="0.236000000000001" classname="cmt02_pt" name="cmt02_pt_1_can_handle_all_NA_values"/>
    <testcase time="0.0439999999999969" classname="cmt02_pt" name="cmt02_pt_1_can_handle_all_NA_values">
      <skipped message="Reason: On CRAN ('test-cmt02_pt.R:11')"/>
    </testcase>
    <testcase time="0.302" classname="cmt02_pt" name="cmt02_pt_1_can_handle_some_NA_values"/>
    <testcase time="0.0840000000000032" classname="cmt02_pt" name="cmt02_pt_1_can_handle_some_NA_values">
      <skipped message="Reason: On CRAN ('test-cmt02_pt.R:27')"/>
    </testcase>
  </testsuite>
  <testsuite name="default_tlg" timestamp="2023-02-09T19:06:03Z" hostname="ee95137f72b9" tests="34" skipped="34" failures="0" errors="0" time="54.119">
    <testcase time="0.782" classname="default_tlg" name="aet01_1_function_with_default_argument_value_return_expected_result_with_test_data">
      <skipped message="Reason: On CRAN ('test-default_tlg.R:5')"/>
    </testcase>
    <testcase time="0.855999999999998" classname="default_tlg" name="aet01_2_functions_with_default_argument_value_return_expected_result_with_test_data">
      <skipped message="Reason: On CRAN ('test-default_tlg.R:12')"/>
    </testcase>
    <testcase time="0.742000000000001" classname="default_tlg" name="aet01_aesi_1_function_with_default_argument_value_return_expected_result_with_test_data">
      <skipped message="Reason: On CRAN ('test-default_tlg.R:19')"/>
    </testcase>
    <testcase time="0.963999999999999" classname="default_tlg" name="aet02_1_functions_with_default_argument_value_return_expected_result_with_test_data">
      <skipped message="Reason: On CRAN ('test-default_tlg.R:26')"/>
    </testcase>
    <testcase time="1.697" classname="default_tlg" name="aet02_2_functions_with_default_argument_value_return_expected_result_with_test_data">
      <skipped message="Reason: On CRAN ('test-default_tlg.R:33')"/>
    </testcase>
    <testcase time="0.404" classname="default_tlg" name="aet02_3_functions_with_default_argument_value_return_expected_result_with_test_data">
      <skipped message="Reason: On CRAN ('test-default_tlg.R:40')"/>
    </testcase>
    <testcase time="2.414" classname="default_tlg" name="aet03_1_functions_with_default_argument_value_return_expected_result_with_test_data">
      <skipped message="Reason: On CRAN ('test-default_tlg.R:47')"/>
    </testcase>
    <testcase time="3.069" classname="default_tlg" name="aet04_1_functions_with_default_argument_value_return_expected_result_with_test_data">
      <skipped message="Reason: On CRAN ('test-default_tlg.R:54')"/>
    </testcase>
    <testcase time="1.159" classname="default_tlg" name="cmt01a_1_functions_with_default_argument_value_return_expected_result_with_test_data">
      <skipped message="Reason: On CRAN ('test-default_tlg.R:61')"/>
    </testcase>
    <testcase time="1.175" classname="default_tlg" name="cmt01a_2_functions_with_default_argument_value_return_expected_result_with_test_data">
      <skipped message="Reason: On CRAN ('test-default_tlg.R:68')"/>
    </testcase>
    <testcase time="1.13500000000001" classname="default_tlg" name="cmt01a_3_functions_with_default_argument_value_return_expected_result_with_test_data">
      <skipped message="Reason: On CRAN ('test-default_tlg.R:75')"/>
    </testcase>
    <testcase time="0.352999999999994" classname="default_tlg" name="cmt02_pt_1_functions_with_default_argument_value_return_expected_result_with_test_data">
      <skipped message="Reason: On CRAN ('test-default_tlg.R:82')"/>
    </testcase>
    <testcase time="3.026" classname="default_tlg" name="dmt01_1_functions_with_default_argument_value_return_expected_result_with_test_data">
      <skipped message="Reason: On CRAN ('test-default_tlg.R:89')"/>
    </testcase>
    <testcase time="0.533000000000001" classname="default_tlg" name="dst01_1_functions_with_default_argument_value_return_expected_result_with_test_data">
      <skipped message="Reason: On CRAN ('test-default_tlg.R:96')"/>
    </testcase>
    <testcase time="0.777000000000001" classname="default_tlg" name="dst01_2_functions_with_default_argument_value_return_expected_result_with_test_data">
      <skipped message="Reason: On CRAN ('test-default_tlg.R:103')"/>
    </testcase>
    <testcase time="1.01" classname="default_tlg" name="dst01_3_functions_with_default_argument_value_return_expected_result_with_test_data">
      <skipped message="Reason: On CRAN ('test-default_tlg.R:110')"/>
    </testcase>
    <testcase time="0.259" classname="default_tlg" name="dtht01_1_functions_with_default_argument_value_return_expected_result_with_test_data">
      <skipped message="Reason: On CRAN ('test-default_tlg.R:117')"/>
    </testcase>
    <testcase time="3.955" classname="default_tlg" name="gt01_1_functions_with_default_argument_value_return_expected_result_with_test_data">
      <skipped message="Reason: On CRAN ('test-default_tlg.R:124')"/>
    </testcase>
    <testcase time="0.390999999999998" classname="default_tlg" name="egt02_1_functions_with_default_argument_value_return_expected_result_with_test_data">
      <skipped message="Reason: On CRAN ('test-default_tlg.R:131')"/>
    </testcase>
    <testcase time="0.338999999999999" classname="default_tlg" name="egt02_2_functions_with_default_argument_value_return_expected_result_with_test_data">
      <skipped message="Reason: On CRAN ('test-default_tlg.R:138')"/>
    </testcase>
    <testcase time="0.327000000000005" classname="default_tlg" name="ext01_1_functions_with_default_argument_value_return_expected_result_with_test_data">
      <skipped message="Reason: On CRAN ('test-default_tlg.R:145')"/>
    </testcase>
    <testcase time="0.734999999999999" classname="default_tlg" name="ext01_2_functions_with_default_argument_value_return_expected_result_with_test_data">
      <skipped message="Reason: On CRAN ('test-default_tlg.R:152')"/>
    </testcase>
    <testcase time="2.755" classname="default_tlg" name="lbt01_1_functions_with_default_argument_value_return_expected_result_with_test_data">
      <skipped message="Reason: On CRAN ('test-default_tlg.R:159')"/>
    </testcase>
    <testcase time="0.733000000000004" classname="default_tlg" name="lbt04_1_functions_with_default_argument_value_return_expected_result_with_test_data">
      <skipped message="Reason: On CRAN ('test-default_tlg.R:166')"/>
    </testcase>
    <testcase time="0.768000000000001" classname="default_tlg" name="lbt05_1_functions_with_default_argument_value_return_expected_result_with_test_data">
      <skipped message="Reason: On CRAN ('test-default_tlg.R:173')"/>
    </testcase>
    <testcase time="1.123" classname="default_tlg" name="lbt07_1_functions_with_default_argument_value_return_expected_result_with_test_data">
      <skipped message="Reason: On CRAN ('test-default_tlg.R:180')"/>
    </testcase>
    <testcase time="2.352" classname="default_tlg" name="lbt14_1_functions_with_default_argument_value_return_expected_result_with_test_data">
      <skipped message="Reason: On CRAN ('test-default_tlg.R:187')"/>
    </testcase>
    <testcase time="2.374" classname="default_tlg" name="lbt14_2_functions_with_default_argument_value_return_expected_result_with_test_data">
      <skipped message="Reason: On CRAN ('test-default_tlg.R:194')"/>
    </testcase>
    <testcase time="0.640000000000001" classname="default_tlg" name="mht01_1_functions_with_default_argument_value_return_expected_result_with_test_data">
      <skipped message="Reason: On CRAN ('test-default_tlg.R:201')"/>
    </testcase>
    <testcase time="7.73399999999999" classname="default_tlg" name="vst01_1_functions_with_default_argument_value_return_expected_result_with_test_data">
      <skipped message="Reason: On CRAN ('test-default_tlg.R:208')"/>
    </testcase>
    <testcase time="7.97600000000001" classname="default_tlg" name="vst01_1_functions_with_default_argument_value_return_expected_result_with_test_data">
      <skipped message="Reason: On CRAN ('test-default_tlg.R:215')"/>
    </testcase>
    <testcase time="0.613" classname="default_tlg" name="vst02_1_functions_with_default_argument_value_return_expected_result_with_test_data">
      <skipped message="Reason: On CRAN ('test-default_tlg.R:222')"/>
    </testcase>
    <testcase time="0.617999999999995" classname="default_tlg" name="vst02_2_functions_with_default_argument_value_return_expected_result_with_test_data">
      <skipped message="Reason: On CRAN ('test-default_tlg.R:229')"/>
    </testcase>
    <testcase time="0.331000000000003" classname="default_tlg" name="pdt02_1_function_with_default_argument_value_return_expected_result_with_test_data">
      <skipped message="Reason: On CRAN ('test-default_tlg.R:236')"/>
    </testcase>
  </testsuite>
  <testsuite name="dmt01" timestamp="2023-02-09T19:06:57Z" hostname="ee95137f72b9" tests="4" skipped="2" failures="0" errors="0" time="6.176">
    <testcase time="2.871" classname="dmt01" name="dmt01_1_can_handle_NA_values"/>
    <testcase time="0.126999999999995" classname="dmt01" name="dmt01_1_can_handle_NA_values">
      <skipped message="Reason: On CRAN ('test-dmt01.R:11')"/>
    </testcase>
    <testcase time="3.01400000000001" classname="dmt01" name="dmt01_1_can_handle_some_NA_values"/>
    <testcase time="0.164000000000001" classname="dmt01" name="dmt01_1_can_handle_some_NA_values">
      <skipped message="Reason: On CRAN ('test-dmt01.R:24')"/>
    </testcase>
  </testsuite>
  <testsuite name="dst01" timestamp="2023-02-09T19:07:03Z" hostname="ee95137f72b9" tests="26" skipped="13" failures="0" errors="0" time="8.215">
    <testcase time="0.35499999999999" classname="dst01" name="dst01_can_handle_all_NA_values"/>
    <testcase time="0.041000000000011" classname="dst01" name="dst01_can_handle_all_NA_values">
      <skipped message="Reason: On CRAN ('test-dst01.R:13')"/>
    </testcase>
    <testcase time="0.355999999999995" classname="dst01" name="dst01_1_can_handle_all_NA_values_in_disc_reason_var"/>
    <testcase time="0.0630000000000024" classname="dst01" name="dst01_1_can_handle_all_NA_values_in_disc_reason_var">
      <skipped message="Reason: On CRAN ('test-dst01.R:25')"/>
    </testcase>
    <testcase time="0.408000000000001" classname="dst01" name="dst01_1_can_handle_some_NA_values"/>
    <testcase time="0.108999999999995" classname="dst01" name="dst01_1_can_handle_some_NA_values">
      <skipped message="Reason: On CRAN ('test-dst01.R:38')"/>
    </testcase>
    <testcase time="0.373999999999995" classname="dst01" name="dst01_1_can_handle_missing_levels_in_status_var"/>
    <testcase time="0.0480000000000018" classname="dst01" name="dst01_1_can_handle_missing_levels_in_status_var">
      <skipped message="Reason: On CRAN ('test-dst01.R:50')"/>
    </testcase>
    <testcase time="0.374000000000009" classname="dst01" name="dst01_1_can_handle_missing_levels_in_disc_reason_var"/>
    <testcase time="0.0580000000000069" classname="dst01" name="dst01_1_can_handle_missing_levels_in_disc_reason_var">
      <skipped message="Reason: On CRAN ('test-dst01.R:62')"/>
    </testcase>
    <testcase time="0.334999999999994" classname="dst01" name="dst01_2_can_handle_all_NA_values"/>
    <testcase time="0.0400000000000063" classname="dst01" name="dst01_2_can_handle_all_NA_values">
      <skipped message="Reason: On CRAN ('test-dst01.R:78')"/>
    </testcase>
    <testcase time="0.329999999999998" classname="dst01" name="dst01_2_can_handle_all_NA_values_in_disc_reason_var"/>
    <testcase time="0.0600000000000023" classname="dst01" name="dst01_2_can_handle_all_NA_values_in_disc_reason_var">
      <skipped message="Reason: On CRAN ('test-dst01.R:90')"/>
    </testcase>
    <testcase time="0.617999999999995" classname="dst01" name="dst01_2_can_handle_some_NA_values"/>
    <testcase time="0.105000000000004" classname="dst01" name="dst01_2_can_handle_some_NA_values">
      <skipped message="Reason: On CRAN ('test-dst01.R:103')"/>
    </testcase>
    <testcase time="0.426999999999992" classname="dst01" name="dst01_2_can_handle_missing_levels_in_disc_reason_var"/>
    <testcase time="0.0670000000000073" classname="dst01" name="dst01_2_can_handle_missing_levels_in_disc_reason_var">
      <skipped message="Reason: On CRAN ('test-dst01.R:115')"/>
    </testcase>
    <testcase time="0.980000000000004" classname="dst01" name="dst01_3_can_handle_all_NA_values"/>
    <testcase time="0.0409999999999968" classname="dst01" name="dst01_3_can_handle_all_NA_values">
      <skipped message="Reason: On CRAN ('test-dst01.R:133')"/>
    </testcase>
    <testcase time="0.861999999999995" classname="dst01" name="dst01_3_can_handle_all_NA_values_in_status_treatment_var"/>
    <testcase time="0.120999999999995" classname="dst01" name="dst01_3_can_handle_all_NA_values_in_status_treatment_var">
      <skipped message="Reason: On CRAN ('test-dst01.R:145')"/>
    </testcase>
    <testcase time="0.864000000000004" classname="dst01" name="dst01_3_can_handle_some_NA_values_in_status_treatment_var"/>
    <testcase time="0.128" classname="dst01" name="dst01_3_can_handle_some_NA_values_in_status_treatment_var">
      <skipped message="Reason: On CRAN ('test-dst01.R:157')"/>
    </testcase>
    <testcase time="0.933999999999997" classname="dst01" name="dst01_3_can_handle_missing_levels_in_status_treatment_var"/>
    <testcase time="0.117000000000004" classname="dst01" name="dst01_3_can_handle_missing_levels_in_status_treatment_var">
      <skipped message="Reason: On CRAN ('test-dst01.R:169')"/>
    </testcase>
  </testsuite>
  <testsuite name="dtht01" timestamp="2023-02-09T19:07:11Z" hostname="ee95137f72b9" tests="5" skipped="3" failures="0" errors="0" time="2.046">
    <testcase time="0.519999999999996" classname="dtht01" name="dtht01_can_handle_all_NA_values"/>
    <testcase time="0.0500000000000114" classname="dtht01" name="dtht01_can_handle_all_NA_values">
      <skipped message="Reason: On CRAN ('test-dtht01.R:13')"/>
    </testcase>
    <testcase time="0.579000000000008" classname="dtht01" name="dtht01_can_handle_some_NA_values"/>
    <testcase time="0.162999999999997" classname="dtht01" name="dtht01_can_handle_some_NA_values">
      <skipped message="Reason: On CRAN ('test-dtht01.R:29')"/>
    </testcase>
    <testcase time="0.733999999999995" classname="dtht01" name="dtht01_can_be_parametrize_as_expected">
      <skipped message="Reason: On CRAN ('test-dtht01.R:38')"/>
    </testcase>
  </testsuite>
  <testsuite name="egt03" timestamp="2023-02-09T19:07:14Z" hostname="ee95137f72b9" tests="8" skipped="4" failures="0" errors="0" time="2.202">
    <testcase time="0.448000000000008" classname="egt03" name="egt03_1_can_handle_all_NA_values"/>
    <testcase time="0.109999999999999" classname="egt03" name="egt03_1_can_handle_all_NA_values">
      <skipped message="Reason: On CRAN ('test-egt03.R:11')"/>
    </testcase>
    <testcase time="0.433999999999997" classname="egt03" name="egt03_1_can_handle_some_NA_values"/>
    <testcase time="0.114000000000004" classname="egt03" name="egt03_1_can_handle_some_NA_values">
      <skipped message="Reason: On CRAN ('test-egt03.R:27')"/>
    </testcase>
    <testcase time="0.432999999999993" classname="egt03" name="egt03_2_can_handle_all_NA_values"/>
    <testcase time="0.118000000000009" classname="egt03" name="egt03_2_can_handle_all_NA_values">
      <skipped message="Reason: On CRAN ('test-egt03.R:40')"/>
    </testcase>
    <testcase time="0.437999999999988" classname="egt03" name="egt03_2_can_handle_some_NA_values"/>
    <testcase time="0.106999999999999" classname="egt03" name="egt03_2_can_handle_some_NA_values">
      <skipped message="Reason: On CRAN ('test-egt03.R:56')"/>
    </testcase>
  </testsuite>
  <testsuite name="empty_report" timestamp="2023-02-09T19:07:16Z" hostname="ee95137f72b9" tests="32" skipped="0" failures="0" errors="0" time="12.287">
    <testcase time="4.53100000000001" classname="empty_report" name="tlg_functions_return_null_reports_when_domain_table_is_empty"/>
    <testcase time="0.703999999999994" classname="empty_report" name="tlg_functions_return_null_reports_when_domain_table_is_empty"/>
    <testcase time="0.555999999999997" classname="empty_report" name="tlg_functions_return_null_reports_when_domain_table_is_empty"/>
    <testcase time="0.149000000000001" classname="empty_report" name="tlg_functions_return_null_reports_when_domain_table_is_empty"/>
    <testcase time="0.162000000000006" classname="empty_report" name="tlg_functions_return_null_reports_when_domain_table_is_empty"/>
    <testcase time="0.131999999999991" classname="empty_report" name="tlg_functions_return_null_reports_when_domain_table_is_empty"/>
    <testcase time="0.208000000000013" classname="empty_report" name="tlg_functions_return_null_reports_when_domain_table_is_empty"/>
    <testcase time="0.231999999999999" classname="empty_report" name="tlg_functions_return_null_reports_when_domain_table_is_empty"/>
    <testcase time="0.173999999999992" classname="empty_report" name="tlg_functions_return_null_reports_when_domain_table_is_empty"/>
    <testcase time="0.204000000000008" classname="empty_report" name="tlg_functions_return_null_reports_when_domain_table_is_empty"/>
    <testcase time="0.196999999999989" classname="empty_report" name="tlg_functions_return_null_reports_when_domain_table_is_empty"/>
    <testcase time="0.167000000000002" classname="empty_report" name="tlg_functions_return_null_reports_when_domain_table_is_empty"/>
    <testcase time="1.087" classname="empty_report" name="tlg_functions_return_null_reports_when_domain_table_is_empty"/>
    <testcase time="0.290999999999997" classname="empty_report" name="tlg_functions_return_null_reports_when_domain_table_is_empty"/>
    <testcase time="0.256" classname="empty_report" name="tlg_functions_return_null_reports_when_domain_table_is_empty"/>
    <testcase time="0.359999999999999" classname="empty_report" name="tlg_functions_return_null_reports_when_domain_table_is_empty"/>
    <testcase time="0.227000000000004" classname="empty_report" name="tlg_functions_return_null_reports_when_domain_table_is_empty"/>
    <testcase time="0.100999999999999" classname="empty_report" name="tlg_functions_return_null_reports_when_domain_table_is_empty"/>
    <testcase time="0.108999999999995" classname="empty_report" name="tlg_functions_return_null_reports_when_domain_table_is_empty"/>
    <testcase time="0.0910000000000082" classname="empty_report" name="tlg_functions_return_null_reports_when_domain_table_is_empty"/>
    <testcase time="0.0739999999999981" classname="empty_report" name="tlg_functions_return_null_reports_when_domain_table_is_empty"/>
    <testcase time="0.0870000000000033" classname="empty_report" name="tlg_functions_return_null_reports_when_domain_table_is_empty"/>
    <testcase time="0.0810000000000031" classname="empty_report" name="tlg_functions_return_null_reports_when_domain_table_is_empty"/>
    <testcase time="0.603999999999999" classname="empty_report" name="tlg_functions_return_null_reports_when_domain_table_is_empty"/>
    <testcase time="0.0879999999999939" classname="empty_report" name="tlg_functions_return_null_reports_when_domain_table_is_empty"/>
    <testcase time="0.625" classname="empty_report" name="tlg_functions_return_null_reports_when_domain_table_is_empty"/>
    <testcase time="0.150999999999996" classname="empty_report" name="tlg_functions_return_null_reports_when_domain_table_is_empty"/>
    <testcase time="0.163000000000011" classname="empty_report" name="tlg_functions_return_null_reports_when_domain_table_is_empty"/>
    <testcase time="0.0819999999999936" classname="empty_report" name="tlg_functions_return_null_reports_when_domain_table_is_empty"/>
    <testcase time="0.120000000000005" classname="empty_report" name="tlg_functions_return_null_reports_when_domain_table_is_empty"/>
    <testcase time="0.12299999999999" classname="empty_report" name="tlg_functions_return_null_reports_when_domain_table_is_empty"/>
    <testcase time="0.15100000000001" classname="empty_report" name="tlg_functions_return_null_reports_when_domain_table_is_empty"/>
  </testsuite>
  <testsuite name="lbt01" timestamp="2023-02-09T19:07:28Z" hostname="ee95137f72b9" tests="2" skipped="1" failures="0" errors="0" time="2.263">
    <testcase time="2.009" classname="lbt01" name="lbt01_1_can_handle_n_0_and_outputs_NE_instead_of_infs_and_NAs"/>
    <testcase time="0.253999999999991" classname="lbt01" name="lbt01_1_can_handle_n_0_and_outputs_NE_instead_of_infs_and_NAs">
      <skipped message="Reason: On CRAN ('test-lbt01.R:11')"/>
    </testcase>
  </testsuite>
  <testsuite name="lbt04" timestamp="2023-02-09T19:07:30Z" hostname="ee95137f72b9" tests="4" skipped="2" failures="0" errors="0" time="1.014">
    <testcase time="0.168999999999997" classname="lbt04" name="lbt04_can_handle_all_NA_values"/>
    <testcase time="0.0370000000000061" classname="lbt04" name="lbt04_can_handle_all_NA_values">
      <skipped message="Reason: On CRAN ('test-lbt04.R:10')"/>
    </testcase>
    <testcase time="0.631" classname="lbt04" name="lbt04_can_handle_some_NA_values"/>
    <testcase time="0.177000000000007" classname="lbt04" name="lbt04_can_handle_some_NA_values">
      <skipped message="Reason: On CRAN ('test-lbt04.R:24')"/>
    </testcase>
  </testsuite>
  <testsuite name="lbt05" timestamp="2023-02-09T19:07:31Z" hostname="ee95137f72b9" tests="3" skipped="1" failures="0" errors="0" time="1.496">
    <testcase time="0.672999999999988" classname="lbt05" name="lbt05_give_all_0_count_if_ANRIND_are_all_missing"/>
    <testcase time="0.64800000000001" classname="lbt05" name="lbt05_can_handle_some_NA_values"/>
    <testcase time="0.174999999999997" classname="lbt05" name="lbt05_can_handle_some_NA_values">
      <skipped message="Reason: On CRAN ('test-lbt05.R:24')"/>
    </testcase>
  </testsuite>
  <testsuite name="lbt07" timestamp="2023-02-09T19:07:33Z" hostname="ee95137f72b9" tests="2" skipped="1" failures="0" errors="0" time="1.286">
    <testcase time="1.045" classname="lbt07" name="lbt07_can_handle_some_NA_values"/>
    <testcase time="0.241" classname="lbt07" name="lbt07_can_handle_some_NA_values">
      <skipped message="Reason: On CRAN ('test-lbt07.R:12')"/>
    </testcase>
  </testsuite>
  <testsuite name="lbt14" timestamp="2023-02-09T19:07:34Z" hostname="ee95137f72b9" tests="8" skipped="4" failures="0" errors="0" time="10.092">
    <testcase time="2.09999999999999" classname="lbt14" name="lbt14_1_can_handle_all_NA_values"/>
    <testcase time="0.0940000000000083" classname="lbt14" name="lbt14_1_can_handle_all_NA_values">
      <skipped message="Reason: On CRAN ('test-lbt14.R:11')"/>
    </testcase>
    <testcase time="2.68799999999999" classname="lbt14" name="lbt14_1_can_handle_some_NA_values"/>
    <testcase time="0.430000000000007" classname="lbt14" name="lbt14_1_can_handle_some_NA_values">
      <skipped message="Reason: On CRAN ('test-lbt14.R:30')"/>
    </testcase>
    <testcase time="1.93300000000001" classname="lbt14" name="lbt14_2_can_handle_all_NA_values"/>
    <testcase time="0.0749999999999886" classname="lbt14" name="lbt14_2_can_handle_all_NA_values">
      <skipped message="Reason: On CRAN ('test-lbt14.R:43')"/>
    </testcase>
    <testcase time="2.32600000000001" classname="lbt14" name="lbt14_2_can_handle_some_NA_values"/>
    <testcase time="0.445999999999998" classname="lbt14" name="lbt14_2_can_handle_some_NA_values">
      <skipped message="Reason: On CRAN ('test-lbt14.R:62')"/>
    </testcase>
  </testsuite>
  <testsuite name="mng01" timestamp="2023-02-09T19:07:44Z" hostname="ee95137f72b9" tests="2" skipped="0" failures="0" errors="0" time="3.436">
    <testcase time="1.79599999999999" classname="mng01" name="mng01_1_works_as_expected"/>
    <testcase time="1.64000000000001" classname="mng01" name="mng01_1_works_as_expected_with_custom_color_set"/>
  </testsuite>
  <testsuite name="pdt01" timestamp="2023-02-09T19:07:48Z" hostname="ee95137f72b9" tests="4" skipped="2" failures="0" errors="0" time="0.873">
    <testcase time="0.186999999999983" classname="pdt01" name="pdt01_1_can_handle_all_NA_values"/>
    <testcase time="0.0589999999999975" classname="pdt01" name="pdt01_1_can_handle_all_NA_values">
      <skipped message="Reason: On CRAN ('test-pdt01.R:11')"/>
    </testcase>
    <testcase time="0.459000000000003" classname="pdt01" name="pdt01_1_can_handle_some_NA_values"/>
    <testcase time="0.168000000000006" classname="pdt01" name="pdt01_1_can_handle_some_NA_values">
      <skipped message="Reason: On CRAN ('test-pdt01.R:27')"/>
    </testcase>
  </testsuite>
  <testsuite name="pdt02" timestamp="2023-02-09T19:07:48Z" hostname="ee95137f72b9" tests="4" skipped="2" failures="0" errors="0" time="0.731">
    <testcase time="0.247000000000014" classname="pdt02" name="pdt02_1_can_handle_all_NA_values"/>
    <testcase time="0.0479999999999734" classname="pdt02" name="pdt02_1_can_handle_all_NA_values">
      <skipped message="Reason: On CRAN ('test-pdt02.R:11')"/>
    </testcase>
    <testcase time="0.345000000000027" classname="pdt02" name="pdt02_1_can_handle_some_NA_values"/>
    <testcase time="0.0909999999999798" classname="pdt02" name="pdt02_1_can_handle_some_NA_values">
      <skipped message="Reason: On CRAN ('test-pdt02.R:27')"/>
    </testcase>
  </testsuite>
  <testsuite name="utils" timestamp="2023-02-09T19:07:49Z" hostname="ee95137f72b9" tests="17" skipped="0" failures="0" errors="0" time="0.106">
    <testcase time="0.0200000000000102" classname="utils" name="h_format_dec_works_as_exected"/>
    <testcase time="0.00499999999999545" classname="utils" name="h_format_dec_works_as_exected"/>
    <testcase time="0.00300000000001432" classname="utils" name="h_format_dec_works_as_exected"/>
    <testcase time="0.00499999999999545" classname="utils" name="h_format_dec_works_as_exected"/>
    <testcase time="0.0029999999999859" classname="utils" name="h_format_dec_works_as_exected"/>
    <testcase time="0.00499999999999545" classname="utils" name="h_format_dec_works_as_exected"/>
    <testcase time="0.00200000000000955" classname="utils" name="h_format_dec_works_as_exected"/>
    <testcase time="0.00600000000000023" classname="utils" name="h_format_dec_works_as_exected"/>
    <testcase time="0.00200000000000955" classname="utils" name="h_format_dec_works_as_exected"/>
    <testcase time="0.00499999999999545" classname="utils" name="h_format_dec_works_as_exected"/>
    <testcase time="0.00200000000000955" classname="utils" name="h_format_dec_works_as_exected"/>
    <testcase time="0.00599999999997181" classname="utils" name="h_format_dec_works_as_exected"/>
    <testcase time="0.00900000000001455" classname="utils" name="h_format_dec_works_as_expected_with_more_than_one_value"/>
    <testcase time="0.00499999999999545" classname="utils" name="h_format_dec_works_as_expected_with_more_than_one_value"/>
    <testcase time="0.00900000000001455" classname="utils" name="h_format_dec_works_returns_null_with_NA_format"/>
    <testcase time="0.00899999999998613" classname="utils" name="h_format_dec_works_as_expected_with_NA_digits"/>
    <testcase time="0.00999999999999091" classname="utils" name="h_format_dec_works_as_expected_with_NA_digits"/>
  </testsuite>
</testsuites>
