<?xml version="1.0" encoding="UTF-8"?>
<testsuites>
  <testsuite name="aet01" timestamp="2023-02-07T17:46:33Z" hostname="17bfa15684a9" tests="4" skipped="2" failures="0" errors="0" time="2.178">
    <testcase time="1.498" classname="aet01" name="aet01_can_handle_all_NA_values"/>
    <testcase time="0.132000000000001" classname="aet01" name="aet01_can_handle_all_NA_values">
      <skipped message="Reason: On CRAN ('test-aet01.R:13')"/>
    </testcase>
    <testcase time="0.409" classname="aet01" name="aet01_can_handle_some_NA_values"/>
    <testcase time="0.139" classname="aet01" name="aet01_can_handle_some_NA_values">
      <skipped message="Reason: On CRAN ('test-aet01.R:29')"/>
    </testcase>
  </testsuite>
  <testsuite name="aet01_aesi" timestamp="2023-02-07T17:46:35Z" hostname="17bfa15684a9" tests="4" skipped="2" failures="0" errors="0" time="0.711">
    <testcase time="0.324" classname="aet01_aesi" name="aet01_aesi_can_handle_all_NA_values"/>
    <testcase time="0.0599999999999996" classname="aet01_aesi" name="aet01_aesi_can_handle_all_NA_values">
      <skipped message="Reason: On CRAN ('test-aet01_aesi.R:18')"/>
    </testcase>
    <testcase time="0.26" classname="aet01_aesi" name="aet01_aesi_can_handle_some_NA_values"/>
    <testcase time="0.0670000000000002" classname="aet01_aesi" name="aet01_aesi_can_handle_some_NA_values">
      <skipped message="Reason: On CRAN ('test-aet01_aesi.R:30')"/>
    </testcase>
  </testsuite>
  <testsuite name="aet03" timestamp="2023-02-07T17:46:35Z" hostname="17bfa15684a9" tests="4" skipped="2" failures="0" errors="0" time="1.961">
    <testcase time="0.304" classname="aet03" name="aet03_can_handle_all_NA_values"/>
    <testcase time="0.0339999999999998" classname="aet03" name="aet03_can_handle_all_NA_values">
      <skipped message="Reason: On CRAN ('test-aet03.R:12')"/>
    </testcase>
    <testcase time="1.415" classname="aet03" name="aet03_can_handle_some_NA_values"/>
    <testcase time="0.208" classname="aet03" name="aet03_can_handle_some_NA_values">
      <skipped message="Reason: On CRAN ('test-aet03.R:30')"/>
    </testcase>
  </testsuite>
  <testsuite name="aet04" timestamp="2023-02-07T17:46:37Z" hostname="17bfa15684a9" tests="4" skipped="2" failures="0" errors="0" time="2.487">
    <testcase time="0.415" classname="aet04" name="aet04_can_handle_all_NA_values"/>
    <testcase time="0.102" classname="aet04" name="aet04_can_handle_all_NA_values">
      <skipped message="Reason: On CRAN ('test-aet04.R:11')"/>
    </testcase>
    <testcase time="1.716" classname="aet04" name="aet04_can_handle_some_NA_values"/>
    <testcase time="0.254" classname="aet04" name="aet04_can_handle_some_NA_values">
      <skipped message="Reason: On CRAN ('test-aet04.R:29')"/>
    </testcase>
  </testsuite>
  <testsuite name="assertions" timestamp="2023-02-07T17:46:40Z" hostname="17bfa15684a9" tests="11" skipped="0" failures="0" errors="0" time="1.277">
    <testcase time="0.0170000000000012" classname="assertions" name="assert_colnames_works_as_expected"/>
    <testcase time="0.00699999999999967" classname="assertions" name="assert_colnames_works_as_expected"/>
    <testcase time="0.00200000000000067" classname="assertions" name="assert_colnames_works_as_expected"/>
    <testcase time="0.00499999999999901" classname="assertions" name="assert_colnames_works_as_expected"/>
    <testcase time="0.173999999999999" classname="assertions" name="assert_one_tablenames_works_as_expected"/>
    <testcase time="0.152000000000001" classname="assertions" name="assert_one_tablenames_works_as_expected"/>
    <testcase time="0.151" classname="assertions" name="assert_one_tablenames_works_as_expected"/>
    <testcase time="0.141" classname="assertions" name="assert_one_tablenames_works_as_expected"/>
    <testcase time="0.15" classname="assertions" name="assert_all_tablenames_works_as_expected"/>
    <testcase time="0.337" classname="assertions" name="assert_all_tablenames_works_as_expected"/>
    <testcase time="0.141" classname="assertions" name="assert_all_tablenames_works_as_expected"/>
  </testsuite>
  <testsuite name="checks" timestamp="2023-02-07T17:46:41Z" hostname="17bfa15684a9" tests="8" skipped="0" failures="0" errors="0" time="0.037">
    <testcase time="0.00799999999999912" classname="checks" name="check_all_colnames_works_as_expected"/>
    <testcase time="0.0100000000000016" classname="checks" name="check_all_colnames_works_as_expected"/>
    <testcase time="0.00199999999999889" classname="checks" name="check_all_colnames_works_as_expected"/>
    <testcase time="0.00300000000000011" classname="checks" name="check_all_colnames_works_as_expected"/>
    <testcase time="0.00500000000000078" classname="checks" name="check_one_colnames_works_as_expected"/>
    <testcase time="0.00399999999999956" classname="checks" name="check_one_colnames_works_as_expected"/>
    <testcase time="0.00199999999999889" classname="checks" name="check_one_colnames_works_as_expected"/>
    <testcase time="0.00300000000000011" classname="checks" name="check_one_colnames_works_as_expected"/>
  </testsuite>
  <testsuite name="chevron_tlg-class" timestamp="2023-02-07T17:46:41Z" hostname="17bfa15684a9" tests="24" skipped="0" failures="0" errors="0" time="0.085">
    <testcase time="0.00900000000000034" classname="chevron_tlg_class" name="chevron_t_object_can_be_constructed_with_default_values"/>
    <testcase time="0.00299999999999834" classname="chevron_tlg_class" name="chevron_t_object_can_be_constructed_with_default_values"/>
    <testcase time="0.00499999999999901" classname="chevron_tlg_class" name="chevron_t_object_can_be_constructed_with_custom_values"/>
    <testcase time="0.00400000000000134" classname="chevron_tlg_class" name="chevron_t_object_can_be_constructed_with_custom_values"/>
    <testcase time="0.00300000000000011" classname="chevron_tlg_class" name="chevron_t_object_can_be_constructed_with_custom_values"/>
    <testcase time="0.00399999999999956" classname="chevron_tlg_class" name="chevron_t_object_can_be_constructed_with_custom_values"/>
    <testcase time="0.00699999999999967" classname="chevron_tlg_class" name="chevron_t_constructor_returns_an_error_when_expected"/>
    <testcase time="0.000999999999999446" classname="chevron_tlg_class" name="chevron_t_constructor_returns_an_error_when_expected"/>
    <testcase time="0.00100000000000122" classname="chevron_tlg_class" name="chevron_t_constructor_returns_an_error_when_expected"/>
    <testcase time="0.000999999999999446" classname="chevron_tlg_class" name="chevron_t_constructor_returns_an_error_when_expected"/>
    <testcase time="0.000999999999999446" classname="chevron_tlg_class" name="chevron_t_constructor_returns_an_error_when_expected"/>
    <testcase time="0.00100000000000122" classname="chevron_tlg_class" name="chevron_t_constructor_returns_an_error_when_expected"/>
    <testcase time="0.0129999999999999" classname="chevron_tlg_class" name="chevron_l_object_can_be_constructed_with_default_values"/>
    <testcase time="0.00399999999999956" classname="chevron_tlg_class" name="chevron_l_object_can_be_constructed_with_default_values"/>
    <testcase time="0.00600000000000023" classname="chevron_tlg_class" name="chevron_g_object_can_be_constructed_with_custom_values"/>
    <testcase time="0.00399999999999956" classname="chevron_tlg_class" name="chevron_g_object_can_be_constructed_with_custom_values"/>
    <testcase time="0.00200000000000067" classname="chevron_tlg_class" name="chevron_g_object_can_be_constructed_with_custom_values"/>
    <testcase time="0.00399999999999956" classname="chevron_tlg_class" name="chevron_g_object_can_be_constructed_with_custom_values"/>
    <testcase time="0.00499999999999901" classname="chevron_tlg_class" name="chevron_g_constructor_returns_an_error_when_expected"/>
    <testcase time="0.00200000000000067" classname="chevron_tlg_class" name="chevron_g_constructor_returns_an_error_when_expected"/>
    <testcase time="0.000999999999999446" classname="chevron_tlg_class" name="chevron_g_constructor_returns_an_error_when_expected"/>
    <testcase time="0.00100000000000122" classname="chevron_tlg_class" name="chevron_g_constructor_returns_an_error_when_expected"/>
    <testcase time="0.000999999999999446" classname="chevron_tlg_class" name="chevron_g_constructor_returns_an_error_when_expected"/>
    <testcase time="0.00200000000000067" classname="chevron_tlg_class" name="chevron_g_constructor_returns_an_error_when_expected"/>
  </testsuite>
  <testsuite name="chevron_tlg-methods" timestamp="2023-02-07T17:46:41Z" hostname="17bfa15684a9" tests="12" skipped="4" failures="0" errors="0" time="1.988">
    <testcase time="1.898" classname="chevron_tlg_methods" name="run_works_as_expected_for_chevron_t_object">
      <skipped message="Reason: On CRAN ('test-chevron_tlg-methods.R:5')"/>
    </testcase>
    <testcase time="0.0199999999999996" classname="chevron_tlg_methods" name="main_works_as_expected"/>
    <testcase time="0.00699999999999967" classname="chevron_tlg_methods" name="main_setter_works_as_expected"/>
    <testcase time="0.00600000000000023" classname="chevron_tlg_methods" name="preprocess_works_as_expected"/>
    <testcase time="0.00699999999999967" classname="chevron_tlg_methods" name="preprocess_setter_works_as_expected"/>
    <testcase time="0.00600000000000023" classname="chevron_tlg_methods" name="postprocess_works_as_expected"/>
    <testcase time="0.00699999999999967" classname="chevron_tlg_methods" name="postprocess_setter_works_as_expected"/>
    <testcase time="0.00600000000000023" classname="chevron_tlg_methods" name="datasets_works_as_expected"/>
    <testcase time="0.00699999999999967" classname="chevron_tlg_methods" name="datasets_setter_works_as_expected"/>
    <testcase time="0.00400000000000134" classname="chevron_tlg_methods" name="main_works_as_expected">
      <skipped message="Reason: interactive() is not TRUE ('test-chevron_tlg-methods.R:66')"/>
    </testcase>
    <testcase time="0.00999999999999979" classname="chevron_tlg_methods" name="preprocess_works_as_expected">
      <skipped message="Reason: interactive() is not TRUE ('test-chevron_tlg-methods.R:74')"/>
    </testcase>
    <testcase time="0.00999999999999979" classname="chevron_tlg_methods" name="postprocess_works_as_expected">
      <skipped message="Reason: interactive() is not TRUE ('test-chevron_tlg-methods.R:82')"/>
    </testcase>
  </testsuite>
  <testsuite name="cmt01a" timestamp="2023-02-07T17:46:43Z" hostname="17bfa15684a9" tests="12" skipped="6" failures="0" errors="0" time="3.089">
    <testcase time="0.204000000000001" classname="cmt01a" name="cmt01a_can_handle_all_NA_values"/>
    <testcase time="0.0349999999999984" classname="cmt01a" name="cmt01a_can_handle_all_NA_values">
      <skipped message="Reason: On CRAN ('test-cmt01a.R:11')"/>
    </testcase>
    <testcase time="0.655000000000001" classname="cmt01a" name="cmt01a_can_handle_some_NA_values"/>
    <testcase time="0.155999999999999" classname="cmt01a" name="cmt01a_can_handle_some_NA_values">
      <skipped message="Reason: On CRAN ('test-cmt01a.R:27')"/>
    </testcase>
    <testcase time="0.175000000000001" classname="cmt01a" name="cmt01a_2_can_handle_all_NA_values"/>
    <testcase time="0.0440000000000005" classname="cmt01a" name="cmt01a_2_can_handle_all_NA_values">
      <skipped message="Reason: On CRAN ('test-cmt01a.R:40')"/>
    </testcase>
    <testcase time="0.67" classname="cmt01a" name="cmt01a_2_can_handle_some_NA_values"/>
    <testcase time="0.16" classname="cmt01a" name="cmt01a_2_can_handle_some_NA_values">
      <skipped message="Reason: On CRAN ('test-cmt01a.R:56')"/>
    </testcase>
    <testcase time="0.182" classname="cmt01a" name="cmt01a_3_can_handle_all_NA_values"/>
    <testcase time="0.0329999999999995" classname="cmt01a" name="cmt01a_3_can_handle_all_NA_values">
      <skipped message="Reason: On CRAN ('test-cmt01a.R:69')"/>
    </testcase>
    <testcase time="0.639999999999999" classname="cmt01a" name="cmt01a_3_can_handle_some_NA_values"/>
    <testcase time="0.135000000000002" classname="cmt01a" name="cmt01a_3_can_handle_some_NA_values">
      <skipped message="Reason: On CRAN ('test-cmt01a.R:85')"/>
    </testcase>
  </testsuite>
  <testsuite name="cmt02_pt" timestamp="2023-02-07T17:46:46Z" hostname="17bfa15684a9" tests="4" skipped="2" failures="0" errors="0" time="0.422">
    <testcase time="0.155999999999999" classname="cmt02_pt" name="cmt02_pt_1_can_handle_all_NA_values"/>
    <testcase time="0.0280000000000022" classname="cmt02_pt" name="cmt02_pt_1_can_handle_all_NA_values">
      <skipped message="Reason: On CRAN ('test-cmt02_pt.R:11')"/>
    </testcase>
    <testcase time="0.184999999999999" classname="cmt02_pt" name="cmt02_pt_1_can_handle_some_NA_values"/>
    <testcase time="0.0530000000000008" classname="cmt02_pt" name="cmt02_pt_1_can_handle_some_NA_values">
      <skipped message="Reason: On CRAN ('test-cmt02_pt.R:27')"/>
    </testcase>
  </testsuite>
  <testsuite name="default_tlg" timestamp="2023-02-07T17:46:47Z" hostname="17bfa15684a9" tests="34" skipped="34" failures="0" errors="0" time="35.455">
    <testcase time="0.459999999999997" classname="default_tlg" name="aet01_1_function_with_default_argument_value_return_expected_result_with_test_data">
      <skipped message="Reason: On CRAN ('test-default_tlg.R:5')"/>
    </testcase>
    <testcase time="0.508000000000003" classname="default_tlg" name="aet01_2_functions_with_default_argument_value_return_expected_result_with_test_data">
      <skipped message="Reason: On CRAN ('test-default_tlg.R:12')"/>
    </testcase>
    <testcase time="0.329000000000001" classname="default_tlg" name="aet01_aesi_1_function_with_default_argument_value_return_expected_result_with_test_data">
      <skipped message="Reason: On CRAN ('test-default_tlg.R:19')"/>
    </testcase>
    <testcase time="0.623999999999999" classname="default_tlg" name="aet02_1_functions_with_default_argument_value_return_expected_result_with_test_data">
      <skipped message="Reason: On CRAN ('test-default_tlg.R:26')"/>
    </testcase>
    <testcase time="1.129" classname="default_tlg" name="aet02_2_functions_with_default_argument_value_return_expected_result_with_test_data">
      <skipped message="Reason: On CRAN ('test-default_tlg.R:33')"/>
    </testcase>
    <testcase time="0.274000000000001" classname="default_tlg" name="aet02_3_functions_with_default_argument_value_return_expected_result_with_test_data">
      <skipped message="Reason: On CRAN ('test-default_tlg.R:40')"/>
    </testcase>
    <testcase time="1.491" classname="default_tlg" name="aet03_1_functions_with_default_argument_value_return_expected_result_with_test_data">
      <skipped message="Reason: On CRAN ('test-default_tlg.R:47')"/>
    </testcase>
    <testcase time="2.02" classname="default_tlg" name="aet04_1_functions_with_default_argument_value_return_expected_result_with_test_data">
      <skipped message="Reason: On CRAN ('test-default_tlg.R:54')"/>
    </testcase>
    <testcase time="0.782" classname="default_tlg" name="cmt01a_1_functions_with_default_argument_value_return_expected_result_with_test_data">
      <skipped message="Reason: On CRAN ('test-default_tlg.R:61')"/>
    </testcase>
    <testcase time="0.785" classname="default_tlg" name="cmt01a_2_functions_with_default_argument_value_return_expected_result_with_test_data">
      <skipped message="Reason: On CRAN ('test-default_tlg.R:68')"/>
    </testcase>
    <testcase time="0.736000000000001" classname="default_tlg" name="cmt01a_3_functions_with_default_argument_value_return_expected_result_with_test_data">
      <skipped message="Reason: On CRAN ('test-default_tlg.R:75')"/>
    </testcase>
    <testcase time="0.231000000000002" classname="default_tlg" name="cmt02_pt_1_functions_with_default_argument_value_return_expected_result_with_test_data">
      <skipped message="Reason: On CRAN ('test-default_tlg.R:82')"/>
    </testcase>
    <testcase time="1.532" classname="default_tlg" name="dmt01_1_functions_with_default_argument_value_return_expected_result_with_test_data">
      <skipped message="Reason: On CRAN ('test-default_tlg.R:89')"/>
    </testcase>
    <testcase time="0.355999999999998" classname="default_tlg" name="dst01_1_functions_with_default_argument_value_return_expected_result_with_test_data">
      <skipped message="Reason: On CRAN ('test-default_tlg.R:96')"/>
    </testcase>
    <testcase time="0.488" classname="default_tlg" name="dst01_2_functions_with_default_argument_value_return_expected_result_with_test_data">
      <skipped message="Reason: On CRAN ('test-default_tlg.R:103')"/>
    </testcase>
    <testcase time="0.675000000000001" classname="default_tlg" name="dst01_3_functions_with_default_argument_value_return_expected_result_with_test_data">
      <skipped message="Reason: On CRAN ('test-default_tlg.R:110')"/>
    </testcase>
    <testcase time="0.161000000000001" classname="default_tlg" name="dtht01_1_functions_with_default_argument_value_return_expected_result_with_test_data">
      <skipped message="Reason: On CRAN ('test-default_tlg.R:117')"/>
    </testcase>
    <testcase time="2.737" classname="default_tlg" name="gt01_1_functions_with_default_argument_value_return_expected_result_with_test_data">
      <skipped message="Reason: On CRAN ('test-default_tlg.R:124')"/>
    </testcase>
    <testcase time="0.264000000000003" classname="default_tlg" name="egt02_1_functions_with_default_argument_value_return_expected_result_with_test_data">
      <skipped message="Reason: On CRAN ('test-default_tlg.R:131')"/>
    </testcase>
    <testcase time="0.238999999999997" classname="default_tlg" name="egt02_2_functions_with_default_argument_value_return_expected_result_with_test_data">
      <skipped message="Reason: On CRAN ('test-default_tlg.R:138')"/>
    </testcase>
    <testcase time="0.213999999999999" classname="default_tlg" name="ext01_1_functions_with_default_argument_value_return_expected_result_with_test_data">
      <skipped message="Reason: On CRAN ('test-default_tlg.R:145')"/>
    </testcase>
    <testcase time="0.502000000000002" classname="default_tlg" name="ext01_2_functions_with_default_argument_value_return_expected_result_with_test_data">
      <skipped message="Reason: On CRAN ('test-default_tlg.R:152')"/>
    </testcase>
    <testcase time="2.038" classname="default_tlg" name="lbt01_1_functions_with_default_argument_value_return_expected_result_with_test_data">
      <skipped message="Reason: On CRAN ('test-default_tlg.R:159')"/>
    </testcase>
    <testcase time="0.501000000000005" classname="default_tlg" name="lbt04_1_functions_with_default_argument_value_return_expected_result_with_test_data">
      <skipped message="Reason: On CRAN ('test-default_tlg.R:166')"/>
    </testcase>
    <testcase time="0.536999999999999" classname="default_tlg" name="lbt05_1_functions_with_default_argument_value_return_expected_result_with_test_data">
      <skipped message="Reason: On CRAN ('test-default_tlg.R:173')"/>
    </testcase>
    <testcase time="0.762" classname="default_tlg" name="lbt07_1_functions_with_default_argument_value_return_expected_result_with_test_data">
      <skipped message="Reason: On CRAN ('test-default_tlg.R:180')"/>
    </testcase>
    <testcase time="1.548" classname="default_tlg" name="lbt14_1_functions_with_default_argument_value_return_expected_result_with_test_data">
      <skipped message="Reason: On CRAN ('test-default_tlg.R:187')"/>
    </testcase>
    <testcase time="1.631" classname="default_tlg" name="lbt14_2_functions_with_default_argument_value_return_expected_result_with_test_data">
      <skipped message="Reason: On CRAN ('test-default_tlg.R:194')"/>
    </testcase>
    <testcase time="0.423000000000002" classname="default_tlg" name="mht01_1_functions_with_default_argument_value_return_expected_result_with_test_data">
      <skipped message="Reason: On CRAN ('test-default_tlg.R:201')"/>
    </testcase>
    <testcase time="5.187" classname="default_tlg" name="vst01_1_functions_with_default_argument_value_return_expected_result_with_test_data">
      <skipped message="Reason: On CRAN ('test-default_tlg.R:208')"/>
    </testcase>
    <testcase time="5.298" classname="default_tlg" name="vst01_1_functions_with_default_argument_value_return_expected_result_with_test_data">
      <skipped message="Reason: On CRAN ('test-default_tlg.R:215')"/>
    </testcase>
    <testcase time="0.390000000000001" classname="default_tlg" name="vst02_1_functions_with_default_argument_value_return_expected_result_with_test_data">
      <skipped message="Reason: On CRAN ('test-default_tlg.R:222')"/>
    </testcase>
    <testcase time="0.393999999999998" classname="default_tlg" name="vst02_2_functions_with_default_argument_value_return_expected_result_with_test_data">
      <skipped message="Reason: On CRAN ('test-default_tlg.R:229')"/>
    </testcase>
    <testcase time="0.209000000000003" classname="default_tlg" name="pdt02_1_function_with_default_argument_value_return_expected_result_with_test_data">
      <skipped message="Reason: On CRAN ('test-default_tlg.R:236')"/>
    </testcase>
  </testsuite>
  <testsuite name="dmt01" timestamp="2023-02-07T17:47:22Z" hostname="17bfa15684a9" tests="4" skipped="2" failures="0" errors="0" time="2.792">
    <testcase time="1.29199999999999" classname="dmt01" name="dmt01_1_can_handle_NA_values"/>
    <testcase time="0.0870000000000033" classname="dmt01" name="dmt01_1_can_handle_NA_values">
      <skipped message="Reason: On CRAN ('test-dmt01.R:11')"/>
    </testcase>
    <testcase time="1.31" classname="dmt01" name="dmt01_1_can_handle_some_NA_values"/>
    <testcase time="0.102999999999994" classname="dmt01" name="dmt01_1_can_handle_some_NA_values">
      <skipped message="Reason: On CRAN ('test-dmt01.R:24')"/>
    </testcase>
  </testsuite>
  <testsuite name="dst01" timestamp="2023-02-07T17:47:25Z" hostname="17bfa15684a9" tests="26" skipped="13" failures="0" errors="0" time="5.71">
    <testcase time="0.259" classname="dst01" name="dst01_can_handle_all_NA_values"/>
    <testcase time="0.0279999999999987" classname="dst01" name="dst01_can_handle_all_NA_values">
      <skipped message="Reason: On CRAN ('test-dst01.R:13')"/>
    </testcase>
    <testcase time="0.256" classname="dst01" name="dst01_1_can_handle_all_NA_values_in_disc_reason_var"/>
    <testcase time="0.0390000000000015" classname="dst01" name="dst01_1_can_handle_all_NA_values_in_disc_reason_var">
      <skipped message="Reason: On CRAN ('test-dst01.R:25')"/>
    </testcase>
    <testcase time="0.306999999999995" classname="dst01" name="dst01_1_can_handle_some_NA_values"/>
    <testcase time="0.0620000000000047" classname="dst01" name="dst01_1_can_handle_some_NA_values">
      <skipped message="Reason: On CRAN ('test-dst01.R:38')"/>
    </testcase>
    <testcase time="0.284999999999997" classname="dst01" name="dst01_1_can_handle_missing_levels_in_status_var"/>
    <testcase time="0.0320000000000036" classname="dst01" name="dst01_1_can_handle_missing_levels_in_status_var">
      <skipped message="Reason: On CRAN ('test-dst01.R:50')"/>
    </testcase>
    <testcase time="0.266999999999996" classname="dst01" name="dst01_1_can_handle_missing_levels_in_disc_reason_var"/>
    <testcase time="0.0470000000000041" classname="dst01" name="dst01_1_can_handle_missing_levels_in_disc_reason_var">
      <skipped message="Reason: On CRAN ('test-dst01.R:62')"/>
    </testcase>
    <testcase time="0.221999999999994" classname="dst01" name="dst01_2_can_handle_all_NA_values"/>
    <testcase time="0.0260000000000034" classname="dst01" name="dst01_2_can_handle_all_NA_values">
      <skipped message="Reason: On CRAN ('test-dst01.R:78')"/>
    </testcase>
    <testcase time="0.234000000000002" classname="dst01" name="dst01_2_can_handle_all_NA_values_in_disc_reason_var"/>
    <testcase time="0.0539999999999949" classname="dst01" name="dst01_2_can_handle_all_NA_values_in_disc_reason_var">
      <skipped message="Reason: On CRAN ('test-dst01.R:90')"/>
    </testcase>
    <testcase time="0.419000000000004" classname="dst01" name="dst01_2_can_handle_some_NA_values"/>
    <testcase time="0.0700000000000003" classname="dst01" name="dst01_2_can_handle_some_NA_values">
      <skipped message="Reason: On CRAN ('test-dst01.R:103')"/>
    </testcase>
    <testcase time="0.300999999999995" classname="dst01" name="dst01_2_can_handle_missing_levels_in_disc_reason_var"/>
    <testcase time="0.0460000000000065" classname="dst01" name="dst01_2_can_handle_missing_levels_in_disc_reason_var">
      <skipped message="Reason: On CRAN ('test-dst01.R:115')"/>
    </testcase>
    <testcase time="0.872" classname="dst01" name="dst01_3_can_handle_all_NA_values"/>
    <testcase time="0.0269999999999939" classname="dst01" name="dst01_3_can_handle_all_NA_values">
      <skipped message="Reason: On CRAN ('test-dst01.R:133')"/>
    </testcase>
    <testcase time="0.535000000000004" classname="dst01" name="dst01_3_can_handle_all_NA_values_in_status_treatment_var"/>
    <testcase time="0.0690000000000026" classname="dst01" name="dst01_3_can_handle_all_NA_values_in_status_treatment_var">
      <skipped message="Reason: On CRAN ('test-dst01.R:145')"/>
    </testcase>
    <testcase time="0.545999999999999" classname="dst01" name="dst01_3_can_handle_some_NA_values_in_status_treatment_var"/>
    <testcase time="0.0849999999999937" classname="dst01" name="dst01_3_can_handle_some_NA_values_in_status_treatment_var">
      <skipped message="Reason: On CRAN ('test-dst01.R:157')"/>
    </testcase>
    <testcase time="0.548000000000002" classname="dst01" name="dst01_3_can_handle_missing_levels_in_status_treatment_var"/>
    <testcase time="0.0740000000000052" classname="dst01" name="dst01_3_can_handle_missing_levels_in_status_treatment_var">
      <skipped message="Reason: On CRAN ('test-dst01.R:169')"/>
    </testcase>
  </testsuite>
  <testsuite name="dtht01" timestamp="2023-02-07T17:47:31Z" hostname="17bfa15684a9" tests="5" skipped="3" failures="0" errors="0" time="1.282">
    <testcase time="0.327999999999996" classname="dtht01" name="dtht01_can_handle_all_NA_values"/>
    <testcase time="0.0350000000000037" classname="dtht01" name="dtht01_can_handle_all_NA_values">
      <skipped message="Reason: On CRAN ('test-dtht01.R:13')"/>
    </testcase>
    <testcase time="0.369" classname="dtht01" name="dtht01_can_handle_some_NA_values"/>
    <testcase time="0.0989999999999966" classname="dtht01" name="dtht01_can_handle_some_NA_values">
      <skipped message="Reason: On CRAN ('test-dtht01.R:29')"/>
    </testcase>
    <testcase time="0.451000000000001" classname="dtht01" name="dtht01_can_be_parametrize_as_expected">
      <skipped message="Reason: On CRAN ('test-dtht01.R:38')"/>
    </testcase>
  </testsuite>
  <testsuite name="egt03" timestamp="2023-02-07T17:47:32Z" hostname="17bfa15684a9" tests="8" skipped="4" failures="0" errors="0" time="1.35">
    <testcase time="0.264000000000003" classname="egt03" name="egt03_1_can_handle_all_NA_values"/>
    <testcase time="0.0679999999999978" classname="egt03" name="egt03_1_can_handle_all_NA_values">
      <skipped message="Reason: On CRAN ('test-egt03.R:11')"/>
    </testcase>
    <testcase time="0.274000000000001" classname="egt03" name="egt03_1_can_handle_some_NA_values"/>
    <testcase time="0.0700000000000003" classname="egt03" name="egt03_1_can_handle_some_NA_values">
      <skipped message="Reason: On CRAN ('test-egt03.R:27')"/>
    </testcase>
    <testcase time="0.268000000000001" classname="egt03" name="egt03_2_can_handle_all_NA_values"/>
    <testcase time="0.0670000000000002" classname="egt03" name="egt03_2_can_handle_all_NA_values">
      <skipped message="Reason: On CRAN ('test-egt03.R:40')"/>
    </testcase>
    <testcase time="0.259999999999998" classname="egt03" name="egt03_2_can_handle_some_NA_values"/>
    <testcase time="0.0790000000000006" classname="egt03" name="egt03_2_can_handle_some_NA_values">
      <skipped message="Reason: On CRAN ('test-egt03.R:56')"/>
    </testcase>
  </testsuite>
  <testsuite name="empty_report" timestamp="2023-02-07T17:47:33Z" hostname="17bfa15684a9" tests="32" skipped="0" failures="0" errors="0" time="6.608">
    <testcase time="2.438" classname="empty_report" name="tlg_functions_return_null_reports_when_domain_table_is_empty"/>
    <testcase time="0.409999999999997" classname="empty_report" name="tlg_functions_return_null_reports_when_domain_table_is_empty"/>
    <testcase time="0.215000000000003" classname="empty_report" name="tlg_functions_return_null_reports_when_domain_table_is_empty"/>
    <testcase time="0.0989999999999895" classname="empty_report" name="tlg_functions_return_null_reports_when_domain_table_is_empty"/>
    <testcase time="0.0900000000000034" classname="empty_report" name="tlg_functions_return_null_reports_when_domain_table_is_empty"/>
    <testcase time="0.100000000000009" classname="empty_report" name="tlg_functions_return_null_reports_when_domain_table_is_empty"/>
    <testcase time="0.0949999999999989" classname="empty_report" name="tlg_functions_return_null_reports_when_domain_table_is_empty"/>
    <testcase time="0.108999999999995" classname="empty_report" name="tlg_functions_return_null_reports_when_domain_table_is_empty"/>
    <testcase time="0.097999999999999" classname="empty_report" name="tlg_functions_return_null_reports_when_domain_table_is_empty"/>
    <testcase time="0.120000000000005" classname="empty_report" name="tlg_functions_return_null_reports_when_domain_table_is_empty"/>
    <testcase time="0.0999999999999943" classname="empty_report" name="tlg_functions_return_null_reports_when_domain_table_is_empty"/>
    <testcase time="0.105999999999995" classname="empty_report" name="tlg_functions_return_null_reports_when_domain_table_is_empty"/>
    <testcase time="0.366" classname="empty_report" name="tlg_functions_return_null_reports_when_domain_table_is_empty"/>
    <testcase time="0.174000000000007" classname="empty_report" name="tlg_functions_return_null_reports_when_domain_table_is_empty"/>
    <testcase time="0.129999999999995" classname="empty_report" name="tlg_functions_return_null_reports_when_domain_table_is_empty"/>
    <testcase time="0.207999999999998" classname="empty_report" name="tlg_functions_return_null_reports_when_domain_table_is_empty"/>
    <testcase time="0.126000000000005" classname="empty_report" name="tlg_functions_return_null_reports_when_domain_table_is_empty"/>
    <testcase time="0.0669999999999931" classname="empty_report" name="tlg_functions_return_null_reports_when_domain_table_is_empty"/>
    <testcase time="0.0630000000000024" classname="empty_report" name="tlg_functions_return_null_reports_when_domain_table_is_empty"/>
    <testcase time="0.0519999999999925" classname="empty_report" name="tlg_functions_return_null_reports_when_domain_table_is_empty"/>
    <testcase time="0.0500000000000114" classname="empty_report" name="tlg_functions_return_null_reports_when_domain_table_is_empty"/>
    <testcase time="0.0499999999999972" classname="empty_report" name="tlg_functions_return_null_reports_when_domain_table_is_empty"/>
    <testcase time="0.0589999999999975" classname="empty_report" name="tlg_functions_return_null_reports_when_domain_table_is_empty"/>
    <testcase time="0.393000000000001" classname="empty_report" name="tlg_functions_return_null_reports_when_domain_table_is_empty"/>
    <testcase time="0.0570000000000022" classname="empty_report" name="tlg_functions_return_null_reports_when_domain_table_is_empty"/>
    <testcase time="0.397999999999996" classname="empty_report" name="tlg_functions_return_null_reports_when_domain_table_is_empty"/>
    <testcase time="0.0919999999999987" classname="empty_report" name="tlg_functions_return_null_reports_when_domain_table_is_empty"/>
    <testcase time="0.0880000000000081" classname="empty_report" name="tlg_functions_return_null_reports_when_domain_table_is_empty"/>
    <testcase time="0.0659999999999883" classname="empty_report" name="tlg_functions_return_null_reports_when_domain_table_is_empty"/>
    <testcase time="0.0550000000000068" classname="empty_report" name="tlg_functions_return_null_reports_when_domain_table_is_empty"/>
    <testcase time="0.0619999999999976" classname="empty_report" name="tlg_functions_return_null_reports_when_domain_table_is_empty"/>
    <testcase time="0.0720000000000027" classname="empty_report" name="tlg_functions_return_null_reports_when_domain_table_is_empty"/>
  </testsuite>
  <testsuite name="lbt01" timestamp="2023-02-07T17:47:40Z" hostname="17bfa15684a9" tests="2" skipped="1" failures="0" errors="0" time="1.499">
    <testcase time="1.32899999999999" classname="lbt01" name="lbt01_1_can_handle_n_0_and_outputs_NE_instead_of_infs_and_NAs"/>
    <testcase time="0.170000000000002" classname="lbt01" name="lbt01_1_can_handle_n_0_and_outputs_NE_instead_of_infs_and_NAs">
      <skipped message="Reason: On CRAN ('test-lbt01.R:11')"/>
    </testcase>
  </testsuite>
  <testsuite name="lbt04" timestamp="2023-02-07T17:47:41Z" hostname="17bfa15684a9" tests="4" skipped="2" failures="0" errors="0" time="0.672">
    <testcase time="0.113" classname="lbt04" name="lbt04_can_handle_all_NA_values"/>
    <testcase time="0.0250000000000057" classname="lbt04" name="lbt04_can_handle_all_NA_values">
      <skipped message="Reason: On CRAN ('test-lbt04.R:10')"/>
    </testcase>
    <testcase time="0.420999999999992" classname="lbt04" name="lbt04_can_handle_some_NA_values"/>
    <testcase time="0.113000000000014" classname="lbt04" name="lbt04_can_handle_some_NA_values">
      <skipped message="Reason: On CRAN ('test-lbt04.R:24')"/>
    </testcase>
  </testsuite>
  <testsuite name="lbt05" timestamp="2023-02-07T17:47:42Z" hostname="17bfa15684a9" tests="3" skipped="1" failures="0" errors="0" time="0.978">
    <testcase time="0.431999999999988" classname="lbt05" name="lbt05_give_all_0_count_if_ANRIND_are_all_missing"/>
    <testcase time="0.442000000000007" classname="lbt05" name="lbt05_can_handle_some_NA_values"/>
    <testcase time="0.103999999999999" classname="lbt05" name="lbt05_can_handle_some_NA_values">
      <skipped message="Reason: On CRAN ('test-lbt05.R:24')"/>
    </testcase>
  </testsuite>
  <testsuite name="lbt07" timestamp="2023-02-07T17:47:43Z" hostname="17bfa15684a9" tests="2" skipped="1" failures="0" errors="0" time="0.785">
    <testcase time="0.641000000000005" classname="lbt07" name="lbt07_can_handle_some_NA_values"/>
    <testcase time="0.143999999999991" classname="lbt07" name="lbt07_can_handle_some_NA_values">
      <skipped message="Reason: On CRAN ('test-lbt07.R:12')"/>
    </testcase>
  </testsuite>
  <testsuite name="lbt14" timestamp="2023-02-07T17:47:44Z" hostname="17bfa15684a9" tests="8" skipped="4" failures="0" errors="0" time="6.794">
    <testcase time="1.381" classname="lbt14" name="lbt14_1_can_handle_all_NA_values"/>
    <testcase time="0.0480000000000018" classname="lbt14" name="lbt14_1_can_handle_all_NA_values">
      <skipped message="Reason: On CRAN ('test-lbt14.R:11')"/>
    </testcase>
    <testcase time="1.634" classname="lbt14" name="lbt14_1_can_handle_some_NA_values"/>
    <testcase time="0.286000000000001" classname="lbt14" name="lbt14_1_can_handle_some_NA_values">
      <skipped message="Reason: On CRAN ('test-lbt14.R:30')"/>
    </testcase>
    <testcase time="1.389" classname="lbt14" name="lbt14_2_can_handle_all_NA_values"/>
    <testcase time="0.0490000000000066" classname="lbt14" name="lbt14_2_can_handle_all_NA_values">
      <skipped message="Reason: On CRAN ('test-lbt14.R:43')"/>
    </testcase>
    <testcase time="1.69799999999999" classname="lbt14" name="lbt14_2_can_handle_some_NA_values"/>
    <testcase time="0.308999999999997" classname="lbt14" name="lbt14_2_can_handle_some_NA_values">
      <skipped message="Reason: On CRAN ('test-lbt14.R:62')"/>
    </testcase>
  </testsuite>
  <testsuite name="mng01" timestamp="2023-02-07T17:47:51Z" hostname="17bfa15684a9" tests="6" skipped="0" failures="0" errors="0" time="2.664">
    <testcase time="0.119" classname="mng01" name="mng01_1_works_as_expected"/>
    <testcase time="0.0250000000000057" classname="mng01" name="mng01_1_works_as_expected"/>
    <testcase time="1.419" classname="mng01" name="mng01_1_works_as_expected"/>
    <testcase time="0.0730000000000075" classname="mng01" name="mng01_1_works_as_expected_with_custom_color_set"/>
    <testcase time="0.027000000000001" classname="mng01" name="mng01_1_works_as_expected_with_custom_color_set"/>
    <testcase time="1.00099999999999" classname="mng01" name="mng01_1_works_as_expected_with_custom_color_set"/>
  </testsuite>
  <testsuite name="pdt01" timestamp="2023-02-07T17:47:53Z" hostname="17bfa15684a9" tests="4" skipped="2" failures="0" errors="0" time="0.557">
    <testcase time="0.118000000000009" classname="pdt01" name="pdt01_1_can_handle_all_NA_values"/>
    <testcase time="0.0309999999999917" classname="pdt01" name="pdt01_1_can_handle_all_NA_values">
      <skipped message="Reason: On CRAN ('test-pdt01.R:11')"/>
    </testcase>
    <testcase time="0.298000000000002" classname="pdt01" name="pdt01_1_can_handle_some_NA_values"/>
    <testcase time="0.109999999999999" classname="pdt01" name="pdt01_1_can_handle_some_NA_values">
      <skipped message="Reason: On CRAN ('test-pdt01.R:27')"/>
    </testcase>
  </testsuite>
  <testsuite name="pdt02" timestamp="2023-02-07T17:47:54Z" hostname="17bfa15684a9" tests="4" skipped="2" failures="0" errors="0" time="0.44">
    <testcase time="0.152000000000001" classname="pdt02" name="pdt02_1_can_handle_all_NA_values"/>
    <testcase time="0.0319999999999965" classname="pdt02" name="pdt02_1_can_handle_all_NA_values">
      <skipped message="Reason: On CRAN ('test-pdt02.R:11')"/>
    </testcase>
    <testcase time="0.207999999999998" classname="pdt02" name="pdt02_1_can_handle_some_NA_values"/>
    <testcase time="0.0480000000000018" classname="pdt02" name="pdt02_1_can_handle_some_NA_values">
      <skipped message="Reason: On CRAN ('test-pdt02.R:27')"/>
    </testcase>
  </testsuite>
  <testsuite name="utils" timestamp="2023-02-07T17:47:54Z" hostname="17bfa15684a9" tests="17" skipped="0" failures="0" errors="0" time="0.071">
    <testcase time="0.0150000000000006" classname="utils" name="h_format_dec_works_as_exected"/>
    <testcase time="0.00300000000000011" classname="utils" name="h_format_dec_works_as_exected"/>
    <testcase time="0.00200000000000955" classname="utils" name="h_format_dec_works_as_exected"/>
    <testcase time="0.00300000000000011" classname="utils" name="h_format_dec_works_as_exected"/>
    <testcase time="0.00199999999999534" classname="utils" name="h_format_dec_works_as_exected"/>
    <testcase time="0.00300000000000011" classname="utils" name="h_format_dec_works_as_exected"/>
    <testcase time="0.00199999999999534" classname="utils" name="h_format_dec_works_as_exected"/>
    <testcase time="0.00400000000000489" classname="utils" name="h_format_dec_works_as_exected"/>
    <testcase time="0.00100000000000477" classname="utils" name="h_format_dec_works_as_exected"/>
    <testcase time="0.00399999999999068" classname="utils" name="h_format_dec_works_as_exected"/>
    <testcase time="0.00100000000000477" classname="utils" name="h_format_dec_works_as_exected"/>
    <testcase time="0.00300000000000011" classname="utils" name="h_format_dec_works_as_exected"/>
    <testcase time="0.00600000000000023" classname="utils" name="h_format_dec_works_as_expected_with_more_than_one_value"/>
    <testcase time="0.00400000000000489" classname="utils" name="h_format_dec_works_as_expected_with_more_than_one_value"/>
    <testcase time="0.00600000000000023" classname="utils" name="h_format_dec_works_returns_null_with_NA_format"/>
    <testcase time="0.00600000000000023" classname="utils" name="h_format_dec_works_as_expected_with_NA_digits"/>
    <testcase time="0.00600000000000023" classname="utils" name="h_format_dec_works_as_expected_with_NA_digits"/>
  </testsuite>
</testsuites>
