<?xml version="1.0" encoding="UTF-8"?>
<testsuites>
  <testsuite name="aet01" timestamp="2023-02-08T20:35:12Z" hostname="c4ef0f8785e1" tests="4" skipped="2" failures="0" errors="0" time="2.667">
    <testcase time="1.837" classname="aet01" name="aet01_can_handle_all_NA_values"/>
    <testcase time="0.159000000000001" classname="aet01" name="aet01_can_handle_all_NA_values">
      <skipped message="Reason: On CRAN ('test-aet01.R:13')"/>
    </testcase>
    <testcase time="0.512" classname="aet01" name="aet01_can_handle_some_NA_values"/>
    <testcase time="0.159" classname="aet01" name="aet01_can_handle_some_NA_values">
      <skipped message="Reason: On CRAN ('test-aet01.R:29')"/>
    </testcase>
  </testsuite>
  <testsuite name="aet01_aesi" timestamp="2023-02-08T20:35:15Z" hostname="c4ef0f8785e1" tests="4" skipped="2" failures="0" errors="0" time="1.088">
    <testcase time="0.503" classname="aet01_aesi" name="aet01_aesi_can_handle_all_NA_values"/>
    <testcase time="0.0780000000000003" classname="aet01_aesi" name="aet01_aesi_can_handle_all_NA_values">
      <skipped message="Reason: On CRAN ('test-aet01_aesi.R:18')"/>
    </testcase>
    <testcase time="0.441" classname="aet01_aesi" name="aet01_aesi_can_handle_some_NA_values"/>
    <testcase time="0.0659999999999998" classname="aet01_aesi" name="aet01_aesi_can_handle_some_NA_values">
      <skipped message="Reason: On CRAN ('test-aet01_aesi.R:30')"/>
    </testcase>
  </testsuite>
  <testsuite name="aet03" timestamp="2023-02-08T20:35:16Z" hostname="c4ef0f8785e1" tests="4" skipped="2" failures="0" errors="0" time="2.318">
    <testcase time="0.447" classname="aet03" name="aet03_can_handle_NA_values"/>
    <testcase time="0.0659999999999998" classname="aet03" name="aet03_can_handle_NA_values">
      <skipped message="Reason: On CRAN ('test-aet03.R:11')"/>
    </testcase>
    <testcase time="1.592" classname="aet03" name="aet03_can_handle_some_NA_values"/>
    <testcase time="0.213000000000001" classname="aet03" name="aet03_can_handle_some_NA_values">
      <skipped message="Reason: On CRAN ('test-aet03.R:29')"/>
    </testcase>
  </testsuite>
  <testsuite name="aet04" timestamp="2023-02-08T20:35:18Z" hostname="c4ef0f8785e1" tests="4" skipped="2" failures="0" errors="0" time="2.792">
    <testcase time="0.488999999999999" classname="aet04" name="aet04_can_handle_NA_values"/>
    <testcase time="0.102" classname="aet04" name="aet04_can_handle_NA_values">
      <skipped message="Reason: On CRAN ('test-aet04.R:11')"/>
    </testcase>
    <testcase time="1.924" classname="aet04" name="aet04_can_handle_some_NA_values"/>
    <testcase time="0.276999999999999" classname="aet04" name="aet04_can_handle_some_NA_values">
      <skipped message="Reason: On CRAN ('test-aet04.R:44')"/>
    </testcase>
  </testsuite>
  <testsuite name="assertions" timestamp="2023-02-08T20:35:21Z" hostname="c4ef0f8785e1" tests="11" skipped="0" failures="0" errors="0" time="1.535">
    <testcase time="0.0180000000000007" classname="assertions" name="assert_colnames_works_as_expected"/>
    <testcase time="0.00799999999999912" classname="assertions" name="assert_colnames_works_as_expected"/>
    <testcase time="0.00200000000000067" classname="assertions" name="assert_colnames_works_as_expected"/>
    <testcase time="0.00600000000000023" classname="assertions" name="assert_colnames_works_as_expected"/>
    <testcase time="0.443999999999999" classname="assertions" name="assert_one_tablenames_works_as_expected"/>
    <testcase time="0.193" classname="assertions" name="assert_one_tablenames_works_as_expected"/>
    <testcase time="0.17" classname="assertions" name="assert_one_tablenames_works_as_expected"/>
    <testcase time="0.177000000000001" classname="assertions" name="assert_one_tablenames_works_as_expected"/>
    <testcase time="0.167" classname="assertions" name="assert_all_tablenames_works_as_expected"/>
    <testcase time="0.173999999999999" classname="assertions" name="assert_all_tablenames_works_as_expected"/>
    <testcase time="0.176" classname="assertions" name="assert_all_tablenames_works_as_expected"/>
  </testsuite>
  <testsuite name="checks" timestamp="2023-02-08T20:35:23Z" hostname="c4ef0f8785e1" tests="8" skipped="0" failures="0" errors="0" time="0.039">
    <testcase time="0.00799999999999912" classname="checks" name="check_all_colnames_works_as_expected"/>
    <testcase time="0.011000000000001" classname="checks" name="check_all_colnames_works_as_expected"/>
    <testcase time="0.00200000000000067" classname="checks" name="check_all_colnames_works_as_expected"/>
    <testcase time="0.00299999999999834" classname="checks" name="check_all_colnames_works_as_expected"/>
    <testcase time="0.00500000000000078" classname="checks" name="check_one_colnames_works_as_expected"/>
    <testcase time="0.00399999999999956" classname="checks" name="check_one_colnames_works_as_expected"/>
    <testcase time="0.00200000000000067" classname="checks" name="check_one_colnames_works_as_expected"/>
    <testcase time="0.00399999999999956" classname="checks" name="check_one_colnames_works_as_expected"/>
  </testsuite>
  <testsuite name="chevron_tlg-class" timestamp="2023-02-08T20:35:23Z" hostname="c4ef0f8785e1" tests="24" skipped="0" failures="0" errors="0" time="0.086">
    <testcase time="0.00999999999999979" classname="chevron_tlg_class" name="chevron_t_object_can_be_constructed_with_default_values"/>
    <testcase time="0.00400000000000134" classname="chevron_tlg_class" name="chevron_t_object_can_be_constructed_with_default_values"/>
    <testcase time="0.00599999999999845" classname="chevron_tlg_class" name="chevron_t_object_can_be_constructed_with_custom_values"/>
    <testcase time="0.00400000000000134" classname="chevron_tlg_class" name="chevron_t_object_can_be_constructed_with_custom_values"/>
    <testcase time="0.00300000000000011" classname="chevron_tlg_class" name="chevron_t_object_can_be_constructed_with_custom_values"/>
    <testcase time="0.00399999999999956" classname="chevron_tlg_class" name="chevron_t_object_can_be_constructed_with_custom_values"/>
    <testcase time="0.00699999999999967" classname="chevron_tlg_class" name="chevron_t_constructor_returns_an_error_when_expected"/>
    <testcase time="0.00200000000000067" classname="chevron_tlg_class" name="chevron_t_constructor_returns_an_error_when_expected"/>
    <testcase time="0.000999999999999446" classname="chevron_tlg_class" name="chevron_t_constructor_returns_an_error_when_expected"/>
    <testcase time="0.000999999999999446" classname="chevron_tlg_class" name="chevron_t_constructor_returns_an_error_when_expected"/>
    <testcase time="0.00100000000000122" classname="chevron_tlg_class" name="chevron_t_constructor_returns_an_error_when_expected"/>
    <testcase time="0.00199999999999889" classname="chevron_tlg_class" name="chevron_t_constructor_returns_an_error_when_expected"/>
    <testcase time="0.00600000000000023" classname="chevron_tlg_class" name="chevron_l_object_can_be_constructed_with_default_values"/>
    <testcase time="0.00399999999999956" classname="chevron_tlg_class" name="chevron_l_object_can_be_constructed_with_default_values"/>
    <testcase time="0.00600000000000023" classname="chevron_tlg_class" name="chevron_g_object_can_be_constructed_with_custom_values"/>
    <testcase time="0.00500000000000078" classname="chevron_tlg_class" name="chevron_g_object_can_be_constructed_with_custom_values"/>
    <testcase time="0.00300000000000011" classname="chevron_tlg_class" name="chevron_g_object_can_be_constructed_with_custom_values"/>
    <testcase time="0.00399999999999956" classname="chevron_tlg_class" name="chevron_g_object_can_be_constructed_with_custom_values"/>
    <testcase time="0.00600000000000023" classname="chevron_tlg_class" name="chevron_g_constructor_returns_an_error_when_expected"/>
    <testcase time="0.000999999999999446" classname="chevron_tlg_class" name="chevron_g_constructor_returns_an_error_when_expected"/>
    <testcase time="0.000999999999999446" classname="chevron_tlg_class" name="chevron_g_constructor_returns_an_error_when_expected"/>
    <testcase time="0.00200000000000067" classname="chevron_tlg_class" name="chevron_g_constructor_returns_an_error_when_expected"/>
    <testcase time="0.000999999999999446" classname="chevron_tlg_class" name="chevron_g_constructor_returns_an_error_when_expected"/>
    <testcase time="0.00200000000000067" classname="chevron_tlg_class" name="chevron_g_constructor_returns_an_error_when_expected"/>
  </testsuite>
  <testsuite name="chevron_tlg-methods" timestamp="2023-02-08T20:35:23Z" hostname="c4ef0f8785e1" tests="12" skipped="4" failures="0" errors="0" time="2.192">
    <testcase time="2.089" classname="chevron_tlg_methods" name="run_works_as_expected_for_chevron_t_object">
      <skipped message="Reason: On CRAN ('test-chevron_tlg-methods.R:5')"/>
    </testcase>
    <testcase time="0.0149999999999988" classname="chevron_tlg_methods" name="main_works_as_expected"/>
    <testcase time="0.0080000000000009" classname="chevron_tlg_methods" name="main_setter_works_as_expected"/>
    <testcase time="0.00699999999999967" classname="chevron_tlg_methods" name="preprocess_works_as_expected"/>
    <testcase time="0.0080000000000009" classname="chevron_tlg_methods" name="preprocess_setter_works_as_expected"/>
    <testcase time="0.00699999999999967" classname="chevron_tlg_methods" name="postprocess_works_as_expected"/>
    <testcase time="0.00799999999999912" classname="chevron_tlg_methods" name="postprocess_setter_works_as_expected"/>
    <testcase time="0.00700000000000145" classname="chevron_tlg_methods" name="datasets_works_as_expected"/>
    <testcase time="0.00699999999999967" classname="chevron_tlg_methods" name="datasets_setter_works_as_expected"/>
    <testcase time="0.00499999999999901" classname="chevron_tlg_methods" name="main_works_as_expected">
      <skipped message="Reason: interactive() is not TRUE ('test-chevron_tlg-methods.R:66')"/>
    </testcase>
    <testcase time="0.011000000000001" classname="chevron_tlg_methods" name="preprocess_works_as_expected">
      <skipped message="Reason: interactive() is not TRUE ('test-chevron_tlg-methods.R:74')"/>
    </testcase>
    <testcase time="0.0199999999999996" classname="chevron_tlg_methods" name="postprocess_works_as_expected">
      <skipped message="Reason: interactive() is not TRUE ('test-chevron_tlg-methods.R:82')"/>
    </testcase>
  </testsuite>
  <testsuite name="cmt01a" timestamp="2023-02-08T20:35:25Z" hostname="c4ef0f8785e1" tests="12" skipped="6" failures="0" errors="0" time="3.464">
    <testcase time="0.238" classname="cmt01a" name="cmt01a_can_handle_all_NA_values"/>
    <testcase time="0.0389999999999997" classname="cmt01a" name="cmt01a_can_handle_all_NA_values">
      <skipped message="Reason: On CRAN ('test-cmt01a.R:11')"/>
    </testcase>
    <testcase time="0.740000000000002" classname="cmt01a" name="cmt01a_can_handle_some_NA_values"/>
    <testcase time="0.163999999999998" classname="cmt01a" name="cmt01a_can_handle_some_NA_values">
      <skipped message="Reason: On CRAN ('test-cmt01a.R:27')"/>
    </testcase>
    <testcase time="0.215" classname="cmt01a" name="cmt01a_2_can_handle_all_NA_values"/>
    <testcase time="0.0399999999999991" classname="cmt01a" name="cmt01a_2_can_handle_all_NA_values">
      <skipped message="Reason: On CRAN ('test-cmt01a.R:40')"/>
    </testcase>
    <testcase time="0.752000000000002" classname="cmt01a" name="cmt01a_2_can_handle_some_NA_values"/>
    <testcase time="0.175000000000001" classname="cmt01a" name="cmt01a_2_can_handle_some_NA_values">
      <skipped message="Reason: On CRAN ('test-cmt01a.R:56')"/>
    </testcase>
    <testcase time="0.212999999999997" classname="cmt01a" name="cmt01a_3_can_handle_all_NA_values"/>
    <testcase time="0.0360000000000014" classname="cmt01a" name="cmt01a_3_can_handle_all_NA_values">
      <skipped message="Reason: On CRAN ('test-cmt01a.R:69')"/>
    </testcase>
    <testcase time="0.713999999999999" classname="cmt01a" name="cmt01a_3_can_handle_some_NA_values"/>
    <testcase time="0.138000000000002" classname="cmt01a" name="cmt01a_3_can_handle_some_NA_values">
      <skipped message="Reason: On CRAN ('test-cmt01a.R:85')"/>
    </testcase>
  </testsuite>
  <testsuite name="cmt02_pt" timestamp="2023-02-08T20:35:29Z" hostname="c4ef0f8785e1" tests="4" skipped="2" failures="0" errors="0" time="0.498">
    <testcase time="0.184999999999999" classname="cmt02_pt" name="cmt02_pt_1_can_handle_all_NA_values"/>
    <testcase time="0.0309999999999988" classname="cmt02_pt" name="cmt02_pt_1_can_handle_all_NA_values">
      <skipped message="Reason: On CRAN ('test-cmt02_pt.R:11')"/>
    </testcase>
    <testcase time="0.222000000000001" classname="cmt02_pt" name="cmt02_pt_1_can_handle_some_NA_values"/>
    <testcase time="0.0599999999999987" classname="cmt02_pt" name="cmt02_pt_1_can_handle_some_NA_values">
      <skipped message="Reason: On CRAN ('test-cmt02_pt.R:27')"/>
    </testcase>
  </testsuite>
  <testsuite name="default_tlg" timestamp="2023-02-08T20:35:29Z" hostname="c4ef0f8785e1" tests="35" skipped="34" failures="0" errors="0" time="49.47">
    <testcase time="0.577000000000002" classname="default_tlg" name="aet01_1_function_with_default_argument_value_return_expected_result_with_test_data">
      <skipped message="Reason: On CRAN ('test-default_tlg.R:5')"/>
    </testcase>
    <testcase time="0.622" classname="default_tlg" name="aet01_2_functions_with_default_argument_value_return_expected_result_with_test_data">
      <skipped message="Reason: On CRAN ('test-default_tlg.R:12')"/>
    </testcase>
    <testcase time="0.532999999999998" classname="default_tlg" name="aet01_aesi_1_function_with_default_argument_value_return_expected_result_with_test_data">
      <skipped message="Reason: On CRAN ('test-default_tlg.R:19')"/>
    </testcase>
    <testcase time="0.161000000000001" classname="default_tlg" name="aet02_1_functions_with_default_argument_value_return_expected_result_with_test_data"/>
    <testcase time="0.661999999999999" classname="default_tlg" name="aet02_1_functions_with_default_argument_value_return_expected_result_with_test_data">
      <skipped message="Reason: On CRAN ('test-default_tlg.R:26')"/>
    </testcase>
    <testcase time="1.245" classname="default_tlg" name="aet02_2_functions_with_default_argument_value_return_expected_result_with_test_data">
      <skipped message="Reason: On CRAN ('test-default_tlg.R:33')"/>
    </testcase>
    <testcase time="0.332999999999998" classname="default_tlg" name="aet02_3_functions_with_default_argument_value_return_expected_result_with_test_data">
      <skipped message="Reason: On CRAN ('test-default_tlg.R:40')"/>
    </testcase>
    <testcase time="1.868" classname="default_tlg" name="aet03_1_functions_with_default_argument_value_return_expected_result_with_test_data">
      <skipped message="Reason: On CRAN ('test-default_tlg.R:47')"/>
    </testcase>
    <testcase time="2.313" classname="default_tlg" name="aet04_1_functions_with_default_argument_value_return_expected_result_with_test_data">
      <skipped message="Reason: On CRAN ('test-default_tlg.R:54')"/>
    </testcase>
    <testcase time="0.895" classname="default_tlg" name="cmt01a_1_functions_with_default_argument_value_return_expected_result_with_test_data">
      <skipped message="Reason: On CRAN ('test-default_tlg.R:61')"/>
    </testcase>
    <testcase time="0.942" classname="default_tlg" name="cmt01a_2_functions_with_default_argument_value_return_expected_result_with_test_data">
      <skipped message="Reason: On CRAN ('test-default_tlg.R:68')"/>
    </testcase>
    <testcase time="0.847000000000001" classname="default_tlg" name="cmt01a_3_functions_with_default_argument_value_return_expected_result_with_test_data">
      <skipped message="Reason: On CRAN ('test-default_tlg.R:75')"/>
    </testcase>
    <testcase time="0.283999999999999" classname="default_tlg" name="cmt02_pt_1_functions_with_default_argument_value_return_expected_result_with_test_data">
      <skipped message="Reason: On CRAN ('test-default_tlg.R:82')"/>
    </testcase>
    <testcase time="10.727" classname="default_tlg" name="dmt01_1_functions_with_default_argument_value_return_expected_result_with_test_data">
      <skipped message="Reason: On CRAN ('test-default_tlg.R:89')"/>
    </testcase>
    <testcase time="0.381" classname="default_tlg" name="dst01_1_functions_with_default_argument_value_return_expected_result_with_test_data">
      <skipped message="Reason: On CRAN ('test-default_tlg.R:96')"/>
    </testcase>
    <testcase time="0.542000000000002" classname="default_tlg" name="dst01_2_functions_with_default_argument_value_return_expected_result_with_test_data">
      <skipped message="Reason: On CRAN ('test-default_tlg.R:103')"/>
    </testcase>
    <testcase time="0.727000000000004" classname="default_tlg" name="dst01_3_functions_with_default_argument_value_return_expected_result_with_test_data">
      <skipped message="Reason: On CRAN ('test-default_tlg.R:110')"/>
    </testcase>
    <testcase time="0.183" classname="default_tlg" name="dtht01_1_functions_with_default_argument_value_return_expected_result_with_test_data">
      <skipped message="Reason: On CRAN ('test-default_tlg.R:117')"/>
    </testcase>
    <testcase time="2.835" classname="default_tlg" name="gt01_1_functions_with_default_argument_value_return_expected_result_with_test_data">
      <skipped message="Reason: On CRAN ('test-default_tlg.R:124')"/>
    </testcase>
    <testcase time="0.314" classname="default_tlg" name="egt02_1_functions_with_default_argument_value_return_expected_result_with_test_data">
      <skipped message="Reason: On CRAN ('test-default_tlg.R:131')"/>
    </testcase>
    <testcase time="0.272999999999996" classname="default_tlg" name="egt02_2_functions_with_default_argument_value_return_expected_result_with_test_data">
      <skipped message="Reason: On CRAN ('test-default_tlg.R:138')"/>
    </testcase>
    <testcase time="0.231000000000002" classname="default_tlg" name="ext01_1_functions_with_default_argument_value_return_expected_result_with_test_data">
      <skipped message="Reason: On CRAN ('test-default_tlg.R:145')"/>
    </testcase>
    <testcase time="0.528999999999996" classname="default_tlg" name="ext01_2_functions_with_default_argument_value_return_expected_result_with_test_data">
      <skipped message="Reason: On CRAN ('test-default_tlg.R:152')"/>
    </testcase>
    <testcase time="1.97000000000001" classname="default_tlg" name="lbt01_1_functions_with_default_argument_value_return_expected_result_with_test_data">
      <skipped message="Reason: On CRAN ('test-default_tlg.R:159')"/>
    </testcase>
    <testcase time="0.584999999999994" classname="default_tlg" name="lbt04_1_functions_with_default_argument_value_return_expected_result_with_test_data">
      <skipped message="Reason: On CRAN ('test-default_tlg.R:166')"/>
    </testcase>
    <testcase time="0.640000000000001" classname="default_tlg" name="lbt05_1_functions_with_default_argument_value_return_expected_result_with_test_data">
      <skipped message="Reason: On CRAN ('test-default_tlg.R:173')"/>
    </testcase>
    <testcase time="0.907000000000004" classname="default_tlg" name="lbt07_1_functions_with_default_argument_value_return_expected_result_with_test_data">
      <skipped message="Reason: On CRAN ('test-default_tlg.R:180')"/>
    </testcase>
    <testcase time="1.856" classname="default_tlg" name="lbt14_1_functions_with_default_argument_value_return_expected_result_with_test_data">
      <skipped message="Reason: On CRAN ('test-default_tlg.R:187')"/>
    </testcase>
    <testcase time="1.942" classname="default_tlg" name="lbt14_2_functions_with_default_argument_value_return_expected_result_with_test_data">
      <skipped message="Reason: On CRAN ('test-default_tlg.R:194')"/>
    </testcase>
    <testcase time="0.516999999999996" classname="default_tlg" name="mht01_1_functions_with_default_argument_value_return_expected_result_with_test_data">
      <skipped message="Reason: On CRAN ('test-default_tlg.R:201')"/>
    </testcase>
    <testcase time="6.026" classname="default_tlg" name="vst01_1_functions_with_default_argument_value_return_expected_result_with_test_data">
      <skipped message="Reason: On CRAN ('test-default_tlg.R:208')"/>
    </testcase>
    <testcase time="5.892" classname="default_tlg" name="vst01_1_functions_with_default_argument_value_return_expected_result_with_test_data">
      <skipped message="Reason: On CRAN ('test-default_tlg.R:215')"/>
    </testcase>
    <testcase time="0.442999999999998" classname="default_tlg" name="vst02_1_functions_with_default_argument_value_return_expected_result_with_test_data">
      <skipped message="Reason: On CRAN ('test-default_tlg.R:222')"/>
    </testcase>
    <testcase time="0.433999999999997" classname="default_tlg" name="vst02_2_functions_with_default_argument_value_return_expected_result_with_test_data">
      <skipped message="Reason: On CRAN ('test-default_tlg.R:229')"/>
    </testcase>
    <testcase time="0.234000000000009" classname="default_tlg" name="pdt02_1_function_with_default_argument_value_return_expected_result_with_test_data">
      <skipped message="Reason: On CRAN ('test-default_tlg.R:236')"/>
    </testcase>
  </testsuite>
  <testsuite name="dmt01" timestamp="2023-02-08T20:36:19Z" hostname="c4ef0f8785e1" tests="4" skipped="2" failures="0" errors="0" time="24.499">
    <testcase time="11.824" classname="dmt01" name="dmt01_1_can_handle_NA_values"/>
    <testcase time="0.0840000000000032" classname="dmt01" name="dmt01_1_can_handle_NA_values">
      <skipped message="Reason: On CRAN ('test-dmt01.R:11')"/>
    </testcase>
    <testcase time="12.472" classname="dmt01" name="dmt01_1_can_handle_some_NA_values"/>
    <testcase time="0.119" classname="dmt01" name="dmt01_1_can_handle_some_NA_values">
      <skipped message="Reason: On CRAN ('test-dmt01.R:24')"/>
    </testcase>
  </testsuite>
  <testsuite name="dst01" timestamp="2023-02-08T20:36:43Z" hostname="c4ef0f8785e1" tests="26" skipped="13" failures="0" errors="0" time="6.123">
    <testcase time="0.262" classname="dst01" name="dst01_can_handle_all_NA_values"/>
    <testcase time="0.0289999999999964" classname="dst01" name="dst01_can_handle_all_NA_values">
      <skipped message="Reason: On CRAN ('test-dst01.R:13')"/>
    </testcase>
    <testcase time="0.272000000000006" classname="dst01" name="dst01_1_can_handle_all_NA_values_in_disc_reason_var"/>
    <testcase time="0.0499999999999972" classname="dst01" name="dst01_1_can_handle_all_NA_values_in_disc_reason_var">
      <skipped message="Reason: On CRAN ('test-dst01.R:25')"/>
    </testcase>
    <testcase time="0.310000000000002" classname="dst01" name="dst01_1_can_handle_some_NA_values"/>
    <testcase time="0.0760000000000076" classname="dst01" name="dst01_1_can_handle_some_NA_values">
      <skipped message="Reason: On CRAN ('test-dst01.R:38')"/>
    </testcase>
    <testcase time="0.290999999999997" classname="dst01" name="dst01_1_can_handle_missing_levels_in_status_var"/>
    <testcase time="0.0360000000000014" classname="dst01" name="dst01_1_can_handle_missing_levels_in_status_var">
      <skipped message="Reason: On CRAN ('test-dst01.R:50')"/>
    </testcase>
    <testcase time="0.283999999999992" classname="dst01" name="dst01_1_can_handle_missing_levels_in_disc_reason_var"/>
    <testcase time="0.0450000000000017" classname="dst01" name="dst01_1_can_handle_missing_levels_in_disc_reason_var">
      <skipped message="Reason: On CRAN ('test-dst01.R:62')"/>
    </testcase>
    <testcase time="0.253" classname="dst01" name="dst01_2_can_handle_all_NA_values"/>
    <testcase time="0.0289999999999964" classname="dst01" name="dst01_2_can_handle_all_NA_values">
      <skipped message="Reason: On CRAN ('test-dst01.R:78')"/>
    </testcase>
    <testcase time="0.283000000000001" classname="dst01" name="dst01_2_can_handle_all_NA_values_in_disc_reason_var"/>
    <testcase time="0.0390000000000015" classname="dst01" name="dst01_2_can_handle_all_NA_values_in_disc_reason_var">
      <skipped message="Reason: On CRAN ('test-dst01.R:90')"/>
    </testcase>
    <testcase time="0.459000000000003" classname="dst01" name="dst01_2_can_handle_some_NA_values"/>
    <testcase time="0.0849999999999937" classname="dst01" name="dst01_2_can_handle_some_NA_values">
      <skipped message="Reason: On CRAN ('test-dst01.R:103')"/>
    </testcase>
    <testcase time="0.320000000000007" classname="dst01" name="dst01_2_can_handle_missing_levels_in_disc_reason_var"/>
    <testcase time="0.0499999999999972" classname="dst01" name="dst01_2_can_handle_missing_levels_in_disc_reason_var">
      <skipped message="Reason: On CRAN ('test-dst01.R:115')"/>
    </testcase>
    <testcase time="0.753" classname="dst01" name="dst01_3_can_handle_all_NA_values"/>
    <testcase time="0.0300000000000011" classname="dst01" name="dst01_3_can_handle_all_NA_values">
      <skipped message="Reason: On CRAN ('test-dst01.R:133')"/>
    </testcase>
    <testcase time="0.626999999999995" classname="dst01" name="dst01_3_can_handle_all_NA_values_in_status_treatment_var"/>
    <testcase time="0.0889999999999986" classname="dst01" name="dst01_3_can_handle_all_NA_values_in_status_treatment_var">
      <skipped message="Reason: On CRAN ('test-dst01.R:145')"/>
    </testcase>
    <testcase time="0.635999999999996" classname="dst01" name="dst01_3_can_handle_some_NA_values_in_status_treatment_var"/>
    <testcase time="0.100000000000009" classname="dst01" name="dst01_3_can_handle_some_NA_values_in_status_treatment_var">
      <skipped message="Reason: On CRAN ('test-dst01.R:157')"/>
    </testcase>
    <testcase time="0.631" classname="dst01" name="dst01_3_can_handle_missing_levels_in_status_treatment_var"/>
    <testcase time="0.0840000000000032" classname="dst01" name="dst01_3_can_handle_missing_levels_in_status_treatment_var">
      <skipped message="Reason: On CRAN ('test-dst01.R:169')"/>
    </testcase>
  </testsuite>
  <testsuite name="dtht01" timestamp="2023-02-08T20:36:49Z" hostname="c4ef0f8785e1" tests="5" skipped="3" failures="0" errors="0" time="1.535">
    <testcase time="0.399999999999991" classname="dtht01" name="dtht01_can_handle_all_NA_values"/>
    <testcase time="0.0390000000000015" classname="dtht01" name="dtht01_can_handle_all_NA_values">
      <skipped message="Reason: On CRAN ('test-dtht01.R:13')"/>
    </testcase>
    <testcase time="0.459000000000003" classname="dtht01" name="dtht01_can_handle_some_NA_values"/>
    <testcase time="0.0990000000000038" classname="dtht01" name="dtht01_can_handle_some_NA_values">
      <skipped message="Reason: On CRAN ('test-dtht01.R:29')"/>
    </testcase>
    <testcase time="0.537999999999997" classname="dtht01" name="dtht01_can_be_parametrize_as_expected">
      <skipped message="Reason: On CRAN ('test-dtht01.R:38')"/>
    </testcase>
  </testsuite>
  <testsuite name="egt03" timestamp="2023-02-08T20:36:51Z" hostname="c4ef0f8785e1" tests="8" skipped="4" failures="0" errors="0" time="1.519">
    <testcase time="0.293000000000006" classname="egt03" name="egt03_1_can_handle_all_NA_values"/>
    <testcase time="0.0900000000000034" classname="egt03" name="egt03_1_can_handle_all_NA_values">
      <skipped message="Reason: On CRAN ('test-egt03.R:11')"/>
    </testcase>
    <testcase time="0.287999999999997" classname="egt03" name="egt03_1_can_handle_some_NA_values"/>
    <testcase time="0.0900000000000034" classname="egt03" name="egt03_1_can_handle_some_NA_values">
      <skipped message="Reason: On CRAN ('test-egt03.R:27')"/>
    </testcase>
    <testcase time="0.286000000000001" classname="egt03" name="egt03_2_can_handle_all_NA_values"/>
    <testcase time="0.0889999999999986" classname="egt03" name="egt03_2_can_handle_all_NA_values">
      <skipped message="Reason: On CRAN ('test-egt03.R:40')"/>
    </testcase>
    <testcase time="0.290999999999997" classname="egt03" name="egt03_2_can_handle_some_NA_values"/>
    <testcase time="0.0919999999999987" classname="egt03" name="egt03_2_can_handle_some_NA_values">
      <skipped message="Reason: On CRAN ('test-egt03.R:56')"/>
    </testcase>
  </testsuite>
  <testsuite name="empty_report" timestamp="2023-02-08T20:36:52Z" hostname="c4ef0f8785e1" tests="32" skipped="0" failures="0" errors="0" time="27.753">
    <testcase time="11.72" classname="empty_report" name="tlg_functions_return_null_reports_when_domain_table_is_empty"/>
    <testcase time="0.564000000000007" classname="empty_report" name="tlg_functions_return_null_reports_when_domain_table_is_empty"/>
    <testcase time="0.423000000000002" classname="empty_report" name="tlg_functions_return_null_reports_when_domain_table_is_empty"/>
    <testcase time="0.146000000000001" classname="empty_report" name="tlg_functions_return_null_reports_when_domain_table_is_empty"/>
    <testcase time="0.150999999999996" classname="empty_report" name="tlg_functions_return_null_reports_when_domain_table_is_empty"/>
    <testcase time="0.134" classname="empty_report" name="tlg_functions_return_null_reports_when_domain_table_is_empty"/>
    <testcase time="0.155000000000001" classname="empty_report" name="tlg_functions_return_null_reports_when_domain_table_is_empty"/>
    <testcase time="0.161000000000001" classname="empty_report" name="tlg_functions_return_null_reports_when_domain_table_is_empty"/>
    <testcase time="0.141999999999996" classname="empty_report" name="tlg_functions_return_null_reports_when_domain_table_is_empty"/>
    <testcase time="0.135999999999996" classname="empty_report" name="tlg_functions_return_null_reports_when_domain_table_is_empty"/>
    <testcase time="0.126000000000005" classname="empty_report" name="tlg_functions_return_null_reports_when_domain_table_is_empty"/>
    <testcase time="0.143000000000001" classname="empty_report" name="tlg_functions_return_null_reports_when_domain_table_is_empty"/>
    <testcase time="11.092" classname="empty_report" name="tlg_functions_return_null_reports_when_domain_table_is_empty"/>
    <testcase time="0.195999999999998" classname="empty_report" name="tlg_functions_return_null_reports_when_domain_table_is_empty"/>
    <testcase time="0.177999999999997" classname="empty_report" name="tlg_functions_return_null_reports_when_domain_table_is_empty"/>
    <testcase time="0.257000000000005" classname="empty_report" name="tlg_functions_return_null_reports_when_domain_table_is_empty"/>
    <testcase time="0.157000000000011" classname="empty_report" name="tlg_functions_return_null_reports_when_domain_table_is_empty"/>
    <testcase time="0.0739999999999839" classname="empty_report" name="tlg_functions_return_null_reports_when_domain_table_is_empty"/>
    <testcase time="0.078000000000003" classname="empty_report" name="tlg_functions_return_null_reports_when_domain_table_is_empty"/>
    <testcase time="0.063999999999993" classname="empty_report" name="tlg_functions_return_null_reports_when_domain_table_is_empty"/>
    <testcase time="0.054000000000002" classname="empty_report" name="tlg_functions_return_null_reports_when_domain_table_is_empty"/>
    <testcase time="0.0550000000000068" classname="empty_report" name="tlg_functions_return_null_reports_when_domain_table_is_empty"/>
    <testcase time="0.0649999999999977" classname="empty_report" name="tlg_functions_return_null_reports_when_domain_table_is_empty"/>
    <testcase time="0.419000000000011" classname="empty_report" name="tlg_functions_return_null_reports_when_domain_table_is_empty"/>
    <testcase time="0.0649999999999977" classname="empty_report" name="tlg_functions_return_null_reports_when_domain_table_is_empty"/>
    <testcase time="0.439999999999998" classname="empty_report" name="tlg_functions_return_null_reports_when_domain_table_is_empty"/>
    <testcase time="0.113" classname="empty_report" name="tlg_functions_return_null_reports_when_domain_table_is_empty"/>
    <testcase time="0.121000000000009" classname="empty_report" name="tlg_functions_return_null_reports_when_domain_table_is_empty"/>
    <testcase time="0.0599999999999739" classname="empty_report" name="tlg_functions_return_null_reports_when_domain_table_is_empty"/>
    <testcase time="0.061000000000007" classname="empty_report" name="tlg_functions_return_null_reports_when_domain_table_is_empty"/>
    <testcase time="0.106999999999999" classname="empty_report" name="tlg_functions_return_null_reports_when_domain_table_is_empty"/>
    <testcase time="0.0960000000000036" classname="empty_report" name="tlg_functions_return_null_reports_when_domain_table_is_empty"/>
  </testsuite>
  <testsuite name="lbt01" timestamp="2023-02-08T20:37:20Z" hostname="c4ef0f8785e1" tests="2" skipped="1" failures="0" errors="0" time="1.637">
    <testcase time="1.44999999999999" classname="lbt01" name="lbt01_1_can_handle_n_0_and_outputs_NE_instead_of_infs_and_NAs"/>
    <testcase time="0.187000000000012" classname="lbt01" name="lbt01_1_can_handle_n_0_and_outputs_NE_instead_of_infs_and_NAs">
      <skipped message="Reason: On CRAN ('test-lbt01.R:11')"/>
    </testcase>
  </testsuite>
  <testsuite name="lbt04" timestamp="2023-02-08T20:37:22Z" hostname="c4ef0f8785e1" tests="4" skipped="2" failures="0" errors="0" time="0.728">
    <testcase time="0.126000000000005" classname="lbt04" name="lbt04_can_handle_all_NA_values"/>
    <testcase time="0.0269999999999868" classname="lbt04" name="lbt04_can_handle_all_NA_values">
      <skipped message="Reason: On CRAN ('test-lbt04.R:10')"/>
    </testcase>
    <testcase time="0.451999999999998" classname="lbt04" name="lbt04_can_handle_some_NA_values"/>
    <testcase time="0.123000000000019" classname="lbt04" name="lbt04_can_handle_some_NA_values">
      <skipped message="Reason: On CRAN ('test-lbt04.R:24')"/>
    </testcase>
  </testsuite>
  <testsuite name="lbt05" timestamp="2023-02-08T20:37:22Z" hostname="c4ef0f8785e1" tests="3" skipped="1" failures="0" errors="0" time="1.152">
    <testcase time="0.527999999999992" classname="lbt05" name="lbt05_give_all_0_count_if_ANRIND_are_all_missing"/>
    <testcase time="0.501000000000005" classname="lbt05" name="lbt05_can_handle_some_NA_values"/>
    <testcase time="0.12299999999999" classname="lbt05" name="lbt05_can_handle_some_NA_values">
      <skipped message="Reason: On CRAN ('test-lbt05.R:24')"/>
    </testcase>
  </testsuite>
  <testsuite name="lbt07" timestamp="2023-02-08T20:37:23Z" hostname="c4ef0f8785e1" tests="2" skipped="1" failures="0" errors="0" time="0.91">
    <testcase time="0.748000000000019" classname="lbt07" name="lbt07_can_handle_some_NA_values"/>
    <testcase time="0.161999999999978" classname="lbt07" name="lbt07_can_handle_some_NA_values">
      <skipped message="Reason: On CRAN ('test-lbt07.R:12')"/>
    </testcase>
  </testsuite>
  <testsuite name="lbt14" timestamp="2023-02-08T20:37:24Z" hostname="c4ef0f8785e1" tests="8" skipped="4" failures="0" errors="0" time="7.734">
    <testcase time="1.58500000000001" classname="lbt14" name="lbt14_1_can_handle_all_NA_values"/>
    <testcase time="0.0509999999999877" classname="lbt14" name="lbt14_1_can_handle_all_NA_values">
      <skipped message="Reason: On CRAN ('test-lbt14.R:11')"/>
    </testcase>
    <testcase time="1.84300000000002" classname="lbt14" name="lbt14_1_can_handle_some_NA_values"/>
    <testcase time="0.305999999999983" classname="lbt14" name="lbt14_1_can_handle_some_NA_values">
      <skipped message="Reason: On CRAN ('test-lbt14.R:30')"/>
    </testcase>
    <testcase time="1.61500000000001" classname="lbt14" name="lbt14_2_can_handle_all_NA_values"/>
    <testcase time="0.0519999999999925" classname="lbt14" name="lbt14_2_can_handle_all_NA_values">
      <skipped message="Reason: On CRAN ('test-lbt14.R:43')"/>
    </testcase>
    <testcase time="1.94200000000001" classname="lbt14" name="lbt14_2_can_handle_some_NA_values"/>
    <testcase time="0.340000000000003" classname="lbt14" name="lbt14_2_can_handle_some_NA_values">
      <skipped message="Reason: On CRAN ('test-lbt14.R:62')"/>
    </testcase>
  </testsuite>
  <testsuite name="mng01" timestamp="2023-02-08T20:37:32Z" hostname="c4ef0f8785e1" tests="6" skipped="0" failures="0" errors="0" time="2.935">
    <testcase time="0.0960000000000036" classname="mng01" name="mng01_1_works_as_expected"/>
    <testcase time="0.302999999999997" classname="mng01" name="mng01_1_works_as_expected"/>
    <testcase time="1.25399999999999" classname="mng01" name="mng01_1_works_as_expected"/>
    <testcase time="0.0910000000000082" classname="mng01" name="mng01_1_works_as_expected_with_custom_color_set"/>
    <testcase time="0.0270000000000152" classname="mng01" name="mng01_1_works_as_expected_with_custom_color_set"/>
    <testcase time="1.16399999999999" classname="mng01" name="mng01_1_works_as_expected_with_custom_color_set"/>
  </testsuite>
  <testsuite name="pdt01" timestamp="2023-02-08T20:37:35Z" hostname="c4ef0f8785e1" tests="4" skipped="2" failures="0" errors="0" time="0.664">
    <testcase time="0.152999999999992" classname="pdt01" name="pdt01_1_can_handle_all_NA_values"/>
    <testcase time="0.0330000000000155" classname="pdt01" name="pdt01_1_can_handle_all_NA_values">
      <skipped message="Reason: On CRAN ('test-pdt01.R:11')"/>
    </testcase>
    <testcase time="0.356999999999999" classname="pdt01" name="pdt01_1_can_handle_some_NA_values"/>
    <testcase time="0.120999999999981" classname="pdt01" name="pdt01_1_can_handle_some_NA_values">
      <skipped message="Reason: On CRAN ('test-pdt01.R:27')"/>
    </testcase>
  </testsuite>
  <testsuite name="pdt02" timestamp="2023-02-08T20:37:36Z" hostname="c4ef0f8785e1" tests="4" skipped="2" failures="0" errors="0" time="0.528">
    <testcase time="0.189999999999998" classname="pdt02" name="pdt02_1_can_handle_all_NA_values"/>
    <testcase time="0.0349999999999966" classname="pdt02" name="pdt02_1_can_handle_all_NA_values">
      <skipped message="Reason: On CRAN ('test-pdt02.R:11')"/>
    </testcase>
    <testcase time="0.25200000000001" classname="pdt02" name="pdt02_1_can_handle_some_NA_values"/>
    <testcase time="0.0510000000000161" classname="pdt02" name="pdt02_1_can_handle_some_NA_values">
      <skipped message="Reason: On CRAN ('test-pdt02.R:27')"/>
    </testcase>
  </testsuite>
  <testsuite name="utils" timestamp="2023-02-08T20:37:36Z" hostname="c4ef0f8785e1" tests="17" skipped="0" failures="0" errors="0" time="0.08">
    <testcase time="0.0169999999999959" classname="utils" name="h_format_dec_works_as_exected"/>
    <testcase time="0.00399999999999068" classname="utils" name="h_format_dec_works_as_exected"/>
    <testcase time="0.00100000000000477" classname="utils" name="h_format_dec_works_as_exected"/>
    <testcase time="0.00399999999999068" classname="utils" name="h_format_dec_works_as_exected"/>
    <testcase time="0.00200000000000955" classname="utils" name="h_format_dec_works_as_exected"/>
    <testcase time="0.00399999999999068" classname="utils" name="h_format_dec_works_as_exected"/>
    <testcase time="0.00200000000000955" classname="utils" name="h_format_dec_works_as_exected"/>
    <testcase time="0.00399999999999068" classname="utils" name="h_format_dec_works_as_exected"/>
    <testcase time="0.00100000000000477" classname="utils" name="h_format_dec_works_as_exected"/>
    <testcase time="0.0029999999999859" classname="utils" name="h_format_dec_works_as_exected"/>
    <testcase time="0.00200000000000955" classname="utils" name="h_format_dec_works_as_exected"/>
    <testcase time="0.00399999999999068" classname="utils" name="h_format_dec_works_as_exected"/>
    <testcase time="0.007000000000005" classname="utils" name="h_format_dec_works_as_expected_with_more_than_one_value"/>
    <testcase time="0.00399999999999068" classname="utils" name="h_format_dec_works_as_expected_with_more_than_one_value"/>
    <testcase time="0.007000000000005" classname="utils" name="h_format_dec_works_returns_null_with_NA_format"/>
    <testcase time="0.007000000000005" classname="utils" name="h_format_dec_works_as_expected_with_NA_digits"/>
    <testcase time="0.007000000000005" classname="utils" name="h_format_dec_works_as_expected_with_NA_digits"/>
  </testsuite>
</testsuites>
