<?xml version="1.0" encoding="UTF-8"?>
<testsuites>
  <testsuite name="ael01_nollt" timestamp="2023-08-21T17:56:04Z" hostname="4fac7c3ae5e8" tests="8" skipped="4" failures="0" errors="0" time="1.968">
    <testcase time="1.079" classname="ael01_nollt" name="ael01_nollt_works_with_admh_dataset"/>
    <testcase time="0.32" classname="ael01_nollt" name="ael01_nollt_works_with_admh_dataset">
      <skipped message="Reason: On CRAN ('test-ael01_nollt.R:7:3')"/>
    </testcase>
    <testcase time="0.0860000000000003" classname="ael01_nollt" name="ael01_nollt_works_with_non_default_label"/>
    <testcase time="0.194" classname="ael01_nollt" name="ael01_nollt_works_with_non_default_label">
      <skipped message="Reason: On CRAN ('test-ael01_nollt.R:20:3')"/>
    </testcase>
    <testcase time="0.0640000000000001" classname="ael01_nollt" name="ael01_nollt_can_handle_all_missing_values"/>
    <testcase time="0.0640000000000001" classname="ael01_nollt" name="ael01_nollt_can_handle_all_missing_values">
      <skipped message="Reason: On CRAN ('test-ael01_nollt.R:33:3')"/>
    </testcase>
    <testcase time="0.0439999999999996" classname="ael01_nollt" name="ael01_nollt_can_handle_some_missing_values"/>
    <testcase time="0.117" classname="ael01_nollt" name="ael01_nollt_can_handle_some_missing_values">
      <skipped message="Reason: On CRAN ('test-ael01_nollt.R:48:3')"/>
    </testcase>
  </testsuite>
  <testsuite name="aet01" timestamp="2023-08-21T17:56:06Z" hostname="4fac7c3ae5e8" tests="9" skipped="4" failures="0" errors="0" time="3.144">
    <testcase time="0.652" classname="aet01" name="aet01_can_handle_all_NA_values"/>
    <testcase time="0.322" classname="aet01" name="aet01_can_handle_all_NA_values">
      <skipped message="Reason: On CRAN ('test-aet01.R:12:3')"/>
    </testcase>
    <testcase time="0.429" classname="aet01" name="aet01_can_handle_some_NA_values"/>
    <testcase time="0.318" classname="aet01" name="aet01_can_handle_some_NA_values">
      <skipped message="Reason: On CRAN ('test-aet01.R:29:3')"/>
    </testcase>
    <testcase time="0.319" classname="aet01" name="aet01_can_use_custom_anl_vars"/>
    <testcase time="0.186999999999999" classname="aet01" name="aet01_can_use_custom_anl_vars">
      <skipped message="Reason: On CRAN ('test-aet01.R:35:3')"/>
    </testcase>
    <testcase time="0.115" classname="aet01" name="aet01_fails_on_incomplete_data_input"/>
    <testcase time="0.465" classname="aet01" name="aet01_can_use_custom_medconcept_var"/>
    <testcase time="0.337000000000001" classname="aet01" name="aet01_can_use_custom_medconcept_var">
      <skipped message="Reason: On CRAN ('test-aet01.R:65:3')"/>
    </testcase>
  </testsuite>
  <testsuite name="aet01_aesi" timestamp="2023-08-21T17:56:09Z" hostname="4fac7c3ae5e8" tests="7" skipped="3" failures="0" errors="0" time="2.33">
    <testcase time="0.383999999999999" classname="aet01_aesi" name="aet01_aesi_can_handle_all_NA_values"/>
    <testcase time="0.298" classname="aet01_aesi" name="aet01_aesi_can_handle_all_NA_values">
      <skipped message="Reason: On CRAN ('test-aet01_aesi.R:17:3')"/>
    </testcase>
    <testcase time="0.343999999999999" classname="aet01_aesi" name="aet01_aesi_can_handle_some_NA_values"/>
    <testcase time="0.298" classname="aet01_aesi" name="aet01_aesi_can_handle_some_NA_values">
      <skipped message="Reason: On CRAN ('test-aet01_aesi.R:30:3')"/>
    </testcase>
    <testcase time="0.440000000000001" classname="aet01_aesi" name="aet01_aesi_works_with_ALL_argument"/>
    <testcase time="0.475999999999999" classname="aet01_aesi" name="aet01_aesi_works_with_ALL_argument">
      <skipped message="Reason: On CRAN ('test-aet01_aesi.R:36:3')"/>
    </testcase>
    <testcase time="0.0899999999999999" classname="aet01_aesi" name="aet01_aesi_check_fails_on_incomplete_data_input"/>
  </testsuite>
  <testsuite name="aet02" timestamp="2023-08-21T17:56:11Z" hostname="4fac7c3ae5e8" tests="3" skipped="1" failures="0" errors="0" time="2.566">
    <testcase time="0.126000000000001" classname="aet02" name="aet02_fails_on_incomplete_data_input"/>
    <testcase time="0.145" classname="aet02" name="aet02_handle_empty_data_input"/>
    <testcase time="2.295" classname="aet02" name="aet02_can_have_different_levels_of_row_split">
      <skipped message="Reason: On CRAN ('test-aet02.R:30:3')"/>
    </testcase>
  </testsuite>
  <testsuite name="aet03" timestamp="2023-08-21T17:56:14Z" hostname="4fac7c3ae5e8" tests="4" skipped="2" failures="0" errors="0" time="4.12">
    <testcase time="0.496" classname="aet03" name="aet03_can_handle_NA_values"/>
    <testcase time="0.298" classname="aet03" name="aet03_can_handle_NA_values">
      <skipped message="Reason: On CRAN ('test-aet03.R:10:3')"/>
    </testcase>
    <testcase time="2.257" classname="aet03" name="aet03_can_handle_some_NA_values"/>
    <testcase time="1.069" classname="aet03" name="aet03_can_handle_some_NA_values">
      <skipped message="Reason: On CRAN ('test-aet03.R:27:3')"/>
    </testcase>
  </testsuite>
  <testsuite name="aet04" timestamp="2023-08-21T17:56:18Z" hostname="4fac7c3ae5e8" tests="4" skipped="2" failures="0" errors="0" time="6.045">
    <testcase time="0.689999999999998" classname="aet04" name="aet04_can_handle_NA_values"/>
    <testcase time="0.452000000000002" classname="aet04" name="aet04_can_handle_NA_values">
      <skipped message="Reason: On CRAN ('test-aet04.R:10:3')"/>
    </testcase>
    <testcase time="3.571" classname="aet04" name="aet04_can_handle_some_NA_values"/>
    <testcase time="1.332" classname="aet04" name="aet04_can_handle_some_NA_values">
      <skipped message="Reason: On CRAN ('test-aet04.R:32:3')"/>
    </testcase>
  </testsuite>
  <testsuite name="aet05" timestamp="2023-08-21T17:56:24Z" hostname="4fac7c3ae5e8" tests="4" skipped="2" failures="0" errors="0" time="1.014">
    <testcase time="0.227" classname="aet05" name="aet05_can_handle_NA_values"/>
    <testcase time="0.276" classname="aet05" name="aet05_can_handle_NA_values">
      <skipped message="Reason: On CRAN ('test-aet05.R:7:3')"/>
    </testcase>
    <testcase time="0.209" classname="aet05" name="aet05_can_handle_some_NA_values"/>
    <testcase time="0.302" classname="aet05" name="aet05_can_handle_some_NA_values">
      <skipped message="Reason: On CRAN ('test-aet05.R:24:3')"/>
    </testcase>
  </testsuite>
  <testsuite name="aet05_all" timestamp="2023-08-21T17:56:25Z" hostname="4fac7c3ae5e8" tests="4" skipped="2" failures="0" errors="0" time="1.031">
    <testcase time="0.225000000000001" classname="aet05_all" name="aet05_all_can_handle_NA_values"/>
    <testcase time="0.277000000000001" classname="aet05_all" name="aet05_all_can_handle_NA_values">
      <skipped message="Reason: On CRAN ('test-aet05_all.R:7:3')"/>
    </testcase>
    <testcase time="0.221" classname="aet05_all" name="aet05_all_can_handle_some_NA_values"/>
    <testcase time="0.308" classname="aet05_all" name="aet05_all_can_handle_some_NA_values">
      <skipped message="Reason: On CRAN ('test-aet05_all.R:21:3')"/>
    </testcase>
  </testsuite>
  <testsuite name="aet10" timestamp="2023-08-21T17:56:26Z" hostname="4fac7c3ae5e8" tests="4" skipped="2" failures="0" errors="0" time="0.594">
    <testcase time="0.103999999999999" classname="aet10" name="aet10_can_handle_NA_values"/>
    <testcase time="0.119" classname="aet10" name="aet10_can_handle_NA_values">
      <skipped message="Reason: On CRAN ('test-aet10.R:10:3')"/>
    </testcase>
    <testcase time="0.138999999999999" classname="aet10" name="aet10_can_handle_some_NA_values"/>
    <testcase time="0.231999999999999" classname="aet10" name="aet10_can_handle_some_NA_values">
      <skipped message="Reason: On CRAN ('test-aet10.R:24:3')"/>
    </testcase>
  </testsuite>
  <testsuite name="assertions" timestamp="2023-08-21T17:56:27Z" hostname="4fac7c3ae5e8" tests="38" skipped="0" failures="0" errors="0" time="0.277">
    <testcase time="0.0280000000000022" classname="assertions" name="assert_one_tablenames_works_as_expected"/>
    <testcase time="0.00300000000000011" classname="assertions" name="assert_one_tablenames_works_as_expected"/>
    <testcase time="0.0069999999999979" classname="assertions" name="assert_one_tablenames_works_as_expected"/>
    <testcase time="0.00700000000000145" classname="assertions" name="assert_one_tablenames_works_as_expected"/>
    <testcase time="0.00900000000000034" classname="assertions" name="assert_all_tablenames_works_as_expected"/>
    <testcase time="0.00600000000000023" classname="assertions" name="assert_all_tablenames_works_as_expected"/>
    <testcase time="0.00600000000000023" classname="assertions" name="assert_all_tablenames_works_as_expected"/>
    <testcase time="0.00900000000000034" classname="assertions" name="assert_valid_var.character_works_as_expected"/>
    <testcase time="0.0069999999999979" classname="assertions" name="assert_valid_var.character_works_as_expected"/>
    <testcase time="0.00600000000000023" classname="assertions" name="assert_valid_var.character_works_as_expected"/>
    <testcase time="0.00700000000000145" classname="assertions" name="assert_valid_var.character_works_as_expected"/>
    <testcase time="0.00199999999999889" classname="assertions" name="assert_valid_var.character_works_as_expected"/>
    <testcase time="0.00900000000000034" classname="assertions" name="assert_valid_var.factor_works_as_expected"/>
    <testcase time="0.00600000000000023" classname="assertions" name="assert_valid_var.factor_works_as_expected"/>
    <testcase time="0.00700000000000145" classname="assertions" name="assert_valid_var.factor_works_as_expected"/>
    <testcase time="0.00599999999999667" classname="assertions" name="assert_valid_var.factor_works_as_expected"/>
    <testcase time="0.00300000000000011" classname="assertions" name="assert_valid_var.factor_works_as_expected"/>
    <testcase time="0.00900000000000034" classname="assertions" name="assert_valid_var.logical_works_as_expected"/>
    <testcase time="0.00600000000000023" classname="assertions" name="assert_valid_var.logical_works_as_expected"/>
    <testcase time="0.00700000000000145" classname="assertions" name="assert_valid_var.logical_works_as_expected"/>
    <testcase time="0.00199999999999889" classname="assertions" name="assert_valid_var.logical_works_as_expected"/>
    <testcase time="0.00900000000000034" classname="assertions" name="assert_valid_var.numeric_works_as_expected"/>
    <testcase time="0.00600000000000023" classname="assertions" name="assert_valid_var.numeric_works_as_expected"/>
    <testcase time="0.00700000000000145" classname="assertions" name="assert_valid_var.numeric_works_as_expected"/>
    <testcase time="0.00199999999999889" classname="assertions" name="assert_valid_var.numeric_works_as_expected"/>
    <testcase time="0.00700000000000145" classname="assertions" name="assert_valid_var.numeric_works_as_expected"/>
    <testcase time="0.00199999999999889" classname="assertions" name="assert_valid_var.numeric_works_as_expected"/>
    <testcase time="0.00900000000000034" classname="assertions" name="assert_valid_variable_works_as_expected"/>
    <testcase time="0.00300000000000011" classname="assertions" name="assert_valid_variable_works_as_expected"/>
    <testcase time="0.0109999999999992" classname="assertions" name="assert_valid_variable_works_as_expected"/>
    <testcase time="0.00999999999999801" classname="assertions" name="assert_valid_variable_works_as_expected"/>
    <testcase time="0.0120000000000005" classname="assertions" name="assert_valid_variable_works_as_expected"/>
    <testcase time="0.00200000000000244" classname="assertions" name="assert_valid_variable_works_as_expected"/>
    <testcase time="0.00999999999999801" classname="assertions" name="assert_valid_var_pair_works_as_expected_with_character"/>
    <testcase time="0.00799999999999912" classname="assertions" name="assert_valid_var_pair_works_as_expected_with_character"/>
    <testcase time="0.0100000000000016" classname="assertions" name="assert_valid_var_pair_works_as_expected_with_factor"/>
    <testcase time="0.00799999999999912" classname="assertions" name="assert_valid_var_pair_works_as_expected_with_factor"/>
    <testcase time="0.00900000000000034" classname="assertions" name="assert_valid_var_pair_works_as_expected_with_factor"/>
  </testsuite>
  <testsuite name="cfbt01" timestamp="2023-08-21T17:56:27Z" hostname="4fac7c3ae5e8" tests="3" skipped="2" failures="0" errors="0" time="12.705">
    <testcase time="9.416" classname="cfbt01" name="cfbt01_functions_with_default_argument_value_return_expected_result_with_test_data">
      <skipped message="Reason: On CRAN ('test-cfbt01.R:7:3')"/>
    </testcase>
    <testcase time="1.34699999999999" classname="cfbt01" name="cfbt01_can_handle_n_0_and_outputs_NE_instead_of_infs_and_NAs"/>
    <testcase time="1.942" classname="cfbt01" name="cfbt01_can_handle_n_0_and_outputs_NE_instead_of_infs_and_NAs">
      <skipped message="Reason: On CRAN ('test-cfbt01.R:22:3')"/>
    </testcase>
  </testsuite>
  <testsuite name="checks" timestamp="2023-08-21T17:56:40Z" hostname="4fac7c3ae5e8" tests="8" skipped="0" failures="0" errors="0" time="0.056">
    <testcase time="0.0240000000000009" classname="checks" name="check_all_colnames_works_as_expected"/>
    <testcase time="0.00500000000000256" classname="checks" name="check_all_colnames_works_as_expected"/>
    <testcase time="0.00200000000000244" classname="checks" name="check_all_colnames_works_as_expected"/>
    <testcase time="0.00499999999999545" classname="checks" name="check_all_colnames_works_as_expected"/>
    <testcase time="0.00900000000000034" classname="checks" name="check_one_colnames_works_as_expected"/>
    <testcase time="0.00399999999999778" classname="checks" name="check_one_colnames_works_as_expected"/>
    <testcase time="0.00300000000000011" classname="checks" name="check_one_colnames_works_as_expected"/>
    <testcase time="0.00400000000000489" classname="checks" name="check_one_colnames_works_as_expected"/>
  </testsuite>
  <testsuite name="chevron_tlg-class" timestamp="2023-08-21T17:56:40Z" hostname="4fac7c3ae5e8" tests="24" skipped="0" failures="0" errors="0" time="0.127">
    <testcase time="0.0150000000000006" classname="chevron_tlg_class" name="chevron_t_object_can_be_constructed_with_default_values"/>
    <testcase time="0.00499999999999545" classname="chevron_tlg_class" name="chevron_t_object_can_be_constructed_with_default_values"/>
    <testcase time="0.0100000000000051" classname="chevron_tlg_class" name="chevron_t_object_can_be_constructed_with_custom_values"/>
    <testcase time="0.00499999999999545" classname="chevron_tlg_class" name="chevron_t_object_can_be_constructed_with_custom_values"/>
    <testcase time="0.00300000000000011" classname="chevron_tlg_class" name="chevron_t_object_can_be_constructed_with_custom_values"/>
    <testcase time="0.00500000000000256" classname="chevron_tlg_class" name="chevron_t_object_can_be_constructed_with_custom_values"/>
    <testcase time="0.00999999999999801" classname="chevron_tlg_class" name="chevron_t_constructor_returns_an_error_when_expected"/>
    <testcase time="0.000999999999997669" classname="chevron_tlg_class" name="chevron_t_constructor_returns_an_error_when_expected"/>
    <testcase time="0.00200000000000244" classname="chevron_tlg_class" name="chevron_t_constructor_returns_an_error_when_expected"/>
    <testcase time="0.000999999999997669" classname="chevron_tlg_class" name="chevron_t_constructor_returns_an_error_when_expected"/>
    <testcase time="0.00100000000000477" classname="chevron_tlg_class" name="chevron_t_constructor_returns_an_error_when_expected"/>
    <testcase time="0.00900000000000034" classname="chevron_tlg_class" name="chevron_t_constructor_returns_an_error_when_expected"/>
    <testcase time="0.0129999999999981" classname="chevron_tlg_class" name="chevron_l_object_can_be_constructed_with_default_values"/>
    <testcase time="0.0069999999999979" classname="chevron_tlg_class" name="chevron_l_object_can_be_constructed_with_default_values"/>
    <testcase time="0.0110000000000028" classname="chevron_tlg_class" name="chevron_g_object_can_be_constructed_with_custom_values"/>
    <testcase time="0.00500000000000256" classname="chevron_tlg_class" name="chevron_g_object_can_be_constructed_with_custom_values"/>
    <testcase time="0.00300000000000011" classname="chevron_tlg_class" name="chevron_g_object_can_be_constructed_with_custom_values"/>
    <testcase time="0.00499999999999545" classname="chevron_tlg_class" name="chevron_g_object_can_be_constructed_with_custom_values"/>
    <testcase time="0.00900000000000034" classname="chevron_tlg_class" name="chevron_g_constructor_returns_an_error_when_expected"/>
    <testcase time="0.00200000000000244" classname="chevron_tlg_class" name="chevron_g_constructor_returns_an_error_when_expected"/>
    <testcase time="0.000999999999997669" classname="chevron_tlg_class" name="chevron_g_constructor_returns_an_error_when_expected"/>
    <testcase time="0.00200000000000244" classname="chevron_tlg_class" name="chevron_g_constructor_returns_an_error_when_expected"/>
    <testcase time="0.000999999999997669" classname="chevron_tlg_class" name="chevron_g_constructor_returns_an_error_when_expected"/>
    <testcase time="0.000999999999997669" classname="chevron_tlg_class" name="chevron_g_constructor_returns_an_error_when_expected"/>
  </testsuite>
  <testsuite name="chevron_tlg-methods" timestamp="2023-08-21T17:56:40Z" hostname="4fac7c3ae5e8" tests="30" skipped="9" failures="0" errors="0" time="12.645">
    <testcase time="4.773" classname="chevron_tlg_methods" name="run_works_as_expected_for_chevron_t_object">
      <skipped message="Reason: On CRAN ('test-chevron_tlg-methods.R:5:3')"/>
    </testcase>
    <testcase time="0.756" classname="chevron_tlg_methods" name="run_works_as_expected_for_chevron_t_object_when_auto_pre_FALSE">
      <skipped message="Reason: On CRAN ('test-chevron_tlg-methods.R:13:3')"/>
    </testcase>
    <testcase time="0.893000000000001" classname="chevron_tlg_methods" name="run_works_as_expected_with_argument_printed">
      <skipped message="Reason: On CRAN ('test-chevron_tlg-methods.R:18:3')"/>
    </testcase>
    <testcase time="1.284" classname="chevron_tlg_methods" name="run_works_as_expected_with_argument_printed_if_the_user_argument_is_complicated">
      <skipped message="Reason: On CRAN ('test-chevron_tlg-methods.R:25:3')"/>
    </testcase>
    <testcase time="0.908999999999999" classname="chevron_tlg_methods" name="run_works_as_expected_with_partial_match_argument">
      <skipped message="Reason: On CRAN ('test-chevron_tlg-methods.R:31:3')"/>
    </testcase>
    <testcase time="0.0189999999999984" classname="chevron_tlg_methods" name="args_ls_works_as_expected"/>
    <testcase time="0.00100000000000477" classname="chevron_tlg_methods" name="args_ls_works_as_expected"/>
    <testcase time="0.00199999999999534" classname="chevron_tlg_methods" name="args_ls_works_as_expected"/>
    <testcase time="0.00800000000000267" classname="chevron_tlg_methods" name="args_ls_works_as_expected_when_simplify_is_TRUE"/>
    <testcase time="0.00200000000000244" classname="chevron_tlg_methods" name="args_ls_works_as_expected_when_simplify_is_TRUE"/>
    <testcase time="0.000999999999997669" classname="chevron_tlg_methods" name="args_ls_works_as_expected_when_simplify_is_TRUE"/>
    <testcase time="0.00900000000000034" classname="chevron_tlg_methods" name="args_ls_works_as_expected_with_custom_chevron_tlg_object"/>
    <testcase time="0.00200000000000244" classname="chevron_tlg_methods" name="args_ls_works_as_expected_with_custom_chevron_tlg_object"/>
    <testcase time="0.000999999999997669" classname="chevron_tlg_methods" name="args_ls_works_as_expected_with_custom_chevron_tlg_object"/>
    <testcase time="0.00399999999999778" classname="chevron_tlg_methods" name="args_ls_works_as_expected_with_custom_chevron_tlg_object"/>
    <testcase time="0.0110000000000028" classname="chevron_tlg_methods" name="main_works_as_expected"/>
    <testcase time="0.0120000000000005" classname="chevron_tlg_methods" name="main_setter_works_as_expected"/>
    <testcase time="0.0169999999999959" classname="chevron_tlg_methods" name="main_setter_throw_an_error_as_expected"/>
    <testcase time="0.0110000000000028" classname="chevron_tlg_methods" name="preprocess_works_as_expected"/>
    <testcase time="0.0120000000000005" classname="chevron_tlg_methods" name="preprocess_setter_works_as_expected"/>
    <testcase time="0.0169999999999959" classname="chevron_tlg_methods" name="preprocess_sends_an_error_as_expected"/>
    <testcase time="0.0110000000000028" classname="chevron_tlg_methods" name="postprocess_works_as_expected"/>
    <testcase time="0.0120000000000005" classname="chevron_tlg_methods" name="postprocess_setter_works_as_expected"/>
    <testcase time="0.0180000000000007" classname="chevron_tlg_methods" name="postprocess_sends_an_error_as_expected"/>
    <testcase time="0.00800000000000267" classname="chevron_tlg_methods" name="script_funs_works_as_expected_in_interactive_mode">
      <skipped message="Reason: !interactive() is TRUE ('test-chevron_tlg-methods.R:146:3')"/>
    </testcase>
    <testcase time="0.019999999999996" classname="chevron_tlg_methods" name="script_funs_works_as_expected"/>
    <testcase time="0.000999999999997669" classname="chevron_tlg_methods" name="script_funs_works_as_expected"/>
    <testcase time="3.773" classname="chevron_tlg_methods" name="script_funs_generates_a_valid_script">
      <skipped message="Reason: On CRAN ('test-chevron_tlg-methods.R:167:3')"/>
    </testcase>
    <testcase time="0.0319999999999965" classname="chevron_tlg_methods" name="print_list_works">
      <skipped message="Reason: On CRAN ('test-chevron_tlg-methods.R:175:3')"/>
    </testcase>
    <testcase time="0.0260000000000034" classname="chevron_tlg_methods" name="print_list_works_for_empty_list">
      <skipped message="Reason: On CRAN ('test-chevron_tlg-methods.R:179:3')"/>
    </testcase>
  </testsuite>
  <testsuite name="cmt01a" timestamp="2023-08-21T17:56:52Z" hostname="4fac7c3ae5e8" tests="6" skipped="4" failures="0" errors="0" time="5.112">
    <testcase time="1.541" classname="cmt01a" name="cmt01a_functions_with_default_argument_value_return_expected_result_with_test_data">
      <skipped message="Reason: On CRAN ('test-cmt01a.R:7:3')"/>
    </testcase>
    <testcase time="1.45500000000001" classname="cmt01a" name="cmt01a_functions_with_custom_argument_value_return_expected_result_with_test_data">
      <skipped message="Reason: On CRAN ('test-cmt01a.R:19:3')"/>
    </testcase>
    <testcase time="0.241" classname="cmt01a" name="cmt01a_can_handle_all_NA_values"/>
    <testcase time="0.171999999999997" classname="cmt01a" name="cmt01a_can_handle_all_NA_values">
      <skipped message="Reason: On CRAN ('test-cmt01a.R:33:3')"/>
    </testcase>
    <testcase time="0.975000000000001" classname="cmt01a" name="cmt01a_can_handle_some_NA_values"/>
    <testcase time="0.728000000000002" classname="cmt01a" name="cmt01a_can_handle_some_NA_values">
      <skipped message="Reason: On CRAN ('test-cmt01a.R:41:3')"/>
    </testcase>
  </testsuite>
  <testsuite name="cmt02_pt" timestamp="2023-08-21T17:56:58Z" hostname="4fac7c3ae5e8" tests="4" skipped="2" failures="0" errors="0" time="0.803">
    <testcase time="0.167000000000002" classname="cmt02_pt" name="cmt02_pt_can_handle_all_NA_values"/>
    <testcase time="0.150999999999996" classname="cmt02_pt" name="cmt02_pt_can_handle_all_NA_values">
      <skipped message="Reason: On CRAN ('test-cmt02_pt.R:9:3')"/>
    </testcase>
    <testcase time="0.222000000000001" classname="cmt02_pt" name="cmt02_pt_can_handle_some_NA_values"/>
    <testcase time="0.262999999999998" classname="cmt02_pt" name="cmt02_pt_can_handle_some_NA_values">
      <skipped message="Reason: On CRAN ('test-cmt02_pt.R:17:3')"/>
    </testcase>
  </testsuite>
  <testsuite name="coxt01" timestamp="2023-08-21T17:56:58Z" hostname="4fac7c3ae5e8" tests="3" skipped="1" failures="0" errors="0" time="0.761">
    <testcase time="0.527000000000001" classname="coxt01" name="coxt01_can_handle_some_NA_values"/>
    <testcase time="0.194000000000003" classname="coxt01" name="coxt01_can_handle_some_NA_values">
      <skipped message="Reason: On CRAN ('test-coxt01.R:8:3')"/>
    </testcase>
    <testcase time="0.0399999999999991" classname="coxt01" name="coxt01_fails_on_incomlete_data"/>
  </testsuite>
  <testsuite name="coxt02" timestamp="2023-08-21T17:56:59Z" hostname="4fac7c3ae5e8" tests="3" skipped="1" failures="0" errors="0" time="0.954">
    <testcase time="0.644999999999996" classname="coxt02" name="coxt02_can_handle_some_NA_values"/>
    <testcase time="0.267000000000003" classname="coxt02" name="coxt02_can_handle_some_NA_values">
      <skipped message="Reason: On CRAN ('test-coxt02.R:5:3')"/>
    </testcase>
    <testcase time="0.0420000000000016" classname="coxt02" name="coxt02_fails_on_incomlete_data"/>
  </testsuite>
  <testsuite name="default_tlg" timestamp="2023-08-21T17:57:00Z" hostname="4fac7c3ae5e8" tests="15" skipped="15" failures="0" errors="0" time="16.109">
    <testcase time="0.135999999999996" classname="default_tlg" name="ael01_nollt_function_with_default_argument_value_return_expected_result_with_test_data">
      <skipped message="Reason: On CRAN ('test-default_tlg.R:5:3')"/>
    </testcase>
    <testcase time="0.733000000000004" classname="default_tlg" name="aet01_function_with_default_argument_value_return_expected_result_with_test_data">
      <skipped message="Reason: On CRAN ('test-default_tlg.R:12:3')"/>
    </testcase>
    <testcase time="0.677999999999997" classname="default_tlg" name="aet01_aesi_function_with_default_argument_value_return_expected_result_with_test_data">
      <skipped message="Reason: On CRAN ('test-default_tlg.R:19:3')"/>
    </testcase>
    <testcase time="1.395" classname="default_tlg" name="aet02_functions_with_default_argument_value_return_expected_result_with_test_data">
      <skipped message="Reason: On CRAN ('test-default_tlg.R:26:3')"/>
    </testcase>
    <testcase time="3.17899999999999" classname="default_tlg" name="aet03_functions_with_default_argument_value_return_expected_result_with_test_data">
      <skipped message="Reason: On CRAN ('test-default_tlg.R:33:3')"/>
    </testcase>
    <testcase time="4.776" classname="default_tlg" name="aet04_functions_with_default_argument_value_return_expected_result_with_test_data">
      <skipped message="Reason: On CRAN ('test-default_tlg.R:40:3')"/>
    </testcase>
    <testcase time="0.538000000000011" classname="default_tlg" name="aet05_functions_with_default_argument_value_return_expected_result_with_test_data">
      <skipped message="Reason: On CRAN ('test-default_tlg.R:47:3')"/>
    </testcase>
    <testcase time="0.546999999999997" classname="default_tlg" name="aet05_all_functions_with_default_argument_value_return_expected_result_with_test_data">
      <skipped message="Reason: On CRAN ('test-default_tlg.R:54:3')"/>
    </testcase>
    <testcase time="0.379000000000005" classname="default_tlg" name="aet10_functions_with_default_argument_value_return_expected_result_with_test_data">
      <skipped message="Reason: On CRAN ('test-default_tlg.R:61:3')"/>
    </testcase>
    <testcase time="0.488" classname="default_tlg" name="cmt02_pt_functions_with_default_argument_value_return_expected_result_with_test_data">
      <skipped message="Reason: On CRAN ('test-default_tlg.R:68:3')"/>
    </testcase>
    <testcase time="0.680999999999997" classname="default_tlg" name="coxt01_functions_with_default_argument_value_return_expected_result_with_test_data">
      <skipped message="Reason: On CRAN ('test-default_tlg.R:78:3')"/>
    </testcase>
    <testcase time="0.914000000000001" classname="default_tlg" name="coxt02_functions_with_default_argument_value_return_expected_result_with_test_data">
      <skipped message="Reason: On CRAN ('test-default_tlg.R:86:3')"/>
    </testcase>
    <testcase time="0.781999999999996" classname="default_tlg" name="dmt01_functions_with_default_argument_value_return_expected_result_with_test_data">
      <skipped message="Reason: On CRAN ('test-default_tlg.R:93:3')"/>
    </testcase>
    <testcase time="0.549999999999997" classname="default_tlg" name="dst01_functions_with_default_argument_value_return_expected_result_with_test_data">
      <skipped message="Reason: On CRAN ('test-default_tlg.R:100:3')"/>
    </testcase>
    <testcase time="0.332999999999998" classname="default_tlg" name="dtht01_functions_with_default_argument_value_return_expected_result_with_test_data">
      <skipped message="Reason: On CRAN ('test-default_tlg.R:107:3')"/>
    </testcase>
  </testsuite>
  <testsuite name="dmt01" timestamp="2023-08-21T17:57:16Z" hostname="4fac7c3ae5e8" tests="4" skipped="2" failures="0" errors="0" time="1.506">
    <testcase time="0.292000000000002" classname="dmt01" name="dmt01_can_handle_NA_values"/>
    <testcase time="0.415000000000006" classname="dmt01" name="dmt01_can_handle_NA_values">
      <skipped message="Reason: On CRAN ('test-dmt01.R:8:3')"/>
    </testcase>
    <testcase time="0.301999999999992" classname="dmt01" name="dmt01_can_handle_numeric_NA_values"/>
    <testcase time="0.497" classname="dmt01" name="dmt01_can_handle_numeric_NA_values">
      <skipped message="Reason: On CRAN ('test-dmt01.R:15:3')"/>
    </testcase>
  </testsuite>
  <testsuite name="dst01" timestamp="2023-08-21T17:57:18Z" hostname="4fac7c3ae5e8" tests="14" skipped="7" failures="0" errors="0" time="3.595">
    <testcase time="0.195000000000007" classname="dst01" name="dst01_works_as_expected_when_all_data_are_NA"/>
    <testcase time="0.083999999999989" classname="dst01" name="dst01_works_as_expected_when_all_data_are_NA">
      <skipped message="Reason: On CRAN ('test-dst01.R:11:3')"/>
    </testcase>
    <testcase time="0.173000000000002" classname="dst01" name="dst01_can_handle_all_NA_values_in_DCSREAS"/>
    <testcase time="0.181000000000012" classname="dst01" name="dst01_can_handle_all_NA_values_in_DCSREAS">
      <skipped message="Reason: On CRAN ('test-dst01.R:22:3')"/>
    </testcase>
    <testcase time="0.262999999999991" classname="dst01" name="dst01_can_handle_some_NA_values"/>
    <testcase time="0.287999999999997" classname="dst01" name="dst01_can_handle_some_NA_values">
      <skipped message="Reason: On CRAN ('test-dst01.R:29:3')"/>
    </testcase>
    <testcase time="0.192999999999998" classname="dst01" name="dst01_can_handle_missing_levels_in_status_var"/>
    <testcase time="0.131" classname="dst01" name="dst01_can_handle_missing_levels_in_status_var">
      <skipped message="Reason: On CRAN ('test-dst01.R:39:3')"/>
    </testcase>
    <testcase time="0.301000000000002" classname="dst01" name="dst01_can_create_variants"/>
    <testcase time="0.317999999999998" classname="dst01" name="dst01_can_create_variants">
      <skipped message="Reason: On CRAN ('test-dst01.R:44:3')"/>
    </testcase>
    <testcase time="0.365000000000009" classname="dst01" name="dst01_can_create_variants"/>
    <testcase time="0.314999999999998" classname="dst01" name="dst01_can_create_variants">
      <skipped message="Reason: On CRAN ('test-dst01.R:49:3')"/>
    </testcase>
    <testcase time="0.405000000000001" classname="dst01" name="dst01_can_create_variants"/>
    <testcase time="0.382999999999996" classname="dst01" name="dst01_can_create_variants">
      <skipped message="Reason: On CRAN ('test-dst01.R:56:3')"/>
    </testcase>
  </testsuite>
  <testsuite name="dtht01" timestamp="2023-08-21T17:57:21Z" hostname="4fac7c3ae5e8" tests="5" skipped="3" failures="0" errors="0" time="2.003">
    <testcase time="0.150000000000006" classname="dtht01" name="dtht01_can_handle_all_NA_values"/>
    <testcase time="0.195999999999998" classname="dtht01" name="dtht01_can_handle_all_NA_values">
      <skipped message="Reason: On CRAN ('test-dtht01.R:12:3')"/>
    </testcase>
    <testcase time="0.363" classname="dtht01" name="dtht01_can_handle_some_NA_values"/>
    <testcase time="0.468999999999994" classname="dtht01" name="dtht01_can_handle_some_NA_values">
      <skipped message="Reason: On CRAN ('test-dtht01.R:19:3')"/>
    </testcase>
    <testcase time="0.825000000000003" classname="dtht01" name="dtht01_can_be_parametrize_as_expected">
      <skipped message="Reason: On CRAN ('test-dtht01.R:30:3')"/>
    </testcase>
  </testsuite>
  <testsuite name="egt01" timestamp="2023-08-21T17:57:23Z" hostname="4fac7c3ae5e8" tests="3" skipped="2" failures="0" errors="0" time="9.498">
    <testcase time="4.982" classname="egt01" name="egt01_functions_with_default_argument_value_return_expected_result_with_test_data">
      <skipped message="Reason: On CRAN ('test-egt01.R:7:3')"/>
    </testcase>
    <testcase time="2.096" classname="egt01" name="egt01_can_handle_n_0_and_outputs_NE_instead_of_infs_and_NAs"/>
    <testcase time="2.42" classname="egt01" name="egt01_can_handle_n_0_and_outputs_NE_instead_of_infs_and_NAs">
      <skipped message="Reason: On CRAN ('test-egt01.R:20:3')"/>
    </testcase>
  </testsuite>
  <testsuite name="egt02" timestamp="2023-08-21T17:57:33Z" hostname="4fac7c3ae5e8" tests="2" skipped="2" failures="0" errors="0" time="0.896">
    <testcase time="0.474999999999994" classname="egt02" name="egt02_1_functions_with_default_argument_value_return_expected_result_with_test_data">
      <skipped message="Reason: On CRAN ('test-egt02.R:7:3')"/>
    </testcase>
    <testcase time="0.421000000000006" classname="egt02" name="egt02_2_functions_with_default_value_return_expected_result_with_test_data">
      <skipped message="Reason: On CRAN ('test-egt02.R:14:3')"/>
    </testcase>
  </testsuite>
  <testsuite name="egt03" timestamp="2023-08-21T17:57:34Z" hostname="4fac7c3ae5e8" tests="5" skipped="2" failures="0" errors="0" time="1.47">
    <testcase time="0.700999999999993" classname="egt03" name="egt03_functions_with_default_argument_value_return_expected_result_with_test_data">
      <skipped message="Reason: On CRAN ('test-egt03.R:9:3')"/>
    </testcase>
    <testcase time="0.0430000000000064" classname="egt03" name="egt03_errors_on_all_NA_values"/>
    <testcase time="0.343999999999994" classname="egt03" name="egt03_can_handle_some_NA_values"/>
    <testcase time="0.343000000000004" classname="egt03" name="egt03_can_handle_some_NA_values">
      <skipped message="Reason: On CRAN ('test-egt03.R:32:3')"/>
    </testcase>
    <testcase time="0.0390000000000015" classname="egt03" name="egt03_fails_on_incomplete_data"/>
  </testsuite>
  <testsuite name="egt05_qtcat" timestamp="2023-08-21T17:57:35Z" hostname="4fac7c3ae5e8" tests="4" skipped="2" failures="0" errors="0" time="4.988">
    <testcase time="3.33" classname="egt05_qtcat" name="egt05_qtcat_functions_with_default_argument_value_return_expected_result_with_test_data">
      <skipped message="Reason: On CRAN ('test-egt05_qtcat.R:7:3')"/>
    </testcase>
    <testcase time="0.0420000000000016" classname="egt05_qtcat" name="egt05_qtcat_erros_on_all_NA_values"/>
    <testcase time="0.674999999999997" classname="egt05_qtcat" name="egt05_qtcat_can_handle_some_NA_values"/>
    <testcase time="0.941000000000003" classname="egt05_qtcat" name="egt05_qtcat_can_handle_some_NA_values">
      <skipped message="Reason: On CRAN ('test-egt05_qtcat.R:28:3')"/>
    </testcase>
  </testsuite>
  <testsuite name="empty_report" timestamp="2023-08-21T17:57:40Z" hostname="4fac7c3ae5e8" tests="24" skipped="0" failures="0" errors="0" time="4.844">
    <testcase time="1.688" classname="empty_report" name="tlg_functions_return_null_reports_when_domain_table_is_empty"/>
    <testcase time="0.381999999999991" classname="empty_report" name="tlg_functions_return_null_reports_when_domain_table_is_empty"/>
    <testcase time="0.266000000000005" classname="empty_report" name="tlg_functions_return_null_reports_when_domain_table_is_empty"/>
    <testcase time="0.117999999999995" classname="empty_report" name="tlg_functions_return_null_reports_when_domain_table_is_empty"/>
    <testcase time="0.123000000000005" classname="empty_report" name="tlg_functions_return_null_reports_when_domain_table_is_empty"/>
    <testcase time="0.0789999999999935" classname="empty_report" name="tlg_functions_return_null_reports_when_domain_table_is_empty"/>
    <testcase time="0.106000000000009" classname="empty_report" name="tlg_functions_return_null_reports_when_domain_table_is_empty"/>
    <testcase time="0.200999999999993" classname="empty_report" name="tlg_functions_return_null_reports_when_domain_table_is_empty"/>
    <testcase time="0.231999999999999" classname="empty_report" name="tlg_functions_return_null_reports_when_domain_table_is_empty"/>
    <testcase time="0.0880000000000081" classname="empty_report" name="tlg_functions_return_null_reports_when_domain_table_is_empty"/>
    <testcase time="0.0869999999999891" classname="empty_report" name="tlg_functions_return_null_reports_when_domain_table_is_empty"/>
    <testcase time="0.078000000000003" classname="empty_report" name="tlg_functions_return_null_reports_when_domain_table_is_empty"/>
    <testcase time="0.0480000000000018" classname="empty_report" name="tlg_functions_return_null_reports_when_domain_table_is_empty"/>
    <testcase time="0.0670000000000073" classname="empty_report" name="tlg_functions_return_null_reports_when_domain_table_is_empty"/>
    <testcase time="0.0729999999999933" classname="empty_report" name="tlg_functions_return_null_reports_when_domain_table_is_empty"/>
    <testcase time="0.10799999999999" classname="empty_report" name="tlg_functions_return_null_reports_when_domain_table_is_empty"/>
    <testcase time="0.0900000000000034" classname="empty_report" name="tlg_functions_return_null_reports_when_domain_table_is_empty"/>
    <testcase time="0.0880000000000081" classname="empty_report" name="tlg_functions_return_null_reports_when_domain_table_is_empty"/>
    <testcase time="0.506" classname="empty_report" name="tlg_functions_return_null_reports_when_domain_table_is_empty"/>
    <testcase time="0.11699999999999" classname="empty_report" name="tlg_functions_return_null_reports_when_domain_table_is_empty"/>
    <testcase time="0.0990000000000038" classname="empty_report" name="tlg_functions_return_null_reports_when_domain_table_is_empty"/>
    <testcase time="0.0859999999999985" classname="empty_report" name="tlg_functions_return_null_reports_when_domain_table_is_empty"/>
    <testcase time="0.0490000000000066" classname="empty_report" name="tlg_functions_return_null_reports_when_domain_table_is_empty"/>
    <testcase time="0.0649999999999977" classname="empty_report" name="tlg_functions_return_null_reports_when_domain_table_is_empty"/>
  </testsuite>
  <testsuite name="ext01" timestamp="2023-08-21T17:57:45Z" hostname="4fac7c3ae5e8" tests="8" skipped="7" failures="0" errors="0" time="6.455">
    <testcase time="0.667000000000002" classname="ext01" name="ext01_functions_with_default_argument_value_return_expected_result_with_test_data">
      <skipped message="Reason: On CRAN ('test-ext01.R:7:3')"/>
    </testcase>
    <testcase time="0.760999999999996" classname="ext01" name="ext01_functions_with_categorical_data_return_expected_result_with_test_data">
      <skipped message="Reason: On CRAN ('test-ext01.R:15:3')"/>
    </testcase>
    <testcase time="0.301000000000002" classname="ext01" name="ext01_works"/>
    <testcase time="0.405000000000001" classname="ext01" name="ext01_works">
      <skipped message="Reason: On CRAN ('test-ext01.R:23:3')"/>
    </testcase>
    <testcase time="0.762999999999991" classname="ext01" name="ext01_works_for_selected_parameters_and_categorical_variables">
      <skipped message="Reason: On CRAN ('test-ext01.R:36:3')"/>
    </testcase>
    <testcase time="1.15300000000001" classname="ext01" name="ext01_works_with_custom_mapping_order">
      <skipped message="Reason: On CRAN ('test-ext01.R:47:3')"/>
    </testcase>
    <testcase time="1.199" classname="ext01" name="ext01_works_with_custom_mapping_order_for_a_single_split">
      <skipped message="Reason: On CRAN ('test-ext01.R:57:3')"/>
    </testcase>
    <testcase time="1.206" classname="ext01" name="ext01_works_with_custom_mapping_fill_in_value">
      <skipped message="Reason: On CRAN ('test-ext01.R:68:3')"/>
    </testcase>
  </testsuite>
  <testsuite name="fstg01" timestamp="2023-08-21T17:57:51Z" hostname="4fac7c3ae5e8" tests="13" skipped="0" failures="0" errors="0" time="10.956">
    <testcase time="0.039999999999992" classname="fstg01" name="fstg01_works_as_expected"/>
    <testcase time="2.41600000000001" classname="fstg01" name="fstg01_works_as_expected"/>
    <testcase time="0.00500000000000966" classname="fstg01" name="fstg01_works_as_expected"/>
    <testcase time="2.428" classname="fstg01" name="fstg01_works_as_expected_with_custom_color_set"/>
    <testcase time="0.00499999999999545" classname="fstg01" name="fstg01_works_as_expected_with_custom_color_set"/>
    <testcase time="2.06700000000001" classname="fstg01" name="fstg01_works_as_expected_with_custom_color_set"/>
    <testcase time="0.00600000000000023" classname="fstg01" name="fstg01_works_as_expected_with_custom_color_set"/>
    <testcase time="0.430999999999997" classname="fstg01" name="fstg01_works_if_changes_are_in_subgroups_strata_var_conf_level_and_label_all"/>
    <testcase time="0.00499999999999545" classname="fstg01" name="fstg01_works_if_changes_are_in_subgroups_strata_var_conf_level_and_label_all"/>
    <testcase time="1.027" classname="fstg01" name="fstg01_works_if_changes_are_in_subgroups_strata_var_conf_level_and_label_all"/>
    <testcase time="0.00499999999999545" classname="fstg01" name="fstg01_works_if_changes_are_in_subgroups_strata_var_conf_level_and_label_all"/>
    <testcase time="2.51600000000001" classname="fstg01" name="fstg01_can_handle_some_NA_values_in_subgroups"/>
    <testcase time="0.00499999999999545" classname="fstg01" name="fstg01_can_handle_some_NA_values_in_subgroups"/>
  </testsuite>
  <testsuite name="fstg02" timestamp="2023-08-21T17:58:02Z" hostname="4fac7c3ae5e8" tests="9" skipped="0" failures="0" errors="0" time="12.575">
    <testcase time="0.0200000000000102" classname="fstg02" name="fstg02_works_as_expected"/>
    <testcase time="1.874" classname="fstg02" name="fstg02_works_as_expected"/>
    <testcase time="1.884" classname="fstg02" name="fstg02_works_as_expected_with_custom_color_set"/>
    <testcase time="1.64700000000001" classname="fstg02" name="fstg02_works_as_expected_with_custom_color_set"/>
    <testcase time="0.381999999999991" classname="fstg02" name="fstg02_works_if_changes_are_in_subgroups_strata_var_conf_level_and_label_all"/>
    <testcase time="0.914000000000016" classname="fstg02" name="fstg02_works_if_changes_are_in_subgroups_strata_var_conf_level_and_label_all"/>
    <testcase time="1.93699999999998" classname="fstg02" name="fstg02_can_handle_some_NA_values_in_subgroups"/>
    <testcase time="1.93100000000001" classname="fstg02" name="fstg02_can_handle_customized_time_units"/>
    <testcase time="1.98599999999999" classname="fstg02" name="fstg02_can_handle_customized_time_units"/>
  </testsuite>
  <testsuite name="kmg01" timestamp="2023-08-21T17:58:15Z" hostname="4fac7c3ae5e8" tests="13" skipped="0" failures="0" errors="0" time="1.475">
    <testcase time="0.0190000000000055" classname="kmg01" name="kmg01_works_as_expected"/>
    <testcase time="0.298000000000002" classname="kmg01" name="kmg01_works_as_expected"/>
    <testcase time="0.00499999999999545" classname="kmg01" name="kmg01_works_as_expected"/>
    <testcase time="0.292000000000002" classname="kmg01" name="kmg01_works_as_expected_with_custom_color_set"/>
    <testcase time="0.00499999999999545" classname="kmg01" name="kmg01_works_as_expected_with_custom_color_set"/>
    <testcase time="0.231999999999999" classname="kmg01" name="kmg01_works_as_expected_with_custom_color_set"/>
    <testcase time="0.00499999999999545" classname="kmg01" name="kmg01_works_as_expected_with_custom_color_set"/>
    <testcase time="0.221000000000004" classname="kmg01" name="kmg01_works_if_change_pvalue_ties_and_conf_level"/>
    <testcase time="0.00499999999999545" classname="kmg01" name="kmg01_works_if_change_pvalue_ties_and_conf_level"/>
    <testcase time="0.195000000000022" classname="kmg01" name="kmg01_works_if_change_annotation_position"/>
    <testcase time="0.00600000000000023" classname="kmg01" name="kmg01_works_if_change_annotation_position"/>
    <testcase time="0.186999999999983" classname="kmg01" name="kmg01_works_for_stratified_anlaysis"/>
    <testcase time="0.00499999999999545" classname="kmg01" name="kmg01_works_for_stratified_anlaysis"/>
  </testsuite>
  <testsuite name="lbt01" timestamp="2023-08-21T17:58:16Z" hostname="4fac7c3ae5e8" tests="4" skipped="3" failures="0" errors="0" time="13.369">
    <testcase time="4.375" classname="lbt01" name="lbt01_functions_with_default_argument_value_return_expected_result_with_test_data">
      <skipped message="Reason: On CRAN ('test-lbt01.R:7:3')"/>
    </testcase>
    <testcase time="4.54300000000001" classname="lbt01" name="lbt01_functions_with_row_split_var_return_expected_result_with_test_data">
      <skipped message="Reason: On CRAN ('test-lbt01.R:16:3')"/>
    </testcase>
    <testcase time="1.797" classname="lbt01" name="lbt01_can_handle_n_0_and_outputs_NE_instead_of_infs_and_NAs"/>
    <testcase time="2.654" classname="lbt01" name="lbt01_can_handle_n_0_and_outputs_NE_instead_of_infs_and_NAs">
      <skipped message="Reason: On CRAN ('test-lbt01.R:29:3')"/>
    </testcase>
  </testsuite>
  <testsuite name="lbt04" timestamp="2023-08-21T17:58:30Z" hostname="4fac7c3ae5e8" tests="8" skipped="4" failures="0" errors="0" time="4.367">
    <testcase time="1.35600000000002" classname="lbt04" name="lbt04_functions_with_default_argument_value_return_expected_result_with_test_data">
      <skipped message="Reason: On CRAN ('test-lbt04.R:7:3')"/>
    </testcase>
    <testcase time="0.11099999999999" classname="lbt04" name="lbt04_can_handle_all_NA_values"/>
    <testcase time="0.0679999999999836" classname="lbt04" name="lbt04_can_handle_all_NA_values">
      <skipped message="Reason: On CRAN ('test-lbt04.R:20:3')"/>
    </testcase>
    <testcase time="0.809000000000026" classname="lbt04" name="lbt04_can_handle_missing_levels"/>
    <testcase time="0.72399999999999" classname="lbt04" name="lbt04_can_handle_missing_levels">
      <skipped message="Reason: On CRAN ('test-lbt04.R:31:3')"/>
    </testcase>
    <testcase time="0.520999999999987" classname="lbt04" name="lbt04_can_handle_some_NA_values"/>
    <testcase time="0.733000000000004" classname="lbt04" name="lbt04_can_handle_some_NA_values">
      <skipped message="Reason: On CRAN ('test-lbt04.R:39:3')"/>
    </testcase>
    <testcase time="0.0450000000000159" classname="lbt04" name="lbt04_fails_on_incomlete_data"/>
  </testsuite>
  <testsuite name="lbt05" timestamp="2023-08-21T17:58:34Z" hostname="4fac7c3ae5e8" tests="5" skipped="2" failures="0" errors="0" time="2.433">
    <testcase time="0.923999999999978" classname="lbt05" name="lbt05_functions_with_default_argument_value_return_expected_result_with_test_data">
      <skipped message="Reason: On CRAN ('test-lbt05.R:7:3')"/>
    </testcase>
    <testcase time="0.501000000000005" classname="lbt05" name="lbt05_give_all_0_count_if_ANRIND_are_all_missing"/>
    <testcase time="0.492000000000019" classname="lbt05" name="lbt05_can_handle_some_NA_values"/>
    <testcase time="0.447000000000003" classname="lbt05" name="lbt05_can_handle_some_NA_values">
      <skipped message="Reason: On CRAN ('test-lbt05.R:36:3')"/>
    </testcase>
    <testcase time="0.0689999999999884" classname="lbt05" name="lbt05_fails_on_incomlete_data"/>
  </testsuite>
  <testsuite name="lbt06" timestamp="2023-08-21T17:58:37Z" hostname="4fac7c3ae5e8" tests="3" skipped="1" failures="0" errors="0" time="5.831">
    <testcase time="1.69800000000001" classname="lbt06" name="lbt06_gives_all_0_count_if_ANRIND_and_BNRIND_are_all_missing"/>
    <testcase time="4.07299999999998" classname="lbt06" name="lbt06_can_handle_some_NA_values">
      <skipped message="Reason: On CRAN ('test-lbt06.R:20:3')"/>
    </testcase>
    <testcase time="0.0600000000000023" classname="lbt06" name="lbt06_fails_on_incomplete_data"/>
  </testsuite>
  <testsuite name="lbt07" timestamp="2023-08-21T17:58:42Z" hostname="4fac7c3ae5e8" tests="4" skipped="2" failures="0" errors="0" time="2.835">
    <testcase time="1.387" classname="lbt07" name="lbt07_functions_with_default_argument_value_return_expected_result_with_test_data">
      <skipped message="Reason: On CRAN ('test-lbt07.R:7:3')"/>
    </testcase>
    <testcase time="0.75" classname="lbt07" name="lbt07_can_handle_some_NA_values"/>
    <testcase time="0.623999999999995" classname="lbt07" name="lbt07_can_handle_some_NA_values">
      <skipped message="Reason: On CRAN ('test-lbt07.R:22:3')"/>
    </testcase>
    <testcase time="0.0740000000000123" classname="lbt07" name="lbt07_fails_on_incomlete_data"/>
  </testsuite>
  <testsuite name="lbt14" timestamp="2023-08-21T17:58:45Z" hostname="4fac7c3ae5e8" tests="16" skipped="10" failures="0" errors="0" time="41.118">
    <testcase time="3.64400000000001" classname="lbt14" name="lbt14_functions_with_default_argument_value_return_expected_result_with_test_data">
      <skipped message="Reason: On CRAN ('test-lbt14.R:7:3')"/>
    </testcase>
    <testcase time="3.79300000000001" classname="lbt14" name="lbt14_functions_with_default_argument_value_return_expected_result_with_test_data_when_direction_high">
      <skipped message="Reason: On CRAN ('test-lbt14.R:14:3')"/>
    </testcase>
    <testcase time="3.43899999999999" classname="lbt14" name="lbt14_functions_with_gr_missing_excl_return_expected_result_with_test_data">
      <skipped message="Reason: On CRAN ('test-lbt14.R:21:3')"/>
    </testcase>
    <testcase time="3.46299999999999" classname="lbt14" name="lbt14_functions_with_gr_missing_gr_0_return_expected_result_with_test_data">
      <skipped message="Reason: On CRAN ('test-lbt14.R:28:3')"/>
    </testcase>
    <testcase time="1.97999999999999" classname="lbt14" name="lbt14_can_handle_all_NA_values"/>
    <testcase time="0.400000000000006" classname="lbt14" name="lbt14_can_handle_all_NA_values">
      <skipped message="Reason: On CRAN ('test-lbt14.R:41:3')"/>
    </testcase>
    <testcase time="2.01300000000001" classname="lbt14" name="lbt14_can_handle_some_NA_values"/>
    <testcase time="1.62899999999999" classname="lbt14" name="lbt14_can_handle_some_NA_values">
      <skipped message="Reason: On CRAN ('test-lbt14.R:60:3')"/>
    </testcase>
    <testcase time="6.99200000000002" classname="lbt14" name="lbt14_can_accept_different_gr_missing">
      <skipped message="Reason: On CRAN ('test-lbt14.R:67:3')"/>
    </testcase>
    <testcase time="0.0459999999999923" classname="lbt14" name="lbt14_fails_on_incomlete_data"/>
    <testcase time="1.79499999999999" classname="lbt14" name="lbt14_can_handle_all_NA_values_with_direction_high"/>
    <testcase time="0.430000000000007" classname="lbt14" name="lbt14_can_handle_all_NA_values_with_direction_high">
      <skipped message="Reason: On CRAN ('test-lbt14.R:92:3')"/>
    </testcase>
    <testcase time="2.13400000000001" classname="lbt14" name="lbt14_can_handle_some_NA_values_with_direction_high"/>
    <testcase time="1.81799999999998" classname="lbt14" name="lbt14_can_handle_some_NA_values_with_direction_high">
      <skipped message="Reason: On CRAN ('test-lbt14.R:111:3')"/>
    </testcase>
    <testcase time="7.48500000000001" classname="lbt14" name="lbt14_can_accept_different_gr_missing_with_direction_high">
      <skipped message="Reason: On CRAN ('test-lbt14.R:119:3')"/>
    </testcase>
    <testcase time="0.0569999999999879" classname="lbt14" name="lbt14_fails_on_incomlete_data"/>
  </testsuite>
  <testsuite name="lbt15" timestamp="2023-08-21T17:59:26Z" hostname="4fac7c3ae5e8" tests="12" skipped="6" failures="0" errors="0" time="7.851">
    <testcase time="1.333" classname="lbt15" name="lbt15_functions_with_default_argument_value_return_expected_result_with_test_data">
      <skipped message="Reason: On CRAN ('test-lbt15.R:7:3')"/>
    </testcase>
    <testcase time="0.790999999999997" classname="lbt15" name="lbt15_can_handle_all_NA_values"/>
    <testcase time="0.709000000000003" classname="lbt15" name="lbt15_can_handle_all_NA_values">
      <skipped message="Reason: On CRAN ('test-lbt15.R:20:3')"/>
    </testcase>
    <testcase time="0.510999999999996" classname="lbt15" name="lbt15_can_handle_missing_levels"/>
    <testcase time="0.714000000000027" classname="lbt15" name="lbt15_can_handle_missing_levels">
      <skipped message="Reason: On CRAN ('test-lbt15.R:31:3')"/>
    </testcase>
    <testcase time="0.506999999999977" classname="lbt15" name="lbt15_can_handle_missing_levels_in_baseline"/>
    <testcase time="0.719000000000023" classname="lbt15" name="lbt15_can_handle_missing_levels_in_baseline">
      <skipped message="Reason: On CRAN ('test-lbt15.R:42:3')"/>
    </testcase>
    <testcase time="0.503999999999991" classname="lbt15" name="lbt15_can_handle_some_NA_values"/>
    <testcase time="0.727000000000004" classname="lbt15" name="lbt15_can_handle_some_NA_values">
      <skipped message="Reason: On CRAN ('test-lbt15.R:50:3')"/>
    </testcase>
    <testcase time="0.524000000000001" classname="lbt15" name="lbt15_can_handle_some_NA_values_in_baseline"/>
    <testcase time="0.760999999999996" classname="lbt15" name="lbt15_can_handle_some_NA_values_in_baseline">
      <skipped message="Reason: On CRAN ('test-lbt15.R:58:3')"/>
    </testcase>
    <testcase time="0.0509999999999877" classname="lbt15" name="lbt15_fails_on_incomlete_data"/>
  </testsuite>
  <testsuite name="mht01" timestamp="2023-08-21T17:59:34Z" hostname="4fac7c3ae5e8" tests="3" skipped="3" failures="0" errors="0" time="2.586">
    <testcase time="0.850999999999999" classname="mht01" name="mht01_1_functions_with_default_argument_value_return_expected_result_with_test_data">
      <skipped message="Reason: On CRAN ('test-mht01.R:7:3')"/>
    </testcase>
    <testcase time="0.861000000000018" classname="mht01" name="mht01_works">
      <skipped message="Reason: On CRAN ('test-mht01.R:15:3')"/>
    </testcase>
    <testcase time="0.873999999999995" classname="mht01" name="mht01_works_on_NULL_in_lbl_mhbodsys_or_lbl_mhdecod">
      <skipped message="Reason: On CRAN ('test-mht01.R:21:3')"/>
    </testcase>
  </testsuite>
  <testsuite name="mng01" timestamp="2023-08-21T17:59:37Z" hostname="4fac7c3ae5e8" tests="8" skipped="0" failures="0" errors="0" time="10.054">
    <testcase time="1.44899999999998" classname="mng01" name="mng01_works_as_expected_with_default_argument_values"/>
    <testcase time="1.39600000000002" classname="mng01" name="mng01_works_as_expected_with_custom_argument_values"/>
    <testcase time="0.0219999999999914" classname="mng01" name="mng01_works_as_expected_with_custom_argument_values"/>
    <testcase time="1.42099999999999" classname="mng01" name="mng01_works_as_expected_with_custom_color_set"/>
    <testcase time="1.40700000000001" classname="mng01" name="mng01_works_as_expected_with_custom_color_set"/>
    <testcase time="1.46600000000001" classname="mng01" name="mng01_works_if_show_v_grid_show_h_grid_is_TRUE"/>
    <testcase time="1.434" classname="mng01" name="mng01_works_with_combination_of_x_variables"/>
    <testcase time="1.459" classname="mng01" name="mng01_works_with_numeric_jitter"/>
  </testsuite>
  <testsuite name="pdt01" timestamp="2023-08-21T17:59:47Z" hostname="4fac7c3ae5e8" tests="5" skipped="3" failures="0" errors="0" time="2.181">
    <testcase time="0.87299999999999" classname="pdt01" name="pdt01_function_with_default_argument_value_return_expected_result_with_test_data">
      <skipped message="Reason: On CRAN ('test-pdt01.R:7:3')"/>
    </testcase>
    <testcase time="0.149000000000001" classname="pdt01" name="pdt01_can_handle_all_NA_values"/>
    <testcase time="0.173000000000002" classname="pdt01" name="pdt01_can_handle_all_NA_values">
      <skipped message="Reason: On CRAN ('test-pdt01.R:21:3')"/>
    </testcase>
    <testcase time="0.421999999999997" classname="pdt01" name="pdt01_can_handle_some_NA_values"/>
    <testcase time="0.563999999999993" classname="pdt01" name="pdt01_can_handle_some_NA_values">
      <skipped message="Reason: On CRAN ('test-pdt01.R:36:3')"/>
    </testcase>
  </testsuite>
  <testsuite name="pdt02" timestamp="2023-08-21T17:59:49Z" hostname="4fac7c3ae5e8" tests="5" skipped="3" failures="0" errors="0" time="1.419">
    <testcase time="0.442000000000007" classname="pdt02" name="pdt02_function_with_default_argument_value_return_expected_result_with_test_data">
      <skipped message="Reason: On CRAN ('test-pdt02.R:7:3')"/>
    </testcase>
    <testcase time="0.216000000000008" classname="pdt02" name="pdt02_can_handle_all_NA_values"/>
    <testcase time="0.193999999999988" classname="pdt02" name="pdt02_can_handle_all_NA_values">
      <skipped message="Reason: On CRAN ('test-pdt02.R:21:3')"/>
    </testcase>
    <testcase time="0.292000000000002" classname="pdt02" name="pdt02_can_handle_some_NA_values"/>
    <testcase time="0.275000000000006" classname="pdt02" name="pdt02_can_handle_some_NA_values">
      <skipped message="Reason: On CRAN ('test-pdt02.R:36:3')"/>
    </testcase>
  </testsuite>
  <testsuite name="reexports" timestamp="2023-08-21T17:59:51Z" hostname="4fac7c3ae5e8" tests="2" skipped="0" failures="0" errors="0" time="0.048">
    <testcase time="0.0339999999999918" classname="reexports" name="with_label_exported_correctly"/>
    <testcase time="0.01400000000001" classname="reexports" name="reformat_exported_correctly"/>
  </testsuite>
  <testsuite name="rmpt01" timestamp="2023-08-21T17:59:51Z" hostname="4fac7c3ae5e8" tests="7" skipped="3" failures="0" errors="0" time="0.907">
    <testcase time="0.263999999999982" classname="rmpt01" name="rmpt01_function_with_default_argument_value_return_expected_result_with_test_data">
      <skipped message="Reason: On CRAN ('test-rmpt01.R:7:3')"/>
    </testcase>
    <testcase time="0.104000000000013" classname="rmpt01" name="rmpt01_can_handle_NA_values"/>
    <testcase time="0.161000000000001" classname="rmpt01" name="rmpt01_can_handle_NA_values">
      <skipped message="Reason: On CRAN ('test-rmpt01.R:17:3')"/>
    </testcase>
    <testcase time="0.106999999999999" classname="rmpt01" name="rmpt01_can_handle_some_NA_values"/>
    <testcase time="0.161000000000001" classname="rmpt01" name="rmpt01_can_handle_some_NA_values">
      <skipped message="Reason: On CRAN ('test-rmpt01.R:31:3')"/>
    </testcase>
    <testcase time="0.0649999999999977" classname="rmpt01" name="rmpt01_fails_on_incomlete_data"/>
    <testcase time="0.0449999999999875" classname="rmpt01" name="rmpt01_fails_on_incomlete_data"/>
  </testsuite>
  <testsuite name="rmpt03" timestamp="2023-08-21T17:59:51Z" hostname="4fac7c3ae5e8" tests="8" skipped="3" failures="0" errors="0" time="1.509">
    <testcase time="0.443000000000012" classname="rmpt03" name="rmpt03_function_with_default_argument_value_return_expected_result_with_test_data">
      <skipped message="Reason: On CRAN ('test-rmpt03.R:10:3')"/>
    </testcase>
    <testcase time="0.194999999999993" classname="rmpt03" name="rmpt03_can_handle_NA_values"/>
    <testcase time="0.257000000000005" classname="rmpt03" name="rmpt03_can_handle_NA_values">
      <skipped message="Reason: On CRAN ('test-rmpt03.R:22:3')"/>
    </testcase>
    <testcase time="0.197000000000003" classname="rmpt03" name="rmpt03_can_handle_some_NA_values"/>
    <testcase time="0.257000000000005" classname="rmpt03" name="rmpt03_can_handle_some_NA_values">
      <skipped message="Reason: On CRAN ('test-rmpt03.R:38:3')"/>
    </testcase>
    <testcase time="0.070999999999998" classname="rmpt03" name="rmpt03_fails_on_incomlete_data"/>
    <testcase time="0.0519999999999925" classname="rmpt03" name="rmpt03_fails_on_incomlete_data"/>
    <testcase time="0.0370000000000061" classname="rmpt03" name="rmpt03_fails_on_incomlete_data"/>
  </testsuite>
  <testsuite name="rmpt04" timestamp="2023-08-21T17:59:53Z" hostname="4fac7c3ae5e8" tests="6" skipped="3" failures="0" errors="0" time="0.838">
    <testcase time="0.259999999999991" classname="rmpt04" name="rmpt04_function_with_default_argument_value_return_expected_result_with_test_data">
      <skipped message="Reason: On CRAN ('test-rmpt04.R:7:3')"/>
    </testcase>
    <testcase time="0.104000000000013" classname="rmpt04" name="rmpt04_can_handle_NA_values"/>
    <testcase time="0.161999999999978" classname="rmpt04" name="rmpt04_can_handle_NA_values">
      <skipped message="Reason: On CRAN ('test-rmpt04.R:17:3')"/>
    </testcase>
    <testcase time="0.106000000000023" classname="rmpt04" name="rmpt04_can_handle_some_NA_values"/>
    <testcase time="0.161999999999978" classname="rmpt04" name="rmpt04_can_handle_some_NA_values">
      <skipped message="Reason: On CRAN ('test-rmpt04.R:34:3')"/>
    </testcase>
    <testcase time="0.0440000000000111" classname="rmpt04" name="rmpt04_fails_on_incomlete_data"/>
  </testsuite>
  <testsuite name="rmpt05" timestamp="2023-08-21T17:59:54Z" hostname="4fac7c3ae5e8" tests="6" skipped="3" failures="0" errors="0" time="1.116">
    <testcase time="0.36099999999999" classname="rmpt05" name="rmpt05_function_with_default_argument_value_return_expected_result_with_test_data">
      <skipped message="Reason: On CRAN ('test-rmpt05.R:7:3')"/>
    </testcase>
    <testcase time="0.138000000000005" classname="rmpt05" name="rmpt05_can_handle_NA_values"/>
    <testcase time="0.210000000000008" classname="rmpt05" name="rmpt05_can_handle_NA_values">
      <skipped message="Reason: On CRAN ('test-rmpt05.R:17:3')"/>
    </testcase>
    <testcase time="0.152999999999992" classname="rmpt05" name="rmpt05_can_handle_some_NA_values"/>
    <testcase time="0.189999999999998" classname="rmpt05" name="rmpt05_can_handle_some_NA_values">
      <skipped message="Reason: On CRAN ('test-rmpt05.R:34:3')"/>
    </testcase>
    <testcase time="0.0640000000000214" classname="rmpt05" name="rmpt05_fails_on_incomlete_data"/>
  </testsuite>
  <testsuite name="rspt01" timestamp="2023-08-21T17:59:55Z" hostname="4fac7c3ae5e8" tests="15" skipped="7" failures="0" errors="0" time="5.743">
    <testcase time="0.0279999999999916" classname="rspt01" name="rspt01_works_as_expected"/>
    <testcase time="0.564999999999998" classname="rspt01" name="rspt01_works_as_expected"/>
    <testcase time="0.317000000000007" classname="rspt01" name="rspt01_works_as_expected">
      <skipped message="Reason: On CRAN ('test-rspt01.R:5:3')"/>
    </testcase>
    <testcase time="0.522999999999996" classname="rspt01" name="rspt01_works_as_expected_for_stratified_and_unstratified_analysis"/>
    <testcase time="0.361999999999995" classname="rspt01" name="rspt01_works_as_expected_for_stratified_and_unstratified_analysis">
      <skipped message="Reason: On CRAN ('test-rspt01.R:17:3')"/>
    </testcase>
    <testcase time="0.427999999999997" classname="rspt01" name="rspt01_works_as_expected_for_unstratified_analysis_only"/>
    <testcase time="0.307000000000016" classname="rspt01" name="rspt01_works_as_expected_for_unstratified_analysis_only">
      <skipped message="Reason: On CRAN ('test-rspt01.R:36:3')"/>
    </testcase>
    <testcase time="0.422999999999973" classname="rspt01" name="rspt01_works_as_expected_for_stratified_analysis_only"/>
    <testcase time="0.323000000000008" classname="rspt01" name="rspt01_works_as_expected_for_stratified_analysis_only">
      <skipped message="Reason: On CRAN ('test-rspt01.R:55:3')"/>
    </testcase>
    <testcase time="0.463999999999999" classname="rspt01" name="rspt01_works_if_change_reference_group"/>
    <testcase time="0.579000000000008" classname="rspt01" name="rspt01_works_if_change_reference_group">
      <skipped message="Reason: On CRAN ('test-rspt01.R:74:3')"/>
    </testcase>
    <testcase time="0.425999999999988" classname="rspt01" name="rspt01_works_if_change_statistic_methods"/>
    <testcase time="0.291000000000025" classname="rspt01" name="rspt01_works_if_change_statistic_methods">
      <skipped message="Reason: On CRAN ('test-rspt01.R:97:3')"/>
    </testcase>
    <testcase time="0.417999999999978" classname="rspt01" name="rspt01_works_if_change_confidence_interval"/>
    <testcase time="0.289000000000016" classname="rspt01" name="rspt01_works_if_change_confidence_interval">
      <skipped message="Reason: On CRAN ('test-rspt01.R:123:3')"/>
    </testcase>
  </testsuite>
  <testsuite name="ttet01" timestamp="2023-08-21T18:00:01Z" hostname="4fac7c3ae5e8" tests="9" skipped="4" failures="0" errors="0" time="3.907">
    <testcase time="0.0439999999999827" classname="ttet01" name="ttet01_works_as_expected"/>
    <testcase time="0.599000000000018" classname="ttet01" name="ttet01_works_as_expected"/>
    <testcase time="0.507999999999981" classname="ttet01" name="ttet01_works_as_expected">
      <skipped message="Reason: On CRAN ('test-ttet01.R:10:3')"/>
    </testcase>
    <testcase time="0.478000000000009" classname="ttet01" name="ttet01_works_as_expected_for_stratified_and_unstratified_analysis"/>
    <testcase time="0.430000000000007" classname="ttet01" name="ttet01_works_as_expected_for_stratified_and_unstratified_analysis">
      <skipped message="Reason: On CRAN ('test-ttet01.R:22:3')"/>
    </testcase>
    <testcase time="0.47399999999999" classname="ttet01" name="ttet01_works_as_expected_for_stratified_analysis_only"/>
    <testcase time="0.432000000000016" classname="ttet01" name="ttet01_works_as_expected_for_stratified_analysis_only">
      <skipped message="Reason: On CRAN ('test-ttet01.R:44:3')"/>
    </testcase>
    <testcase time="0.500999999999976" classname="ttet01" name="ttet01_works_if_change_reference_group"/>
    <testcase time="0.441000000000003" classname="ttet01" name="ttet01_works_if_change_reference_group">
      <skipped message="Reason: On CRAN ('test-ttet01.R:66:3')"/>
    </testcase>
  </testsuite>
  <testsuite name="utils" timestamp="2023-08-21T18:00:05Z" hostname="4fac7c3ae5e8" tests="59" skipped="0" failures="0" errors="0" time="0.394">
    <testcase time="0.0250000000000057" classname="utils" name="h_format_dec_works_as_exected"/>
    <testcase time="0.00499999999999545" classname="utils" name="h_format_dec_works_as_exected"/>
    <testcase time="0.00200000000000955" classname="utils" name="h_format_dec_works_as_exected"/>
    <testcase time="0.00399999999999068" classname="utils" name="h_format_dec_works_as_exected"/>
    <testcase time="0.00200000000000955" classname="utils" name="h_format_dec_works_as_exected"/>
    <testcase time="0.00399999999999068" classname="utils" name="h_format_dec_works_as_exected"/>
    <testcase time="0.00200000000000955" classname="utils" name="h_format_dec_works_as_exected"/>
    <testcase time="0.00499999999999545" classname="utils" name="h_format_dec_works_as_exected"/>
    <testcase time="0.00200000000000955" classname="utils" name="h_format_dec_works_as_exected"/>
    <testcase time="0.0139999999999816" classname="utils" name="h_format_dec_works_as_exected"/>
    <testcase time="0.00300000000001432" classname="utils" name="h_format_dec_works_as_exected"/>
    <testcase time="0.00499999999999545" classname="utils" name="h_format_dec_works_as_exected"/>
    <testcase time="0.0109999999999957" classname="utils" name="h_format_dec_works_as_expected_with_more_than_one_value"/>
    <testcase time="0.00499999999999545" classname="utils" name="h_format_dec_works_as_expected_with_more_than_one_value"/>
    <testcase time="0.0109999999999957" classname="utils" name="h_format_dec_works_as_expected_with_NA_digits"/>
    <testcase time="0.0110000000000241" classname="utils" name="fuse_sequentially_works"/>
    <testcase time="0.00399999999999068" classname="utils" name="fuse_sequentially_works"/>
    <testcase time="0.00899999999998613" classname="utils" name="grob_list_works"/>
    <testcase time="0.00200000000000955" classname="utils" name="grob_list_works"/>
    <testcase time="0.00399999999999068" classname="utils" name="grob_list_works"/>
    <testcase time="0.00500000000002387" classname="utils" name="grob_list_works"/>
    <testcase time="0.018999999999977" classname="utils" name="ifneeded_split_row_works_as_expected"/>
    <testcase time="0.00900000000001455" classname="utils" name="ifneeded_split_row_works_as_expected"/>
    <testcase time="0.00899999999998613" classname="utils" name="droplevels.character_works_as_expected"/>
    <testcase time="0.0040000000000191" classname="utils" name="droplevels.character_works_as_expected"/>
    <testcase time="0.00800000000000978" classname="utils" name="lvls.character_works_as_expected"/>
    <testcase time="0.00499999999999545" classname="utils" name="lvls.character_works_as_expected"/>
    <testcase time="0.00900000000001455" classname="utils" name="lvls.factor_works_as_expected"/>
    <testcase time="0.00499999999999545" classname="utils" name="lvls.factor_works_as_expected"/>
    <testcase time="0.00800000000000978" classname="utils" name="lvls.default_works_as_expected"/>
    <testcase time="0.00499999999999545" classname="utils" name="lvls.default_works_as_expected"/>
    <testcase time="0.00899999999998613" classname="utils" name="quote_str_works_as_expected"/>
    <testcase time="0.0040000000000191" classname="utils" name="quote_str_works_as_expected"/>
    <testcase time="0.00699999999997658" classname="utils" name="quote_str_works_as_expected"/>
    <testcase time="0.00900000000001455" classname="utils" name="modify_default_args_works_as_expected"/>
    <testcase time="0.00499999999999545" classname="utils" name="modify_default_args_works_as_expected"/>
    <testcase time="0.00900000000001455" classname="utils" name="execute_with_args_works_as_expected"/>
    <testcase time="0.00499999999999545" classname="utils" name="execute_with_args_works_as_expected"/>
    <testcase time="0.00199999999998113" classname="utils" name="execute_with_args_works_as_expected"/>
    <testcase time="0.00500000000002387" classname="utils" name="execute_with_args_works_as_expected"/>
    <testcase time="0.00199999999998113" classname="utils" name="execute_with_args_works_as_expected"/>
    <testcase time="0.00499999999999545" classname="utils" name="execute_with_args_works_as_expected"/>
    <testcase time="0.00300000000001432" classname="utils" name="execute_with_args_works_as_expected"/>
    <testcase time="0.00399999999999068" classname="utils" name="execute_with_args_works_as_expected"/>
    <testcase time="0.00300000000001432" classname="utils" name="execute_with_args_works_as_expected"/>
    <testcase time="0.00399999999999068" classname="utils" name="execute_with_args_works_as_expected"/>
    <testcase time="0.00300000000001432" classname="utils" name="execute_with_args_works_as_expected"/>
    <testcase time="0.00499999999999545" classname="utils" name="execute_with_args_works_as_expected"/>
    <testcase time="0.00899999999998613" classname="utils" name="do_call_work_as_expected"/>
    <testcase time="0.01400000000001" classname="utils" name="do_call_work_as_expected"/>
    <testcase time="0.0159999999999911" classname="utils" name="do_call_errors_as_expected"/>
    <testcase time="0.00900000000001455" classname="utils" name="do_call_errors_as_expected"/>
    <testcase time="0.00999999999999091" classname="utils" name="convert_to_month_work_as_expected"/>
    <testcase time="0.00499999999999545" classname="utils" name="convert_to_month_work_as_expected"/>
    <testcase time="0.00300000000001432" classname="utils" name="convert_to_month_work_as_expected"/>
    <testcase time="0.00499999999999545" classname="utils" name="convert_to_month_work_as_expected"/>
    <testcase time="0.0029999999999859" classname="utils" name="convert_to_month_work_as_expected"/>
    <testcase time="0.0040000000000191" classname="utils" name="convert_to_month_work_as_expected"/>
    <testcase time="0.0159999999999911" classname="utils" name="convert_to_month_warning_messages_as_expected"/>
  </testsuite>
  <testsuite name="vst01" timestamp="2023-08-21T18:00:05Z" hostname="4fac7c3ae5e8" tests="3" skipped="2" failures="0" errors="0" time="19.708">
    <testcase time="9.71199999999999" classname="vst01" name="vst01_functions_with_default_argument_value_return_expected_result_with_test_data">
      <skipped message="Reason: On CRAN ('test-vst01.R:7:3')"/>
    </testcase>
    <testcase time="4.02100000000002" classname="vst01" name="run_vst01_works_as_expected"/>
    <testcase time="5.97499999999997" classname="vst01" name="run_vst01_works_as_expected">
      <skipped message="Reason: On CRAN ('test-vst01.R:14:3')"/>
    </testcase>
  </testsuite>
  <testsuite name="vst02" timestamp="2023-08-21T18:00:25Z" hostname="4fac7c3ae5e8" tests="2" skipped="2" failures="0" errors="0" time="1.696">
    <testcase time="1.01100000000002" classname="vst02" name="vst02_functions_with_default_argument_value_return_expected_result_with_test_data">
      <skipped message="Reason: On CRAN ('test-vst02.R:7:3')"/>
    </testcase>
    <testcase time="0.685000000000002" classname="vst02" name="vst02_functions_return_expected_result_with_test_data_when_excluding_subject_with_baseline_abnormality">
      <skipped message="Reason: On CRAN ('test-vst02.R:14:3')"/>
    </testcase>
  </testsuite>
</testsuites>
