<?xml version="1.0" encoding="UTF-8"?>
<testsuites>
  <testsuite name="ael01_nollt" timestamp="2023-08-28T16:16:48Z" hostname="b2013f9d645c" tests="8" skipped="4" failures="0" errors="0" time="2.039">
    <testcase time="0.813" classname="ael01_nollt" name="ael01_nollt_works_with_admh_dataset"/>
    <testcase time="0.391" classname="ael01_nollt" name="ael01_nollt_works_with_admh_dataset">
      <skipped message="Reason: On CRAN ('test-ael01_nollt.R:7:3')"/>
    </testcase>
    <testcase time="0.149999999999999" classname="ael01_nollt" name="ael01_nollt_works_with_non_default_label"/>
    <testcase time="0.253" classname="ael01_nollt" name="ael01_nollt_works_with_non_default_label">
      <skipped message="Reason: On CRAN ('test-ael01_nollt.R:20:3')"/>
    </testcase>
    <testcase time="0.102" classname="ael01_nollt" name="ael01_nollt_can_handle_all_missing_values"/>
    <testcase time="0.0889999999999995" classname="ael01_nollt" name="ael01_nollt_can_handle_all_missing_values">
      <skipped message="Reason: On CRAN ('test-ael01_nollt.R:33:3')"/>
    </testcase>
    <testcase time="0.0790000000000006" classname="ael01_nollt" name="ael01_nollt_can_handle_some_missing_values"/>
    <testcase time="0.162" classname="ael01_nollt" name="ael01_nollt_can_handle_some_missing_values">
      <skipped message="Reason: On CRAN ('test-ael01_nollt.R:48:3')"/>
    </testcase>
  </testsuite>
  <testsuite name="aet01" timestamp="2023-08-28T16:16:50Z" hostname="b2013f9d645c" tests="9" skipped="4" failures="0" errors="0" time="3.943">
    <testcase time="0.824" classname="aet01" name="aet01_can_handle_all_NA_values"/>
    <testcase time="0.419" classname="aet01" name="aet01_can_handle_all_NA_values">
      <skipped message="Reason: On CRAN ('test-aet01.R:12:3')"/>
    </testcase>
    <testcase time="0.521000000000001" classname="aet01" name="aet01_can_handle_some_NA_values"/>
    <testcase time="0.399999999999999" classname="aet01" name="aet01_can_handle_some_NA_values">
      <skipped message="Reason: On CRAN ('test-aet01.R:29:3')"/>
    </testcase>
    <testcase time="0.380999999999999" classname="aet01" name="aet01_can_use_custom_anl_vars"/>
    <testcase time="0.238000000000001" classname="aet01" name="aet01_can_use_custom_anl_vars">
      <skipped message="Reason: On CRAN ('test-aet01.R:35:3')"/>
    </testcase>
    <testcase time="0.144" classname="aet01" name="aet01_fails_on_incomplete_data_input"/>
    <testcase time="0.569999999999999" classname="aet01" name="aet01_can_use_custom_medconcept_var"/>
    <testcase time="0.446" classname="aet01" name="aet01_can_use_custom_medconcept_var">
      <skipped message="Reason: On CRAN ('test-aet01.R:65:3')"/>
    </testcase>
  </testsuite>
  <testsuite name="aet01_aesi" timestamp="2023-08-28T16:16:54Z" hostname="b2013f9d645c" tests="7" skipped="3" failures="0" errors="0" time="3.072">
    <testcase time="0.455" classname="aet01_aesi" name="aet01_aesi_can_handle_all_NA_values"/>
    <testcase time="0.401" classname="aet01_aesi" name="aet01_aesi_can_handle_all_NA_values">
      <skipped message="Reason: On CRAN ('test-aet01_aesi.R:17:3')"/>
    </testcase>
    <testcase time="0.442" classname="aet01_aesi" name="aet01_aesi_can_handle_some_NA_values"/>
    <testcase time="0.441000000000001" classname="aet01_aesi" name="aet01_aesi_can_handle_some_NA_values">
      <skipped message="Reason: On CRAN ('test-aet01_aesi.R:30:3')"/>
    </testcase>
    <testcase time="0.574" classname="aet01_aesi" name="aet01_aesi_works_with_ALL_argument"/>
    <testcase time="0.654999999999999" classname="aet01_aesi" name="aet01_aesi_works_with_ALL_argument">
      <skipped message="Reason: On CRAN ('test-aet01_aesi.R:36:3')"/>
    </testcase>
    <testcase time="0.103999999999999" classname="aet01_aesi" name="aet01_aesi_check_fails_on_incomplete_data_input"/>
  </testsuite>
  <testsuite name="aet02" timestamp="2023-08-28T16:16:57Z" hostname="b2013f9d645c" tests="3" skipped="1" failures="0" errors="0" time="3.408">
    <testcase time="0.100000000000001" classname="aet02" name="aet02_fails_on_incomplete_data_input"/>
    <testcase time="0.206" classname="aet02" name="aet02_handle_empty_data_input"/>
    <testcase time="3.102" classname="aet02" name="aet02_can_have_different_levels_of_row_split">
      <skipped message="Reason: On CRAN ('test-aet02.R:30:3')"/>
    </testcase>
  </testsuite>
  <testsuite name="aet03" timestamp="2023-08-28T16:17:00Z" hostname="b2013f9d645c" tests="4" skipped="2" failures="0" errors="0" time="4.896">
    <testcase time="0.610000000000001" classname="aet03" name="aet03_can_handle_NA_values"/>
    <testcase time="0.372999999999998" classname="aet03" name="aet03_can_handle_NA_values">
      <skipped message="Reason: On CRAN ('test-aet03.R:10:3')"/>
    </testcase>
    <testcase time="2.823" classname="aet03" name="aet03_can_handle_some_NA_values"/>
    <testcase time="1.09" classname="aet03" name="aet03_can_handle_some_NA_values">
      <skipped message="Reason: On CRAN ('test-aet03.R:27:3')"/>
    </testcase>
  </testsuite>
  <testsuite name="aet04" timestamp="2023-08-28T16:17:05Z" hostname="b2013f9d645c" tests="4" skipped="2" failures="0" errors="0" time="8.628">
    <testcase time="1.013" classname="aet04" name="aet04_can_handle_NA_values"/>
    <testcase time="0.693999999999999" classname="aet04" name="aet04_can_handle_NA_values">
      <skipped message="Reason: On CRAN ('test-aet04.R:10:3')"/>
    </testcase>
    <testcase time="5.046" classname="aet04" name="aet04_can_handle_some_NA_values"/>
    <testcase time="1.875" classname="aet04" name="aet04_can_handle_some_NA_values">
      <skipped message="Reason: On CRAN ('test-aet04.R:32:3')"/>
    </testcase>
  </testsuite>
  <testsuite name="aet05" timestamp="2023-08-28T16:17:14Z" hostname="b2013f9d645c" tests="4" skipped="2" failures="0" errors="0" time="1.494">
    <testcase time="0.318999999999999" classname="aet05" name="aet05_can_handle_NA_values"/>
    <testcase time="0.426000000000002" classname="aet05" name="aet05_can_handle_NA_values">
      <skipped message="Reason: On CRAN ('test-aet05.R:7:3')"/>
    </testcase>
    <testcase time="0.317" classname="aet05" name="aet05_can_handle_some_NA_values"/>
    <testcase time="0.431999999999999" classname="aet05" name="aet05_can_handle_some_NA_values">
      <skipped message="Reason: On CRAN ('test-aet05.R:24:3')"/>
    </testcase>
  </testsuite>
  <testsuite name="aet05_all" timestamp="2023-08-28T16:17:15Z" hostname="b2013f9d645c" tests="4" skipped="2" failures="0" errors="0" time="1.449">
    <testcase time="0.286999999999999" classname="aet05_all" name="aet05_all_can_handle_NA_values"/>
    <testcase time="0.408000000000001" classname="aet05_all" name="aet05_all_can_handle_NA_values">
      <skipped message="Reason: On CRAN ('test-aet05_all.R:7:3')"/>
    </testcase>
    <testcase time="0.311" classname="aet05_all" name="aet05_all_can_handle_some_NA_values"/>
    <testcase time="0.443000000000001" classname="aet05_all" name="aet05_all_can_handle_some_NA_values">
      <skipped message="Reason: On CRAN ('test-aet05_all.R:21:3')"/>
    </testcase>
  </testsuite>
  <testsuite name="aet10" timestamp="2023-08-28T16:17:17Z" hostname="b2013f9d645c" tests="4" skipped="2" failures="0" errors="0" time="0.847">
    <testcase time="0.159999999999997" classname="aet10" name="aet10_can_handle_NA_values"/>
    <testcase time="0.152999999999999" classname="aet10" name="aet10_can_handle_NA_values">
      <skipped message="Reason: On CRAN ('test-aet10.R:10:3')"/>
    </testcase>
    <testcase time="0.209000000000003" classname="aet10" name="aet10_can_handle_some_NA_values"/>
    <testcase time="0.325000000000003" classname="aet10" name="aet10_can_handle_some_NA_values">
      <skipped message="Reason: On CRAN ('test-aet10.R:24:3')"/>
    </testcase>
  </testsuite>
  <testsuite name="assertions" timestamp="2023-08-28T16:17:18Z" hostname="b2013f9d645c" tests="38" skipped="0" failures="0" errors="0" time="0.375">
    <testcase time="0.0329999999999941" classname="assertions" name="assert_one_tablenames_works_as_expected"/>
    <testcase time="0.00300000000000011" classname="assertions" name="assert_one_tablenames_works_as_expected"/>
    <testcase time="0.00900000000000034" classname="assertions" name="assert_one_tablenames_works_as_expected"/>
    <testcase time="0.00900000000000034" classname="assertions" name="assert_one_tablenames_works_as_expected"/>
    <testcase time="0.0110000000000028" classname="assertions" name="assert_all_tablenames_works_as_expected"/>
    <testcase time="0.00800000000000267" classname="assertions" name="assert_all_tablenames_works_as_expected"/>
    <testcase time="0.00899999999999324" classname="assertions" name="assert_all_tablenames_works_as_expected"/>
    <testcase time="0.0110000000000028" classname="assertions" name="assert_valid_var.character_works_as_expected"/>
    <testcase time="0.00900000000000034" classname="assertions" name="assert_valid_var.character_works_as_expected"/>
    <testcase time="0.017000000000003" classname="assertions" name="assert_valid_var.character_works_as_expected"/>
    <testcase time="0.0109999999999957" classname="assertions" name="assert_valid_var.character_works_as_expected"/>
    <testcase time="0.00300000000000011" classname="assertions" name="assert_valid_var.character_works_as_expected"/>
    <testcase time="0.0159999999999982" classname="assertions" name="assert_valid_var.factor_works_as_expected"/>
    <testcase time="0.0100000000000051" classname="assertions" name="assert_valid_var.factor_works_as_expected"/>
    <testcase time="0.00999999999999801" classname="assertions" name="assert_valid_var.factor_works_as_expected"/>
    <testcase time="0.00999999999999801" classname="assertions" name="assert_valid_var.factor_works_as_expected"/>
    <testcase time="0.00300000000000011" classname="assertions" name="assert_valid_var.factor_works_as_expected"/>
    <testcase time="0.0120000000000005" classname="assertions" name="assert_valid_var.logical_works_as_expected"/>
    <testcase time="0.00900000000000034" classname="assertions" name="assert_valid_var.logical_works_as_expected"/>
    <testcase time="0.00900000000000034" classname="assertions" name="assert_valid_var.logical_works_as_expected"/>
    <testcase time="0.00300000000000011" classname="assertions" name="assert_valid_var.logical_works_as_expected"/>
    <testcase time="0.0140000000000029" classname="assertions" name="assert_valid_var.numeric_works_as_expected"/>
    <testcase time="0.00900000000000034" classname="assertions" name="assert_valid_var.numeric_works_as_expected"/>
    <testcase time="0.00900000000000034" classname="assertions" name="assert_valid_var.numeric_works_as_expected"/>
    <testcase time="0.00300000000000011" classname="assertions" name="assert_valid_var.numeric_works_as_expected"/>
    <testcase time="0.00799999999999557" classname="assertions" name="assert_valid_var.numeric_works_as_expected"/>
    <testcase time="0.00300000000000011" classname="assertions" name="assert_valid_var.numeric_works_as_expected"/>
    <testcase time="0.0110000000000028" classname="assertions" name="assert_valid_variable_works_as_expected"/>
    <testcase time="0.00600000000000023" classname="assertions" name="assert_valid_variable_works_as_expected"/>
    <testcase time="0.0150000000000006" classname="assertions" name="assert_valid_variable_works_as_expected"/>
    <testcase time="0.00300000000000011" classname="assertions" name="assert_valid_variable_works_as_expected"/>
    <testcase time="0.0139999999999958" classname="assertions" name="assert_valid_variable_works_as_expected"/>
    <testcase time="0.00300000000000011" classname="assertions" name="assert_valid_variable_works_as_expected"/>
    <testcase time="0.0120000000000005" classname="assertions" name="assert_valid_var_pair_works_as_expected_with_character"/>
    <testcase time="0.0120000000000005" classname="assertions" name="assert_valid_var_pair_works_as_expected_with_character"/>
    <testcase time="0.0140000000000029" classname="assertions" name="assert_valid_var_pair_works_as_expected_with_factor"/>
    <testcase time="0.0109999999999957" classname="assertions" name="assert_valid_var_pair_works_as_expected_with_factor"/>
    <testcase time="0.0130000000000052" classname="assertions" name="assert_valid_var_pair_works_as_expected_with_factor"/>
  </testsuite>
  <testsuite name="cfbt01" timestamp="2023-08-28T16:17:18Z" hostname="b2013f9d645c" tests="3" skipped="2" failures="0" errors="0" time="18.455">
    <testcase time="13.677" classname="cfbt01" name="cfbt01_functions_with_default_argument_value_return_expected_result_with_test_data">
      <skipped message="Reason: On CRAN ('test-cfbt01.R:7:3')"/>
    </testcase>
    <testcase time="1.883" classname="cfbt01" name="cfbt01_can_handle_n_0_and_outputs_NE_instead_of_infs_and_NAs"/>
    <testcase time="2.895" classname="cfbt01" name="cfbt01_can_handle_n_0_and_outputs_NE_instead_of_infs_and_NAs">
      <skipped message="Reason: On CRAN ('test-cfbt01.R:22:3')"/>
    </testcase>
  </testsuite>
  <testsuite name="checks" timestamp="2023-08-28T16:17:36Z" hostname="b2013f9d645c" tests="8" skipped="0" failures="0" errors="0" time="0.064">
    <testcase time="0.027000000000001" classname="checks" name="check_all_colnames_works_as_expected"/>
    <testcase time="0.00600000000000023" classname="checks" name="check_all_colnames_works_as_expected"/>
    <testcase time="0.00300000000000011" classname="checks" name="check_all_colnames_works_as_expected"/>
    <testcase time="0.00499999999999545" classname="checks" name="check_all_colnames_works_as_expected"/>
    <testcase time="0.00999999999999801" classname="checks" name="check_one_colnames_works_as_expected"/>
    <testcase time="0.00500000000000256" classname="checks" name="check_one_colnames_works_as_expected"/>
    <testcase time="0.00199999999999534" classname="checks" name="check_one_colnames_works_as_expected"/>
    <testcase time="0.00600000000000023" classname="checks" name="check_one_colnames_works_as_expected"/>
  </testsuite>
  <testsuite name="chevron_tlg-class" timestamp="2023-08-28T16:17:37Z" hostname="b2013f9d645c" tests="24" skipped="0" failures="0" errors="0" time="0.153">
    <testcase time="0.0180000000000007" classname="chevron_tlg_class" name="chevron_t_object_can_be_constructed_with_default_values"/>
    <testcase time="0.00600000000000023" classname="chevron_tlg_class" name="chevron_t_object_can_be_constructed_with_default_values"/>
    <testcase time="0.0230000000000032" classname="chevron_tlg_class" name="chevron_t_object_can_be_constructed_with_custom_values"/>
    <testcase time="0.00799999999999557" classname="chevron_tlg_class" name="chevron_t_object_can_be_constructed_with_custom_values"/>
    <testcase time="0.00500000000000256" classname="chevron_tlg_class" name="chevron_t_object_can_be_constructed_with_custom_values"/>
    <testcase time="0.0069999999999979" classname="chevron_tlg_class" name="chevron_t_object_can_be_constructed_with_custom_values"/>
    <testcase time="0.0129999999999981" classname="chevron_tlg_class" name="chevron_t_constructor_returns_an_error_when_expected"/>
    <testcase time="0.00100000000000477" classname="chevron_tlg_class" name="chevron_t_constructor_returns_an_error_when_expected"/>
    <testcase time="0.00199999999999534" classname="chevron_tlg_class" name="chevron_t_constructor_returns_an_error_when_expected"/>
    <testcase time="0.00100000000000477" classname="chevron_tlg_class" name="chevron_t_constructor_returns_an_error_when_expected"/>
    <testcase time="0.000999999999997669" classname="chevron_tlg_class" name="chevron_t_constructor_returns_an_error_when_expected"/>
    <testcase time="0.00200000000000244" classname="chevron_tlg_class" name="chevron_t_constructor_returns_an_error_when_expected"/>
    <testcase time="0.0120000000000005" classname="chevron_tlg_class" name="chevron_l_object_can_be_constructed_with_default_values"/>
    <testcase time="0.00600000000000023" classname="chevron_tlg_class" name="chevron_l_object_can_be_constructed_with_default_values"/>
    <testcase time="0.0129999999999981" classname="chevron_tlg_class" name="chevron_g_object_can_be_constructed_with_custom_values"/>
    <testcase time="0.00600000000000023" classname="chevron_tlg_class" name="chevron_g_object_can_be_constructed_with_custom_values"/>
    <testcase time="0.00300000000000011" classname="chevron_tlg_class" name="chevron_g_object_can_be_constructed_with_custom_values"/>
    <testcase time="0.00600000000000023" classname="chevron_tlg_class" name="chevron_g_object_can_be_constructed_with_custom_values"/>
    <testcase time="0.0109999999999957" classname="chevron_tlg_class" name="chevron_g_constructor_returns_an_error_when_expected"/>
    <testcase time="0.00200000000000244" classname="chevron_tlg_class" name="chevron_g_constructor_returns_an_error_when_expected"/>
    <testcase time="0.000999999999997669" classname="chevron_tlg_class" name="chevron_g_constructor_returns_an_error_when_expected"/>
    <testcase time="0.00200000000000244" classname="chevron_tlg_class" name="chevron_g_constructor_returns_an_error_when_expected"/>
    <testcase time="0.00200000000000244" classname="chevron_tlg_class" name="chevron_g_constructor_returns_an_error_when_expected"/>
    <testcase time="0.00199999999999534" classname="chevron_tlg_class" name="chevron_g_constructor_returns_an_error_when_expected"/>
  </testsuite>
  <testsuite name="chevron_tlg-methods" timestamp="2023-08-28T16:17:37Z" hostname="b2013f9d645c" tests="30" skipped="9" failures="0" errors="0" time="16.931">
    <testcase time="6.69600000000001" classname="chevron_tlg_methods" name="run_works_as_expected_for_chevron_t_object">
      <skipped message="Reason: On CRAN ('test-chevron_tlg-methods.R:5:3')"/>
    </testcase>
    <testcase time="1.101" classname="chevron_tlg_methods" name="run_works_as_expected_for_chevron_t_object_when_auto_pre_FALSE">
      <skipped message="Reason: On CRAN ('test-chevron_tlg-methods.R:13:3')"/>
    </testcase>
    <testcase time="1.194" classname="chevron_tlg_methods" name="run_works_as_expected_with_argument_printed">
      <skipped message="Reason: On CRAN ('test-chevron_tlg-methods.R:18:3')"/>
    </testcase>
    <testcase time="1.972" classname="chevron_tlg_methods" name="run_works_as_expected_with_argument_printed_if_the_user_argument_is_complicated">
      <skipped message="Reason: On CRAN ('test-chevron_tlg-methods.R:25:3')"/>
    </testcase>
    <testcase time="1.23400000000001" classname="chevron_tlg_methods" name="run_works_as_expected_with_partial_match_argument">
      <skipped message="Reason: On CRAN ('test-chevron_tlg-methods.R:31:3')"/>
    </testcase>
    <testcase time="0.0219999999999914" classname="chevron_tlg_methods" name="args_ls_works_as_expected"/>
    <testcase time="0.00199999999999534" classname="chevron_tlg_methods" name="args_ls_works_as_expected"/>
    <testcase time="0.00100000000000477" classname="chevron_tlg_methods" name="args_ls_works_as_expected"/>
    <testcase time="0.0109999999999957" classname="chevron_tlg_methods" name="args_ls_works_as_expected_when_simplify_is_TRUE"/>
    <testcase time="0.00100000000000477" classname="chevron_tlg_methods" name="args_ls_works_as_expected_when_simplify_is_TRUE"/>
    <testcase time="0.00199999999999534" classname="chevron_tlg_methods" name="args_ls_works_as_expected_when_simplify_is_TRUE"/>
    <testcase time="0.0130000000000052" classname="chevron_tlg_methods" name="args_ls_works_as_expected_with_custom_chevron_tlg_object"/>
    <testcase time="0.00199999999999534" classname="chevron_tlg_methods" name="args_ls_works_as_expected_with_custom_chevron_tlg_object"/>
    <testcase time="0.00200000000000955" classname="chevron_tlg_methods" name="args_ls_works_as_expected_with_custom_chevron_tlg_object"/>
    <testcase time="0.00799999999999557" classname="chevron_tlg_methods" name="args_ls_works_as_expected_with_custom_chevron_tlg_object"/>
    <testcase time="0.0150000000000006" classname="chevron_tlg_methods" name="main_works_as_expected"/>
    <testcase time="0.0160000000000053" classname="chevron_tlg_methods" name="main_setter_works_as_expected"/>
    <testcase time="0.0289999999999964" classname="chevron_tlg_methods" name="main_setter_throw_an_error_as_expected"/>
    <testcase time="0.0150000000000006" classname="chevron_tlg_methods" name="preprocess_works_as_expected"/>
    <testcase time="0.0150000000000006" classname="chevron_tlg_methods" name="preprocess_setter_works_as_expected"/>
    <testcase time="0.0219999999999914" classname="chevron_tlg_methods" name="preprocess_sends_an_error_as_expected"/>
    <testcase time="0.0220000000000056" classname="chevron_tlg_methods" name="postprocess_works_as_expected"/>
    <testcase time="0.0139999999999958" classname="chevron_tlg_methods" name="postprocess_setter_works_as_expected"/>
    <testcase time="0.0220000000000056" classname="chevron_tlg_methods" name="postprocess_sends_an_error_as_expected"/>
    <testcase time="0.0100000000000051" classname="chevron_tlg_methods" name="script_funs_works_as_expected_in_interactive_mode">
      <skipped message="Reason: !interactive() is TRUE ('test-chevron_tlg-methods.R:146:3')"/>
    </testcase>
    <testcase time="0.0229999999999961" classname="chevron_tlg_methods" name="script_funs_works_as_expected"/>
    <testcase time="0.00199999999999534" classname="chevron_tlg_methods" name="script_funs_works_as_expected"/>
    <testcase time="4.383" classname="chevron_tlg_methods" name="script_funs_generates_a_valid_script">
      <skipped message="Reason: On CRAN ('test-chevron_tlg-methods.R:167:3')"/>
    </testcase>
    <testcase time="0.0420000000000016" classname="chevron_tlg_methods" name="print_list_works">
      <skipped message="Reason: On CRAN ('test-chevron_tlg-methods.R:175:3')"/>
    </testcase>
    <testcase time="0.0400000000000063" classname="chevron_tlg_methods" name="print_list_works_for_empty_list">
      <skipped message="Reason: On CRAN ('test-chevron_tlg-methods.R:179:3')"/>
    </testcase>
  </testsuite>
  <testsuite name="cmt01a" timestamp="2023-08-28T16:17:54Z" hostname="b2013f9d645c" tests="6" skipped="4" failures="0" errors="0" time="7.04">
    <testcase time="2.123" classname="cmt01a" name="cmt01a_functions_with_default_argument_value_return_expected_result_with_test_data">
      <skipped message="Reason: On CRAN ('test-cmt01a.R:7:3')"/>
    </testcase>
    <testcase time="2.024" classname="cmt01a" name="cmt01a_functions_with_custom_argument_value_return_expected_result_with_test_data">
      <skipped message="Reason: On CRAN ('test-cmt01a.R:19:3')"/>
    </testcase>
    <testcase time="0.337999999999994" classname="cmt01a" name="cmt01a_can_handle_all_NA_values"/>
    <testcase time="0.236000000000004" classname="cmt01a" name="cmt01a_can_handle_all_NA_values">
      <skipped message="Reason: On CRAN ('test-cmt01a.R:33:3')"/>
    </testcase>
    <testcase time="1.31399999999999" classname="cmt01a" name="cmt01a_can_handle_some_NA_values"/>
    <testcase time="1.005" classname="cmt01a" name="cmt01a_can_handle_some_NA_values">
      <skipped message="Reason: On CRAN ('test-cmt01a.R:41:3')"/>
    </testcase>
  </testsuite>
  <testsuite name="cmt02_pt" timestamp="2023-08-28T16:18:01Z" hostname="b2013f9d645c" tests="4" skipped="2" failures="0" errors="0" time="1.097">
    <testcase time="0.224000000000004" classname="cmt02_pt" name="cmt02_pt_can_handle_all_NA_values"/>
    <testcase time="0.207000000000008" classname="cmt02_pt" name="cmt02_pt_can_handle_all_NA_values">
      <skipped message="Reason: On CRAN ('test-cmt02_pt.R:9:3')"/>
    </testcase>
    <testcase time="0.287999999999997" classname="cmt02_pt" name="cmt02_pt_can_handle_some_NA_values"/>
    <testcase time="0.378" classname="cmt02_pt" name="cmt02_pt_can_handle_some_NA_values">
      <skipped message="Reason: On CRAN ('test-cmt02_pt.R:17:3')"/>
    </testcase>
  </testsuite>
  <testsuite name="coxt01" timestamp="2023-08-28T16:18:02Z" hostname="b2013f9d645c" tests="3" skipped="1" failures="0" errors="0" time="0.934">
    <testcase time="0.640000000000001" classname="coxt01" name="coxt01_can_handle_some_NA_values"/>
    <testcase time="0.256" classname="coxt01" name="coxt01_can_handle_some_NA_values">
      <skipped message="Reason: On CRAN ('test-coxt01.R:8:3')"/>
    </testcase>
    <testcase time="0.0379999999999967" classname="coxt01" name="coxt01_fails_on_incomlete_data"/>
  </testsuite>
  <testsuite name="coxt02" timestamp="2023-08-28T16:18:03Z" hostname="b2013f9d645c" tests="3" skipped="1" failures="0" errors="0" time="1.32">
    <testcase time="0.885999999999996" classname="coxt02" name="coxt02_can_handle_some_NA_values"/>
    <testcase time="0.396000000000001" classname="coxt02" name="coxt02_can_handle_some_NA_values">
      <skipped message="Reason: On CRAN ('test-coxt02.R:5:3')"/>
    </testcase>
    <testcase time="0.0380000000000109" classname="coxt02" name="coxt02_fails_on_incomlete_data"/>
  </testsuite>
  <testsuite name="default_tlg" timestamp="2023-08-28T16:18:04Z" hostname="b2013f9d645c" tests="15" skipped="15" failures="0" errors="0" time="21.299">
    <testcase time="0.212999999999994" classname="default_tlg" name="ael01_nollt_function_with_default_argument_value_return_expected_result_with_test_data">
      <skipped message="Reason: On CRAN ('test-default_tlg.R:5:3')"/>
    </testcase>
    <testcase time="0.953999999999994" classname="default_tlg" name="aet01_function_with_default_argument_value_return_expected_result_with_test_data">
      <skipped message="Reason: On CRAN ('test-default_tlg.R:12:3')"/>
    </testcase>
    <testcase time="0.835000000000008" classname="default_tlg" name="aet01_aesi_function_with_default_argument_value_return_expected_result_with_test_data">
      <skipped message="Reason: On CRAN ('test-default_tlg.R:19:3')"/>
    </testcase>
    <testcase time="1.804" classname="default_tlg" name="aet02_functions_with_default_argument_value_return_expected_result_with_test_data">
      <skipped message="Reason: On CRAN ('test-default_tlg.R:26:3')"/>
    </testcase>
    <testcase time="4.44" classname="default_tlg" name="aet03_functions_with_default_argument_value_return_expected_result_with_test_data">
      <skipped message="Reason: On CRAN ('test-default_tlg.R:33:3')"/>
    </testcase>
    <testcase time="6.34099999999999" classname="default_tlg" name="aet04_functions_with_default_argument_value_return_expected_result_with_test_data">
      <skipped message="Reason: On CRAN ('test-default_tlg.R:40:3')"/>
    </testcase>
    <testcase time="0.675000000000011" classname="default_tlg" name="aet05_functions_with_default_argument_value_return_expected_result_with_test_data">
      <skipped message="Reason: On CRAN ('test-default_tlg.R:47:3')"/>
    </testcase>
    <testcase time="0.686999999999998" classname="default_tlg" name="aet05_all_functions_with_default_argument_value_return_expected_result_with_test_data">
      <skipped message="Reason: On CRAN ('test-default_tlg.R:54:3')"/>
    </testcase>
    <testcase time="0.483999999999995" classname="default_tlg" name="aet10_functions_with_default_argument_value_return_expected_result_with_test_data">
      <skipped message="Reason: On CRAN ('test-default_tlg.R:61:3')"/>
    </testcase>
    <testcase time="0.658000000000001" classname="default_tlg" name="cmt02_pt_functions_with_default_argument_value_return_expected_result_with_test_data">
      <skipped message="Reason: On CRAN ('test-default_tlg.R:68:3')"/>
    </testcase>
    <testcase time="0.838999999999999" classname="default_tlg" name="coxt01_functions_with_default_argument_value_return_expected_result_with_test_data">
      <skipped message="Reason: On CRAN ('test-default_tlg.R:78:3')"/>
    </testcase>
    <testcase time="1.235" classname="default_tlg" name="coxt02_functions_with_default_argument_value_return_expected_result_with_test_data">
      <skipped message="Reason: On CRAN ('test-default_tlg.R:86:3')"/>
    </testcase>
    <testcase time="0.966000000000008" classname="default_tlg" name="dmt01_functions_with_default_argument_value_return_expected_result_with_test_data">
      <skipped message="Reason: On CRAN ('test-default_tlg.R:93:3')"/>
    </testcase>
    <testcase time="0.712999999999994" classname="default_tlg" name="dst01_functions_with_default_argument_value_return_expected_result_with_test_data">
      <skipped message="Reason: On CRAN ('test-default_tlg.R:100:3')"/>
    </testcase>
    <testcase time="0.454999999999998" classname="default_tlg" name="dtht01_functions_with_default_argument_value_return_expected_result_with_test_data">
      <skipped message="Reason: On CRAN ('test-default_tlg.R:107:3')"/>
    </testcase>
  </testsuite>
  <testsuite name="dmt01" timestamp="2023-08-28T16:18:25Z" hostname="b2013f9d645c" tests="4" skipped="2" failures="0" errors="0" time="2.301">
    <testcase time="0.37299999999999" classname="dmt01" name="dmt01_can_handle_NA_values"/>
    <testcase time="0.853000000000009" classname="dmt01" name="dmt01_can_handle_NA_values">
      <skipped message="Reason: On CRAN ('test-dmt01.R:8:3')"/>
    </testcase>
    <testcase time="0.412999999999997" classname="dmt01" name="dmt01_can_handle_numeric_NA_values"/>
    <testcase time="0.662000000000006" classname="dmt01" name="dmt01_can_handle_numeric_NA_values">
      <skipped message="Reason: On CRAN ('test-dmt01.R:15:3')"/>
    </testcase>
  </testsuite>
  <testsuite name="dst01" timestamp="2023-08-28T16:18:28Z" hostname="b2013f9d645c" tests="14" skipped="7" failures="0" errors="0" time="4.37">
    <testcase time="0.24199999999999" classname="dst01" name="dst01_works_as_expected_when_all_data_are_NA"/>
    <testcase time="0.078000000000003" classname="dst01" name="dst01_works_as_expected_when_all_data_are_NA">
      <skipped message="Reason: On CRAN ('test-dst01.R:11:3')"/>
    </testcase>
    <testcase time="0.236000000000004" classname="dst01" name="dst01_can_handle_all_NA_values_in_DCSREAS"/>
    <testcase time="0.204999999999998" classname="dst01" name="dst01_can_handle_all_NA_values_in_DCSREAS">
      <skipped message="Reason: On CRAN ('test-dst01.R:22:3')"/>
    </testcase>
    <testcase time="0.287000000000006" classname="dst01" name="dst01_can_handle_some_NA_values"/>
    <testcase time="0.363" classname="dst01" name="dst01_can_handle_some_NA_values">
      <skipped message="Reason: On CRAN ('test-dst01.R:29:3')"/>
    </testcase>
    <testcase time="0.225999999999999" classname="dst01" name="dst01_can_handle_missing_levels_in_status_var"/>
    <testcase time="0.167999999999992" classname="dst01" name="dst01_can_handle_missing_levels_in_status_var">
      <skipped message="Reason: On CRAN ('test-dst01.R:39:3')"/>
    </testcase>
    <testcase time="0.366" classname="dst01" name="dst01_can_create_variants"/>
    <testcase time="0.403000000000006" classname="dst01" name="dst01_can_create_variants">
      <skipped message="Reason: On CRAN ('test-dst01.R:44:3')"/>
    </testcase>
    <testcase time="0.423000000000002" classname="dst01" name="dst01_can_create_variants"/>
    <testcase time="0.414000000000001" classname="dst01" name="dst01_can_create_variants">
      <skipped message="Reason: On CRAN ('test-dst01.R:49:3')"/>
    </testcase>
    <testcase time="0.49499999999999" classname="dst01" name="dst01_can_create_variants"/>
    <testcase time="0.463999999999999" classname="dst01" name="dst01_can_create_variants">
      <skipped message="Reason: On CRAN ('test-dst01.R:56:3')"/>
    </testcase>
  </testsuite>
  <testsuite name="dtht01" timestamp="2023-08-28T16:18:32Z" hostname="b2013f9d645c" tests="5" skipped="3" failures="0" errors="0" time="2.601">
    <testcase time="0.191000000000003" classname="dtht01" name="dtht01_can_handle_all_NA_values"/>
    <testcase time="0.239000000000004" classname="dtht01" name="dtht01_can_handle_all_NA_values">
      <skipped message="Reason: On CRAN ('test-dtht01.R:12:3')"/>
    </testcase>
    <testcase time="0.444000000000003" classname="dtht01" name="dtht01_can_handle_some_NA_values"/>
    <testcase time="0.631" classname="dtht01" name="dtht01_can_handle_some_NA_values">
      <skipped message="Reason: On CRAN ('test-dtht01.R:19:3')"/>
    </testcase>
    <testcase time="1.09599999999999" classname="dtht01" name="dtht01_can_be_parametrize_as_expected">
      <skipped message="Reason: On CRAN ('test-dtht01.R:30:3')"/>
    </testcase>
  </testsuite>
  <testsuite name="egt01" timestamp="2023-08-28T16:18:35Z" hostname="b2013f9d645c" tests="3" skipped="2" failures="0" errors="0" time="11.958">
    <testcase time="5.77900000000001" classname="egt01" name="egt01_functions_with_default_argument_value_return_expected_result_with_test_data">
      <skipped message="Reason: On CRAN ('test-egt01.R:7:3')"/>
    </testcase>
    <testcase time="2.69099999999999" classname="egt01" name="egt01_can_handle_n_0_and_outputs_NE_instead_of_infs_and_NAs"/>
    <testcase time="3.48800000000001" classname="egt01" name="egt01_can_handle_n_0_and_outputs_NE_instead_of_infs_and_NAs">
      <skipped message="Reason: On CRAN ('test-egt01.R:20:3')"/>
    </testcase>
  </testsuite>
  <testsuite name="egt02" timestamp="2023-08-28T16:18:47Z" hostname="b2013f9d645c" tests="2" skipped="2" failures="0" errors="0" time="1.186">
    <testcase time="0.616" classname="egt02" name="egt02_1_functions_with_default_argument_value_return_expected_result_with_test_data">
      <skipped message="Reason: On CRAN ('test-egt02.R:7:3')"/>
    </testcase>
    <testcase time="0.569999999999993" classname="egt02" name="egt02_2_functions_with_default_value_return_expected_result_with_test_data">
      <skipped message="Reason: On CRAN ('test-egt02.R:14:3')"/>
    </testcase>
  </testsuite>
  <testsuite name="egt03" timestamp="2023-08-28T16:18:48Z" hostname="b2013f9d645c" tests="5" skipped="2" failures="0" errors="0" time="5.8">
    <testcase time="2.806" classname="egt03" name="egt03_functions_with_default_argument_value_return_expected_result_with_test_data">
      <skipped message="Reason: On CRAN ('test-egt03.R:7:3')"/>
    </testcase>
    <testcase time="0.0750000000000028" classname="egt03" name="egt03_errors_on_all_NA_values"/>
    <testcase time="1.182" classname="egt03" name="egt03_can_handle_some_NA_values"/>
    <testcase time="1.67899999999999" classname="egt03" name="egt03_can_handle_some_NA_values">
      <skipped message="Reason: On CRAN ('test-egt03.R:28:3')"/>
    </testcase>
    <testcase time="0.0580000000000211" classname="egt03" name="egt03_fails_on_incomplete_data"/>
  </testsuite>
  <testsuite name="egt05_qtcat" timestamp="2023-08-28T16:18:54Z" hostname="b2013f9d645c" tests="4" skipped="2" failures="0" errors="0" time="6.905">
    <testcase time="4.64499999999998" classname="egt05_qtcat" name="egt05_qtcat_functions_with_default_argument_value_return_expected_result_with_test_data">
      <skipped message="Reason: On CRAN ('test-egt05_qtcat.R:7:3')"/>
    </testcase>
    <testcase time="0.0640000000000214" classname="egt05_qtcat" name="egt05_qtcat_erros_on_all_NA_values"/>
    <testcase time="0.857999999999976" classname="egt05_qtcat" name="egt05_qtcat_can_handle_some_NA_values"/>
    <testcase time="1.33800000000002" classname="egt05_qtcat" name="egt05_qtcat_can_handle_some_NA_values">
      <skipped message="Reason: On CRAN ('test-egt05_qtcat.R:28:3')"/>
    </testcase>
  </testsuite>
  <testsuite name="empty_report" timestamp="2023-08-28T16:19:00Z" hostname="b2013f9d645c" tests="24" skipped="0" failures="0" errors="0" time="4.647">
    <testcase time="0.212999999999994" classname="empty_report" name="tlg_functions_return_null_reports_when_domain_table_is_empty"/>
    <testcase time="0.515999999999991" classname="empty_report" name="tlg_functions_return_null_reports_when_domain_table_is_empty"/>
    <testcase time="0.35499999999999" classname="empty_report" name="tlg_functions_return_null_reports_when_domain_table_is_empty"/>
    <testcase time="0.170000000000016" classname="empty_report" name="tlg_functions_return_null_reports_when_domain_table_is_empty"/>
    <testcase time="0.182999999999993" classname="empty_report" name="tlg_functions_return_null_reports_when_domain_table_is_empty"/>
    <testcase time="0.0879999999999939" classname="empty_report" name="tlg_functions_return_null_reports_when_domain_table_is_empty"/>
    <testcase time="0.148000000000025" classname="empty_report" name="tlg_functions_return_null_reports_when_domain_table_is_empty"/>
    <testcase time="0.269999999999982" classname="empty_report" name="tlg_functions_return_null_reports_when_domain_table_is_empty"/>
    <testcase time="0.298000000000002" classname="empty_report" name="tlg_functions_return_null_reports_when_domain_table_is_empty"/>
    <testcase time="0.132000000000005" classname="empty_report" name="tlg_functions_return_null_reports_when_domain_table_is_empty"/>
    <testcase time="0.131" classname="empty_report" name="tlg_functions_return_null_reports_when_domain_table_is_empty"/>
    <testcase time="0.0600000000000023" classname="empty_report" name="tlg_functions_return_null_reports_when_domain_table_is_empty"/>
    <testcase time="0.0769999999999982" classname="empty_report" name="tlg_functions_return_null_reports_when_domain_table_is_empty"/>
    <testcase time="0.105999999999995" classname="empty_report" name="tlg_functions_return_null_reports_when_domain_table_is_empty"/>
    <testcase time="0.0949999999999989" classname="empty_report" name="tlg_functions_return_null_reports_when_domain_table_is_empty"/>
    <testcase time="0.129999999999995" classname="empty_report" name="tlg_functions_return_null_reports_when_domain_table_is_empty"/>
    <testcase time="0.114000000000004" classname="empty_report" name="tlg_functions_return_null_reports_when_domain_table_is_empty"/>
    <testcase time="0.11099999999999" classname="empty_report" name="tlg_functions_return_null_reports_when_domain_table_is_empty"/>
    <testcase time="0.945000000000022" classname="empty_report" name="tlg_functions_return_null_reports_when_domain_table_is_empty"/>
    <testcase time="0.137999999999977" classname="empty_report" name="tlg_functions_return_null_reports_when_domain_table_is_empty"/>
    <testcase time="0.130000000000024" classname="empty_report" name="tlg_functions_return_null_reports_when_domain_table_is_empty"/>
    <testcase time="0.10499999999999" classname="empty_report" name="tlg_functions_return_null_reports_when_domain_table_is_empty"/>
    <testcase time="0.061000000000007" classname="empty_report" name="tlg_functions_return_null_reports_when_domain_table_is_empty"/>
    <testcase time="0.070999999999998" classname="empty_report" name="tlg_functions_return_null_reports_when_domain_table_is_empty"/>
  </testsuite>
  <testsuite name="ext01" timestamp="2023-08-28T16:19:05Z" hostname="b2013f9d645c" tests="8" skipped="7" failures="0" errors="0" time="8.63">
    <testcase time="0.864999999999981" classname="ext01" name="ext01_functions_with_default_argument_value_return_expected_result_with_test_data">
      <skipped message="Reason: On CRAN ('test-ext01.R:7:3')"/>
    </testcase>
    <testcase time="0.933000000000021" classname="ext01" name="ext01_functions_with_categorical_data_return_expected_result_with_test_data">
      <skipped message="Reason: On CRAN ('test-ext01.R:15:3')"/>
    </testcase>
    <testcase time="0.361000000000018" classname="ext01" name="ext01_works"/>
    <testcase time="0.510999999999996" classname="ext01" name="ext01_works">
      <skipped message="Reason: On CRAN ('test-ext01.R:23:3')"/>
    </testcase>
    <testcase time="1.11099999999999" classname="ext01" name="ext01_works_for_selected_parameters_and_categorical_variables">
      <skipped message="Reason: On CRAN ('test-ext01.R:36:3')"/>
    </testcase>
    <testcase time="1.63200000000001" classname="ext01" name="ext01_works_with_custom_mapping_order">
      <skipped message="Reason: On CRAN ('test-ext01.R:47:3')"/>
    </testcase>
    <testcase time="1.57599999999999" classname="ext01" name="ext01_works_with_custom_mapping_order_for_a_single_split">
      <skipped message="Reason: On CRAN ('test-ext01.R:57:3')"/>
    </testcase>
    <testcase time="1.64100000000002" classname="ext01" name="ext01_works_with_custom_mapping_fill_in_value">
      <skipped message="Reason: On CRAN ('test-ext01.R:68:3')"/>
    </testcase>
  </testsuite>
  <testsuite name="fstg01" timestamp="2023-08-28T16:19:14Z" hostname="b2013f9d645c" tests="13" skipped="0" failures="0" errors="0" time="14.346">
    <testcase time="0.0339999999999918" classname="fstg01" name="fstg01_works_as_expected"/>
    <testcase time="3.21600000000001" classname="fstg01" name="fstg01_works_as_expected"/>
    <testcase time="0.00600000000000023" classname="fstg01" name="fstg01_works_as_expected"/>
    <testcase time="3.19299999999998" classname="fstg01" name="fstg01_works_as_expected_with_custom_color_set"/>
    <testcase time="0.00600000000000023" classname="fstg01" name="fstg01_works_as_expected_with_custom_color_set"/>
    <testcase time="2.767" classname="fstg01" name="fstg01_works_as_expected_with_custom_color_set"/>
    <testcase time="0.00800000000000978" classname="fstg01" name="fstg01_works_as_expected_with_custom_color_set"/>
    <testcase time="0.580999999999989" classname="fstg01" name="fstg01_works_if_changes_are_in_subgroups_strata_var_conf_level_and_label_all"/>
    <testcase time="0.00800000000000978" classname="fstg01" name="fstg01_works_if_changes_are_in_subgroups_strata_var_conf_level_and_label_all"/>
    <testcase time="1.357" classname="fstg01" name="fstg01_works_if_changes_are_in_subgroups_strata_var_conf_level_and_label_all"/>
    <testcase time="0.00600000000000023" classname="fstg01" name="fstg01_works_if_changes_are_in_subgroups_strata_var_conf_level_and_label_all"/>
    <testcase time="3.15800000000002" classname="fstg01" name="fstg01_can_handle_some_NA_values_in_subgroups"/>
    <testcase time="0.00600000000000023" classname="fstg01" name="fstg01_can_handle_some_NA_values_in_subgroups"/>
  </testsuite>
  <testsuite name="fstg02" timestamp="2023-08-28T16:19:28Z" hostname="b2013f9d645c" tests="9" skipped="0" failures="0" errors="0" time="17.769">
    <testcase time="0.0240000000000009" classname="fstg02" name="fstg02_works_as_expected"/>
    <testcase time="2.55999999999997" classname="fstg02" name="fstg02_works_as_expected"/>
    <testcase time="2.703" classname="fstg02" name="fstg02_works_as_expected_with_custom_color_set"/>
    <testcase time="2.44800000000001" classname="fstg02" name="fstg02_works_as_expected_with_custom_color_set"/>
    <testcase time="0.539999999999992" classname="fstg02" name="fstg02_works_if_changes_are_in_subgroups_strata_var_conf_level_and_label_all"/>
    <testcase time="1.244" classname="fstg02" name="fstg02_works_if_changes_are_in_subgroups_strata_var_conf_level_and_label_all"/>
    <testcase time="2.65700000000001" classname="fstg02" name="fstg02_can_handle_some_NA_values_in_subgroups"/>
    <testcase time="2.64699999999999" classname="fstg02" name="fstg02_can_handle_customized_time_units"/>
    <testcase time="2.946" classname="fstg02" name="fstg02_can_handle_customized_time_units"/>
  </testsuite>
  <testsuite name="kmg01" timestamp="2023-08-28T16:19:46Z" hostname="b2013f9d645c" tests="13" skipped="0" failures="0" errors="0" time="1.863">
    <testcase time="0.0300000000000011" classname="kmg01" name="kmg01_works_as_expected"/>
    <testcase time="0.335000000000008" classname="kmg01" name="kmg01_works_as_expected"/>
    <testcase time="0.00499999999999545" classname="kmg01" name="kmg01_works_as_expected"/>
    <testcase time="0.365000000000009" classname="kmg01" name="kmg01_works_as_expected_with_custom_color_set"/>
    <testcase time="0.00499999999999545" classname="kmg01" name="kmg01_works_as_expected_with_custom_color_set"/>
    <testcase time="0.313999999999993" classname="kmg01" name="kmg01_works_as_expected_with_custom_color_set"/>
    <testcase time="0.00600000000000023" classname="kmg01" name="kmg01_works_as_expected_with_custom_color_set"/>
    <testcase time="0.296000000000021" classname="kmg01" name="kmg01_works_if_change_pvalue_ties_and_conf_level"/>
    <testcase time="0.00600000000000023" classname="kmg01" name="kmg01_works_if_change_pvalue_ties_and_conf_level"/>
    <testcase time="0.244" classname="kmg01" name="kmg01_works_if_change_annotation_position"/>
    <testcase time="0.00600000000000023" classname="kmg01" name="kmg01_works_if_change_annotation_position"/>
    <testcase time="0.244999999999976" classname="kmg01" name="kmg01_works_for_stratified_anlaysis"/>
    <testcase time="0.00600000000000023" classname="kmg01" name="kmg01_works_for_stratified_anlaysis"/>
  </testsuite>
  <testsuite name="lbt01" timestamp="2023-08-28T16:19:48Z" hostname="b2013f9d645c" tests="4" skipped="3" failures="0" errors="0" time="18.116">
    <testcase time="6.191" classname="lbt01" name="lbt01_functions_with_default_argument_value_return_expected_result_with_test_data">
      <skipped message="Reason: On CRAN ('test-lbt01.R:7:3')"/>
    </testcase>
    <testcase time="6.02500000000001" classname="lbt01" name="lbt01_functions_with_row_split_var_return_expected_result_with_test_data">
      <skipped message="Reason: On CRAN ('test-lbt01.R:16:3')"/>
    </testcase>
    <testcase time="2.33000000000001" classname="lbt01" name="lbt01_can_handle_n_0_and_outputs_NE_instead_of_infs_and_NAs"/>
    <testcase time="3.56999999999999" classname="lbt01" name="lbt01_can_handle_n_0_and_outputs_NE_instead_of_infs_and_NAs">
      <skipped message="Reason: On CRAN ('test-lbt01.R:29:3')"/>
    </testcase>
  </testsuite>
  <testsuite name="lbt04" timestamp="2023-08-28T16:20:06Z" hostname="b2013f9d645c" tests="8" skipped="4" failures="0" errors="0" time="5.525">
    <testcase time="1.74299999999999" classname="lbt04" name="lbt04_functions_with_default_argument_value_return_expected_result_with_test_data">
      <skipped message="Reason: On CRAN ('test-lbt04.R:7:3')"/>
    </testcase>
    <testcase time="0.155000000000001" classname="lbt04" name="lbt04_can_handle_all_NA_values"/>
    <testcase time="0.0980000000000132" classname="lbt04" name="lbt04_can_handle_all_NA_values">
      <skipped message="Reason: On CRAN ('test-lbt04.R:20:3')"/>
    </testcase>
    <testcase time="0.717999999999989" classname="lbt04" name="lbt04_can_handle_missing_levels"/>
    <testcase time="1.04599999999999" classname="lbt04" name="lbt04_can_handle_missing_levels">
      <skipped message="Reason: On CRAN ('test-lbt04.R:31:3')"/>
    </testcase>
    <testcase time="0.643000000000001" classname="lbt04" name="lbt04_can_handle_some_NA_values"/>
    <testcase time="1.07300000000001" classname="lbt04" name="lbt04_can_handle_some_NA_values">
      <skipped message="Reason: On CRAN ('test-lbt04.R:39:3')"/>
    </testcase>
    <testcase time="0.0490000000000066" classname="lbt04" name="lbt04_fails_on_incomlete_data"/>
  </testsuite>
  <testsuite name="lbt05" timestamp="2023-08-28T16:20:11Z" hostname="b2013f9d645c" tests="5" skipped="2" failures="0" errors="0" time="3.496">
    <testcase time="1.29599999999999" classname="lbt05" name="lbt05_functions_with_default_argument_value_return_expected_result_with_test_data">
      <skipped message="Reason: On CRAN ('test-lbt05.R:7:3')"/>
    </testcase>
    <testcase time="0.705999999999989" classname="lbt05" name="lbt05_give_all_0_count_if_ANRIND_are_all_missing"/>
    <testcase time="0.698000000000008" classname="lbt05" name="lbt05_can_handle_some_NA_values"/>
    <testcase time="0.712000000000018" classname="lbt05" name="lbt05_can_handle_some_NA_values">
      <skipped message="Reason: On CRAN ('test-lbt05.R:36:3')"/>
    </testcase>
    <testcase time="0.0839999999999748" classname="lbt05" name="lbt05_fails_on_incomlete_data"/>
  </testsuite>
  <testsuite name="lbt06" timestamp="2023-08-28T16:20:15Z" hostname="b2013f9d645c" tests="3" skipped="1" failures="0" errors="0" time="8.553">
    <testcase time="2.48500000000001" classname="lbt06" name="lbt06_gives_all_0_count_if_ANRIND_and_BNRIND_are_all_missing"/>
    <testcase time="5.99600000000001" classname="lbt06" name="lbt06_can_handle_some_NA_values">
      <skipped message="Reason: On CRAN ('test-lbt06.R:20:3')"/>
    </testcase>
    <testcase time="0.0720000000000027" classname="lbt06" name="lbt06_fails_on_incomplete_data"/>
  </testsuite>
  <testsuite name="lbt07" timestamp="2023-08-28T16:20:23Z" hostname="b2013f9d645c" tests="4" skipped="2" failures="0" errors="0" time="4.058">
    <testcase time="1.94399999999999" classname="lbt07" name="lbt07_functions_with_default_argument_value_return_expected_result_with_test_data">
      <skipped message="Reason: On CRAN ('test-lbt07.R:7:3')"/>
    </testcase>
    <testcase time="1.11500000000001" classname="lbt07" name="lbt07_can_handle_some_NA_values"/>
    <testcase time="0.915999999999997" classname="lbt07" name="lbt07_can_handle_some_NA_values">
      <skipped message="Reason: On CRAN ('test-lbt07.R:22:3')"/>
    </testcase>
    <testcase time="0.0829999999999984" classname="lbt07" name="lbt07_fails_on_incomlete_data"/>
  </testsuite>
  <testsuite name="lbt14" timestamp="2023-08-28T16:20:27Z" hostname="b2013f9d645c" tests="16" skipped="10" failures="0" errors="0" time="51.87">
    <testcase time="5.13199999999998" classname="lbt14" name="lbt14_functions_with_default_argument_value_return_expected_result_with_test_data">
      <skipped message="Reason: On CRAN ('test-lbt14.R:7:3')"/>
    </testcase>
    <testcase time="4.52900000000002" classname="lbt14" name="lbt14_functions_with_default_argument_value_return_expected_result_with_test_data_when_direction_high">
      <skipped message="Reason: On CRAN ('test-lbt14.R:14:3')"/>
    </testcase>
    <testcase time="4.17999999999998" classname="lbt14" name="lbt14_functions_with_gr_missing_excl_return_expected_result_with_test_data">
      <skipped message="Reason: On CRAN ('test-lbt14.R:21:3')"/>
    </testcase>
    <testcase time="4.19300000000001" classname="lbt14" name="lbt14_functions_with_gr_missing_gr_0_return_expected_result_with_test_data">
      <skipped message="Reason: On CRAN ('test-lbt14.R:28:3')"/>
    </testcase>
    <testcase time="2.34999999999999" classname="lbt14" name="lbt14_can_handle_all_NA_values"/>
    <testcase time="0.580000000000013" classname="lbt14" name="lbt14_can_handle_all_NA_values">
      <skipped message="Reason: On CRAN ('test-lbt14.R:41:3')"/>
    </testcase>
    <testcase time="2.87899999999999" classname="lbt14" name="lbt14_can_handle_some_NA_values"/>
    <testcase time="2.452" classname="lbt14" name="lbt14_can_handle_some_NA_values">
      <skipped message="Reason: On CRAN ('test-lbt14.R:60:3')"/>
    </testcase>
    <testcase time="9.03600000000003" classname="lbt14" name="lbt14_can_accept_different_gr_missing">
      <skipped message="Reason: On CRAN ('test-lbt14.R:67:3')"/>
    </testcase>
    <testcase time="0.0589999999999691" classname="lbt14" name="lbt14_fails_on_incomlete_data"/>
    <testcase time="2.27199999999999" classname="lbt14" name="lbt14_can_handle_all_NA_values_with_direction_high"/>
    <testcase time="0.537000000000035" classname="lbt14" name="lbt14_can_handle_all_NA_values_with_direction_high">
      <skipped message="Reason: On CRAN ('test-lbt14.R:92:3')"/>
    </testcase>
    <testcase time="2.90299999999996" classname="lbt14" name="lbt14_can_handle_some_NA_values_with_direction_high"/>
    <testcase time="2.11200000000002" classname="lbt14" name="lbt14_can_handle_some_NA_values_with_direction_high">
      <skipped message="Reason: On CRAN ('test-lbt14.R:111:3')"/>
    </testcase>
    <testcase time="8.60899999999998" classname="lbt14" name="lbt14_can_accept_different_gr_missing_with_direction_high">
      <skipped message="Reason: On CRAN ('test-lbt14.R:119:3')"/>
    </testcase>
    <testcase time="0.0470000000000255" classname="lbt14" name="lbt14_fails_on_incomlete_data"/>
  </testsuite>
  <testsuite name="lbt15" timestamp="2023-08-28T16:21:19Z" hostname="b2013f9d645c" tests="12" skipped="6" failures="0" errors="0" time="9.339">
    <testcase time="1.49799999999999" classname="lbt15" name="lbt15_functions_with_default_argument_value_return_expected_result_with_test_data">
      <skipped message="Reason: On CRAN ('test-lbt15.R:7:3')"/>
    </testcase>
    <testcase time="0.612000000000023" classname="lbt15" name="lbt15_can_handle_all_NA_values"/>
    <testcase time="0.905999999999949" classname="lbt15" name="lbt15_can_handle_all_NA_values">
      <skipped message="Reason: On CRAN ('test-lbt15.R:20:3')"/>
    </testcase>
    <testcase time="0.616000000000042" classname="lbt15" name="lbt15_can_handle_missing_levels"/>
    <testcase time="0.928999999999974" classname="lbt15" name="lbt15_can_handle_missing_levels">
      <skipped message="Reason: On CRAN ('test-lbt15.R:31:3')"/>
    </testcase>
    <testcase time="0.632000000000005" classname="lbt15" name="lbt15_can_handle_missing_levels_in_baseline"/>
    <testcase time="0.918000000000006" classname="lbt15" name="lbt15_can_handle_missing_levels_in_baseline">
      <skipped message="Reason: On CRAN ('test-lbt15.R:42:3')"/>
    </testcase>
    <testcase time="0.618999999999971" classname="lbt15" name="lbt15_can_handle_some_NA_values"/>
    <testcase time="0.975000000000023" classname="lbt15" name="lbt15_can_handle_some_NA_values">
      <skipped message="Reason: On CRAN ('test-lbt15.R:50:3')"/>
    </testcase>
    <testcase time="0.631000000000029" classname="lbt15" name="lbt15_can_handle_some_NA_values_in_baseline"/>
    <testcase time="0.95599999999996" classname="lbt15" name="lbt15_can_handle_some_NA_values_in_baseline">
      <skipped message="Reason: On CRAN ('test-lbt15.R:58:3')"/>
    </testcase>
    <testcase time="0.0470000000000255" classname="lbt15" name="lbt15_fails_on_incomlete_data"/>
  </testsuite>
  <testsuite name="mht01" timestamp="2023-08-28T16:21:29Z" hostname="b2013f9d645c" tests="3" skipped="3" failures="0" errors="0" time="3.396">
    <testcase time="1.137" classname="mht01" name="mht01_1_functions_with_default_argument_value_return_expected_result_with_test_data">
      <skipped message="Reason: On CRAN ('test-mht01.R:7:3')"/>
    </testcase>
    <testcase time="1.11099999999999" classname="mht01" name="mht01_works">
      <skipped message="Reason: On CRAN ('test-mht01.R:15:3')"/>
    </testcase>
    <testcase time="1.14800000000002" classname="mht01" name="mht01_works_on_NULL_in_lbl_mhbodsys_or_lbl_mhdecod">
      <skipped message="Reason: On CRAN ('test-mht01.R:21:3')"/>
    </testcase>
  </testsuite>
  <testsuite name="mng01" timestamp="2023-08-28T16:21:32Z" hostname="b2013f9d645c" tests="8" skipped="0" failures="0" errors="0" time="11.787">
    <testcase time="1.73399999999998" classname="mng01" name="mng01_works_as_expected_with_default_argument_values"/>
    <testcase time="1.54300000000001" classname="mng01" name="mng01_works_as_expected_with_custom_argument_values"/>
    <testcase time="0.021000000000015" classname="mng01" name="mng01_works_as_expected_with_custom_argument_values"/>
    <testcase time="1.67399999999998" classname="mng01" name="mng01_works_as_expected_with_custom_color_set"/>
    <testcase time="2.08600000000001" classname="mng01" name="mng01_works_as_expected_with_custom_color_set"/>
    <testcase time="1.60200000000003" classname="mng01" name="mng01_works_if_show_v_grid_show_h_grid_is_TRUE"/>
    <testcase time="1.55699999999996" classname="mng01" name="mng01_works_with_combination_of_x_variables"/>
    <testcase time="1.56999999999999" classname="mng01" name="mng01_works_with_numeric_jitter"/>
  </testsuite>
  <testsuite name="pdt01" timestamp="2023-08-28T16:21:44Z" hostname="b2013f9d645c" tests="5" skipped="3" failures="0" errors="0" time="2.56">
    <testcase time="1.01500000000004" classname="pdt01" name="pdt01_function_with_default_argument_value_return_expected_result_with_test_data">
      <skipped message="Reason: On CRAN ('test-pdt01.R:7:3')"/>
    </testcase>
    <testcase time="0.16799999999995" classname="pdt01" name="pdt01_can_handle_all_NA_values"/>
    <testcase time="0.209000000000003" classname="pdt01" name="pdt01_can_handle_all_NA_values">
      <skipped message="Reason: On CRAN ('test-pdt01.R:21:3')"/>
    </testcase>
    <testcase time="0.492999999999995" classname="pdt01" name="pdt01_can_handle_some_NA_values"/>
    <testcase time="0.675000000000011" classname="pdt01" name="pdt01_can_handle_some_NA_values">
      <skipped message="Reason: On CRAN ('test-pdt01.R:36:3')"/>
    </testcase>
  </testsuite>
  <testsuite name="pdt02" timestamp="2023-08-28T16:21:46Z" hostname="b2013f9d645c" tests="5" skipped="3" failures="0" errors="0" time="1.692">
    <testcase time="0.552000000000021" classname="pdt02" name="pdt02_function_with_default_argument_value_return_expected_result_with_test_data">
      <skipped message="Reason: On CRAN ('test-pdt02.R:7:3')"/>
    </testcase>
    <testcase time="0.243999999999971" classname="pdt02" name="pdt02_can_handle_all_NA_values"/>
    <testcase time="0.224000000000046" classname="pdt02" name="pdt02_can_handle_all_NA_values">
      <skipped message="Reason: On CRAN ('test-pdt02.R:21:3')"/>
    </testcase>
    <testcase time="0.347999999999956" classname="pdt02" name="pdt02_can_handle_some_NA_values"/>
    <testcase time="0.324000000000012" classname="pdt02" name="pdt02_can_handle_some_NA_values">
      <skipped message="Reason: On CRAN ('test-pdt02.R:36:3')"/>
    </testcase>
  </testsuite>
  <testsuite name="reexports" timestamp="2023-08-28T16:21:48Z" hostname="b2013f9d645c" tests="2" skipped="0" failures="0" errors="0" time="0.043">
    <testcase time="0.0289999999999964" classname="reexports" name="with_label_exported_correctly"/>
    <testcase time="0.01400000000001" classname="reexports" name="reformat_exported_correctly"/>
  </testsuite>
  <testsuite name="rmpt01" timestamp="2023-08-28T16:21:48Z" hostname="b2013f9d645c" tests="7" skipped="3" failures="0" errors="0" time="1.859">
    <testcase time="0.550999999999988" classname="rmpt01" name="rmpt01_function_with_default_argument_value_return_expected_result_with_test_data">
      <skipped message="Reason: On CRAN ('test-rmpt01.R:7:3')"/>
    </testcase>
    <testcase time="0.217000000000041" classname="rmpt01" name="rmpt01_can_handle_NA_values"/>
    <testcase time="0.345999999999947" classname="rmpt01" name="rmpt01_can_handle_NA_values">
      <skipped message="Reason: On CRAN ('test-rmpt01.R:17:3')"/>
    </testcase>
    <testcase time="0.238" classname="rmpt01" name="rmpt01_can_handle_some_NA_values"/>
    <testcase time="0.358000000000004" classname="rmpt01" name="rmpt01_can_handle_some_NA_values">
      <skipped message="Reason: On CRAN ('test-rmpt01.R:31:3')"/>
    </testcase>
    <testcase time="0.075999999999965" classname="rmpt01" name="rmpt01_fails_on_incomlete_data"/>
    <testcase time="0.0730000000000359" classname="rmpt01" name="rmpt01_fails_on_incomlete_data"/>
  </testsuite>
  <testsuite name="rmpt03" timestamp="2023-08-28T16:21:50Z" hostname="b2013f9d645c" tests="8" skipped="3" failures="0" errors="0" time="1.947">
    <testcase time="0.603000000000009" classname="rmpt03" name="rmpt03_function_with_default_argument_value_return_expected_result_with_test_data">
      <skipped message="Reason: On CRAN ('test-rmpt03.R:10:3')"/>
    </testcase>
    <testcase time="0.230000000000018" classname="rmpt03" name="rmpt03_can_handle_NA_values"/>
    <testcase time="0.351999999999975" classname="rmpt03" name="rmpt03_can_handle_NA_values">
      <skipped message="Reason: On CRAN ('test-rmpt03.R:22:3')"/>
    </testcase>
    <testcase time="0.230000000000018" classname="rmpt03" name="rmpt03_can_handle_some_NA_values"/>
    <testcase time="0.355999999999995" classname="rmpt03" name="rmpt03_can_handle_some_NA_values">
      <skipped message="Reason: On CRAN ('test-rmpt03.R:38:3')"/>
    </testcase>
    <testcase time="0.08299999999997" classname="rmpt03" name="rmpt03_fails_on_incomlete_data"/>
    <testcase time="0.0530000000000541" classname="rmpt03" name="rmpt03_fails_on_incomlete_data"/>
    <testcase time="0.0399999999999636" classname="rmpt03" name="rmpt03_fails_on_incomlete_data"/>
  </testsuite>
  <testsuite name="rmpt04" timestamp="2023-08-28T16:21:52Z" hostname="b2013f9d645c" tests="6" skipped="3" failures="0" errors="0" time="1.154">
    <testcase time="0.348000000000013" classname="rmpt04" name="rmpt04_function_with_default_argument_value_return_expected_result_with_test_data">
      <skipped message="Reason: On CRAN ('test-rmpt04.R:7:3')"/>
    </testcase>
    <testcase time="0.161000000000001" classname="rmpt04" name="rmpt04_can_handle_NA_values"/>
    <testcase time="0.190999999999974" classname="rmpt04" name="rmpt04_can_handle_NA_values">
      <skipped message="Reason: On CRAN ('test-rmpt04.R:17:3')"/>
    </testcase>
    <testcase time="0.158000000000015" classname="rmpt04" name="rmpt04_can_handle_some_NA_values"/>
    <testcase time="0.206000000000017" classname="rmpt04" name="rmpt04_can_handle_some_NA_values">
      <skipped message="Reason: On CRAN ('test-rmpt04.R:34:3')"/>
    </testcase>
    <testcase time="0.089999999999975" classname="rmpt04" name="rmpt04_fails_on_incomlete_data"/>
  </testsuite>
  <testsuite name="rmpt05" timestamp="2023-08-28T16:21:53Z" hostname="b2013f9d645c" tests="6" skipped="3" failures="0" errors="0" time="1.463">
    <testcase time="0.446000000000026" classname="rmpt05" name="rmpt05_function_with_default_argument_value_return_expected_result_with_test_data">
      <skipped message="Reason: On CRAN ('test-rmpt05.R:7:3')"/>
    </testcase>
    <testcase time="0.187999999999988" classname="rmpt05" name="rmpt05_can_handle_NA_values"/>
    <testcase time="0.273000000000025" classname="rmpt05" name="rmpt05_can_handle_NA_values">
      <skipped message="Reason: On CRAN ('test-rmpt05.R:17:3')"/>
    </testcase>
    <testcase time="0.197000000000003" classname="rmpt05" name="rmpt05_can_handle_some_NA_values"/>
    <testcase time="0.262999999999977" classname="rmpt05" name="rmpt05_can_handle_some_NA_values">
      <skipped message="Reason: On CRAN ('test-rmpt05.R:34:3')"/>
    </testcase>
    <testcase time="0.0960000000000036" classname="rmpt05" name="rmpt05_fails_on_incomlete_data"/>
  </testsuite>
  <testsuite name="rspt01" timestamp="2023-08-28T16:21:55Z" hostname="b2013f9d645c" tests="15" skipped="7" failures="0" errors="0" time="6.783">
    <testcase time="0.0310000000000059" classname="rspt01" name="rspt01_works_as_expected"/>
    <testcase time="0.670999999999992" classname="rspt01" name="rspt01_works_as_expected"/>
    <testcase time="0.415999999999997" classname="rspt01" name="rspt01_works_as_expected">
      <skipped message="Reason: On CRAN ('test-rspt01.R:5:3')"/>
    </testcase>
    <testcase time="0.605000000000018" classname="rspt01" name="rspt01_works_as_expected_for_stratified_and_unstratified_analysis"/>
    <testcase time="0.447999999999979" classname="rspt01" name="rspt01_works_as_expected_for_stratified_and_unstratified_analysis">
      <skipped message="Reason: On CRAN ('test-rspt01.R:17:3')"/>
    </testcase>
    <testcase time="0.54000000000002" classname="rspt01" name="rspt01_works_as_expected_for_unstratified_analysis_only"/>
    <testcase time="0.370000000000005" classname="rspt01" name="rspt01_works_as_expected_for_unstratified_analysis_only">
      <skipped message="Reason: On CRAN ('test-rspt01.R:36:3')"/>
    </testcase>
    <testcase time="0.496000000000038" classname="rspt01" name="rspt01_works_as_expected_for_stratified_analysis_only"/>
    <testcase time="0.373999999999967" classname="rspt01" name="rspt01_works_as_expected_for_stratified_analysis_only">
      <skipped message="Reason: On CRAN ('test-rspt01.R:55:3')"/>
    </testcase>
    <testcase time="0.539000000000044" classname="rspt01" name="rspt01_works_if_change_reference_group"/>
    <testcase time="0.393999999999949" classname="rspt01" name="rspt01_works_if_change_reference_group">
      <skipped message="Reason: On CRAN ('test-rspt01.R:74:3')"/>
    </testcase>
    <testcase time="0.525000000000034" classname="rspt01" name="rspt01_works_if_change_statistic_methods"/>
    <testcase time="0.408999999999992" classname="rspt01" name="rspt01_works_if_change_statistic_methods">
      <skipped message="Reason: On CRAN ('test-rspt01.R:97:3')"/>
    </testcase>
    <testcase time="0.557000000000016" classname="rspt01" name="rspt01_works_if_change_confidence_interval"/>
    <testcase time="0.407999999999959" classname="rspt01" name="rspt01_works_if_change_confidence_interval">
      <skipped message="Reason: On CRAN ('test-rspt01.R:123:3')"/>
    </testcase>
  </testsuite>
  <testsuite name="ttet01" timestamp="2023-08-28T16:22:01Z" hostname="b2013f9d645c" tests="9" skipped="4" failures="0" errors="0" time="5.339">
    <testcase time="0.0450000000000159" classname="ttet01" name="ttet01_works_as_expected"/>
    <testcase time="0.828000000000031" classname="ttet01" name="ttet01_works_as_expected"/>
    <testcase time="0.743999999999971" classname="ttet01" name="ttet01_works_as_expected">
      <skipped message="Reason: On CRAN ('test-ttet01.R:10:3')"/>
    </testcase>
    <testcase time="0.653999999999996" classname="ttet01" name="ttet01_works_as_expected_for_stratified_and_unstratified_analysis"/>
    <testcase time="0.600000000000023" classname="ttet01" name="ttet01_works_as_expected_for_stratified_and_unstratified_analysis">
      <skipped message="Reason: On CRAN ('test-ttet01.R:22:3')"/>
    </testcase>
    <testcase time="0.632000000000005" classname="ttet01" name="ttet01_works_as_expected_for_stratified_analysis_only"/>
    <testcase time="0.601999999999975" classname="ttet01" name="ttet01_works_as_expected_for_stratified_analysis_only">
      <skipped message="Reason: On CRAN ('test-ttet01.R:44:3')"/>
    </testcase>
    <testcase time="0.615000000000009" classname="ttet01" name="ttet01_works_if_change_reference_group"/>
    <testcase time="0.618999999999971" classname="ttet01" name="ttet01_works_if_change_reference_group">
      <skipped message="Reason: On CRAN ('test-ttet01.R:66:3')"/>
    </testcase>
  </testsuite>
  <testsuite name="utils" timestamp="2023-08-28T16:22:07Z" hostname="b2013f9d645c" tests="59" skipped="0" failures="0" errors="0" time="0.47">
    <testcase time="0.0310000000000059" classname="utils" name="h_format_dec_works_as_exected"/>
    <testcase time="0.00499999999999545" classname="utils" name="h_format_dec_works_as_exected"/>
    <testcase time="0.00200000000000955" classname="utils" name="h_format_dec_works_as_exected"/>
    <testcase time="0.00600000000002865" classname="utils" name="h_format_dec_works_as_exected"/>
    <testcase time="0.0029999999999859" classname="utils" name="h_format_dec_works_as_exected"/>
    <testcase time="0.0040000000000191" classname="utils" name="h_format_dec_works_as_exected"/>
    <testcase time="0.0029999999999859" classname="utils" name="h_format_dec_works_as_exected"/>
    <testcase time="0.00499999999999545" classname="utils" name="h_format_dec_works_as_exected"/>
    <testcase time="0.0029999999999859" classname="utils" name="h_format_dec_works_as_exected"/>
    <testcase time="0.00600000000002865" classname="utils" name="h_format_dec_works_as_exected"/>
    <testcase time="0.00200000000000955" classname="utils" name="h_format_dec_works_as_exected"/>
    <testcase time="0.00499999999999545" classname="utils" name="h_format_dec_works_as_exected"/>
    <testcase time="0.0139999999999532" classname="utils" name="h_format_dec_works_as_expected_with_more_than_one_value"/>
    <testcase time="0.00600000000002865" classname="utils" name="h_format_dec_works_as_expected_with_more_than_one_value"/>
    <testcase time="0.01400000000001" classname="utils" name="h_format_dec_works_as_expected_with_NA_digits"/>
    <testcase time="0.01400000000001" classname="utils" name="fuse_sequentially_works"/>
    <testcase time="0.00599999999997181" classname="utils" name="fuse_sequentially_works"/>
    <testcase time="0.0120000000000005" classname="utils" name="grob_list_works"/>
    <testcase time="0.0010000000000332" classname="utils" name="grob_list_works"/>
    <testcase time="0.00699999999994816" classname="utils" name="grob_list_works"/>
    <testcase time="0.0050000000000523" classname="utils" name="grob_list_works"/>
    <testcase time="0.0229999999999677" classname="utils" name="ifneeded_split_row_works_as_expected"/>
    <testcase time="0.0110000000000241" classname="utils" name="ifneeded_split_row_works_as_expected"/>
    <testcase time="0.0109999999999673" classname="utils" name="droplevels.character_works_as_expected"/>
    <testcase time="0.00499999999999545" classname="utils" name="droplevels.character_works_as_expected"/>
    <testcase time="0.00999999999999091" classname="utils" name="lvls.character_works_as_expected"/>
    <testcase time="0.0050000000000523" classname="utils" name="lvls.character_works_as_expected"/>
    <testcase time="0.0109999999999673" classname="utils" name="lvls.factor_works_as_expected"/>
    <testcase time="0.00600000000002865" classname="utils" name="lvls.factor_works_as_expected"/>
    <testcase time="0.00999999999999091" classname="utils" name="lvls.default_works_as_expected"/>
    <testcase time="0.007000000000005" classname="utils" name="lvls.default_works_as_expected"/>
    <testcase time="0.0199999999999818" classname="utils" name="quote_str_works_as_expected"/>
    <testcase time="0.007000000000005" classname="utils" name="quote_str_works_as_expected"/>
    <testcase time="0.00999999999999091" classname="utils" name="quote_str_works_as_expected"/>
    <testcase time="0.01400000000001" classname="utils" name="modify_default_args_works_as_expected"/>
    <testcase time="0.007000000000005" classname="utils" name="modify_default_args_works_as_expected"/>
    <testcase time="0.0120000000000005" classname="utils" name="execute_with_args_works_as_expected"/>
    <testcase time="0.00599999999997181" classname="utils" name="execute_with_args_works_as_expected"/>
    <testcase time="0.00200000000000955" classname="utils" name="execute_with_args_works_as_expected"/>
    <testcase time="0.00499999999999545" classname="utils" name="execute_with_args_works_as_expected"/>
    <testcase time="0.0029999999999859" classname="utils" name="execute_with_args_works_as_expected"/>
    <testcase time="0.00600000000002865" classname="utils" name="execute_with_args_works_as_expected"/>
    <testcase time="0.00200000000000955" classname="utils" name="execute_with_args_works_as_expected"/>
    <testcase time="0.00599999999997181" classname="utils" name="execute_with_args_works_as_expected"/>
    <testcase time="0.00300000000004275" classname="utils" name="execute_with_args_works_as_expected"/>
    <testcase time="0.00599999999997181" classname="utils" name="execute_with_args_works_as_expected"/>
    <testcase time="0.0029999999999859" classname="utils" name="execute_with_args_works_as_expected"/>
    <testcase time="0.00499999999999545" classname="utils" name="execute_with_args_works_as_expected"/>
    <testcase time="0.0100000000000477" classname="utils" name="do_call_work_as_expected"/>
    <testcase time="0.00699999999994816" classname="utils" name="do_call_work_as_expected"/>
    <testcase time="0.0160000000000196" classname="utils" name="do_call_errors_as_expected"/>
    <testcase time="0.0110000000000241" classname="utils" name="do_call_errors_as_expected"/>
    <testcase time="0.0129999999999768" classname="utils" name="convert_to_month_work_as_expected"/>
    <testcase time="0.00499999999999545" classname="utils" name="convert_to_month_work_as_expected"/>
    <testcase time="0.0040000000000191" classname="utils" name="convert_to_month_work_as_expected"/>
    <testcase time="0.00499999999999545" classname="utils" name="convert_to_month_work_as_expected"/>
    <testcase time="0.0029999999999859" classname="utils" name="convert_to_month_work_as_expected"/>
    <testcase time="0.00600000000002865" classname="utils" name="convert_to_month_work_as_expected"/>
    <testcase time="0.0199999999999818" classname="utils" name="convert_to_month_warning_messages_as_expected"/>
  </testsuite>
  <testsuite name="vst01" timestamp="2023-08-28T16:22:07Z" hostname="b2013f9d645c" tests="3" skipped="2" failures="0" errors="0" time="25.022">
    <testcase time="13.009" classname="vst01" name="vst01_functions_with_default_argument_value_return_expected_result_with_test_data">
      <skipped message="Reason: On CRAN ('test-vst01.R:7:3')"/>
    </testcase>
    <testcase time="4.59699999999998" classname="vst01" name="run_vst01_works_as_expected"/>
    <testcase time="7.416" classname="vst01" name="run_vst01_works_as_expected">
      <skipped message="Reason: On CRAN ('test-vst01.R:14:3')"/>
    </testcase>
  </testsuite>
  <testsuite name="vst02" timestamp="2023-08-28T16:22:32Z" hostname="b2013f9d645c" tests="2" skipped="2" failures="0" errors="0" time="1.821">
    <testcase time="0.912000000000035" classname="vst02" name="vst02_functions_with_default_argument_value_return_expected_result_with_test_data">
      <skipped message="Reason: On CRAN ('test-vst02.R:7:3')"/>
    </testcase>
    <testcase time="0.908999999999992" classname="vst02" name="vst02_functions_return_expected_result_with_test_data_when_excluding_subject_with_baseline_abnormality">
      <skipped message="Reason: On CRAN ('test-vst02.R:14:3')"/>
    </testcase>
  </testsuite>
</testsuites>
