<?xml version="1.0" encoding="UTF-8"?>
<testsuites>
  <testsuite name="ael01_nollt" timestamp="2024-12-10T14:14:51Z" hostname="5c5be27edf76" tests="14" skipped="0" failures="0" errors="0" time="1.184">
    <testcase time="0.0649999999999999" classname="ael01_nollt" name="ael01_nollt_works_with_admh_dataset"/>
    <testcase time="0.26" classname="ael01_nollt" name="ael01_nollt_works_with_admh_dataset"/>
    <testcase time="0.0379999999999998" classname="ael01_nollt" name="ael01_nollt_works_with_non_default_label"/>
    <testcase time="0.217" classname="ael01_nollt" name="ael01_nollt_works_with_non_default_label"/>
    <testcase time="0.028" classname="ael01_nollt" name="ael01_nollt_can_handle_all_missing_values"/>
    <testcase time="0.0789999999999997" classname="ael01_nollt" name="ael01_nollt_can_handle_all_missing_values"/>
    <testcase time="0.0270000000000001" classname="ael01_nollt" name="ael01_nollt_can_handle_some_missing_values"/>
    <testcase time="0.132" classname="ael01_nollt" name="ael01_nollt_can_handle_some_missing_values"/>
    <testcase time="0.0229999999999997" classname="ael01_nollt" name="ael01_nollt_listing_can_be_split_by_an_additional_variable"/>
    <testcase time="0.00100000000000033" classname="ael01_nollt" name="ael01_nollt_listing_can_be_split_by_an_additional_variable"/>
    <testcase time="0.167" classname="ael01_nollt" name="ael01_nollt_listing_can_be_split_by_an_additional_variable"/>
    <testcase time="0.0230000000000001" classname="ael01_nollt" name="split_ael01_nollt_listing_do_not_display_missing_values"/>
    <testcase time="0.00099999999999989" classname="ael01_nollt" name="split_ael01_nollt_listing_do_not_display_missing_values"/>
    <testcase time="0.123" classname="ael01_nollt" name="split_ael01_nollt_listing_do_not_display_missing_values"/>
  </testsuite>
  <testsuite name="ael02" timestamp="2024-12-10T14:14:52Z" hostname="5c5be27edf76" tests="9" skipped="0" failures="0" errors="0" time="2.724">
    <testcase time="0.0669999999999997" classname="ael02" name="ael02_works_with_adae_dataset"/>
    <testcase time="0.00099999999999989" classname="ael02" name="ael02_works_with_adae_dataset"/>
    <testcase time="0.839" classname="ael02" name="ael02_works_with_adae_dataset"/>
    <testcase time="0.0489999999999995" classname="ael02" name="ael02_can_handle_all_missing_values"/>
    <testcase time="0.00100000000000033" classname="ael02" name="ael02_can_handle_all_missing_values"/>
    <testcase time="0.88" classname="ael02" name="ael02_can_handle_all_missing_values"/>
    <testcase time="0.0490000000000004" classname="ael02" name="ael02_functions_work_as_expected"/>
    <testcase time="0.00199999999999978" classname="ael02" name="ael02_functions_work_as_expected"/>
    <testcase time="0.836" classname="ael02" name="ael02_functions_work_as_expected"/>
  </testsuite>
  <testsuite name="ael03" timestamp="2024-12-10T14:14:55Z" hostname="5c5be27edf76" tests="9" skipped="0" failures="0" errors="0" time="2.783">
    <testcase time="0.0669999999999993" classname="ael03" name="ael03_works_with_adae_dataset"/>
    <testcase time="0.00100000000000033" classname="ael03" name="ael03_works_with_adae_dataset"/>
    <testcase time="0.863" classname="ael03" name="ael03_works_with_adae_dataset"/>
    <testcase time="0.0499999999999998" classname="ael03" name="ael03_can_handle_all_missing_values"/>
    <testcase time="0.000999999999999446" classname="ael03" name="ael03_can_handle_all_missing_values"/>
    <testcase time="0.890000000000001" classname="ael03" name="ael03_can_handle_all_missing_values"/>
    <testcase time="0.0499999999999998" classname="ael03" name="ael03_functions_work_as_expected"/>
    <testcase time="0.00100000000000033" classname="ael03" name="ael03_functions_work_as_expected"/>
    <testcase time="0.86" classname="ael03" name="ael03_functions_work_as_expected"/>
  </testsuite>
  <testsuite name="aet01" timestamp="2024-12-10T14:14:58Z" hostname="5c5be27edf76" tests="13" skipped="0" failures="0" errors="0" time="3.266">
    <testcase time="0.389999999999999" classname="aet01" name="aet01_can_handle_all_NA_values"/>
    <testcase time="0.272" classname="aet01" name="aet01_can_handle_all_NA_values"/>
    <testcase time="0.275" classname="aet01" name="aet01_can_handle_all_NA_values"/>
    <testcase time="0.218999999999999" classname="aet01" name="aet01_can_handle_all_NA_values"/>
    <testcase time="0.256" classname="aet01" name="aet01_can_handle_some_NA_values"/>
    <testcase time="0.273999999999999" classname="aet01" name="aet01_can_handle_some_NA_values"/>
    <testcase time="0.375999999999999" classname="aet01" name="aet01_can_use_custom_anl_vars"/>
    <testcase time="0.163" classname="aet01" name="aet01_can_use_custom_anl_vars"/>
    <testcase time="0.0579999999999998" classname="aet01" name="aet01_fails_on_incomplete_data_input"/>
    <testcase time="0.280000000000001" classname="aet01" name="aet01_can_use_custom_medconcept_var"/>
    <testcase time="0.279" classname="aet01" name="aet01_can_use_custom_medconcept_var"/>
    <testcase time="0.187999999999999" classname="aet01" name="aet01_can_conditionally_show_the_number_of_withdrawal"/>
    <testcase time="0.236000000000001" classname="aet01" name="aet01_can_conditionally_show_the_number_of_withdrawal"/>
  </testsuite>
  <testsuite name="aet01_aesi" timestamp="2024-12-10T14:15:01Z" hostname="5c5be27edf76" tests="9" skipped="0" failures="0" errors="0" time="1.996">
    <testcase time="0.202" classname="aet01_aesi" name="aet01_aesi_can_handle_all_NA_values"/>
    <testcase time="0.253" classname="aet01_aesi" name="aet01_aesi_can_handle_all_NA_values"/>
    <testcase time="0.193999999999999" classname="aet01_aesi" name="aet01_aesi_can_handle_all_NA_values"/>
    <testcase time="0.213000000000001" classname="aet01_aesi" name="aet01_aesi_can_handle_all_NA_values"/>
    <testcase time="0.192" classname="aet01_aesi" name="aet01_aesi_can_handle_some_NA_values"/>
    <testcase time="0.25" classname="aet01_aesi" name="aet01_aesi_can_handle_some_NA_values"/>
    <testcase time="0.263" classname="aet01_aesi" name="aet01_aesi_works_with_ALL_argument"/>
    <testcase time="0.377000000000001" classname="aet01_aesi" name="aet01_aesi_works_with_ALL_argument"/>
    <testcase time="0.0519999999999996" classname="aet01_aesi" name="aet01_aesi_check_fails_on_incomplete_data_input"/>
  </testsuite>
  <testsuite name="aet02" timestamp="2024-12-10T14:15:03Z" hostname="5c5be27edf76" tests="4" skipped="0" failures="0" errors="0" time="2.421">
    <testcase time="0.0499999999999989" classname="aet02" name="aet02_fails_on_incomplete_data_input"/>
    <testcase time="0.120000000000001" classname="aet02" name="aet02_handle_empty_data_input"/>
    <testcase time="1.493" classname="aet02" name="aet02_can_have_different_levels_of_row_split"/>
    <testcase time="0.758000000000001" classname="aet02" name="aet02_can_have_different_levels_of_row_split"/>
  </testsuite>
  <testsuite name="aet03" timestamp="2024-12-10T14:15:05Z" hostname="5c5be27edf76" tests="4" skipped="0" failures="0" errors="0" time="2.55">
    <testcase time="0.27" classname="aet03" name="aet03_can_handle_NA_values"/>
    <testcase time="0.248999999999999" classname="aet03" name="aet03_can_handle_NA_values"/>
    <testcase time="1.318" classname="aet03" name="aet03_can_handle_some_NA_values"/>
    <testcase time="0.712999999999997" classname="aet03" name="aet03_can_handle_some_NA_values"/>
  </testsuite>
  <testsuite name="aet04" timestamp="2024-12-10T14:15:08Z" hostname="5c5be27edf76" tests="12" skipped="0" failures="0" errors="0" time="11.225">
    <testcase time="0.419" classname="aet04" name="aet04_can_handle_NA_values"/>
    <testcase time="0.414000000000001" classname="aet04" name="aet04_can_handle_NA_values"/>
    <testcase time="0.395" classname="aet04" name="aet04_can_handle_NA_values"/>
    <testcase time="0.00400000000000134" classname="aet04" name="aet04_can_handle_NA_values"/>
    <testcase time="0.404999999999998" classname="aet04" name="aet04_can_handle_NA_values"/>
    <testcase time="0.412000000000003" classname="aet04" name="aet04_can_handle_NA_values"/>
    <testcase time="2.274" classname="aet04" name="aet04_can_handle_some_NA_values"/>
    <testcase time="1.126" classname="aet04" name="aet04_can_handle_some_NA_values"/>
    <testcase time="2.268" classname="aet04" name="aet04_can_handle_some_NA_values"/>
    <testcase time="0.00600000000000023" classname="aet04" name="aet04_can_handle_some_NA_values"/>
    <testcase time="2.301" classname="aet04" name="aet04_can_handle_some_NA_values"/>
    <testcase time="1.201" classname="aet04" name="aet04_can_handle_some_NA_values"/>
  </testsuite>
  <testsuite name="aet05" timestamp="2024-12-10T14:15:19Z" hostname="5c5be27edf76" tests="6" skipped="0" failures="0" errors="0" time="1.206">
    <testcase time="0.140999999999998" classname="aet05" name="aet05_can_handle_NA_values"/>
    <testcase time="0.249000000000002" classname="aet05" name="aet05_can_handle_NA_values"/>
    <testcase time="0.133999999999997" classname="aet05" name="aet05_can_handle_some_NA_values"/>
    <testcase time="0.280000000000001" classname="aet05" name="aet05_can_handle_some_NA_values"/>
    <testcase time="0.135000000000002" classname="aet05" name="aet05_can_handle_some_NA_values"/>
    <testcase time="0.266999999999999" classname="aet05" name="aet05_can_handle_some_NA_values"/>
  </testsuite>
  <testsuite name="aet05_all" timestamp="2024-12-10T14:15:20Z" hostname="5c5be27edf76" tests="6" skipped="0" failures="0" errors="0" time="1.375">
    <testcase time="0.149000000000001" classname="aet05_all" name="aet05_all_can_handle_NA_values"/>
    <testcase time="0.257999999999999" classname="aet05_all" name="aet05_all_can_handle_NA_values"/>
    <testcase time="0.140999999999998" classname="aet05_all" name="aet05_all_can_handle_some_NA_values"/>
    <testcase time="0.447000000000003" classname="aet05_all" name="aet05_all_can_handle_some_NA_values"/>
    <testcase time="0.128" classname="aet05_all" name="aet05_all_can_handle_some_NA_values"/>
    <testcase time="0.251999999999995" classname="aet05_all" name="aet05_all_can_handle_some_NA_values"/>
  </testsuite>
  <testsuite name="aet10" timestamp="2024-12-10T14:15:22Z" hostname="5c5be27edf76" tests="4" skipped="0" failures="0" errors="0" time="0.482">
    <testcase time="0.0720000000000027" classname="aet10" name="aet10_can_handle_NA_values"/>
    <testcase time="0.109000000000002" classname="aet10" name="aet10_can_handle_NA_values"/>
    <testcase time="0.0949999999999989" classname="aet10" name="aet10_can_handle_some_NA_values"/>
    <testcase time="0.206000000000003" classname="aet10" name="aet10_can_handle_some_NA_values"/>
  </testsuite>
  <testsuite name="assertions" timestamp="2024-12-10T14:15:22Z" hostname="5c5be27edf76" tests="33" skipped="0" failures="0" errors="0" time="0.164">
    <testcase time="0.00799999999999557" classname="assertions" name="assert_valid_var.character_works_as_expected"/>
    <testcase time="0.00500000000000256" classname="assertions" name="assert_valid_var.character_works_as_expected"/>
    <testcase time="0.00399999999999778" classname="assertions" name="assert_valid_var.character_works_as_expected"/>
    <testcase time="0.00500000000000256" classname="assertions" name="assert_valid_var.character_works_as_expected"/>
    <testcase time="0.000999999999997669" classname="assertions" name="assert_valid_var.character_works_as_expected"/>
    <testcase time="0.00500000000000256" classname="assertions" name="assert_valid_var.factor_works_as_expected"/>
    <testcase time="0.00399999999999778" classname="assertions" name="assert_valid_var.factor_works_as_expected"/>
    <testcase time="0.00399999999999778" classname="assertions" name="assert_valid_var.factor_works_as_expected"/>
    <testcase time="0.00500000000000256" classname="assertions" name="assert_valid_var.factor_works_as_expected"/>
    <testcase time="0.000999999999997669" classname="assertions" name="assert_valid_var.factor_works_as_expected"/>
    <testcase time="0.00500000000000256" classname="assertions" name="assert_valid_var.logical_works_as_expected"/>
    <testcase time="0.00399999999999778" classname="assertions" name="assert_valid_var.logical_works_as_expected"/>
    <testcase time="0.00500000000000256" classname="assertions" name="assert_valid_var.logical_works_as_expected"/>
    <testcase time="0.000999999999997669" classname="assertions" name="assert_valid_var.logical_works_as_expected"/>
    <testcase time="0.00500000000000256" classname="assertions" name="assert_valid_var.numeric_works_as_expected"/>
    <testcase time="0.00399999999999778" classname="assertions" name="assert_valid_var.numeric_works_as_expected"/>
    <testcase time="0.00500000000000256" classname="assertions" name="assert_valid_var.numeric_works_as_expected"/>
    <testcase time="0.000999999999997669" classname="assertions" name="assert_valid_var.numeric_works_as_expected"/>
    <testcase time="0.00900000000000034" classname="assertions" name="assert_valid_var.numeric_works_as_expected"/>
    <testcase time="0.00200000000000244" classname="assertions" name="assert_valid_var.numeric_works_as_expected"/>
    <testcase time="0.0169999999999959" classname="assertions" name="assert_valid_var.POSIXct_works_as_expected"/>
    <testcase time="0.0160000000000053" classname="assertions" name="assert_valid_var.POSIXct_works_as_expected"/>
    <testcase time="0.00499999999999545" classname="assertions" name="assert_valid_variable_works_as_expected"/>
    <testcase time="0.00200000000000244" classname="assertions" name="assert_valid_variable_works_as_expected"/>
    <testcase time="0.0069999999999979" classname="assertions" name="assert_valid_variable_works_as_expected"/>
    <testcase time="0.00200000000000244" classname="assertions" name="assert_valid_variable_works_as_expected"/>
    <testcase time="0.00600000000000023" classname="assertions" name="assert_valid_variable_works_as_expected"/>
    <testcase time="0.000999999999997669" classname="assertions" name="assert_valid_variable_works_as_expected"/>
    <testcase time="0.00500000000000256" classname="assertions" name="assert_valid_var_pair_works_as_expected_with_character"/>
    <testcase time="0.00500000000000256" classname="assertions" name="assert_valid_var_pair_works_as_expected_with_character"/>
    <testcase time="0.00499999999999545" classname="assertions" name="assert_valid_var_pair_works_as_expected_with_factor"/>
    <testcase time="0.00500000000000256" classname="assertions" name="assert_valid_var_pair_works_as_expected_with_factor"/>
    <testcase time="0.00500000000000256" classname="assertions" name="assert_valid_var_pair_works_as_expected_with_factor"/>
  </testsuite>
  <testsuite name="cfbt01" timestamp="2024-12-10T14:15:22Z" hostname="5c5be27edf76" tests="3" skipped="0" failures="0" errors="0" time="8.646">
    <testcase time="6.395" classname="cfbt01" name="cfbt01_functions_with_default_argument_value_return_expected_result_with_test_data"/>
    <testcase time="0.728000000000002" classname="cfbt01" name="cfbt01_can_handle_n_0_and_outputs_NE_instead_of_infs_and_NAs"/>
    <testcase time="1.523" classname="cfbt01" name="cfbt01_can_handle_n_0_and_outputs_NE_instead_of_infs_and_NAs"/>
  </testsuite>
  <testsuite name="checks" timestamp="2024-12-10T14:15:31Z" hostname="5c5be27edf76" tests="8" skipped="0" failures="0" errors="0" time="0.027">
    <testcase time="0.00799999999999557" classname="checks" name="check_all_colnames_works_as_expected"/>
    <testcase time="0.00300000000000011" classname="checks" name="check_all_colnames_works_as_expected"/>
    <testcase time="0.00200000000000244" classname="checks" name="check_all_colnames_works_as_expected"/>
    <testcase time="0.00199999999999534" classname="checks" name="check_all_colnames_works_as_expected"/>
    <testcase time="0.00500000000000256" classname="checks" name="check_one_colnames_works_as_expected"/>
    <testcase time="0.00300000000000011" classname="checks" name="check_one_colnames_works_as_expected"/>
    <testcase time="0.000999999999997669" classname="checks" name="check_one_colnames_works_as_expected"/>
    <testcase time="0.00300000000000011" classname="checks" name="check_one_colnames_works_as_expected"/>
  </testsuite>
  <testsuite name="chevron_tlg-class" timestamp="2024-12-10T14:15:31Z" hostname="5c5be27edf76" tests="27" skipped="0" failures="0" errors="0" time="0.083">
    <testcase time="0.00800000000000267" classname="chevron_tlg_class" name="chevron_t_object_can_be_constructed_with_default_values"/>
    <testcase time="0.00300000000000011" classname="chevron_tlg_class" name="chevron_t_object_can_be_constructed_with_default_values"/>
    <testcase time="0.00500000000000256" classname="chevron_tlg_class" name="chevron_t_object_can_be_constructed_with_custom_values"/>
    <testcase time="0.00300000000000011" classname="chevron_tlg_class" name="chevron_t_object_can_be_constructed_with_custom_values"/>
    <testcase time="0.00199999999999534" classname="chevron_tlg_class" name="chevron_t_object_can_be_constructed_with_custom_values"/>
    <testcase time="0.00300000000000011" classname="chevron_tlg_class" name="chevron_t_object_can_be_constructed_with_custom_values"/>
    <testcase time="0.00500000000000256" classname="chevron_tlg_class" name="chevron_t_constructor_returns_an_error_when_expected"/>
    <testcase time="0.000999999999997669" classname="chevron_tlg_class" name="chevron_t_constructor_returns_an_error_when_expected"/>
    <testcase time="0.00100000000000477" classname="chevron_tlg_class" name="chevron_t_constructor_returns_an_error_when_expected"/>
    <testcase time="0.000999999999997669" classname="chevron_tlg_class" name="chevron_t_constructor_returns_an_error_when_expected"/>
    <testcase time="0.00100000000000477" classname="chevron_tlg_class" name="chevron_t_constructor_returns_an_error_when_expected"/>
    <testcase time="0.000999999999997669" classname="chevron_tlg_class" name="chevron_t_constructor_returns_an_error_when_expected"/>
    <testcase time="0.00500000000000256" classname="chevron_tlg_class" name="chevron_l_object_can_be_constructed_with_default_values"/>
    <testcase time="0.00300000000000011" classname="chevron_tlg_class" name="chevron_l_object_can_be_constructed_with_default_values"/>
    <testcase time="0.00599999999999312" classname="chevron_tlg_class" name="chevron_g_object_can_be_constructed_with_custom_values"/>
    <testcase time="0.00200000000000244" classname="chevron_tlg_class" name="chevron_g_object_can_be_constructed_with_custom_values"/>
    <testcase time="0.00200000000000244" classname="chevron_tlg_class" name="chevron_g_object_can_be_constructed_with_custom_values"/>
    <testcase time="0.00200000000000244" classname="chevron_tlg_class" name="chevron_g_object_can_be_constructed_with_custom_values"/>
    <testcase time="0.00600000000000023" classname="chevron_tlg_class" name="chevron_g_constructor_returns_an_error_when_expected"/>
    <testcase time="0.000999999999997669" classname="chevron_tlg_class" name="chevron_g_constructor_returns_an_error_when_expected"/>
    <testcase time="0.000999999999997669" classname="chevron_tlg_class" name="chevron_g_constructor_returns_an_error_when_expected"/>
    <testcase time="0.00100000000000477" classname="chevron_tlg_class" name="chevron_g_constructor_returns_an_error_when_expected"/>
    <testcase time="0.000999999999997669" classname="chevron_tlg_class" name="chevron_g_constructor_returns_an_error_when_expected"/>
    <testcase time="0.000999999999997669" classname="chevron_tlg_class" name="chevron_g_constructor_returns_an_error_when_expected"/>
    <testcase time="0.007000000000005" classname="chevron_tlg_class" name="chevron_simple_works_correctly"/>
    <testcase time="0.000999999999997669" classname="chevron_tlg_class" name="chevron_simple_works_correctly"/>
    <testcase time="0.0100000000000051" classname="chevron_tlg_class" name="chevron_simple_errors_if_contains_return"/>
  </testsuite>
  <testsuite name="chevron_tlg-methods" timestamp="2024-12-10T14:15:31Z" hostname="5c5be27edf76" tests="59" skipped="1" failures="0" errors="0" time="9.8">
    <testcase time="1.067" classname="chevron_tlg_methods" name="run_works_as_expected_for_chevron_t_object"/>
    <testcase time="0.585999999999999" classname="chevron_tlg_methods" name="run_works_as_expected_for_chevron_t_object"/>
    <testcase time="0.594999999999999" classname="chevron_tlg_methods" name="run_works_as_expected_for_chevron_t_object_when_auto_pre_FALSE"/>
    <testcase time="0.316000000000003" classname="chevron_tlg_methods" name="run_works_as_expected_with_argument_printed"/>
    <testcase time="0.263999999999996" classname="chevron_tlg_methods" name="run_works_as_expected_with_argument_printed"/>
    <testcase time="0.431000000000004" classname="chevron_tlg_methods" name="run_works_as_expected_with_argument_printed_if_the_user_argument_is_complicated"/>
    <testcase time="0.356999999999999" classname="chevron_tlg_methods" name="run_works_as_expected_with_argument_printed_if_the_user_argument_is_complicated"/>
    <testcase time="0.415999999999997" classname="chevron_tlg_methods" name="run_uses_the_argument_passed_through_the_ellipsis_in_priority"/>
    <testcase time="0.371000000000002" classname="chevron_tlg_methods" name="run_uses_the_argument_passed_through_the_ellipsis_in_priority"/>
    <testcase time="0.304000000000002" classname="chevron_tlg_methods" name="run_works_as_expected_with_partial_match_argument"/>
    <testcase time="0.279999999999994" classname="chevron_tlg_methods" name="run_works_as_expected_with_partial_match_argument"/>
    <testcase time="0.422000000000004" classname="chevron_tlg_methods" name="run_displays_the_symbols_when_available"/>
    <testcase time="0.369" classname="chevron_tlg_methods" name="run_displays_the_symbols_when_available"/>
    <testcase time="0.284999999999997" classname="chevron_tlg_methods" name="run_print_internal_functions_when_unwrap_is_TRUE"/>
    <testcase time="0.00600000000000023" classname="chevron_tlg_methods" name="run_print_internal_functions_when_unwrap_is_TRUE"/>
    <testcase time="0.00200000000000244" classname="chevron_tlg_methods" name="run_print_internal_functions_when_unwrap_is_TRUE"/>
    <testcase time="0.0289999999999964" classname="chevron_tlg_methods" name="run_print_internal_functions_when_unwrap_is_TRUE"/>
    <testcase time="1.172" classname="chevron_tlg_methods" name="run_print_internal_functions_when_unwrap_is_TRUE_and_standard_chevron_tlg_has_no_layout"/>
    <testcase time="0.00900000000000034" classname="chevron_tlg_methods" name="run_print_internal_functions_when_unwrap_is_TRUE_and_the_chevron_tlg_object_is_customized"/>
    <testcase time="0.000999999999997669" classname="chevron_tlg_methods" name="run_print_internal_functions_when_unwrap_is_TRUE_and_the_chevron_tlg_object_is_customized"/>
    <testcase time="0.000999999999997669" classname="chevron_tlg_methods" name="run_print_internal_functions_when_unwrap_is_TRUE_and_the_chevron_tlg_object_is_customized"/>
    <testcase time="0.034000000000006" classname="chevron_tlg_methods" name="run_print_internal_functions_when_unwrap_is_TRUE_and_the_chevron_tlg_object_is_customized"/>
    <testcase time="0.00799999999999557" classname="chevron_tlg_methods" name="run_print_main_and_postprocessing_functions_when_unwrap_is_TRUE_and_auto_pre_is_FALSE"/>
    <testcase time="0.00100000000000477" classname="chevron_tlg_methods" name="run_print_main_and_postprocessing_functions_when_unwrap_is_TRUE_and_auto_pre_is_FALSE"/>
    <testcase time="0.000999999999997669" classname="chevron_tlg_methods" name="run_print_main_and_postprocessing_functions_when_unwrap_is_TRUE_and_auto_pre_is_FALSE"/>
    <testcase time="0.00100000000000477" classname="chevron_tlg_methods" name="run_print_main_and_postprocessing_functions_when_unwrap_is_TRUE_and_auto_pre_is_FALSE"/>
    <testcase time="0.0209999999999937" classname="chevron_tlg_methods" name="run_print_main_and_postprocessing_functions_when_unwrap_is_TRUE_and_auto_pre_is_FALSE"/>
    <testcase time="0.00500000000000256" classname="chevron_tlg_methods" name="args_ls_works_as_expected"/>
    <testcase time="0.000999999999997669" classname="chevron_tlg_methods" name="args_ls_works_as_expected"/>
    <testcase time="0.00100000000000477" classname="chevron_tlg_methods" name="args_ls_works_as_expected"/>
    <testcase time="0.00499999999999545" classname="chevron_tlg_methods" name="args_ls_works_as_expected_when_simplify_is_TRUE"/>
    <testcase time="0.00100000000000477" classname="chevron_tlg_methods" name="args_ls_works_as_expected_when_simplify_is_TRUE"/>
    <testcase time="0.000999999999997669" classname="chevron_tlg_methods" name="args_ls_works_as_expected_when_simplify_is_TRUE"/>
    <testcase time="0.00500000000000256" classname="chevron_tlg_methods" name="args_ls_works_as_expected_with_custom_chevron_tlg_object"/>
    <testcase time="0.000999999999997669" classname="chevron_tlg_methods" name="args_ls_works_as_expected_with_custom_chevron_tlg_object"/>
    <testcase time="0.00200000000000244" classname="chevron_tlg_methods" name="args_ls_works_as_expected_with_custom_chevron_tlg_object"/>
    <testcase time="0.00199999999999534" classname="chevron_tlg_methods" name="args_ls_works_as_expected_with_custom_chevron_tlg_object"/>
    <testcase time="0.00600000000000023" classname="chevron_tlg_methods" name="main_works_as_expected"/>
    <testcase time="0.00600000000000023" classname="chevron_tlg_methods" name="main_setter_works_as_expected"/>
    <testcase time="0.0100000000000051" classname="chevron_tlg_methods" name="main_setter_throw_an_error_as_expected"/>
    <testcase time="0.00600000000000023" classname="chevron_tlg_methods" name="preprocess_works_as_expected"/>
    <testcase time="0.00599999999999312" classname="chevron_tlg_methods" name="preprocess_setter_works_as_expected"/>
    <testcase time="0.0100000000000051" classname="chevron_tlg_methods" name="preprocess_sends_an_error_as_expected"/>
    <testcase time="0.00600000000000023" classname="chevron_tlg_methods" name="postprocess_works_as_expected"/>
    <testcase time="0.00600000000000023" classname="chevron_tlg_methods" name="postprocess_setter_works_as_expected"/>
    <testcase time="0.00999999999999801" classname="chevron_tlg_methods" name="postprocess_sends_an_error_as_expected"/>
    <testcase time="0.00399999999999778" classname="chevron_tlg_methods" name="script_funs_works_as_expected_in_interactive_mode">
      <skipped message="Reason: !interactive() is TRUE ('test-chevron_tlg-methods.R:264:3')"/>
    </testcase>
    <testcase time="0.0140000000000029" classname="chevron_tlg_methods" name="script_funs_works_as_expected"/>
    <testcase time="0.000999999999997669" classname="chevron_tlg_methods" name="script_funs_works_as_expected"/>
    <testcase time="2.237" classname="chevron_tlg_methods" name="script_funs_generates_a_valid_script"/>
    <testcase time="0.000999999999997669" classname="chevron_tlg_methods" name="script_funs_generates_a_valid_script"/>
    <testcase time="0.00200000000000244" classname="chevron_tlg_methods" name="script_funs_generates_a_valid_script"/>
    <testcase time="0.000999999999997669" classname="chevron_tlg_methods" name="script_funs_generates_a_valid_script"/>
    <testcase time="0.000999999999997669" classname="chevron_tlg_methods" name="script_funs_generates_a_valid_script"/>
    <testcase time="0.0379999999999967" classname="chevron_tlg_methods" name="script_funs_generates_a_valid_script"/>
    <testcase time="0.00600000000000023" classname="chevron_tlg_methods" name="script_funs_works_for_simple_template"/>
    <testcase time="0.00200000000000244" classname="chevron_tlg_methods" name="script_funs_works_for_simple_template"/>
    <testcase time="0.0290000000000035" classname="chevron_tlg_methods" name="print_list_works"/>
    <testcase time="0.0249999999999986" classname="chevron_tlg_methods" name="print_list_works_for_empty_list"/>
  </testsuite>
  <testsuite name="cml02a_gl" timestamp="2024-12-10T14:15:41Z" hostname="5c5be27edf76" tests="6" skipped="0" failures="0" errors="0" time="0.546">
    <testcase time="0.0279999999999987" classname="cml02a_gl" name="cml02a_gl_works_with_adcm_dataset"/>
    <testcase time="0.165999999999997" classname="cml02a_gl" name="cml02a_gl_works_with_adcm_dataset"/>
    <testcase time="0.0250000000000057" classname="cml02a_gl" name="cml02a_gl_works_with_missing_data"/>
    <testcase time="0.128999999999998" classname="cml02a_gl" name="cml02a_gl_works_with_missing_data"/>
    <testcase time="0.0229999999999961" classname="cml02a_gl" name="cml02a_gl_functions_work_as_expected"/>
    <testcase time="0.175000000000004" classname="cml02a_gl" name="cml02a_gl_functions_work_as_expected"/>
  </testsuite>
  <testsuite name="cmt01a" timestamp="2024-12-10T14:15:41Z" hostname="5c5be27edf76" tests="6" skipped="0" failures="0" errors="0" time="3.75">
    <testcase time="1.29" classname="cmt01a" name="cmt01a_functions_with_default_argument_value_return_expected_result_with_test_data"/>
    <testcase time="0.997999999999998" classname="cmt01a" name="cmt01a_functions_with_custom_argument_value_return_expected_result_with_test_data"/>
    <testcase time="0.140000000000001" classname="cmt01a" name="cmt01a_can_handle_all_NA_values"/>
    <testcase time="0.161000000000001" classname="cmt01a" name="cmt01a_can_handle_all_NA_values"/>
    <testcase time="0.578000000000003" classname="cmt01a" name="cmt01a_can_handle_some_NA_values"/>
    <testcase time="0.582999999999998" classname="cmt01a" name="cmt01a_can_handle_some_NA_values"/>
  </testsuite>
  <testsuite name="cmt02_pt" timestamp="2024-12-10T14:15:45Z" hostname="5c5be27edf76" tests="4" skipped="0" failures="0" errors="0" time="0.601">
    <testcase time="0.101999999999997" classname="cmt02_pt" name="cmt02_pt_can_handle_all_NA_values"/>
    <testcase time="0.134" classname="cmt02_pt" name="cmt02_pt_can_handle_all_NA_values"/>
    <testcase time="0.137999999999998" classname="cmt02_pt" name="cmt02_pt_can_handle_some_NA_values"/>
    <testcase time="0.227000000000004" classname="cmt02_pt" name="cmt02_pt_can_handle_some_NA_values"/>
  </testsuite>
  <testsuite name="coxt01" timestamp="2024-12-10T14:15:46Z" hostname="5c5be27edf76" tests="9" skipped="0" failures="0" errors="0" time="1.667">
    <testcase time="0.292999999999999" classname="coxt01" name="coxt01_can_handle_some_NA_values"/>
    <testcase time="0.192" classname="coxt01" name="coxt01_can_handle_some_NA_values"/>
    <testcase time="0.237000000000002" classname="coxt01" name="coxt01_can_handle_some_NA_values"/>
    <testcase time="0.187999999999995" classname="coxt01" name="coxt01_can_handle_some_NA_values"/>
    <testcase time="0.191000000000003" classname="coxt01" name="coxt01_can_handle_some_NA_values"/>
    <testcase time="0.173000000000002" classname="coxt01" name="coxt01_can_handle_some_NA_values"/>
    <testcase time="0.202999999999996" classname="coxt01" name="coxt01_can_handle_some_NA_values"/>
    <testcase time="0.176000000000002" classname="coxt01" name="coxt01_can_handle_some_NA_values"/>
    <testcase time="0.0140000000000029" classname="coxt01" name="coxt01_fails_on_incomlete_data"/>
  </testsuite>
  <testsuite name="coxt02" timestamp="2024-12-10T14:15:47Z" hostname="5c5be27edf76" tests="9" skipped="0" failures="0" errors="0" time="2.396">
    <testcase time="0.454000000000001" classname="coxt02" name="coxt02_can_handle_some_NA_values"/>
    <testcase time="0.234999999999999" classname="coxt02" name="coxt02_can_handle_some_NA_values"/>
    <testcase time="0.553999999999995" classname="coxt02" name="coxt02_can_handle_some_NA_values"/>
    <testcase time="0.228000000000002" classname="coxt02" name="coxt02_can_handle_some_NA_values"/>
    <testcase time="0.257999999999996" classname="coxt02" name="coxt02_can_handle_some_NA_values"/>
    <testcase time="0.187000000000005" classname="coxt02" name="coxt02_can_handle_some_NA_values"/>
    <testcase time="0.277999999999999" classname="coxt02" name="coxt02_can_handle_some_NA_values"/>
    <testcase time="0.186999999999998" classname="coxt02" name="coxt02_can_handle_some_NA_values"/>
    <testcase time="0.0150000000000006" classname="coxt02" name="coxt02_fails_on_incomlete_data"/>
  </testsuite>
  <testsuite name="default_tlg" timestamp="2024-12-10T14:15:50Z" hostname="5c5be27edf76" tests="15" skipped="0" failures="0" errors="0" time="11.708">
    <testcase time="0.155999999999999" classname="default_tlg" name="ael01_nollt_function_with_default_argument_value_return_expected_result_with_test_data"/>
    <testcase time="0.541000000000004" classname="default_tlg" name="aet01_function_with_default_argument_value_return_expected_result_with_test_data"/>
    <testcase time="0.480999999999995" classname="default_tlg" name="aet01_aesi_function_with_default_argument_value_return_expected_result_with_test_data"/>
    <testcase time="0.984999999999999" classname="default_tlg" name="aet02_functions_with_default_argument_value_return_expected_result_with_test_data"/>
    <testcase time="2.05700000000001" classname="default_tlg" name="aet03_functions_with_default_argument_value_return_expected_result_with_test_data"/>
    <testcase time="3.154" classname="default_tlg" name="aet04_functions_with_default_argument_value_return_expected_result_with_test_data"/>
    <testcase time="0.412999999999997" classname="default_tlg" name="aet05_functions_with_default_argument_value_return_expected_result_with_test_data"/>
    <testcase time="0.442999999999998" classname="default_tlg" name="aet05_all_functions_with_default_argument_value_return_expected_result_with_test_data"/>
    <testcase time="0.308999999999997" classname="default_tlg" name="aet10_functions_with_default_argument_value_return_expected_result_with_test_data"/>
    <testcase time="0.366" classname="default_tlg" name="cmt02_pt_functions_with_default_argument_value_return_expected_result_with_test_data"/>
    <testcase time="0.540000000000006" classname="default_tlg" name="coxt01_functions_with_default_argument_value_return_expected_result_with_test_data"/>
    <testcase time="0.805999999999997" classname="default_tlg" name="coxt02_functions_with_default_argument_value_return_expected_result_with_test_data"/>
    <testcase time="0.617999999999995" classname="default_tlg" name="dmt01_functions_with_default_argument_value_return_expected_result_with_test_data"/>
    <testcase time="0.391999999999996" classname="default_tlg" name="dst01_functions_with_default_argument_value_return_expected_result_with_test_data"/>
    <testcase time="0.447000000000003" classname="default_tlg" name="dtht01_functions_with_default_argument_value_return_expected_result_with_test_data"/>
  </testsuite>
  <testsuite name="dmt01" timestamp="2024-12-10T14:16:02Z" hostname="5c5be27edf76" tests="19" skipped="0" failures="0" errors="0" time="4.167">
    <testcase time="0.186000000000007" classname="dmt01" name="dmt01_can_handle_NA_values"/>
    <testcase time="0.308999999999997" classname="dmt01" name="dmt01_can_handle_NA_values"/>
    <testcase time="0.189999999999998" classname="dmt01" name="dmt01_can_handle_numeric_NA_values"/>
    <testcase time="0.372" classname="dmt01" name="dmt01_can_handle_numeric_NA_values"/>
    <testcase time="0.019999999999996" classname="dmt01" name="dmt01_returns_an_error_when_variables_are_of_the_wrong_type"/>
    <testcase time="0.14200000000001" classname="dmt01" name="dmt01_works_as_expected_with_setting_default_precision"/>
    <testcase time="0.304000000000002" classname="dmt01" name="dmt01_works_as_expected_with_setting_default_precision"/>
    <testcase time="0.150999999999996" classname="dmt01" name="dmt01_works_as_expected_with_auto_precision_settings"/>
    <testcase time="0.358999999999995" classname="dmt01" name="dmt01_works_as_expected_with_auto_precision_settings"/>
    <testcase time="0.150000000000006" classname="dmt01" name="dmt01_works_as_expected_with_auto_precision_settings_and_defined_precision"/>
    <testcase time="0.340999999999994" classname="dmt01" name="dmt01_works_as_expected_with_auto_precision_settings_and_defined_precision"/>
    <testcase time="0.147999999999996" classname="dmt01" name="dmt01_works_as_expected_with_auto_precision_settings_and_defined_precision_and_default"/>
    <testcase time="0.318000000000012" classname="dmt01" name="dmt01_works_as_expected_with_auto_precision_settings_and_defined_precision_and_default"/>
    <testcase time="0.143000000000001" classname="dmt01" name="dmt01_works_as_expected_with_cutomized_stats_value"/>
    <testcase time="0.269999999999996" classname="dmt01" name="dmt01_works_as_expected_with_cutomized_stats_value"/>
    <testcase time="0.168999999999997" classname="dmt01" name="dmt01_works_as_expected_with_empty_list_as_stats_value"/>
    <testcase time="0.326999999999998" classname="dmt01" name="dmt01_works_as_expected_with_empty_list_as_stats_value"/>
    <testcase time="0.085000000000008" classname="dmt01" name="dmt01_works_as_expected_with_only_one_summaryvars"/>
    <testcase time="0.182999999999993" classname="dmt01" name="dmt01_works_as_expected_with_only_one_summaryvars"/>
  </testsuite>
  <testsuite name="dst01" timestamp="2024-12-10T14:16:06Z" hostname="5c5be27edf76" tests="14" skipped="0" failures="0" errors="0" time="2.468">
    <testcase time="0.147000000000006" classname="dst01" name="dst01_works_as_expected_when_all_data_are_NA"/>
    <testcase time="0.0799999999999983" classname="dst01" name="dst01_works_as_expected_when_all_data_are_NA"/>
    <testcase time="0.116" classname="dst01" name="dst01_can_handle_all_NA_values_in_DCSREAS"/>
    <testcase time="0.146000000000001" classname="dst01" name="dst01_can_handle_all_NA_values_in_DCSREAS"/>
    <testcase time="0.159999999999997" classname="dst01" name="dst01_can_handle_some_NA_values"/>
    <testcase time="0.222999999999999" classname="dst01" name="dst01_can_handle_some_NA_values"/>
    <testcase time="0.137" classname="dst01" name="dst01_can_handle_missing_levels_in_status_var"/>
    <testcase time="0.070999999999998" classname="dst01" name="dst01_can_handle_missing_levels_in_status_var"/>
    <testcase time="0.183000000000007" classname="dst01" name="dst01_can_create_variants"/>
    <testcase time="0.215999999999994" classname="dst01" name="dst01_can_create_variants"/>
    <testcase time="0.219000000000008" classname="dst01" name="dst01_can_create_variants"/>
    <testcase time="0.239999999999995" classname="dst01" name="dst01_can_create_variants"/>
    <testcase time="0.25" classname="dst01" name="dst01_can_create_variants"/>
    <testcase time="0.280000000000001" classname="dst01" name="dst01_can_create_variants"/>
  </testsuite>
  <testsuite name="dtht01" timestamp="2024-12-10T14:16:08Z" hostname="5c5be27edf76" tests="5" skipped="0" failures="0" errors="0" time="1.416">
    <testcase time="0.0960000000000036" classname="dtht01" name="dtht01_can_handle_all_NA_values"/>
    <testcase time="0.167000000000002" classname="dtht01" name="dtht01_can_handle_all_NA_values"/>
    <testcase time="0.23599999999999" classname="dtht01" name="dtht01_can_handle_some_NA_values"/>
    <testcase time="0.338000000000008" classname="dtht01" name="dtht01_can_handle_some_NA_values"/>
    <testcase time="0.579000000000008" classname="dtht01" name="dtht01_can_be_parametrize_as_expected"/>
  </testsuite>
  <testsuite name="egt01" timestamp="2024-12-10T14:16:10Z" hostname="5c5be27edf76" tests="3" skipped="0" failures="0" errors="0" time="6.751">
    <testcase time="3.36199999999999" classname="egt01" name="egt01_functions_with_default_argument_value_return_expected_result_with_test_data"/>
    <testcase time="1.28100000000001" classname="egt01" name="egt01_can_handle_n_0_and_outputs_NE_instead_of_infs_and_NAs"/>
    <testcase time="2.10799999999999" classname="egt01" name="egt01_can_handle_n_0_and_outputs_NE_instead_of_infs_and_NAs"/>
  </testsuite>
  <testsuite name="egt02" timestamp="2024-12-10T14:16:16Z" hostname="5c5be27edf76" tests="2" skipped="0" failures="0" errors="0" time="0.683">
    <testcase time="0.351000000000013" classname="egt02" name="egt02_1_functions_with_default_argument_value_return_expected_result_with_test_data"/>
    <testcase time="0.331999999999994" classname="egt02" name="egt02_2_functions_with_default_value_return_expected_result_with_test_data"/>
  </testsuite>
  <testsuite name="egt03" timestamp="2024-12-10T14:16:17Z" hostname="5c5be27edf76" tests="5" skipped="0" failures="0" errors="0" time="3.448">
    <testcase time="1.627" classname="egt03" name="egt03_functions_with_default_argument_value_return_expected_result_with_test_data"/>
    <testcase time="0.0180000000000007" classname="egt03" name="egt03_errors_on_all_NA_values"/>
    <testcase time="0.515000000000001" classname="egt03" name="egt03_can_handle_some_NA_values"/>
    <testcase time="1.27200000000001" classname="egt03" name="egt03_can_handle_some_NA_values"/>
    <testcase time="0.0159999999999911" classname="egt03" name="egt03_fails_on_incomplete_data"/>
  </testsuite>
  <testsuite name="egt05_qtcat" timestamp="2024-12-10T14:16:20Z" hostname="5c5be27edf76" tests="4" skipped="0" failures="0" errors="0" time="3.169">
    <testcase time="2.02000000000001" classname="egt05_qtcat" name="egt05_qtcat_functions_with_default_argument_value_return_expected_result_with_test_data"/>
    <testcase time="0.0159999999999911" classname="egt05_qtcat" name="egt05_qtcat_erros_on_all_NA_values"/>
    <testcase time="0.366" classname="egt05_qtcat" name="egt05_qtcat_can_handle_some_NA_values"/>
    <testcase time="0.76700000000001" classname="egt05_qtcat" name="egt05_qtcat_can_handle_some_NA_values"/>
  </testsuite>
  <testsuite name="empty_report" timestamp="2024-12-10T14:16:24Z" hostname="5c5be27edf76" tests="25" skipped="0" failures="0" errors="0" time="2.698">
    <testcase time="0.0989999999999895" classname="empty_report" name="tlg_functions_return_null_reports_when_domain_table_is_empty"/>
    <testcase time="0.25200000000001" classname="empty_report" name="tlg_functions_return_null_reports_when_domain_table_is_empty"/>
    <testcase time="0.188999999999993" classname="empty_report" name="tlg_functions_return_null_reports_when_domain_table_is_empty"/>
    <testcase time="0.0990000000000038" classname="empty_report" name="tlg_functions_return_null_reports_when_domain_table_is_empty"/>
    <testcase time="0.105000000000004" classname="empty_report" name="tlg_functions_return_null_reports_when_domain_table_is_empty"/>
    <testcase time="0.0720000000000027" classname="empty_report" name="tlg_functions_return_null_reports_when_domain_table_is_empty"/>
    <testcase time="0.090999999999994" classname="empty_report" name="tlg_functions_return_null_reports_when_domain_table_is_empty"/>
    <testcase time="0.146000000000001" classname="empty_report" name="tlg_functions_return_null_reports_when_domain_table_is_empty"/>
    <testcase time="0.168999999999997" classname="empty_report" name="tlg_functions_return_null_reports_when_domain_table_is_empty"/>
    <testcase time="0.0880000000000081" classname="empty_report" name="tlg_functions_return_null_reports_when_domain_table_is_empty"/>
    <testcase time="0.10199999999999" classname="empty_report" name="tlg_functions_return_null_reports_when_domain_table_is_empty"/>
    <testcase time="0.0499999999999972" classname="empty_report" name="tlg_functions_return_null_reports_when_domain_table_is_empty"/>
    <testcase time="0.0490000000000066" classname="empty_report" name="tlg_functions_return_null_reports_when_domain_table_is_empty"/>
    <testcase time="0.0739999999999981" classname="empty_report" name="tlg_functions_return_null_reports_when_domain_table_is_empty"/>
    <testcase time="0.0679999999999978" classname="empty_report" name="tlg_functions_return_null_reports_when_domain_table_is_empty"/>
    <testcase time="0.0840000000000032" classname="empty_report" name="tlg_functions_return_null_reports_when_domain_table_is_empty"/>
    <testcase time="0.078000000000003" classname="empty_report" name="tlg_functions_return_null_reports_when_domain_table_is_empty"/>
    <testcase time="0.102999999999994" classname="empty_report" name="tlg_functions_return_null_reports_when_domain_table_is_empty"/>
    <testcase time="0.307000000000002" classname="empty_report" name="tlg_functions_return_null_reports_when_domain_table_is_empty"/>
    <testcase time="0.097999999999999" classname="empty_report" name="tlg_functions_return_null_reports_when_domain_table_is_empty"/>
    <testcase time="0.100999999999999" classname="empty_report" name="tlg_functions_return_null_reports_when_domain_table_is_empty"/>
    <testcase time="0.0630000000000024" classname="empty_report" name="tlg_functions_return_null_reports_when_domain_table_is_empty"/>
    <testcase time="0.103999999999999" classname="empty_report" name="tlg_functions_return_null_reports_when_domain_table_is_empty"/>
    <testcase time="0.0510000000000019" classname="empty_report" name="tlg_functions_return_null_reports_when_domain_table_is_empty"/>
    <testcase time="0.0559999999999974" classname="empty_report" name="tlg_functions_return_null_reports_when_domain_table_is_empty"/>
  </testsuite>
  <testsuite name="ext01" timestamp="2024-12-10T14:16:26Z" hostname="5c5be27edf76" tests="10" skipped="0" failures="0" errors="0" time="5.145">
    <testcase time="0.515000000000001" classname="ext01" name="ext01_functions_with_default_argument_value_return_expected_result_with_test_data"/>
    <testcase time="0.546000000000006" classname="ext01" name="ext01_functions_with_categorical_data_return_expected_result_with_test_data"/>
    <testcase time="0.177999999999997" classname="ext01" name="ext01_works"/>
    <testcase time="0.320999999999998" classname="ext01" name="ext01_works"/>
    <testcase time="0.173000000000002" classname="ext01" name="ext01_works"/>
    <testcase time="0.332999999999998" classname="ext01" name="ext01_works"/>
    <testcase time="0.549000000000007" classname="ext01" name="ext01_works_for_selected_parameters_and_categorical_variables"/>
    <testcase time="0.839999999999989" classname="ext01" name="ext01_works_with_custom_mapping_order"/>
    <testcase time="0.831000000000003" classname="ext01" name="ext01_works_with_custom_mapping_order_for_a_single_split"/>
    <testcase time="0.858999999999995" classname="ext01" name="ext01_works_with_custom_mapping_fill_in_value"/>
  </testsuite>
  <testsuite name="fstg01" timestamp="2024-12-10T14:16:31Z" hostname="5c5be27edf76" tests="13" skipped="0" failures="0" errors="0" time="7">
    <testcase time="0.0130000000000052" classname="fstg01" name="fstg01_works_as_expected"/>
    <testcase time="1.31" classname="fstg01" name="fstg01_works_as_expected"/>
    <testcase time="0.00300000000000011" classname="fstg01" name="fstg01_works_as_expected"/>
    <testcase time="1.32299999999999" classname="fstg01" name="fstg01_works_as_expected_with_custom_color_set"/>
    <testcase time="0.00300000000000011" classname="fstg01" name="fstg01_works_as_expected_with_custom_color_set"/>
    <testcase time="1.292" classname="fstg01" name="fstg01_works_as_expected_with_custom_color_set"/>
    <testcase time="0.00300000000000011" classname="fstg01" name="fstg01_works_as_expected_with_custom_color_set"/>
    <testcase time="0.665000000000006" classname="fstg01" name="fstg01_works_if_changes_are_in_subgroups_conf_level_and_label_all"/>
    <testcase time="0.00300000000000011" classname="fstg01" name="fstg01_works_if_changes_are_in_subgroups_conf_level_and_label_all"/>
    <testcase time="0.902999999999992" classname="fstg01" name="fstg01_works_if_changes_are_in_subgroups_conf_level_and_label_all"/>
    <testcase time="0.00300000000000011" classname="fstg01" name="fstg01_works_if_changes_are_in_subgroups_conf_level_and_label_all"/>
    <testcase time="1.476" classname="fstg01" name="fstg01_can_handle_some_NA_values_in_subgroups"/>
    <testcase time="0.00300000000000011" classname="fstg01" name="fstg01_can_handle_some_NA_values_in_subgroups"/>
  </testsuite>
  <testsuite name="fstg02" timestamp="2024-12-10T14:16:38Z" hostname="5c5be27edf76" tests="9" skipped="0" failures="0" errors="0" time="8.487">
    <testcase time="0.0130000000000052" classname="fstg02" name="fstg02_works_as_expected"/>
    <testcase time="1.137" classname="fstg02" name="fstg02_works_as_expected"/>
    <testcase time="1.142" classname="fstg02" name="fstg02_works_as_expected_with_custom_color_set"/>
    <testcase time="1.18000000000001" classname="fstg02" name="fstg02_works_as_expected_with_custom_color_set"/>
    <testcase time="0.561999999999998" classname="fstg02" name="fstg02_works_if_changes_are_in_subgroups_strata_var_conf_level_and_label_all"/>
    <testcase time="0.790999999999997" classname="fstg02" name="fstg02_works_if_changes_are_in_subgroups_strata_var_conf_level_and_label_all"/>
    <testcase time="1.20700000000001" classname="fstg02" name="fstg02_can_handle_some_NA_values_in_subgroups"/>
    <testcase time="1.223" classname="fstg02" name="fstg02_can_handle_customized_time_units"/>
    <testcase time="1.232" classname="fstg02" name="fstg02_can_handle_customized_time_units"/>
  </testsuite>
  <testsuite name="kmg01" timestamp="2024-12-10T14:16:47Z" hostname="5c5be27edf76" tests="13" skipped="0" failures="0" errors="0" time="2.192">
    <testcase time="0.0120000000000005" classname="kmg01" name="kmg01_works_as_expected"/>
    <testcase time="0.381" classname="kmg01" name="kmg01_works_as_expected"/>
    <testcase time="0.00300000000000011" classname="kmg01" name="kmg01_works_as_expected"/>
    <testcase time="0.390000000000001" classname="kmg01" name="kmg01_works_as_expected_with_custom_color_set"/>
    <testcase time="0.00399999999999068" classname="kmg01" name="kmg01_works_as_expected_with_custom_color_set"/>
    <testcase time="0.372" classname="kmg01" name="kmg01_works_as_expected_with_custom_color_set"/>
    <testcase time="0.00300000000000011" classname="kmg01" name="kmg01_works_as_expected_with_custom_color_set"/>
    <testcase time="0.375" classname="kmg01" name="kmg01_works_if_change_pvalue_ties_and_conf_level"/>
    <testcase time="0.00300000000000011" classname="kmg01" name="kmg01_works_if_change_pvalue_ties_and_conf_level"/>
    <testcase time="0.394000000000005" classname="kmg01" name="kmg01_works_if_change_annotation_position"/>
    <testcase time="0.00300000000000011" classname="kmg01" name="kmg01_works_if_change_annotation_position"/>
    <testcase time="0.248999999999995" classname="kmg01" name="kmg01_works_for_stratified_analysis"/>
    <testcase time="0.00300000000000011" classname="kmg01" name="kmg01_works_for_stratified_analysis"/>
  </testsuite>
  <testsuite name="lbt01" timestamp="2024-12-10T14:16:49Z" hostname="5c5be27edf76" tests="4" skipped="0" failures="0" errors="0" time="9.754">
    <testcase time="3.375" classname="lbt01" name="lbt01_functions_with_default_argument_value_return_expected_result_with_test_data"/>
    <testcase time="3.51000000000001" classname="lbt01" name="lbt01_functions_with_row_split_var_return_expected_result_with_test_data"/>
    <testcase time="0.909000000000006" classname="lbt01" name="lbt01_can_handle_n_0_and_outputs_NE_instead_of_infs_and_NAs"/>
    <testcase time="1.96000000000001" classname="lbt01" name="lbt01_can_handle_n_0_and_outputs_NE_instead_of_infs_and_NAs"/>
  </testsuite>
  <testsuite name="lbt04" timestamp="2024-12-10T14:16:59Z" hostname="5c5be27edf76" tests="8" skipped="0" failures="0" errors="0" time="2.865">
    <testcase time="0.890999999999991" classname="lbt04" name="lbt04_functions_with_default_argument_value_return_expected_result_with_test_data"/>
    <testcase time="0.0829999999999984" classname="lbt04" name="lbt04_can_handle_all_NA_values"/>
    <testcase time="0.0699999999999932" classname="lbt04" name="lbt04_can_handle_all_NA_values"/>
    <testcase time="0.301000000000016" classname="lbt04" name="lbt04_can_handle_missing_levels"/>
    <testcase time="0.60899999999998" classname="lbt04" name="lbt04_can_handle_missing_levels"/>
    <testcase time="0.288000000000011" classname="lbt04" name="lbt04_can_handle_some_NA_values"/>
    <testcase time="0.606999999999999" classname="lbt04" name="lbt04_can_handle_some_NA_values"/>
    <testcase time="0.0159999999999911" classname="lbt04" name="lbt04_fails_on_incomlete_data"/>
  </testsuite>
  <testsuite name="lbt05" timestamp="2024-12-10T14:17:02Z" hostname="5c5be27edf76" tests="6" skipped="0" failures="0" errors="0" time="1.905">
    <testcase time="0.662000000000006" classname="lbt05" name="lbt05_functions_with_default_argument_value_return_expected_result_with_test_data"/>
    <testcase time="0.262" classname="lbt05" name="lbt05_functions_with_default_argument_value_return_expected_result_with_test_data"/>
    <testcase time="0.292000000000002" classname="lbt05" name="lbt05_give_all_0_count_if_ANRIND_are_all_missing"/>
    <testcase time="0.274000000000001" classname="lbt05" name="lbt05_can_handle_some_NA_values"/>
    <testcase time="0.376000000000005" classname="lbt05" name="lbt05_can_handle_some_NA_values"/>
    <testcase time="0.0389999999999873" classname="lbt05" name="lbt05_fails_on_incomlete_data"/>
  </testsuite>
  <testsuite name="lbt06" timestamp="2024-12-10T14:17:04Z" hostname="5c5be27edf76" tests="3" skipped="0" failures="0" errors="0" time="3.607">
    <testcase time="0.938999999999993" classname="lbt06" name="lbt06_gives_all_0_count_if_ANRIND_and_BNRIND_are_all_missing"/>
    <testcase time="2.637" classname="lbt06" name="lbt06_can_handle_some_NA_values"/>
    <testcase time="0.0310000000000059" classname="lbt06" name="lbt06_fails_on_incomplete_data"/>
  </testsuite>
  <testsuite name="lbt07" timestamp="2024-12-10T14:17:07Z" hostname="5c5be27edf76" tests="4" skipped="0" failures="0" errors="0" time="1.571">
    <testcase time="0.787000000000006" classname="lbt07" name="lbt07_functions_with_default_argument_value_return_expected_result_with_test_data"/>
    <testcase time="0.358000000000004" classname="lbt07" name="lbt07_can_handle_some_NA_values"/>
    <testcase time="0.394999999999982" classname="lbt07" name="lbt07_can_handle_some_NA_values"/>
    <testcase time="0.0310000000000059" classname="lbt07" name="lbt07_fails_on_incomlete_data"/>
  </testsuite>
  <testsuite name="lbt14" timestamp="2024-12-10T14:17:09Z" hostname="5c5be27edf76" tests="20" skipped="0" failures="0" errors="0" time="7.61">
    <testcase time="0.637" classname="lbt14" name="lbt14_functions_with_default_argument_value_return_expected_result_with_test_data"/>
    <testcase time="0.474000000000018" classname="lbt14" name="lbt14_functions_with_default_argument_value_return_expected_result_with_test_data_when_direction_high"/>
    <testcase time="0.560999999999979" classname="lbt14" name="lbt14_functions_with_gr_missing_excl_return_expected_result_with_test_data"/>
    <testcase time="0.592000000000013" classname="lbt14" name="lbt14_functions_with_gr_missing_gr_0_return_expected_result_with_test_data"/>
    <testcase time="0.358000000000004" classname="lbt14" name="lbt14_can_handle_all_NA_values"/>
    <testcase time="0.127999999999986" classname="lbt14" name="lbt14_can_handle_all_NA_values"/>
    <testcase time="0.40900000000002" classname="lbt14" name="lbt14_can_handle_some_NA_values"/>
    <testcase time="0.311999999999983" classname="lbt14" name="lbt14_can_handle_some_NA_values"/>
    <testcase time="1.261" classname="lbt14" name="lbt14_can_accept_different_gr_missing"/>
    <testcase time="0.254000000000019" classname="lbt14" name="lbt14_can_accept_different_gr_missing"/>
    <testcase time="0.260999999999996" classname="lbt14" name="lbt14_can_accept_different_gr_missing"/>
    <testcase time="0.0169999999999959" classname="lbt14" name="lbt14_fails_on_incomlete_data"/>
    <testcase time="0.346000000000004" classname="lbt14" name="lbt14_can_handle_all_NA_values_with_direction_high"/>
    <testcase time="0.139999999999986" classname="lbt14" name="lbt14_can_handle_all_NA_values_with_direction_high"/>
    <testcase time="0.354000000000013" classname="lbt14" name="lbt14_can_handle_some_NA_values_with_direction_high"/>
    <testcase time="0.175999999999988" classname="lbt14" name="lbt14_can_handle_some_NA_values_with_direction_high"/>
    <testcase time="1.047" classname="lbt14" name="lbt14_can_accept_different_gr_missing_with_direction_high"/>
    <testcase time="0.140000000000015" classname="lbt14" name="lbt14_can_accept_different_gr_missing_with_direction_high"/>
    <testcase time="0.126000000000005" classname="lbt14" name="lbt14_can_accept_different_gr_missing_with_direction_high"/>
    <testcase time="0.0169999999999959" classname="lbt14" name="lbt14_fails_on_incomlete_data"/>
  </testsuite>
  <testsuite name="lbt15" timestamp="2024-12-10T14:17:16Z" hostname="5c5be27edf76" tests="12" skipped="0" failures="0" errors="0" time="5.765">
    <testcase time="0.957999999999998" classname="lbt15" name="lbt15_functions_with_default_argument_value_return_expected_result_with_test_data"/>
    <testcase time="0.299000000000007" classname="lbt15" name="lbt15_can_handle_all_NA_values"/>
    <testcase time="0.637" classname="lbt15" name="lbt15_can_handle_all_NA_values"/>
    <testcase time="0.322999999999979" classname="lbt15" name="lbt15_can_handle_missing_levels"/>
    <testcase time="0.629000000000019" classname="lbt15" name="lbt15_can_handle_missing_levels"/>
    <testcase time="0.294999999999987" classname="lbt15" name="lbt15_can_handle_missing_levels_in_baseline"/>
    <testcase time="0.658000000000015" classname="lbt15" name="lbt15_can_handle_missing_levels_in_baseline"/>
    <testcase time="0.311999999999983" classname="lbt15" name="lbt15_can_handle_some_NA_values"/>
    <testcase time="0.665999999999997" classname="lbt15" name="lbt15_can_handle_some_NA_values"/>
    <testcase time="0.328000000000003" classname="lbt15" name="lbt15_can_handle_some_NA_values_in_baseline"/>
    <testcase time="0.64500000000001" classname="lbt15" name="lbt15_can_handle_some_NA_values_in_baseline"/>
    <testcase time="0.0149999999999864" classname="lbt15" name="lbt15_fails_on_incomlete_data"/>
  </testsuite>
  <testsuite name="mht01" timestamp="2024-12-10T14:17:22Z" hostname="5c5be27edf76" tests="4" skipped="0" failures="0" errors="0" time="3.153">
    <testcase time="0.673000000000002" classname="mht01" name="mht01_functions_with_default_argument_value_return_expected_result_with_test_data"/>
    <testcase time="0.643000000000001" classname="mht01" name="mht01_works"/>
    <testcase time="0.657000000000011" classname="mht01" name="mht01_works_on_NULL_in_lbl_mhbodsys_or_lbl_mhdecod"/>
    <testcase time="1.18000000000001" classname="mht01" name="mht01_works_with_other_row_split_var"/>
  </testsuite>
  <testsuite name="mng01" timestamp="2024-12-10T14:17:25Z" hostname="5c5be27edf76" tests="19" skipped="8" failures="0" errors="0" time="8.264">
    <testcase time="0.905000000000001" classname="mng01" name="mng01_works_as_expected_with_default_argument_values"/>
    <testcase time="0.000999999999976353" classname="mng01" name="mng01_works_as_expected_with_default_argument_values">
      <skipped message="Reason: On CI ('test-mng01.R:9:5')"/>
    </testcase>
    <testcase time="1.126" classname="mng01" name="mng01_works_as_expected_with_custom_argument_values"/>
    <testcase time="0.0109999999999957" classname="mng01" name="mng01_works_as_expected_with_custom_argument_values"/>
    <testcase time="0.00100000000000477" classname="mng01" name="mng01_works_as_expected_with_custom_argument_values">
      <skipped message="Reason: On CI ('test-mng01.R:45:5')"/>
    </testcase>
    <testcase time="0.858000000000004" classname="mng01" name="mng01_works_as_expected_with_custom_color_set"/>
    <testcase time="0.848000000000013" classname="mng01" name="mng01_works_as_expected_with_custom_color_set"/>
    <testcase time="0.000999999999976353" classname="mng01" name="mng01_works_as_expected_with_custom_color_set">
      <skipped message="Reason: On CI ('test-mng01.R:69:5')"/>
    </testcase>
    <testcase time="0.880000000000024" classname="mng01" name="mng01_works_as_expected_with_custom_line_type_set"/>
    <testcase time="0.875" classname="mng01" name="mng01_works_as_expected_with_custom_line_type_set"/>
    <testcase time="0.000999999999976353" classname="mng01" name="mng01_works_as_expected_with_custom_line_type_set">
      <skipped message="Reason: On CI ('test-mng01.R:91:5')"/>
    </testcase>
    <testcase time="0.137" classname="mng01" name="mng01_works_with_table_NULL"/>
    <testcase time="0.00100000000000477" classname="mng01" name="mng01_works_with_table_NULL">
      <skipped message="Reason: On CI ('test-mng01.R:104:5')"/>
    </testcase>
    <testcase time="0.861000000000018" classname="mng01" name="mng01_works_with_combination_of_x_variables"/>
    <testcase time="0.00199999999998113" classname="mng01" name="mng01_works_with_combination_of_x_variables">
      <skipped message="Reason: On CI ('test-mng01.R:122:5')"/>
    </testcase>
    <testcase time="0.831999999999994" classname="mng01" name="mng01_works_with_numeric_x_variable"/>
    <testcase time="0.00100000000000477" classname="mng01" name="mng01_works_with_numeric_x_variable">
      <skipped message="Reason: On CI ('test-mng01.R:143:5')"/>
    </testcase>
    <testcase time="0.921999999999997" classname="mng01" name="mng01_works_with_numeric_jitter"/>
    <testcase time="0.00100000000000477" classname="mng01" name="mng01_works_with_numeric_jitter">
      <skipped message="Reason: On CI ('test-mng01.R:161:5')"/>
    </testcase>
  </testsuite>
  <testsuite name="pdt01" timestamp="2024-12-10T14:17:34Z" hostname="5c5be27edf76" tests="5" skipped="0" failures="0" errors="0" time="1.109">
    <testcase time="0.420000000000016" classname="pdt01" name="pdt01_function_with_default_argument_value_return_expected_result_with_test_data"/>
    <testcase time="0.113" classname="pdt01" name="pdt01_can_handle_all_NA_values"/>
    <testcase time="0.141999999999996" classname="pdt01" name="pdt01_can_handle_all_NA_values"/>
    <testcase time="0.197000000000003" classname="pdt01" name="pdt01_can_handle_some_NA_values"/>
    <testcase time="0.236999999999995" classname="pdt01" name="pdt01_can_handle_some_NA_values"/>
  </testsuite>
  <testsuite name="pdt02" timestamp="2024-12-10T14:17:35Z" hostname="5c5be27edf76" tests="5" skipped="0" failures="0" errors="0" time="0.889">
    <testcase time="0.294999999999987" classname="pdt02" name="pdt02_function_with_default_argument_value_return_expected_result_with_test_data"/>
    <testcase time="0.129999999999995" classname="pdt02" name="pdt02_can_handle_all_NA_values"/>
    <testcase time="0.171000000000021" classname="pdt02" name="pdt02_can_handle_all_NA_values"/>
    <testcase time="0.128999999999991" classname="pdt02" name="pdt02_can_handle_some_NA_values"/>
    <testcase time="0.164000000000016" classname="pdt02" name="pdt02_can_handle_some_NA_values"/>
  </testsuite>
  <testsuite name="reexports" timestamp="2024-12-10T14:17:36Z" hostname="5c5be27edf76" tests="2" skipped="0" failures="0" errors="0" time="0.014">
    <testcase time="0.00799999999998136" classname="reexports" name="with_label_exported_correctly"/>
    <testcase time="0.00600000000000023" classname="reexports" name="reformat_exported_correctly"/>
  </testsuite>
  <testsuite name="report_null" timestamp="2024-12-10T14:17:36Z" hostname="5c5be27edf76" tests="12" skipped="0" failures="0" errors="0" time="0.159">
    <testcase time="0.0150000000000148" classname="report_null" name="report_null_works_as_expected_with_NULL_"/>
    <testcase time="0.0169999999999959" classname="report_null" name="report_null_works_as_expected_with_NULL_"/>
    <testcase time="0.032999999999987" classname="report_null" name="report_null_works_as_expected_with_VTableTree_"/>
    <testcase time="0.021000000000015" classname="report_null" name="report_null_works_as_expected_with_VTableTree_"/>
    <testcase time="0.00999999999999091" classname="report_null" name="report_null_works_as_expected_with_VTableTree_"/>
    <testcase time="0.00800000000000978" classname="report_null" name="report_null_works_as_expected_with_listing_df_"/>
    <testcase time="0.00999999999999091" classname="report_null" name="report_null_works_as_expected_with_listing_df_"/>
    <testcase time="0.00999999999999091" classname="report_null" name="report_null_works_as_expected_with_listing_df_"/>
    <testcase time="0.00800000000000978" classname="report_null" name="report_null_works_as_expected_with_list_"/>
    <testcase time="0.0190000000000055" classname="report_null" name="report_null_works_as_expected_with_list_"/>
    <testcase time="0.00499999999999545" classname="report_null" name="report_null_works_as_expected_with_by_default"/>
    <testcase time="0.0029999999999859" classname="report_null" name="report_null_works_as_expected_with_by_default"/>
  </testsuite>
  <testsuite name="rmpt01" timestamp="2024-12-10T14:17:36Z" hostname="5c5be27edf76" tests="11" skipped="0" failures="0" errors="0" time="1.344">
    <testcase time="0.196000000000026" classname="rmpt01" name="rmpt01_function_with_default_argument_value_return_expected_result_with_test_data"/>
    <testcase time="0.0569999999999879" classname="rmpt01" name="rmpt01_can_handle_NA_values"/>
    <testcase time="0.12299999999999" classname="rmpt01" name="rmpt01_can_handle_NA_values"/>
    <testcase time="0.12700000000001" classname="rmpt01" name="rmpt01_can_handle_NA_values"/>
    <testcase time="0.23599999999999" classname="rmpt01" name="rmpt01_can_handle_NA_values"/>
    <testcase time="0.0600000000000023" classname="rmpt01" name="rmpt01_can_handle_some_NA_values"/>
    <testcase time="0.134000000000015" classname="rmpt01" name="rmpt01_can_handle_some_NA_values"/>
    <testcase time="0.11699999999999" classname="rmpt01" name="rmpt01_can_handle_some_NA_values"/>
    <testcase time="0.234999999999985" classname="rmpt01" name="rmpt01_can_handle_some_NA_values"/>
    <testcase time="0.0330000000000155" classname="rmpt01" name="rmpt01_fails_on_incomlete_data"/>
    <testcase time="0.0260000000000105" classname="rmpt01" name="rmpt01_fails_on_incomlete_data"/>
  </testsuite>
  <testsuite name="rmpt03" timestamp="2024-12-10T14:17:37Z" hostname="5c5be27edf76" tests="12" skipped="0" failures="0" errors="0" time="2.006">
    <testcase time="0.332999999999998" classname="rmpt03" name="rmpt03_function_with_default_argument_value_return_expected_result_with_test_data"/>
    <testcase time="0.107999999999976" classname="rmpt03" name="rmpt03_can_handle_NA_values"/>
    <testcase time="0.207999999999998" classname="rmpt03" name="rmpt03_can_handle_NA_values"/>
    <testcase time="0.184000000000026" classname="rmpt03" name="rmpt03_can_handle_NA_values"/>
    <testcase time="0.282999999999987" classname="rmpt03" name="rmpt03_can_handle_NA_values"/>
    <testcase time="0.108000000000004" classname="rmpt03" name="rmpt03_can_handle_some_NA_values"/>
    <testcase time="0.222999999999985" classname="rmpt03" name="rmpt03_can_handle_some_NA_values"/>
    <testcase time="0.192000000000007" classname="rmpt03" name="rmpt03_can_handle_some_NA_values"/>
    <testcase time="0.289999999999992" classname="rmpt03" name="rmpt03_can_handle_some_NA_values"/>
    <testcase time="0.0340000000000202" classname="rmpt03" name="rmpt03_fails_on_incomlete_data"/>
    <testcase time="0.0269999999999868" classname="rmpt03" name="rmpt03_fails_on_incomlete_data"/>
    <testcase time="0.0159999999999911" classname="rmpt03" name="rmpt03_fails_on_incomlete_data"/>
  </testsuite>
  <testsuite name="rmpt04" timestamp="2024-12-10T14:17:39Z" hostname="5c5be27edf76" tests="10" skipped="0" failures="0" errors="0" time="0.976">
    <testcase time="0.187000000000012" classname="rmpt04" name="rmpt04_function_with_default_argument_value_return_expected_result_with_test_data"/>
    <testcase time="0.0550000000000068" classname="rmpt04" name="rmpt04_can_handle_NA_values"/>
    <testcase time="0.114999999999981" classname="rmpt04" name="rmpt04_can_handle_NA_values"/>
    <testcase time="0.0690000000000168" classname="rmpt04" name="rmpt04_can_handle_NA_values"/>
    <testcase time="0.114999999999981" classname="rmpt04" name="rmpt04_can_handle_NA_values"/>
    <testcase time="0.0550000000000068" classname="rmpt04" name="rmpt04_can_handle_some_NA_values"/>
    <testcase time="0.129000000000019" classname="rmpt04" name="rmpt04_can_handle_some_NA_values"/>
    <testcase time="0.0559999999999832" classname="rmpt04" name="rmpt04_can_handle_some_NA_values"/>
    <testcase time="0.131" classname="rmpt04" name="rmpt04_can_handle_some_NA_values"/>
    <testcase time="0.063999999999993" classname="rmpt04" name="rmpt04_fails_on_incomlete_data"/>
  </testsuite>
  <testsuite name="rmpt05" timestamp="2024-12-10T14:17:40Z" hostname="5c5be27edf76" tests="10" skipped="0" failures="0" errors="0" time="1.032">
    <testcase time="0.183000000000021" classname="rmpt05" name="rmpt05_function_with_default_argument_value_return_expected_result_with_test_data"/>
    <testcase time="0.0739999999999839" classname="rmpt05" name="rmpt05_can_handle_NA_values"/>
    <testcase time="0.123000000000019" classname="rmpt05" name="rmpt05_can_handle_NA_values"/>
    <testcase time="0.0549999999999784" classname="rmpt05" name="rmpt05_can_handle_NA_values"/>
    <testcase time="0.138000000000005" classname="rmpt05" name="rmpt05_can_handle_NA_values"/>
    <testcase time="0.0600000000000023" classname="rmpt05" name="rmpt05_can_handle_some_NA_values"/>
    <testcase time="0.137" classname="rmpt05" name="rmpt05_can_handle_some_NA_values"/>
    <testcase time="0.0589999999999975" classname="rmpt05" name="rmpt05_can_handle_some_NA_values"/>
    <testcase time="0.13300000000001" classname="rmpt05" name="rmpt05_can_handle_some_NA_values"/>
    <testcase time="0.0699999999999932" classname="rmpt05" name="rmpt05_fails_on_incomlete_data"/>
  </testsuite>
  <testsuite name="rmpt06" timestamp="2024-12-10T14:17:41Z" hostname="5c5be27edf76" tests="6" skipped="0" failures="0" errors="0" time="1.991">
    <testcase time="0.550999999999988" classname="rmpt06" name="rmpt06_works_as_expected"/>
    <testcase time="0.582999999999998" classname="rmpt06" name="rmpt06_works_as_expected_with_show_diff_TRUE"/>
    <testcase time="0.226000000000028" classname="rmpt06" name="rmpt06_can_handle_all_NA_values"/>
    <testcase time="0.280999999999977" classname="rmpt06" name="rmpt06_can_handle_all_NA_values"/>
    <testcase time="0.219000000000023" classname="rmpt06" name="rmpt06_can_handle_all_NA_values"/>
    <testcase time="0.131" classname="rmpt06" name="rmpt06_can_handle_all_NA_values"/>
  </testsuite>
  <testsuite name="rspt01" timestamp="2024-12-10T14:17:43Z" hostname="5c5be27edf76" tests="27" skipped="0" failures="0" errors="0" time="7.38">
    <testcase time="0.0149999999999864" classname="rspt01" name="rspt01_works_as_expected"/>
    <testcase time="0.322000000000003" classname="rspt01" name="rspt01_works_as_expected"/>
    <testcase time="0.25" classname="rspt01" name="rspt01_works_as_expected"/>
    <testcase time="0.318999999999988" classname="rspt01" name="rspt01_works_as_expected_for_stratified_and_unstratified_analysis"/>
    <testcase time="0.280000000000001" classname="rspt01" name="rspt01_works_as_expected_for_stratified_and_unstratified_analysis"/>
    <testcase time="0.332999999999998" classname="rspt01" name="rspt01_works_as_expected_for_stratified_and_unstratified_analysis"/>
    <testcase time="0.299000000000007" classname="rspt01" name="rspt01_works_as_expected_for_stratified_and_unstratified_analysis"/>
    <testcase time="0.247000000000014" classname="rspt01" name="rspt01_works_as_expected_for_unstratified_analysis_only"/>
    <testcase time="0.24199999999999" classname="rspt01" name="rspt01_works_as_expected_for_unstratified_analysis_only"/>
    <testcase time="0.262" classname="rspt01" name="rspt01_works_as_expected_for_unstratified_analysis_only"/>
    <testcase time="0.25" classname="rspt01" name="rspt01_works_as_expected_for_unstratified_analysis_only"/>
    <testcase time="0.246999999999986" classname="rspt01" name="rspt01_works_as_expected_for_stratified_analysis_only"/>
    <testcase time="0.241000000000014" classname="rspt01" name="rspt01_works_as_expected_for_stratified_analysis_only"/>
    <testcase time="0.268000000000001" classname="rspt01" name="rspt01_works_as_expected_for_stratified_analysis_only"/>
    <testcase time="0.254999999999995" classname="rspt01" name="rspt01_works_as_expected_for_stratified_analysis_only"/>
    <testcase time="0.272999999999996" classname="rspt01" name="rspt01_works_if_change_reference_group"/>
    <testcase time="0.25200000000001" classname="rspt01" name="rspt01_works_if_change_reference_group"/>
    <testcase time="0.349999999999994" classname="rspt01" name="rspt01_works_if_change_reference_group"/>
    <testcase time="0.301999999999992" classname="rspt01" name="rspt01_works_if_change_reference_group"/>
    <testcase time="0.268000000000001" classname="rspt01" name="rspt01_works_if_change_statistic_methods"/>
    <testcase time="0.253000000000014" classname="rspt01" name="rspt01_works_if_change_statistic_methods"/>
    <testcase time="0.332999999999998" classname="rspt01" name="rspt01_works_if_change_statistic_methods"/>
    <testcase time="0.347000000000008" classname="rspt01" name="rspt01_works_if_change_statistic_methods"/>
    <testcase time="0.274999999999977" classname="rspt01" name="rspt01_works_if_change_confidence_interval"/>
    <testcase time="0.254000000000019" classname="rspt01" name="rspt01_works_if_change_confidence_interval"/>
    <testcase time="0.338999999999999" classname="rspt01" name="rspt01_works_if_change_confidence_interval"/>
    <testcase time="0.304000000000002" classname="rspt01" name="rspt01_works_if_change_confidence_interval"/>
  </testsuite>
  <testsuite name="ttet01" timestamp="2024-12-10T14:17:51Z" hostname="5c5be27edf76" tests="15" skipped="0" failures="0" errors="0" time="5.327">
    <testcase time="0.0169999999999959" classname="ttet01" name="ttet01_works_as_expected"/>
    <testcase time="0.412000000000006" classname="ttet01" name="ttet01_works_as_expected"/>
    <testcase time="0.48599999999999" classname="ttet01" name="ttet01_works_as_expected"/>
    <testcase time="0.316000000000003" classname="ttet01" name="ttet01_works_as_expected_for_stratified_and_unstratified_analysis"/>
    <testcase time="0.334000000000003" classname="ttet01" name="ttet01_works_as_expected_for_stratified_and_unstratified_analysis"/>
    <testcase time="0.408999999999992" classname="ttet01" name="ttet01_works_as_expected_for_stratified_and_unstratified_analysis"/>
    <testcase time="0.430999999999983" classname="ttet01" name="ttet01_works_as_expected_for_stratified_and_unstratified_analysis"/>
    <testcase time="0.322000000000003" classname="ttet01" name="ttet01_works_as_expected_for_stratified_analysis_only"/>
    <testcase time="0.336000000000013" classname="ttet01" name="ttet01_works_as_expected_for_stratified_analysis_only"/>
    <testcase time="0.367999999999995" classname="ttet01" name="ttet01_works_as_expected_for_stratified_analysis_only"/>
    <testcase time="0.376000000000005" classname="ttet01" name="ttet01_works_as_expected_for_stratified_analysis_only"/>
    <testcase time="0.312999999999988" classname="ttet01" name="ttet01_works_if_change_reference_group"/>
    <testcase time="0.376000000000005" classname="ttet01" name="ttet01_works_if_change_reference_group"/>
    <testcase time="0.397999999999996" classname="ttet01" name="ttet01_works_if_change_reference_group"/>
    <testcase time="0.433000000000021" classname="ttet01" name="ttet01_works_if_change_reference_group"/>
  </testsuite>
  <testsuite name="unwrap" timestamp="2024-12-10T14:17:56Z" hostname="5c5be27edf76" tests="12" skipped="0" failures="0" errors="0" time="0.154">
    <testcase time="0.0129999999999768" classname="unwrap" name="unwrap_layout_works_as_expected_with_standard_chevron_t_main_function"/>
    <testcase time="0.00100000000000477" classname="unwrap" name="unwrap_layout_works_as_expected_with_standard_chevron_t_main_function"/>
    <testcase time="0.00200000000000955" classname="unwrap" name="unwrap_layout_works_as_expected_with_standard_chevron_t_main_function"/>
    <testcase time="0.0240000000000009" classname="unwrap" name="unwrap_layout_works_as_expected_with_standard_chevron_t_main_function"/>
    <testcase time="0.0120000000000005" classname="unwrap" name="unwrap_layout_works_as_expected_with_standard_chevron_g_main_function"/>
    <testcase time="0.007000000000005" classname="unwrap" name="unwrap_layout_works_as_expected_with_standard_chevron_l_main_function"/>
    <testcase time="0.00600000000000023" classname="unwrap" name="unwrap_layout_works_as_expected_with_a_custom_function_without_layout_function"/>
    <testcase time="0.0289999999999964" classname="unwrap" name="unwrap_layout_works_as_expected_with_a_custom_function_with_layout_function"/>
    <testcase time="0.00100000000000477" classname="unwrap" name="unwrap_layout_works_as_expected_with_a_custom_function_with_layout_function"/>
    <testcase time="0.0300000000000011" classname="unwrap" name="unwrap_layout_works_as_expected_with_multiple_layout_function"/>
    <testcase time="0.0279999999999916" classname="unwrap" name="unwrap_layout_works_as_expected_on_custom_function_with_overwritten_layout_function"/>
    <testcase time="0.00100000000000477" classname="unwrap" name="unwrap_layout_works_as_expected_on_custom_function_with_overwritten_layout_function"/>
  </testsuite>
  <testsuite name="utils" timestamp="2024-12-10T14:17:56Z" hostname="5c5be27edf76" tests="81" skipped="0" failures="0" errors="0" time="2.515">
    <testcase time="0.00899999999998613" classname="utils" name="h_format_dec_works_as_exected"/>
    <testcase time="0.00200000000000955" classname="utils" name="h_format_dec_works_as_exected"/>
    <testcase time="0.007000000000005" classname="utils" name="h_format_dec_works_as_exected"/>
    <testcase time="0.00399999999999068" classname="utils" name="h_format_dec_works_as_exected"/>
    <testcase time="0.00200000000000955" classname="utils" name="h_format_dec_works_as_exected"/>
    <testcase time="0.00399999999999068" classname="utils" name="h_format_dec_works_as_exected"/>
    <testcase time="0.00200000000000955" classname="utils" name="h_format_dec_works_as_exected"/>
    <testcase time="0.0029999999999859" classname="utils" name="h_format_dec_works_as_exected"/>
    <testcase time="0.00200000000000955" classname="utils" name="h_format_dec_works_as_exected"/>
    <testcase time="0.00399999999999068" classname="utils" name="h_format_dec_works_as_exected"/>
    <testcase time="0.00200000000000955" classname="utils" name="h_format_dec_works_as_exected"/>
    <testcase time="0.0029999999999859" classname="utils" name="h_format_dec_works_as_exected"/>
    <testcase time="0.00800000000000978" classname="utils" name="h_format_dec_works_as_expected_with_more_than_one_value"/>
    <testcase time="0.00399999999999068" classname="utils" name="h_format_dec_works_as_expected_with_more_than_one_value"/>
    <testcase time="0.007000000000005" classname="utils" name="h_format_dec_works_as_expected_with_NA_digits"/>
    <testcase time="0.00600000000000023" classname="utils" name="fuse_sequentially_works"/>
    <testcase time="0.0029999999999859" classname="utils" name="fuse_sequentially_works"/>
    <testcase time="0.0120000000000005" classname="utils" name="ifneeded_split_row_works_as_expected"/>
    <testcase time="0.00600000000000023" classname="utils" name="ifneeded_split_row_works_as_expected"/>
    <testcase time="0.078000000000003" classname="utils" name="_unnamed_"/>
    <testcase time="0.0670000000000073" classname="utils" name="_unnamed_"/>
    <testcase time="0.063999999999993" classname="utils" name="_unnamed_"/>
    <testcase time="0.0680000000000121" classname="utils" name="_unnamed_"/>
    <testcase time="0.00399999999999068" classname="utils" name="droplevels.character_works_as_expected"/>
    <testcase time="0.0040000000000191" classname="utils" name="droplevels.character_works_as_expected"/>
    <testcase time="0.00499999999999545" classname="utils" name="lvls.character_works_as_expected"/>
    <testcase time="0.0029999999999859" classname="utils" name="lvls.character_works_as_expected"/>
    <testcase time="0.00499999999999545" classname="utils" name="lvls.factor_works_as_expected"/>
    <testcase time="0.00300000000001432" classname="utils" name="lvls.factor_works_as_expected"/>
    <testcase time="0.00499999999999545" classname="utils" name="lvls.default_works_as_expected"/>
    <testcase time="0.00300000000001432" classname="utils" name="lvls.default_works_as_expected"/>
    <testcase time="0.00399999999999068" classname="utils" name="quote_str_works_as_expected"/>
    <testcase time="0.0029999999999859" classname="utils" name="quote_str_works_as_expected"/>
    <testcase time="0.00499999999999545" classname="utils" name="quote_str_works_as_expected"/>
    <testcase time="0.00500000000002387" classname="utils" name="modify_default_args_works_as_expected"/>
    <testcase time="0.00199999999998113" classname="utils" name="modify_default_args_works_as_expected"/>
    <testcase time="0.00499999999999545" classname="utils" name="execute_with_args_works_as_expected"/>
    <testcase time="0.00300000000001432" classname="utils" name="execute_with_args_works_as_expected"/>
    <testcase time="0.00200000000000955" classname="utils" name="execute_with_args_works_as_expected"/>
    <testcase time="0.00199999999998113" classname="utils" name="execute_with_args_works_as_expected"/>
    <testcase time="0.00200000000000955" classname="utils" name="execute_with_args_works_as_expected"/>
    <testcase time="0.0029999999999859" classname="utils" name="execute_with_args_works_as_expected"/>
    <testcase time="0.00200000000000955" classname="utils" name="execute_with_args_works_as_expected"/>
    <testcase time="0.00200000000000955" classname="utils" name="execute_with_args_works_as_expected"/>
    <testcase time="0.00199999999998113" classname="utils" name="execute_with_args_works_as_expected"/>
    <testcase time="0.00300000000001432" classname="utils" name="execute_with_args_works_as_expected"/>
    <testcase time="0.00200000000000955" classname="utils" name="execute_with_args_works_as_expected"/>
    <testcase time="0.00199999999998113" classname="utils" name="execute_with_args_works_as_expected"/>
    <testcase time="0.00499999999999545" classname="utils" name="do_call_work_as_expected"/>
    <testcase time="0.00300000000001432" classname="utils" name="do_call_work_as_expected"/>
    <testcase time="0.00800000000000978" classname="utils" name="do_call_errors_as_expected"/>
    <testcase time="0.00600000000000023" classname="utils" name="do_call_errors_as_expected"/>
    <testcase time="0.00499999999999545" classname="utils" name="convert_to_month_work_as_expected"/>
    <testcase time="0.0029999999999859" classname="utils" name="convert_to_month_work_as_expected"/>
    <testcase time="0.00200000000000955" classname="utils" name="convert_to_month_work_as_expected"/>
    <testcase time="0.0029999999999859" classname="utils" name="convert_to_month_work_as_expected"/>
    <testcase time="0.00200000000000955" classname="utils" name="convert_to_month_work_as_expected"/>
    <testcase time="0.00300000000001432" classname="utils" name="convert_to_month_work_as_expected"/>
    <testcase time="0.00899999999998613" classname="utils" name="convert_to_month_warning_messages_as_expected"/>
    <testcase time="0.00999999999999091" classname="utils" name="gg_theme_chevron_works_as_expected"/>
    <testcase time="0.00100000000000477" classname="utils" name="gg_theme_chevron_works_as_expected"/>
    <testcase time="0.00200000000000955" classname="utils" name="gg_theme_chevron_works_as_expected"/>
    <testcase time="0.00399999999999068" classname="utils" name="gg_theme_chevron_works_as_expected"/>
    <testcase time="0.00200000000000955" classname="utils" name="gg_theme_chevron_works_as_expected"/>
    <testcase time="0.00100000000000477" classname="utils" name="gg_theme_chevron_works_as_expected"/>
    <testcase time="0.00600000000000023" classname="utils" name="modify_character_works"/>
    <testcase time="0.0029999999999859" classname="utils" name="modify_character_works"/>
    <testcase time="0.00600000000000023" classname="utils" name="expand_list_works"/>
    <testcase time="0.00300000000001432" classname="utils" name="expand_list_works"/>
    <testcase time="0.00499999999999545" classname="utils" name="set_section_div_works"/>
    <testcase time="0.00499999999999545" classname="utils" name="set_section_div_works"/>
    <testcase time="0.00399999999999068" classname="utils" name="set_section_div_works"/>
    <testcase time="0.00300000000001432" classname="utils" name="set_section_div_works"/>
    <testcase time="0.007000000000005" classname="utils" name="get_section_div_works"/>
    <testcase time="0.0029999999999859" classname="utils" name="get_section_div_works"/>
    <testcase time="0.971000000000004" classname="utils" name="grob_list_is_deprecated"/>
    <testcase time="0.961000000000013" classname="utils" name="gg_list_is_deprecated"/>
    <testcase time="0.00699999999997658" classname="utils" name="format_date_works_as_expected_for_POSIXct"/>
    <testcase time="0.0040000000000191" classname="utils" name="format_date_works_as_expected_for_POSIXct"/>
    <testcase time="0.00600000000000023" classname="utils" name="format_date_works_as_expected_for_Date"/>
    <testcase time="0.00399999999999068" classname="utils" name="format_date_works_as_expected_for_Date"/>
  </testsuite>
  <testsuite name="vst01" timestamp="2024-12-10T14:17:59Z" hostname="5c5be27edf76" tests="3" skipped="0" failures="0" errors="0" time="4.807">
    <testcase time="2.619" classname="vst01" name="vst01_functions_with_default_argument_value_return_expected_result_with_test_data"/>
    <testcase time="0.717999999999989" classname="vst01" name="run_vst01_works_as_expected"/>
    <testcase time="1.47" classname="vst01" name="run_vst01_works_as_expected"/>
  </testsuite>
  <testsuite name="vst02" timestamp="2024-12-10T14:18:03Z" hostname="5c5be27edf76" tests="2" skipped="0" failures="0" errors="0" time="0.905">
    <testcase time="0.454000000000008" classname="vst02" name="vst02_functions_with_default_argument_value_return_expected_result_with_test_data"/>
    <testcase time="0.450999999999993" classname="vst02" name="vst02_functions_return_expected_result_with_test_data_when_excluding_subject_with_baseline_abnormality"/>
  </testsuite>
</testsuites>
