<?xml version="1.0" encoding="UTF-8"?>
<testsuites>
  <testsuite name="ael01_nollt" timestamp="2025-04-07T07:21:16Z" hostname="2894c9a401bc" tests="14" skipped="0" failures="0" errors="0" time="1.182">
    <testcase time="0.0620000000000003" classname="ael01_nollt" name="ael01_nollt_works_with_admh_dataset"/>
    <testcase time="0.26" classname="ael01_nollt" name="ael01_nollt_works_with_admh_dataset"/>
    <testcase time="0.0310000000000001" classname="ael01_nollt" name="ael01_nollt_works_with_non_default_label"/>
    <testcase time="0.218" classname="ael01_nollt" name="ael01_nollt_works_with_non_default_label"/>
    <testcase time="0.032" classname="ael01_nollt" name="ael01_nollt_can_handle_all_missing_values"/>
    <testcase time="0.081" classname="ael01_nollt" name="ael01_nollt_can_handle_all_missing_values"/>
    <testcase time="0.028" classname="ael01_nollt" name="ael01_nollt_can_handle_some_missing_values"/>
    <testcase time="0.134" classname="ael01_nollt" name="ael01_nollt_can_handle_some_missing_values"/>
    <testcase time="0.024" classname="ael01_nollt" name="ael01_nollt_listing_can_be_split_by_an_additional_variable"/>
    <testcase time="0.00099999999999989" classname="ael01_nollt" name="ael01_nollt_listing_can_be_split_by_an_additional_variable"/>
    <testcase time="0.169" classname="ael01_nollt" name="ael01_nollt_listing_can_be_split_by_an_additional_variable"/>
    <testcase time="0.0220000000000002" classname="ael01_nollt" name="split_ael01_nollt_listing_do_not_display_missing_values"/>
    <testcase time="0.00199999999999978" classname="ael01_nollt" name="split_ael01_nollt_listing_do_not_display_missing_values"/>
    <testcase time="0.118" classname="ael01_nollt" name="split_ael01_nollt_listing_do_not_display_missing_values"/>
  </testsuite>
  <testsuite name="ael02" timestamp="2025-04-07T07:21:17Z" hostname="2894c9a401bc" tests="9" skipped="0" failures="0" errors="0" time="2.727">
    <testcase time="0.0620000000000003" classname="ael02" name="ael02_works_with_adae_dataset"/>
    <testcase time="0.00099999999999989" classname="ael02" name="ael02_works_with_adae_dataset"/>
    <testcase time="0.841" classname="ael02" name="ael02_works_with_adae_dataset"/>
    <testcase time="0.04" classname="ael02" name="ael02_can_handle_all_missing_values"/>
    <testcase time="0.00200000000000067" classname="ael02" name="ael02_can_handle_all_missing_values"/>
    <testcase time="0.888" classname="ael02" name="ael02_can_handle_all_missing_values"/>
    <testcase time="0.04" classname="ael02" name="ael02_functions_work_as_expected"/>
    <testcase time="0.000999999999999446" classname="ael02" name="ael02_functions_work_as_expected"/>
    <testcase time="0.852" classname="ael02" name="ael02_functions_work_as_expected"/>
  </testsuite>
  <testsuite name="ael03" timestamp="2025-04-07T07:21:20Z" hostname="2894c9a401bc" tests="9" skipped="0" failures="0" errors="0" time="2.798">
    <testcase time="0.0590000000000002" classname="ael03" name="ael03_works_with_adae_dataset"/>
    <testcase time="0.000999999999999446" classname="ael03" name="ael03_works_with_adae_dataset"/>
    <testcase time="0.888" classname="ael03" name="ael03_works_with_adae_dataset"/>
    <testcase time="0.0430000000000001" classname="ael03" name="ael03_can_handle_all_missing_values"/>
    <testcase time="0.00100000000000033" classname="ael03" name="ael03_can_handle_all_missing_values"/>
    <testcase time="0.906" classname="ael03" name="ael03_can_handle_all_missing_values"/>
    <testcase time="0.0410000000000004" classname="ael03" name="ael03_functions_work_as_expected"/>
    <testcase time="0.000999999999999446" classname="ael03" name="ael03_functions_work_as_expected"/>
    <testcase time="0.858" classname="ael03" name="ael03_functions_work_as_expected"/>
  </testsuite>
  <testsuite name="aet01" timestamp="2025-04-07T07:21:23Z" hostname="2894c9a401bc" tests="13" skipped="0" failures="0" errors="0" time="3.343">
    <testcase time="0.391" classname="aet01" name="aet01_can_handle_all_NA_values"/>
    <testcase time="0.277000000000001" classname="aet01" name="aet01_can_handle_all_NA_values"/>
    <testcase time="0.283999999999999" classname="aet01" name="aet01_can_handle_all_NA_values"/>
    <testcase time="0.224" classname="aet01" name="aet01_can_handle_all_NA_values"/>
    <testcase time="0.267000000000001" classname="aet01" name="aet01_can_handle_some_NA_values"/>
    <testcase time="0.279" classname="aet01" name="aet01_can_handle_some_NA_values"/>
    <testcase time="0.206999999999999" classname="aet01" name="aet01_can_use_custom_anl_vars"/>
    <testcase time="0.350000000000001" classname="aet01" name="aet01_can_use_custom_anl_vars"/>
    <testcase time="0.0589999999999993" classname="aet01" name="aet01_fails_on_incomplete_data_input"/>
    <testcase time="0.288" classname="aet01" name="aet01_can_use_custom_medconcept_var"/>
    <testcase time="0.282" classname="aet01" name="aet01_can_use_custom_medconcept_var"/>
    <testcase time="0.186" classname="aet01" name="aet01_can_conditionally_show_the_number_of_withdrawal"/>
    <testcase time="0.249000000000001" classname="aet01" name="aet01_can_conditionally_show_the_number_of_withdrawal"/>
  </testsuite>
  <testsuite name="aet01_aesi" timestamp="2025-04-07T07:21:26Z" hostname="2894c9a401bc" tests="9" skipped="0" failures="0" errors="0" time="2.008">
    <testcase time="0.219999999999999" classname="aet01_aesi" name="aet01_aesi_can_handle_all_NA_values"/>
    <testcase time="0.249000000000001" classname="aet01_aesi" name="aet01_aesi_can_handle_all_NA_values"/>
    <testcase time="0.185" classname="aet01_aesi" name="aet01_aesi_can_handle_all_NA_values"/>
    <testcase time="0.212" classname="aet01_aesi" name="aet01_aesi_can_handle_all_NA_values"/>
    <testcase time="0.19" classname="aet01_aesi" name="aet01_aesi_can_handle_some_NA_values"/>
    <testcase time="0.254" classname="aet01_aesi" name="aet01_aesi_can_handle_some_NA_values"/>
    <testcase time="0.261000000000001" classname="aet01_aesi" name="aet01_aesi_works_with_ALL_argument"/>
    <testcase time="0.383999999999999" classname="aet01_aesi" name="aet01_aesi_works_with_ALL_argument"/>
    <testcase time="0.0530000000000008" classname="aet01_aesi" name="aet01_aesi_check_fails_on_incomplete_data_input"/>
  </testsuite>
  <testsuite name="aet02" timestamp="2025-04-07T07:21:28Z" hostname="2894c9a401bc" tests="4" skipped="0" failures="0" errors="0" time="2.418">
    <testcase time="0.0500000000000007" classname="aet02" name="aet02_fails_on_incomplete_data_input"/>
    <testcase time="0.122999999999999" classname="aet02" name="aet02_handle_empty_data_input"/>
    <testcase time="1.486" classname="aet02" name="aet02_can_have_different_levels_of_row_split"/>
    <testcase time="0.759" classname="aet02" name="aet02_can_have_different_levels_of_row_split"/>
  </testsuite>
  <testsuite name="aet03" timestamp="2025-04-07T07:21:30Z" hostname="2894c9a401bc" tests="4" skipped="0" failures="0" errors="0" time="2.534">
    <testcase time="0.271000000000001" classname="aet03" name="aet03_can_handle_NA_values"/>
    <testcase time="0.254999999999999" classname="aet03" name="aet03_can_handle_NA_values"/>
    <testcase time="1.287" classname="aet03" name="aet03_can_handle_some_NA_values"/>
    <testcase time="0.721" classname="aet03" name="aet03_can_handle_some_NA_values"/>
  </testsuite>
  <testsuite name="aet04" timestamp="2025-04-07T07:21:33Z" hostname="2894c9a401bc" tests="12" skipped="0" failures="0" errors="0" time="11.342">
    <testcase time="0.417999999999999" classname="aet04" name="aet04_can_handle_NA_values"/>
    <testcase time="0.411000000000001" classname="aet04" name="aet04_can_handle_NA_values"/>
    <testcase time="0.411999999999999" classname="aet04" name="aet04_can_handle_NA_values"/>
    <testcase time="0.00400000000000134" classname="aet04" name="aet04_can_handle_NA_values"/>
    <testcase time="0.408999999999999" classname="aet04" name="aet04_can_handle_NA_values"/>
    <testcase time="0.414000000000001" classname="aet04" name="aet04_can_handle_NA_values"/>
    <testcase time="2.297" classname="aet04" name="aet04_can_handle_some_NA_values"/>
    <testcase time="1.132" classname="aet04" name="aet04_can_handle_some_NA_values"/>
    <testcase time="2.281" classname="aet04" name="aet04_can_handle_some_NA_values"/>
    <testcase time="0.00500000000000256" classname="aet04" name="aet04_can_handle_some_NA_values"/>
    <testcase time="2.316" classname="aet04" name="aet04_can_handle_some_NA_values"/>
    <testcase time="1.243" classname="aet04" name="aet04_can_handle_some_NA_values"/>
  </testsuite>
  <testsuite name="aet05" timestamp="2025-04-07T07:21:44Z" hostname="2894c9a401bc" tests="6" skipped="0" failures="0" errors="0" time="1.285">
    <testcase time="0.169" classname="aet05" name="aet05_can_handle_NA_values"/>
    <testcase time="0.25" classname="aet05" name="aet05_can_handle_NA_values"/>
    <testcase time="0.146000000000001" classname="aet05" name="aet05_can_handle_some_NA_values"/>
    <testcase time="0.289000000000001" classname="aet05" name="aet05_can_handle_some_NA_values"/>
    <testcase time="0.134999999999998" classname="aet05" name="aet05_can_handle_some_NA_values"/>
    <testcase time="0.295999999999999" classname="aet05" name="aet05_can_handle_some_NA_values"/>
  </testsuite>
  <testsuite name="aet05_all" timestamp="2025-04-07T07:21:46Z" hostname="2894c9a401bc" tests="6" skipped="0" failures="0" errors="0" time="1.277">
    <testcase time="0.157" classname="aet05_all" name="aet05_all_can_handle_NA_values"/>
    <testcase time="0.251000000000001" classname="aet05_all" name="aet05_all_can_handle_NA_values"/>
    <testcase time="0.155999999999999" classname="aet05_all" name="aet05_all_can_handle_some_NA_values"/>
    <testcase time="0.274999999999999" classname="aet05_all" name="aet05_all_can_handle_some_NA_values"/>
    <testcase time="0.149000000000001" classname="aet05_all" name="aet05_all_can_handle_some_NA_values"/>
    <testcase time="0.289000000000001" classname="aet05_all" name="aet05_all_can_handle_some_NA_values"/>
  </testsuite>
  <testsuite name="aet10" timestamp="2025-04-07T07:21:47Z" hostname="2894c9a401bc" tests="4" skipped="0" failures="0" errors="0" time="0.539">
    <testcase time="0.0720000000000027" classname="aet10" name="aet10_can_handle_NA_values"/>
    <testcase time="0.126999999999995" classname="aet10" name="aet10_can_handle_NA_values"/>
    <testcase time="0.100000000000001" classname="aet10" name="aet10_can_handle_some_NA_values"/>
    <testcase time="0.240000000000002" classname="aet10" name="aet10_can_handle_some_NA_values"/>
  </testsuite>
  <testsuite name="assertions" timestamp="2025-04-07T07:21:47Z" hostname="2894c9a401bc" tests="33" skipped="0" failures="0" errors="0" time="0.153">
    <testcase time="0.00900000000000034" classname="assertions" name="assert_valid_var.character_works_as_expected"/>
    <testcase time="0.00499999999999545" classname="assertions" name="assert_valid_var.character_works_as_expected"/>
    <testcase time="0.00500000000000256" classname="assertions" name="assert_valid_var.character_works_as_expected"/>
    <testcase time="0.00399999999999778" classname="assertions" name="assert_valid_var.character_works_as_expected"/>
    <testcase time="0.00200000000000244" classname="assertions" name="assert_valid_var.character_works_as_expected"/>
    <testcase time="0.00500000000000256" classname="assertions" name="assert_valid_var.factor_works_as_expected"/>
    <testcase time="0.00399999999999778" classname="assertions" name="assert_valid_var.factor_works_as_expected"/>
    <testcase time="0.00500000000000256" classname="assertions" name="assert_valid_var.factor_works_as_expected"/>
    <testcase time="0.00399999999999778" classname="assertions" name="assert_valid_var.factor_works_as_expected"/>
    <testcase time="0.00200000000000244" classname="assertions" name="assert_valid_var.factor_works_as_expected"/>
    <testcase time="0.00499999999999545" classname="assertions" name="assert_valid_var.logical_works_as_expected"/>
    <testcase time="0.00500000000000256" classname="assertions" name="assert_valid_var.logical_works_as_expected"/>
    <testcase time="0.00399999999999778" classname="assertions" name="assert_valid_var.logical_works_as_expected"/>
    <testcase time="0.00200000000000244" classname="assertions" name="assert_valid_var.logical_works_as_expected"/>
    <testcase time="0.00399999999999778" classname="assertions" name="assert_valid_var.numeric_works_as_expected"/>
    <testcase time="0.00500000000000256" classname="assertions" name="assert_valid_var.numeric_works_as_expected"/>
    <testcase time="0.00399999999999778" classname="assertions" name="assert_valid_var.numeric_works_as_expected"/>
    <testcase time="0.00200000000000244" classname="assertions" name="assert_valid_var.numeric_works_as_expected"/>
    <testcase time="0.00499999999999545" classname="assertions" name="assert_valid_var.numeric_works_as_expected"/>
    <testcase time="0.00100000000000477" classname="assertions" name="assert_valid_var.numeric_works_as_expected"/>
    <testcase time="0.00900000000000034" classname="assertions" name="assert_valid_var.POSIXct_works_as_expected"/>
    <testcase time="0.00900000000000034" classname="assertions" name="assert_valid_var.POSIXct_works_as_expected"/>
    <testcase time="0.00499999999999545" classname="assertions" name="assert_valid_variable_works_as_expected"/>
    <testcase time="0.00200000000000244" classname="assertions" name="assert_valid_variable_works_as_expected"/>
    <testcase time="0.0069999999999979" classname="assertions" name="assert_valid_variable_works_as_expected"/>
    <testcase time="0.00200000000000244" classname="assertions" name="assert_valid_variable_works_as_expected"/>
    <testcase time="0.0069999999999979" classname="assertions" name="assert_valid_variable_works_as_expected"/>
    <testcase time="0.00200000000000244" classname="assertions" name="assert_valid_variable_works_as_expected"/>
    <testcase time="0.00500000000000256" classname="assertions" name="assert_valid_var_pair_works_as_expected_with_character"/>
    <testcase time="0.00599999999999312" classname="assertions" name="assert_valid_var_pair_works_as_expected_with_character"/>
    <testcase time="0.00600000000000023" classname="assertions" name="assert_valid_var_pair_works_as_expected_with_factor"/>
    <testcase time="0.00600000000000023" classname="assertions" name="assert_valid_var_pair_works_as_expected_with_factor"/>
    <testcase time="0.00500000000000256" classname="assertions" name="assert_valid_var_pair_works_as_expected_with_factor"/>
  </testsuite>
  <testsuite name="cfbt01" timestamp="2025-04-07T07:21:48Z" hostname="2894c9a401bc" tests="3" skipped="0" failures="0" errors="0" time="8.946">
    <testcase time="6.673" classname="cfbt01" name="cfbt01_functions_with_default_argument_value_return_expected_result_with_test_data"/>
    <testcase time="0.756" classname="cfbt01" name="cfbt01_can_handle_n_0_and_outputs_NE_instead_of_infs_and_NAs"/>
    <testcase time="1.517" classname="cfbt01" name="cfbt01_can_handle_n_0_and_outputs_NE_instead_of_infs_and_NAs"/>
  </testsuite>
  <testsuite name="checks" timestamp="2025-04-07T07:21:56Z" hostname="2894c9a401bc" tests="8" skipped="0" failures="0" errors="0" time="0.027">
    <testcase time="0.00900000000000034" classname="checks" name="check_all_colnames_works_as_expected"/>
    <testcase time="0.00200000000000244" classname="checks" name="check_all_colnames_works_as_expected"/>
    <testcase time="0.00200000000000244" classname="checks" name="check_all_colnames_works_as_expected"/>
    <testcase time="0.00199999999999534" classname="checks" name="check_all_colnames_works_as_expected"/>
    <testcase time="0.00500000000000256" classname="checks" name="check_one_colnames_works_as_expected"/>
    <testcase time="0.00200000000000244" classname="checks" name="check_one_colnames_works_as_expected"/>
    <testcase time="0.00199999999999534" classname="checks" name="check_one_colnames_works_as_expected"/>
    <testcase time="0.00300000000000011" classname="checks" name="check_one_colnames_works_as_expected"/>
  </testsuite>
  <testsuite name="chevron_tlg-class" timestamp="2025-04-07T07:21:57Z" hostname="2894c9a401bc" tests="29" skipped="0" failures="0" errors="0" time="0.099">
    <testcase time="0.00800000000000267" classname="chevron_tlg_class" name="chevron_t_object_can_be_constructed_with_default_values"/>
    <testcase time="0.00300000000000011" classname="chevron_tlg_class" name="chevron_t_object_can_be_constructed_with_default_values"/>
    <testcase time="0.00600000000000023" classname="chevron_tlg_class" name="chevron_t_object_can_be_constructed_with_custom_values"/>
    <testcase time="0.00300000000000011" classname="chevron_tlg_class" name="chevron_t_object_can_be_constructed_with_custom_values"/>
    <testcase time="0.00199999999999534" classname="chevron_tlg_class" name="chevron_t_object_can_be_constructed_with_custom_values"/>
    <testcase time="0.00300000000000011" classname="chevron_tlg_class" name="chevron_t_object_can_be_constructed_with_custom_values"/>
    <testcase time="0.00500000000000256" classname="chevron_tlg_class" name="chevron_t_constructor_returns_an_error_when_expected"/>
    <testcase time="0.000999999999997669" classname="chevron_tlg_class" name="chevron_t_constructor_returns_an_error_when_expected"/>
    <testcase time="0.00200000000000244" classname="chevron_tlg_class" name="chevron_t_constructor_returns_an_error_when_expected"/>
    <testcase time="0.000999999999997669" classname="chevron_tlg_class" name="chevron_t_constructor_returns_an_error_when_expected"/>
    <testcase time="0.00100000000000477" classname="chevron_tlg_class" name="chevron_t_constructor_returns_an_error_when_expected"/>
    <testcase time="0.000999999999997669" classname="chevron_tlg_class" name="chevron_t_constructor_returns_an_error_when_expected"/>
    <testcase time="0.000999999999997669" classname="chevron_tlg_class" name="chevron_t_constructor_returns_an_error_when_expected"/>
    <testcase time="0.0100000000000051" classname="chevron_tlg_class" name="chevron_l_object_can_be_constructed_with_default_values"/>
    <testcase time="0.00499999999999545" classname="chevron_tlg_class" name="chevron_l_object_can_be_constructed_with_default_values"/>
    <testcase time="0.00800000000000267" classname="chevron_tlg_class" name="chevron_g_object_can_be_constructed_with_custom_values"/>
    <testcase time="0.00300000000000011" classname="chevron_tlg_class" name="chevron_g_object_can_be_constructed_with_custom_values"/>
    <testcase time="0.00200000000000244" classname="chevron_tlg_class" name="chevron_g_object_can_be_constructed_with_custom_values"/>
    <testcase time="0.00300000000000011" classname="chevron_tlg_class" name="chevron_g_object_can_be_constructed_with_custom_values"/>
    <testcase time="0.00499999999999545" classname="chevron_tlg_class" name="chevron_g_constructor_returns_an_error_when_expected"/>
    <testcase time="0.00200000000000244" classname="chevron_tlg_class" name="chevron_g_constructor_returns_an_error_when_expected"/>
    <testcase time="0.000999999999997669" classname="chevron_tlg_class" name="chevron_g_constructor_returns_an_error_when_expected"/>
    <testcase time="0.000999999999997669" classname="chevron_tlg_class" name="chevron_g_constructor_returns_an_error_when_expected"/>
    <testcase time="0.00100000000000477" classname="chevron_tlg_class" name="chevron_g_constructor_returns_an_error_when_expected"/>
    <testcase time="0.000999999999997669" classname="chevron_tlg_class" name="chevron_g_constructor_returns_an_error_when_expected"/>
    <testcase time="0.000999999999997669" classname="chevron_tlg_class" name="chevron_g_constructor_returns_an_error_when_expected"/>
    <testcase time="0.007000000000005" classname="chevron_tlg_class" name="chevron_simple_works_correctly"/>
    <testcase time="0.00199999999999534" classname="chevron_tlg_class" name="chevron_simple_works_correctly"/>
    <testcase time="0.0100000000000051" classname="chevron_tlg_class" name="chevron_simple_errors_if_contains_return"/>
  </testsuite>
  <testsuite name="chevron_tlg-methods" timestamp="2025-04-07T07:21:57Z" hostname="2894c9a401bc" tests="62" skipped="1" failures="0" errors="0" time="9.772">
    <testcase time="1.032" classname="chevron_tlg_methods" name="run_works_as_expected_for_chevron_t_object"/>
    <testcase time="0.576999999999998" classname="chevron_tlg_methods" name="run_works_as_expected_for_chevron_t_object"/>
    <testcase time="0.622" classname="chevron_tlg_methods" name="run_works_as_expected_for_chevron_t_object_when_auto_pre_FALSE"/>
    <testcase time="0.300000000000004" classname="chevron_tlg_methods" name="run_works_as_expected_with_argument_printed"/>
    <testcase time="0.274999999999999" classname="chevron_tlg_methods" name="run_works_as_expected_with_argument_printed"/>
    <testcase time="0.417999999999999" classname="chevron_tlg_methods" name="run_works_as_expected_with_argument_printed_if_the_user_argument_is_complicated"/>
    <testcase time="0.361000000000004" classname="chevron_tlg_methods" name="run_works_as_expected_with_argument_printed_if_the_user_argument_is_complicated"/>
    <testcase time="0.407999999999994" classname="chevron_tlg_methods" name="run_uses_the_argument_passed_through_the_ellipsis_in_priority"/>
    <testcase time="0.369" classname="chevron_tlg_methods" name="run_uses_the_argument_passed_through_the_ellipsis_in_priority"/>
    <testcase time="0.305" classname="chevron_tlg_methods" name="run_works_as_expected_with_partial_match_argument"/>
    <testcase time="0.278000000000006" classname="chevron_tlg_methods" name="run_works_as_expected_with_partial_match_argument"/>
    <testcase time="0.403999999999996" classname="chevron_tlg_methods" name="run_displays_the_symbols_when_available"/>
    <testcase time="0.367000000000004" classname="chevron_tlg_methods" name="run_displays_the_symbols_when_available"/>
    <testcase time="0.302" classname="chevron_tlg_methods" name="run_print_internal_functions_when_unwrap_is_TRUE"/>
    <testcase time="0.00199999999999534" classname="chevron_tlg_methods" name="run_print_internal_functions_when_unwrap_is_TRUE"/>
    <testcase time="0.00100000000000477" classname="chevron_tlg_methods" name="run_print_internal_functions_when_unwrap_is_TRUE"/>
    <testcase time="0.0229999999999961" classname="chevron_tlg_methods" name="run_print_internal_functions_when_unwrap_is_TRUE"/>
    <testcase time="1.182" classname="chevron_tlg_methods" name="run_print_internal_functions_when_unwrap_is_TRUE_and_standard_chevron_tlg_has_no_layout"/>
    <testcase time="0.00900000000000034" classname="chevron_tlg_methods" name="run_print_internal_functions_when_unwrap_is_TRUE_and_the_chevron_tlg_object_is_customized"/>
    <testcase time="0.000999999999997669" classname="chevron_tlg_methods" name="run_print_internal_functions_when_unwrap_is_TRUE_and_the_chevron_tlg_object_is_customized"/>
    <testcase time="0.000999999999997669" classname="chevron_tlg_methods" name="run_print_internal_functions_when_unwrap_is_TRUE_and_the_chevron_tlg_object_is_customized"/>
    <testcase time="0.0290000000000035" classname="chevron_tlg_methods" name="run_print_internal_functions_when_unwrap_is_TRUE_and_the_chevron_tlg_object_is_customized"/>
    <testcase time="0.0110000000000028" classname="chevron_tlg_methods" name="run_print_main_and_postprocessing_functions_when_unwrap_is_TRUE_and_auto_pre_is_FALSE"/>
    <testcase time="0.00199999999999534" classname="chevron_tlg_methods" name="run_print_main_and_postprocessing_functions_when_unwrap_is_TRUE_and_auto_pre_is_FALSE"/>
    <testcase time="0.00100000000000477" classname="chevron_tlg_methods" name="run_print_main_and_postprocessing_functions_when_unwrap_is_TRUE_and_auto_pre_is_FALSE"/>
    <testcase time="0.00199999999999534" classname="chevron_tlg_methods" name="run_print_main_and_postprocessing_functions_when_unwrap_is_TRUE_and_auto_pre_is_FALSE"/>
    <testcase time="0.0240000000000009" classname="chevron_tlg_methods" name="run_print_main_and_postprocessing_functions_when_unwrap_is_TRUE_and_auto_pre_is_FALSE"/>
    <testcase time="0.00500000000000256" classname="chevron_tlg_methods" name="args_ls_works_as_expected"/>
    <testcase time="0.000999999999997669" classname="chevron_tlg_methods" name="args_ls_works_as_expected"/>
    <testcase time="0.000999999999997669" classname="chevron_tlg_methods" name="args_ls_works_as_expected"/>
    <testcase time="0.00500000000000256" classname="chevron_tlg_methods" name="args_ls_works_as_expected_when_simplify_is_TRUE"/>
    <testcase time="0.000999999999997669" classname="chevron_tlg_methods" name="args_ls_works_as_expected_when_simplify_is_TRUE"/>
    <testcase time="0.00100000000000477" classname="chevron_tlg_methods" name="args_ls_works_as_expected_when_simplify_is_TRUE"/>
    <testcase time="0.00600000000000023" classname="chevron_tlg_methods" name="args_ls_works_as_expected_with_custom_chevron_tlg_object"/>
    <testcase time="0.000999999999997669" classname="chevron_tlg_methods" name="args_ls_works_as_expected_with_custom_chevron_tlg_object"/>
    <testcase time="0.000999999999997669" classname="chevron_tlg_methods" name="args_ls_works_as_expected_with_custom_chevron_tlg_object"/>
    <testcase time="0.00300000000000011" classname="chevron_tlg_methods" name="args_ls_works_as_expected_with_custom_chevron_tlg_object"/>
    <testcase time="0.00600000000000023" classname="chevron_tlg_methods" name="main_works_as_expected"/>
    <testcase time="0.00600000000000023" classname="chevron_tlg_methods" name="main_setter_works_as_expected"/>
    <testcase time="0.0100000000000051" classname="chevron_tlg_methods" name="main_setter_throw_an_error_as_expected"/>
    <testcase time="0.00599999999999312" classname="chevron_tlg_methods" name="preprocess_works_as_expected"/>
    <testcase time="0.00600000000000023" classname="chevron_tlg_methods" name="preprocess_setter_works_as_expected"/>
    <testcase time="0.0100000000000051" classname="chevron_tlg_methods" name="preprocess_sends_an_error_as_expected"/>
    <testcase time="0.00600000000000023" classname="chevron_tlg_methods" name="postprocess_works_as_expected"/>
    <testcase time="0.00600000000000023" classname="chevron_tlg_methods" name="postprocess_setter_works_as_expected"/>
    <testcase time="0.0109999999999957" classname="chevron_tlg_methods" name="postprocess_sends_an_error_as_expected"/>
    <testcase time="0.00600000000000023" classname="chevron_tlg_methods" name="dataset_works_as_expected"/>
    <testcase time="0.00600000000000023" classname="chevron_tlg_methods" name="dataset_setter_works_as_expected"/>
    <testcase time="0.00999999999999801" classname="chevron_tlg_methods" name="dataset_sends_an_error_as_expected"/>
    <testcase time="0.00500000000000256" classname="chevron_tlg_methods" name="script_funs_works_as_expected_in_interactive_mode">
      <skipped message="Reason: !interactive() is TRUE ('test-chevron_tlg-methods.R:287:3')"/>
    </testcase>
    <testcase time="0.0140000000000029" classname="chevron_tlg_methods" name="script_funs_works_as_expected"/>
    <testcase time="0.00199999999999534" classname="chevron_tlg_methods" name="script_funs_works_as_expected"/>
    <testcase time="2.234" classname="chevron_tlg_methods" name="script_funs_generates_a_valid_script"/>
    <testcase time="0.00200000000000244" classname="chevron_tlg_methods" name="script_funs_generates_a_valid_script"/>
    <testcase time="0.00199999999999534" classname="chevron_tlg_methods" name="script_funs_generates_a_valid_script"/>
    <testcase time="0.00100000000000477" classname="chevron_tlg_methods" name="script_funs_generates_a_valid_script"/>
    <testcase time="0.00199999999999534" classname="chevron_tlg_methods" name="script_funs_generates_a_valid_script"/>
    <testcase time="0.0250000000000057" classname="chevron_tlg_methods" name="script_funs_generates_a_valid_script"/>
    <testcase time="0.00600000000000023" classname="chevron_tlg_methods" name="script_funs_works_for_simple_template"/>
    <testcase time="0.000999999999997669" classname="chevron_tlg_methods" name="script_funs_works_for_simple_template"/>
    <testcase time="0.0309999999999988" classname="chevron_tlg_methods" name="print_list_works"/>
    <testcase time="0.027000000000001" classname="chevron_tlg_methods" name="print_list_works_for_empty_list"/>
  </testsuite>
  <testsuite name="cml02a_gl" timestamp="2025-04-07T07:22:06Z" hostname="2894c9a401bc" tests="6" skipped="0" failures="0" errors="0" time="0.544">
    <testcase time="0.0279999999999987" classname="cml02a_gl" name="cml02a_gl_works_with_adcm_dataset"/>
    <testcase time="0.169000000000004" classname="cml02a_gl" name="cml02a_gl_works_with_adcm_dataset"/>
    <testcase time="0.0249999999999986" classname="cml02a_gl" name="cml02a_gl_works_with_missing_data"/>
    <testcase time="0.131" classname="cml02a_gl" name="cml02a_gl_works_with_missing_data"/>
    <testcase time="0.0240000000000009" classname="cml02a_gl" name="cml02a_gl_functions_work_as_expected"/>
    <testcase time="0.167000000000002" classname="cml02a_gl" name="cml02a_gl_functions_work_as_expected"/>
  </testsuite>
  <testsuite name="cmt01a" timestamp="2025-04-07T07:22:07Z" hostname="2894c9a401bc" tests="6" skipped="0" failures="0" errors="0" time="3.95">
    <testcase time="1.16699999999999" classname="cmt01a" name="cmt01a_functions_with_default_argument_value_return_expected_result_with_test_data"/>
    <testcase time="1.093" classname="cmt01a" name="cmt01a_functions_with_custom_argument_value_return_expected_result_with_test_data"/>
    <testcase time="0.156999999999996" classname="cmt01a" name="cmt01a_can_handle_all_NA_values"/>
    <testcase time="0.391000000000005" classname="cmt01a" name="cmt01a_can_handle_all_NA_values"/>
    <testcase time="0.564" classname="cmt01a" name="cmt01a_can_handle_some_NA_values"/>
    <testcase time="0.577999999999996" classname="cmt01a" name="cmt01a_can_handle_some_NA_values"/>
  </testsuite>
  <testsuite name="cmt02_pt" timestamp="2025-04-07T07:22:11Z" hostname="2894c9a401bc" tests="4" skipped="0" failures="0" errors="0" time="0.593">
    <testcase time="0.0990000000000038" classname="cmt02_pt" name="cmt02_pt_can_handle_all_NA_values"/>
    <testcase time="0.132999999999996" classname="cmt02_pt" name="cmt02_pt_can_handle_all_NA_values"/>
    <testcase time="0.138000000000005" classname="cmt02_pt" name="cmt02_pt_can_handle_some_NA_values"/>
    <testcase time="0.222999999999999" classname="cmt02_pt" name="cmt02_pt_can_handle_some_NA_values"/>
  </testsuite>
  <testsuite name="coxt01" timestamp="2025-04-07T07:22:11Z" hostname="2894c9a401bc" tests="9" skipped="0" failures="0" errors="0" time="1.699">
    <testcase time="0.301000000000002" classname="coxt01" name="coxt01_can_handle_some_NA_values"/>
    <testcase time="0.186999999999998" classname="coxt01" name="coxt01_can_handle_some_NA_values"/>
    <testcase time="0.238999999999997" classname="coxt01" name="coxt01_can_handle_some_NA_values"/>
    <testcase time="0.192" classname="coxt01" name="coxt01_can_handle_some_NA_values"/>
    <testcase time="0.190000000000005" classname="coxt01" name="coxt01_can_handle_some_NA_values"/>
    <testcase time="0.177" classname="coxt01" name="coxt01_can_handle_some_NA_values"/>
    <testcase time="0.207000000000001" classname="coxt01" name="coxt01_can_handle_some_NA_values"/>
    <testcase time="0.192" classname="coxt01" name="coxt01_can_handle_some_NA_values"/>
    <testcase time="0.0139999999999958" classname="coxt01" name="coxt01_fails_on_incomlete_data"/>
  </testsuite>
  <testsuite name="coxt02" timestamp="2025-04-07T07:22:13Z" hostname="2894c9a401bc" tests="9" skipped="0" failures="0" errors="0" time="2.174">
    <testcase time="0.399000000000001" classname="coxt02" name="coxt02_can_handle_some_NA_values"/>
    <testcase time="0.228000000000002" classname="coxt02" name="coxt02_can_handle_some_NA_values"/>
    <testcase time="0.394999999999996" classname="coxt02" name="coxt02_can_handle_some_NA_values"/>
    <testcase time="0.227000000000004" classname="coxt02" name="coxt02_can_handle_some_NA_values"/>
    <testcase time="0.262" classname="coxt02" name="coxt02_can_handle_some_NA_values"/>
    <testcase time="0.189" classname="coxt02" name="coxt02_can_handle_some_NA_values"/>
    <testcase time="0.266999999999996" classname="coxt02" name="coxt02_can_handle_some_NA_values"/>
    <testcase time="0.193000000000005" classname="coxt02" name="coxt02_can_handle_some_NA_values"/>
    <testcase time="0.0140000000000029" classname="coxt02" name="coxt02_fails_on_incomlete_data"/>
  </testsuite>
  <testsuite name="default_tlg" timestamp="2025-04-07T07:22:15Z" hostname="2894c9a401bc" tests="15" skipped="0" failures="0" errors="0" time="11.472">
    <testcase time="0.158999999999999" classname="default_tlg" name="ael01_nollt_function_with_default_argument_value_return_expected_result_with_test_data"/>
    <testcase time="0.539999999999999" classname="default_tlg" name="aet01_function_with_default_argument_value_return_expected_result_with_test_data"/>
    <testcase time="0.481000000000002" classname="default_tlg" name="aet01_aesi_function_with_default_argument_value_return_expected_result_with_test_data"/>
    <testcase time="0.989999999999995" classname="default_tlg" name="aet02_functions_with_default_argument_value_return_expected_result_with_test_data"/>
    <testcase time="2.055" classname="default_tlg" name="aet03_functions_with_default_argument_value_return_expected_result_with_test_data"/>
    <testcase time="3.16" classname="default_tlg" name="aet04_functions_with_default_argument_value_return_expected_result_with_test_data"/>
    <testcase time="0.411000000000001" classname="default_tlg" name="aet05_functions_with_default_argument_value_return_expected_result_with_test_data"/>
    <testcase time="0.426000000000002" classname="default_tlg" name="aet05_all_functions_with_default_argument_value_return_expected_result_with_test_data"/>
    <testcase time="0.320000000000007" classname="default_tlg" name="aet10_functions_with_default_argument_value_return_expected_result_with_test_data"/>
    <testcase time="0.36999999999999" classname="default_tlg" name="cmt02_pt_functions_with_default_argument_value_return_expected_result_with_test_data"/>
    <testcase time="0.483000000000004" classname="default_tlg" name="coxt01_functions_with_default_argument_value_return_expected_result_with_test_data"/>
    <testcase time="0.653000000000006" classname="default_tlg" name="coxt02_functions_with_default_argument_value_return_expected_result_with_test_data"/>
    <testcase time="0.637" classname="default_tlg" name="dmt01_functions_with_default_argument_value_return_expected_result_with_test_data"/>
    <testcase time="0.449999999999989" classname="default_tlg" name="dst01_functions_with_default_argument_value_return_expected_result_with_test_data"/>
    <testcase time="0.337000000000003" classname="default_tlg" name="dtht01_functions_with_default_argument_value_return_expected_result_with_test_data"/>
  </testsuite>
  <testsuite name="dmt01" timestamp="2025-04-07T07:22:27Z" hostname="2894c9a401bc" tests="19" skipped="0" failures="0" errors="0" time="4.548">
    <testcase time="0.207999999999998" classname="dmt01" name="dmt01_can_handle_NA_values"/>
    <testcase time="0.328999999999994" classname="dmt01" name="dmt01_can_handle_NA_values"/>
    <testcase time="0.219999999999999" classname="dmt01" name="dmt01_can_handle_numeric_NA_values"/>
    <testcase time="0.418000000000006" classname="dmt01" name="dmt01_can_handle_numeric_NA_values"/>
    <testcase time="0.0150000000000006" classname="dmt01" name="dmt01_returns_an_error_when_variables_are_of_the_wrong_type"/>
    <testcase time="0.161000000000001" classname="dmt01" name="dmt01_works_as_expected_with_setting_default_precision"/>
    <testcase time="0.323999999999998" classname="dmt01" name="dmt01_works_as_expected_with_setting_default_precision"/>
    <testcase time="0.179000000000002" classname="dmt01" name="dmt01_works_as_expected_with_auto_precision_settings"/>
    <testcase time="0.397999999999996" classname="dmt01" name="dmt01_works_as_expected_with_auto_precision_settings"/>
    <testcase time="0.174999999999997" classname="dmt01" name="dmt01_works_as_expected_with_auto_precision_settings_and_defined_precision"/>
    <testcase time="0.365000000000009" classname="dmt01" name="dmt01_works_as_expected_with_auto_precision_settings_and_defined_precision"/>
    <testcase time="0.159999999999997" classname="dmt01" name="dmt01_works_as_expected_with_auto_precision_settings_and_defined_precision_and_default"/>
    <testcase time="0.504000000000005" classname="dmt01" name="dmt01_works_as_expected_with_auto_precision_settings_and_defined_precision_and_default"/>
    <testcase time="0.137" classname="dmt01" name="dmt01_works_as_expected_with_cutomized_stats_value"/>
    <testcase time="0.262999999999991" classname="dmt01" name="dmt01_works_as_expected_with_cutomized_stats_value"/>
    <testcase time="0.14200000000001" classname="dmt01" name="dmt01_works_as_expected_with_empty_list_as_stats_value"/>
    <testcase time="0.293999999999997" classname="dmt01" name="dmt01_works_as_expected_with_empty_list_as_stats_value"/>
    <testcase time="0.0810000000000031" classname="dmt01" name="dmt01_works_as_expected_with_only_one_summaryvars"/>
    <testcase time="0.174999999999997" classname="dmt01" name="dmt01_works_as_expected_with_only_one_summaryvars"/>
  </testsuite>
  <testsuite name="dst01" timestamp="2025-04-07T07:22:31Z" hostname="2894c9a401bc" tests="14" skipped="0" failures="0" errors="0" time="2.455">
    <testcase time="0.132000000000005" classname="dst01" name="dst01_works_as_expected_when_all_data_are_NA"/>
    <testcase time="0.0730000000000075" classname="dst01" name="dst01_works_as_expected_when_all_data_are_NA"/>
    <testcase time="0.111999999999995" classname="dst01" name="dst01_can_handle_all_NA_values_in_DCSREAS"/>
    <testcase time="0.140999999999991" classname="dst01" name="dst01_can_handle_all_NA_values_in_DCSREAS"/>
    <testcase time="0.160000000000011" classname="dst01" name="dst01_can_handle_some_NA_values"/>
    <testcase time="0.220999999999989" classname="dst01" name="dst01_can_handle_some_NA_values"/>
    <testcase time="0.131" classname="dst01" name="dst01_can_handle_missing_levels_in_status_var"/>
    <testcase time="0.0740000000000123" classname="dst01" name="dst01_can_handle_missing_levels_in_status_var"/>
    <testcase time="0.182999999999993" classname="dst01" name="dst01_can_create_variants"/>
    <testcase time="0.213999999999999" classname="dst01" name="dst01_can_create_variants"/>
    <testcase time="0.225999999999999" classname="dst01" name="dst01_can_create_variants"/>
    <testcase time="0.238" classname="dst01" name="dst01_can_create_variants"/>
    <testcase time="0.26700000000001" classname="dst01" name="dst01_can_create_variants"/>
    <testcase time="0.283000000000001" classname="dst01" name="dst01_can_create_variants"/>
  </testsuite>
  <testsuite name="dtht01" timestamp="2025-04-07T07:22:34Z" hostname="2894c9a401bc" tests="5" skipped="0" failures="0" errors="0" time="1.414">
    <testcase time="0.097999999999999" classname="dtht01" name="dtht01_can_handle_all_NA_values"/>
    <testcase time="0.168999999999997" classname="dtht01" name="dtht01_can_handle_all_NA_values"/>
    <testcase time="0.236000000000004" classname="dtht01" name="dtht01_can_handle_some_NA_values"/>
    <testcase time="0.338999999999999" classname="dtht01" name="dtht01_can_handle_some_NA_values"/>
    <testcase time="0.571999999999989" classname="dtht01" name="dtht01_can_be_parametrize_as_expected"/>
  </testsuite>
  <testsuite name="egt01" timestamp="2025-04-07T07:22:35Z" hostname="2894c9a401bc" tests="3" skipped="0" failures="0" errors="0" time="6.725">
    <testcase time="3.33900000000001" classname="egt01" name="egt01_functions_with_default_argument_value_return_expected_result_with_test_data"/>
    <testcase time="1.264" classname="egt01" name="egt01_can_handle_n_0_and_outputs_NE_instead_of_infs_and_NAs"/>
    <testcase time="2.122" classname="egt01" name="egt01_can_handle_n_0_and_outputs_NE_instead_of_infs_and_NAs"/>
  </testsuite>
  <testsuite name="egt02" timestamp="2025-04-07T07:22:42Z" hostname="2894c9a401bc" tests="2" skipped="0" failures="0" errors="0" time="0.666">
    <testcase time="0.344999999999999" classname="egt02" name="egt02_1_functions_with_default_argument_value_return_expected_result_with_test_data"/>
    <testcase time="0.320999999999998" classname="egt02" name="egt02_2_functions_with_default_value_return_expected_result_with_test_data"/>
  </testsuite>
  <testsuite name="egt03" timestamp="2025-04-07T07:22:43Z" hostname="2894c9a401bc" tests="5" skipped="0" failures="0" errors="0" time="3.248">
    <testcase time="1.60899999999999" classname="egt03" name="egt03_functions_with_default_argument_value_return_expected_result_with_test_data"/>
    <testcase time="0.0160000000000053" classname="egt03" name="egt03_errors_on_all_NA_values"/>
    <testcase time="0.530000000000001" classname="egt03" name="egt03_can_handle_some_NA_values"/>
    <testcase time="1.078" classname="egt03" name="egt03_can_handle_some_NA_values"/>
    <testcase time="0.0150000000000006" classname="egt03" name="egt03_fails_on_incomplete_data"/>
  </testsuite>
  <testsuite name="egt05_qtcat" timestamp="2025-04-07T07:22:46Z" hostname="2894c9a401bc" tests="4" skipped="0" failures="0" errors="0" time="3.533">
    <testcase time="2.26299999999999" classname="egt05_qtcat" name="egt05_qtcat_functions_with_default_argument_value_return_expected_result_with_test_data"/>
    <testcase time="0.0170000000000101" classname="egt05_qtcat" name="egt05_qtcat_erros_on_all_NA_values"/>
    <testcase time="0.426000000000002" classname="egt05_qtcat" name="egt05_qtcat_can_handle_some_NA_values"/>
    <testcase time="0.826999999999998" classname="egt05_qtcat" name="egt05_qtcat_can_handle_some_NA_values"/>
  </testsuite>
  <testsuite name="empty_report" timestamp="2025-04-07T07:22:49Z" hostname="2894c9a401bc" tests="31" skipped="0" failures="0" errors="0" time="3.027">
    <testcase time="0.11099999999999" classname="empty_report" name="tlg_functions_return_null_reports_when_domain_table_is_empty"/>
    <testcase time="0.472000000000008" classname="empty_report" name="tlg_functions_return_null_reports_when_domain_table_is_empty"/>
    <testcase time="0.180999999999997" classname="empty_report" name="tlg_functions_return_null_reports_when_domain_table_is_empty"/>
    <testcase time="0.0999999999999943" classname="empty_report" name="tlg_functions_return_null_reports_when_domain_table_is_empty"/>
    <testcase time="0.103000000000009" classname="empty_report" name="tlg_functions_return_null_reports_when_domain_table_is_empty"/>
    <testcase time="0.0690000000000026" classname="empty_report" name="tlg_functions_return_null_reports_when_domain_table_is_empty"/>
    <testcase time="0.090999999999994" classname="empty_report" name="tlg_functions_return_null_reports_when_domain_table_is_empty"/>
    <testcase time="0.141999999999996" classname="empty_report" name="tlg_functions_return_null_reports_when_domain_table_is_empty"/>
    <testcase time="0.165000000000006" classname="empty_report" name="tlg_functions_return_null_reports_when_domain_table_is_empty"/>
    <testcase time="0.0819999999999936" classname="empty_report" name="tlg_functions_return_null_reports_when_domain_table_is_empty"/>
    <testcase time="0.0949999999999989" classname="empty_report" name="tlg_functions_return_null_reports_when_domain_table_is_empty"/>
    <testcase time="0.0530000000000115" classname="empty_report" name="tlg_functions_return_null_reports_when_domain_table_is_empty"/>
    <testcase time="0.0489999999999924" classname="empty_report" name="tlg_functions_return_null_reports_when_domain_table_is_empty"/>
    <testcase time="0.0670000000000073" classname="empty_report" name="tlg_functions_return_null_reports_when_domain_table_is_empty"/>
    <testcase time="0.0699999999999932" classname="empty_report" name="tlg_functions_return_null_reports_when_domain_table_is_empty"/>
    <testcase time="0.0769999999999982" classname="empty_report" name="tlg_functions_return_null_reports_when_domain_table_is_empty"/>
    <testcase time="0.0810000000000031" classname="empty_report" name="tlg_functions_return_null_reports_when_domain_table_is_empty"/>
    <testcase time="0.0969999999999942" classname="empty_report" name="tlg_functions_return_null_reports_when_domain_table_is_empty"/>
    <testcase time="0.0390000000000015" classname="empty_report" name="tlg_functions_return_null_reports_when_domain_table_is_empty"/>
    <testcase time="0.0230000000000103" classname="empty_report" name="tlg_functions_return_null_reports_when_domain_table_is_empty"/>
    <testcase time="0.0349999999999966" classname="empty_report" name="tlg_functions_return_null_reports_when_domain_table_is_empty"/>
    <testcase time="0.0300000000000011" classname="empty_report" name="tlg_functions_return_null_reports_when_domain_table_is_empty"/>
    <testcase time="0.027000000000001" classname="empty_report" name="tlg_functions_return_null_reports_when_domain_table_is_empty"/>
    <testcase time="0.0219999999999914" classname="empty_report" name="tlg_functions_return_null_reports_when_domain_table_is_empty"/>
    <testcase time="0.271000000000001" classname="empty_report" name="tlg_functions_return_null_reports_when_domain_table_is_empty"/>
    <testcase time="0.0940000000000083" classname="empty_report" name="tlg_functions_return_null_reports_when_domain_table_is_empty"/>
    <testcase time="0.0889999999999986" classname="empty_report" name="tlg_functions_return_null_reports_when_domain_table_is_empty"/>
    <testcase time="0.0899999999999892" classname="empty_report" name="tlg_functions_return_null_reports_when_domain_table_is_empty"/>
    <testcase time="0.0970000000000084" classname="empty_report" name="tlg_functions_return_null_reports_when_domain_table_is_empty"/>
    <testcase time="0.0549999999999926" classname="empty_report" name="tlg_functions_return_null_reports_when_domain_table_is_empty"/>
    <testcase time="0.0500000000000114" classname="empty_report" name="tlg_functions_return_null_reports_when_domain_table_is_empty"/>
  </testsuite>
  <testsuite name="ext01" timestamp="2025-04-07T07:22:52Z" hostname="2894c9a401bc" tests="11" skipped="0" failures="0" errors="0" time="5.791">
    <testcase time="0.512999999999991" classname="ext01" name="ext01_functions_with_default_argument_value_return_expected_result_with_test_data"/>
    <testcase time="0.558000000000007" classname="ext01" name="ext01_functions_with_categorical_data_return_expected_result_with_test_data"/>
    <testcase time="0.201999999999998" classname="ext01" name="ext01_works"/>
    <testcase time="0.304999999999993" classname="ext01" name="ext01_works"/>
    <testcase time="0.191000000000003" classname="ext01" name="ext01_works"/>
    <testcase time="0.311000000000007" classname="ext01" name="ext01_works"/>
    <testcase time="0.561999999999998" classname="ext01" name="ext01_works_for_selected_parameters_and_categorical_variables"/>
    <testcase time="0.858000000000004" classname="ext01" name="ext01_works_with_custom_mapping_order"/>
    <testcase time="0.864999999999995" classname="ext01" name="ext01_works_with_custom_mapping_order_for_a_single_split"/>
    <testcase time="0.905000000000001" classname="ext01" name="ext01_works_with_custom_mapping_fill_in_value"/>
    <testcase time="0.521000000000001" classname="ext01" name="ext01_precision_argument_works_as_expected"/>
  </testsuite>
  <testsuite name="fstg01" timestamp="2025-04-07T07:22:58Z" hostname="2894c9a401bc" tests="13" skipped="0" failures="0" errors="0" time="6.842">
    <testcase time="0.0120000000000005" classname="fstg01" name="fstg01_works_as_expected"/>
    <testcase time="1.32599999999999" classname="fstg01" name="fstg01_works_as_expected"/>
    <testcase time="0.00300000000000011" classname="fstg01" name="fstg01_works_as_expected"/>
    <testcase time="1.28700000000001" classname="fstg01" name="fstg01_works_as_expected_with_custom_color_set"/>
    <testcase time="0.00300000000000011" classname="fstg01" name="fstg01_works_as_expected_with_custom_color_set"/>
    <testcase time="1.27499999999999" classname="fstg01" name="fstg01_works_as_expected_with_custom_color_set"/>
    <testcase time="0.00300000000000011" classname="fstg01" name="fstg01_works_as_expected_with_custom_color_set"/>
    <testcase time="0.671000000000006" classname="fstg01" name="fstg01_works_if_changes_are_in_subgroups_conf_level_and_label_all"/>
    <testcase time="0.00300000000000011" classname="fstg01" name="fstg01_works_if_changes_are_in_subgroups_conf_level_and_label_all"/>
    <testcase time="0.911000000000001" classname="fstg01" name="fstg01_works_if_changes_are_in_subgroups_conf_level_and_label_all"/>
    <testcase time="0.00300000000000011" classname="fstg01" name="fstg01_works_if_changes_are_in_subgroups_conf_level_and_label_all"/>
    <testcase time="1.34099999999999" classname="fstg01" name="fstg01_can_handle_some_NA_values_in_subgroups"/>
    <testcase time="0.00400000000000489" classname="fstg01" name="fstg01_can_handle_some_NA_values_in_subgroups"/>
  </testsuite>
  <testsuite name="fstg02" timestamp="2025-04-07T07:23:05Z" hostname="2894c9a401bc" tests="9" skipped="0" failures="0" errors="0" time="9.136">
    <testcase time="0.0150000000000006" classname="fstg02" name="fstg02_works_as_expected"/>
    <testcase time="1.36" classname="fstg02" name="fstg02_works_as_expected"/>
    <testcase time="1.301" classname="fstg02" name="fstg02_works_as_expected_with_custom_color_set"/>
    <testcase time="1.459" classname="fstg02" name="fstg02_works_as_expected_with_custom_color_set"/>
    <testcase time="0.558999999999997" classname="fstg02" name="fstg02_works_if_changes_are_in_subgroups_strata_var_conf_level_and_label_all"/>
    <testcase time="0.792999999999992" classname="fstg02" name="fstg02_works_if_changes_are_in_subgroups_strata_var_conf_level_and_label_all"/>
    <testcase time="1.196" classname="fstg02" name="fstg02_can_handle_some_NA_values_in_subgroups"/>
    <testcase time="1.221" classname="fstg02" name="fstg02_can_handle_customized_time_units"/>
    <testcase time="1.232" classname="fstg02" name="fstg02_can_handle_customized_time_units"/>
  </testsuite>
  <testsuite name="kmg01" timestamp="2025-04-07T07:23:14Z" hostname="2894c9a401bc" tests="13" skipped="0" failures="0" errors="0" time="2.2">
    <testcase time="0.0120000000000005" classname="kmg01" name="kmg01_works_as_expected"/>
    <testcase time="0.382999999999996" classname="kmg01" name="kmg01_works_as_expected"/>
    <testcase time="0.00300000000000011" classname="kmg01" name="kmg01_works_as_expected"/>
    <testcase time="0.390000000000001" classname="kmg01" name="kmg01_works_as_expected_with_custom_color_set"/>
    <testcase time="0.00300000000000011" classname="kmg01" name="kmg01_works_as_expected_with_custom_color_set"/>
    <testcase time="0.372" classname="kmg01" name="kmg01_works_as_expected_with_custom_color_set"/>
    <testcase time="0.00300000000000011" classname="kmg01" name="kmg01_works_as_expected_with_custom_color_set"/>
    <testcase time="0.38000000000001" classname="kmg01" name="kmg01_works_if_change_pvalue_ties_and_conf_level"/>
    <testcase time="0.00300000000000011" classname="kmg01" name="kmg01_works_if_change_pvalue_ties_and_conf_level"/>
    <testcase time="0.396999999999991" classname="kmg01" name="kmg01_works_if_change_annotation_position"/>
    <testcase time="0.00400000000000489" classname="kmg01" name="kmg01_works_if_change_annotation_position"/>
    <testcase time="0.247" classname="kmg01" name="kmg01_works_for_stratified_analysis"/>
    <testcase time="0.00300000000000011" classname="kmg01" name="kmg01_works_for_stratified_analysis"/>
  </testsuite>
  <testsuite name="lbt01" timestamp="2025-04-07T07:23:16Z" hostname="2894c9a401bc" tests="4" skipped="0" failures="0" errors="0" time="10.518">
    <testcase time="3.366" classname="lbt01" name="lbt01_functions_with_default_argument_value_return_expected_result_with_test_data"/>
    <testcase time="3.502" classname="lbt01" name="lbt01_functions_with_row_split_var_return_expected_result_with_test_data"/>
    <testcase time="1.12" classname="lbt01" name="lbt01_can_handle_n_0_and_outputs_NE_instead_of_infs_and_NAs"/>
    <testcase time="2.53" classname="lbt01" name="lbt01_can_handle_n_0_and_outputs_NE_instead_of_infs_and_NAs"/>
  </testsuite>
  <testsuite name="lbt04" timestamp="2025-04-07T07:23:27Z" hostname="2894c9a401bc" tests="8" skipped="0" failures="0" errors="0" time="2.921">
    <testcase time="0.920999999999992" classname="lbt04" name="lbt04_functions_with_default_argument_value_return_expected_result_with_test_data"/>
    <testcase time="0.0790000000000077" classname="lbt04" name="lbt04_can_handle_all_NA_values"/>
    <testcase time="0.0749999999999886" classname="lbt04" name="lbt04_can_handle_all_NA_values"/>
    <testcase time="0.29000000000002" classname="lbt04" name="lbt04_can_handle_missing_levels"/>
    <testcase time="0.615999999999985" classname="lbt04" name="lbt04_can_handle_missing_levels"/>
    <testcase time="0.287000000000006" classname="lbt04" name="lbt04_can_handle_some_NA_values"/>
    <testcase time="0.637" classname="lbt04" name="lbt04_can_handle_some_NA_values"/>
    <testcase time="0.0159999999999911" classname="lbt04" name="lbt04_fails_on_incomlete_data"/>
  </testsuite>
  <testsuite name="lbt05" timestamp="2025-04-07T07:23:30Z" hostname="2894c9a401bc" tests="56" skipped="0" failures="0" errors="0" time="5.697">
    <testcase time="0.0420000000000016" classname="lbt05" name="lbt05_functions_with_default_argument_value_return_expected_result_with_test_data"/>
    <testcase time="0.0220000000000198" classname="lbt05" name="lbt05_functions_with_default_argument_value_return_expected_result_with_test_data"/>
    <testcase time="0.032999999999987" classname="lbt05" name="lbt05_functions_with_default_argument_value_return_expected_result_with_test_data"/>
    <testcase time="0.0300000000000011" classname="lbt05" name="lbt05_functions_with_default_argument_value_return_expected_result_with_test_data"/>
    <testcase time="0.0240000000000009" classname="lbt05" name="lbt05_functions_with_default_argument_value_return_expected_result_with_test_data"/>
    <testcase time="0.0209999999999866" classname="lbt05" name="lbt05_functions_with_default_argument_value_return_expected_result_with_test_data"/>
    <testcase time="0.664999999999992" classname="lbt05" name="lbt05_functions_with_default_argument_value_return_expected_result_with_test_data"/>
    <testcase time="0.356000000000023" classname="lbt05" name="lbt05_functions_with_default_argument_value_return_expected_result_with_test_data"/>
    <testcase time="0.0439999999999827" classname="lbt05" name="lbt05_give_all_0_count_if_ANRIND_are_all_missing"/>
    <testcase time="0.0220000000000198" classname="lbt05" name="lbt05_give_all_0_count_if_ANRIND_are_all_missing"/>
    <testcase time="0.0269999999999868" classname="lbt05" name="lbt05_give_all_0_count_if_ANRIND_are_all_missing"/>
    <testcase time="0.0289999999999964" classname="lbt05" name="lbt05_give_all_0_count_if_ANRIND_are_all_missing"/>
    <testcase time="0.0250000000000057" classname="lbt05" name="lbt05_give_all_0_count_if_ANRIND_are_all_missing"/>
    <testcase time="0.0229999999999961" classname="lbt05" name="lbt05_give_all_0_count_if_ANRIND_are_all_missing"/>
    <testcase time="0.278999999999996" classname="lbt05" name="lbt05_give_all_0_count_if_ANRIND_are_all_missing"/>
    <testcase time="0.0460000000000207" classname="lbt05" name="lbt05_can_handle_some_NA_values"/>
    <testcase time="0.0229999999999961" classname="lbt05" name="lbt05_can_handle_some_NA_values"/>
    <testcase time="0.0269999999999868" classname="lbt05" name="lbt05_can_handle_some_NA_values"/>
    <testcase time="0.0310000000000059" classname="lbt05" name="lbt05_can_handle_some_NA_values"/>
    <testcase time="0.0279999999999916" classname="lbt05" name="lbt05_can_handle_some_NA_values"/>
    <testcase time="0.0289999999999964" classname="lbt05" name="lbt05_can_handle_some_NA_values"/>
    <testcase time="0.263000000000005" classname="lbt05" name="lbt05_can_handle_some_NA_values"/>
    <testcase time="0.396999999999991" classname="lbt05" name="lbt05_can_handle_some_NA_values"/>
    <testcase time="0.0400000000000205" classname="lbt05" name="lbt05_fails_on_incomlete_data"/>
    <testcase time="0.0389999999999873" classname="lbt05" name="lbt05_works_with_missing_levels"/>
    <testcase time="0.0229999999999961" classname="lbt05" name="lbt05_works_with_missing_levels"/>
    <testcase time="0.0270000000000152" classname="lbt05" name="lbt05_works_with_missing_levels"/>
    <testcase time="0.0300000000000011" classname="lbt05" name="lbt05_works_with_missing_levels"/>
    <testcase time="0.032999999999987" classname="lbt05" name="lbt05_works_with_missing_levels"/>
    <testcase time="0.0229999999999961" classname="lbt05" name="lbt05_works_with_missing_levels"/>
    <testcase time="0.27200000000002" classname="lbt05" name="lbt05_works_with_missing_levels"/>
    <testcase time="0.391999999999996" classname="lbt05" name="lbt05_works_with_missing_levels"/>
    <testcase time="0.0480000000000018" classname="lbt05" name="map_argument_works_as_expected"/>
    <testcase time="0.0250000000000057" classname="lbt05" name="map_argument_works_as_expected"/>
    <testcase time="0.0279999999999916" classname="lbt05" name="map_argument_works_as_expected"/>
    <testcase time="0.0319999999999823" classname="lbt05" name="map_argument_works_as_expected"/>
    <testcase time="0.0270000000000152" classname="lbt05" name="map_argument_works_as_expected"/>
    <testcase time="0.0310000000000059" classname="lbt05" name="map_argument_works_as_expected"/>
    <testcase time="0.213999999999999" classname="lbt05" name="map_argument_works_as_expected"/>
    <testcase time="0.313999999999993" classname="lbt05" name="map_argument_works_as_expected"/>
    <testcase time="0.0459999999999923" classname="lbt05" name="incomplete_map_argument_works_as_expected"/>
    <testcase time="0.0240000000000009" classname="lbt05" name="incomplete_map_argument_works_as_expected"/>
    <testcase time="0.0270000000000152" classname="lbt05" name="incomplete_map_argument_works_as_expected"/>
    <testcase time="0.0299999999999727" classname="lbt05" name="incomplete_map_argument_works_as_expected"/>
    <testcase time="0.0260000000000105" classname="lbt05" name="incomplete_map_argument_works_as_expected"/>
    <testcase time="0.0229999999999961" classname="lbt05" name="incomplete_map_argument_works_as_expected"/>
    <testcase time="0.247000000000014" classname="lbt05" name="incomplete_map_argument_works_as_expected"/>
    <testcase time="0.365999999999985" classname="lbt05" name="incomplete_map_argument_works_as_expected"/>
    <testcase time="0.0390000000000157" classname="lbt05" name="prune_0_keeps_the_Any_Abnormaility_row"/>
    <testcase time="0.0229999999999961" classname="lbt05" name="prune_0_keeps_the_Any_Abnormaility_row"/>
    <testcase time="0.0279999999999916" classname="lbt05" name="prune_0_keeps_the_Any_Abnormaility_row"/>
    <testcase time="0.039999999999992" classname="lbt05" name="prune_0_keeps_the_Any_Abnormaility_row"/>
    <testcase time="0.0260000000000105" classname="lbt05" name="prune_0_keeps_the_Any_Abnormaility_row"/>
    <testcase time="0.0229999999999961" classname="lbt05" name="prune_0_keeps_the_Any_Abnormaility_row"/>
    <testcase time="0.278999999999996" classname="lbt05" name="prune_0_keeps_the_Any_Abnormaility_row"/>
    <testcase time="0.366000000000014" classname="lbt05" name="prune_0_keeps_the_Any_Abnormaility_row"/>
  </testsuite>
  <testsuite name="lbt06" timestamp="2025-04-07T07:23:36Z" hostname="2894c9a401bc" tests="3" skipped="0" failures="0" errors="0" time="3.768">
    <testcase time="0.966999999999985" classname="lbt06" name="lbt06_gives_all_0_count_if_ANRIND_and_BNRIND_are_all_missing"/>
    <testcase time="2.77000000000001" classname="lbt06" name="lbt06_can_handle_some_NA_values"/>
    <testcase time="0.0310000000000059" classname="lbt06" name="lbt06_fails_on_incomplete_data"/>
  </testsuite>
  <testsuite name="lbt07" timestamp="2025-04-07T07:23:39Z" hostname="2894c9a401bc" tests="4" skipped="0" failures="0" errors="0" time="1.774">
    <testcase time="0.884999999999991" classname="lbt07" name="lbt07_functions_with_default_argument_value_return_expected_result_with_test_data"/>
    <testcase time="0.375" classname="lbt07" name="lbt07_can_handle_some_NA_values"/>
    <testcase time="0.480999999999995" classname="lbt07" name="lbt07_can_handle_some_NA_values"/>
    <testcase time="0.0330000000000155" classname="lbt07" name="lbt07_fails_on_incomlete_data"/>
  </testsuite>
  <testsuite name="lbt14" timestamp="2025-04-07T07:23:41Z" hostname="2894c9a401bc" tests="20" skipped="0" failures="0" errors="0" time="8.003">
    <testcase time="0.693999999999988" classname="lbt14" name="lbt14_functions_with_default_argument_value_return_expected_result_with_test_data"/>
    <testcase time="0.519000000000005" classname="lbt14" name="lbt14_functions_with_default_argument_value_return_expected_result_with_test_data_when_direction_high"/>
    <testcase time="0.611999999999995" classname="lbt14" name="lbt14_functions_with_gr_missing_excl_return_expected_result_with_test_data"/>
    <testcase time="0.62700000000001" classname="lbt14" name="lbt14_functions_with_gr_missing_gr_0_return_expected_result_with_test_data"/>
    <testcase time="0.37700000000001" classname="lbt14" name="lbt14_can_handle_all_NA_values"/>
    <testcase time="0.142999999999972" classname="lbt14" name="lbt14_can_handle_all_NA_values"/>
    <testcase time="0.427000000000021" classname="lbt14" name="lbt14_can_handle_some_NA_values"/>
    <testcase time="0.567999999999984" classname="lbt14" name="lbt14_can_handle_some_NA_values"/>
    <testcase time="1.22800000000001" classname="lbt14" name="lbt14_can_accept_different_gr_missing"/>
    <testcase time="0.251000000000005" classname="lbt14" name="lbt14_can_accept_different_gr_missing"/>
    <testcase time="0.248999999999995" classname="lbt14" name="lbt14_can_accept_different_gr_missing"/>
    <testcase time="0.0180000000000007" classname="lbt14" name="lbt14_fails_on_incomlete_data"/>
    <testcase time="0.341999999999985" classname="lbt14" name="lbt14_can_handle_all_NA_values_with_direction_high"/>
    <testcase time="0.132000000000005" classname="lbt14" name="lbt14_can_handle_all_NA_values_with_direction_high"/>
    <testcase time="0.359000000000009" classname="lbt14" name="lbt14_can_handle_some_NA_values_with_direction_high"/>
    <testcase time="0.163000000000011" classname="lbt14" name="lbt14_can_handle_some_NA_values_with_direction_high"/>
    <testcase time="1.01799999999997" classname="lbt14" name="lbt14_can_accept_different_gr_missing_with_direction_high"/>
    <testcase time="0.131" classname="lbt14" name="lbt14_can_accept_different_gr_missing_with_direction_high"/>
    <testcase time="0.128000000000014" classname="lbt14" name="lbt14_can_accept_different_gr_missing_with_direction_high"/>
    <testcase time="0.0169999999999959" classname="lbt14" name="lbt14_fails_on_incomlete_data"/>
  </testsuite>
  <testsuite name="lbt15" timestamp="2025-04-07T07:23:49Z" hostname="2894c9a401bc" tests="12" skipped="0" failures="0" errors="0" time="5.504">
    <testcase time="0.907000000000011" classname="lbt15" name="lbt15_functions_with_default_argument_value_return_expected_result_with_test_data"/>
    <testcase time="0.282999999999987" classname="lbt15" name="lbt15_can_handle_all_NA_values"/>
    <testcase time="0.64700000000002" classname="lbt15" name="lbt15_can_handle_all_NA_values"/>
    <testcase time="0.284999999999997" classname="lbt15" name="lbt15_can_handle_missing_levels"/>
    <testcase time="0.629999999999995" classname="lbt15" name="lbt15_can_handle_missing_levels"/>
    <testcase time="0.287999999999982" classname="lbt15" name="lbt15_can_handle_missing_levels_in_baseline"/>
    <testcase time="0.623000000000019" classname="lbt15" name="lbt15_can_handle_missing_levels_in_baseline"/>
    <testcase time="0.283999999999992" classname="lbt15" name="lbt15_can_handle_some_NA_values"/>
    <testcase time="0.631" classname="lbt15" name="lbt15_can_handle_some_NA_values"/>
    <testcase time="0.286000000000001" classname="lbt15" name="lbt15_can_handle_some_NA_values_in_baseline"/>
    <testcase time="0.623999999999995" classname="lbt15" name="lbt15_can_handle_some_NA_values_in_baseline"/>
    <testcase time="0.0159999999999911" classname="lbt15" name="lbt15_fails_on_incomlete_data"/>
  </testsuite>
  <testsuite name="mht01" timestamp="2025-04-07T07:23:55Z" hostname="2894c9a401bc" tests="4" skipped="0" failures="0" errors="0" time="3.047">
    <testcase time="0.624000000000024" classname="mht01" name="mht01_functions_with_default_argument_value_return_expected_result_with_test_data"/>
    <testcase time="0.626999999999981" classname="mht01" name="mht01_works"/>
    <testcase time="0.63300000000001" classname="mht01" name="mht01_works_on_NULL_in_lbl_mhbodsys_or_lbl_mhdecod"/>
    <testcase time="1.16300000000001" classname="mht01" name="mht01_works_with_other_row_split_var"/>
  </testsuite>
  <testsuite name="mng01" timestamp="2025-04-07T07:23:58Z" hostname="2894c9a401bc" tests="19" skipped="8" failures="0" errors="0" time="8.33">
    <testcase time="0.890999999999991" classname="mng01" name="mng01_works_as_expected_with_default_argument_values"/>
    <testcase time="0.00100000000000477" classname="mng01" name="mng01_works_as_expected_with_default_argument_values">
      <skipped message="Reason: On CI ('test-mng01.R:9:5')"/>
    </testcase>
    <testcase time="0.897999999999996" classname="mng01" name="mng01_works_as_expected_with_custom_argument_values"/>
    <testcase time="0.0109999999999957" classname="mng01" name="mng01_works_as_expected_with_custom_argument_values"/>
    <testcase time="0.00100000000000477" classname="mng01" name="mng01_works_as_expected_with_custom_argument_values">
      <skipped message="Reason: On CI ('test-mng01.R:45:5')"/>
    </testcase>
    <testcase time="0.902999999999992" classname="mng01" name="mng01_works_as_expected_with_custom_color_set"/>
    <testcase time="0.882000000000005" classname="mng01" name="mng01_works_as_expected_with_custom_color_set"/>
    <testcase time="0.00100000000000477" classname="mng01" name="mng01_works_as_expected_with_custom_color_set">
      <skipped message="Reason: On CI ('test-mng01.R:69:5')"/>
    </testcase>
    <testcase time="0.959000000000003" classname="mng01" name="mng01_works_as_expected_with_custom_line_type_set"/>
    <testcase time="0.923999999999978" classname="mng01" name="mng01_works_as_expected_with_custom_line_type_set"/>
    <testcase time="0.00200000000000955" classname="mng01" name="mng01_works_as_expected_with_custom_line_type_set">
      <skipped message="Reason: On CI ('test-mng01.R:91:5')"/>
    </testcase>
    <testcase time="0.14500000000001" classname="mng01" name="mng01_works_with_table_NULL"/>
    <testcase time="0.00100000000000477" classname="mng01" name="mng01_works_with_table_NULL">
      <skipped message="Reason: On CI ('test-mng01.R:104:5')"/>
    </testcase>
    <testcase time="0.915999999999997" classname="mng01" name="mng01_works_with_combination_of_x_variables"/>
    <testcase time="0.00100000000000477" classname="mng01" name="mng01_works_with_combination_of_x_variables">
      <skipped message="Reason: On CI ('test-mng01.R:122:5')"/>
    </testcase>
    <testcase time="0.873999999999995" classname="mng01" name="mng01_works_with_numeric_x_variable"/>
    <testcase time="0.00100000000000477" classname="mng01" name="mng01_works_with_numeric_x_variable">
      <skipped message="Reason: On CI ('test-mng01.R:143:5')"/>
    </testcase>
    <testcase time="0.917999999999978" classname="mng01" name="mng01_works_with_numeric_jitter"/>
    <testcase time="0.00100000000000477" classname="mng01" name="mng01_works_with_numeric_jitter">
      <skipped message="Reason: On CI ('test-mng01.R:161:5')"/>
    </testcase>
  </testsuite>
  <testsuite name="pdt01" timestamp="2025-04-07T07:24:06Z" hostname="2894c9a401bc" tests="5" skipped="0" failures="0" errors="0" time="1.142">
    <testcase time="0.444999999999993" classname="pdt01" name="pdt01_function_with_default_argument_value_return_expected_result_with_test_data"/>
    <testcase time="0.100000000000023" classname="pdt01" name="pdt01_can_handle_all_NA_values"/>
    <testcase time="0.162999999999982" classname="pdt01" name="pdt01_can_handle_all_NA_values"/>
    <testcase time="0.188000000000017" classname="pdt01" name="pdt01_can_handle_some_NA_values"/>
    <testcase time="0.245999999999981" classname="pdt01" name="pdt01_can_handle_some_NA_values"/>
  </testsuite>
  <testsuite name="pdt02" timestamp="2025-04-07T07:24:07Z" hostname="2894c9a401bc" tests="5" skipped="0" failures="0" errors="0" time="0.933">
    <testcase time="0.316000000000003" classname="pdt02" name="pdt02_function_with_default_argument_value_return_expected_result_with_test_data"/>
    <testcase time="0.123000000000019" classname="pdt02" name="pdt02_can_handle_all_NA_values"/>
    <testcase time="0.186999999999983" classname="pdt02" name="pdt02_can_handle_all_NA_values"/>
    <testcase time="0.123999999999995" classname="pdt02" name="pdt02_can_handle_some_NA_values"/>
    <testcase time="0.183000000000021" classname="pdt02" name="pdt02_can_handle_some_NA_values"/>
  </testsuite>
  <testsuite name="reexports" timestamp="2025-04-07T07:24:08Z" hostname="2894c9a401bc" tests="2" skipped="0" failures="0" errors="0" time="0.015">
    <testcase time="0.00899999999998613" classname="reexports" name="with_label_exported_correctly"/>
    <testcase time="0.00600000000000023" classname="reexports" name="reformat_exported_correctly"/>
  </testsuite>
  <testsuite name="report_null" timestamp="2025-04-07T07:24:08Z" hostname="2894c9a401bc" tests="12" skipped="0" failures="0" errors="0" time="0.154">
    <testcase time="0.0159999999999911" classname="report_null" name="report_null_works_as_expected_with_NULL_"/>
    <testcase time="0.0100000000000193" classname="report_null" name="report_null_works_as_expected_with_NULL_"/>
    <testcase time="0.0309999999999775" classname="report_null" name="report_null_works_as_expected_with_VTableTree_"/>
    <testcase time="0.0220000000000198" classname="report_null" name="report_null_works_as_expected_with_VTableTree_"/>
    <testcase time="0.0109999999999957" classname="report_null" name="report_null_works_as_expected_with_VTableTree_"/>
    <testcase time="0.00800000000000978" classname="report_null" name="report_null_works_as_expected_with_listing_df_"/>
    <testcase time="0.0109999999999957" classname="report_null" name="report_null_works_as_expected_with_listing_df_"/>
    <testcase time="0.00999999999999091" classname="report_null" name="report_null_works_as_expected_with_listing_df_"/>
    <testcase time="0.00800000000000978" classname="report_null" name="report_null_works_as_expected_with_list_"/>
    <testcase time="0.018999999999977" classname="report_null" name="report_null_works_as_expected_with_list_"/>
    <testcase time="0.00500000000002387" classname="report_null" name="report_null_works_as_expected_with_by_default"/>
    <testcase time="0.0029999999999859" classname="report_null" name="report_null_works_as_expected_with_by_default"/>
  </testsuite>
  <testsuite name="rmpt01" timestamp="2025-04-07T07:24:08Z" hostname="2894c9a401bc" tests="11" skipped="0" failures="0" errors="0" time="1.486">
    <testcase time="0.229000000000013" classname="rmpt01" name="rmpt01_function_with_default_argument_value_return_expected_result_with_test_data"/>
    <testcase time="0.0629999999999882" classname="rmpt01" name="rmpt01_can_handle_NA_values"/>
    <testcase time="0.15100000000001" classname="rmpt01" name="rmpt01_can_handle_NA_values"/>
    <testcase time="0.129999999999995" classname="rmpt01" name="rmpt01_can_handle_NA_values"/>
    <testcase time="0.25" classname="rmpt01" name="rmpt01_can_handle_NA_values"/>
    <testcase time="0.0629999999999882" classname="rmpt01" name="rmpt01_can_handle_some_NA_values"/>
    <testcase time="0.149000000000001" classname="rmpt01" name="rmpt01_can_handle_some_NA_values"/>
    <testcase time="0.128000000000014" classname="rmpt01" name="rmpt01_can_handle_some_NA_values"/>
    <testcase time="0.252999999999986" classname="rmpt01" name="rmpt01_can_handle_some_NA_values"/>
    <testcase time="0.0320000000000107" classname="rmpt01" name="rmpt01_fails_on_incomlete_data"/>
    <testcase time="0.0379999999999825" classname="rmpt01" name="rmpt01_fails_on_incomlete_data"/>
  </testsuite>
  <testsuite name="rmpt03" timestamp="2025-04-07T07:24:10Z" hostname="2894c9a401bc" tests="12" skipped="0" failures="0" errors="0" time="2.155">
    <testcase time="0.354000000000013" classname="rmpt03" name="rmpt03_function_with_default_argument_value_return_expected_result_with_test_data"/>
    <testcase time="0.115000000000009" classname="rmpt03" name="rmpt03_can_handle_NA_values"/>
    <testcase time="0.226999999999975" classname="rmpt03" name="rmpt03_can_handle_NA_values"/>
    <testcase time="0.213000000000022" classname="rmpt03" name="rmpt03_can_handle_NA_values"/>
    <testcase time="0.304000000000002" classname="rmpt03" name="rmpt03_can_handle_NA_values"/>
    <testcase time="0.114999999999981" classname="rmpt03" name="rmpt03_can_handle_some_NA_values"/>
    <testcase time="0.228000000000009" classname="rmpt03" name="rmpt03_can_handle_some_NA_values"/>
    <testcase time="0.213999999999999" classname="rmpt03" name="rmpt03_can_handle_some_NA_values"/>
    <testcase time="0.305999999999983" classname="rmpt03" name="rmpt03_can_handle_some_NA_values"/>
    <testcase time="0.0349999999999966" classname="rmpt03" name="rmpt03_fails_on_incomlete_data"/>
    <testcase time="0.0270000000000152" classname="rmpt03" name="rmpt03_fails_on_incomlete_data"/>
    <testcase time="0.0169999999999959" classname="rmpt03" name="rmpt03_fails_on_incomlete_data"/>
  </testsuite>
  <testsuite name="rmpt04" timestamp="2025-04-07T07:24:12Z" hostname="2894c9a401bc" tests="10" skipped="0" failures="0" errors="0" time="1.039">
    <testcase time="0.199999999999989" classname="rmpt04" name="rmpt04_function_with_default_argument_value_return_expected_result_with_test_data"/>
    <testcase time="0.0600000000000023" classname="rmpt04" name="rmpt04_can_handle_NA_values"/>
    <testcase time="0.13900000000001" classname="rmpt04" name="rmpt04_can_handle_NA_values"/>
    <testcase time="0.0569999999999879" classname="rmpt04" name="rmpt04_can_handle_NA_values"/>
    <testcase time="0.120000000000005" classname="rmpt04" name="rmpt04_can_handle_NA_values"/>
    <testcase time="0.0660000000000025" classname="rmpt04" name="rmpt04_can_handle_some_NA_values"/>
    <testcase time="0.13300000000001" classname="rmpt04" name="rmpt04_can_handle_some_NA_values"/>
    <testcase time="0.0609999999999786" classname="rmpt04" name="rmpt04_can_handle_some_NA_values"/>
    <testcase time="0.14500000000001" classname="rmpt04" name="rmpt04_can_handle_some_NA_values"/>
    <testcase time="0.0579999999999927" classname="rmpt04" name="rmpt04_fails_on_incomlete_data"/>
  </testsuite>
  <testsuite name="rmpt05" timestamp="2025-04-07T07:24:13Z" hostname="2894c9a401bc" tests="10" skipped="0" failures="0" errors="0" time="1.1">
    <testcase time="0.211000000000013" classname="rmpt05" name="rmpt05_function_with_default_argument_value_return_expected_result_with_test_data"/>
    <testcase time="0.0649999999999977" classname="rmpt05" name="rmpt05_can_handle_NA_values"/>
    <testcase time="0.128000000000014" classname="rmpt05" name="rmpt05_can_handle_NA_values"/>
    <testcase time="0.0719999999999743" classname="rmpt05" name="rmpt05_can_handle_NA_values"/>
    <testcase time="0.137" classname="rmpt05" name="rmpt05_can_handle_NA_values"/>
    <testcase time="0.0649999999999977" classname="rmpt05" name="rmpt05_can_handle_some_NA_values"/>
    <testcase time="0.14700000000002" classname="rmpt05" name="rmpt05_can_handle_some_NA_values"/>
    <testcase time="0.063999999999993" classname="rmpt05" name="rmpt05_can_handle_some_NA_values"/>
    <testcase time="0.146000000000015" classname="rmpt05" name="rmpt05_can_handle_some_NA_values"/>
    <testcase time="0.0649999999999977" classname="rmpt05" name="rmpt05_fails_on_incomlete_data"/>
  </testsuite>
  <testsuite name="rmpt06" timestamp="2025-04-07T07:24:14Z" hostname="2894c9a401bc" tests="6" skipped="0" failures="0" errors="0" time="2.076">
    <testcase time="0.579999999999984" classname="rmpt06" name="rmpt06_works_as_expected"/>
    <testcase time="0.599000000000018" classname="rmpt06" name="rmpt06_works_as_expected_with_show_diff_TRUE"/>
    <testcase time="0.234999999999985" classname="rmpt06" name="rmpt06_can_handle_all_NA_values"/>
    <testcase time="0.294999999999987" classname="rmpt06" name="rmpt06_can_handle_all_NA_values"/>
    <testcase time="0.228000000000009" classname="rmpt06" name="rmpt06_can_handle_all_NA_values"/>
    <testcase time="0.13900000000001" classname="rmpt06" name="rmpt06_can_handle_all_NA_values"/>
  </testsuite>
  <testsuite name="rspt01" timestamp="2025-04-07T07:24:16Z" hostname="2894c9a401bc" tests="27" skipped="0" failures="0" errors="0" time="7.359">
    <testcase time="0.0159999999999911" classname="rspt01" name="rspt01_works_as_expected"/>
    <testcase time="0.294000000000011" classname="rspt01" name="rspt01_works_as_expected"/>
    <testcase time="0.263000000000005" classname="rspt01" name="rspt01_works_as_expected"/>
    <testcase time="0.294999999999987" classname="rspt01" name="rspt01_works_as_expected_for_stratified_and_unstratified_analysis"/>
    <testcase time="0.287000000000006" classname="rspt01" name="rspt01_works_as_expected_for_stratified_and_unstratified_analysis"/>
    <testcase time="0.349999999999994" classname="rspt01" name="rspt01_works_as_expected_for_stratified_and_unstratified_analysis"/>
    <testcase time="0.314999999999998" classname="rspt01" name="rspt01_works_as_expected_for_stratified_and_unstratified_analysis"/>
    <testcase time="0.25200000000001" classname="rspt01" name="rspt01_works_as_expected_for_unstratified_analysis_only"/>
    <testcase time="0.248999999999995" classname="rspt01" name="rspt01_works_as_expected_for_unstratified_analysis_only"/>
    <testcase time="0.265999999999991" classname="rspt01" name="rspt01_works_as_expected_for_unstratified_analysis_only"/>
    <testcase time="0.26400000000001" classname="rspt01" name="rspt01_works_as_expected_for_unstratified_analysis_only"/>
    <testcase time="0.25200000000001" classname="rspt01" name="rspt01_works_as_expected_for_stratified_analysis_only"/>
    <testcase time="0.239999999999981" classname="rspt01" name="rspt01_works_as_expected_for_stratified_analysis_only"/>
    <testcase time="0.269000000000005" classname="rspt01" name="rspt01_works_as_expected_for_stratified_analysis_only"/>
    <testcase time="0.263000000000005" classname="rspt01" name="rspt01_works_as_expected_for_stratified_analysis_only"/>
    <testcase time="0.490000000000009" classname="rspt01" name="rspt01_works_if_change_reference_group"/>
    <testcase time="0.238999999999976" classname="rspt01" name="rspt01_works_if_change_reference_group"/>
    <testcase time="0.308000000000021" classname="rspt01" name="rspt01_works_if_change_reference_group"/>
    <testcase time="0.280999999999977" classname="rspt01" name="rspt01_works_if_change_reference_group"/>
    <testcase time="0.246000000000009" classname="rspt01" name="rspt01_works_if_change_statistic_methods"/>
    <testcase time="0.231999999999999" classname="rspt01" name="rspt01_works_if_change_statistic_methods"/>
    <testcase time="0.311000000000007" classname="rspt01" name="rspt01_works_if_change_statistic_methods"/>
    <testcase time="0.305000000000007" classname="rspt01" name="rspt01_works_if_change_statistic_methods"/>
    <testcase time="0.246999999999986" classname="rspt01" name="rspt01_works_if_change_confidence_interval"/>
    <testcase time="0.240000000000009" classname="rspt01" name="rspt01_works_if_change_confidence_interval"/>
    <testcase time="0.304000000000002" classname="rspt01" name="rspt01_works_if_change_confidence_interval"/>
    <testcase time="0.281000000000006" classname="rspt01" name="rspt01_works_if_change_confidence_interval"/>
  </testsuite>
  <testsuite name="ttet01" timestamp="2025-04-07T07:24:23Z" hostname="2894c9a401bc" tests="16" skipped="0" failures="0" errors="0" time="5.065">
    <testcase time="0.0159999999999911" classname="ttet01" name="ttet01_works_as_expected"/>
    <testcase time="0.371000000000009" classname="ttet01" name="ttet01_works_as_expected"/>
    <testcase time="0.445999999999998" classname="ttet01" name="ttet01_works_as_expected"/>
    <testcase time="0.018999999999977" classname="ttet01" name="ttet01_returns_an_error_when_one_level_or_arm_var_is_empty"/>
    <testcase time="0.294000000000011" classname="ttet01" name="ttet01_works_as_expected_for_stratified_and_unstratified_analysis"/>
    <testcase time="0.324000000000012" classname="ttet01" name="ttet01_works_as_expected_for_stratified_and_unstratified_analysis"/>
    <testcase time="0.371999999999986" classname="ttet01" name="ttet01_works_as_expected_for_stratified_and_unstratified_analysis"/>
    <testcase time="0.429000000000002" classname="ttet01" name="ttet01_works_as_expected_for_stratified_and_unstratified_analysis"/>
    <testcase time="0.316000000000003" classname="ttet01" name="ttet01_works_as_expected_for_stratified_analysis_only"/>
    <testcase time="0.325999999999993" classname="ttet01" name="ttet01_works_as_expected_for_stratified_analysis_only"/>
    <testcase time="0.364000000000004" classname="ttet01" name="ttet01_works_as_expected_for_stratified_analysis_only"/>
    <testcase time="0.358000000000004" classname="ttet01" name="ttet01_works_as_expected_for_stratified_analysis_only"/>
    <testcase time="0.306999999999988" classname="ttet01" name="ttet01_works_if_change_reference_group"/>
    <testcase time="0.328000000000003" classname="ttet01" name="ttet01_works_if_change_reference_group"/>
    <testcase time="0.390999999999991" classname="ttet01" name="ttet01_works_if_change_reference_group"/>
    <testcase time="0.404000000000025" classname="ttet01" name="ttet01_works_if_change_reference_group"/>
  </testsuite>
  <testsuite name="unwrap" timestamp="2025-04-07T07:24:28Z" hostname="2894c9a401bc" tests="12" skipped="0" failures="0" errors="0" time="0.163">
    <testcase time="0.0129999999999768" classname="unwrap" name="unwrap_layout_works_as_expected_with_standard_chevron_t_main_function"/>
    <testcase time="0.00200000000000955" classname="unwrap" name="unwrap_layout_works_as_expected_with_standard_chevron_t_main_function"/>
    <testcase time="0.00100000000000477" classname="unwrap" name="unwrap_layout_works_as_expected_with_standard_chevron_t_main_function"/>
    <testcase time="0.0289999999999964" classname="unwrap" name="unwrap_layout_works_as_expected_with_standard_chevron_t_main_function"/>
    <testcase time="0.01400000000001" classname="unwrap" name="unwrap_layout_works_as_expected_with_standard_chevron_g_main_function"/>
    <testcase time="0.007000000000005" classname="unwrap" name="unwrap_layout_works_as_expected_with_standard_chevron_l_main_function"/>
    <testcase time="0.00600000000000023" classname="unwrap" name="unwrap_layout_works_as_expected_with_a_custom_function_without_layout_function"/>
    <testcase time="0.0299999999999727" classname="unwrap" name="unwrap_layout_works_as_expected_with_a_custom_function_with_layout_function"/>
    <testcase time="0.00100000000000477" classname="unwrap" name="unwrap_layout_works_as_expected_with_a_custom_function_with_layout_function"/>
    <testcase time="0.0300000000000011" classname="unwrap" name="unwrap_layout_works_as_expected_with_multiple_layout_function"/>
    <testcase time="0.0289999999999964" classname="unwrap" name="unwrap_layout_works_as_expected_on_custom_function_with_overwritten_layout_function"/>
    <testcase time="0.00100000000000477" classname="unwrap" name="unwrap_layout_works_as_expected_on_custom_function_with_overwritten_layout_function"/>
  </testsuite>
  <testsuite name="utils" timestamp="2025-04-07T07:24:29Z" hostname="2894c9a401bc" tests="81" skipped="0" failures="0" errors="0" time="2.364">
    <testcase time="0.00900000000001455" classname="utils" name="h_format_dec_works_as_exected"/>
    <testcase time="0.0029999999999859" classname="utils" name="h_format_dec_works_as_exected"/>
    <testcase time="0.00100000000000477" classname="utils" name="h_format_dec_works_as_exected"/>
    <testcase time="0.00300000000001432" classname="utils" name="h_format_dec_works_as_exected"/>
    <testcase time="0.000999999999976353" classname="utils" name="h_format_dec_works_as_exected"/>
    <testcase time="0.00300000000001432" classname="utils" name="h_format_dec_works_as_exected"/>
    <testcase time="0.00100000000000477" classname="utils" name="h_format_dec_works_as_exected"/>
    <testcase time="0.0029999999999859" classname="utils" name="h_format_dec_works_as_exected"/>
    <testcase time="0.00100000000000477" classname="utils" name="h_format_dec_works_as_exected"/>
    <testcase time="0.00300000000001432" classname="utils" name="h_format_dec_works_as_exected"/>
    <testcase time="0.00199999999998113" classname="utils" name="h_format_dec_works_as_exected"/>
    <testcase time="0.00200000000000955" classname="utils" name="h_format_dec_works_as_exected"/>
    <testcase time="0.00600000000000023" classname="utils" name="h_format_dec_works_as_expected_with_more_than_one_value"/>
    <testcase time="0.0029999999999859" classname="utils" name="h_format_dec_works_as_expected_with_more_than_one_value"/>
    <testcase time="0.00499999999999545" classname="utils" name="h_format_dec_works_as_expected_with_NA_digits"/>
    <testcase time="0.00600000000000023" classname="utils" name="fuse_sequentially_works"/>
    <testcase time="0.00300000000001432" classname="utils" name="fuse_sequentially_works"/>
    <testcase time="0.0109999999999957" classname="utils" name="ifneeded_split_row_works_as_expected"/>
    <testcase time="0.00600000000000023" classname="utils" name="ifneeded_split_row_works_as_expected"/>
    <testcase time="0.0790000000000077" classname="utils" name="_unnamed_"/>
    <testcase time="0.0730000000000075" classname="utils" name="_unnamed_"/>
    <testcase time="0.063999999999993" classname="utils" name="_unnamed_"/>
    <testcase time="0.0490000000000066" classname="utils" name="_unnamed_"/>
    <testcase time="0.0029999999999859" classname="utils" name="droplevels.character_works_as_expected"/>
    <testcase time="0.00200000000000955" classname="utils" name="droplevels.character_works_as_expected"/>
    <testcase time="0.00499999999999545" classname="utils" name="lvls.character_works_as_expected"/>
    <testcase time="0.0029999999999859" classname="utils" name="lvls.character_works_as_expected"/>
    <testcase time="0.0040000000000191" classname="utils" name="lvls.factor_works_as_expected"/>
    <testcase time="0.0029999999999859" classname="utils" name="lvls.factor_works_as_expected"/>
    <testcase time="0.00499999999999545" classname="utils" name="lvls.default_works_as_expected"/>
    <testcase time="0.00200000000000955" classname="utils" name="lvls.default_works_as_expected"/>
    <testcase time="0.00499999999999545" classname="utils" name="quote_str_works_as_expected"/>
    <testcase time="0.00300000000001432" classname="utils" name="quote_str_works_as_expected"/>
    <testcase time="0.00499999999999545" classname="utils" name="quote_str_works_as_expected"/>
    <testcase time="0.00499999999999545" classname="utils" name="modify_default_args_works_as_expected"/>
    <testcase time="0.00300000000001432" classname="utils" name="modify_default_args_works_as_expected"/>
    <testcase time="0.00399999999999068" classname="utils" name="execute_with_args_works_as_expected"/>
    <testcase time="0.0029999999999859" classname="utils" name="execute_with_args_works_as_expected"/>
    <testcase time="0.00200000000000955" classname="utils" name="execute_with_args_works_as_expected"/>
    <testcase time="0.00300000000001432" classname="utils" name="execute_with_args_works_as_expected"/>
    <testcase time="0.000999999999976353" classname="utils" name="execute_with_args_works_as_expected"/>
    <testcase time="0.00300000000001432" classname="utils" name="execute_with_args_works_as_expected"/>
    <testcase time="0.00200000000000955" classname="utils" name="execute_with_args_works_as_expected"/>
    <testcase time="0.0029999999999859" classname="utils" name="execute_with_args_works_as_expected"/>
    <testcase time="0.00100000000000477" classname="utils" name="execute_with_args_works_as_expected"/>
    <testcase time="0.0029999999999859" classname="utils" name="execute_with_args_works_as_expected"/>
    <testcase time="0.00200000000000955" classname="utils" name="execute_with_args_works_as_expected"/>
    <testcase time="0.00200000000000955" classname="utils" name="execute_with_args_works_as_expected"/>
    <testcase time="0.00499999999999545" classname="utils" name="do_call_work_as_expected"/>
    <testcase time="0.0029999999999859" classname="utils" name="do_call_work_as_expected"/>
    <testcase time="0.00800000000000978" classname="utils" name="do_call_errors_as_expected"/>
    <testcase time="0.00499999999999545" classname="utils" name="do_call_errors_as_expected"/>
    <testcase time="0.00600000000000023" classname="utils" name="convert_to_month_work_as_expected"/>
    <testcase time="0.00200000000000955" classname="utils" name="convert_to_month_work_as_expected"/>
    <testcase time="0.00199999999998113" classname="utils" name="convert_to_month_work_as_expected"/>
    <testcase time="0.00300000000001432" classname="utils" name="convert_to_month_work_as_expected"/>
    <testcase time="0.00200000000000955" classname="utils" name="convert_to_month_work_as_expected"/>
    <testcase time="0.0029999999999859" classname="utils" name="convert_to_month_work_as_expected"/>
    <testcase time="0.00800000000000978" classname="utils" name="convert_to_month_warning_messages_as_expected"/>
    <testcase time="0.00999999999999091" classname="utils" name="gg_theme_chevron_works_as_expected"/>
    <testcase time="0.00200000000000955" classname="utils" name="gg_theme_chevron_works_as_expected"/>
    <testcase time="0.00100000000000477" classname="utils" name="gg_theme_chevron_works_as_expected"/>
    <testcase time="0.00499999999999545" classname="utils" name="gg_theme_chevron_works_as_expected"/>
    <testcase time="0.00100000000000477" classname="utils" name="gg_theme_chevron_works_as_expected"/>
    <testcase time="0.00199999999998113" classname="utils" name="gg_theme_chevron_works_as_expected"/>
    <testcase time="0.00600000000000023" classname="utils" name="modify_character_works"/>
    <testcase time="0.00300000000001432" classname="utils" name="modify_character_works"/>
    <testcase time="0.00600000000000023" classname="utils" name="expand_list_works"/>
    <testcase time="0.0029999999999859" classname="utils" name="expand_list_works"/>
    <testcase time="0.00499999999999545" classname="utils" name="set_section_div_works"/>
    <testcase time="0.0100000000000193" classname="utils" name="set_section_div_works"/>
    <testcase time="0.007000000000005" classname="utils" name="set_section_div_works"/>
    <testcase time="0.0029999999999859" classname="utils" name="set_section_div_works"/>
    <testcase time="0.00600000000000023" classname="utils" name="get_section_div_works"/>
    <testcase time="0.00300000000001432" classname="utils" name="get_section_div_works"/>
    <testcase time="0.923999999999978" classname="utils" name="grob_list_is_deprecated"/>
    <testcase time="0.887" classname="utils" name="gg_list_is_deprecated"/>
    <testcase time="0.007000000000005" classname="utils" name="format_date_works_as_expected_for_POSIXct"/>
    <testcase time="0.00300000000001432" classname="utils" name="format_date_works_as_expected_for_POSIXct"/>
    <testcase time="0.00600000000000023" classname="utils" name="format_date_works_as_expected_for_Date"/>
    <testcase time="0.0029999999999859" classname="utils" name="format_date_works_as_expected_for_Date"/>
  </testsuite>
  <testsuite name="vst01" timestamp="2025-04-07T07:24:31Z" hostname="2894c9a401bc" tests="3" skipped="0" failures="0" errors="0" time="4.712">
    <testcase time="2.358" classname="vst01" name="vst01_functions_with_default_argument_value_return_expected_result_with_test_data"/>
    <testcase time="0.787000000000006" classname="vst01" name="run_vst01_works_as_expected"/>
    <testcase time="1.56699999999998" classname="vst01" name="run_vst01_works_as_expected"/>
  </testsuite>
  <testsuite name="vst02" timestamp="2025-04-07T07:24:36Z" hostname="2894c9a401bc" tests="2" skipped="0" failures="0" errors="0" time="0.966">
    <testcase time="0.486000000000018" classname="vst02" name="vst02_functions_with_default_argument_value_return_expected_result_with_test_data"/>
    <testcase time="0.47999999999999" classname="vst02" name="vst02_functions_return_expected_result_with_test_data_when_excluding_subject_with_baseline_abnormality"/>
  </testsuite>
</testsuites>
