<?xml version="1.0" encoding="UTF-8"?>
<testsuites>
  <testsuite name="ael01_nollt" timestamp="2024-07-02T14:41:29Z" hostname="049a6796a003" tests="14" skipped="6" failures="0" errors="0" time="1.227">
    <testcase time="0.0719999999999996" classname="ael01_nollt" name="ael01_nollt_works_with_admh_dataset"/>
    <testcase time="0.259" classname="ael01_nollt" name="ael01_nollt_works_with_admh_dataset">
      <skipped message="Reason: On CRAN ('test-ael01_nollt.R:7:3')"/>
    </testcase>
    <testcase time="0.0579999999999998" classname="ael01_nollt" name="ael01_nollt_works_with_non_default_label"/>
    <testcase time="0.198" classname="ael01_nollt" name="ael01_nollt_works_with_non_default_label">
      <skipped message="Reason: On CRAN ('test-ael01_nollt.R:20:3')"/>
    </testcase>
    <testcase time="0.056" classname="ael01_nollt" name="ael01_nollt_can_handle_all_missing_values"/>
    <testcase time="0.0680000000000001" classname="ael01_nollt" name="ael01_nollt_can_handle_all_missing_values">
      <skipped message="Reason: On CRAN ('test-ael01_nollt.R:33:3')"/>
    </testcase>
    <testcase time="0.044" classname="ael01_nollt" name="ael01_nollt_can_handle_some_missing_values"/>
    <testcase time="0.121" classname="ael01_nollt" name="ael01_nollt_can_handle_some_missing_values">
      <skipped message="Reason: On CRAN ('test-ael01_nollt.R:48:3')"/>
    </testcase>
    <testcase time="0.0339999999999998" classname="ael01_nollt" name="ael01_nollt_listing_can_be_split_by_an_additional_variable"/>
    <testcase time="0.00200000000000022" classname="ael01_nollt" name="ael01_nollt_listing_can_be_split_by_an_additional_variable"/>
    <testcase time="0.166" classname="ael01_nollt" name="ael01_nollt_listing_can_be_split_by_an_additional_variable">
      <skipped message="Reason: On CRAN ('test-ael01_nollt.R:63:3')"/>
    </testcase>
    <testcase time="0.0339999999999998" classname="ael01_nollt" name="split_ael01_nollt_listing_do_not_display_missing_values"/>
    <testcase time="0.00200000000000022" classname="ael01_nollt" name="split_ael01_nollt_listing_do_not_display_missing_values"/>
    <testcase time="0.113" classname="ael01_nollt" name="split_ael01_nollt_listing_do_not_display_missing_values">
      <skipped message="Reason: On CRAN ('test-ael01_nollt.R:81:3')"/>
    </testcase>
  </testsuite>
  <testsuite name="ael02" timestamp="2024-07-02T14:41:31Z" hostname="049a6796a003" tests="9" skipped="3" failures="0" errors="0" time="2.833">
    <testcase time="0.085" classname="ael02" name="ael02_works_with_adae_dataset"/>
    <testcase time="0.00099999999999989" classname="ael02" name="ael02_works_with_adae_dataset"/>
    <testcase time="0.859" classname="ael02" name="ael02_works_with_adae_dataset">
      <skipped message="Reason: On CRAN ('test-ael02.R:9:3')"/>
    </testcase>
    <testcase time="0.0649999999999995" classname="ael02" name="ael02_can_handle_all_missing_values"/>
    <testcase time="0.00100000000000033" classname="ael02" name="ael02_can_handle_all_missing_values"/>
    <testcase time="0.891999999999999" classname="ael02" name="ael02_can_handle_all_missing_values">
      <skipped message="Reason: On CRAN ('test-ael02.R:23:3')"/>
    </testcase>
    <testcase time="0.0660000000000007" classname="ael02" name="ael02_functions_work_as_expected"/>
    <testcase time="0.000999999999999446" classname="ael02" name="ael02_functions_work_as_expected"/>
    <testcase time="0.863" classname="ael02" name="ael02_functions_work_as_expected">
      <skipped message="Reason: On CRAN ('test-ael02.R:37:3')"/>
    </testcase>
  </testsuite>
  <testsuite name="ael03" timestamp="2024-07-02T14:41:34Z" hostname="049a6796a003" tests="9" skipped="3" failures="0" errors="0" time="2.878">
    <testcase time="0.0819999999999999" classname="ael03" name="ael03_works_with_adae_dataset"/>
    <testcase time="0.00100000000000033" classname="ael03" name="ael03_works_with_adae_dataset"/>
    <testcase time="0.872" classname="ael03" name="ael03_works_with_adae_dataset">
      <skipped message="Reason: On CRAN ('test-ael03.R:9:3')"/>
    </testcase>
    <testcase time="0.0899999999999999" classname="ael03" name="ael03_can_handle_all_missing_values"/>
    <testcase time="0.00199999999999978" classname="ael03" name="ael03_can_handle_all_missing_values"/>
    <testcase time="0.894" classname="ael03" name="ael03_can_handle_all_missing_values">
      <skipped message="Reason: On CRAN ('test-ael03.R:24:3')"/>
    </testcase>
    <testcase time="0.0649999999999995" classname="ael03" name="ael03_functions_work_as_expected"/>
    <testcase time="0.00100000000000122" classname="ael03" name="ael03_functions_work_as_expected"/>
    <testcase time="0.870999999999999" classname="ael03" name="ael03_functions_work_as_expected">
      <skipped message="Reason: On CRAN ('test-ael03.R:37:3')"/>
    </testcase>
  </testsuite>
  <testsuite name="aet01" timestamp="2024-07-02T14:41:36Z" hostname="049a6796a003" tests="11" skipped="5" failures="0" errors="0" time="3.035">
    <testcase time="0.454000000000001" classname="aet01" name="aet01_can_handle_all_NA_values"/>
    <testcase time="0.276999999999999" classname="aet01" name="aet01_can_handle_all_NA_values">
      <skipped message="Reason: On CRAN ('test-aet01.R:12:3')"/>
    </testcase>
    <testcase time="0.312000000000001" classname="aet01" name="aet01_can_handle_some_NA_values"/>
    <testcase time="0.266999999999999" classname="aet01" name="aet01_can_handle_some_NA_values">
      <skipped message="Reason: On CRAN ('test-aet01.R:29:3')"/>
    </testcase>
    <testcase time="0.243" classname="aet01" name="aet01_can_use_custom_anl_vars"/>
    <testcase time="0.157" classname="aet01" name="aet01_can_use_custom_anl_vars">
      <skipped message="Reason: On CRAN ('test-aet01.R:35:3')"/>
    </testcase>
    <testcase time="0.0860000000000003" classname="aet01" name="aet01_fails_on_incomplete_data_input"/>
    <testcase time="0.317" classname="aet01" name="aet01_can_use_custom_medconcept_var"/>
    <testcase time="0.292999999999999" classname="aet01" name="aet01_can_use_custom_medconcept_var">
      <skipped message="Reason: On CRAN ('test-aet01.R:65:3')"/>
    </testcase>
    <testcase time="0.4" classname="aet01" name="aet01_can_conditionally_show_the_number_of_withdrawal"/>
    <testcase time="0.228999999999999" classname="aet01" name="aet01_can_conditionally_show_the_number_of_withdrawal">
      <skipped message="Reason: On CRAN ('test-aet01.R:70:3')"/>
    </testcase>
  </testsuite>
  <testsuite name="aet01_aesi" timestamp="2024-07-02T14:41:39Z" hostname="049a6796a003" tests="7" skipped="3" failures="0" errors="0" time="1.672">
    <testcase time="0.245000000000001" classname="aet01_aesi" name="aet01_aesi_can_handle_all_NA_values"/>
    <testcase time="0.241999999999999" classname="aet01_aesi" name="aet01_aesi_can_handle_all_NA_values">
      <skipped message="Reason: On CRAN ('test-aet01_aesi.R:17:3')"/>
    </testcase>
    <testcase time="0.219000000000001" classname="aet01_aesi" name="aet01_aesi_can_handle_some_NA_values"/>
    <testcase time="0.241" classname="aet01_aesi" name="aet01_aesi_can_handle_some_NA_values">
      <skipped message="Reason: On CRAN ('test-aet01_aesi.R:30:3')"/>
    </testcase>
    <testcase time="0.282" classname="aet01_aesi" name="aet01_aesi_works_with_ALL_argument"/>
    <testcase time="0.376999999999999" classname="aet01_aesi" name="aet01_aesi_works_with_ALL_argument">
      <skipped message="Reason: On CRAN ('test-aet01_aesi.R:36:3')"/>
    </testcase>
    <testcase time="0.0660000000000007" classname="aet01_aesi" name="aet01_aesi_check_fails_on_incomplete_data_input"/>
  </testsuite>
  <testsuite name="aet02" timestamp="2024-07-02T14:41:41Z" hostname="049a6796a003" tests="3" skipped="1" failures="0" errors="0" time="1.673">
    <testcase time="0.0570000000000004" classname="aet02" name="aet02_fails_on_incomplete_data_input"/>
    <testcase time="0.113" classname="aet02" name="aet02_handle_empty_data_input"/>
    <testcase time="1.503" classname="aet02" name="aet02_can_have_different_levels_of_row_split">
      <skipped message="Reason: On CRAN ('test-aet02.R:30:3')"/>
    </testcase>
  </testsuite>
  <testsuite name="aet03" timestamp="2024-07-02T14:41:43Z" hostname="049a6796a003" tests="4" skipped="2" failures="0" errors="0" time="2.693">
    <testcase time="0.311" classname="aet03" name="aet03_can_handle_NA_values"/>
    <testcase time="0.267999999999999" classname="aet03" name="aet03_can_handle_NA_values">
      <skipped message="Reason: On CRAN ('test-aet03.R:10:3')"/>
    </testcase>
    <testcase time="1.394" classname="aet03" name="aet03_can_handle_some_NA_values"/>
    <testcase time="0.719999999999999" classname="aet03" name="aet03_can_handle_some_NA_values">
      <skipped message="Reason: On CRAN ('test-aet03.R:27:3')"/>
    </testcase>
  </testsuite>
  <testsuite name="aet04" timestamp="2024-07-02T14:41:46Z" hostname="049a6796a003" tests="4" skipped="2" failures="0" errors="0" time="4.45">
    <testcase time="0.446000000000002" classname="aet04" name="aet04_can_handle_NA_values"/>
    <testcase time="0.401999999999997" classname="aet04" name="aet04_can_handle_NA_values">
      <skipped message="Reason: On CRAN ('test-aet04.R:10:3')"/>
    </testcase>
    <testcase time="2.44" classname="aet04" name="aet04_can_handle_some_NA_values"/>
    <testcase time="1.162" classname="aet04" name="aet04_can_handle_some_NA_values">
      <skipped message="Reason: On CRAN ('test-aet04.R:32:3')"/>
    </testcase>
  </testsuite>
  <testsuite name="aet05" timestamp="2024-07-02T14:41:50Z" hostname="049a6796a003" tests="4" skipped="2" failures="0" errors="0" time="0.844">
    <testcase time="0.184000000000001" classname="aet05" name="aet05_can_handle_NA_values"/>
    <testcase time="0.236000000000001" classname="aet05" name="aet05_can_handle_NA_values">
      <skipped message="Reason: On CRAN ('test-aet05.R:7:3')"/>
    </testcase>
    <testcase time="0.163999999999998" classname="aet05" name="aet05_can_handle_some_NA_values"/>
    <testcase time="0.260000000000002" classname="aet05" name="aet05_can_handle_some_NA_values">
      <skipped message="Reason: On CRAN ('test-aet05.R:24:3')"/>
    </testcase>
  </testsuite>
  <testsuite name="aet05_all" timestamp="2024-07-02T14:41:51Z" hostname="049a6796a003" tests="4" skipped="2" failures="0" errors="0" time="0.858">
    <testcase time="0.170999999999999" classname="aet05_all" name="aet05_all_can_handle_NA_values"/>
    <testcase time="0.234999999999999" classname="aet05_all" name="aet05_all_can_handle_NA_values">
      <skipped message="Reason: On CRAN ('test-aet05_all.R:7:3')"/>
    </testcase>
    <testcase time="0.169" classname="aet05_all" name="aet05_all_can_handle_some_NA_values"/>
    <testcase time="0.283000000000001" classname="aet05_all" name="aet05_all_can_handle_some_NA_values">
      <skipped message="Reason: On CRAN ('test-aet05_all.R:21:3')"/>
    </testcase>
  </testsuite>
  <testsuite name="aet10" timestamp="2024-07-02T14:41:52Z" hostname="049a6796a003" tests="4" skipped="2" failures="0" errors="0" time="0.537">
    <testcase time="0.0970000000000013" classname="aet10" name="aet10_can_handle_NA_values"/>
    <testcase time="0.101999999999997" classname="aet10" name="aet10_can_handle_NA_values">
      <skipped message="Reason: On CRAN ('test-aet10.R:10:3')"/>
    </testcase>
    <testcase time="0.122" classname="aet10" name="aet10_can_handle_some_NA_values"/>
    <testcase time="0.216000000000001" classname="aet10" name="aet10_can_handle_some_NA_values">
      <skipped message="Reason: On CRAN ('test-aet10.R:24:3')"/>
    </testcase>
  </testsuite>
  <testsuite name="assertions" timestamp="2024-07-02T14:41:52Z" hostname="049a6796a003" tests="33" skipped="0" failures="0" errors="0" time="0.209">
    <testcase time="0.0180000000000007" classname="assertions" name="assert_valid_var.character_works_as_expected"/>
    <testcase time="0.00499999999999901" classname="assertions" name="assert_valid_var.character_works_as_expected"/>
    <testcase time="0.00500000000000256" classname="assertions" name="assert_valid_var.character_works_as_expected"/>
    <testcase time="0.00499999999999901" classname="assertions" name="assert_valid_var.character_works_as_expected"/>
    <testcase time="0.00199999999999889" classname="assertions" name="assert_valid_var.character_works_as_expected"/>
    <testcase time="0.00600000000000023" classname="assertions" name="assert_valid_var.factor_works_as_expected"/>
    <testcase time="0.00600000000000023" classname="assertions" name="assert_valid_var.factor_works_as_expected"/>
    <testcase time="0.00499999999999901" classname="assertions" name="assert_valid_var.factor_works_as_expected"/>
    <testcase time="0.00500000000000256" classname="assertions" name="assert_valid_var.factor_works_as_expected"/>
    <testcase time="0.00199999999999889" classname="assertions" name="assert_valid_var.factor_works_as_expected"/>
    <testcase time="0.00499999999999901" classname="assertions" name="assert_valid_var.logical_works_as_expected"/>
    <testcase time="0.00499999999999901" classname="assertions" name="assert_valid_var.logical_works_as_expected"/>
    <testcase time="0.00400000000000134" classname="assertions" name="assert_valid_var.logical_works_as_expected"/>
    <testcase time="0.00199999999999889" classname="assertions" name="assert_valid_var.logical_works_as_expected"/>
    <testcase time="0.00600000000000023" classname="assertions" name="assert_valid_var.numeric_works_as_expected"/>
    <testcase time="0.00499999999999901" classname="assertions" name="assert_valid_var.numeric_works_as_expected"/>
    <testcase time="0.00500000000000256" classname="assertions" name="assert_valid_var.numeric_works_as_expected"/>
    <testcase time="0.00199999999999889" classname="assertions" name="assert_valid_var.numeric_works_as_expected"/>
    <testcase time="0.00499999999999901" classname="assertions" name="assert_valid_var.numeric_works_as_expected"/>
    <testcase time="0.00199999999999889" classname="assertions" name="assert_valid_var.numeric_works_as_expected"/>
    <testcase time="0.0190000000000019" classname="assertions" name="assert_valid_var.POSIXct_works_as_expected"/>
    <testcase time="0.0199999999999996" classname="assertions" name="assert_valid_var.POSIXct_works_as_expected"/>
    <testcase time="0.00600000000000023" classname="assertions" name="assert_valid_variable_works_as_expected"/>
    <testcase time="0.00199999999999889" classname="assertions" name="assert_valid_variable_works_as_expected"/>
    <testcase time="0.00700000000000145" classname="assertions" name="assert_valid_variable_works_as_expected"/>
    <testcase time="0.00300000000000011" classname="assertions" name="assert_valid_variable_works_as_expected"/>
    <testcase time="0.0069999999999979" classname="assertions" name="assert_valid_variable_works_as_expected"/>
    <testcase time="0.00200000000000244" classname="assertions" name="assert_valid_variable_works_as_expected"/>
    <testcase time="0.00600000000000023" classname="assertions" name="assert_valid_var_pair_works_as_expected_with_character"/>
    <testcase time="0.00600000000000023" classname="assertions" name="assert_valid_var_pair_works_as_expected_with_character"/>
    <testcase time="0.0139999999999993" classname="assertions" name="assert_valid_var_pair_works_as_expected_with_factor"/>
    <testcase time="0.00900000000000034" classname="assertions" name="assert_valid_var_pair_works_as_expected_with_factor"/>
    <testcase time="0.00799999999999912" classname="assertions" name="assert_valid_var_pair_works_as_expected_with_factor"/>
  </testsuite>
  <testsuite name="cfbt01" timestamp="2024-07-02T14:41:52Z" hostname="049a6796a003" tests="3" skipped="2" failures="0" errors="0" time="9.532">
    <testcase time="7.038" classname="cfbt01" name="cfbt01_functions_with_default_argument_value_return_expected_result_with_test_data">
      <skipped message="Reason: On CRAN ('test-cfbt01.R:7:3')"/>
    </testcase>
    <testcase time="0.838999999999999" classname="cfbt01" name="cfbt01_can_handle_n_0_and_outputs_NE_instead_of_infs_and_NAs"/>
    <testcase time="1.655" classname="cfbt01" name="cfbt01_can_handle_n_0_and_outputs_NE_instead_of_infs_and_NAs">
      <skipped message="Reason: On CRAN ('test-cfbt01.R:22:3')"/>
    </testcase>
  </testsuite>
  <testsuite name="checks" timestamp="2024-07-02T14:42:02Z" hostname="049a6796a003" tests="8" skipped="0" failures="0" errors="0" time="0.038">
    <testcase time="0.0180000000000007" classname="checks" name="check_all_colnames_works_as_expected"/>
    <testcase time="0.00300000000000011" classname="checks" name="check_all_colnames_works_as_expected"/>
    <testcase time="0.00200000000000244" classname="checks" name="check_all_colnames_works_as_expected"/>
    <testcase time="0.00300000000000011" classname="checks" name="check_all_colnames_works_as_expected"/>
    <testcase time="0.00499999999999545" classname="checks" name="check_one_colnames_works_as_expected"/>
    <testcase time="0.00300000000000011" classname="checks" name="check_one_colnames_works_as_expected"/>
    <testcase time="0.000999999999997669" classname="checks" name="check_one_colnames_works_as_expected"/>
    <testcase time="0.00300000000000011" classname="checks" name="check_one_colnames_works_as_expected"/>
  </testsuite>
  <testsuite name="chevron_tlg-class" timestamp="2024-07-02T14:42:02Z" hostname="049a6796a003" tests="27" skipped="0" failures="0" errors="0" time="0.113">
    <testcase time="0.00900000000000034" classname="chevron_tlg_class" name="chevron_t_object_can_be_constructed_with_default_values"/>
    <testcase time="0.00300000000000011" classname="chevron_tlg_class" name="chevron_t_object_can_be_constructed_with_default_values"/>
    <testcase time="0.00600000000000023" classname="chevron_tlg_class" name="chevron_t_object_can_be_constructed_with_custom_values"/>
    <testcase time="0.00300000000000011" classname="chevron_tlg_class" name="chevron_t_object_can_be_constructed_with_custom_values"/>
    <testcase time="0.00199999999999534" classname="chevron_tlg_class" name="chevron_t_object_can_be_constructed_with_custom_values"/>
    <testcase time="0.00300000000000011" classname="chevron_tlg_class" name="chevron_t_object_can_be_constructed_with_custom_values"/>
    <testcase time="0.00600000000000023" classname="chevron_tlg_class" name="chevron_t_constructor_returns_an_error_when_expected"/>
    <testcase time="0.00100000000000477" classname="chevron_tlg_class" name="chevron_t_constructor_returns_an_error_when_expected"/>
    <testcase time="0.00199999999999534" classname="chevron_tlg_class" name="chevron_t_constructor_returns_an_error_when_expected"/>
    <testcase time="0.00100000000000477" classname="chevron_tlg_class" name="chevron_t_constructor_returns_an_error_when_expected"/>
    <testcase time="0.000999999999997669" classname="chevron_tlg_class" name="chevron_t_constructor_returns_an_error_when_expected"/>
    <testcase time="0.000999999999997669" classname="chevron_tlg_class" name="chevron_t_constructor_returns_an_error_when_expected"/>
    <testcase time="0.00600000000000023" classname="chevron_tlg_class" name="chevron_l_object_can_be_constructed_with_default_values"/>
    <testcase time="0.00300000000000011" classname="chevron_tlg_class" name="chevron_l_object_can_be_constructed_with_default_values"/>
    <testcase time="0.0069999999999979" classname="chevron_tlg_class" name="chevron_g_object_can_be_constructed_with_custom_values"/>
    <testcase time="0.00300000000000011" classname="chevron_tlg_class" name="chevron_g_object_can_be_constructed_with_custom_values"/>
    <testcase time="0.0110000000000028" classname="chevron_tlg_class" name="chevron_g_object_can_be_constructed_with_custom_values"/>
    <testcase time="0.00399999999999778" classname="chevron_tlg_class" name="chevron_g_object_can_be_constructed_with_custom_values"/>
    <testcase time="0.00800000000000267" classname="chevron_tlg_class" name="chevron_g_constructor_returns_an_error_when_expected"/>
    <testcase time="0.000999999999997669" classname="chevron_tlg_class" name="chevron_g_constructor_returns_an_error_when_expected"/>
    <testcase time="0.00200000000000244" classname="chevron_tlg_class" name="chevron_g_constructor_returns_an_error_when_expected"/>
    <testcase time="0.00200000000000244" classname="chevron_tlg_class" name="chevron_g_constructor_returns_an_error_when_expected"/>
    <testcase time="0.00199999999999534" classname="chevron_tlg_class" name="chevron_g_constructor_returns_an_error_when_expected"/>
    <testcase time="0.00100000000000477" classname="chevron_tlg_class" name="chevron_g_constructor_returns_an_error_when_expected"/>
    <testcase time="0.00999999999999801" classname="chevron_tlg_class" name="chevron_simple_works_correctly"/>
    <testcase time="0.00200000000000244" classname="chevron_tlg_class" name="chevron_simple_works_correctly"/>
    <testcase time="0.0129999999999981" classname="chevron_tlg_class" name="chevron_simple_errors_if_contains_return"/>
  </testsuite>
  <testsuite name="chevron_tlg-methods" timestamp="2024-07-02T14:42:02Z" hostname="049a6796a003" tests="34" skipped="11" failures="0" errors="0" time="5.65">
    <testcase time="1.984" classname="chevron_tlg_methods" name="run_works_as_expected_for_chevron_t_object">
      <skipped message="Reason: On CRAN ('test-chevron_tlg-methods.R:8:3')"/>
    </testcase>
    <testcase time="0.579999999999998" classname="chevron_tlg_methods" name="run_works_as_expected_for_chevron_t_object_when_auto_pre_FALSE">
      <skipped message="Reason: On CRAN ('test-chevron_tlg-methods.R:16:3')"/>
    </testcase>
    <testcase time="0.302999999999997" classname="chevron_tlg_methods" name="run_works_as_expected_with_argument_printed">
      <skipped message="Reason: On CRAN ('test-chevron_tlg-methods.R:21:3')"/>
    </testcase>
    <testcase time="0.411000000000001" classname="chevron_tlg_methods" name="run_works_as_expected_with_argument_printed_if_the_user_argument_is_complicated">
      <skipped message="Reason: On CRAN ('test-chevron_tlg-methods.R:28:3')"/>
    </testcase>
    <testcase time="0.407000000000004" classname="chevron_tlg_methods" name="run_uses_the_argument_passed_through_the_ellipsis_in_priority">
      <skipped message="Reason: On CRAN ('test-chevron_tlg-methods.R:45:3')"/>
    </testcase>
    <testcase time="0.300999999999995" classname="chevron_tlg_methods" name="run_works_as_expected_with_partial_match_argument">
      <skipped message="Reason: On CRAN ('test-chevron_tlg-methods.R:51:3')"/>
    </testcase>
    <testcase time="0.405999999999999" classname="chevron_tlg_methods" name="run_displays_the_symbols_when_available">
      <skipped message="Reason: On CRAN ('test-chevron_tlg-methods.R:70:3')"/>
    </testcase>
    <testcase time="0.0130000000000052" classname="chevron_tlg_methods" name="args_ls_works_as_expected"/>
    <testcase time="0.000999999999997669" classname="chevron_tlg_methods" name="args_ls_works_as_expected"/>
    <testcase time="0.00200000000000244" classname="chevron_tlg_methods" name="args_ls_works_as_expected"/>
    <testcase time="0.00399999999999778" classname="chevron_tlg_methods" name="args_ls_works_as_expected_when_simplify_is_TRUE"/>
    <testcase time="0.00200000000000244" classname="chevron_tlg_methods" name="args_ls_works_as_expected_when_simplify_is_TRUE"/>
    <testcase time="0.000999999999997669" classname="chevron_tlg_methods" name="args_ls_works_as_expected_when_simplify_is_TRUE"/>
    <testcase time="0.00600000000000023" classname="chevron_tlg_methods" name="args_ls_works_as_expected_with_custom_chevron_tlg_object"/>
    <testcase time="0.000999999999997669" classname="chevron_tlg_methods" name="args_ls_works_as_expected_with_custom_chevron_tlg_object"/>
    <testcase time="0.00100000000000477" classname="chevron_tlg_methods" name="args_ls_works_as_expected_with_custom_chevron_tlg_object"/>
    <testcase time="0.00300000000000011" classname="chevron_tlg_methods" name="args_ls_works_as_expected_with_custom_chevron_tlg_object"/>
    <testcase time="0.00600000000000023" classname="chevron_tlg_methods" name="main_works_as_expected"/>
    <testcase time="0.0069999999999979" classname="chevron_tlg_methods" name="main_setter_works_as_expected"/>
    <testcase time="0.0120000000000005" classname="chevron_tlg_methods" name="main_setter_throw_an_error_as_expected"/>
    <testcase time="0.00600000000000023" classname="chevron_tlg_methods" name="preprocess_works_as_expected"/>
    <testcase time="0.0069999999999979" classname="chevron_tlg_methods" name="preprocess_setter_works_as_expected"/>
    <testcase time="0.0120000000000005" classname="chevron_tlg_methods" name="preprocess_sends_an_error_as_expected"/>
    <testcase time="0.0069999999999979" classname="chevron_tlg_methods" name="postprocess_works_as_expected"/>
    <testcase time="0.00600000000000023" classname="chevron_tlg_methods" name="postprocess_setter_works_as_expected"/>
    <testcase time="0.0120000000000005" classname="chevron_tlg_methods" name="postprocess_sends_an_error_as_expected"/>
    <testcase time="0.00500000000000256" classname="chevron_tlg_methods" name="script_funs_works_as_expected_in_interactive_mode">
      <skipped message="Reason: !interactive() is TRUE ('test-chevron_tlg-methods.R:185:3')"/>
    </testcase>
    <testcase time="0.0139999999999958" classname="chevron_tlg_methods" name="script_funs_works_as_expected"/>
    <testcase time="0.00200000000000244" classname="chevron_tlg_methods" name="script_funs_works_as_expected"/>
    <testcase time="1.073" classname="chevron_tlg_methods" name="script_funs_generates_a_valid_script">
      <skipped message="Reason: On CRAN ('test-chevron_tlg-methods.R:206:3')"/>
    </testcase>
    <testcase time="0.0150000000000006" classname="chevron_tlg_methods" name="script_funs_works_for_simple_template"/>
    <testcase time="0.000999999999997669" classname="chevron_tlg_methods" name="script_funs_works_for_simple_template"/>
    <testcase time="0.0189999999999984" classname="chevron_tlg_methods" name="print_list_works">
      <skipped message="Reason: On CRAN ('test-chevron_tlg-methods.R:219:3')"/>
    </testcase>
    <testcase time="0.0200000000000031" classname="chevron_tlg_methods" name="print_list_works_for_empty_list">
      <skipped message="Reason: On CRAN ('test-chevron_tlg-methods.R:223:3')"/>
    </testcase>
  </testsuite>
  <testsuite name="cmt01a" timestamp="2024-07-02T14:42:08Z" hostname="049a6796a003" tests="6" skipped="4" failures="0" errors="0" time="3.722">
    <testcase time="1.133" classname="cmt01a" name="cmt01a_functions_with_default_argument_value_return_expected_result_with_test_data">
      <skipped message="Reason: On CRAN ('test-cmt01a.R:7:3')"/>
    </testcase>
    <testcase time="1.061" classname="cmt01a" name="cmt01a_functions_with_custom_argument_value_return_expected_result_with_test_data">
      <skipped message="Reason: On CRAN ('test-cmt01a.R:19:3')"/>
    </testcase>
    <testcase time="0.159999999999997" classname="cmt01a" name="cmt01a_can_handle_all_NA_values"/>
    <testcase time="0.159999999999997" classname="cmt01a" name="cmt01a_can_handle_all_NA_values">
      <skipped message="Reason: On CRAN ('test-cmt01a.R:33:3')"/>
    </testcase>
    <testcase time="0.625" classname="cmt01a" name="cmt01a_can_handle_some_NA_values"/>
    <testcase time="0.582999999999998" classname="cmt01a" name="cmt01a_can_handle_some_NA_values">
      <skipped message="Reason: On CRAN ('test-cmt01a.R:41:3')"/>
    </testcase>
  </testsuite>
  <testsuite name="cmt02_pt" timestamp="2024-07-02T14:42:11Z" hostname="049a6796a003" tests="4" skipped="2" failures="0" errors="0" time="0.631">
    <testcase time="0.124000000000002" classname="cmt02_pt" name="cmt02_pt_can_handle_all_NA_values"/>
    <testcase time="0.121000000000002" classname="cmt02_pt" name="cmt02_pt_can_handle_all_NA_values">
      <skipped message="Reason: On CRAN ('test-cmt02_pt.R:9:3')"/>
    </testcase>
    <testcase time="0.155999999999999" classname="cmt02_pt" name="cmt02_pt_can_handle_some_NA_values"/>
    <testcase time="0.229999999999997" classname="cmt02_pt" name="cmt02_pt_can_handle_some_NA_values">
      <skipped message="Reason: On CRAN ('test-cmt02_pt.R:17:3')"/>
    </testcase>
  </testsuite>
  <testsuite name="coxt01" timestamp="2024-07-02T14:42:12Z" hostname="049a6796a003" tests="3" skipped="1" failures="0" errors="0" time="0.608">
    <testcase time="0.398000000000003" classname="coxt01" name="coxt01_can_handle_some_NA_values"/>
    <testcase time="0.181999999999995" classname="coxt01" name="coxt01_can_handle_some_NA_values">
      <skipped message="Reason: On CRAN ('test-coxt01.R:6:3')"/>
    </testcase>
    <testcase time="0.0280000000000058" classname="coxt01" name="coxt01_fails_on_incomlete_data"/>
  </testsuite>
  <testsuite name="coxt02" timestamp="2024-07-02T14:42:13Z" hostname="049a6796a003" tests="3" skipped="1" failures="0" errors="0" time="0.826">
    <testcase time="0.561999999999998" classname="coxt02" name="coxt02_can_handle_some_NA_values"/>
    <testcase time="0.240000000000002" classname="coxt02" name="coxt02_can_handle_some_NA_values">
      <skipped message="Reason: On CRAN ('test-coxt02.R:5:3')"/>
    </testcase>
    <testcase time="0.0240000000000009" classname="coxt02" name="coxt02_fails_on_incomlete_data"/>
  </testsuite>
  <testsuite name="default_tlg" timestamp="2024-07-02T14:42:14Z" hostname="049a6796a003" tests="15" skipped="15" failures="0" errors="0" time="12.084">
    <testcase time="0.139999999999993" classname="default_tlg" name="ael01_nollt_function_with_default_argument_value_return_expected_result_with_test_data">
      <skipped message="Reason: On CRAN ('test-default_tlg.R:5:3')"/>
    </testcase>
    <testcase time="0.568000000000005" classname="default_tlg" name="aet01_function_with_default_argument_value_return_expected_result_with_test_data">
      <skipped message="Reason: On CRAN ('test-default_tlg.R:12:3')"/>
    </testcase>
    <testcase time="0.509999999999998" classname="default_tlg" name="aet01_aesi_function_with_default_argument_value_return_expected_result_with_test_data">
      <skipped message="Reason: On CRAN ('test-default_tlg.R:19:3')"/>
    </testcase>
    <testcase time="1.017" classname="default_tlg" name="aet02_functions_with_default_argument_value_return_expected_result_with_test_data">
      <skipped message="Reason: On CRAN ('test-default_tlg.R:26:3')"/>
    </testcase>
    <testcase time="2.193" classname="default_tlg" name="aet03_functions_with_default_argument_value_return_expected_result_with_test_data">
      <skipped message="Reason: On CRAN ('test-default_tlg.R:33:3')"/>
    </testcase>
    <testcase time="3.305" classname="default_tlg" name="aet04_functions_with_default_argument_value_return_expected_result_with_test_data">
      <skipped message="Reason: On CRAN ('test-default_tlg.R:40:3')"/>
    </testcase>
    <testcase time="0.436" classname="default_tlg" name="aet05_functions_with_default_argument_value_return_expected_result_with_test_data">
      <skipped message="Reason: On CRAN ('test-default_tlg.R:47:3')"/>
    </testcase>
    <testcase time="0.442" classname="default_tlg" name="aet05_all_functions_with_default_argument_value_return_expected_result_with_test_data">
      <skipped message="Reason: On CRAN ('test-default_tlg.R:54:3')"/>
    </testcase>
    <testcase time="0.323999999999998" classname="default_tlg" name="aet10_functions_with_default_argument_value_return_expected_result_with_test_data">
      <skipped message="Reason: On CRAN ('test-default_tlg.R:61:3')"/>
    </testcase>
    <testcase time="0.381" classname="default_tlg" name="cmt02_pt_functions_with_default_argument_value_return_expected_result_with_test_data">
      <skipped message="Reason: On CRAN ('test-default_tlg.R:68:3')"/>
    </testcase>
    <testcase time="0.579000000000001" classname="default_tlg" name="coxt01_functions_with_default_argument_value_return_expected_result_with_test_data">
      <skipped message="Reason: On CRAN ('test-default_tlg.R:78:3')"/>
    </testcase>
    <testcase time="0.835999999999999" classname="default_tlg" name="coxt02_functions_with_default_argument_value_return_expected_result_with_test_data">
      <skipped message="Reason: On CRAN ('test-default_tlg.R:86:3')"/>
    </testcase>
    <testcase time="0.652000000000001" classname="default_tlg" name="dmt01_functions_with_default_argument_value_return_expected_result_with_test_data">
      <skipped message="Reason: On CRAN ('test-default_tlg.R:93:3')"/>
    </testcase>
    <testcase time="0.419999999999995" classname="default_tlg" name="dst01_functions_with_default_argument_value_return_expected_result_with_test_data">
      <skipped message="Reason: On CRAN ('test-default_tlg.R:100:3')"/>
    </testcase>
    <testcase time="0.280999999999999" classname="default_tlg" name="dtht01_functions_with_default_argument_value_return_expected_result_with_test_data">
      <skipped message="Reason: On CRAN ('test-default_tlg.R:107:3')"/>
    </testcase>
  </testsuite>
  <testsuite name="dmt01" timestamp="2024-07-02T14:42:26Z" hostname="049a6796a003" tests="19" skipped="9" failures="0" errors="0" time="4.666">
    <testcase time="0.228000000000002" classname="dmt01" name="dmt01_can_handle_NA_values"/>
    <testcase time="0.328000000000003" classname="dmt01" name="dmt01_can_handle_NA_values">
      <skipped message="Reason: On CRAN ('test-dmt01.R:8:3')"/>
    </testcase>
    <testcase time="0.232999999999997" classname="dmt01" name="dmt01_can_handle_numeric_NA_values"/>
    <testcase time="0.404000000000003" classname="dmt01" name="dmt01_can_handle_numeric_NA_values">
      <skipped message="Reason: On CRAN ('test-dmt01.R:15:3')"/>
    </testcase>
    <testcase time="0.0349999999999966" classname="dmt01" name="dmt01_returns_an_error_when_variables_are_of_the_wrong_type"/>
    <testcase time="0.160000000000004" classname="dmt01" name="dmt01_works_as_expected_with_setting_default_precision"/>
    <testcase time="0.323999999999998" classname="dmt01" name="dmt01_works_as_expected_with_setting_default_precision">
      <skipped message="Reason: On CRAN ('test-dmt01.R:34:3')"/>
    </testcase>
    <testcase time="0.191000000000003" classname="dmt01" name="dmt01_works_as_expected_with_auto_precision_settings"/>
    <testcase time="0.393000000000001" classname="dmt01" name="dmt01_works_as_expected_with_auto_precision_settings">
      <skipped message="Reason: On CRAN ('test-dmt01.R:39:3')"/>
    </testcase>
    <testcase time="0.186999999999998" classname="dmt01" name="dmt01_works_as_expected_with_auto_precision_settings_and_defined_precision"/>
    <testcase time="0.368000000000002" classname="dmt01" name="dmt01_works_as_expected_with_auto_precision_settings_and_defined_precision">
      <skipped message="Reason: On CRAN ('test-dmt01.R:44:3')"/>
    </testcase>
    <testcase time="0.177" classname="dmt01" name="dmt01_works_as_expected_with_auto_precision_settings_and_defined_precision_and_default"/>
    <testcase time="0.510999999999996" classname="dmt01" name="dmt01_works_as_expected_with_auto_precision_settings_and_defined_precision_and_default">
      <skipped message="Reason: On CRAN ('test-dmt01.R:51:3')"/>
    </testcase>
    <testcase time="0.155000000000001" classname="dmt01" name="dmt01_works_as_expected_with_cutomized_stats_value"/>
    <testcase time="0.258000000000003" classname="dmt01" name="dmt01_works_as_expected_with_cutomized_stats_value">
      <skipped message="Reason: On CRAN ('test-dmt01.R:64:3')"/>
    </testcase>
    <testcase time="0.162999999999997" classname="dmt01" name="dmt01_works_as_expected_with_empty_list_as_stats_value"/>
    <testcase time="0.292999999999999" classname="dmt01" name="dmt01_works_as_expected_with_empty_list_as_stats_value">
      <skipped message="Reason: On CRAN ('test-dmt01.R:77:3')"/>
    </testcase>
    <testcase time="0.0900000000000034" classname="dmt01" name="dmt01_works_as_expected_with_only_one_summaryvars"/>
    <testcase time="0.167999999999999" classname="dmt01" name="dmt01_works_as_expected_with_only_one_summaryvars">
      <skipped message="Reason: On CRAN ('test-dmt01.R:88:3')"/>
    </testcase>
  </testsuite>
  <testsuite name="dst01" timestamp="2024-07-02T14:42:30Z" hostname="049a6796a003" tests="14" skipped="7" failures="0" errors="0" time="2.439">
    <testcase time="0.152999999999999" classname="dst01" name="dst01_works_as_expected_when_all_data_are_NA"/>
    <testcase time="0.0600000000000023" classname="dst01" name="dst01_works_as_expected_when_all_data_are_NA">
      <skipped message="Reason: On CRAN ('test-dst01.R:11:3')"/>
    </testcase>
    <testcase time="0.134" classname="dst01" name="dst01_can_handle_all_NA_values_in_DCSREAS"/>
    <testcase time="0.135999999999996" classname="dst01" name="dst01_can_handle_all_NA_values_in_DCSREAS">
      <skipped message="Reason: On CRAN ('test-dst01.R:22:3')"/>
    </testcase>
    <testcase time="0.175000000000004" classname="dst01" name="dst01_can_handle_some_NA_values"/>
    <testcase time="0.204000000000001" classname="dst01" name="dst01_can_handle_some_NA_values">
      <skipped message="Reason: On CRAN ('test-dst01.R:29:3')"/>
    </testcase>
    <testcase time="0.140000000000001" classname="dst01" name="dst01_can_handle_missing_levels_in_status_var"/>
    <testcase time="0.0640000000000001" classname="dst01" name="dst01_can_handle_missing_levels_in_status_var">
      <skipped message="Reason: On CRAN ('test-dst01.R:39:3')"/>
    </testcase>
    <testcase time="0.192999999999998" classname="dst01" name="dst01_can_create_variants"/>
    <testcase time="0.203000000000003" classname="dst01" name="dst01_can_create_variants">
      <skipped message="Reason: On CRAN ('test-dst01.R:44:3')"/>
    </testcase>
    <testcase time="0.22999999999999" classname="dst01" name="dst01_can_create_variants"/>
    <testcase time="0.225000000000009" classname="dst01" name="dst01_can_create_variants">
      <skipped message="Reason: On CRAN ('test-dst01.R:49:3')"/>
    </testcase>
    <testcase time="0.262999999999991" classname="dst01" name="dst01_can_create_variants"/>
    <testcase time="0.259" classname="dst01" name="dst01_can_create_variants">
      <skipped message="Reason: On CRAN ('test-dst01.R:56:3')"/>
    </testcase>
  </testsuite>
  <testsuite name="dtht01" timestamp="2024-07-02T14:42:33Z" hostname="049a6796a003" tests="5" skipped="3" failures="0" errors="0" time="1.433">
    <testcase time="0.118000000000009" classname="dtht01" name="dtht01_can_handle_all_NA_values"/>
    <testcase time="0.168999999999997" classname="dtht01" name="dtht01_can_handle_all_NA_values">
      <skipped message="Reason: On CRAN ('test-dtht01.R:12:3')"/>
    </testcase>
    <testcase time="0.245999999999995" classname="dtht01" name="dtht01_can_handle_some_NA_values"/>
    <testcase time="0.329999999999998" classname="dtht01" name="dtht01_can_handle_some_NA_values">
      <skipped message="Reason: On CRAN ('test-dtht01.R:19:3')"/>
    </testcase>
    <testcase time="0.570000000000007" classname="dtht01" name="dtht01_can_be_parametrize_as_expected">
      <skipped message="Reason: On CRAN ('test-dtht01.R:30:3')"/>
    </testcase>
  </testsuite>
  <testsuite name="egt01" timestamp="2024-07-02T14:42:34Z" hostname="049a6796a003" tests="3" skipped="2" failures="0" errors="0" time="6.703">
    <testcase time="3.32899999999999" classname="egt01" name="egt01_functions_with_default_argument_value_return_expected_result_with_test_data">
      <skipped message="Reason: On CRAN ('test-egt01.R:7:3')"/>
    </testcase>
    <testcase time="1.27500000000001" classname="egt01" name="egt01_can_handle_n_0_and_outputs_NE_instead_of_infs_and_NAs"/>
    <testcase time="2.099" classname="egt01" name="egt01_can_handle_n_0_and_outputs_NE_instead_of_infs_and_NAs">
      <skipped message="Reason: On CRAN ('test-egt01.R:20:3')"/>
    </testcase>
  </testsuite>
  <testsuite name="egt02" timestamp="2024-07-02T14:42:41Z" hostname="049a6796a003" tests="2" skipped="2" failures="0" errors="0" time="0.686">
    <testcase time="0.356999999999999" classname="egt02" name="egt02_1_functions_with_default_argument_value_return_expected_result_with_test_data">
      <skipped message="Reason: On CRAN ('test-egt02.R:7:3')"/>
    </testcase>
    <testcase time="0.328999999999994" classname="egt02" name="egt02_2_functions_with_default_value_return_expected_result_with_test_data">
      <skipped message="Reason: On CRAN ('test-egt02.R:14:3')"/>
    </testcase>
  </testsuite>
  <testsuite name="egt03" timestamp="2024-07-02T14:42:42Z" hostname="049a6796a003" tests="5" skipped="2" failures="0" errors="0" time="3.251">
    <testcase time="1.59100000000001" classname="egt03" name="egt03_functions_with_default_argument_value_return_expected_result_with_test_data">
      <skipped message="Reason: On CRAN ('test-egt03.R:7:3')"/>
    </testcase>
    <testcase time="0.0249999999999915" classname="egt03" name="egt03_errors_on_all_NA_values"/>
    <testcase time="0.521000000000001" classname="egt03" name="egt03_can_handle_some_NA_values"/>
    <testcase time="1.08800000000001" classname="egt03" name="egt03_can_handle_some_NA_values">
      <skipped message="Reason: On CRAN ('test-egt03.R:28:3')"/>
    </testcase>
    <testcase time="0.0259999999999962" classname="egt03" name="egt03_fails_on_incomplete_data"/>
  </testsuite>
  <testsuite name="egt05_qtcat" timestamp="2024-07-02T14:42:45Z" hostname="049a6796a003" tests="4" skipped="2" failures="0" errors="0" time="3.531">
    <testcase time="2.262" classname="egt05_qtcat" name="egt05_qtcat_functions_with_default_argument_value_return_expected_result_with_test_data">
      <skipped message="Reason: On CRAN ('test-egt05_qtcat.R:7:3')"/>
    </testcase>
    <testcase time="0.0390000000000015" classname="egt05_qtcat" name="egt05_qtcat_erros_on_all_NA_values"/>
    <testcase time="0.426999999999992" classname="egt05_qtcat" name="egt05_qtcat_can_handle_some_NA_values"/>
    <testcase time="0.803000000000011" classname="egt05_qtcat" name="egt05_qtcat_can_handle_some_NA_values">
      <skipped message="Reason: On CRAN ('test-egt05_qtcat.R:28:3')"/>
    </testcase>
  </testsuite>
  <testsuite name="empty_report" timestamp="2024-07-02T14:42:48Z" hostname="049a6796a003" tests="25" skipped="0" failures="0" errors="0" time="2.882">
    <testcase time="0.120999999999995" classname="empty_report" name="tlg_functions_return_null_reports_when_domain_table_is_empty"/>
    <testcase time="0.301000000000002" classname="empty_report" name="tlg_functions_return_null_reports_when_domain_table_is_empty"/>
    <testcase time="0.217999999999989" classname="empty_report" name="tlg_functions_return_null_reports_when_domain_table_is_empty"/>
    <testcase time="0.105000000000004" classname="empty_report" name="tlg_functions_return_null_reports_when_domain_table_is_empty"/>
    <testcase time="0.115000000000009" classname="empty_report" name="tlg_functions_return_null_reports_when_domain_table_is_empty"/>
    <testcase time="0.0649999999999977" classname="empty_report" name="tlg_functions_return_null_reports_when_domain_table_is_empty"/>
    <testcase time="0.0929999999999893" classname="empty_report" name="tlg_functions_return_null_reports_when_domain_table_is_empty"/>
    <testcase time="0.159000000000006" classname="empty_report" name="tlg_functions_return_null_reports_when_domain_table_is_empty"/>
    <testcase time="0.185000000000002" classname="empty_report" name="tlg_functions_return_null_reports_when_domain_table_is_empty"/>
    <testcase time="0.0949999999999989" classname="empty_report" name="tlg_functions_return_null_reports_when_domain_table_is_empty"/>
    <testcase time="0.0969999999999942" classname="empty_report" name="tlg_functions_return_null_reports_when_domain_table_is_empty"/>
    <testcase time="0.0460000000000065" classname="empty_report" name="tlg_functions_return_null_reports_when_domain_table_is_empty"/>
    <testcase time="0.0589999999999975" classname="empty_report" name="tlg_functions_return_null_reports_when_domain_table_is_empty"/>
    <testcase time="0.0670000000000073" classname="empty_report" name="tlg_functions_return_null_reports_when_domain_table_is_empty"/>
    <testcase time="0.063999999999993" classname="empty_report" name="tlg_functions_return_null_reports_when_domain_table_is_empty"/>
    <testcase time="0.0919999999999987" classname="empty_report" name="tlg_functions_return_null_reports_when_domain_table_is_empty"/>
    <testcase time="0.078000000000003" classname="empty_report" name="tlg_functions_return_null_reports_when_domain_table_is_empty"/>
    <testcase time="0.111000000000004" classname="empty_report" name="tlg_functions_return_null_reports_when_domain_table_is_empty"/>
    <testcase time="0.332999999999998" classname="empty_report" name="tlg_functions_return_null_reports_when_domain_table_is_empty"/>
    <testcase time="0.108999999999995" classname="empty_report" name="tlg_functions_return_null_reports_when_domain_table_is_empty"/>
    <testcase time="0.0889999999999986" classname="empty_report" name="tlg_functions_return_null_reports_when_domain_table_is_empty"/>
    <testcase time="0.0720000000000027" classname="empty_report" name="tlg_functions_return_null_reports_when_domain_table_is_empty"/>
    <testcase time="0.100999999999999" classname="empty_report" name="tlg_functions_return_null_reports_when_domain_table_is_empty"/>
    <testcase time="0.046999999999997" classname="empty_report" name="tlg_functions_return_null_reports_when_domain_table_is_empty"/>
    <testcase time="0.0600000000000023" classname="empty_report" name="tlg_functions_return_null_reports_when_domain_table_is_empty"/>
  </testsuite>
  <testsuite name="ext01" timestamp="2024-07-02T14:42:51Z" hostname="049a6796a003" tests="8" skipped="7" failures="0" errors="0" time="4.828">
    <testcase time="0.531000000000006" classname="ext01" name="ext01_functions_with_default_argument_value_return_expected_result_with_test_data">
      <skipped message="Reason: On CRAN ('test-ext01.R:7:3')"/>
    </testcase>
    <testcase time="0.60499999999999" classname="ext01" name="ext01_functions_with_categorical_data_return_expected_result_with_test_data">
      <skipped message="Reason: On CRAN ('test-ext01.R:15:3')"/>
    </testcase>
    <testcase time="0.212000000000003" classname="ext01" name="ext01_works"/>
    <testcase time="0.516000000000005" classname="ext01" name="ext01_works">
      <skipped message="Reason: On CRAN ('test-ext01.R:23:3')"/>
    </testcase>
    <testcase time="0.531999999999996" classname="ext01" name="ext01_works_for_selected_parameters_and_categorical_variables">
      <skipped message="Reason: On CRAN ('test-ext01.R:36:3')"/>
    </testcase>
    <testcase time="0.805000000000007" classname="ext01" name="ext01_works_with_custom_mapping_order">
      <skipped message="Reason: On CRAN ('test-ext01.R:47:3')"/>
    </testcase>
    <testcase time="0.793999999999997" classname="ext01" name="ext01_works_with_custom_mapping_order_for_a_single_split">
      <skipped message="Reason: On CRAN ('test-ext01.R:57:3')"/>
    </testcase>
    <testcase time="0.832999999999998" classname="ext01" name="ext01_works_with_custom_mapping_fill_in_value">
      <skipped message="Reason: On CRAN ('test-ext01.R:68:3')"/>
    </testcase>
  </testsuite>
  <testsuite name="fstg01" timestamp="2024-07-02T14:42:56Z" hostname="049a6796a003" tests="13" skipped="0" failures="0" errors="0" time="6.9">
    <testcase time="0.0220000000000056" classname="fstg01" name="fstg01_works_as_expected"/>
    <testcase time="1.35199999999999" classname="fstg01" name="fstg01_works_as_expected"/>
    <testcase time="0.00300000000000011" classname="fstg01" name="fstg01_works_as_expected"/>
    <testcase time="1.30300000000001" classname="fstg01" name="fstg01_works_as_expected_with_custom_color_set"/>
    <testcase time="0.00300000000000011" classname="fstg01" name="fstg01_works_as_expected_with_custom_color_set"/>
    <testcase time="1.27799999999999" classname="fstg01" name="fstg01_works_as_expected_with_custom_color_set"/>
    <testcase time="0.00300000000000011" classname="fstg01" name="fstg01_works_as_expected_with_custom_color_set"/>
    <testcase time="0.703000000000003" classname="fstg01" name="fstg01_works_if_changes_are_in_subgroups_conf_level_and_label_all"/>
    <testcase time="0.00499999999999545" classname="fstg01" name="fstg01_works_if_changes_are_in_subgroups_conf_level_and_label_all"/>
    <testcase time="0.906000000000006" classname="fstg01" name="fstg01_works_if_changes_are_in_subgroups_conf_level_and_label_all"/>
    <testcase time="0.00300000000000011" classname="fstg01" name="fstg01_works_if_changes_are_in_subgroups_conf_level_and_label_all"/>
    <testcase time="1.316" classname="fstg01" name="fstg01_can_handle_some_NA_values_in_subgroups"/>
    <testcase time="0.00300000000000011" classname="fstg01" name="fstg01_can_handle_some_NA_values_in_subgroups"/>
  </testsuite>
  <testsuite name="fstg02" timestamp="2024-07-02T14:43:03Z" hostname="049a6796a003" tests="9" skipped="0" failures="0" errors="0" time="9.451">
    <testcase time="0.0139999999999958" classname="fstg02" name="fstg02_works_as_expected"/>
    <testcase time="1.294" classname="fstg02" name="fstg02_works_as_expected"/>
    <testcase time="1.29600000000001" classname="fstg02" name="fstg02_works_as_expected_with_custom_color_set"/>
    <testcase time="1.282" classname="fstg02" name="fstg02_works_as_expected_with_custom_color_set"/>
    <testcase time="0.638000000000005" classname="fstg02" name="fstg02_works_if_changes_are_in_subgroups_strata_var_conf_level_and_label_all"/>
    <testcase time="0.899999999999991" classname="fstg02" name="fstg02_works_if_changes_are_in_subgroups_strata_var_conf_level_and_label_all"/>
    <testcase time="1.309" classname="fstg02" name="fstg02_can_handle_some_NA_values_in_subgroups"/>
    <testcase time="1.364" classname="fstg02" name="fstg02_can_handle_customized_time_units"/>
    <testcase time="1.354" classname="fstg02" name="fstg02_can_handle_customized_time_units"/>
  </testsuite>
  <testsuite name="kmg01" timestamp="2024-07-02T14:43:12Z" hostname="049a6796a003" tests="13" skipped="0" failures="0" errors="0" time="2.767">
    <testcase time="0.0160000000000053" classname="kmg01" name="kmg01_works_as_expected"/>
    <testcase time="0.545999999999992" classname="kmg01" name="kmg01_works_as_expected"/>
    <testcase time="0.00300000000000011" classname="kmg01" name="kmg01_works_as_expected"/>
    <testcase time="0.456000000000003" classname="kmg01" name="kmg01_works_as_expected_with_custom_color_set"/>
    <testcase time="0.00300000000000011" classname="kmg01" name="kmg01_works_as_expected_with_custom_color_set"/>
    <testcase time="0.429000000000002" classname="kmg01" name="kmg01_works_as_expected_with_custom_color_set"/>
    <testcase time="0.00300000000000011" classname="kmg01" name="kmg01_works_as_expected_with_custom_color_set"/>
    <testcase time="0.417999999999992" classname="kmg01" name="kmg01_works_if_change_pvalue_ties_and_conf_level"/>
    <testcase time="0.00400000000000489" classname="kmg01" name="kmg01_works_if_change_pvalue_ties_and_conf_level"/>
    <testcase time="0.634999999999991" classname="kmg01" name="kmg01_works_if_change_annotation_position"/>
    <testcase time="0.00400000000000489" classname="kmg01" name="kmg01_works_if_change_annotation_position"/>
    <testcase time="0.247" classname="kmg01" name="kmg01_works_for_stratified_analysis"/>
    <testcase time="0.00300000000000011" classname="kmg01" name="kmg01_works_for_stratified_analysis"/>
  </testsuite>
  <testsuite name="lbt01" timestamp="2024-07-02T14:43:15Z" hostname="049a6796a003" tests="4" skipped="3" failures="0" errors="0" time="9.396">
    <testcase time="3.05" classname="lbt01" name="lbt01_functions_with_default_argument_value_return_expected_result_with_test_data">
      <skipped message="Reason: On CRAN ('test-lbt01.R:7:3')"/>
    </testcase>
    <testcase time="3.191" classname="lbt01" name="lbt01_functions_with_row_split_var_return_expected_result_with_test_data">
      <skipped message="Reason: On CRAN ('test-lbt01.R:16:3')"/>
    </testcase>
    <testcase time="1.023" classname="lbt01" name="lbt01_can_handle_n_0_and_outputs_NE_instead_of_infs_and_NAs"/>
    <testcase time="2.13200000000001" classname="lbt01" name="lbt01_can_handle_n_0_and_outputs_NE_instead_of_infs_and_NAs">
      <skipped message="Reason: On CRAN ('test-lbt01.R:29:3')"/>
    </testcase>
  </testsuite>
  <testsuite name="lbt04" timestamp="2024-07-02T14:43:25Z" hostname="049a6796a003" tests="8" skipped="4" failures="0" errors="0" time="3.183">
    <testcase time="0.995999999999995" classname="lbt04" name="lbt04_functions_with_default_argument_value_return_expected_result_with_test_data">
      <skipped message="Reason: On CRAN ('test-lbt04.R:7:3')"/>
    </testcase>
    <testcase time="0.0970000000000084" classname="lbt04" name="lbt04_can_handle_all_NA_values"/>
    <testcase time="0.0600000000000023" classname="lbt04" name="lbt04_can_handle_all_NA_values">
      <skipped message="Reason: On CRAN ('test-lbt04.R:20:3')"/>
    </testcase>
    <testcase time="0.330999999999989" classname="lbt04" name="lbt04_can_handle_missing_levels"/>
    <testcase time="0.658000000000001" classname="lbt04" name="lbt04_can_handle_missing_levels">
      <skipped message="Reason: On CRAN ('test-lbt04.R:31:3')"/>
    </testcase>
    <testcase time="0.334000000000003" classname="lbt04" name="lbt04_can_handle_some_NA_values"/>
    <testcase time="0.682000000000002" classname="lbt04" name="lbt04_can_handle_some_NA_values">
      <skipped message="Reason: On CRAN ('test-lbt04.R:39:3')"/>
    </testcase>
    <testcase time="0.0250000000000057" classname="lbt04" name="lbt04_fails_on_incomlete_data"/>
  </testsuite>
  <testsuite name="lbt05" timestamp="2024-07-02T14:43:28Z" hostname="049a6796a003" tests="5" skipped="2" failures="0" errors="0" time="1.839">
    <testcase time="0.720999999999989" classname="lbt05" name="lbt05_functions_with_default_argument_value_return_expected_result_with_test_data">
      <skipped message="Reason: On CRAN ('test-lbt05.R:7:3')"/>
    </testcase>
    <testcase time="0.340000000000003" classname="lbt05" name="lbt05_give_all_0_count_if_ANRIND_are_all_missing"/>
    <testcase time="0.322000000000003" classname="lbt05" name="lbt05_can_handle_some_NA_values"/>
    <testcase time="0.411999999999992" classname="lbt05" name="lbt05_can_handle_some_NA_values">
      <skipped message="Reason: On CRAN ('test-lbt05.R:36:3')"/>
    </testcase>
    <testcase time="0.0440000000000111" classname="lbt05" name="lbt05_fails_on_incomlete_data"/>
  </testsuite>
  <testsuite name="lbt06" timestamp="2024-07-02T14:43:30Z" hostname="049a6796a003" tests="3" skipped="1" failures="0" errors="0" time="4.078">
    <testcase time="1.06099999999999" classname="lbt06" name="lbt06_gives_all_0_count_if_ANRIND_and_BNRIND_are_all_missing"/>
    <testcase time="2.97200000000001" classname="lbt06" name="lbt06_can_handle_some_NA_values">
      <skipped message="Reason: On CRAN ('test-lbt06.R:20:3')"/>
    </testcase>
    <testcase time="0.0449999999999875" classname="lbt06" name="lbt06_fails_on_incomplete_data"/>
  </testsuite>
  <testsuite name="lbt07" timestamp="2024-07-02T14:43:34Z" hostname="049a6796a003" tests="4" skipped="2" failures="0" errors="0" time="1.908">
    <testcase time="1.08500000000001" classname="lbt07" name="lbt07_functions_with_default_argument_value_return_expected_result_with_test_data">
      <skipped message="Reason: On CRAN ('test-lbt07.R:7:3')"/>
    </testcase>
    <testcase time="0.387999999999991" classname="lbt07" name="lbt07_can_handle_some_NA_values"/>
    <testcase time="0.39100000000002" classname="lbt07" name="lbt07_can_handle_some_NA_values">
      <skipped message="Reason: On CRAN ('test-lbt07.R:22:3')"/>
    </testcase>
    <testcase time="0.0439999999999827" classname="lbt07" name="lbt07_fails_on_incomlete_data"/>
  </testsuite>
  <testsuite name="lbt14" timestamp="2024-07-02T14:43:36Z" hostname="049a6796a003" tests="16" skipped="10" failures="0" errors="0" time="7.264">
    <testcase time="0.647999999999996" classname="lbt14" name="lbt14_functions_with_default_argument_value_return_expected_result_with_test_data">
      <skipped message="Reason: On CRAN ('test-lbt14.R:11:3')"/>
    </testcase>
    <testcase time="0.492000000000019" classname="lbt14" name="lbt14_functions_with_default_argument_value_return_expected_result_with_test_data_when_direction_high">
      <skipped message="Reason: On CRAN ('test-lbt14.R:18:3')"/>
    </testcase>
    <testcase time="0.59099999999998" classname="lbt14" name="lbt14_functions_with_gr_missing_excl_return_expected_result_with_test_data">
      <skipped message="Reason: On CRAN ('test-lbt14.R:25:3')"/>
    </testcase>
    <testcase time="0.609000000000009" classname="lbt14" name="lbt14_functions_with_gr_missing_gr_0_return_expected_result_with_test_data">
      <skipped message="Reason: On CRAN ('test-lbt14.R:32:3')"/>
    </testcase>
    <testcase time="0.390000000000015" classname="lbt14" name="lbt14_can_handle_all_NA_values"/>
    <testcase time="0.125999999999976" classname="lbt14" name="lbt14_can_handle_all_NA_values">
      <skipped message="Reason: On CRAN ('test-lbt14.R:45:3')"/>
    </testcase>
    <testcase time="0.442000000000007" classname="lbt14" name="lbt14_can_handle_some_NA_values"/>
    <testcase time="0.307999999999993" classname="lbt14" name="lbt14_can_handle_some_NA_values">
      <skipped message="Reason: On CRAN ('test-lbt14.R:64:3')"/>
    </testcase>
    <testcase time="1.35300000000001" classname="lbt14" name="lbt14_can_accept_different_gr_missing">
      <skipped message="Reason: On CRAN ('test-lbt14.R:71:3')"/>
    </testcase>
    <testcase time="0.0279999999999916" classname="lbt14" name="lbt14_fails_on_incomlete_data"/>
    <testcase time="0.390000000000015" classname="lbt14" name="lbt14_can_handle_all_NA_values_with_direction_high"/>
    <testcase time="0.117999999999995" classname="lbt14" name="lbt14_can_handle_all_NA_values_with_direction_high">
      <skipped message="Reason: On CRAN ('test-lbt14.R:96:3')"/>
    </testcase>
    <testcase time="0.419999999999987" classname="lbt14" name="lbt14_can_handle_some_NA_values_with_direction_high"/>
    <testcase time="0.16500000000002" classname="lbt14" name="lbt14_can_handle_some_NA_values_with_direction_high">
      <skipped message="Reason: On CRAN ('test-lbt14.R:115:3')"/>
    </testcase>
    <testcase time="1.154" classname="lbt14" name="lbt14_can_accept_different_gr_missing_with_direction_high">
      <skipped message="Reason: On CRAN ('test-lbt14.R:123:3')"/>
    </testcase>
    <testcase time="0.0300000000000011" classname="lbt14" name="lbt14_fails_on_incomlete_data"/>
  </testsuite>
  <testsuite name="lbt15" timestamp="2024-07-02T14:43:43Z" hostname="049a6796a003" tests="12" skipped="6" failures="0" errors="0" time="6.072">
    <testcase time="0.994" classname="lbt15" name="lbt15_functions_with_default_argument_value_return_expected_result_with_test_data">
      <skipped message="Reason: On CRAN ('test-lbt15.R:7:3')"/>
    </testcase>
    <testcase time="0.332999999999998" classname="lbt15" name="lbt15_can_handle_all_NA_values"/>
    <testcase time="0.673000000000002" classname="lbt15" name="lbt15_can_handle_all_NA_values">
      <skipped message="Reason: On CRAN ('test-lbt15.R:20:3')"/>
    </testcase>
    <testcase time="0.337999999999994" classname="lbt15" name="lbt15_can_handle_missing_levels"/>
    <testcase time="0.665999999999997" classname="lbt15" name="lbt15_can_handle_missing_levels">
      <skipped message="Reason: On CRAN ('test-lbt15.R:31:3')"/>
    </testcase>
    <testcase time="0.337000000000018" classname="lbt15" name="lbt15_can_handle_missing_levels_in_baseline"/>
    <testcase time="0.667999999999978" classname="lbt15" name="lbt15_can_handle_missing_levels_in_baseline">
      <skipped message="Reason: On CRAN ('test-lbt15.R:42:3')"/>
    </testcase>
    <testcase time="0.337000000000018" classname="lbt15" name="lbt15_can_handle_some_NA_values"/>
    <testcase time="0.668999999999983" classname="lbt15" name="lbt15_can_handle_some_NA_values">
      <skipped message="Reason: On CRAN ('test-lbt15.R:50:3')"/>
    </testcase>
    <testcase time="0.340000000000003" classname="lbt15" name="lbt15_can_handle_some_NA_values_in_baseline"/>
    <testcase time="0.691000000000003" classname="lbt15" name="lbt15_can_handle_some_NA_values_in_baseline">
      <skipped message="Reason: On CRAN ('test-lbt15.R:58:3')"/>
    </testcase>
    <testcase time="0.0260000000000105" classname="lbt15" name="lbt15_fails_on_incomlete_data"/>
  </testsuite>
  <testsuite name="mht01" timestamp="2024-07-02T14:43:49Z" hostname="049a6796a003" tests="4" skipped="4" failures="0" errors="0" time="3.427">
    <testcase time="0.697999999999979" classname="mht01" name="mht01_functions_with_default_argument_value_return_expected_result_with_test_data">
      <skipped message="Reason: On CRAN ('test-mht01.R:7:3')"/>
    </testcase>
    <testcase time="0.713000000000022" classname="mht01" name="mht01_works">
      <skipped message="Reason: On CRAN ('test-mht01.R:15:3')"/>
    </testcase>
    <testcase time="0.711999999999989" classname="mht01" name="mht01_works_on_NULL_in_lbl_mhbodsys_or_lbl_mhdecod">
      <skipped message="Reason: On CRAN ('test-mht01.R:21:3')"/>
    </testcase>
    <testcase time="1.304" classname="mht01" name="mht01_works_with_other_row_split_var">
      <skipped message="Reason: On CRAN ('test-mht01.R:27:3')"/>
    </testcase>
  </testsuite>
  <testsuite name="mng01" timestamp="2024-07-02T14:43:52Z" hostname="049a6796a003" tests="19" skipped="8" failures="0" errors="0" time="9.116">
    <testcase time="1.02000000000001" classname="mng01" name="mng01_works_as_expected_with_default_argument_values"/>
    <testcase time="0.00100000000000477" classname="mng01" name="mng01_works_as_expected_with_default_argument_values">
      <skipped message="Reason: On CI ('test-mng01.R:9:5')"/>
    </testcase>
    <testcase time="1.00900000000001" classname="mng01" name="mng01_works_as_expected_with_custom_argument_values"/>
    <testcase time="0.0180000000000007" classname="mng01" name="mng01_works_as_expected_with_custom_argument_values"/>
    <testcase time="0.00100000000000477" classname="mng01" name="mng01_works_as_expected_with_custom_argument_values">
      <skipped message="Reason: On CI ('test-mng01.R:44:5')"/>
    </testcase>
    <testcase time="1.006" classname="mng01" name="mng01_works_as_expected_with_custom_color_set"/>
    <testcase time="1.20499999999998" classname="mng01" name="mng01_works_as_expected_with_custom_color_set"/>
    <testcase time="0.00100000000000477" classname="mng01" name="mng01_works_as_expected_with_custom_color_set">
      <skipped message="Reason: On CI ('test-mng01.R:67:5')"/>
    </testcase>
    <testcase time="0.932999999999993" classname="mng01" name="mng01_works_as_expected_with_custom_line_type_set"/>
    <testcase time="0.931000000000012" classname="mng01" name="mng01_works_as_expected_with_custom_line_type_set"/>
    <testcase time="0.00100000000000477" classname="mng01" name="mng01_works_as_expected_with_custom_line_type_set">
      <skipped message="Reason: On CI ('test-mng01.R:88:5')"/>
    </testcase>
    <testcase time="0.145999999999987" classname="mng01" name="mng01_works_with_table_NULL"/>
    <testcase time="0.00200000000000955" classname="mng01" name="mng01_works_with_table_NULL">
      <skipped message="Reason: On CI ('test-mng01.R:100:5')"/>
    </testcase>
    <testcase time="0.956999999999994" classname="mng01" name="mng01_works_with_combination_of_x_variables"/>
    <testcase time="0.00200000000000955" classname="mng01" name="mng01_works_with_combination_of_x_variables">
      <skipped message="Reason: On CI ('test-mng01.R:117:5')"/>
    </testcase>
    <testcase time="0.907999999999987" classname="mng01" name="mng01_works_with_numeric_x_variable"/>
    <testcase time="0.00200000000000955" classname="mng01" name="mng01_works_with_numeric_x_variable">
      <skipped message="Reason: On CI ('test-mng01.R:137:5')"/>
    </testcase>
    <testcase time="0.972000000000008" classname="mng01" name="mng01_works_with_numeric_jitter"/>
    <testcase time="0.00100000000000477" classname="mng01" name="mng01_works_with_numeric_jitter">
      <skipped message="Reason: On CI ('test-mng01.R:154:5')"/>
    </testcase>
  </testsuite>
  <testsuite name="pdt01" timestamp="2024-07-02T14:44:01Z" hostname="049a6796a003" tests="5" skipped="3" failures="0" errors="0" time="1.181">
    <testcase time="0.449000000000012" classname="pdt01" name="pdt01_function_with_default_argument_value_return_expected_result_with_test_data">
      <skipped message="Reason: On CRAN ('test-pdt01.R:7:3')"/>
    </testcase>
    <testcase time="0.120999999999981" classname="pdt01" name="pdt01_can_handle_all_NA_values"/>
    <testcase time="0.140000000000015" classname="pdt01" name="pdt01_can_handle_all_NA_values">
      <skipped message="Reason: On CRAN ('test-pdt01.R:21:3')"/>
    </testcase>
    <testcase time="0.228999999999985" classname="pdt01" name="pdt01_can_handle_some_NA_values"/>
    <testcase time="0.242000000000019" classname="pdt01" name="pdt01_can_handle_some_NA_values">
      <skipped message="Reason: On CRAN ('test-pdt01.R:36:3')"/>
    </testcase>
  </testsuite>
  <testsuite name="pdt02" timestamp="2024-07-02T14:44:03Z" hostname="049a6796a003" tests="5" skipped="3" failures="0" errors="0" time="0.989">
    <testcase time="0.337999999999994" classname="pdt02" name="pdt02_function_with_default_argument_value_return_expected_result_with_test_data">
      <skipped message="Reason: On CRAN ('test-pdt02.R:7:3')"/>
    </testcase>
    <testcase time="0.151999999999987" classname="pdt02" name="pdt02_can_handle_all_NA_values"/>
    <testcase time="0.177000000000021" classname="pdt02" name="pdt02_can_handle_all_NA_values">
      <skipped message="Reason: On CRAN ('test-pdt02.R:21:3')"/>
    </testcase>
    <testcase time="0.147999999999996" classname="pdt02" name="pdt02_can_handle_some_NA_values"/>
    <testcase time="0.173999999999978" classname="pdt02" name="pdt02_can_handle_some_NA_values">
      <skipped message="Reason: On CRAN ('test-pdt02.R:36:3')"/>
    </testcase>
  </testsuite>
  <testsuite name="reexports" timestamp="2024-07-02T14:44:04Z" hostname="049a6796a003" tests="2" skipped="0" failures="0" errors="0" time="0.04">
    <testcase time="0.0310000000000059" classname="reexports" name="with_label_exported_correctly"/>
    <testcase time="0.00900000000001455" classname="reexports" name="reformat_exported_correctly"/>
  </testsuite>
  <testsuite name="report_null" timestamp="2024-07-02T14:44:04Z" hostname="049a6796a003" tests="12" skipped="0" failures="0" errors="0" time="0.104">
    <testcase time="0.00799999999998136" classname="report_null" name="report_null_works_as_expected_with_NULL_"/>
    <testcase time="0.00300000000001432" classname="report_null" name="report_null_works_as_expected_with_NULL_"/>
    <testcase time="0.0339999999999918" classname="report_null" name="report_null_works_as_expected_with_VTableTree_"/>
    <testcase time="0.0159999999999911" classname="report_null" name="report_null_works_as_expected_with_VTableTree_"/>
    <testcase time="0.00300000000001432" classname="report_null" name="report_null_works_as_expected_with_VTableTree_"/>
    <testcase time="0.00899999999998613" classname="report_null" name="report_null_works_as_expected_with_listing_df_"/>
    <testcase time="0.0040000000000191" classname="report_null" name="report_null_works_as_expected_with_listing_df_"/>
    <testcase time="0.0029999999999859" classname="report_null" name="report_null_works_as_expected_with_listing_df_"/>
    <testcase time="0.0100000000000193" classname="report_null" name="report_null_works_as_expected_with_list_"/>
    <testcase time="0.00499999999999545" classname="report_null" name="report_null_works_as_expected_with_list_"/>
    <testcase time="0.00600000000000023" classname="report_null" name="report_null_works_as_expected_with_by_default"/>
    <testcase time="0.0029999999999859" classname="report_null" name="report_null_works_as_expected_with_by_default"/>
  </testsuite>
  <testsuite name="rmpt01" timestamp="2024-07-02T14:44:04Z" hostname="049a6796a003" tests="7" skipped="3" failures="0" errors="0" time="0.701">
    <testcase time="0.200000000000017" classname="rmpt01" name="rmpt01_function_with_default_argument_value_return_expected_result_with_test_data">
      <skipped message="Reason: On CRAN ('test-rmpt01.R:7:3')"/>
    </testcase>
    <testcase time="0.0879999999999939" classname="rmpt01" name="rmpt01_can_handle_NA_values"/>
    <testcase time="0.126000000000005" classname="rmpt01" name="rmpt01_can_handle_NA_values">
      <skipped message="Reason: On CRAN ('test-rmpt01.R:17:3')"/>
    </testcase>
    <testcase time="0.0789999999999793" classname="rmpt01" name="rmpt01_can_handle_some_NA_values"/>
    <testcase time="0.13300000000001" classname="rmpt01" name="rmpt01_can_handle_some_NA_values">
      <skipped message="Reason: On CRAN ('test-rmpt01.R:31:3')"/>
    </testcase>
    <testcase time="0.0440000000000111" classname="rmpt01" name="rmpt01_fails_on_incomlete_data"/>
    <testcase time="0.0309999999999775" classname="rmpt01" name="rmpt01_fails_on_incomlete_data"/>
  </testsuite>
  <testsuite name="rmpt03" timestamp="2024-07-02T14:44:04Z" hostname="049a6796a003" tests="8" skipped="3" failures="0" errors="0" time="1.168">
    <testcase time="0.347000000000008" classname="rmpt03" name="rmpt03_function_with_default_argument_value_return_expected_result_with_test_data">
      <skipped message="Reason: On CRAN ('test-rmpt03.R:10:3')"/>
    </testcase>
    <testcase time="0.13900000000001" classname="rmpt03" name="rmpt03_can_handle_NA_values"/>
    <testcase time="0.228999999999985" classname="rmpt03" name="rmpt03_can_handle_NA_values">
      <skipped message="Reason: On CRAN ('test-rmpt03.R:22:3')"/>
    </testcase>
    <testcase time="0.129000000000019" classname="rmpt03" name="rmpt03_can_handle_some_NA_values"/>
    <testcase time="0.227000000000004" classname="rmpt03" name="rmpt03_can_handle_some_NA_values">
      <skipped message="Reason: On CRAN ('test-rmpt03.R:38:3')"/>
    </testcase>
    <testcase time="0.0479999999999734" classname="rmpt03" name="rmpt03_fails_on_incomlete_data"/>
    <testcase time="0.0300000000000011" classname="rmpt03" name="rmpt03_fails_on_incomlete_data"/>
    <testcase time="0.0190000000000055" classname="rmpt03" name="rmpt03_fails_on_incomlete_data"/>
  </testsuite>
  <testsuite name="rmpt04" timestamp="2024-07-02T14:44:06Z" hostname="049a6796a003" tests="6" skipped="3" failures="0" errors="0" time="0.664">
    <testcase time="0.187000000000012" classname="rmpt04" name="rmpt04_function_with_default_argument_value_return_expected_result_with_test_data">
      <skipped message="Reason: On CRAN ('test-rmpt04.R:7:3')"/>
    </testcase>
    <testcase time="0.0840000000000032" classname="rmpt04" name="rmpt04_can_handle_NA_values"/>
    <testcase time="0.12299999999999" classname="rmpt04" name="rmpt04_can_handle_NA_values">
      <skipped message="Reason: On CRAN ('test-rmpt04.R:17:3')"/>
    </testcase>
    <testcase time="0.070999999999998" classname="rmpt04" name="rmpt04_can_handle_some_NA_values"/>
    <testcase time="0.123999999999995" classname="rmpt04" name="rmpt04_can_handle_some_NA_values">
      <skipped message="Reason: On CRAN ('test-rmpt04.R:34:3')"/>
    </testcase>
    <testcase time="0.0750000000000171" classname="rmpt04" name="rmpt04_fails_on_incomlete_data"/>
  </testsuite>
  <testsuite name="rmpt05" timestamp="2024-07-02T14:44:06Z" hostname="049a6796a003" tests="6" skipped="3" failures="0" errors="0" time="0.714">
    <testcase time="0.197999999999979" classname="rmpt05" name="rmpt05_function_with_default_argument_value_return_expected_result_with_test_data">
      <skipped message="Reason: On CRAN ('test-rmpt05.R:7:3')"/>
    </testcase>
    <testcase time="0.099000000000018" classname="rmpt05" name="rmpt05_can_handle_NA_values"/>
    <testcase time="0.134999999999991" classname="rmpt05" name="rmpt05_can_handle_NA_values">
      <skipped message="Reason: On CRAN ('test-rmpt05.R:17:3')"/>
    </testcase>
    <testcase time="0.0740000000000123" classname="rmpt05" name="rmpt05_can_handle_some_NA_values"/>
    <testcase time="0.133999999999986" classname="rmpt05" name="rmpt05_can_handle_some_NA_values">
      <skipped message="Reason: On CRAN ('test-rmpt05.R:34:3')"/>
    </testcase>
    <testcase time="0.0740000000000123" classname="rmpt05" name="rmpt05_fails_on_incomlete_data"/>
  </testsuite>
  <testsuite name="rmpt06" timestamp="2024-07-02T14:44:07Z" hostname="049a6796a003" tests="4" skipped="3" failures="0" errors="0" time="1.844">
    <testcase time="0.61099999999999" classname="rmpt06" name="rmpt06_works_as_expected">
      <skipped message="Reason: On CRAN ('test-rmpt06.R:8:3')"/>
    </testcase>
    <testcase time="0.653999999999996" classname="rmpt06" name="rmpt06_works_as_expected_with_show_diff_TRUE">
      <skipped message="Reason: On CRAN ('test-rmpt06.R:16:3')"/>
    </testcase>
    <testcase time="0.277000000000015" classname="rmpt06" name="rmpt06_can_handle_all_NA_values"/>
    <testcase time="0.301999999999992" classname="rmpt06" name="rmpt06_can_handle_all_NA_values">
      <skipped message="Reason: On CRAN ('test-rmpt06.R:29:3')"/>
    </testcase>
  </testsuite>
  <testsuite name="rspt01" timestamp="2024-07-02T14:44:09Z" hostname="049a6796a003" tests="15" skipped="7" failures="0" errors="0" time="4.219">
    <testcase time="0.0269999999999868" classname="rspt01" name="rspt01_works_as_expected"/>
    <testcase time="0.343000000000018" classname="rspt01" name="rspt01_works_as_expected"/>
    <testcase time="0.269999999999982" classname="rspt01" name="rspt01_works_as_expected">
      <skipped message="Reason: On CRAN ('test-rspt01.R:5:3')"/>
    </testcase>
    <testcase time="0.344000000000023" classname="rspt01" name="rspt01_works_as_expected_for_stratified_and_unstratified_analysis"/>
    <testcase time="0.312999999999988" classname="rspt01" name="rspt01_works_as_expected_for_stratified_and_unstratified_analysis">
      <skipped message="Reason: On CRAN ('test-rspt01.R:17:3')"/>
    </testcase>
    <testcase time="0.299000000000007" classname="rspt01" name="rspt01_works_as_expected_for_unstratified_analysis_only"/>
    <testcase time="0.25" classname="rspt01" name="rspt01_works_as_expected_for_unstratified_analysis_only">
      <skipped message="Reason: On CRAN ('test-rspt01.R:36:3')"/>
    </testcase>
    <testcase time="0.304000000000002" classname="rspt01" name="rspt01_works_as_expected_for_stratified_analysis_only"/>
    <testcase time="0.265999999999991" classname="rspt01" name="rspt01_works_as_expected_for_stratified_analysis_only">
      <skipped message="Reason: On CRAN ('test-rspt01.R:55:3')"/>
    </testcase>
    <testcase time="0.330000000000013" classname="rspt01" name="rspt01_works_if_change_reference_group"/>
    <testcase time="0.257999999999981" classname="rspt01" name="rspt01_works_if_change_reference_group">
      <skipped message="Reason: On CRAN ('test-rspt01.R:74:3')"/>
    </testcase>
    <testcase time="0.332000000000022" classname="rspt01" name="rspt01_works_if_change_statistic_methods"/>
    <testcase time="0.274999999999977" classname="rspt01" name="rspt01_works_if_change_statistic_methods">
      <skipped message="Reason: On CRAN ('test-rspt01.R:97:3')"/>
    </testcase>
    <testcase time="0.331000000000017" classname="rspt01" name="rspt01_works_if_change_confidence_interval"/>
    <testcase time="0.276999999999987" classname="rspt01" name="rspt01_works_if_change_confidence_interval">
      <skipped message="Reason: On CRAN ('test-rspt01.R:123:3')"/>
    </testcase>
  </testsuite>
  <testsuite name="ttet01" timestamp="2024-07-02T14:44:13Z" hostname="049a6796a003" tests="9" skipped="4" failures="0" errors="0" time="3.302">
    <testcase time="0.0270000000000152" classname="ttet01" name="ttet01_works_as_expected"/>
    <testcase time="0.480999999999995" classname="ttet01" name="ttet01_works_as_expected"/>
    <testcase time="0.531999999999982" classname="ttet01" name="ttet01_works_as_expected">
      <skipped message="Reason: On CRAN ('test-ttet01.R:10:3')"/>
    </testcase>
    <testcase time="0.375" classname="ttet01" name="ttet01_works_as_expected_for_stratified_and_unstratified_analysis"/>
    <testcase time="0.387" classname="ttet01" name="ttet01_works_as_expected_for_stratified_and_unstratified_analysis">
      <skipped message="Reason: On CRAN ('test-ttet01.R:22:3')"/>
    </testcase>
    <testcase time="0.376000000000005" classname="ttet01" name="ttet01_works_as_expected_for_stratified_analysis_only"/>
    <testcase time="0.376000000000005" classname="ttet01" name="ttet01_works_as_expected_for_stratified_analysis_only">
      <skipped message="Reason: On CRAN ('test-ttet01.R:44:3')"/>
    </testcase>
    <testcase time="0.382000000000005" classname="ttet01" name="ttet01_works_if_change_reference_group"/>
    <testcase time="0.365999999999985" classname="ttet01" name="ttet01_works_if_change_reference_group">
      <skipped message="Reason: On CRAN ('test-ttet01.R:66:3')"/>
    </testcase>
  </testsuite>
  <testsuite name="utils" timestamp="2024-07-02T14:44:16Z" hostname="049a6796a003" tests="20" skipped="1" failures="0" errors="0" time="0.178">
    <testcase time="0.0190000000000055" classname="utils" name="h_format_dec_works_as_exected"/>
    <testcase time="0.00300000000001432" classname="utils" name="h_format_dec_works_as_exected"/>
    <testcase time="0.00199999999998113" classname="utils" name="h_format_dec_works_as_exected"/>
    <testcase time="0.00300000000001432" classname="utils" name="h_format_dec_works_as_exected"/>
    <testcase time="0.00200000000000955" classname="utils" name="h_format_dec_works_as_exected"/>
    <testcase time="0.00199999999998113" classname="utils" name="h_format_dec_works_as_exected"/>
    <testcase time="0.00200000000000955" classname="utils" name="h_format_dec_works_as_exected"/>
    <testcase time="0.0029999999999859" classname="utils" name="h_format_dec_works_as_exected"/>
    <testcase time="0.00200000000000955" classname="utils" name="h_format_dec_works_as_exected"/>
    <testcase time="0.00300000000001432" classname="utils" name="h_format_dec_works_as_exected"/>
    <testcase time="0.000999999999976353" classname="utils" name="h_format_dec_works_as_exected"/>
    <testcase time="0.00300000000001432" classname="utils" name="h_format_dec_works_as_exected"/>
    <testcase time="0.01400000000001" classname="utils" name="h_format_dec_works_as_expected_with_more_than_one_value"/>
    <testcase time="0.00499999999999545" classname="utils" name="h_format_dec_works_as_expected_with_more_than_one_value"/>
    <testcase time="0.00899999999998613" classname="utils" name="h_format_dec_works_as_expected_with_NA_digits"/>
    <testcase time="0.00900000000001455" classname="utils" name="fuse_sequentially_works"/>
    <testcase time="0.00399999999999068" classname="utils" name="fuse_sequentially_works"/>
    <testcase time="0.0190000000000055" classname="utils" name="ifneeded_split_row_works_as_expected"/>
    <testcase time="0.007000000000005" classname="utils" name="ifneeded_split_row_works_as_expected"/>
    <testcase time="0.0660000000000025" classname="utils" name="_unnamed_">
      <skipped message="Reason: On CRAN ('test-utils.R:76:1')"/>
    </testcase>
  </testsuite>
  <testsuite name="vst01" timestamp="2024-07-02T14:44:17Z" hostname="049a6796a003" tests="3" skipped="2" failures="0" errors="0" time="14.236">
    <testcase time="7.10299999999998" classname="vst01" name="vst01_functions_with_default_argument_value_return_expected_result_with_test_data">
      <skipped message="Reason: On CRAN ('test-vst01.R:7:3')"/>
    </testcase>
    <testcase time="2.24200000000002" classname="vst01" name="run_vst01_works_as_expected"/>
    <testcase time="4.89099999999999" classname="vst01" name="run_vst01_works_as_expected">
      <skipped message="Reason: On CRAN ('test-vst01.R:14:3')"/>
    </testcase>
  </testsuite>
  <testsuite name="vst02" timestamp="2024-07-02T14:44:31Z" hostname="049a6796a003" tests="2" skipped="2" failures="0" errors="0" time="1.036">
    <testcase time="0.51400000000001" classname="vst02" name="vst02_functions_with_default_argument_value_return_expected_result_with_test_data">
      <skipped message="Reason: On CRAN ('test-vst02.R:7:3')"/>
    </testcase>
    <testcase time="0.521999999999991" classname="vst02" name="vst02_functions_return_expected_result_with_test_data_when_excluding_subject_with_baseline_abnormality">
      <skipped message="Reason: On CRAN ('test-vst02.R:14:3')"/>
    </testcase>
  </testsuite>
</testsuites>
