<?xml version="1.0" encoding="UTF-8"?>
<testsuites>
  <testsuite name="ael01_nollt" timestamp="2024-08-06T14:39:03Z" hostname="ab860f4607f7" tests="14" skipped="0" failures="0" errors="0" time="1.149">
    <testcase time="0.0629999999999999" classname="ael01_nollt" name="ael01_nollt_works_with_admh_dataset"/>
    <testcase time="0.27" classname="ael01_nollt" name="ael01_nollt_works_with_admh_dataset"/>
    <testcase time="0.028" classname="ael01_nollt" name="ael01_nollt_works_with_non_default_label"/>
    <testcase time="0.205" classname="ael01_nollt" name="ael01_nollt_works_with_non_default_label"/>
    <testcase time="0.0270000000000001" classname="ael01_nollt" name="ael01_nollt_can_handle_all_missing_values"/>
    <testcase time="0.0800000000000001" classname="ael01_nollt" name="ael01_nollt_can_handle_all_missing_values"/>
    <testcase time="0.0259999999999998" classname="ael01_nollt" name="ael01_nollt_can_handle_some_missing_values"/>
    <testcase time="0.125" classname="ael01_nollt" name="ael01_nollt_can_handle_some_missing_values"/>
    <testcase time="0.0219999999999998" classname="ael01_nollt" name="ael01_nollt_listing_can_be_split_by_an_additional_variable"/>
    <testcase time="0.00200000000000022" classname="ael01_nollt" name="ael01_nollt_listing_can_be_split_by_an_additional_variable"/>
    <testcase time="0.162" classname="ael01_nollt" name="ael01_nollt_listing_can_be_split_by_an_additional_variable"/>
    <testcase time="0.0220000000000002" classname="ael01_nollt" name="split_ael01_nollt_listing_do_not_display_missing_values"/>
    <testcase time="0.00099999999999989" classname="ael01_nollt" name="split_ael01_nollt_listing_do_not_display_missing_values"/>
    <testcase time="0.116" classname="ael01_nollt" name="split_ael01_nollt_listing_do_not_display_missing_values"/>
  </testsuite>
  <testsuite name="ael02" timestamp="2024-08-06T14:39:04Z" hostname="ab860f4607f7" tests="9" skipped="0" failures="0" errors="0" time="2.642">
    <testcase time="0.0679999999999996" classname="ael02" name="ael02_works_with_adae_dataset"/>
    <testcase time="0.00100000000000033" classname="ael02" name="ael02_works_with_adae_dataset"/>
    <testcase time="0.811" classname="ael02" name="ael02_works_with_adae_dataset"/>
    <testcase time="0.0510000000000002" classname="ael02" name="ael02_can_handle_all_missing_values"/>
    <testcase time="0.00099999999999989" classname="ael02" name="ael02_can_handle_all_missing_values"/>
    <testcase time="0.851" classname="ael02" name="ael02_can_handle_all_missing_values"/>
    <testcase time="0.0499999999999998" classname="ael02" name="ael02_functions_work_as_expected"/>
    <testcase time="0.00100000000000033" classname="ael02" name="ael02_functions_work_as_expected"/>
    <testcase time="0.808" classname="ael02" name="ael02_functions_work_as_expected"/>
  </testsuite>
  <testsuite name="ael03" timestamp="2024-08-06T14:39:07Z" hostname="ab860f4607f7" tests="9" skipped="0" failures="0" errors="0" time="2.679">
    <testcase time="0.0659999999999998" classname="ael03" name="ael03_works_with_adae_dataset"/>
    <testcase time="0.000999999999999446" classname="ael03" name="ael03_works_with_adae_dataset"/>
    <testcase time="0.834000000000001" classname="ael03" name="ael03_works_with_adae_dataset"/>
    <testcase time="0.0499999999999998" classname="ael03" name="ael03_can_handle_all_missing_values"/>
    <testcase time="0.00199999999999978" classname="ael03" name="ael03_can_handle_all_missing_values"/>
    <testcase time="0.854" classname="ael03" name="ael03_can_handle_all_missing_values"/>
    <testcase time="0.0510000000000002" classname="ael03" name="ael03_functions_work_as_expected"/>
    <testcase time="0.00100000000000033" classname="ael03" name="ael03_functions_work_as_expected"/>
    <testcase time="0.82" classname="ael03" name="ael03_functions_work_as_expected"/>
  </testsuite>
  <testsuite name="aet01" timestamp="2024-08-06T14:39:10Z" hostname="ab860f4607f7" tests="13" skipped="0" failures="0" errors="0" time="3.24">
    <testcase time="0.407999999999999" classname="aet01" name="aet01_can_handle_all_NA_values"/>
    <testcase time="0.266" classname="aet01" name="aet01_can_handle_all_NA_values"/>
    <testcase time="0.275" classname="aet01" name="aet01_can_handle_all_NA_values"/>
    <testcase time="0.214" classname="aet01" name="aet01_can_handle_all_NA_values"/>
    <testcase time="0.257999999999999" classname="aet01" name="aet01_can_handle_some_NA_values"/>
    <testcase time="0.262" classname="aet01" name="aet01_can_handle_some_NA_values"/>
    <testcase time="0.202999999999999" classname="aet01" name="aet01_can_use_custom_anl_vars"/>
    <testcase time="0.164" classname="aet01" name="aet01_can_use_custom_anl_vars"/>
    <testcase time="0.0640000000000001" classname="aet01" name="aet01_fails_on_incomplete_data_input"/>
    <testcase time="0.447000000000001" classname="aet01" name="aet01_can_use_custom_medconcept_var"/>
    <testcase time="0.273" classname="aet01" name="aet01_can_use_custom_medconcept_var"/>
    <testcase time="0.179" classname="aet01" name="aet01_can_conditionally_show_the_number_of_withdrawal"/>
    <testcase time="0.227" classname="aet01" name="aet01_can_conditionally_show_the_number_of_withdrawal"/>
  </testsuite>
  <testsuite name="aet01_aesi" timestamp="2024-08-06T14:39:13Z" hostname="ab860f4607f7" tests="9" skipped="0" failures="0" errors="0" time="1.938">
    <testcase time="0.213999999999999" classname="aet01_aesi" name="aet01_aesi_can_handle_all_NA_values"/>
    <testcase time="0.239000000000001" classname="aet01_aesi" name="aet01_aesi_can_handle_all_NA_values"/>
    <testcase time="0.183" classname="aet01_aesi" name="aet01_aesi_can_handle_all_NA_values"/>
    <testcase time="0.205" classname="aet01_aesi" name="aet01_aesi_can_handle_all_NA_values"/>
    <testcase time="0.186999999999999" classname="aet01_aesi" name="aet01_aesi_can_handle_some_NA_values"/>
    <testcase time="0.239000000000001" classname="aet01_aesi" name="aet01_aesi_can_handle_some_NA_values"/>
    <testcase time="0.257999999999999" classname="aet01_aesi" name="aet01_aesi_works_with_ALL_argument"/>
    <testcase time="0.366000000000001" classname="aet01_aesi" name="aet01_aesi_works_with_ALL_argument"/>
    <testcase time="0.0469999999999988" classname="aet01_aesi" name="aet01_aesi_check_fails_on_incomplete_data_input"/>
  </testsuite>
  <testsuite name="aet02" timestamp="2024-08-06T14:39:15Z" hostname="ab860f4607f7" tests="4" skipped="0" failures="0" errors="0" time="2.294">
    <testcase time="0.048" classname="aet02" name="aet02_fails_on_incomplete_data_input"/>
    <testcase time="0.106" classname="aet02" name="aet02_handle_empty_data_input"/>
    <testcase time="1.415" classname="aet02" name="aet02_can_have_different_levels_of_row_split"/>
    <testcase time="0.725" classname="aet02" name="aet02_can_have_different_levels_of_row_split"/>
  </testsuite>
  <testsuite name="aet03" timestamp="2024-08-06T14:39:17Z" hostname="ab860f4607f7" tests="4" skipped="0" failures="0" errors="0" time="2.426">
    <testcase time="0.26" classname="aet03" name="aet03_can_handle_NA_values"/>
    <testcase time="0.239000000000001" classname="aet03" name="aet03_can_handle_NA_values"/>
    <testcase time="1.251" classname="aet03" name="aet03_can_handle_some_NA_values"/>
    <testcase time="0.675999999999998" classname="aet03" name="aet03_can_handle_some_NA_values"/>
  </testsuite>
  <testsuite name="aet04" timestamp="2024-08-06T14:39:20Z" hostname="ab860f4607f7" tests="12" skipped="0" failures="0" errors="0" time="10.897">
    <testcase time="0.420999999999999" classname="aet04" name="aet04_can_handle_NA_values"/>
    <testcase time="0.394000000000002" classname="aet04" name="aet04_can_handle_NA_values"/>
    <testcase time="0.390999999999998" classname="aet04" name="aet04_can_handle_NA_values"/>
    <testcase time="0.00300000000000011" classname="aet04" name="aet04_can_handle_NA_values"/>
    <testcase time="0.390000000000001" classname="aet04" name="aet04_can_handle_NA_values"/>
    <testcase time="0.396000000000001" classname="aet04" name="aet04_can_handle_NA_values"/>
    <testcase time="2.201" classname="aet04" name="aet04_can_handle_some_NA_values"/>
    <testcase time="1.095" classname="aet04" name="aet04_can_handle_some_NA_values"/>
    <testcase time="2.202" classname="aet04" name="aet04_can_handle_some_NA_values"/>
    <testcase time="0.00600000000000023" classname="aet04" name="aet04_can_handle_some_NA_values"/>
    <testcase time="2.228" classname="aet04" name="aet04_can_handle_some_NA_values"/>
    <testcase time="1.17" classname="aet04" name="aet04_can_handle_some_NA_values"/>
  </testsuite>
  <testsuite name="aet05" timestamp="2024-08-06T14:39:31Z" hostname="ab860f4607f7" tests="6" skipped="0" failures="0" errors="0" time="1.226">
    <testcase time="0.162000000000003" classname="aet05" name="aet05_can_handle_NA_values"/>
    <testcase time="0.248999999999999" classname="aet05" name="aet05_can_handle_NA_values"/>
    <testcase time="0.146000000000001" classname="aet05" name="aet05_can_handle_some_NA_values"/>
    <testcase time="0.266999999999999" classname="aet05" name="aet05_can_handle_some_NA_values"/>
    <testcase time="0.131" classname="aet05" name="aet05_can_handle_some_NA_values"/>
    <testcase time="0.270999999999997" classname="aet05" name="aet05_can_handle_some_NA_values"/>
  </testsuite>
  <testsuite name="aet05_all" timestamp="2024-08-06T14:39:32Z" hostname="ab860f4607f7" tests="6" skipped="0" failures="0" errors="0" time="1.2">
    <testcase time="0.146000000000001" classname="aet05_all" name="aet05_all_can_handle_NA_values"/>
    <testcase time="0.243000000000002" classname="aet05_all" name="aet05_all_can_handle_NA_values"/>
    <testcase time="0.148" classname="aet05_all" name="aet05_all_can_handle_some_NA_values"/>
    <testcase time="0.259" classname="aet05_all" name="aet05_all_can_handle_some_NA_values"/>
    <testcase time="0.143999999999998" classname="aet05_all" name="aet05_all_can_handle_some_NA_values"/>
    <testcase time="0.260000000000002" classname="aet05_all" name="aet05_all_can_handle_some_NA_values"/>
  </testsuite>
  <testsuite name="aet10" timestamp="2024-08-06T14:39:33Z" hostname="ab860f4607f7" tests="4" skipped="0" failures="0" errors="0" time="0.511">
    <testcase time="0.0809999999999995" classname="aet10" name="aet10_can_handle_NA_values"/>
    <testcase time="0.109999999999999" classname="aet10" name="aet10_can_handle_NA_values"/>
    <testcase time="0.102999999999998" classname="aet10" name="aet10_can_handle_some_NA_values"/>
    <testcase time="0.216999999999999" classname="aet10" name="aet10_can_handle_some_NA_values"/>
  </testsuite>
  <testsuite name="assertions" timestamp="2024-08-06T14:39:33Z" hostname="ab860f4607f7" tests="33" skipped="0" failures="0" errors="0" time="0.173">
    <testcase time="0.007000000000005" classname="assertions" name="assert_valid_var.character_works_as_expected"/>
    <testcase time="0.00499999999999545" classname="assertions" name="assert_valid_var.character_works_as_expected"/>
    <testcase time="0.00500000000000256" classname="assertions" name="assert_valid_var.character_works_as_expected"/>
    <testcase time="0.00399999999999778" classname="assertions" name="assert_valid_var.character_works_as_expected"/>
    <testcase time="0.00100000000000477" classname="assertions" name="assert_valid_var.character_works_as_expected"/>
    <testcase time="0.00499999999999545" classname="assertions" name="assert_valid_var.factor_works_as_expected"/>
    <testcase time="0.00400000000000489" classname="assertions" name="assert_valid_var.factor_works_as_expected"/>
    <testcase time="0.00499999999999545" classname="assertions" name="assert_valid_var.factor_works_as_expected"/>
    <testcase time="0.00400000000000489" classname="assertions" name="assert_valid_var.factor_works_as_expected"/>
    <testcase time="0.00199999999999534" classname="assertions" name="assert_valid_var.factor_works_as_expected"/>
    <testcase time="0.00400000000000489" classname="assertions" name="assert_valid_var.logical_works_as_expected"/>
    <testcase time="0.00499999999999545" classname="assertions" name="assert_valid_var.logical_works_as_expected"/>
    <testcase time="0.00399999999999778" classname="assertions" name="assert_valid_var.logical_works_as_expected"/>
    <testcase time="0.00200000000000244" classname="assertions" name="assert_valid_var.logical_works_as_expected"/>
    <testcase time="0.00399999999999778" classname="assertions" name="assert_valid_var.numeric_works_as_expected"/>
    <testcase time="0.00400000000000489" classname="assertions" name="assert_valid_var.numeric_works_as_expected"/>
    <testcase time="0.00499999999999545" classname="assertions" name="assert_valid_var.numeric_works_as_expected"/>
    <testcase time="0.00100000000000477" classname="assertions" name="assert_valid_var.numeric_works_as_expected"/>
    <testcase time="0.00499999999999545" classname="assertions" name="assert_valid_var.numeric_works_as_expected"/>
    <testcase time="0.00100000000000477" classname="assertions" name="assert_valid_var.numeric_works_as_expected"/>
    <testcase time="0.0180000000000007" classname="assertions" name="assert_valid_var.POSIXct_works_as_expected"/>
    <testcase time="0.0229999999999961" classname="assertions" name="assert_valid_var.POSIXct_works_as_expected"/>
    <testcase time="0.0069999999999979" classname="assertions" name="assert_valid_variable_works_as_expected"/>
    <testcase time="0.00300000000000011" classname="assertions" name="assert_valid_variable_works_as_expected"/>
    <testcase time="0.00900000000000034" classname="assertions" name="assert_valid_variable_works_as_expected"/>
    <testcase time="0.00200000000000244" classname="assertions" name="assert_valid_variable_works_as_expected"/>
    <testcase time="0.0069999999999979" classname="assertions" name="assert_valid_variable_works_as_expected"/>
    <testcase time="0.00200000000000244" classname="assertions" name="assert_valid_variable_works_as_expected"/>
    <testcase time="0.00500000000000256" classname="assertions" name="assert_valid_var_pair_works_as_expected_with_character"/>
    <testcase time="0.00499999999999545" classname="assertions" name="assert_valid_var_pair_works_as_expected_with_character"/>
    <testcase time="0.00499999999999545" classname="assertions" name="assert_valid_var_pair_works_as_expected_with_factor"/>
    <testcase time="0.00500000000000256" classname="assertions" name="assert_valid_var_pair_works_as_expected_with_factor"/>
    <testcase time="0.00499999999999545" classname="assertions" name="assert_valid_var_pair_works_as_expected_with_factor"/>
  </testsuite>
  <testsuite name="cfbt01" timestamp="2024-08-06T14:39:34Z" hostname="ab860f4607f7" tests="3" skipped="0" failures="0" errors="0" time="8.437">
    <testcase time="6.307" classname="cfbt01" name="cfbt01_functions_with_default_argument_value_return_expected_result_with_test_data"/>
    <testcase time="0.695" classname="cfbt01" name="cfbt01_can_handle_n_0_and_outputs_NE_instead_of_infs_and_NAs"/>
    <testcase time="1.435" classname="cfbt01" name="cfbt01_can_handle_n_0_and_outputs_NE_instead_of_infs_and_NAs"/>
  </testsuite>
  <testsuite name="checks" timestamp="2024-08-06T14:39:42Z" hostname="ab860f4607f7" tests="8" skipped="0" failures="0" errors="0" time="0.034">
    <testcase time="0.0150000000000006" classname="checks" name="check_all_colnames_works_as_expected"/>
    <testcase time="0.00300000000000011" classname="checks" name="check_all_colnames_works_as_expected"/>
    <testcase time="0.00199999999999534" classname="checks" name="check_all_colnames_works_as_expected"/>
    <testcase time="0.00200000000000244" classname="checks" name="check_all_colnames_works_as_expected"/>
    <testcase time="0.00500000000000256" classname="checks" name="check_one_colnames_works_as_expected"/>
    <testcase time="0.00300000000000011" classname="checks" name="check_one_colnames_works_as_expected"/>
    <testcase time="0.000999999999997669" classname="checks" name="check_one_colnames_works_as_expected"/>
    <testcase time="0.00300000000000011" classname="checks" name="check_one_colnames_works_as_expected"/>
  </testsuite>
  <testsuite name="chevron_tlg-class" timestamp="2024-08-06T14:39:42Z" hostname="ab860f4607f7" tests="27" skipped="0" failures="0" errors="0" time="0.082">
    <testcase time="0.00800000000000267" classname="chevron_tlg_class" name="chevron_t_object_can_be_constructed_with_default_values"/>
    <testcase time="0.00199999999999534" classname="chevron_tlg_class" name="chevron_t_object_can_be_constructed_with_default_values"/>
    <testcase time="0.00600000000000023" classname="chevron_tlg_class" name="chevron_t_object_can_be_constructed_with_custom_values"/>
    <testcase time="0.00200000000000244" classname="chevron_tlg_class" name="chevron_t_object_can_be_constructed_with_custom_values"/>
    <testcase time="0.00200000000000244" classname="chevron_tlg_class" name="chevron_t_object_can_be_constructed_with_custom_values"/>
    <testcase time="0.00300000000000011" classname="chevron_tlg_class" name="chevron_t_object_can_be_constructed_with_custom_values"/>
    <testcase time="0.00499999999999545" classname="chevron_tlg_class" name="chevron_t_constructor_returns_an_error_when_expected"/>
    <testcase time="0.00100000000000477" classname="chevron_tlg_class" name="chevron_t_constructor_returns_an_error_when_expected"/>
    <testcase time="0.000999999999997669" classname="chevron_tlg_class" name="chevron_t_constructor_returns_an_error_when_expected"/>
    <testcase time="0.000999999999997669" classname="chevron_tlg_class" name="chevron_t_constructor_returns_an_error_when_expected"/>
    <testcase time="0.000999999999997669" classname="chevron_tlg_class" name="chevron_t_constructor_returns_an_error_when_expected"/>
    <testcase time="0.000999999999997669" classname="chevron_tlg_class" name="chevron_t_constructor_returns_an_error_when_expected"/>
    <testcase time="0.00500000000000256" classname="chevron_tlg_class" name="chevron_l_object_can_be_constructed_with_default_values"/>
    <testcase time="0.00300000000000011" classname="chevron_tlg_class" name="chevron_l_object_can_be_constructed_with_default_values"/>
    <testcase time="0.00499999999999545" classname="chevron_tlg_class" name="chevron_g_object_can_be_constructed_with_custom_values"/>
    <testcase time="0.00300000000000011" classname="chevron_tlg_class" name="chevron_g_object_can_be_constructed_with_custom_values"/>
    <testcase time="0.00200000000000244" classname="chevron_tlg_class" name="chevron_g_object_can_be_constructed_with_custom_values"/>
    <testcase time="0.00300000000000011" classname="chevron_tlg_class" name="chevron_g_object_can_be_constructed_with_custom_values"/>
    <testcase time="0.00500000000000256" classname="chevron_tlg_class" name="chevron_g_constructor_returns_an_error_when_expected"/>
    <testcase time="0.000999999999997669" classname="chevron_tlg_class" name="chevron_g_constructor_returns_an_error_when_expected"/>
    <testcase time="0.000999999999997669" classname="chevron_tlg_class" name="chevron_g_constructor_returns_an_error_when_expected"/>
    <testcase time="0.00100000000000477" classname="chevron_tlg_class" name="chevron_g_constructor_returns_an_error_when_expected"/>
    <testcase time="0.000999999999997669" classname="chevron_tlg_class" name="chevron_g_constructor_returns_an_error_when_expected"/>
    <testcase time="0.000999999999997669" classname="chevron_tlg_class" name="chevron_g_constructor_returns_an_error_when_expected"/>
    <testcase time="0.00600000000000023" classname="chevron_tlg_class" name="chevron_simple_works_correctly"/>
    <testcase time="0.00200000000000244" classname="chevron_tlg_class" name="chevron_simple_works_correctly"/>
    <testcase time="0.00999999999999801" classname="chevron_tlg_class" name="chevron_simple_errors_if_contains_return"/>
  </testsuite>
  <testsuite name="chevron_tlg-methods" timestamp="2024-08-06T14:39:42Z" hostname="ab860f4607f7" tests="40" skipped="1" failures="0" errors="0" time="7.686">
    <testcase time="1.557" classname="chevron_tlg_methods" name="run_works_as_expected_for_chevron_t_object"/>
    <testcase time="0.558999999999997" classname="chevron_tlg_methods" name="run_works_as_expected_for_chevron_t_object_when_auto_pre_FALSE"/>
    <testcase time="0.289999999999999" classname="chevron_tlg_methods" name="run_works_as_expected_with_argument_printed"/>
    <testcase time="0.260000000000005" classname="chevron_tlg_methods" name="run_works_as_expected_with_argument_printed"/>
    <testcase time="0.388999999999996" classname="chevron_tlg_methods" name="run_works_as_expected_with_argument_printed_if_the_user_argument_is_complicated"/>
    <testcase time="0.355000000000004" classname="chevron_tlg_methods" name="run_works_as_expected_with_argument_printed_if_the_user_argument_is_complicated"/>
    <testcase time="0.393000000000001" classname="chevron_tlg_methods" name="run_uses_the_argument_passed_through_the_ellipsis_in_priority"/>
    <testcase time="0.348999999999997" classname="chevron_tlg_methods" name="run_uses_the_argument_passed_through_the_ellipsis_in_priority"/>
    <testcase time="0.292999999999999" classname="chevron_tlg_methods" name="run_works_as_expected_with_partial_match_argument"/>
    <testcase time="0.256999999999998" classname="chevron_tlg_methods" name="run_works_as_expected_with_partial_match_argument"/>
    <testcase time="0.400000000000006" classname="chevron_tlg_methods" name="run_displays_the_symbols_when_available"/>
    <testcase time="0.347999999999999" classname="chevron_tlg_methods" name="run_displays_the_symbols_when_available"/>
    <testcase time="0.00399999999999778" classname="chevron_tlg_methods" name="args_ls_works_as_expected"/>
    <testcase time="0.000999999999997669" classname="chevron_tlg_methods" name="args_ls_works_as_expected"/>
    <testcase time="0.00200000000000244" classname="chevron_tlg_methods" name="args_ls_works_as_expected"/>
    <testcase time="0.00399999999999778" classname="chevron_tlg_methods" name="args_ls_works_as_expected_when_simplify_is_TRUE"/>
    <testcase time="0.00100000000000477" classname="chevron_tlg_methods" name="args_ls_works_as_expected_when_simplify_is_TRUE"/>
    <testcase time="0.000999999999997669" classname="chevron_tlg_methods" name="args_ls_works_as_expected_when_simplify_is_TRUE"/>
    <testcase time="0.00500000000000256" classname="chevron_tlg_methods" name="args_ls_works_as_expected_with_custom_chevron_tlg_object"/>
    <testcase time="0.000999999999997669" classname="chevron_tlg_methods" name="args_ls_works_as_expected_with_custom_chevron_tlg_object"/>
    <testcase time="0.000999999999997669" classname="chevron_tlg_methods" name="args_ls_works_as_expected_with_custom_chevron_tlg_object"/>
    <testcase time="0.00300000000000011" classname="chevron_tlg_methods" name="args_ls_works_as_expected_with_custom_chevron_tlg_object"/>
    <testcase time="0.00600000000000023" classname="chevron_tlg_methods" name="main_works_as_expected"/>
    <testcase time="0.00600000000000023" classname="chevron_tlg_methods" name="main_setter_works_as_expected"/>
    <testcase time="0.00900000000000034" classname="chevron_tlg_methods" name="main_setter_throw_an_error_as_expected"/>
    <testcase time="0.00600000000000023" classname="chevron_tlg_methods" name="preprocess_works_as_expected"/>
    <testcase time="0.00600000000000023" classname="chevron_tlg_methods" name="preprocess_setter_works_as_expected"/>
    <testcase time="0.00900000000000034" classname="chevron_tlg_methods" name="preprocess_sends_an_error_as_expected"/>
    <testcase time="0.00600000000000023" classname="chevron_tlg_methods" name="postprocess_works_as_expected"/>
    <testcase time="0.00600000000000023" classname="chevron_tlg_methods" name="postprocess_setter_works_as_expected"/>
    <testcase time="0.00900000000000034" classname="chevron_tlg_methods" name="postprocess_sends_an_error_as_expected"/>
    <testcase time="0.00399999999999778" classname="chevron_tlg_methods" name="script_funs_works_as_expected_in_interactive_mode">
      <skipped message="Reason: !interactive() is TRUE ('test-chevron_tlg-methods.R:185:3')"/>
    </testcase>
    <testcase time="0.0140000000000029" classname="chevron_tlg_methods" name="script_funs_works_as_expected"/>
    <testcase time="0.000999999999997669" classname="chevron_tlg_methods" name="script_funs_works_as_expected"/>
    <testcase time="1.043" classname="chevron_tlg_methods" name="script_funs_generates_a_valid_script"/>
    <testcase time="1.029" classname="chevron_tlg_methods" name="script_funs_generates_a_valid_script"/>
    <testcase time="0.00600000000000023" classname="chevron_tlg_methods" name="script_funs_works_for_simple_template"/>
    <testcase time="0.000999999999997669" classname="chevron_tlg_methods" name="script_funs_works_for_simple_template"/>
    <testcase time="0.0279999999999987" classname="chevron_tlg_methods" name="print_list_works"/>
    <testcase time="0.0240000000000009" classname="chevron_tlg_methods" name="print_list_works_for_empty_list"/>
  </testsuite>
  <testsuite name="cmt01a" timestamp="2024-08-06T14:39:50Z" hostname="ab860f4607f7" tests="6" skipped="0" failures="0" errors="0" time="3.593">
    <testcase time="1.07400000000001" classname="cmt01a" name="cmt01a_functions_with_default_argument_value_return_expected_result_with_test_data"/>
    <testcase time="1.022" classname="cmt01a" name="cmt01a_functions_with_custom_argument_value_return_expected_result_with_test_data"/>
    <testcase time="0.143999999999998" classname="cmt01a" name="cmt01a_can_handle_all_NA_values"/>
    <testcase time="0.165999999999997" classname="cmt01a" name="cmt01a_can_handle_all_NA_values"/>
    <testcase time="0.589000000000006" classname="cmt01a" name="cmt01a_can_handle_some_NA_values"/>
    <testcase time="0.597999999999999" classname="cmt01a" name="cmt01a_can_handle_some_NA_values"/>
  </testsuite>
  <testsuite name="cmt02_pt" timestamp="2024-08-06T14:39:53Z" hostname="ab860f4607f7" tests="4" skipped="0" failures="0" errors="0" time="0.606">
    <testcase time="0.097999999999999" classname="cmt02_pt" name="cmt02_pt_can_handle_all_NA_values"/>
    <testcase time="0.140000000000001" classname="cmt02_pt" name="cmt02_pt_can_handle_all_NA_values"/>
    <testcase time="0.143999999999998" classname="cmt02_pt" name="cmt02_pt_can_handle_some_NA_values"/>
    <testcase time="0.224000000000004" classname="cmt02_pt" name="cmt02_pt_can_handle_some_NA_values"/>
  </testsuite>
  <testsuite name="coxt01" timestamp="2024-08-06T14:39:54Z" hostname="ab860f4607f7" tests="9" skipped="0" failures="0" errors="0" time="1.782">
    <testcase time="0.358999999999995" classname="coxt01" name="coxt01_can_handle_some_NA_values"/>
    <testcase time="0.195" classname="coxt01" name="coxt01_can_handle_some_NA_values"/>
    <testcase time="0.292000000000002" classname="coxt01" name="coxt01_can_handle_some_NA_values"/>
    <testcase time="0.189999999999998" classname="coxt01" name="coxt01_can_handle_some_NA_values"/>
    <testcase time="0.181000000000004" classname="coxt01" name="coxt01_can_handle_some_NA_values"/>
    <testcase time="0.177999999999997" classname="coxt01" name="coxt01_can_handle_some_NA_values"/>
    <testcase time="0.195999999999998" classname="coxt01" name="coxt01_can_handle_some_NA_values"/>
    <testcase time="0.178000000000004" classname="coxt01" name="coxt01_can_handle_some_NA_values"/>
    <testcase time="0.0129999999999981" classname="coxt01" name="coxt01_fails_on_incomlete_data"/>
  </testsuite>
  <testsuite name="coxt02" timestamp="2024-08-06T14:39:56Z" hostname="ab860f4607f7" tests="9" skipped="0" failures="0" errors="0" time="2.461">
    <testcase time="0.515000000000001" classname="coxt02" name="coxt02_can_handle_some_NA_values"/>
    <testcase time="0.241" classname="coxt02" name="coxt02_can_handle_some_NA_values"/>
    <testcase time="0.652999999999999" classname="coxt02" name="coxt02_can_handle_some_NA_values"/>
    <testcase time="0.224000000000004" classname="coxt02" name="coxt02_can_handle_some_NA_values"/>
    <testcase time="0.225999999999999" classname="coxt02" name="coxt02_can_handle_some_NA_values"/>
    <testcase time="0.176000000000002" classname="coxt02" name="coxt02_can_handle_some_NA_values"/>
    <testcase time="0.235999999999997" classname="coxt02" name="coxt02_can_handle_some_NA_values"/>
    <testcase time="0.176000000000002" classname="coxt02" name="coxt02_can_handle_some_NA_values"/>
    <testcase time="0.0139999999999958" classname="coxt02" name="coxt02_fails_on_incomlete_data"/>
  </testsuite>
  <testsuite name="default_tlg" timestamp="2024-08-06T14:39:58Z" hostname="ab860f4607f7" tests="15" skipped="0" failures="0" errors="0" time="10.736">
    <testcase time="0.143999999999998" classname="default_tlg" name="ael01_nollt_function_with_default_argument_value_return_expected_result_with_test_data"/>
    <testcase time="0.507000000000005" classname="default_tlg" name="aet01_function_with_default_argument_value_return_expected_result_with_test_data"/>
    <testcase time="0.452999999999996" classname="default_tlg" name="aet01_aesi_function_with_default_argument_value_return_expected_result_with_test_data"/>
    <testcase time="0.890000000000001" classname="default_tlg" name="aet02_functions_with_default_argument_value_return_expected_result_with_test_data"/>
    <testcase time="1.942" classname="default_tlg" name="aet03_functions_with_default_argument_value_return_expected_result_with_test_data"/>
    <testcase time="2.934" classname="default_tlg" name="aet04_functions_with_default_argument_value_return_expected_result_with_test_data"/>
    <testcase time="0.392999999999994" classname="default_tlg" name="aet05_functions_with_default_argument_value_return_expected_result_with_test_data"/>
    <testcase time="0.396000000000001" classname="default_tlg" name="aet05_all_functions_with_default_argument_value_return_expected_result_with_test_data"/>
    <testcase time="0.293999999999997" classname="default_tlg" name="aet10_functions_with_default_argument_value_return_expected_result_with_test_data"/>
    <testcase time="0.347000000000008" classname="default_tlg" name="cmt02_pt_functions_with_default_argument_value_return_expected_result_with_test_data"/>
    <testcase time="0.498999999999995" classname="default_tlg" name="coxt01_functions_with_default_argument_value_return_expected_result_with_test_data"/>
    <testcase time="0.722000000000008" classname="default_tlg" name="coxt02_functions_with_default_argument_value_return_expected_result_with_test_data"/>
    <testcase time="0.588999999999999" classname="default_tlg" name="dmt01_functions_with_default_argument_value_return_expected_result_with_test_data"/>
    <testcase time="0.37299999999999" classname="default_tlg" name="dst01_functions_with_default_argument_value_return_expected_result_with_test_data"/>
    <testcase time="0.253" classname="default_tlg" name="dtht01_functions_with_default_argument_value_return_expected_result_with_test_data"/>
  </testsuite>
  <testsuite name="dmt01" timestamp="2024-08-06T14:40:09Z" hostname="ab860f4607f7" tests="19" skipped="0" failures="0" errors="0" time="4.102">
    <testcase time="0.190000000000012" classname="dmt01" name="dmt01_can_handle_NA_values"/>
    <testcase time="0.302999999999997" classname="dmt01" name="dmt01_can_handle_NA_values"/>
    <testcase time="0.194000000000003" classname="dmt01" name="dmt01_can_handle_numeric_NA_values"/>
    <testcase time="0.375999999999991" classname="dmt01" name="dmt01_can_handle_numeric_NA_values"/>
    <testcase time="0.0150000000000006" classname="dmt01" name="dmt01_returns_an_error_when_variables_are_of_the_wrong_type"/>
    <testcase time="0.144000000000005" classname="dmt01" name="dmt01_works_as_expected_with_setting_default_precision"/>
    <testcase time="0.301000000000002" classname="dmt01" name="dmt01_works_as_expected_with_setting_default_precision"/>
    <testcase time="0.153999999999996" classname="dmt01" name="dmt01_works_as_expected_with_auto_precision_settings"/>
    <testcase time="0.364999999999995" classname="dmt01" name="dmt01_works_as_expected_with_auto_precision_settings"/>
    <testcase time="0.15100000000001" classname="dmt01" name="dmt01_works_as_expected_with_auto_precision_settings_and_defined_precision"/>
    <testcase time="0.338999999999999" classname="dmt01" name="dmt01_works_as_expected_with_auto_precision_settings_and_defined_precision"/>
    <testcase time="0.150999999999996" classname="dmt01" name="dmt01_works_as_expected_with_auto_precision_settings_and_defined_precision_and_default"/>
    <testcase time="0.295999999999992" classname="dmt01" name="dmt01_works_as_expected_with_auto_precision_settings_and_defined_precision_and_default"/>
    <testcase time="0.13900000000001" classname="dmt01" name="dmt01_works_as_expected_with_cutomized_stats_value"/>
    <testcase time="0.274999999999991" classname="dmt01" name="dmt01_works_as_expected_with_cutomized_stats_value"/>
    <testcase time="0.137" classname="dmt01" name="dmt01_works_as_expected_with_empty_list_as_stats_value"/>
    <testcase time="0.305000000000007" classname="dmt01" name="dmt01_works_as_expected_with_empty_list_as_stats_value"/>
    <testcase time="0.0859999999999985" classname="dmt01" name="dmt01_works_as_expected_with_only_one_summaryvars"/>
    <testcase time="0.180999999999997" classname="dmt01" name="dmt01_works_as_expected_with_only_one_summaryvars"/>
  </testsuite>
  <testsuite name="dst01" timestamp="2024-08-06T14:40:13Z" hostname="ab860f4607f7" tests="14" skipped="0" failures="0" errors="0" time="2.43">
    <testcase time="0.126999999999995" classname="dst01" name="dst01_works_as_expected_when_all_data_are_NA"/>
    <testcase time="0.0800000000000125" classname="dst01" name="dst01_works_as_expected_when_all_data_are_NA"/>
    <testcase time="0.109999999999999" classname="dst01" name="dst01_can_handle_all_NA_values_in_DCSREAS"/>
    <testcase time="0.146000000000001" classname="dst01" name="dst01_can_handle_all_NA_values_in_DCSREAS"/>
    <testcase time="0.161999999999992" classname="dst01" name="dst01_can_handle_some_NA_values"/>
    <testcase time="0.216999999999999" classname="dst01" name="dst01_can_handle_some_NA_values"/>
    <testcase time="0.132999999999996" classname="dst01" name="dst01_can_handle_missing_levels_in_status_var"/>
    <testcase time="0.0680000000000121" classname="dst01" name="dst01_can_handle_missing_levels_in_status_var"/>
    <testcase time="0.184999999999988" classname="dst01" name="dst01_can_create_variants"/>
    <testcase time="0.221000000000004" classname="dst01" name="dst01_can_create_variants"/>
    <testcase time="0.213000000000008" classname="dst01" name="dst01_can_create_variants"/>
    <testcase time="0.23599999999999" classname="dst01" name="dst01_can_create_variants"/>
    <testcase time="0.25" classname="dst01" name="dst01_can_create_variants"/>
    <testcase time="0.282000000000011" classname="dst01" name="dst01_can_create_variants"/>
  </testsuite>
  <testsuite name="dtht01" timestamp="2024-08-06T14:40:16Z" hostname="ab860f4607f7" tests="5" skipped="0" failures="0" errors="0" time="1.402">
    <testcase time="0.108999999999995" classname="dtht01" name="dtht01_can_handle_all_NA_values"/>
    <testcase time="0.167000000000002" classname="dtht01" name="dtht01_can_handle_all_NA_values"/>
    <testcase time="0.224000000000004" classname="dtht01" name="dtht01_can_handle_some_NA_values"/>
    <testcase time="0.339999999999989" classname="dtht01" name="dtht01_can_handle_some_NA_values"/>
    <testcase time="0.562000000000012" classname="dtht01" name="dtht01_can_be_parametrize_as_expected"/>
  </testsuite>
  <testsuite name="egt01" timestamp="2024-08-06T14:40:17Z" hostname="ab860f4607f7" tests="3" skipped="0" failures="0" errors="0" time="6.327">
    <testcase time="3.32799999999999" classname="egt01" name="egt01_functions_with_default_argument_value_return_expected_result_with_test_data"/>
    <testcase time="1.107" classname="egt01" name="egt01_can_handle_n_0_and_outputs_NE_instead_of_infs_and_NAs"/>
    <testcase time="1.89200000000001" classname="egt01" name="egt01_can_handle_n_0_and_outputs_NE_instead_of_infs_and_NAs"/>
  </testsuite>
  <testsuite name="egt02" timestamp="2024-08-06T14:40:23Z" hostname="ab860f4607f7" tests="2" skipped="0" failures="0" errors="0" time="0.616">
    <testcase time="0.321999999999989" classname="egt02" name="egt02_1_functions_with_default_argument_value_return_expected_result_with_test_data"/>
    <testcase time="0.294000000000011" classname="egt02" name="egt02_2_functions_with_default_value_return_expected_result_with_test_data"/>
  </testsuite>
  <testsuite name="egt03" timestamp="2024-08-06T14:40:24Z" hostname="ab860f4607f7" tests="5" skipped="0" failures="0" errors="0" time="2.886">
    <testcase time="1.416" classname="egt03" name="egt03_functions_with_default_argument_value_return_expected_result_with_test_data"/>
    <testcase time="0.0150000000000006" classname="egt03" name="egt03_errors_on_all_NA_values"/>
    <testcase time="0.450999999999993" classname="egt03" name="egt03_can_handle_some_NA_values"/>
    <testcase time="0.989000000000004" classname="egt03" name="egt03_can_handle_some_NA_values"/>
    <testcase time="0.0150000000000006" classname="egt03" name="egt03_fails_on_incomplete_data"/>
  </testsuite>
  <testsuite name="egt05_qtcat" timestamp="2024-08-06T14:40:27Z" hostname="ab860f4607f7" tests="4" skipped="0" failures="0" errors="0" time="3.154">
    <testcase time="2.01000000000001" classname="egt05_qtcat" name="egt05_qtcat_functions_with_default_argument_value_return_expected_result_with_test_data"/>
    <testcase time="0.0159999999999911" classname="egt05_qtcat" name="egt05_qtcat_erros_on_all_NA_values"/>
    <testcase time="0.369" classname="egt05_qtcat" name="egt05_qtcat_can_handle_some_NA_values"/>
    <testcase time="0.759" classname="egt05_qtcat" name="egt05_qtcat_can_handle_some_NA_values"/>
  </testsuite>
  <testsuite name="empty_report" timestamp="2024-08-06T14:40:30Z" hostname="ab860f4607f7" tests="25" skipped="0" failures="0" errors="0" time="2.464">
    <testcase time="0.0970000000000084" classname="empty_report" name="tlg_functions_return_null_reports_when_domain_table_is_empty"/>
    <testcase time="0.24799999999999" classname="empty_report" name="tlg_functions_return_null_reports_when_domain_table_is_empty"/>
    <testcase time="0.181000000000012" classname="empty_report" name="tlg_functions_return_null_reports_when_domain_table_is_empty"/>
    <testcase time="0.097999999999999" classname="empty_report" name="tlg_functions_return_null_reports_when_domain_table_is_empty"/>
    <testcase time="0.0889999999999986" classname="empty_report" name="tlg_functions_return_null_reports_when_domain_table_is_empty"/>
    <testcase time="0.0669999999999931" classname="empty_report" name="tlg_functions_return_null_reports_when_domain_table_is_empty"/>
    <testcase time="0.0829999999999984" classname="empty_report" name="tlg_functions_return_null_reports_when_domain_table_is_empty"/>
    <testcase time="0.137" classname="empty_report" name="tlg_functions_return_null_reports_when_domain_table_is_empty"/>
    <testcase time="0.159000000000006" classname="empty_report" name="tlg_functions_return_null_reports_when_domain_table_is_empty"/>
    <testcase time="0.070999999999998" classname="empty_report" name="tlg_functions_return_null_reports_when_domain_table_is_empty"/>
    <testcase time="0.0949999999999989" classname="empty_report" name="tlg_functions_return_null_reports_when_domain_table_is_empty"/>
    <testcase time="0.0400000000000063" classname="empty_report" name="tlg_functions_return_null_reports_when_domain_table_is_empty"/>
    <testcase time="0.0409999999999968" classname="empty_report" name="tlg_functions_return_null_reports_when_domain_table_is_empty"/>
    <testcase time="0.0679999999999978" classname="empty_report" name="tlg_functions_return_null_reports_when_domain_table_is_empty"/>
    <testcase time="0.0570000000000022" classname="empty_report" name="tlg_functions_return_null_reports_when_domain_table_is_empty"/>
    <testcase time="0.0720000000000027" classname="empty_report" name="tlg_functions_return_null_reports_when_domain_table_is_empty"/>
    <testcase time="0.0730000000000075" classname="empty_report" name="tlg_functions_return_null_reports_when_domain_table_is_empty"/>
    <testcase time="0.0870000000000033" classname="empty_report" name="tlg_functions_return_null_reports_when_domain_table_is_empty"/>
    <testcase time="0.297999999999988" classname="empty_report" name="tlg_functions_return_null_reports_when_domain_table_is_empty"/>
    <testcase time="0.0910000000000082" classname="empty_report" name="tlg_functions_return_null_reports_when_domain_table_is_empty"/>
    <testcase time="0.0789999999999935" classname="empty_report" name="tlg_functions_return_null_reports_when_domain_table_is_empty"/>
    <testcase time="0.0530000000000115" classname="empty_report" name="tlg_functions_return_null_reports_when_domain_table_is_empty"/>
    <testcase time="0.0959999999999894" classname="empty_report" name="tlg_functions_return_null_reports_when_domain_table_is_empty"/>
    <testcase time="0.0420000000000016" classname="empty_report" name="tlg_functions_return_null_reports_when_domain_table_is_empty"/>
    <testcase time="0.0420000000000016" classname="empty_report" name="tlg_functions_return_null_reports_when_domain_table_is_empty"/>
  </testsuite>
  <testsuite name="ext01" timestamp="2024-08-06T14:40:32Z" hostname="ab860f4607f7" tests="10" skipped="0" failures="0" errors="0" time="5.007">
    <testcase time="0.492000000000004" classname="ext01" name="ext01_functions_with_default_argument_value_return_expected_result_with_test_data"/>
    <testcase time="0.545999999999992" classname="ext01" name="ext01_functions_with_categorical_data_return_expected_result_with_test_data"/>
    <testcase time="0.179000000000002" classname="ext01" name="ext01_works"/>
    <testcase time="0.310000000000002" classname="ext01" name="ext01_works"/>
    <testcase time="0.167000000000002" classname="ext01" name="ext01_works"/>
    <testcase time="0.316999999999993" classname="ext01" name="ext01_works"/>
    <testcase time="0.542000000000002" classname="ext01" name="ext01_works_for_selected_parameters_and_categorical_variables"/>
    <testcase time="0.804000000000002" classname="ext01" name="ext01_works_with_custom_mapping_order"/>
    <testcase time="0.799999999999997" classname="ext01" name="ext01_works_with_custom_mapping_order_for_a_single_split"/>
    <testcase time="0.850000000000009" classname="ext01" name="ext01_works_with_custom_mapping_fill_in_value"/>
  </testsuite>
  <testsuite name="fstg01" timestamp="2024-08-06T14:40:37Z" hostname="ab860f4607f7" tests="13" skipped="0" failures="0" errors="0" time="6.536">
    <testcase time="0.012999999999991" classname="fstg01" name="fstg01_works_as_expected"/>
    <testcase time="1.318" classname="fstg01" name="fstg01_works_as_expected"/>
    <testcase time="0.00300000000000011" classname="fstg01" name="fstg01_works_as_expected"/>
    <testcase time="1.27300000000001" classname="fstg01" name="fstg01_works_as_expected_with_custom_color_set"/>
    <testcase time="0.00300000000000011" classname="fstg01" name="fstg01_works_as_expected_with_custom_color_set"/>
    <testcase time="1.348" classname="fstg01" name="fstg01_works_as_expected_with_custom_color_set"/>
    <testcase time="0.00300000000000011" classname="fstg01" name="fstg01_works_as_expected_with_custom_color_set"/>
    <testcase time="0.587999999999994" classname="fstg01" name="fstg01_works_if_changes_are_in_subgroups_conf_level_and_label_all"/>
    <testcase time="0.00300000000000011" classname="fstg01" name="fstg01_works_if_changes_are_in_subgroups_conf_level_and_label_all"/>
    <testcase time="0.799000000000007" classname="fstg01" name="fstg01_works_if_changes_are_in_subgroups_conf_level_and_label_all"/>
    <testcase time="0.00300000000000011" classname="fstg01" name="fstg01_works_if_changes_are_in_subgroups_conf_level_and_label_all"/>
    <testcase time="1.179" classname="fstg01" name="fstg01_can_handle_some_NA_values_in_subgroups"/>
    <testcase time="0.00300000000000011" classname="fstg01" name="fstg01_can_handle_some_NA_values_in_subgroups"/>
  </testsuite>
  <testsuite name="fstg02" timestamp="2024-08-06T14:40:44Z" hostname="ab860f4607f7" tests="9" skipped="0" failures="0" errors="0" time="8.324">
    <testcase time="0.0120000000000005" classname="fstg02" name="fstg02_works_as_expected"/>
    <testcase time="1.13" classname="fstg02" name="fstg02_works_as_expected"/>
    <testcase time="1.13500000000001" classname="fstg02" name="fstg02_works_as_expected_with_custom_color_set"/>
    <testcase time="1.14899999999999" classname="fstg02" name="fstg02_works_as_expected_with_custom_color_set"/>
    <testcase time="0.561000000000007" classname="fstg02" name="fstg02_works_if_changes_are_in_subgroups_strata_var_conf_level_and_label_all"/>
    <testcase time="0.784000000000006" classname="fstg02" name="fstg02_works_if_changes_are_in_subgroups_strata_var_conf_level_and_label_all"/>
    <testcase time="1.17999999999999" classname="fstg02" name="fstg02_can_handle_some_NA_values_in_subgroups"/>
    <testcase time="1.187" classname="fstg02" name="fstg02_can_handle_customized_time_units"/>
    <testcase time="1.18600000000001" classname="fstg02" name="fstg02_can_handle_customized_time_units"/>
  </testsuite>
  <testsuite name="kmg01" timestamp="2024-08-06T14:40:52Z" hostname="ab860f4607f7" tests="13" skipped="0" failures="0" errors="0" time="2.315">
    <testcase time="0.0109999999999957" classname="kmg01" name="kmg01_works_as_expected"/>
    <testcase time="0.492000000000004" classname="kmg01" name="kmg01_works_as_expected"/>
    <testcase time="0.00300000000000011" classname="kmg01" name="kmg01_works_as_expected"/>
    <testcase time="0.418999999999997" classname="kmg01" name="kmg01_works_as_expected_with_custom_color_set"/>
    <testcase time="0.00300000000000011" classname="kmg01" name="kmg01_works_as_expected_with_custom_color_set"/>
    <testcase time="0.364999999999995" classname="kmg01" name="kmg01_works_as_expected_with_custom_color_set"/>
    <testcase time="0.00300000000000011" classname="kmg01" name="kmg01_works_as_expected_with_custom_color_set"/>
    <testcase time="0.38000000000001" classname="kmg01" name="kmg01_works_if_change_pvalue_ties_and_conf_level"/>
    <testcase time="0.00300000000000011" classname="kmg01" name="kmg01_works_if_change_pvalue_ties_and_conf_level"/>
    <testcase time="0.376999999999995" classname="kmg01" name="kmg01_works_if_change_annotation_position"/>
    <testcase time="0.00300000000000011" classname="kmg01" name="kmg01_works_if_change_annotation_position"/>
    <testcase time="0.254000000000005" classname="kmg01" name="kmg01_works_for_stratified_analysis"/>
    <testcase time="0.00199999999999534" classname="kmg01" name="kmg01_works_for_stratified_analysis"/>
  </testsuite>
  <testsuite name="lbt01" timestamp="2024-08-06T14:40:55Z" hostname="ab860f4607f7" tests="4" skipped="0" failures="0" errors="0" time="9.236">
    <testcase time="3.191" classname="lbt01" name="lbt01_functions_with_default_argument_value_return_expected_result_with_test_data"/>
    <testcase time="3.21599999999999" classname="lbt01" name="lbt01_functions_with_row_split_var_return_expected_result_with_test_data"/>
    <testcase time="0.890000000000001" classname="lbt01" name="lbt01_can_handle_n_0_and_outputs_NE_instead_of_infs_and_NAs"/>
    <testcase time="1.93900000000001" classname="lbt01" name="lbt01_can_handle_n_0_and_outputs_NE_instead_of_infs_and_NAs"/>
  </testsuite>
  <testsuite name="lbt04" timestamp="2024-08-06T14:41:04Z" hostname="ab860f4607f7" tests="8" skipped="0" failures="0" errors="0" time="2.835">
    <testcase time="0.885999999999996" classname="lbt04" name="lbt04_functions_with_default_argument_value_return_expected_result_with_test_data"/>
    <testcase time="0.0699999999999932" classname="lbt04" name="lbt04_can_handle_all_NA_values"/>
    <testcase time="0.0740000000000123" classname="lbt04" name="lbt04_can_handle_all_NA_values"/>
    <testcase time="0.285999999999987" classname="lbt04" name="lbt04_can_handle_missing_levels"/>
    <testcase time="0.609000000000009" classname="lbt04" name="lbt04_can_handle_missing_levels"/>
    <testcase time="0.283999999999992" classname="lbt04" name="lbt04_can_handle_some_NA_values"/>
    <testcase time="0.611000000000004" classname="lbt04" name="lbt04_can_handle_some_NA_values"/>
    <testcase time="0.0150000000000006" classname="lbt04" name="lbt04_fails_on_incomlete_data"/>
  </testsuite>
  <testsuite name="lbt05" timestamp="2024-08-06T14:41:07Z" hostname="ab860f4607f7" tests="6" skipped="0" failures="0" errors="0" time="1.913">
    <testcase time="0.652000000000001" classname="lbt05" name="lbt05_functions_with_default_argument_value_return_expected_result_with_test_data"/>
    <testcase time="0.266000000000005" classname="lbt05" name="lbt05_functions_with_default_argument_value_return_expected_result_with_test_data"/>
    <testcase time="0.289000000000001" classname="lbt05" name="lbt05_give_all_0_count_if_ANRIND_are_all_missing"/>
    <testcase time="0.276999999999987" classname="lbt05" name="lbt05_can_handle_some_NA_values"/>
    <testcase time="0.387" classname="lbt05" name="lbt05_can_handle_some_NA_values"/>
    <testcase time="0.0420000000000016" classname="lbt05" name="lbt05_fails_on_incomlete_data"/>
  </testsuite>
  <testsuite name="lbt06" timestamp="2024-08-06T14:41:09Z" hostname="ab860f4607f7" tests="3" skipped="0" failures="0" errors="0" time="3.58">
    <testcase time="0.920000000000002" classname="lbt06" name="lbt06_gives_all_0_count_if_ANRIND_and_BNRIND_are_all_missing"/>
    <testcase time="2.63" classname="lbt06" name="lbt06_can_handle_some_NA_values"/>
    <testcase time="0.0300000000000011" classname="lbt06" name="lbt06_fails_on_incomplete_data"/>
  </testsuite>
  <testsuite name="lbt07" timestamp="2024-08-06T14:41:12Z" hostname="ab860f4607f7" tests="4" skipped="0" failures="0" errors="0" time="1.609">
    <testcase time="0.801999999999992" classname="lbt07" name="lbt07_functions_with_default_argument_value_return_expected_result_with_test_data"/>
    <testcase time="0.358000000000004" classname="lbt07" name="lbt07_can_handle_some_NA_values"/>
    <testcase time="0.418000000000006" classname="lbt07" name="lbt07_can_handle_some_NA_values"/>
    <testcase time="0.0310000000000059" classname="lbt07" name="lbt07_fails_on_incomlete_data"/>
  </testsuite>
  <testsuite name="lbt14" timestamp="2024-08-06T14:41:14Z" hostname="ab860f4607f7" tests="20" skipped="0" failures="0" errors="0" time="7.736">
    <testcase time="0.669000000000011" classname="lbt14" name="lbt14_functions_with_default_argument_value_return_expected_result_with_test_data"/>
    <testcase time="0.488" classname="lbt14" name="lbt14_functions_with_default_argument_value_return_expected_result_with_test_data_when_direction_high"/>
    <testcase time="0.59099999999998" classname="lbt14" name="lbt14_functions_with_gr_missing_excl_return_expected_result_with_test_data"/>
    <testcase time="0.598000000000013" classname="lbt14" name="lbt14_functions_with_gr_missing_gr_0_return_expected_result_with_test_data"/>
    <testcase time="0.36099999999999" classname="lbt14" name="lbt14_can_handle_all_NA_values"/>
    <testcase time="0.137" classname="lbt14" name="lbt14_can_handle_all_NA_values"/>
    <testcase time="0.414000000000016" classname="lbt14" name="lbt14_can_handle_some_NA_values"/>
    <testcase time="0.315999999999974" classname="lbt14" name="lbt14_can_handle_some_NA_values"/>
    <testcase time="1.41900000000001" classname="lbt14" name="lbt14_can_accept_different_gr_missing"/>
    <testcase time="0.240000000000009" classname="lbt14" name="lbt14_can_accept_different_gr_missing"/>
    <testcase time="0.239999999999981" classname="lbt14" name="lbt14_can_accept_different_gr_missing"/>
    <testcase time="0.0160000000000196" classname="lbt14" name="lbt14_fails_on_incomlete_data"/>
    <testcase time="0.332999999999998" classname="lbt14" name="lbt14_can_handle_all_NA_values_with_direction_high"/>
    <testcase time="0.126999999999981" classname="lbt14" name="lbt14_can_handle_all_NA_values_with_direction_high"/>
    <testcase time="0.342000000000013" classname="lbt14" name="lbt14_can_handle_some_NA_values_with_direction_high"/>
    <testcase time="0.155999999999977" classname="lbt14" name="lbt14_can_handle_some_NA_values_with_direction_high"/>
    <testcase time="1.01700000000002" classname="lbt14" name="lbt14_can_accept_different_gr_missing_with_direction_high"/>
    <testcase time="0.127999999999986" classname="lbt14" name="lbt14_can_accept_different_gr_missing_with_direction_high"/>
    <testcase time="0.128000000000014" classname="lbt14" name="lbt14_can_accept_different_gr_missing_with_direction_high"/>
    <testcase time="0.0159999999999911" classname="lbt14" name="lbt14_fails_on_incomlete_data"/>
  </testsuite>
  <testsuite name="lbt15" timestamp="2024-08-06T14:41:22Z" hostname="ab860f4607f7" tests="12" skipped="0" failures="0" errors="0" time="5.422">
    <testcase time="0.890999999999991" classname="lbt15" name="lbt15_functions_with_default_argument_value_return_expected_result_with_test_data"/>
    <testcase time="0.283999999999992" classname="lbt15" name="lbt15_can_handle_all_NA_values"/>
    <testcase time="0.605000000000018" classname="lbt15" name="lbt15_can_handle_all_NA_values"/>
    <testcase time="0.283999999999992" classname="lbt15" name="lbt15_can_handle_missing_levels"/>
    <testcase time="0.621000000000009" classname="lbt15" name="lbt15_can_handle_missing_levels"/>
    <testcase time="0.283999999999992" classname="lbt15" name="lbt15_can_handle_missing_levels_in_baseline"/>
    <testcase time="0.623999999999995" classname="lbt15" name="lbt15_can_handle_missing_levels_in_baseline"/>
    <testcase time="0.280000000000001" classname="lbt15" name="lbt15_can_handle_some_NA_values"/>
    <testcase time="0.62700000000001" classname="lbt15" name="lbt15_can_handle_some_NA_values"/>
    <testcase time="0.289999999999992" classname="lbt15" name="lbt15_can_handle_some_NA_values_in_baseline"/>
    <testcase time="0.616000000000014" classname="lbt15" name="lbt15_can_handle_some_NA_values_in_baseline"/>
    <testcase time="0.0159999999999911" classname="lbt15" name="lbt15_fails_on_incomlete_data"/>
  </testsuite>
  <testsuite name="mht01" timestamp="2024-08-06T14:41:27Z" hostname="ab860f4607f7" tests="4" skipped="0" failures="0" errors="0" time="3.089">
    <testcase time="0.63900000000001" classname="mht01" name="mht01_functions_with_default_argument_value_return_expected_result_with_test_data"/>
    <testcase time="0.629999999999995" classname="mht01" name="mht01_works"/>
    <testcase time="0.640999999999991" classname="mht01" name="mht01_works_on_NULL_in_lbl_mhbodsys_or_lbl_mhdecod"/>
    <testcase time="1.179" classname="mht01" name="mht01_works_with_other_row_split_var"/>
  </testsuite>
  <testsuite name="mng01" timestamp="2024-08-06T14:41:30Z" hostname="ab860f4607f7" tests="19" skipped="8" failures="0" errors="0" time="8.744">
    <testcase time="0.938999999999993" classname="mng01" name="mng01_works_as_expected_with_default_argument_values"/>
    <testcase time="0.00100000000000477" classname="mng01" name="mng01_works_as_expected_with_default_argument_values">
      <skipped message="Reason: On CI ('test-mng01.R:9:5')"/>
    </testcase>
    <testcase time="0.931999999999988" classname="mng01" name="mng01_works_as_expected_with_custom_argument_values"/>
    <testcase time="0.0150000000000148" classname="mng01" name="mng01_works_as_expected_with_custom_argument_values"/>
    <testcase time="0.00200000000000955" classname="mng01" name="mng01_works_as_expected_with_custom_argument_values">
      <skipped message="Reason: On CI ('test-mng01.R:44:5')"/>
    </testcase>
    <testcase time="0.936999999999983" classname="mng01" name="mng01_works_as_expected_with_custom_color_set"/>
    <testcase time="0.953000000000003" classname="mng01" name="mng01_works_as_expected_with_custom_color_set"/>
    <testcase time="0.00100000000000477" classname="mng01" name="mng01_works_as_expected_with_custom_color_set">
      <skipped message="Reason: On CI ('test-mng01.R:67:5')"/>
    </testcase>
    <testcase time="0.954999999999984" classname="mng01" name="mng01_works_as_expected_with_custom_line_type_set"/>
    <testcase time="0.941000000000003" classname="mng01" name="mng01_works_as_expected_with_custom_line_type_set"/>
    <testcase time="0.00100000000000477" classname="mng01" name="mng01_works_as_expected_with_custom_line_type_set">
      <skipped message="Reason: On CI ('test-mng01.R:88:5')"/>
    </testcase>
    <testcase time="0.163000000000011" classname="mng01" name="mng01_works_with_table_NULL"/>
    <testcase time="0.00100000000000477" classname="mng01" name="mng01_works_with_table_NULL">
      <skipped message="Reason: On CI ('test-mng01.R:100:5')"/>
    </testcase>
    <testcase time="0.967999999999989" classname="mng01" name="mng01_works_with_combination_of_x_variables"/>
    <testcase time="0.00100000000000477" classname="mng01" name="mng01_works_with_combination_of_x_variables">
      <skipped message="Reason: On CI ('test-mng01.R:117:5')"/>
    </testcase>
    <testcase time="1.07499999999999" classname="mng01" name="mng01_works_with_numeric_x_variable"/>
    <testcase time="0.00200000000000955" classname="mng01" name="mng01_works_with_numeric_x_variable">
      <skipped message="Reason: On CI ('test-mng01.R:137:5')"/>
    </testcase>
    <testcase time="0.855999999999995" classname="mng01" name="mng01_works_with_numeric_jitter"/>
    <testcase time="0.00100000000000477" classname="mng01" name="mng01_works_with_numeric_jitter">
      <skipped message="Reason: On CI ('test-mng01.R:154:5')"/>
    </testcase>
  </testsuite>
  <testsuite name="pdt01" timestamp="2024-08-06T14:41:39Z" hostname="ab860f4607f7" tests="5" skipped="0" failures="0" errors="0" time="1.064">
    <testcase time="0.412000000000006" classname="pdt01" name="pdt01_function_with_default_argument_value_return_expected_result_with_test_data"/>
    <testcase time="0.0949999999999989" classname="pdt01" name="pdt01_can_handle_all_NA_values"/>
    <testcase time="0.144999999999982" classname="pdt01" name="pdt01_can_handle_all_NA_values"/>
    <testcase time="0.187000000000012" classname="pdt01" name="pdt01_can_handle_some_NA_values"/>
    <testcase time="0.224999999999994" classname="pdt01" name="pdt01_can_handle_some_NA_values"/>
  </testsuite>
  <testsuite name="pdt02" timestamp="2024-08-06T14:41:40Z" hostname="ab860f4607f7" tests="5" skipped="0" failures="0" errors="0" time="0.877">
    <testcase time="0.289000000000016" classname="pdt02" name="pdt02_function_with_default_argument_value_return_expected_result_with_test_data"/>
    <testcase time="0.120999999999981" classname="pdt02" name="pdt02_can_handle_all_NA_values"/>
    <testcase time="0.16500000000002" classname="pdt02" name="pdt02_can_handle_all_NA_values"/>
    <testcase time="0.120999999999981" classname="pdt02" name="pdt02_can_handle_some_NA_values"/>
    <testcase time="0.181000000000012" classname="pdt02" name="pdt02_can_handle_some_NA_values"/>
  </testsuite>
  <testsuite name="reexports" timestamp="2024-08-06T14:41:41Z" hostname="ab860f4607f7" tests="2" skipped="0" failures="0" errors="0" time="0.014">
    <testcase time="0.00800000000000978" classname="reexports" name="with_label_exported_correctly"/>
    <testcase time="0.00599999999997181" classname="reexports" name="reformat_exported_correctly"/>
  </testsuite>
  <testsuite name="report_null" timestamp="2024-08-06T14:41:41Z" hostname="ab860f4607f7" tests="12" skipped="0" failures="0" errors="0" time="0.099">
    <testcase time="0.007000000000005" classname="report_null" name="report_null_works_as_expected_with_NULL_"/>
    <testcase time="0.00200000000000955" classname="report_null" name="report_null_works_as_expected_with_NULL_"/>
    <testcase time="0.0380000000000109" classname="report_null" name="report_null_works_as_expected_with_VTableTree_"/>
    <testcase time="0.0139999999999816" classname="report_null" name="report_null_works_as_expected_with_VTableTree_"/>
    <testcase time="0.00300000000001432" classname="report_null" name="report_null_works_as_expected_with_VTableTree_"/>
    <testcase time="0.00799999999998136" classname="report_null" name="report_null_works_as_expected_with_listing_df_"/>
    <testcase time="0.0040000000000191" classname="report_null" name="report_null_works_as_expected_with_listing_df_"/>
    <testcase time="0.0029999999999859" classname="report_null" name="report_null_works_as_expected_with_listing_df_"/>
    <testcase time="0.00900000000001455" classname="report_null" name="report_null_works_as_expected_with_list_"/>
    <testcase time="0.00399999999999068" classname="report_null" name="report_null_works_as_expected_with_list_"/>
    <testcase time="0.00499999999999545" classname="report_null" name="report_null_works_as_expected_with_by_default"/>
    <testcase time="0.00200000000000955" classname="report_null" name="report_null_works_as_expected_with_by_default"/>
  </testsuite>
  <testsuite name="rmpt01" timestamp="2024-08-06T14:41:41Z" hostname="ab860f4607f7" tests="11" skipped="0" failures="0" errors="0" time="1.345">
    <testcase time="0.191000000000003" classname="rmpt01" name="rmpt01_function_with_default_argument_value_return_expected_result_with_test_data"/>
    <testcase time="0.0569999999999879" classname="rmpt01" name="rmpt01_can_handle_NA_values"/>
    <testcase time="0.129999999999995" classname="rmpt01" name="rmpt01_can_handle_NA_values"/>
    <testcase time="0.123999999999995" classname="rmpt01" name="rmpt01_can_handle_NA_values"/>
    <testcase time="0.234000000000009" classname="rmpt01" name="rmpt01_can_handle_NA_values"/>
    <testcase time="0.0589999999999975" classname="rmpt01" name="rmpt01_can_handle_some_NA_values"/>
    <testcase time="0.129999999999995" classname="rmpt01" name="rmpt01_can_handle_some_NA_values"/>
    <testcase time="0.128000000000014" classname="rmpt01" name="rmpt01_can_handle_some_NA_values"/>
    <testcase time="0.234999999999985" classname="rmpt01" name="rmpt01_can_handle_some_NA_values"/>
    <testcase time="0.0320000000000107" classname="rmpt01" name="rmpt01_fails_on_incomlete_data"/>
    <testcase time="0.0250000000000057" classname="rmpt01" name="rmpt01_fails_on_incomlete_data"/>
  </testsuite>
  <testsuite name="rmpt03" timestamp="2024-08-06T14:41:42Z" hostname="ab860f4607f7" tests="12" skipped="0" failures="0" errors="0" time="1.973">
    <testcase time="0.317999999999984" classname="rmpt03" name="rmpt03_function_with_default_argument_value_return_expected_result_with_test_data"/>
    <testcase time="0.113" classname="rmpt03" name="rmpt03_can_handle_NA_values"/>
    <testcase time="0.203000000000003" classname="rmpt03" name="rmpt03_can_handle_NA_values"/>
    <testcase time="0.186000000000007" classname="rmpt03" name="rmpt03_can_handle_NA_values"/>
    <testcase time="0.282000000000011" classname="rmpt03" name="rmpt03_can_handle_NA_values"/>
    <testcase time="0.105999999999995" classname="rmpt03" name="rmpt03_can_handle_some_NA_values"/>
    <testcase time="0.209000000000003" classname="rmpt03" name="rmpt03_can_handle_some_NA_values"/>
    <testcase time="0.183999999999997" classname="rmpt03" name="rmpt03_can_handle_some_NA_values"/>
    <testcase time="0.288999999999987" classname="rmpt03" name="rmpt03_can_handle_some_NA_values"/>
    <testcase time="0.0330000000000155" classname="rmpt03" name="rmpt03_fails_on_incomlete_data"/>
    <testcase time="0.025999999999982" classname="rmpt03" name="rmpt03_fails_on_incomlete_data"/>
    <testcase time="0.0240000000000009" classname="rmpt03" name="rmpt03_fails_on_incomlete_data"/>
  </testsuite>
  <testsuite name="rmpt04" timestamp="2024-08-06T14:41:44Z" hostname="ab860f4607f7" tests="10" skipped="0" failures="0" errors="0" time="0.954">
    <testcase time="0.177999999999997" classname="rmpt04" name="rmpt04_function_with_default_argument_value_return_expected_result_with_test_data"/>
    <testcase time="0.054000000000002" classname="rmpt04" name="rmpt04_can_handle_NA_values"/>
    <testcase time="0.123000000000019" classname="rmpt04" name="rmpt04_can_handle_NA_values"/>
    <testcase time="0.0509999999999877" classname="rmpt04" name="rmpt04_can_handle_NA_values"/>
    <testcase time="0.122000000000014" classname="rmpt04" name="rmpt04_can_handle_NA_values"/>
    <testcase time="0.0549999999999784" classname="rmpt04" name="rmpt04_can_handle_some_NA_values"/>
    <testcase time="0.122000000000014" classname="rmpt04" name="rmpt04_can_handle_some_NA_values"/>
    <testcase time="0.063999999999993" classname="rmpt04" name="rmpt04_can_handle_some_NA_values"/>
    <testcase time="0.120000000000005" classname="rmpt04" name="rmpt04_can_handle_some_NA_values"/>
    <testcase time="0.0649999999999977" classname="rmpt04" name="rmpt04_fails_on_incomlete_data"/>
  </testsuite>
  <testsuite name="rmpt05" timestamp="2024-08-06T14:41:45Z" hostname="ab860f4607f7" tests="10" skipped="0" failures="0" errors="0" time="1.027">
    <testcase time="0.192000000000007" classname="rmpt05" name="rmpt05_function_with_default_argument_value_return_expected_result_with_test_data"/>
    <testcase time="0.0589999999999975" classname="rmpt05" name="rmpt05_can_handle_NA_values"/>
    <testcase time="0.132999999999981" classname="rmpt05" name="rmpt05_can_handle_NA_values"/>
    <testcase time="0.0630000000000166" classname="rmpt05" name="rmpt05_can_handle_NA_values"/>
    <testcase time="0.129999999999995" classname="rmpt05" name="rmpt05_can_handle_NA_values"/>
    <testcase time="0.0579999999999927" classname="rmpt05" name="rmpt05_can_handle_some_NA_values"/>
    <testcase time="0.132000000000005" classname="rmpt05" name="rmpt05_can_handle_some_NA_values"/>
    <testcase time="0.0579999999999927" classname="rmpt05" name="rmpt05_can_handle_some_NA_values"/>
    <testcase time="0.137" classname="rmpt05" name="rmpt05_can_handle_some_NA_values"/>
    <testcase time="0.0649999999999977" classname="rmpt05" name="rmpt05_fails_on_incomlete_data"/>
  </testsuite>
  <testsuite name="rmpt06" timestamp="2024-08-06T14:41:46Z" hostname="ab860f4607f7" tests="6" skipped="0" failures="0" errors="0" time="1.999">
    <testcase time="0.53400000000002" classname="rmpt06" name="rmpt06_works_as_expected"/>
    <testcase time="0.593999999999994" classname="rmpt06" name="rmpt06_works_as_expected_with_show_diff_TRUE"/>
    <testcase time="0.231999999999999" classname="rmpt06" name="rmpt06_can_handle_all_NA_values"/>
    <testcase time="0.282999999999987" classname="rmpt06" name="rmpt06_can_handle_all_NA_values"/>
    <testcase time="0.216000000000008" classname="rmpt06" name="rmpt06_can_handle_all_NA_values"/>
    <testcase time="0.140000000000015" classname="rmpt06" name="rmpt06_can_handle_all_NA_values"/>
  </testsuite>
  <testsuite name="rspt01" timestamp="2024-08-06T14:41:48Z" hostname="ab860f4607f7" tests="27" skipped="0" failures="0" errors="0" time="7.431">
    <testcase time="0.0149999999999864" classname="rspt01" name="rspt01_works_as_expected"/>
    <testcase time="0.296999999999997" classname="rspt01" name="rspt01_works_as_expected"/>
    <testcase time="0.25200000000001" classname="rspt01" name="rspt01_works_as_expected"/>
    <testcase time="0.291999999999973" classname="rspt01" name="rspt01_works_as_expected_for_stratified_and_unstratified_analysis"/>
    <testcase time="0.27800000000002" classname="rspt01" name="rspt01_works_as_expected_for_stratified_and_unstratified_analysis"/>
    <testcase time="0.342999999999989" classname="rspt01" name="rspt01_works_as_expected_for_stratified_and_unstratified_analysis"/>
    <testcase time="0.306000000000012" classname="rspt01" name="rspt01_works_as_expected_for_stratified_and_unstratified_analysis"/>
    <testcase time="0.245999999999981" classname="rspt01" name="rspt01_works_as_expected_for_unstratified_analysis_only"/>
    <testcase time="0.240000000000009" classname="rspt01" name="rspt01_works_as_expected_for_unstratified_analysis_only"/>
    <testcase time="0.271000000000015" classname="rspt01" name="rspt01_works_as_expected_for_unstratified_analysis_only"/>
    <testcase time="0.258999999999986" classname="rspt01" name="rspt01_works_as_expected_for_unstratified_analysis_only"/>
    <testcase time="0.24799999999999" classname="rspt01" name="rspt01_works_as_expected_for_stratified_analysis_only"/>
    <testcase time="0.242000000000019" classname="rspt01" name="rspt01_works_as_expected_for_stratified_analysis_only"/>
    <testcase time="0.274000000000001" classname="rspt01" name="rspt01_works_as_expected_for_stratified_analysis_only"/>
    <testcase time="0.257000000000005" classname="rspt01" name="rspt01_works_as_expected_for_stratified_analysis_only"/>
    <testcase time="0.275999999999982" classname="rspt01" name="rspt01_works_if_change_reference_group"/>
    <testcase time="0.256" classname="rspt01" name="rspt01_works_if_change_reference_group"/>
    <testcase time="0.338999999999999" classname="rspt01" name="rspt01_works_if_change_reference_group"/>
    <testcase time="0.314999999999998" classname="rspt01" name="rspt01_works_if_change_reference_group"/>
    <testcase time="0.281000000000006" classname="rspt01" name="rspt01_works_if_change_statistic_methods"/>
    <testcase time="0.263000000000005" classname="rspt01" name="rspt01_works_if_change_statistic_methods"/>
    <testcase time="0.341000000000008" classname="rspt01" name="rspt01_works_if_change_statistic_methods"/>
    <testcase time="0.330999999999989" classname="rspt01" name="rspt01_works_if_change_statistic_methods"/>
    <testcase time="0.282000000000011" classname="rspt01" name="rspt01_works_if_change_confidence_interval"/>
    <testcase time="0.262999999999977" classname="rspt01" name="rspt01_works_if_change_confidence_interval"/>
    <testcase time="0.349000000000018" classname="rspt01" name="rspt01_works_if_change_confidence_interval"/>
    <testcase time="0.314999999999998" classname="rspt01" name="rspt01_works_if_change_confidence_interval"/>
  </testsuite>
  <testsuite name="ttet01" timestamp="2024-08-06T14:41:56Z" hostname="ab860f4607f7" tests="15" skipped="0" failures="0" errors="0" time="5.114">
    <testcase time="0.0159999999999911" classname="ttet01" name="ttet01_works_as_expected"/>
    <testcase time="0.608000000000004" classname="ttet01" name="ttet01_works_as_expected"/>
    <testcase time="0.443999999999988" classname="ttet01" name="ttet01_works_as_expected"/>
    <testcase time="0.289000000000016" classname="ttet01" name="ttet01_works_as_expected_for_stratified_and_unstratified_analysis"/>
    <testcase time="0.312999999999988" classname="ttet01" name="ttet01_works_as_expected_for_stratified_and_unstratified_analysis"/>
    <testcase time="0.366000000000014" classname="ttet01" name="ttet01_works_as_expected_for_stratified_and_unstratified_analysis"/>
    <testcase time="0.394000000000005" classname="ttet01" name="ttet01_works_as_expected_for_stratified_and_unstratified_analysis"/>
    <testcase time="0.288999999999987" classname="ttet01" name="ttet01_works_as_expected_for_stratified_analysis_only"/>
    <testcase time="0.313000000000017" classname="ttet01" name="ttet01_works_as_expected_for_stratified_analysis_only"/>
    <testcase time="0.329999999999984" classname="ttet01" name="ttet01_works_as_expected_for_stratified_analysis_only"/>
    <testcase time="0.361999999999995" classname="ttet01" name="ttet01_works_as_expected_for_stratified_analysis_only"/>
    <testcase time="0.292000000000002" classname="ttet01" name="ttet01_works_if_change_reference_group"/>
    <testcase time="0.325999999999993" classname="ttet01" name="ttet01_works_if_change_reference_group"/>
    <testcase time="0.369" classname="ttet01" name="ttet01_works_if_change_reference_group"/>
    <testcase time="0.40300000000002" classname="ttet01" name="ttet01_works_if_change_reference_group"/>
  </testsuite>
  <testsuite name="utils" timestamp="2024-08-06T14:42:01Z" hostname="ab860f4607f7" tests="81" skipped="0" failures="0" errors="0" time="2.356">
    <testcase time="0.00899999999998613" classname="utils" name="h_format_dec_works_as_exected"/>
    <testcase time="0.00300000000001432" classname="utils" name="h_format_dec_works_as_exected"/>
    <testcase time="0.00199999999998113" classname="utils" name="h_format_dec_works_as_exected"/>
    <testcase time="0.00200000000000955" classname="utils" name="h_format_dec_works_as_exected"/>
    <testcase time="0.00200000000000955" classname="utils" name="h_format_dec_works_as_exected"/>
    <testcase time="0.00199999999998113" classname="utils" name="h_format_dec_works_as_exected"/>
    <testcase time="0.00200000000000955" classname="utils" name="h_format_dec_works_as_exected"/>
    <testcase time="0.00200000000000955" classname="utils" name="h_format_dec_works_as_exected"/>
    <testcase time="0.00199999999998113" classname="utils" name="h_format_dec_works_as_exected"/>
    <testcase time="0.007000000000005" classname="utils" name="h_format_dec_works_as_exected"/>
    <testcase time="0.00200000000000955" classname="utils" name="h_format_dec_works_as_exected"/>
    <testcase time="0.0029999999999859" classname="utils" name="h_format_dec_works_as_exected"/>
    <testcase time="0.007000000000005" classname="utils" name="h_format_dec_works_as_expected_with_more_than_one_value"/>
    <testcase time="0.00200000000000955" classname="utils" name="h_format_dec_works_as_expected_with_more_than_one_value"/>
    <testcase time="0.00600000000000023" classname="utils" name="h_format_dec_works_as_expected_with_NA_digits"/>
    <testcase time="0.00499999999999545" classname="utils" name="fuse_sequentially_works"/>
    <testcase time="0.0029999999999859" classname="utils" name="fuse_sequentially_works"/>
    <testcase time="0.0110000000000241" classname="utils" name="ifneeded_split_row_works_as_expected"/>
    <testcase time="0.00499999999999545" classname="utils" name="ifneeded_split_row_works_as_expected"/>
    <testcase time="0.0720000000000027" classname="utils" name="_unnamed_"/>
    <testcase time="0.0689999999999884" classname="utils" name="_unnamed_"/>
    <testcase time="0.061000000000007" classname="utils" name="_unnamed_"/>
    <testcase time="0.0459999999999923" classname="utils" name="_unnamed_"/>
    <testcase time="0.00300000000001432" classname="utils" name="droplevels.character_works_as_expected"/>
    <testcase time="0.00199999999998113" classname="utils" name="droplevels.character_works_as_expected"/>
    <testcase time="0.00499999999999545" classname="utils" name="lvls.character_works_as_expected"/>
    <testcase time="0.00300000000001432" classname="utils" name="lvls.character_works_as_expected"/>
    <testcase time="0.00399999999999068" classname="utils" name="lvls.factor_works_as_expected"/>
    <testcase time="0.00300000000001432" classname="utils" name="lvls.factor_works_as_expected"/>
    <testcase time="0.00999999999999091" classname="utils" name="lvls.default_works_as_expected"/>
    <testcase time="0.00300000000001432" classname="utils" name="lvls.default_works_as_expected"/>
    <testcase time="0.00499999999999545" classname="utils" name="quote_str_works_as_expected"/>
    <testcase time="0.00199999999998113" classname="utils" name="quote_str_works_as_expected"/>
    <testcase time="0.00500000000002387" classname="utils" name="quote_str_works_as_expected"/>
    <testcase time="0.00499999999999545" classname="utils" name="modify_default_args_works_as_expected"/>
    <testcase time="0.0029999999999859" classname="utils" name="modify_default_args_works_as_expected"/>
    <testcase time="0.0040000000000191" classname="utils" name="execute_with_args_works_as_expected"/>
    <testcase time="0.0029999999999859" classname="utils" name="execute_with_args_works_as_expected"/>
    <testcase time="0.00200000000000955" classname="utils" name="execute_with_args_works_as_expected"/>
    <testcase time="0.00199999999998113" classname="utils" name="execute_with_args_works_as_expected"/>
    <testcase time="0.00200000000000955" classname="utils" name="execute_with_args_works_as_expected"/>
    <testcase time="0.00200000000000955" classname="utils" name="execute_with_args_works_as_expected"/>
    <testcase time="0.00199999999998113" classname="utils" name="execute_with_args_works_as_expected"/>
    <testcase time="0.00300000000001432" classname="utils" name="execute_with_args_works_as_expected"/>
    <testcase time="0.00100000000000477" classname="utils" name="execute_with_args_works_as_expected"/>
    <testcase time="0.0029999999999859" classname="utils" name="execute_with_args_works_as_expected"/>
    <testcase time="0.00100000000000477" classname="utils" name="execute_with_args_works_as_expected"/>
    <testcase time="0.00300000000001432" classname="utils" name="execute_with_args_works_as_expected"/>
    <testcase time="0.00499999999999545" classname="utils" name="do_call_work_as_expected"/>
    <testcase time="0.0029999999999859" classname="utils" name="do_call_work_as_expected"/>
    <testcase time="0.007000000000005" classname="utils" name="do_call_errors_as_expected"/>
    <testcase time="0.00600000000000023" classname="utils" name="do_call_errors_as_expected"/>
    <testcase time="0.00499999999999545" classname="utils" name="convert_to_month_work_as_expected"/>
    <testcase time="0.00200000000000955" classname="utils" name="convert_to_month_work_as_expected"/>
    <testcase time="0.00199999999998113" classname="utils" name="convert_to_month_work_as_expected"/>
    <testcase time="0.00200000000000955" classname="utils" name="convert_to_month_work_as_expected"/>
    <testcase time="0.00200000000000955" classname="utils" name="convert_to_month_work_as_expected"/>
    <testcase time="0.0029999999999859" classname="utils" name="convert_to_month_work_as_expected"/>
    <testcase time="0.00800000000000978" classname="utils" name="convert_to_month_warning_messages_as_expected"/>
    <testcase time="0.00999999999999091" classname="utils" name="gg_theme_chevron_works_as_expected"/>
    <testcase time="0.00100000000000477" classname="utils" name="gg_theme_chevron_works_as_expected"/>
    <testcase time="0.00200000000000955" classname="utils" name="gg_theme_chevron_works_as_expected"/>
    <testcase time="0.00499999999999545" classname="utils" name="gg_theme_chevron_works_as_expected"/>
    <testcase time="0.00100000000000477" classname="utils" name="gg_theme_chevron_works_as_expected"/>
    <testcase time="0.00199999999998113" classname="utils" name="gg_theme_chevron_works_as_expected"/>
    <testcase time="0.00499999999999545" classname="utils" name="modify_character_works"/>
    <testcase time="0.00300000000001432" classname="utils" name="modify_character_works"/>
    <testcase time="0.00600000000000023" classname="utils" name="expand_list_works"/>
    <testcase time="0.0029999999999859" classname="utils" name="expand_list_works"/>
    <testcase time="0.00500000000002387" classname="utils" name="set_section_div_works"/>
    <testcase time="0.00399999999999068" classname="utils" name="set_section_div_works"/>
    <testcase time="0.00499999999999545" classname="utils" name="set_section_div_works"/>
    <testcase time="0.00300000000001432" classname="utils" name="set_section_div_works"/>
    <testcase time="0.00600000000000023" classname="utils" name="get_section_div_works"/>
    <testcase time="0.0029999999999859" classname="utils" name="get_section_div_works"/>
    <testcase time="0.908999999999992" classname="utils" name="grob_list_is_deprecated"/>
    <testcase time="0.912000000000006" classname="utils" name="gg_list_is_deprecated"/>
    <testcase time="0.007000000000005" classname="utils" name="format_date_works_as_expected_for_POSIXct"/>
    <testcase time="0.0029999999999859" classname="utils" name="format_date_works_as_expected_for_POSIXct"/>
    <testcase time="0.007000000000005" classname="utils" name="format_date_works_as_expected_for_Date"/>
    <testcase time="0.00300000000001432" classname="utils" name="format_date_works_as_expected_for_Date"/>
  </testsuite>
  <testsuite name="vst01" timestamp="2024-08-06T14:42:03Z" hostname="ab860f4607f7" tests="3" skipped="0" failures="0" errors="0" time="13.469">
    <testcase time="6.702" classname="vst01" name="vst01_functions_with_default_argument_value_return_expected_result_with_test_data"/>
    <testcase time="2.13399999999999" classname="vst01" name="run_vst01_works_as_expected"/>
    <testcase time="4.63300000000001" classname="vst01" name="run_vst01_works_as_expected"/>
  </testsuite>
  <testsuite name="vst02" timestamp="2024-08-06T14:42:17Z" hostname="ab860f4607f7" tests="2" skipped="0" failures="0" errors="0" time="0.889">
    <testcase time="0.445999999999998" classname="vst02" name="vst02_functions_with_default_argument_value_return_expected_result_with_test_data"/>
    <testcase time="0.443000000000012" classname="vst02" name="vst02_functions_return_expected_result_with_test_data_when_excluding_subject_with_baseline_abnormality"/>
  </testsuite>
</testsuites>
