<?xml version="1.0" encoding="UTF-8"?>
<testsuites>
  <testsuite name="ael01_nollt" timestamp="2023-07-13T03:06:13Z" hostname="1c1023b28104" tests="8" skipped="4" failures="0" errors="0" time="1.821">
    <testcase time="1.038" classname="ael01_nollt" name="ael01_nollt_works_with_admh_dataset"/>
    <testcase time="0.281" classname="ael01_nollt" name="ael01_nollt_works_with_admh_dataset">
      <skipped message="Reason: On CRAN ('test-ael01_nollt.R:7:3')"/>
    </testcase>
    <testcase time="0.073" classname="ael01_nollt" name="ael01_nollt_works_with_non_default_label"/>
    <testcase time="0.167" classname="ael01_nollt" name="ael01_nollt_works_with_non_default_label">
      <skipped message="Reason: On CRAN ('test-ael01_nollt.R:20:3')"/>
    </testcase>
    <testcase time="0.0569999999999995" classname="ael01_nollt" name="ael01_nollt_can_handle_all_missing_values"/>
    <testcase time="0.0579999999999998" classname="ael01_nollt" name="ael01_nollt_can_handle_all_missing_values">
      <skipped message="Reason: On CRAN ('test-ael01_nollt.R:33:3')"/>
    </testcase>
    <testcase time="0.0380000000000003" classname="ael01_nollt" name="ael01_nollt_can_handle_some_missing_values"/>
    <testcase time="0.109" classname="ael01_nollt" name="ael01_nollt_can_handle_some_missing_values">
      <skipped message="Reason: On CRAN ('test-ael01_nollt.R:48:3')"/>
    </testcase>
  </testsuite>
  <testsuite name="aet01" timestamp="2023-07-13T03:06:15Z" hostname="1c1023b28104" tests="9" skipped="4" failures="0" errors="0" time="2.728">
    <testcase time="0.562" classname="aet01" name="aet01_can_handle_all_NA_values"/>
    <testcase time="0.293" classname="aet01" name="aet01_can_handle_all_NA_values">
      <skipped message="Reason: On CRAN ('test-aet01.R:12:3')"/>
    </testcase>
    <testcase time="0.368" classname="aet01" name="aet01_can_handle_some_NA_values"/>
    <testcase time="0.287" classname="aet01" name="aet01_can_handle_some_NA_values">
      <skipped message="Reason: On CRAN ('test-aet01.R:29:3')"/>
    </testcase>
    <testcase time="0.26" classname="aet01" name="aet01_can_use_custom_anl_vars"/>
    <testcase time="0.163" classname="aet01" name="aet01_can_use_custom_anl_vars">
      <skipped message="Reason: On CRAN ('test-aet01.R:35:3')"/>
    </testcase>
    <testcase time="0.111" classname="aet01" name="aet01_fails_on_incomplete_data_input"/>
    <testcase time="0.374000000000001" classname="aet01" name="aet01_can_use_custom_medconcept_var"/>
    <testcase time="0.31" classname="aet01" name="aet01_can_use_custom_medconcept_var">
      <skipped message="Reason: On CRAN ('test-aet01.R:65:3')"/>
    </testcase>
  </testsuite>
  <testsuite name="aet01_aesi" timestamp="2023-07-13T03:06:18Z" hostname="1c1023b28104" tests="7" skipped="3" failures="0" errors="0" time="2.047">
    <testcase time="0.337" classname="aet01_aesi" name="aet01_aesi_can_handle_all_NA_values"/>
    <testcase time="0.269" classname="aet01_aesi" name="aet01_aesi_can_handle_all_NA_values">
      <skipped message="Reason: On CRAN ('test-aet01_aesi.R:17:3')"/>
    </testcase>
    <testcase time="0.276" classname="aet01_aesi" name="aet01_aesi_can_handle_some_NA_values"/>
    <testcase time="0.273" classname="aet01_aesi" name="aet01_aesi_can_handle_some_NA_values">
      <skipped message="Reason: On CRAN ('test-aet01_aesi.R:30:3')"/>
    </testcase>
    <testcase time="0.376000000000001" classname="aet01_aesi" name="aet01_aesi_works_with_ALL_argument"/>
    <testcase time="0.433999999999999" classname="aet01_aesi" name="aet01_aesi_works_with_ALL_argument">
      <skipped message="Reason: On CRAN ('test-aet01_aesi.R:36:3')"/>
    </testcase>
    <testcase time="0.0820000000000007" classname="aet01_aesi" name="aet01_aesi_check_fails_on_incomplete_data_input"/>
  </testsuite>
  <testsuite name="aet02" timestamp="2023-07-13T03:06:20Z" hostname="1c1023b28104" tests="3" skipped="1" failures="0" errors="0" time="2.215">
    <testcase time="0.0789999999999988" classname="aet02" name="aet02_fails_on_incomplete_data_input"/>
    <testcase time="0.134" classname="aet02" name="aet02_handle_empty_data_input"/>
    <testcase time="2.002" classname="aet02" name="aet02_can_have_different_levels_of_row_split">
      <skipped message="Reason: On CRAN ('test-aet02.R:30:3')"/>
    </testcase>
  </testsuite>
  <testsuite name="aet03" timestamp="2023-07-13T03:06:22Z" hostname="1c1023b28104" tests="4" skipped="2" failures="0" errors="0" time="3.504">
    <testcase time="0.448" classname="aet03" name="aet03_can_handle_NA_values"/>
    <testcase time="0.269" classname="aet03" name="aet03_can_handle_NA_values">
      <skipped message="Reason: On CRAN ('test-aet03.R:10:3')"/>
    </testcase>
    <testcase time="1.969" classname="aet03" name="aet03_can_handle_some_NA_values"/>
    <testcase time="0.818" classname="aet03" name="aet03_can_handle_some_NA_values">
      <skipped message="Reason: On CRAN ('test-aet03.R:27:3')"/>
    </testcase>
  </testsuite>
  <testsuite name="aet04" timestamp="2023-07-13T03:06:25Z" hostname="1c1023b28104" tests="4" skipped="2" failures="0" errors="0" time="5.57">
    <testcase time="0.857000000000001" classname="aet04" name="aet04_can_handle_NA_values"/>
    <testcase time="0.412999999999998" classname="aet04" name="aet04_can_handle_NA_values">
      <skipped message="Reason: On CRAN ('test-aet04.R:10:3')"/>
    </testcase>
    <testcase time="3.104" classname="aet04" name="aet04_can_handle_some_NA_values"/>
    <testcase time="1.196" classname="aet04" name="aet04_can_handle_some_NA_values">
      <skipped message="Reason: On CRAN ('test-aet04.R:32:3')"/>
    </testcase>
  </testsuite>
  <testsuite name="aet05" timestamp="2023-07-13T03:06:31Z" hostname="1c1023b28104" tests="4" skipped="2" failures="0" errors="0" time="0.951">
    <testcase time="0.203999999999997" classname="aet05" name="aet05_can_handle_NA_values"/>
    <testcase time="0.254000000000001" classname="aet05" name="aet05_can_handle_NA_values">
      <skipped message="Reason: On CRAN ('test-aet05.R:7:3')"/>
    </testcase>
    <testcase time="0.198" classname="aet05" name="aet05_can_handle_some_NA_values"/>
    <testcase time="0.295000000000002" classname="aet05" name="aet05_can_handle_some_NA_values">
      <skipped message="Reason: On CRAN ('test-aet05.R:24:3')"/>
    </testcase>
  </testsuite>
  <testsuite name="aet05_all" timestamp="2023-07-13T03:06:32Z" hostname="1c1023b28104" tests="4" skipped="2" failures="0" errors="0" time="0.929">
    <testcase time="0.199999999999999" classname="aet05_all" name="aet05_all_can_handle_NA_values"/>
    <testcase time="0.251999999999999" classname="aet05_all" name="aet05_all_can_handle_NA_values">
      <skipped message="Reason: On CRAN ('test-aet05_all.R:7:3')"/>
    </testcase>
    <testcase time="0.196999999999999" classname="aet05_all" name="aet05_all_can_handle_some_NA_values"/>
    <testcase time="0.280000000000001" classname="aet05_all" name="aet05_all_can_handle_some_NA_values">
      <skipped message="Reason: On CRAN ('test-aet05_all.R:21:3')"/>
    </testcase>
  </testsuite>
  <testsuite name="aet10" timestamp="2023-07-13T03:06:33Z" hostname="1c1023b28104" tests="4" skipped="2" failures="0" errors="0" time="0.539">
    <testcase time="0.0899999999999999" classname="aet10" name="aet10_can_handle_NA_values"/>
    <testcase time="0.103000000000002" classname="aet10" name="aet10_can_handle_NA_values">
      <skipped message="Reason: On CRAN ('test-aet10.R:10:3')"/>
    </testcase>
    <testcase time="0.132999999999999" classname="aet10" name="aet10_can_handle_some_NA_values"/>
    <testcase time="0.213000000000001" classname="aet10" name="aet10_can_handle_some_NA_values">
      <skipped message="Reason: On CRAN ('test-aet10.R:24:3')"/>
    </testcase>
  </testsuite>
  <testsuite name="assertions" timestamp="2023-07-13T03:06:33Z" hostname="1c1023b28104" tests="38" skipped="0" failures="0" errors="0" time="0.234">
    <testcase time="0.0229999999999997" classname="assertions" name="assert_one_tablenames_works_as_expected"/>
    <testcase time="0.00199999999999889" classname="assertions" name="assert_one_tablenames_works_as_expected"/>
    <testcase time="0.00600000000000023" classname="assertions" name="assert_one_tablenames_works_as_expected"/>
    <testcase time="0.00499999999999901" classname="assertions" name="assert_one_tablenames_works_as_expected"/>
    <testcase time="0.00799999999999912" classname="assertions" name="assert_all_tablenames_works_as_expected"/>
    <testcase time="0.00500000000000256" classname="assertions" name="assert_all_tablenames_works_as_expected"/>
    <testcase time="0.00600000000000023" classname="assertions" name="assert_all_tablenames_works_as_expected"/>
    <testcase time="0.0069999999999979" classname="assertions" name="assert_valid_var.character_works_as_expected"/>
    <testcase time="0.00600000000000023" classname="assertions" name="assert_valid_var.character_works_as_expected"/>
    <testcase time="0.00600000000000023" classname="assertions" name="assert_valid_var.character_works_as_expected"/>
    <testcase time="0.00499999999999901" classname="assertions" name="assert_valid_var.character_works_as_expected"/>
    <testcase time="0.00200000000000244" classname="assertions" name="assert_valid_var.character_works_as_expected"/>
    <testcase time="0.00799999999999912" classname="assertions" name="assert_valid_var.factor_works_as_expected"/>
    <testcase time="0.00600000000000023" classname="assertions" name="assert_valid_var.factor_works_as_expected"/>
    <testcase time="0.00600000000000023" classname="assertions" name="assert_valid_var.factor_works_as_expected"/>
    <testcase time="0.00600000000000023" classname="assertions" name="assert_valid_var.factor_works_as_expected"/>
    <testcase time="0.00199999999999889" classname="assertions" name="assert_valid_var.factor_works_as_expected"/>
    <testcase time="0.00799999999999912" classname="assertions" name="assert_valid_var.logical_works_as_expected"/>
    <testcase time="0.00500000000000256" classname="assertions" name="assert_valid_var.logical_works_as_expected"/>
    <testcase time="0.00600000000000023" classname="assertions" name="assert_valid_var.logical_works_as_expected"/>
    <testcase time="0.00199999999999889" classname="assertions" name="assert_valid_var.logical_works_as_expected"/>
    <testcase time="0.00799999999999912" classname="assertions" name="assert_valid_var.numeric_works_as_expected"/>
    <testcase time="0.00600000000000023" classname="assertions" name="assert_valid_var.numeric_works_as_expected"/>
    <testcase time="0.00600000000000023" classname="assertions" name="assert_valid_var.numeric_works_as_expected"/>
    <testcase time="0.00199999999999889" classname="assertions" name="assert_valid_var.numeric_works_as_expected"/>
    <testcase time="0.00500000000000256" classname="assertions" name="assert_valid_var.numeric_works_as_expected"/>
    <testcase time="0.00199999999999889" classname="assertions" name="assert_valid_var.numeric_works_as_expected"/>
    <testcase time="0.00799999999999912" classname="assertions" name="assert_valid_variable_works_as_expected"/>
    <testcase time="0.00300000000000011" classname="assertions" name="assert_valid_variable_works_as_expected"/>
    <testcase time="0.0100000000000016" classname="assertions" name="assert_valid_variable_works_as_expected"/>
    <testcase time="0.00199999999999889" classname="assertions" name="assert_valid_variable_works_as_expected"/>
    <testcase time="0.00999999999999801" classname="assertions" name="assert_valid_variable_works_as_expected"/>
    <testcase time="0.00200000000000244" classname="assertions" name="assert_valid_variable_works_as_expected"/>
    <testcase time="0.00900000000000034" classname="assertions" name="assert_valid_var_pair_works_as_expected_with_character"/>
    <testcase time="0.0069999999999979" classname="assertions" name="assert_valid_var_pair_works_as_expected_with_character"/>
    <testcase time="0.00900000000000034" classname="assertions" name="assert_valid_var_pair_works_as_expected_with_factor"/>
    <testcase time="0.00799999999999912" classname="assertions" name="assert_valid_var_pair_works_as_expected_with_factor"/>
    <testcase time="0.00700000000000145" classname="assertions" name="assert_valid_var_pair_works_as_expected_with_factor"/>
  </testsuite>
  <testsuite name="checks" timestamp="2023-07-13T03:06:34Z" hostname="1c1023b28104" tests="8" skipped="0" failures="0" errors="0" time="0.051">
    <testcase time="0.0229999999999997" classname="checks" name="check_all_colnames_works_as_expected"/>
    <testcase time="0.00399999999999778" classname="checks" name="check_all_colnames_works_as_expected"/>
    <testcase time="0.00200000000000244" classname="checks" name="check_all_colnames_works_as_expected"/>
    <testcase time="0.00399999999999778" classname="checks" name="check_all_colnames_works_as_expected"/>
    <testcase time="0.00800000000000267" classname="checks" name="check_one_colnames_works_as_expected"/>
    <testcase time="0.00399999999999778" classname="checks" name="check_one_colnames_works_as_expected"/>
    <testcase time="0.00200000000000244" classname="checks" name="check_one_colnames_works_as_expected"/>
    <testcase time="0.00399999999999778" classname="checks" name="check_one_colnames_works_as_expected"/>
  </testsuite>
  <testsuite name="chevron_tlg-class" timestamp="2023-07-13T03:06:34Z" hostname="1c1023b28104" tests="24" skipped="0" failures="0" errors="0" time="0.106">
    <testcase time="0.0130000000000017" classname="chevron_tlg_class" name="chevron_t_object_can_be_constructed_with_default_values"/>
    <testcase time="0.00399999999999778" classname="chevron_tlg_class" name="chevron_t_object_can_be_constructed_with_default_values"/>
    <testcase time="0.00900000000000034" classname="chevron_tlg_class" name="chevron_t_object_can_be_constructed_with_custom_values"/>
    <testcase time="0.00400000000000134" classname="chevron_tlg_class" name="chevron_t_object_can_be_constructed_with_custom_values"/>
    <testcase time="0.00300000000000011" classname="chevron_tlg_class" name="chevron_t_object_can_be_constructed_with_custom_values"/>
    <testcase time="0.00499999999999901" classname="chevron_tlg_class" name="chevron_t_object_can_be_constructed_with_custom_values"/>
    <testcase time="0.00900000000000034" classname="chevron_tlg_class" name="chevron_t_constructor_returns_an_error_when_expected"/>
    <testcase time="0.00199999999999889" classname="chevron_tlg_class" name="chevron_t_constructor_returns_an_error_when_expected"/>
    <testcase time="0.00100000000000122" classname="chevron_tlg_class" name="chevron_t_constructor_returns_an_error_when_expected"/>
    <testcase time="0.00100000000000122" classname="chevron_tlg_class" name="chevron_t_constructor_returns_an_error_when_expected"/>
    <testcase time="0.000999999999997669" classname="chevron_tlg_class" name="chevron_t_constructor_returns_an_error_when_expected"/>
    <testcase time="0.00200000000000244" classname="chevron_tlg_class" name="chevron_t_constructor_returns_an_error_when_expected"/>
    <testcase time="0.00899999999999679" classname="chevron_tlg_class" name="chevron_l_object_can_be_constructed_with_default_values"/>
    <testcase time="0.00500000000000256" classname="chevron_tlg_class" name="chevron_l_object_can_be_constructed_with_default_values"/>
    <testcase time="0.00999999999999801" classname="chevron_tlg_class" name="chevron_g_object_can_be_constructed_with_custom_values"/>
    <testcase time="0.00500000000000256" classname="chevron_tlg_class" name="chevron_g_object_can_be_constructed_with_custom_values"/>
    <testcase time="0.00300000000000011" classname="chevron_tlg_class" name="chevron_g_object_can_be_constructed_with_custom_values"/>
    <testcase time="0.00499999999999901" classname="chevron_tlg_class" name="chevron_g_object_can_be_constructed_with_custom_values"/>
    <testcase time="0.00900000000000034" classname="chevron_tlg_class" name="chevron_g_constructor_returns_an_error_when_expected"/>
    <testcase time="0.000999999999997669" classname="chevron_tlg_class" name="chevron_g_constructor_returns_an_error_when_expected"/>
    <testcase time="0.00100000000000122" classname="chevron_tlg_class" name="chevron_g_constructor_returns_an_error_when_expected"/>
    <testcase time="0.00199999999999889" classname="chevron_tlg_class" name="chevron_g_constructor_returns_an_error_when_expected"/>
    <testcase time="0.00100000000000122" classname="chevron_tlg_class" name="chevron_g_constructor_returns_an_error_when_expected"/>
    <testcase time="0.00100000000000122" classname="chevron_tlg_class" name="chevron_g_constructor_returns_an_error_when_expected"/>
  </testsuite>
  <testsuite name="chevron_tlg-methods" timestamp="2023-07-13T03:06:34Z" hostname="1c1023b28104" tests="35" skipped="3" failures="0" errors="0" time="14.09">
    <testcase time="4.066" classname="chevron_tlg_methods" name="run_works_as_expected_for_chevron_t_object">
      <skipped message="Reason: On CRAN ('test-chevron_tlg-methods.R:5:3')"/>
    </testcase>
    <testcase time="0.774999999999999" classname="chevron_tlg_methods" name="run_works_as_expected_for_chevron_t_object_when_auto_pre_FALSE">
      <skipped message="Reason: On CRAN ('test-chevron_tlg-methods.R:13:3')"/>
    </testcase>
    <testcase time="0.0280000000000022" classname="chevron_tlg_methods" name="args_ls_works_as_expected"/>
    <testcase time="0.000999999999997669" classname="chevron_tlg_methods" name="args_ls_works_as_expected"/>
    <testcase time="0.00200000000000244" classname="chevron_tlg_methods" name="args_ls_works_as_expected"/>
    <testcase time="0.00999999999999801" classname="chevron_tlg_methods" name="args_ls_works_as_expected_when_simplify_is_TRUE"/>
    <testcase time="0.00100000000000122" classname="chevron_tlg_methods" name="args_ls_works_as_expected_when_simplify_is_TRUE"/>
    <testcase time="0.00100000000000122" classname="chevron_tlg_methods" name="args_ls_works_as_expected_when_simplify_is_TRUE"/>
    <testcase time="0.00900000000000034" classname="chevron_tlg_methods" name="args_ls_works_as_expected_with_custom_chevron_tlg_object"/>
    <testcase time="0.000999999999997669" classname="chevron_tlg_methods" name="args_ls_works_as_expected_with_custom_chevron_tlg_object"/>
    <testcase time="0.00100000000000122" classname="chevron_tlg_methods" name="args_ls_works_as_expected_with_custom_chevron_tlg_object"/>
    <testcase time="0.00399999999999778" classname="chevron_tlg_methods" name="args_ls_works_as_expected_with_custom_chevron_tlg_object"/>
    <testcase time="0.0100000000000016" classname="chevron_tlg_methods" name="main_works_as_expected"/>
    <testcase time="0.0109999999999992" classname="chevron_tlg_methods" name="main_setter_works_as_expected"/>
    <testcase time="0.0150000000000006" classname="chevron_tlg_methods" name="main_setter_throw_an_error_as_expected"/>
    <testcase time="0.0100000000000016" classname="chevron_tlg_methods" name="preprocess_works_as_expected"/>
    <testcase time="0.00999999999999801" classname="chevron_tlg_methods" name="preprocess_setter_works_as_expected"/>
    <testcase time="0.0160000000000018" classname="chevron_tlg_methods" name="preprocess_sends_an_error_as_expected"/>
    <testcase time="0.00999999999999801" classname="chevron_tlg_methods" name="postprocess_works_as_expected"/>
    <testcase time="0.0100000000000016" classname="chevron_tlg_methods" name="postprocess_setter_works_as_expected"/>
    <testcase time="0.0150000000000006" classname="chevron_tlg_methods" name="postprocess_sends_an_error_as_expected"/>
    <testcase time="0.00900000000000034" classname="chevron_tlg_methods" name="script_works_as_expected"/>
    <testcase time="0.000999999999997669" classname="chevron_tlg_methods" name="script_works_as_expected"/>
    <testcase time="0.00100000000000122" classname="chevron_tlg_methods" name="script_works_as_expected"/>
    <testcase time="0.00900000000000034" classname="chevron_tlg_methods" name="script_works_as_expected_with_dictionary_of_arguments"/>
    <testcase time="0.000999999999997669" classname="chevron_tlg_methods" name="script_works_as_expected_with_dictionary_of_arguments"/>
    <testcase time="0.00100000000000122" classname="chevron_tlg_methods" name="script_works_as_expected_with_dictionary_of_arguments"/>
    <testcase time="0.00100000000000122" classname="chevron_tlg_methods" name="script_works_as_expected_with_dictionary_of_arguments"/>
    <testcase time="0.0069999999999979" classname="chevron_tlg_methods" name="script_funs_works_as_expected_in_interactive_mode">
      <skipped message="Reason: !interactive() is TRUE ('test-chevron_tlg-methods.R:142:3')"/>
    </testcase>
    <testcase time="0.0180000000000007" classname="chevron_tlg_methods" name="script_funs_works_as_expected"/>
    <testcase time="0.00100000000000122" classname="chevron_tlg_methods" name="script_funs_works_as_expected"/>
    <testcase time="0.00900000000000034" classname="chevron_tlg_methods" name="script_funs_works_as_expected_with_details_set_to_TRUE"/>
    <testcase time="0.000999999999997669" classname="chevron_tlg_methods" name="script_funs_works_as_expected_with_details_set_to_TRUE"/>
    <testcase time="5.983" classname="chevron_tlg_methods" name="script_funs_generates_a_valid_script"/>
    <testcase time="3.042" classname="chevron_tlg_methods" name="script_funs_generates_a_valid_script"/>
  </testsuite>
  <testsuite name="cmt01a" timestamp="2023-07-13T03:06:48Z" hostname="1c1023b28104" tests="6" skipped="4" failures="0" errors="0" time="4.708">
    <testcase time="1.398" classname="cmt01a" name="cmt01a_functions_with_default_argument_value_return_expected_result_with_test_data">
      <skipped message="Reason: On CRAN ('test-cmt01a.R:7:3')"/>
    </testcase>
    <testcase time="1.376" classname="cmt01a" name="cmt01a_functions_with_custom_argument_value_return_expected_result_with_test_data">
      <skipped message="Reason: On CRAN ('test-cmt01a.R:14:3')"/>
    </testcase>
    <testcase time="0.198999999999998" classname="cmt01a" name="cmt01a_can_handle_all_NA_values"/>
    <testcase time="0.176000000000002" classname="cmt01a" name="cmt01a_can_handle_all_NA_values">
      <skipped message="Reason: On CRAN ('test-cmt01a.R:28:3')"/>
    </testcase>
    <testcase time="0.857999999999997" classname="cmt01a" name="cmt01a_can_handle_some_NA_values"/>
    <testcase time="0.701000000000001" classname="cmt01a" name="cmt01a_can_handle_some_NA_values">
      <skipped message="Reason: On CRAN ('test-cmt01a.R:36:3')"/>
    </testcase>
  </testsuite>
  <testsuite name="cmt02_pt" timestamp="2023-07-13T03:06:53Z" hostname="1c1023b28104" tests="4" skipped="2" failures="0" errors="0" time="0.73">
    <testcase time="0.157000000000004" classname="cmt02_pt" name="cmt02_pt_can_handle_all_NA_values"/>
    <testcase time="0.122999999999998" classname="cmt02_pt" name="cmt02_pt_can_handle_all_NA_values">
      <skipped message="Reason: On CRAN ('test-cmt02_pt.R:9:3')"/>
    </testcase>
    <testcase time="0.204000000000001" classname="cmt02_pt" name="cmt02_pt_can_handle_some_NA_values"/>
    <testcase time="0.246000000000002" classname="cmt02_pt" name="cmt02_pt_can_handle_some_NA_values">
      <skipped message="Reason: On CRAN ('test-cmt02_pt.R:17:3')"/>
    </testcase>
  </testsuite>
  <testsuite name="coxt01" timestamp="2023-07-13T03:06:53Z" hostname="1c1023b28104" tests="3" skipped="1" failures="0" errors="0" time="0.707">
    <testcase time="0.481999999999999" classname="coxt01" name="coxt01_can_handle_some_NA_values"/>
    <testcase time="0.195999999999998" classname="coxt01" name="coxt01_can_handle_some_NA_values">
      <skipped message="Reason: On CRAN ('test-coxt01.R:8:3')"/>
    </testcase>
    <testcase time="0.0289999999999964" classname="coxt01" name="coxt01_fails_on_incomlete_data"/>
  </testsuite>
  <testsuite name="coxt02" timestamp="2023-07-13T03:06:54Z" hostname="1c1023b28104" tests="3" skipped="1" failures="0" errors="0" time="0.849">
    <testcase time="0.568000000000005" classname="coxt02" name="coxt02_can_handle_some_NA_values"/>
    <testcase time="0.251999999999995" classname="coxt02" name="coxt02_can_handle_some_NA_values">
      <skipped message="Reason: On CRAN ('test-coxt02.R:5:3')"/>
    </testcase>
    <testcase time="0.0290000000000035" classname="coxt02" name="coxt02_fails_on_incomlete_data"/>
  </testsuite>
  <testsuite name="default_tlg" timestamp="2023-07-13T03:06:55Z" hostname="1c1023b28104" tests="15" skipped="15" failures="0" errors="0" time="13.969">
    <testcase time="0.143999999999998" classname="default_tlg" name="ael01_nollt_function_with_default_argument_value_return_expected_result_with_test_data">
      <skipped message="Reason: On CRAN ('test-default_tlg.R:5:3')"/>
    </testcase>
    <testcase time="0.645000000000003" classname="default_tlg" name="aet01_function_with_default_argument_value_return_expected_result_with_test_data">
      <skipped message="Reason: On CRAN ('test-default_tlg.R:12:3')"/>
    </testcase>
    <testcase time="0.628999999999998" classname="default_tlg" name="aet01_aesi_function_with_default_argument_value_return_expected_result_with_test_data">
      <skipped message="Reason: On CRAN ('test-default_tlg.R:19:3')"/>
    </testcase>
    <testcase time="1.248" classname="default_tlg" name="aet02_functions_with_default_argument_value_return_expected_result_with_test_data">
      <skipped message="Reason: On CRAN ('test-default_tlg.R:26:3')"/>
    </testcase>
    <testcase time="2.844" classname="default_tlg" name="aet03_functions_with_default_argument_value_return_expected_result_with_test_data">
      <skipped message="Reason: On CRAN ('test-default_tlg.R:33:3')"/>
    </testcase>
    <testcase time="3.972" classname="default_tlg" name="aet04_functions_with_default_argument_value_return_expected_result_with_test_data">
      <skipped message="Reason: On CRAN ('test-default_tlg.R:40:3')"/>
    </testcase>
    <testcase time="0.461000000000006" classname="default_tlg" name="aet05_functions_with_default_argument_value_return_expected_result_with_test_data">
      <skipped message="Reason: On CRAN ('test-default_tlg.R:47:3')"/>
    </testcase>
    <testcase time="0.473999999999997" classname="default_tlg" name="aet05_all_functions_with_default_argument_value_return_expected_result_with_test_data">
      <skipped message="Reason: On CRAN ('test-default_tlg.R:54:3')"/>
    </testcase>
    <testcase time="0.323" classname="default_tlg" name="aet10_functions_with_default_argument_value_return_expected_result_with_test_data">
      <skipped message="Reason: On CRAN ('test-default_tlg.R:61:3')"/>
    </testcase>
    <testcase time="0.417000000000002" classname="default_tlg" name="cmt02_pt_functions_with_default_argument_value_return_expected_result_with_test_data">
      <skipped message="Reason: On CRAN ('test-default_tlg.R:68:3')"/>
    </testcase>
    <testcase time="0.565999999999995" classname="default_tlg" name="coxt01_functions_with_default_argument_value_return_expected_result_with_test_data">
      <skipped message="Reason: On CRAN ('test-default_tlg.R:78:3')"/>
    </testcase>
    <testcase time="0.778000000000006" classname="default_tlg" name="coxt02_functions_with_default_argument_value_return_expected_result_with_test_data">
      <skipped message="Reason: On CRAN ('test-default_tlg.R:86:3')"/>
    </testcase>
    <testcase time="0.701000000000001" classname="default_tlg" name="dmt01_functions_with_default_argument_value_return_expected_result_with_test_data">
      <skipped message="Reason: On CRAN ('test-default_tlg.R:93:3')"/>
    </testcase>
    <testcase time="0.475999999999999" classname="default_tlg" name="dst01_functions_with_default_argument_value_return_expected_result_with_test_data">
      <skipped message="Reason: On CRAN ('test-default_tlg.R:100:3')"/>
    </testcase>
    <testcase time="0.290999999999997" classname="default_tlg" name="dtht01_functions_with_default_argument_value_return_expected_result_with_test_data">
      <skipped message="Reason: On CRAN ('test-default_tlg.R:107:3')"/>
    </testcase>
  </testsuite>
  <testsuite name="dmt01" timestamp="2023-07-13T03:07:09Z" hostname="1c1023b28104" tests="4" skipped="2" failures="0" errors="0" time="1.349">
    <testcase time="0.277000000000001" classname="dmt01" name="dmt01_can_handle_NA_values"/>
    <testcase time="0.363" classname="dmt01" name="dmt01_can_handle_NA_values">
      <skipped message="Reason: On CRAN ('test-dmt01.R:8:3')"/>
    </testcase>
    <testcase time="0.289999999999999" classname="dmt01" name="dmt01_can_handle_numeric_NA_values"/>
    <testcase time="0.419000000000004" classname="dmt01" name="dmt01_can_handle_numeric_NA_values">
      <skipped message="Reason: On CRAN ('test-dmt01.R:15:3')"/>
    </testcase>
  </testsuite>
  <testsuite name="dst01" timestamp="2023-07-13T03:07:10Z" hostname="1c1023b28104" tests="14" skipped="7" failures="0" errors="0" time="3.042">
    <testcase time="0.158999999999999" classname="dst01" name="dst01_works_as_expected_when_all_data_are_NA"/>
    <testcase time="0.0730000000000004" classname="dst01" name="dst01_works_as_expected_when_all_data_are_NA">
      <skipped message="Reason: On CRAN ('test-dst01.R:11:3')"/>
    </testcase>
    <testcase time="0.137999999999998" classname="dst01" name="dst01_can_handle_all_NA_values_in_DCSREAS"/>
    <testcase time="0.161000000000001" classname="dst01" name="dst01_can_handle_all_NA_values_in_DCSREAS">
      <skipped message="Reason: On CRAN ('test-dst01.R:22:3')"/>
    </testcase>
    <testcase time="0.216000000000001" classname="dst01" name="dst01_can_handle_some_NA_values"/>
    <testcase time="0.250999999999998" classname="dst01" name="dst01_can_handle_some_NA_values">
      <skipped message="Reason: On CRAN ('test-dst01.R:29:3')"/>
    </testcase>
    <testcase time="0.140000000000001" classname="dst01" name="dst01_can_handle_missing_levels_in_status_var"/>
    <testcase time="0.130000000000003" classname="dst01" name="dst01_can_handle_missing_levels_in_status_var">
      <skipped message="Reason: On CRAN ('test-dst01.R:39:3')"/>
    </testcase>
    <testcase time="0.25" classname="dst01" name="dst01_can_create_variants"/>
    <testcase time="0.279999999999994" classname="dst01" name="dst01_can_create_variants">
      <skipped message="Reason: On CRAN ('test-dst01.R:44:3')"/>
    </testcase>
    <testcase time="0.294000000000004" classname="dst01" name="dst01_can_create_variants"/>
    <testcase time="0.271999999999998" classname="dst01" name="dst01_can_create_variants">
      <skipped message="Reason: On CRAN ('test-dst01.R:49:3')"/>
    </testcase>
    <testcase time="0.341000000000001" classname="dst01" name="dst01_can_create_variants"/>
    <testcase time="0.337000000000003" classname="dst01" name="dst01_can_create_variants">
      <skipped message="Reason: On CRAN ('test-dst01.R:56:3')"/>
    </testcase>
  </testsuite>
  <testsuite name="dtht01" timestamp="2023-07-13T03:07:13Z" hostname="1c1023b28104" tests="5" skipped="3" failures="0" errors="0" time="1.725">
    <testcase time="0.125" classname="dtht01" name="dtht01_can_handle_all_NA_values"/>
    <testcase time="0.170999999999999" classname="dtht01" name="dtht01_can_handle_all_NA_values">
      <skipped message="Reason: On CRAN ('test-dtht01.R:12:3')"/>
    </testcase>
    <testcase time="0.301000000000002" classname="dtht01" name="dtht01_can_handle_some_NA_values"/>
    <testcase time="0.413999999999994" classname="dtht01" name="dtht01_can_handle_some_NA_values">
      <skipped message="Reason: On CRAN ('test-dtht01.R:19:3')"/>
    </testcase>
    <testcase time="0.713999999999999" classname="dtht01" name="dtht01_can_be_parametrize_as_expected">
      <skipped message="Reason: On CRAN ('test-dtht01.R:30:3')"/>
    </testcase>
  </testsuite>
  <testsuite name="egt01" timestamp="2023-07-13T03:07:15Z" hostname="1c1023b28104" tests="3" skipped="2" failures="0" errors="0" time="7.971">
    <testcase time="5.02500000000001" classname="egt01" name="egt01_functions_with_default_argument_value_return_expected_result_with_test_data">
      <skipped message="Reason: On CRAN ('test-egt01.R:7:3')"/>
    </testcase>
    <testcase time="2.697" classname="egt01" name="egt01_can_handle_n_0_and_outputs_NE_instead_of_infs_and_NAs"/>
    <testcase time="0.248999999999995" classname="egt01" name="egt01_can_handle_n_0_and_outputs_NE_instead_of_infs_and_NAs">
      <skipped message="Reason: On CRAN ('test-egt01.R:21:3')"/>
    </testcase>
  </testsuite>
  <testsuite name="egt02" timestamp="2023-07-13T03:07:23Z" hostname="1c1023b28104" tests="2" skipped="2" failures="0" errors="0" time="0.865">
    <testcase time="0.467999999999989" classname="egt02" name="egt02_1_functions_with_default_argument_value_return_expected_result_with_test_data">
      <skipped message="Reason: On CRAN ('test-egt02.R:7:3')"/>
    </testcase>
    <testcase time="0.397000000000006" classname="egt02" name="egt02_2_functions_with_default_value_return_expected_result_with_test_data">
      <skipped message="Reason: On CRAN ('test-egt02.R:14:3')"/>
    </testcase>
  </testsuite>
  <testsuite name="egt03" timestamp="2023-07-13T03:07:24Z" hostname="1c1023b28104" tests="5" skipped="2" failures="0" errors="0" time="1.345">
    <testcase time="0.653000000000006" classname="egt03" name="egt03_functions_with_default_argument_value_return_expected_result_with_test_data">
      <skipped message="Reason: On CRAN ('test-egt03.R:9:3')"/>
    </testcase>
    <testcase time="0.039999999999992" classname="egt03" name="egt03_errors_on_all_NA_values"/>
    <testcase time="0.290000000000006" classname="egt03" name="egt03_can_handle_some_NA_values"/>
    <testcase time="0.313000000000002" classname="egt03" name="egt03_can_handle_some_NA_values">
      <skipped message="Reason: On CRAN ('test-egt03.R:32:3')"/>
    </testcase>
    <testcase time="0.0489999999999924" classname="egt03" name="egt03_fails_on_incomplete_data"/>
  </testsuite>
  <testsuite name="egt05_qtcat" timestamp="2023-07-13T03:07:25Z" hostname="1c1023b28104" tests="4" skipped="2" failures="0" errors="0" time="3.031">
    <testcase time="1.48" classname="egt05_qtcat" name="egt05_qtcat_functions_with_default_argument_value_return_expected_result_with_test_data">
      <skipped message="Reason: On CRAN ('test-egt05_qtcat.R:7:3')"/>
    </testcase>
    <testcase time="0.0330000000000013" classname="egt05_qtcat" name="egt05_qtcat_erros_on_all_NA_values"/>
    <testcase time="0.581999999999994" classname="egt05_qtcat" name="egt05_qtcat_can_handle_some_NA_values"/>
    <testcase time="0.936000000000007" classname="egt05_qtcat" name="egt05_qtcat_can_handle_some_NA_values">
      <skipped message="Reason: On CRAN ('test-egt05_qtcat.R:28:3')"/>
    </testcase>
  </testsuite>
  <testsuite name="empty_report" timestamp="2023-07-13T03:07:28Z" hostname="1c1023b28104" tests="25" skipped="0" failures="0" errors="0" time="4.419">
    <testcase time="1.741" classname="empty_report" name="tlg_functions_return_null_reports_when_domain_table_is_empty"/>
    <testcase time="0.316000000000003" classname="empty_report" name="tlg_functions_return_null_reports_when_domain_table_is_empty"/>
    <testcase time="0.216999999999999" classname="empty_report" name="tlg_functions_return_null_reports_when_domain_table_is_empty"/>
    <testcase time="0.108999999999995" classname="empty_report" name="tlg_functions_return_null_reports_when_domain_table_is_empty"/>
    <testcase time="0.105000000000004" classname="empty_report" name="tlg_functions_return_null_reports_when_domain_table_is_empty"/>
    <testcase time="0.0589999999999975" classname="empty_report" name="tlg_functions_return_null_reports_when_domain_table_is_empty"/>
    <testcase time="0.0990000000000038" classname="empty_report" name="tlg_functions_return_null_reports_when_domain_table_is_empty"/>
    <testcase time="0.159999999999997" classname="empty_report" name="tlg_functions_return_null_reports_when_domain_table_is_empty"/>
    <testcase time="0.189999999999998" classname="empty_report" name="tlg_functions_return_null_reports_when_domain_table_is_empty"/>
    <testcase time="0.0829999999999984" classname="empty_report" name="tlg_functions_return_null_reports_when_domain_table_is_empty"/>
    <testcase time="0.0760000000000076" classname="empty_report" name="tlg_functions_return_null_reports_when_domain_table_is_empty"/>
    <testcase time="0.0429999999999922" classname="empty_report" name="tlg_functions_return_null_reports_when_domain_table_is_empty"/>
    <testcase time="0.0409999999999968" classname="empty_report" name="tlg_functions_return_null_reports_when_domain_table_is_empty"/>
    <testcase time="0.0560000000000116" classname="empty_report" name="tlg_functions_return_null_reports_when_domain_table_is_empty"/>
    <testcase time="0.0629999999999882" classname="empty_report" name="tlg_functions_return_null_reports_when_domain_table_is_empty"/>
    <testcase time="0.061000000000007" classname="empty_report" name="tlg_functions_return_null_reports_when_domain_table_is_empty"/>
    <testcase time="0.0759999999999934" classname="empty_report" name="tlg_functions_return_null_reports_when_domain_table_is_empty"/>
    <testcase time="0.0800000000000125" classname="empty_report" name="tlg_functions_return_null_reports_when_domain_table_is_empty"/>
    <testcase time="0.0879999999999939" classname="empty_report" name="tlg_functions_return_null_reports_when_domain_table_is_empty"/>
    <testcase time="0.403000000000006" classname="empty_report" name="tlg_functions_return_null_reports_when_domain_table_is_empty"/>
    <testcase time="0.0969999999999942" classname="empty_report" name="tlg_functions_return_null_reports_when_domain_table_is_empty"/>
    <testcase time="0.0840000000000032" classname="empty_report" name="tlg_functions_return_null_reports_when_domain_table_is_empty"/>
    <testcase time="0.0769999999999982" classname="empty_report" name="tlg_functions_return_null_reports_when_domain_table_is_empty"/>
    <testcase time="0.0510000000000019" classname="empty_report" name="tlg_functions_return_null_reports_when_domain_table_is_empty"/>
    <testcase time="0.0439999999999969" classname="empty_report" name="tlg_functions_return_null_reports_when_domain_table_is_empty"/>
  </testsuite>
  <testsuite name="ext01" timestamp="2023-07-13T03:07:33Z" hostname="1c1023b28104" tests="8" skipped="7" failures="0" errors="0" time="5.92">
    <testcase time="0.637" classname="ext01" name="ext01_functions_with_default_argument_value_return_expected_result_with_test_data">
      <skipped message="Reason: On CRAN ('test-ext01.R:7:3')"/>
    </testcase>
    <testcase time="0.676999999999992" classname="ext01" name="ext01_functions_with_categorical_data_return_expected_result_with_test_data">
      <skipped message="Reason: On CRAN ('test-ext01.R:15:3')"/>
    </testcase>
    <testcase time="0.304000000000002" classname="ext01" name="ext01_works"/>
    <testcase time="0.329000000000008" classname="ext01" name="ext01_works">
      <skipped message="Reason: On CRAN ('test-ext01.R:23:3')"/>
    </testcase>
    <testcase time="0.718999999999994" classname="ext01" name="ext01_works_for_selected_parameters_and_categorical_variables">
      <skipped message="Reason: On CRAN ('test-ext01.R:36:3')"/>
    </testcase>
    <testcase time="1.092" classname="ext01" name="ext01_works_with_custom_mapping_order">
      <skipped message="Reason: On CRAN ('test-ext01.R:47:3')"/>
    </testcase>
    <testcase time="1.06400000000001" classname="ext01" name="ext01_works_with_custom_mapping_order_for_a_single_split">
      <skipped message="Reason: On CRAN ('test-ext01.R:57:3')"/>
    </testcase>
    <testcase time="1.098" classname="ext01" name="ext01_works_with_custom_mapping_fill_in_value">
      <skipped message="Reason: On CRAN ('test-ext01.R:68:3')"/>
    </testcase>
  </testsuite>
  <testsuite name="fstg01" timestamp="2023-07-13T03:07:38Z" hostname="1c1023b28104" tests="7" skipped="0" failures="0" errors="0" time="9.269">
    <testcase time="0.0279999999999916" classname="fstg01" name="fstg01_works_as_expected"/>
    <testcase time="2.07000000000001" classname="fstg01" name="fstg01_works_as_expected"/>
    <testcase time="2.06999999999999" classname="fstg01" name="fstg01_works_as_expected_with_custom_color_set"/>
    <testcase time="1.742" classname="fstg01" name="fstg01_works_as_expected_with_custom_color_set"/>
    <testcase time="0.370000000000005" classname="fstg01" name="fstg01_works_if_changes_are_in_subgroups_strata_var_conf_level_and_label_all"/>
    <testcase time="0.890000000000001" classname="fstg01" name="fstg01_works_if_changes_are_in_subgroups_strata_var_conf_level_and_label_all"/>
    <testcase time="2.09899999999999" classname="fstg01" name="fstg01_can_handle_some_NA_values_in_subgroups"/>
  </testsuite>
  <testsuite name="kmg01" timestamp="2023-07-13T03:07:48Z" hostname="1c1023b28104" tests="6" skipped="0" failures="0" errors="0" time="1.83">
    <testcase time="0.0170000000000101" classname="kmg01" name="kmg01_works_as_expected"/>
    <testcase time="0.424999999999997" classname="kmg01" name="kmg01_works_as_expected"/>
    <testcase time="0.415000000000006" classname="kmg01" name="kmg01_works_as_expected_with_custom_color_set"/>
    <testcase time="0.335999999999999" classname="kmg01" name="kmg01_works_as_expected_with_custom_color_set"/>
    <testcase time="0.35199999999999" classname="kmg01" name="kmg01_works_if_change_pvalue_ties_and_conf_level"/>
    <testcase time="0.285000000000011" classname="kmg01" name="kmg01_works_if_change_annotation_position"/>
  </testsuite>
  <testsuite name="lbt01" timestamp="2023-07-13T03:07:50Z" hostname="1c1023b28104" tests="4" skipped="3" failures="0" errors="0" time="11.955">
    <testcase time="4.69999999999999" classname="lbt01" name="lbt01_functions_with_default_argument_value_return_expected_result_with_test_data">
      <skipped message="Reason: On CRAN ('test-lbt01.R:7:3')"/>
    </testcase>
    <testcase time="5.069" classname="lbt01" name="lbt01_functions_with_row_split_var_return_expected_result_with_test_data">
      <skipped message="Reason: On CRAN ('test-lbt01.R:16:3')"/>
    </testcase>
    <testcase time="1.973" classname="lbt01" name="lbt01_can_handle_n_0_and_outputs_NE_instead_of_infs_and_NAs"/>
    <testcase time="0.213000000000008" classname="lbt01" name="lbt01_can_handle_n_0_and_outputs_NE_instead_of_infs_and_NAs">
      <skipped message="Reason: On CRAN ('test-lbt01.R:30:3')"/>
    </testcase>
  </testsuite>
  <testsuite name="lbt04" timestamp="2023-07-13T03:08:01Z" hostname="1c1023b28104" tests="8" skipped="4" failures="0" errors="0" time="2.793">
    <testcase time="0.867999999999995" classname="lbt04" name="lbt04_functions_with_default_argument_value_return_expected_result_with_test_data">
      <skipped message="Reason: On CRAN ('test-lbt04.R:7:3')"/>
    </testcase>
    <testcase time="0.0640000000000072" classname="lbt04" name="lbt04_can_handle_all_NA_values"/>
    <testcase time="0.0589999999999975" classname="lbt04" name="lbt04_can_handle_all_NA_values">
      <skipped message="Reason: On CRAN ('test-lbt04.R:20:3')"/>
    </testcase>
    <testcase time="0.432000000000002" classname="lbt04" name="lbt04_can_handle_missing_levels"/>
    <testcase time="0.454999999999998" classname="lbt04" name="lbt04_can_handle_missing_levels">
      <skipped message="Reason: On CRAN ('test-lbt04.R:31:3')"/>
    </testcase>
    <testcase time="0.439999999999998" classname="lbt04" name="lbt04_can_handle_some_NA_values"/>
    <testcase time="0.439999999999998" classname="lbt04" name="lbt04_can_handle_some_NA_values">
      <skipped message="Reason: On CRAN ('test-lbt04.R:39:3')"/>
    </testcase>
    <testcase time="0.0349999999999966" classname="lbt04" name="lbt04_fails_on_incomlete_data"/>
  </testsuite>
  <testsuite name="lbt05" timestamp="2023-07-13T03:08:04Z" hostname="1c1023b28104" tests="5" skipped="2" failures="0" errors="0" time="2.241">
    <testcase time="0.853999999999999" classname="lbt05" name="lbt05_functions_with_default_argument_value_return_expected_result_with_test_data">
      <skipped message="Reason: On CRAN ('test-lbt05.R:7:3')"/>
    </testcase>
    <testcase time="0.463000000000008" classname="lbt05" name="lbt05_give_all_0_count_if_ANRIND_are_all_missing"/>
    <testcase time="0.432000000000002" classname="lbt05" name="lbt05_can_handle_some_NA_values"/>
    <testcase time="0.421999999999997" classname="lbt05" name="lbt05_can_handle_some_NA_values">
      <skipped message="Reason: On CRAN ('test-lbt05.R:36:3')"/>
    </testcase>
    <testcase time="0.0699999999999932" classname="lbt05" name="lbt05_fails_on_incomlete_data"/>
  </testsuite>
  <testsuite name="lbt06" timestamp="2023-07-13T03:08:07Z" hostname="1c1023b28104" tests="3" skipped="1" failures="0" errors="0" time="4.719">
    <testcase time="1.498" classname="lbt06" name="lbt06_gives_all_0_count_if_ANRIND_and_BNRIND_are_all_missing"/>
    <testcase time="3.166" classname="lbt06" name="lbt06_can_handle_some_NA_values">
      <skipped message="Reason: On CRAN ('test-lbt06.R:20:3')"/>
    </testcase>
    <testcase time="0.0550000000000068" classname="lbt06" name="lbt06_fails_on_incomplete_data"/>
  </testsuite>
  <testsuite name="lbt07" timestamp="2023-07-13T03:08:11Z" hostname="1c1023b28104" tests="4" skipped="2" failures="0" errors="0" time="2.627">
    <testcase time="1.289" classname="lbt07" name="lbt07_functions_with_default_argument_value_return_expected_result_with_test_data">
      <skipped message="Reason: On CRAN ('test-lbt07.R:7:3')"/>
    </testcase>
    <testcase time="0.683999999999997" classname="lbt07" name="lbt07_can_handle_some_NA_values"/>
    <testcase time="0.596999999999994" classname="lbt07" name="lbt07_can_handle_some_NA_values">
      <skipped message="Reason: On CRAN ('test-lbt07.R:22:3')"/>
    </testcase>
    <testcase time="0.0570000000000022" classname="lbt07" name="lbt07_fails_on_incomlete_data"/>
  </testsuite>
  <testsuite name="lbt14" timestamp="2023-07-13T03:08:14Z" hostname="1c1023b28104" tests="16" skipped="10" failures="0" errors="0" time="33.728">
    <testcase time="2.979" classname="lbt14" name="lbt14_functions_with_default_argument_value_return_expected_result_with_test_data">
      <skipped message="Reason: On CRAN ('test-lbt14.R:7:3')"/>
    </testcase>
    <testcase time="3.10299999999999" classname="lbt14" name="lbt14_functions_with_default_argument_value_return_expected_result_with_test_data_when_direction_high">
      <skipped message="Reason: On CRAN ('test-lbt14.R:14:3')"/>
    </testcase>
    <testcase time="2.77600000000001" classname="lbt14" name="lbt14_functions_with_gr_missing_excl_return_expected_result_with_test_data">
      <skipped message="Reason: On CRAN ('test-lbt14.R:21:3')"/>
    </testcase>
    <testcase time="2.94499999999999" classname="lbt14" name="lbt14_functions_with_gr_missing_gr_0_return_expected_result_with_test_data">
      <skipped message="Reason: On CRAN ('test-lbt14.R:28:3')"/>
    </testcase>
    <testcase time="1.452" classname="lbt14" name="lbt14_can_handle_all_NA_values"/>
    <testcase time="0.200999999999993" classname="lbt14" name="lbt14_can_handle_all_NA_values">
      <skipped message="Reason: On CRAN ('test-lbt14.R:41:3')"/>
    </testcase>
    <testcase time="1.78" classname="lbt14" name="lbt14_can_handle_some_NA_values"/>
    <testcase time="1.12" classname="lbt14" name="lbt14_can_handle_some_NA_values">
      <skipped message="Reason: On CRAN ('test-lbt14.R:60:3')"/>
    </testcase>
    <testcase time="5.96800000000002" classname="lbt14" name="lbt14_can_accept_different_gr_missing">
      <skipped message="Reason: On CRAN ('test-lbt14.R:67:3')"/>
    </testcase>
    <testcase time="0.0420000000000016" classname="lbt14" name="lbt14_fails_on_incomlete_data"/>
    <testcase time="1.559" classname="lbt14" name="lbt14_can_handle_all_NA_values_with_direction_high"/>
    <testcase time="0.216000000000008" classname="lbt14" name="lbt14_can_handle_all_NA_values_with_direction_high">
      <skipped message="Reason: On CRAN ('test-lbt14.R:92:3')"/>
    </testcase>
    <testcase time="1.92400000000001" classname="lbt14" name="lbt14_can_handle_some_NA_values_with_direction_high"/>
    <testcase time="1.20599999999999" classname="lbt14" name="lbt14_can_handle_some_NA_values_with_direction_high">
      <skipped message="Reason: On CRAN ('test-lbt14.R:111:3')"/>
    </testcase>
    <testcase time="6.41500000000002" classname="lbt14" name="lbt14_can_accept_different_gr_missing_with_direction_high">
      <skipped message="Reason: On CRAN ('test-lbt14.R:119:3')"/>
    </testcase>
    <testcase time="0.0420000000000016" classname="lbt14" name="lbt14_fails_on_incomlete_data"/>
  </testsuite>
  <testsuite name="mht01" timestamp="2023-07-13T03:08:48Z" hostname="1c1023b28104" tests="3" skipped="3" failures="0" errors="0" time="2.444">
    <testcase time="0.806999999999988" classname="mht01" name="mht01_1_functions_with_default_argument_value_return_expected_result_with_test_data">
      <skipped message="Reason: On CRAN ('test-mht01.R:7:3')"/>
    </testcase>
    <testcase time="0.818999999999988" classname="mht01" name="mht01_works">
      <skipped message="Reason: On CRAN ('test-mht01.R:15:3')"/>
    </testcase>
    <testcase time="0.818000000000012" classname="mht01" name="mht01_works_on_NULL_in_lbl_mhbodsys_or_lbl_mhdecod">
      <skipped message="Reason: On CRAN ('test-mht01.R:21:3')"/>
    </testcase>
  </testsuite>
  <testsuite name="mng01" timestamp="2023-07-13T03:08:50Z" hostname="1c1023b28104" tests="7" skipped="0" failures="0" errors="0" time="7.945">
    <testcase time="1.63200000000001" classname="mng01" name="mng01_works_as_expected_with_default_argument_values"/>
    <testcase time="1.238" classname="mng01" name="mng01_works_as_expected_with_custom_argument_values"/>
    <testcase time="0.0190000000000055" classname="mng01" name="mng01_works_as_expected_with_custom_argument_values"/>
    <testcase time="1.23699999999999" classname="mng01" name="mng01_works_as_expected_with_custom_color_set"/>
    <testcase time="1.25199999999998" classname="mng01" name="mng01_works_as_expected_with_custom_color_set"/>
    <testcase time="1.292" classname="mng01" name="mng01_works_if_show_v_grid_show_h_grid_is_TRUE"/>
    <testcase time="1.27500000000001" classname="mng01" name="mng01_works_with_combination_of_x_variables"/>
  </testsuite>
  <testsuite name="pdt01" timestamp="2023-07-13T03:08:58Z" hostname="1c1023b28104" tests="5" skipped="3" failures="0" errors="0" time="1.837">
    <testcase time="0.746000000000009" classname="pdt01" name="pdt01_function_with_default_argument_value_return_expected_result_with_test_data">
      <skipped message="Reason: On CRAN ('test-pdt01.R:7:3')"/>
    </testcase>
    <testcase time="0.137" classname="pdt01" name="pdt01_can_handle_all_NA_values"/>
    <testcase time="0.137" classname="pdt01" name="pdt01_can_handle_all_NA_values">
      <skipped message="Reason: On CRAN ('test-pdt01.R:21:3')"/>
    </testcase>
    <testcase time="0.344999999999999" classname="pdt01" name="pdt01_can_handle_some_NA_values"/>
    <testcase time="0.472000000000008" classname="pdt01" name="pdt01_can_handle_some_NA_values">
      <skipped message="Reason: On CRAN ('test-pdt01.R:36:3')"/>
    </testcase>
  </testsuite>
  <testsuite name="pdt02" timestamp="2023-07-13T03:09:00Z" hostname="1c1023b28104" tests="5" skipped="3" failures="0" errors="0" time="1.175">
    <testcase time="0.367999999999995" classname="pdt02" name="pdt02_function_with_default_argument_value_return_expected_result_with_test_data">
      <skipped message="Reason: On CRAN ('test-pdt02.R:7:3')"/>
    </testcase>
    <testcase time="0.165999999999997" classname="pdt02" name="pdt02_can_handle_all_NA_values"/>
    <testcase time="0.162000000000006" classname="pdt02" name="pdt02_can_handle_all_NA_values">
      <skipped message="Reason: On CRAN ('test-pdt02.R:21:3')"/>
    </testcase>
    <testcase time="0.242999999999995" classname="pdt02" name="pdt02_can_handle_some_NA_values"/>
    <testcase time="0.23599999999999" classname="pdt02" name="pdt02_can_handle_some_NA_values">
      <skipped message="Reason: On CRAN ('test-pdt02.R:36:3')"/>
    </testcase>
  </testsuite>
  <testsuite name="reexports" timestamp="2023-07-13T03:09:01Z" hostname="1c1023b28104" tests="2" skipped="0" failures="0" errors="0" time="0.033">
    <testcase time="0.0229999999999961" classname="reexports" name="with_label_exported_correctly"/>
    <testcase time="0.0100000000000193" classname="reexports" name="reformat_exported_correctly"/>
  </testsuite>
  <testsuite name="rmpt01" timestamp="2023-07-13T03:09:01Z" hostname="1c1023b28104" tests="7" skipped="3" failures="0" errors="0" time="0.805">
    <testcase time="0.226999999999975" classname="rmpt01" name="rmpt01_function_with_default_argument_value_return_expected_result_with_test_data">
      <skipped message="Reason: On CRAN ('test-rmpt01.R:7:3')"/>
    </testcase>
    <testcase time="0.105000000000018" classname="rmpt01" name="rmpt01_can_handle_NA_values"/>
    <testcase time="0.125" classname="rmpt01" name="rmpt01_can_handle_NA_values">
      <skipped message="Reason: On CRAN ('test-rmpt01.R:17:3')"/>
    </testcase>
    <testcase time="0.109999999999985" classname="rmpt01" name="rmpt01_can_handle_some_NA_values"/>
    <testcase time="0.137" classname="rmpt01" name="rmpt01_can_handle_some_NA_values">
      <skipped message="Reason: On CRAN ('test-rmpt01.R:31:3')"/>
    </testcase>
    <testcase time="0.0630000000000166" classname="rmpt01" name="rmpt01_fails_on_incomlete_data"/>
    <testcase time="0.0379999999999825" classname="rmpt01" name="rmpt01_fails_on_incomlete_data"/>
  </testsuite>
  <testsuite name="rmpt03" timestamp="2023-07-13T03:09:02Z" hostname="1c1023b28104" tests="8" skipped="3" failures="0" errors="0" time="1.332">
    <testcase time="0.462000000000018" classname="rmpt03" name="rmpt03_function_with_default_argument_value_return_expected_result_with_test_data">
      <skipped message="Reason: On CRAN ('test-rmpt03.R:9:3')"/>
    </testcase>
    <testcase time="0.147999999999996" classname="rmpt03" name="rmpt03_can_handle_NA_values"/>
    <testcase time="0.225999999999999" classname="rmpt03" name="rmpt03_can_handle_NA_values">
      <skipped message="Reason: On CRAN ('test-rmpt03.R:19:3')"/>
    </testcase>
    <testcase time="0.135999999999996" classname="rmpt03" name="rmpt03_can_handle_some_NA_values"/>
    <testcase time="0.235000000000014" classname="rmpt03" name="rmpt03_can_handle_some_NA_values">
      <skipped message="Reason: On CRAN ('test-rmpt03.R:33:3')"/>
    </testcase>
    <testcase time="0.0659999999999741" classname="rmpt03" name="rmpt03_fails_on_incomlete_data"/>
    <testcase time="0.0390000000000157" classname="rmpt03" name="rmpt03_fails_on_incomlete_data"/>
    <testcase time="0.0200000000000102" classname="rmpt03" name="rmpt03_fails_on_incomlete_data"/>
  </testsuite>
  <testsuite name="rmpt04" timestamp="2023-07-13T03:09:03Z" hostname="1c1023b28104" tests="6" skipped="3" failures="0" errors="0" time="0.722">
    <testcase time="0.22199999999998" classname="rmpt04" name="rmpt04_function_with_default_argument_value_return_expected_result_with_test_data">
      <skipped message="Reason: On CRAN ('test-rmpt04.R:7:3')"/>
    </testcase>
    <testcase time="0.0980000000000132" classname="rmpt04" name="rmpt04_can_handle_NA_values"/>
    <testcase time="0.127999999999986" classname="rmpt04" name="rmpt04_can_handle_NA_values">
      <skipped message="Reason: On CRAN ('test-rmpt04.R:17:3')"/>
    </testcase>
    <testcase time="0.108000000000004" classname="rmpt04" name="rmpt04_can_handle_some_NA_values"/>
    <testcase time="0.12700000000001" classname="rmpt04" name="rmpt04_can_handle_some_NA_values">
      <skipped message="Reason: On CRAN ('test-rmpt04.R:34:3')"/>
    </testcase>
    <testcase time="0.0389999999999873" classname="rmpt04" name="rmpt04_fails_on_incomlete_data"/>
  </testsuite>
  <testsuite name="rmpt05" timestamp="2023-07-13T03:09:04Z" hostname="1c1023b28104" tests="6" skipped="3" failures="0" errors="0" time="0.947">
    <testcase time="0.302999999999997" classname="rmpt05" name="rmpt05_function_with_default_argument_value_return_expected_result_with_test_data">
      <skipped message="Reason: On CRAN ('test-rmpt05.R:7:3')"/>
    </testcase>
    <testcase time="0.110000000000014" classname="rmpt05" name="rmpt05_can_handle_NA_values"/>
    <testcase time="0.180999999999983" classname="rmpt05" name="rmpt05_can_handle_NA_values">
      <skipped message="Reason: On CRAN ('test-rmpt05.R:17:3')"/>
    </testcase>
    <testcase time="0.13300000000001" classname="rmpt05" name="rmpt05_can_handle_some_NA_values"/>
    <testcase time="0.181999999999988" classname="rmpt05" name="rmpt05_can_handle_some_NA_values">
      <skipped message="Reason: On CRAN ('test-rmpt05.R:34:3')"/>
    </testcase>
    <testcase time="0.0380000000000109" classname="rmpt05" name="rmpt05_fails_on_incomlete_data"/>
  </testsuite>
  <testsuite name="rspt01" timestamp="2023-07-13T03:09:05Z" hostname="1c1023b28104" tests="15" skipped="7" failures="0" errors="0" time="4.645">
    <testcase time="0.0240000000000009" classname="rspt01" name="rspt01_works_as_expected"/>
    <testcase time="0.467000000000013" classname="rspt01" name="rspt01_works_as_expected"/>
    <testcase time="0.298000000000002" classname="rspt01" name="rspt01_works_as_expected">
      <skipped message="Reason: On CRAN ('test-rspt01.R:5:3')"/>
    </testcase>
    <testcase time="0.376999999999981" classname="rspt01" name="rspt01_works_as_expected_for_stratified_and_unstratified_analysis"/>
    <testcase time="0.334000000000003" classname="rspt01" name="rspt01_works_as_expected_for_stratified_and_unstratified_analysis">
      <skipped message="Reason: On CRAN ('test-rspt01.R:17:3')"/>
    </testcase>
    <testcase time="0.328000000000003" classname="rspt01" name="rspt01_works_as_expected_for_unstratified_analysis_only"/>
    <testcase time="0.274000000000001" classname="rspt01" name="rspt01_works_as_expected_for_unstratified_analysis_only">
      <skipped message="Reason: On CRAN ('test-rspt01.R:36:3')"/>
    </testcase>
    <testcase time="0.318000000000012" classname="rspt01" name="rspt01_works_as_expected_for_stratified_analysis_only"/>
    <testcase time="0.287999999999982" classname="rspt01" name="rspt01_works_as_expected_for_stratified_analysis_only">
      <skipped message="Reason: On CRAN ('test-rspt01.R:55:3')"/>
    </testcase>
    <testcase time="0.356999999999999" classname="rspt01" name="rspt01_works_if_change_reference_group"/>
    <testcase time="0.289999999999992" classname="rspt01" name="rspt01_works_if_change_reference_group">
      <skipped message="Reason: On CRAN ('test-rspt01.R:74:3')"/>
    </testcase>
    <testcase time="0.363" classname="rspt01" name="rspt01_works_if_change_statistic_methods"/>
    <testcase time="0.280000000000001" classname="rspt01" name="rspt01_works_if_change_statistic_methods">
      <skipped message="Reason: On CRAN ('test-rspt01.R:97:3')"/>
    </testcase>
    <testcase time="0.365000000000009" classname="rspt01" name="rspt01_works_if_change_confidence_interval"/>
    <testcase time="0.282000000000011" classname="rspt01" name="rspt01_works_if_change_confidence_interval">
      <skipped message="Reason: On CRAN ('test-rspt01.R:123:3')"/>
    </testcase>
  </testsuite>
  <testsuite name="ttet01" timestamp="2023-07-13T03:09:09Z" hostname="1c1023b28104" tests="9" skipped="4" failures="0" errors="0" time="3.869">
    <testcase time="0.0519999999999925" classname="ttet01" name="ttet01_works_as_expected"/>
    <testcase time="0.586999999999989" classname="ttet01" name="ttet01_works_as_expected"/>
    <testcase time="0.52000000000001" classname="ttet01" name="ttet01_works_as_expected">
      <skipped message="Reason: On CRAN ('test-ttet01.R:5:3')"/>
    </testcase>
    <testcase time="0.451999999999998" classname="ttet01" name="ttet01_works_as_expected_for_stratified_and_unstratified_analysis"/>
    <testcase time="0.429000000000002" classname="ttet01" name="ttet01_works_as_expected_for_stratified_and_unstratified_analysis">
      <skipped message="Reason: On CRAN ('test-ttet01.R:14:3')"/>
    </testcase>
    <testcase time="0.467999999999989" classname="ttet01" name="ttet01_works_as_expected_for_stratified_analysis_only"/>
    <testcase time="0.439999999999998" classname="ttet01" name="ttet01_works_as_expected_for_stratified_analysis_only">
      <skipped message="Reason: On CRAN ('test-ttet01.R:30:3')"/>
    </testcase>
    <testcase time="0.453000000000003" classname="ttet01" name="ttet01_works_if_change_reference_group"/>
    <testcase time="0.468000000000018" classname="ttet01" name="ttet01_works_if_change_reference_group">
      <skipped message="Reason: On CRAN ('test-ttet01.R:46:3')"/>
    </testcase>
  </testsuite>
  <testsuite name="utils" timestamp="2023-07-13T03:09:13Z" hostname="1c1023b28104" tests="52" skipped="0" failures="0" errors="0" time="0.317">
    <testcase time="0.0219999999999914" classname="utils" name="h_format_dec_works_as_exected"/>
    <testcase time="0.00399999999999068" classname="utils" name="h_format_dec_works_as_exected"/>
    <testcase time="0.00200000000000955" classname="utils" name="h_format_dec_works_as_exected"/>
    <testcase time="0.00499999999999545" classname="utils" name="h_format_dec_works_as_exected"/>
    <testcase time="0.00200000000000955" classname="utils" name="h_format_dec_works_as_exected"/>
    <testcase time="0.00399999999999068" classname="utils" name="h_format_dec_works_as_exected"/>
    <testcase time="0.00200000000000955" classname="utils" name="h_format_dec_works_as_exected"/>
    <testcase time="0.00399999999999068" classname="utils" name="h_format_dec_works_as_exected"/>
    <testcase time="0.00200000000000955" classname="utils" name="h_format_dec_works_as_exected"/>
    <testcase time="0.00399999999999068" classname="utils" name="h_format_dec_works_as_exected"/>
    <testcase time="0.00200000000000955" classname="utils" name="h_format_dec_works_as_exected"/>
    <testcase time="0.00399999999999068" classname="utils" name="h_format_dec_works_as_exected"/>
    <testcase time="0.0100000000000193" classname="utils" name="h_format_dec_works_as_expected_with_more_than_one_value"/>
    <testcase time="0.00399999999999068" classname="utils" name="h_format_dec_works_as_expected_with_more_than_one_value"/>
    <testcase time="0.00999999999999091" classname="utils" name="h_format_dec_works_as_expected_with_NA_digits"/>
    <testcase time="0.00999999999999091" classname="utils" name="fuse_sequentially_works"/>
    <testcase time="0.0040000000000191" classname="utils" name="fuse_sequentially_works"/>
    <testcase time="0.00799999999998136" classname="utils" name="grob_list_works"/>
    <testcase time="0.00200000000000955" classname="utils" name="grob_list_works"/>
    <testcase time="0.00399999999999068" classname="utils" name="grob_list_works"/>
    <testcase time="0.0040000000000191" classname="utils" name="grob_list_works"/>
    <testcase time="0.0169999999999959" classname="utils" name="ifneeded_split_row_works_as_expected"/>
    <testcase time="0.00899999999998613" classname="utils" name="ifneeded_split_row_works_as_expected"/>
    <testcase time="0.00800000000000978" classname="utils" name="droplevels.character_works_as_expected"/>
    <testcase time="0.0130000000000052" classname="utils" name="droplevels.character_works_as_expected"/>
    <testcase time="0.0120000000000005" classname="utils" name="lvls.character_works_as_expected"/>
    <testcase time="0.00499999999999545" classname="utils" name="lvls.character_works_as_expected"/>
    <testcase time="0.0109999999999957" classname="utils" name="lvls.factor_works_as_expected"/>
    <testcase time="0.00600000000000023" classname="utils" name="lvls.factor_works_as_expected"/>
    <testcase time="0.00999999999999091" classname="utils" name="lvls.default_works_as_expected"/>
    <testcase time="0.0040000000000191" classname="utils" name="lvls.default_works_as_expected"/>
    <testcase time="0.00799999999998136" classname="utils" name="quote_str_works_as_expected"/>
    <testcase time="0.0040000000000191" classname="utils" name="quote_str_works_as_expected"/>
    <testcase time="0.00600000000000023" classname="utils" name="quote_str_works_as_expected"/>
    <testcase time="0.00899999999998613" classname="utils" name="modify_default_args_works_as_expected"/>
    <testcase time="0.0040000000000191" classname="utils" name="modify_default_args_works_as_expected"/>
    <testcase time="0.00899999999998613" classname="utils" name="execute_with_args_works_as_expected"/>
    <testcase time="0.00399999999999068" classname="utils" name="execute_with_args_works_as_expected"/>
    <testcase time="0.00200000000000955" classname="utils" name="execute_with_args_works_as_expected"/>
    <testcase time="0.00499999999999545" classname="utils" name="execute_with_args_works_as_expected"/>
    <testcase time="0.00200000000000955" classname="utils" name="execute_with_args_works_as_expected"/>
    <testcase time="0.00399999999999068" classname="utils" name="execute_with_args_works_as_expected"/>
    <testcase time="0.00200000000000955" classname="utils" name="execute_with_args_works_as_expected"/>
    <testcase time="0.00499999999999545" classname="utils" name="execute_with_args_works_as_expected"/>
    <testcase time="0.00200000000000955" classname="utils" name="execute_with_args_works_as_expected"/>
    <testcase time="0.00399999999999068" classname="utils" name="execute_with_args_works_as_expected"/>
    <testcase time="0.00200000000000955" classname="utils" name="execute_with_args_works_as_expected"/>
    <testcase time="0.00399999999999068" classname="utils" name="execute_with_args_works_as_expected"/>
    <testcase time="0.00900000000001455" classname="utils" name="do_call_work_as_expected"/>
    <testcase time="0.00399999999999068" classname="utils" name="do_call_work_as_expected"/>
    <testcase time="0.0120000000000005" classname="utils" name="do_call_errors_as_expected"/>
    <testcase time="0.00800000000000978" classname="utils" name="do_call_errors_as_expected"/>
  </testsuite>
  <testsuite name="vst01" timestamp="2023-07-13T03:09:14Z" hostname="1c1023b28104" tests="3" skipped="2" failures="0" errors="0" time="19.706">
    <testcase time="10.231" classname="vst01" name="vst01_functions_with_default_argument_value_return_expected_result_with_test_data">
      <skipped message="Reason: On CRAN ('test-vst01.R:7:3')"/>
    </testcase>
    <testcase time="4.49699999999999" classname="vst01" name="run_vst01_works_as_expected"/>
    <testcase time="4.97800000000001" classname="vst01" name="run_vst01_works_as_expected">
      <skipped message="Reason: On CRAN ('test-vst01.R:14:3')"/>
    </testcase>
  </testsuite>
  <testsuite name="vst02" timestamp="2023-07-13T03:09:33Z" hostname="1c1023b28104" tests="2" skipped="2" failures="0" errors="0" time="1.239">
    <testcase time="0.62299999999999" classname="vst02" name="vst02_functions_with_default_argument_value_return_expected_result_with_test_data">
      <skipped message="Reason: On CRAN ('test-vst02.R:7:3')"/>
    </testcase>
    <testcase time="0.616000000000014" classname="vst02" name="vst02_functions_return_expected_result_with_test_data_when_excluding_subject_with_baseline_abnormality">
      <skipped message="Reason: On CRAN ('test-vst02.R:14:3')"/>
    </testcase>
  </testsuite>
</testsuites>
