<?xml version="1.0" encoding="UTF-8"?>
<testsuites>
  <testsuite name="ael01_nollt" timestamp="2023-07-05T05:38:29Z" hostname="7059b1d9f06f" tests="8" skipped="4" failures="0" errors="0" time="2.384">
    <testcase time="1.291" classname="ael01_nollt" name="ael01_nollt_works_with_admh_dataset"/>
    <testcase time="0.383" classname="ael01_nollt" name="ael01_nollt_works_with_admh_dataset">
      <skipped message="Reason: On CRAN ('test-ael01_nollt.R:7:3')"/>
    </testcase>
    <testcase time="0.0979999999999999" classname="ael01_nollt" name="ael01_nollt_works_with_non_default_label"/>
    <testcase time="0.241000000000001" classname="ael01_nollt" name="ael01_nollt_works_with_non_default_label">
      <skipped message="Reason: On CRAN ('test-ael01_nollt.R:20:3')"/>
    </testcase>
    <testcase time="0.0739999999999998" classname="ael01_nollt" name="ael01_nollt_can_handle_all_missing_values"/>
    <testcase time="0.0869999999999997" classname="ael01_nollt" name="ael01_nollt_can_handle_all_missing_values">
      <skipped message="Reason: On CRAN ('test-ael01_nollt.R:33:3')"/>
    </testcase>
    <testcase time="0.0510000000000002" classname="ael01_nollt" name="ael01_nollt_can_handle_some_missing_values"/>
    <testcase time="0.159" classname="ael01_nollt" name="ael01_nollt_can_handle_some_missing_values">
      <skipped message="Reason: On CRAN ('test-ael01_nollt.R:48:3')"/>
    </testcase>
  </testsuite>
  <testsuite name="aet01" timestamp="2023-07-05T05:38:31Z" hostname="7059b1d9f06f" tests="9" skipped="4" failures="0" errors="0" time="3.884">
    <testcase time="0.762" classname="aet01" name="aet01_can_handle_all_NA_values"/>
    <testcase time="0.441" classname="aet01" name="aet01_can_handle_all_NA_values">
      <skipped message="Reason: On CRAN ('test-aet01.R:12:3')"/>
    </testcase>
    <testcase time="0.51" classname="aet01" name="aet01_can_handle_some_NA_values"/>
    <testcase time="0.437" classname="aet01" name="aet01_can_handle_some_NA_values">
      <skipped message="Reason: On CRAN ('test-aet01.R:29:3')"/>
    </testcase>
    <testcase time="0.359999999999999" classname="aet01" name="aet01_can_use_custom_anl_vars"/>
    <testcase time="0.242000000000001" classname="aet01" name="aet01_can_use_custom_anl_vars">
      <skipped message="Reason: On CRAN ('test-aet01.R:35:3')"/>
    </testcase>
    <testcase time="0.15" classname="aet01" name="aet01_fails_on_incomplete_data_input"/>
    <testcase time="0.513999999999999" classname="aet01" name="aet01_can_use_custom_medconcept_var"/>
    <testcase time="0.468" classname="aet01" name="aet01_can_use_custom_medconcept_var">
      <skipped message="Reason: On CRAN ('test-aet01.R:65:3')"/>
    </testcase>
  </testsuite>
  <testsuite name="aet01_aesi" timestamp="2023-07-05T05:38:35Z" hostname="7059b1d9f06f" tests="7" skipped="3" failures="0" errors="0" time="2.994">
    <testcase time="0.461" classname="aet01_aesi" name="aet01_aesi_can_handle_all_NA_values"/>
    <testcase time="0.43" classname="aet01_aesi" name="aet01_aesi_can_handle_all_NA_values">
      <skipped message="Reason: On CRAN ('test-aet01_aesi.R:17:3')"/>
    </testcase>
    <testcase time="0.398" classname="aet01_aesi" name="aet01_aesi_can_handle_some_NA_values"/>
    <testcase time="0.413" classname="aet01_aesi" name="aet01_aesi_can_handle_some_NA_values">
      <skipped message="Reason: On CRAN ('test-aet01_aesi.R:30:3')"/>
    </testcase>
    <testcase time="0.512" classname="aet01_aesi" name="aet01_aesi_works_with_ALL_argument"/>
    <testcase time="0.657" classname="aet01_aesi" name="aet01_aesi_works_with_ALL_argument">
      <skipped message="Reason: On CRAN ('test-aet01_aesi.R:36:3')"/>
    </testcase>
    <testcase time="0.122999999999999" classname="aet01_aesi" name="aet01_aesi_check_fails_on_incomplete_data_input"/>
  </testsuite>
  <testsuite name="aet02" timestamp="2023-07-05T05:38:38Z" hostname="7059b1d9f06f" tests="3" skipped="1" failures="0" errors="0" time="3.225">
    <testcase time="0.104000000000001" classname="aet02" name="aet02_fails_on_incomplete_data_input"/>
    <testcase time="0.186999999999999" classname="aet02" name="aet02_handle_empty_data_input"/>
    <testcase time="2.934" classname="aet02" name="aet02_can_have_different_levels_of_row_split">
      <skipped message="Reason: On CRAN ('test-aet02.R:30:3')"/>
    </testcase>
  </testsuite>
  <testsuite name="aet03" timestamp="2023-07-05T05:38:41Z" hostname="7059b1d9f06f" tests="4" skipped="2" failures="0" errors="0" time="5.122">
    <testcase time="0.632999999999999" classname="aet03" name="aet03_can_handle_NA_values"/>
    <testcase time="0.407" classname="aet03" name="aet03_can_handle_NA_values">
      <skipped message="Reason: On CRAN ('test-aet03.R:10:3')"/>
    </testcase>
    <testcase time="2.845" classname="aet03" name="aet03_can_handle_some_NA_values"/>
    <testcase time="1.237" classname="aet03" name="aet03_can_handle_some_NA_values">
      <skipped message="Reason: On CRAN ('test-aet03.R:27:3')"/>
    </testcase>
  </testsuite>
  <testsuite name="aet04" timestamp="2023-07-05T05:38:46Z" hostname="7059b1d9f06f" tests="4" skipped="2" failures="0" errors="0" time="8.108">
    <testcase time="1.188" classname="aet04" name="aet04_can_handle_NA_values"/>
    <testcase time="0.656000000000002" classname="aet04" name="aet04_can_handle_NA_values">
      <skipped message="Reason: On CRAN ('test-aet04.R:10:3')"/>
    </testcase>
    <testcase time="4.469" classname="aet04" name="aet04_can_handle_some_NA_values"/>
    <testcase time="1.795" classname="aet04" name="aet04_can_handle_some_NA_values">
      <skipped message="Reason: On CRAN ('test-aet04.R:32:3')"/>
    </testcase>
  </testsuite>
  <testsuite name="aet05" timestamp="2023-07-05T05:38:54Z" hostname="7059b1d9f06f" tests="4" skipped="2" failures="0" errors="0" time="1.351">
    <testcase time="0.295999999999999" classname="aet05" name="aet05_can_handle_NA_values"/>
    <testcase time="0.385999999999999" classname="aet05" name="aet05_can_handle_NA_values">
      <skipped message="Reason: On CRAN ('test-aet05.R:7:3')"/>
    </testcase>
    <testcase time="0.251000000000001" classname="aet05" name="aet05_can_handle_some_NA_values"/>
    <testcase time="0.417999999999999" classname="aet05" name="aet05_can_handle_some_NA_values">
      <skipped message="Reason: On CRAN ('test-aet05.R:24:3')"/>
    </testcase>
  </testsuite>
  <testsuite name="aet05_all" timestamp="2023-07-05T05:38:56Z" hostname="7059b1d9f06f" tests="4" skipped="2" failures="0" errors="0" time="1.38">
    <testcase time="0.276" classname="aet05_all" name="aet05_all_can_handle_NA_values"/>
    <testcase time="0.414000000000001" classname="aet05_all" name="aet05_all_can_handle_NA_values">
      <skipped message="Reason: On CRAN ('test-aet05_all.R:7:3')"/>
    </testcase>
    <testcase time="0.262" classname="aet05_all" name="aet05_all_can_handle_some_NA_values"/>
    <testcase time="0.427999999999997" classname="aet05_all" name="aet05_all_can_handle_some_NA_values">
      <skipped message="Reason: On CRAN ('test-aet05_all.R:21:3')"/>
    </testcase>
  </testsuite>
  <testsuite name="aet10" timestamp="2023-07-05T05:38:57Z" hostname="7059b1d9f06f" tests="4" skipped="2" failures="0" errors="0" time="0.761">
    <testcase time="0.127000000000002" classname="aet10" name="aet10_can_handle_NA_values"/>
    <testcase time="0.144999999999996" classname="aet10" name="aet10_can_handle_NA_values">
      <skipped message="Reason: On CRAN ('test-aet10.R:10:3')"/>
    </testcase>
    <testcase time="0.173999999999999" classname="aet10" name="aet10_can_handle_some_NA_values"/>
    <testcase time="0.315000000000005" classname="aet10" name="aet10_can_handle_some_NA_values">
      <skipped message="Reason: On CRAN ('test-aet10.R:24:3')"/>
    </testcase>
  </testsuite>
  <testsuite name="assertions" timestamp="2023-07-05T05:38:58Z" hostname="7059b1d9f06f" tests="38" skipped="0" failures="0" errors="0" time="0.339">
    <testcase time="0.0309999999999988" classname="assertions" name="assert_one_tablenames_works_as_expected"/>
    <testcase time="0.00200000000000244" classname="assertions" name="assert_one_tablenames_works_as_expected"/>
    <testcase time="0.00900000000000034" classname="assertions" name="assert_one_tablenames_works_as_expected"/>
    <testcase time="0.0109999999999957" classname="assertions" name="assert_one_tablenames_works_as_expected"/>
    <testcase time="0.0110000000000028" classname="assertions" name="assert_all_tablenames_works_as_expected"/>
    <testcase time="0.00799999999999557" classname="assertions" name="assert_all_tablenames_works_as_expected"/>
    <testcase time="0.00800000000000267" classname="assertions" name="assert_all_tablenames_works_as_expected"/>
    <testcase time="0.00999999999999801" classname="assertions" name="assert_valid_var.character_works_as_expected"/>
    <testcase time="0.00800000000000267" classname="assertions" name="assert_valid_var.character_works_as_expected"/>
    <testcase time="0.0069999999999979" classname="assertions" name="assert_valid_var.character_works_as_expected"/>
    <testcase time="0.00800000000000267" classname="assertions" name="assert_valid_var.character_works_as_expected"/>
    <testcase time="0.00199999999999534" classname="assertions" name="assert_valid_var.character_works_as_expected"/>
    <testcase time="0.0110000000000028" classname="assertions" name="assert_valid_var.factor_works_as_expected"/>
    <testcase time="0.00900000000000034" classname="assertions" name="assert_valid_var.factor_works_as_expected"/>
    <testcase time="0.00900000000000034" classname="assertions" name="assert_valid_var.factor_works_as_expected"/>
    <testcase time="0.00800000000000267" classname="assertions" name="assert_valid_var.factor_works_as_expected"/>
    <testcase time="0.00300000000000011" classname="assertions" name="assert_valid_var.factor_works_as_expected"/>
    <testcase time="0.0129999999999981" classname="assertions" name="assert_valid_var.logical_works_as_expected"/>
    <testcase time="0.00900000000000034" classname="assertions" name="assert_valid_var.logical_works_as_expected"/>
    <testcase time="0.00799999999999557" classname="assertions" name="assert_valid_var.logical_works_as_expected"/>
    <testcase time="0.00300000000000011" classname="assertions" name="assert_valid_var.logical_works_as_expected"/>
    <testcase time="0.0110000000000028" classname="assertions" name="assert_valid_var.numeric_works_as_expected"/>
    <testcase time="0.00800000000000267" classname="assertions" name="assert_valid_var.numeric_works_as_expected"/>
    <testcase time="0.00900000000000034" classname="assertions" name="assert_valid_var.numeric_works_as_expected"/>
    <testcase time="0.00300000000000011" classname="assertions" name="assert_valid_var.numeric_works_as_expected"/>
    <testcase time="0.00799999999999557" classname="assertions" name="assert_valid_var.numeric_works_as_expected"/>
    <testcase time="0.00300000000000011" classname="assertions" name="assert_valid_var.numeric_works_as_expected"/>
    <testcase time="0.0120000000000005" classname="assertions" name="assert_valid_variable_works_as_expected"/>
    <testcase time="0.00300000000000011" classname="assertions" name="assert_valid_variable_works_as_expected"/>
    <testcase time="0.0150000000000006" classname="assertions" name="assert_valid_variable_works_as_expected"/>
    <testcase time="0.00300000000000011" classname="assertions" name="assert_valid_variable_works_as_expected"/>
    <testcase time="0.0150000000000006" classname="assertions" name="assert_valid_variable_works_as_expected"/>
    <testcase time="0.00399999999999778" classname="assertions" name="assert_valid_variable_works_as_expected"/>
    <testcase time="0.0120000000000005" classname="assertions" name="assert_valid_var_pair_works_as_expected_with_character"/>
    <testcase time="0.00999999999999801" classname="assertions" name="assert_valid_var_pair_works_as_expected_with_character"/>
    <testcase time="0.0130000000000052" classname="assertions" name="assert_valid_var_pair_works_as_expected_with_factor"/>
    <testcase time="0.0109999999999957" classname="assertions" name="assert_valid_var_pair_works_as_expected_with_factor"/>
    <testcase time="0.0110000000000028" classname="assertions" name="assert_valid_var_pair_works_as_expected_with_factor"/>
  </testsuite>
  <testsuite name="checks" timestamp="2023-07-05T05:38:58Z" hostname="7059b1d9f06f" tests="8" skipped="0" failures="0" errors="0" time="0.057">
    <testcase time="0.017000000000003" classname="checks" name="check_all_colnames_works_as_expected"/>
    <testcase time="0.00600000000000023" classname="checks" name="check_all_colnames_works_as_expected"/>
    <testcase time="0.00199999999999534" classname="checks" name="check_all_colnames_works_as_expected"/>
    <testcase time="0.00500000000000256" classname="checks" name="check_all_colnames_works_as_expected"/>
    <testcase time="0.0120000000000005" classname="checks" name="check_one_colnames_works_as_expected"/>
    <testcase time="0.00600000000000023" classname="checks" name="check_one_colnames_works_as_expected"/>
    <testcase time="0.00300000000000011" classname="checks" name="check_one_colnames_works_as_expected"/>
    <testcase time="0.00600000000000023" classname="checks" name="check_one_colnames_works_as_expected"/>
  </testsuite>
  <testsuite name="chevron_tlg-class" timestamp="2023-07-05T05:38:58Z" hostname="7059b1d9f06f" tests="24" skipped="0" failures="0" errors="0" time="0.16">
    <testcase time="0.029999999999994" classname="chevron_tlg_class" name="chevron_t_object_can_be_constructed_with_default_values"/>
    <testcase time="0.00800000000000267" classname="chevron_tlg_class" name="chevron_t_object_can_be_constructed_with_default_values"/>
    <testcase time="0.0120000000000005" classname="chevron_tlg_class" name="chevron_t_object_can_be_constructed_with_custom_values"/>
    <testcase time="0.00600000000000023" classname="chevron_tlg_class" name="chevron_t_object_can_be_constructed_with_custom_values"/>
    <testcase time="0.00300000000000011" classname="chevron_tlg_class" name="chevron_t_object_can_be_constructed_with_custom_values"/>
    <testcase time="0.0069999999999979" classname="chevron_tlg_class" name="chevron_t_object_can_be_constructed_with_custom_values"/>
    <testcase time="0.0120000000000005" classname="chevron_tlg_class" name="chevron_t_constructor_returns_an_error_when_expected"/>
    <testcase time="0.00100000000000477" classname="chevron_tlg_class" name="chevron_t_constructor_returns_an_error_when_expected"/>
    <testcase time="0.00199999999999534" classname="chevron_tlg_class" name="chevron_t_constructor_returns_an_error_when_expected"/>
    <testcase time="0.00200000000000244" classname="chevron_tlg_class" name="chevron_t_constructor_returns_an_error_when_expected"/>
    <testcase time="0.000999999999997669" classname="chevron_tlg_class" name="chevron_t_constructor_returns_an_error_when_expected"/>
    <testcase time="0.00300000000000011" classname="chevron_tlg_class" name="chevron_t_constructor_returns_an_error_when_expected"/>
    <testcase time="0.0129999999999981" classname="chevron_tlg_class" name="chevron_l_object_can_be_constructed_with_default_values"/>
    <testcase time="0.00799999999999557" classname="chevron_tlg_class" name="chevron_l_object_can_be_constructed_with_default_values"/>
    <testcase time="0.0140000000000029" classname="chevron_tlg_class" name="chevron_g_object_can_be_constructed_with_custom_values"/>
    <testcase time="0.00600000000000023" classname="chevron_tlg_class" name="chevron_g_object_can_be_constructed_with_custom_values"/>
    <testcase time="0.00399999999999778" classname="chevron_tlg_class" name="chevron_g_object_can_be_constructed_with_custom_values"/>
    <testcase time="0.00600000000000023" classname="chevron_tlg_class" name="chevron_g_object_can_be_constructed_with_custom_values"/>
    <testcase time="0.0130000000000052" classname="chevron_tlg_class" name="chevron_g_constructor_returns_an_error_when_expected"/>
    <testcase time="0.00199999999999534" classname="chevron_tlg_class" name="chevron_g_constructor_returns_an_error_when_expected"/>
    <testcase time="0.00200000000000244" classname="chevron_tlg_class" name="chevron_g_constructor_returns_an_error_when_expected"/>
    <testcase time="0.00199999999999534" classname="chevron_tlg_class" name="chevron_g_constructor_returns_an_error_when_expected"/>
    <testcase time="0.00100000000000477" classname="chevron_tlg_class" name="chevron_g_constructor_returns_an_error_when_expected"/>
    <testcase time="0.00199999999999534" classname="chevron_tlg_class" name="chevron_g_constructor_returns_an_error_when_expected"/>
  </testsuite>
  <testsuite name="chevron_tlg-methods" timestamp="2023-07-05T05:38:58Z" hostname="7059b1d9f06f" tests="35" skipped="3" failures="0" errors="0" time="20.268">
    <testcase time="5.825" classname="chevron_tlg_methods" name="run_works_as_expected_for_chevron_t_object">
      <skipped message="Reason: On CRAN ('test-chevron_tlg-methods.R:5:3')"/>
    </testcase>
    <testcase time="1.177" classname="chevron_tlg_methods" name="run_works_as_expected_for_chevron_t_object_when_auto_pre_FALSE">
      <skipped message="Reason: On CRAN ('test-chevron_tlg-methods.R:13:3')"/>
    </testcase>
    <testcase time="0.0230000000000032" classname="chevron_tlg_methods" name="args_ls_works_as_expected"/>
    <testcase time="0.00199999999999534" classname="chevron_tlg_methods" name="args_ls_works_as_expected"/>
    <testcase time="0.00200000000000244" classname="chevron_tlg_methods" name="args_ls_works_as_expected"/>
    <testcase time="0.0110000000000028" classname="chevron_tlg_methods" name="args_ls_works_as_expected_when_simplify_is_TRUE"/>
    <testcase time="0.00199999999999534" classname="chevron_tlg_methods" name="args_ls_works_as_expected_when_simplify_is_TRUE"/>
    <testcase time="0.00100000000000477" classname="chevron_tlg_methods" name="args_ls_works_as_expected_when_simplify_is_TRUE"/>
    <testcase time="0.0129999999999981" classname="chevron_tlg_methods" name="args_ls_works_as_expected_with_custom_chevron_tlg_object"/>
    <testcase time="0.00200000000000244" classname="chevron_tlg_methods" name="args_ls_works_as_expected_with_custom_chevron_tlg_object"/>
    <testcase time="0.000999999999997669" classname="chevron_tlg_methods" name="args_ls_works_as_expected_with_custom_chevron_tlg_object"/>
    <testcase time="0.0159999999999982" classname="chevron_tlg_methods" name="args_ls_works_as_expected_with_custom_chevron_tlg_object"/>
    <testcase time="0.0200000000000031" classname="chevron_tlg_methods" name="main_works_as_expected"/>
    <testcase time="0.017000000000003" classname="chevron_tlg_methods" name="main_setter_works_as_expected"/>
    <testcase time="0.0219999999999985" classname="chevron_tlg_methods" name="main_setter_throw_an_error_as_expected"/>
    <testcase time="0.0150000000000006" classname="chevron_tlg_methods" name="preprocess_works_as_expected"/>
    <testcase time="0.0150000000000006" classname="chevron_tlg_methods" name="preprocess_setter_works_as_expected"/>
    <testcase time="0.0239999999999938" classname="chevron_tlg_methods" name="preprocess_sends_an_error_as_expected"/>
    <testcase time="0.0160000000000053" classname="chevron_tlg_methods" name="postprocess_works_as_expected"/>
    <testcase time="0.0169999999999959" classname="chevron_tlg_methods" name="postprocess_setter_works_as_expected"/>
    <testcase time="0.0230000000000032" classname="chevron_tlg_methods" name="postprocess_sends_an_error_as_expected"/>
    <testcase time="0.0120000000000005" classname="chevron_tlg_methods" name="script_works_as_expected"/>
    <testcase time="0.00199999999999534" classname="chevron_tlg_methods" name="script_works_as_expected"/>
    <testcase time="0.00200000000000244" classname="chevron_tlg_methods" name="script_works_as_expected"/>
    <testcase time="0.0129999999999981" classname="chevron_tlg_methods" name="script_works_as_expected_with_dictionary_of_arguments"/>
    <testcase time="0.00200000000000244" classname="chevron_tlg_methods" name="script_works_as_expected_with_dictionary_of_arguments"/>
    <testcase time="0.00200000000000244" classname="chevron_tlg_methods" name="script_works_as_expected_with_dictionary_of_arguments"/>
    <testcase time="0.00199999999999534" classname="chevron_tlg_methods" name="script_works_as_expected_with_dictionary_of_arguments"/>
    <testcase time="0.0110000000000028" classname="chevron_tlg_methods" name="script_funs_works_as_expected_in_interactive_mode">
      <skipped message="Reason: !interactive() is TRUE ('test-chevron_tlg-methods.R:142:3')"/>
    </testcase>
    <testcase time="0.0249999999999986" classname="chevron_tlg_methods" name="script_funs_works_as_expected"/>
    <testcase time="0.00500000000000256" classname="chevron_tlg_methods" name="script_funs_works_as_expected"/>
    <testcase time="0.0139999999999958" classname="chevron_tlg_methods" name="script_funs_works_as_expected_with_details_set_to_TRUE"/>
    <testcase time="0.00200000000000244" classname="chevron_tlg_methods" name="script_funs_works_as_expected_with_details_set_to_TRUE"/>
    <testcase time="8.635" classname="chevron_tlg_methods" name="script_funs_generates_a_valid_script"/>
    <testcase time="4.297" classname="chevron_tlg_methods" name="script_funs_generates_a_valid_script"/>
  </testsuite>
  <testsuite name="cmt01a" timestamp="2023-07-05T05:39:19Z" hostname="7059b1d9f06f" tests="6" skipped="4" failures="0" errors="0" time="6.663">
    <testcase time="1.997" classname="cmt01a" name="cmt01a_functions_with_default_argument_value_return_expected_result_with_test_data">
      <skipped message="Reason: On CRAN ('test-cmt01a.R:7:3')"/>
    </testcase>
    <testcase time="1.932" classname="cmt01a" name="cmt01a_functions_with_custom_argument_value_return_expected_result_with_test_data">
      <skipped message="Reason: On CRAN ('test-cmt01a.R:14:3')"/>
    </testcase>
    <testcase time="0.283000000000001" classname="cmt01a" name="cmt01a_can_handle_all_NA_values"/>
    <testcase time="0.255000000000003" classname="cmt01a" name="cmt01a_can_handle_all_NA_values">
      <skipped message="Reason: On CRAN ('test-cmt01a.R:28:3')"/>
    </testcase>
    <testcase time="1.157" classname="cmt01a" name="cmt01a_can_handle_some_NA_values"/>
    <testcase time="1.039" classname="cmt01a" name="cmt01a_can_handle_some_NA_values">
      <skipped message="Reason: On CRAN ('test-cmt01a.R:36:3')"/>
    </testcase>
  </testsuite>
  <testsuite name="cmt02_pt" timestamp="2023-07-05T05:39:25Z" hostname="7059b1d9f06f" tests="4" skipped="2" failures="0" errors="0" time="1.031">
    <testcase time="0.201999999999998" classname="cmt02_pt" name="cmt02_pt_can_handle_all_NA_values"/>
    <testcase time="0.180000000000007" classname="cmt02_pt" name="cmt02_pt_can_handle_all_NA_values">
      <skipped message="Reason: On CRAN ('test-cmt02_pt.R:9:3')"/>
    </testcase>
    <testcase time="0.287999999999997" classname="cmt02_pt" name="cmt02_pt_can_handle_some_NA_values"/>
    <testcase time="0.360999999999997" classname="cmt02_pt" name="cmt02_pt_can_handle_some_NA_values">
      <skipped message="Reason: On CRAN ('test-cmt02_pt.R:17:3')"/>
    </testcase>
  </testsuite>
  <testsuite name="coxt01" timestamp="2023-07-05T05:39:26Z" hostname="7059b1d9f06f" tests="3" skipped="1" failures="0" errors="0" time="0.964">
    <testcase time="0.634" classname="coxt01" name="coxt01_can_handle_some_NA_values"/>
    <testcase time="0.289999999999999" classname="coxt01" name="coxt01_can_handle_some_NA_values">
      <skipped message="Reason: On CRAN ('test-coxt01.R:8:3')"/>
    </testcase>
    <testcase time="0.0400000000000063" classname="coxt01" name="coxt01_fails_on_incomlete_data"/>
  </testsuite>
  <testsuite name="coxt02" timestamp="2023-07-05T05:39:27Z" hostname="7059b1d9f06f" tests="3" skipped="1" failures="0" errors="0" time="1.204">
    <testcase time="0.799999999999997" classname="coxt02" name="coxt02_can_handle_some_NA_values"/>
    <testcase time="0.363" classname="coxt02" name="coxt02_can_handle_some_NA_values">
      <skipped message="Reason: On CRAN ('test-coxt02.R:5:3')"/>
    </testcase>
    <testcase time="0.0410000000000039" classname="coxt02" name="coxt02_fails_on_incomlete_data"/>
  </testsuite>
  <testsuite name="default_tlg" timestamp="2023-07-05T05:39:28Z" hostname="7059b1d9f06f" tests="15" skipped="15" failures="0" errors="0" time="20.124">
    <testcase time="0.196999999999996" classname="default_tlg" name="ael01_nollt_function_with_default_argument_value_return_expected_result_with_test_data">
      <skipped message="Reason: On CRAN ('test-default_tlg.R:5:3')"/>
    </testcase>
    <testcase time="0.929000000000002" classname="default_tlg" name="aet01_function_with_default_argument_value_return_expected_result_with_test_data">
      <skipped message="Reason: On CRAN ('test-default_tlg.R:12:3')"/>
    </testcase>
    <testcase time="0.882999999999996" classname="default_tlg" name="aet01_aesi_function_with_default_argument_value_return_expected_result_with_test_data">
      <skipped message="Reason: On CRAN ('test-default_tlg.R:19:3')"/>
    </testcase>
    <testcase time="1.78899999999999" classname="default_tlg" name="aet02_functions_with_default_argument_value_return_expected_result_with_test_data">
      <skipped message="Reason: On CRAN ('test-default_tlg.R:26:3')"/>
    </testcase>
    <testcase time="4.111" classname="default_tlg" name="aet03_functions_with_default_argument_value_return_expected_result_with_test_data">
      <skipped message="Reason: On CRAN ('test-default_tlg.R:33:3')"/>
    </testcase>
    <testcase time="5.872" classname="default_tlg" name="aet04_functions_with_default_argument_value_return_expected_result_with_test_data">
      <skipped message="Reason: On CRAN ('test-default_tlg.R:40:3')"/>
    </testcase>
    <testcase time="0.674000000000007" classname="default_tlg" name="aet05_functions_with_default_argument_value_return_expected_result_with_test_data">
      <skipped message="Reason: On CRAN ('test-default_tlg.R:47:3')"/>
    </testcase>
    <testcase time="0.662999999999997" classname="default_tlg" name="aet05_all_functions_with_default_argument_value_return_expected_result_with_test_data">
      <skipped message="Reason: On CRAN ('test-default_tlg.R:54:3')"/>
    </testcase>
    <testcase time="0.477999999999994" classname="default_tlg" name="aet10_functions_with_default_argument_value_return_expected_result_with_test_data">
      <skipped message="Reason: On CRAN ('test-default_tlg.R:61:3')"/>
    </testcase>
    <testcase time="0.576999999999998" classname="default_tlg" name="cmt02_pt_functions_with_default_argument_value_return_expected_result_with_test_data">
      <skipped message="Reason: On CRAN ('test-default_tlg.R:68:3')"/>
    </testcase>
    <testcase time="0.766000000000005" classname="default_tlg" name="coxt01_functions_with_default_argument_value_return_expected_result_with_test_data">
      <skipped message="Reason: On CRAN ('test-default_tlg.R:78:3')"/>
    </testcase>
    <testcase time="1.083" classname="default_tlg" name="coxt02_functions_with_default_argument_value_return_expected_result_with_test_data">
      <skipped message="Reason: On CRAN ('test-default_tlg.R:86:3')"/>
    </testcase>
    <testcase time="1.021" classname="default_tlg" name="dmt01_functions_with_default_argument_value_return_expected_result_with_test_data">
      <skipped message="Reason: On CRAN ('test-default_tlg.R:93:3')"/>
    </testcase>
    <testcase time="0.655000000000001" classname="default_tlg" name="dst01_functions_with_default_argument_value_return_expected_result_with_test_data">
      <skipped message="Reason: On CRAN ('test-default_tlg.R:100:3')"/>
    </testcase>
    <testcase time="0.426000000000002" classname="default_tlg" name="dtht01_functions_with_default_argument_value_return_expected_result_with_test_data">
      <skipped message="Reason: On CRAN ('test-default_tlg.R:107:3')"/>
    </testcase>
  </testsuite>
  <testsuite name="dmt01" timestamp="2023-07-05T05:39:49Z" hostname="7059b1d9f06f" tests="4" skipped="2" failures="0" errors="0" time="1.928">
    <testcase time="0.387" classname="dmt01" name="dmt01_can_handle_NA_values"/>
    <testcase time="0.528999999999996" classname="dmt01" name="dmt01_can_handle_NA_values">
      <skipped message="Reason: On CRAN ('test-dmt01.R:8:3')"/>
    </testcase>
    <testcase time="0.394999999999996" classname="dmt01" name="dmt01_can_handle_numeric_NA_values"/>
    <testcase time="0.617000000000004" classname="dmt01" name="dmt01_can_handle_numeric_NA_values">
      <skipped message="Reason: On CRAN ('test-dmt01.R:15:3')"/>
    </testcase>
  </testsuite>
  <testsuite name="dst01" timestamp="2023-07-05T05:39:50Z" hostname="7059b1d9f06f" tests="14" skipped="7" failures="0" errors="0" time="4.313">
    <testcase time="0.216999999999999" classname="dst01" name="dst01_works_as_expected_when_all_data_are_NA"/>
    <testcase time="0.0930000000000035" classname="dst01" name="dst01_works_as_expected_when_all_data_are_NA">
      <skipped message="Reason: On CRAN ('test-dst01.R:11:3')"/>
    </testcase>
    <testcase time="0.191000000000003" classname="dst01" name="dst01_can_handle_all_NA_values_in_DCSREAS"/>
    <testcase time="0.224999999999994" classname="dst01" name="dst01_can_handle_all_NA_values_in_DCSREAS">
      <skipped message="Reason: On CRAN ('test-dst01.R:22:3')"/>
    </testcase>
    <testcase time="0.293000000000006" classname="dst01" name="dst01_can_handle_some_NA_values"/>
    <testcase time="0.379999999999995" classname="dst01" name="dst01_can_handle_some_NA_values">
      <skipped message="Reason: On CRAN ('test-dst01.R:29:3')"/>
    </testcase>
    <testcase time="0.189999999999998" classname="dst01" name="dst01_can_handle_missing_levels_in_status_var"/>
    <testcase time="0.192999999999998" classname="dst01" name="dst01_can_handle_missing_levels_in_status_var">
      <skipped message="Reason: On CRAN ('test-dst01.R:39:3')"/>
    </testcase>
    <testcase time="0.350000000000009" classname="dst01" name="dst01_can_create_variants"/>
    <testcase time="0.423000000000002" classname="dst01" name="dst01_can_create_variants">
      <skipped message="Reason: On CRAN ('test-dst01.R:44:3')"/>
    </testcase>
    <testcase time="0.397999999999996" classname="dst01" name="dst01_can_create_variants"/>
    <testcase time="0.399000000000001" classname="dst01" name="dst01_can_create_variants">
      <skipped message="Reason: On CRAN ('test-dst01.R:49:3')"/>
    </testcase>
    <testcase time="0.460999999999999" classname="dst01" name="dst01_can_create_variants"/>
    <testcase time="0.5" classname="dst01" name="dst01_can_create_variants">
      <skipped message="Reason: On CRAN ('test-dst01.R:56:3')"/>
    </testcase>
  </testsuite>
  <testsuite name="dtht01" timestamp="2023-07-05T05:39:55Z" hostname="7059b1d9f06f" tests="5" skipped="3" failures="0" errors="0" time="2.449">
    <testcase time="0.165999999999997" classname="dtht01" name="dtht01_can_handle_all_NA_values"/>
    <testcase time="0.249000000000009" classname="dtht01" name="dtht01_can_handle_all_NA_values">
      <skipped message="Reason: On CRAN ('test-dtht01.R:12:3')"/>
    </testcase>
    <testcase time="0.415999999999997" classname="dtht01" name="dtht01_can_handle_some_NA_values"/>
    <testcase time="0.61699999999999" classname="dtht01" name="dtht01_can_handle_some_NA_values">
      <skipped message="Reason: On CRAN ('test-dtht01.R:19:3')"/>
    </testcase>
    <testcase time="1.001" classname="dtht01" name="dtht01_can_be_parametrize_as_expected">
      <skipped message="Reason: On CRAN ('test-dtht01.R:30:3')"/>
    </testcase>
  </testsuite>
  <testsuite name="egt01" timestamp="2023-07-05T05:39:57Z" hostname="7059b1d9f06f" tests="3" skipped="2" failures="0" errors="0" time="5.287">
    <testcase time="2.855" classname="egt01" name="egt01_functions_with_default_argument_value_return_expected_result_with_test_data">
      <skipped message="Reason: On CRAN ('test-egt01.R:7:3')"/>
    </testcase>
    <testcase time="2.069" classname="egt01" name="egt01_can_handle_n_0_and_outputs_NE_instead_of_infs_and_NAs"/>
    <testcase time="0.363" classname="egt01" name="egt01_can_handle_n_0_and_outputs_NE_instead_of_infs_and_NAs">
      <skipped message="Reason: On CRAN ('test-egt01.R:21:3')"/>
    </testcase>
  </testsuite>
  <testsuite name="egt02" timestamp="2023-07-05T05:40:03Z" hostname="7059b1d9f06f" tests="2" skipped="2" failures="0" errors="0" time="1.161">
    <testcase time="0.614999999999995" classname="egt02" name="egt02_1_functions_with_default_argument_value_return_expected_result_with_test_data">
      <skipped message="Reason: On CRAN ('test-egt02.R:7:3')"/>
    </testcase>
    <testcase time="0.546000000000006" classname="egt02" name="egt02_2_functions_with_default_value_return_expected_result_with_test_data">
      <skipped message="Reason: On CRAN ('test-egt02.R:14:3')"/>
    </testcase>
  </testsuite>
  <testsuite name="egt03" timestamp="2023-07-05T05:40:04Z" hostname="7059b1d9f06f" tests="5" skipped="2" failures="0" errors="0" time="1.826">
    <testcase time="0.873000000000005" classname="egt03" name="egt03_functions_with_default_argument_value_return_expected_result_with_test_data">
      <skipped message="Reason: On CRAN ('test-egt03.R:9:3')"/>
    </testcase>
    <testcase time="0.0489999999999924" classname="egt03" name="egt03_errors_on_all_NA_values"/>
    <testcase time="0.38000000000001" classname="egt03" name="egt03_can_handle_some_NA_values"/>
    <testcase time="0.468000000000004" classname="egt03" name="egt03_can_handle_some_NA_values">
      <skipped message="Reason: On CRAN ('test-egt03.R:32:3')"/>
    </testcase>
    <testcase time="0.0559999999999974" classname="egt03" name="egt03_fails_on_incomplete_data"/>
  </testsuite>
  <testsuite name="egt05_qtcat" timestamp="2023-07-05T05:40:06Z" hostname="7059b1d9f06f" tests="4" skipped="2" failures="0" errors="0" time="4.29">
    <testcase time="2.09299999999999" classname="egt05_qtcat" name="egt05_qtcat_functions_with_default_argument_value_return_expected_result_with_test_data">
      <skipped message="Reason: On CRAN ('test-egt05_qtcat.R:7:3')"/>
    </testcase>
    <testcase time="0.0440000000000111" classname="egt05_qtcat" name="egt05_qtcat_erros_on_all_NA_values"/>
    <testcase time="0.795000000000002" classname="egt05_qtcat" name="egt05_qtcat_can_handle_some_NA_values"/>
    <testcase time="1.35799999999999" classname="egt05_qtcat" name="egt05_qtcat_can_handle_some_NA_values">
      <skipped message="Reason: On CRAN ('test-egt05_qtcat.R:28:3')"/>
    </testcase>
  </testsuite>
  <testsuite name="empty_report" timestamp="2023-07-05T05:40:10Z" hostname="7059b1d9f06f" tests="20" skipped="0" failures="0" errors="1" time="4.666">
    <testcase time="1.78500000000001" classname="empty_report" name="tlg_functions_return_null_reports_when_domain_table_is_empty"/>
    <testcase time="0.467999999999989" classname="empty_report" name="tlg_functions_return_null_reports_when_domain_table_is_empty"/>
    <testcase time="0.320000000000007" classname="empty_report" name="tlg_functions_return_null_reports_when_domain_table_is_empty"/>
    <testcase time="0.147999999999996" classname="empty_report" name="tlg_functions_return_null_reports_when_domain_table_is_empty"/>
    <testcase time="0.150999999999996" classname="empty_report" name="tlg_functions_return_null_reports_when_domain_table_is_empty"/>
    <testcase time="0.097999999999999" classname="empty_report" name="tlg_functions_return_null_reports_when_domain_table_is_empty"/>
    <testcase time="0.129999999999995" classname="empty_report" name="tlg_functions_return_null_reports_when_domain_table_is_empty"/>
    <testcase time="0.262" classname="empty_report" name="tlg_functions_return_null_reports_when_domain_table_is_empty"/>
    <testcase time="0.272000000000006" classname="empty_report" name="tlg_functions_return_null_reports_when_domain_table_is_empty"/>
    <testcase time="0.131" classname="empty_report" name="tlg_functions_return_null_reports_when_domain_table_is_empty"/>
    <testcase time="0.114000000000004" classname="empty_report" name="tlg_functions_return_null_reports_when_domain_table_is_empty"/>
    <testcase time="0.0599999999999881" classname="empty_report" name="tlg_functions_return_null_reports_when_domain_table_is_empty"/>
    <testcase time="0.061000000000007" classname="empty_report" name="tlg_functions_return_null_reports_when_domain_table_is_empty"/>
    <testcase time="0.102000000000004" classname="empty_report" name="tlg_functions_return_null_reports_when_domain_table_is_empty"/>
    <testcase time="0.0819999999999936" classname="empty_report" name="tlg_functions_return_null_reports_when_domain_table_is_empty"/>
    <testcase time="0.0859999999999985" classname="empty_report" name="tlg_functions_return_null_reports_when_domain_table_is_empty"/>
    <testcase time="0.0810000000000031" classname="empty_report" name="tlg_functions_return_null_reports_when_domain_table_is_empty"/>
    <testcase time="0.097999999999999" classname="empty_report" name="tlg_functions_return_null_reports_when_domain_table_is_empty"/>
    <testcase time="0.117000000000004" classname="empty_report" name="tlg_functions_return_null_reports_when_domain_table_is_empty"/>
    <testcase time="0.0999999999999943" classname="empty_report" name="tlg_functions_return_null_reports_when_domain_table_is_empty">
      <error type="error" message="&lt;dplyr:::mutate_error/rlang_error/error/condition&gt; ('test-empty_report.R:77:3')">&lt;dplyr:::mutate_error/rlang_error/error/condition&gt;
Error in `mutate(., across(all_of(c("AVALCAT1", "ABN_DIR")), ~reformat(.x, 
    .env$missing_rule, na_last = TRUE)))`: i In argument: `across(...)`.
Caused by error in `across()`:
! Can't compute column `AVALCAT1`.
Caused by error:
! Value mapping may only contain the type: {character}</error>
    </testcase>
  </testsuite>
  <testsuite name="ext01" timestamp="2023-07-05T05:40:14Z" hostname="7059b1d9f06f" tests="5" skipped="4" failures="0" errors="0" time="2.354">
    <testcase time="0.594999999999999" classname="ext01" name="ext01_functions_with_default_argument_value_return_expected_result_with_test_data">
      <skipped message="Reason: On CRAN ('test-ext01.R:7:3')"/>
    </testcase>
    <testcase time="0.588999999999999" classname="ext01" name="ext01_functions_with_categorical_data_return_expected_result_with_test_data">
      <skipped message="Reason: On CRAN ('test-ext01.R:15:3')"/>
    </testcase>
    <testcase time="0.25200000000001" classname="ext01" name="ext01_works"/>
    <testcase time="0.322000000000003" classname="ext01" name="ext01_works">
      <skipped message="Reason: On CRAN ('test-ext01.R:23:3')"/>
    </testcase>
    <testcase time="0.595999999999989" classname="ext01" name="ext01_works_for_selected_parameters_and_categorical_variables">
      <skipped message="Reason: On CRAN ('test-ext01.R:36:3')"/>
    </testcase>
  </testsuite>
  <testsuite name="fstg01" timestamp="2023-07-05T05:40:17Z" hostname="7059b1d9f06f" tests="7" skipped="0" failures="0" errors="0" time="13.196">
    <testcase time="0.0339999999999918" classname="fstg01" name="fstg01_works_as_expected"/>
    <testcase time="3.16200000000001" classname="fstg01" name="fstg01_works_as_expected"/>
    <testcase time="2.849" classname="fstg01" name="fstg01_works_as_expected_with_custom_color_set"/>
    <testcase time="2.50099999999999" classname="fstg01" name="fstg01_works_as_expected_with_custom_color_set"/>
    <testcase time="0.506" classname="fstg01" name="fstg01_works_if_changes_are_in_subgroups_strata_var_conf_level_and_label_all"/>
    <testcase time="1.21700000000001" classname="fstg01" name="fstg01_works_if_changes_are_in_subgroups_strata_var_conf_level_and_label_all"/>
    <testcase time="2.92699999999999" classname="fstg01" name="fstg01_can_handle_some_NA_values_in_subgroups"/>
  </testsuite>
  <testsuite name="kmg01" timestamp="2023-07-05T05:40:30Z" hostname="7059b1d9f06f" tests="6" skipped="0" failures="0" errors="0" time="2.414">
    <testcase time="0.0220000000000056" classname="kmg01" name="kmg01_works_as_expected"/>
    <testcase time="0.545999999999992" classname="kmg01" name="kmg01_works_as_expected"/>
    <testcase time="0.552999999999997" classname="kmg01" name="kmg01_works_as_expected_with_custom_color_set"/>
    <testcase time="0.464000000000013" classname="kmg01" name="kmg01_works_as_expected_with_custom_color_set"/>
    <testcase time="0.447999999999993" classname="kmg01" name="kmg01_works_if_change_pvalue_ties_and_conf_level"/>
    <testcase time="0.381" classname="kmg01" name="kmg01_works_if_change_annotation_position"/>
  </testsuite>
  <testsuite name="lbt01" timestamp="2023-07-05T05:40:32Z" hostname="7059b1d9f06f" tests="4" skipped="3" failures="0" errors="0" time="13.082">
    <testcase time="5.44000000000001" classname="lbt01" name="lbt01_functions_with_default_argument_value_return_expected_result_with_test_data">
      <skipped message="Reason: On CRAN ('test-lbt01.R:7:3')"/>
    </testcase>
    <testcase time="5.61499999999998" classname="lbt01" name="lbt01_functions_with_row_split_var_return_expected_result_with_test_data">
      <skipped message="Reason: On CRAN ('test-lbt01.R:16:3')"/>
    </testcase>
    <testcase time="1.69" classname="lbt01" name="lbt01_can_handle_n_0_and_outputs_NE_instead_of_infs_and_NAs"/>
    <testcase time="0.337000000000018" classname="lbt01" name="lbt01_can_handle_n_0_and_outputs_NE_instead_of_infs_and_NAs">
      <skipped message="Reason: On CRAN ('test-lbt01.R:30:3')"/>
    </testcase>
  </testsuite>
  <testsuite name="lbt04" timestamp="2023-07-05T05:40:46Z" hostname="7059b1d9f06f" tests="8" skipped="4" failures="0" errors="0" time="4.15">
    <testcase time="1.292" classname="lbt04" name="lbt04_functions_with_default_argument_value_return_expected_result_with_test_data">
      <skipped message="Reason: On CRAN ('test-lbt04.R:7:3')"/>
    </testcase>
    <testcase time="0.102000000000004" classname="lbt04" name="lbt04_can_handle_all_NA_values"/>
    <testcase time="0.0849999999999795" classname="lbt04" name="lbt04_can_handle_all_NA_values">
      <skipped message="Reason: On CRAN ('test-lbt04.R:20:3')"/>
    </testcase>
    <testcase time="0.62700000000001" classname="lbt04" name="lbt04_can_handle_missing_levels"/>
    <testcase time="0.662000000000006" classname="lbt04" name="lbt04_can_handle_missing_levels">
      <skipped message="Reason: On CRAN ('test-lbt04.R:31:3')"/>
    </testcase>
    <testcase time="0.646999999999991" classname="lbt04" name="lbt04_can_handle_some_NA_values"/>
    <testcase time="0.687999999999988" classname="lbt04" name="lbt04_can_handle_some_NA_values">
      <skipped message="Reason: On CRAN ('test-lbt04.R:39:3')"/>
    </testcase>
    <testcase time="0.0470000000000255" classname="lbt04" name="lbt04_fails_on_incomlete_data"/>
  </testsuite>
  <testsuite name="lbt05" timestamp="2023-07-05T05:40:50Z" hostname="7059b1d9f06f" tests="4" skipped="0" failures="0" errors="3" time="0.483">
    <testcase time="0.123999999999995" classname="lbt05" name="lbt05_functions_with_default_argument_value_return_expected_result_with_test_data">
      <error type="error" message="&lt;dplyr:::mutate_error/rlang_error/error/condition&gt; ('test-lbt05.R:4:3')">&lt;dplyr:::mutate_error/rlang_error/error/condition&gt;
Error in `mutate(., across(all_of(c("AVALCAT1", "ABN_DIR")), ~reformat(.x, 
    .env$missing_rule, na_last = TRUE)))`: i In argument: `across(...)`.
Caused by error in `across()`:
! Can't compute column `AVALCAT1`.
Caused by error:
! Value mapping may only contain the type: {character}</error>
    </testcase>
    <testcase time="0.120000000000005" classname="lbt05" name="lbt05_give_all_0_count_if_ANRIND_are_all_missing">
      <error type="error" message="&lt;dplyr:::mutate_error/rlang_error/error/condition&gt; ('test-lbt05.R:21:3')">&lt;dplyr:::mutate_error/rlang_error/error/condition&gt;
Error in `mutate(., across(all_of(c("AVALCAT1", "ABN_DIR")), ~reformat(.x, 
    .env$missing_rule, na_last = TRUE)))`: i In argument: `across(...)`.
Caused by error in `across()`:
! Can't compute column `AVALCAT1`.
Caused by error:
! Value mapping may only contain the type: {character}</error>
    </testcase>
    <testcase time="0.149999999999977" classname="lbt05" name="lbt05_can_handle_some_NA_values">
      <error type="error" message="&lt;dplyr:::mutate_error/rlang_error/error/condition&gt; ('test-lbt05.R:35:3')">&lt;dplyr:::mutate_error/rlang_error/error/condition&gt;
Error in `mutate(., across(all_of(c("AVALCAT1", "ABN_DIR")), ~reformat(.x, 
    .env$missing_rule, na_last = TRUE)))`: i In argument: `across(...)`.
Caused by error in `across()`:
! Can't compute column `AVALCAT1`.
Caused by error:
! Value mapping may only contain the type: {character}</error>
    </testcase>
    <testcase time="0.0889999999999986" classname="lbt05" name="lbt05_fails_on_incomlete_data"/>
  </testsuite>
  <testsuite name="lbt06" timestamp="2023-07-05T05:40:50Z" hostname="7059b1d9f06f" tests="3" skipped="1" failures="0" errors="0" time="7.305">
    <testcase time="2.12100000000001" classname="lbt06" name="lbt06_gives_all_0_count_if_ANRIND_and_BNRIND_are_all_missing"/>
    <testcase time="5.11500000000001" classname="lbt06" name="lbt06_can_handle_some_NA_values">
      <skipped message="Reason: On CRAN ('test-lbt06.R:20:3')"/>
    </testcase>
    <testcase time="0.0689999999999884" classname="lbt06" name="lbt06_fails_on_incomplete_data"/>
  </testsuite>
  <testsuite name="lbt07" timestamp="2023-07-05T05:40:57Z" hostname="7059b1d9f06f" tests="3" skipped="0" failures="0" errors="2" time="1.06">
    <testcase time="0.063999999999993" classname="lbt07" name="lbt07_functions_with_default_argument_value_return_expected_result_with_test_data">
      <error type="error" message="&lt;dplyr:::mutate_error/rlang_error/error/condition&gt; ('test-lbt07.R:4:3')">&lt;dplyr:::mutate_error/rlang_error/error/condition&gt;
Error in `mutate(., ATOXGR = reformat(.data$ATOXGR, missing_rule, na_last = TRUE))`: i In argument: `ATOXGR = reformat(.data$ATOXGR, missing_rule, na_last = TRUE)`.
Caused by error:
! Value mapping may only contain the type: {character}
Backtrace:
     x
  1. +-chevron::lbt07_pre(syn_data) at test-lbt07.R:4:2
  2. | \-... %&gt;% ...
  3. +-dplyr::mutate(...)
  4. +-dplyr::filter(...)
  5. +-dplyr::mutate(...)
  6. +-dplyr:::mutate.data.frame(., ATOXGR = reformat(.data$ATOXGR, missing_rule, na_last = TRUE))
  7. | \-dplyr:::mutate_cols(.data, dplyr_quosures(...), by)
  8. |   +-base::withCallingHandlers(...)
  9. |   \-dplyr:::mutate_col(dots[[i]], data, mask, new_columns)
 10. |     \-mask$eval_all_mutate(quo)
 11. |       \-dplyr (local) eval()
 12. +-dunlin::reformat(.data$ATOXGR, missing_rule, na_last = TRUE)
 13. +-dunlin:::reformat.factor(.data$ATOXGR, missing_rule, na_last = TRUE)
 14. | +-base::do.call(rule, modifyList(as.list(format), list(...)))
 15. | \-dunlin (local) `&lt;fn&gt;`(...)
 16. |   \-base::stop("Value mapping may only contain the type: {character}")
 17. \-base::.handleSimpleError(...)
 18.   \-dplyr (local) h(simpleError(msg, call))
 19.     \-rlang::abort(message, class = error_class, parent = parent, call = error_call)</error>
    </testcase>
    <testcase time="0.496000000000009" classname="lbt07" name="lbt07_can_handle_some_NA_values">
      <error type="error" message="&lt;dplyr:::mutate_error/rlang_error/error/condition&gt; ('test-lbt07.R:21:3')">&lt;dplyr:::mutate_error/rlang_error/error/condition&gt;
Error in `mutate(., ATOXGR = reformat(.data$ATOXGR, missing_rule, na_last = TRUE))`: i In argument: `ATOXGR = reformat(.data$ATOXGR, missing_rule, na_last = TRUE)`.
Caused by error:
! Value mapping may only contain the type: {character}
Backtrace:
     x
  1. +-testthat::expect_silent(run(lbt07, proc_data)) at test-lbt07.R:21:2
  2. | \-testthat:::quasi_capture(enquo(object), NULL, evaluate_promise)
  3. |   +-testthat (local) .capture(...)
  4. |   | +-withr::with_output_sink(...)
  5. |   | | \-base::force(code)
  6. |   | +-base::withCallingHandlers(...)
  7. |   | \-base::withVisible(code)
  8. |   \-rlang::eval_bare(quo_get_expr(.quo), quo_get_env(.quo))
  9. +-chevron::run(lbt07, proc_data)
 10. +-chevron::run(lbt07, proc_data)
 11. | +-base::do.call(object@preprocess, c(list(adam_db), user_args))
 12. | \-chevron (local) `&lt;fn&gt;`(`&lt;named list&gt;`)
 13. |   \-... %&gt;% ...
 14. +-dplyr::mutate(...)
 15. +-dplyr::filter(...)
 16. +-dplyr::mutate(...)
 17. +-dplyr:::mutate.data.frame(., ATOXGR = reformat(.data$ATOXGR, missing_rule, na_last = TRUE))
 18. | \-dplyr:::mutate_cols(.data, dplyr_quosures(...), by)
 19. |   +-base::withCallingHandlers(...)
 20. |   \-dplyr:::mutate_col(dots[[i]], data, mask, new_columns)
 21. |     \-mask$eval_all_mutate(quo)
 22. |       \-dplyr (local) eval()
 23. +-dunlin::reformat(.data$ATOXGR, missing_rule, na_last = TRUE)
 24. +-dunlin:::reformat.factor(.data$ATOXGR, missing_rule, na_last = TRUE)
 25. | +-base::do.call(rule, modifyList(as.list(format), list(...)))
 26. | \-dunlin (local) `&lt;fn&gt;`(...)
 27. |   \-base::stop("Value mapping may only contain the type: {character}")
 28. \-base::.handleSimpleError(...)
 29.   \-dplyr (local) h(simpleError(msg, call))
 30.     \-rlang::abort(message, class = error_class, parent = parent, call = error_call)</error>
    </testcase>
    <testcase time="0.5" classname="lbt07" name="lbt07_fails_on_incomlete_data"/>
  </testsuite>
  <testsuite name="lbt14" timestamp="2023-07-05T05:40:59Z" hostname="7059b1d9f06f" tests="16" skipped="10" failures="0" errors="0" time="46.921">
    <testcase time="3.94999999999999" classname="lbt14" name="lbt14_functions_with_default_argument_value_return_expected_result_with_test_data">
      <skipped message="Reason: On CRAN ('test-lbt14.R:7:3')"/>
    </testcase>
    <testcase time="4.21600000000001" classname="lbt14" name="lbt14_functions_with_default_argument_value_return_expected_result_with_test_data_when_direction_high">
      <skipped message="Reason: On CRAN ('test-lbt14.R:14:3')"/>
    </testcase>
    <testcase time="3.655" classname="lbt14" name="lbt14_functions_with_gr_missing_excl_return_expected_result_with_test_data">
      <skipped message="Reason: On CRAN ('test-lbt14.R:21:3')"/>
    </testcase>
    <testcase time="3.83199999999999" classname="lbt14" name="lbt14_functions_with_gr_missing_gr_0_return_expected_result_with_test_data">
      <skipped message="Reason: On CRAN ('test-lbt14.R:28:3')"/>
    </testcase>
    <testcase time="2.28700000000001" classname="lbt14" name="lbt14_can_handle_all_NA_values"/>
    <testcase time="0.323000000000008" classname="lbt14" name="lbt14_can_handle_all_NA_values">
      <skipped message="Reason: On CRAN ('test-lbt14.R:41:3')"/>
    </testcase>
    <testcase time="2.624" classname="lbt14" name="lbt14_can_handle_some_NA_values"/>
    <testcase time="1.673" classname="lbt14" name="lbt14_can_handle_some_NA_values">
      <skipped message="Reason: On CRAN ('test-lbt14.R:60:3')"/>
    </testcase>
    <testcase time="8.69900000000001" classname="lbt14" name="lbt14_can_accept_different_gr_missing">
      <skipped message="Reason: On CRAN ('test-lbt14.R:67:3')"/>
    </testcase>
    <testcase time="0.0799999999999841" classname="lbt14" name="lbt14_fails_on_incomlete_data"/>
    <testcase time="2.185" classname="lbt14" name="lbt14_can_handle_all_NA_values_with_direction_high"/>
    <testcase time="0.334000000000003" classname="lbt14" name="lbt14_can_handle_all_NA_values_with_direction_high">
      <skipped message="Reason: On CRAN ('test-lbt14.R:92:3')"/>
    </testcase>
    <testcase time="2.96199999999999" classname="lbt14" name="lbt14_can_handle_some_NA_values_with_direction_high"/>
    <testcase time="1.642" classname="lbt14" name="lbt14_can_handle_some_NA_values_with_direction_high">
      <skipped message="Reason: On CRAN ('test-lbt14.R:111:3')"/>
    </testcase>
    <testcase time="8.39400000000001" classname="lbt14" name="lbt14_can_accept_different_gr_missing_with_direction_high">
      <skipped message="Reason: On CRAN ('test-lbt14.R:119:3')"/>
    </testcase>
    <testcase time="0.0649999999999977" classname="lbt14" name="lbt14_fails_on_incomlete_data"/>
  </testsuite>
  <testsuite name="mht01" timestamp="2023-07-05T05:41:45Z" hostname="7059b1d9f06f" tests="3" skipped="0" failures="0" errors="3" time="0.35">
    <testcase time="0.100999999999999" classname="mht01" name="mht01_1_functions_with_default_argument_value_return_expected_result_with_test_data">
      <error type="error" message="&lt;dplyr:::mutate_error/rlang_error/error/condition&gt; ('test-mht01.R:4:3')">&lt;dplyr:::mutate_error/rlang_error/error/condition&gt;
Error in `mutate(., across(all_of(c("MHBODSYS", "MHDECOD")), ~reformat(.x, 
    nocoding, na_last = TRUE)))`: i In argument: `across(...)`.
Caused by error in `across()`:
! Can't compute column `MHBODSYS`.
Caused by error:
! Value mapping may only contain the type: {character}</error>
    </testcase>
    <testcase time="0.110000000000014" classname="mht01" name="mht01_works">
      <error type="error" message="&lt;dplyr:::mutate_error/rlang_error/error/condition&gt; ('test-mht01.R:14:3')">&lt;dplyr:::mutate_error/rlang_error/error/condition&gt;
Error in `mutate(., across(all_of(c("MHBODSYS", "MHDECOD")), ~reformat(.x, 
    nocoding, na_last = TRUE)))`: i In argument: `across(...)`.
Caused by error in `across()`:
! Can't compute column `MHBODSYS`.
Caused by error:
! Value mapping may only contain the type: {character}</error>
    </testcase>
    <testcase time="0.13900000000001" classname="mht01" name="mht01_works_on_NULL_in_lbl_mhbodsys_or_lbl_mhdecod">
      <error type="error" message="&lt;dplyr:::mutate_error/rlang_error/error/condition&gt; ('test-mht01.R:20:3')">&lt;dplyr:::mutate_error/rlang_error/error/condition&gt;
Error in `mutate(., across(all_of(c("MHBODSYS", "MHDECOD")), ~reformat(.x, 
    nocoding, na_last = TRUE)))`: i In argument: `across(...)`.
Caused by error in `across()`:
! Can't compute column `MHBODSYS`.
Caused by error:
! Value mapping may only contain the type: {character}</error>
    </testcase>
  </testsuite>
  <testsuite name="mng01" timestamp="2023-07-05T05:41:46Z" hostname="7059b1d9f06f" tests="7" skipped="0" failures="0" errors="0" time="10.505">
    <testcase time="1.744" classname="mng01" name="mng01_works_as_expected_with_default_argument_values"/>
    <testcase time="1.726" classname="mng01" name="mng01_works_as_expected_with_custom_argument_values"/>
    <testcase time="0.0240000000000009" classname="mng01" name="mng01_works_as_expected_with_custom_argument_values"/>
    <testcase time="1.70699999999999" classname="mng01" name="mng01_works_as_expected_with_custom_color_set"/>
    <testcase time="1.78299999999999" classname="mng01" name="mng01_works_as_expected_with_custom_color_set"/>
    <testcase time="1.74299999999999" classname="mng01" name="mng01_works_if_show_v_grid_show_h_grid_is_TRUE"/>
    <testcase time="1.77800000000002" classname="mng01" name="mng01_works_with_combination_of_x_variables"/>
  </testsuite>
  <testsuite name="pdt01" timestamp="2023-07-05T05:41:56Z" hostname="7059b1d9f06f" tests="3" skipped="0" failures="0" errors="3" time="0.339">
    <testcase time="0.11099999999999" classname="pdt01" name="pdt01_function_with_default_argument_value_return_expected_result_with_test_data">
      <error type="error" message="&lt;dplyr:::mutate_error/rlang_error/error/condition&gt; ('test-pdt01.R:4:3')">&lt;dplyr:::mutate_error/rlang_error/error/condition&gt;
Error in `mutate(., across(all_of(c("DVDECOD", "DVTERM")), ~reformat(.x, 
    nocoding, na_last = TRUE)))`: i In argument: `across(...)`.
Caused by error in `across()`:
! Can't compute column `DVDECOD`.
Caused by error:
! Value mapping may only contain the type: {character}</error>
    </testcase>
    <testcase time="0.115000000000009" classname="pdt01" name="pdt01_can_handle_all_NA_values">
      <error type="error" message="&lt;dplyr:::mutate_error/rlang_error/error/condition&gt; ('test-pdt01.R:20:3')">&lt;dplyr:::mutate_error/rlang_error/error/condition&gt;
Error in `mutate(., across(all_of(c("DVDECOD", "DVTERM")), ~reformat(.x, 
    nocoding, na_last = TRUE)))`: i In argument: `across(...)`.
Caused by error in `across()`:
! Can't compute column `DVDECOD`.
Caused by error:
! Value mapping may only contain the type: {character}</error>
    </testcase>
    <testcase time="0.113" classname="pdt01" name="pdt01_can_handle_some_NA_values">
      <error type="error" message="&lt;dplyr:::mutate_error/rlang_error/error/condition&gt; ('test-pdt01.R:35:3')">&lt;dplyr:::mutate_error/rlang_error/error/condition&gt;
Error in `mutate(., across(all_of(c("DVDECOD", "DVTERM")), ~reformat(.x, 
    nocoding, na_last = TRUE)))`: i In argument: `across(...)`.
Caused by error in `across()`:
! Can't compute column `DVDECOD`.
Caused by error:
! Value mapping may only contain the type: {character}</error>
    </testcase>
  </testsuite>
  <testsuite name="pdt02" timestamp="2023-07-05T05:41:57Z" hostname="7059b1d9f06f" tests="3" skipped="0" failures="0" errors="3" time="0.371">
    <testcase time="0.125" classname="pdt02" name="pdt02_function_with_default_argument_value_return_expected_result_with_test_data">
      <error type="error" message="&lt;dplyr:::mutate_error/rlang_error/error/condition&gt; ('test-pdt02.R:4:3')">&lt;dplyr:::mutate_error/rlang_error/error/condition&gt;
Error in `mutate(., across(all_of(c("DVCAT", "AEPRELFL")), ~reformat(.x, 
    missing_rule, na_last = TRUE)))`: i In argument: `across(...)`.
Caused by error in `across()`:
! Can't compute column `DVCAT`.
Caused by error:
! Value mapping may only contain the type: {character}</error>
    </testcase>
    <testcase time="0.111999999999995" classname="pdt02" name="pdt02_can_handle_all_NA_values">
      <error type="error" message="&lt;dplyr:::mutate_error/rlang_error/error/condition&gt; ('test-pdt02.R:20:3')">&lt;dplyr:::mutate_error/rlang_error/error/condition&gt;
Error in `mutate(., across(all_of(c("DVCAT", "AEPRELFL")), ~reformat(.x, 
    missing_rule, na_last = TRUE)))`: i In argument: `across(...)`.
Caused by error in `across()`:
! Can't compute column `DVCAT`.
Caused by error:
! Value mapping may only contain the type: {character}</error>
    </testcase>
    <testcase time="0.133999999999986" classname="pdt02" name="pdt02_can_handle_some_NA_values">
      <error type="error" message="&lt;dplyr:::mutate_error/rlang_error/error/condition&gt; ('test-pdt02.R:35:3')">&lt;dplyr:::mutate_error/rlang_error/error/condition&gt;
Error in `mutate(., across(all_of(c("DVCAT", "AEPRELFL")), ~reformat(.x, 
    missing_rule, na_last = TRUE)))`: i In argument: `across(...)`.
Caused by error in `across()`:
! Can't compute column `DVCAT`.
Caused by error:
! Value mapping may only contain the type: {character}</error>
    </testcase>
  </testsuite>
  <testsuite name="reexports" timestamp="2023-07-05T05:41:57Z" hostname="7059b1d9f06f" tests="2" skipped="0" failures="0" errors="0" time="0.046">
    <testcase time="0.0330000000000155" classname="reexports" name="with_label_exported_correctly"/>
    <testcase time="0.0130000000000052" classname="reexports" name="reformat_exported_correctly"/>
  </testsuite>
  <testsuite name="rmpt01" timestamp="2023-07-05T05:41:57Z" hostname="7059b1d9f06f" tests="7" skipped="3" failures="0" errors="0" time="1.083">
    <testcase time="0.310000000000002" classname="rmpt01" name="rmpt01_function_with_default_argument_value_return_expected_result_with_test_data">
      <skipped message="Reason: On CRAN ('test-rmpt01.R:7:3')"/>
    </testcase>
    <testcase time="0.113" classname="rmpt01" name="rmpt01_can_handle_NA_values"/>
    <testcase time="0.198999999999984" classname="rmpt01" name="rmpt01_can_handle_NA_values">
      <skipped message="Reason: On CRAN ('test-rmpt01.R:17:3')"/>
    </testcase>
    <testcase time="0.132000000000005" classname="rmpt01" name="rmpt01_can_handle_some_NA_values"/>
    <testcase time="0.181000000000012" classname="rmpt01" name="rmpt01_can_handle_some_NA_values">
      <skipped message="Reason: On CRAN ('test-rmpt01.R:31:3')"/>
    </testcase>
    <testcase time="0.0869999999999891" classname="rmpt01" name="rmpt01_fails_on_incomlete_data"/>
    <testcase time="0.061000000000007" classname="rmpt01" name="rmpt01_fails_on_incomlete_data"/>
  </testsuite>
  <testsuite name="rmpt03" timestamp="2023-07-05T05:41:58Z" hostname="7059b1d9f06f" tests="8" skipped="3" failures="0" errors="0" time="1.856">
    <testcase time="0.644000000000005" classname="rmpt03" name="rmpt03_function_with_default_argument_value_return_expected_result_with_test_data">
      <skipped message="Reason: On CRAN ('test-rmpt03.R:9:3')"/>
    </testcase>
    <testcase time="0.187999999999988" classname="rmpt03" name="rmpt03_can_handle_NA_values"/>
    <testcase time="0.325999999999993" classname="rmpt03" name="rmpt03_can_handle_NA_values">
      <skipped message="Reason: On CRAN ('test-rmpt03.R:19:3')"/>
    </testcase>
    <testcase time="0.188000000000017" classname="rmpt03" name="rmpt03_can_handle_some_NA_values"/>
    <testcase time="0.328000000000003" classname="rmpt03" name="rmpt03_can_handle_some_NA_values">
      <skipped message="Reason: On CRAN ('test-rmpt03.R:33:3')"/>
    </testcase>
    <testcase time="0.100999999999999" classname="rmpt03" name="rmpt03_fails_on_incomlete_data"/>
    <testcase time="0.0549999999999784" classname="rmpt03" name="rmpt03_fails_on_incomlete_data"/>
    <testcase time="0.0260000000000105" classname="rmpt03" name="rmpt03_fails_on_incomlete_data"/>
  </testsuite>
  <testsuite name="rmpt04" timestamp="2023-07-05T05:42:00Z" hostname="7059b1d9f06f" tests="6" skipped="3" failures="0" errors="0" time="1.046">
    <testcase time="0.313999999999993" classname="rmpt04" name="rmpt04_function_with_default_argument_value_return_expected_result_with_test_data">
      <skipped message="Reason: On CRAN ('test-rmpt04.R:7:3')"/>
    </testcase>
    <testcase time="0.135000000000019" classname="rmpt04" name="rmpt04_can_handle_NA_values"/>
    <testcase time="0.198999999999984" classname="rmpt04" name="rmpt04_can_handle_NA_values">
      <skipped message="Reason: On CRAN ('test-rmpt04.R:17:3')"/>
    </testcase>
    <testcase time="0.14500000000001" classname="rmpt04" name="rmpt04_can_handle_some_NA_values"/>
    <testcase time="0.186000000000007" classname="rmpt04" name="rmpt04_can_handle_some_NA_values">
      <skipped message="Reason: On CRAN ('test-rmpt04.R:34:3')"/>
    </testcase>
    <testcase time="0.0669999999999789" classname="rmpt04" name="rmpt04_fails_on_incomlete_data"/>
  </testsuite>
  <testsuite name="rmpt05" timestamp="2023-07-05T05:42:01Z" hostname="7059b1d9f06f" tests="6" skipped="3" failures="0" errors="0" time="1.347">
    <testcase time="0.423000000000002" classname="rmpt05" name="rmpt05_function_with_default_argument_value_return_expected_result_with_test_data">
      <skipped message="Reason: On CRAN ('test-rmpt05.R:7:3')"/>
    </testcase>
    <testcase time="0.167000000000002" classname="rmpt05" name="rmpt05_can_handle_NA_values"/>
    <testcase time="0.253999999999991" classname="rmpt05" name="rmpt05_can_handle_NA_values">
      <skipped message="Reason: On CRAN ('test-rmpt05.R:17:3')"/>
    </testcase>
    <testcase time="0.178000000000026" classname="rmpt05" name="rmpt05_can_handle_some_NA_values"/>
    <testcase time="0.271999999999991" classname="rmpt05" name="rmpt05_can_handle_some_NA_values">
      <skipped message="Reason: On CRAN ('test-rmpt05.R:34:3')"/>
    </testcase>
    <testcase time="0.0529999999999973" classname="rmpt05" name="rmpt05_fails_on_incomlete_data"/>
  </testsuite>
  <testsuite name="rspt01" timestamp="2023-07-05T05:42:02Z" hostname="7059b1d9f06f" tests="15" skipped="7" failures="0" errors="0" time="6.645">
    <testcase time="0.0339999999999918" classname="rspt01" name="rspt01_works_as_expected"/>
    <testcase time="0.611000000000018" classname="rspt01" name="rspt01_works_as_expected"/>
    <testcase time="0.435000000000002" classname="rspt01" name="rspt01_works_as_expected">
      <skipped message="Reason: On CRAN ('test-rspt01.R:5:3')"/>
    </testcase>
    <testcase time="0.530999999999977" classname="rspt01" name="rspt01_works_as_expected_for_stratified_and_unstratified_analysis"/>
    <testcase time="0.480000000000018" classname="rspt01" name="rspt01_works_as_expected_for_stratified_and_unstratified_analysis">
      <skipped message="Reason: On CRAN ('test-rspt01.R:17:3')"/>
    </testcase>
    <testcase time="0.472999999999985" classname="rspt01" name="rspt01_works_as_expected_for_unstratified_analysis_only"/>
    <testcase time="0.420000000000016" classname="rspt01" name="rspt01_works_as_expected_for_unstratified_analysis_only">
      <skipped message="Reason: On CRAN ('test-rspt01.R:36:3')"/>
    </testcase>
    <testcase time="0.469999999999999" classname="rspt01" name="rspt01_works_as_expected_for_stratified_analysis_only"/>
    <testcase time="0.426999999999992" classname="rspt01" name="rspt01_works_as_expected_for_stratified_analysis_only">
      <skipped message="Reason: On CRAN ('test-rspt01.R:55:3')"/>
    </testcase>
    <testcase time="0.486999999999995" classname="rspt01" name="rspt01_works_if_change_reference_group"/>
    <testcase time="0.445999999999998" classname="rspt01" name="rspt01_works_if_change_reference_group">
      <skipped message="Reason: On CRAN ('test-rspt01.R:74:3')"/>
    </testcase>
    <testcase time="0.50200000000001" classname="rspt01" name="rspt01_works_if_change_statistic_methods"/>
    <testcase time="0.415999999999997" classname="rspt01" name="rspt01_works_if_change_statistic_methods">
      <skipped message="Reason: On CRAN ('test-rspt01.R:97:3')"/>
    </testcase>
    <testcase time="0.496999999999986" classname="rspt01" name="rspt01_works_if_change_confidence_interval"/>
    <testcase time="0.416000000000025" classname="rspt01" name="rspt01_works_if_change_confidence_interval">
      <skipped message="Reason: On CRAN ('test-rspt01.R:123:3')"/>
    </testcase>
  </testsuite>
  <testsuite name="ttet01" timestamp="2023-07-05T05:42:09Z" hostname="7059b1d9f06f" tests="9" skipped="4" failures="0" errors="0" time="5.409">
    <testcase time="0.054000000000002" classname="ttet01" name="ttet01_works_as_expected"/>
    <testcase time="0.792999999999978" classname="ttet01" name="ttet01_works_as_expected"/>
    <testcase time="0.734000000000009" classname="ttet01" name="ttet01_works_as_expected">
      <skipped message="Reason: On CRAN ('test-ttet01.R:5:3')"/>
    </testcase>
    <testcase time="0.936000000000007" classname="ttet01" name="ttet01_works_as_expected_for_stratified_and_unstratified_analysis"/>
    <testcase time="0.564999999999998" classname="ttet01" name="ttet01_works_as_expected_for_stratified_and_unstratified_analysis">
      <skipped message="Reason: On CRAN ('test-ttet01.R:14:3')"/>
    </testcase>
    <testcase time="0.579000000000008" classname="ttet01" name="ttet01_works_as_expected_for_stratified_analysis_only"/>
    <testcase time="0.579999999999984" classname="ttet01" name="ttet01_works_as_expected_for_stratified_analysis_only">
      <skipped message="Reason: On CRAN ('test-ttet01.R:30:3')"/>
    </testcase>
    <testcase time="0.568000000000012" classname="ttet01" name="ttet01_works_if_change_reference_group"/>
    <testcase time="0.599999999999994" classname="ttet01" name="ttet01_works_if_change_reference_group">
      <skipped message="Reason: On CRAN ('test-ttet01.R:46:3')"/>
    </testcase>
  </testsuite>
  <testsuite name="utils" timestamp="2023-07-05T05:42:14Z" hostname="7059b1d9f06f" tests="50" skipped="0" failures="0" errors="0" time="0.456">
    <testcase time="0.0380000000000109" classname="utils" name="h_format_dec_works_as_exected"/>
    <testcase time="0.00499999999999545" classname="utils" name="h_format_dec_works_as_exected"/>
    <testcase time="0.0029999999999859" classname="utils" name="h_format_dec_works_as_exected"/>
    <testcase time="0.00499999999999545" classname="utils" name="h_format_dec_works_as_exected"/>
    <testcase time="0.00200000000000955" classname="utils" name="h_format_dec_works_as_exected"/>
    <testcase time="0.00600000000000023" classname="utils" name="h_format_dec_works_as_exected"/>
    <testcase time="0.00200000000000955" classname="utils" name="h_format_dec_works_as_exected"/>
    <testcase time="0.00600000000000023" classname="utils" name="h_format_dec_works_as_exected"/>
    <testcase time="0.0029999999999859" classname="utils" name="h_format_dec_works_as_exected"/>
    <testcase time="0.00499999999999545" classname="utils" name="h_format_dec_works_as_exected"/>
    <testcase time="0.00300000000001432" classname="utils" name="h_format_dec_works_as_exected"/>
    <testcase time="0.00600000000000023" classname="utils" name="h_format_dec_works_as_exected"/>
    <testcase time="0.0139999999999816" classname="utils" name="h_format_dec_works_as_expected_with_more_than_one_value"/>
    <testcase time="0.00499999999999545" classname="utils" name="h_format_dec_works_as_expected_with_more_than_one_value"/>
    <testcase time="0.01400000000001" classname="utils" name="h_format_dec_works_returns_null_with_NA_format"/>
    <testcase time="0.0150000000000148" classname="utils" name="h_format_dec_works_as_expected_with_NA_digits"/>
    <testcase time="0.0240000000000009" classname="utils" name="h_format_dec_works_as_expected_with_NA_digits"/>
    <testcase time="0.0180000000000007" classname="utils" name="fuse_sequentially_works"/>
    <testcase time="0.00899999999998613" classname="utils" name="fuse_sequentially_works"/>
    <testcase time="0.0130000000000052" classname="utils" name="grob_list_works"/>
    <testcase time="0.0029999999999859" classname="utils" name="grob_list_works"/>
    <testcase time="0.007000000000005" classname="utils" name="grob_list_works"/>
    <testcase time="0.00600000000000023" classname="utils" name="grob_list_works"/>
    <testcase time="0.0270000000000152" classname="utils" name="ifneeded_split_row_works_as_expected"/>
    <testcase time="0.0129999999999768" classname="utils" name="ifneeded_split_row_works_as_expected"/>
    <testcase time="0.0120000000000005" classname="utils" name="droplevels.character_works_as_expected"/>
    <testcase time="0.00600000000000023" classname="utils" name="droplevels.character_works_as_expected"/>
    <testcase time="0.0120000000000005" classname="utils" name="lvls.character_works_as_expected"/>
    <testcase time="0.007000000000005" classname="utils" name="lvls.character_works_as_expected"/>
    <testcase time="0.01400000000001" classname="utils" name="lvls.factor_works_as_expected"/>
    <testcase time="0.007000000000005" classname="utils" name="lvls.factor_works_as_expected"/>
    <testcase time="0.0120000000000005" classname="utils" name="lvls.default_works_as_expected"/>
    <testcase time="0.00600000000000023" classname="utils" name="lvls.default_works_as_expected"/>
    <testcase time="0.0120000000000005" classname="utils" name="quote_str_works_as_expected"/>
    <testcase time="0.00699999999997658" classname="utils" name="quote_str_works_as_expected"/>
    <testcase time="0.0180000000000007" classname="utils" name="quote_str_works_as_expected"/>
    <testcase time="0.0130000000000052" classname="utils" name="modify_default_args_works_as_expected"/>
    <testcase time="0.00600000000000023" classname="utils" name="modify_default_args_works_as_expected"/>
    <testcase time="0.0109999999999957" classname="utils" name="execute_with_args_works_as_expected"/>
    <testcase time="0.007000000000005" classname="utils" name="execute_with_args_works_as_expected"/>
    <testcase time="0.00300000000001432" classname="utils" name="execute_with_args_works_as_expected"/>
    <testcase time="0.007000000000005" classname="utils" name="execute_with_args_works_as_expected"/>
    <testcase time="0.00300000000001432" classname="utils" name="execute_with_args_works_as_expected"/>
    <testcase time="0.00800000000000978" classname="utils" name="execute_with_args_works_as_expected"/>
    <testcase time="0.00499999999999545" classname="utils" name="execute_with_args_works_as_expected"/>
    <testcase time="0.00600000000000023" classname="utils" name="execute_with_args_works_as_expected"/>
    <testcase time="0.0029999999999859" classname="utils" name="execute_with_args_works_as_expected"/>
    <testcase time="0.00800000000000978" classname="utils" name="execute_with_args_works_as_expected"/>
    <testcase time="0.00399999999999068" classname="utils" name="execute_with_args_works_as_expected"/>
    <testcase time="0.007000000000005" classname="utils" name="execute_with_args_works_as_expected"/>
  </testsuite>
  <testsuite name="vst01" timestamp="2023-07-05T05:42:15Z" hostname="7059b1d9f06f" tests="3" skipped="2" failures="0" errors="0" time="24.17">
    <testcase time="11.983" classname="vst01" name="vst01_functions_with_default_argument_value_return_expected_result_with_test_data">
      <skipped message="Reason: On CRAN ('test-vst01.R:7:3')"/>
    </testcase>
    <testcase time="3.751" classname="vst01" name="run_vst01_works_as_expected"/>
    <testcase time="8.43599999999998" classname="vst01" name="run_vst01_works_as_expected">
      <skipped message="Reason: On CRAN ('test-vst01.R:14:3')"/>
    </testcase>
  </testsuite>
  <testsuite name="vst02" timestamp="2023-07-05T05:42:39Z" hostname="7059b1d9f06f" tests="2" skipped="2" failures="0" errors="0" time="1.851">
    <testcase time="0.934000000000026" classname="vst02" name="vst02_functions_with_default_argument_value_return_expected_result_with_test_data">
      <skipped message="Reason: On CRAN ('test-vst02.R:7:3')"/>
    </testcase>
    <testcase time="0.916999999999973" classname="vst02" name="vst02_functions_return_expected_result_with_test_data_when_excluding_subject_with_baseline_abnormality">
      <skipped message="Reason: On CRAN ('test-vst02.R:14:3')"/>
    </testcase>
  </testsuite>
</testsuites>
