<?xml version="1.0" encoding="UTF-8"?>
<testsuites>
  <testsuite name="ael01_nollt" timestamp="2025-01-10T05:59:54Z" hostname="bb6720eadc32" tests="14" skipped="0" failures="0" errors="0" time="1.202">
    <testcase time="0.0659999999999998" classname="ael01_nollt" name="ael01_nollt_works_with_admh_dataset"/>
    <testcase time="0.274" classname="ael01_nollt" name="ael01_nollt_works_with_admh_dataset"/>
    <testcase time="0.0300000000000002" classname="ael01_nollt" name="ael01_nollt_works_with_non_default_label"/>
    <testcase time="0.215" classname="ael01_nollt" name="ael01_nollt_works_with_non_default_label"/>
    <testcase time="0.0299999999999998" classname="ael01_nollt" name="ael01_nollt_can_handle_all_missing_values"/>
    <testcase time="0.0840000000000001" classname="ael01_nollt" name="ael01_nollt_can_handle_all_missing_values"/>
    <testcase time="0.0289999999999999" classname="ael01_nollt" name="ael01_nollt_can_handle_some_missing_values"/>
    <testcase time="0.135" classname="ael01_nollt" name="ael01_nollt_can_handle_some_missing_values"/>
    <testcase time="0.0230000000000001" classname="ael01_nollt" name="ael01_nollt_listing_can_be_split_by_an_additional_variable"/>
    <testcase time="0.00199999999999978" classname="ael01_nollt" name="ael01_nollt_listing_can_be_split_by_an_additional_variable"/>
    <testcase time="0.167" classname="ael01_nollt" name="ael01_nollt_listing_can_be_split_by_an_additional_variable"/>
    <testcase time="0.0269999999999997" classname="ael01_nollt" name="split_ael01_nollt_listing_do_not_display_missing_values"/>
    <testcase time="0.00099999999999989" classname="ael01_nollt" name="split_ael01_nollt_listing_do_not_display_missing_values"/>
    <testcase time="0.119" classname="ael01_nollt" name="split_ael01_nollt_listing_do_not_display_missing_values"/>
  </testsuite>
  <testsuite name="ael02" timestamp="2025-01-10T05:59:55Z" hostname="bb6720eadc32" tests="9" skipped="0" failures="0" errors="0" time="2.757">
    <testcase time="0.0670000000000002" classname="ael02" name="ael02_works_with_adae_dataset"/>
    <testcase time="0.00099999999999989" classname="ael02" name="ael02_works_with_adae_dataset"/>
    <testcase time="0.854" classname="ael02" name="ael02_works_with_adae_dataset"/>
    <testcase time="0.0499999999999998" classname="ael02" name="ael02_can_handle_all_missing_values"/>
    <testcase time="0.00100000000000033" classname="ael02" name="ael02_can_handle_all_missing_values"/>
    <testcase time="0.886" classname="ael02" name="ael02_can_handle_all_missing_values"/>
    <testcase time="0.0539999999999994" classname="ael02" name="ael02_functions_work_as_expected"/>
    <testcase time="0.00100000000000033" classname="ael02" name="ael02_functions_work_as_expected"/>
    <testcase time="0.843" classname="ael02" name="ael02_functions_work_as_expected"/>
  </testsuite>
  <testsuite name="ael03" timestamp="2025-01-10T05:59:58Z" hostname="bb6720eadc32" tests="9" skipped="0" failures="0" errors="0" time="2.813">
    <testcase time="0.0679999999999996" classname="ael03" name="ael03_works_with_adae_dataset"/>
    <testcase time="0.00100000000000033" classname="ael03" name="ael03_works_with_adae_dataset"/>
    <testcase time="0.878" classname="ael03" name="ael03_works_with_adae_dataset"/>
    <testcase time="0.0499999999999998" classname="ael03" name="ael03_can_handle_all_missing_values"/>
    <testcase time="0.00100000000000033" classname="ael03" name="ael03_can_handle_all_missing_values"/>
    <testcase time="0.897" classname="ael03" name="ael03_can_handle_all_missing_values"/>
    <testcase time="0.0510000000000002" classname="ael03" name="ael03_functions_work_as_expected"/>
    <testcase time="0.00100000000000033" classname="ael03" name="ael03_functions_work_as_expected"/>
    <testcase time="0.866" classname="ael03" name="ael03_functions_work_as_expected"/>
  </testsuite>
  <testsuite name="aet01" timestamp="2025-01-10T06:00:01Z" hostname="bb6720eadc32" tests="13" skipped="0" failures="0" errors="0" time="3.384">
    <testcase time="0.403" classname="aet01" name="aet01_can_handle_all_NA_values"/>
    <testcase time="0.286999999999999" classname="aet01" name="aet01_can_handle_all_NA_values"/>
    <testcase time="0.298" classname="aet01" name="aet01_can_handle_all_NA_values"/>
    <testcase time="0.226000000000001" classname="aet01" name="aet01_can_handle_all_NA_values"/>
    <testcase time="0.272" classname="aet01" name="aet01_can_handle_some_NA_values"/>
    <testcase time="0.282999999999999" classname="aet01" name="aet01_can_handle_some_NA_values"/>
    <testcase time="0.209" classname="aet01" name="aet01_can_use_custom_anl_vars"/>
    <testcase time="0.343999999999999" classname="aet01" name="aet01_can_use_custom_anl_vars"/>
    <testcase time="0.0590000000000011" classname="aet01" name="aet01_fails_on_incomplete_data_input"/>
    <testcase time="0.286" classname="aet01" name="aet01_can_use_custom_medconcept_var"/>
    <testcase time="0.289" classname="aet01" name="aet01_can_use_custom_medconcept_var"/>
    <testcase time="0.189" classname="aet01" name="aet01_can_conditionally_show_the_number_of_withdrawal"/>
    <testcase time="0.239000000000001" classname="aet01" name="aet01_can_conditionally_show_the_number_of_withdrawal"/>
  </testsuite>
  <testsuite name="aet01_aesi" timestamp="2025-01-10T06:00:04Z" hostname="bb6720eadc32" tests="9" skipped="0" failures="0" errors="0" time="2.017">
    <testcase time="0.201000000000001" classname="aet01_aesi" name="aet01_aesi_can_handle_all_NA_values"/>
    <testcase time="0.257" classname="aet01_aesi" name="aet01_aesi_can_handle_all_NA_values"/>
    <testcase time="0.190999999999999" classname="aet01_aesi" name="aet01_aesi_can_handle_all_NA_values"/>
    <testcase time="0.213000000000001" classname="aet01_aesi" name="aet01_aesi_can_handle_all_NA_values"/>
    <testcase time="0.192" classname="aet01_aesi" name="aet01_aesi_can_handle_some_NA_values"/>
    <testcase time="0.253" classname="aet01_aesi" name="aet01_aesi_can_handle_some_NA_values"/>
    <testcase time="0.270999999999999" classname="aet01_aesi" name="aet01_aesi_works_with_ALL_argument"/>
    <testcase time="0.388" classname="aet01_aesi" name="aet01_aesi_works_with_ALL_argument"/>
    <testcase time="0.0510000000000002" classname="aet01_aesi" name="aet01_aesi_check_fails_on_incomplete_data_input"/>
  </testsuite>
  <testsuite name="aet02" timestamp="2025-01-10T06:00:06Z" hostname="bb6720eadc32" tests="4" skipped="0" failures="0" errors="0" time="2.478">
    <testcase time="0.0590000000000011" classname="aet02" name="aet02_fails_on_incomplete_data_input"/>
    <testcase time="0.122" classname="aet02" name="aet02_handle_empty_data_input"/>
    <testcase time="1.524" classname="aet02" name="aet02_can_have_different_levels_of_row_split"/>
    <testcase time="0.773" classname="aet02" name="aet02_can_have_different_levels_of_row_split"/>
  </testsuite>
  <testsuite name="aet03" timestamp="2025-01-10T06:00:09Z" hostname="bb6720eadc32" tests="4" skipped="0" failures="0" errors="0" time="2.568">
    <testcase time="0.272000000000002" classname="aet03" name="aet03_can_handle_NA_values"/>
    <testcase time="0.253" classname="aet03" name="aet03_can_handle_NA_values"/>
    <testcase time="1.313" classname="aet03" name="aet03_can_handle_some_NA_values"/>
    <testcase time="0.73" classname="aet03" name="aet03_can_handle_some_NA_values"/>
  </testsuite>
  <testsuite name="aet04" timestamp="2025-01-10T06:00:11Z" hostname="bb6720eadc32" tests="12" skipped="0" failures="0" errors="0" time="11.543">
    <testcase time="0.425999999999998" classname="aet04" name="aet04_can_handle_NA_values"/>
    <testcase time="0.414999999999999" classname="aet04" name="aet04_can_handle_NA_values"/>
    <testcase time="0.409000000000002" classname="aet04" name="aet04_can_handle_NA_values"/>
    <testcase time="0.00399999999999778" classname="aet04" name="aet04_can_handle_NA_values"/>
    <testcase time="0.424000000000003" classname="aet04" name="aet04_can_handle_NA_values"/>
    <testcase time="0.415999999999997" classname="aet04" name="aet04_can_handle_NA_values"/>
    <testcase time="2.329" classname="aet04" name="aet04_can_handle_some_NA_values"/>
    <testcase time="1.144" classname="aet04" name="aet04_can_handle_some_NA_values"/>
    <testcase time="2.34" classname="aet04" name="aet04_can_handle_some_NA_values"/>
    <testcase time="0.00999999999999801" classname="aet04" name="aet04_can_handle_some_NA_values"/>
    <testcase time="2.38" classname="aet04" name="aet04_can_handle_some_NA_values"/>
    <testcase time="1.246" classname="aet04" name="aet04_can_handle_some_NA_values"/>
  </testsuite>
  <testsuite name="aet05" timestamp="2025-01-10T06:00:23Z" hostname="bb6720eadc32" tests="6" skipped="0" failures="0" errors="0" time="1.235">
    <testcase time="0.135000000000002" classname="aet05" name="aet05_can_handle_NA_values"/>
    <testcase time="0.262999999999998" classname="aet05" name="aet05_can_handle_NA_values"/>
    <testcase time="0.132000000000001" classname="aet05" name="aet05_can_handle_some_NA_values"/>
    <testcase time="0.288" classname="aet05" name="aet05_can_handle_some_NA_values"/>
    <testcase time="0.140999999999998" classname="aet05" name="aet05_can_handle_some_NA_values"/>
    <testcase time="0.276" classname="aet05" name="aet05_can_handle_some_NA_values"/>
  </testsuite>
  <testsuite name="aet05_all" timestamp="2025-01-10T06:00:24Z" hostname="bb6720eadc32" tests="6" skipped="0" failures="0" errors="0" time="1.269">
    <testcase time="0.154000000000003" classname="aet05_all" name="aet05_all_can_handle_NA_values"/>
    <testcase time="0.25" classname="aet05_all" name="aet05_all_can_handle_NA_values"/>
    <testcase time="0.149999999999999" classname="aet05_all" name="aet05_all_can_handle_some_NA_values"/>
    <testcase time="0.293999999999997" classname="aet05_all" name="aet05_all_can_handle_some_NA_values"/>
    <testcase time="0.140000000000001" classname="aet05_all" name="aet05_all_can_handle_some_NA_values"/>
    <testcase time="0.280999999999999" classname="aet05_all" name="aet05_all_can_handle_some_NA_values"/>
  </testsuite>
  <testsuite name="aet10" timestamp="2025-01-10T06:00:25Z" hostname="bb6720eadc32" tests="4" skipped="0" failures="0" errors="0" time="0.546">
    <testcase time="0.0750000000000028" classname="aet10" name="aet10_can_handle_NA_values"/>
    <testcase time="0.128999999999998" classname="aet10" name="aet10_can_handle_NA_values"/>
    <testcase time="0.113" classname="aet10" name="aet10_can_handle_some_NA_values"/>
    <testcase time="0.228999999999999" classname="aet10" name="aet10_can_handle_some_NA_values"/>
  </testsuite>
  <testsuite name="assertions" timestamp="2025-01-10T06:00:26Z" hostname="bb6720eadc32" tests="33" skipped="0" failures="0" errors="0" time="0.186">
    <testcase time="0.00800000000000267" classname="assertions" name="assert_valid_var.character_works_as_expected"/>
    <testcase time="0.00600000000000023" classname="assertions" name="assert_valid_var.character_works_as_expected"/>
    <testcase time="0.00399999999999778" classname="assertions" name="assert_valid_var.character_works_as_expected"/>
    <testcase time="0.00500000000000256" classname="assertions" name="assert_valid_var.character_works_as_expected"/>
    <testcase time="0.00200000000000244" classname="assertions" name="assert_valid_var.character_works_as_expected"/>
    <testcase time="0.00499999999999545" classname="assertions" name="assert_valid_var.factor_works_as_expected"/>
    <testcase time="0.00500000000000256" classname="assertions" name="assert_valid_var.factor_works_as_expected"/>
    <testcase time="0.00500000000000256" classname="assertions" name="assert_valid_var.factor_works_as_expected"/>
    <testcase time="0.00499999999999545" classname="assertions" name="assert_valid_var.factor_works_as_expected"/>
    <testcase time="0.00100000000000477" classname="assertions" name="assert_valid_var.factor_works_as_expected"/>
    <testcase time="0.00499999999999545" classname="assertions" name="assert_valid_var.logical_works_as_expected"/>
    <testcase time="0.00500000000000256" classname="assertions" name="assert_valid_var.logical_works_as_expected"/>
    <testcase time="0.00499999999999545" classname="assertions" name="assert_valid_var.logical_works_as_expected"/>
    <testcase time="0.00200000000000244" classname="assertions" name="assert_valid_var.logical_works_as_expected"/>
    <testcase time="0.00500000000000256" classname="assertions" name="assert_valid_var.numeric_works_as_expected"/>
    <testcase time="0.00499999999999545" classname="assertions" name="assert_valid_var.numeric_works_as_expected"/>
    <testcase time="0.00400000000000489" classname="assertions" name="assert_valid_var.numeric_works_as_expected"/>
    <testcase time="0.00199999999999534" classname="assertions" name="assert_valid_var.numeric_works_as_expected"/>
    <testcase time="0.00500000000000256" classname="assertions" name="assert_valid_var.numeric_works_as_expected"/>
    <testcase time="0.000999999999997669" classname="assertions" name="assert_valid_var.numeric_works_as_expected"/>
    <testcase time="0.0190000000000055" classname="assertions" name="assert_valid_var.POSIXct_works_as_expected"/>
    <testcase time="0.0179999999999936" classname="assertions" name="assert_valid_var.POSIXct_works_as_expected"/>
    <testcase time="0.00500000000000256" classname="assertions" name="assert_valid_variable_works_as_expected"/>
    <testcase time="0.00200000000000244" classname="assertions" name="assert_valid_variable_works_as_expected"/>
    <testcase time="0.0069999999999979" classname="assertions" name="assert_valid_variable_works_as_expected"/>
    <testcase time="0.00200000000000244" classname="assertions" name="assert_valid_variable_works_as_expected"/>
    <testcase time="0.00600000000000023" classname="assertions" name="assert_valid_variable_works_as_expected"/>
    <testcase time="0.000999999999997669" classname="assertions" name="assert_valid_variable_works_as_expected"/>
    <testcase time="0.0110000000000028" classname="assertions" name="assert_valid_var_pair_works_as_expected_with_character"/>
    <testcase time="0.00800000000000267" classname="assertions" name="assert_valid_var_pair_works_as_expected_with_character"/>
    <testcase time="0.0069999999999979" classname="assertions" name="assert_valid_var_pair_works_as_expected_with_factor"/>
    <testcase time="0.00799999999999557" classname="assertions" name="assert_valid_var_pair_works_as_expected_with_factor"/>
    <testcase time="0.007000000000005" classname="assertions" name="assert_valid_var_pair_works_as_expected_with_factor"/>
  </testsuite>
  <testsuite name="cfbt01" timestamp="2025-01-10T06:00:26Z" hostname="bb6720eadc32" tests="3" skipped="0" failures="0" errors="0" time="8.94">
    <testcase time="6.658" classname="cfbt01" name="cfbt01_functions_with_default_argument_value_return_expected_result_with_test_data"/>
    <testcase time="0.742999999999995" classname="cfbt01" name="cfbt01_can_handle_n_0_and_outputs_NE_instead_of_infs_and_NAs"/>
    <testcase time="1.539" classname="cfbt01" name="cfbt01_can_handle_n_0_and_outputs_NE_instead_of_infs_and_NAs"/>
  </testsuite>
  <testsuite name="checks" timestamp="2025-01-10T06:00:35Z" hostname="bb6720eadc32" tests="8" skipped="0" failures="0" errors="0" time="0.027">
    <testcase time="0.00900000000000034" classname="checks" name="check_all_colnames_works_as_expected"/>
    <testcase time="0.00200000000000244" classname="checks" name="check_all_colnames_works_as_expected"/>
    <testcase time="0.00199999999999534" classname="checks" name="check_all_colnames_works_as_expected"/>
    <testcase time="0.00300000000000011" classname="checks" name="check_all_colnames_works_as_expected"/>
    <testcase time="0.00400000000000489" classname="checks" name="check_one_colnames_works_as_expected"/>
    <testcase time="0.00300000000000011" classname="checks" name="check_one_colnames_works_as_expected"/>
    <testcase time="0.00199999999999534" classname="checks" name="check_one_colnames_works_as_expected"/>
    <testcase time="0.00200000000000244" classname="checks" name="check_one_colnames_works_as_expected"/>
  </testsuite>
  <testsuite name="chevron_tlg-class" timestamp="2025-01-10T06:00:35Z" hostname="bb6720eadc32" tests="27" skipped="0" failures="0" errors="0" time="0.087">
    <testcase time="0.00800000000000267" classname="chevron_tlg_class" name="chevron_t_object_can_be_constructed_with_default_values"/>
    <testcase time="0.00300000000000011" classname="chevron_tlg_class" name="chevron_t_object_can_be_constructed_with_default_values"/>
    <testcase time="0.00499999999999545" classname="chevron_tlg_class" name="chevron_t_object_can_be_constructed_with_custom_values"/>
    <testcase time="0.00300000000000011" classname="chevron_tlg_class" name="chevron_t_object_can_be_constructed_with_custom_values"/>
    <testcase time="0.00300000000000011" classname="chevron_tlg_class" name="chevron_t_object_can_be_constructed_with_custom_values"/>
    <testcase time="0.00200000000000244" classname="chevron_tlg_class" name="chevron_t_object_can_be_constructed_with_custom_values"/>
    <testcase time="0.00600000000000023" classname="chevron_tlg_class" name="chevron_t_constructor_returns_an_error_when_expected"/>
    <testcase time="0.000999999999997669" classname="chevron_tlg_class" name="chevron_t_constructor_returns_an_error_when_expected"/>
    <testcase time="0.000999999999997669" classname="chevron_tlg_class" name="chevron_t_constructor_returns_an_error_when_expected"/>
    <testcase time="0.00100000000000477" classname="chevron_tlg_class" name="chevron_t_constructor_returns_an_error_when_expected"/>
    <testcase time="0.000999999999997669" classname="chevron_tlg_class" name="chevron_t_constructor_returns_an_error_when_expected"/>
    <testcase time="0.000999999999997669" classname="chevron_tlg_class" name="chevron_t_constructor_returns_an_error_when_expected"/>
    <testcase time="0.00600000000000023" classname="chevron_tlg_class" name="chevron_l_object_can_be_constructed_with_default_values"/>
    <testcase time="0.00300000000000011" classname="chevron_tlg_class" name="chevron_l_object_can_be_constructed_with_default_values"/>
    <testcase time="0.00600000000000023" classname="chevron_tlg_class" name="chevron_g_object_can_be_constructed_with_custom_values"/>
    <testcase time="0.00200000000000244" classname="chevron_tlg_class" name="chevron_g_object_can_be_constructed_with_custom_values"/>
    <testcase time="0.00300000000000011" classname="chevron_tlg_class" name="chevron_g_object_can_be_constructed_with_custom_values"/>
    <testcase time="0.00200000000000244" classname="chevron_tlg_class" name="chevron_g_object_can_be_constructed_with_custom_values"/>
    <testcase time="0.00600000000000023" classname="chevron_tlg_class" name="chevron_g_constructor_returns_an_error_when_expected"/>
    <testcase time="0.000999999999997669" classname="chevron_tlg_class" name="chevron_g_constructor_returns_an_error_when_expected"/>
    <testcase time="0.000999999999997669" classname="chevron_tlg_class" name="chevron_g_constructor_returns_an_error_when_expected"/>
    <testcase time="0.00100000000000477" classname="chevron_tlg_class" name="chevron_g_constructor_returns_an_error_when_expected"/>
    <testcase time="0.000999999999997669" classname="chevron_tlg_class" name="chevron_g_constructor_returns_an_error_when_expected"/>
    <testcase time="0.000999999999997669" classname="chevron_tlg_class" name="chevron_g_constructor_returns_an_error_when_expected"/>
    <testcase time="0.007000000000005" classname="chevron_tlg_class" name="chevron_simple_works_correctly"/>
    <testcase time="0.00199999999999534" classname="chevron_tlg_class" name="chevron_simple_works_correctly"/>
    <testcase time="0.0100000000000051" classname="chevron_tlg_class" name="chevron_simple_errors_if_contains_return"/>
  </testsuite>
  <testsuite name="chevron_tlg-methods" timestamp="2025-01-10T06:00:35Z" hostname="bb6720eadc32" tests="59" skipped="1" failures="0" errors="0" time="9.873">
    <testcase time="1.063" classname="chevron_tlg_methods" name="run_works_as_expected_for_chevron_t_object"/>
    <testcase time="0.594999999999999" classname="chevron_tlg_methods" name="run_works_as_expected_for_chevron_t_object"/>
    <testcase time="0.594000000000001" classname="chevron_tlg_methods" name="run_works_as_expected_for_chevron_t_object_when_auto_pre_FALSE"/>
    <testcase time="0.328000000000003" classname="chevron_tlg_methods" name="run_works_as_expected_with_argument_printed"/>
    <testcase time="0.272999999999996" classname="chevron_tlg_methods" name="run_works_as_expected_with_argument_printed"/>
    <testcase time="0.432000000000002" classname="chevron_tlg_methods" name="run_works_as_expected_with_argument_printed_if_the_user_argument_is_complicated"/>
    <testcase time="0.368000000000002" classname="chevron_tlg_methods" name="run_works_as_expected_with_argument_printed_if_the_user_argument_is_complicated"/>
    <testcase time="0.419999999999995" classname="chevron_tlg_methods" name="run_uses_the_argument_passed_through_the_ellipsis_in_priority"/>
    <testcase time="0.368000000000002" classname="chevron_tlg_methods" name="run_uses_the_argument_passed_through_the_ellipsis_in_priority"/>
    <testcase time="0.314" classname="chevron_tlg_methods" name="run_works_as_expected_with_partial_match_argument"/>
    <testcase time="0.268999999999998" classname="chevron_tlg_methods" name="run_works_as_expected_with_partial_match_argument"/>
    <testcase time="0.423000000000002" classname="chevron_tlg_methods" name="run_displays_the_symbols_when_available"/>
    <testcase time="0.364000000000004" classname="chevron_tlg_methods" name="run_displays_the_symbols_when_available"/>
    <testcase time="0.306999999999995" classname="chevron_tlg_methods" name="run_print_internal_functions_when_unwrap_is_TRUE"/>
    <testcase time="0.00200000000000244" classname="chevron_tlg_methods" name="run_print_internal_functions_when_unwrap_is_TRUE"/>
    <testcase time="0.000999999999997669" classname="chevron_tlg_methods" name="run_print_internal_functions_when_unwrap_is_TRUE"/>
    <testcase time="0.0230000000000032" classname="chevron_tlg_methods" name="run_print_internal_functions_when_unwrap_is_TRUE"/>
    <testcase time="1.183" classname="chevron_tlg_methods" name="run_print_internal_functions_when_unwrap_is_TRUE_and_standard_chevron_tlg_has_no_layout"/>
    <testcase time="0.00900000000000034" classname="chevron_tlg_methods" name="run_print_internal_functions_when_unwrap_is_TRUE_and_the_chevron_tlg_object_is_customized"/>
    <testcase time="0.000999999999997669" classname="chevron_tlg_methods" name="run_print_internal_functions_when_unwrap_is_TRUE_and_the_chevron_tlg_object_is_customized"/>
    <testcase time="0.000999999999997669" classname="chevron_tlg_methods" name="run_print_internal_functions_when_unwrap_is_TRUE_and_the_chevron_tlg_object_is_customized"/>
    <testcase time="0.0220000000000056" classname="chevron_tlg_methods" name="run_print_internal_functions_when_unwrap_is_TRUE_and_the_chevron_tlg_object_is_customized"/>
    <testcase time="0.0069999999999979" classname="chevron_tlg_methods" name="run_print_main_and_postprocessing_functions_when_unwrap_is_TRUE_and_auto_pre_is_FALSE"/>
    <testcase time="0.00200000000000244" classname="chevron_tlg_methods" name="run_print_main_and_postprocessing_functions_when_unwrap_is_TRUE_and_auto_pre_is_FALSE"/>
    <testcase time="0.000999999999997669" classname="chevron_tlg_methods" name="run_print_main_and_postprocessing_functions_when_unwrap_is_TRUE_and_auto_pre_is_FALSE"/>
    <testcase time="0.000999999999997669" classname="chevron_tlg_methods" name="run_print_main_and_postprocessing_functions_when_unwrap_is_TRUE_and_auto_pre_is_FALSE"/>
    <testcase time="0.0219999999999985" classname="chevron_tlg_methods" name="run_print_main_and_postprocessing_functions_when_unwrap_is_TRUE_and_auto_pre_is_FALSE"/>
    <testcase time="0.00400000000000489" classname="chevron_tlg_methods" name="args_ls_works_as_expected"/>
    <testcase time="0.000999999999997669" classname="chevron_tlg_methods" name="args_ls_works_as_expected"/>
    <testcase time="0.00100000000000477" classname="chevron_tlg_methods" name="args_ls_works_as_expected"/>
    <testcase time="0.00499999999999545" classname="chevron_tlg_methods" name="args_ls_works_as_expected_when_simplify_is_TRUE"/>
    <testcase time="0.00100000000000477" classname="chevron_tlg_methods" name="args_ls_works_as_expected_when_simplify_is_TRUE"/>
    <testcase time="0.000999999999997669" classname="chevron_tlg_methods" name="args_ls_works_as_expected_when_simplify_is_TRUE"/>
    <testcase time="0.00600000000000023" classname="chevron_tlg_methods" name="args_ls_works_as_expected_with_custom_chevron_tlg_object"/>
    <testcase time="0.000999999999997669" classname="chevron_tlg_methods" name="args_ls_works_as_expected_with_custom_chevron_tlg_object"/>
    <testcase time="0.00100000000000477" classname="chevron_tlg_methods" name="args_ls_works_as_expected_with_custom_chevron_tlg_object"/>
    <testcase time="0.00300000000000011" classname="chevron_tlg_methods" name="args_ls_works_as_expected_with_custom_chevron_tlg_object"/>
    <testcase time="0.00600000000000023" classname="chevron_tlg_methods" name="main_works_as_expected"/>
    <testcase time="0.00600000000000023" classname="chevron_tlg_methods" name="main_setter_works_as_expected"/>
    <testcase time="0.0109999999999957" classname="chevron_tlg_methods" name="main_setter_throw_an_error_as_expected"/>
    <testcase time="0.0120000000000005" classname="chevron_tlg_methods" name="preprocess_works_as_expected"/>
    <testcase time="0.00800000000000267" classname="chevron_tlg_methods" name="preprocess_setter_works_as_expected"/>
    <testcase time="0.0150000000000006" classname="chevron_tlg_methods" name="preprocess_sends_an_error_as_expected"/>
    <testcase time="0.00600000000000023" classname="chevron_tlg_methods" name="postprocess_works_as_expected"/>
    <testcase time="0.00600000000000023" classname="chevron_tlg_methods" name="postprocess_setter_works_as_expected"/>
    <testcase time="0.00999999999999801" classname="chevron_tlg_methods" name="postprocess_sends_an_error_as_expected"/>
    <testcase time="0.00500000000000256" classname="chevron_tlg_methods" name="script_funs_works_as_expected_in_interactive_mode">
      <skipped message="Reason: !interactive() is TRUE ('test-chevron_tlg-methods.R:264:3')"/>
    </testcase>
    <testcase time="0.0139999999999958" classname="chevron_tlg_methods" name="script_funs_works_as_expected"/>
    <testcase time="0.000999999999997669" classname="chevron_tlg_methods" name="script_funs_works_as_expected"/>
    <testcase time="2.243" classname="chevron_tlg_methods" name="script_funs_generates_a_valid_script"/>
    <testcase time="0.00200000000000244" classname="chevron_tlg_methods" name="script_funs_generates_a_valid_script"/>
    <testcase time="0.00199999999999534" classname="chevron_tlg_methods" name="script_funs_generates_a_valid_script"/>
    <testcase time="0.00100000000000477" classname="chevron_tlg_methods" name="script_funs_generates_a_valid_script"/>
    <testcase time="0.00199999999999534" classname="chevron_tlg_methods" name="script_funs_generates_a_valid_script"/>
    <testcase time="0.0260000000000034" classname="chevron_tlg_methods" name="script_funs_generates_a_valid_script"/>
    <testcase time="0.00600000000000023" classname="chevron_tlg_methods" name="script_funs_works_for_simple_template"/>
    <testcase time="0.000999999999997669" classname="chevron_tlg_methods" name="script_funs_works_for_simple_template"/>
    <testcase time="0.0470000000000041" classname="chevron_tlg_methods" name="print_list_works"/>
    <testcase time="0.0259999999999962" classname="chevron_tlg_methods" name="print_list_works_for_empty_list"/>
  </testsuite>
  <testsuite name="cml02a_gl" timestamp="2025-01-10T06:00:45Z" hostname="bb6720eadc32" tests="6" skipped="0" failures="0" errors="0" time="0.542">
    <testcase time="0.0290000000000035" classname="cml02a_gl" name="cml02a_gl_works_with_adcm_dataset"/>
    <testcase time="0.166999999999994" classname="cml02a_gl" name="cml02a_gl_works_with_adcm_dataset"/>
    <testcase time="0.0250000000000057" classname="cml02a_gl" name="cml02a_gl_works_with_missing_data"/>
    <testcase time="0.129999999999995" classname="cml02a_gl" name="cml02a_gl_works_with_missing_data"/>
    <testcase time="0.0240000000000009" classname="cml02a_gl" name="cml02a_gl_functions_work_as_expected"/>
    <testcase time="0.167000000000002" classname="cml02a_gl" name="cml02a_gl_functions_work_as_expected"/>
  </testsuite>
  <testsuite name="cmt01a" timestamp="2025-01-10T06:00:45Z" hostname="bb6720eadc32" tests="6" skipped="0" failures="0" errors="0" time="3.988">
    <testcase time="1.174" classname="cmt01a" name="cmt01a_functions_with_default_argument_value_return_expected_result_with_test_data"/>
    <testcase time="1.116" classname="cmt01a" name="cmt01a_functions_with_custom_argument_value_return_expected_result_with_test_data"/>
    <testcase time="0.157000000000004" classname="cmt01a" name="cmt01a_can_handle_all_NA_values"/>
    <testcase time="0.177999999999997" classname="cmt01a" name="cmt01a_can_handle_all_NA_values"/>
    <testcase time="0.783999999999999" classname="cmt01a" name="cmt01a_can_handle_some_NA_values"/>
    <testcase time="0.579000000000001" classname="cmt01a" name="cmt01a_can_handle_some_NA_values"/>
  </testsuite>
  <testsuite name="cmt02_pt" timestamp="2025-01-10T06:00:49Z" hostname="bb6720eadc32" tests="4" skipped="0" failures="0" errors="0" time="0.613">
    <testcase time="0.103999999999999" classname="cmt02_pt" name="cmt02_pt_can_handle_all_NA_values"/>
    <testcase time="0.136000000000003" classname="cmt02_pt" name="cmt02_pt_can_handle_all_NA_values"/>
    <testcase time="0.146000000000001" classname="cmt02_pt" name="cmt02_pt_can_handle_some_NA_values"/>
    <testcase time="0.226999999999997" classname="cmt02_pt" name="cmt02_pt_can_handle_some_NA_values"/>
  </testsuite>
  <testsuite name="coxt01" timestamp="2025-01-10T06:00:50Z" hostname="bb6720eadc32" tests="9" skipped="0" failures="0" errors="0" time="1.822">
    <testcase time="0.372" classname="coxt01" name="coxt01_can_handle_some_NA_values"/>
    <testcase time="0.188000000000002" classname="coxt01" name="coxt01_can_handle_some_NA_values"/>
    <testcase time="0.308999999999997" classname="coxt01" name="coxt01_can_handle_some_NA_values"/>
    <testcase time="0.192999999999998" classname="coxt01" name="coxt01_can_handle_some_NA_values"/>
    <testcase time="0.186" classname="coxt01" name="coxt01_can_handle_some_NA_values"/>
    <testcase time="0.177000000000007" classname="coxt01" name="coxt01_can_handle_some_NA_values"/>
    <testcase time="0.204999999999998" classname="coxt01" name="coxt01_can_handle_some_NA_values"/>
    <testcase time="0.177" classname="coxt01" name="coxt01_can_handle_some_NA_values"/>
    <testcase time="0.0150000000000006" classname="coxt01" name="coxt01_fails_on_incomlete_data"/>
  </testsuite>
  <testsuite name="coxt02" timestamp="2025-01-10T06:00:52Z" hostname="bb6720eadc32" tests="9" skipped="0" failures="0" errors="0" time="2.533">
    <testcase time="0.579000000000001" classname="coxt02" name="coxt02_can_handle_some_NA_values"/>
    <testcase time="0.230999999999995" classname="coxt02" name="coxt02_can_handle_some_NA_values"/>
    <testcase time="0.553000000000004" classname="coxt02" name="coxt02_can_handle_some_NA_values"/>
    <testcase time="0.241999999999997" classname="coxt02" name="coxt02_can_handle_some_NA_values"/>
    <testcase time="0.254000000000005" classname="coxt02" name="coxt02_can_handle_some_NA_values"/>
    <testcase time="0.189999999999998" classname="coxt02" name="coxt02_can_handle_some_NA_values"/>
    <testcase time="0.277000000000001" classname="coxt02" name="coxt02_can_handle_some_NA_values"/>
    <testcase time="0.192" classname="coxt02" name="coxt02_can_handle_some_NA_values"/>
    <testcase time="0.0150000000000006" classname="coxt02" name="coxt02_fails_on_incomlete_data"/>
  </testsuite>
  <testsuite name="default_tlg" timestamp="2025-01-10T06:00:54Z" hostname="bb6720eadc32" tests="15" skipped="0" failures="0" errors="0" time="11.777">
    <testcase time="0.154999999999994" classname="default_tlg" name="ael01_nollt_function_with_default_argument_value_return_expected_result_with_test_data"/>
    <testcase time="0.546000000000006" classname="default_tlg" name="aet01_function_with_default_argument_value_return_expected_result_with_test_data"/>
    <testcase time="0.481999999999999" classname="default_tlg" name="aet01_aesi_function_with_default_argument_value_return_expected_result_with_test_data"/>
    <testcase time="0.998999999999995" classname="default_tlg" name="aet02_functions_with_default_argument_value_return_expected_result_with_test_data"/>
    <testcase time="2.086" classname="default_tlg" name="aet03_functions_with_default_argument_value_return_expected_result_with_test_data"/>
    <testcase time="3.244" classname="default_tlg" name="aet04_functions_with_default_argument_value_return_expected_result_with_test_data"/>
    <testcase time="0.430000000000007" classname="default_tlg" name="aet05_functions_with_default_argument_value_return_expected_result_with_test_data"/>
    <testcase time="0.423999999999992" classname="default_tlg" name="aet05_all_functions_with_default_argument_value_return_expected_result_with_test_data"/>
    <testcase time="0.323999999999998" classname="default_tlg" name="aet10_functions_with_default_argument_value_return_expected_result_with_test_data"/>
    <testcase time="0.393000000000001" classname="default_tlg" name="cmt02_pt_functions_with_default_argument_value_return_expected_result_with_test_data"/>
    <testcase time="0.555000000000007" classname="default_tlg" name="coxt01_functions_with_default_argument_value_return_expected_result_with_test_data"/>
    <testcase time="0.804000000000002" classname="default_tlg" name="coxt02_functions_with_default_argument_value_return_expected_result_with_test_data"/>
    <testcase time="0.623999999999995" classname="default_tlg" name="dmt01_functions_with_default_argument_value_return_expected_result_with_test_data"/>
    <testcase time="0.415000000000006" classname="default_tlg" name="dst01_functions_with_default_argument_value_return_expected_result_with_test_data"/>
    <testcase time="0.295999999999992" classname="default_tlg" name="dtht01_functions_with_default_argument_value_return_expected_result_with_test_data"/>
  </testsuite>
  <testsuite name="dmt01" timestamp="2025-01-10T06:01:06Z" hostname="bb6720eadc32" tests="19" skipped="0" failures="0" errors="0" time="4.693">
    <testcase time="0.219999999999999" classname="dmt01" name="dmt01_can_handle_NA_values"/>
    <testcase time="0.334000000000003" classname="dmt01" name="dmt01_can_handle_NA_values"/>
    <testcase time="0.219000000000008" classname="dmt01" name="dmt01_can_handle_numeric_NA_values"/>
    <testcase time="0.427999999999997" classname="dmt01" name="dmt01_can_handle_numeric_NA_values"/>
    <testcase time="0.0169999999999959" classname="dmt01" name="dmt01_returns_an_error_when_variables_are_of_the_wrong_type"/>
    <testcase time="0.168000000000006" classname="dmt01" name="dmt01_works_as_expected_with_setting_default_precision"/>
    <testcase time="0.330999999999989" classname="dmt01" name="dmt01_works_as_expected_with_setting_default_precision"/>
    <testcase time="0.171999999999997" classname="dmt01" name="dmt01_works_as_expected_with_auto_precision_settings"/>
    <testcase time="0.403999999999996" classname="dmt01" name="dmt01_works_as_expected_with_auto_precision_settings"/>
    <testcase time="0.177000000000007" classname="dmt01" name="dmt01_works_as_expected_with_auto_precision_settings_and_defined_precision"/>
    <testcase time="0.384" classname="dmt01" name="dmt01_works_as_expected_with_auto_precision_settings_and_defined_precision"/>
    <testcase time="0.168000000000006" classname="dmt01" name="dmt01_works_as_expected_with_auto_precision_settings_and_defined_precision_and_default"/>
    <testcase time="0.332999999999998" classname="dmt01" name="dmt01_works_as_expected_with_auto_precision_settings_and_defined_precision_and_default"/>
    <testcase time="0.34899999999999" classname="dmt01" name="dmt01_works_as_expected_with_cutomized_stats_value"/>
    <testcase time="0.27300000000001" classname="dmt01" name="dmt01_works_as_expected_with_cutomized_stats_value"/>
    <testcase time="0.149000000000001" classname="dmt01" name="dmt01_works_as_expected_with_empty_list_as_stats_value"/>
    <testcase time="0.301999999999992" classname="dmt01" name="dmt01_works_as_expected_with_empty_list_as_stats_value"/>
    <testcase time="0.0799999999999983" classname="dmt01" name="dmt01_works_as_expected_with_only_one_summaryvars"/>
    <testcase time="0.185000000000002" classname="dmt01" name="dmt01_works_as_expected_with_only_one_summaryvars"/>
  </testsuite>
  <testsuite name="dst01" timestamp="2025-01-10T06:01:11Z" hostname="bb6720eadc32" tests="14" skipped="0" failures="0" errors="0" time="2.474">
    <testcase time="0.141000000000005" classname="dst01" name="dst01_works_as_expected_when_all_data_are_NA"/>
    <testcase time="0.0779999999999887" classname="dst01" name="dst01_works_as_expected_when_all_data_are_NA"/>
    <testcase time="0.123000000000005" classname="dst01" name="dst01_can_handle_all_NA_values_in_DCSREAS"/>
    <testcase time="0.146000000000001" classname="dst01" name="dst01_can_handle_all_NA_values_in_DCSREAS"/>
    <testcase time="0.162000000000006" classname="dst01" name="dst01_can_handle_some_NA_values"/>
    <testcase time="0.215999999999994" classname="dst01" name="dst01_can_handle_some_NA_values"/>
    <testcase time="0.140000000000001" classname="dst01" name="dst01_can_handle_missing_levels_in_status_var"/>
    <testcase time="0.0720000000000027" classname="dst01" name="dst01_can_handle_missing_levels_in_status_var"/>
    <testcase time="0.179999999999993" classname="dst01" name="dst01_can_create_variants"/>
    <testcase time="0.216999999999999" classname="dst01" name="dst01_can_create_variants"/>
    <testcase time="0.216000000000008" classname="dst01" name="dst01_can_create_variants"/>
    <testcase time="0.242000000000004" classname="dst01" name="dst01_can_create_variants"/>
    <testcase time="0.242999999999995" classname="dst01" name="dst01_can_create_variants"/>
    <testcase time="0.298000000000002" classname="dst01" name="dst01_can_create_variants"/>
  </testsuite>
  <testsuite name="dtht01" timestamp="2025-01-10T06:01:13Z" hostname="bb6720eadc32" tests="5" skipped="0" failures="0" errors="0" time="1.463">
    <testcase time="0.106999999999999" classname="dtht01" name="dtht01_can_handle_all_NA_values"/>
    <testcase time="0.167999999999992" classname="dtht01" name="dtht01_can_handle_all_NA_values"/>
    <testcase time="0.265000000000001" classname="dtht01" name="dtht01_can_handle_some_NA_values"/>
    <testcase time="0.341999999999999" classname="dtht01" name="dtht01_can_handle_some_NA_values"/>
    <testcase time="0.581000000000003" classname="dtht01" name="dtht01_can_be_parametrize_as_expected"/>
  </testsuite>
  <testsuite name="egt01" timestamp="2025-01-10T06:01:15Z" hostname="bb6720eadc32" tests="3" skipped="0" failures="0" errors="0" time="6.708">
    <testcase time="3.34400000000001" classname="egt01" name="egt01_functions_with_default_argument_value_return_expected_result_with_test_data"/>
    <testcase time="1.258" classname="egt01" name="egt01_can_handle_n_0_and_outputs_NE_instead_of_infs_and_NAs"/>
    <testcase time="2.10599999999999" classname="egt01" name="egt01_can_handle_n_0_and_outputs_NE_instead_of_infs_and_NAs"/>
  </testsuite>
  <testsuite name="egt02" timestamp="2025-01-10T06:01:22Z" hostname="bb6720eadc32" tests="2" skipped="0" failures="0" errors="0" time="0.681">
    <testcase time="0.355000000000004" classname="egt02" name="egt02_1_functions_with_default_argument_value_return_expected_result_with_test_data"/>
    <testcase time="0.325999999999993" classname="egt02" name="egt02_2_functions_with_default_value_return_expected_result_with_test_data"/>
  </testsuite>
  <testsuite name="egt03" timestamp="2025-01-10T06:01:22Z" hostname="bb6720eadc32" tests="5" skipped="0" failures="0" errors="0" time="3.218">
    <testcase time="1.595" classname="egt03" name="egt03_functions_with_default_argument_value_return_expected_result_with_test_data"/>
    <testcase time="0.0210000000000008" classname="egt03" name="egt03_errors_on_all_NA_values"/>
    <testcase time="0.50500000000001" classname="egt03" name="egt03_can_handle_some_NA_values"/>
    <testcase time="1.08099999999999" classname="egt03" name="egt03_can_handle_some_NA_values"/>
    <testcase time="0.0160000000000053" classname="egt03" name="egt03_fails_on_incomplete_data"/>
  </testsuite>
  <testsuite name="egt05_qtcat" timestamp="2025-01-10T06:01:25Z" hostname="bb6720eadc32" tests="4" skipped="0" failures="0" errors="0" time="3.551">
    <testcase time="2.29000000000001" classname="egt05_qtcat" name="egt05_qtcat_functions_with_default_argument_value_return_expected_result_with_test_data"/>
    <testcase time="0.0169999999999959" classname="egt05_qtcat" name="egt05_qtcat_erros_on_all_NA_values"/>
    <testcase time="0.405999999999992" classname="egt05_qtcat" name="egt05_qtcat_can_handle_some_NA_values"/>
    <testcase time="0.838000000000008" classname="egt05_qtcat" name="egt05_qtcat_can_handle_some_NA_values"/>
  </testsuite>
  <testsuite name="empty_report" timestamp="2025-01-10T06:01:29Z" hostname="bb6720eadc32" tests="25" skipped="0" failures="0" errors="0" time="2.922">
    <testcase time="0.105000000000004" classname="empty_report" name="tlg_functions_return_null_reports_when_domain_table_is_empty"/>
    <testcase time="0.272999999999996" classname="empty_report" name="tlg_functions_return_null_reports_when_domain_table_is_empty"/>
    <testcase time="0.408999999999992" classname="empty_report" name="tlg_functions_return_null_reports_when_domain_table_is_empty"/>
    <testcase time="0.102000000000004" classname="empty_report" name="tlg_functions_return_null_reports_when_domain_table_is_empty"/>
    <testcase time="0.102000000000004" classname="empty_report" name="tlg_functions_return_null_reports_when_domain_table_is_empty"/>
    <testcase time="0.0690000000000026" classname="empty_report" name="tlg_functions_return_null_reports_when_domain_table_is_empty"/>
    <testcase time="0.0929999999999893" classname="empty_report" name="tlg_functions_return_null_reports_when_domain_table_is_empty"/>
    <testcase time="0.144000000000005" classname="empty_report" name="tlg_functions_return_null_reports_when_domain_table_is_empty"/>
    <testcase time="0.168000000000006" classname="empty_report" name="tlg_functions_return_null_reports_when_domain_table_is_empty"/>
    <testcase time="0.083999999999989" classname="empty_report" name="tlg_functions_return_null_reports_when_domain_table_is_empty"/>
    <testcase time="0.0949999999999989" classname="empty_report" name="tlg_functions_return_null_reports_when_domain_table_is_empty"/>
    <testcase time="0.0530000000000115" classname="empty_report" name="tlg_functions_return_null_reports_when_domain_table_is_empty"/>
    <testcase time="0.0480000000000018" classname="empty_report" name="tlg_functions_return_null_reports_when_domain_table_is_empty"/>
    <testcase time="0.0679999999999978" classname="empty_report" name="tlg_functions_return_null_reports_when_domain_table_is_empty"/>
    <testcase time="0.0739999999999981" classname="empty_report" name="tlg_functions_return_null_reports_when_domain_table_is_empty"/>
    <testcase time="0.0799999999999983" classname="empty_report" name="tlg_functions_return_null_reports_when_domain_table_is_empty"/>
    <testcase time="0.0840000000000032" classname="empty_report" name="tlg_functions_return_null_reports_when_domain_table_is_empty"/>
    <testcase time="0.097999999999999" classname="empty_report" name="tlg_functions_return_null_reports_when_domain_table_is_empty"/>
    <testcase time="0.311999999999998" classname="empty_report" name="tlg_functions_return_null_reports_when_domain_table_is_empty"/>
    <testcase time="0.0990000000000038" classname="empty_report" name="tlg_functions_return_null_reports_when_domain_table_is_empty"/>
    <testcase time="0.090999999999994" classname="empty_report" name="tlg_functions_return_null_reports_when_domain_table_is_empty"/>
    <testcase time="0.0670000000000073" classname="empty_report" name="tlg_functions_return_null_reports_when_domain_table_is_empty"/>
    <testcase time="0.0959999999999894" classname="empty_report" name="tlg_functions_return_null_reports_when_domain_table_is_empty"/>
    <testcase time="0.0560000000000116" classname="empty_report" name="tlg_functions_return_null_reports_when_domain_table_is_empty"/>
    <testcase time="0.0519999999999925" classname="empty_report" name="tlg_functions_return_null_reports_when_domain_table_is_empty"/>
  </testsuite>
  <testsuite name="ext01" timestamp="2025-01-10T06:01:32Z" hostname="bb6720eadc32" tests="10" skipped="0" failures="0" errors="0" time="5.135">
    <testcase time="0.498000000000005" classname="ext01" name="ext01_functions_with_default_argument_value_return_expected_result_with_test_data"/>
    <testcase time="0.555999999999997" classname="ext01" name="ext01_functions_with_categorical_data_return_expected_result_with_test_data"/>
    <testcase time="0.194999999999993" classname="ext01" name="ext01_works"/>
    <testcase time="0.324000000000012" classname="ext01" name="ext01_works"/>
    <testcase time="0.178999999999988" classname="ext01" name="ext01_works"/>
    <testcase time="0.317000000000007" classname="ext01" name="ext01_works"/>
    <testcase time="0.551000000000002" classname="ext01" name="ext01_works_for_selected_parameters_and_categorical_variables"/>
    <testcase time="0.828000000000003" classname="ext01" name="ext01_works_with_custom_mapping_order"/>
    <testcase time="0.815999999999988" classname="ext01" name="ext01_works_with_custom_mapping_order_for_a_single_split"/>
    <testcase time="0.871000000000009" classname="ext01" name="ext01_works_with_custom_mapping_fill_in_value"/>
  </testsuite>
  <testsuite name="fstg01" timestamp="2025-01-10T06:01:37Z" hostname="bb6720eadc32" tests="13" skipped="0" failures="0" errors="0" time="6.762">
    <testcase time="0.012999999999991" classname="fstg01" name="fstg01_works_as_expected"/>
    <testcase time="1.301" classname="fstg01" name="fstg01_works_as_expected"/>
    <testcase time="0.00300000000000011" classname="fstg01" name="fstg01_works_as_expected"/>
    <testcase time="1.29900000000001" classname="fstg01" name="fstg01_works_as_expected_with_custom_color_set"/>
    <testcase time="0.00300000000000011" classname="fstg01" name="fstg01_works_as_expected_with_custom_color_set"/>
    <testcase time="1.268" classname="fstg01" name="fstg01_works_as_expected_with_custom_color_set"/>
    <testcase time="0.00300000000000011" classname="fstg01" name="fstg01_works_as_expected_with_custom_color_set"/>
    <testcase time="0.647999999999996" classname="fstg01" name="fstg01_works_if_changes_are_in_subgroups_conf_level_and_label_all"/>
    <testcase time="0.00799999999999557" classname="fstg01" name="fstg01_works_if_changes_are_in_subgroups_conf_level_and_label_all"/>
    <testcase time="0.89200000000001" classname="fstg01" name="fstg01_works_if_changes_are_in_subgroups_conf_level_and_label_all"/>
    <testcase time="0.00399999999999068" classname="fstg01" name="fstg01_works_if_changes_are_in_subgroups_conf_level_and_label_all"/>
    <testcase time="1.31700000000001" classname="fstg01" name="fstg01_can_handle_some_NA_values_in_subgroups"/>
    <testcase time="0.00300000000000011" classname="fstg01" name="fstg01_can_handle_some_NA_values_in_subgroups"/>
  </testsuite>
  <testsuite name="fstg02" timestamp="2025-01-10T06:01:44Z" hostname="bb6720eadc32" tests="9" skipped="0" failures="0" errors="0" time="9.104">
    <testcase time="0.0120000000000005" classname="fstg02" name="fstg02_works_as_expected"/>
    <testcase time="1.26899999999999" classname="fstg02" name="fstg02_works_as_expected"/>
    <testcase time="1.31" classname="fstg02" name="fstg02_works_as_expected_with_custom_color_set"/>
    <testcase time="1.29600000000001" classname="fstg02" name="fstg02_works_as_expected_with_custom_color_set"/>
    <testcase time="0.62299999999999" classname="fstg02" name="fstg02_works_if_changes_are_in_subgroups_strata_var_conf_level_and_label_all"/>
    <testcase time="1.04900000000001" classname="fstg02" name="fstg02_works_if_changes_are_in_subgroups_strata_var_conf_level_and_label_all"/>
    <testcase time="1.17099999999999" classname="fstg02" name="fstg02_can_handle_some_NA_values_in_subgroups"/>
    <testcase time="1.16900000000001" classname="fstg02" name="fstg02_can_handle_customized_time_units"/>
    <testcase time="1.205" classname="fstg02" name="fstg02_can_handle_customized_time_units"/>
  </testsuite>
  <testsuite name="kmg01" timestamp="2025-01-10T06:01:53Z" hostname="bb6720eadc32" tests="13" skipped="0" failures="0" errors="0" time="2.118">
    <testcase time="0.0110000000000099" classname="kmg01" name="kmg01_works_as_expected"/>
    <testcase time="0.367999999999995" classname="kmg01" name="kmg01_works_as_expected"/>
    <testcase time="0.00300000000000011" classname="kmg01" name="kmg01_works_as_expected"/>
    <testcase time="0.370000000000005" classname="kmg01" name="kmg01_works_as_expected_with_custom_color_set"/>
    <testcase time="0.00300000000000011" classname="kmg01" name="kmg01_works_as_expected_with_custom_color_set"/>
    <testcase time="0.367999999999995" classname="kmg01" name="kmg01_works_as_expected_with_custom_color_set"/>
    <testcase time="0.00300000000000011" classname="kmg01" name="kmg01_works_as_expected_with_custom_color_set"/>
    <testcase time="0.358000000000004" classname="kmg01" name="kmg01_works_if_change_pvalue_ties_and_conf_level"/>
    <testcase time="0.00300000000000011" classname="kmg01" name="kmg01_works_if_change_pvalue_ties_and_conf_level"/>
    <testcase time="0.381999999999991" classname="kmg01" name="kmg01_works_if_change_annotation_position"/>
    <testcase time="0.00300000000000011" classname="kmg01" name="kmg01_works_if_change_annotation_position"/>
    <testcase time="0.243000000000009" classname="kmg01" name="kmg01_works_for_stratified_analysis"/>
    <testcase time="0.00300000000000011" classname="kmg01" name="kmg01_works_for_stratified_analysis"/>
  </testsuite>
  <testsuite name="lbt01" timestamp="2025-01-10T06:01:55Z" hostname="bb6720eadc32" tests="4" skipped="0" failures="0" errors="0" time="9.981">
    <testcase time="3.24799999999999" classname="lbt01" name="lbt01_functions_with_default_argument_value_return_expected_result_with_test_data"/>
    <testcase time="3.40600000000002" classname="lbt01" name="lbt01_functions_with_row_split_var_return_expected_result_with_test_data"/>
    <testcase time="1.06399999999999" classname="lbt01" name="lbt01_can_handle_n_0_and_outputs_NE_instead_of_infs_and_NAs"/>
    <testcase time="2.26300000000001" classname="lbt01" name="lbt01_can_handle_n_0_and_outputs_NE_instead_of_infs_and_NAs"/>
  </testsuite>
  <testsuite name="lbt04" timestamp="2025-01-10T06:02:05Z" hostname="bb6720eadc32" tests="8" skipped="0" failures="0" errors="0" time="3.426">
    <testcase time="1.048" classname="lbt04" name="lbt04_functions_with_default_argument_value_return_expected_result_with_test_data"/>
    <testcase time="0.0849999999999795" classname="lbt04" name="lbt04_can_handle_all_NA_values"/>
    <testcase time="0.0910000000000082" classname="lbt04" name="lbt04_can_handle_all_NA_values"/>
    <testcase time="0.330999999999989" classname="lbt04" name="lbt04_can_handle_missing_levels"/>
    <testcase time="0.707000000000022" classname="lbt04" name="lbt04_can_handle_missing_levels"/>
    <testcase time="0.516999999999996" classname="lbt04" name="lbt04_can_handle_some_NA_values"/>
    <testcase time="0.626999999999981" classname="lbt04" name="lbt04_can_handle_some_NA_values"/>
    <testcase time="0.0200000000000102" classname="lbt04" name="lbt04_fails_on_incomlete_data"/>
  </testsuite>
  <testsuite name="lbt05" timestamp="2025-01-10T06:02:08Z" hostname="bb6720eadc32" tests="6" skipped="0" failures="0" errors="0" time="1.945">
    <testcase time="0.674000000000007" classname="lbt05" name="lbt05_functions_with_default_argument_value_return_expected_result_with_test_data"/>
    <testcase time="0.268000000000001" classname="lbt05" name="lbt05_functions_with_default_argument_value_return_expected_result_with_test_data"/>
    <testcase time="0.296999999999997" classname="lbt05" name="lbt05_give_all_0_count_if_ANRIND_are_all_missing"/>
    <testcase time="0.286000000000001" classname="lbt05" name="lbt05_can_handle_some_NA_values"/>
    <testcase time="0.387" classname="lbt05" name="lbt05_can_handle_some_NA_values"/>
    <testcase time="0.032999999999987" classname="lbt05" name="lbt05_fails_on_incomlete_data"/>
  </testsuite>
  <testsuite name="lbt06" timestamp="2025-01-10T06:02:10Z" hostname="bb6720eadc32" tests="3" skipped="0" failures="0" errors="0" time="3.699">
    <testcase time="0.971000000000004" classname="lbt06" name="lbt06_gives_all_0_count_if_ANRIND_and_BNRIND_are_all_missing"/>
    <testcase time="2.697" classname="lbt06" name="lbt06_can_handle_some_NA_values"/>
    <testcase time="0.0310000000000059" classname="lbt06" name="lbt06_fails_on_incomplete_data"/>
  </testsuite>
  <testsuite name="lbt07" timestamp="2025-01-10T06:02:14Z" hostname="bb6720eadc32" tests="4" skipped="0" failures="0" errors="0" time="1.66">
    <testcase time="0.828000000000003" classname="lbt07" name="lbt07_functions_with_default_argument_value_return_expected_result_with_test_data"/>
    <testcase time="0.369999999999976" classname="lbt07" name="lbt07_can_handle_some_NA_values"/>
    <testcase time="0.420000000000016" classname="lbt07" name="lbt07_can_handle_some_NA_values"/>
    <testcase time="0.0420000000000016" classname="lbt07" name="lbt07_fails_on_incomlete_data"/>
  </testsuite>
  <testsuite name="lbt14" timestamp="2025-01-10T06:02:16Z" hostname="bb6720eadc32" tests="20" skipped="0" failures="0" errors="0" time="8.19">
    <testcase time="0.658999999999992" classname="lbt14" name="lbt14_functions_with_default_argument_value_return_expected_result_with_test_data"/>
    <testcase time="0.522999999999996" classname="lbt14" name="lbt14_functions_with_default_argument_value_return_expected_result_with_test_data_when_direction_high"/>
    <testcase time="0.611000000000018" classname="lbt14" name="lbt14_functions_with_gr_missing_excl_return_expected_result_with_test_data"/>
    <testcase time="0.613" classname="lbt14" name="lbt14_functions_with_gr_missing_gr_0_return_expected_result_with_test_data"/>
    <testcase time="0.373999999999995" classname="lbt14" name="lbt14_can_handle_all_NA_values"/>
    <testcase time="0.140999999999991" classname="lbt14" name="lbt14_can_handle_all_NA_values"/>
    <testcase time="0.421999999999997" classname="lbt14" name="lbt14_can_handle_some_NA_values"/>
    <testcase time="0.329000000000008" classname="lbt14" name="lbt14_can_handle_some_NA_values"/>
    <testcase time="1.36799999999999" classname="lbt14" name="lbt14_can_accept_different_gr_missing"/>
    <testcase time="0.278999999999996" classname="lbt14" name="lbt14_can_accept_different_gr_missing"/>
    <testcase time="0.27000000000001" classname="lbt14" name="lbt14_can_accept_different_gr_missing"/>
    <testcase time="0.0229999999999961" classname="lbt14" name="lbt14_fails_on_incomlete_data"/>
    <testcase time="0.379999999999995" classname="lbt14" name="lbt14_can_handle_all_NA_values_with_direction_high"/>
    <testcase time="0.14500000000001" classname="lbt14" name="lbt14_can_handle_all_NA_values_with_direction_high"/>
    <testcase time="0.397999999999996" classname="lbt14" name="lbt14_can_handle_some_NA_values_with_direction_high"/>
    <testcase time="0.179000000000002" classname="lbt14" name="lbt14_can_handle_some_NA_values_with_direction_high"/>
    <testcase time="1.16800000000001" classname="lbt14" name="lbt14_can_accept_different_gr_missing_with_direction_high"/>
    <testcase time="0.146999999999991" classname="lbt14" name="lbt14_can_accept_different_gr_missing_with_direction_high"/>
    <testcase time="0.144000000000005" classname="lbt14" name="lbt14_can_accept_different_gr_missing_with_direction_high"/>
    <testcase time="0.0169999999999959" classname="lbt14" name="lbt14_fails_on_incomlete_data"/>
  </testsuite>
  <testsuite name="lbt15" timestamp="2025-01-10T06:02:24Z" hostname="bb6720eadc32" tests="12" skipped="0" failures="0" errors="0" time="5.967">
    <testcase time="1.02099999999999" classname="lbt15" name="lbt15_functions_with_default_argument_value_return_expected_result_with_test_data"/>
    <testcase time="0.323000000000008" classname="lbt15" name="lbt15_can_handle_all_NA_values"/>
    <testcase time="0.897999999999996" classname="lbt15" name="lbt15_can_handle_all_NA_values"/>
    <testcase time="0.293000000000006" classname="lbt15" name="lbt15_can_handle_missing_levels"/>
    <testcase time="0.62299999999999" classname="lbt15" name="lbt15_can_handle_missing_levels"/>
    <testcase time="0.293000000000006" classname="lbt15" name="lbt15_can_handle_missing_levels_in_baseline"/>
    <testcase time="0.62299999999999" classname="lbt15" name="lbt15_can_handle_missing_levels_in_baseline"/>
    <testcase time="0.297000000000025" classname="lbt15" name="lbt15_can_handle_some_NA_values"/>
    <testcase time="0.629000000000019" classname="lbt15" name="lbt15_can_handle_some_NA_values"/>
    <testcase time="0.300999999999988" classname="lbt15" name="lbt15_can_handle_some_NA_values_in_baseline"/>
    <testcase time="0.650000000000006" classname="lbt15" name="lbt15_can_handle_some_NA_values_in_baseline"/>
    <testcase time="0.0159999999999911" classname="lbt15" name="lbt15_fails_on_incomlete_data"/>
  </testsuite>
  <testsuite name="mht01" timestamp="2025-01-10T06:02:30Z" hostname="bb6720eadc32" tests="4" skipped="0" failures="0" errors="0" time="3.148">
    <testcase time="0.643000000000001" classname="mht01" name="mht01_functions_with_default_argument_value_return_expected_result_with_test_data"/>
    <testcase time="0.652000000000015" classname="mht01" name="mht01_works"/>
    <testcase time="0.649999999999977" classname="mht01" name="mht01_works_on_NULL_in_lbl_mhbodsys_or_lbl_mhdecod"/>
    <testcase time="1.203" classname="mht01" name="mht01_works_with_other_row_split_var"/>
  </testsuite>
  <testsuite name="mng01" timestamp="2025-01-10T06:02:33Z" hostname="bb6720eadc32" tests="19" skipped="8" failures="0" errors="0" time="8.774">
    <testcase time="0.90900000000002" classname="mng01" name="mng01_works_as_expected_with_default_argument_values"/>
    <testcase time="0.00199999999998113" classname="mng01" name="mng01_works_as_expected_with_default_argument_values">
      <skipped message="Reason: On CI ('test-mng01.R:9:5')"/>
    </testcase>
    <testcase time="0.929000000000002" classname="mng01" name="mng01_works_as_expected_with_custom_argument_values"/>
    <testcase time="0.0109999999999957" classname="mng01" name="mng01_works_as_expected_with_custom_argument_values"/>
    <testcase time="0.00100000000000477" classname="mng01" name="mng01_works_as_expected_with_custom_argument_values">
      <skipped message="Reason: On CI ('test-mng01.R:45:5')"/>
    </testcase>
    <testcase time="0.963999999999999" classname="mng01" name="mng01_works_as_expected_with_custom_color_set"/>
    <testcase time="0.938000000000017" classname="mng01" name="mng01_works_as_expected_with_custom_color_set"/>
    <testcase time="0.00100000000000477" classname="mng01" name="mng01_works_as_expected_with_custom_color_set">
      <skipped message="Reason: On CI ('test-mng01.R:69:5')"/>
    </testcase>
    <testcase time="0.952999999999975" classname="mng01" name="mng01_works_as_expected_with_custom_line_type_set"/>
    <testcase time="0.950000000000017" classname="mng01" name="mng01_works_as_expected_with_custom_line_type_set"/>
    <testcase time="0.00100000000000477" classname="mng01" name="mng01_works_as_expected_with_custom_line_type_set">
      <skipped message="Reason: On CI ('test-mng01.R:91:5')"/>
    </testcase>
    <testcase time="0.179000000000002" classname="mng01" name="mng01_works_with_table_NULL"/>
    <testcase time="0.00100000000000477" classname="mng01" name="mng01_works_with_table_NULL">
      <skipped message="Reason: On CI ('test-mng01.R:104:5')"/>
    </testcase>
    <testcase time="0.985000000000014" classname="mng01" name="mng01_works_with_combination_of_x_variables"/>
    <testcase time="0.00100000000000477" classname="mng01" name="mng01_works_with_combination_of_x_variables">
      <skipped message="Reason: On CI ('test-mng01.R:122:5')"/>
    </testcase>
    <testcase time="0.941000000000003" classname="mng01" name="mng01_works_with_numeric_x_variable"/>
    <testcase time="0.000999999999976353" classname="mng01" name="mng01_works_with_numeric_x_variable">
      <skipped message="Reason: On CI ('test-mng01.R:143:5')"/>
    </testcase>
    <testcase time="1.006" classname="mng01" name="mng01_works_with_numeric_jitter"/>
    <testcase time="0.00100000000000477" classname="mng01" name="mng01_works_with_numeric_jitter">
      <skipped message="Reason: On CI ('test-mng01.R:161:5')"/>
    </testcase>
  </testsuite>
  <testsuite name="pdt01" timestamp="2025-01-10T06:02:42Z" hostname="bb6720eadc32" tests="5" skipped="0" failures="0" errors="0" time="1.294">
    <testcase time="0.496000000000009" classname="pdt01" name="pdt01_function_with_default_argument_value_return_expected_result_with_test_data"/>
    <testcase time="0.12700000000001" classname="pdt01" name="pdt01_can_handle_all_NA_values"/>
    <testcase time="0.170999999999992" classname="pdt01" name="pdt01_can_handle_all_NA_values"/>
    <testcase time="0.216999999999985" classname="pdt01" name="pdt01_can_handle_some_NA_values"/>
    <testcase time="0.283000000000015" classname="pdt01" name="pdt01_can_handle_some_NA_values"/>
  </testsuite>
  <testsuite name="pdt02" timestamp="2025-01-10T06:02:43Z" hostname="bb6720eadc32" tests="5" skipped="0" failures="0" errors="0" time="1.066">
    <testcase time="0.347000000000008" classname="pdt02" name="pdt02_function_with_default_argument_value_return_expected_result_with_test_data"/>
    <testcase time="0.152999999999992" classname="pdt02" name="pdt02_can_handle_all_NA_values"/>
    <testcase time="0.198000000000008" classname="pdt02" name="pdt02_can_handle_all_NA_values"/>
    <testcase time="0.151999999999987" classname="pdt02" name="pdt02_can_handle_some_NA_values"/>
    <testcase time="0.216000000000008" classname="pdt02" name="pdt02_can_handle_some_NA_values"/>
  </testsuite>
  <testsuite name="reexports" timestamp="2025-01-10T06:02:44Z" hostname="bb6720eadc32" tests="2" skipped="0" failures="0" errors="0" time="0.02">
    <testcase time="0.0120000000000005" classname="reexports" name="with_label_exported_correctly"/>
    <testcase time="0.00799999999998136" classname="reexports" name="reformat_exported_correctly"/>
  </testsuite>
  <testsuite name="report_null" timestamp="2025-01-10T06:02:44Z" hostname="bb6720eadc32" tests="12" skipped="0" failures="0" errors="0" time="0.18">
    <testcase time="0.0160000000000196" classname="report_null" name="report_null_works_as_expected_with_NULL_"/>
    <testcase time="0.0109999999999957" classname="report_null" name="report_null_works_as_expected_with_NULL_"/>
    <testcase time="0.0310000000000059" classname="report_null" name="report_null_works_as_expected_with_VTableTree_"/>
    <testcase time="0.0229999999999961" classname="report_null" name="report_null_works_as_expected_with_VTableTree_"/>
    <testcase time="0.0109999999999957" classname="report_null" name="report_null_works_as_expected_with_VTableTree_"/>
    <testcase time="0.00800000000000978" classname="report_null" name="report_null_works_as_expected_with_listing_df_"/>
    <testcase time="0.0120000000000005" classname="report_null" name="report_null_works_as_expected_with_listing_df_"/>
    <testcase time="0.0169999999999959" classname="report_null" name="report_null_works_as_expected_with_listing_df_"/>
    <testcase time="0.0129999999999768" classname="report_null" name="report_null_works_as_expected_with_list_"/>
    <testcase time="0.0290000000000248" classname="report_null" name="report_null_works_as_expected_with_list_"/>
    <testcase time="0.00600000000000023" classname="report_null" name="report_null_works_as_expected_with_by_default"/>
    <testcase time="0.0029999999999859" classname="report_null" name="report_null_works_as_expected_with_by_default"/>
  </testsuite>
  <testsuite name="rmpt01" timestamp="2025-01-10T06:02:44Z" hostname="bb6720eadc32" tests="11" skipped="0" failures="0" errors="0" time="1.752">
    <testcase time="0.222000000000008" classname="rmpt01" name="rmpt01_function_with_default_argument_value_return_expected_result_with_test_data"/>
    <testcase time="0.0739999999999839" classname="rmpt01" name="rmpt01_can_handle_NA_values"/>
    <testcase time="0.152000000000015" classname="rmpt01" name="rmpt01_can_handle_NA_values"/>
    <testcase time="0.141999999999996" classname="rmpt01" name="rmpt01_can_handle_NA_values"/>
    <testcase time="0.282999999999987" classname="rmpt01" name="rmpt01_can_handle_NA_values"/>
    <testcase time="0.0829999999999984" classname="rmpt01" name="rmpt01_can_handle_some_NA_values"/>
    <testcase time="0.155000000000001" classname="rmpt01" name="rmpt01_can_handle_some_NA_values"/>
    <testcase time="0.346000000000004" classname="rmpt01" name="rmpt01_can_handle_some_NA_values"/>
    <testcase time="0.233000000000004" classname="rmpt01" name="rmpt01_can_handle_some_NA_values"/>
    <testcase time="0.0360000000000014" classname="rmpt01" name="rmpt01_fails_on_incomlete_data"/>
    <testcase time="0.0260000000000105" classname="rmpt01" name="rmpt01_fails_on_incomlete_data"/>
  </testsuite>
  <testsuite name="rmpt03" timestamp="2025-01-10T06:02:46Z" hostname="bb6720eadc32" tests="12" skipped="0" failures="0" errors="0" time="2.006">
    <testcase time="0.322000000000003" classname="rmpt03" name="rmpt03_function_with_default_argument_value_return_expected_result_with_test_data"/>
    <testcase time="0.114999999999981" classname="rmpt03" name="rmpt03_can_handle_NA_values"/>
    <testcase time="0.211000000000013" classname="rmpt03" name="rmpt03_can_handle_NA_values"/>
    <testcase time="0.188999999999993" classname="rmpt03" name="rmpt03_can_handle_NA_values"/>
    <testcase time="0.288000000000011" classname="rmpt03" name="rmpt03_can_handle_NA_values"/>
    <testcase time="0.114999999999981" classname="rmpt03" name="rmpt03_can_handle_some_NA_values"/>
    <testcase time="0.212000000000018" classname="rmpt03" name="rmpt03_can_handle_some_NA_values"/>
    <testcase time="0.182999999999993" classname="rmpt03" name="rmpt03_can_handle_some_NA_values"/>
    <testcase time="0.288000000000011" classname="rmpt03" name="rmpt03_can_handle_some_NA_values"/>
    <testcase time="0.0349999999999966" classname="rmpt03" name="rmpt03_fails_on_incomlete_data"/>
    <testcase time="0.0319999999999823" classname="rmpt03" name="rmpt03_fails_on_incomlete_data"/>
    <testcase time="0.0160000000000196" classname="rmpt03" name="rmpt03_fails_on_incomlete_data"/>
  </testsuite>
  <testsuite name="rmpt04" timestamp="2025-01-10T06:02:48Z" hostname="bb6720eadc32" tests="10" skipped="0" failures="0" errors="0" time="1.05">
    <testcase time="0.179000000000002" classname="rmpt04" name="rmpt04_function_with_default_argument_value_return_expected_result_with_test_data"/>
    <testcase time="0.0589999999999975" classname="rmpt04" name="rmpt04_can_handle_NA_values"/>
    <testcase time="0.180999999999983" classname="rmpt04" name="rmpt04_can_handle_NA_values"/>
    <testcase time="0.0550000000000068" classname="rmpt04" name="rmpt04_can_handle_NA_values"/>
    <testcase time="0.125" classname="rmpt04" name="rmpt04_can_handle_NA_values"/>
    <testcase time="0.063999999999993" classname="rmpt04" name="rmpt04_can_handle_some_NA_values"/>
    <testcase time="0.120000000000005" classname="rmpt04" name="rmpt04_can_handle_some_NA_values"/>
    <testcase time="0.0730000000000075" classname="rmpt04" name="rmpt04_can_handle_some_NA_values"/>
    <testcase time="0.135999999999996" classname="rmpt04" name="rmpt04_can_handle_some_NA_values"/>
    <testcase time="0.0579999999999927" classname="rmpt04" name="rmpt04_fails_on_incomlete_data"/>
  </testsuite>
  <testsuite name="rmpt05" timestamp="2025-01-10T06:02:49Z" hostname="bb6720eadc32" tests="10" skipped="0" failures="0" errors="0" time="1.052">
    <testcase time="0.194999999999993" classname="rmpt05" name="rmpt05_function_with_default_argument_value_return_expected_result_with_test_data"/>
    <testcase time="0.0670000000000073" classname="rmpt05" name="rmpt05_can_handle_NA_values"/>
    <testcase time="0.134000000000015" classname="rmpt05" name="rmpt05_can_handle_NA_values"/>
    <testcase time="0.0579999999999927" classname="rmpt05" name="rmpt05_can_handle_NA_values"/>
    <testcase time="0.135999999999996" classname="rmpt05" name="rmpt05_can_handle_NA_values"/>
    <testcase time="0.0629999999999882" classname="rmpt05" name="rmpt05_can_handle_some_NA_values"/>
    <testcase time="0.134000000000015" classname="rmpt05" name="rmpt05_can_handle_some_NA_values"/>
    <testcase time="0.0670000000000073" classname="rmpt05" name="rmpt05_can_handle_some_NA_values"/>
    <testcase time="0.141999999999996" classname="rmpt05" name="rmpt05_can_handle_some_NA_values"/>
    <testcase time="0.0559999999999832" classname="rmpt05" name="rmpt05_fails_on_incomlete_data"/>
  </testsuite>
  <testsuite name="rmpt06" timestamp="2025-01-10T06:02:50Z" hostname="bb6720eadc32" tests="6" skipped="0" failures="0" errors="0" time="2.029">
    <testcase time="0.555000000000007" classname="rmpt06" name="rmpt06_works_as_expected"/>
    <testcase time="0.591000000000008" classname="rmpt06" name="rmpt06_works_as_expected_with_show_diff_TRUE"/>
    <testcase time="0.22199999999998" classname="rmpt06" name="rmpt06_can_handle_all_NA_values"/>
    <testcase time="0.286000000000001" classname="rmpt06" name="rmpt06_can_handle_all_NA_values"/>
    <testcase time="0.233000000000004" classname="rmpt06" name="rmpt06_can_handle_all_NA_values"/>
    <testcase time="0.141999999999996" classname="rmpt06" name="rmpt06_can_handle_all_NA_values"/>
  </testsuite>
  <testsuite name="rspt01" timestamp="2025-01-10T06:02:52Z" hostname="bb6720eadc32" tests="27" skipped="0" failures="0" errors="0" time="7.648">
    <testcase time="0.0160000000000196" classname="rspt01" name="rspt01_works_as_expected"/>
    <testcase time="0.312999999999988" classname="rspt01" name="rspt01_works_as_expected"/>
    <testcase time="0.25800000000001" classname="rspt01" name="rspt01_works_as_expected"/>
    <testcase time="0.305999999999983" classname="rspt01" name="rspt01_works_as_expected_for_stratified_and_unstratified_analysis"/>
    <testcase time="0.282000000000011" classname="rspt01" name="rspt01_works_as_expected_for_stratified_and_unstratified_analysis"/>
    <testcase time="0.344999999999999" classname="rspt01" name="rspt01_works_as_expected_for_stratified_and_unstratified_analysis"/>
    <testcase time="0.312999999999988" classname="rspt01" name="rspt01_works_as_expected_for_stratified_and_unstratified_analysis"/>
    <testcase time="0.263000000000005" classname="rspt01" name="rspt01_works_as_expected_for_unstratified_analysis_only"/>
    <testcase time="0.25200000000001" classname="rspt01" name="rspt01_works_as_expected_for_unstratified_analysis_only"/>
    <testcase time="0.275000000000006" classname="rspt01" name="rspt01_works_as_expected_for_unstratified_analysis_only"/>
    <testcase time="0.270999999999987" classname="rspt01" name="rspt01_works_as_expected_for_unstratified_analysis_only"/>
    <testcase time="0.260999999999996" classname="rspt01" name="rspt01_works_as_expected_for_stratified_analysis_only"/>
    <testcase time="0.246000000000009" classname="rspt01" name="rspt01_works_as_expected_for_stratified_analysis_only"/>
    <testcase time="0.271999999999991" classname="rspt01" name="rspt01_works_as_expected_for_stratified_analysis_only"/>
    <testcase time="0.261000000000024" classname="rspt01" name="rspt01_works_as_expected_for_stratified_analysis_only"/>
    <testcase time="0.282999999999987" classname="rspt01" name="rspt01_works_if_change_reference_group"/>
    <testcase time="0.26400000000001" classname="rspt01" name="rspt01_works_if_change_reference_group"/>
    <testcase time="0.351999999999975" classname="rspt01" name="rspt01_works_if_change_reference_group"/>
    <testcase time="0.315000000000026" classname="rspt01" name="rspt01_works_if_change_reference_group"/>
    <testcase time="0.286999999999978" classname="rspt01" name="rspt01_works_if_change_statistic_methods"/>
    <testcase time="0.261000000000024" classname="rspt01" name="rspt01_works_if_change_statistic_methods"/>
    <testcase time="0.356999999999999" classname="rspt01" name="rspt01_works_if_change_statistic_methods"/>
    <testcase time="0.343000000000018" classname="rspt01" name="rspt01_works_if_change_statistic_methods"/>
    <testcase time="0.293999999999983" classname="rspt01" name="rspt01_works_if_change_confidence_interval"/>
    <testcase time="0.27200000000002" classname="rspt01" name="rspt01_works_if_change_confidence_interval"/>
    <testcase time="0.365000000000009" classname="rspt01" name="rspt01_works_if_change_confidence_interval"/>
    <testcase time="0.320999999999998" classname="rspt01" name="rspt01_works_if_change_confidence_interval"/>
  </testsuite>
  <testsuite name="ttet01" timestamp="2025-01-10T06:03:00Z" hostname="bb6720eadc32" tests="16" skipped="0" failures="0" errors="0" time="5.818">
    <testcase time="0.0169999999999959" classname="ttet01" name="ttet01_works_as_expected"/>
    <testcase time="0.438000000000017" classname="ttet01" name="ttet01_works_as_expected"/>
    <testcase time="0.508999999999986" classname="ttet01" name="ttet01_works_as_expected"/>
    <testcase time="0.0250000000000057" classname="ttet01" name="ttet01_returns_an_error_when_one_level_or_arm_var_is_empty"/>
    <testcase time="0.355999999999995" classname="ttet01" name="ttet01_works_as_expected_for_stratified_and_unstratified_analysis"/>
    <testcase time="0.364000000000004" classname="ttet01" name="ttet01_works_as_expected_for_stratified_and_unstratified_analysis"/>
    <testcase time="0.451999999999998" classname="ttet01" name="ttet01_works_as_expected_for_stratified_and_unstratified_analysis"/>
    <testcase time="0.444999999999993" classname="ttet01" name="ttet01_works_as_expected_for_stratified_and_unstratified_analysis"/>
    <testcase time="0.359000000000009" classname="ttet01" name="ttet01_works_as_expected_for_stratified_analysis_only"/>
    <testcase time="0.358000000000004" classname="ttet01" name="ttet01_works_as_expected_for_stratified_analysis_only"/>
    <testcase time="0.403999999999996" classname="ttet01" name="ttet01_works_as_expected_for_stratified_analysis_only"/>
    <testcase time="0.406000000000006" classname="ttet01" name="ttet01_works_as_expected_for_stratified_analysis_only"/>
    <testcase time="0.540999999999997" classname="ttet01" name="ttet01_works_if_change_reference_group"/>
    <testcase time="0.347000000000008" classname="ttet01" name="ttet01_works_if_change_reference_group"/>
    <testcase time="0.390999999999991" classname="ttet01" name="ttet01_works_if_change_reference_group"/>
    <testcase time="0.406000000000006" classname="ttet01" name="ttet01_works_if_change_reference_group"/>
  </testsuite>
  <testsuite name="unwrap" timestamp="2025-01-10T06:03:06Z" hostname="bb6720eadc32" tests="12" skipped="0" failures="0" errors="0" time="0.159">
    <testcase time="0.0139999999999816" classname="unwrap" name="unwrap_layout_works_as_expected_with_standard_chevron_t_main_function"/>
    <testcase time="0.00100000000000477" classname="unwrap" name="unwrap_layout_works_as_expected_with_standard_chevron_t_main_function"/>
    <testcase time="0.00100000000000477" classname="unwrap" name="unwrap_layout_works_as_expected_with_standard_chevron_t_main_function"/>
    <testcase time="0.0240000000000009" classname="unwrap" name="unwrap_layout_works_as_expected_with_standard_chevron_t_main_function"/>
    <testcase time="0.0109999999999957" classname="unwrap" name="unwrap_layout_works_as_expected_with_standard_chevron_g_main_function"/>
    <testcase time="0.007000000000005" classname="unwrap" name="unwrap_layout_works_as_expected_with_standard_chevron_l_main_function"/>
    <testcase time="0.007000000000005" classname="unwrap" name="unwrap_layout_works_as_expected_with_a_custom_function_without_layout_function"/>
    <testcase time="0.0279999999999916" classname="unwrap" name="unwrap_layout_works_as_expected_with_a_custom_function_with_layout_function"/>
    <testcase time="0.00100000000000477" classname="unwrap" name="unwrap_layout_works_as_expected_with_a_custom_function_with_layout_function"/>
    <testcase time="0.0300000000000011" classname="unwrap" name="unwrap_layout_works_as_expected_with_multiple_layout_function"/>
    <testcase time="0.0339999999999918" classname="unwrap" name="unwrap_layout_works_as_expected_on_custom_function_with_overwritten_layout_function"/>
    <testcase time="0.00100000000000477" classname="unwrap" name="unwrap_layout_works_as_expected_on_custom_function_with_overwritten_layout_function"/>
  </testsuite>
  <testsuite name="utils" timestamp="2025-01-10T06:03:06Z" hostname="bb6720eadc32" tests="81" skipped="0" failures="0" errors="0" time="2.333">
    <testcase time="0.00899999999998613" classname="utils" name="h_format_dec_works_as_exected"/>
    <testcase time="0.00300000000001432" classname="utils" name="h_format_dec_works_as_exected"/>
    <testcase time="0.00100000000000477" classname="utils" name="h_format_dec_works_as_exected"/>
    <testcase time="0.0029999999999859" classname="utils" name="h_format_dec_works_as_exected"/>
    <testcase time="0.00100000000000477" classname="utils" name="h_format_dec_works_as_exected"/>
    <testcase time="0.0029999999999859" classname="utils" name="h_format_dec_works_as_exected"/>
    <testcase time="0.00100000000000477" classname="utils" name="h_format_dec_works_as_exected"/>
    <testcase time="0.00300000000001432" classname="utils" name="h_format_dec_works_as_exected"/>
    <testcase time="0.00199999999998113" classname="utils" name="h_format_dec_works_as_exected"/>
    <testcase time="0.00200000000000955" classname="utils" name="h_format_dec_works_as_exected"/>
    <testcase time="0.00200000000000955" classname="utils" name="h_format_dec_works_as_exected"/>
    <testcase time="0.00199999999998113" classname="utils" name="h_format_dec_works_as_exected"/>
    <testcase time="0.00600000000000023" classname="utils" name="h_format_dec_works_as_expected_with_more_than_one_value"/>
    <testcase time="0.00300000000001432" classname="utils" name="h_format_dec_works_as_expected_with_more_than_one_value"/>
    <testcase time="0.00499999999999545" classname="utils" name="h_format_dec_works_as_expected_with_NA_digits"/>
    <testcase time="0.00600000000000023" classname="utils" name="fuse_sequentially_works"/>
    <testcase time="0.00300000000001432" classname="utils" name="fuse_sequentially_works"/>
    <testcase time="0.0109999999999957" classname="utils" name="ifneeded_split_row_works_as_expected"/>
    <testcase time="0.00600000000000023" classname="utils" name="ifneeded_split_row_works_as_expected"/>
    <testcase time="0.0769999999999982" classname="utils" name="_unnamed_"/>
    <testcase time="0.0649999999999977" classname="utils" name="_unnamed_"/>
    <testcase time="0.0649999999999977" classname="utils" name="_unnamed_"/>
    <testcase time="0.0529999999999973" classname="utils" name="_unnamed_"/>
    <testcase time="0.0029999999999859" classname="utils" name="droplevels.character_works_as_expected"/>
    <testcase time="0.00200000000000955" classname="utils" name="droplevels.character_works_as_expected"/>
    <testcase time="0.00499999999999545" classname="utils" name="lvls.character_works_as_expected"/>
    <testcase time="0.00300000000001432" classname="utils" name="lvls.character_works_as_expected"/>
    <testcase time="0.00499999999999545" classname="utils" name="lvls.factor_works_as_expected"/>
    <testcase time="0.0029999999999859" classname="utils" name="lvls.factor_works_as_expected"/>
    <testcase time="0.0040000000000191" classname="utils" name="lvls.default_works_as_expected"/>
    <testcase time="0.0029999999999859" classname="utils" name="lvls.default_works_as_expected"/>
    <testcase time="0.00499999999999545" classname="utils" name="quote_str_works_as_expected"/>
    <testcase time="0.00200000000000955" classname="utils" name="quote_str_works_as_expected"/>
    <testcase time="0.00499999999999545" classname="utils" name="quote_str_works_as_expected"/>
    <testcase time="0.00499999999999545" classname="utils" name="modify_default_args_works_as_expected"/>
    <testcase time="0.00300000000001432" classname="utils" name="modify_default_args_works_as_expected"/>
    <testcase time="0.00499999999999545" classname="utils" name="execute_with_args_works_as_expected"/>
    <testcase time="0.00200000000000955" classname="utils" name="execute_with_args_works_as_expected"/>
    <testcase time="0.00199999999998113" classname="utils" name="execute_with_args_works_as_expected"/>
    <testcase time="0.00300000000001432" classname="utils" name="execute_with_args_works_as_expected"/>
    <testcase time="0.00200000000000955" classname="utils" name="execute_with_args_works_as_expected"/>
    <testcase time="0.00199999999998113" classname="utils" name="execute_with_args_works_as_expected"/>
    <testcase time="0.00200000000000955" classname="utils" name="execute_with_args_works_as_expected"/>
    <testcase time="0.0029999999999859" classname="utils" name="execute_with_args_works_as_expected"/>
    <testcase time="0.00100000000000477" classname="utils" name="execute_with_args_works_as_expected"/>
    <testcase time="0.00300000000001432" classname="utils" name="execute_with_args_works_as_expected"/>
    <testcase time="0.00199999999998113" classname="utils" name="execute_with_args_works_as_expected"/>
    <testcase time="0.00200000000000955" classname="utils" name="execute_with_args_works_as_expected"/>
    <testcase time="0.00499999999999545" classname="utils" name="do_call_work_as_expected"/>
    <testcase time="0.00300000000001432" classname="utils" name="do_call_work_as_expected"/>
    <testcase time="0.00799999999998136" classname="utils" name="do_call_errors_as_expected"/>
    <testcase time="0.00600000000000023" classname="utils" name="do_call_errors_as_expected"/>
    <testcase time="0.00500000000002387" classname="utils" name="convert_to_month_work_as_expected"/>
    <testcase time="0.0029999999999859" classname="utils" name="convert_to_month_work_as_expected"/>
    <testcase time="0.00200000000000955" classname="utils" name="convert_to_month_work_as_expected"/>
    <testcase time="0.00199999999998113" classname="utils" name="convert_to_month_work_as_expected"/>
    <testcase time="0.00300000000001432" classname="utils" name="convert_to_month_work_as_expected"/>
    <testcase time="0.00200000000000955" classname="utils" name="convert_to_month_work_as_expected"/>
    <testcase time="0.00899999999998613" classname="utils" name="convert_to_month_warning_messages_as_expected"/>
    <testcase time="0.00999999999999091" classname="utils" name="gg_theme_chevron_works_as_expected"/>
    <testcase time="0.00100000000000477" classname="utils" name="gg_theme_chevron_works_as_expected"/>
    <testcase time="0.00200000000000955" classname="utils" name="gg_theme_chevron_works_as_expected"/>
    <testcase time="0.00399999999999068" classname="utils" name="gg_theme_chevron_works_as_expected"/>
    <testcase time="0.00200000000000955" classname="utils" name="gg_theme_chevron_works_as_expected"/>
    <testcase time="0.00199999999998113" classname="utils" name="gg_theme_chevron_works_as_expected"/>
    <testcase time="0.00500000000002387" classname="utils" name="modify_character_works"/>
    <testcase time="0.0029999999999859" classname="utils" name="modify_character_works"/>
    <testcase time="0.00600000000000023" classname="utils" name="expand_list_works"/>
    <testcase time="0.00300000000001432" classname="utils" name="expand_list_works"/>
    <testcase time="0.00499999999999545" classname="utils" name="set_section_div_works"/>
    <testcase time="0.00499999999999545" classname="utils" name="set_section_div_works"/>
    <testcase time="0.00499999999999545" classname="utils" name="set_section_div_works"/>
    <testcase time="0.00200000000000955" classname="utils" name="set_section_div_works"/>
    <testcase time="0.00499999999999545" classname="utils" name="get_section_div_works"/>
    <testcase time="0.0029999999999859" classname="utils" name="get_section_div_works"/>
    <testcase time="0.90900000000002" classname="utils" name="grob_list_is_deprecated"/>
    <testcase time="0.883999999999986" classname="utils" name="gg_list_is_deprecated"/>
    <testcase time="0.007000000000005" classname="utils" name="format_date_works_as_expected_for_POSIXct"/>
    <testcase time="0.0029999999999859" classname="utils" name="format_date_works_as_expected_for_POSIXct"/>
    <testcase time="0.007000000000005" classname="utils" name="format_date_works_as_expected_for_Date"/>
    <testcase time="0.00300000000001432" classname="utils" name="format_date_works_as_expected_for_Date"/>
  </testsuite>
  <testsuite name="vst01" timestamp="2025-01-10T06:03:08Z" hostname="bb6720eadc32" tests="3" skipped="0" failures="0" errors="0" time="4.609">
    <testcase time="2.316" classname="vst01" name="vst01_functions_with_default_argument_value_return_expected_result_with_test_data"/>
    <testcase time="0.750999999999976" classname="vst01" name="run_vst01_works_as_expected"/>
    <testcase time="1.542" classname="vst01" name="run_vst01_works_as_expected"/>
  </testsuite>
  <testsuite name="vst02" timestamp="2025-01-10T06:03:13Z" hostname="bb6720eadc32" tests="2" skipped="0" failures="0" errors="0" time="0.953">
    <testcase time="0.475999999999999" classname="vst02" name="vst02_functions_with_default_argument_value_return_expected_result_with_test_data"/>
    <testcase time="0.477000000000004" classname="vst02" name="vst02_functions_return_expected_result_with_test_data_when_excluding_subject_with_baseline_abnormality"/>
  </testsuite>
</testsuites>
