<?xml version="1.0" encoding="UTF-8"?>
<testsuites>
  <testsuite name="ael01_nollt" timestamp="2023-07-13T13:26:16Z" hostname="c13578328f64" tests="8" skipped="4" failures="0" errors="0" time="1.839">
    <testcase time="1.05" classname="ael01_nollt" name="ael01_nollt_works_with_admh_dataset"/>
    <testcase time="0.284" classname="ael01_nollt" name="ael01_nollt_works_with_admh_dataset">
      <skipped message="Reason: On CRAN ('test-ael01_nollt.R:7:3')"/>
    </testcase>
    <testcase time="0.0739999999999998" classname="ael01_nollt" name="ael01_nollt_works_with_non_default_label"/>
    <testcase time="0.168" classname="ael01_nollt" name="ael01_nollt_works_with_non_default_label">
      <skipped message="Reason: On CRAN ('test-ael01_nollt.R:20:3')"/>
    </testcase>
    <testcase time="0.056" classname="ael01_nollt" name="ael01_nollt_can_handle_all_missing_values"/>
    <testcase time="0.0580000000000007" classname="ael01_nollt" name="ael01_nollt_can_handle_all_missing_values">
      <skipped message="Reason: On CRAN ('test-ael01_nollt.R:33:3')"/>
    </testcase>
    <testcase time="0.04" classname="ael01_nollt" name="ael01_nollt_can_handle_some_missing_values"/>
    <testcase time="0.109" classname="ael01_nollt" name="ael01_nollt_can_handle_some_missing_values">
      <skipped message="Reason: On CRAN ('test-ael01_nollt.R:48:3')"/>
    </testcase>
  </testsuite>
  <testsuite name="aet01" timestamp="2023-07-13T13:26:18Z" hostname="c13578328f64" tests="9" skipped="4" failures="0" errors="0" time="2.727">
    <testcase time="0.561999999999999" classname="aet01" name="aet01_can_handle_all_NA_values"/>
    <testcase time="0.295" classname="aet01" name="aet01_can_handle_all_NA_values">
      <skipped message="Reason: On CRAN ('test-aet01.R:12:3')"/>
    </testcase>
    <testcase time="0.367" classname="aet01" name="aet01_can_handle_some_NA_values"/>
    <testcase time="0.288" classname="aet01" name="aet01_can_handle_some_NA_values">
      <skipped message="Reason: On CRAN ('test-aet01.R:29:3')"/>
    </testcase>
    <testcase time="0.261" classname="aet01" name="aet01_can_use_custom_anl_vars"/>
    <testcase time="0.159999999999999" classname="aet01" name="aet01_can_use_custom_anl_vars">
      <skipped message="Reason: On CRAN ('test-aet01.R:35:3')"/>
    </testcase>
    <testcase time="0.111000000000001" classname="aet01" name="aet01_fails_on_incomplete_data_input"/>
    <testcase time="0.372999999999999" classname="aet01" name="aet01_can_use_custom_medconcept_var"/>
    <testcase time="0.31" classname="aet01" name="aet01_can_use_custom_medconcept_var">
      <skipped message="Reason: On CRAN ('test-aet01.R:65:3')"/>
    </testcase>
  </testsuite>
  <testsuite name="aet01_aesi" timestamp="2023-07-13T13:26:21Z" hostname="c13578328f64" tests="7" skipped="3" failures="0" errors="0" time="2.054">
    <testcase time="0.336" classname="aet01_aesi" name="aet01_aesi_can_handle_all_NA_values"/>
    <testcase time="0.271999999999999" classname="aet01_aesi" name="aet01_aesi_can_handle_all_NA_values">
      <skipped message="Reason: On CRAN ('test-aet01_aesi.R:17:3')"/>
    </testcase>
    <testcase time="0.277" classname="aet01_aesi" name="aet01_aesi_can_handle_some_NA_values"/>
    <testcase time="0.275" classname="aet01_aesi" name="aet01_aesi_can_handle_some_NA_values">
      <skipped message="Reason: On CRAN ('test-aet01_aesi.R:30:3')"/>
    </testcase>
    <testcase time="0.375999999999999" classname="aet01_aesi" name="aet01_aesi_works_with_ALL_argument"/>
    <testcase time="0.436" classname="aet01_aesi" name="aet01_aesi_works_with_ALL_argument">
      <skipped message="Reason: On CRAN ('test-aet01_aesi.R:36:3')"/>
    </testcase>
    <testcase time="0.0820000000000007" classname="aet01_aesi" name="aet01_aesi_check_fails_on_incomplete_data_input"/>
  </testsuite>
  <testsuite name="aet02" timestamp="2023-07-13T13:26:23Z" hostname="c13578328f64" tests="3" skipped="1" failures="0" errors="0" time="2.21">
    <testcase time="0.0760000000000005" classname="aet02" name="aet02_fails_on_incomplete_data_input"/>
    <testcase time="0.132999999999999" classname="aet02" name="aet02_handle_empty_data_input"/>
    <testcase time="2.001" classname="aet02" name="aet02_can_have_different_levels_of_row_split">
      <skipped message="Reason: On CRAN ('test-aet02.R:30:3')"/>
    </testcase>
  </testsuite>
  <testsuite name="aet03" timestamp="2023-07-13T13:26:25Z" hostname="c13578328f64" tests="4" skipped="2" failures="0" errors="0" time="3.482">
    <testcase time="0.441000000000001" classname="aet03" name="aet03_can_handle_NA_values"/>
    <testcase time="0.266999999999999" classname="aet03" name="aet03_can_handle_NA_values">
      <skipped message="Reason: On CRAN ('test-aet03.R:10:3')"/>
    </testcase>
    <testcase time="1.953" classname="aet03" name="aet03_can_handle_some_NA_values"/>
    <testcase time="0.821" classname="aet03" name="aet03_can_handle_some_NA_values">
      <skipped message="Reason: On CRAN ('test-aet03.R:27:3')"/>
    </testcase>
  </testsuite>
  <testsuite name="aet04" timestamp="2023-07-13T13:26:28Z" hostname="c13578328f64" tests="4" skipped="2" failures="0" errors="0" time="5.572">
    <testcase time="0.862" classname="aet04" name="aet04_can_handle_NA_values"/>
    <testcase time="0.412000000000001" classname="aet04" name="aet04_can_handle_NA_values">
      <skipped message="Reason: On CRAN ('test-aet04.R:10:3')"/>
    </testcase>
    <testcase time="3.118" classname="aet04" name="aet04_can_handle_some_NA_values"/>
    <testcase time="1.18" classname="aet04" name="aet04_can_handle_some_NA_values">
      <skipped message="Reason: On CRAN ('test-aet04.R:32:3')"/>
    </testcase>
  </testsuite>
  <testsuite name="aet05" timestamp="2023-07-13T13:26:34Z" hostname="c13578328f64" tests="4" skipped="2" failures="0" errors="0" time="0.912">
    <testcase time="0.198" classname="aet05" name="aet05_can_handle_NA_values"/>
    <testcase time="0.251999999999999" classname="aet05" name="aet05_can_handle_NA_values">
      <skipped message="Reason: On CRAN ('test-aet05.R:7:3')"/>
    </testcase>
    <testcase time="0.183" classname="aet05" name="aet05_can_handle_some_NA_values"/>
    <testcase time="0.279" classname="aet05" name="aet05_can_handle_some_NA_values">
      <skipped message="Reason: On CRAN ('test-aet05.R:24:3')"/>
    </testcase>
  </testsuite>
  <testsuite name="aet05_all" timestamp="2023-07-13T13:26:35Z" hostname="c13578328f64" tests="4" skipped="2" failures="0" errors="0" time="0.936">
    <testcase time="0.199000000000002" classname="aet05_all" name="aet05_all_can_handle_NA_values"/>
    <testcase time="0.254999999999999" classname="aet05_all" name="aet05_all_can_handle_NA_values">
      <skipped message="Reason: On CRAN ('test-aet05_all.R:7:3')"/>
    </testcase>
    <testcase time="0.196999999999999" classname="aet05_all" name="aet05_all_can_handle_some_NA_values"/>
    <testcase time="0.285" classname="aet05_all" name="aet05_all_can_handle_some_NA_values">
      <skipped message="Reason: On CRAN ('test-aet05_all.R:21:3')"/>
    </testcase>
  </testsuite>
  <testsuite name="aet10" timestamp="2023-07-13T13:26:36Z" hostname="c13578328f64" tests="4" skipped="2" failures="0" errors="0" time="0.535">
    <testcase time="0.0910000000000011" classname="aet10" name="aet10_can_handle_NA_values"/>
    <testcase time="0.100999999999999" classname="aet10" name="aet10_can_handle_NA_values">
      <skipped message="Reason: On CRAN ('test-aet10.R:10:3')"/>
    </testcase>
    <testcase time="0.132000000000001" classname="aet10" name="aet10_can_handle_some_NA_values"/>
    <testcase time="0.210999999999999" classname="aet10" name="aet10_can_handle_some_NA_values">
      <skipped message="Reason: On CRAN ('test-aet10.R:24:3')"/>
    </testcase>
  </testsuite>
  <testsuite name="assertions" timestamp="2023-07-13T13:26:36Z" hostname="c13578328f64" tests="38" skipped="0" failures="0" errors="0" time="0.232">
    <testcase time="0.0229999999999997" classname="assertions" name="assert_one_tablenames_works_as_expected"/>
    <testcase time="0.00200000000000244" classname="assertions" name="assert_one_tablenames_works_as_expected"/>
    <testcase time="0.00600000000000023" classname="assertions" name="assert_one_tablenames_works_as_expected"/>
    <testcase time="0.00499999999999901" classname="assertions" name="assert_one_tablenames_works_as_expected"/>
    <testcase time="0.00799999999999912" classname="assertions" name="assert_all_tablenames_works_as_expected"/>
    <testcase time="0.00499999999999901" classname="assertions" name="assert_all_tablenames_works_as_expected"/>
    <testcase time="0.00499999999999901" classname="assertions" name="assert_all_tablenames_works_as_expected"/>
    <testcase time="0.00700000000000145" classname="assertions" name="assert_valid_var.character_works_as_expected"/>
    <testcase time="0.00600000000000023" classname="assertions" name="assert_valid_var.character_works_as_expected"/>
    <testcase time="0.00600000000000023" classname="assertions" name="assert_valid_var.character_works_as_expected"/>
    <testcase time="0.00499999999999901" classname="assertions" name="assert_valid_var.character_works_as_expected"/>
    <testcase time="0.00199999999999889" classname="assertions" name="assert_valid_var.character_works_as_expected"/>
    <testcase time="0.00800000000000267" classname="assertions" name="assert_valid_var.factor_works_as_expected"/>
    <testcase time="0.00600000000000023" classname="assertions" name="assert_valid_var.factor_works_as_expected"/>
    <testcase time="0.00499999999999901" classname="assertions" name="assert_valid_var.factor_works_as_expected"/>
    <testcase time="0.00600000000000023" classname="assertions" name="assert_valid_var.factor_works_as_expected"/>
    <testcase time="0.00199999999999889" classname="assertions" name="assert_valid_var.factor_works_as_expected"/>
    <testcase time="0.00799999999999912" classname="assertions" name="assert_valid_var.logical_works_as_expected"/>
    <testcase time="0.00600000000000023" classname="assertions" name="assert_valid_var.logical_works_as_expected"/>
    <testcase time="0.00500000000000256" classname="assertions" name="assert_valid_var.logical_works_as_expected"/>
    <testcase time="0.00199999999999889" classname="assertions" name="assert_valid_var.logical_works_as_expected"/>
    <testcase time="0.00799999999999912" classname="assertions" name="assert_valid_var.numeric_works_as_expected"/>
    <testcase time="0.00600000000000023" classname="assertions" name="assert_valid_var.numeric_works_as_expected"/>
    <testcase time="0.00499999999999901" classname="assertions" name="assert_valid_var.numeric_works_as_expected"/>
    <testcase time="0.00200000000000244" classname="assertions" name="assert_valid_var.numeric_works_as_expected"/>
    <testcase time="0.00600000000000023" classname="assertions" name="assert_valid_var.numeric_works_as_expected"/>
    <testcase time="0.00199999999999889" classname="assertions" name="assert_valid_var.numeric_works_as_expected"/>
    <testcase time="0.00799999999999912" classname="assertions" name="assert_valid_variable_works_as_expected"/>
    <testcase time="0.00199999999999889" classname="assertions" name="assert_valid_variable_works_as_expected"/>
    <testcase time="0.0100000000000016" classname="assertions" name="assert_valid_variable_works_as_expected"/>
    <testcase time="0.00300000000000011" classname="assertions" name="assert_valid_variable_works_as_expected"/>
    <testcase time="0.00900000000000034" classname="assertions" name="assert_valid_variable_works_as_expected"/>
    <testcase time="0.00300000000000011" classname="assertions" name="assert_valid_variable_works_as_expected"/>
    <testcase time="0.00799999999999912" classname="assertions" name="assert_valid_var_pair_works_as_expected_with_character"/>
    <testcase time="0.00799999999999912" classname="assertions" name="assert_valid_var_pair_works_as_expected_with_character"/>
    <testcase time="0.00800000000000267" classname="assertions" name="assert_valid_var_pair_works_as_expected_with_factor"/>
    <testcase time="0.00799999999999912" classname="assertions" name="assert_valid_var_pair_works_as_expected_with_factor"/>
    <testcase time="0.00799999999999912" classname="assertions" name="assert_valid_var_pair_works_as_expected_with_factor"/>
  </testsuite>
  <testsuite name="checks" timestamp="2023-07-13T13:26:37Z" hostname="c13578328f64" tests="8" skipped="0" failures="0" errors="0" time="0.05">
    <testcase time="0.0240000000000009" classname="checks" name="check_all_colnames_works_as_expected"/>
    <testcase time="0.00399999999999778" classname="checks" name="check_all_colnames_works_as_expected"/>
    <testcase time="0.00200000000000244" classname="checks" name="check_all_colnames_works_as_expected"/>
    <testcase time="0.00399999999999778" classname="checks" name="check_all_colnames_works_as_expected"/>
    <testcase time="0.00800000000000267" classname="checks" name="check_one_colnames_works_as_expected"/>
    <testcase time="0.00300000000000011" classname="checks" name="check_one_colnames_works_as_expected"/>
    <testcase time="0.00100000000000122" classname="checks" name="check_one_colnames_works_as_expected"/>
    <testcase time="0.00400000000000134" classname="checks" name="check_one_colnames_works_as_expected"/>
  </testsuite>
  <testsuite name="chevron_tlg-class" timestamp="2023-07-13T13:26:37Z" hostname="c13578328f64" tests="24" skipped="0" failures="0" errors="0" time="0.099">
    <testcase time="0.0129999999999981" classname="chevron_tlg_class" name="chevron_t_object_can_be_constructed_with_default_values"/>
    <testcase time="0.00400000000000134" classname="chevron_tlg_class" name="chevron_t_object_can_be_constructed_with_default_values"/>
    <testcase time="0.00799999999999912" classname="chevron_tlg_class" name="chevron_t_object_can_be_constructed_with_custom_values"/>
    <testcase time="0.00499999999999901" classname="chevron_tlg_class" name="chevron_t_object_can_be_constructed_with_custom_values"/>
    <testcase time="0.00300000000000011" classname="chevron_tlg_class" name="chevron_t_object_can_be_constructed_with_custom_values"/>
    <testcase time="0.00400000000000134" classname="chevron_tlg_class" name="chevron_t_object_can_be_constructed_with_custom_values"/>
    <testcase time="0.00799999999999912" classname="chevron_tlg_class" name="chevron_t_constructor_returns_an_error_when_expected"/>
    <testcase time="0.00100000000000122" classname="chevron_tlg_class" name="chevron_t_constructor_returns_an_error_when_expected"/>
    <testcase time="0.00199999999999889" classname="chevron_tlg_class" name="chevron_t_constructor_returns_an_error_when_expected"/>
    <testcase time="0.00100000000000122" classname="chevron_tlg_class" name="chevron_t_constructor_returns_an_error_when_expected"/>
    <testcase time="0.000999999999997669" classname="chevron_tlg_class" name="chevron_t_constructor_returns_an_error_when_expected"/>
    <testcase time="0.00100000000000122" classname="chevron_tlg_class" name="chevron_t_constructor_returns_an_error_when_expected"/>
    <testcase time="0.00900000000000034" classname="chevron_tlg_class" name="chevron_l_object_can_be_constructed_with_default_values"/>
    <testcase time="0.00400000000000134" classname="chevron_tlg_class" name="chevron_l_object_can_be_constructed_with_default_values"/>
    <testcase time="0.00899999999999679" classname="chevron_tlg_class" name="chevron_g_object_can_be_constructed_with_custom_values"/>
    <testcase time="0.00500000000000256" classname="chevron_tlg_class" name="chevron_g_object_can_be_constructed_with_custom_values"/>
    <testcase time="0.00199999999999889" classname="chevron_tlg_class" name="chevron_g_object_can_be_constructed_with_custom_values"/>
    <testcase time="0.00499999999999901" classname="chevron_tlg_class" name="chevron_g_object_can_be_constructed_with_custom_values"/>
    <testcase time="0.00800000000000267" classname="chevron_tlg_class" name="chevron_g_constructor_returns_an_error_when_expected"/>
    <testcase time="0.000999999999997669" classname="chevron_tlg_class" name="chevron_g_constructor_returns_an_error_when_expected"/>
    <testcase time="0.00100000000000122" classname="chevron_tlg_class" name="chevron_g_constructor_returns_an_error_when_expected"/>
    <testcase time="0.00199999999999889" classname="chevron_tlg_class" name="chevron_g_constructor_returns_an_error_when_expected"/>
    <testcase time="0.00100000000000122" classname="chevron_tlg_class" name="chevron_g_constructor_returns_an_error_when_expected"/>
    <testcase time="0.000999999999997669" classname="chevron_tlg_class" name="chevron_g_constructor_returns_an_error_when_expected"/>
  </testsuite>
  <testsuite name="chevron_tlg-methods" timestamp="2023-07-13T13:26:37Z" hostname="c13578328f64" tests="35" skipped="3" failures="0" errors="0" time="14.073">
    <testcase time="4.038" classname="chevron_tlg_methods" name="run_works_as_expected_for_chevron_t_object">
      <skipped message="Reason: On CRAN ('test-chevron_tlg-methods.R:5:3')"/>
    </testcase>
    <testcase time="0.773" classname="chevron_tlg_methods" name="run_works_as_expected_for_chevron_t_object_when_auto_pre_FALSE">
      <skipped message="Reason: On CRAN ('test-chevron_tlg-methods.R:13:3')"/>
    </testcase>
    <testcase time="0.0300000000000011" classname="chevron_tlg_methods" name="args_ls_works_as_expected"/>
    <testcase time="0.00199999999999889" classname="chevron_tlg_methods" name="args_ls_works_as_expected"/>
    <testcase time="0.00100000000000122" classname="chevron_tlg_methods" name="args_ls_works_as_expected"/>
    <testcase time="0.00799999999999912" classname="chevron_tlg_methods" name="args_ls_works_as_expected_when_simplify_is_TRUE"/>
    <testcase time="0.00100000000000122" classname="chevron_tlg_methods" name="args_ls_works_as_expected_when_simplify_is_TRUE"/>
    <testcase time="0.000999999999997669" classname="chevron_tlg_methods" name="args_ls_works_as_expected_when_simplify_is_TRUE"/>
    <testcase time="0.00900000000000034" classname="chevron_tlg_methods" name="args_ls_works_as_expected_with_custom_chevron_tlg_object"/>
    <testcase time="0.00100000000000122" classname="chevron_tlg_methods" name="args_ls_works_as_expected_with_custom_chevron_tlg_object"/>
    <testcase time="0.00100000000000122" classname="chevron_tlg_methods" name="args_ls_works_as_expected_with_custom_chevron_tlg_object"/>
    <testcase time="0.00399999999999778" classname="chevron_tlg_methods" name="args_ls_works_as_expected_with_custom_chevron_tlg_object"/>
    <testcase time="0.0100000000000016" classname="chevron_tlg_methods" name="main_works_as_expected"/>
    <testcase time="0.00999999999999801" classname="chevron_tlg_methods" name="main_setter_works_as_expected"/>
    <testcase time="0.0150000000000006" classname="chevron_tlg_methods" name="main_setter_throw_an_error_as_expected"/>
    <testcase time="0.0100000000000016" classname="chevron_tlg_methods" name="preprocess_works_as_expected"/>
    <testcase time="0.00999999999999801" classname="chevron_tlg_methods" name="preprocess_setter_works_as_expected"/>
    <testcase time="0.0150000000000006" classname="chevron_tlg_methods" name="preprocess_sends_an_error_as_expected"/>
    <testcase time="0.0100000000000016" classname="chevron_tlg_methods" name="postprocess_works_as_expected"/>
    <testcase time="0.00999999999999801" classname="chevron_tlg_methods" name="postprocess_setter_works_as_expected"/>
    <testcase time="0.0160000000000018" classname="chevron_tlg_methods" name="postprocess_sends_an_error_as_expected"/>
    <testcase time="0.00799999999999912" classname="chevron_tlg_methods" name="script_works_as_expected"/>
    <testcase time="0.00100000000000122" classname="chevron_tlg_methods" name="script_works_as_expected"/>
    <testcase time="0.000999999999997669" classname="chevron_tlg_methods" name="script_works_as_expected"/>
    <testcase time="0.00800000000000267" classname="chevron_tlg_methods" name="script_works_as_expected_with_dictionary_of_arguments"/>
    <testcase time="0.00199999999999889" classname="chevron_tlg_methods" name="script_works_as_expected_with_dictionary_of_arguments"/>
    <testcase time="0.00100000000000122" classname="chevron_tlg_methods" name="script_works_as_expected_with_dictionary_of_arguments"/>
    <testcase time="0.000999999999997669" classname="chevron_tlg_methods" name="script_works_as_expected_with_dictionary_of_arguments"/>
    <testcase time="0.00700000000000145" classname="chevron_tlg_methods" name="script_funs_works_as_expected_in_interactive_mode">
      <skipped message="Reason: !interactive() is TRUE ('test-chevron_tlg-methods.R:142:3')"/>
    </testcase>
    <testcase time="0.0169999999999995" classname="chevron_tlg_methods" name="script_funs_works_as_expected"/>
    <testcase time="0.00199999999999889" classname="chevron_tlg_methods" name="script_funs_works_as_expected"/>
    <testcase time="0.00800000000000267" classname="chevron_tlg_methods" name="script_funs_works_as_expected_with_details_set_to_TRUE"/>
    <testcase time="0.000999999999997669" classname="chevron_tlg_methods" name="script_funs_works_as_expected_with_details_set_to_TRUE"/>
    <testcase time="6.03" classname="chevron_tlg_methods" name="script_funs_generates_a_valid_script"/>
    <testcase time="3.011" classname="chevron_tlg_methods" name="script_funs_generates_a_valid_script"/>
  </testsuite>
  <testsuite name="cmt01a" timestamp="2023-07-13T13:26:51Z" hostname="c13578328f64" tests="6" skipped="4" failures="0" errors="0" time="4.664">
    <testcase time="1.38999999999999" classname="cmt01a" name="cmt01a_functions_with_default_argument_value_return_expected_result_with_test_data">
      <skipped message="Reason: On CRAN ('test-cmt01a.R:7:3')"/>
    </testcase>
    <testcase time="1.36000000000001" classname="cmt01a" name="cmt01a_functions_with_custom_argument_value_return_expected_result_with_test_data">
      <skipped message="Reason: On CRAN ('test-cmt01a.R:14:3')"/>
    </testcase>
    <testcase time="0.206999999999994" classname="cmt01a" name="cmt01a_can_handle_all_NA_values"/>
    <testcase time="0.163000000000004" classname="cmt01a" name="cmt01a_can_handle_all_NA_values">
      <skipped message="Reason: On CRAN ('test-cmt01a.R:28:3')"/>
    </testcase>
    <testcase time="0.853999999999999" classname="cmt01a" name="cmt01a_can_handle_some_NA_values"/>
    <testcase time="0.689999999999998" classname="cmt01a" name="cmt01a_can_handle_some_NA_values">
      <skipped message="Reason: On CRAN ('test-cmt01a.R:36:3')"/>
    </testcase>
  </testsuite>
  <testsuite name="cmt02_pt" timestamp="2023-07-13T13:26:56Z" hostname="c13578328f64" tests="4" skipped="2" failures="0" errors="0" time="0.734">
    <testcase time="0.157000000000004" classname="cmt02_pt" name="cmt02_pt_can_handle_all_NA_values"/>
    <testcase time="0.124000000000002" classname="cmt02_pt" name="cmt02_pt_can_handle_all_NA_values">
      <skipped message="Reason: On CRAN ('test-cmt02_pt.R:9:3')"/>
    </testcase>
    <testcase time="0.205999999999996" classname="cmt02_pt" name="cmt02_pt_can_handle_some_NA_values"/>
    <testcase time="0.247" classname="cmt02_pt" name="cmt02_pt_can_handle_some_NA_values">
      <skipped message="Reason: On CRAN ('test-cmt02_pt.R:17:3')"/>
    </testcase>
  </testsuite>
  <testsuite name="coxt01" timestamp="2023-07-13T13:26:56Z" hostname="c13578328f64" tests="3" skipped="1" failures="0" errors="0" time="0.703">
    <testcase time="0.480000000000004" classname="coxt01" name="coxt01_can_handle_some_NA_values"/>
    <testcase time="0.195" classname="coxt01" name="coxt01_can_handle_some_NA_values">
      <skipped message="Reason: On CRAN ('test-coxt01.R:8:3')"/>
    </testcase>
    <testcase time="0.0279999999999987" classname="coxt01" name="coxt01_fails_on_incomlete_data"/>
  </testsuite>
  <testsuite name="coxt02" timestamp="2023-07-13T13:26:57Z" hostname="c13578328f64" tests="3" skipped="1" failures="0" errors="0" time="0.848">
    <testcase time="0.561999999999998" classname="coxt02" name="coxt02_can_handle_some_NA_values"/>
    <testcase time="0.257000000000005" classname="coxt02" name="coxt02_can_handle_some_NA_values">
      <skipped message="Reason: On CRAN ('test-coxt02.R:5:3')"/>
    </testcase>
    <testcase time="0.0289999999999964" classname="coxt02" name="coxt02_fails_on_incomlete_data"/>
  </testsuite>
  <testsuite name="default_tlg" timestamp="2023-07-13T13:26:58Z" hostname="c13578328f64" tests="15" skipped="15" failures="0" errors="0" time="14.042">
    <testcase time="0.142000000000003" classname="default_tlg" name="ael01_nollt_function_with_default_argument_value_return_expected_result_with_test_data">
      <skipped message="Reason: On CRAN ('test-default_tlg.R:5:3')"/>
    </testcase>
    <testcase time="0.650999999999996" classname="default_tlg" name="aet01_function_with_default_argument_value_return_expected_result_with_test_data">
      <skipped message="Reason: On CRAN ('test-default_tlg.R:12:3')"/>
    </testcase>
    <testcase time="0.623000000000005" classname="default_tlg" name="aet01_aesi_function_with_default_argument_value_return_expected_result_with_test_data">
      <skipped message="Reason: On CRAN ('test-default_tlg.R:19:3')"/>
    </testcase>
    <testcase time="1.257" classname="default_tlg" name="aet02_functions_with_default_argument_value_return_expected_result_with_test_data">
      <skipped message="Reason: On CRAN ('test-default_tlg.R:26:3')"/>
    </testcase>
    <testcase time="2.859" classname="default_tlg" name="aet03_functions_with_default_argument_value_return_expected_result_with_test_data">
      <skipped message="Reason: On CRAN ('test-default_tlg.R:33:3')"/>
    </testcase>
    <testcase time="3.975" classname="default_tlg" name="aet04_functions_with_default_argument_value_return_expected_result_with_test_data">
      <skipped message="Reason: On CRAN ('test-default_tlg.R:40:3')"/>
    </testcase>
    <testcase time="0.481999999999999" classname="default_tlg" name="aet05_functions_with_default_argument_value_return_expected_result_with_test_data">
      <skipped message="Reason: On CRAN ('test-default_tlg.R:47:3')"/>
    </testcase>
    <testcase time="0.484999999999999" classname="default_tlg" name="aet05_all_functions_with_default_argument_value_return_expected_result_with_test_data">
      <skipped message="Reason: On CRAN ('test-default_tlg.R:54:3')"/>
    </testcase>
    <testcase time="0.332999999999998" classname="default_tlg" name="aet10_functions_with_default_argument_value_return_expected_result_with_test_data">
      <skipped message="Reason: On CRAN ('test-default_tlg.R:61:3')"/>
    </testcase>
    <testcase time="0.424999999999997" classname="default_tlg" name="cmt02_pt_functions_with_default_argument_value_return_expected_result_with_test_data">
      <skipped message="Reason: On CRAN ('test-default_tlg.R:68:3')"/>
    </testcase>
    <testcase time="0.577000000000005" classname="default_tlg" name="coxt01_functions_with_default_argument_value_return_expected_result_with_test_data">
      <skipped message="Reason: On CRAN ('test-default_tlg.R:78:3')"/>
    </testcase>
    <testcase time="0.791999999999994" classname="default_tlg" name="coxt02_functions_with_default_argument_value_return_expected_result_with_test_data">
      <skipped message="Reason: On CRAN ('test-default_tlg.R:86:3')"/>
    </testcase>
    <testcase time="0.696000000000005" classname="default_tlg" name="dmt01_functions_with_default_argument_value_return_expected_result_with_test_data">
      <skipped message="Reason: On CRAN ('test-default_tlg.R:93:3')"/>
    </testcase>
    <testcase time="0.462999999999994" classname="default_tlg" name="dst01_functions_with_default_argument_value_return_expected_result_with_test_data">
      <skipped message="Reason: On CRAN ('test-default_tlg.R:100:3')"/>
    </testcase>
    <testcase time="0.282000000000004" classname="default_tlg" name="dtht01_functions_with_default_argument_value_return_expected_result_with_test_data">
      <skipped message="Reason: On CRAN ('test-default_tlg.R:107:3')"/>
    </testcase>
  </testsuite>
  <testsuite name="dmt01" timestamp="2023-07-13T13:27:12Z" hostname="c13578328f64" tests="4" skipped="2" failures="0" errors="0" time="1.338">
    <testcase time="0.271999999999998" classname="dmt01" name="dmt01_can_handle_NA_values"/>
    <testcase time="0.359000000000002" classname="dmt01" name="dmt01_can_handle_NA_values">
      <skipped message="Reason: On CRAN ('test-dmt01.R:8:3')"/>
    </testcase>
    <testcase time="0.289000000000001" classname="dmt01" name="dmt01_can_handle_numeric_NA_values"/>
    <testcase time="0.417999999999999" classname="dmt01" name="dmt01_can_handle_numeric_NA_values">
      <skipped message="Reason: On CRAN ('test-dmt01.R:15:3')"/>
    </testcase>
  </testsuite>
  <testsuite name="dst01" timestamp="2023-07-13T13:27:13Z" hostname="c13578328f64" tests="14" skipped="7" failures="0" errors="0" time="3.043">
    <testcase time="0.167999999999999" classname="dst01" name="dst01_works_as_expected_when_all_data_are_NA"/>
    <testcase time="0.0649999999999977" classname="dst01" name="dst01_works_as_expected_when_all_data_are_NA">
      <skipped message="Reason: On CRAN ('test-dst01.R:11:3')"/>
    </testcase>
    <testcase time="0.139000000000003" classname="dst01" name="dst01_can_handle_all_NA_values_in_DCSREAS"/>
    <testcase time="0.158000000000001" classname="dst01" name="dst01_can_handle_all_NA_values_in_DCSREAS">
      <skipped message="Reason: On CRAN ('test-dst01.R:22:3')"/>
    </testcase>
    <testcase time="0.216999999999999" classname="dst01" name="dst01_can_handle_some_NA_values"/>
    <testcase time="0.253999999999998" classname="dst01" name="dst01_can_handle_some_NA_values">
      <skipped message="Reason: On CRAN ('test-dst01.R:29:3')"/>
    </testcase>
    <testcase time="0.143000000000001" classname="dst01" name="dst01_can_handle_missing_levels_in_status_var"/>
    <testcase time="0.131" classname="dst01" name="dst01_can_handle_missing_levels_in_status_var">
      <skipped message="Reason: On CRAN ('test-dst01.R:39:3')"/>
    </testcase>
    <testcase time="0.252000000000002" classname="dst01" name="dst01_can_create_variants"/>
    <testcase time="0.278999999999996" classname="dst01" name="dst01_can_create_variants">
      <skipped message="Reason: On CRAN ('test-dst01.R:44:3')"/>
    </testcase>
    <testcase time="0.291000000000004" classname="dst01" name="dst01_can_create_variants"/>
    <testcase time="0.274000000000001" classname="dst01" name="dst01_can_create_variants">
      <skipped message="Reason: On CRAN ('test-dst01.R:49:3')"/>
    </testcase>
    <testcase time="0.342999999999996" classname="dst01" name="dst01_can_create_variants"/>
    <testcase time="0.329000000000001" classname="dst01" name="dst01_can_create_variants">
      <skipped message="Reason: On CRAN ('test-dst01.R:56:3')"/>
    </testcase>
  </testsuite>
  <testsuite name="dtht01" timestamp="2023-07-13T13:27:16Z" hostname="c13578328f64" tests="5" skipped="3" failures="0" errors="0" time="1.714">
    <testcase time="0.124000000000002" classname="dtht01" name="dtht01_can_handle_all_NA_values"/>
    <testcase time="0.169999999999995" classname="dtht01" name="dtht01_can_handle_all_NA_values">
      <skipped message="Reason: On CRAN ('test-dtht01.R:12:3')"/>
    </testcase>
    <testcase time="0.298999999999999" classname="dtht01" name="dtht01_can_handle_some_NA_values"/>
    <testcase time="0.410000000000004" classname="dtht01" name="dtht01_can_handle_some_NA_values">
      <skipped message="Reason: On CRAN ('test-dtht01.R:19:3')"/>
    </testcase>
    <testcase time="0.710999999999999" classname="dtht01" name="dtht01_can_be_parametrize_as_expected">
      <skipped message="Reason: On CRAN ('test-dtht01.R:30:3')"/>
    </testcase>
  </testsuite>
  <testsuite name="egt01" timestamp="2023-07-13T13:27:18Z" hostname="c13578328f64" tests="3" skipped="2" failures="0" errors="0" time="7.966">
    <testcase time="5.032" classname="egt01" name="egt01_functions_with_default_argument_value_return_expected_result_with_test_data">
      <skipped message="Reason: On CRAN ('test-egt01.R:7:3')"/>
    </testcase>
    <testcase time="2.68000000000001" classname="egt01" name="egt01_can_handle_n_0_and_outputs_NE_instead_of_infs_and_NAs"/>
    <testcase time="0.254000000000005" classname="egt01" name="egt01_can_handle_n_0_and_outputs_NE_instead_of_infs_and_NAs">
      <skipped message="Reason: On CRAN ('test-egt01.R:21:3')"/>
    </testcase>
  </testsuite>
  <testsuite name="egt02" timestamp="2023-07-13T13:27:26Z" hostname="c13578328f64" tests="2" skipped="2" failures="0" errors="0" time="0.871">
    <testcase time="0.470999999999989" classname="egt02" name="egt02_1_functions_with_default_argument_value_return_expected_result_with_test_data">
      <skipped message="Reason: On CRAN ('test-egt02.R:7:3')"/>
    </testcase>
    <testcase time="0.400000000000006" classname="egt02" name="egt02_2_functions_with_default_value_return_expected_result_with_test_data">
      <skipped message="Reason: On CRAN ('test-egt02.R:14:3')"/>
    </testcase>
  </testsuite>
  <testsuite name="egt03" timestamp="2023-07-13T13:27:27Z" hostname="c13578328f64" tests="5" skipped="2" failures="0" errors="0" time="1.342">
    <testcase time="0.641999999999996" classname="egt03" name="egt03_functions_with_default_argument_value_return_expected_result_with_test_data">
      <skipped message="Reason: On CRAN ('test-egt03.R:9:3')"/>
    </testcase>
    <testcase time="0.0379999999999967" classname="egt03" name="egt03_errors_on_all_NA_values"/>
    <testcase time="0.289000000000001" classname="egt03" name="egt03_can_handle_some_NA_values"/>
    <testcase time="0.331000000000003" classname="egt03" name="egt03_can_handle_some_NA_values">
      <skipped message="Reason: On CRAN ('test-egt03.R:32:3')"/>
    </testcase>
    <testcase time="0.0420000000000016" classname="egt03" name="egt03_fails_on_incomplete_data"/>
  </testsuite>
  <testsuite name="egt05_qtcat" timestamp="2023-07-13T13:27:28Z" hostname="c13578328f64" tests="4" skipped="2" failures="0" errors="0" time="3.026">
    <testcase time="1.48699999999999" classname="egt05_qtcat" name="egt05_qtcat_functions_with_default_argument_value_return_expected_result_with_test_data">
      <skipped message="Reason: On CRAN ('test-egt05_qtcat.R:7:3')"/>
    </testcase>
    <testcase time="0.0330000000000013" classname="egt05_qtcat" name="egt05_qtcat_erros_on_all_NA_values"/>
    <testcase time="0.594999999999999" classname="egt05_qtcat" name="egt05_qtcat_can_handle_some_NA_values"/>
    <testcase time="0.911000000000001" classname="egt05_qtcat" name="egt05_qtcat_can_handle_some_NA_values">
      <skipped message="Reason: On CRAN ('test-egt05_qtcat.R:28:3')"/>
    </testcase>
  </testsuite>
  <testsuite name="empty_report" timestamp="2023-07-13T13:27:31Z" hostname="c13578328f64" tests="25" skipped="0" failures="0" errors="0" time="4.449">
    <testcase time="1.77" classname="empty_report" name="tlg_functions_return_null_reports_when_domain_table_is_empty"/>
    <testcase time="0.317000000000007" classname="empty_report" name="tlg_functions_return_null_reports_when_domain_table_is_empty"/>
    <testcase time="0.217999999999989" classname="empty_report" name="tlg_functions_return_null_reports_when_domain_table_is_empty"/>
    <testcase time="0.105000000000004" classname="empty_report" name="tlg_functions_return_null_reports_when_domain_table_is_empty"/>
    <testcase time="0.111000000000004" classname="empty_report" name="tlg_functions_return_null_reports_when_domain_table_is_empty"/>
    <testcase time="0.0570000000000022" classname="empty_report" name="tlg_functions_return_null_reports_when_domain_table_is_empty"/>
    <testcase time="0.0929999999999893" classname="empty_report" name="tlg_functions_return_null_reports_when_domain_table_is_empty"/>
    <testcase time="0.168000000000006" classname="empty_report" name="tlg_functions_return_null_reports_when_domain_table_is_empty"/>
    <testcase time="0.188999999999993" classname="empty_report" name="tlg_functions_return_null_reports_when_domain_table_is_empty"/>
    <testcase time="0.0730000000000075" classname="empty_report" name="tlg_functions_return_null_reports_when_domain_table_is_empty"/>
    <testcase time="0.0769999999999982" classname="empty_report" name="tlg_functions_return_null_reports_when_domain_table_is_empty"/>
    <testcase time="0.0499999999999972" classname="empty_report" name="tlg_functions_return_null_reports_when_domain_table_is_empty"/>
    <testcase time="0.0400000000000063" classname="empty_report" name="tlg_functions_return_null_reports_when_domain_table_is_empty"/>
    <testcase time="0.0549999999999926" classname="empty_report" name="tlg_functions_return_null_reports_when_domain_table_is_empty"/>
    <testcase time="0.0559999999999974" classname="empty_report" name="tlg_functions_return_null_reports_when_domain_table_is_empty"/>
    <testcase time="0.0690000000000026" classname="empty_report" name="tlg_functions_return_null_reports_when_domain_table_is_empty"/>
    <testcase time="0.078000000000003" classname="empty_report" name="tlg_functions_return_null_reports_when_domain_table_is_empty"/>
    <testcase time="0.078000000000003" classname="empty_report" name="tlg_functions_return_null_reports_when_domain_table_is_empty"/>
    <testcase time="0.0759999999999934" classname="empty_report" name="tlg_functions_return_null_reports_when_domain_table_is_empty"/>
    <testcase time="0.418000000000006" classname="empty_report" name="tlg_functions_return_null_reports_when_domain_table_is_empty"/>
    <testcase time="0.0989999999999895" classname="empty_report" name="tlg_functions_return_null_reports_when_domain_table_is_empty"/>
    <testcase time="0.0859999999999985" classname="empty_report" name="tlg_functions_return_null_reports_when_domain_table_is_empty"/>
    <testcase time="0.078000000000003" classname="empty_report" name="tlg_functions_return_null_reports_when_domain_table_is_empty"/>
    <testcase time="0.0439999999999969" classname="empty_report" name="tlg_functions_return_null_reports_when_domain_table_is_empty"/>
    <testcase time="0.0440000000000111" classname="empty_report" name="tlg_functions_return_null_reports_when_domain_table_is_empty"/>
  </testsuite>
  <testsuite name="ext01" timestamp="2023-07-13T13:27:36Z" hostname="c13578328f64" tests="8" skipped="7" failures="0" errors="0" time="5.886">
    <testcase time="0.634999999999991" classname="ext01" name="ext01_functions_with_default_argument_value_return_expected_result_with_test_data">
      <skipped message="Reason: On CRAN ('test-ext01.R:7:3')"/>
    </testcase>
    <testcase time="0.673000000000002" classname="ext01" name="ext01_functions_with_categorical_data_return_expected_result_with_test_data">
      <skipped message="Reason: On CRAN ('test-ext01.R:15:3')"/>
    </testcase>
    <testcase time="0.302000000000007" classname="ext01" name="ext01_works"/>
    <testcase time="0.358999999999995" classname="ext01" name="ext01_works">
      <skipped message="Reason: On CRAN ('test-ext01.R:23:3')"/>
    </testcase>
    <testcase time="0.692000000000007" classname="ext01" name="ext01_works_for_selected_parameters_and_categorical_variables">
      <skipped message="Reason: On CRAN ('test-ext01.R:36:3')"/>
    </testcase>
    <testcase time="1.05199999999999" classname="ext01" name="ext01_works_with_custom_mapping_order">
      <skipped message="Reason: On CRAN ('test-ext01.R:47:3')"/>
    </testcase>
    <testcase time="1.066" classname="ext01" name="ext01_works_with_custom_mapping_order_for_a_single_split">
      <skipped message="Reason: On CRAN ('test-ext01.R:57:3')"/>
    </testcase>
    <testcase time="1.107" classname="ext01" name="ext01_works_with_custom_mapping_fill_in_value">
      <skipped message="Reason: On CRAN ('test-ext01.R:68:3')"/>
    </testcase>
  </testsuite>
  <testsuite name="fstg01" timestamp="2023-07-13T13:27:42Z" hostname="c13578328f64" tests="7" skipped="0" failures="0" errors="0" time="9.266">
    <testcase time="0.027000000000001" classname="fstg01" name="fstg01_works_as_expected"/>
    <testcase time="2.06299999999999" classname="fstg01" name="fstg01_works_as_expected"/>
    <testcase time="2.06700000000001" classname="fstg01" name="fstg01_works_as_expected_with_custom_color_set"/>
    <testcase time="1.752" classname="fstg01" name="fstg01_works_as_expected_with_custom_color_set"/>
    <testcase time="0.355000000000004" classname="fstg01" name="fstg01_works_if_changes_are_in_subgroups_strata_var_conf_level_and_label_all"/>
    <testcase time="0.906000000000006" classname="fstg01" name="fstg01_works_if_changes_are_in_subgroups_strata_var_conf_level_and_label_all"/>
    <testcase time="2.09599999999999" classname="fstg01" name="fstg01_can_handle_some_NA_values_in_subgroups"/>
  </testsuite>
  <testsuite name="kmg01" timestamp="2023-07-13T13:27:51Z" hostname="c13578328f64" tests="6" skipped="0" failures="0" errors="0" time="1.848">
    <testcase time="0.0170000000000101" classname="kmg01" name="kmg01_works_as_expected"/>
    <testcase time="0.433999999999997" classname="kmg01" name="kmg01_works_as_expected"/>
    <testcase time="0.40100000000001" classname="kmg01" name="kmg01_works_as_expected_with_custom_color_set"/>
    <testcase time="0.355999999999995" classname="kmg01" name="kmg01_works_as_expected_with_custom_color_set"/>
    <testcase time="0.338000000000008" classname="kmg01" name="kmg01_works_if_change_pvalue_ties_and_conf_level"/>
    <testcase time="0.301999999999992" classname="kmg01" name="kmg01_works_if_change_annotation_position"/>
  </testsuite>
  <testsuite name="lbt01" timestamp="2023-07-13T13:27:53Z" hostname="c13578328f64" tests="4" skipped="3" failures="0" errors="0" time="11.997">
    <testcase time="4.753" classname="lbt01" name="lbt01_functions_with_default_argument_value_return_expected_result_with_test_data">
      <skipped message="Reason: On CRAN ('test-lbt01.R:7:3')"/>
    </testcase>
    <testcase time="5.07000000000001" classname="lbt01" name="lbt01_functions_with_row_split_var_return_expected_result_with_test_data">
      <skipped message="Reason: On CRAN ('test-lbt01.R:16:3')"/>
    </testcase>
    <testcase time="1.961" classname="lbt01" name="lbt01_can_handle_n_0_and_outputs_NE_instead_of_infs_and_NAs"/>
    <testcase time="0.212999999999994" classname="lbt01" name="lbt01_can_handle_n_0_and_outputs_NE_instead_of_infs_and_NAs">
      <skipped message="Reason: On CRAN ('test-lbt01.R:30:3')"/>
    </testcase>
  </testsuite>
  <testsuite name="lbt04" timestamp="2023-07-13T13:28:05Z" hostname="c13578328f64" tests="8" skipped="4" failures="0" errors="0" time="2.785">
    <testcase time="0.859999999999999" classname="lbt04" name="lbt04_functions_with_default_argument_value_return_expected_result_with_test_data">
      <skipped message="Reason: On CRAN ('test-lbt04.R:7:3')"/>
    </testcase>
    <testcase time="0.0730000000000075" classname="lbt04" name="lbt04_can_handle_all_NA_values"/>
    <testcase time="0.0579999999999927" classname="lbt04" name="lbt04_can_handle_all_NA_values">
      <skipped message="Reason: On CRAN ('test-lbt04.R:20:3')"/>
    </testcase>
    <testcase time="0.424000000000007" classname="lbt04" name="lbt04_can_handle_missing_levels"/>
    <testcase time="0.444999999999993" classname="lbt04" name="lbt04_can_handle_missing_levels">
      <skipped message="Reason: On CRAN ('test-lbt04.R:31:3')"/>
    </testcase>
    <testcase time="0.441000000000003" classname="lbt04" name="lbt04_can_handle_some_NA_values"/>
    <testcase time="0.435999999999993" classname="lbt04" name="lbt04_can_handle_some_NA_values">
      <skipped message="Reason: On CRAN ('test-lbt04.R:39:3')"/>
    </testcase>
    <testcase time="0.0480000000000018" classname="lbt04" name="lbt04_fails_on_incomlete_data"/>
  </testsuite>
  <testsuite name="lbt05" timestamp="2023-07-13T13:28:07Z" hostname="c13578328f64" tests="5" skipped="2" failures="0" errors="0" time="2.187">
    <testcase time="0.847000000000008" classname="lbt05" name="lbt05_functions_with_default_argument_value_return_expected_result_with_test_data">
      <skipped message="Reason: On CRAN ('test-lbt05.R:7:3')"/>
    </testcase>
    <testcase time="0.435999999999993" classname="lbt05" name="lbt05_give_all_0_count_if_ANRIND_are_all_missing"/>
    <testcase time="0.427999999999997" classname="lbt05" name="lbt05_can_handle_some_NA_values"/>
    <testcase time="0.420000000000002" classname="lbt05" name="lbt05_can_handle_some_NA_values">
      <skipped message="Reason: On CRAN ('test-lbt05.R:36:3')"/>
    </testcase>
    <testcase time="0.0559999999999974" classname="lbt05" name="lbt05_fails_on_incomlete_data"/>
  </testsuite>
  <testsuite name="lbt06" timestamp="2023-07-13T13:28:10Z" hostname="c13578328f64" tests="3" skipped="1" failures="0" errors="0" time="4.712">
    <testcase time="1.495" classname="lbt06" name="lbt06_gives_all_0_count_if_ANRIND_and_BNRIND_are_all_missing"/>
    <testcase time="3.14700000000001" classname="lbt06" name="lbt06_can_handle_some_NA_values">
      <skipped message="Reason: On CRAN ('test-lbt06.R:20:3')"/>
    </testcase>
    <testcase time="0.0699999999999932" classname="lbt06" name="lbt06_fails_on_incomplete_data"/>
  </testsuite>
  <testsuite name="lbt07" timestamp="2023-07-13T13:28:14Z" hostname="c13578328f64" tests="4" skipped="2" failures="0" errors="0" time="2.625">
    <testcase time="1.297" classname="lbt07" name="lbt07_functions_with_default_argument_value_return_expected_result_with_test_data">
      <skipped message="Reason: On CRAN ('test-lbt07.R:7:3')"/>
    </testcase>
    <testcase time="0.665000000000006" classname="lbt07" name="lbt07_can_handle_some_NA_values"/>
    <testcase time="0.605999999999995" classname="lbt07" name="lbt07_can_handle_some_NA_values">
      <skipped message="Reason: On CRAN ('test-lbt07.R:22:3')"/>
    </testcase>
    <testcase time="0.0570000000000022" classname="lbt07" name="lbt07_fails_on_incomlete_data"/>
  </testsuite>
  <testsuite name="lbt14" timestamp="2023-07-13T13:28:17Z" hostname="c13578328f64" tests="16" skipped="10" failures="0" errors="0" time="33.562">
    <testcase time="3.00800000000001" classname="lbt14" name="lbt14_functions_with_default_argument_value_return_expected_result_with_test_data">
      <skipped message="Reason: On CRAN ('test-lbt14.R:7:3')"/>
    </testcase>
    <testcase time="3.06599999999999" classname="lbt14" name="lbt14_functions_with_default_argument_value_return_expected_result_with_test_data_when_direction_high">
      <skipped message="Reason: On CRAN ('test-lbt14.R:14:3')"/>
    </testcase>
    <testcase time="2.762" classname="lbt14" name="lbt14_functions_with_gr_missing_excl_return_expected_result_with_test_data">
      <skipped message="Reason: On CRAN ('test-lbt14.R:21:3')"/>
    </testcase>
    <testcase time="2.95400000000001" classname="lbt14" name="lbt14_functions_with_gr_missing_gr_0_return_expected_result_with_test_data">
      <skipped message="Reason: On CRAN ('test-lbt14.R:28:3')"/>
    </testcase>
    <testcase time="1.47299999999998" classname="lbt14" name="lbt14_can_handle_all_NA_values"/>
    <testcase time="0.201999999999998" classname="lbt14" name="lbt14_can_handle_all_NA_values">
      <skipped message="Reason: On CRAN ('test-lbt14.R:41:3')"/>
    </testcase>
    <testcase time="1.79500000000002" classname="lbt14" name="lbt14_can_handle_some_NA_values"/>
    <testcase time="1.08599999999998" classname="lbt14" name="lbt14_can_handle_some_NA_values">
      <skipped message="Reason: On CRAN ('test-lbt14.R:60:3')"/>
    </testcase>
    <testcase time="5.86000000000001" classname="lbt14" name="lbt14_can_accept_different_gr_missing">
      <skipped message="Reason: On CRAN ('test-lbt14.R:67:3')"/>
    </testcase>
    <testcase time="0.0579999999999927" classname="lbt14" name="lbt14_fails_on_incomlete_data"/>
    <testcase time="1.53899999999999" classname="lbt14" name="lbt14_can_handle_all_NA_values_with_direction_high"/>
    <testcase time="0.222000000000008" classname="lbt14" name="lbt14_can_handle_all_NA_values_with_direction_high">
      <skipped message="Reason: On CRAN ('test-lbt14.R:92:3')"/>
    </testcase>
    <testcase time="1.92099999999999" classname="lbt14" name="lbt14_can_handle_some_NA_values_with_direction_high"/>
    <testcase time="1.19800000000001" classname="lbt14" name="lbt14_can_handle_some_NA_values_with_direction_high">
      <skipped message="Reason: On CRAN ('test-lbt14.R:111:3')"/>
    </testcase>
    <testcase time="6.37700000000001" classname="lbt14" name="lbt14_can_accept_different_gr_missing_with_direction_high">
      <skipped message="Reason: On CRAN ('test-lbt14.R:119:3')"/>
    </testcase>
    <testcase time="0.0409999999999968" classname="lbt14" name="lbt14_fails_on_incomlete_data"/>
  </testsuite>
  <testsuite name="mht01" timestamp="2023-07-13T13:28:51Z" hostname="c13578328f64" tests="3" skipped="3" failures="0" errors="0" time="2.412">
    <testcase time="0.801999999999992" classname="mht01" name="mht01_1_functions_with_default_argument_value_return_expected_result_with_test_data">
      <skipped message="Reason: On CRAN ('test-mht01.R:7:3')"/>
    </testcase>
    <testcase time="0.806000000000012" classname="mht01" name="mht01_works">
      <skipped message="Reason: On CRAN ('test-mht01.R:15:3')"/>
    </testcase>
    <testcase time="0.804000000000002" classname="mht01" name="mht01_works_on_NULL_in_lbl_mhbodsys_or_lbl_mhdecod">
      <skipped message="Reason: On CRAN ('test-mht01.R:21:3')"/>
    </testcase>
  </testsuite>
  <testsuite name="mng01" timestamp="2023-07-13T13:28:53Z" hostname="c13578328f64" tests="7" skipped="0" failures="0" errors="0" time="7.789">
    <testcase time="1.59899999999999" classname="mng01" name="mng01_works_as_expected_with_default_argument_values"/>
    <testcase time="1.20099999999999" classname="mng01" name="mng01_works_as_expected_with_custom_argument_values"/>
    <testcase time="0.0190000000000055" classname="mng01" name="mng01_works_as_expected_with_custom_argument_values"/>
    <testcase time="1.21000000000001" classname="mng01" name="mng01_works_as_expected_with_custom_color_set"/>
    <testcase time="1.21299999999999" classname="mng01" name="mng01_works_as_expected_with_custom_color_set"/>
    <testcase time="1.273" classname="mng01" name="mng01_works_if_show_v_grid_show_h_grid_is_TRUE"/>
    <testcase time="1.274" classname="mng01" name="mng01_works_with_combination_of_x_variables"/>
  </testsuite>
  <testsuite name="pdt01" timestamp="2023-07-13T13:29:01Z" hostname="c13578328f64" tests="5" skipped="3" failures="0" errors="0" time="1.857">
    <testcase time="0.745000000000005" classname="pdt01" name="pdt01_function_with_default_argument_value_return_expected_result_with_test_data">
      <skipped message="Reason: On CRAN ('test-pdt01.R:7:3')"/>
    </testcase>
    <testcase time="0.13900000000001" classname="pdt01" name="pdt01_can_handle_all_NA_values"/>
    <testcase time="0.150999999999982" classname="pdt01" name="pdt01_can_handle_all_NA_values">
      <skipped message="Reason: On CRAN ('test-pdt01.R:21:3')"/>
    </testcase>
    <testcase time="0.334000000000003" classname="pdt01" name="pdt01_can_handle_some_NA_values"/>
    <testcase time="0.488" classname="pdt01" name="pdt01_can_handle_some_NA_values">
      <skipped message="Reason: On CRAN ('test-pdt01.R:36:3')"/>
    </testcase>
  </testsuite>
  <testsuite name="pdt02" timestamp="2023-07-13T13:29:03Z" hostname="c13578328f64" tests="5" skipped="3" failures="0" errors="0" time="1.205">
    <testcase time="0.385999999999996" classname="pdt02" name="pdt02_function_with_default_argument_value_return_expected_result_with_test_data">
      <skipped message="Reason: On CRAN ('test-pdt02.R:7:3')"/>
    </testcase>
    <testcase time="0.180000000000007" classname="pdt02" name="pdt02_can_handle_all_NA_values"/>
    <testcase time="0.156000000000006" classname="pdt02" name="pdt02_can_handle_all_NA_values">
      <skipped message="Reason: On CRAN ('test-pdt02.R:21:3')"/>
    </testcase>
    <testcase time="0.234000000000009" classname="pdt02" name="pdt02_can_handle_some_NA_values"/>
    <testcase time="0.248999999999995" classname="pdt02" name="pdt02_can_handle_some_NA_values">
      <skipped message="Reason: On CRAN ('test-pdt02.R:36:3')"/>
    </testcase>
  </testsuite>
  <testsuite name="reexports" timestamp="2023-07-13T13:29:04Z" hostname="c13578328f64" tests="2" skipped="0" failures="0" errors="0" time="0.038">
    <testcase time="0.0279999999999916" classname="reexports" name="with_label_exported_correctly"/>
    <testcase time="0.00999999999999091" classname="reexports" name="reformat_exported_correctly"/>
  </testsuite>
  <testsuite name="rmpt01" timestamp="2023-07-13T13:29:04Z" hostname="c13578328f64" tests="7" skipped="3" failures="0" errors="0" time="0.778">
    <testcase time="0.225000000000023" classname="rmpt01" name="rmpt01_function_with_default_argument_value_return_expected_result_with_test_data">
      <skipped message="Reason: On CRAN ('test-rmpt01.R:7:3')"/>
    </testcase>
    <testcase time="0.0879999999999939" classname="rmpt01" name="rmpt01_can_handle_NA_values"/>
    <testcase time="0.140999999999991" classname="rmpt01" name="rmpt01_can_handle_NA_values">
      <skipped message="Reason: On CRAN ('test-rmpt01.R:17:3')"/>
    </testcase>
    <testcase time="0.0910000000000082" classname="rmpt01" name="rmpt01_can_handle_some_NA_values"/>
    <testcase time="0.140999999999991" classname="rmpt01" name="rmpt01_can_handle_some_NA_values">
      <skipped message="Reason: On CRAN ('test-rmpt01.R:31:3')"/>
    </testcase>
    <testcase time="0.0550000000000068" classname="rmpt01" name="rmpt01_fails_on_incomlete_data"/>
    <testcase time="0.0370000000000061" classname="rmpt01" name="rmpt01_fails_on_incomlete_data"/>
  </testsuite>
  <testsuite name="rmpt03" timestamp="2023-07-13T13:29:05Z" hostname="c13578328f64" tests="8" skipped="3" failures="0" errors="0" time="1.32">
    <testcase time="0.455999999999989" classname="rmpt03" name="rmpt03_function_with_default_argument_value_return_expected_result_with_test_data">
      <skipped message="Reason: On CRAN ('test-rmpt03.R:9:3')"/>
    </testcase>
    <testcase time="0.149000000000001" classname="rmpt03" name="rmpt03_can_handle_NA_values"/>
    <testcase time="0.22399999999999" classname="rmpt03" name="rmpt03_can_handle_NA_values">
      <skipped message="Reason: On CRAN ('test-rmpt03.R:19:3')"/>
    </testcase>
    <testcase time="0.155000000000001" classname="rmpt03" name="rmpt03_can_handle_some_NA_values"/>
    <testcase time="0.225000000000023" classname="rmpt03" name="rmpt03_can_handle_some_NA_values">
      <skipped message="Reason: On CRAN ('test-rmpt03.R:33:3')"/>
    </testcase>
    <testcase time="0.0549999999999784" classname="rmpt03" name="rmpt03_fails_on_incomlete_data"/>
    <testcase time="0.0370000000000061" classname="rmpt03" name="rmpt03_fails_on_incomlete_data"/>
    <testcase time="0.0190000000000055" classname="rmpt03" name="rmpt03_fails_on_incomlete_data"/>
  </testsuite>
  <testsuite name="rmpt04" timestamp="2023-07-13T13:29:06Z" hostname="c13578328f64" tests="6" skipped="3" failures="0" errors="0" time="0.733">
    <testcase time="0.221000000000004" classname="rmpt04" name="rmpt04_function_with_default_argument_value_return_expected_result_with_test_data">
      <skipped message="Reason: On CRAN ('test-rmpt04.R:7:3')"/>
    </testcase>
    <testcase time="0.10499999999999" classname="rmpt04" name="rmpt04_can_handle_NA_values"/>
    <testcase time="0.121000000000009" classname="rmpt04" name="rmpt04_can_handle_NA_values">
      <skipped message="Reason: On CRAN ('test-rmpt04.R:17:3')"/>
    </testcase>
    <testcase time="0.108000000000004" classname="rmpt04" name="rmpt04_can_handle_some_NA_values"/>
    <testcase time="0.137" classname="rmpt04" name="rmpt04_can_handle_some_NA_values">
      <skipped message="Reason: On CRAN ('test-rmpt04.R:34:3')"/>
    </testcase>
    <testcase time="0.0410000000000252" classname="rmpt04" name="rmpt04_fails_on_incomlete_data"/>
  </testsuite>
  <testsuite name="rmpt05" timestamp="2023-07-13T13:29:07Z" hostname="c13578328f64" tests="6" skipped="3" failures="0" errors="0" time="0.924">
    <testcase time="0.286000000000001" classname="rmpt05" name="rmpt05_function_with_default_argument_value_return_expected_result_with_test_data">
      <skipped message="Reason: On CRAN ('test-rmpt05.R:7:3')"/>
    </testcase>
    <testcase time="0.127999999999986" classname="rmpt05" name="rmpt05_can_handle_NA_values"/>
    <testcase time="0.176999999999992" classname="rmpt05" name="rmpt05_can_handle_NA_values">
      <skipped message="Reason: On CRAN ('test-rmpt05.R:17:3')"/>
    </testcase>
    <testcase time="0.115000000000009" classname="rmpt05" name="rmpt05_can_handle_some_NA_values"/>
    <testcase time="0.181000000000012" classname="rmpt05" name="rmpt05_can_handle_some_NA_values">
      <skipped message="Reason: On CRAN ('test-rmpt05.R:34:3')"/>
    </testcase>
    <testcase time="0.0369999999999777" classname="rmpt05" name="rmpt05_fails_on_incomlete_data"/>
  </testsuite>
  <testsuite name="rspt01" timestamp="2023-07-13T13:29:08Z" hostname="c13578328f64" tests="15" skipped="7" failures="0" errors="0" time="4.641">
    <testcase time="0.0250000000000057" classname="rspt01" name="rspt01_works_as_expected"/>
    <testcase time="0.460000000000008" classname="rspt01" name="rspt01_works_as_expected"/>
    <testcase time="0.302999999999997" classname="rspt01" name="rspt01_works_as_expected">
      <skipped message="Reason: On CRAN ('test-rspt01.R:5:3')"/>
    </testcase>
    <testcase time="0.388000000000005" classname="rspt01" name="rspt01_works_as_expected_for_stratified_and_unstratified_analysis"/>
    <testcase time="0.306999999999988" classname="rspt01" name="rspt01_works_as_expected_for_stratified_and_unstratified_analysis">
      <skipped message="Reason: On CRAN ('test-rspt01.R:17:3')"/>
    </testcase>
    <testcase time="0.331999999999994" classname="rspt01" name="rspt01_works_as_expected_for_unstratified_analysis_only"/>
    <testcase time="0.267000000000024" classname="rspt01" name="rspt01_works_as_expected_for_unstratified_analysis_only">
      <skipped message="Reason: On CRAN ('test-rspt01.R:36:3')"/>
    </testcase>
    <testcase time="0.338999999999999" classname="rspt01" name="rspt01_works_as_expected_for_stratified_analysis_only"/>
    <testcase time="0.272999999999996" classname="rspt01" name="rspt01_works_as_expected_for_stratified_analysis_only">
      <skipped message="Reason: On CRAN ('test-rspt01.R:55:3')"/>
    </testcase>
    <testcase time="0.36099999999999" classname="rspt01" name="rspt01_works_if_change_reference_group"/>
    <testcase time="0.27600000000001" classname="rspt01" name="rspt01_works_if_change_reference_group">
      <skipped message="Reason: On CRAN ('test-rspt01.R:74:3')"/>
    </testcase>
    <testcase time="0.364999999999981" classname="rspt01" name="rspt01_works_if_change_statistic_methods"/>
    <testcase time="0.277000000000015" classname="rspt01" name="rspt01_works_if_change_statistic_methods">
      <skipped message="Reason: On CRAN ('test-rspt01.R:97:3')"/>
    </testcase>
    <testcase time="0.359999999999985" classname="rspt01" name="rspt01_works_if_change_confidence_interval"/>
    <testcase time="0.308000000000021" classname="rspt01" name="rspt01_works_if_change_confidence_interval">
      <skipped message="Reason: On CRAN ('test-rspt01.R:123:3')"/>
    </testcase>
  </testsuite>
  <testsuite name="ttet01" timestamp="2023-07-13T13:29:12Z" hostname="c13578328f64" tests="9" skipped="4" failures="0" errors="0" time="3.803">
    <testcase time="0.0389999999999873" classname="ttet01" name="ttet01_works_as_expected"/>
    <testcase time="0.569000000000017" classname="ttet01" name="ttet01_works_as_expected"/>
    <testcase time="0.514999999999986" classname="ttet01" name="ttet01_works_as_expected">
      <skipped message="Reason: On CRAN ('test-ttet01.R:5:3')"/>
    </testcase>
    <testcase time="0.455000000000013" classname="ttet01" name="ttet01_works_as_expected_for_stratified_and_unstratified_analysis"/>
    <testcase time="0.429999999999978" classname="ttet01" name="ttet01_works_as_expected_for_stratified_and_unstratified_analysis">
      <skipped message="Reason: On CRAN ('test-ttet01.R:14:3')"/>
    </testcase>
    <testcase time="0.455000000000013" classname="ttet01" name="ttet01_works_as_expected_for_stratified_analysis_only"/>
    <testcase time="0.451999999999998" classname="ttet01" name="ttet01_works_as_expected_for_stratified_analysis_only">
      <skipped message="Reason: On CRAN ('test-ttet01.R:30:3')"/>
    </testcase>
    <testcase time="0.460000000000008" classname="ttet01" name="ttet01_works_if_change_reference_group"/>
    <testcase time="0.427999999999997" classname="ttet01" name="ttet01_works_if_change_reference_group">
      <skipped message="Reason: On CRAN ('test-ttet01.R:46:3')"/>
    </testcase>
  </testsuite>
  <testsuite name="utils" timestamp="2023-07-13T13:29:16Z" hostname="c13578328f64" tests="52" skipped="0" failures="0" errors="0" time="0.315">
    <testcase time="0.0229999999999961" classname="utils" name="h_format_dec_works_as_exected"/>
    <testcase time="0.00399999999999068" classname="utils" name="h_format_dec_works_as_exected"/>
    <testcase time="0.00200000000000955" classname="utils" name="h_format_dec_works_as_exected"/>
    <testcase time="0.00399999999999068" classname="utils" name="h_format_dec_works_as_exected"/>
    <testcase time="0.00200000000000955" classname="utils" name="h_format_dec_works_as_exected"/>
    <testcase time="0.00399999999999068" classname="utils" name="h_format_dec_works_as_exected"/>
    <testcase time="0.00200000000000955" classname="utils" name="h_format_dec_works_as_exected"/>
    <testcase time="0.00399999999999068" classname="utils" name="h_format_dec_works_as_exected"/>
    <testcase time="0.00200000000000955" classname="utils" name="h_format_dec_works_as_exected"/>
    <testcase time="0.00399999999999068" classname="utils" name="h_format_dec_works_as_exected"/>
    <testcase time="0.00200000000000955" classname="utils" name="h_format_dec_works_as_exected"/>
    <testcase time="0.00399999999999068" classname="utils" name="h_format_dec_works_as_exected"/>
    <testcase time="0.0100000000000193" classname="utils" name="h_format_dec_works_as_expected_with_more_than_one_value"/>
    <testcase time="0.00399999999999068" classname="utils" name="h_format_dec_works_as_expected_with_more_than_one_value"/>
    <testcase time="0.00999999999999091" classname="utils" name="h_format_dec_works_as_expected_with_NA_digits"/>
    <testcase time="0.00999999999999091" classname="utils" name="fuse_sequentially_works"/>
    <testcase time="0.0040000000000191" classname="utils" name="fuse_sequentially_works"/>
    <testcase time="0.00899999999998613" classname="utils" name="grob_list_works"/>
    <testcase time="0.00100000000000477" classname="utils" name="grob_list_works"/>
    <testcase time="0.00399999999999068" classname="utils" name="grob_list_works"/>
    <testcase time="0.0150000000000148" classname="utils" name="grob_list_works"/>
    <testcase time="0.0229999999999961" classname="utils" name="ifneeded_split_row_works_as_expected"/>
    <testcase time="0.0120000000000005" classname="utils" name="ifneeded_split_row_works_as_expected"/>
    <testcase time="0.00999999999999091" classname="utils" name="droplevels.character_works_as_expected"/>
    <testcase time="0.0040000000000191" classname="utils" name="droplevels.character_works_as_expected"/>
    <testcase time="0.00799999999998136" classname="utils" name="lvls.character_works_as_expected"/>
    <testcase time="0.0040000000000191" classname="utils" name="lvls.character_works_as_expected"/>
    <testcase time="0.00799999999998136" classname="utils" name="lvls.factor_works_as_expected"/>
    <testcase time="0.0040000000000191" classname="utils" name="lvls.factor_works_as_expected"/>
    <testcase time="0.00799999999998136" classname="utils" name="lvls.default_works_as_expected"/>
    <testcase time="0.0040000000000191" classname="utils" name="lvls.default_works_as_expected"/>
    <testcase time="0.00799999999998136" classname="utils" name="quote_str_works_as_expected"/>
    <testcase time="0.0040000000000191" classname="utils" name="quote_str_works_as_expected"/>
    <testcase time="0.00600000000000023" classname="utils" name="quote_str_works_as_expected"/>
    <testcase time="0.00799999999998136" classname="utils" name="modify_default_args_works_as_expected"/>
    <testcase time="0.00499999999999545" classname="utils" name="modify_default_args_works_as_expected"/>
    <testcase time="0.007000000000005" classname="utils" name="execute_with_args_works_as_expected"/>
    <testcase time="0.00499999999999545" classname="utils" name="execute_with_args_works_as_expected"/>
    <testcase time="0.00200000000000955" classname="utils" name="execute_with_args_works_as_expected"/>
    <testcase time="0.00399999999999068" classname="utils" name="execute_with_args_works_as_expected"/>
    <testcase time="0.00200000000000955" classname="utils" name="execute_with_args_works_as_expected"/>
    <testcase time="0.00399999999999068" classname="utils" name="execute_with_args_works_as_expected"/>
    <testcase time="0.00200000000000955" classname="utils" name="execute_with_args_works_as_expected"/>
    <testcase time="0.00399999999999068" classname="utils" name="execute_with_args_works_as_expected"/>
    <testcase time="0.00200000000000955" classname="utils" name="execute_with_args_works_as_expected"/>
    <testcase time="0.00499999999999545" classname="utils" name="execute_with_args_works_as_expected"/>
    <testcase time="0.00200000000000955" classname="utils" name="execute_with_args_works_as_expected"/>
    <testcase time="0.00399999999999068" classname="utils" name="execute_with_args_works_as_expected"/>
    <testcase time="0.00800000000000978" classname="utils" name="do_call_work_as_expected"/>
    <testcase time="0.00399999999999068" classname="utils" name="do_call_work_as_expected"/>
    <testcase time="0.0120000000000005" classname="utils" name="do_call_errors_as_expected"/>
    <testcase time="0.00800000000000978" classname="utils" name="do_call_errors_as_expected"/>
  </testsuite>
  <testsuite name="vst01" timestamp="2023-07-13T13:29:16Z" hostname="c13578328f64" tests="3" skipped="2" failures="0" errors="0" time="19.696">
    <testcase time="10.229" classname="vst01" name="vst01_functions_with_default_argument_value_return_expected_result_with_test_data">
      <skipped message="Reason: On CRAN ('test-vst01.R:7:3')"/>
    </testcase>
    <testcase time="4.46100000000001" classname="vst01" name="run_vst01_works_as_expected"/>
    <testcase time="5.006" classname="vst01" name="run_vst01_works_as_expected">
      <skipped message="Reason: On CRAN ('test-vst01.R:14:3')"/>
    </testcase>
  </testsuite>
  <testsuite name="vst02" timestamp="2023-07-13T13:29:36Z" hostname="c13578328f64" tests="2" skipped="2" failures="0" errors="0" time="1.215">
    <testcase time="0.605999999999995" classname="vst02" name="vst02_functions_with_default_argument_value_return_expected_result_with_test_data">
      <skipped message="Reason: On CRAN ('test-vst02.R:7:3')"/>
    </testcase>
    <testcase time="0.609000000000009" classname="vst02" name="vst02_functions_return_expected_result_with_test_data_when_excluding_subject_with_baseline_abnormality">
      <skipped message="Reason: On CRAN ('test-vst02.R:14:3')"/>
    </testcase>
  </testsuite>
</testsuites>
