<?xml version="1.0" encoding="UTF-8"?>
<testsuites>
  <testsuite name="ael01_nollt" timestamp="2025-03-12T09:09:39Z" hostname="f1cddc43775f" tests="14" skipped="0" failures="0" errors="0" time="1.223">
    <testcase time="0.0639999999999996" classname="ael01_nollt" name="ael01_nollt_works_with_admh_dataset"/>
    <testcase time="0.273" classname="ael01_nollt" name="ael01_nollt_works_with_admh_dataset"/>
    <testcase time="0.0310000000000001" classname="ael01_nollt" name="ael01_nollt_works_with_non_default_label"/>
    <testcase time="0.223" classname="ael01_nollt" name="ael01_nollt_works_with_non_default_label"/>
    <testcase time="0.0350000000000001" classname="ael01_nollt" name="ael01_nollt_can_handle_all_missing_values"/>
    <testcase time="0.081" classname="ael01_nollt" name="ael01_nollt_can_handle_all_missing_values"/>
    <testcase time="0.0299999999999998" classname="ael01_nollt" name="ael01_nollt_can_handle_some_missing_values"/>
    <testcase time="0.138" classname="ael01_nollt" name="ael01_nollt_can_handle_some_missing_values"/>
    <testcase time="0.024" classname="ael01_nollt" name="ael01_nollt_listing_can_be_split_by_an_additional_variable"/>
    <testcase time="0.00199999999999978" classname="ael01_nollt" name="ael01_nollt_listing_can_be_split_by_an_additional_variable"/>
    <testcase time="0.175" classname="ael01_nollt" name="ael01_nollt_listing_can_be_split_by_an_additional_variable"/>
    <testcase time="0.024" classname="ael01_nollt" name="split_ael01_nollt_listing_do_not_display_missing_values"/>
    <testcase time="0.00100000000000033" classname="ael01_nollt" name="split_ael01_nollt_listing_do_not_display_missing_values"/>
    <testcase time="0.122" classname="ael01_nollt" name="split_ael01_nollt_listing_do_not_display_missing_values"/>
  </testsuite>
  <testsuite name="ael02" timestamp="2025-03-12T09:09:40Z" hostname="f1cddc43775f" tests="9" skipped="0" failures="0" errors="0" time="2.805">
    <testcase time="0.0609999999999999" classname="ael02" name="ael02_works_with_adae_dataset"/>
    <testcase time="0.00099999999999989" classname="ael02" name="ael02_works_with_adae_dataset"/>
    <testcase time="0.875" classname="ael02" name="ael02_works_with_adae_dataset"/>
    <testcase time="0.0419999999999998" classname="ael02" name="ael02_can_handle_all_missing_values"/>
    <testcase time="0.00100000000000033" classname="ael02" name="ael02_can_handle_all_missing_values"/>
    <testcase time="0.914999999999999" classname="ael02" name="ael02_can_handle_all_missing_values"/>
    <testcase time="0.04" classname="ael02" name="ael02_functions_work_as_expected"/>
    <testcase time="0.00200000000000067" classname="ael02" name="ael02_functions_work_as_expected"/>
    <testcase time="0.867999999999999" classname="ael02" name="ael02_functions_work_as_expected"/>
  </testsuite>
  <testsuite name="ael03" timestamp="2025-03-12T09:09:43Z" hostname="f1cddc43775f" tests="9" skipped="0" failures="0" errors="0" time="2.837">
    <testcase time="0.0609999999999999" classname="ael03" name="ael03_works_with_adae_dataset"/>
    <testcase time="0.00100000000000033" classname="ael03" name="ael03_works_with_adae_dataset"/>
    <testcase time="0.893" classname="ael03" name="ael03_works_with_adae_dataset"/>
    <testcase time="0.0440000000000005" classname="ael03" name="ael03_can_handle_all_missing_values"/>
    <testcase time="0.000999999999999446" classname="ael03" name="ael03_can_handle_all_missing_values"/>
    <testcase time="0.908" classname="ael03" name="ael03_can_handle_all_missing_values"/>
    <testcase time="0.0499999999999998" classname="ael03" name="ael03_functions_work_as_expected"/>
    <testcase time="0.00199999999999978" classname="ael03" name="ael03_functions_work_as_expected"/>
    <testcase time="0.877000000000001" classname="ael03" name="ael03_functions_work_as_expected"/>
  </testsuite>
  <testsuite name="aet01" timestamp="2025-03-12T09:09:46Z" hostname="f1cddc43775f" tests="13" skipped="0" failures="0" errors="0" time="3.429">
    <testcase time="0.406000000000001" classname="aet01" name="aet01_can_handle_all_NA_values"/>
    <testcase time="0.287999999999998" classname="aet01" name="aet01_can_handle_all_NA_values"/>
    <testcase time="0.298" classname="aet01" name="aet01_can_handle_all_NA_values"/>
    <testcase time="0.233000000000001" classname="aet01" name="aet01_can_handle_all_NA_values"/>
    <testcase time="0.273" classname="aet01" name="aet01_can_handle_some_NA_values"/>
    <testcase time="0.286" classname="aet01" name="aet01_can_handle_some_NA_values"/>
    <testcase time="0.214" classname="aet01" name="aet01_can_use_custom_anl_vars"/>
    <testcase time="0.356" classname="aet01" name="aet01_can_use_custom_anl_vars"/>
    <testcase time="0.0620000000000012" classname="aet01" name="aet01_fails_on_incomplete_data_input"/>
    <testcase time="0.293999999999999" classname="aet01" name="aet01_can_use_custom_medconcept_var"/>
    <testcase time="0.284000000000001" classname="aet01" name="aet01_can_use_custom_medconcept_var"/>
    <testcase time="0.194000000000001" classname="aet01" name="aet01_can_conditionally_show_the_number_of_withdrawal"/>
    <testcase time="0.241" classname="aet01" name="aet01_can_conditionally_show_the_number_of_withdrawal"/>
  </testsuite>
  <testsuite name="aet01_aesi" timestamp="2025-03-12T09:09:49Z" hostname="f1cddc43775f" tests="9" skipped="0" failures="0" errors="0" time="2.044">
    <testcase time="0.222999999999999" classname="aet01_aesi" name="aet01_aesi_can_handle_all_NA_values"/>
    <testcase time="0.256" classname="aet01_aesi" name="aet01_aesi_can_handle_all_NA_values"/>
    <testcase time="0.191000000000001" classname="aet01_aesi" name="aet01_aesi_can_handle_all_NA_values"/>
    <testcase time="0.215999999999999" classname="aet01_aesi" name="aet01_aesi_can_handle_all_NA_values"/>
    <testcase time="0.195" classname="aet01_aesi" name="aet01_aesi_can_handle_some_NA_values"/>
    <testcase time="0.255000000000001" classname="aet01_aesi" name="aet01_aesi_can_handle_some_NA_values"/>
    <testcase time="0.273999999999999" classname="aet01_aesi" name="aet01_aesi_works_with_ALL_argument"/>
    <testcase time="0.385" classname="aet01_aesi" name="aet01_aesi_works_with_ALL_argument"/>
    <testcase time="0.0489999999999995" classname="aet01_aesi" name="aet01_aesi_check_fails_on_incomplete_data_input"/>
  </testsuite>
  <testsuite name="aet02" timestamp="2025-03-12T09:09:51Z" hostname="f1cddc43775f" tests="4" skipped="0" failures="0" errors="0" time="2.466">
    <testcase time="0.0550000000000015" classname="aet02" name="aet02_fails_on_incomplete_data_input"/>
    <testcase time="0.119" classname="aet02" name="aet02_handle_empty_data_input"/>
    <testcase time="1.513" classname="aet02" name="aet02_can_have_different_levels_of_row_split"/>
    <testcase time="0.779" classname="aet02" name="aet02_can_have_different_levels_of_row_split"/>
  </testsuite>
  <testsuite name="aet03" timestamp="2025-03-12T09:09:54Z" hostname="f1cddc43775f" tests="4" skipped="0" failures="0" errors="0" time="2.586">
    <testcase time="0.280000000000001" classname="aet03" name="aet03_can_handle_NA_values"/>
    <testcase time="0.254000000000001" classname="aet03" name="aet03_can_handle_NA_values"/>
    <testcase time="1.325" classname="aet03" name="aet03_can_handle_some_NA_values"/>
    <testcase time="0.727" classname="aet03" name="aet03_can_handle_some_NA_values"/>
  </testsuite>
  <testsuite name="aet04" timestamp="2025-03-12T09:09:56Z" hostname="f1cddc43775f" tests="12" skipped="0" failures="0" errors="0" time="11.77">
    <testcase time="0.440000000000001" classname="aet04" name="aet04_can_handle_NA_values"/>
    <testcase time="0.417999999999999" classname="aet04" name="aet04_can_handle_NA_values"/>
    <testcase time="0.413999999999998" classname="aet04" name="aet04_can_handle_NA_values"/>
    <testcase time="0.00400000000000134" classname="aet04" name="aet04_can_handle_NA_values"/>
    <testcase time="0.417000000000002" classname="aet04" name="aet04_can_handle_NA_values"/>
    <testcase time="0.434999999999999" classname="aet04" name="aet04_can_handle_NA_values"/>
    <testcase time="2.425" classname="aet04" name="aet04_can_handle_some_NA_values"/>
    <testcase time="1.187" classname="aet04" name="aet04_can_handle_some_NA_values"/>
    <testcase time="2.381" classname="aet04" name="aet04_can_handle_some_NA_values"/>
    <testcase time="0.00700000000000145" classname="aet04" name="aet04_can_handle_some_NA_values"/>
    <testcase time="2.395" classname="aet04" name="aet04_can_handle_some_NA_values"/>
    <testcase time="1.247" classname="aet04" name="aet04_can_handle_some_NA_values"/>
  </testsuite>
  <testsuite name="aet05" timestamp="2025-03-12T09:10:08Z" hostname="f1cddc43775f" tests="6" skipped="0" failures="0" errors="0" time="1.314">
    <testcase time="0.169" classname="aet05" name="aet05_can_handle_NA_values"/>
    <testcase time="0.27" classname="aet05" name="aet05_can_handle_NA_values"/>
    <testcase time="0.138999999999999" classname="aet05" name="aet05_can_handle_some_NA_values"/>
    <testcase time="0.298000000000002" classname="aet05" name="aet05_can_handle_some_NA_values"/>
    <testcase time="0.150999999999996" classname="aet05" name="aet05_can_handle_some_NA_values"/>
    <testcase time="0.287000000000006" classname="aet05" name="aet05_can_handle_some_NA_values"/>
  </testsuite>
  <testsuite name="aet05_all" timestamp="2025-03-12T09:10:09Z" hostname="f1cddc43775f" tests="6" skipped="0" failures="0" errors="0" time="1.318">
    <testcase time="0.161999999999999" classname="aet05_all" name="aet05_all_can_handle_NA_values"/>
    <testcase time="0.259" classname="aet05_all" name="aet05_all_can_handle_NA_values"/>
    <testcase time="0.158999999999999" classname="aet05_all" name="aet05_all_can_handle_some_NA_values"/>
    <testcase time="0.301000000000002" classname="aet05_all" name="aet05_all_can_handle_some_NA_values"/>
    <testcase time="0.139999999999993" classname="aet05_all" name="aet05_all_can_handle_some_NA_values"/>
    <testcase time="0.297000000000004" classname="aet05_all" name="aet05_all_can_handle_some_NA_values"/>
  </testsuite>
  <testsuite name="aet10" timestamp="2025-03-12T09:10:11Z" hostname="f1cddc43775f" tests="4" skipped="0" failures="0" errors="0" time="0.579">
    <testcase time="0.080999999999996" classname="aet10" name="aet10_can_handle_NA_values"/>
    <testcase time="0.134" classname="aet10" name="aet10_can_handle_NA_values"/>
    <testcase time="0.123000000000005" classname="aet10" name="aet10_can_handle_some_NA_values"/>
    <testcase time="0.241" classname="aet10" name="aet10_can_handle_some_NA_values"/>
  </testsuite>
  <testsuite name="assertions" timestamp="2025-03-12T09:10:11Z" hostname="f1cddc43775f" tests="33" skipped="0" failures="0" errors="0" time="0.169">
    <testcase time="0.00900000000000034" classname="assertions" name="assert_valid_var.character_works_as_expected"/>
    <testcase time="0.00499999999999545" classname="assertions" name="assert_valid_var.character_works_as_expected"/>
    <testcase time="0.00500000000000256" classname="assertions" name="assert_valid_var.character_works_as_expected"/>
    <testcase time="0.00500000000000256" classname="assertions" name="assert_valid_var.character_works_as_expected"/>
    <testcase time="0.00199999999999534" classname="assertions" name="assert_valid_var.character_works_as_expected"/>
    <testcase time="0.00500000000000256" classname="assertions" name="assert_valid_var.factor_works_as_expected"/>
    <testcase time="0.00399999999999778" classname="assertions" name="assert_valid_var.factor_works_as_expected"/>
    <testcase time="0.00500000000000256" classname="assertions" name="assert_valid_var.factor_works_as_expected"/>
    <testcase time="0.00500000000000256" classname="assertions" name="assert_valid_var.factor_works_as_expected"/>
    <testcase time="0.00199999999999534" classname="assertions" name="assert_valid_var.factor_works_as_expected"/>
    <testcase time="0.00500000000000256" classname="assertions" name="assert_valid_var.logical_works_as_expected"/>
    <testcase time="0.00499999999999545" classname="assertions" name="assert_valid_var.logical_works_as_expected"/>
    <testcase time="0.00400000000000489" classname="assertions" name="assert_valid_var.logical_works_as_expected"/>
    <testcase time="0.00199999999999534" classname="assertions" name="assert_valid_var.logical_works_as_expected"/>
    <testcase time="0.00500000000000256" classname="assertions" name="assert_valid_var.numeric_works_as_expected"/>
    <testcase time="0.00500000000000256" classname="assertions" name="assert_valid_var.numeric_works_as_expected"/>
    <testcase time="0.00499999999999545" classname="assertions" name="assert_valid_var.numeric_works_as_expected"/>
    <testcase time="0.00100000000000477" classname="assertions" name="assert_valid_var.numeric_works_as_expected"/>
    <testcase time="0.00399999999999778" classname="assertions" name="assert_valid_var.numeric_works_as_expected"/>
    <testcase time="0.00200000000000244" classname="assertions" name="assert_valid_var.numeric_works_as_expected"/>
    <testcase time="0.00900000000000034" classname="assertions" name="assert_valid_var.POSIXct_works_as_expected"/>
    <testcase time="0.00900000000000034" classname="assertions" name="assert_valid_var.POSIXct_works_as_expected"/>
    <testcase time="0.00600000000000023" classname="assertions" name="assert_valid_variable_works_as_expected"/>
    <testcase time="0.00199999999999534" classname="assertions" name="assert_valid_variable_works_as_expected"/>
    <testcase time="0.007000000000005" classname="assertions" name="assert_valid_variable_works_as_expected"/>
    <testcase time="0.00199999999999534" classname="assertions" name="assert_valid_variable_works_as_expected"/>
    <testcase time="0.007000000000005" classname="assertions" name="assert_valid_variable_works_as_expected"/>
    <testcase time="0.00199999999999534" classname="assertions" name="assert_valid_variable_works_as_expected"/>
    <testcase time="0.00600000000000023" classname="assertions" name="assert_valid_var_pair_works_as_expected_with_character"/>
    <testcase time="0.00500000000000256" classname="assertions" name="assert_valid_var_pair_works_as_expected_with_character"/>
    <testcase time="0.0120000000000005" classname="assertions" name="assert_valid_var_pair_works_as_expected_with_factor"/>
    <testcase time="0.00900000000000034" classname="assertions" name="assert_valid_var_pair_works_as_expected_with_factor"/>
    <testcase time="0.00800000000000267" classname="assertions" name="assert_valid_var_pair_works_as_expected_with_factor"/>
  </testsuite>
  <testsuite name="cfbt01" timestamp="2025-03-12T09:10:12Z" hostname="f1cddc43775f" tests="3" skipped="0" failures="0" errors="0" time="9.339">
    <testcase time="6.992" classname="cfbt01" name="cfbt01_functions_with_default_argument_value_return_expected_result_with_test_data"/>
    <testcase time="0.786999999999999" classname="cfbt01" name="cfbt01_can_handle_n_0_and_outputs_NE_instead_of_infs_and_NAs"/>
    <testcase time="1.56" classname="cfbt01" name="cfbt01_can_handle_n_0_and_outputs_NE_instead_of_infs_and_NAs"/>
  </testsuite>
  <testsuite name="checks" timestamp="2025-03-12T09:10:21Z" hostname="f1cddc43775f" tests="8" skipped="0" failures="0" errors="0" time="0.027">
    <testcase time="0.00900000000000034" classname="checks" name="check_all_colnames_works_as_expected"/>
    <testcase time="0.00300000000000011" classname="checks" name="check_all_colnames_works_as_expected"/>
    <testcase time="0.000999999999997669" classname="checks" name="check_all_colnames_works_as_expected"/>
    <testcase time="0.00300000000000011" classname="checks" name="check_all_colnames_works_as_expected"/>
    <testcase time="0.00500000000000256" classname="checks" name="check_one_colnames_works_as_expected"/>
    <testcase time="0.00200000000000244" classname="checks" name="check_one_colnames_works_as_expected"/>
    <testcase time="0.00199999999999534" classname="checks" name="check_one_colnames_works_as_expected"/>
    <testcase time="0.00200000000000244" classname="checks" name="check_one_colnames_works_as_expected"/>
  </testsuite>
  <testsuite name="chevron_tlg-class" timestamp="2025-03-12T09:10:21Z" hostname="f1cddc43775f" tests="27" skipped="0" failures="0" errors="0" time="0.102">
    <testcase time="0.0180000000000007" classname="chevron_tlg_class" name="chevron_t_object_can_be_constructed_with_default_values"/>
    <testcase time="0.00399999999999778" classname="chevron_tlg_class" name="chevron_t_object_can_be_constructed_with_default_values"/>
    <testcase time="0.0069999999999979" classname="chevron_tlg_class" name="chevron_t_object_can_be_constructed_with_custom_values"/>
    <testcase time="0.00300000000000011" classname="chevron_tlg_class" name="chevron_t_object_can_be_constructed_with_custom_values"/>
    <testcase time="0.00200000000000244" classname="chevron_tlg_class" name="chevron_t_object_can_be_constructed_with_custom_values"/>
    <testcase time="0.00300000000000011" classname="chevron_tlg_class" name="chevron_t_object_can_be_constructed_with_custom_values"/>
    <testcase time="0.00600000000000023" classname="chevron_tlg_class" name="chevron_t_constructor_returns_an_error_when_expected"/>
    <testcase time="0.000999999999997669" classname="chevron_tlg_class" name="chevron_t_constructor_returns_an_error_when_expected"/>
    <testcase time="0.00100000000000477" classname="chevron_tlg_class" name="chevron_t_constructor_returns_an_error_when_expected"/>
    <testcase time="0.000999999999997669" classname="chevron_tlg_class" name="chevron_t_constructor_returns_an_error_when_expected"/>
    <testcase time="0.000999999999997669" classname="chevron_tlg_class" name="chevron_t_constructor_returns_an_error_when_expected"/>
    <testcase time="0.00100000000000477" classname="chevron_tlg_class" name="chevron_t_constructor_returns_an_error_when_expected"/>
    <testcase time="0.00600000000000023" classname="chevron_tlg_class" name="chevron_l_object_can_be_constructed_with_default_values"/>
    <testcase time="0.00300000000000011" classname="chevron_tlg_class" name="chevron_l_object_can_be_constructed_with_default_values"/>
    <testcase time="0.00600000000000023" classname="chevron_tlg_class" name="chevron_g_object_can_be_constructed_with_custom_values"/>
    <testcase time="0.00199999999999534" classname="chevron_tlg_class" name="chevron_g_object_can_be_constructed_with_custom_values"/>
    <testcase time="0.00300000000000011" classname="chevron_tlg_class" name="chevron_g_object_can_be_constructed_with_custom_values"/>
    <testcase time="0.00200000000000244" classname="chevron_tlg_class" name="chevron_g_object_can_be_constructed_with_custom_values"/>
    <testcase time="0.00600000000000023" classname="chevron_tlg_class" name="chevron_g_constructor_returns_an_error_when_expected"/>
    <testcase time="0.000999999999997669" classname="chevron_tlg_class" name="chevron_g_constructor_returns_an_error_when_expected"/>
    <testcase time="0.00100000000000477" classname="chevron_tlg_class" name="chevron_g_constructor_returns_an_error_when_expected"/>
    <testcase time="0.000999999999997669" classname="chevron_tlg_class" name="chevron_g_constructor_returns_an_error_when_expected"/>
    <testcase time="0.000999999999997669" classname="chevron_tlg_class" name="chevron_g_constructor_returns_an_error_when_expected"/>
    <testcase time="0.000999999999997669" classname="chevron_tlg_class" name="chevron_g_constructor_returns_an_error_when_expected"/>
    <testcase time="0.007000000000005" classname="chevron_tlg_class" name="chevron_simple_works_correctly"/>
    <testcase time="0.00199999999999534" classname="chevron_tlg_class" name="chevron_simple_works_correctly"/>
    <testcase time="0.0120000000000005" classname="chevron_tlg_class" name="chevron_simple_errors_if_contains_return"/>
  </testsuite>
  <testsuite name="chevron_tlg-methods" timestamp="2025-03-12T09:10:21Z" hostname="f1cddc43775f" tests="59" skipped="1" failures="0" errors="0" time="10.1">
    <testcase time="1.08000000000001" classname="chevron_tlg_methods" name="run_works_as_expected_for_chevron_t_object"/>
    <testcase time="0.592999999999996" classname="chevron_tlg_methods" name="run_works_as_expected_for_chevron_t_object"/>
    <testcase time="0.640000000000001" classname="chevron_tlg_methods" name="run_works_as_expected_for_chevron_t_object_when_auto_pre_FALSE"/>
    <testcase time="0.329000000000001" classname="chevron_tlg_methods" name="run_works_as_expected_with_argument_printed"/>
    <testcase time="0.299999999999997" classname="chevron_tlg_methods" name="run_works_as_expected_with_argument_printed"/>
    <testcase time="0.43" classname="chevron_tlg_methods" name="run_works_as_expected_with_argument_printed_if_the_user_argument_is_complicated"/>
    <testcase time="0.373000000000005" classname="chevron_tlg_methods" name="run_works_as_expected_with_argument_printed_if_the_user_argument_is_complicated"/>
    <testcase time="0.431999999999995" classname="chevron_tlg_methods" name="run_uses_the_argument_passed_through_the_ellipsis_in_priority"/>
    <testcase time="0.373000000000005" classname="chevron_tlg_methods" name="run_uses_the_argument_passed_through_the_ellipsis_in_priority"/>
    <testcase time="0.306999999999995" classname="chevron_tlg_methods" name="run_works_as_expected_with_partial_match_argument"/>
    <testcase time="0.286000000000001" classname="chevron_tlg_methods" name="run_works_as_expected_with_partial_match_argument"/>
    <testcase time="0.425000000000004" classname="chevron_tlg_methods" name="run_displays_the_symbols_when_available"/>
    <testcase time="0.376999999999995" classname="chevron_tlg_methods" name="run_displays_the_symbols_when_available"/>
    <testcase time="0.310000000000002" classname="chevron_tlg_methods" name="run_print_internal_functions_when_unwrap_is_TRUE"/>
    <testcase time="0.00200000000000244" classname="chevron_tlg_methods" name="run_print_internal_functions_when_unwrap_is_TRUE"/>
    <testcase time="0.00199999999999534" classname="chevron_tlg_methods" name="run_print_internal_functions_when_unwrap_is_TRUE"/>
    <testcase time="0.0230000000000032" classname="chevron_tlg_methods" name="run_print_internal_functions_when_unwrap_is_TRUE"/>
    <testcase time="1.234" classname="chevron_tlg_methods" name="run_print_internal_functions_when_unwrap_is_TRUE_and_standard_chevron_tlg_has_no_layout"/>
    <testcase time="0.00999999999999801" classname="chevron_tlg_methods" name="run_print_internal_functions_when_unwrap_is_TRUE_and_the_chevron_tlg_object_is_customized"/>
    <testcase time="0.00200000000000244" classname="chevron_tlg_methods" name="run_print_internal_functions_when_unwrap_is_TRUE_and_the_chevron_tlg_object_is_customized"/>
    <testcase time="0.000999999999997669" classname="chevron_tlg_methods" name="run_print_internal_functions_when_unwrap_is_TRUE_and_the_chevron_tlg_object_is_customized"/>
    <testcase time="0.0360000000000014" classname="chevron_tlg_methods" name="run_print_internal_functions_when_unwrap_is_TRUE_and_the_chevron_tlg_object_is_customized"/>
    <testcase time="0.00900000000000034" classname="chevron_tlg_methods" name="run_print_main_and_postprocessing_functions_when_unwrap_is_TRUE_and_auto_pre_is_FALSE"/>
    <testcase time="0.000999999999997669" classname="chevron_tlg_methods" name="run_print_main_and_postprocessing_functions_when_unwrap_is_TRUE_and_auto_pre_is_FALSE"/>
    <testcase time="0.000999999999997669" classname="chevron_tlg_methods" name="run_print_main_and_postprocessing_functions_when_unwrap_is_TRUE_and_auto_pre_is_FALSE"/>
    <testcase time="0.00200000000000244" classname="chevron_tlg_methods" name="run_print_main_and_postprocessing_functions_when_unwrap_is_TRUE_and_auto_pre_is_FALSE"/>
    <testcase time="0.0219999999999985" classname="chevron_tlg_methods" name="run_print_main_and_postprocessing_functions_when_unwrap_is_TRUE_and_auto_pre_is_FALSE"/>
    <testcase time="0.00500000000000256" classname="chevron_tlg_methods" name="args_ls_works_as_expected"/>
    <testcase time="0.000999999999997669" classname="chevron_tlg_methods" name="args_ls_works_as_expected"/>
    <testcase time="0.000999999999997669" classname="chevron_tlg_methods" name="args_ls_works_as_expected"/>
    <testcase time="0.00500000000000256" classname="chevron_tlg_methods" name="args_ls_works_as_expected_when_simplify_is_TRUE"/>
    <testcase time="0.000999999999997669" classname="chevron_tlg_methods" name="args_ls_works_as_expected_when_simplify_is_TRUE"/>
    <testcase time="0.00200000000000244" classname="chevron_tlg_methods" name="args_ls_works_as_expected_when_simplify_is_TRUE"/>
    <testcase time="0.00500000000000256" classname="chevron_tlg_methods" name="args_ls_works_as_expected_with_custom_chevron_tlg_object"/>
    <testcase time="0.000999999999997669" classname="chevron_tlg_methods" name="args_ls_works_as_expected_with_custom_chevron_tlg_object"/>
    <testcase time="0.000999999999997669" classname="chevron_tlg_methods" name="args_ls_works_as_expected_with_custom_chevron_tlg_object"/>
    <testcase time="0.00300000000000011" classname="chevron_tlg_methods" name="args_ls_works_as_expected_with_custom_chevron_tlg_object"/>
    <testcase time="0.00600000000000023" classname="chevron_tlg_methods" name="main_works_as_expected"/>
    <testcase time="0.007000000000005" classname="chevron_tlg_methods" name="main_setter_works_as_expected"/>
    <testcase time="0.00999999999999801" classname="chevron_tlg_methods" name="main_setter_throw_an_error_as_expected"/>
    <testcase time="0.00600000000000023" classname="chevron_tlg_methods" name="preprocess_works_as_expected"/>
    <testcase time="0.00600000000000023" classname="chevron_tlg_methods" name="preprocess_setter_works_as_expected"/>
    <testcase time="0.00999999999999801" classname="chevron_tlg_methods" name="preprocess_sends_an_error_as_expected"/>
    <testcase time="0.00600000000000023" classname="chevron_tlg_methods" name="postprocess_works_as_expected"/>
    <testcase time="0.00600000000000023" classname="chevron_tlg_methods" name="postprocess_setter_works_as_expected"/>
    <testcase time="0.0110000000000028" classname="chevron_tlg_methods" name="postprocess_sends_an_error_as_expected"/>
    <testcase time="0.00399999999999778" classname="chevron_tlg_methods" name="script_funs_works_as_expected_in_interactive_mode">
      <skipped message="Reason: !interactive() is TRUE ('test-chevron_tlg-methods.R:264:3')"/>
    </testcase>
    <testcase time="0.0150000000000006" classname="chevron_tlg_methods" name="script_funs_works_as_expected"/>
    <testcase time="0.000999999999997669" classname="chevron_tlg_methods" name="script_funs_works_as_expected"/>
    <testcase time="2.282" classname="chevron_tlg_methods" name="script_funs_generates_a_valid_script"/>
    <testcase time="0.00300000000000011" classname="chevron_tlg_methods" name="script_funs_generates_a_valid_script"/>
    <testcase time="0.00200000000000244" classname="chevron_tlg_methods" name="script_funs_generates_a_valid_script"/>
    <testcase time="0.00199999999999534" classname="chevron_tlg_methods" name="script_funs_generates_a_valid_script"/>
    <testcase time="0.00300000000000011" classname="chevron_tlg_methods" name="script_funs_generates_a_valid_script"/>
    <testcase time="0.0290000000000035" classname="chevron_tlg_methods" name="script_funs_generates_a_valid_script"/>
    <testcase time="0.0069999999999979" classname="chevron_tlg_methods" name="script_funs_works_for_simple_template"/>
    <testcase time="0.00100000000000477" classname="chevron_tlg_methods" name="script_funs_works_for_simple_template"/>
    <testcase time="0.0309999999999988" classname="chevron_tlg_methods" name="print_list_works"/>
    <testcase time="0.027000000000001" classname="chevron_tlg_methods" name="print_list_works_for_empty_list"/>
  </testsuite>
  <testsuite name="cml02a_gl" timestamp="2025-03-12T09:10:31Z" hostname="f1cddc43775f" tests="6" skipped="0" failures="0" errors="0" time="0.556">
    <testcase time="0.0289999999999964" classname="cml02a_gl" name="cml02a_gl_works_with_adcm_dataset"/>
    <testcase time="0.170999999999999" classname="cml02a_gl" name="cml02a_gl_works_with_adcm_dataset"/>
    <testcase time="0.0260000000000034" classname="cml02a_gl" name="cml02a_gl_works_with_missing_data"/>
    <testcase time="0.134" classname="cml02a_gl" name="cml02a_gl_works_with_missing_data"/>
    <testcase time="0.0249999999999986" classname="cml02a_gl" name="cml02a_gl_functions_work_as_expected"/>
    <testcase time="0.170999999999999" classname="cml02a_gl" name="cml02a_gl_functions_work_as_expected"/>
  </testsuite>
  <testsuite name="cmt01a" timestamp="2025-03-12T09:10:32Z" hostname="f1cddc43775f" tests="6" skipped="0" failures="0" errors="0" time="4.057">
    <testcase time="1.186" classname="cmt01a" name="cmt01a_functions_with_default_argument_value_return_expected_result_with_test_data"/>
    <testcase time="1.133" classname="cmt01a" name="cmt01a_functions_with_custom_argument_value_return_expected_result_with_test_data"/>
    <testcase time="0.157999999999994" classname="cmt01a" name="cmt01a_can_handle_all_NA_values"/>
    <testcase time="0.182000000000002" classname="cmt01a" name="cmt01a_can_handle_all_NA_values"/>
    <testcase time="0.816000000000003" classname="cmt01a" name="cmt01a_can_handle_some_NA_values"/>
    <testcase time="0.582000000000001" classname="cmt01a" name="cmt01a_can_handle_some_NA_values"/>
  </testsuite>
  <testsuite name="cmt02_pt" timestamp="2025-03-12T09:10:36Z" hostname="f1cddc43775f" tests="4" skipped="0" failures="0" errors="0" time="0.612">
    <testcase time="0.103999999999999" classname="cmt02_pt" name="cmt02_pt_can_handle_all_NA_values"/>
    <testcase time="0.137999999999998" classname="cmt02_pt" name="cmt02_pt_can_handle_all_NA_values"/>
    <testcase time="0.143999999999998" classname="cmt02_pt" name="cmt02_pt_can_handle_some_NA_values"/>
    <testcase time="0.225999999999999" classname="cmt02_pt" name="cmt02_pt_can_handle_some_NA_values"/>
  </testsuite>
  <testsuite name="coxt01" timestamp="2025-03-12T09:10:36Z" hostname="f1cddc43775f" tests="9" skipped="0" failures="0" errors="0" time="1.745">
    <testcase time="0.303000000000004" classname="coxt01" name="coxt01_can_handle_some_NA_values"/>
    <testcase time="0.189999999999998" classname="coxt01" name="coxt01_can_handle_some_NA_values"/>
    <testcase time="0.256999999999998" classname="coxt01" name="coxt01_can_handle_some_NA_values"/>
    <testcase time="0.196000000000005" classname="coxt01" name="coxt01_can_handle_some_NA_values"/>
    <testcase time="0.195" classname="coxt01" name="coxt01_can_handle_some_NA_values"/>
    <testcase time="0.183" classname="coxt01" name="coxt01_can_handle_some_NA_values"/>
    <testcase time="0.217999999999996" classname="coxt01" name="coxt01_can_handle_some_NA_values"/>
    <testcase time="0.183" classname="coxt01" name="coxt01_can_handle_some_NA_values"/>
    <testcase time="0.0200000000000031" classname="coxt01" name="coxt01_fails_on_incomlete_data"/>
  </testsuite>
  <testsuite name="coxt02" timestamp="2025-03-12T09:10:38Z" hostname="f1cddc43775f" tests="9" skipped="0" failures="0" errors="0" time="2.347">
    <testcase time="0.449999999999996" classname="coxt02" name="coxt02_can_handle_some_NA_values"/>
    <testcase time="0.238" classname="coxt02" name="coxt02_can_handle_some_NA_values"/>
    <testcase time="0.426000000000002" classname="coxt02" name="coxt02_can_handle_some_NA_values"/>
    <testcase time="0.249000000000002" classname="coxt02" name="coxt02_can_handle_some_NA_values"/>
    <testcase time="0.283000000000001" classname="coxt02" name="coxt02_can_handle_some_NA_values"/>
    <testcase time="0.207000000000001" classname="coxt02" name="coxt02_can_handle_some_NA_values"/>
    <testcase time="0.283999999999999" classname="coxt02" name="coxt02_can_handle_some_NA_values"/>
    <testcase time="0.193999999999996" classname="coxt02" name="coxt02_can_handle_some_NA_values"/>
    <testcase time="0.0160000000000053" classname="coxt02" name="coxt02_fails_on_incomlete_data"/>
  </testsuite>
  <testsuite name="default_tlg" timestamp="2025-03-12T09:10:40Z" hostname="f1cddc43775f" tests="15" skipped="0" failures="0" errors="0" time="12.113">
    <testcase time="0.163999999999994" classname="default_tlg" name="ael01_nollt_function_with_default_argument_value_return_expected_result_with_test_data"/>
    <testcase time="0.570000000000007" classname="default_tlg" name="aet01_function_with_default_argument_value_return_expected_result_with_test_data"/>
    <testcase time="0.495999999999995" classname="default_tlg" name="aet01_aesi_function_with_default_argument_value_return_expected_result_with_test_data"/>
    <testcase time="1.01900000000001" classname="default_tlg" name="aet02_functions_with_default_argument_value_return_expected_result_with_test_data"/>
    <testcase time="2.143" classname="default_tlg" name="aet03_functions_with_default_argument_value_return_expected_result_with_test_data"/>
    <testcase time="3.31599999999999" classname="default_tlg" name="aet04_functions_with_default_argument_value_return_expected_result_with_test_data"/>
    <testcase time="0.449000000000012" classname="default_tlg" name="aet05_functions_with_default_argument_value_return_expected_result_with_test_data"/>
    <testcase time="0.447999999999993" classname="default_tlg" name="aet05_all_functions_with_default_argument_value_return_expected_result_with_test_data"/>
    <testcase time="0.344999999999999" classname="default_tlg" name="aet10_functions_with_default_argument_value_return_expected_result_with_test_data"/>
    <testcase time="0.412999999999997" classname="default_tlg" name="cmt02_pt_functions_with_default_argument_value_return_expected_result_with_test_data"/>
    <testcase time="0.506" classname="default_tlg" name="coxt01_functions_with_default_argument_value_return_expected_result_with_test_data"/>
    <testcase time="0.725000000000009" classname="default_tlg" name="coxt02_functions_with_default_argument_value_return_expected_result_with_test_data"/>
    <testcase time="0.679000000000002" classname="default_tlg" name="dmt01_functions_with_default_argument_value_return_expected_result_with_test_data"/>
    <testcase time="0.475999999999999" classname="default_tlg" name="dst01_functions_with_default_argument_value_return_expected_result_with_test_data"/>
    <testcase time="0.36399999999999" classname="default_tlg" name="dtht01_functions_with_default_argument_value_return_expected_result_with_test_data"/>
  </testsuite>
  <testsuite name="dmt01" timestamp="2025-03-12T09:10:53Z" hostname="f1cddc43775f" tests="19" skipped="0" failures="0" errors="0" time="4.907">
    <testcase time="0.231999999999999" classname="dmt01" name="dmt01_can_handle_NA_values"/>
    <testcase time="0.356999999999999" classname="dmt01" name="dmt01_can_handle_NA_values"/>
    <testcase time="0.25200000000001" classname="dmt01" name="dmt01_can_handle_numeric_NA_values"/>
    <testcase time="0.444000000000003" classname="dmt01" name="dmt01_can_handle_numeric_NA_values"/>
    <testcase time="0.0169999999999959" classname="dmt01" name="dmt01_returns_an_error_when_variables_are_of_the_wrong_type"/>
    <testcase time="0.176000000000002" classname="dmt01" name="dmt01_works_as_expected_with_setting_default_precision"/>
    <testcase time="0.345999999999989" classname="dmt01" name="dmt01_works_as_expected_with_setting_default_precision"/>
    <testcase time="0.191000000000003" classname="dmt01" name="dmt01_works_as_expected_with_auto_precision_settings"/>
    <testcase time="0.426000000000002" classname="dmt01" name="dmt01_works_as_expected_with_auto_precision_settings"/>
    <testcase time="0.185000000000002" classname="dmt01" name="dmt01_works_as_expected_with_auto_precision_settings_and_defined_precision"/>
    <testcase time="0.382999999999996" classname="dmt01" name="dmt01_works_as_expected_with_auto_precision_settings_and_defined_precision"/>
    <testcase time="0.172000000000011" classname="dmt01" name="dmt01_works_as_expected_with_auto_precision_settings_and_defined_precision_and_default"/>
    <testcase time="0.349999999999994" classname="dmt01" name="dmt01_works_as_expected_with_auto_precision_settings_and_defined_precision_and_default"/>
    <testcase time="0.369" classname="dmt01" name="dmt01_works_as_expected_with_cutomized_stats_value"/>
    <testcase time="0.278000000000006" classname="dmt01" name="dmt01_works_as_expected_with_cutomized_stats_value"/>
    <testcase time="0.156999999999996" classname="dmt01" name="dmt01_works_as_expected_with_empty_list_as_stats_value"/>
    <testcase time="0.307000000000002" classname="dmt01" name="dmt01_works_as_expected_with_empty_list_as_stats_value"/>
    <testcase time="0.0820000000000078" classname="dmt01" name="dmt01_works_as_expected_with_only_one_summaryvars"/>
    <testcase time="0.182999999999993" classname="dmt01" name="dmt01_works_as_expected_with_only_one_summaryvars"/>
  </testsuite>
  <testsuite name="dst01" timestamp="2025-03-12T09:10:57Z" hostname="f1cddc43775f" tests="14" skipped="0" failures="0" errors="0" time="2.564">
    <testcase time="0.14200000000001" classname="dst01" name="dst01_works_as_expected_when_all_data_are_NA"/>
    <testcase time="0.0729999999999933" classname="dst01" name="dst01_works_as_expected_when_all_data_are_NA"/>
    <testcase time="0.117999999999995" classname="dst01" name="dst01_can_handle_all_NA_values_in_DCSREAS"/>
    <testcase time="0.15100000000001" classname="dst01" name="dst01_can_handle_all_NA_values_in_DCSREAS"/>
    <testcase time="0.169999999999987" classname="dst01" name="dst01_can_handle_some_NA_values"/>
    <testcase time="0.225000000000009" classname="dst01" name="dst01_can_handle_some_NA_values"/>
    <testcase time="0.137" classname="dst01" name="dst01_can_handle_missing_levels_in_status_var"/>
    <testcase time="0.078000000000003" classname="dst01" name="dst01_can_handle_missing_levels_in_status_var"/>
    <testcase time="0.191999999999993" classname="dst01" name="dst01_can_create_variants"/>
    <testcase time="0.222999999999999" classname="dst01" name="dst01_can_create_variants"/>
    <testcase time="0.237000000000009" classname="dst01" name="dst01_can_create_variants"/>
    <testcase time="0.24799999999999" classname="dst01" name="dst01_can_create_variants"/>
    <testcase time="0.269000000000005" classname="dst01" name="dst01_can_create_variants"/>
    <testcase time="0.301000000000002" classname="dst01" name="dst01_can_create_variants"/>
  </testsuite>
  <testsuite name="dtht01" timestamp="2025-03-12T09:11:00Z" hostname="f1cddc43775f" tests="5" skipped="0" failures="0" errors="0" time="1.469">
    <testcase time="0.10199999999999" classname="dtht01" name="dtht01_can_handle_all_NA_values"/>
    <testcase time="0.176000000000002" classname="dtht01" name="dtht01_can_handle_all_NA_values"/>
    <testcase time="0.247" classname="dtht01" name="dtht01_can_handle_some_NA_values"/>
    <testcase time="0.347000000000008" classname="dtht01" name="dtht01_can_handle_some_NA_values"/>
    <testcase time="0.596999999999994" classname="dtht01" name="dtht01_can_be_parametrize_as_expected"/>
  </testsuite>
  <testsuite name="egt01" timestamp="2025-03-12T09:11:01Z" hostname="f1cddc43775f" tests="3" skipped="0" failures="0" errors="0" time="7.01">
    <testcase time="3.473" classname="egt01" name="egt01_functions_with_default_argument_value_return_expected_result_with_test_data"/>
    <testcase time="1.35900000000001" classname="egt01" name="egt01_can_handle_n_0_and_outputs_NE_instead_of_infs_and_NAs"/>
    <testcase time="2.178" classname="egt01" name="egt01_can_handle_n_0_and_outputs_NE_instead_of_infs_and_NAs"/>
  </testsuite>
  <testsuite name="egt02" timestamp="2025-03-12T09:11:08Z" hostname="f1cddc43775f" tests="2" skipped="0" failures="0" errors="0" time="0.694">
    <testcase time="0.356999999999999" classname="egt02" name="egt02_1_functions_with_default_argument_value_return_expected_result_with_test_data"/>
    <testcase time="0.337000000000003" classname="egt02" name="egt02_2_functions_with_default_value_return_expected_result_with_test_data"/>
  </testsuite>
  <testsuite name="egt03" timestamp="2025-03-12T09:11:09Z" hostname="f1cddc43775f" tests="5" skipped="0" failures="0" errors="0" time="3.367">
    <testcase time="1.64999999999999" classname="egt03" name="egt03_functions_with_default_argument_value_return_expected_result_with_test_data"/>
    <testcase time="0.0229999999999961" classname="egt03" name="egt03_errors_on_all_NA_values"/>
    <testcase time="0.556000000000012" classname="egt03" name="egt03_can_handle_some_NA_values"/>
    <testcase time="1.11999999999999" classname="egt03" name="egt03_can_handle_some_NA_values"/>
    <testcase time="0.0180000000000007" classname="egt03" name="egt03_fails_on_incomplete_data"/>
  </testsuite>
  <testsuite name="egt05_qtcat" timestamp="2025-03-12T09:11:13Z" hostname="f1cddc43775f" tests="4" skipped="0" failures="0" errors="0" time="3.658">
    <testcase time="2.36200000000001" classname="egt05_qtcat" name="egt05_qtcat_functions_with_default_argument_value_return_expected_result_with_test_data"/>
    <testcase time="0.0180000000000007" classname="egt05_qtcat" name="egt05_qtcat_erros_on_all_NA_values"/>
    <testcase time="0.420000000000002" classname="egt05_qtcat" name="egt05_qtcat_can_handle_some_NA_values"/>
    <testcase time="0.85799999999999" classname="egt05_qtcat" name="egt05_qtcat_can_handle_some_NA_values"/>
  </testsuite>
  <testsuite name="empty_report" timestamp="2025-03-12T09:11:16Z" hostname="f1cddc43775f" tests="31" skipped="0" failures="0" errors="0" time="3.19">
    <testcase time="0.106000000000009" classname="empty_report" name="tlg_functions_return_null_reports_when_domain_table_is_empty"/>
    <testcase time="0.292000000000002" classname="empty_report" name="tlg_functions_return_null_reports_when_domain_table_is_empty"/>
    <testcase time="0.437999999999988" classname="empty_report" name="tlg_functions_return_null_reports_when_domain_table_is_empty"/>
    <testcase time="0.106000000000009" classname="empty_report" name="tlg_functions_return_null_reports_when_domain_table_is_empty"/>
    <testcase time="0.106999999999999" classname="empty_report" name="tlg_functions_return_null_reports_when_domain_table_is_empty"/>
    <testcase time="0.0669999999999931" classname="empty_report" name="tlg_functions_return_null_reports_when_domain_table_is_empty"/>
    <testcase time="0.103000000000009" classname="empty_report" name="tlg_functions_return_null_reports_when_domain_table_is_empty"/>
    <testcase time="0.149999999999991" classname="empty_report" name="tlg_functions_return_null_reports_when_domain_table_is_empty"/>
    <testcase time="0.173000000000002" classname="empty_report" name="tlg_functions_return_null_reports_when_domain_table_is_empty"/>
    <testcase time="0.0810000000000031" classname="empty_report" name="tlg_functions_return_null_reports_when_domain_table_is_empty"/>
    <testcase time="0.102000000000004" classname="empty_report" name="tlg_functions_return_null_reports_when_domain_table_is_empty"/>
    <testcase time="0.0519999999999925" classname="empty_report" name="tlg_functions_return_null_reports_when_domain_table_is_empty"/>
    <testcase time="0.054000000000002" classname="empty_report" name="tlg_functions_return_null_reports_when_domain_table_is_empty"/>
    <testcase time="0.0670000000000073" classname="empty_report" name="tlg_functions_return_null_reports_when_domain_table_is_empty"/>
    <testcase time="0.0739999999999981" classname="empty_report" name="tlg_functions_return_null_reports_when_domain_table_is_empty"/>
    <testcase time="0.0799999999999983" classname="empty_report" name="tlg_functions_return_null_reports_when_domain_table_is_empty"/>
    <testcase time="0.0859999999999985" classname="empty_report" name="tlg_functions_return_null_reports_when_domain_table_is_empty"/>
    <testcase time="0.0999999999999943" classname="empty_report" name="tlg_functions_return_null_reports_when_domain_table_is_empty"/>
    <testcase time="0.0360000000000014" classname="empty_report" name="tlg_functions_return_null_reports_when_domain_table_is_empty"/>
    <testcase time="0.0280000000000058" classname="empty_report" name="tlg_functions_return_null_reports_when_domain_table_is_empty"/>
    <testcase time="0.0349999999999966" classname="empty_report" name="tlg_functions_return_null_reports_when_domain_table_is_empty"/>
    <testcase time="0.0319999999999965" classname="empty_report" name="tlg_functions_return_null_reports_when_domain_table_is_empty"/>
    <testcase time="0.0260000000000105" classname="empty_report" name="tlg_functions_return_null_reports_when_domain_table_is_empty"/>
    <testcase time="0.0229999999999961" classname="empty_report" name="tlg_functions_return_null_reports_when_domain_table_is_empty"/>
    <testcase time="0.277000000000001" classname="empty_report" name="tlg_functions_return_null_reports_when_domain_table_is_empty"/>
    <testcase time="0.0969999999999942" classname="empty_report" name="tlg_functions_return_null_reports_when_domain_table_is_empty"/>
    <testcase time="0.0919999999999987" classname="empty_report" name="tlg_functions_return_null_reports_when_domain_table_is_empty"/>
    <testcase time="0.0960000000000036" classname="empty_report" name="tlg_functions_return_null_reports_when_domain_table_is_empty"/>
    <testcase time="0.097999999999999" classname="empty_report" name="tlg_functions_return_null_reports_when_domain_table_is_empty"/>
    <testcase time="0.0570000000000022" classname="empty_report" name="tlg_functions_return_null_reports_when_domain_table_is_empty"/>
    <testcase time="0.0549999999999926" classname="empty_report" name="tlg_functions_return_null_reports_when_domain_table_is_empty"/>
  </testsuite>
  <testsuite name="ext01" timestamp="2025-03-12T09:11:19Z" hostname="f1cddc43775f" tests="12" skipped="0" failures="0" errors="0" time="5.994">
    <testcase time="0.519999999999996" classname="ext01" name="ext01_functions_with_default_argument_value_return_expected_result_with_test_data"/>
    <testcase time="0.587000000000003" classname="ext01" name="ext01_functions_with_categorical_data_return_expected_result_with_test_data"/>
    <testcase time="0.207999999999998" classname="ext01" name="ext01_works"/>
    <testcase time="0.322000000000003" classname="ext01" name="ext01_works"/>
    <testcase time="0.222999999999999" classname="ext01" name="ext01_works"/>
    <testcase time="0.319000000000003" classname="ext01" name="ext01_works"/>
    <testcase time="0.561999999999998" classname="ext01" name="ext01_works_for_selected_parameters_and_categorical_variables"/>
    <testcase time="0.888999999999996" classname="ext01" name="ext01_works_with_custom_mapping_order"/>
    <testcase time="0.894000000000005" classname="ext01" name="ext01_works_with_custom_mapping_order_for_a_single_split"/>
    <testcase time="0.912999999999997" classname="ext01" name="ext01_works_with_custom_mapping_fill_in_value"/>
    <testcase time="0.540999999999997" classname="ext01" name="ext01_precision_argument_works_as_expected"/>
    <testcase time="0.0160000000000053" classname="ext01" name="ext01_precision_argument_works_as_expected"/>
  </testsuite>
  <testsuite name="fstg01" timestamp="2025-03-12T09:11:25Z" hostname="f1cddc43775f" tests="13" skipped="0" failures="0" errors="0" time="7.165">
    <testcase time="0.0130000000000052" classname="fstg01" name="fstg01_works_as_expected"/>
    <testcase time="1.375" classname="fstg01" name="fstg01_works_as_expected"/>
    <testcase time="0.00399999999999068" classname="fstg01" name="fstg01_works_as_expected"/>
    <testcase time="1.369" classname="fstg01" name="fstg01_works_as_expected_with_custom_color_set"/>
    <testcase time="0.00300000000000011" classname="fstg01" name="fstg01_works_as_expected_with_custom_color_set"/>
    <testcase time="1.358" classname="fstg01" name="fstg01_works_as_expected_with_custom_color_set"/>
    <testcase time="0.00300000000000011" classname="fstg01" name="fstg01_works_as_expected_with_custom_color_set"/>
    <testcase time="0.703000000000003" classname="fstg01" name="fstg01_works_if_changes_are_in_subgroups_conf_level_and_label_all"/>
    <testcase time="0.00300000000000011" classname="fstg01" name="fstg01_works_if_changes_are_in_subgroups_conf_level_and_label_all"/>
    <testcase time="0.945999999999998" classname="fstg01" name="fstg01_works_if_changes_are_in_subgroups_conf_level_and_label_all"/>
    <testcase time="0.00400000000000489" classname="fstg01" name="fstg01_works_if_changes_are_in_subgroups_conf_level_and_label_all"/>
    <testcase time="1.381" classname="fstg01" name="fstg01_can_handle_some_NA_values_in_subgroups"/>
    <testcase time="0.00300000000000011" classname="fstg01" name="fstg01_can_handle_some_NA_values_in_subgroups"/>
  </testsuite>
  <testsuite name="fstg02" timestamp="2025-03-12T09:11:33Z" hostname="f1cddc43775f" tests="9" skipped="0" failures="0" errors="0" time="9.596">
    <testcase time="0.01400000000001" classname="fstg02" name="fstg02_works_as_expected"/>
    <testcase time="1.392" classname="fstg02" name="fstg02_works_as_expected"/>
    <testcase time="1.358" classname="fstg02" name="fstg02_works_as_expected_with_custom_color_set"/>
    <testcase time="1.571" classname="fstg02" name="fstg02_works_as_expected_with_custom_color_set"/>
    <testcase time="0.584999999999994" classname="fstg02" name="fstg02_works_if_changes_are_in_subgroups_strata_var_conf_level_and_label_all"/>
    <testcase time="0.825000000000003" classname="fstg02" name="fstg02_works_if_changes_are_in_subgroups_strata_var_conf_level_and_label_all"/>
    <testcase time="1.251" classname="fstg02" name="fstg02_can_handle_some_NA_values_in_subgroups"/>
    <testcase time="1.306" classname="fstg02" name="fstg02_can_handle_customized_time_units"/>
    <testcase time="1.294" classname="fstg02" name="fstg02_can_handle_customized_time_units"/>
  </testsuite>
  <testsuite name="kmg01" timestamp="2025-03-12T09:11:42Z" hostname="f1cddc43775f" tests="13" skipped="0" failures="0" errors="0" time="2.319">
    <testcase time="0.0130000000000052" classname="kmg01" name="kmg01_works_as_expected"/>
    <testcase time="0.384999999999991" classname="kmg01" name="kmg01_works_as_expected"/>
    <testcase time="0.00300000000000011" classname="kmg01" name="kmg01_works_as_expected"/>
    <testcase time="0.419000000000011" classname="kmg01" name="kmg01_works_as_expected_with_custom_color_set"/>
    <testcase time="0.00300000000000011" classname="kmg01" name="kmg01_works_as_expected_with_custom_color_set"/>
    <testcase time="0.394999999999996" classname="kmg01" name="kmg01_works_as_expected_with_custom_color_set"/>
    <testcase time="0.00300000000000011" classname="kmg01" name="kmg01_works_as_expected_with_custom_color_set"/>
    <testcase time="0.408999999999992" classname="kmg01" name="kmg01_works_if_change_pvalue_ties_and_conf_level"/>
    <testcase time="0.00300000000000011" classname="kmg01" name="kmg01_works_if_change_pvalue_ties_and_conf_level"/>
    <testcase time="0.407000000000011" classname="kmg01" name="kmg01_works_if_change_annotation_position"/>
    <testcase time="0.00300000000000011" classname="kmg01" name="kmg01_works_if_change_annotation_position"/>
    <testcase time="0.271999999999991" classname="kmg01" name="kmg01_works_for_stratified_analysis"/>
    <testcase time="0.00400000000000489" classname="kmg01" name="kmg01_works_for_stratified_analysis"/>
  </testsuite>
  <testsuite name="lbt01" timestamp="2025-03-12T09:11:44Z" hostname="f1cddc43775f" tests="4" skipped="0" failures="0" errors="0" time="10.568">
    <testcase time="3.45500000000001" classname="lbt01" name="lbt01_functions_with_default_argument_value_return_expected_result_with_test_data"/>
    <testcase time="3.553" classname="lbt01" name="lbt01_functions_with_row_split_var_return_expected_result_with_test_data"/>
    <testcase time="1.14699999999999" classname="lbt01" name="lbt01_can_handle_n_0_and_outputs_NE_instead_of_infs_and_NAs"/>
    <testcase time="2.41300000000001" classname="lbt01" name="lbt01_can_handle_n_0_and_outputs_NE_instead_of_infs_and_NAs"/>
  </testsuite>
  <testsuite name="lbt04" timestamp="2025-03-12T09:11:55Z" hostname="f1cddc43775f" tests="8" skipped="0" failures="0" errors="0" time="3.308">
    <testcase time="1.25799999999998" classname="lbt04" name="lbt04_functions_with_default_argument_value_return_expected_result_with_test_data"/>
    <testcase time="0.0829999999999984" classname="lbt04" name="lbt04_can_handle_all_NA_values"/>
    <testcase time="0.078000000000003" classname="lbt04" name="lbt04_can_handle_all_NA_values"/>
    <testcase time="0.299000000000007" classname="lbt04" name="lbt04_can_handle_missing_levels"/>
    <testcase time="0.635999999999996" classname="lbt04" name="lbt04_can_handle_missing_levels"/>
    <testcase time="0.292000000000002" classname="lbt04" name="lbt04_can_handle_some_NA_values"/>
    <testcase time="0.645999999999987" classname="lbt04" name="lbt04_can_handle_some_NA_values"/>
    <testcase time="0.0160000000000196" classname="lbt04" name="lbt04_fails_on_incomlete_data"/>
  </testsuite>
  <testsuite name="lbt05" timestamp="2025-03-12T09:11:58Z" hostname="f1cddc43775f" tests="57" skipped="0" failures="0" errors="0" time="5.896">
    <testcase time="0.0409999999999968" classname="lbt05" name="lbt05_functions_with_default_argument_value_return_expected_result_with_test_data"/>
    <testcase time="0.0209999999999866" classname="lbt05" name="lbt05_functions_with_default_argument_value_return_expected_result_with_test_data"/>
    <testcase time="0.0270000000000152" classname="lbt05" name="lbt05_functions_with_default_argument_value_return_expected_result_with_test_data"/>
    <testcase time="0.0360000000000014" classname="lbt05" name="lbt05_functions_with_default_argument_value_return_expected_result_with_test_data"/>
    <testcase time="0.025999999999982" classname="lbt05" name="lbt05_functions_with_default_argument_value_return_expected_result_with_test_data"/>
    <testcase time="0.0220000000000198" classname="lbt05" name="lbt05_functions_with_default_argument_value_return_expected_result_with_test_data"/>
    <testcase time="0.692999999999984" classname="lbt05" name="lbt05_functions_with_default_argument_value_return_expected_result_with_test_data"/>
    <testcase time="0.359000000000009" classname="lbt05" name="lbt05_functions_with_default_argument_value_return_expected_result_with_test_data"/>
    <testcase time="0.0159999999999911" classname="lbt05" name="lbt05_functions_with_default_argument_value_return_expected_result_with_test_data"/>
    <testcase time="0.0390000000000157" classname="lbt05" name="lbt05_give_all_0_count_if_ANRIND_are_all_missing"/>
    <testcase time="0.0229999999999961" classname="lbt05" name="lbt05_give_all_0_count_if_ANRIND_are_all_missing"/>
    <testcase time="0.0269999999999868" classname="lbt05" name="lbt05_give_all_0_count_if_ANRIND_are_all_missing"/>
    <testcase time="0.0400000000000205" classname="lbt05" name="lbt05_give_all_0_count_if_ANRIND_are_all_missing"/>
    <testcase time="0.0249999999999773" classname="lbt05" name="lbt05_give_all_0_count_if_ANRIND_are_all_missing"/>
    <testcase time="0.0230000000000246" classname="lbt05" name="lbt05_give_all_0_count_if_ANRIND_are_all_missing"/>
    <testcase time="0.288999999999987" classname="lbt05" name="lbt05_give_all_0_count_if_ANRIND_are_all_missing"/>
    <testcase time="0.0409999999999968" classname="lbt05" name="lbt05_can_handle_some_NA_values"/>
    <testcase time="0.0229999999999961" classname="lbt05" name="lbt05_can_handle_some_NA_values"/>
    <testcase time="0.0270000000000152" classname="lbt05" name="lbt05_can_handle_some_NA_values"/>
    <testcase time="0.0389999999999873" classname="lbt05" name="lbt05_can_handle_some_NA_values"/>
    <testcase time="0.0279999999999916" classname="lbt05" name="lbt05_can_handle_some_NA_values"/>
    <testcase time="0.0240000000000009" classname="lbt05" name="lbt05_can_handle_some_NA_values"/>
    <testcase time="0.27800000000002" classname="lbt05" name="lbt05_can_handle_some_NA_values"/>
    <testcase time="0.407999999999987" classname="lbt05" name="lbt05_can_handle_some_NA_values"/>
    <testcase time="0.0349999999999966" classname="lbt05" name="lbt05_fails_on_incomlete_data"/>
    <testcase time="0.0440000000000111" classname="lbt05" name="lbt05_works_with_missing_levels"/>
    <testcase time="0.0250000000000057" classname="lbt05" name="lbt05_works_with_missing_levels"/>
    <testcase time="0.0289999999999964" classname="lbt05" name="lbt05_works_with_missing_levels"/>
    <testcase time="0.0420000000000016" classname="lbt05" name="lbt05_works_with_missing_levels"/>
    <testcase time="0.0279999999999916" classname="lbt05" name="lbt05_works_with_missing_levels"/>
    <testcase time="0.0240000000000009" classname="lbt05" name="lbt05_works_with_missing_levels"/>
    <testcase time="0.275000000000006" classname="lbt05" name="lbt05_works_with_missing_levels"/>
    <testcase time="0.420999999999992" classname="lbt05" name="lbt05_works_with_missing_levels"/>
    <testcase time="0.0390000000000157" classname="lbt05" name="map_argument_works_as_expected"/>
    <testcase time="0.0240000000000009" classname="lbt05" name="map_argument_works_as_expected"/>
    <testcase time="0.0279999999999916" classname="lbt05" name="map_argument_works_as_expected"/>
    <testcase time="0.0310000000000059" classname="lbt05" name="map_argument_works_as_expected"/>
    <testcase time="0.0369999999999777" classname="lbt05" name="map_argument_works_as_expected"/>
    <testcase time="0.0240000000000009" classname="lbt05" name="map_argument_works_as_expected"/>
    <testcase time="0.221000000000004" classname="lbt05" name="map_argument_works_as_expected"/>
    <testcase time="0.328000000000003" classname="lbt05" name="map_argument_works_as_expected"/>
    <testcase time="0.0500000000000114" classname="lbt05" name="incomplete_map_argument_works_as_expected"/>
    <testcase time="0.0250000000000057" classname="lbt05" name="incomplete_map_argument_works_as_expected"/>
    <testcase time="0.0279999999999916" classname="lbt05" name="incomplete_map_argument_works_as_expected"/>
    <testcase time="0.0319999999999823" classname="lbt05" name="incomplete_map_argument_works_as_expected"/>
    <testcase time="0.02800000000002" classname="lbt05" name="incomplete_map_argument_works_as_expected"/>
    <testcase time="0.0300000000000011" classname="lbt05" name="incomplete_map_argument_works_as_expected"/>
    <testcase time="0.248999999999995" classname="lbt05" name="incomplete_map_argument_works_as_expected"/>
    <testcase time="0.37700000000001" classname="lbt05" name="incomplete_map_argument_works_as_expected"/>
    <testcase time="0.039999999999992" classname="lbt05" name="prune_0_keeps_the_Any_Abnormaility_row"/>
    <testcase time="0.0229999999999961" classname="lbt05" name="prune_0_keeps_the_Any_Abnormaility_row"/>
    <testcase time="0.0279999999999916" classname="lbt05" name="prune_0_keeps_the_Any_Abnormaility_row"/>
    <testcase time="0.0390000000000157" classname="lbt05" name="prune_0_keeps_the_Any_Abnormaility_row"/>
    <testcase time="0.0279999999999916" classname="lbt05" name="prune_0_keeps_the_Any_Abnormaility_row"/>
    <testcase time="0.0229999999999961" classname="lbt05" name="prune_0_keeps_the_Any_Abnormaility_row"/>
    <testcase time="0.294000000000011" classname="lbt05" name="prune_0_keeps_the_Any_Abnormaility_row"/>
    <testcase time="0.371999999999986" classname="lbt05" name="prune_0_keeps_the_Any_Abnormaility_row"/>
  </testsuite>
  <testsuite name="lbt06" timestamp="2025-03-12T09:12:04Z" hostname="f1cddc43775f" tests="3" skipped="0" failures="0" errors="0" time="4.019">
    <testcase time="1.077" classname="lbt06" name="lbt06_gives_all_0_count_if_ANRIND_and_BNRIND_are_all_missing"/>
    <testcase time="2.91" classname="lbt06" name="lbt06_can_handle_some_NA_values"/>
    <testcase time="0.0320000000000107" classname="lbt06" name="lbt06_fails_on_incomplete_data"/>
  </testsuite>
  <testsuite name="lbt07" timestamp="2025-03-12T09:12:08Z" hostname="f1cddc43775f" tests="4" skipped="0" failures="0" errors="0" time="1.837">
    <testcase time="0.914000000000016" classname="lbt07" name="lbt07_functions_with_default_argument_value_return_expected_result_with_test_data"/>
    <testcase time="0.389999999999986" classname="lbt07" name="lbt07_can_handle_some_NA_values"/>
    <testcase time="0.498999999999995" classname="lbt07" name="lbt07_can_handle_some_NA_values"/>
    <testcase time="0.0339999999999918" classname="lbt07" name="lbt07_fails_on_incomlete_data"/>
  </testsuite>
  <testsuite name="lbt14" timestamp="2025-03-12T09:12:10Z" hostname="f1cddc43775f" tests="20" skipped="0" failures="0" errors="0" time="8.413">
    <testcase time="0.722000000000008" classname="lbt14" name="lbt14_functions_with_default_argument_value_return_expected_result_with_test_data"/>
    <testcase time="0.527999999999992" classname="lbt14" name="lbt14_functions_with_default_argument_value_return_expected_result_with_test_data_when_direction_high"/>
    <testcase time="0.650000000000006" classname="lbt14" name="lbt14_functions_with_gr_missing_excl_return_expected_result_with_test_data"/>
    <testcase time="0.635999999999996" classname="lbt14" name="lbt14_functions_with_gr_missing_gr_0_return_expected_result_with_test_data"/>
    <testcase time="0.385000000000019" classname="lbt14" name="lbt14_can_handle_all_NA_values"/>
    <testcase time="0.153999999999996" classname="lbt14" name="lbt14_can_handle_all_NA_values"/>
    <testcase time="0.449999999999989" classname="lbt14" name="lbt14_can_handle_some_NA_values"/>
    <testcase time="0.367999999999995" classname="lbt14" name="lbt14_can_handle_some_NA_values"/>
    <testcase time="1.59800000000001" classname="lbt14" name="lbt14_can_accept_different_gr_missing"/>
    <testcase time="0.257000000000005" classname="lbt14" name="lbt14_can_accept_different_gr_missing"/>
    <testcase time="0.256999999999977" classname="lbt14" name="lbt14_can_accept_different_gr_missing"/>
    <testcase time="0.0180000000000007" classname="lbt14" name="lbt14_fails_on_incomlete_data"/>
    <testcase time="0.355000000000018" classname="lbt14" name="lbt14_can_handle_all_NA_values_with_direction_high"/>
    <testcase time="0.133999999999986" classname="lbt14" name="lbt14_can_handle_all_NA_values_with_direction_high"/>
    <testcase time="0.376000000000005" classname="lbt14" name="lbt14_can_handle_some_NA_values_with_direction_high"/>
    <testcase time="0.176000000000016" classname="lbt14" name="lbt14_can_handle_some_NA_values_with_direction_high"/>
    <testcase time="1.05999999999997" classname="lbt14" name="lbt14_can_accept_different_gr_missing_with_direction_high"/>
    <testcase time="0.137" classname="lbt14" name="lbt14_can_accept_different_gr_missing_with_direction_high"/>
    <testcase time="0.13300000000001" classname="lbt14" name="lbt14_can_accept_different_gr_missing_with_direction_high"/>
    <testcase time="0.0190000000000055" classname="lbt14" name="lbt14_fails_on_incomlete_data"/>
  </testsuite>
  <testsuite name="lbt15" timestamp="2025-03-12T09:12:18Z" hostname="f1cddc43775f" tests="12" skipped="0" failures="0" errors="0" time="5.715">
    <testcase time="0.944999999999993" classname="lbt15" name="lbt15_functions_with_default_argument_value_return_expected_result_with_test_data"/>
    <testcase time="0.296999999999997" classname="lbt15" name="lbt15_can_handle_all_NA_values"/>
    <testcase time="0.641999999999996" classname="lbt15" name="lbt15_can_handle_all_NA_values"/>
    <testcase time="0.317000000000007" classname="lbt15" name="lbt15_can_handle_missing_levels"/>
    <testcase time="0.643000000000001" classname="lbt15" name="lbt15_can_handle_missing_levels"/>
    <testcase time="0.301000000000016" classname="lbt15" name="lbt15_can_handle_missing_levels_in_baseline"/>
    <testcase time="0.653999999999996" classname="lbt15" name="lbt15_can_handle_missing_levels_in_baseline"/>
    <testcase time="0.292999999999978" classname="lbt15" name="lbt15_can_handle_some_NA_values"/>
    <testcase time="0.65100000000001" classname="lbt15" name="lbt15_can_handle_some_NA_values"/>
    <testcase time="0.295000000000016" classname="lbt15" name="lbt15_can_handle_some_NA_values_in_baseline"/>
    <testcase time="0.659999999999997" classname="lbt15" name="lbt15_can_handle_some_NA_values_in_baseline"/>
    <testcase time="0.0169999999999959" classname="lbt15" name="lbt15_fails_on_incomlete_data"/>
  </testsuite>
  <testsuite name="mht01" timestamp="2025-03-12T09:12:24Z" hostname="f1cddc43775f" tests="4" skipped="0" failures="0" errors="0" time="3.2">
    <testcase time="0.649000000000001" classname="mht01" name="mht01_functions_with_default_argument_value_return_expected_result_with_test_data"/>
    <testcase time="0.651999999999987" classname="mht01" name="mht01_works"/>
    <testcase time="0.66500000000002" classname="mht01" name="mht01_works_on_NULL_in_lbl_mhbodsys_or_lbl_mhdecod"/>
    <testcase time="1.23399999999998" classname="mht01" name="mht01_works_with_other_row_split_var"/>
  </testsuite>
  <testsuite name="mng01" timestamp="2025-03-12T09:12:27Z" hostname="f1cddc43775f" tests="19" skipped="8" failures="0" errors="0" time="8.822">
    <testcase time="0.967000000000013" classname="mng01" name="mng01_works_as_expected_with_default_argument_values"/>
    <testcase time="0.00100000000000477" classname="mng01" name="mng01_works_as_expected_with_default_argument_values">
      <skipped message="Reason: On CI ('test-mng01.R:9:5')"/>
    </testcase>
    <testcase time="0.96599999999998" classname="mng01" name="mng01_works_as_expected_with_custom_argument_values"/>
    <testcase time="0.0120000000000005" classname="mng01" name="mng01_works_as_expected_with_custom_argument_values"/>
    <testcase time="0.00100000000000477" classname="mng01" name="mng01_works_as_expected_with_custom_argument_values">
      <skipped message="Reason: On CI ('test-mng01.R:45:5')"/>
    </testcase>
    <testcase time="0.961000000000013" classname="mng01" name="mng01_works_as_expected_with_custom_color_set"/>
    <testcase time="0.941999999999979" classname="mng01" name="mng01_works_as_expected_with_custom_color_set"/>
    <testcase time="0.00100000000000477" classname="mng01" name="mng01_works_as_expected_with_custom_color_set">
      <skipped message="Reason: On CI ('test-mng01.R:69:5')"/>
    </testcase>
    <testcase time="0.953000000000003" classname="mng01" name="mng01_works_as_expected_with_custom_line_type_set"/>
    <testcase time="0.98599999999999" classname="mng01" name="mng01_works_as_expected_with_custom_line_type_set"/>
    <testcase time="0.00100000000000477" classname="mng01" name="mng01_works_as_expected_with_custom_line_type_set">
      <skipped message="Reason: On CI ('test-mng01.R:91:5')"/>
    </testcase>
    <testcase time="0.152000000000015" classname="mng01" name="mng01_works_with_table_NULL"/>
    <testcase time="0.00199999999998113" classname="mng01" name="mng01_works_with_table_NULL">
      <skipped message="Reason: On CI ('test-mng01.R:104:5')"/>
    </testcase>
    <testcase time="0.962999999999994" classname="mng01" name="mng01_works_with_combination_of_x_variables"/>
    <testcase time="0.00100000000000477" classname="mng01" name="mng01_works_with_combination_of_x_variables">
      <skipped message="Reason: On CI ('test-mng01.R:122:5')"/>
    </testcase>
    <testcase time="0.945999999999998" classname="mng01" name="mng01_works_with_numeric_x_variable"/>
    <testcase time="0.00200000000000955" classname="mng01" name="mng01_works_with_numeric_x_variable">
      <skipped message="Reason: On CI ('test-mng01.R:143:5')"/>
    </testcase>
    <testcase time="0.963999999999999" classname="mng01" name="mng01_works_with_numeric_jitter"/>
    <testcase time="0.00100000000000477" classname="mng01" name="mng01_works_with_numeric_jitter">
      <skipped message="Reason: On CI ('test-mng01.R:161:5')"/>
    </testcase>
  </testsuite>
  <testsuite name="pdt01" timestamp="2025-03-12T09:12:36Z" hostname="f1cddc43775f" tests="5" skipped="0" failures="0" errors="0" time="1.199">
    <testcase time="0.465000000000003" classname="pdt01" name="pdt01_function_with_default_argument_value_return_expected_result_with_test_data"/>
    <testcase time="0.102000000000004" classname="pdt01" name="pdt01_can_handle_all_NA_values"/>
    <testcase time="0.163999999999987" classname="pdt01" name="pdt01_can_handle_all_NA_values"/>
    <testcase time="0.216000000000008" classname="pdt01" name="pdt01_can_handle_some_NA_values"/>
    <testcase time="0.25200000000001" classname="pdt01" name="pdt01_can_handle_some_NA_values"/>
  </testsuite>
  <testsuite name="pdt02" timestamp="2025-03-12T09:12:37Z" hostname="f1cddc43775f" tests="5" skipped="0" failures="0" errors="0" time="0.964">
    <testcase time="0.316999999999979" classname="pdt02" name="pdt02_function_with_default_argument_value_return_expected_result_with_test_data"/>
    <testcase time="0.129000000000019" classname="pdt02" name="pdt02_can_handle_all_NA_values"/>
    <testcase time="0.198999999999984" classname="pdt02" name="pdt02_can_handle_all_NA_values"/>
    <testcase time="0.129999999999995" classname="pdt02" name="pdt02_can_handle_some_NA_values"/>
    <testcase time="0.189000000000021" classname="pdt02" name="pdt02_can_handle_some_NA_values"/>
  </testsuite>
  <testsuite name="reexports" timestamp="2025-03-12T09:12:38Z" hostname="f1cddc43775f" tests="2" skipped="0" failures="0" errors="0" time="0.016">
    <testcase time="0.00999999999999091" classname="reexports" name="with_label_exported_correctly"/>
    <testcase time="0.00600000000000023" classname="reexports" name="reformat_exported_correctly"/>
  </testsuite>
  <testsuite name="report_null" timestamp="2025-03-12T09:12:38Z" hostname="f1cddc43775f" tests="12" skipped="0" failures="0" errors="0" time="0.165">
    <testcase time="0.0159999999999911" classname="report_null" name="report_null_works_as_expected_with_NULL_"/>
    <testcase time="0.0100000000000193" classname="report_null" name="report_null_works_as_expected_with_NULL_"/>
    <testcase time="0.0319999999999823" classname="report_null" name="report_null_works_as_expected_with_VTableTree_"/>
    <testcase time="0.0219999999999914" classname="report_null" name="report_null_works_as_expected_with_VTableTree_"/>
    <testcase time="0.0100000000000193" classname="report_null" name="report_null_works_as_expected_with_VTableTree_"/>
    <testcase time="0.00899999999998613" classname="report_null" name="report_null_works_as_expected_with_listing_df_"/>
    <testcase time="0.0109999999999957" classname="report_null" name="report_null_works_as_expected_with_listing_df_"/>
    <testcase time="0.0100000000000193" classname="report_null" name="report_null_works_as_expected_with_listing_df_"/>
    <testcase time="0.00899999999998613" classname="report_null" name="report_null_works_as_expected_with_list_"/>
    <testcase time="0.0200000000000102" classname="report_null" name="report_null_works_as_expected_with_list_"/>
    <testcase time="0.0120000000000005" classname="report_null" name="report_null_works_as_expected_with_by_default"/>
    <testcase time="0.00399999999999068" classname="report_null" name="report_null_works_as_expected_with_by_default"/>
  </testsuite>
  <testsuite name="rmpt01" timestamp="2025-03-12T09:12:39Z" hostname="f1cddc43775f" tests="11" skipped="0" failures="0" errors="0" time="1.524">
    <testcase time="0.205000000000013" classname="rmpt01" name="rmpt01_function_with_default_argument_value_return_expected_result_with_test_data"/>
    <testcase time="0.063999999999993" classname="rmpt01" name="rmpt01_can_handle_NA_values"/>
    <testcase time="0.145999999999987" classname="rmpt01" name="rmpt01_can_handle_NA_values"/>
    <testcase time="0.162000000000006" classname="rmpt01" name="rmpt01_can_handle_NA_values"/>
    <testcase time="0.248999999999995" classname="rmpt01" name="rmpt01_can_handle_NA_values"/>
    <testcase time="0.0879999999999939" classname="rmpt01" name="rmpt01_can_handle_some_NA_values"/>
    <testcase time="0.132000000000005" classname="rmpt01" name="rmpt01_can_handle_some_NA_values"/>
    <testcase time="0.153999999999996" classname="rmpt01" name="rmpt01_can_handle_some_NA_values"/>
    <testcase time="0.260000000000019" classname="rmpt01" name="rmpt01_can_handle_some_NA_values"/>
    <testcase time="0.0369999999999777" classname="rmpt01" name="rmpt01_fails_on_incomlete_data"/>
    <testcase time="0.0270000000000152" classname="rmpt01" name="rmpt01_fails_on_incomlete_data"/>
  </testsuite>
  <testsuite name="rmpt03" timestamp="2025-03-12T09:12:40Z" hostname="f1cddc43775f" tests="12" skipped="0" failures="0" errors="0" time="2.259">
    <testcase time="0.364999999999981" classname="rmpt03" name="rmpt03_function_with_default_argument_value_return_expected_result_with_test_data"/>
    <testcase time="0.122000000000014" classname="rmpt03" name="rmpt03_can_handle_NA_values"/>
    <testcase time="0.238" classname="rmpt03" name="rmpt03_can_handle_NA_values"/>
    <testcase time="0.229000000000013" classname="rmpt03" name="rmpt03_can_handle_NA_values"/>
    <testcase time="0.313999999999993" classname="rmpt03" name="rmpt03_can_handle_NA_values"/>
    <testcase time="0.138999999999982" classname="rmpt03" name="rmpt03_can_handle_some_NA_values"/>
    <testcase time="0.213999999999999" classname="rmpt03" name="rmpt03_can_handle_some_NA_values"/>
    <testcase time="0.223000000000013" classname="rmpt03" name="rmpt03_can_handle_some_NA_values"/>
    <testcase time="0.314999999999998" classname="rmpt03" name="rmpt03_can_handle_some_NA_values"/>
    <testcase time="0.0360000000000014" classname="rmpt03" name="rmpt03_fails_on_incomlete_data"/>
    <testcase time="0.0420000000000016" classname="rmpt03" name="rmpt03_fails_on_incomlete_data"/>
    <testcase time="0.0219999999999914" classname="rmpt03" name="rmpt03_fails_on_incomlete_data"/>
  </testsuite>
  <testsuite name="rmpt04" timestamp="2025-03-12T09:12:42Z" hostname="f1cddc43775f" tests="10" skipped="0" failures="0" errors="0" time="1.068">
    <testcase time="0.189999999999998" classname="rmpt04" name="rmpt04_function_with_default_argument_value_return_expected_result_with_test_data"/>
    <testcase time="0.0670000000000073" classname="rmpt04" name="rmpt04_can_handle_NA_values"/>
    <testcase time="0.138000000000005" classname="rmpt04" name="rmpt04_can_handle_NA_values"/>
    <testcase time="0.0589999999999975" classname="rmpt04" name="rmpt04_can_handle_NA_values"/>
    <testcase time="0.140999999999991" classname="rmpt04" name="rmpt04_can_handle_NA_values"/>
    <testcase time="0.0660000000000025" classname="rmpt04" name="rmpt04_can_handle_some_NA_values"/>
    <testcase time="0.131" classname="rmpt04" name="rmpt04_can_handle_some_NA_values"/>
    <testcase time="0.070999999999998" classname="rmpt04" name="rmpt04_can_handle_some_NA_values"/>
    <testcase time="0.143000000000001" classname="rmpt04" name="rmpt04_can_handle_some_NA_values"/>
    <testcase time="0.0620000000000118" classname="rmpt04" name="rmpt04_fails_on_incomlete_data"/>
  </testsuite>
  <testsuite name="rmpt05" timestamp="2025-03-12T09:12:43Z" hostname="f1cddc43775f" tests="10" skipped="0" failures="0" errors="0" time="1.144">
    <testcase time="0.219999999999999" classname="rmpt05" name="rmpt05_function_with_default_argument_value_return_expected_result_with_test_data"/>
    <testcase time="0.0660000000000025" classname="rmpt05" name="rmpt05_can_handle_NA_values"/>
    <testcase time="0.150999999999982" classname="rmpt05" name="rmpt05_can_handle_NA_values"/>
    <testcase time="0.0630000000000166" classname="rmpt05" name="rmpt05_can_handle_NA_values"/>
    <testcase time="0.133999999999986" classname="rmpt05" name="rmpt05_can_handle_NA_values"/>
    <testcase time="0.085000000000008" classname="rmpt05" name="rmpt05_can_handle_some_NA_values"/>
    <testcase time="0.13300000000001" classname="rmpt05" name="rmpt05_can_handle_some_NA_values"/>
    <testcase time="0.0679999999999836" classname="rmpt05" name="rmpt05_can_handle_some_NA_values"/>
    <testcase time="0.163000000000011" classname="rmpt05" name="rmpt05_can_handle_some_NA_values"/>
    <testcase time="0.061000000000007" classname="rmpt05" name="rmpt05_fails_on_incomlete_data"/>
  </testsuite>
  <testsuite name="rmpt06" timestamp="2025-03-12T09:12:45Z" hostname="f1cddc43775f" tests="6" skipped="0" failures="0" errors="0" time="2.164">
    <testcase time="0.584000000000003" classname="rmpt06" name="rmpt06_works_as_expected"/>
    <testcase time="0.637" classname="rmpt06" name="rmpt06_works_as_expected_with_show_diff_TRUE"/>
    <testcase time="0.244" classname="rmpt06" name="rmpt06_can_handle_all_NA_values"/>
    <testcase time="0.302999999999997" classname="rmpt06" name="rmpt06_can_handle_all_NA_values"/>
    <testcase time="0.239999999999981" classname="rmpt06" name="rmpt06_can_handle_all_NA_values"/>
    <testcase time="0.156000000000006" classname="rmpt06" name="rmpt06_can_handle_all_NA_values"/>
  </testsuite>
  <testsuite name="rspt01" timestamp="2025-03-12T09:12:47Z" hostname="f1cddc43775f" tests="27" skipped="0" failures="0" errors="0" time="7.864">
    <testcase time="0.0180000000000007" classname="rspt01" name="rspt01_works_as_expected"/>
    <testcase time="0.316000000000003" classname="rspt01" name="rspt01_works_as_expected"/>
    <testcase time="0.27600000000001" classname="rspt01" name="rspt01_works_as_expected"/>
    <testcase time="0.306999999999988" classname="rspt01" name="rspt01_works_as_expected_for_stratified_and_unstratified_analysis"/>
    <testcase time="0.294000000000011" classname="rspt01" name="rspt01_works_as_expected_for_stratified_and_unstratified_analysis"/>
    <testcase time="0.358000000000004" classname="rspt01" name="rspt01_works_as_expected_for_stratified_and_unstratified_analysis"/>
    <testcase time="0.324999999999989" classname="rspt01" name="rspt01_works_as_expected_for_stratified_and_unstratified_analysis"/>
    <testcase time="0.268000000000001" classname="rspt01" name="rspt01_works_as_expected_for_unstratified_analysis_only"/>
    <testcase time="0.268000000000001" classname="rspt01" name="rspt01_works_as_expected_for_unstratified_analysis_only"/>
    <testcase time="0.292000000000002" classname="rspt01" name="rspt01_works_as_expected_for_unstratified_analysis_only"/>
    <testcase time="0.278999999999996" classname="rspt01" name="rspt01_works_as_expected_for_unstratified_analysis_only"/>
    <testcase time="0.274000000000001" classname="rspt01" name="rspt01_works_as_expected_for_stratified_analysis_only"/>
    <testcase time="0.27000000000001" classname="rspt01" name="rspt01_works_as_expected_for_stratified_analysis_only"/>
    <testcase time="0.297999999999973" classname="rspt01" name="rspt01_works_as_expected_for_stratified_analysis_only"/>
    <testcase time="0.28400000000002" classname="rspt01" name="rspt01_works_as_expected_for_stratified_analysis_only"/>
    <testcase time="0.304000000000002" classname="rspt01" name="rspt01_works_if_change_reference_group"/>
    <testcase time="0.519999999999982" classname="rspt01" name="rspt01_works_if_change_reference_group"/>
    <testcase time="0.326000000000022" classname="rspt01" name="rspt01_works_if_change_reference_group"/>
    <testcase time="0.288999999999987" classname="rspt01" name="rspt01_works_if_change_reference_group"/>
    <testcase time="0.260999999999996" classname="rspt01" name="rspt01_works_if_change_statistic_methods"/>
    <testcase time="0.245000000000005" classname="rspt01" name="rspt01_works_if_change_statistic_methods"/>
    <testcase time="0.328000000000003" classname="rspt01" name="rspt01_works_if_change_statistic_methods"/>
    <testcase time="0.328000000000003" classname="rspt01" name="rspt01_works_if_change_statistic_methods"/>
    <testcase time="0.263999999999982" classname="rspt01" name="rspt01_works_if_change_confidence_interval"/>
    <testcase time="0.25" classname="rspt01" name="rspt01_works_if_change_confidence_interval"/>
    <testcase time="0.330000000000013" classname="rspt01" name="rspt01_works_if_change_confidence_interval"/>
    <testcase time="0.292000000000002" classname="rspt01" name="rspt01_works_if_change_confidence_interval"/>
  </testsuite>
  <testsuite name="ttet01" timestamp="2025-03-12T09:12:55Z" hostname="f1cddc43775f" tests="16" skipped="0" failures="0" errors="0" time="5.278">
    <testcase time="0.0180000000000007" classname="ttet01" name="ttet01_works_as_expected"/>
    <testcase time="0.385999999999996" classname="ttet01" name="ttet01_works_as_expected"/>
    <testcase time="0.47399999999999" classname="ttet01" name="ttet01_works_as_expected"/>
    <testcase time="0.021000000000015" classname="ttet01" name="ttet01_returns_an_error_when_one_level_or_arm_var_is_empty"/>
    <testcase time="0.312000000000012" classname="ttet01" name="ttet01_works_as_expected_for_stratified_and_unstratified_analysis"/>
    <testcase time="0.337999999999994" classname="ttet01" name="ttet01_works_as_expected_for_stratified_and_unstratified_analysis"/>
    <testcase time="0.396999999999991" classname="ttet01" name="ttet01_works_as_expected_for_stratified_and_unstratified_analysis"/>
    <testcase time="0.412000000000006" classname="ttet01" name="ttet01_works_as_expected_for_stratified_and_unstratified_analysis"/>
    <testcase time="0.341999999999985" classname="ttet01" name="ttet01_works_as_expected_for_stratified_analysis_only"/>
    <testcase time="0.338999999999999" classname="ttet01" name="ttet01_works_as_expected_for_stratified_analysis_only"/>
    <testcase time="0.360000000000014" classname="ttet01" name="ttet01_works_as_expected_for_stratified_analysis_only"/>
    <testcase time="0.38300000000001" classname="ttet01" name="ttet01_works_as_expected_for_stratified_analysis_only"/>
    <testcase time="0.318999999999988" classname="ttet01" name="ttet01_works_if_change_reference_group"/>
    <testcase time="0.342000000000013" classname="ttet01" name="ttet01_works_if_change_reference_group"/>
    <testcase time="0.416999999999973" classname="ttet01" name="ttet01_works_if_change_reference_group"/>
    <testcase time="0.418000000000006" classname="ttet01" name="ttet01_works_if_change_reference_group"/>
  </testsuite>
  <testsuite name="unwrap" timestamp="2025-03-12T09:13:00Z" hostname="f1cddc43775f" tests="12" skipped="0" failures="0" errors="0" time="0.171">
    <testcase time="0.01400000000001" classname="unwrap" name="unwrap_layout_works_as_expected_with_standard_chevron_t_main_function"/>
    <testcase time="0.00200000000000955" classname="unwrap" name="unwrap_layout_works_as_expected_with_standard_chevron_t_main_function"/>
    <testcase time="0.000999999999976353" classname="unwrap" name="unwrap_layout_works_as_expected_with_standard_chevron_t_main_function"/>
    <testcase time="0.0260000000000105" classname="unwrap" name="unwrap_layout_works_as_expected_with_standard_chevron_t_main_function"/>
    <testcase time="0.0120000000000005" classname="unwrap" name="unwrap_layout_works_as_expected_with_standard_chevron_g_main_function"/>
    <testcase time="0.007000000000005" classname="unwrap" name="unwrap_layout_works_as_expected_with_standard_chevron_l_main_function"/>
    <testcase time="0.007000000000005" classname="unwrap" name="unwrap_layout_works_as_expected_with_a_custom_function_without_layout_function"/>
    <testcase time="0.0389999999999873" classname="unwrap" name="unwrap_layout_works_as_expected_with_a_custom_function_with_layout_function"/>
    <testcase time="0.00100000000000477" classname="unwrap" name="unwrap_layout_works_as_expected_with_a_custom_function_with_layout_function"/>
    <testcase time="0.0310000000000059" classname="unwrap" name="unwrap_layout_works_as_expected_with_multiple_layout_function"/>
    <testcase time="0.0300000000000011" classname="unwrap" name="unwrap_layout_works_as_expected_on_custom_function_with_overwritten_layout_function"/>
    <testcase time="0.00100000000000477" classname="unwrap" name="unwrap_layout_works_as_expected_on_custom_function_with_overwritten_layout_function"/>
  </testsuite>
  <testsuite name="utils" timestamp="2025-03-12T09:13:00Z" hostname="f1cddc43775f" tests="81" skipped="0" failures="0" errors="0" time="2.467">
    <testcase time="0.00999999999999091" classname="utils" name="h_format_dec_works_as_exected"/>
    <testcase time="0.0029999999999859" classname="utils" name="h_format_dec_works_as_exected"/>
    <testcase time="0.00100000000000477" classname="utils" name="h_format_dec_works_as_exected"/>
    <testcase time="0.0040000000000191" classname="utils" name="h_format_dec_works_as_exected"/>
    <testcase time="0.00199999999998113" classname="utils" name="h_format_dec_works_as_exected"/>
    <testcase time="0.00300000000001432" classname="utils" name="h_format_dec_works_as_exected"/>
    <testcase time="0.00100000000000477" classname="utils" name="h_format_dec_works_as_exected"/>
    <testcase time="0.0029999999999859" classname="utils" name="h_format_dec_works_as_exected"/>
    <testcase time="0.00200000000000955" classname="utils" name="h_format_dec_works_as_exected"/>
    <testcase time="0.00199999999998113" classname="utils" name="h_format_dec_works_as_exected"/>
    <testcase time="0.00200000000000955" classname="utils" name="h_format_dec_works_as_exected"/>
    <testcase time="0.0029999999999859" classname="utils" name="h_format_dec_works_as_exected"/>
    <testcase time="0.00500000000002387" classname="utils" name="h_format_dec_works_as_expected_with_more_than_one_value"/>
    <testcase time="0.0029999999999859" classname="utils" name="h_format_dec_works_as_expected_with_more_than_one_value"/>
    <testcase time="0.00600000000000023" classname="utils" name="h_format_dec_works_as_expected_with_NA_digits"/>
    <testcase time="0.00499999999999545" classname="utils" name="fuse_sequentially_works"/>
    <testcase time="0.00300000000001432" classname="utils" name="fuse_sequentially_works"/>
    <testcase time="0.0120000000000005" classname="utils" name="ifneeded_split_row_works_as_expected"/>
    <testcase time="0.00600000000000023" classname="utils" name="ifneeded_split_row_works_as_expected"/>
    <testcase time="0.0759999999999934" classname="utils" name="_unnamed_"/>
    <testcase time="0.0680000000000121" classname="utils" name="_unnamed_"/>
    <testcase time="0.0749999999999886" classname="utils" name="_unnamed_"/>
    <testcase time="0.0509999999999877" classname="utils" name="_unnamed_"/>
    <testcase time="0.00300000000001432" classname="utils" name="droplevels.character_works_as_expected"/>
    <testcase time="0.0029999999999859" classname="utils" name="droplevels.character_works_as_expected"/>
    <testcase time="0.00500000000002387" classname="utils" name="lvls.character_works_as_expected"/>
    <testcase time="0.00199999999998113" classname="utils" name="lvls.character_works_as_expected"/>
    <testcase time="0.00399999999999068" classname="utils" name="lvls.factor_works_as_expected"/>
    <testcase time="0.00300000000001432" classname="utils" name="lvls.factor_works_as_expected"/>
    <testcase time="0.00499999999999545" classname="utils" name="lvls.default_works_as_expected"/>
    <testcase time="0.00300000000001432" classname="utils" name="lvls.default_works_as_expected"/>
    <testcase time="0.00499999999999545" classname="utils" name="quote_str_works_as_expected"/>
    <testcase time="0.0029999999999859" classname="utils" name="quote_str_works_as_expected"/>
    <testcase time="0.00499999999999545" classname="utils" name="quote_str_works_as_expected"/>
    <testcase time="0.00500000000002387" classname="utils" name="modify_default_args_works_as_expected"/>
    <testcase time="0.0029999999999859" classname="utils" name="modify_default_args_works_as_expected"/>
    <testcase time="0.00499999999999545" classname="utils" name="execute_with_args_works_as_expected"/>
    <testcase time="0.00300000000001432" classname="utils" name="execute_with_args_works_as_expected"/>
    <testcase time="0.00100000000000477" classname="utils" name="execute_with_args_works_as_expected"/>
    <testcase time="0.0029999999999859" classname="utils" name="execute_with_args_works_as_expected"/>
    <testcase time="0.00200000000000955" classname="utils" name="execute_with_args_works_as_expected"/>
    <testcase time="0.0029999999999859" classname="utils" name="execute_with_args_works_as_expected"/>
    <testcase time="0.00100000000000477" classname="utils" name="execute_with_args_works_as_expected"/>
    <testcase time="0.0029999999999859" classname="utils" name="execute_with_args_works_as_expected"/>
    <testcase time="0.00200000000000955" classname="utils" name="execute_with_args_works_as_expected"/>
    <testcase time="0.00300000000001432" classname="utils" name="execute_with_args_works_as_expected"/>
    <testcase time="0.000999999999976353" classname="utils" name="execute_with_args_works_as_expected"/>
    <testcase time="0.00300000000001432" classname="utils" name="execute_with_args_works_as_expected"/>
    <testcase time="0.00499999999999545" classname="utils" name="do_call_work_as_expected"/>
    <testcase time="0.00300000000001432" classname="utils" name="do_call_work_as_expected"/>
    <testcase time="0.00799999999998136" classname="utils" name="do_call_errors_as_expected"/>
    <testcase time="0.00600000000000023" classname="utils" name="do_call_errors_as_expected"/>
    <testcase time="0.00499999999999545" classname="utils" name="convert_to_month_work_as_expected"/>
    <testcase time="0.00300000000001432" classname="utils" name="convert_to_month_work_as_expected"/>
    <testcase time="0.00200000000000955" classname="utils" name="convert_to_month_work_as_expected"/>
    <testcase time="0.0029999999999859" classname="utils" name="convert_to_month_work_as_expected"/>
    <testcase time="0.00200000000000955" classname="utils" name="convert_to_month_work_as_expected"/>
    <testcase time="0.0029999999999859" classname="utils" name="convert_to_month_work_as_expected"/>
    <testcase time="0.00900000000001455" classname="utils" name="convert_to_month_warning_messages_as_expected"/>
    <testcase time="0.0109999999999957" classname="utils" name="gg_theme_chevron_works_as_expected"/>
    <testcase time="0.00200000000000955" classname="utils" name="gg_theme_chevron_works_as_expected"/>
    <testcase time="0.000999999999976353" classname="utils" name="gg_theme_chevron_works_as_expected"/>
    <testcase time="0.00500000000002387" classname="utils" name="gg_theme_chevron_works_as_expected"/>
    <testcase time="0.000999999999976353" classname="utils" name="gg_theme_chevron_works_as_expected"/>
    <testcase time="0.00200000000000955" classname="utils" name="gg_theme_chevron_works_as_expected"/>
    <testcase time="0.00600000000000023" classname="utils" name="modify_character_works"/>
    <testcase time="0.00300000000001432" classname="utils" name="modify_character_works"/>
    <testcase time="0.00600000000000023" classname="utils" name="expand_list_works"/>
    <testcase time="0.0029999999999859" classname="utils" name="expand_list_works"/>
    <testcase time="0.00499999999999545" classname="utils" name="set_section_div_works"/>
    <testcase time="0.00600000000000023" classname="utils" name="set_section_div_works"/>
    <testcase time="0.0040000000000191" classname="utils" name="set_section_div_works"/>
    <testcase time="0.0029999999999859" classname="utils" name="set_section_div_works"/>
    <testcase time="0.00600000000000023" classname="utils" name="get_section_div_works"/>
    <testcase time="0.0029999999999859" classname="utils" name="get_section_div_works"/>
    <testcase time="0.961000000000013" classname="utils" name="grob_list_is_deprecated"/>
    <testcase time="0.936000000000007" classname="utils" name="gg_list_is_deprecated"/>
    <testcase time="0.0109999999999957" classname="utils" name="format_date_works_as_expected_for_POSIXct"/>
    <testcase time="0.00499999999999545" classname="utils" name="format_date_works_as_expected_for_POSIXct"/>
    <testcase time="0.00999999999999091" classname="utils" name="format_date_works_as_expected_for_Date"/>
    <testcase time="0.00300000000001432" classname="utils" name="format_date_works_as_expected_for_Date"/>
  </testsuite>
  <testsuite name="vst01" timestamp="2025-03-12T09:13:03Z" hostname="f1cddc43775f" tests="3" skipped="0" failures="0" errors="0" time="4.853">
    <testcase time="2.416" classname="vst01" name="vst01_functions_with_default_argument_value_return_expected_result_with_test_data"/>
    <testcase time="0.828000000000003" classname="vst01" name="run_vst01_works_as_expected"/>
    <testcase time="1.60900000000001" classname="vst01" name="run_vst01_works_as_expected"/>
  </testsuite>
  <testsuite name="vst02" timestamp="2025-03-12T09:13:07Z" hostname="f1cddc43775f" tests="2" skipped="0" failures="0" errors="0" time="1">
    <testcase time="0.495999999999981" classname="vst02" name="vst02_functions_with_default_argument_value_return_expected_result_with_test_data"/>
    <testcase time="0.504000000000019" classname="vst02" name="vst02_functions_return_expected_result_with_test_data_when_excluding_subject_with_baseline_abnormality"/>
  </testsuite>
</testsuites>
