<?xml version="1.0" encoding="UTF-8"?>
<testsuites>
  <testsuite name="ael01_nollt" timestamp="2025-02-20T16:32:30Z" hostname="56d5c82bf257" tests="14" skipped="0" failures="0" errors="0" time="1.167">
    <testcase time="0.0620000000000001" classname="ael01_nollt" name="ael01_nollt_works_with_admh_dataset"/>
    <testcase time="0.258" classname="ael01_nollt" name="ael01_nollt_works_with_admh_dataset"/>
    <testcase time="0.0300000000000002" classname="ael01_nollt" name="ael01_nollt_works_with_non_default_label"/>
    <testcase time="0.212" classname="ael01_nollt" name="ael01_nollt_works_with_non_default_label"/>
    <testcase time="0.0330000000000004" classname="ael01_nollt" name="ael01_nollt_can_handle_all_missing_values"/>
    <testcase time="0.0779999999999998" classname="ael01_nollt" name="ael01_nollt_can_handle_all_missing_values"/>
    <testcase time="0.028" classname="ael01_nollt" name="ael01_nollt_can_handle_some_missing_values"/>
    <testcase time="0.132" classname="ael01_nollt" name="ael01_nollt_can_handle_some_missing_values"/>
    <testcase time="0.0229999999999997" classname="ael01_nollt" name="ael01_nollt_listing_can_be_split_by_an_additional_variable"/>
    <testcase time="0.00200000000000022" classname="ael01_nollt" name="ael01_nollt_listing_can_be_split_by_an_additional_variable"/>
    <testcase time="0.168" classname="ael01_nollt" name="ael01_nollt_listing_can_be_split_by_an_additional_variable"/>
    <testcase time="0.0229999999999997" classname="ael01_nollt" name="split_ael01_nollt_listing_do_not_display_missing_values"/>
    <testcase time="0.00100000000000033" classname="ael01_nollt" name="split_ael01_nollt_listing_do_not_display_missing_values"/>
    <testcase time="0.117" classname="ael01_nollt" name="split_ael01_nollt_listing_do_not_display_missing_values"/>
  </testsuite>
  <testsuite name="ael02" timestamp="2025-02-20T16:32:31Z" hostname="56d5c82bf257" tests="9" skipped="0" failures="0" errors="0" time="2.693">
    <testcase time="0.0559999999999996" classname="ael02" name="ael02_works_with_adae_dataset"/>
    <testcase time="0.00200000000000022" classname="ael02" name="ael02_works_with_adae_dataset"/>
    <testcase time="0.842" classname="ael02" name="ael02_works_with_adae_dataset"/>
    <testcase time="0.04" classname="ael02" name="ael02_can_handle_all_missing_values"/>
    <testcase time="0.00099999999999989" classname="ael02" name="ael02_can_handle_all_missing_values"/>
    <testcase time="0.878" classname="ael02" name="ael02_can_handle_all_missing_values"/>
    <testcase time="0.0389999999999997" classname="ael02" name="ael02_functions_work_as_expected"/>
    <testcase time="0.00100000000000033" classname="ael02" name="ael02_functions_work_as_expected"/>
    <testcase time="0.834" classname="ael02" name="ael02_functions_work_as_expected"/>
  </testsuite>
  <testsuite name="ael03" timestamp="2025-02-20T16:32:34Z" hostname="56d5c82bf257" tests="9" skipped="0" failures="0" errors="0" time="2.744">
    <testcase time="0.0570000000000004" classname="ael03" name="ael03_works_with_adae_dataset"/>
    <testcase time="0.000999999999999446" classname="ael03" name="ael03_works_with_adae_dataset"/>
    <testcase time="0.864000000000001" classname="ael03" name="ael03_works_with_adae_dataset"/>
    <testcase time="0.0419999999999998" classname="ael03" name="ael03_can_handle_all_missing_values"/>
    <testcase time="0.000999999999999446" classname="ael03" name="ael03_can_handle_all_missing_values"/>
    <testcase time="0.886" classname="ael03" name="ael03_can_handle_all_missing_values"/>
    <testcase time="0.0460000000000003" classname="ael03" name="ael03_functions_work_as_expected"/>
    <testcase time="0.00100000000000033" classname="ael03" name="ael03_functions_work_as_expected"/>
    <testcase time="0.846" classname="ael03" name="ael03_functions_work_as_expected"/>
  </testsuite>
  <testsuite name="aet01" timestamp="2025-02-20T16:32:36Z" hostname="56d5c82bf257" tests="13" skipped="0" failures="0" errors="0" time="3.271">
    <testcase time="0.388" classname="aet01" name="aet01_can_handle_all_NA_values"/>
    <testcase time="0.276999999999999" classname="aet01" name="aet01_can_handle_all_NA_values"/>
    <testcase time="0.291" classname="aet01" name="aet01_can_handle_all_NA_values"/>
    <testcase time="0.222" classname="aet01" name="aet01_can_handle_all_NA_values"/>
    <testcase time="0.257000000000001" classname="aet01" name="aet01_can_handle_some_NA_values"/>
    <testcase time="0.274999999999999" classname="aet01" name="aet01_can_handle_some_NA_values"/>
    <testcase time="0.201000000000001" classname="aet01" name="aet01_can_use_custom_anl_vars"/>
    <testcase time="0.334" classname="aet01" name="aet01_can_use_custom_anl_vars"/>
    <testcase time="0.0570000000000004" classname="aet01" name="aet01_fails_on_incomplete_data_input"/>
    <testcase time="0.276999999999999" classname="aet01" name="aet01_can_use_custom_medconcept_var"/>
    <testcase time="0.277000000000001" classname="aet01" name="aet01_can_use_custom_medconcept_var"/>
    <testcase time="0.182" classname="aet01" name="aet01_can_conditionally_show_the_number_of_withdrawal"/>
    <testcase time="0.232999999999999" classname="aet01" name="aet01_can_conditionally_show_the_number_of_withdrawal"/>
  </testsuite>
  <testsuite name="aet01_aesi" timestamp="2025-02-20T16:32:40Z" hostname="56d5c82bf257" tests="9" skipped="0" failures="0" errors="0" time="1.948">
    <testcase time="0.203000000000001" classname="aet01_aesi" name="aet01_aesi_can_handle_all_NA_values"/>
    <testcase time="0.245999999999999" classname="aet01_aesi" name="aet01_aesi_can_handle_all_NA_values"/>
    <testcase time="0.181000000000001" classname="aet01_aesi" name="aet01_aesi_can_handle_all_NA_values"/>
    <testcase time="0.208" classname="aet01_aesi" name="aet01_aesi_can_handle_all_NA_values"/>
    <testcase time="0.183" classname="aet01_aesi" name="aet01_aesi_can_handle_some_NA_values"/>
    <testcase time="0.252000000000001" classname="aet01_aesi" name="aet01_aesi_can_handle_some_NA_values"/>
    <testcase time="0.250999999999999" classname="aet01_aesi" name="aet01_aesi_works_with_ALL_argument"/>
    <testcase time="0.375999999999999" classname="aet01_aesi" name="aet01_aesi_works_with_ALL_argument"/>
    <testcase time="0.048" classname="aet01_aesi" name="aet01_aesi_check_fails_on_incomplete_data_input"/>
  </testsuite>
  <testsuite name="aet02" timestamp="2025-02-20T16:32:41Z" hostname="56d5c82bf257" tests="4" skipped="0" failures="0" errors="0" time="2.419">
    <testcase time="0.0540000000000003" classname="aet02" name="aet02_fails_on_incomplete_data_input"/>
    <testcase time="0.117000000000001" classname="aet02" name="aet02_handle_empty_data_input"/>
    <testcase time="1.47" classname="aet02" name="aet02_can_have_different_levels_of_row_split"/>
    <testcase time="0.777999999999999" classname="aet02" name="aet02_can_have_different_levels_of_row_split"/>
  </testsuite>
  <testsuite name="aet03" timestamp="2025-02-20T16:32:44Z" hostname="56d5c82bf257" tests="4" skipped="0" failures="0" errors="0" time="2.49">
    <testcase time="0.263000000000002" classname="aet03" name="aet03_can_handle_NA_values"/>
    <testcase time="0.251000000000001" classname="aet03" name="aet03_can_handle_NA_values"/>
    <testcase time="1.26" classname="aet03" name="aet03_can_handle_some_NA_values"/>
    <testcase time="0.716000000000001" classname="aet03" name="aet03_can_handle_some_NA_values"/>
  </testsuite>
  <testsuite name="aet04" timestamp="2025-02-20T16:32:46Z" hostname="56d5c82bf257" tests="12" skipped="0" failures="0" errors="0" time="11.258">
    <testcase time="0.411999999999999" classname="aet04" name="aet04_can_handle_NA_values"/>
    <testcase time="0.407" classname="aet04" name="aet04_can_handle_NA_values"/>
    <testcase time="0.407" classname="aet04" name="aet04_can_handle_NA_values"/>
    <testcase time="0.00300000000000011" classname="aet04" name="aet04_can_handle_NA_values"/>
    <testcase time="0.399000000000001" classname="aet04" name="aet04_can_handle_NA_values"/>
    <testcase time="0.408000000000001" classname="aet04" name="aet04_can_handle_NA_values"/>
    <testcase time="2.258" classname="aet04" name="aet04_can_handle_some_NA_values"/>
    <testcase time="1.124" classname="aet04" name="aet04_can_handle_some_NA_values"/>
    <testcase time="2.272" classname="aet04" name="aet04_can_handle_some_NA_values"/>
    <testcase time="0.00600000000000023" classname="aet04" name="aet04_can_handle_some_NA_values"/>
    <testcase time="2.31" classname="aet04" name="aet04_can_handle_some_NA_values"/>
    <testcase time="1.252" classname="aet04" name="aet04_can_handle_some_NA_values"/>
  </testsuite>
  <testsuite name="aet05" timestamp="2025-02-20T16:32:58Z" hostname="56d5c82bf257" tests="6" skipped="0" failures="0" errors="0" time="1.22">
    <testcase time="0.137" classname="aet05" name="aet05_can_handle_NA_values"/>
    <testcase time="0.257999999999999" classname="aet05" name="aet05_can_handle_NA_values"/>
    <testcase time="0.129000000000001" classname="aet05" name="aet05_can_handle_some_NA_values"/>
    <testcase time="0.286999999999999" classname="aet05" name="aet05_can_handle_some_NA_values"/>
    <testcase time="0.138000000000002" classname="aet05" name="aet05_can_handle_some_NA_values"/>
    <testcase time="0.271000000000001" classname="aet05" name="aet05_can_handle_some_NA_values"/>
  </testsuite>
  <testsuite name="aet05_all" timestamp="2025-02-20T16:32:59Z" hostname="56d5c82bf257" tests="6" skipped="0" failures="0" errors="0" time="1.237">
    <testcase time="0.148999999999997" classname="aet05_all" name="aet05_all_can_handle_NA_values"/>
    <testcase time="0.245000000000001" classname="aet05_all" name="aet05_all_can_handle_NA_values"/>
    <testcase time="0.149000000000001" classname="aet05_all" name="aet05_all_can_handle_some_NA_values"/>
    <testcase time="0.282" classname="aet05_all" name="aet05_all_can_handle_some_NA_values"/>
    <testcase time="0.128999999999998" classname="aet05_all" name="aet05_all_can_handle_some_NA_values"/>
    <testcase time="0.283000000000001" classname="aet05_all" name="aet05_all_can_handle_some_NA_values"/>
  </testsuite>
  <testsuite name="aet10" timestamp="2025-02-20T16:33:00Z" hostname="56d5c82bf257" tests="4" skipped="0" failures="0" errors="0" time="0.533">
    <testcase time="0.0700000000000003" classname="aet10" name="aet10_can_handle_NA_values"/>
    <testcase time="0.128999999999998" classname="aet10" name="aet10_can_handle_NA_values"/>
    <testcase time="0.106000000000002" classname="aet10" name="aet10_can_handle_some_NA_values"/>
    <testcase time="0.228000000000002" classname="aet10" name="aet10_can_handle_some_NA_values"/>
  </testsuite>
  <testsuite name="assertions" timestamp="2025-02-20T16:33:01Z" hostname="56d5c82bf257" tests="33" skipped="0" failures="0" errors="0" time="0.156">
    <testcase time="0.00799999999999557" classname="assertions" name="assert_valid_var.character_works_as_expected"/>
    <testcase time="0.00500000000000256" classname="assertions" name="assert_valid_var.character_works_as_expected"/>
    <testcase time="0.00399999999999778" classname="assertions" name="assert_valid_var.character_works_as_expected"/>
    <testcase time="0.00500000000000256" classname="assertions" name="assert_valid_var.character_works_as_expected"/>
    <testcase time="0.000999999999997669" classname="assertions" name="assert_valid_var.character_works_as_expected"/>
    <testcase time="0.00500000000000256" classname="assertions" name="assert_valid_var.factor_works_as_expected"/>
    <testcase time="0.00399999999999778" classname="assertions" name="assert_valid_var.factor_works_as_expected"/>
    <testcase time="0.00500000000000256" classname="assertions" name="assert_valid_var.factor_works_as_expected"/>
    <testcase time="0.00500000000000256" classname="assertions" name="assert_valid_var.factor_works_as_expected"/>
    <testcase time="0.000999999999997669" classname="assertions" name="assert_valid_var.factor_works_as_expected"/>
    <testcase time="0.00500000000000256" classname="assertions" name="assert_valid_var.logical_works_as_expected"/>
    <testcase time="0.00499999999999545" classname="assertions" name="assert_valid_var.logical_works_as_expected"/>
    <testcase time="0.00400000000000489" classname="assertions" name="assert_valid_var.logical_works_as_expected"/>
    <testcase time="0.00199999999999534" classname="assertions" name="assert_valid_var.logical_works_as_expected"/>
    <testcase time="0.00400000000000489" classname="assertions" name="assert_valid_var.numeric_works_as_expected"/>
    <testcase time="0.00499999999999545" classname="assertions" name="assert_valid_var.numeric_works_as_expected"/>
    <testcase time="0.00399999999999778" classname="assertions" name="assert_valid_var.numeric_works_as_expected"/>
    <testcase time="0.00200000000000244" classname="assertions" name="assert_valid_var.numeric_works_as_expected"/>
    <testcase time="0.00399999999999778" classname="assertions" name="assert_valid_var.numeric_works_as_expected"/>
    <testcase time="0.00200000000000244" classname="assertions" name="assert_valid_var.numeric_works_as_expected"/>
    <testcase time="0.00900000000000034" classname="assertions" name="assert_valid_var.POSIXct_works_as_expected"/>
    <testcase time="0.00800000000000267" classname="assertions" name="assert_valid_var.POSIXct_works_as_expected"/>
    <testcase time="0.00600000000000023" classname="assertions" name="assert_valid_variable_works_as_expected"/>
    <testcase time="0.00199999999999534" classname="assertions" name="assert_valid_variable_works_as_expected"/>
    <testcase time="0.00600000000000023" classname="assertions" name="assert_valid_variable_works_as_expected"/>
    <testcase time="0.00200000000000244" classname="assertions" name="assert_valid_variable_works_as_expected"/>
    <testcase time="0.00600000000000023" classname="assertions" name="assert_valid_variable_works_as_expected"/>
    <testcase time="0.00200000000000244" classname="assertions" name="assert_valid_variable_works_as_expected"/>
    <testcase time="0.00499999999999545" classname="assertions" name="assert_valid_var_pair_works_as_expected_with_character"/>
    <testcase time="0.00500000000000256" classname="assertions" name="assert_valid_var_pair_works_as_expected_with_character"/>
    <testcase time="0.00999999999999801" classname="assertions" name="assert_valid_var_pair_works_as_expected_with_factor"/>
    <testcase time="0.00800000000000267" classname="assertions" name="assert_valid_var_pair_works_as_expected_with_factor"/>
    <testcase time="0.0069999999999979" classname="assertions" name="assert_valid_var_pair_works_as_expected_with_factor"/>
  </testsuite>
  <testsuite name="cfbt01" timestamp="2025-02-20T16:33:01Z" hostname="56d5c82bf257" tests="3" skipped="0" failures="0" errors="0" time="8.827">
    <testcase time="6.562" classname="cfbt01" name="cfbt01_functions_with_default_argument_value_return_expected_result_with_test_data"/>
    <testcase time="0.742000000000004" classname="cfbt01" name="cfbt01_can_handle_n_0_and_outputs_NE_instead_of_infs_and_NAs"/>
    <testcase time="1.523" classname="cfbt01" name="cfbt01_can_handle_n_0_and_outputs_NE_instead_of_infs_and_NAs"/>
  </testsuite>
  <testsuite name="checks" timestamp="2025-02-20T16:33:10Z" hostname="56d5c82bf257" tests="8" skipped="0" failures="0" errors="0" time="0.027">
    <testcase time="0.00900000000000034" classname="checks" name="check_all_colnames_works_as_expected"/>
    <testcase time="0.00300000000000011" classname="checks" name="check_all_colnames_works_as_expected"/>
    <testcase time="0.00100000000000477" classname="checks" name="check_all_colnames_works_as_expected"/>
    <testcase time="0.00300000000000011" classname="checks" name="check_all_colnames_works_as_expected"/>
    <testcase time="0.00399999999999778" classname="checks" name="check_one_colnames_works_as_expected"/>
    <testcase time="0.00300000000000011" classname="checks" name="check_one_colnames_works_as_expected"/>
    <testcase time="0.000999999999997669" classname="checks" name="check_one_colnames_works_as_expected"/>
    <testcase time="0.00300000000000011" classname="checks" name="check_one_colnames_works_as_expected"/>
  </testsuite>
  <testsuite name="chevron_tlg-class" timestamp="2025-02-20T16:33:10Z" hostname="56d5c82bf257" tests="27" skipped="0" failures="0" errors="0" time="0.087">
    <testcase time="0.00800000000000267" classname="chevron_tlg_class" name="chevron_t_object_can_be_constructed_with_default_values"/>
    <testcase time="0.00300000000000011" classname="chevron_tlg_class" name="chevron_t_object_can_be_constructed_with_default_values"/>
    <testcase time="0.00499999999999545" classname="chevron_tlg_class" name="chevron_t_object_can_be_constructed_with_custom_values"/>
    <testcase time="0.00300000000000011" classname="chevron_tlg_class" name="chevron_t_object_can_be_constructed_with_custom_values"/>
    <testcase time="0.00200000000000244" classname="chevron_tlg_class" name="chevron_t_object_can_be_constructed_with_custom_values"/>
    <testcase time="0.00300000000000011" classname="chevron_tlg_class" name="chevron_t_object_can_be_constructed_with_custom_values"/>
    <testcase time="0.00500000000000256" classname="chevron_tlg_class" name="chevron_t_constructor_returns_an_error_when_expected"/>
    <testcase time="0.00199999999999534" classname="chevron_tlg_class" name="chevron_t_constructor_returns_an_error_when_expected"/>
    <testcase time="0.00100000000000477" classname="chevron_tlg_class" name="chevron_t_constructor_returns_an_error_when_expected"/>
    <testcase time="0.000999999999997669" classname="chevron_tlg_class" name="chevron_t_constructor_returns_an_error_when_expected"/>
    <testcase time="0.000999999999997669" classname="chevron_tlg_class" name="chevron_t_constructor_returns_an_error_when_expected"/>
    <testcase time="0.00100000000000477" classname="chevron_tlg_class" name="chevron_t_constructor_returns_an_error_when_expected"/>
    <testcase time="0.00600000000000023" classname="chevron_tlg_class" name="chevron_l_object_can_be_constructed_with_default_values"/>
    <testcase time="0.00300000000000011" classname="chevron_tlg_class" name="chevron_l_object_can_be_constructed_with_default_values"/>
    <testcase time="0.00499999999999545" classname="chevron_tlg_class" name="chevron_g_object_can_be_constructed_with_custom_values"/>
    <testcase time="0.00300000000000011" classname="chevron_tlg_class" name="chevron_g_object_can_be_constructed_with_custom_values"/>
    <testcase time="0.00200000000000244" classname="chevron_tlg_class" name="chevron_g_object_can_be_constructed_with_custom_values"/>
    <testcase time="0.00300000000000011" classname="chevron_tlg_class" name="chevron_g_object_can_be_constructed_with_custom_values"/>
    <testcase time="0.00499999999999545" classname="chevron_tlg_class" name="chevron_g_constructor_returns_an_error_when_expected"/>
    <testcase time="0.00200000000000244" classname="chevron_tlg_class" name="chevron_g_constructor_returns_an_error_when_expected"/>
    <testcase time="0.000999999999997669" classname="chevron_tlg_class" name="chevron_g_constructor_returns_an_error_when_expected"/>
    <testcase time="0.00100000000000477" classname="chevron_tlg_class" name="chevron_g_constructor_returns_an_error_when_expected"/>
    <testcase time="0.000999999999997669" classname="chevron_tlg_class" name="chevron_g_constructor_returns_an_error_when_expected"/>
    <testcase time="0.000999999999997669" classname="chevron_tlg_class" name="chevron_g_constructor_returns_an_error_when_expected"/>
    <testcase time="0.00600000000000023" classname="chevron_tlg_class" name="chevron_simple_works_correctly"/>
    <testcase time="0.00200000000000244" classname="chevron_tlg_class" name="chevron_simple_works_correctly"/>
    <testcase time="0.0110000000000028" classname="chevron_tlg_class" name="chevron_simple_errors_if_contains_return"/>
  </testsuite>
  <testsuite name="chevron_tlg-methods" timestamp="2025-02-20T16:33:10Z" hostname="56d5c82bf257" tests="59" skipped="1" failures="0" errors="0" time="9.675">
    <testcase time="1.04799999999999" classname="chevron_tlg_methods" name="run_works_as_expected_for_chevron_t_object"/>
    <testcase time="0.576000000000001" classname="chevron_tlg_methods" name="run_works_as_expected_for_chevron_t_object"/>
    <testcase time="0.575000000000003" classname="chevron_tlg_methods" name="run_works_as_expected_for_chevron_t_object_when_auto_pre_FALSE"/>
    <testcase time="0.316000000000003" classname="chevron_tlg_methods" name="run_works_as_expected_with_argument_printed"/>
    <testcase time="0.271999999999998" classname="chevron_tlg_methods" name="run_works_as_expected_with_argument_printed"/>
    <testcase time="0.414999999999999" classname="chevron_tlg_methods" name="run_works_as_expected_with_argument_printed_if_the_user_argument_is_complicated"/>
    <testcase time="0.359000000000002" classname="chevron_tlg_methods" name="run_works_as_expected_with_argument_printed_if_the_user_argument_is_complicated"/>
    <testcase time="0.406999999999996" classname="chevron_tlg_methods" name="run_uses_the_argument_passed_through_the_ellipsis_in_priority"/>
    <testcase time="0.359999999999999" classname="chevron_tlg_methods" name="run_uses_the_argument_passed_through_the_ellipsis_in_priority"/>
    <testcase time="0.309000000000005" classname="chevron_tlg_methods" name="run_works_as_expected_with_partial_match_argument"/>
    <testcase time="0.278999999999996" classname="chevron_tlg_methods" name="run_works_as_expected_with_partial_match_argument"/>
    <testcase time="0.405999999999999" classname="chevron_tlg_methods" name="run_displays_the_symbols_when_available"/>
    <testcase time="0.359999999999999" classname="chevron_tlg_methods" name="run_displays_the_symbols_when_available"/>
    <testcase time="0.298999999999999" classname="chevron_tlg_methods" name="run_print_internal_functions_when_unwrap_is_TRUE"/>
    <testcase time="0.00200000000000244" classname="chevron_tlg_methods" name="run_print_internal_functions_when_unwrap_is_TRUE"/>
    <testcase time="0.000999999999997669" classname="chevron_tlg_methods" name="run_print_internal_functions_when_unwrap_is_TRUE"/>
    <testcase time="0.0220000000000056" classname="chevron_tlg_methods" name="run_print_internal_functions_when_unwrap_is_TRUE"/>
    <testcase time="1.158" classname="chevron_tlg_methods" name="run_print_internal_functions_when_unwrap_is_TRUE_and_standard_chevron_tlg_has_no_layout"/>
    <testcase time="0.00899999999999324" classname="chevron_tlg_methods" name="run_print_internal_functions_when_unwrap_is_TRUE_and_the_chevron_tlg_object_is_customized"/>
    <testcase time="0.00200000000000244" classname="chevron_tlg_methods" name="run_print_internal_functions_when_unwrap_is_TRUE_and_the_chevron_tlg_object_is_customized"/>
    <testcase time="0.000999999999997669" classname="chevron_tlg_methods" name="run_print_internal_functions_when_unwrap_is_TRUE_and_the_chevron_tlg_object_is_customized"/>
    <testcase time="0.0210000000000008" classname="chevron_tlg_methods" name="run_print_internal_functions_when_unwrap_is_TRUE_and_the_chevron_tlg_object_is_customized"/>
    <testcase time="0.00800000000000267" classname="chevron_tlg_methods" name="run_print_main_and_postprocessing_functions_when_unwrap_is_TRUE_and_auto_pre_is_FALSE"/>
    <testcase time="0.00200000000000244" classname="chevron_tlg_methods" name="run_print_main_and_postprocessing_functions_when_unwrap_is_TRUE_and_auto_pre_is_FALSE"/>
    <testcase time="0.000999999999997669" classname="chevron_tlg_methods" name="run_print_main_and_postprocessing_functions_when_unwrap_is_TRUE_and_auto_pre_is_FALSE"/>
    <testcase time="0.000999999999997669" classname="chevron_tlg_methods" name="run_print_main_and_postprocessing_functions_when_unwrap_is_TRUE_and_auto_pre_is_FALSE"/>
    <testcase time="0.0210000000000008" classname="chevron_tlg_methods" name="run_print_main_and_postprocessing_functions_when_unwrap_is_TRUE_and_auto_pre_is_FALSE"/>
    <testcase time="0.0110000000000028" classname="chevron_tlg_methods" name="args_ls_works_as_expected"/>
    <testcase time="0.000999999999997669" classname="chevron_tlg_methods" name="args_ls_works_as_expected"/>
    <testcase time="0.00200000000000244" classname="chevron_tlg_methods" name="args_ls_works_as_expected"/>
    <testcase time="0.00600000000000023" classname="chevron_tlg_methods" name="args_ls_works_as_expected_when_simplify_is_TRUE"/>
    <testcase time="0.00199999999999534" classname="chevron_tlg_methods" name="args_ls_works_as_expected_when_simplify_is_TRUE"/>
    <testcase time="0.00200000000000244" classname="chevron_tlg_methods" name="args_ls_works_as_expected_when_simplify_is_TRUE"/>
    <testcase time="0.00600000000000023" classname="chevron_tlg_methods" name="args_ls_works_as_expected_with_custom_chevron_tlg_object"/>
    <testcase time="0.00200000000000244" classname="chevron_tlg_methods" name="args_ls_works_as_expected_with_custom_chevron_tlg_object"/>
    <testcase time="0.000999999999997669" classname="chevron_tlg_methods" name="args_ls_works_as_expected_with_custom_chevron_tlg_object"/>
    <testcase time="0.00300000000000011" classname="chevron_tlg_methods" name="args_ls_works_as_expected_with_custom_chevron_tlg_object"/>
    <testcase time="0.00500000000000256" classname="chevron_tlg_methods" name="main_works_as_expected"/>
    <testcase time="0.0069999999999979" classname="chevron_tlg_methods" name="main_setter_works_as_expected"/>
    <testcase time="0.00999999999999801" classname="chevron_tlg_methods" name="main_setter_throw_an_error_as_expected"/>
    <testcase time="0.00600000000000023" classname="chevron_tlg_methods" name="preprocess_works_as_expected"/>
    <testcase time="0.00600000000000023" classname="chevron_tlg_methods" name="preprocess_setter_works_as_expected"/>
    <testcase time="0.00900000000000034" classname="chevron_tlg_methods" name="preprocess_sends_an_error_as_expected"/>
    <testcase time="0.00600000000000023" classname="chevron_tlg_methods" name="postprocess_works_as_expected"/>
    <testcase time="0.0069999999999979" classname="chevron_tlg_methods" name="postprocess_setter_works_as_expected"/>
    <testcase time="0.00900000000000034" classname="chevron_tlg_methods" name="postprocess_sends_an_error_as_expected"/>
    <testcase time="0.00500000000000256" classname="chevron_tlg_methods" name="script_funs_works_as_expected_in_interactive_mode">
      <skipped message="Reason: !interactive() is TRUE ('test-chevron_tlg-methods.R:264:3')"/>
    </testcase>
    <testcase time="0.0140000000000029" classname="chevron_tlg_methods" name="script_funs_works_as_expected"/>
    <testcase time="0.000999999999997669" classname="chevron_tlg_methods" name="script_funs_works_as_expected"/>
    <testcase time="2.216" classname="chevron_tlg_methods" name="script_funs_generates_a_valid_script"/>
    <testcase time="0.00199999999999534" classname="chevron_tlg_methods" name="script_funs_generates_a_valid_script"/>
    <testcase time="0.00200000000000244" classname="chevron_tlg_methods" name="script_funs_generates_a_valid_script"/>
    <testcase time="0.000999999999997669" classname="chevron_tlg_methods" name="script_funs_generates_a_valid_script"/>
    <testcase time="0.00200000000000244" classname="chevron_tlg_methods" name="script_funs_generates_a_valid_script"/>
    <testcase time="0.0319999999999965" classname="chevron_tlg_methods" name="script_funs_generates_a_valid_script"/>
    <testcase time="0.00800000000000267" classname="chevron_tlg_methods" name="script_funs_works_for_simple_template"/>
    <testcase time="0.00200000000000244" classname="chevron_tlg_methods" name="script_funs_works_for_simple_template"/>
    <testcase time="0.0330000000000013" classname="chevron_tlg_methods" name="print_list_works"/>
    <testcase time="0.0259999999999962" classname="chevron_tlg_methods" name="print_list_works_for_empty_list"/>
  </testsuite>
  <testsuite name="cml02a_gl" timestamp="2025-02-20T16:33:19Z" hostname="56d5c82bf257" tests="6" skipped="0" failures="0" errors="0" time="0.535">
    <testcase time="0.0280000000000058" classname="cml02a_gl" name="cml02a_gl_works_with_adcm_dataset"/>
    <testcase time="0.164999999999999" classname="cml02a_gl" name="cml02a_gl_works_with_adcm_dataset"/>
    <testcase time="0.0249999999999986" classname="cml02a_gl" name="cml02a_gl_works_with_missing_data"/>
    <testcase time="0.128" classname="cml02a_gl" name="cml02a_gl_works_with_missing_data"/>
    <testcase time="0.0240000000000009" classname="cml02a_gl" name="cml02a_gl_functions_work_as_expected"/>
    <testcase time="0.164999999999999" classname="cml02a_gl" name="cml02a_gl_functions_work_as_expected"/>
  </testsuite>
  <testsuite name="cmt01a" timestamp="2025-02-20T16:33:20Z" hostname="56d5c82bf257" tests="6" skipped="0" failures="0" errors="0" time="3.911">
    <testcase time="1.148" classname="cmt01a" name="cmt01a_functions_with_default_argument_value_return_expected_result_with_test_data"/>
    <testcase time="1.10100000000001" classname="cmt01a" name="cmt01a_functions_with_custom_argument_value_return_expected_result_with_test_data"/>
    <testcase time="0.153999999999996" classname="cmt01a" name="cmt01a_can_handle_all_NA_values"/>
    <testcase time="0.175000000000004" classname="cmt01a" name="cmt01a_can_handle_all_NA_values"/>
    <testcase time="0.768000000000001" classname="cmt01a" name="cmt01a_can_handle_some_NA_values"/>
    <testcase time="0.564999999999998" classname="cmt01a" name="cmt01a_can_handle_some_NA_values"/>
  </testsuite>
  <testsuite name="cmt02_pt" timestamp="2025-02-20T16:33:24Z" hostname="56d5c82bf257" tests="4" skipped="0" failures="0" errors="0" time="0.588">
    <testcase time="0.0990000000000038" classname="cmt02_pt" name="cmt02_pt_can_handle_all_NA_values"/>
    <testcase time="0.132999999999996" classname="cmt02_pt" name="cmt02_pt_can_handle_all_NA_values"/>
    <testcase time="0.136000000000003" classname="cmt02_pt" name="cmt02_pt_can_handle_some_NA_values"/>
    <testcase time="0.219999999999999" classname="cmt02_pt" name="cmt02_pt_can_handle_some_NA_values"/>
  </testsuite>
  <testsuite name="coxt01" timestamp="2025-02-20T16:33:24Z" hostname="56d5c82bf257" tests="9" skipped="0" failures="0" errors="0" time="1.657">
    <testcase time="0.289999999999999" classname="coxt01" name="coxt01_can_handle_some_NA_values"/>
    <testcase time="0.185000000000002" classname="coxt01" name="coxt01_can_handle_some_NA_values"/>
    <testcase time="0.232999999999997" classname="coxt01" name="coxt01_can_handle_some_NA_values"/>
    <testcase time="0.185000000000002" classname="coxt01" name="coxt01_can_handle_some_NA_values"/>
    <testcase time="0.182000000000002" classname="coxt01" name="coxt01_can_handle_some_NA_values"/>
    <testcase time="0.172999999999995" classname="coxt01" name="coxt01_can_handle_some_NA_values"/>
    <testcase time="0.201000000000001" classname="coxt01" name="coxt01_can_handle_some_NA_values"/>
    <testcase time="0.192" classname="coxt01" name="coxt01_can_handle_some_NA_values"/>
    <testcase time="0.0159999999999982" classname="coxt01" name="coxt01_fails_on_incomlete_data"/>
  </testsuite>
  <testsuite name="coxt02" timestamp="2025-02-20T16:33:26Z" hostname="56d5c82bf257" tests="9" skipped="0" failures="0" errors="0" time="2.143">
    <testcase time="0.392000000000003" classname="coxt02" name="coxt02_can_handle_some_NA_values"/>
    <testcase time="0.225999999999999" classname="coxt02" name="coxt02_can_handle_some_NA_values"/>
    <testcase time="0.381" classname="coxt02" name="coxt02_can_handle_some_NA_values"/>
    <testcase time="0.231000000000002" classname="coxt02" name="coxt02_can_handle_some_NA_values"/>
    <testcase time="0.25" classname="coxt02" name="coxt02_can_handle_some_NA_values"/>
    <testcase time="0.194000000000003" classname="coxt02" name="coxt02_can_handle_some_NA_values"/>
    <testcase time="0.262999999999998" classname="coxt02" name="coxt02_can_handle_some_NA_values"/>
    <testcase time="0.186999999999998" classname="coxt02" name="coxt02_can_handle_some_NA_values"/>
    <testcase time="0.0189999999999984" classname="coxt02" name="coxt02_fails_on_incomlete_data"/>
  </testsuite>
  <testsuite name="default_tlg" timestamp="2025-02-20T16:33:28Z" hostname="56d5c82bf257" tests="15" skipped="0" failures="0" errors="0" time="11.231">
    <testcase time="0.148000000000003" classname="default_tlg" name="ael01_nollt_function_with_default_argument_value_return_expected_result_with_test_data"/>
    <testcase time="0.533000000000001" classname="default_tlg" name="aet01_function_with_default_argument_value_return_expected_result_with_test_data"/>
    <testcase time="0.466999999999999" classname="default_tlg" name="aet01_aesi_function_with_default_argument_value_return_expected_result_with_test_data"/>
    <testcase time="0.970999999999997" classname="default_tlg" name="aet02_functions_with_default_argument_value_return_expected_result_with_test_data"/>
    <testcase time="2.03100000000001" classname="default_tlg" name="aet03_functions_with_default_argument_value_return_expected_result_with_test_data"/>
    <testcase time="3.11399999999999" classname="default_tlg" name="aet04_functions_with_default_argument_value_return_expected_result_with_test_data"/>
    <testcase time="0.408000000000001" classname="default_tlg" name="aet05_functions_with_default_argument_value_return_expected_result_with_test_data"/>
    <testcase time="0.421000000000006" classname="default_tlg" name="aet05_all_functions_with_default_argument_value_return_expected_result_with_test_data"/>
    <testcase time="0.313000000000002" classname="default_tlg" name="aet10_functions_with_default_argument_value_return_expected_result_with_test_data"/>
    <testcase time="0.36999999999999" classname="default_tlg" name="cmt02_pt_functions_with_default_argument_value_return_expected_result_with_test_data"/>
    <testcase time="0.477000000000004" classname="default_tlg" name="coxt01_functions_with_default_argument_value_return_expected_result_with_test_data"/>
    <testcase time="0.644999999999996" classname="default_tlg" name="coxt02_functions_with_default_argument_value_return_expected_result_with_test_data"/>
    <testcase time="0.631" classname="default_tlg" name="dmt01_functions_with_default_argument_value_return_expected_result_with_test_data"/>
    <testcase time="0.433000000000007" classname="default_tlg" name="dst01_functions_with_default_argument_value_return_expected_result_with_test_data"/>
    <testcase time="0.269000000000005" classname="default_tlg" name="dtht01_functions_with_default_argument_value_return_expected_result_with_test_data"/>
  </testsuite>
  <testsuite name="dmt01" timestamp="2025-02-20T16:33:39Z" hostname="56d5c82bf257" tests="19" skipped="0" failures="0" errors="0" time="4.483">
    <testcase time="0.219999999999999" classname="dmt01" name="dmt01_can_handle_NA_values"/>
    <testcase time="0.324999999999989" classname="dmt01" name="dmt01_can_handle_NA_values"/>
    <testcase time="0.208000000000013" classname="dmt01" name="dmt01_can_handle_numeric_NA_values"/>
    <testcase time="0.408999999999992" classname="dmt01" name="dmt01_can_handle_numeric_NA_values"/>
    <testcase time="0.019999999999996" classname="dmt01" name="dmt01_returns_an_error_when_variables_are_of_the_wrong_type"/>
    <testcase time="0.155000000000001" classname="dmt01" name="dmt01_works_as_expected_with_setting_default_precision"/>
    <testcase time="0.323000000000008" classname="dmt01" name="dmt01_works_as_expected_with_setting_default_precision"/>
    <testcase time="0.165999999999997" classname="dmt01" name="dmt01_works_as_expected_with_auto_precision_settings"/>
    <testcase time="0.382999999999996" classname="dmt01" name="dmt01_works_as_expected_with_auto_precision_settings"/>
    <testcase time="0.163000000000011" classname="dmt01" name="dmt01_works_as_expected_with_auto_precision_settings_and_defined_precision"/>
    <testcase time="0.35799999999999" classname="dmt01" name="dmt01_works_as_expected_with_auto_precision_settings_and_defined_precision"/>
    <testcase time="0.157000000000011" classname="dmt01" name="dmt01_works_as_expected_with_auto_precision_settings_and_defined_precision_and_default"/>
    <testcase time="0.501999999999995" classname="dmt01" name="dmt01_works_as_expected_with_auto_precision_settings_and_defined_precision_and_default"/>
    <testcase time="0.135999999999996" classname="dmt01" name="dmt01_works_as_expected_with_cutomized_stats_value"/>
    <testcase time="0.262" classname="dmt01" name="dmt01_works_as_expected_with_cutomized_stats_value"/>
    <testcase time="0.144999999999996" classname="dmt01" name="dmt01_works_as_expected_with_empty_list_as_stats_value"/>
    <testcase time="0.295000000000002" classname="dmt01" name="dmt01_works_as_expected_with_empty_list_as_stats_value"/>
    <testcase time="0.0760000000000076" classname="dmt01" name="dmt01_works_as_expected_with_only_one_summaryvars"/>
    <testcase time="0.180000000000007" classname="dmt01" name="dmt01_works_as_expected_with_only_one_summaryvars"/>
  </testsuite>
  <testsuite name="dst01" timestamp="2025-02-20T16:33:44Z" hostname="56d5c82bf257" tests="14" skipped="0" failures="0" errors="0" time="2.368">
    <testcase time="0.126999999999995" classname="dst01" name="dst01_works_as_expected_when_all_data_are_NA"/>
    <testcase time="0.0730000000000075" classname="dst01" name="dst01_works_as_expected_when_all_data_are_NA"/>
    <testcase time="0.103999999999999" classname="dst01" name="dst01_can_handle_all_NA_values_in_DCSREAS"/>
    <testcase time="0.140999999999991" classname="dst01" name="dst01_can_handle_all_NA_values_in_DCSREAS"/>
    <testcase time="0.153000000000006" classname="dst01" name="dst01_can_handle_some_NA_values"/>
    <testcase time="0.216999999999999" classname="dst01" name="dst01_can_handle_some_NA_values"/>
    <testcase time="0.126999999999995" classname="dst01" name="dst01_can_handle_missing_levels_in_status_var"/>
    <testcase time="0.0680000000000121" classname="dst01" name="dst01_can_handle_missing_levels_in_status_var"/>
    <testcase time="0.176000000000002" classname="dst01" name="dst01_can_create_variants"/>
    <testcase time="0.213999999999999" classname="dst01" name="dst01_can_create_variants"/>
    <testcase time="0.207999999999998" classname="dst01" name="dst01_can_create_variants"/>
    <testcase time="0.237000000000009" classname="dst01" name="dst01_can_create_variants"/>
    <testcase time="0.24799999999999" classname="dst01" name="dst01_can_create_variants"/>
    <testcase time="0.275000000000006" classname="dst01" name="dst01_can_create_variants"/>
  </testsuite>
  <testsuite name="dtht01" timestamp="2025-02-20T16:33:46Z" hostname="56d5c82bf257" tests="5" skipped="0" failures="0" errors="0" time="1.374">
    <testcase time="0.0999999999999943" classname="dtht01" name="dtht01_can_handle_all_NA_values"/>
    <testcase time="0.163000000000011" classname="dtht01" name="dtht01_can_handle_all_NA_values"/>
    <testcase time="0.222999999999999" classname="dtht01" name="dtht01_can_handle_some_NA_values"/>
    <testcase time="0.330999999999989" classname="dtht01" name="dtht01_can_handle_some_NA_values"/>
    <testcase time="0.557000000000002" classname="dtht01" name="dtht01_can_be_parametrize_as_expected"/>
  </testsuite>
  <testsuite name="egt01" timestamp="2025-02-20T16:33:48Z" hostname="56d5c82bf257" tests="3" skipped="0" failures="0" errors="0" time="6.548">
    <testcase time="3.25700000000001" classname="egt01" name="egt01_functions_with_default_argument_value_return_expected_result_with_test_data"/>
    <testcase time="1.235" classname="egt01" name="egt01_can_handle_n_0_and_outputs_NE_instead_of_infs_and_NAs"/>
    <testcase time="2.056" classname="egt01" name="egt01_can_handle_n_0_and_outputs_NE_instead_of_infs_and_NAs"/>
  </testsuite>
  <testsuite name="egt02" timestamp="2025-02-20T16:33:54Z" hostname="56d5c82bf257" tests="2" skipped="0" failures="0" errors="0" time="0.669">
    <testcase time="0.352000000000004" classname="egt02" name="egt02_1_functions_with_default_argument_value_return_expected_result_with_test_data"/>
    <testcase time="0.316999999999993" classname="egt02" name="egt02_2_functions_with_default_value_return_expected_result_with_test_data"/>
  </testsuite>
  <testsuite name="egt03" timestamp="2025-02-20T16:33:55Z" hostname="56d5c82bf257" tests="5" skipped="0" failures="0" errors="0" time="3.162">
    <testcase time="1.56500000000001" classname="egt03" name="egt03_functions_with_default_argument_value_return_expected_result_with_test_data"/>
    <testcase time="0.0150000000000006" classname="egt03" name="egt03_errors_on_all_NA_values"/>
    <testcase time="0.507000000000005" classname="egt03" name="egt03_can_handle_some_NA_values"/>
    <testcase time="1.06" classname="egt03" name="egt03_can_handle_some_NA_values"/>
    <testcase time="0.0150000000000006" classname="egt03" name="egt03_fails_on_incomplete_data"/>
  </testsuite>
  <testsuite name="egt05_qtcat" timestamp="2025-02-20T16:33:58Z" hostname="56d5c82bf257" tests="4" skipped="0" failures="0" errors="0" time="3.465">
    <testcase time="2.23299999999999" classname="egt05_qtcat" name="egt05_qtcat_functions_with_default_argument_value_return_expected_result_with_test_data"/>
    <testcase time="0.0160000000000053" classname="egt05_qtcat" name="egt05_qtcat_erros_on_all_NA_values"/>
    <testcase time="0.409000000000006" classname="egt05_qtcat" name="egt05_qtcat_can_handle_some_NA_values"/>
    <testcase time="0.806999999999988" classname="egt05_qtcat" name="egt05_qtcat_can_handle_some_NA_values"/>
  </testsuite>
  <testsuite name="empty_report" timestamp="2025-02-20T16:34:02Z" hostname="56d5c82bf257" tests="25" skipped="0" failures="0" errors="0" time="2.812">
    <testcase time="0.106999999999999" classname="empty_report" name="tlg_functions_return_null_reports_when_domain_table_is_empty"/>
    <testcase time="0.472000000000008" classname="empty_report" name="tlg_functions_return_null_reports_when_domain_table_is_empty"/>
    <testcase time="0.173999999999992" classname="empty_report" name="tlg_functions_return_null_reports_when_domain_table_is_empty"/>
    <testcase time="0.100999999999999" classname="empty_report" name="tlg_functions_return_null_reports_when_domain_table_is_empty"/>
    <testcase time="0.0960000000000036" classname="empty_report" name="tlg_functions_return_null_reports_when_domain_table_is_empty"/>
    <testcase time="0.0670000000000073" classname="empty_report" name="tlg_functions_return_null_reports_when_domain_table_is_empty"/>
    <testcase time="0.0919999999999987" classname="empty_report" name="tlg_functions_return_null_reports_when_domain_table_is_empty"/>
    <testcase time="0.140999999999991" classname="empty_report" name="tlg_functions_return_null_reports_when_domain_table_is_empty"/>
    <testcase time="0.159000000000006" classname="empty_report" name="tlg_functions_return_null_reports_when_domain_table_is_empty"/>
    <testcase time="0.0799999999999983" classname="empty_report" name="tlg_functions_return_null_reports_when_domain_table_is_empty"/>
    <testcase time="0.0940000000000083" classname="empty_report" name="tlg_functions_return_null_reports_when_domain_table_is_empty"/>
    <testcase time="0.0509999999999877" classname="empty_report" name="tlg_functions_return_null_reports_when_domain_table_is_empty"/>
    <testcase time="0.0480000000000018" classname="empty_report" name="tlg_functions_return_null_reports_when_domain_table_is_empty"/>
    <testcase time="0.0700000000000074" classname="empty_report" name="tlg_functions_return_null_reports_when_domain_table_is_empty"/>
    <testcase time="0.063999999999993" classname="empty_report" name="tlg_functions_return_null_reports_when_domain_table_is_empty"/>
    <testcase time="0.0750000000000028" classname="empty_report" name="tlg_functions_return_null_reports_when_domain_table_is_empty"/>
    <testcase time="0.0799999999999983" classname="empty_report" name="tlg_functions_return_null_reports_when_domain_table_is_empty"/>
    <testcase time="0.0990000000000038" classname="empty_report" name="tlg_functions_return_null_reports_when_domain_table_is_empty"/>
    <testcase time="0.302999999999997" classname="empty_report" name="tlg_functions_return_null_reports_when_domain_table_is_empty"/>
    <testcase time="0.0889999999999986" classname="empty_report" name="tlg_functions_return_null_reports_when_domain_table_is_empty"/>
    <testcase time="0.0910000000000082" classname="empty_report" name="tlg_functions_return_null_reports_when_domain_table_is_empty"/>
    <testcase time="0.0609999999999928" classname="empty_report" name="tlg_functions_return_null_reports_when_domain_table_is_empty"/>
    <testcase time="0.097999999999999" classname="empty_report" name="tlg_functions_return_null_reports_when_domain_table_is_empty"/>
    <testcase time="0.0499999999999972" classname="empty_report" name="tlg_functions_return_null_reports_when_domain_table_is_empty"/>
    <testcase time="0.0500000000000114" classname="empty_report" name="tlg_functions_return_null_reports_when_domain_table_is_empty"/>
  </testsuite>
  <testsuite name="ext01" timestamp="2025-02-20T16:34:04Z" hostname="56d5c82bf257" tests="10" skipped="0" failures="0" errors="0" time="5.051">
    <testcase time="0.492999999999995" classname="ext01" name="ext01_functions_with_default_argument_value_return_expected_result_with_test_data"/>
    <testcase time="0.536000000000001" classname="ext01" name="ext01_functions_with_categorical_data_return_expected_result_with_test_data"/>
    <testcase time="0.188999999999993" classname="ext01" name="ext01_works"/>
    <testcase time="0.311000000000007" classname="ext01" name="ext01_works"/>
    <testcase time="0.176000000000002" classname="ext01" name="ext01_works"/>
    <testcase time="0.310999999999993" classname="ext01" name="ext01_works"/>
    <testcase time="0.545000000000002" classname="ext01" name="ext01_works_for_selected_parameters_and_categorical_variables"/>
    <testcase time="0.810000000000002" classname="ext01" name="ext01_works_with_custom_mapping_order"/>
    <testcase time="0.813000000000002" classname="ext01" name="ext01_works_with_custom_mapping_order_for_a_single_split"/>
    <testcase time="0.86699999999999" classname="ext01" name="ext01_works_with_custom_mapping_fill_in_value"/>
  </testsuite>
  <testsuite name="fstg01" timestamp="2025-02-20T16:34:09Z" hostname="56d5c82bf257" tests="13" skipped="0" failures="0" errors="0" time="6.657">
    <testcase time="0.0120000000000005" classname="fstg01" name="fstg01_works_as_expected"/>
    <testcase time="1.26600000000001" classname="fstg01" name="fstg01_works_as_expected"/>
    <testcase time="0.00300000000000011" classname="fstg01" name="fstg01_works_as_expected"/>
    <testcase time="1.31" classname="fstg01" name="fstg01_works_as_expected_with_custom_color_set"/>
    <testcase time="0.00300000000000011" classname="fstg01" name="fstg01_works_as_expected_with_custom_color_set"/>
    <testcase time="1.247" classname="fstg01" name="fstg01_works_as_expected_with_custom_color_set"/>
    <testcase time="0.00300000000000011" classname="fstg01" name="fstg01_works_as_expected_with_custom_color_set"/>
    <testcase time="0.644999999999996" classname="fstg01" name="fstg01_works_if_changes_are_in_subgroups_conf_level_and_label_all"/>
    <testcase time="0.00300000000000011" classname="fstg01" name="fstg01_works_if_changes_are_in_subgroups_conf_level_and_label_all"/>
    <testcase time="0.878" classname="fstg01" name="fstg01_works_if_changes_are_in_subgroups_conf_level_and_label_all"/>
    <testcase time="0.00300000000000011" classname="fstg01" name="fstg01_works_if_changes_are_in_subgroups_conf_level_and_label_all"/>
    <testcase time="1.28100000000001" classname="fstg01" name="fstg01_can_handle_some_NA_values_in_subgroups"/>
    <testcase time="0.00300000000000011" classname="fstg01" name="fstg01_can_handle_some_NA_values_in_subgroups"/>
  </testsuite>
  <testsuite name="fstg02" timestamp="2025-02-20T16:34:16Z" hostname="56d5c82bf257" tests="9" skipped="0" failures="0" errors="0" time="8.816">
    <testcase time="0.0120000000000005" classname="fstg02" name="fstg02_works_as_expected"/>
    <testcase time="1.241" classname="fstg02" name="fstg02_works_as_expected"/>
    <testcase time="1.258" classname="fstg02" name="fstg02_works_as_expected_with_custom_color_set"/>
    <testcase time="1.25700000000001" classname="fstg02" name="fstg02_works_as_expected_with_custom_color_set"/>
    <testcase time="0.60799999999999" classname="fstg02" name="fstg02_works_if_changes_are_in_subgroups_strata_var_conf_level_and_label_all"/>
    <testcase time="0.972999999999999" classname="fstg02" name="fstg02_works_if_changes_are_in_subgroups_strata_var_conf_level_and_label_all"/>
    <testcase time="1.14500000000001" classname="fstg02" name="fstg02_can_handle_some_NA_values_in_subgroups"/>
    <testcase time="1.158" classname="fstg02" name="fstg02_can_handle_customized_time_units"/>
    <testcase time="1.164" classname="fstg02" name="fstg02_can_handle_customized_time_units"/>
  </testsuite>
  <testsuite name="kmg01" timestamp="2025-02-20T16:34:25Z" hostname="56d5c82bf257" tests="13" skipped="0" failures="0" errors="0" time="2.094">
    <testcase time="0.0169999999999959" classname="kmg01" name="kmg01_works_as_expected"/>
    <testcase time="0.355000000000004" classname="kmg01" name="kmg01_works_as_expected"/>
    <testcase time="0.00300000000000011" classname="kmg01" name="kmg01_works_as_expected"/>
    <testcase time="0.36099999999999" classname="kmg01" name="kmg01_works_as_expected_with_custom_color_set"/>
    <testcase time="0.00400000000000489" classname="kmg01" name="kmg01_works_as_expected_with_custom_color_set"/>
    <testcase time="0.350999999999999" classname="kmg01" name="kmg01_works_as_expected_with_custom_color_set"/>
    <testcase time="0.00300000000000011" classname="kmg01" name="kmg01_works_as_expected_with_custom_color_set"/>
    <testcase time="0.358000000000004" classname="kmg01" name="kmg01_works_if_change_pvalue_ties_and_conf_level"/>
    <testcase time="0.00300000000000011" classname="kmg01" name="kmg01_works_if_change_pvalue_ties_and_conf_level"/>
    <testcase time="0.382999999999996" classname="kmg01" name="kmg01_works_if_change_annotation_position"/>
    <testcase time="0.00300000000000011" classname="kmg01" name="kmg01_works_if_change_annotation_position"/>
    <testcase time="0.25" classname="kmg01" name="kmg01_works_for_stratified_analysis"/>
    <testcase time="0.00300000000000011" classname="kmg01" name="kmg01_works_for_stratified_analysis"/>
  </testsuite>
  <testsuite name="lbt01" timestamp="2025-02-20T16:34:27Z" hostname="56d5c82bf257" tests="4" skipped="0" failures="0" errors="0" time="9.703">
    <testcase time="3.173" classname="lbt01" name="lbt01_functions_with_default_argument_value_return_expected_result_with_test_data"/>
    <testcase time="3.274" classname="lbt01" name="lbt01_functions_with_row_split_var_return_expected_result_with_test_data"/>
    <testcase time="1.039" classname="lbt01" name="lbt01_can_handle_n_0_and_outputs_NE_instead_of_infs_and_NAs"/>
    <testcase time="2.21699999999998" classname="lbt01" name="lbt01_can_handle_n_0_and_outputs_NE_instead_of_infs_and_NAs"/>
  </testsuite>
  <testsuite name="lbt04" timestamp="2025-02-20T16:34:37Z" hostname="56d5c82bf257" tests="8" skipped="0" failures="0" errors="0" time="3.241">
    <testcase time="1.012" classname="lbt04" name="lbt04_functions_with_default_argument_value_return_expected_result_with_test_data"/>
    <testcase time="0.0949999999999989" classname="lbt04" name="lbt04_can_handle_all_NA_values"/>
    <testcase time="0.070999999999998" classname="lbt04" name="lbt04_can_handle_all_NA_values"/>
    <testcase time="0.316000000000003" classname="lbt04" name="lbt04_can_handle_missing_levels"/>
    <testcase time="0.835000000000008" classname="lbt04" name="lbt04_can_handle_missing_levels"/>
    <testcase time="0.288000000000011" classname="lbt04" name="lbt04_can_handle_some_NA_values"/>
    <testcase time="0.60899999999998" classname="lbt04" name="lbt04_can_handle_some_NA_values"/>
    <testcase time="0.0150000000000148" classname="lbt04" name="lbt04_fails_on_incomlete_data"/>
  </testsuite>
  <testsuite name="lbt05" timestamp="2025-02-20T16:34:40Z" hostname="56d5c82bf257" tests="8" skipped="0" failures="0" errors="0" time="2.572">
    <testcase time="0.658999999999992" classname="lbt05" name="lbt05_functions_with_default_argument_value_return_expected_result_with_test_data"/>
    <testcase time="0.263000000000005" classname="lbt05" name="lbt05_functions_with_default_argument_value_return_expected_result_with_test_data"/>
    <testcase time="0.287999999999982" classname="lbt05" name="lbt05_give_all_0_count_if_ANRIND_are_all_missing"/>
    <testcase time="0.281000000000006" classname="lbt05" name="lbt05_can_handle_some_NA_values"/>
    <testcase time="0.396000000000015" classname="lbt05" name="lbt05_can_handle_some_NA_values"/>
    <testcase time="0.0310000000000059" classname="lbt05" name="lbt05_fails_on_incomlete_data"/>
    <testcase time="0.275999999999982" classname="lbt05" name="lbt05_works_with_missing_levels"/>
    <testcase time="0.378000000000014" classname="lbt05" name="lbt05_works_with_missing_levels"/>
  </testsuite>
  <testsuite name="lbt06" timestamp="2025-02-20T16:34:42Z" hostname="56d5c82bf257" tests="3" skipped="0" failures="0" errors="0" time="3.646">
    <testcase time="0.941000000000003" classname="lbt06" name="lbt06_gives_all_0_count_if_ANRIND_and_BNRIND_are_all_missing"/>
    <testcase time="2.666" classname="lbt06" name="lbt06_can_handle_some_NA_values"/>
    <testcase time="0.0389999999999873" classname="lbt06" name="lbt06_fails_on_incomplete_data"/>
  </testsuite>
  <testsuite name="lbt07" timestamp="2025-02-20T16:34:46Z" hostname="56d5c82bf257" tests="4" skipped="0" failures="0" errors="0" time="1.624">
    <testcase time="0.793000000000006" classname="lbt07" name="lbt07_functions_with_default_argument_value_return_expected_result_with_test_data"/>
    <testcase time="0.376000000000005" classname="lbt07" name="lbt07_can_handle_some_NA_values"/>
    <testcase time="0.423999999999978" classname="lbt07" name="lbt07_can_handle_some_NA_values"/>
    <testcase time="0.0310000000000059" classname="lbt07" name="lbt07_fails_on_incomlete_data"/>
  </testsuite>
  <testsuite name="lbt14" timestamp="2025-02-20T16:34:48Z" hostname="56d5c82bf257" tests="20" skipped="0" failures="0" errors="0" time="7.959">
    <testcase time="0.650000000000006" classname="lbt14" name="lbt14_functions_with_default_argument_value_return_expected_result_with_test_data"/>
    <testcase time="0.492999999999995" classname="lbt14" name="lbt14_functions_with_default_argument_value_return_expected_result_with_test_data_when_direction_high"/>
    <testcase time="0.591000000000008" classname="lbt14" name="lbt14_functions_with_gr_missing_excl_return_expected_result_with_test_data"/>
    <testcase time="0.590000000000003" classname="lbt14" name="lbt14_functions_with_gr_missing_gr_0_return_expected_result_with_test_data"/>
    <testcase time="0.37299999999999" classname="lbt14" name="lbt14_can_handle_all_NA_values"/>
    <testcase time="0.134000000000015" classname="lbt14" name="lbt14_can_handle_all_NA_values"/>
    <testcase time="0.411999999999978" classname="lbt14" name="lbt14_can_handle_some_NA_values"/>
    <testcase time="0.323000000000008" classname="lbt14" name="lbt14_can_handle_some_NA_values"/>
    <testcase time="1.339" classname="lbt14" name="lbt14_can_accept_different_gr_missing"/>
    <testcase time="0.262" classname="lbt14" name="lbt14_can_accept_different_gr_missing"/>
    <testcase time="0.27000000000001" classname="lbt14" name="lbt14_can_accept_different_gr_missing"/>
    <testcase time="0.0169999999999959" classname="lbt14" name="lbt14_fails_on_incomlete_data"/>
    <testcase time="0.385999999999996" classname="lbt14" name="lbt14_can_handle_all_NA_values_with_direction_high"/>
    <testcase time="0.140999999999991" classname="lbt14" name="lbt14_can_handle_all_NA_values_with_direction_high"/>
    <testcase time="0.378000000000014" classname="lbt14" name="lbt14_can_handle_some_NA_values_with_direction_high"/>
    <testcase time="0.183999999999997" classname="lbt14" name="lbt14_can_handle_some_NA_values_with_direction_high"/>
    <testcase time="1.114" classname="lbt14" name="lbt14_can_accept_different_gr_missing_with_direction_high"/>
    <testcase time="0.141999999999996" classname="lbt14" name="lbt14_can_accept_different_gr_missing_with_direction_high"/>
    <testcase time="0.143000000000001" classname="lbt14" name="lbt14_can_accept_different_gr_missing_with_direction_high"/>
    <testcase time="0.0169999999999959" classname="lbt14" name="lbt14_fails_on_incomlete_data"/>
  </testsuite>
  <testsuite name="lbt15" timestamp="2025-02-20T16:34:56Z" hostname="56d5c82bf257" tests="12" skipped="0" failures="0" errors="0" time="5.743">
    <testcase time="1.19200000000001" classname="lbt15" name="lbt15_functions_with_default_argument_value_return_expected_result_with_test_data"/>
    <testcase time="0.287000000000006" classname="lbt15" name="lbt15_can_handle_all_NA_values"/>
    <testcase time="0.609999999999985" classname="lbt15" name="lbt15_can_handle_all_NA_values"/>
    <testcase time="0.284999999999997" classname="lbt15" name="lbt15_can_handle_missing_levels"/>
    <testcase time="0.610000000000014" classname="lbt15" name="lbt15_can_handle_missing_levels"/>
    <testcase time="0.286999999999978" classname="lbt15" name="lbt15_can_handle_missing_levels_in_baseline"/>
    <testcase time="0.614000000000004" classname="lbt15" name="lbt15_can_handle_missing_levels_in_baseline"/>
    <testcase time="0.300000000000011" classname="lbt15" name="lbt15_can_handle_some_NA_values"/>
    <testcase time="0.617999999999995" classname="lbt15" name="lbt15_can_handle_some_NA_values"/>
    <testcase time="0.296999999999997" classname="lbt15" name="lbt15_can_handle_some_NA_values_in_baseline"/>
    <testcase time="0.626000000000005" classname="lbt15" name="lbt15_can_handle_some_NA_values_in_baseline"/>
    <testcase time="0.0169999999999959" classname="lbt15" name="lbt15_fails_on_incomlete_data"/>
  </testsuite>
  <testsuite name="mht01" timestamp="2025-02-20T16:35:01Z" hostname="56d5c82bf257" tests="4" skipped="0" failures="0" errors="0" time="3.08">
    <testcase time="0.629000000000019" classname="mht01" name="mht01_functions_with_default_argument_value_return_expected_result_with_test_data"/>
    <testcase time="0.635999999999996" classname="mht01" name="mht01_works"/>
    <testcase time="0.632999999999981" classname="mht01" name="mht01_works_on_NULL_in_lbl_mhbodsys_or_lbl_mhdecod"/>
    <testcase time="1.18200000000002" classname="mht01" name="mht01_works_with_other_row_split_var"/>
  </testsuite>
  <testsuite name="mng01" timestamp="2025-02-20T16:35:05Z" hostname="56d5c82bf257" tests="19" skipped="8" failures="0" errors="0" time="8.732">
    <testcase time="0.891999999999996" classname="mng01" name="mng01_works_as_expected_with_default_argument_values"/>
    <testcase time="0.00100000000000477" classname="mng01" name="mng01_works_as_expected_with_default_argument_values">
      <skipped message="Reason: On CI ('test-mng01.R:9:5')"/>
    </testcase>
    <testcase time="0.984999999999985" classname="mng01" name="mng01_works_as_expected_with_custom_argument_values"/>
    <testcase time="0.0120000000000005" classname="mng01" name="mng01_works_as_expected_with_custom_argument_values"/>
    <testcase time="0.00100000000000477" classname="mng01" name="mng01_works_as_expected_with_custom_argument_values">
      <skipped message="Reason: On CI ('test-mng01.R:45:5')"/>
    </testcase>
    <testcase time="0.942000000000007" classname="mng01" name="mng01_works_as_expected_with_custom_color_set"/>
    <testcase time="0.917000000000002" classname="mng01" name="mng01_works_as_expected_with_custom_color_set"/>
    <testcase time="0.00100000000000477" classname="mng01" name="mng01_works_as_expected_with_custom_color_set">
      <skipped message="Reason: On CI ('test-mng01.R:69:5')"/>
    </testcase>
    <testcase time="0.962999999999994" classname="mng01" name="mng01_works_as_expected_with_custom_line_type_set"/>
    <testcase time="0.959000000000003" classname="mng01" name="mng01_works_as_expected_with_custom_line_type_set"/>
    <testcase time="0.00100000000000477" classname="mng01" name="mng01_works_as_expected_with_custom_line_type_set">
      <skipped message="Reason: On CI ('test-mng01.R:91:5')"/>
    </testcase>
    <testcase time="0.154999999999973" classname="mng01" name="mng01_works_with_table_NULL"/>
    <testcase time="0.00200000000000955" classname="mng01" name="mng01_works_with_table_NULL">
      <skipped message="Reason: On CI ('test-mng01.R:104:5')"/>
    </testcase>
    <testcase time="0.966000000000008" classname="mng01" name="mng01_works_with_combination_of_x_variables"/>
    <testcase time="0.00100000000000477" classname="mng01" name="mng01_works_with_combination_of_x_variables">
      <skipped message="Reason: On CI ('test-mng01.R:122:5')"/>
    </testcase>
    <testcase time="0.920999999999992" classname="mng01" name="mng01_works_with_numeric_x_variable"/>
    <testcase time="0.00200000000000955" classname="mng01" name="mng01_works_with_numeric_x_variable">
      <skipped message="Reason: On CI ('test-mng01.R:143:5')"/>
    </testcase>
    <testcase time="1.00999999999999" classname="mng01" name="mng01_works_with_numeric_jitter"/>
    <testcase time="0.00100000000000477" classname="mng01" name="mng01_works_with_numeric_jitter">
      <skipped message="Reason: On CI ('test-mng01.R:161:5')"/>
    </testcase>
  </testsuite>
  <testsuite name="pdt01" timestamp="2025-02-20T16:35:13Z" hostname="56d5c82bf257" tests="5" skipped="0" failures="0" errors="0" time="1.249">
    <testcase time="0.481999999999999" classname="pdt01" name="pdt01_function_with_default_argument_value_return_expected_result_with_test_data"/>
    <testcase time="0.119" classname="pdt01" name="pdt01_can_handle_all_NA_values"/>
    <testcase time="0.165999999999997" classname="pdt01" name="pdt01_can_handle_all_NA_values"/>
    <testcase time="0.209000000000003" classname="pdt01" name="pdt01_can_handle_some_NA_values"/>
    <testcase time="0.272999999999996" classname="pdt01" name="pdt01_can_handle_some_NA_values"/>
  </testsuite>
  <testsuite name="pdt02" timestamp="2025-02-20T16:35:15Z" hostname="56d5c82bf257" tests="5" skipped="0" failures="0" errors="0" time="1.028">
    <testcase time="0.336000000000013" classname="pdt02" name="pdt02_function_with_default_argument_value_return_expected_result_with_test_data"/>
    <testcase time="0.144999999999982" classname="pdt02" name="pdt02_can_handle_all_NA_values"/>
    <testcase time="0.207999999999998" classname="pdt02" name="pdt02_can_handle_all_NA_values"/>
    <testcase time="0.144000000000005" classname="pdt02" name="pdt02_can_handle_some_NA_values"/>
    <testcase time="0.194999999999993" classname="pdt02" name="pdt02_can_handle_some_NA_values"/>
  </testsuite>
  <testsuite name="reexports" timestamp="2025-02-20T16:35:16Z" hostname="56d5c82bf257" tests="2" skipped="0" failures="0" errors="0" time="0.014">
    <testcase time="0.00900000000001455" classname="reexports" name="with_label_exported_correctly"/>
    <testcase time="0.00499999999999545" classname="reexports" name="reformat_exported_correctly"/>
  </testsuite>
  <testsuite name="report_null" timestamp="2025-02-20T16:35:16Z" hostname="56d5c82bf257" tests="12" skipped="0" failures="0" errors="0" time="0.174">
    <testcase time="0.0159999999999911" classname="report_null" name="report_null_works_as_expected_with_NULL_"/>
    <testcase time="0.0100000000000193" classname="report_null" name="report_null_works_as_expected_with_NULL_"/>
    <testcase time="0.0309999999999775" classname="report_null" name="report_null_works_as_expected_with_VTableTree_"/>
    <testcase time="0.0349999999999966" classname="report_null" name="report_null_works_as_expected_with_VTableTree_"/>
    <testcase time="0.01400000000001" classname="report_null" name="report_null_works_as_expected_with_VTableTree_"/>
    <testcase time="0.00999999999999091" classname="report_null" name="report_null_works_as_expected_with_listing_df_"/>
    <testcase time="0.0120000000000005" classname="report_null" name="report_null_works_as_expected_with_listing_df_"/>
    <testcase time="0.0100000000000193" classname="report_null" name="report_null_works_as_expected_with_listing_df_"/>
    <testcase time="0.00799999999998136" classname="report_null" name="report_null_works_as_expected_with_list_"/>
    <testcase time="0.0200000000000102" classname="report_null" name="report_null_works_as_expected_with_list_"/>
    <testcase time="0.00499999999999545" classname="report_null" name="report_null_works_as_expected_with_by_default"/>
    <testcase time="0.00300000000001432" classname="report_null" name="report_null_works_as_expected_with_by_default"/>
  </testsuite>
  <testsuite name="rmpt01" timestamp="2025-02-20T16:35:16Z" hostname="56d5c82bf257" tests="11" skipped="0" failures="0" errors="0" time="1.531">
    <testcase time="0.400999999999982" classname="rmpt01" name="rmpt01_function_with_default_argument_value_return_expected_result_with_test_data"/>
    <testcase time="0.061000000000007" classname="rmpt01" name="rmpt01_can_handle_NA_values"/>
    <testcase time="0.12700000000001" classname="rmpt01" name="rmpt01_can_handle_NA_values"/>
    <testcase time="0.120999999999981" classname="rmpt01" name="rmpt01_can_handle_NA_values"/>
    <testcase time="0.227000000000004" classname="rmpt01" name="rmpt01_can_handle_NA_values"/>
    <testcase time="0.0630000000000166" classname="rmpt01" name="rmpt01_can_handle_some_NA_values"/>
    <testcase time="0.126999999999981" classname="rmpt01" name="rmpt01_can_handle_some_NA_values"/>
    <testcase time="0.117000000000019" classname="rmpt01" name="rmpt01_can_handle_some_NA_values"/>
    <testcase time="0.22999999999999" classname="rmpt01" name="rmpt01_can_handle_some_NA_values"/>
    <testcase time="0.0300000000000011" classname="rmpt01" name="rmpt01_fails_on_incomlete_data"/>
    <testcase time="0.0269999999999868" classname="rmpt01" name="rmpt01_fails_on_incomlete_data"/>
  </testsuite>
  <testsuite name="rmpt03" timestamp="2025-02-20T16:35:17Z" hostname="56d5c82bf257" tests="12" skipped="0" failures="0" errors="0" time="1.951">
    <testcase time="0.317000000000007" classname="rmpt03" name="rmpt03_function_with_default_argument_value_return_expected_result_with_test_data"/>
    <testcase time="0.105999999999995" classname="rmpt03" name="rmpt03_can_handle_NA_values"/>
    <testcase time="0.205000000000013" classname="rmpt03" name="rmpt03_can_handle_NA_values"/>
    <testcase time="0.176999999999992" classname="rmpt03" name="rmpt03_can_handle_NA_values"/>
    <testcase time="0.278999999999996" classname="rmpt03" name="rmpt03_can_handle_NA_values"/>
    <testcase time="0.111000000000018" classname="rmpt03" name="rmpt03_can_handle_some_NA_values"/>
    <testcase time="0.206999999999994" classname="rmpt03" name="rmpt03_can_handle_some_NA_values"/>
    <testcase time="0.177999999999997" classname="rmpt03" name="rmpt03_can_handle_some_NA_values"/>
    <testcase time="0.294000000000011" classname="rmpt03" name="rmpt03_can_handle_some_NA_values"/>
    <testcase time="0.0339999999999918" classname="rmpt03" name="rmpt03_fails_on_incomlete_data"/>
    <testcase time="0.0269999999999868" classname="rmpt03" name="rmpt03_fails_on_incomlete_data"/>
    <testcase time="0.0160000000000196" classname="rmpt03" name="rmpt03_fails_on_incomlete_data"/>
  </testsuite>
  <testsuite name="rmpt04" timestamp="2025-02-20T16:35:19Z" hostname="56d5c82bf257" tests="10" skipped="0" failures="0" errors="0" time="0.96">
    <testcase time="0.183999999999997" classname="rmpt04" name="rmpt04_function_with_default_argument_value_return_expected_result_with_test_data"/>
    <testcase time="0.0559999999999832" classname="rmpt04" name="rmpt04_can_handle_NA_values"/>
    <testcase time="0.121000000000009" classname="rmpt04" name="rmpt04_can_handle_NA_values"/>
    <testcase time="0.0519999999999925" classname="rmpt04" name="rmpt04_can_handle_NA_values"/>
    <testcase time="0.122000000000014" classname="rmpt04" name="rmpt04_can_handle_NA_values"/>
    <testcase time="0.0579999999999927" classname="rmpt04" name="rmpt04_can_handle_some_NA_values"/>
    <testcase time="0.120000000000005" classname="rmpt04" name="rmpt04_can_handle_some_NA_values"/>
    <testcase time="0.0619999999999834" classname="rmpt04" name="rmpt04_can_handle_some_NA_values"/>
    <testcase time="0.124000000000024" classname="rmpt04" name="rmpt04_can_handle_some_NA_values"/>
    <testcase time="0.0609999999999786" classname="rmpt04" name="rmpt04_fails_on_incomlete_data"/>
  </testsuite>
  <testsuite name="rmpt05" timestamp="2025-02-20T16:35:20Z" hostname="56d5c82bf257" tests="10" skipped="0" failures="0" errors="0" time="1.021">
    <testcase time="0.191000000000003" classname="rmpt05" name="rmpt05_function_with_default_argument_value_return_expected_result_with_test_data"/>
    <testcase time="0.0649999999999977" classname="rmpt05" name="rmpt05_can_handle_NA_values"/>
    <testcase time="0.123000000000019" classname="rmpt05" name="rmpt05_can_handle_NA_values"/>
    <testcase time="0.0619999999999834" classname="rmpt05" name="rmpt05_can_handle_NA_values"/>
    <testcase time="0.131" classname="rmpt05" name="rmpt05_can_handle_NA_values"/>
    <testcase time="0.0600000000000023" classname="rmpt05" name="rmpt05_can_handle_some_NA_values"/>
    <testcase time="0.129000000000019" classname="rmpt05" name="rmpt05_can_handle_some_NA_values"/>
    <testcase time="0.0599999999999739" classname="rmpt05" name="rmpt05_can_handle_some_NA_values"/>
    <testcase time="0.138000000000005" classname="rmpt05" name="rmpt05_can_handle_some_NA_values"/>
    <testcase time="0.0620000000000118" classname="rmpt05" name="rmpt05_fails_on_incomlete_data"/>
  </testsuite>
  <testsuite name="rmpt06" timestamp="2025-02-20T16:35:21Z" hostname="56d5c82bf257" tests="6" skipped="0" failures="0" errors="0" time="1.993">
    <testcase time="0.538999999999987" classname="rmpt06" name="rmpt06_works_as_expected"/>
    <testcase time="0.588000000000022" classname="rmpt06" name="rmpt06_works_as_expected_with_show_diff_TRUE"/>
    <testcase time="0.220999999999975" classname="rmpt06" name="rmpt06_can_handle_all_NA_values"/>
    <testcase time="0.285000000000025" classname="rmpt06" name="rmpt06_can_handle_all_NA_values"/>
    <testcase time="0.219999999999999" classname="rmpt06" name="rmpt06_can_handle_all_NA_values"/>
    <testcase time="0.140000000000015" classname="rmpt06" name="rmpt06_can_handle_all_NA_values"/>
  </testsuite>
  <testsuite name="rspt01" timestamp="2025-02-20T16:35:23Z" hostname="56d5c82bf257" tests="27" skipped="0" failures="0" errors="0" time="7.446">
    <testcase time="0.0159999999999911" classname="rspt01" name="rspt01_works_as_expected"/>
    <testcase time="0.296999999999997" classname="rspt01" name="rspt01_works_as_expected"/>
    <testcase time="0.25200000000001" classname="rspt01" name="rspt01_works_as_expected"/>
    <testcase time="0.292000000000002" classname="rspt01" name="rspt01_works_as_expected_for_stratified_and_unstratified_analysis"/>
    <testcase time="0.276999999999987" classname="rspt01" name="rspt01_works_as_expected_for_stratified_and_unstratified_analysis"/>
    <testcase time="0.338999999999999" classname="rspt01" name="rspt01_works_as_expected_for_stratified_and_unstratified_analysis"/>
    <testcase time="0.314000000000021" classname="rspt01" name="rspt01_works_as_expected_for_stratified_and_unstratified_analysis"/>
    <testcase time="0.245999999999981" classname="rspt01" name="rspt01_works_as_expected_for_unstratified_analysis_only"/>
    <testcase time="0.242000000000019" classname="rspt01" name="rspt01_works_as_expected_for_unstratified_analysis_only"/>
    <testcase time="0.275999999999982" classname="rspt01" name="rspt01_works_as_expected_for_unstratified_analysis_only"/>
    <testcase time="0.254999999999995" classname="rspt01" name="rspt01_works_as_expected_for_unstratified_analysis_only"/>
    <testcase time="0.253000000000014" classname="rspt01" name="rspt01_works_as_expected_for_stratified_analysis_only"/>
    <testcase time="0.238" classname="rspt01" name="rspt01_works_as_expected_for_stratified_analysis_only"/>
    <testcase time="0.270999999999987" classname="rspt01" name="rspt01_works_as_expected_for_stratified_analysis_only"/>
    <testcase time="0.257000000000005" classname="rspt01" name="rspt01_works_as_expected_for_stratified_analysis_only"/>
    <testcase time="0.27600000000001" classname="rspt01" name="rspt01_works_if_change_reference_group"/>
    <testcase time="0.256" classname="rspt01" name="rspt01_works_if_change_reference_group"/>
    <testcase time="0.350999999999999" classname="rspt01" name="rspt01_works_if_change_reference_group"/>
    <testcase time="0.310000000000002" classname="rspt01" name="rspt01_works_if_change_reference_group"/>
    <testcase time="0.280000000000001" classname="rspt01" name="rspt01_works_if_change_statistic_methods"/>
    <testcase time="0.252999999999986" classname="rspt01" name="rspt01_works_if_change_statistic_methods"/>
    <testcase time="0.355000000000018" classname="rspt01" name="rspt01_works_if_change_statistic_methods"/>
    <testcase time="0.330999999999989" classname="rspt01" name="rspt01_works_if_change_statistic_methods"/>
    <testcase time="0.283000000000015" classname="rspt01" name="rspt01_works_if_change_confidence_interval"/>
    <testcase time="0.262" classname="rspt01" name="rspt01_works_if_change_confidence_interval"/>
    <testcase time="0.355999999999995" classname="rspt01" name="rspt01_works_if_change_confidence_interval"/>
    <testcase time="0.307999999999993" classname="rspt01" name="rspt01_works_if_change_confidence_interval"/>
  </testsuite>
  <testsuite name="ttet01" timestamp="2025-02-20T16:35:31Z" hostname="56d5c82bf257" tests="16" skipped="0" failures="0" errors="0" time="5.601">
    <testcase time="0.0169999999999959" classname="ttet01" name="ttet01_works_as_expected"/>
    <testcase time="0.438999999999993" classname="ttet01" name="ttet01_works_as_expected"/>
    <testcase time="0.509000000000015" classname="ttet01" name="ttet01_works_as_expected"/>
    <testcase time="0.0209999999999866" classname="ttet01" name="ttet01_returns_an_error_when_one_level_or_arm_var_is_empty"/>
    <testcase time="0.336000000000013" classname="ttet01" name="ttet01_works_as_expected_for_stratified_and_unstratified_analysis"/>
    <testcase time="0.353999999999985" classname="ttet01" name="ttet01_works_as_expected_for_stratified_and_unstratified_analysis"/>
    <testcase time="0.431000000000012" classname="ttet01" name="ttet01_works_as_expected_for_stratified_and_unstratified_analysis"/>
    <testcase time="0.447000000000003" classname="ttet01" name="ttet01_works_as_expected_for_stratified_and_unstratified_analysis"/>
    <testcase time="0.337999999999994" classname="ttet01" name="ttet01_works_as_expected_for_stratified_analysis_only"/>
    <testcase time="0.563999999999993" classname="ttet01" name="ttet01_works_as_expected_for_stratified_analysis_only"/>
    <testcase time="0.379000000000019" classname="ttet01" name="ttet01_works_as_expected_for_stratified_analysis_only"/>
    <testcase time="0.356999999999999" classname="ttet01" name="ttet01_works_as_expected_for_stratified_analysis_only"/>
    <testcase time="0.302999999999997" classname="ttet01" name="ttet01_works_if_change_reference_group"/>
    <testcase time="0.320999999999998" classname="ttet01" name="ttet01_works_if_change_reference_group"/>
    <testcase time="0.384999999999991" classname="ttet01" name="ttet01_works_if_change_reference_group"/>
    <testcase time="0.400000000000006" classname="ttet01" name="ttet01_works_if_change_reference_group"/>
  </testsuite>
  <testsuite name="unwrap" timestamp="2025-02-20T16:35:36Z" hostname="56d5c82bf257" tests="12" skipped="0" failures="0" errors="0" time="0.152">
    <testcase time="0.0130000000000052" classname="unwrap" name="unwrap_layout_works_as_expected_with_standard_chevron_t_main_function"/>
    <testcase time="0.00100000000000477" classname="unwrap" name="unwrap_layout_works_as_expected_with_standard_chevron_t_main_function"/>
    <testcase time="0.000999999999976353" classname="unwrap" name="unwrap_layout_works_as_expected_with_standard_chevron_t_main_function"/>
    <testcase time="0.0240000000000009" classname="unwrap" name="unwrap_layout_works_as_expected_with_standard_chevron_t_main_function"/>
    <testcase time="0.0120000000000005" classname="unwrap" name="unwrap_layout_works_as_expected_with_standard_chevron_g_main_function"/>
    <testcase time="0.00600000000000023" classname="unwrap" name="unwrap_layout_works_as_expected_with_standard_chevron_l_main_function"/>
    <testcase time="0.007000000000005" classname="unwrap" name="unwrap_layout_works_as_expected_with_a_custom_function_without_layout_function"/>
    <testcase time="0.02800000000002" classname="unwrap" name="unwrap_layout_works_as_expected_with_a_custom_function_with_layout_function"/>
    <testcase time="0.00199999999998113" classname="unwrap" name="unwrap_layout_works_as_expected_with_a_custom_function_with_layout_function"/>
    <testcase time="0.0289999999999964" classname="unwrap" name="unwrap_layout_works_as_expected_with_multiple_layout_function"/>
    <testcase time="0.02800000000002" classname="unwrap" name="unwrap_layout_works_as_expected_on_custom_function_with_overwritten_layout_function"/>
    <testcase time="0.000999999999976353" classname="unwrap" name="unwrap_layout_works_as_expected_on_custom_function_with_overwritten_layout_function"/>
  </testsuite>
  <testsuite name="utils" timestamp="2025-02-20T16:35:36Z" hostname="56d5c82bf257" tests="81" skipped="0" failures="0" errors="0" time="2.298">
    <testcase time="0.00900000000001455" classname="utils" name="h_format_dec_works_as_exected"/>
    <testcase time="0.00200000000000955" classname="utils" name="h_format_dec_works_as_exected"/>
    <testcase time="0.00199999999998113" classname="utils" name="h_format_dec_works_as_exected"/>
    <testcase time="0.00200000000000955" classname="utils" name="h_format_dec_works_as_exected"/>
    <testcase time="0.00200000000000955" classname="utils" name="h_format_dec_works_as_exected"/>
    <testcase time="0.00199999999998113" classname="utils" name="h_format_dec_works_as_exected"/>
    <testcase time="0.00200000000000955" classname="utils" name="h_format_dec_works_as_exected"/>
    <testcase time="0.00200000000000955" classname="utils" name="h_format_dec_works_as_exected"/>
    <testcase time="0.00199999999998113" classname="utils" name="h_format_dec_works_as_exected"/>
    <testcase time="0.00300000000001432" classname="utils" name="h_format_dec_works_as_exected"/>
    <testcase time="0.00100000000000477" classname="utils" name="h_format_dec_works_as_exected"/>
    <testcase time="0.0029999999999859" classname="utils" name="h_format_dec_works_as_exected"/>
    <testcase time="0.00499999999999545" classname="utils" name="h_format_dec_works_as_expected_with_more_than_one_value"/>
    <testcase time="0.00300000000001432" classname="utils" name="h_format_dec_works_as_expected_with_more_than_one_value"/>
    <testcase time="0.00600000000000023" classname="utils" name="h_format_dec_works_as_expected_with_NA_digits"/>
    <testcase time="0.00499999999999545" classname="utils" name="fuse_sequentially_works"/>
    <testcase time="0.0029999999999859" classname="utils" name="fuse_sequentially_works"/>
    <testcase time="0.0110000000000241" classname="utils" name="ifneeded_split_row_works_as_expected"/>
    <testcase time="0.00600000000000023" classname="utils" name="ifneeded_split_row_works_as_expected"/>
    <testcase time="0.0769999999999982" classname="utils" name="_unnamed_"/>
    <testcase time="0.063999999999993" classname="utils" name="_unnamed_"/>
    <testcase time="0.063999999999993" classname="utils" name="_unnamed_"/>
    <testcase time="0.046999999999997" classname="utils" name="_unnamed_"/>
    <testcase time="0.00300000000001432" classname="utils" name="droplevels.character_works_as_expected"/>
    <testcase time="0.0029999999999859" classname="utils" name="droplevels.character_works_as_expected"/>
    <testcase time="0.0040000000000191" classname="utils" name="lvls.character_works_as_expected"/>
    <testcase time="0.00200000000000955" classname="utils" name="lvls.character_works_as_expected"/>
    <testcase time="0.00499999999999545" classname="utils" name="lvls.factor_works_as_expected"/>
    <testcase time="0.00200000000000955" classname="utils" name="lvls.factor_works_as_expected"/>
    <testcase time="0.00499999999999545" classname="utils" name="lvls.default_works_as_expected"/>
    <testcase time="0.00300000000001432" classname="utils" name="lvls.default_works_as_expected"/>
    <testcase time="0.00399999999999068" classname="utils" name="quote_str_works_as_expected"/>
    <testcase time="0.0029999999999859" classname="utils" name="quote_str_works_as_expected"/>
    <testcase time="0.0040000000000191" classname="utils" name="quote_str_works_as_expected"/>
    <testcase time="0.0040000000000191" classname="utils" name="modify_default_args_works_as_expected"/>
    <testcase time="0.0029999999999859" classname="utils" name="modify_default_args_works_as_expected"/>
    <testcase time="0.00499999999999545" classname="utils" name="execute_with_args_works_as_expected"/>
    <testcase time="0.00200000000000955" classname="utils" name="execute_with_args_works_as_expected"/>
    <testcase time="0.00200000000000955" classname="utils" name="execute_with_args_works_as_expected"/>
    <testcase time="0.0029999999999859" classname="utils" name="execute_with_args_works_as_expected"/>
    <testcase time="0.00100000000000477" classname="utils" name="execute_with_args_works_as_expected"/>
    <testcase time="0.00300000000001432" classname="utils" name="execute_with_args_works_as_expected"/>
    <testcase time="0.00199999999998113" classname="utils" name="execute_with_args_works_as_expected"/>
    <testcase time="0.00200000000000955" classname="utils" name="execute_with_args_works_as_expected"/>
    <testcase time="0.00200000000000955" classname="utils" name="execute_with_args_works_as_expected"/>
    <testcase time="0.0029999999999859" classname="utils" name="execute_with_args_works_as_expected"/>
    <testcase time="0.00100000000000477" classname="utils" name="execute_with_args_works_as_expected"/>
    <testcase time="0.0029999999999859" classname="utils" name="execute_with_args_works_as_expected"/>
    <testcase time="0.0100000000000193" classname="utils" name="do_call_work_as_expected"/>
    <testcase time="0.00199999999998113" classname="utils" name="do_call_work_as_expected"/>
    <testcase time="0.00800000000000978" classname="utils" name="do_call_errors_as_expected"/>
    <testcase time="0.00499999999999545" classname="utils" name="do_call_errors_as_expected"/>
    <testcase time="0.00499999999999545" classname="utils" name="convert_to_month_work_as_expected"/>
    <testcase time="0.00300000000001432" classname="utils" name="convert_to_month_work_as_expected"/>
    <testcase time="0.00200000000000955" classname="utils" name="convert_to_month_work_as_expected"/>
    <testcase time="0.0029999999999859" classname="utils" name="convert_to_month_work_as_expected"/>
    <testcase time="0.00200000000000955" classname="utils" name="convert_to_month_work_as_expected"/>
    <testcase time="0.0029999999999859" classname="utils" name="convert_to_month_work_as_expected"/>
    <testcase time="0.00800000000000978" classname="utils" name="convert_to_month_warning_messages_as_expected"/>
    <testcase time="0.00999999999999091" classname="utils" name="gg_theme_chevron_works_as_expected"/>
    <testcase time="0.00100000000000477" classname="utils" name="gg_theme_chevron_works_as_expected"/>
    <testcase time="0.00200000000000955" classname="utils" name="gg_theme_chevron_works_as_expected"/>
    <testcase time="0.00399999999999068" classname="utils" name="gg_theme_chevron_works_as_expected"/>
    <testcase time="0.00200000000000955" classname="utils" name="gg_theme_chevron_works_as_expected"/>
    <testcase time="0.00100000000000477" classname="utils" name="gg_theme_chevron_works_as_expected"/>
    <testcase time="0.00600000000000023" classname="utils" name="modify_character_works"/>
    <testcase time="0.0029999999999859" classname="utils" name="modify_character_works"/>
    <testcase time="0.00600000000000023" classname="utils" name="expand_list_works"/>
    <testcase time="0.0029999999999859" classname="utils" name="expand_list_works"/>
    <testcase time="0.00500000000002387" classname="utils" name="set_section_div_works"/>
    <testcase time="0.00499999999999545" classname="utils" name="set_section_div_works"/>
    <testcase time="0.00399999999999068" classname="utils" name="set_section_div_works"/>
    <testcase time="0.00300000000001432" classname="utils" name="set_section_div_works"/>
    <testcase time="0.00600000000000023" classname="utils" name="get_section_div_works"/>
    <testcase time="0.0029999999999859" classname="utils" name="get_section_div_works"/>
    <testcase time="0.894000000000005" classname="utils" name="grob_list_is_deprecated"/>
    <testcase time="0.871999999999986" classname="utils" name="gg_list_is_deprecated"/>
    <testcase time="0.007000000000005" classname="utils" name="format_date_works_as_expected_for_POSIXct"/>
    <testcase time="0.0040000000000191" classname="utils" name="format_date_works_as_expected_for_POSIXct"/>
    <testcase time="0.00600000000000023" classname="utils" name="format_date_works_as_expected_for_Date"/>
    <testcase time="0.0029999999999859" classname="utils" name="format_date_works_as_expected_for_Date"/>
  </testsuite>
  <testsuite name="vst01" timestamp="2025-02-20T16:35:39Z" hostname="56d5c82bf257" tests="3" skipped="0" failures="0" errors="0" time="4.546">
    <testcase time="2.28200000000001" classname="vst01" name="vst01_functions_with_default_argument_value_return_expected_result_with_test_data"/>
    <testcase time="0.751999999999981" classname="vst01" name="run_vst01_works_as_expected"/>
    <testcase time="1.512" classname="vst01" name="run_vst01_works_as_expected"/>
  </testsuite>
  <testsuite name="vst02" timestamp="2025-02-20T16:35:43Z" hostname="56d5c82bf257" tests="2" skipped="0" failures="0" errors="0" time="0.937">
    <testcase time="0.467000000000013" classname="vst02" name="vst02_functions_with_default_argument_value_return_expected_result_with_test_data"/>
    <testcase time="0.469999999999999" classname="vst02" name="vst02_functions_return_expected_result_with_test_data_when_excluding_subject_with_baseline_abnormality"/>
  </testsuite>
</testsuites>
