<?xml version="1.0" encoding="UTF-8"?>
<testsuites>
  <testsuite name="ael01_nollt" timestamp="2023-06-05T02:52:21Z" hostname="ab8c1a8c3eb3" tests="8" skipped="4" failures="0" errors="0" time="2.446">
    <testcase time="1.349" classname="ael01_nollt" name="ael01_nollt_works_with_admh_dataset"/>
    <testcase time="0.380999999999999" classname="ael01_nollt" name="ael01_nollt_works_with_admh_dataset">
      <skipped message="Reason: On CRAN ('test-ael01_nollt.R:7:3')"/>
    </testcase>
    <testcase time="0.0850000000000009" classname="ael01_nollt" name="ael01_nollt_works_with_non_default_label"/>
    <testcase time="0.244999999999999" classname="ael01_nollt" name="ael01_nollt_works_with_non_default_label">
      <skipped message="Reason: On CRAN ('test-ael01_nollt.R:20:3')"/>
    </testcase>
    <testcase time="0.0840000000000005" classname="ael01_nollt" name="ael01_nollt_can_handle_all_missing_values"/>
    <testcase time="0.0859999999999994" classname="ael01_nollt" name="ael01_nollt_can_handle_all_missing_values">
      <skipped message="Reason: On CRAN ('test-ael01_nollt.R:33:3')"/>
    </testcase>
    <testcase time="0.048" classname="ael01_nollt" name="ael01_nollt_can_handle_some_missing_values"/>
    <testcase time="0.168" classname="ael01_nollt" name="ael01_nollt_can_handle_some_missing_values">
      <skipped message="Reason: On CRAN ('test-ael01_nollt.R:48:3')"/>
    </testcase>
  </testsuite>
  <testsuite name="aet01" timestamp="2023-06-05T02:52:24Z" hostname="ab8c1a8c3eb3" tests="9" skipped="4" failures="0" errors="0" time="3.924">
    <testcase time="0.772" classname="aet01" name="aet01_can_handle_all_NA_values"/>
    <testcase time="0.443" classname="aet01" name="aet01_can_handle_all_NA_values">
      <skipped message="Reason: On CRAN ('test-aet01.R:12:3')"/>
    </testcase>
    <testcase time="0.510000000000001" classname="aet01" name="aet01_can_handle_some_NA_values"/>
    <testcase time="0.427999999999999" classname="aet01" name="aet01_can_handle_some_NA_values">
      <skipped message="Reason: On CRAN ('test-aet01.R:29:3')"/>
    </testcase>
    <testcase time="0.363000000000001" classname="aet01" name="aet01_can_use_custom_anl_vars"/>
    <testcase time="0.247" classname="aet01" name="aet01_can_use_custom_anl_vars">
      <skipped message="Reason: On CRAN ('test-aet01.R:35:3')"/>
    </testcase>
    <testcase time="0.144" classname="aet01" name="aet01_fails_on_incomplete_data_input"/>
    <testcase time="0.533999999999999" classname="aet01" name="aet01_can_use_custom_medconcept_var"/>
    <testcase time="0.483000000000001" classname="aet01" name="aet01_can_use_custom_medconcept_var">
      <skipped message="Reason: On CRAN ('test-aet01.R:65:3')"/>
    </testcase>
  </testsuite>
  <testsuite name="aet01_aesi" timestamp="2023-06-05T02:52:28Z" hostname="ab8c1a8c3eb3" tests="7" skipped="3" failures="0" errors="0" time="2.953">
    <testcase time="0.457000000000001" classname="aet01_aesi" name="aet01_aesi_can_handle_all_NA_values"/>
    <testcase time="0.44" classname="aet01_aesi" name="aet01_aesi_can_handle_all_NA_values">
      <skipped message="Reason: On CRAN ('test-aet01_aesi.R:17:3')"/>
    </testcase>
    <testcase time="0.375" classname="aet01_aesi" name="aet01_aesi_can_handle_some_NA_values"/>
    <testcase time="0.404" classname="aet01_aesi" name="aet01_aesi_can_handle_some_NA_values">
      <skipped message="Reason: On CRAN ('test-aet01_aesi.R:30:3')"/>
    </testcase>
    <testcase time="0.515000000000001" classname="aet01_aesi" name="aet01_aesi_works_with_ALL_argument"/>
    <testcase time="0.66" classname="aet01_aesi" name="aet01_aesi_works_with_ALL_argument">
      <skipped message="Reason: On CRAN ('test-aet01_aesi.R:36:3')"/>
    </testcase>
    <testcase time="0.101999999999999" classname="aet01_aesi" name="aet01_aesi_check_fails_on_incomplete_data_input"/>
  </testsuite>
  <testsuite name="aet02" timestamp="2023-06-05T02:52:31Z" hostname="ab8c1a8c3eb3" tests="3" skipped="1" failures="0" errors="0" time="3.163">
    <testcase time="0.167" classname="aet02" name="aet02_fails_on_incomplete_data_input"/>
    <testcase time="0.165000000000001" classname="aet02" name="aet02_handle_empty_data_input"/>
    <testcase time="2.831" classname="aet02" name="aet02_can_have_different_levels_of_row_split">
      <skipped message="Reason: On CRAN ('test-aet02.R:30:3')"/>
    </testcase>
  </testsuite>
  <testsuite name="aet03" timestamp="2023-06-05T02:52:34Z" hostname="ab8c1a8c3eb3" tests="4" skipped="2" failures="0" errors="0" time="5.05">
    <testcase time="0.614999999999998" classname="aet03" name="aet03_can_handle_NA_values"/>
    <testcase time="0.408000000000001" classname="aet03" name="aet03_can_handle_NA_values">
      <skipped message="Reason: On CRAN ('test-aet03.R:10:3')"/>
    </testcase>
    <testcase time="2.788" classname="aet03" name="aet03_can_handle_some_NA_values"/>
    <testcase time="1.239" classname="aet03" name="aet03_can_handle_some_NA_values">
      <skipped message="Reason: On CRAN ('test-aet03.R:27:3')"/>
    </testcase>
  </testsuite>
  <testsuite name="aet04" timestamp="2023-06-05T02:52:39Z" hostname="ab8c1a8c3eb3" tests="4" skipped="2" failures="0" errors="0" time="8.091">
    <testcase time="1.165" classname="aet04" name="aet04_can_handle_NA_values"/>
    <testcase time="0.625" classname="aet04" name="aet04_can_handle_NA_values">
      <skipped message="Reason: On CRAN ('test-aet04.R:10:3')"/>
    </testcase>
    <testcase time="4.506" classname="aet04" name="aet04_can_handle_some_NA_values"/>
    <testcase time="1.795" classname="aet04" name="aet04_can_handle_some_NA_values">
      <skipped message="Reason: On CRAN ('test-aet04.R:32:3')"/>
    </testcase>
  </testsuite>
  <testsuite name="aet10" timestamp="2023-06-05T02:52:47Z" hostname="ab8c1a8c3eb3" tests="4" skipped="2" failures="0" errors="0" time="0.835">
    <testcase time="0.158000000000001" classname="aet10" name="aet10_can_handle_NA_values"/>
    <testcase time="0.154" classname="aet10" name="aet10_can_handle_NA_values">
      <skipped message="Reason: On CRAN ('test-aet10.R:10:3')"/>
    </testcase>
    <testcase time="0.190999999999999" classname="aet10" name="aet10_can_handle_some_NA_values"/>
    <testcase time="0.332000000000001" classname="aet10" name="aet10_can_handle_some_NA_values">
      <skipped message="Reason: On CRAN ('test-aet10.R:24:3')"/>
    </testcase>
  </testsuite>
  <testsuite name="assertions" timestamp="2023-06-05T02:52:48Z" hostname="ab8c1a8c3eb3" tests="38" skipped="0" failures="0" errors="0" time="0.35">
    <testcase time="0.0279999999999987" classname="assertions" name="assert_one_tablenames_works_as_expected"/>
    <testcase time="0.00400000000000134" classname="assertions" name="assert_one_tablenames_works_as_expected"/>
    <testcase time="0.00900000000000034" classname="assertions" name="assert_one_tablenames_works_as_expected"/>
    <testcase time="0.00900000000000034" classname="assertions" name="assert_one_tablenames_works_as_expected"/>
    <testcase time="0.0159999999999982" classname="assertions" name="assert_all_tablenames_works_as_expected"/>
    <testcase time="0.0100000000000016" classname="assertions" name="assert_all_tablenames_works_as_expected"/>
    <testcase time="0.00900000000000034" classname="assertions" name="assert_all_tablenames_works_as_expected"/>
    <testcase time="0.00799999999999912" classname="assertions" name="assert_valid_var.character_works_as_expected"/>
    <testcase time="0.0100000000000016" classname="assertions" name="assert_valid_var.character_works_as_expected"/>
    <testcase time="0.00999999999999801" classname="assertions" name="assert_valid_var.character_works_as_expected"/>
    <testcase time="0.00900000000000034" classname="assertions" name="assert_valid_var.character_works_as_expected"/>
    <testcase time="0.00400000000000134" classname="assertions" name="assert_valid_var.character_works_as_expected"/>
    <testcase time="0.0199999999999996" classname="assertions" name="assert_valid_var.factor_works_as_expected"/>
    <testcase time="0.0109999999999992" classname="assertions" name="assert_valid_var.factor_works_as_expected"/>
    <testcase time="0.00900000000000034" classname="assertions" name="assert_valid_var.factor_works_as_expected"/>
    <testcase time="0.0100000000000016" classname="assertions" name="assert_valid_var.factor_works_as_expected"/>
    <testcase time="0.00300000000000011" classname="assertions" name="assert_valid_var.factor_works_as_expected"/>
    <testcase time="0.00799999999999912" classname="assertions" name="assert_valid_var.logical_works_as_expected"/>
    <testcase time="0.00900000000000034" classname="assertions" name="assert_valid_var.logical_works_as_expected"/>
    <testcase time="0.00799999999999912" classname="assertions" name="assert_valid_var.logical_works_as_expected"/>
    <testcase time="0.00300000000000011" classname="assertions" name="assert_valid_var.logical_works_as_expected"/>
    <testcase time="0.00799999999999912" classname="assertions" name="assert_valid_var.numeric_works_as_expected"/>
    <testcase time="0.0109999999999992" classname="assertions" name="assert_valid_var.numeric_works_as_expected"/>
    <testcase time="0.0100000000000016" classname="assertions" name="assert_valid_var.numeric_works_as_expected"/>
    <testcase time="0.00300000000000011" classname="assertions" name="assert_valid_var.numeric_works_as_expected"/>
    <testcase time="0.00799999999999912" classname="assertions" name="assert_valid_var.numeric_works_as_expected"/>
    <testcase time="0.00300000000000011" classname="assertions" name="assert_valid_var.numeric_works_as_expected"/>
    <testcase time="0.00799999999999912" classname="assertions" name="assert_valid_variable_works_as_expected"/>
    <testcase time="0.00300000000000011" classname="assertions" name="assert_valid_variable_works_as_expected"/>
    <testcase time="0.0150000000000006" classname="assertions" name="assert_valid_variable_works_as_expected"/>
    <testcase time="0.00400000000000134" classname="assertions" name="assert_valid_variable_works_as_expected"/>
    <testcase time="0.0139999999999993" classname="assertions" name="assert_valid_variable_works_as_expected"/>
    <testcase time="0.00400000000000134" classname="assertions" name="assert_valid_variable_works_as_expected"/>
    <testcase time="0.00799999999999912" classname="assertions" name="assert_valid_var_pair_works_as_expected_with_character"/>
    <testcase time="0.0120000000000005" classname="assertions" name="assert_valid_var_pair_works_as_expected_with_character"/>
    <testcase time="0.00799999999999912" classname="assertions" name="assert_valid_var_pair_works_as_expected_with_factor"/>
    <testcase time="0.0109999999999992" classname="assertions" name="assert_valid_var_pair_works_as_expected_with_factor"/>
    <testcase time="0.0130000000000017" classname="assertions" name="assert_valid_var_pair_works_as_expected_with_factor"/>
  </testsuite>
  <testsuite name="checks" timestamp="2023-06-05T02:52:48Z" hostname="ab8c1a8c3eb3" tests="8" skipped="0" failures="0" errors="0" time="0.056">
    <testcase time="0.0129999999999981" classname="checks" name="check_all_colnames_works_as_expected"/>
    <testcase time="0.0139999999999993" classname="checks" name="check_all_colnames_works_as_expected"/>
    <testcase time="0.00300000000000011" classname="checks" name="check_all_colnames_works_as_expected"/>
    <testcase time="0.00600000000000023" classname="checks" name="check_all_colnames_works_as_expected"/>
    <testcase time="0.00700000000000145" classname="checks" name="check_one_colnames_works_as_expected"/>
    <testcase time="0.00600000000000023" classname="checks" name="check_one_colnames_works_as_expected"/>
    <testcase time="0.00199999999999889" classname="checks" name="check_one_colnames_works_as_expected"/>
    <testcase time="0.00499999999999901" classname="checks" name="check_one_colnames_works_as_expected"/>
  </testsuite>
  <testsuite name="chevron_tlg-class" timestamp="2023-06-05T02:52:48Z" hostname="ab8c1a8c3eb3" tests="24" skipped="0" failures="0" errors="0" time="0.124">
    <testcase time="0.0150000000000006" classname="chevron_tlg_class" name="chevron_t_object_can_be_constructed_with_default_values"/>
    <testcase time="0.00700000000000145" classname="chevron_tlg_class" name="chevron_t_object_can_be_constructed_with_default_values"/>
    <testcase time="0.0069999999999979" classname="chevron_tlg_class" name="chevron_t_object_can_be_constructed_with_custom_values"/>
    <testcase time="0.00600000000000023" classname="chevron_tlg_class" name="chevron_t_object_can_be_constructed_with_custom_values"/>
    <testcase time="0.00400000000000134" classname="chevron_tlg_class" name="chevron_t_object_can_be_constructed_with_custom_values"/>
    <testcase time="0.00600000000000023" classname="chevron_tlg_class" name="chevron_t_object_can_be_constructed_with_custom_values"/>
    <testcase time="0.00900000000000034" classname="chevron_tlg_class" name="chevron_t_constructor_returns_an_error_when_expected"/>
    <testcase time="0.00199999999999889" classname="chevron_tlg_class" name="chevron_t_constructor_returns_an_error_when_expected"/>
    <testcase time="0.00100000000000122" classname="chevron_tlg_class" name="chevron_t_constructor_returns_an_error_when_expected"/>
    <testcase time="0.00100000000000122" classname="chevron_tlg_class" name="chevron_t_constructor_returns_an_error_when_expected"/>
    <testcase time="0.00199999999999889" classname="chevron_tlg_class" name="chevron_t_constructor_returns_an_error_when_expected"/>
    <testcase time="0.00200000000000244" classname="chevron_tlg_class" name="chevron_t_constructor_returns_an_error_when_expected"/>
    <testcase time="0.00999999999999801" classname="chevron_tlg_class" name="chevron_l_object_can_be_constructed_with_default_values"/>
    <testcase time="0.00800000000000267" classname="chevron_tlg_class" name="chevron_l_object_can_be_constructed_with_default_values"/>
    <testcase time="0.00899999999999679" classname="chevron_tlg_class" name="chevron_g_object_can_be_constructed_with_custom_values"/>
    <testcase time="0.00600000000000023" classname="chevron_tlg_class" name="chevron_g_object_can_be_constructed_with_custom_values"/>
    <testcase time="0.00500000000000256" classname="chevron_tlg_class" name="chevron_g_object_can_be_constructed_with_custom_values"/>
    <testcase time="0.00600000000000023" classname="chevron_tlg_class" name="chevron_g_object_can_be_constructed_with_custom_values"/>
    <testcase time="0.00799999999999912" classname="chevron_tlg_class" name="chevron_g_constructor_returns_an_error_when_expected"/>
    <testcase time="0.00199999999999889" classname="chevron_tlg_class" name="chevron_g_constructor_returns_an_error_when_expected"/>
    <testcase time="0.00200000000000244" classname="chevron_tlg_class" name="chevron_g_constructor_returns_an_error_when_expected"/>
    <testcase time="0.00199999999999889" classname="chevron_tlg_class" name="chevron_g_constructor_returns_an_error_when_expected"/>
    <testcase time="0.00199999999999889" classname="chevron_tlg_class" name="chevron_g_constructor_returns_an_error_when_expected"/>
    <testcase time="0.00199999999999889" classname="chevron_tlg_class" name="chevron_g_constructor_returns_an_error_when_expected"/>
  </testsuite>
  <testsuite name="chevron_tlg-methods" timestamp="2023-06-05T02:52:48Z" hostname="ab8c1a8c3eb3" tests="37" skipped="3" failures="0" errors="0" time="19.889">
    <testcase time="5.729" classname="chevron_tlg_methods" name="run_works_as_expected_for_chevron_t_object">
      <skipped message="Reason: On CRAN ('test-chevron_tlg-methods.R:5:3')"/>
    </testcase>
    <testcase time="1.096" classname="chevron_tlg_methods" name="run_works_as_expected_for_chevron_t_object_when_auto_pre_FALSE">
      <skipped message="Reason: On CRAN ('test-chevron_tlg-methods.R:13:3')"/>
    </testcase>
    <testcase time="0.0210000000000008" classname="chevron_tlg_methods" name="args_ls_works_as_expected"/>
    <testcase time="0.00199999999999534" classname="chevron_tlg_methods" name="args_ls_works_as_expected"/>
    <testcase time="0.00200000000000244" classname="chevron_tlg_methods" name="args_ls_works_as_expected"/>
    <testcase time="0.0069999999999979" classname="chevron_tlg_methods" name="args_ls_works_as_expected_when_simplify_is_TRUE"/>
    <testcase time="0.00100000000000477" classname="chevron_tlg_methods" name="args_ls_works_as_expected_when_simplify_is_TRUE"/>
    <testcase time="0.00199999999999534" classname="chevron_tlg_methods" name="args_ls_works_as_expected_when_simplify_is_TRUE"/>
    <testcase time="0.00800000000000267" classname="chevron_tlg_methods" name="args_ls_works_as_expected_with_custom_chevron_tlg_object"/>
    <testcase time="0.000999999999997669" classname="chevron_tlg_methods" name="args_ls_works_as_expected_with_custom_chevron_tlg_object"/>
    <testcase time="0.00300000000000011" classname="chevron_tlg_methods" name="args_ls_works_as_expected_with_custom_chevron_tlg_object"/>
    <testcase time="0.00500000000000256" classname="chevron_tlg_methods" name="args_ls_works_as_expected_with_custom_chevron_tlg_object"/>
    <testcase time="0.0110000000000028" classname="chevron_tlg_methods" name="main_works_as_expected"/>
    <testcase time="0.0129999999999981" classname="chevron_tlg_methods" name="main_setter_works_as_expected"/>
    <testcase time="0.019999999999996" classname="chevron_tlg_methods" name="main_setter_throw_an_error_as_expected"/>
    <testcase time="0.0100000000000051" classname="chevron_tlg_methods" name="preprocess_works_as_expected"/>
    <testcase time="0.0120000000000005" classname="chevron_tlg_methods" name="preprocess_setter_works_as_expected"/>
    <testcase time="0.019999999999996" classname="chevron_tlg_methods" name="preprocess_sends_an_error_as_expected"/>
    <testcase time="0.0110000000000028" classname="chevron_tlg_methods" name="postprocess_works_as_expected"/>
    <testcase time="0.0109999999999957" classname="chevron_tlg_methods" name="postprocess_setter_works_as_expected"/>
    <testcase time="0.0200000000000031" classname="chevron_tlg_methods" name="postprocess_sends_an_error_as_expected"/>
    <testcase time="0.0120000000000005" classname="chevron_tlg_methods" name="datasets_works_as_expected"/>
    <testcase time="0.0240000000000009" classname="chevron_tlg_methods" name="datasets_setter_works_as_expected"/>
    <testcase time="0.00999999999999801" classname="chevron_tlg_methods" name="script_works_as_expected"/>
    <testcase time="0.00300000000000011" classname="chevron_tlg_methods" name="script_works_as_expected"/>
    <testcase time="0.00200000000000244" classname="chevron_tlg_methods" name="script_works_as_expected"/>
    <testcase time="0.00900000000000034" classname="chevron_tlg_methods" name="script_works_as_expected_with_dictionary_of_arguments"/>
    <testcase time="0.00199999999999534" classname="chevron_tlg_methods" name="script_works_as_expected_with_dictionary_of_arguments"/>
    <testcase time="0.00100000000000477" classname="chevron_tlg_methods" name="script_works_as_expected_with_dictionary_of_arguments"/>
    <testcase time="0.00199999999999534" classname="chevron_tlg_methods" name="script_works_as_expected_with_dictionary_of_arguments"/>
    <testcase time="0.00600000000000023" classname="chevron_tlg_methods" name="script_funs_works_as_expected_in_interactive_mode">
      <skipped message="Reason: !interactive() is TRUE ('test-chevron_tlg-methods.R:155:3')"/>
    </testcase>
    <testcase time="0.0249999999999986" classname="chevron_tlg_methods" name="script_funs_works_as_expected"/>
    <testcase time="0.00200000000000244" classname="chevron_tlg_methods" name="script_funs_works_as_expected"/>
    <testcase time="0.00800000000000267" classname="chevron_tlg_methods" name="script_funs_works_as_expected_with_details_set_to_TRUE"/>
    <testcase time="0.00199999999999534" classname="chevron_tlg_methods" name="script_funs_works_as_expected_with_details_set_to_TRUE"/>
    <testcase time="8.42" classname="chevron_tlg_methods" name="script_funs_generates_a_valid_script"/>
    <testcase time="4.356" classname="chevron_tlg_methods" name="script_funs_generates_a_valid_script"/>
  </testsuite>
  <testsuite name="cmt01a" timestamp="2023-06-05T02:53:08Z" hostname="ab8c1a8c3eb3" tests="6" skipped="4" failures="0" errors="0" time="6.6">
    <testcase time="2.013" classname="cmt01a" name="cmt01a_functions_with_default_argument_value_return_expected_result_with_test_data">
      <skipped message="Reason: On CRAN ('test-cmt01a.R:7:3')"/>
    </testcase>
    <testcase time="1.921" classname="cmt01a" name="cmt01a_functions_with_custom_argument_value_return_expected_result_with_test_data">
      <skipped message="Reason: On CRAN ('test-cmt01a.R:14:3')"/>
    </testcase>
    <testcase time="0.271000000000001" classname="cmt01a" name="cmt01a_can_handle_all_NA_values"/>
    <testcase time="0.253" classname="cmt01a" name="cmt01a_can_handle_all_NA_values">
      <skipped message="Reason: On CRAN ('test-cmt01a.R:28:3')"/>
    </testcase>
    <testcase time="1.166" classname="cmt01a" name="cmt01a_can_handle_some_NA_values"/>
    <testcase time="0.975999999999999" classname="cmt01a" name="cmt01a_can_handle_some_NA_values">
      <skipped message="Reason: On CRAN ('test-cmt01a.R:36:3')"/>
    </testcase>
  </testsuite>
  <testsuite name="cmt02_pt" timestamp="2023-06-05T02:53:15Z" hostname="ab8c1a8c3eb3" tests="4" skipped="2" failures="0" errors="0" time="1.021">
    <testcase time="0.210000000000001" classname="cmt02_pt" name="cmt02_pt_can_handle_all_NA_values"/>
    <testcase time="0.183999999999997" classname="cmt02_pt" name="cmt02_pt_can_handle_all_NA_values">
      <skipped message="Reason: On CRAN ('test-cmt02_pt.R:9:3')"/>
    </testcase>
    <testcase time="0.265000000000001" classname="cmt02_pt" name="cmt02_pt_can_handle_some_NA_values"/>
    <testcase time="0.362000000000002" classname="cmt02_pt" name="cmt02_pt_can_handle_some_NA_values">
      <skipped message="Reason: On CRAN ('test-cmt02_pt.R:17:3')"/>
    </testcase>
  </testsuite>
  <testsuite name="coxt02" timestamp="2023-06-05T02:53:16Z" hostname="ab8c1a8c3eb3" tests="3" skipped="1" failures="0" errors="0" time="1.311">
    <testcase time="0.896999999999998" classname="coxt02" name="coxt02_can_handle_some_NA_values"/>
    <testcase time="0.381999999999998" classname="coxt02" name="coxt02_can_handle_some_NA_values">
      <skipped message="Reason: On CRAN ('test-coxt02.R:5:3')"/>
    </testcase>
    <testcase time="0.0320000000000036" classname="coxt02" name="coxt02_fails_on_incomlete_data"/>
  </testsuite>
  <testsuite name="default_tlg" timestamp="2023-06-05T02:53:17Z" hostname="ab8c1a8c3eb3" tests="12" skipped="12" failures="0" errors="0" time="18.496">
    <testcase time="0.178000000000004" classname="default_tlg" name="ael01_nollt_function_with_default_argument_value_return_expected_result_with_test_data">
      <skipped message="Reason: On CRAN ('test-default_tlg.R:5:3')"/>
    </testcase>
    <testcase time="0.936" classname="default_tlg" name="aet01_function_with_default_argument_value_return_expected_result_with_test_data">
      <skipped message="Reason: On CRAN ('test-default_tlg.R:12:3')"/>
    </testcase>
    <testcase time="0.902000000000001" classname="default_tlg" name="aet01_aesi_function_with_default_argument_value_return_expected_result_with_test_data">
      <skipped message="Reason: On CRAN ('test-default_tlg.R:19:3')"/>
    </testcase>
    <testcase time="1.824" classname="default_tlg" name="aet02_functions_with_default_argument_value_return_expected_result_with_test_data">
      <skipped message="Reason: On CRAN ('test-default_tlg.R:26:3')"/>
    </testcase>
    <testcase time="4.131" classname="default_tlg" name="aet03_functions_with_default_argument_value_return_expected_result_with_test_data">
      <skipped message="Reason: On CRAN ('test-default_tlg.R:33:3')"/>
    </testcase>
    <testcase time="6.17999999999999" classname="default_tlg" name="aet04_functions_with_default_argument_value_return_expected_result_with_test_data">
      <skipped message="Reason: On CRAN ('test-default_tlg.R:40:3')"/>
    </testcase>
    <testcase time="0.487000000000009" classname="default_tlg" name="aet10_functions_with_default_argument_value_return_expected_result_with_test_data">
      <skipped message="Reason: On CRAN ('test-default_tlg.R:47:3')"/>
    </testcase>
    <testcase time="0.596000000000004" classname="default_tlg" name="cmt02_pt_functions_with_default_argument_value_return_expected_result_with_test_data">
      <skipped message="Reason: On CRAN ('test-default_tlg.R:54:3')"/>
    </testcase>
    <testcase time="1.128" classname="default_tlg" name="coxt02_functions_with_default_argument_value_return_expected_result_with_test_data">
      <skipped message="Reason: On CRAN ('test-default_tlg.R:62:3')"/>
    </testcase>
    <testcase time="1.02399999999999" classname="default_tlg" name="dmt01_functions_with_default_argument_value_return_expected_result_with_test_data">
      <skipped message="Reason: On CRAN ('test-default_tlg.R:69:3')"/>
    </testcase>
    <testcase time="0.704000000000008" classname="default_tlg" name="dst01_functions_with_default_argument_value_return_expected_result_with_test_data">
      <skipped message="Reason: On CRAN ('test-default_tlg.R:76:3')"/>
    </testcase>
    <testcase time="0.405999999999992" classname="default_tlg" name="dtht01_functions_with_default_argument_value_return_expected_result_with_test_data">
      <skipped message="Reason: On CRAN ('test-default_tlg.R:83:3')"/>
    </testcase>
  </testsuite>
  <testsuite name="dmt01" timestamp="2023-06-05T02:53:36Z" hostname="ab8c1a8c3eb3" tests="4" skipped="2" failures="0" errors="0" time="1.921">
    <testcase time="0.385000000000005" classname="dmt01" name="dmt01_can_handle_NA_values"/>
    <testcase time="0.513999999999996" classname="dmt01" name="dmt01_can_handle_NA_values">
      <skipped message="Reason: On CRAN ('test-dmt01.R:8:3')"/>
    </testcase>
    <testcase time="0.404000000000011" classname="dmt01" name="dmt01_can_handle_numeric_NA_values"/>
    <testcase time="0.617999999999995" classname="dmt01" name="dmt01_can_handle_numeric_NA_values">
      <skipped message="Reason: On CRAN ('test-dmt01.R:15:3')"/>
    </testcase>
  </testsuite>
  <testsuite name="dst01" timestamp="2023-06-05T02:53:38Z" hostname="ab8c1a8c3eb3" tests="14" skipped="7" failures="0" errors="0" time="4.389">
    <testcase time="0.230000000000004" classname="dst01" name="dst01_works_as_expected_when_all_data_are_NA"/>
    <testcase time="0.0879999999999939" classname="dst01" name="dst01_works_as_expected_when_all_data_are_NA">
      <skipped message="Reason: On CRAN ('test-dst01.R:11:3')"/>
    </testcase>
    <testcase time="0.201999999999998" classname="dst01" name="dst01_can_handle_all_NA_values_in_DCSREAS"/>
    <testcase time="0.218000000000004" classname="dst01" name="dst01_can_handle_all_NA_values_in_DCSREAS">
      <skipped message="Reason: On CRAN ('test-dst01.R:22:3')"/>
    </testcase>
    <testcase time="0.299999999999997" classname="dst01" name="dst01_can_handle_some_NA_values"/>
    <testcase time="0.385000000000005" classname="dst01" name="dst01_can_handle_some_NA_values">
      <skipped message="Reason: On CRAN ('test-dst01.R:29:3')"/>
    </testcase>
    <testcase time="0.191999999999993" classname="dst01" name="dst01_can_handle_missing_levels_in_status_var"/>
    <testcase time="0.189000000000007" classname="dst01" name="dst01_can_handle_missing_levels_in_status_var">
      <skipped message="Reason: On CRAN ('test-dst01.R:39:3')"/>
    </testcase>
    <testcase time="0.350999999999999" classname="dst01" name="dst01_can_create_variants"/>
    <testcase time="0.414999999999992" classname="dst01" name="dst01_can_create_variants">
      <skipped message="Reason: On CRAN ('test-dst01.R:44:3')"/>
    </testcase>
    <testcase time="0.406000000000006" classname="dst01" name="dst01_can_create_variants"/>
    <testcase time="0.426999999999992" classname="dst01" name="dst01_can_create_variants">
      <skipped message="Reason: On CRAN ('test-dst01.R:49:3')"/>
    </testcase>
    <testcase time="0.480000000000004" classname="dst01" name="dst01_can_create_variants"/>
    <testcase time="0.506" classname="dst01" name="dst01_can_create_variants">
      <skipped message="Reason: On CRAN ('test-dst01.R:56:3')"/>
    </testcase>
  </testsuite>
  <testsuite name="dtht01" timestamp="2023-06-05T02:53:42Z" hostname="ab8c1a8c3eb3" tests="5" skipped="3" failures="0" errors="0" time="2.465">
    <testcase time="0.165999999999997" classname="dtht01" name="dtht01_can_handle_all_NA_values"/>
    <testcase time="0.247" classname="dtht01" name="dtht01_can_handle_all_NA_values">
      <skipped message="Reason: On CRAN ('test-dtht01.R:12:3')"/>
    </testcase>
    <testcase time="0.430000000000007" classname="dtht01" name="dtht01_can_handle_some_NA_values"/>
    <testcase time="0.628" classname="dtht01" name="dtht01_can_handle_some_NA_values">
      <skipped message="Reason: On CRAN ('test-dtht01.R:19:3')"/>
    </testcase>
    <testcase time="0.994" classname="dtht01" name="dtht01_can_be_parametrize_as_expected">
      <skipped message="Reason: On CRAN ('test-dtht01.R:30:3')"/>
    </testcase>
  </testsuite>
  <testsuite name="egt01" timestamp="2023-06-05T02:53:45Z" hostname="ab8c1a8c3eb3" tests="3" skipped="2" failures="0" errors="0" time="5.573">
    <testcase time="2.98699999999999" classname="egt01" name="egt01_functions_with_default_argument_value_return_expected_result_with_test_data">
      <skipped message="Reason: On CRAN ('test-egt01.R:7:3')"/>
    </testcase>
    <testcase time="2.223" classname="egt01" name="egt01_can_handle_n_0_and_outputs_NE_instead_of_infs_and_NAs"/>
    <testcase time="0.363" classname="egt01" name="egt01_can_handle_n_0_and_outputs_NE_instead_of_infs_and_NAs">
      <skipped message="Reason: On CRAN ('test-egt01.R:21:3')"/>
    </testcase>
  </testsuite>
  <testsuite name="egt02" timestamp="2023-06-05T02:53:50Z" hostname="ab8c1a8c3eb3" tests="2" skipped="2" failures="0" errors="0" time="1.225">
    <testcase time="0.670000000000002" classname="egt02" name="egt02_1_functions_with_default_argument_value_return_expected_result_with_test_data">
      <skipped message="Reason: On CRAN ('test-egt02.R:7:3')"/>
    </testcase>
    <testcase time="0.555000000000007" classname="egt02" name="egt02_2_functions_with_default_value_return_expected_result_with_test_data">
      <skipped message="Reason: On CRAN ('test-egt02.R:14:3')"/>
    </testcase>
  </testsuite>
  <testsuite name="egt03" timestamp="2023-06-05T02:53:51Z" hostname="ab8c1a8c3eb3" tests="5" skipped="2" failures="0" errors="0" time="1.873">
    <testcase time="0.884999999999991" classname="egt03" name="egt03_functions_with_default_argument_value_return_expected_result_with_test_data">
      <skipped message="Reason: On CRAN ('test-egt03.R:7:3')"/>
    </testcase>
    <testcase time="0.0490000000000066" classname="egt03" name="egt03_errors_on_all_NA_values"/>
    <testcase time="0.373000000000005" classname="egt03" name="egt03_can_handle_some_NA_values"/>
    <testcase time="0.48899999999999" classname="egt03" name="egt03_can_handle_some_NA_values">
      <skipped message="Reason: On CRAN ('test-egt03.R:28:3')"/>
    </testcase>
    <testcase time="0.0769999999999982" classname="egt03" name="egt03_fails_on_incomplete_data"/>
  </testsuite>
  <testsuite name="egt05_qtcat" timestamp="2023-06-05T02:53:53Z" hostname="ab8c1a8c3eb3" tests="4" skipped="2" failures="0" errors="0" time="4.39">
    <testcase time="2.14700000000001" classname="egt05_qtcat" name="egt05_qtcat_functions_with_default_argument_value_return_expected_result_with_test_data">
      <skipped message="Reason: On CRAN ('test-egt05_qtcat.R:7:3')"/>
    </testcase>
    <testcase time="0.0390000000000015" classname="egt05_qtcat" name="egt05_qtcat_erros_on_all_NA_values"/>
    <testcase time="0.829999999999998" classname="egt05_qtcat" name="egt05_qtcat_can_handle_some_NA_values"/>
    <testcase time="1.374" classname="egt05_qtcat" name="egt05_qtcat_can_handle_some_NA_values">
      <skipped message="Reason: On CRAN ('test-egt05_qtcat.R:28:3')"/>
    </testcase>
  </testsuite>
  <testsuite name="empty_report" timestamp="2023-06-05T02:53:58Z" hostname="ab8c1a8c3eb3" tests="25" skipped="0" failures="0" errors="0" time="5.802">
    <testcase time="1.899" classname="empty_report" name="tlg_functions_return_null_reports_when_domain_table_is_empty"/>
    <testcase time="0.504000000000005" classname="empty_report" name="tlg_functions_return_null_reports_when_domain_table_is_empty"/>
    <testcase time="0.324999999999989" classname="empty_report" name="tlg_functions_return_null_reports_when_domain_table_is_empty"/>
    <testcase time="0.180999999999997" classname="empty_report" name="tlg_functions_return_null_reports_when_domain_table_is_empty"/>
    <testcase time="0.149000000000001" classname="empty_report" name="tlg_functions_return_null_reports_when_domain_table_is_empty"/>
    <testcase time="0.0840000000000032" classname="empty_report" name="tlg_functions_return_null_reports_when_domain_table_is_empty"/>
    <testcase time="0.155000000000001" classname="empty_report" name="tlg_functions_return_null_reports_when_domain_table_is_empty"/>
    <testcase time="0.239000000000004" classname="empty_report" name="tlg_functions_return_null_reports_when_domain_table_is_empty"/>
    <testcase time="0.284999999999997" classname="empty_report" name="tlg_functions_return_null_reports_when_domain_table_is_empty"/>
    <testcase time="0.109999999999999" classname="empty_report" name="tlg_functions_return_null_reports_when_domain_table_is_empty"/>
    <testcase time="0.128999999999991" classname="empty_report" name="tlg_functions_return_null_reports_when_domain_table_is_empty"/>
    <testcase time="0.0720000000000027" classname="empty_report" name="tlg_functions_return_null_reports_when_domain_table_is_empty"/>
    <testcase time="0.0640000000000072" classname="empty_report" name="tlg_functions_return_null_reports_when_domain_table_is_empty"/>
    <testcase time="0.054000000000002" classname="empty_report" name="tlg_functions_return_null_reports_when_domain_table_is_empty"/>
    <testcase time="0.0549999999999926" classname="empty_report" name="tlg_functions_return_null_reports_when_domain_table_is_empty"/>
    <testcase time="0.0870000000000033" classname="empty_report" name="tlg_functions_return_null_reports_when_domain_table_is_empty"/>
    <testcase time="0.0999999999999943" classname="empty_report" name="tlg_functions_return_null_reports_when_domain_table_is_empty"/>
    <testcase time="0.0790000000000077" classname="empty_report" name="tlg_functions_return_null_reports_when_domain_table_is_empty"/>
    <testcase time="0.106999999999999" classname="empty_report" name="tlg_functions_return_null_reports_when_domain_table_is_empty"/>
    <testcase time="0.634" classname="empty_report" name="tlg_functions_return_null_reports_when_domain_table_is_empty"/>
    <testcase time="0.125" classname="empty_report" name="tlg_functions_return_null_reports_when_domain_table_is_empty"/>
    <testcase time="0.122" classname="empty_report" name="tlg_functions_return_null_reports_when_domain_table_is_empty"/>
    <testcase time="0.114000000000004" classname="empty_report" name="tlg_functions_return_null_reports_when_domain_table_is_empty"/>
    <testcase time="0.0699999999999932" classname="empty_report" name="tlg_functions_return_null_reports_when_domain_table_is_empty"/>
    <testcase time="0.0589999999999975" classname="empty_report" name="tlg_functions_return_null_reports_when_domain_table_is_empty"/>
  </testsuite>
  <testsuite name="ext01" timestamp="2023-06-05T02:54:03Z" hostname="ab8c1a8c3eb3" tests="5" skipped="4" failures="0" errors="0" time="2.408">
    <testcase time="0.591999999999999" classname="ext01" name="ext01_functions_with_default_argument_value_return_expected_result_with_test_data">
      <skipped message="Reason: On CRAN ('test-ext01.R:7:3')"/>
    </testcase>
    <testcase time="0.622" classname="ext01" name="ext01_functions_with_categorical_data_return_expected_result_with_test_data">
      <skipped message="Reason: On CRAN ('test-ext01.R:15:3')"/>
    </testcase>
    <testcase time="0.274000000000001" classname="ext01" name="ext01_works"/>
    <testcase time="0.323000000000008" classname="ext01" name="ext01_works">
      <skipped message="Reason: On CRAN ('test-ext01.R:23:3')"/>
    </testcase>
    <testcase time="0.596999999999994" classname="ext01" name="ext01_works_for_selected_parameters_and_categorical_variables">
      <skipped message="Reason: On CRAN ('test-ext01.R:36:3')"/>
    </testcase>
  </testsuite>
  <testsuite name="fstg01" timestamp="2023-06-05T02:54:06Z" hostname="ab8c1a8c3eb3" tests="7" skipped="0" failures="0" errors="0" time="14.174">
    <testcase time="0.0360000000000014" classname="fstg01" name="fstg01_works_as_expected"/>
    <testcase time="3.268" classname="fstg01" name="fstg01_works_as_expected"/>
    <testcase time="3.17" classname="fstg01" name="fstg01_works_as_expected_with_custom_color_set"/>
    <testcase time="2.718" classname="fstg01" name="fstg01_works_as_expected_with_custom_color_set"/>
    <testcase time="0.555999999999997" classname="fstg01" name="fstg01_works_if_changes_are_in_subgroups_strata_var_conf_level_and_label_all"/>
    <testcase time="1.53099999999999" classname="fstg01" name="fstg01_works_if_changes_are_in_subgroups_strata_var_conf_level_and_label_all"/>
    <testcase time="2.89500000000001" classname="fstg01" name="fstg01_can_handle_some_NA_values_in_subgroups"/>
  </testsuite>
  <testsuite name="kmg01" timestamp="2023-06-05T02:54:20Z" hostname="ab8c1a8c3eb3" tests="5" skipped="0" failures="0" errors="4" time="1.464">
    <testcase time="0.0180000000000007" classname="kmg01" name="kmg01_works_as_expected"/>
    <testcase time="0.296999999999997" classname="kmg01" name="kmg01_works_as_expected">
      <error type="error" message="Error in `left_join(., annot_tbl, by = c(&quot;time&quot;, &quot;strata&quot;))`: could not find function &quot;left_join&quot; ('test-kmg01.R:6:3')">Error in `left_join(., annot_tbl, by = c("time", "strata"))`: could not find function "left_join"
Backtrace:
  1. testthat::expect_silent(kmg01_main(pre_data, dataset = "adtte"))
       at test-kmg01.R:6:2
  9. chevron::kmg01_main(pre_data, dataset = "adtte")
 10. chevron:::execute_with_args(...)
 12. tern (local) `&lt;fn&gt;`(...)
 13. tern::h_grob_tbl_at_risk(...)
 14. ... %&gt;% left_join(annot_tbl, by = c("time", "strata"))</error>
    </testcase>
    <testcase time="0.465999999999994" classname="kmg01" name="kmg01_works_as_expected_with_custom_color_set">
      <error type="error" message="Error in `left_join(., annot_tbl, by = c(&quot;time&quot;, &quot;strata&quot;))`: could not find function &quot;left_join&quot; ('test-kmg01.R:20:3')">Error in `left_join(., annot_tbl, by = c("time", "strata"))`: could not find function "left_join"
Backtrace:
  1. testthat::expect_silent(...)
       at test-kmg01.R:20:2
 10. chevron::run(kmg01, filter_data, dataset = "adtte", col = col)
 12. chevron (local) `&lt;fn&gt;`(adam_db = `&lt;named list&gt;`, dataset = "adtte", col = `&lt;chr&gt;`)
 13. chevron:::execute_with_args(...)
 15. tern (local) `&lt;fn&gt;`(...)
 16. tern::h_grob_tbl_at_risk(...)
 17. ... %&gt;% left_join(annot_tbl, by = c("time", "strata"))</error>
    </testcase>
    <testcase time="0.346000000000004" classname="kmg01" name="kmg01_works_if_change_pvalue_ties_and_conf_level">
      <error type="error" message="Error in `left_join(., annot_tbl, by = c(&quot;time&quot;, &quot;strata&quot;))`: could not find function &quot;left_join&quot; ('test-kmg01.R:28:3')">Error in `left_join(., annot_tbl, by = c("time", "strata"))`: could not find function "left_join"
Backtrace:
  1. testthat::expect_silent(...)
       at test-kmg01.R:28:2
 10. chevron::run(...)
 12. chevron (local) `&lt;fn&gt;`(...)
 13. chevron:::execute_with_args(...)
 15. tern (local) `&lt;fn&gt;`(...)
 16. tern::h_grob_tbl_at_risk(...)
 17. ... %&gt;% left_join(annot_tbl, by = c("time", "strata"))</error>
    </testcase>
    <testcase time="0.337000000000003" classname="kmg01" name="kmg01_works_if_change_annotation_position">
      <error type="error" message="Error in `left_join(., annot_tbl, by = c(&quot;time&quot;, &quot;strata&quot;))`: could not find function &quot;left_join&quot; ('test-kmg01.R:40:3')">Error in `left_join(., annot_tbl, by = c("time", "strata"))`: could not find function "left_join"
Backtrace:
  1. testthat::expect_silent(...)
       at test-kmg01.R:40:2
 10. chevron::run(...)
 12. chevron (local) `&lt;fn&gt;`(...)
 13. chevron:::execute_with_args(...)
 15. tern (local) `&lt;fn&gt;`(...)
 16. tern::h_grob_tbl_at_risk(...)
 17. ... %&gt;% left_join(annot_tbl, by = c("time", "strata"))</error>
    </testcase>
  </testsuite>
  <testsuite name="lbt01" timestamp="2023-06-05T02:54:22Z" hostname="ab8c1a8c3eb3" tests="3" skipped="2" failures="0" errors="0" time="5.295">
    <testcase time="2.908" classname="lbt01" name="lbt01_functions_with_default_argument_value_return_expected_result_with_test_data">
      <skipped message="Reason: On CRAN ('test-lbt01.R:7:3')"/>
    </testcase>
    <testcase time="2.04299999999999" classname="lbt01" name="lbt01_can_handle_n_0_and_outputs_NE_instead_of_infs_and_NAs"/>
    <testcase time="0.343999999999994" classname="lbt01" name="lbt01_can_handle_n_0_and_outputs_NE_instead_of_infs_and_NAs">
      <skipped message="Reason: On CRAN ('test-lbt01.R:21:3')"/>
    </testcase>
  </testsuite>
  <testsuite name="lbt04" timestamp="2023-06-05T02:54:27Z" hostname="ab8c1a8c3eb3" tests="8" skipped="4" failures="0" errors="0" time="4.064">
    <testcase time="1.285" classname="lbt04" name="lbt04_functions_with_default_argument_value_return_expected_result_with_test_data">
      <skipped message="Reason: On CRAN ('test-lbt04.R:7:3')"/>
    </testcase>
    <testcase time="0.0790000000000077" classname="lbt04" name="lbt04_can_handle_all_NA_values"/>
    <testcase time="0.0889999999999986" classname="lbt04" name="lbt04_can_handle_all_NA_values">
      <skipped message="Reason: On CRAN ('test-lbt04.R:20:3')"/>
    </testcase>
    <testcase time="0.611000000000018" classname="lbt04" name="lbt04_can_handle_missing_levels"/>
    <testcase time="0.651999999999987" classname="lbt04" name="lbt04_can_handle_missing_levels">
      <skipped message="Reason: On CRAN ('test-lbt04.R:31:3')"/>
    </testcase>
    <testcase time="0.63300000000001" classname="lbt04" name="lbt04_can_handle_some_NA_values"/>
    <testcase time="0.665999999999997" classname="lbt04" name="lbt04_can_handle_some_NA_values">
      <skipped message="Reason: On CRAN ('test-lbt04.R:39:3')"/>
    </testcase>
    <testcase time="0.0490000000000066" classname="lbt04" name="lbt04_fails_on_incomlete_data"/>
  </testsuite>
  <testsuite name="lbt05" timestamp="2023-06-05T02:54:31Z" hostname="ab8c1a8c3eb3" tests="5" skipped="2" failures="0" errors="0" time="3.13">
    <testcase time="1.23999999999998" classname="lbt05" name="lbt05_functions_with_default_argument_value_return_expected_result_with_test_data">
      <skipped message="Reason: On CRAN ('test-lbt05.R:7:3')"/>
    </testcase>
    <testcase time="0.596000000000004" classname="lbt05" name="lbt05_give_all_0_count_if_ANRIND_are_all_missing"/>
    <testcase time="0.591000000000008" classname="lbt05" name="lbt05_can_handle_some_NA_values"/>
    <testcase time="0.632999999999981" classname="lbt05" name="lbt05_can_handle_some_NA_values">
      <skipped message="Reason: On CRAN ('test-lbt05.R:36:3')"/>
    </testcase>
    <testcase time="0.0700000000000216" classname="lbt05" name="lbt05_fails_on_incomlete_data"/>
  </testsuite>
  <testsuite name="lbt06" timestamp="2023-06-05T02:54:34Z" hostname="ab8c1a8c3eb3" tests="3" skipped="1" failures="0" errors="0" time="6.766">
    <testcase time="2.107" classname="lbt06" name="lbt06_gives_all_0_count_if_ANRIND_and_BNRIND_are_all_missing"/>
    <testcase time="4.589" classname="lbt06" name="lbt06_can_handle_some_NA_values">
      <skipped message="Reason: On CRAN ('test-lbt06.R:20:3')"/>
    </testcase>
    <testcase time="0.0699999999999932" classname="lbt06" name="lbt06_fails_on_incomplete_data"/>
  </testsuite>
  <testsuite name="lbt07" timestamp="2023-06-05T02:54:41Z" hostname="ab8c1a8c3eb3" tests="4" skipped="2" failures="0" errors="0" time="3.719">
    <testcase time="1.78899999999999" classname="lbt07" name="lbt07_functions_with_default_argument_value_return_expected_result_with_test_data">
      <skipped message="Reason: On CRAN ('test-lbt07.R:7:3')"/>
    </testcase>
    <testcase time="0.952000000000027" classname="lbt07" name="lbt07_can_handle_some_NA_values"/>
    <testcase time="0.877999999999986" classname="lbt07" name="lbt07_can_handle_some_NA_values">
      <skipped message="Reason: On CRAN ('test-lbt07.R:22:3')"/>
    </testcase>
    <testcase time="0.0999999999999943" classname="lbt07" name="lbt07_fails_on_incomlete_data"/>
  </testsuite>
  <testsuite name="lbt14" timestamp="2023-06-05T02:54:44Z" hostname="ab8c1a8c3eb3" tests="16" skipped="10" failures="0" errors="0" time="47.531">
    <testcase time="4.25400000000002" classname="lbt14" name="lbt14_functions_with_default_argument_value_return_expected_result_with_test_data">
      <skipped message="Reason: On CRAN ('test-lbt14.R:7:3')"/>
    </testcase>
    <testcase time="4.40699999999998" classname="lbt14" name="lbt14_functions_with_default_argument_value_return_expected_result_with_test_data_when_direction_high">
      <skipped message="Reason: On CRAN ('test-lbt14.R:14:3')"/>
    </testcase>
    <testcase time="4.12700000000001" classname="lbt14" name="lbt14_functions_with_gr_missing_excl_return_expected_result_with_test_data">
      <skipped message="Reason: On CRAN ('test-lbt14.R:21:3')"/>
    </testcase>
    <testcase time="3.46199999999999" classname="lbt14" name="lbt14_functions_with_gr_missing_gr_0_return_expected_result_with_test_data">
      <skipped message="Reason: On CRAN ('test-lbt14.R:28:3')"/>
    </testcase>
    <testcase time="2.09900000000002" classname="lbt14" name="lbt14_can_handle_all_NA_values"/>
    <testcase time="0.304000000000002" classname="lbt14" name="lbt14_can_handle_all_NA_values">
      <skipped message="Reason: On CRAN ('test-lbt14.R:41:3')"/>
    </testcase>
    <testcase time="2.60799999999998" classname="lbt14" name="lbt14_can_handle_some_NA_values"/>
    <testcase time="1.62200000000001" classname="lbt14" name="lbt14_can_handle_some_NA_values">
      <skipped message="Reason: On CRAN ('test-lbt14.R:60:3')"/>
    </testcase>
    <testcase time="8.416" classname="lbt14" name="lbt14_can_accept_different_gr_missing">
      <skipped message="Reason: On CRAN ('test-lbt14.R:67:3')"/>
    </testcase>
    <testcase time="0.0550000000000068" classname="lbt14" name="lbt14_fails_on_incomlete_data"/>
    <testcase time="2.14599999999999" classname="lbt14" name="lbt14_can_handle_all_NA_values_with_direction_high"/>
    <testcase time="0.337999999999994" classname="lbt14" name="lbt14_can_handle_all_NA_values_with_direction_high">
      <skipped message="Reason: On CRAN ('test-lbt14.R:92:3')"/>
    </testcase>
    <testcase time="2.69400000000002" classname="lbt14" name="lbt14_can_handle_some_NA_values_with_direction_high"/>
    <testcase time="1.79499999999999" classname="lbt14" name="lbt14_can_handle_some_NA_values_with_direction_high">
      <skipped message="Reason: On CRAN ('test-lbt14.R:111:3')"/>
    </testcase>
    <testcase time="9.15300000000002" classname="lbt14" name="lbt14_can_accept_different_gr_missing_with_direction_high">
      <skipped message="Reason: On CRAN ('test-lbt14.R:119:3')"/>
    </testcase>
    <testcase time="0.0509999999999877" classname="lbt14" name="lbt14_fails_on_incomlete_data"/>
  </testsuite>
  <testsuite name="mht01" timestamp="2023-06-05T02:55:32Z" hostname="ab8c1a8c3eb3" tests="3" skipped="3" failures="0" errors="0" time="3.681">
    <testcase time="1.15700000000001" classname="mht01" name="mht01_1_functions_with_default_argument_value_return_expected_result_with_test_data">
      <skipped message="Reason: On CRAN ('test-mht01.R:7:3')"/>
    </testcase>
    <testcase time="1.15699999999998" classname="mht01" name="mht01_works">
      <skipped message="Reason: On CRAN ('test-mht01.R:15:3')"/>
    </testcase>
    <testcase time="1.36700000000002" classname="mht01" name="mht01_works_on_NULL_in_lbl_mhbodsys_or_lbl_mhdecod">
      <skipped message="Reason: On CRAN ('test-mht01.R:21:3')"/>
    </testcase>
  </testsuite>
  <testsuite name="mng01" timestamp="2023-06-05T02:55:36Z" hostname="ab8c1a8c3eb3" tests="7" skipped="0" failures="0" errors="0" time="10.651">
    <testcase time="1.76299999999998" classname="mng01" name="mng01_works_as_expected_with_default_argument_values"/>
    <testcase time="1.73200000000003" classname="mng01" name="mng01_works_as_expected_with_custom_argument_values"/>
    <testcase time="0.0279999999999916" classname="mng01" name="mng01_works_as_expected_with_custom_argument_values"/>
    <testcase time="1.744" classname="mng01" name="mng01_works_as_expected_with_custom_color_set"/>
    <testcase time="1.78399999999999" classname="mng01" name="mng01_works_as_expected_with_custom_color_set"/>
    <testcase time="1.834" classname="mng01" name="mng01_works_if_show_v_grid_show_h_grid_is_TRUE"/>
    <testcase time="1.76599999999999" classname="mng01" name="mng01_works_with_combination_of_x_variables"/>
  </testsuite>
  <testsuite name="pdt01" timestamp="2023-06-05T02:55:46Z" hostname="ab8c1a8c3eb3" tests="5" skipped="3" failures="0" errors="0" time="2.571">
    <testcase time="1.04400000000001" classname="pdt01" name="pdt01_function_with_default_argument_value_return_expected_result_with_test_data">
      <skipped message="Reason: On CRAN ('test-pdt01.R:7:3')"/>
    </testcase>
    <testcase time="0.159999999999997" classname="pdt01" name="pdt01_can_handle_all_NA_values"/>
    <testcase time="0.211000000000013" classname="pdt01" name="pdt01_can_handle_all_NA_values">
      <skipped message="Reason: On CRAN ('test-pdt01.R:21:3')"/>
    </testcase>
    <testcase time="0.458999999999975" classname="pdt01" name="pdt01_can_handle_some_NA_values"/>
    <testcase time="0.697000000000003" classname="pdt01" name="pdt01_can_handle_some_NA_values">
      <skipped message="Reason: On CRAN ('test-pdt01.R:36:3')"/>
    </testcase>
  </testsuite>
  <testsuite name="pdt02" timestamp="2023-06-05T02:55:49Z" hostname="ab8c1a8c3eb3" tests="5" skipped="3" failures="0" errors="0" time="1.624">
    <testcase time="0.529000000000025" classname="pdt02" name="pdt02_function_with_default_argument_value_return_expected_result_with_test_data">
      <skipped message="Reason: On CRAN ('test-pdt02.R:7:3')"/>
    </testcase>
    <testcase time="0.213999999999999" classname="pdt02" name="pdt02_can_handle_all_NA_values"/>
    <testcase time="0.22999999999999" classname="pdt02" name="pdt02_can_handle_all_NA_values">
      <skipped message="Reason: On CRAN ('test-pdt02.R:21:3')"/>
    </testcase>
    <testcase time="0.305999999999983" classname="pdt02" name="pdt02_can_handle_some_NA_values"/>
    <testcase time="0.344999999999999" classname="pdt02" name="pdt02_can_handle_some_NA_values">
      <skipped message="Reason: On CRAN ('test-pdt02.R:36:3')"/>
    </testcase>
  </testsuite>
  <testsuite name="reexports" timestamp="2023-06-05T02:55:51Z" hostname="ab8c1a8c3eb3" tests="2" skipped="0" failures="0" errors="0" time="0.054">
    <testcase time="0.0409999999999968" classname="reexports" name="with_label_exported_correctly"/>
    <testcase time="0.0130000000000052" classname="reexports" name="reformat_exported_correctly"/>
  </testsuite>
  <testsuite name="rmpt01" timestamp="2023-06-05T02:55:51Z" hostname="ab8c1a8c3eb3" tests="7" skipped="3" failures="0" errors="0" time="1.205">
    <testcase time="0.350999999999999" classname="rmpt01" name="rmpt01_function_with_default_argument_value_return_expected_result_with_test_data">
      <skipped message="Reason: On CRAN ('test-rmpt01.R:7:3')"/>
    </testcase>
    <testcase time="0.144000000000005" classname="rmpt01" name="rmpt01_can_handle_NA_values"/>
    <testcase time="0.212999999999994" classname="rmpt01" name="rmpt01_can_handle_NA_values">
      <skipped message="Reason: On CRAN ('test-rmpt01.R:17:3')"/>
    </testcase>
    <testcase time="0.148000000000025" classname="rmpt01" name="rmpt01_can_handle_some_NA_values"/>
    <testcase time="0.218999999999994" classname="rmpt01" name="rmpt01_can_handle_some_NA_values">
      <skipped message="Reason: On CRAN ('test-rmpt01.R:31:3')"/>
    </testcase>
    <testcase time="0.0689999999999884" classname="rmpt01" name="rmpt01_fails_on_incomlete_data"/>
    <testcase time="0.061000000000007" classname="rmpt01" name="rmpt01_fails_on_incomlete_data"/>
  </testsuite>
  <testsuite name="rspt01" timestamp="2023-06-05T02:55:52Z" hostname="ab8c1a8c3eb3" tests="15" skipped="7" failures="0" errors="0" time="6.413">
    <testcase time="0.0289999999999964" classname="rspt01" name="rspt01_works_as_expected"/>
    <testcase time="0.605999999999995" classname="rspt01" name="rspt01_works_as_expected"/>
    <testcase time="0.445999999999998" classname="rspt01" name="rspt01_works_as_expected">
      <skipped message="Reason: On CRAN ('test-rspt01.R:5:3')"/>
    </testcase>
    <testcase time="0.496000000000009" classname="rspt01" name="rspt01_works_as_expected_for_stratified_and_unstratified_analysis"/>
    <testcase time="0.47999999999999" classname="rspt01" name="rspt01_works_as_expected_for_stratified_and_unstratified_analysis">
      <skipped message="Reason: On CRAN ('test-rspt01.R:17:3')"/>
    </testcase>
    <testcase time="0.424000000000007" classname="rspt01" name="rspt01_works_as_expected_for_unstratified_analysis_only"/>
    <testcase time="0.426999999999992" classname="rspt01" name="rspt01_works_as_expected_for_unstratified_analysis_only">
      <skipped message="Reason: On CRAN ('test-rspt01.R:36:3')"/>
    </testcase>
    <testcase time="0.427999999999997" classname="rspt01" name="rspt01_works_as_expected_for_stratified_analysis_only"/>
    <testcase time="0.413000000000011" classname="rspt01" name="rspt01_works_as_expected_for_stratified_analysis_only">
      <skipped message="Reason: On CRAN ('test-rspt01.R:55:3')"/>
    </testcase>
    <testcase time="0.480999999999995" classname="rspt01" name="rspt01_works_if_change_reference_group"/>
    <testcase time="0.399000000000001" classname="rspt01" name="rspt01_works_if_change_reference_group">
      <skipped message="Reason: On CRAN ('test-rspt01.R:74:3')"/>
    </testcase>
    <testcase time="0.495000000000005" classname="rspt01" name="rspt01_works_if_change_statistic_methods"/>
    <testcase time="0.395999999999987" classname="rspt01" name="rspt01_works_if_change_statistic_methods">
      <skipped message="Reason: On CRAN ('test-rspt01.R:97:3')"/>
    </testcase>
    <testcase time="0.499000000000024" classname="rspt01" name="rspt01_works_if_change_confidence_interval"/>
    <testcase time="0.393999999999977" classname="rspt01" name="rspt01_works_if_change_confidence_interval">
      <skipped message="Reason: On CRAN ('test-rspt01.R:123:3')"/>
    </testcase>
  </testsuite>
  <testsuite name="ttet01" timestamp="2023-06-05T02:55:58Z" hostname="ab8c1a8c3eb3" tests="9" skipped="4" failures="0" errors="0" time="5.275">
    <testcase time="0.0390000000000157" classname="ttet01" name="ttet01_works_as_expected"/>
    <testcase time="0.805000000000007" classname="ttet01" name="ttet01_works_as_expected"/>
    <testcase time="0.696999999999974" classname="ttet01" name="ttet01_works_as_expected">
      <skipped message="Reason: On CRAN ('test-ttet01.R:5:3')"/>
    </testcase>
    <testcase time="0.591000000000008" classname="ttet01" name="ttet01_works_as_expected_for_stratified_and_unstratified_analysis"/>
    <testcase time="0.626000000000005" classname="ttet01" name="ttet01_works_as_expected_for_stratified_and_unstratified_analysis">
      <skipped message="Reason: On CRAN ('test-ttet01.R:14:3')"/>
    </testcase>
    <testcase time="0.61099999999999" classname="ttet01" name="ttet01_works_as_expected_for_stratified_analysis_only"/>
    <testcase time="0.646000000000015" classname="ttet01" name="ttet01_works_as_expected_for_stratified_analysis_only">
      <skipped message="Reason: On CRAN ('test-ttet01.R:30:3')"/>
    </testcase>
    <testcase time="0.62299999999999" classname="ttet01" name="ttet01_works_if_change_reference_group"/>
    <testcase time="0.637" classname="ttet01" name="ttet01_works_if_change_reference_group">
      <skipped message="Reason: On CRAN ('test-ttet01.R:46:3')"/>
    </testcase>
  </testsuite>
  <testsuite name="utils" timestamp="2023-06-05T02:56:03Z" hostname="ab8c1a8c3eb3" tests="50" skipped="0" failures="0" errors="0" time="0.381">
    <testcase time="0.0269999999999868" classname="utils" name="h_format_dec_works_as_exected"/>
    <testcase time="0.00600000000000023" classname="utils" name="h_format_dec_works_as_exected"/>
    <testcase time="0.00300000000001432" classname="utils" name="h_format_dec_works_as_exected"/>
    <testcase time="0.00499999999999545" classname="utils" name="h_format_dec_works_as_exected"/>
    <testcase time="0.00300000000001432" classname="utils" name="h_format_dec_works_as_exected"/>
    <testcase time="0.00600000000000023" classname="utils" name="h_format_dec_works_as_exected"/>
    <testcase time="0.0029999999999859" classname="utils" name="h_format_dec_works_as_exected"/>
    <testcase time="0.00600000000000023" classname="utils" name="h_format_dec_works_as_exected"/>
    <testcase time="0.00399999999999068" classname="utils" name="h_format_dec_works_as_exected"/>
    <testcase time="0.00600000000000023" classname="utils" name="h_format_dec_works_as_exected"/>
    <testcase time="0.00300000000001432" classname="utils" name="h_format_dec_works_as_exected"/>
    <testcase time="0.00600000000000023" classname="utils" name="h_format_dec_works_as_exected"/>
    <testcase time="0.00899999999998613" classname="utils" name="h_format_dec_works_as_expected_with_more_than_one_value"/>
    <testcase time="0.007000000000005" classname="utils" name="h_format_dec_works_as_expected_with_more_than_one_value"/>
    <testcase time="0.0109999999999957" classname="utils" name="h_format_dec_works_returns_null_with_NA_format"/>
    <testcase time="0.0100000000000193" classname="utils" name="h_format_dec_works_as_expected_with_NA_digits"/>
    <testcase time="0.0109999999999957" classname="utils" name="h_format_dec_works_as_expected_with_NA_digits"/>
    <testcase time="0.00999999999999091" classname="utils" name="fuse_sequentially_works"/>
    <testcase time="0.00600000000000023" classname="utils" name="fuse_sequentially_works"/>
    <testcase time="0.00800000000000978" classname="utils" name="grob_list_works"/>
    <testcase time="0.00199999999998113" classname="utils" name="grob_list_works"/>
    <testcase time="0.00600000000000023" classname="utils" name="grob_list_works"/>
    <testcase time="0.007000000000005" classname="utils" name="grob_list_works"/>
    <testcase time="0.0190000000000055" classname="utils" name="ifneeded_split_row_works_as_expected"/>
    <testcase time="0.0120000000000005" classname="utils" name="ifneeded_split_row_works_as_expected"/>
    <testcase time="0.00800000000000978" classname="utils" name="droplevels.character_works_as_expected"/>
    <testcase time="0.00600000000000023" classname="utils" name="droplevels.character_works_as_expected"/>
    <testcase time="0.007000000000005" classname="utils" name="lvls.character_works_as_expected"/>
    <testcase time="0.00600000000000023" classname="utils" name="lvls.character_works_as_expected"/>
    <testcase time="0.00699999999997658" classname="utils" name="lvls.factor_works_as_expected"/>
    <testcase time="0.00600000000000023" classname="utils" name="lvls.factor_works_as_expected"/>
    <testcase time="0.00800000000000978" classname="utils" name="lvls.default_works_as_expected"/>
    <testcase time="0.00600000000000023" classname="utils" name="lvls.default_works_as_expected"/>
    <testcase time="0.00800000000000978" classname="utils" name="quote_str_works_as_expected"/>
    <testcase time="0.00600000000000023" classname="utils" name="quote_str_works_as_expected"/>
    <testcase time="0.018999999999977" classname="utils" name="quote_str_works_as_expected"/>
    <testcase time="0.0110000000000241" classname="utils" name="modify_default_args_works_as_expected"/>
    <testcase time="0.00899999999998613" classname="utils" name="modify_default_args_works_as_expected"/>
    <testcase time="0.00999999999999091" classname="utils" name="execute_with_args_works_as_expected"/>
    <testcase time="0.0110000000000241" classname="utils" name="execute_with_args_works_as_expected"/>
    <testcase time="0.00399999999999068" classname="utils" name="execute_with_args_works_as_expected"/>
    <testcase time="0.00800000000000978" classname="utils" name="execute_with_args_works_as_expected"/>
    <testcase time="0.00399999999999068" classname="utils" name="execute_with_args_works_as_expected"/>
    <testcase time="0.00899999999998613" classname="utils" name="execute_with_args_works_as_expected"/>
    <testcase time="0.0040000000000191" classname="utils" name="execute_with_args_works_as_expected"/>
    <testcase time="0.00799999999998136" classname="utils" name="execute_with_args_works_as_expected"/>
    <testcase time="0.00300000000001432" classname="utils" name="execute_with_args_works_as_expected"/>
    <testcase time="0.007000000000005" classname="utils" name="execute_with_args_works_as_expected"/>
    <testcase time="0.0029999999999859" classname="utils" name="execute_with_args_works_as_expected"/>
    <testcase time="0.007000000000005" classname="utils" name="execute_with_args_works_as_expected"/>
  </testsuite>
  <testsuite name="vst01" timestamp="2023-06-05T02:56:04Z" hostname="ab8c1a8c3eb3" tests="3" skipped="2" failures="0" errors="0" time="13.373">
    <testcase time="6.66300000000001" classname="vst01" name="vst01_functions_with_default_argument_value_return_expected_result_with_test_data">
      <skipped message="Reason: On CRAN ('test-vst01.R:7:3')"/>
    </testcase>
    <testcase time="5.10299999999998" classname="vst01" name="run_vst01_works_as_expected"/>
    <testcase time="1.607" classname="vst01" name="run_vst01_works_as_expected">
      <skipped message="Reason: On CRAN ('test-vst01.R:14:3')"/>
    </testcase>
  </testsuite>
  <testsuite name="vst02" timestamp="2023-06-05T02:56:17Z" hostname="ab8c1a8c3eb3" tests="2" skipped="2" failures="0" errors="0" time="1.693">
    <testcase time="0.836000000000013" classname="vst02" name="vst02_functions_with_default_argument_value_return_expected_result_with_test_data">
      <skipped message="Reason: On CRAN ('test-vst02.R:7:3')"/>
    </testcase>
    <testcase time="0.856999999999999" classname="vst02" name="vst02_functions_return_expected_result_with_test_data_when_excluding_subject_with_baseline_abnormality">
      <skipped message="Reason: On CRAN ('test-vst02.R:14:3')"/>
    </testcase>
  </testsuite>
</testsuites>
