<?xml version="1.0" encoding="UTF-8"?>
<testsuites>
  <testsuite name="ael01_nollt" timestamp="2024-10-24T12:28:13Z" hostname="b45292acbac7" tests="14" skipped="6" failures="0" errors="0" time="1.117">
    <testcase time="0.0640000000000001" classname="ael01_nollt" name="ael01_nollt_works_with_admh_dataset"/>
    <testcase time="0.237" classname="ael01_nollt" name="ael01_nollt_works_with_admh_dataset">
      <skipped message="Reason: On CRAN ('test-ael01_nollt.R:7:3')"/>
    </testcase>
    <testcase time="0.052" classname="ael01_nollt" name="ael01_nollt_works_with_non_default_label"/>
    <testcase time="0.183" classname="ael01_nollt" name="ael01_nollt_works_with_non_default_label">
      <skipped message="Reason: On CRAN ('test-ael01_nollt.R:21:3')"/>
    </testcase>
    <testcase time="0.0489999999999999" classname="ael01_nollt" name="ael01_nollt_can_handle_all_missing_values"/>
    <testcase time="0.0660000000000003" classname="ael01_nollt" name="ael01_nollt_can_handle_all_missing_values">
      <skipped message="Reason: On CRAN ('test-ael01_nollt.R:35:3')"/>
    </testcase>
    <testcase time="0.0349999999999997" classname="ael01_nollt" name="ael01_nollt_can_handle_some_missing_values"/>
    <testcase time="0.111" classname="ael01_nollt" name="ael01_nollt_can_handle_some_missing_values">
      <skipped message="Reason: On CRAN ('test-ael01_nollt.R:51:3')"/>
    </testcase>
    <testcase time="0.0350000000000001" classname="ael01_nollt" name="ael01_nollt_listing_can_be_split_by_an_additional_variable"/>
    <testcase time="0.00099999999999989" classname="ael01_nollt" name="ael01_nollt_listing_can_be_split_by_an_additional_variable"/>
    <testcase time="0.149" classname="ael01_nollt" name="ael01_nollt_listing_can_be_split_by_an_additional_variable">
      <skipped message="Reason: On CRAN ('test-ael01_nollt.R:67:3')"/>
    </testcase>
    <testcase time="0.0300000000000002" classname="ael01_nollt" name="split_ael01_nollt_listing_do_not_display_missing_values"/>
    <testcase time="0.00099999999999989" classname="ael01_nollt" name="split_ael01_nollt_listing_do_not_display_missing_values"/>
    <testcase time="0.104" classname="ael01_nollt" name="split_ael01_nollt_listing_do_not_display_missing_values">
      <skipped message="Reason: On CRAN ('test-ael01_nollt.R:86:3')"/>
    </testcase>
  </testsuite>
  <testsuite name="ael02" timestamp="2024-10-24T12:28:14Z" hostname="b45292acbac7" tests="9" skipped="3" failures="0" errors="0" time="2.687">
    <testcase time="0.0739999999999998" classname="ael02" name="ael02_works_with_adae_dataset"/>
    <testcase time="0.00099999999999989" classname="ael02" name="ael02_works_with_adae_dataset"/>
    <testcase time="0.819" classname="ael02" name="ael02_works_with_adae_dataset">
      <skipped message="Reason: On CRAN ('test-ael02.R:9:3')"/>
    </testcase>
    <testcase time="0.0600000000000001" classname="ael02" name="ael02_can_handle_all_missing_values"/>
    <testcase time="0.00100000000000033" classname="ael02" name="ael02_can_handle_all_missing_values"/>
    <testcase time="0.854" classname="ael02" name="ael02_can_handle_all_missing_values">
      <skipped message="Reason: On CRAN ('test-ael02.R:24:3')"/>
    </testcase>
    <testcase time="0.0549999999999997" classname="ael02" name="ael02_functions_work_as_expected"/>
    <testcase time="0.00199999999999978" classname="ael02" name="ael02_functions_work_as_expected"/>
    <testcase time="0.821000000000001" classname="ael02" name="ael02_functions_work_as_expected">
      <skipped message="Reason: On CRAN ('test-ael02.R:39:3')"/>
    </testcase>
  </testsuite>
  <testsuite name="ael03" timestamp="2024-10-24T12:28:17Z" hostname="b45292acbac7" tests="9" skipped="3" failures="0" errors="0" time="2.723">
    <testcase time="0.0739999999999998" classname="ael03" name="ael03_works_with_adae_dataset"/>
    <testcase time="0.000999999999999446" classname="ael03" name="ael03_works_with_adae_dataset"/>
    <testcase time="0.837000000000001" classname="ael03" name="ael03_works_with_adae_dataset">
      <skipped message="Reason: On CRAN ('test-ael03.R:9:3')"/>
    </testcase>
    <testcase time="0.0579999999999998" classname="ael03" name="ael03_can_handle_all_missing_values"/>
    <testcase time="0.00100000000000033" classname="ael03" name="ael03_can_handle_all_missing_values"/>
    <testcase time="0.869999999999999" classname="ael03" name="ael03_can_handle_all_missing_values">
      <skipped message="Reason: On CRAN ('test-ael03.R:25:3')"/>
    </testcase>
    <testcase time="0.0570000000000004" classname="ael03" name="ael03_functions_work_as_expected"/>
    <testcase time="0.00100000000000033" classname="ael03" name="ael03_functions_work_as_expected"/>
    <testcase time="0.823999999999999" classname="ael03" name="ael03_functions_work_as_expected">
      <skipped message="Reason: On CRAN ('test-ael03.R:39:3')"/>
    </testcase>
  </testsuite>
  <testsuite name="aet01" timestamp="2024-10-24T12:28:19Z" hostname="b45292acbac7" tests="11" skipped="5" failures="0" errors="0" time="2.814">
    <testcase time="0.424000000000001" classname="aet01" name="aet01_can_handle_all_NA_values"/>
    <testcase time="0.260999999999999" classname="aet01" name="aet01_can_handle_all_NA_values">
      <skipped message="Reason: On CRAN ('test-aet01.R:12:3')"/>
    </testcase>
    <testcase time="0.290000000000001" classname="aet01" name="aet01_can_handle_some_NA_values"/>
    <testcase time="0.255999999999998" classname="aet01" name="aet01_can_handle_some_NA_values">
      <skipped message="Reason: On CRAN ('test-aet01.R:30:3')"/>
    </testcase>
    <testcase time="0.219000000000001" classname="aet01" name="aet01_can_use_custom_anl_vars"/>
    <testcase time="0.151" classname="aet01" name="aet01_can_use_custom_anl_vars">
      <skipped message="Reason: On CRAN ('test-aet01.R:37:3')"/>
    </testcase>
    <testcase time="0.0679999999999996" classname="aet01" name="aet01_fails_on_incomplete_data_input"/>
    <testcase time="0.300000000000001" classname="aet01" name="aet01_can_use_custom_medconcept_var"/>
    <testcase time="0.437999999999999" classname="aet01" name="aet01_can_use_custom_medconcept_var">
      <skipped message="Reason: On CRAN ('test-aet01.R:69:3')"/>
    </testcase>
    <testcase time="0.192" classname="aet01" name="aet01_can_conditionally_show_the_number_of_withdrawal"/>
    <testcase time="0.215" classname="aet01" name="aet01_can_conditionally_show_the_number_of_withdrawal">
      <skipped message="Reason: On CRAN ('test-aet01.R:75:3')"/>
    </testcase>
  </testsuite>
  <testsuite name="aet01_aesi" timestamp="2024-10-24T12:28:22Z" hostname="b45292acbac7" tests="7" skipped="3" failures="0" errors="0" time="1.573">
    <testcase time="0.227" classname="aet01_aesi" name="aet01_aesi_can_handle_all_NA_values"/>
    <testcase time="0.232000000000001" classname="aet01_aesi" name="aet01_aesi_can_handle_all_NA_values">
      <skipped message="Reason: On CRAN ('test-aet01_aesi.R:17:3')"/>
    </testcase>
    <testcase time="0.202999999999999" classname="aet01_aesi" name="aet01_aesi_can_handle_some_NA_values"/>
    <testcase time="0.228" classname="aet01_aesi" name="aet01_aesi_can_handle_some_NA_values">
      <skipped message="Reason: On CRAN ('test-aet01_aesi.R:31:3')"/>
    </testcase>
    <testcase time="0.272" classname="aet01_aesi" name="aet01_aesi_works_with_ALL_argument"/>
    <testcase time="0.356" classname="aet01_aesi" name="aet01_aesi_works_with_ALL_argument">
      <skipped message="Reason: On CRAN ('test-aet01_aesi.R:38:3')"/>
    </testcase>
    <testcase time="0.0549999999999997" classname="aet01_aesi" name="aet01_aesi_check_fails_on_incomplete_data_input"/>
  </testsuite>
  <testsuite name="aet02" timestamp="2024-10-24T12:28:24Z" hostname="b45292acbac7" tests="3" skipped="1" failures="0" errors="0" time="1.555">
    <testcase time="0.048" classname="aet02" name="aet02_fails_on_incomplete_data_input"/>
    <testcase time="0.119" classname="aet02" name="aet02_handle_empty_data_input"/>
    <testcase time="1.388" classname="aet02" name="aet02_can_have_different_levels_of_row_split">
      <skipped message="Reason: On CRAN ('test-aet02.R:32:3')"/>
    </testcase>
  </testsuite>
  <testsuite name="aet03" timestamp="2024-10-24T12:28:25Z" hostname="b45292acbac7" tests="4" skipped="2" failures="0" errors="0" time="2.527">
    <testcase time="0.298" classname="aet03" name="aet03_can_handle_NA_values"/>
    <testcase time="0.229000000000001" classname="aet03" name="aet03_can_handle_NA_values">
      <skipped message="Reason: On CRAN ('test-aet03.R:10:3')"/>
    </testcase>
    <testcase time="1.317" classname="aet03" name="aet03_can_handle_some_NA_values"/>
    <testcase time="0.683" classname="aet03" name="aet03_can_handle_some_NA_values">
      <skipped message="Reason: On CRAN ('test-aet03.R:28:3')"/>
    </testcase>
  </testsuite>
  <testsuite name="aet04" timestamp="2024-10-24T12:28:28Z" hostname="b45292acbac7" tests="4" skipped="2" failures="0" errors="0" time="4.133">
    <testcase time="0.415000000000003" classname="aet04" name="aet04_can_handle_NA_values"/>
    <testcase time="0.381999999999998" classname="aet04" name="aet04_can_handle_NA_values">
      <skipped message="Reason: On CRAN ('test-aet04.R:10:3')"/>
    </testcase>
    <testcase time="2.234" classname="aet04" name="aet04_can_handle_some_NA_values"/>
    <testcase time="1.102" classname="aet04" name="aet04_can_handle_some_NA_values">
      <skipped message="Reason: On CRAN ('test-aet04.R:33:3')"/>
    </testcase>
  </testsuite>
  <testsuite name="aet05" timestamp="2024-10-24T12:28:32Z" hostname="b45292acbac7" tests="4" skipped="2" failures="0" errors="0" time="0.764">
    <testcase time="0.146999999999998" classname="aet05" name="aet05_can_handle_NA_values"/>
    <testcase time="0.219999999999999" classname="aet05" name="aet05_can_handle_NA_values">
      <skipped message="Reason: On CRAN ('test-aet05.R:7:3')"/>
    </testcase>
    <testcase time="0.144000000000002" classname="aet05" name="aet05_can_handle_some_NA_values"/>
    <testcase time="0.253" classname="aet05" name="aet05_can_handle_some_NA_values">
      <skipped message="Reason: On CRAN ('test-aet05.R:25:3')"/>
    </testcase>
  </testsuite>
  <testsuite name="aet05_all" timestamp="2024-10-24T12:28:33Z" hostname="b45292acbac7" tests="4" skipped="2" failures="0" errors="0" time="0.784">
    <testcase time="0.145" classname="aet05_all" name="aet05_all_can_handle_NA_values"/>
    <testcase time="0.245999999999999" classname="aet05_all" name="aet05_all_can_handle_NA_values">
      <skipped message="Reason: On CRAN ('test-aet05_all.R:7:3')"/>
    </testcase>
    <testcase time="0.139000000000003" classname="aet05_all" name="aet05_all_can_handle_some_NA_values"/>
    <testcase time="0.253999999999998" classname="aet05_all" name="aet05_all_can_handle_some_NA_values">
      <skipped message="Reason: On CRAN ('test-aet05_all.R:22:3')"/>
    </testcase>
  </testsuite>
  <testsuite name="aet10" timestamp="2024-10-24T12:28:34Z" hostname="b45292acbac7" tests="4" skipped="2" failures="0" errors="0" time="0.484">
    <testcase time="0.0779999999999994" classname="aet10" name="aet10_can_handle_NA_values"/>
    <testcase time="0.104000000000003" classname="aet10" name="aet10_can_handle_NA_values">
      <skipped message="Reason: On CRAN ('test-aet10.R:10:3')"/>
    </testcase>
    <testcase time="0.100999999999999" classname="aet10" name="aet10_can_handle_some_NA_values"/>
    <testcase time="0.201000000000001" classname="aet10" name="aet10_can_handle_some_NA_values">
      <skipped message="Reason: On CRAN ('test-aet10.R:25:3')"/>
    </testcase>
  </testsuite>
  <testsuite name="assertions" timestamp="2024-10-24T12:28:34Z" hostname="b45292acbac7" tests="33" skipped="0" failures="0" errors="0" time="0.18">
    <testcase time="0.0239999999999974" classname="assertions" name="assert_valid_var.character_works_as_expected"/>
    <testcase time="0.00600000000000023" classname="assertions" name="assert_valid_var.character_works_as_expected"/>
    <testcase time="0.00400000000000134" classname="assertions" name="assert_valid_var.character_works_as_expected"/>
    <testcase time="0.00499999999999901" classname="assertions" name="assert_valid_var.character_works_as_expected"/>
    <testcase time="0.00200000000000244" classname="assertions" name="assert_valid_var.character_works_as_expected"/>
    <testcase time="0.00399999999999778" classname="assertions" name="assert_valid_var.factor_works_as_expected"/>
    <testcase time="0.00499999999999901" classname="assertions" name="assert_valid_var.factor_works_as_expected"/>
    <testcase time="0.00400000000000134" classname="assertions" name="assert_valid_var.factor_works_as_expected"/>
    <testcase time="0.00499999999999901" classname="assertions" name="assert_valid_var.factor_works_as_expected"/>
    <testcase time="0.00100000000000122" classname="assertions" name="assert_valid_var.factor_works_as_expected"/>
    <testcase time="0.00499999999999901" classname="assertions" name="assert_valid_var.logical_works_as_expected"/>
    <testcase time="0.00400000000000134" classname="assertions" name="assert_valid_var.logical_works_as_expected"/>
    <testcase time="0.00499999999999901" classname="assertions" name="assert_valid_var.logical_works_as_expected"/>
    <testcase time="0.00100000000000122" classname="assertions" name="assert_valid_var.logical_works_as_expected"/>
    <testcase time="0.00499999999999901" classname="assertions" name="assert_valid_var.numeric_works_as_expected"/>
    <testcase time="0.00499999999999901" classname="assertions" name="assert_valid_var.numeric_works_as_expected"/>
    <testcase time="0.00400000000000134" classname="assertions" name="assert_valid_var.numeric_works_as_expected"/>
    <testcase time="0.00100000000000122" classname="assertions" name="assert_valid_var.numeric_works_as_expected"/>
    <testcase time="0.00400000000000134" classname="assertions" name="assert_valid_var.numeric_works_as_expected"/>
    <testcase time="0.00199999999999889" classname="assertions" name="assert_valid_var.numeric_works_as_expected"/>
    <testcase time="0.0169999999999995" classname="assertions" name="assert_valid_var.POSIXct_works_as_expected"/>
    <testcase time="0.017000000000003" classname="assertions" name="assert_valid_var.POSIXct_works_as_expected"/>
    <testcase time="0.00499999999999901" classname="assertions" name="assert_valid_variable_works_as_expected"/>
    <testcase time="0.00199999999999889" classname="assertions" name="assert_valid_variable_works_as_expected"/>
    <testcase time="0.00700000000000145" classname="assertions" name="assert_valid_variable_works_as_expected"/>
    <testcase time="0.00199999999999889" classname="assertions" name="assert_valid_variable_works_as_expected"/>
    <testcase time="0.00600000000000023" classname="assertions" name="assert_valid_variable_works_as_expected"/>
    <testcase time="0.00199999999999889" classname="assertions" name="assert_valid_variable_works_as_expected"/>
    <testcase time="0.00500000000000256" classname="assertions" name="assert_valid_var_pair_works_as_expected_with_character"/>
    <testcase time="0.00499999999999901" classname="assertions" name="assert_valid_var_pair_works_as_expected_with_character"/>
    <testcase time="0.00600000000000023" classname="assertions" name="assert_valid_var_pair_works_as_expected_with_factor"/>
    <testcase time="0.00499999999999901" classname="assertions" name="assert_valid_var_pair_works_as_expected_with_factor"/>
    <testcase time="0.00499999999999901" classname="assertions" name="assert_valid_var_pair_works_as_expected_with_factor"/>
  </testsuite>
  <testsuite name="cfbt01" timestamp="2024-10-24T12:28:34Z" hostname="b45292acbac7" tests="3" skipped="2" failures="0" errors="0" time="8.89">
    <testcase time="6.59" classname="cfbt01" name="cfbt01_functions_with_default_argument_value_return_expected_result_with_test_data">
      <skipped message="Reason: On CRAN ('test-cfbt01.R:8:3')"/>
    </testcase>
    <testcase time="0.754999999999999" classname="cfbt01" name="cfbt01_can_handle_n_0_and_outputs_NE_instead_of_infs_and_NAs"/>
    <testcase time="1.545" classname="cfbt01" name="cfbt01_can_handle_n_0_and_outputs_NE_instead_of_infs_and_NAs">
      <skipped message="Reason: On CRAN ('test-cfbt01.R:24:3')"/>
    </testcase>
  </testsuite>
  <testsuite name="checks" timestamp="2024-10-24T12:28:43Z" hostname="b45292acbac7" tests="8" skipped="0" failures="0" errors="0" time="0.035">
    <testcase time="0.017000000000003" classname="checks" name="check_all_colnames_works_as_expected"/>
    <testcase time="0.00300000000000011" classname="checks" name="check_all_colnames_works_as_expected"/>
    <testcase time="0.000999999999997669" classname="checks" name="check_all_colnames_works_as_expected"/>
    <testcase time="0.00300000000000011" classname="checks" name="check_all_colnames_works_as_expected"/>
    <testcase time="0.00500000000000256" classname="checks" name="check_one_colnames_works_as_expected"/>
    <testcase time="0.00199999999999534" classname="checks" name="check_one_colnames_works_as_expected"/>
    <testcase time="0.00200000000000244" classname="checks" name="check_one_colnames_works_as_expected"/>
    <testcase time="0.00200000000000244" classname="checks" name="check_one_colnames_works_as_expected"/>
  </testsuite>
  <testsuite name="chevron_tlg-class" timestamp="2024-10-24T12:28:43Z" hostname="b45292acbac7" tests="27" skipped="0" failures="0" errors="0" time="0.086">
    <testcase time="0.00900000000000034" classname="chevron_tlg_class" name="chevron_t_object_can_be_constructed_with_default_values"/>
    <testcase time="0.00199999999999534" classname="chevron_tlg_class" name="chevron_t_object_can_be_constructed_with_default_values"/>
    <testcase time="0.00600000000000023" classname="chevron_tlg_class" name="chevron_t_object_can_be_constructed_with_custom_values"/>
    <testcase time="0.00200000000000244" classname="chevron_tlg_class" name="chevron_t_object_can_be_constructed_with_custom_values"/>
    <testcase time="0.00200000000000244" classname="chevron_tlg_class" name="chevron_t_object_can_be_constructed_with_custom_values"/>
    <testcase time="0.00300000000000011" classname="chevron_tlg_class" name="chevron_t_object_can_be_constructed_with_custom_values"/>
    <testcase time="0.00599999999999312" classname="chevron_tlg_class" name="chevron_t_constructor_returns_an_error_when_expected"/>
    <testcase time="0.00100000000000477" classname="chevron_tlg_class" name="chevron_t_constructor_returns_an_error_when_expected"/>
    <testcase time="0.000999999999997669" classname="chevron_tlg_class" name="chevron_t_constructor_returns_an_error_when_expected"/>
    <testcase time="0.000999999999997669" classname="chevron_tlg_class" name="chevron_t_constructor_returns_an_error_when_expected"/>
    <testcase time="0.00100000000000477" classname="chevron_tlg_class" name="chevron_t_constructor_returns_an_error_when_expected"/>
    <testcase time="0.000999999999997669" classname="chevron_tlg_class" name="chevron_t_constructor_returns_an_error_when_expected"/>
    <testcase time="0.00600000000000023" classname="chevron_tlg_class" name="chevron_l_object_can_be_constructed_with_default_values"/>
    <testcase time="0.00200000000000244" classname="chevron_tlg_class" name="chevron_l_object_can_be_constructed_with_default_values"/>
    <testcase time="0.00600000000000023" classname="chevron_tlg_class" name="chevron_g_object_can_be_constructed_with_custom_values"/>
    <testcase time="0.00300000000000011" classname="chevron_tlg_class" name="chevron_g_object_can_be_constructed_with_custom_values"/>
    <testcase time="0.00199999999999534" classname="chevron_tlg_class" name="chevron_g_object_can_be_constructed_with_custom_values"/>
    <testcase time="0.00300000000000011" classname="chevron_tlg_class" name="chevron_g_object_can_be_constructed_with_custom_values"/>
    <testcase time="0.00500000000000256" classname="chevron_tlg_class" name="chevron_g_constructor_returns_an_error_when_expected"/>
    <testcase time="0.000999999999997669" classname="chevron_tlg_class" name="chevron_g_constructor_returns_an_error_when_expected"/>
    <testcase time="0.00100000000000477" classname="chevron_tlg_class" name="chevron_g_constructor_returns_an_error_when_expected"/>
    <testcase time="0.000999999999997669" classname="chevron_tlg_class" name="chevron_g_constructor_returns_an_error_when_expected"/>
    <testcase time="0.000999999999997669" classname="chevron_tlg_class" name="chevron_g_constructor_returns_an_error_when_expected"/>
    <testcase time="0.00100000000000477" classname="chevron_tlg_class" name="chevron_g_constructor_returns_an_error_when_expected"/>
    <testcase time="0.00600000000000023" classname="chevron_tlg_class" name="chevron_simple_works_correctly"/>
    <testcase time="0.00199999999999534" classname="chevron_tlg_class" name="chevron_simple_works_correctly"/>
    <testcase time="0.0110000000000028" classname="chevron_tlg_class" name="chevron_simple_errors_if_contains_return"/>
  </testsuite>
  <testsuite name="chevron_tlg-methods" timestamp="2024-10-24T12:28:43Z" hostname="b45292acbac7" tests="39" skipped="15" failures="0" errors="0" time="6.652">
    <testcase time="1.25" classname="chevron_tlg_methods" name="run_works_as_expected_for_chevron_t_object"/>
    <testcase time="0.531999999999996" classname="chevron_tlg_methods" name="run_works_as_expected_for_chevron_t_object">
      <skipped message="Reason: On CRAN ('test-chevron_tlg-methods.R:8:3')"/>
    </testcase>
    <testcase time="0.544000000000004" classname="chevron_tlg_methods" name="run_works_as_expected_for_chevron_t_object_when_auto_pre_FALSE">
      <skipped message="Reason: On CRAN ('test-chevron_tlg-methods.R:17:3')"/>
    </testcase>
    <testcase time="0.281999999999996" classname="chevron_tlg_methods" name="run_works_as_expected_with_argument_printed">
      <skipped message="Reason: On CRAN ('test-chevron_tlg-methods.R:24:3')"/>
    </testcase>
    <testcase time="0.380000000000003" classname="chevron_tlg_methods" name="run_works_as_expected_with_argument_printed_if_the_user_argument_is_complicated">
      <skipped message="Reason: On CRAN ('test-chevron_tlg-methods.R:32:3')"/>
    </testcase>
    <testcase time="0.378" classname="chevron_tlg_methods" name="run_uses_the_argument_passed_through_the_ellipsis_in_priority">
      <skipped message="Reason: On CRAN ('test-chevron_tlg-methods.R:51:3')"/>
    </testcase>
    <testcase time="0.280999999999999" classname="chevron_tlg_methods" name="run_works_as_expected_with_partial_match_argument">
      <skipped message="Reason: On CRAN ('test-chevron_tlg-methods.R:58:3')"/>
    </testcase>
    <testcase time="0.378" classname="chevron_tlg_methods" name="run_displays_the_symbols_when_available">
      <skipped message="Reason: On CRAN ('test-chevron_tlg-methods.R:79:3')"/>
    </testcase>
    <testcase time="0.286000000000001" classname="chevron_tlg_methods" name="run_print_internal_functions_when_unwrap_is_TRUE">
      <skipped message="Reason: On CRAN ('test-chevron_tlg-methods.R:85:3')"/>
    </testcase>
    <testcase time="1.101" classname="chevron_tlg_methods" name="run_print_internal_functions_when_unwrap_is_TRUE_and_standard_chevron_tlg_has_no_layout">
      <skipped message="Reason: On CRAN ('test-chevron_tlg-methods.R:90:3')"/>
    </testcase>
    <testcase time="0.0230000000000032" classname="chevron_tlg_methods" name="run_print_internal_functions_when_unwrap_is_TRUE_and_the_chevron_tlg_object_is_customized">
      <skipped message="Reason: On CRAN ('test-chevron_tlg-methods.R:102:3')"/>
    </testcase>
    <testcase time="0.019999999999996" classname="chevron_tlg_methods" name="run_print_main_and_postprocessing_functions_when_unwrap_is_TRUE_and_auto_pre_is_FALSE">
      <skipped message="Reason: On CRAN ('test-chevron_tlg-methods.R:114:3')"/>
    </testcase>
    <testcase time="0.0120000000000005" classname="chevron_tlg_methods" name="args_ls_works_as_expected"/>
    <testcase time="0.000999999999997669" classname="chevron_tlg_methods" name="args_ls_works_as_expected"/>
    <testcase time="0.00100000000000477" classname="chevron_tlg_methods" name="args_ls_works_as_expected"/>
    <testcase time="0.00499999999999545" classname="chevron_tlg_methods" name="args_ls_works_as_expected_when_simplify_is_TRUE"/>
    <testcase time="0.00100000000000477" classname="chevron_tlg_methods" name="args_ls_works_as_expected_when_simplify_is_TRUE"/>
    <testcase time="0.000999999999997669" classname="chevron_tlg_methods" name="args_ls_works_as_expected_when_simplify_is_TRUE"/>
    <testcase time="0.00500000000000256" classname="chevron_tlg_methods" name="args_ls_works_as_expected_with_custom_chevron_tlg_object"/>
    <testcase time="0.00199999999999534" classname="chevron_tlg_methods" name="args_ls_works_as_expected_with_custom_chevron_tlg_object"/>
    <testcase time="0.00100000000000477" classname="chevron_tlg_methods" name="args_ls_works_as_expected_with_custom_chevron_tlg_object"/>
    <testcase time="0.00199999999999534" classname="chevron_tlg_methods" name="args_ls_works_as_expected_with_custom_chevron_tlg_object"/>
    <testcase time="0.00600000000000023" classname="chevron_tlg_methods" name="main_works_as_expected"/>
    <testcase time="0.00600000000000023" classname="chevron_tlg_methods" name="main_setter_works_as_expected"/>
    <testcase time="0.00999999999999801" classname="chevron_tlg_methods" name="main_setter_throw_an_error_as_expected"/>
    <testcase time="0.00600000000000023" classname="chevron_tlg_methods" name="preprocess_works_as_expected"/>
    <testcase time="0.00600000000000023" classname="chevron_tlg_methods" name="preprocess_setter_works_as_expected"/>
    <testcase time="0.0100000000000051" classname="chevron_tlg_methods" name="preprocess_sends_an_error_as_expected"/>
    <testcase time="0.00499999999999545" classname="chevron_tlg_methods" name="postprocess_works_as_expected"/>
    <testcase time="0.00600000000000023" classname="chevron_tlg_methods" name="postprocess_setter_works_as_expected"/>
    <testcase time="0.0100000000000051" classname="chevron_tlg_methods" name="postprocess_sends_an_error_as_expected"/>
    <testcase time="0.00499999999999545" classname="chevron_tlg_methods" name="script_funs_works_as_expected_in_interactive_mode">
      <skipped message="Reason: !interactive() is TRUE ('test-chevron_tlg-methods.R:241:3')"/>
    </testcase>
    <testcase time="0.0129999999999981" classname="chevron_tlg_methods" name="script_funs_works_as_expected"/>
    <testcase time="0.00100000000000477" classname="chevron_tlg_methods" name="script_funs_works_as_expected"/>
    <testcase time="1.034" classname="chevron_tlg_methods" name="script_funs_generates_a_valid_script">
      <skipped message="Reason: On CRAN ('test-chevron_tlg-methods.R:264:5')"/>
    </testcase>
    <testcase time="0.0150000000000006" classname="chevron_tlg_methods" name="script_funs_works_for_simple_template"/>
    <testcase time="0.000999999999997669" classname="chevron_tlg_methods" name="script_funs_works_for_simple_template"/>
    <testcase time="0.0140000000000029" classname="chevron_tlg_methods" name="print_list_works">
      <skipped message="Reason: On CRAN ('test-chevron_tlg-methods.R:280:3')"/>
    </testcase>
    <testcase time="0.0180000000000007" classname="chevron_tlg_methods" name="print_list_works_for_empty_list">
      <skipped message="Reason: On CRAN ('test-chevron_tlg-methods.R:284:3')"/>
    </testcase>
  </testsuite>
  <testsuite name="cml02a_gl" timestamp="2024-10-24T12:28:50Z" hostname="b45292acbac7" tests="6" skipped="3" failures="0" errors="0" time="0.478">
    <testcase time="0.0399999999999991" classname="cml02a_gl" name="cml02a_gl_works_with_adcm_dataset"/>
    <testcase time="0.137999999999998" classname="cml02a_gl" name="cml02a_gl_works_with_adcm_dataset">
      <skipped message="Reason: On CRAN ('test-cml02a_gl.R:5:3')"/>
    </testcase>
    <testcase time="0.0330000000000013" classname="cml02a_gl" name="cml02a_gl_works_with_missing_data"/>
    <testcase time="0.0970000000000013" classname="cml02a_gl" name="cml02a_gl_works_with_missing_data">
      <skipped message="Reason: On CRAN ('test-cml02a_gl.R:13:3')"/>
    </testcase>
    <testcase time="0.036999999999999" classname="cml02a_gl" name="cml02a_gl_functions_work_as_expected"/>
    <testcase time="0.133000000000003" classname="cml02a_gl" name="cml02a_gl_functions_work_as_expected">
      <skipped message="Reason: On CRAN ('test-cml02a_gl.R:24:3')"/>
    </testcase>
  </testsuite>
  <testsuite name="cmt01a" timestamp="2024-10-24T12:28:50Z" hostname="b45292acbac7" tests="6" skipped="4" failures="0" errors="0" time="3.554">
    <testcase time="1.069" classname="cmt01a" name="cmt01a_functions_with_default_argument_value_return_expected_result_with_test_data">
      <skipped message="Reason: On CRAN ('test-cmt01a.R:7:3')"/>
    </testcase>
    <testcase time="1.022" classname="cmt01a" name="cmt01a_functions_with_custom_argument_value_return_expected_result_with_test_data">
      <skipped message="Reason: On CRAN ('test-cmt01a.R:20:3')"/>
    </testcase>
    <testcase time="0.154000000000003" classname="cmt01a" name="cmt01a_can_handle_all_NA_values"/>
    <testcase time="0.149999999999999" classname="cmt01a" name="cmt01a_can_handle_all_NA_values">
      <skipped message="Reason: On CRAN ('test-cmt01a.R:35:3')"/>
    </testcase>
    <testcase time="0.597999999999999" classname="cmt01a" name="cmt01a_can_handle_some_NA_values"/>
    <testcase time="0.561" classname="cmt01a" name="cmt01a_can_handle_some_NA_values">
      <skipped message="Reason: On CRAN ('test-cmt01a.R:44:3')"/>
    </testcase>
  </testsuite>
  <testsuite name="cmt02_pt" timestamp="2024-10-24T12:28:54Z" hostname="b45292acbac7" tests="4" skipped="2" failures="0" errors="0" time="0.599">
    <testcase time="0.118000000000002" classname="cmt02_pt" name="cmt02_pt_can_handle_all_NA_values"/>
    <testcase time="0.121000000000002" classname="cmt02_pt" name="cmt02_pt_can_handle_all_NA_values">
      <skipped message="Reason: On CRAN ('test-cmt02_pt.R:9:3')"/>
    </testcase>
    <testcase time="0.149999999999999" classname="cmt02_pt" name="cmt02_pt_can_handle_some_NA_values"/>
    <testcase time="0.210000000000001" classname="cmt02_pt" name="cmt02_pt_can_handle_some_NA_values">
      <skipped message="Reason: On CRAN ('test-cmt02_pt.R:18:3')"/>
    </testcase>
  </testsuite>
  <testsuite name="coxt01" timestamp="2024-10-24T12:28:55Z" hostname="b45292acbac7" tests="3" skipped="1" failures="0" errors="0" time="0.595">
    <testcase time="0.395000000000003" classname="coxt01" name="coxt01_can_handle_some_NA_values"/>
    <testcase time="0.177999999999997" classname="coxt01" name="coxt01_can_handle_some_NA_values">
      <skipped message="Reason: On CRAN ('test-coxt01.R:6:3')"/>
    </testcase>
    <testcase time="0.0219999999999985" classname="coxt01" name="coxt01_fails_on_incomlete_data"/>
  </testsuite>
  <testsuite name="coxt02" timestamp="2024-10-24T12:28:55Z" hostname="b45292acbac7" tests="3" skipped="1" failures="0" errors="0" time="0.799">
    <testcase time="0.548000000000002" classname="coxt02" name="coxt02_can_handle_some_NA_values"/>
    <testcase time="0.228000000000002" classname="coxt02" name="coxt02_can_handle_some_NA_values">
      <skipped message="Reason: On CRAN ('test-coxt02.R:5:3')"/>
    </testcase>
    <testcase time="0.0229999999999961" classname="coxt02" name="coxt02_fails_on_incomlete_data"/>
  </testsuite>
  <testsuite name="default_tlg" timestamp="2024-10-24T12:28:56Z" hostname="b45292acbac7" tests="15" skipped="15" failures="0" errors="0" time="11.469">
    <testcase time="0.143000000000001" classname="default_tlg" name="ael01_nollt_function_with_default_argument_value_return_expected_result_with_test_data">
      <skipped message="Reason: On CRAN ('test-default_tlg.R:5:3')"/>
    </testcase>
    <testcase time="0.535000000000004" classname="default_tlg" name="aet01_function_with_default_argument_value_return_expected_result_with_test_data">
      <skipped message="Reason: On CRAN ('test-default_tlg.R:12:3')"/>
    </testcase>
    <testcase time="0.485999999999997" classname="default_tlg" name="aet01_aesi_function_with_default_argument_value_return_expected_result_with_test_data">
      <skipped message="Reason: On CRAN ('test-default_tlg.R:19:3')"/>
    </testcase>
    <testcase time="0.971000000000004" classname="default_tlg" name="aet02_functions_with_default_argument_value_return_expected_result_with_test_data">
      <skipped message="Reason: On CRAN ('test-default_tlg.R:26:3')"/>
    </testcase>
    <testcase time="2.083" classname="default_tlg" name="aet03_functions_with_default_argument_value_return_expected_result_with_test_data">
      <skipped message="Reason: On CRAN ('test-default_tlg.R:33:3')"/>
    </testcase>
    <testcase time="3.2" classname="default_tlg" name="aet04_functions_with_default_argument_value_return_expected_result_with_test_data">
      <skipped message="Reason: On CRAN ('test-default_tlg.R:40:3')"/>
    </testcase>
    <testcase time="0.408000000000001" classname="default_tlg" name="aet05_functions_with_default_argument_value_return_expected_result_with_test_data">
      <skipped message="Reason: On CRAN ('test-default_tlg.R:47:3')"/>
    </testcase>
    <testcase time="0.420000000000002" classname="default_tlg" name="aet05_all_functions_with_default_argument_value_return_expected_result_with_test_data">
      <skipped message="Reason: On CRAN ('test-default_tlg.R:54:3')"/>
    </testcase>
    <testcase time="0.307000000000002" classname="default_tlg" name="aet10_functions_with_default_argument_value_return_expected_result_with_test_data">
      <skipped message="Reason: On CRAN ('test-default_tlg.R:61:3')"/>
    </testcase>
    <testcase time="0.533000000000001" classname="default_tlg" name="cmt02_pt_functions_with_default_argument_value_return_expected_result_with_test_data">
      <skipped message="Reason: On CRAN ('test-default_tlg.R:68:3')"/>
    </testcase>
    <testcase time="0.500999999999998" classname="default_tlg" name="coxt01_functions_with_default_argument_value_return_expected_result_with_test_data">
      <skipped message="Reason: On CRAN ('test-default_tlg.R:78:3')"/>
    </testcase>
    <testcase time="0.732999999999997" classname="default_tlg" name="coxt02_functions_with_default_argument_value_return_expected_result_with_test_data">
      <skipped message="Reason: On CRAN ('test-default_tlg.R:86:3')"/>
    </testcase>
    <testcase time="0.547999999999995" classname="default_tlg" name="dmt01_functions_with_default_argument_value_return_expected_result_with_test_data">
      <skipped message="Reason: On CRAN ('test-default_tlg.R:93:3')"/>
    </testcase>
    <testcase time="0.356000000000002" classname="default_tlg" name="dst01_functions_with_default_argument_value_return_expected_result_with_test_data">
      <skipped message="Reason: On CRAN ('test-default_tlg.R:100:3')"/>
    </testcase>
    <testcase time="0.244999999999997" classname="default_tlg" name="dtht01_functions_with_default_argument_value_return_expected_result_with_test_data">
      <skipped message="Reason: On CRAN ('test-default_tlg.R:107:3')"/>
    </testcase>
  </testsuite>
  <testsuite name="dmt01" timestamp="2024-10-24T12:29:07Z" hostname="b45292acbac7" tests="19" skipped="9" failures="0" errors="0" time="3.982">
    <testcase time="0.194000000000003" classname="dmt01" name="dmt01_can_handle_NA_values"/>
    <testcase time="0.277999999999999" classname="dmt01" name="dmt01_can_handle_NA_values">
      <skipped message="Reason: On CRAN ('test-dmt01.R:8:3')"/>
    </testcase>
    <testcase time="0.198" classname="dmt01" name="dmt01_can_handle_numeric_NA_values"/>
    <testcase time="0.370000000000005" classname="dmt01" name="dmt01_can_handle_numeric_NA_values">
      <skipped message="Reason: On CRAN ('test-dmt01.R:16:3')"/>
    </testcase>
    <testcase time="0.0229999999999961" classname="dmt01" name="dmt01_returns_an_error_when_variables_are_of_the_wrong_type"/>
    <testcase time="0.143000000000001" classname="dmt01" name="dmt01_works_as_expected_with_setting_default_precision"/>
    <testcase time="0.280999999999999" classname="dmt01" name="dmt01_works_as_expected_with_setting_default_precision">
      <skipped message="Reason: On CRAN ('test-dmt01.R:37:3')"/>
    </testcase>
    <testcase time="0.160000000000004" classname="dmt01" name="dmt01_works_as_expected_with_auto_precision_settings"/>
    <testcase time="0.344000000000001" classname="dmt01" name="dmt01_works_as_expected_with_auto_precision_settings">
      <skipped message="Reason: On CRAN ('test-dmt01.R:43:3')"/>
    </testcase>
    <testcase time="0.158999999999999" classname="dmt01" name="dmt01_works_as_expected_with_auto_precision_settings_and_defined_precision"/>
    <testcase time="0.317999999999998" classname="dmt01" name="dmt01_works_as_expected_with_auto_precision_settings_and_defined_precision">
      <skipped message="Reason: On CRAN ('test-dmt01.R:49:3')"/>
    </testcase>
    <testcase time="0.152000000000001" classname="dmt01" name="dmt01_works_as_expected_with_auto_precision_settings_and_defined_precision_and_default"/>
    <testcase time="0.283000000000001" classname="dmt01" name="dmt01_works_as_expected_with_auto_precision_settings_and_defined_precision_and_default">
      <skipped message="Reason: On CRAN ('test-dmt01.R:57:3')"/>
    </testcase>
    <testcase time="0.143999999999998" classname="dmt01" name="dmt01_works_as_expected_with_cutomized_stats_value"/>
    <testcase time="0.244999999999997" classname="dmt01" name="dmt01_works_as_expected_with_cutomized_stats_value">
      <skipped message="Reason: On CRAN ('test-dmt01.R:71:3')"/>
    </testcase>
    <testcase time="0.152999999999999" classname="dmt01" name="dmt01_works_as_expected_with_empty_list_as_stats_value"/>
    <testcase time="0.284000000000006" classname="dmt01" name="dmt01_works_as_expected_with_empty_list_as_stats_value">
      <skipped message="Reason: On CRAN ('test-dmt01.R:85:3')"/>
    </testcase>
    <testcase time="0.090999999999994" classname="dmt01" name="dmt01_works_as_expected_with_only_one_summaryvars"/>
    <testcase time="0.162000000000006" classname="dmt01" name="dmt01_works_as_expected_with_only_one_summaryvars">
      <skipped message="Reason: On CRAN ('test-dmt01.R:97:3')"/>
    </testcase>
  </testsuite>
  <testsuite name="dst01" timestamp="2024-10-24T12:29:11Z" hostname="b45292acbac7" tests="14" skipped="7" failures="0" errors="0" time="2.389">
    <testcase time="0.155999999999999" classname="dst01" name="dst01_works_as_expected_when_all_data_are_NA"/>
    <testcase time="0.0539999999999949" classname="dst01" name="dst01_works_as_expected_when_all_data_are_NA">
      <skipped message="Reason: On CRAN ('test-dst01.R:11:3')"/>
    </testcase>
    <testcase time="0.128" classname="dst01" name="dst01_can_handle_all_NA_values_in_DCSREAS"/>
    <testcase time="0.129000000000005" classname="dst01" name="dst01_can_handle_all_NA_values_in_DCSREAS">
      <skipped message="Reason: On CRAN ('test-dst01.R:23:3')"/>
    </testcase>
    <testcase time="0.170000000000002" classname="dst01" name="dst01_can_handle_some_NA_values"/>
    <testcase time="0.199999999999996" classname="dst01" name="dst01_can_handle_some_NA_values">
      <skipped message="Reason: On CRAN ('test-dst01.R:31:3')"/>
    </testcase>
    <testcase time="0.148000000000003" classname="dst01" name="dst01_can_handle_missing_levels_in_status_var"/>
    <testcase time="0.0549999999999997" classname="dst01" name="dst01_can_handle_missing_levels_in_status_var">
      <skipped message="Reason: On CRAN ('test-dst01.R:42:3')"/>
    </testcase>
    <testcase time="0.186" classname="dst01" name="dst01_can_create_variants"/>
    <testcase time="0.207000000000001" classname="dst01" name="dst01_can_create_variants">
      <skipped message="Reason: On CRAN ('test-dst01.R:48:3')"/>
    </testcase>
    <testcase time="0.220999999999997" classname="dst01" name="dst01_can_create_variants"/>
    <testcase time="0.228000000000002" classname="dst01" name="dst01_can_create_variants">
      <skipped message="Reason: On CRAN ('test-dst01.R:54:3')"/>
    </testcase>
    <testcase time="0.246000000000002" classname="dst01" name="dst01_can_create_variants"/>
    <testcase time="0.260999999999996" classname="dst01" name="dst01_can_create_variants">
      <skipped message="Reason: On CRAN ('test-dst01.R:62:3')"/>
    </testcase>
  </testsuite>
  <testsuite name="dtht01" timestamp="2024-10-24T12:29:14Z" hostname="b45292acbac7" tests="5" skipped="3" failures="0" errors="0" time="1.381">
    <testcase time="0.114000000000004" classname="dtht01" name="dtht01_can_handle_all_NA_values"/>
    <testcase time="0.148999999999994" classname="dtht01" name="dtht01_can_handle_all_NA_values">
      <skipped message="Reason: On CRAN ('test-dtht01.R:12:3')"/>
    </testcase>
    <testcase time="0.232000000000006" classname="dtht01" name="dtht01_can_handle_some_NA_values"/>
    <testcase time="0.315999999999995" classname="dtht01" name="dtht01_can_handle_some_NA_values">
      <skipped message="Reason: On CRAN ('test-dtht01.R:20:3')"/>
    </testcase>
    <testcase time="0.57" classname="dtht01" name="dtht01_can_be_parametrize_as_expected">
      <skipped message="Reason: On CRAN ('test-dtht01.R:32:3')"/>
    </testcase>
  </testsuite>
  <testsuite name="egt01" timestamp="2024-10-24T12:29:15Z" hostname="b45292acbac7" tests="3" skipped="2" failures="0" errors="0" time="6.524">
    <testcase time="3.241" classname="egt01" name="egt01_functions_with_default_argument_value_return_expected_result_with_test_data">
      <skipped message="Reason: On CRAN ('test-egt01.R:7:3')"/>
    </testcase>
    <testcase time="1.217" classname="egt01" name="egt01_can_handle_n_0_and_outputs_NE_instead_of_infs_and_NAs"/>
    <testcase time="2.066" classname="egt01" name="egt01_can_handle_n_0_and_outputs_NE_instead_of_infs_and_NAs">
      <skipped message="Reason: On CRAN ('test-egt01.R:21:3')"/>
    </testcase>
  </testsuite>
  <testsuite name="egt02" timestamp="2024-10-24T12:29:22Z" hostname="b45292acbac7" tests="2" skipped="2" failures="0" errors="0" time="0.65">
    <testcase time="0.337999999999994" classname="egt02" name="egt02_1_functions_with_default_argument_value_return_expected_result_with_test_data">
      <skipped message="Reason: On CRAN ('test-egt02.R:7:3')"/>
    </testcase>
    <testcase time="0.312000000000012" classname="egt02" name="egt02_2_functions_with_default_value_return_expected_result_with_test_data">
      <skipped message="Reason: On CRAN ('test-egt02.R:15:3')"/>
    </testcase>
  </testsuite>
  <testsuite name="egt03" timestamp="2024-10-24T12:29:22Z" hostname="b45292acbac7" tests="5" skipped="2" failures="0" errors="0" time="3.245">
    <testcase time="1.55" classname="egt03" name="egt03_functions_with_default_argument_value_return_expected_result_with_test_data">
      <skipped message="Reason: On CRAN ('test-egt03.R:7:3')"/>
    </testcase>
    <testcase time="0.0240000000000009" classname="egt03" name="egt03_errors_on_all_NA_values"/>
    <testcase time="0.48599999999999" classname="egt03" name="egt03_can_handle_some_NA_values"/>
    <testcase time="1.15700000000001" classname="egt03" name="egt03_can_handle_some_NA_values">
      <skipped message="Reason: On CRAN ('test-egt03.R:30:3')"/>
    </testcase>
    <testcase time="0.0279999999999916" classname="egt03" name="egt03_fails_on_incomplete_data"/>
  </testsuite>
  <testsuite name="egt05_qtcat" timestamp="2024-10-24T12:29:26Z" hostname="b45292acbac7" tests="4" skipped="2" failures="0" errors="0" time="3.103">
    <testcase time="1.97" classname="egt05_qtcat" name="egt05_qtcat_functions_with_default_argument_value_return_expected_result_with_test_data">
      <skipped message="Reason: On CRAN ('test-egt05_qtcat.R:7:3')"/>
    </testcase>
    <testcase time="0.0300000000000011" classname="egt05_qtcat" name="egt05_qtcat_erros_on_all_NA_values"/>
    <testcase time="0.374000000000009" classname="egt05_qtcat" name="egt05_qtcat_can_handle_some_NA_values"/>
    <testcase time="0.728999999999999" classname="egt05_qtcat" name="egt05_qtcat_can_handle_some_NA_values">
      <skipped message="Reason: On CRAN ('test-egt05_qtcat.R:30:3')"/>
    </testcase>
  </testsuite>
  <testsuite name="empty_report" timestamp="2024-10-24T12:29:29Z" hostname="b45292acbac7" tests="25" skipped="0" failures="0" errors="0" time="2.639">
    <testcase time="0.102999999999994" classname="empty_report" name="tlg_functions_return_null_reports_when_domain_table_is_empty"/>
    <testcase time="0.257999999999996" classname="empty_report" name="tlg_functions_return_null_reports_when_domain_table_is_empty"/>
    <testcase time="0.191000000000003" classname="empty_report" name="tlg_functions_return_null_reports_when_domain_table_is_empty"/>
    <testcase time="0.0970000000000084" classname="empty_report" name="tlg_functions_return_null_reports_when_domain_table_is_empty"/>
    <testcase time="0.10199999999999" classname="empty_report" name="tlg_functions_return_null_reports_when_domain_table_is_empty"/>
    <testcase time="0.0630000000000024" classname="empty_report" name="tlg_functions_return_null_reports_when_domain_table_is_empty"/>
    <testcase time="0.0960000000000036" classname="empty_report" name="tlg_functions_return_null_reports_when_domain_table_is_empty"/>
    <testcase time="0.141000000000005" classname="empty_report" name="tlg_functions_return_null_reports_when_domain_table_is_empty"/>
    <testcase time="0.162999999999997" classname="empty_report" name="tlg_functions_return_null_reports_when_domain_table_is_empty"/>
    <testcase time="0.078000000000003" classname="empty_report" name="tlg_functions_return_null_reports_when_domain_table_is_empty"/>
    <testcase time="0.0989999999999895" classname="empty_report" name="tlg_functions_return_null_reports_when_domain_table_is_empty"/>
    <testcase time="0.0470000000000113" classname="empty_report" name="tlg_functions_return_null_reports_when_domain_table_is_empty"/>
    <testcase time="0.0529999999999973" classname="empty_report" name="tlg_functions_return_null_reports_when_domain_table_is_empty"/>
    <testcase time="0.0679999999999978" classname="empty_report" name="tlg_functions_return_null_reports_when_domain_table_is_empty"/>
    <testcase time="0.0720000000000027" classname="empty_report" name="tlg_functions_return_null_reports_when_domain_table_is_empty"/>
    <testcase time="0.0739999999999981" classname="empty_report" name="tlg_functions_return_null_reports_when_domain_table_is_empty"/>
    <testcase time="0.0819999999999936" classname="empty_report" name="tlg_functions_return_null_reports_when_domain_table_is_empty"/>
    <testcase time="0.0930000000000035" classname="empty_report" name="tlg_functions_return_null_reports_when_domain_table_is_empty"/>
    <testcase time="0.299999999999997" classname="empty_report" name="tlg_functions_return_null_reports_when_domain_table_is_empty"/>
    <testcase time="0.103000000000009" classname="empty_report" name="tlg_functions_return_null_reports_when_domain_table_is_empty"/>
    <testcase time="0.0859999999999985" classname="empty_report" name="tlg_functions_return_null_reports_when_domain_table_is_empty"/>
    <testcase time="0.0699999999999932" classname="empty_report" name="tlg_functions_return_null_reports_when_domain_table_is_empty"/>
    <testcase time="0.0930000000000035" classname="empty_report" name="tlg_functions_return_null_reports_when_domain_table_is_empty"/>
    <testcase time="0.0579999999999927" classname="empty_report" name="tlg_functions_return_null_reports_when_domain_table_is_empty"/>
    <testcase time="0.0490000000000066" classname="empty_report" name="tlg_functions_return_null_reports_when_domain_table_is_empty"/>
  </testsuite>
  <testsuite name="ext01" timestamp="2024-10-24T12:29:31Z" hostname="b45292acbac7" tests="8" skipped="7" failures="0" errors="0" time="4.471">
    <testcase time="0.478999999999999" classname="ext01" name="ext01_functions_with_default_argument_value_return_expected_result_with_test_data">
      <skipped message="Reason: On CRAN ('test-ext01.R:7:3')"/>
    </testcase>
    <testcase time="0.534000000000006" classname="ext01" name="ext01_functions_with_categorical_data_return_expected_result_with_test_data">
      <skipped message="Reason: On CRAN ('test-ext01.R:16:3')"/>
    </testcase>
    <testcase time="0.184999999999988" classname="ext01" name="ext01_works"/>
    <testcase time="0.300000000000011" classname="ext01" name="ext01_works">
      <skipped message="Reason: On CRAN ('test-ext01.R:25:3')"/>
    </testcase>
    <testcase time="0.528999999999996" classname="ext01" name="ext01_works_for_selected_parameters_and_categorical_variables">
      <skipped message="Reason: On CRAN ('test-ext01.R:39:3')"/>
    </testcase>
    <testcase time="0.810999999999993" classname="ext01" name="ext01_works_with_custom_mapping_order">
      <skipped message="Reason: On CRAN ('test-ext01.R:51:3')"/>
    </testcase>
    <testcase time="0.793000000000006" classname="ext01" name="ext01_works_with_custom_mapping_order_for_a_single_split">
      <skipped message="Reason: On CRAN ('test-ext01.R:61:3')"/>
    </testcase>
    <testcase time="0.840000000000003" classname="ext01" name="ext01_works_with_custom_mapping_fill_in_value">
      <skipped message="Reason: On CRAN ('test-ext01.R:73:3')"/>
    </testcase>
  </testsuite>
  <testsuite name="fstg01" timestamp="2024-10-24T12:29:36Z" hostname="b45292acbac7" tests="13" skipped="0" failures="0" errors="0" time="6.616">
    <testcase time="0.0210000000000008" classname="fstg01" name="fstg01_works_as_expected"/>
    <testcase time="1.259" classname="fstg01" name="fstg01_works_as_expected"/>
    <testcase time="0.00300000000000011" classname="fstg01" name="fstg01_works_as_expected"/>
    <testcase time="1.273" classname="fstg01" name="fstg01_works_as_expected_with_custom_color_set"/>
    <testcase time="0.00300000000000011" classname="fstg01" name="fstg01_works_as_expected_with_custom_color_set"/>
    <testcase time="1.248" classname="fstg01" name="fstg01_works_as_expected_with_custom_color_set"/>
    <testcase time="0.00300000000000011" classname="fstg01" name="fstg01_works_as_expected_with_custom_color_set"/>
    <testcase time="0.635999999999996" classname="fstg01" name="fstg01_works_if_changes_are_in_subgroups_conf_level_and_label_all"/>
    <testcase time="0.00300000000000011" classname="fstg01" name="fstg01_works_if_changes_are_in_subgroups_conf_level_and_label_all"/>
    <testcase time="0.884" classname="fstg01" name="fstg01_works_if_changes_are_in_subgroups_conf_level_and_label_all"/>
    <testcase time="0.00300000000000011" classname="fstg01" name="fstg01_works_if_changes_are_in_subgroups_conf_level_and_label_all"/>
    <testcase time="1.27199999999999" classname="fstg01" name="fstg01_can_handle_some_NA_values_in_subgroups"/>
    <testcase time="0.00800000000000978" classname="fstg01" name="fstg01_can_handle_some_NA_values_in_subgroups"/>
  </testsuite>
  <testsuite name="fstg02" timestamp="2024-10-24T12:29:42Z" hostname="b45292acbac7" tests="9" skipped="0" failures="0" errors="0" time="8.474">
    <testcase time="0.0159999999999911" classname="fstg02" name="fstg02_works_as_expected"/>
    <testcase time="1.38900000000001" classname="fstg02" name="fstg02_works_as_expected"/>
    <testcase time="1.11399999999999" classname="fstg02" name="fstg02_works_as_expected_with_custom_color_set"/>
    <testcase time="1.126" classname="fstg02" name="fstg02_works_as_expected_with_custom_color_set"/>
    <testcase time="0.554000000000002" classname="fstg02" name="fstg02_works_if_changes_are_in_subgroups_strata_var_conf_level_and_label_all"/>
    <testcase time="0.774000000000001" classname="fstg02" name="fstg02_works_if_changes_are_in_subgroups_strata_var_conf_level_and_label_all"/>
    <testcase time="1.146" classname="fstg02" name="fstg02_can_handle_some_NA_values_in_subgroups"/>
    <testcase time="1.169" classname="fstg02" name="fstg02_can_handle_customized_time_units"/>
    <testcase time="1.18600000000001" classname="fstg02" name="fstg02_can_handle_customized_time_units"/>
  </testsuite>
  <testsuite name="kmg01" timestamp="2024-10-24T12:29:51Z" hostname="b45292acbac7" tests="13" skipped="0" failures="0" errors="0" time="2.106">
    <testcase time="0.0109999999999957" classname="kmg01" name="kmg01_works_as_expected"/>
    <testcase time="0.355000000000004" classname="kmg01" name="kmg01_works_as_expected"/>
    <testcase time="0.00300000000000011" classname="kmg01" name="kmg01_works_as_expected"/>
    <testcase time="0.367999999999995" classname="kmg01" name="kmg01_works_as_expected_with_custom_color_set"/>
    <testcase time="0.00300000000000011" classname="kmg01" name="kmg01_works_as_expected_with_custom_color_set"/>
    <testcase time="0.350999999999999" classname="kmg01" name="kmg01_works_as_expected_with_custom_color_set"/>
    <testcase time="0.00300000000000011" classname="kmg01" name="kmg01_works_as_expected_with_custom_color_set"/>
    <testcase time="0.379000000000005" classname="kmg01" name="kmg01_works_if_change_pvalue_ties_and_conf_level"/>
    <testcase time="0.00300000000000011" classname="kmg01" name="kmg01_works_if_change_pvalue_ties_and_conf_level"/>
    <testcase time="0.375" classname="kmg01" name="kmg01_works_if_change_annotation_position"/>
    <testcase time="0.00300000000000011" classname="kmg01" name="kmg01_works_if_change_annotation_position"/>
    <testcase time="0.248999999999995" classname="kmg01" name="kmg01_works_for_stratified_analysis"/>
    <testcase time="0.00300000000000011" classname="kmg01" name="kmg01_works_for_stratified_analysis"/>
  </testsuite>
  <testsuite name="lbt01" timestamp="2024-10-24T12:29:53Z" hostname="b45292acbac7" tests="4" skipped="3" failures="0" errors="0" time="9.648">
    <testcase time="3.13500000000001" classname="lbt01" name="lbt01_functions_with_default_argument_value_return_expected_result_with_test_data">
      <skipped message="Reason: On CRAN ('test-lbt01.R:7:3')"/>
    </testcase>
    <testcase time="3.255" classname="lbt01" name="lbt01_functions_with_row_split_var_return_expected_result_with_test_data">
      <skipped message="Reason: On CRAN ('test-lbt01.R:17:3')"/>
    </testcase>
    <testcase time="1.023" classname="lbt01" name="lbt01_can_handle_n_0_and_outputs_NE_instead_of_infs_and_NAs"/>
    <testcase time="2.235" classname="lbt01" name="lbt01_can_handle_n_0_and_outputs_NE_instead_of_infs_and_NAs">
      <skipped message="Reason: On CRAN ('test-lbt01.R:31:3')"/>
    </testcase>
  </testsuite>
  <testsuite name="lbt04" timestamp="2024-10-24T12:30:03Z" hostname="b45292acbac7" tests="8" skipped="4" failures="0" errors="0" time="2.813">
    <testcase time="0.873000000000005" classname="lbt04" name="lbt04_functions_with_default_argument_value_return_expected_result_with_test_data">
      <skipped message="Reason: On CRAN ('test-lbt04.R:7:3')"/>
    </testcase>
    <testcase time="0.090999999999994" classname="lbt04" name="lbt04_can_handle_all_NA_values"/>
    <testcase time="0.054000000000002" classname="lbt04" name="lbt04_can_handle_all_NA_values">
      <skipped message="Reason: On CRAN ('test-lbt04.R:21:3')"/>
    </testcase>
    <testcase time="0.287000000000006" classname="lbt04" name="lbt04_can_handle_missing_levels"/>
    <testcase time="0.60199999999999" classname="lbt04" name="lbt04_can_handle_missing_levels">
      <skipped message="Reason: On CRAN ('test-lbt04.R:33:3')"/>
    </testcase>
    <testcase time="0.292000000000002" classname="lbt04" name="lbt04_can_handle_some_NA_values"/>
    <testcase time="0.591000000000008" classname="lbt04" name="lbt04_can_handle_some_NA_values">
      <skipped message="Reason: On CRAN ('test-lbt04.R:42:3')"/>
    </testcase>
    <testcase time="0.0229999999999961" classname="lbt04" name="lbt04_fails_on_incomlete_data"/>
  </testsuite>
  <testsuite name="lbt05" timestamp="2024-10-24T12:30:05Z" hostname="b45292acbac7" tests="5" skipped="2" failures="0" errors="0" time="1.621">
    <testcase time="0.644000000000005" classname="lbt05" name="lbt05_functions_with_default_argument_value_return_expected_result_with_test_data">
      <skipped message="Reason: On CRAN ('test-lbt05.R:7:3')"/>
    </testcase>
    <testcase time="0.295000000000002" classname="lbt05" name="lbt05_give_all_0_count_if_ANRIND_are_all_missing"/>
    <testcase time="0.276999999999987" classname="lbt05" name="lbt05_can_handle_some_NA_values"/>
    <testcase time="0.359000000000009" classname="lbt05" name="lbt05_can_handle_some_NA_values">
      <skipped message="Reason: On CRAN ('test-lbt05.R:38:3')"/>
    </testcase>
    <testcase time="0.0459999999999923" classname="lbt05" name="lbt05_fails_on_incomlete_data"/>
  </testsuite>
  <testsuite name="lbt06" timestamp="2024-10-24T12:30:07Z" hostname="b45292acbac7" tests="3" skipped="1" failures="0" errors="0" time="3.678">
    <testcase time="0.927000000000007" classname="lbt06" name="lbt06_gives_all_0_count_if_ANRIND_and_BNRIND_are_all_missing"/>
    <testcase time="2.702" classname="lbt06" name="lbt06_can_handle_some_NA_values">
      <skipped message="Reason: On CRAN ('test-lbt06.R:21:3')"/>
    </testcase>
    <testcase time="0.0490000000000066" classname="lbt06" name="lbt06_fails_on_incomplete_data"/>
  </testsuite>
  <testsuite name="lbt07" timestamp="2024-10-24T12:30:11Z" hostname="b45292acbac7" tests="4" skipped="2" failures="0" errors="0" time="1.587">
    <testcase time="0.771999999999991" classname="lbt07" name="lbt07_functions_with_default_argument_value_return_expected_result_with_test_data">
      <skipped message="Reason: On CRAN ('test-lbt07.R:7:3')"/>
    </testcase>
    <testcase time="0.38000000000001" classname="lbt07" name="lbt07_can_handle_some_NA_values"/>
    <testcase time="0.394999999999996" classname="lbt07" name="lbt07_can_handle_some_NA_values">
      <skipped message="Reason: On CRAN ('test-lbt07.R:23:3')"/>
    </testcase>
    <testcase time="0.039999999999992" classname="lbt07" name="lbt07_fails_on_incomlete_data"/>
  </testsuite>
  <testsuite name="lbt14" timestamp="2024-10-24T12:30:12Z" hostname="b45292acbac7" tests="16" skipped="10" failures="0" errors="0" time="7.305">
    <testcase time="0.63000000000001" classname="lbt14" name="lbt14_functions_with_default_argument_value_return_expected_result_with_test_data">
      <skipped message="Reason: On CRAN ('test-lbt14.R:11:3')"/>
    </testcase>
    <testcase time="0.494" classname="lbt14" name="lbt14_functions_with_default_argument_value_return_expected_result_with_test_data_when_direction_high">
      <skipped message="Reason: On CRAN ('test-lbt14.R:19:3')"/>
    </testcase>
    <testcase time="0.587999999999994" classname="lbt14" name="lbt14_functions_with_gr_missing_excl_return_expected_result_with_test_data">
      <skipped message="Reason: On CRAN ('test-lbt14.R:27:3')"/>
    </testcase>
    <testcase time="0.591999999999999" classname="lbt14" name="lbt14_functions_with_gr_missing_gr_0_return_expected_result_with_test_data">
      <skipped message="Reason: On CRAN ('test-lbt14.R:35:3')"/>
    </testcase>
    <testcase time="0.379000000000005" classname="lbt14" name="lbt14_can_handle_all_NA_values"/>
    <testcase time="0.116" classname="lbt14" name="lbt14_can_handle_all_NA_values">
      <skipped message="Reason: On CRAN ('test-lbt14.R:49:3')"/>
    </testcase>
    <testcase time="0.424999999999997" classname="lbt14" name="lbt14_can_handle_some_NA_values"/>
    <testcase time="0.308000000000007" classname="lbt14" name="lbt14_can_handle_some_NA_values">
      <skipped message="Reason: On CRAN ('test-lbt14.R:69:3')"/>
    </testcase>
    <testcase time="1.345" classname="lbt14" name="lbt14_can_accept_different_gr_missing">
      <skipped message="Reason: On CRAN ('test-lbt14.R:77:3')"/>
    </testcase>
    <testcase time="0.0279999999999916" classname="lbt14" name="lbt14_fails_on_incomlete_data"/>
    <testcase time="0.370000000000005" classname="lbt14" name="lbt14_can_handle_all_NA_values_with_direction_high"/>
    <testcase time="0.125" classname="lbt14" name="lbt14_can_handle_all_NA_values_with_direction_high">
      <skipped message="Reason: On CRAN ('test-lbt14.R:104:3')"/>
    </testcase>
    <testcase time="0.397999999999996" classname="lbt14" name="lbt14_can_handle_some_NA_values_with_direction_high"/>
    <testcase time="0.173000000000002" classname="lbt14" name="lbt14_can_handle_some_NA_values_with_direction_high">
      <skipped message="Reason: On CRAN ('test-lbt14.R:124:3')"/>
    </testcase>
    <testcase time="1.309" classname="lbt14" name="lbt14_can_accept_different_gr_missing_with_direction_high">
      <skipped message="Reason: On CRAN ('test-lbt14.R:133:3')"/>
    </testcase>
    <testcase time="0.0250000000000057" classname="lbt14" name="lbt14_fails_on_incomlete_data"/>
  </testsuite>
  <testsuite name="lbt15" timestamp="2024-10-24T12:30:20Z" hostname="b45292acbac7" tests="12" skipped="6" failures="0" errors="0" time="5.316">
    <testcase time="0.865000000000009" classname="lbt15" name="lbt15_functions_with_default_argument_value_return_expected_result_with_test_data">
      <skipped message="Reason: On CRAN ('test-lbt15.R:7:3')"/>
    </testcase>
    <testcase time="0.288999999999987" classname="lbt15" name="lbt15_can_handle_all_NA_values"/>
    <testcase time="0.580999999999989" classname="lbt15" name="lbt15_can_handle_all_NA_values">
      <skipped message="Reason: On CRAN ('test-lbt15.R:21:3')"/>
    </testcase>
    <testcase time="0.295000000000016" classname="lbt15" name="lbt15_can_handle_missing_levels"/>
    <testcase time="0.581999999999994" classname="lbt15" name="lbt15_can_handle_missing_levels">
      <skipped message="Reason: On CRAN ('test-lbt15.R:33:3')"/>
    </testcase>
    <testcase time="0.299000000000007" classname="lbt15" name="lbt15_can_handle_missing_levels_in_baseline"/>
    <testcase time="0.594999999999999" classname="lbt15" name="lbt15_can_handle_missing_levels_in_baseline">
      <skipped message="Reason: On CRAN ('test-lbt15.R:45:3')"/>
    </testcase>
    <testcase time="0.294000000000011" classname="lbt15" name="lbt15_can_handle_some_NA_values"/>
    <testcase time="0.600999999999999" classname="lbt15" name="lbt15_can_handle_some_NA_values">
      <skipped message="Reason: On CRAN ('test-lbt15.R:54:3')"/>
    </testcase>
    <testcase time="0.293999999999983" classname="lbt15" name="lbt15_can_handle_some_NA_values_in_baseline"/>
    <testcase time="0.597000000000008" classname="lbt15" name="lbt15_can_handle_some_NA_values_in_baseline">
      <skipped message="Reason: On CRAN ('test-lbt15.R:63:3')"/>
    </testcase>
    <testcase time="0.0240000000000009" classname="lbt15" name="lbt15_fails_on_incomlete_data"/>
  </testsuite>
  <testsuite name="mht01" timestamp="2024-10-24T12:30:25Z" hostname="b45292acbac7" tests="4" skipped="4" failures="0" errors="0" time="3.018">
    <testcase time="0.621999999999986" classname="mht01" name="mht01_functions_with_default_argument_value_return_expected_result_with_test_data">
      <skipped message="Reason: On CRAN ('test-mht01.R:7:3')"/>
    </testcase>
    <testcase time="0.621000000000009" classname="mht01" name="mht01_works">
      <skipped message="Reason: On CRAN ('test-mht01.R:16:3')"/>
    </testcase>
    <testcase time="0.621999999999986" classname="mht01" name="mht01_works_on_NULL_in_lbl_mhbodsys_or_lbl_mhdecod">
      <skipped message="Reason: On CRAN ('test-mht01.R:23:3')"/>
    </testcase>
    <testcase time="1.15300000000002" classname="mht01" name="mht01_works_with_other_row_split_var">
      <skipped message="Reason: On CRAN ('test-mht01.R:30:3')"/>
    </testcase>
  </testsuite>
  <testsuite name="mng01" timestamp="2024-10-24T12:30:28Z" hostname="b45292acbac7" tests="19" skipped="8" failures="0" errors="0" time="8.346">
    <testcase time="0.894999999999982" classname="mng01" name="mng01_works_as_expected_with_default_argument_values"/>
    <testcase time="0.00100000000000477" classname="mng01" name="mng01_works_as_expected_with_default_argument_values">
      <skipped message="Reason: On CI ('test-mng01.R:9:5')"/>
    </testcase>
    <testcase time="0.890000000000015" classname="mng01" name="mng01_works_as_expected_with_custom_argument_values"/>
    <testcase time="0.0109999999999957" classname="mng01" name="mng01_works_as_expected_with_custom_argument_values"/>
    <testcase time="0.00100000000000477" classname="mng01" name="mng01_works_as_expected_with_custom_argument_values">
      <skipped message="Reason: On CI ('test-mng01.R:45:5')"/>
    </testcase>
    <testcase time="0.888999999999982" classname="mng01" name="mng01_works_as_expected_with_custom_color_set"/>
    <testcase time="0.873000000000019" classname="mng01" name="mng01_works_as_expected_with_custom_color_set"/>
    <testcase time="0.00199999999998113" classname="mng01" name="mng01_works_as_expected_with_custom_color_set">
      <skipped message="Reason: On CI ('test-mng01.R:69:5')"/>
    </testcase>
    <testcase time="0.939999999999998" classname="mng01" name="mng01_works_as_expected_with_custom_line_type_set"/>
    <testcase time="0.915999999999997" classname="mng01" name="mng01_works_as_expected_with_custom_line_type_set"/>
    <testcase time="0.00100000000000477" classname="mng01" name="mng01_works_as_expected_with_custom_line_type_set">
      <skipped message="Reason: On CI ('test-mng01.R:91:5')"/>
    </testcase>
    <testcase time="0.146999999999991" classname="mng01" name="mng01_works_with_table_NULL"/>
    <testcase time="0.00100000000000477" classname="mng01" name="mng01_works_with_table_NULL">
      <skipped message="Reason: On CI ('test-mng01.R:104:5')"/>
    </testcase>
    <testcase time="0.921000000000021" classname="mng01" name="mng01_works_with_combination_of_x_variables"/>
    <testcase time="0.000999999999976353" classname="mng01" name="mng01_works_with_combination_of_x_variables">
      <skipped message="Reason: On CI ('test-mng01.R:122:5')"/>
    </testcase>
    <testcase time="0.90900000000002" classname="mng01" name="mng01_works_with_numeric_x_variable"/>
    <testcase time="0.000999999999976353" classname="mng01" name="mng01_works_with_numeric_x_variable">
      <skipped message="Reason: On CI ('test-mng01.R:143:5')"/>
    </testcase>
    <testcase time="0.945000000000022" classname="mng01" name="mng01_works_with_numeric_jitter"/>
    <testcase time="0.00199999999998113" classname="mng01" name="mng01_works_with_numeric_jitter">
      <skipped message="Reason: On CI ('test-mng01.R:161:5')"/>
    </testcase>
  </testsuite>
  <testsuite name="pdt01" timestamp="2024-10-24T12:30:36Z" hostname="b45292acbac7" tests="5" skipped="3" failures="0" errors="0" time="1.178">
    <testcase time="0.448000000000008" classname="pdt01" name="pdt01_function_with_default_argument_value_return_expected_result_with_test_data">
      <skipped message="Reason: On CRAN ('test-pdt01.R:7:3')"/>
    </testcase>
    <testcase time="0.125" classname="pdt01" name="pdt01_can_handle_all_NA_values"/>
    <testcase time="0.14500000000001" classname="pdt01" name="pdt01_can_handle_all_NA_values">
      <skipped message="Reason: On CRAN ('test-pdt01.R:22:3')"/>
    </testcase>
    <testcase time="0.213999999999999" classname="pdt01" name="pdt01_can_handle_some_NA_values"/>
    <testcase time="0.245999999999981" classname="pdt01" name="pdt01_can_handle_some_NA_values">
      <skipped message="Reason: On CRAN ('test-pdt01.R:38:3')"/>
    </testcase>
  </testsuite>
  <testsuite name="pdt02" timestamp="2024-10-24T12:30:38Z" hostname="b45292acbac7" tests="5" skipped="3" failures="0" errors="0" time="1.125">
    <testcase time="0.318000000000012" classname="pdt02" name="pdt02_function_with_default_argument_value_return_expected_result_with_test_data">
      <skipped message="Reason: On CRAN ('test-pdt02.R:7:3')"/>
    </testcase>
    <testcase time="0.150000000000006" classname="pdt02" name="pdt02_can_handle_all_NA_values"/>
    <testcase time="0.376000000000005" classname="pdt02" name="pdt02_can_handle_all_NA_values">
      <skipped message="Reason: On CRAN ('test-pdt02.R:22:3')"/>
    </testcase>
    <testcase time="0.131" classname="pdt02" name="pdt02_can_handle_some_NA_values"/>
    <testcase time="0.149999999999977" classname="pdt02" name="pdt02_can_handle_some_NA_values">
      <skipped message="Reason: On CRAN ('test-pdt02.R:38:3')"/>
    </testcase>
  </testsuite>
  <testsuite name="reexports" timestamp="2024-10-24T12:30:39Z" hostname="b45292acbac7" tests="2" skipped="0" failures="0" errors="0" time="0.022">
    <testcase time="0.0160000000000196" classname="reexports" name="with_label_exported_correctly"/>
    <testcase time="0.00600000000000023" classname="reexports" name="reformat_exported_correctly"/>
  </testsuite>
  <testsuite name="report_null" timestamp="2024-10-24T12:30:39Z" hostname="b45292acbac7" tests="12" skipped="0" failures="0" errors="0" time="0.149">
    <testcase time="0.0149999999999864" classname="report_null" name="report_null_works_as_expected_with_NULL_"/>
    <testcase time="0.01400000000001" classname="report_null" name="report_null_works_as_expected_with_NULL_"/>
    <testcase time="0.0289999999999964" classname="report_null" name="report_null_works_as_expected_with_VTableTree_"/>
    <testcase time="0.0209999999999866" classname="report_null" name="report_null_works_as_expected_with_VTableTree_"/>
    <testcase time="0.00900000000001455" classname="report_null" name="report_null_works_as_expected_with_VTableTree_"/>
    <testcase time="0.00799999999998136" classname="report_null" name="report_null_works_as_expected_with_listing_df_"/>
    <testcase time="0.0100000000000193" classname="report_null" name="report_null_works_as_expected_with_listing_df_"/>
    <testcase time="0.00999999999999091" classname="report_null" name="report_null_works_as_expected_with_listing_df_"/>
    <testcase time="0.00800000000000978" classname="report_null" name="report_null_works_as_expected_with_list_"/>
    <testcase time="0.0180000000000007" classname="report_null" name="report_null_works_as_expected_with_list_"/>
    <testcase time="0.00499999999999545" classname="report_null" name="report_null_works_as_expected_with_by_default"/>
    <testcase time="0.00200000000000955" classname="report_null" name="report_null_works_as_expected_with_by_default"/>
  </testsuite>
  <testsuite name="rmpt01" timestamp="2024-10-24T12:30:39Z" hostname="b45292acbac7" tests="7" skipped="3" failures="0" errors="0" time="0.588">
    <testcase time="0.167999999999978" classname="rmpt01" name="rmpt01_function_with_default_argument_value_return_expected_result_with_test_data">
      <skipped message="Reason: On CRAN ('test-rmpt01.R:7:3')"/>
    </testcase>
    <testcase time="0.0690000000000168" classname="rmpt01" name="rmpt01_can_handle_NA_values"/>
    <testcase time="0.109999999999985" classname="rmpt01" name="rmpt01_can_handle_NA_values">
      <skipped message="Reason: On CRAN ('test-rmpt01.R:18:3')"/>
    </testcase>
    <testcase time="0.0660000000000025" classname="rmpt01" name="rmpt01_can_handle_some_NA_values"/>
    <testcase time="0.109000000000009" classname="rmpt01" name="rmpt01_can_handle_some_NA_values">
      <skipped message="Reason: On CRAN ('test-rmpt01.R:33:3')"/>
    </testcase>
    <testcase time="0.039999999999992" classname="rmpt01" name="rmpt01_fails_on_incomlete_data"/>
    <testcase time="0.0260000000000105" classname="rmpt01" name="rmpt01_fails_on_incomlete_data"/>
  </testsuite>
  <testsuite name="rmpt03" timestamp="2024-10-24T12:30:39Z" hostname="b45292acbac7" tests="8" skipped="3" failures="0" errors="0" time="0.989">
    <testcase time="0.293999999999983" classname="rmpt03" name="rmpt03_function_with_default_argument_value_return_expected_result_with_test_data">
      <skipped message="Reason: On CRAN ('test-rmpt03.R:10:3')"/>
    </testcase>
    <testcase time="0.121000000000009" classname="rmpt03" name="rmpt03_can_handle_NA_values"/>
    <testcase time="0.187000000000012" classname="rmpt03" name="rmpt03_can_handle_NA_values">
      <skipped message="Reason: On CRAN ('test-rmpt03.R:23:3')"/>
    </testcase>
    <testcase time="0.114000000000004" classname="rmpt03" name="rmpt03_can_handle_some_NA_values"/>
    <testcase time="0.188999999999993" classname="rmpt03" name="rmpt03_can_handle_some_NA_values">
      <skipped message="Reason: On CRAN ('test-rmpt03.R:40:3')"/>
    </testcase>
    <testcase time="0.0420000000000016" classname="rmpt03" name="rmpt03_fails_on_incomlete_data"/>
    <testcase time="0.025999999999982" classname="rmpt03" name="rmpt03_fails_on_incomlete_data"/>
    <testcase time="0.0160000000000196" classname="rmpt03" name="rmpt03_fails_on_incomlete_data"/>
  </testsuite>
  <testsuite name="rmpt04" timestamp="2024-10-24T12:30:40Z" hostname="b45292acbac7" tests="6" skipped="3" failures="0" errors="0" time="0.56">
    <testcase time="0.157999999999987" classname="rmpt04" name="rmpt04_function_with_default_argument_value_return_expected_result_with_test_data">
      <skipped message="Reason: On CRAN ('test-rmpt04.R:7:3')"/>
    </testcase>
    <testcase time="0.0660000000000025" classname="rmpt04" name="rmpt04_can_handle_NA_values"/>
    <testcase time="0.102000000000004" classname="rmpt04" name="rmpt04_can_handle_NA_values">
      <skipped message="Reason: On CRAN ('test-rmpt04.R:18:3')"/>
    </testcase>
    <testcase time="0.0660000000000025" classname="rmpt04" name="rmpt04_can_handle_some_NA_values"/>
    <testcase time="0.102000000000004" classname="rmpt04" name="rmpt04_can_handle_some_NA_values">
      <skipped message="Reason: On CRAN ('test-rmpt04.R:36:3')"/>
    </testcase>
    <testcase time="0.0660000000000025" classname="rmpt04" name="rmpt04_fails_on_incomlete_data"/>
  </testsuite>
  <testsuite name="rmpt05" timestamp="2024-10-24T12:30:41Z" hostname="b45292acbac7" tests="6" skipped="3" failures="0" errors="0" time="0.603">
    <testcase time="0.169999999999987" classname="rmpt05" name="rmpt05_function_with_default_argument_value_return_expected_result_with_test_data">
      <skipped message="Reason: On CRAN ('test-rmpt05.R:7:3')"/>
    </testcase>
    <testcase time="0.0689999999999884" classname="rmpt05" name="rmpt05_can_handle_NA_values"/>
    <testcase time="0.119" classname="rmpt05" name="rmpt05_can_handle_NA_values">
      <skipped message="Reason: On CRAN ('test-rmpt05.R:18:3')"/>
    </testcase>
    <testcase time="0.0660000000000025" classname="rmpt05" name="rmpt05_can_handle_some_NA_values"/>
    <testcase time="0.113" classname="rmpt05" name="rmpt05_can_handle_some_NA_values">
      <skipped message="Reason: On CRAN ('test-rmpt05.R:36:3')"/>
    </testcase>
    <testcase time="0.0660000000000025" classname="rmpt05" name="rmpt05_fails_on_incomlete_data"/>
  </testsuite>
  <testsuite name="rmpt06" timestamp="2024-10-24T12:30:42Z" hostname="b45292acbac7" tests="4" skipped="3" failures="0" errors="0" time="1.565">
    <testcase time="0.52000000000001" classname="rmpt06" name="rmpt06_works_as_expected">
      <skipped message="Reason: On CRAN ('test-rmpt06.R:8:3')"/>
    </testcase>
    <testcase time="0.561999999999983" classname="rmpt06" name="rmpt06_works_as_expected_with_show_diff_TRUE">
      <skipped message="Reason: On CRAN ('test-rmpt06.R:17:3')"/>
    </testcase>
    <testcase time="0.225000000000023" classname="rmpt06" name="rmpt06_can_handle_all_NA_values"/>
    <testcase time="0.257999999999981" classname="rmpt06" name="rmpt06_can_handle_all_NA_values">
      <skipped message="Reason: On CRAN ('test-rmpt06.R:31:3')"/>
    </testcase>
  </testsuite>
  <testsuite name="rspt01" timestamp="2024-10-24T12:30:43Z" hostname="b45292acbac7" tests="15" skipped="7" failures="0" errors="0" time="3.569">
    <testcase time="0.0240000000000009" classname="rspt01" name="rspt01_works_as_expected"/>
    <testcase time="0.296000000000021" classname="rspt01" name="rspt01_works_as_expected"/>
    <testcase time="0.22199999999998" classname="rspt01" name="rspt01_works_as_expected">
      <skipped message="Reason: On CRAN ('test-rspt01.R:5:3')"/>
    </testcase>
    <testcase time="0.294000000000011" classname="rspt01" name="rspt01_works_as_expected_for_stratified_and_unstratified_analysis"/>
    <testcase time="0.25200000000001" classname="rspt01" name="rspt01_works_as_expected_for_stratified_and_unstratified_analysis">
      <skipped message="Reason: On CRAN ('test-rspt01.R:18:3')"/>
    </testcase>
    <testcase time="0.259999999999991" classname="rspt01" name="rspt01_works_as_expected_for_unstratified_analysis_only"/>
    <testcase time="0.222999999999985" classname="rspt01" name="rspt01_works_as_expected_for_unstratified_analysis_only">
      <skipped message="Reason: On CRAN ('test-rspt01.R:38:3')"/>
    </testcase>
    <testcase time="0.248000000000019" classname="rspt01" name="rspt01_works_as_expected_for_stratified_analysis_only"/>
    <testcase time="0.22199999999998" classname="rspt01" name="rspt01_works_as_expected_for_stratified_analysis_only">
      <skipped message="Reason: On CRAN ('test-rspt01.R:58:3')"/>
    </testcase>
    <testcase time="0.27800000000002" classname="rspt01" name="rspt01_works_if_change_reference_group"/>
    <testcase time="0.233000000000004" classname="rspt01" name="rspt01_works_if_change_reference_group">
      <skipped message="Reason: On CRAN ('test-rspt01.R:78:3')"/>
    </testcase>
    <testcase time="0.280000000000001" classname="rspt01" name="rspt01_works_if_change_statistic_methods"/>
    <testcase time="0.224999999999994" classname="rspt01" name="rspt01_works_if_change_statistic_methods">
      <skipped message="Reason: On CRAN ('test-rspt01.R:102:3')"/>
    </testcase>
    <testcase time="0.277999999999992" classname="rspt01" name="rspt01_works_if_change_confidence_interval"/>
    <testcase time="0.234000000000009" classname="rspt01" name="rspt01_works_if_change_confidence_interval">
      <skipped message="Reason: On CRAN ('test-rspt01.R:129:3')"/>
    </testcase>
  </testsuite>
  <testsuite name="ttet01" timestamp="2024-10-24T12:30:47Z" hostname="b45292acbac7" tests="9" skipped="4" failures="0" errors="0" time="2.784">
    <testcase time="0.0240000000000009" classname="ttet01" name="ttet01_works_as_expected"/>
    <testcase time="0.387" classname="ttet01" name="ttet01_works_as_expected"/>
    <testcase time="0.463999999999999" classname="ttet01" name="ttet01_works_as_expected">
      <skipped message="Reason: On CRAN ('test-ttet01.R:10:3')"/>
    </testcase>
    <testcase time="0.313999999999993" classname="ttet01" name="ttet01_works_as_expected_for_stratified_and_unstratified_analysis"/>
    <testcase time="0.324999999999989" classname="ttet01" name="ttet01_works_as_expected_for_stratified_and_unstratified_analysis">
      <skipped message="Reason: On CRAN ('test-ttet01.R:23:3')"/>
    </testcase>
    <testcase time="0.318000000000012" classname="ttet01" name="ttet01_works_as_expected_for_stratified_analysis_only"/>
    <testcase time="0.314999999999998" classname="ttet01" name="ttet01_works_as_expected_for_stratified_analysis_only">
      <skipped message="Reason: On CRAN ('test-ttet01.R:46:3')"/>
    </testcase>
    <testcase time="0.313999999999993" classname="ttet01" name="ttet01_works_if_change_reference_group"/>
    <testcase time="0.323000000000008" classname="ttet01" name="ttet01_works_if_change_reference_group">
      <skipped message="Reason: On CRAN ('test-ttet01.R:69:3')"/>
    </testcase>
  </testsuite>
  <testsuite name="unwrap" timestamp="2024-10-24T12:30:50Z" hostname="b45292acbac7" tests="7" skipped="4" failures="0" errors="0" time="0.128">
    <testcase time="0.0289999999999964" classname="unwrap" name="unwrap_layout_works_as_expected_with_standard_chevron_t_main_function">
      <skipped message="Reason: On CRAN ('test-unwrap.R:3:3')"/>
    </testcase>
    <testcase time="0.0200000000000102" classname="unwrap" name="unwrap_layout_works_as_expected_with_standard_chevron_g_main_function"/>
    <testcase time="0.00600000000000023" classname="unwrap" name="unwrap_layout_works_as_expected_with_standard_chevron_l_main_function"/>
    <testcase time="0.00600000000000023" classname="unwrap" name="unwrap_layout_works_as_expected_with_a_custom_function_without_layout_function"/>
    <testcase time="0.0139999999999816" classname="unwrap" name="unwrap_layout_works_as_expected_with_a_custom_function_with_layout_function">
      <skipped message="Reason: On CRAN ('test-unwrap.R:55:3')"/>
    </testcase>
    <testcase time="0.02800000000002" classname="unwrap" name="unwrap_layout_works_as_expected_with_multiple_layout_function">
      <skipped message="Reason: On CRAN ('test-unwrap.R:96:3')"/>
    </testcase>
    <testcase time="0.0250000000000057" classname="unwrap" name="unwrap_layout_works_as_expected_on_custom_function_with_overwritten_layout_function">
      <skipped message="Reason: On CRAN ('test-unwrap.R:120:3')"/>
    </testcase>
  </testsuite>
  <testsuite name="utils" timestamp="2024-10-24T12:30:50Z" hostname="b45292acbac7" tests="20" skipped="1" failures="0" errors="0" time="0.145">
    <testcase time="0.0159999999999911" classname="utils" name="h_format_dec_works_as_exected"/>
    <testcase time="0.0029999999999859" classname="utils" name="h_format_dec_works_as_exected"/>
    <testcase time="0.00100000000000477" classname="utils" name="h_format_dec_works_as_exected"/>
    <testcase time="0.00300000000001432" classname="utils" name="h_format_dec_works_as_exected"/>
    <testcase time="0.00199999999998113" classname="utils" name="h_format_dec_works_as_exected"/>
    <testcase time="0.00200000000000955" classname="utils" name="h_format_dec_works_as_exected"/>
    <testcase time="0.00200000000000955" classname="utils" name="h_format_dec_works_as_exected"/>
    <testcase time="0.00199999999998113" classname="utils" name="h_format_dec_works_as_exected"/>
    <testcase time="0.00200000000000955" classname="utils" name="h_format_dec_works_as_exected"/>
    <testcase time="0.00200000000000955" classname="utils" name="h_format_dec_works_as_exected"/>
    <testcase time="0.00199999999998113" classname="utils" name="h_format_dec_works_as_exected"/>
    <testcase time="0.00200000000000955" classname="utils" name="h_format_dec_works_as_exected"/>
    <testcase time="0.00600000000000023" classname="utils" name="h_format_dec_works_as_expected_with_more_than_one_value"/>
    <testcase time="0.0029999999999859" classname="utils" name="h_format_dec_works_as_expected_with_more_than_one_value"/>
    <testcase time="0.00500000000002387" classname="utils" name="h_format_dec_works_as_expected_with_NA_digits"/>
    <testcase time="0.00600000000000023" classname="utils" name="fuse_sequentially_works"/>
    <testcase time="0.0029999999999859" classname="utils" name="fuse_sequentially_works"/>
    <testcase time="0.0109999999999957" classname="utils" name="ifneeded_split_row_works_as_expected"/>
    <testcase time="0.00499999999999545" classname="utils" name="ifneeded_split_row_works_as_expected"/>
    <testcase time="0.0670000000000073" classname="utils" name="_unnamed_">
      <skipped message="Reason: On CRAN ('test-utils.R:76:1')"/>
    </testcase>
  </testsuite>
  <testsuite name="vst01" timestamp="2024-10-24T12:30:50Z" hostname="b45292acbac7" tests="3" skipped="2" failures="0" errors="0" time="4.759">
    <testcase time="2.37200000000001" classname="vst01" name="vst01_functions_with_default_argument_value_return_expected_result_with_test_data">
      <skipped message="Reason: On CRAN ('test-vst01.R:11:3')"/>
    </testcase>
    <testcase time="0.768000000000001" classname="vst01" name="run_vst01_works_as_expected"/>
    <testcase time="1.619" classname="vst01" name="run_vst01_works_as_expected">
      <skipped message="Reason: On CRAN ('test-vst01.R:23:3')"/>
    </testcase>
  </testsuite>
  <testsuite name="vst02" timestamp="2024-10-24T12:30:55Z" hostname="b45292acbac7" tests="2" skipped="2" failures="0" errors="0" time="0.98">
    <testcase time="0.5" classname="vst02" name="vst02_functions_with_default_argument_value_return_expected_result_with_test_data">
      <skipped message="Reason: On CRAN ('test-vst02.R:7:3')"/>
    </testcase>
    <testcase time="0.47999999999999" classname="vst02" name="vst02_functions_return_expected_result_with_test_data_when_excluding_subject_with_baseline_abnormality">
      <skipped message="Reason: On CRAN ('test-vst02.R:15:3')"/>
    </testcase>
  </testsuite>
</testsuites>
