<?xml version="1.0" encoding="UTF-8"?>
<testsuites>
  <testsuite name="ael01_nollt" timestamp="2024-11-19T02:39:42Z" hostname="b8f6471975be" tests="14" skipped="0" failures="0" errors="0" time="1.194">
    <testcase time="0.0649999999999999" classname="ael01_nollt" name="ael01_nollt_works_with_admh_dataset"/>
    <testcase time="0.261" classname="ael01_nollt" name="ael01_nollt_works_with_admh_dataset"/>
    <testcase time="0.0350000000000001" classname="ael01_nollt" name="ael01_nollt_works_with_non_default_label"/>
    <testcase time="0.22" classname="ael01_nollt" name="ael01_nollt_works_with_non_default_label"/>
    <testcase time="0.028" classname="ael01_nollt" name="ael01_nollt_can_handle_all_missing_values"/>
    <testcase time="0.0790000000000002" classname="ael01_nollt" name="ael01_nollt_can_handle_all_missing_values"/>
    <testcase time="0.0289999999999999" classname="ael01_nollt" name="ael01_nollt_can_handle_some_missing_values"/>
    <testcase time="0.135" classname="ael01_nollt" name="ael01_nollt_can_handle_some_missing_values"/>
    <testcase time="0.024" classname="ael01_nollt" name="ael01_nollt_listing_can_be_split_by_an_additional_variable"/>
    <testcase time="0.00099999999999989" classname="ael01_nollt" name="ael01_nollt_listing_can_be_split_by_an_additional_variable"/>
    <testcase time="0.17" classname="ael01_nollt" name="ael01_nollt_listing_can_be_split_by_an_additional_variable"/>
    <testcase time="0.0230000000000001" classname="ael01_nollt" name="split_ael01_nollt_listing_do_not_display_missing_values"/>
    <testcase time="0.00099999999999989" classname="ael01_nollt" name="split_ael01_nollt_listing_do_not_display_missing_values"/>
    <testcase time="0.123" classname="ael01_nollt" name="split_ael01_nollt_listing_do_not_display_missing_values"/>
  </testsuite>
  <testsuite name="ael02" timestamp="2024-11-19T02:39:43Z" hostname="b8f6471975be" tests="9" skipped="0" failures="0" errors="0" time="2.827">
    <testcase time="0.0679999999999996" classname="ael02" name="ael02_works_with_adae_dataset"/>
    <testcase time="0.00200000000000022" classname="ael02" name="ael02_works_with_adae_dataset"/>
    <testcase time="0.879" classname="ael02" name="ael02_works_with_adae_dataset"/>
    <testcase time="0.056" classname="ael02" name="ael02_can_handle_all_missing_values"/>
    <testcase time="0.00100000000000033" classname="ael02" name="ael02_can_handle_all_missing_values"/>
    <testcase time="0.903" classname="ael02" name="ael02_can_handle_all_missing_values"/>
    <testcase time="0.0549999999999997" classname="ael02" name="ael02_functions_work_as_expected"/>
    <testcase time="0.00199999999999978" classname="ael02" name="ael02_functions_work_as_expected"/>
    <testcase time="0.861" classname="ael02" name="ael02_functions_work_as_expected"/>
  </testsuite>
  <testsuite name="ael03" timestamp="2024-11-19T02:39:46Z" hostname="b8f6471975be" tests="9" skipped="0" failures="0" errors="0" time="2.903">
    <testcase time="0.069" classname="ael03" name="ael03_works_with_adae_dataset"/>
    <testcase time="0.00200000000000067" classname="ael03" name="ael03_works_with_adae_dataset"/>
    <testcase time="0.911" classname="ael03" name="ael03_works_with_adae_dataset"/>
    <testcase time="0.0510000000000002" classname="ael03" name="ael03_can_handle_all_missing_values"/>
    <testcase time="0.00100000000000033" classname="ael03" name="ael03_can_handle_all_missing_values"/>
    <testcase time="0.923" classname="ael03" name="ael03_can_handle_all_missing_values"/>
    <testcase time="0.0519999999999996" classname="ael03" name="ael03_functions_work_as_expected"/>
    <testcase time="0.000999999999999446" classname="ael03" name="ael03_functions_work_as_expected"/>
    <testcase time="0.893000000000001" classname="ael03" name="ael03_functions_work_as_expected"/>
  </testsuite>
  <testsuite name="aet01" timestamp="2024-11-19T02:39:49Z" hostname="b8f6471975be" tests="13" skipped="0" failures="0" errors="0" time="3.436">
    <testcase time="0.412000000000001" classname="aet01" name="aet01_can_handle_all_NA_values"/>
    <testcase time="0.287999999999998" classname="aet01" name="aet01_can_handle_all_NA_values"/>
    <testcase time="0.293000000000001" classname="aet01" name="aet01_can_handle_all_NA_values"/>
    <testcase time="0.228" classname="aet01" name="aet01_can_handle_all_NA_values"/>
    <testcase time="0.279" classname="aet01" name="aet01_can_handle_some_NA_values"/>
    <testcase time="0.291" classname="aet01" name="aet01_can_handle_some_NA_values"/>
    <testcase time="0.407" classname="aet01" name="aet01_can_use_custom_anl_vars"/>
    <testcase time="0.176" classname="aet01" name="aet01_can_use_custom_anl_vars"/>
    <testcase time="0.0649999999999995" classname="aet01" name="aet01_fails_on_incomplete_data_input"/>
    <testcase time="0.289999999999999" classname="aet01" name="aet01_can_use_custom_medconcept_var"/>
    <testcase time="0.286000000000001" classname="aet01" name="aet01_can_use_custom_medconcept_var"/>
    <testcase time="0.184999999999999" classname="aet01" name="aet01_can_conditionally_show_the_number_of_withdrawal"/>
    <testcase time="0.235999999999999" classname="aet01" name="aet01_can_conditionally_show_the_number_of_withdrawal"/>
  </testsuite>
  <testsuite name="aet01_aesi" timestamp="2024-11-19T02:39:53Z" hostname="b8f6471975be" tests="9" skipped="0" failures="0" errors="0" time="1.992">
    <testcase time="0.200000000000001" classname="aet01_aesi" name="aet01_aesi_can_handle_all_NA_values"/>
    <testcase time="0.254999999999999" classname="aet01_aesi" name="aet01_aesi_can_handle_all_NA_values"/>
    <testcase time="0.186" classname="aet01_aesi" name="aet01_aesi_can_handle_all_NA_values"/>
    <testcase time="0.216999999999999" classname="aet01_aesi" name="aet01_aesi_can_handle_all_NA_values"/>
    <testcase time="0.189" classname="aet01_aesi" name="aet01_aesi_can_handle_some_NA_values"/>
    <testcase time="0.254000000000001" classname="aet01_aesi" name="aet01_aesi_can_handle_some_NA_values"/>
    <testcase time="0.260999999999999" classname="aet01_aesi" name="aet01_aesi_works_with_ALL_argument"/>
    <testcase time="0.382" classname="aet01_aesi" name="aet01_aesi_works_with_ALL_argument"/>
    <testcase time="0.048" classname="aet01_aesi" name="aet01_aesi_check_fails_on_incomplete_data_input"/>
  </testsuite>
  <testsuite name="aet02" timestamp="2024-11-19T02:39:55Z" hostname="b8f6471975be" tests="4" skipped="0" failures="0" errors="0" time="2.454">
    <testcase time="0.0519999999999996" classname="aet02" name="aet02_fails_on_incomplete_data_input"/>
    <testcase time="0.125" classname="aet02" name="aet02_handle_empty_data_input"/>
    <testcase time="1.514" classname="aet02" name="aet02_can_have_different_levels_of_row_split"/>
    <testcase time="0.762999999999998" classname="aet02" name="aet02_can_have_different_levels_of_row_split"/>
  </testsuite>
  <testsuite name="aet03" timestamp="2024-11-19T02:39:57Z" hostname="b8f6471975be" tests="4" skipped="0" failures="0" errors="0" time="2.572">
    <testcase time="0.269000000000002" classname="aet03" name="aet03_can_handle_NA_values"/>
    <testcase time="0.260999999999999" classname="aet03" name="aet03_can_handle_NA_values"/>
    <testcase time="1.311" classname="aet03" name="aet03_can_handle_some_NA_values"/>
    <testcase time="0.731000000000002" classname="aet03" name="aet03_can_handle_some_NA_values"/>
  </testsuite>
  <testsuite name="aet04" timestamp="2024-11-19T02:40:00Z" hostname="b8f6471975be" tests="12" skipped="0" failures="0" errors="0" time="11.578">
    <testcase time="0.427" classname="aet04" name="aet04_can_handle_NA_values"/>
    <testcase time="0.413999999999998" classname="aet04" name="aet04_can_handle_NA_values"/>
    <testcase time="0.414000000000001" classname="aet04" name="aet04_can_handle_NA_values"/>
    <testcase time="0.00400000000000134" classname="aet04" name="aet04_can_handle_NA_values"/>
    <testcase time="0.413999999999998" classname="aet04" name="aet04_can_handle_NA_values"/>
    <testcase time="0.433" classname="aet04" name="aet04_can_handle_NA_values"/>
    <testcase time="2.362" classname="aet04" name="aet04_can_handle_some_NA_values"/>
    <testcase time="1.162" classname="aet04" name="aet04_can_handle_some_NA_values"/>
    <testcase time="2.364" classname="aet04" name="aet04_can_handle_some_NA_values"/>
    <testcase time="0.00600000000000023" classname="aet04" name="aet04_can_handle_some_NA_values"/>
    <testcase time="2.366" classname="aet04" name="aet04_can_handle_some_NA_values"/>
    <testcase time="1.212" classname="aet04" name="aet04_can_handle_some_NA_values"/>
  </testsuite>
  <testsuite name="aet05" timestamp="2024-11-19T02:40:11Z" hostname="b8f6471975be" tests="6" skipped="0" failures="0" errors="0" time="1.263">
    <testcase time="0.146999999999998" classname="aet05" name="aet05_can_handle_NA_values"/>
    <testcase time="0.249000000000002" classname="aet05" name="aet05_can_handle_NA_values"/>
    <testcase time="0.148" classname="aet05" name="aet05_can_handle_some_NA_values"/>
    <testcase time="0.291" classname="aet05" name="aet05_can_handle_some_NA_values"/>
    <testcase time="0.126999999999999" classname="aet05" name="aet05_can_handle_some_NA_values"/>
    <testcase time="0.300999999999998" classname="aet05" name="aet05_can_handle_some_NA_values"/>
  </testsuite>
  <testsuite name="aet05_all" timestamp="2024-11-19T02:40:12Z" hostname="b8f6471975be" tests="6" skipped="0" failures="0" errors="0" time="1.437">
    <testcase time="0.157000000000004" classname="aet05_all" name="aet05_all_can_handle_NA_values"/>
    <testcase time="0.257999999999996" classname="aet05_all" name="aet05_all_can_handle_NA_values"/>
    <testcase time="0.153000000000006" classname="aet05_all" name="aet05_all_can_handle_some_NA_values"/>
    <testcase time="0.465999999999994" classname="aet05_all" name="aet05_all_can_handle_some_NA_values"/>
    <testcase time="0.142000000000003" classname="aet05_all" name="aet05_all_can_handle_some_NA_values"/>
    <testcase time="0.261000000000003" classname="aet05_all" name="aet05_all_can_handle_some_NA_values"/>
  </testsuite>
  <testsuite name="aet10" timestamp="2024-11-19T02:40:14Z" hostname="b8f6471975be" tests="4" skipped="0" failures="0" errors="0" time="0.507">
    <testcase time="0.0719999999999956" classname="aet10" name="aet10_can_handle_NA_values"/>
    <testcase time="0.117000000000004" classname="aet10" name="aet10_can_handle_NA_values"/>
    <testcase time="0.0989999999999966" classname="aet10" name="aet10_can_handle_some_NA_values"/>
    <testcase time="0.219000000000001" classname="aet10" name="aet10_can_handle_some_NA_values"/>
  </testsuite>
  <testsuite name="assertions" timestamp="2024-11-19T02:40:14Z" hostname="b8f6471975be" tests="33" skipped="0" failures="0" errors="0" time="0.186">
    <testcase time="0.00900000000000034" classname="assertions" name="assert_valid_var.character_works_as_expected"/>
    <testcase time="0.00499999999999545" classname="assertions" name="assert_valid_var.character_works_as_expected"/>
    <testcase time="0.00400000000000489" classname="assertions" name="assert_valid_var.character_works_as_expected"/>
    <testcase time="0.00499999999999545" classname="assertions" name="assert_valid_var.character_works_as_expected"/>
    <testcase time="0.00200000000000244" classname="assertions" name="assert_valid_var.character_works_as_expected"/>
    <testcase time="0.00500000000000256" classname="assertions" name="assert_valid_var.factor_works_as_expected"/>
    <testcase time="0.00499999999999545" classname="assertions" name="assert_valid_var.factor_works_as_expected"/>
    <testcase time="0.00500000000000256" classname="assertions" name="assert_valid_var.factor_works_as_expected"/>
    <testcase time="0.00500000000000256" classname="assertions" name="assert_valid_var.factor_works_as_expected"/>
    <testcase time="0.00199999999999534" classname="assertions" name="assert_valid_var.factor_works_as_expected"/>
    <testcase time="0.00500000000000256" classname="assertions" name="assert_valid_var.logical_works_as_expected"/>
    <testcase time="0.00399999999999778" classname="assertions" name="assert_valid_var.logical_works_as_expected"/>
    <testcase time="0.00500000000000256" classname="assertions" name="assert_valid_var.logical_works_as_expected"/>
    <testcase time="0.00200000000000244" classname="assertions" name="assert_valid_var.logical_works_as_expected"/>
    <testcase time="0.00399999999999778" classname="assertions" name="assert_valid_var.numeric_works_as_expected"/>
    <testcase time="0.00499999999999545" classname="assertions" name="assert_valid_var.numeric_works_as_expected"/>
    <testcase time="0.00500000000000256" classname="assertions" name="assert_valid_var.numeric_works_as_expected"/>
    <testcase time="0.000999999999997669" classname="assertions" name="assert_valid_var.numeric_works_as_expected"/>
    <testcase time="0.00500000000000256" classname="assertions" name="assert_valid_var.numeric_works_as_expected"/>
    <testcase time="0.000999999999997669" classname="assertions" name="assert_valid_var.numeric_works_as_expected"/>
    <testcase time="0.0190000000000055" classname="assertions" name="assert_valid_var.POSIXct_works_as_expected"/>
    <testcase time="0.019999999999996" classname="assertions" name="assert_valid_var.POSIXct_works_as_expected"/>
    <testcase time="0.00600000000000023" classname="assertions" name="assert_valid_variable_works_as_expected"/>
    <testcase time="0.00300000000000011" classname="assertions" name="assert_valid_variable_works_as_expected"/>
    <testcase time="0.0069999999999979" classname="assertions" name="assert_valid_variable_works_as_expected"/>
    <testcase time="0.00300000000000011" classname="assertions" name="assert_valid_variable_works_as_expected"/>
    <testcase time="0.007000000000005" classname="assertions" name="assert_valid_variable_works_as_expected"/>
    <testcase time="0.00199999999999534" classname="assertions" name="assert_valid_variable_works_as_expected"/>
    <testcase time="0.00600000000000023" classname="assertions" name="assert_valid_var_pair_works_as_expected_with_character"/>
    <testcase time="0.00600000000000023" classname="assertions" name="assert_valid_var_pair_works_as_expected_with_character"/>
    <testcase time="0.00600000000000023" classname="assertions" name="assert_valid_var_pair_works_as_expected_with_factor"/>
    <testcase time="0.0110000000000028" classname="assertions" name="assert_valid_var_pair_works_as_expected_with_factor"/>
    <testcase time="0.00600000000000023" classname="assertions" name="assert_valid_var_pair_works_as_expected_with_factor"/>
  </testsuite>
  <testsuite name="cfbt01" timestamp="2024-11-19T02:40:15Z" hostname="b8f6471975be" tests="3" skipped="0" failures="0" errors="0" time="9.171">
    <testcase time="6.795" classname="cfbt01" name="cfbt01_functions_with_default_argument_value_return_expected_result_with_test_data"/>
    <testcase time="0.771000000000001" classname="cfbt01" name="cfbt01_can_handle_n_0_and_outputs_NE_instead_of_infs_and_NAs"/>
    <testcase time="1.605" classname="cfbt01" name="cfbt01_can_handle_n_0_and_outputs_NE_instead_of_infs_and_NAs"/>
  </testsuite>
  <testsuite name="checks" timestamp="2024-11-19T02:40:24Z" hostname="b8f6471975be" tests="8" skipped="0" failures="0" errors="0" time="0.028">
    <testcase time="0.00900000000000034" classname="checks" name="check_all_colnames_works_as_expected"/>
    <testcase time="0.00300000000000011" classname="checks" name="check_all_colnames_works_as_expected"/>
    <testcase time="0.00200000000000244" classname="checks" name="check_all_colnames_works_as_expected"/>
    <testcase time="0.00199999999999534" classname="checks" name="check_all_colnames_works_as_expected"/>
    <testcase time="0.00500000000000256" classname="checks" name="check_one_colnames_works_as_expected"/>
    <testcase time="0.00300000000000011" classname="checks" name="check_one_colnames_works_as_expected"/>
    <testcase time="0.00200000000000244" classname="checks" name="check_one_colnames_works_as_expected"/>
    <testcase time="0.00199999999999534" classname="checks" name="check_one_colnames_works_as_expected"/>
  </testsuite>
  <testsuite name="chevron_tlg-class" timestamp="2024-11-19T02:40:24Z" hostname="b8f6471975be" tests="27" skipped="0" failures="0" errors="0" time="0.114">
    <testcase time="0.0189999999999984" classname="chevron_tlg_class" name="chevron_t_object_can_be_constructed_with_default_values"/>
    <testcase time="0.00500000000000256" classname="chevron_tlg_class" name="chevron_t_object_can_be_constructed_with_default_values"/>
    <testcase time="0.00800000000000267" classname="chevron_tlg_class" name="chevron_t_object_can_be_constructed_with_custom_values"/>
    <testcase time="0.00300000000000011" classname="chevron_tlg_class" name="chevron_t_object_can_be_constructed_with_custom_values"/>
    <testcase time="0.00300000000000011" classname="chevron_tlg_class" name="chevron_t_object_can_be_constructed_with_custom_values"/>
    <testcase time="0.00399999999999778" classname="chevron_tlg_class" name="chevron_t_object_can_be_constructed_with_custom_values"/>
    <testcase time="0.0069999999999979" classname="chevron_tlg_class" name="chevron_t_constructor_returns_an_error_when_expected"/>
    <testcase time="0.00100000000000477" classname="chevron_tlg_class" name="chevron_t_constructor_returns_an_error_when_expected"/>
    <testcase time="0.000999999999997669" classname="chevron_tlg_class" name="chevron_t_constructor_returns_an_error_when_expected"/>
    <testcase time="0.00200000000000244" classname="chevron_tlg_class" name="chevron_t_constructor_returns_an_error_when_expected"/>
    <testcase time="0.000999999999997669" classname="chevron_tlg_class" name="chevron_t_constructor_returns_an_error_when_expected"/>
    <testcase time="0.000999999999997669" classname="chevron_tlg_class" name="chevron_t_constructor_returns_an_error_when_expected"/>
    <testcase time="0.00600000000000023" classname="chevron_tlg_class" name="chevron_l_object_can_be_constructed_with_default_values"/>
    <testcase time="0.00399999999999778" classname="chevron_tlg_class" name="chevron_l_object_can_be_constructed_with_default_values"/>
    <testcase time="0.00800000000000267" classname="chevron_tlg_class" name="chevron_g_object_can_be_constructed_with_custom_values"/>
    <testcase time="0.00300000000000011" classname="chevron_tlg_class" name="chevron_g_object_can_be_constructed_with_custom_values"/>
    <testcase time="0.00200000000000244" classname="chevron_tlg_class" name="chevron_g_object_can_be_constructed_with_custom_values"/>
    <testcase time="0.00399999999999778" classname="chevron_tlg_class" name="chevron_g_object_can_be_constructed_with_custom_values"/>
    <testcase time="0.00500000000000256" classname="chevron_tlg_class" name="chevron_g_constructor_returns_an_error_when_expected"/>
    <testcase time="0.00199999999999534" classname="chevron_tlg_class" name="chevron_g_constructor_returns_an_error_when_expected"/>
    <testcase time="0.00100000000000477" classname="chevron_tlg_class" name="chevron_g_constructor_returns_an_error_when_expected"/>
    <testcase time="0.000999999999997669" classname="chevron_tlg_class" name="chevron_g_constructor_returns_an_error_when_expected"/>
    <testcase time="0.000999999999997669" classname="chevron_tlg_class" name="chevron_g_constructor_returns_an_error_when_expected"/>
    <testcase time="0.00100000000000477" classname="chevron_tlg_class" name="chevron_g_constructor_returns_an_error_when_expected"/>
    <testcase time="0.0069999999999979" classname="chevron_tlg_class" name="chevron_simple_works_correctly"/>
    <testcase time="0.00200000000000244" classname="chevron_tlg_class" name="chevron_simple_works_correctly"/>
    <testcase time="0.0120000000000005" classname="chevron_tlg_class" name="chevron_simple_errors_if_contains_return"/>
  </testsuite>
  <testsuite name="chevron_tlg-methods" timestamp="2024-11-19T02:40:24Z" hostname="b8f6471975be" tests="59" skipped="1" failures="0" errors="0" time="10.185">
    <testcase time="1.189" classname="chevron_tlg_methods" name="run_works_as_expected_for_chevron_t_object"/>
    <testcase time="0.614999999999995" classname="chevron_tlg_methods" name="run_works_as_expected_for_chevron_t_object"/>
    <testcase time="0.600000000000001" classname="chevron_tlg_methods" name="run_works_as_expected_for_chevron_t_object_when_auto_pre_FALSE"/>
    <testcase time="0.316000000000003" classname="chevron_tlg_methods" name="run_works_as_expected_with_argument_printed"/>
    <testcase time="0.283000000000001" classname="chevron_tlg_methods" name="run_works_as_expected_with_argument_printed"/>
    <testcase time="0.427" classname="chevron_tlg_methods" name="run_works_as_expected_with_argument_printed_if_the_user_argument_is_complicated"/>
    <testcase time="0.387" classname="chevron_tlg_methods" name="run_works_as_expected_with_argument_printed_if_the_user_argument_is_complicated"/>
    <testcase time="0.436" classname="chevron_tlg_methods" name="run_uses_the_argument_passed_through_the_ellipsis_in_priority"/>
    <testcase time="0.378999999999998" classname="chevron_tlg_methods" name="run_uses_the_argument_passed_through_the_ellipsis_in_priority"/>
    <testcase time="0.326000000000001" classname="chevron_tlg_methods" name="run_works_as_expected_with_partial_match_argument"/>
    <testcase time="0.286999999999999" classname="chevron_tlg_methods" name="run_works_as_expected_with_partial_match_argument"/>
    <testcase time="0.426000000000002" classname="chevron_tlg_methods" name="run_displays_the_symbols_when_available"/>
    <testcase time="0.375" classname="chevron_tlg_methods" name="run_displays_the_symbols_when_available"/>
    <testcase time="0.305" classname="chevron_tlg_methods" name="run_print_internal_functions_when_unwrap_is_TRUE"/>
    <testcase time="0.000999999999997669" classname="chevron_tlg_methods" name="run_print_internal_functions_when_unwrap_is_TRUE"/>
    <testcase time="0.00200000000000244" classname="chevron_tlg_methods" name="run_print_internal_functions_when_unwrap_is_TRUE"/>
    <testcase time="0.0219999999999985" classname="chevron_tlg_methods" name="run_print_internal_functions_when_unwrap_is_TRUE"/>
    <testcase time="1.2" classname="chevron_tlg_methods" name="run_print_internal_functions_when_unwrap_is_TRUE_and_standard_chevron_tlg_has_no_layout"/>
    <testcase time="0.00899999999999324" classname="chevron_tlg_methods" name="run_print_internal_functions_when_unwrap_is_TRUE_and_the_chevron_tlg_object_is_customized"/>
    <testcase time="0.00200000000000244" classname="chevron_tlg_methods" name="run_print_internal_functions_when_unwrap_is_TRUE_and_the_chevron_tlg_object_is_customized"/>
    <testcase time="0.000999999999997669" classname="chevron_tlg_methods" name="run_print_internal_functions_when_unwrap_is_TRUE_and_the_chevron_tlg_object_is_customized"/>
    <testcase time="0.0230000000000032" classname="chevron_tlg_methods" name="run_print_internal_functions_when_unwrap_is_TRUE_and_the_chevron_tlg_object_is_customized"/>
    <testcase time="0.00800000000000267" classname="chevron_tlg_methods" name="run_print_main_and_postprocessing_functions_when_unwrap_is_TRUE_and_auto_pre_is_FALSE"/>
    <testcase time="0.00199999999999534" classname="chevron_tlg_methods" name="run_print_main_and_postprocessing_functions_when_unwrap_is_TRUE_and_auto_pre_is_FALSE"/>
    <testcase time="0.00100000000000477" classname="chevron_tlg_methods" name="run_print_main_and_postprocessing_functions_when_unwrap_is_TRUE_and_auto_pre_is_FALSE"/>
    <testcase time="0.000999999999997669" classname="chevron_tlg_methods" name="run_print_main_and_postprocessing_functions_when_unwrap_is_TRUE_and_auto_pre_is_FALSE"/>
    <testcase time="0.0330000000000013" classname="chevron_tlg_methods" name="run_print_main_and_postprocessing_functions_when_unwrap_is_TRUE_and_auto_pre_is_FALSE"/>
    <testcase time="0.0069999999999979" classname="chevron_tlg_methods" name="args_ls_works_as_expected"/>
    <testcase time="0.00200000000000244" classname="chevron_tlg_methods" name="args_ls_works_as_expected"/>
    <testcase time="0.000999999999997669" classname="chevron_tlg_methods" name="args_ls_works_as_expected"/>
    <testcase time="0.0069999999999979" classname="chevron_tlg_methods" name="args_ls_works_as_expected_when_simplify_is_TRUE"/>
    <testcase time="0.00100000000000477" classname="chevron_tlg_methods" name="args_ls_works_as_expected_when_simplify_is_TRUE"/>
    <testcase time="0.000999999999997669" classname="chevron_tlg_methods" name="args_ls_works_as_expected_when_simplify_is_TRUE"/>
    <testcase time="0.00600000000000023" classname="chevron_tlg_methods" name="args_ls_works_as_expected_with_custom_chevron_tlg_object"/>
    <testcase time="0.000999999999997669" classname="chevron_tlg_methods" name="args_ls_works_as_expected_with_custom_chevron_tlg_object"/>
    <testcase time="0.00100000000000477" classname="chevron_tlg_methods" name="args_ls_works_as_expected_with_custom_chevron_tlg_object"/>
    <testcase time="0.00300000000000011" classname="chevron_tlg_methods" name="args_ls_works_as_expected_with_custom_chevron_tlg_object"/>
    <testcase time="0.00499999999999545" classname="chevron_tlg_methods" name="main_works_as_expected"/>
    <testcase time="0.00600000000000023" classname="chevron_tlg_methods" name="main_setter_works_as_expected"/>
    <testcase time="0.00999999999999801" classname="chevron_tlg_methods" name="main_setter_throw_an_error_as_expected"/>
    <testcase time="0.00600000000000023" classname="chevron_tlg_methods" name="preprocess_works_as_expected"/>
    <testcase time="0.00600000000000023" classname="chevron_tlg_methods" name="preprocess_setter_works_as_expected"/>
    <testcase time="0.0109999999999957" classname="chevron_tlg_methods" name="preprocess_sends_an_error_as_expected"/>
    <testcase time="0.00600000000000023" classname="chevron_tlg_methods" name="postprocess_works_as_expected"/>
    <testcase time="0.00600000000000023" classname="chevron_tlg_methods" name="postprocess_setter_works_as_expected"/>
    <testcase time="0.0110000000000028" classname="chevron_tlg_methods" name="postprocess_sends_an_error_as_expected"/>
    <testcase time="0.00399999999999778" classname="chevron_tlg_methods" name="script_funs_works_as_expected_in_interactive_mode">
      <skipped message="Reason: !interactive() is TRUE ('test-chevron_tlg-methods.R:264:3')"/>
    </testcase>
    <testcase time="0.0150000000000006" classname="chevron_tlg_methods" name="script_funs_works_as_expected"/>
    <testcase time="0.000999999999997669" classname="chevron_tlg_methods" name="script_funs_works_as_expected"/>
    <testcase time="2.297" classname="chevron_tlg_methods" name="script_funs_generates_a_valid_script"/>
    <testcase time="0.000999999999997669" classname="chevron_tlg_methods" name="script_funs_generates_a_valid_script"/>
    <testcase time="0.00200000000000244" classname="chevron_tlg_methods" name="script_funs_generates_a_valid_script"/>
    <testcase time="0.000999999999997669" classname="chevron_tlg_methods" name="script_funs_generates_a_valid_script"/>
    <testcase time="0.00200000000000244" classname="chevron_tlg_methods" name="script_funs_generates_a_valid_script"/>
    <testcase time="0.0259999999999962" classname="chevron_tlg_methods" name="script_funs_generates_a_valid_script"/>
    <testcase time="0.007000000000005" classname="chevron_tlg_methods" name="script_funs_works_for_simple_template"/>
    <testcase time="0.00199999999999534" classname="chevron_tlg_methods" name="script_funs_works_for_simple_template"/>
    <testcase time="0.0470000000000041" classname="chevron_tlg_methods" name="print_list_works"/>
    <testcase time="0.027000000000001" classname="chevron_tlg_methods" name="print_list_works_for_empty_list"/>
  </testsuite>
  <testsuite name="cml02a_gl" timestamp="2024-11-19T02:40:34Z" hostname="b8f6471975be" tests="6" skipped="0" failures="0" errors="0" time="0.561">
    <testcase time="0.0289999999999964" classname="cml02a_gl" name="cml02a_gl_works_with_adcm_dataset"/>
    <testcase time="0.173000000000002" classname="cml02a_gl" name="cml02a_gl_works_with_adcm_dataset"/>
    <testcase time="0.0259999999999962" classname="cml02a_gl" name="cml02a_gl_works_with_missing_data"/>
    <testcase time="0.135000000000005" classname="cml02a_gl" name="cml02a_gl_works_with_missing_data"/>
    <testcase time="0.0240000000000009" classname="cml02a_gl" name="cml02a_gl_functions_work_as_expected"/>
    <testcase time="0.173999999999999" classname="cml02a_gl" name="cml02a_gl_functions_work_as_expected"/>
  </testsuite>
  <testsuite name="cmt01a" timestamp="2024-11-19T02:40:35Z" hostname="b8f6471975be" tests="6" skipped="0" failures="0" errors="0" time="3.908">
    <testcase time="1.328" classname="cmt01a" name="cmt01a_functions_with_default_argument_value_return_expected_result_with_test_data"/>
    <testcase time="1.04" classname="cmt01a" name="cmt01a_functions_with_custom_argument_value_return_expected_result_with_test_data"/>
    <testcase time="0.149000000000001" classname="cmt01a" name="cmt01a_can_handle_all_NA_values"/>
    <testcase time="0.164999999999999" classname="cmt01a" name="cmt01a_can_handle_all_NA_values"/>
    <testcase time="0.590000000000003" classname="cmt01a" name="cmt01a_can_handle_some_NA_values"/>
    <testcase time="0.635999999999996" classname="cmt01a" name="cmt01a_can_handle_some_NA_values"/>
  </testsuite>
  <testsuite name="cmt02_pt" timestamp="2024-11-19T02:40:39Z" hostname="b8f6471975be" tests="4" skipped="0" failures="0" errors="0" time="0.626">
    <testcase time="0.104000000000006" classname="cmt02_pt" name="cmt02_pt_can_handle_all_NA_values"/>
    <testcase time="0.137999999999998" classname="cmt02_pt" name="cmt02_pt_can_handle_all_NA_values"/>
    <testcase time="0.144999999999996" classname="cmt02_pt" name="cmt02_pt_can_handle_some_NA_values"/>
    <testcase time="0.239000000000004" classname="cmt02_pt" name="cmt02_pt_can_handle_some_NA_values"/>
  </testsuite>
  <testsuite name="coxt01" timestamp="2024-11-19T02:40:39Z" hostname="b8f6471975be" tests="9" skipped="0" failures="0" errors="0" time="1.893">
    <testcase time="0.369" classname="coxt01" name="coxt01_can_handle_some_NA_values"/>
    <testcase time="0.204999999999998" classname="coxt01" name="coxt01_can_handle_some_NA_values"/>
    <testcase time="0.314999999999998" classname="coxt01" name="coxt01_can_handle_some_NA_values"/>
    <testcase time="0.197000000000003" classname="coxt01" name="coxt01_can_handle_some_NA_values"/>
    <testcase time="0.201000000000001" classname="coxt01" name="coxt01_can_handle_some_NA_values"/>
    <testcase time="0.185000000000002" classname="coxt01" name="coxt01_can_handle_some_NA_values"/>
    <testcase time="0.217999999999996" classname="coxt01" name="coxt01_can_handle_some_NA_values"/>
    <testcase time="0.188000000000002" classname="coxt01" name="coxt01_can_handle_some_NA_values"/>
    <testcase time="0.0150000000000006" classname="coxt01" name="coxt01_fails_on_incomlete_data"/>
  </testsuite>
  <testsuite name="coxt02" timestamp="2024-11-19T02:40:41Z" hostname="b8f6471975be" tests="9" skipped="0" failures="0" errors="0" time="2.322">
    <testcase time="0.433999999999997" classname="coxt02" name="coxt02_can_handle_some_NA_values"/>
    <testcase time="0.247999999999998" classname="coxt02" name="coxt02_can_handle_some_NA_values"/>
    <testcase time="0.426000000000002" classname="coxt02" name="coxt02_can_handle_some_NA_values"/>
    <testcase time="0.239000000000004" classname="coxt02" name="coxt02_can_handle_some_NA_values"/>
    <testcase time="0.278999999999996" classname="coxt02" name="coxt02_can_handle_some_NA_values"/>
    <testcase time="0.198" classname="coxt02" name="coxt02_can_handle_some_NA_values"/>
    <testcase time="0.286999999999999" classname="coxt02" name="coxt02_can_handle_some_NA_values"/>
    <testcase time="0.196000000000005" classname="coxt02" name="coxt02_can_handle_some_NA_values"/>
    <testcase time="0.0150000000000006" classname="coxt02" name="coxt02_fails_on_incomlete_data"/>
  </testsuite>
  <testsuite name="default_tlg" timestamp="2024-11-19T02:40:43Z" hostname="b8f6471975be" tests="15" skipped="0" failures="0" errors="0" time="12.086">
    <testcase time="0.166999999999994" classname="default_tlg" name="ael01_nollt_function_with_default_argument_value_return_expected_result_with_test_data"/>
    <testcase time="0.574000000000005" classname="default_tlg" name="aet01_function_with_default_argument_value_return_expected_result_with_test_data"/>
    <testcase time="0.503999999999998" classname="default_tlg" name="aet01_aesi_function_with_default_argument_value_return_expected_result_with_test_data"/>
    <testcase time="1.023" classname="default_tlg" name="aet02_functions_with_default_argument_value_return_expected_result_with_test_data"/>
    <testcase time="2.166" classname="default_tlg" name="aet03_functions_with_default_argument_value_return_expected_result_with_test_data"/>
    <testcase time="3.22200000000001" classname="default_tlg" name="aet04_functions_with_default_argument_value_return_expected_result_with_test_data"/>
    <testcase time="0.438000000000002" classname="default_tlg" name="aet05_functions_with_default_argument_value_return_expected_result_with_test_data"/>
    <testcase time="0.447999999999993" classname="default_tlg" name="aet05_all_functions_with_default_argument_value_return_expected_result_with_test_data"/>
    <testcase time="0.335999999999999" classname="default_tlg" name="aet10_functions_with_default_argument_value_return_expected_result_with_test_data"/>
    <testcase time="0.406000000000006" classname="default_tlg" name="cmt02_pt_functions_with_default_argument_value_return_expected_result_with_test_data"/>
    <testcase time="0.516000000000005" classname="default_tlg" name="coxt01_functions_with_default_argument_value_return_expected_result_with_test_data"/>
    <testcase time="0.711999999999989" classname="default_tlg" name="coxt02_functions_with_default_argument_value_return_expected_result_with_test_data"/>
    <testcase time="0.65100000000001" classname="default_tlg" name="dmt01_functions_with_default_argument_value_return_expected_result_with_test_data"/>
    <testcase time="0.641999999999996" classname="default_tlg" name="dst01_functions_with_default_argument_value_return_expected_result_with_test_data"/>
    <testcase time="0.280999999999992" classname="default_tlg" name="dtht01_functions_with_default_argument_value_return_expected_result_with_test_data"/>
  </testsuite>
  <testsuite name="dmt01" timestamp="2024-11-19T02:40:55Z" hostname="b8f6471975be" tests="19" skipped="0" failures="0" errors="0" time="4.457">
    <testcase time="0.203000000000003" classname="dmt01" name="dmt01_can_handle_NA_values"/>
    <testcase time="0.319000000000003" classname="dmt01" name="dmt01_can_handle_NA_values"/>
    <testcase time="0.209000000000003" classname="dmt01" name="dmt01_can_handle_numeric_NA_values"/>
    <testcase time="0.399999999999991" classname="dmt01" name="dmt01_can_handle_numeric_NA_values"/>
    <testcase time="0.0170000000000101" classname="dmt01" name="dmt01_returns_an_error_when_variables_are_of_the_wrong_type"/>
    <testcase time="0.159999999999997" classname="dmt01" name="dmt01_works_as_expected_with_setting_default_precision"/>
    <testcase time="0.325999999999993" classname="dmt01" name="dmt01_works_as_expected_with_setting_default_precision"/>
    <testcase time="0.171000000000006" classname="dmt01" name="dmt01_works_as_expected_with_auto_precision_settings"/>
    <testcase time="0.406000000000006" classname="dmt01" name="dmt01_works_as_expected_with_auto_precision_settings"/>
    <testcase time="0.178999999999988" classname="dmt01" name="dmt01_works_as_expected_with_auto_precision_settings_and_defined_precision"/>
    <testcase time="0.372" classname="dmt01" name="dmt01_works_as_expected_with_auto_precision_settings_and_defined_precision"/>
    <testcase time="0.177000000000007" classname="dmt01" name="dmt01_works_as_expected_with_auto_precision_settings_and_defined_precision_and_default"/>
    <testcase time="0.329999999999998" classname="dmt01" name="dmt01_works_as_expected_with_auto_precision_settings_and_defined_precision_and_default"/>
    <testcase time="0.150000000000006" classname="dmt01" name="dmt01_works_as_expected_with_cutomized_stats_value"/>
    <testcase time="0.286999999999992" classname="dmt01" name="dmt01_works_as_expected_with_cutomized_stats_value"/>
    <testcase time="0.158000000000001" classname="dmt01" name="dmt01_works_as_expected_with_empty_list_as_stats_value"/>
    <testcase time="0.317000000000007" classname="dmt01" name="dmt01_works_as_expected_with_empty_list_as_stats_value"/>
    <testcase time="0.0869999999999891" classname="dmt01" name="dmt01_works_as_expected_with_only_one_summaryvars"/>
    <testcase time="0.189000000000007" classname="dmt01" name="dmt01_works_as_expected_with_only_one_summaryvars"/>
  </testsuite>
  <testsuite name="dst01" timestamp="2024-11-19T02:41:00Z" hostname="b8f6471975be" tests="14" skipped="0" failures="0" errors="0" time="2.514">
    <testcase time="0.147000000000006" classname="dst01" name="dst01_works_as_expected_when_all_data_are_NA"/>
    <testcase time="0.070999999999998" classname="dst01" name="dst01_works_as_expected_when_all_data_are_NA"/>
    <testcase time="0.120999999999995" classname="dst01" name="dst01_can_handle_all_NA_values_in_DCSREAS"/>
    <testcase time="0.146000000000001" classname="dst01" name="dst01_can_handle_all_NA_values_in_DCSREAS"/>
    <testcase time="0.164000000000001" classname="dst01" name="dst01_can_handle_some_NA_values"/>
    <testcase time="0.227999999999994" classname="dst01" name="dst01_can_handle_some_NA_values"/>
    <testcase time="0.14200000000001" classname="dst01" name="dst01_can_handle_missing_levels_in_status_var"/>
    <testcase time="0.0719999999999885" classname="dst01" name="dst01_can_handle_missing_levels_in_status_var"/>
    <testcase time="0.180000000000007" classname="dst01" name="dst01_can_create_variants"/>
    <testcase time="0.222999999999999" classname="dst01" name="dst01_can_create_variants"/>
    <testcase time="0.225999999999999" classname="dst01" name="dst01_can_create_variants"/>
    <testcase time="0.257000000000005" classname="dst01" name="dst01_can_create_variants"/>
    <testcase time="0.256999999999991" classname="dst01" name="dst01_can_create_variants"/>
    <testcase time="0.280000000000001" classname="dst01" name="dst01_can_create_variants"/>
  </testsuite>
  <testsuite name="dtht01" timestamp="2024-11-19T02:41:02Z" hostname="b8f6471975be" tests="5" skipped="0" failures="0" errors="0" time="1.455">
    <testcase time="0.109000000000009" classname="dtht01" name="dtht01_can_handle_all_NA_values"/>
    <testcase time="0.171999999999997" classname="dtht01" name="dtht01_can_handle_all_NA_values"/>
    <testcase time="0.241" classname="dtht01" name="dtht01_can_handle_some_NA_values"/>
    <testcase time="0.343999999999994" classname="dtht01" name="dtht01_can_handle_some_NA_values"/>
    <testcase time="0.588999999999999" classname="dtht01" name="dtht01_can_be_parametrize_as_expected"/>
  </testsuite>
  <testsuite name="egt01" timestamp="2024-11-19T02:41:04Z" hostname="b8f6471975be" tests="3" skipped="0" failures="0" errors="0" time="6.954">
    <testcase time="3.443" classname="egt01" name="egt01_functions_with_default_argument_value_return_expected_result_with_test_data"/>
    <testcase time="1.32600000000001" classname="egt01" name="egt01_can_handle_n_0_and_outputs_NE_instead_of_infs_and_NAs"/>
    <testcase time="2.185" classname="egt01" name="egt01_can_handle_n_0_and_outputs_NE_instead_of_infs_and_NAs"/>
  </testsuite>
  <testsuite name="egt02" timestamp="2024-11-19T02:41:11Z" hostname="b8f6471975be" tests="2" skipped="0" failures="0" errors="0" time="0.729">
    <testcase time="0.381999999999991" classname="egt02" name="egt02_1_functions_with_default_argument_value_return_expected_result_with_test_data"/>
    <testcase time="0.347000000000008" classname="egt02" name="egt02_2_functions_with_default_value_return_expected_result_with_test_data"/>
  </testsuite>
  <testsuite name="egt03" timestamp="2024-11-19T02:41:12Z" hostname="b8f6471975be" tests="5" skipped="0" failures="0" errors="0" time="3.556">
    <testcase time="1.672" classname="egt03" name="egt03_functions_with_default_argument_value_return_expected_result_with_test_data"/>
    <testcase time="0.0160000000000053" classname="egt03" name="egt03_errors_on_all_NA_values"/>
    <testcase time="0.539999999999992" classname="egt03" name="egt03_can_handle_some_NA_values"/>
    <testcase time="1.31100000000001" classname="egt03" name="egt03_can_handle_some_NA_values"/>
    <testcase time="0.0169999999999959" classname="egt03" name="egt03_fails_on_incomplete_data"/>
  </testsuite>
  <testsuite name="egt05_qtcat" timestamp="2024-11-19T02:41:15Z" hostname="b8f6471975be" tests="4" skipped="0" failures="0" errors="0" time="3.464">
    <testcase time="2.23099999999999" classname="egt05_qtcat" name="egt05_qtcat_functions_with_default_argument_value_return_expected_result_with_test_data"/>
    <testcase time="0.0170000000000101" classname="egt05_qtcat" name="egt05_qtcat_erros_on_all_NA_values"/>
    <testcase time="0.414999999999992" classname="egt05_qtcat" name="egt05_qtcat_can_handle_some_NA_values"/>
    <testcase time="0.801000000000002" classname="egt05_qtcat" name="egt05_qtcat_can_handle_some_NA_values"/>
  </testsuite>
  <testsuite name="empty_report" timestamp="2024-11-19T02:41:19Z" hostname="b8f6471975be" tests="25" skipped="0" failures="0" errors="0" time="2.895">
    <testcase time="0.103999999999999" classname="empty_report" name="tlg_functions_return_null_reports_when_domain_table_is_empty"/>
    <testcase time="0.280999999999992" classname="empty_report" name="tlg_functions_return_null_reports_when_domain_table_is_empty"/>
    <testcase time="0.202000000000012" classname="empty_report" name="tlg_functions_return_null_reports_when_domain_table_is_empty"/>
    <testcase time="0.109999999999999" classname="empty_report" name="tlg_functions_return_null_reports_when_domain_table_is_empty"/>
    <testcase time="0.109999999999999" classname="empty_report" name="tlg_functions_return_null_reports_when_domain_table_is_empty"/>
    <testcase time="0.0699999999999932" classname="empty_report" name="tlg_functions_return_null_reports_when_domain_table_is_empty"/>
    <testcase time="0.105000000000004" classname="empty_report" name="tlg_functions_return_null_reports_when_domain_table_is_empty"/>
    <testcase time="0.153999999999996" classname="empty_report" name="tlg_functions_return_null_reports_when_domain_table_is_empty"/>
    <testcase time="0.177000000000007" classname="empty_report" name="tlg_functions_return_null_reports_when_domain_table_is_empty"/>
    <testcase time="0.0859999999999985" classname="empty_report" name="tlg_functions_return_null_reports_when_domain_table_is_empty"/>
    <testcase time="0.108999999999995" classname="empty_report" name="tlg_functions_return_null_reports_when_domain_table_is_empty"/>
    <testcase time="0.0529999999999973" classname="empty_report" name="tlg_functions_return_null_reports_when_domain_table_is_empty"/>
    <testcase time="0.0589999999999975" classname="empty_report" name="tlg_functions_return_null_reports_when_domain_table_is_empty"/>
    <testcase time="0.0710000000000122" classname="empty_report" name="tlg_functions_return_null_reports_when_domain_table_is_empty"/>
    <testcase time="0.0789999999999935" classname="empty_report" name="tlg_functions_return_null_reports_when_domain_table_is_empty"/>
    <testcase time="0.0829999999999984" classname="empty_report" name="tlg_functions_return_null_reports_when_domain_table_is_empty"/>
    <testcase time="0.0910000000000082" classname="empty_report" name="tlg_functions_return_null_reports_when_domain_table_is_empty"/>
    <testcase time="0.108999999999995" classname="empty_report" name="tlg_functions_return_null_reports_when_domain_table_is_empty"/>
    <testcase time="0.340999999999994" classname="empty_report" name="tlg_functions_return_null_reports_when_domain_table_is_empty"/>
    <testcase time="0.100999999999999" classname="empty_report" name="tlg_functions_return_null_reports_when_domain_table_is_empty"/>
    <testcase time="0.104000000000013" classname="empty_report" name="tlg_functions_return_null_reports_when_domain_table_is_empty"/>
    <testcase time="0.0669999999999931" classname="empty_report" name="tlg_functions_return_null_reports_when_domain_table_is_empty"/>
    <testcase time="0.109999999999999" classname="empty_report" name="tlg_functions_return_null_reports_when_domain_table_is_empty"/>
    <testcase time="0.0550000000000068" classname="empty_report" name="tlg_functions_return_null_reports_when_domain_table_is_empty"/>
    <testcase time="0.063999999999993" classname="empty_report" name="tlg_functions_return_null_reports_when_domain_table_is_empty"/>
  </testsuite>
  <testsuite name="ext01" timestamp="2024-11-19T02:41:21Z" hostname="b8f6471975be" tests="10" skipped="0" failures="0" errors="0" time="5.512">
    <testcase time="0.534000000000006" classname="ext01" name="ext01_functions_with_default_argument_value_return_expected_result_with_test_data"/>
    <testcase time="0.579999999999998" classname="ext01" name="ext01_functions_with_categorical_data_return_expected_result_with_test_data"/>
    <testcase time="0.191000000000003" classname="ext01" name="ext01_works"/>
    <testcase time="0.350999999999999" classname="ext01" name="ext01_works"/>
    <testcase time="0.187999999999988" classname="ext01" name="ext01_works"/>
    <testcase time="0.339000000000013" classname="ext01" name="ext01_works"/>
    <testcase time="0.594999999999999" classname="ext01" name="ext01_works_for_selected_parameters_and_categorical_variables"/>
    <testcase time="0.899000000000001" classname="ext01" name="ext01_works_with_custom_mapping_order"/>
    <testcase time="0.888999999999996" classname="ext01" name="ext01_works_with_custom_mapping_order_for_a_single_split"/>
    <testcase time="0.945999999999998" classname="ext01" name="ext01_works_with_custom_mapping_fill_in_value"/>
  </testsuite>
  <testsuite name="fstg01" timestamp="2024-11-19T02:41:27Z" hostname="b8f6471975be" tests="13" skipped="0" failures="0" errors="0" time="7.662">
    <testcase time="0.0150000000000006" classname="fstg01" name="fstg01_works_as_expected"/>
    <testcase time="1.453" classname="fstg01" name="fstg01_works_as_expected"/>
    <testcase time="0.00399999999999068" classname="fstg01" name="fstg01_works_as_expected"/>
    <testcase time="1.41800000000001" classname="fstg01" name="fstg01_works_as_expected_with_custom_color_set"/>
    <testcase time="0.00300000000000011" classname="fstg01" name="fstg01_works_as_expected_with_custom_color_set"/>
    <testcase time="1.44" classname="fstg01" name="fstg01_works_as_expected_with_custom_color_set"/>
    <testcase time="0.00300000000000011" classname="fstg01" name="fstg01_works_as_expected_with_custom_color_set"/>
    <testcase time="0.725999999999999" classname="fstg01" name="fstg01_works_if_changes_are_in_subgroups_conf_level_and_label_all"/>
    <testcase time="0.00300000000000011" classname="fstg01" name="fstg01_works_if_changes_are_in_subgroups_conf_level_and_label_all"/>
    <testcase time="0.983000000000004" classname="fstg01" name="fstg01_works_if_changes_are_in_subgroups_conf_level_and_label_all"/>
    <testcase time="0.00300000000000011" classname="fstg01" name="fstg01_works_if_changes_are_in_subgroups_conf_level_and_label_all"/>
    <testcase time="1.608" classname="fstg01" name="fstg01_can_handle_some_NA_values_in_subgroups"/>
    <testcase time="0.00300000000000011" classname="fstg01" name="fstg01_can_handle_some_NA_values_in_subgroups"/>
  </testsuite>
  <testsuite name="fstg02" timestamp="2024-11-19T02:41:35Z" hostname="b8f6471975be" tests="9" skipped="0" failures="0" errors="0" time="9.26">
    <testcase time="0.0139999999999958" classname="fstg02" name="fstg02_works_as_expected"/>
    <testcase time="1.21599999999999" classname="fstg02" name="fstg02_works_as_expected"/>
    <testcase time="1.29300000000001" classname="fstg02" name="fstg02_works_as_expected_with_custom_color_set"/>
    <testcase time="1.298" classname="fstg02" name="fstg02_works_as_expected_with_custom_color_set"/>
    <testcase time="0.609999999999999" classname="fstg02" name="fstg02_works_if_changes_are_in_subgroups_strata_var_conf_level_and_label_all"/>
    <testcase time="0.847999999999999" classname="fstg02" name="fstg02_works_if_changes_are_in_subgroups_strata_var_conf_level_and_label_all"/>
    <testcase time="1.307" classname="fstg02" name="fstg02_can_handle_some_NA_values_in_subgroups"/>
    <testcase time="1.324" classname="fstg02" name="fstg02_can_handle_customized_time_units"/>
    <testcase time="1.34999999999999" classname="fstg02" name="fstg02_can_handle_customized_time_units"/>
  </testsuite>
  <testsuite name="kmg01" timestamp="2024-11-19T02:41:44Z" hostname="b8f6471975be" tests="13" skipped="0" failures="0" errors="0" time="2.445">
    <testcase time="0.0130000000000052" classname="kmg01" name="kmg01_works_as_expected"/>
    <testcase time="0.417999999999992" classname="kmg01" name="kmg01_works_as_expected"/>
    <testcase time="0.00300000000000011" classname="kmg01" name="kmg01_works_as_expected"/>
    <testcase time="0.425000000000011" classname="kmg01" name="kmg01_works_as_expected_with_custom_color_set"/>
    <testcase time="0.00399999999999068" classname="kmg01" name="kmg01_works_as_expected_with_custom_color_set"/>
    <testcase time="0.416000000000011" classname="kmg01" name="kmg01_works_as_expected_with_custom_color_set"/>
    <testcase time="0.00499999999999545" classname="kmg01" name="kmg01_works_as_expected_with_custom_color_set"/>
    <testcase time="0.420999999999992" classname="kmg01" name="kmg01_works_if_change_pvalue_ties_and_conf_level"/>
    <testcase time="0.00500000000000966" classname="kmg01" name="kmg01_works_if_change_pvalue_ties_and_conf_level"/>
    <testcase time="0.438999999999993" classname="kmg01" name="kmg01_works_if_change_annotation_position"/>
    <testcase time="0.00300000000000011" classname="kmg01" name="kmg01_works_if_change_annotation_position"/>
    <testcase time="0.290000000000006" classname="kmg01" name="kmg01_works_for_stratified_analysis"/>
    <testcase time="0.00300000000000011" classname="kmg01" name="kmg01_works_for_stratified_analysis"/>
  </testsuite>
  <testsuite name="lbt01" timestamp="2024-11-19T02:41:46Z" hostname="b8f6471975be" tests="4" skipped="0" failures="0" errors="0" time="10.36">
    <testcase time="3.68600000000001" classname="lbt01" name="lbt01_functions_with_default_argument_value_return_expected_result_with_test_data"/>
    <testcase time="3.667" classname="lbt01" name="lbt01_functions_with_row_split_var_return_expected_result_with_test_data"/>
    <testcase time="0.943999999999988" classname="lbt01" name="lbt01_can_handle_n_0_and_outputs_NE_instead_of_infs_and_NAs"/>
    <testcase time="2.06299999999999" classname="lbt01" name="lbt01_can_handle_n_0_and_outputs_NE_instead_of_infs_and_NAs"/>
  </testsuite>
  <testsuite name="lbt04" timestamp="2024-11-19T02:41:57Z" hostname="b8f6471975be" tests="8" skipped="0" failures="0" errors="0" time="3.088">
    <testcase time="0.992000000000019" classname="lbt04" name="lbt04_functions_with_default_argument_value_return_expected_result_with_test_data"/>
    <testcase time="0.0849999999999795" classname="lbt04" name="lbt04_can_handle_all_NA_values"/>
    <testcase time="0.0840000000000032" classname="lbt04" name="lbt04_can_handle_all_NA_values"/>
    <testcase time="0.306000000000012" classname="lbt04" name="lbt04_can_handle_missing_levels"/>
    <testcase time="0.643000000000001" classname="lbt04" name="lbt04_can_handle_missing_levels"/>
    <testcase time="0.306000000000012" classname="lbt04" name="lbt04_can_handle_some_NA_values"/>
    <testcase time="0.654999999999973" classname="lbt04" name="lbt04_can_handle_some_NA_values"/>
    <testcase time="0.0170000000000243" classname="lbt04" name="lbt04_fails_on_incomlete_data"/>
  </testsuite>
  <testsuite name="lbt05" timestamp="2024-11-19T02:42:00Z" hostname="b8f6471975be" tests="6" skipped="0" failures="0" errors="0" time="2.023">
    <testcase time="0.717999999999989" classname="lbt05" name="lbt05_functions_with_default_argument_value_return_expected_result_with_test_data"/>
    <testcase time="0.271999999999991" classname="lbt05" name="lbt05_functions_with_default_argument_value_return_expected_result_with_test_data"/>
    <testcase time="0.305000000000007" classname="lbt05" name="lbt05_give_all_0_count_if_ANRIND_are_all_missing"/>
    <testcase time="0.293000000000006" classname="lbt05" name="lbt05_can_handle_some_NA_values"/>
    <testcase time="0.400000000000006" classname="lbt05" name="lbt05_can_handle_some_NA_values"/>
    <testcase time="0.0349999999999966" classname="lbt05" name="lbt05_fails_on_incomlete_data"/>
  </testsuite>
  <testsuite name="lbt06" timestamp="2024-11-19T02:42:02Z" hostname="b8f6471975be" tests="3" skipped="0" failures="0" errors="0" time="3.822">
    <testcase time="0.994" classname="lbt06" name="lbt06_gives_all_0_count_if_ANRIND_and_BNRIND_are_all_missing"/>
    <testcase time="2.79300000000001" classname="lbt06" name="lbt06_can_handle_some_NA_values"/>
    <testcase time="0.0349999999999966" classname="lbt06" name="lbt06_fails_on_incomplete_data"/>
  </testsuite>
  <testsuite name="lbt07" timestamp="2024-11-19T02:42:06Z" hostname="b8f6471975be" tests="4" skipped="0" failures="0" errors="0" time="1.701">
    <testcase time="0.828000000000003" classname="lbt07" name="lbt07_functions_with_default_argument_value_return_expected_result_with_test_data"/>
    <testcase time="0.384999999999991" classname="lbt07" name="lbt07_can_handle_some_NA_values"/>
    <testcase time="0.451999999999998" classname="lbt07" name="lbt07_can_handle_some_NA_values"/>
    <testcase time="0.0360000000000014" classname="lbt07" name="lbt07_fails_on_incomlete_data"/>
  </testsuite>
  <testsuite name="lbt14" timestamp="2024-11-19T02:42:07Z" hostname="b8f6471975be" tests="20" skipped="0" failures="0" errors="0" time="8.249">
    <testcase time="0.713999999999999" classname="lbt14" name="lbt14_functions_with_default_argument_value_return_expected_result_with_test_data"/>
    <testcase time="0.568999999999988" classname="lbt14" name="lbt14_functions_with_default_argument_value_return_expected_result_with_test_data_when_direction_high"/>
    <testcase time="0.609000000000009" classname="lbt14" name="lbt14_functions_with_gr_missing_excl_return_expected_result_with_test_data"/>
    <testcase time="0.615000000000009" classname="lbt14" name="lbt14_functions_with_gr_missing_gr_0_return_expected_result_with_test_data"/>
    <testcase time="0.376000000000005" classname="lbt14" name="lbt14_can_handle_all_NA_values"/>
    <testcase time="0.146999999999991" classname="lbt14" name="lbt14_can_handle_all_NA_values"/>
    <testcase time="0.412999999999982" classname="lbt14" name="lbt14_can_handle_some_NA_values"/>
    <testcase time="0.337000000000018" classname="lbt14" name="lbt14_can_handle_some_NA_values"/>
    <testcase time="1.38999999999999" classname="lbt14" name="lbt14_can_accept_different_gr_missing"/>
    <testcase time="0.26600000000002" classname="lbt14" name="lbt14_can_accept_different_gr_missing"/>
    <testcase time="0.263999999999982" classname="lbt14" name="lbt14_can_accept_different_gr_missing"/>
    <testcase time="0.0180000000000007" classname="lbt14" name="lbt14_fails_on_incomlete_data"/>
    <testcase time="0.367000000000019" classname="lbt14" name="lbt14_can_handle_all_NA_values_with_direction_high"/>
    <testcase time="0.149000000000001" classname="lbt14" name="lbt14_can_handle_all_NA_values_with_direction_high"/>
    <testcase time="0.385999999999996" classname="lbt14" name="lbt14_can_handle_some_NA_values_with_direction_high"/>
    <testcase time="0.180999999999983" classname="lbt14" name="lbt14_can_handle_some_NA_values_with_direction_high"/>
    <testcase time="1.15800000000002" classname="lbt14" name="lbt14_can_accept_different_gr_missing_with_direction_high"/>
    <testcase time="0.129999999999995" classname="lbt14" name="lbt14_can_accept_different_gr_missing_with_direction_high"/>
    <testcase time="0.143000000000001" classname="lbt14" name="lbt14_can_accept_different_gr_missing_with_direction_high"/>
    <testcase time="0.0169999999999959" classname="lbt14" name="lbt14_fails_on_incomlete_data"/>
  </testsuite>
  <testsuite name="lbt15" timestamp="2024-11-19T02:42:16Z" hostname="b8f6471975be" tests="12" skipped="0" failures="0" errors="0" time="5.836">
    <testcase time="0.97399999999999" classname="lbt15" name="lbt15_functions_with_default_argument_value_return_expected_result_with_test_data"/>
    <testcase time="0.308000000000021" classname="lbt15" name="lbt15_can_handle_all_NA_values"/>
    <testcase time="0.651999999999987" classname="lbt15" name="lbt15_can_handle_all_NA_values"/>
    <testcase time="0.322000000000003" classname="lbt15" name="lbt15_can_handle_missing_levels"/>
    <testcase time="0.668000000000006" classname="lbt15" name="lbt15_can_handle_missing_levels"/>
    <testcase time="0.305000000000007" classname="lbt15" name="lbt15_can_handle_missing_levels_in_baseline"/>
    <testcase time="0.665999999999997" classname="lbt15" name="lbt15_can_handle_missing_levels_in_baseline"/>
    <testcase time="0.304999999999978" classname="lbt15" name="lbt15_can_handle_some_NA_values"/>
    <testcase time="0.66500000000002" classname="lbt15" name="lbt15_can_handle_some_NA_values"/>
    <testcase time="0.310000000000002" classname="lbt15" name="lbt15_can_handle_some_NA_values_in_baseline"/>
    <testcase time="0.644999999999982" classname="lbt15" name="lbt15_can_handle_some_NA_values_in_baseline"/>
    <testcase time="0.0159999999999911" classname="lbt15" name="lbt15_fails_on_incomlete_data"/>
  </testsuite>
  <testsuite name="mht01" timestamp="2024-11-19T02:42:21Z" hostname="b8f6471975be" tests="4" skipped="0" failures="0" errors="0" time="3.25">
    <testcase time="0.676000000000016" classname="mht01" name="mht01_functions_with_default_argument_value_return_expected_result_with_test_data"/>
    <testcase time="0.669000000000011" classname="mht01" name="mht01_works"/>
    <testcase time="0.674999999999983" classname="mht01" name="mht01_works_on_NULL_in_lbl_mhbodsys_or_lbl_mhdecod"/>
    <testcase time="1.22999999999999" classname="mht01" name="mht01_works_with_other_row_split_var"/>
  </testsuite>
  <testsuite name="mng01" timestamp="2024-11-19T02:42:25Z" hostname="b8f6471975be" tests="19" skipped="8" failures="0" errors="0" time="8.49">
    <testcase time="1.20100000000002" classname="mng01" name="mng01_works_as_expected_with_default_argument_values"/>
    <testcase time="0.00199999999998113" classname="mng01" name="mng01_works_as_expected_with_default_argument_values">
      <skipped message="Reason: On CI ('test-mng01.R:9:5')"/>
    </testcase>
    <testcase time="0.912000000000006" classname="mng01" name="mng01_works_as_expected_with_custom_argument_values"/>
    <testcase time="0.0120000000000005" classname="mng01" name="mng01_works_as_expected_with_custom_argument_values"/>
    <testcase time="0.00100000000000477" classname="mng01" name="mng01_works_as_expected_with_custom_argument_values">
      <skipped message="Reason: On CI ('test-mng01.R:45:5')"/>
    </testcase>
    <testcase time="0.900999999999982" classname="mng01" name="mng01_works_as_expected_with_custom_color_set"/>
    <testcase time="0.859000000000009" classname="mng01" name="mng01_works_as_expected_with_custom_color_set"/>
    <testcase time="0.00200000000000955" classname="mng01" name="mng01_works_as_expected_with_custom_color_set">
      <skipped message="Reason: On CI ('test-mng01.R:69:5')"/>
    </testcase>
    <testcase time="0.894999999999982" classname="mng01" name="mng01_works_as_expected_with_custom_line_type_set"/>
    <testcase time="0.866000000000014" classname="mng01" name="mng01_works_as_expected_with_custom_line_type_set"/>
    <testcase time="0.00100000000000477" classname="mng01" name="mng01_works_as_expected_with_custom_line_type_set">
      <skipped message="Reason: On CI ('test-mng01.R:91:5')"/>
    </testcase>
    <testcase time="0.141999999999996" classname="mng01" name="mng01_works_with_table_NULL"/>
    <testcase time="0.00100000000000477" classname="mng01" name="mng01_works_with_table_NULL">
      <skipped message="Reason: On CI ('test-mng01.R:104:5')"/>
    </testcase>
    <testcase time="0.879999999999995" classname="mng01" name="mng01_works_with_combination_of_x_variables"/>
    <testcase time="0.00100000000000477" classname="mng01" name="mng01_works_with_combination_of_x_variables">
      <skipped message="Reason: On CI ('test-mng01.R:122:5')"/>
    </testcase>
    <testcase time="0.900000000000006" classname="mng01" name="mng01_works_with_numeric_x_variable"/>
    <testcase time="0.000999999999976353" classname="mng01" name="mng01_works_with_numeric_x_variable">
      <skipped message="Reason: On CI ('test-mng01.R:143:5')"/>
    </testcase>
    <testcase time="0.912000000000006" classname="mng01" name="mng01_works_with_numeric_jitter"/>
    <testcase time="0.00100000000000477" classname="mng01" name="mng01_works_with_numeric_jitter">
      <skipped message="Reason: On CI ('test-mng01.R:161:5')"/>
    </testcase>
  </testsuite>
  <testsuite name="pdt01" timestamp="2024-11-19T02:42:33Z" hostname="b8f6471975be" tests="5" skipped="0" failures="0" errors="0" time="1.169">
    <testcase time="0.449999999999989" classname="pdt01" name="pdt01_function_with_default_argument_value_return_expected_result_with_test_data"/>
    <testcase time="0.100999999999999" classname="pdt01" name="pdt01_can_handle_all_NA_values"/>
    <testcase time="0.164000000000016" classname="pdt01" name="pdt01_can_handle_all_NA_values"/>
    <testcase time="0.207999999999998" classname="pdt01" name="pdt01_can_handle_some_NA_values"/>
    <testcase time="0.246000000000009" classname="pdt01" name="pdt01_can_handle_some_NA_values"/>
  </testsuite>
  <testsuite name="pdt02" timestamp="2024-11-19T02:42:34Z" hostname="b8f6471975be" tests="5" skipped="0" failures="0" errors="0" time="0.933">
    <testcase time="0.308999999999997" classname="pdt02" name="pdt02_function_with_default_argument_value_return_expected_result_with_test_data"/>
    <testcase time="0.127999999999986" classname="pdt02" name="pdt02_can_handle_all_NA_values"/>
    <testcase time="0.186000000000007" classname="pdt02" name="pdt02_can_handle_all_NA_values"/>
    <testcase time="0.12700000000001" classname="pdt02" name="pdt02_can_handle_some_NA_values"/>
    <testcase time="0.182999999999993" classname="pdt02" name="pdt02_can_handle_some_NA_values"/>
  </testsuite>
  <testsuite name="reexports" timestamp="2024-11-19T02:42:35Z" hostname="b8f6471975be" tests="2" skipped="0" failures="0" errors="0" time="0.016">
    <testcase time="0.00899999999998613" classname="reexports" name="with_label_exported_correctly"/>
    <testcase time="0.007000000000005" classname="reexports" name="reformat_exported_correctly"/>
  </testsuite>
  <testsuite name="report_null" timestamp="2024-11-19T02:42:35Z" hostname="b8f6471975be" tests="12" skipped="0" failures="0" errors="0" time="0.169">
    <testcase time="0.0159999999999911" classname="report_null" name="report_null_works_as_expected_with_NULL_"/>
    <testcase time="0.0110000000000241" classname="report_null" name="report_null_works_as_expected_with_NULL_"/>
    <testcase time="0.0309999999999775" classname="report_null" name="report_null_works_as_expected_with_VTableTree_"/>
    <testcase time="0.0220000000000198" classname="report_null" name="report_null_works_as_expected_with_VTableTree_"/>
    <testcase time="0.0109999999999957" classname="report_null" name="report_null_works_as_expected_with_VTableTree_"/>
    <testcase time="0.00899999999998613" classname="report_null" name="report_null_works_as_expected_with_listing_df_"/>
    <testcase time="0.0130000000000052" classname="report_null" name="report_null_works_as_expected_with_listing_df_"/>
    <testcase time="0.0100000000000193" classname="report_null" name="report_null_works_as_expected_with_listing_df_"/>
    <testcase time="0.00899999999998613" classname="report_null" name="report_null_works_as_expected_with_list_"/>
    <testcase time="0.0289999999999964" classname="report_null" name="report_null_works_as_expected_with_list_"/>
    <testcase time="0.00600000000000023" classname="report_null" name="report_null_works_as_expected_with_by_default"/>
    <testcase time="0.00200000000000955" classname="report_null" name="report_null_works_as_expected_with_by_default"/>
  </testsuite>
  <testsuite name="rmpt01" timestamp="2024-11-19T02:42:35Z" hostname="b8f6471975be" tests="11" skipped="0" failures="0" errors="0" time="1.468">
    <testcase time="0.195999999999998" classname="rmpt01" name="rmpt01_function_with_default_argument_value_return_expected_result_with_test_data"/>
    <testcase time="0.0759999999999934" classname="rmpt01" name="rmpt01_can_handle_NA_values"/>
    <testcase time="0.138000000000005" classname="rmpt01" name="rmpt01_can_handle_NA_values"/>
    <testcase time="0.137" classname="rmpt01" name="rmpt01_can_handle_NA_values"/>
    <testcase time="0.24799999999999" classname="rmpt01" name="rmpt01_can_handle_NA_values"/>
    <testcase time="0.0699999999999932" classname="rmpt01" name="rmpt01_can_handle_some_NA_values"/>
    <testcase time="0.132000000000005" classname="rmpt01" name="rmpt01_can_handle_some_NA_values"/>
    <testcase time="0.13900000000001" classname="rmpt01" name="rmpt01_can_handle_some_NA_values"/>
    <testcase time="0.257000000000005" classname="rmpt01" name="rmpt01_can_handle_some_NA_values"/>
    <testcase time="0.039999999999992" classname="rmpt01" name="rmpt01_fails_on_incomlete_data"/>
    <testcase time="0.0349999999999966" classname="rmpt01" name="rmpt01_fails_on_incomlete_data"/>
  </testsuite>
  <testsuite name="rmpt03" timestamp="2024-11-19T02:42:37Z" hostname="b8f6471975be" tests="12" skipped="0" failures="0" errors="0" time="2.196">
    <testcase time="0.353000000000009" classname="rmpt03" name="rmpt03_function_with_default_argument_value_return_expected_result_with_test_data"/>
    <testcase time="0.131" classname="rmpt03" name="rmpt03_can_handle_NA_values"/>
    <testcase time="0.236999999999995" classname="rmpt03" name="rmpt03_can_handle_NA_values"/>
    <testcase time="0.193999999999988" classname="rmpt03" name="rmpt03_can_handle_NA_values"/>
    <testcase time="0.313000000000017" classname="rmpt03" name="rmpt03_can_handle_NA_values"/>
    <testcase time="0.137" classname="rmpt03" name="rmpt03_can_handle_some_NA_values"/>
    <testcase time="0.231999999999999" classname="rmpt03" name="rmpt03_can_handle_some_NA_values"/>
    <testcase time="0.188999999999993" classname="rmpt03" name="rmpt03_can_handle_some_NA_values"/>
    <testcase time="0.323000000000008" classname="rmpt03" name="rmpt03_can_handle_some_NA_values"/>
    <testcase time="0.0370000000000061" classname="rmpt03" name="rmpt03_fails_on_incomlete_data"/>
    <testcase time="0.0319999999999823" classname="rmpt03" name="rmpt03_fails_on_incomlete_data"/>
    <testcase time="0.0180000000000007" classname="rmpt03" name="rmpt03_fails_on_incomlete_data"/>
  </testsuite>
  <testsuite name="rmpt04" timestamp="2024-11-19T02:42:39Z" hostname="b8f6471975be" tests="10" skipped="0" failures="0" errors="0" time="1.027">
    <testcase time="0.192000000000007" classname="rmpt04" name="rmpt04_function_with_default_argument_value_return_expected_result_with_test_data"/>
    <testcase time="0.0649999999999977" classname="rmpt04" name="rmpt04_can_handle_NA_values"/>
    <testcase time="0.122000000000014" classname="rmpt04" name="rmpt04_can_handle_NA_values"/>
    <testcase time="0.0529999999999973" classname="rmpt04" name="rmpt04_can_handle_NA_values"/>
    <testcase time="0.139999999999986" classname="rmpt04" name="rmpt04_can_handle_NA_values"/>
    <testcase time="0.0600000000000023" classname="rmpt04" name="rmpt04_can_handle_some_NA_values"/>
    <testcase time="0.134999999999991" classname="rmpt04" name="rmpt04_can_handle_some_NA_values"/>
    <testcase time="0.0640000000000214" classname="rmpt04" name="rmpt04_can_handle_some_NA_values"/>
    <testcase time="0.135999999999996" classname="rmpt04" name="rmpt04_can_handle_some_NA_values"/>
    <testcase time="0.0600000000000023" classname="rmpt04" name="rmpt04_fails_on_incomlete_data"/>
  </testsuite>
  <testsuite name="rmpt05" timestamp="2024-11-19T02:42:40Z" hostname="b8f6471975be" tests="10" skipped="0" failures="0" errors="0" time="1.154">
    <testcase time="0.21599999999998" classname="rmpt05" name="rmpt05_function_with_default_argument_value_return_expected_result_with_test_data"/>
    <testcase time="0.0630000000000166" classname="rmpt05" name="rmpt05_can_handle_NA_values"/>
    <testcase time="0.150999999999982" classname="rmpt05" name="rmpt05_can_handle_NA_values"/>
    <testcase time="0.0600000000000023" classname="rmpt05" name="rmpt05_can_handle_NA_values"/>
    <testcase time="0.149000000000001" classname="rmpt05" name="rmpt05_can_handle_NA_values"/>
    <testcase time="0.0630000000000166" classname="rmpt05" name="rmpt05_can_handle_some_NA_values"/>
    <testcase time="0.140999999999991" classname="rmpt05" name="rmpt05_can_handle_some_NA_values"/>
    <testcase time="0.092000000000013" classname="rmpt05" name="rmpt05_can_handle_some_NA_values"/>
    <testcase time="0.151999999999987" classname="rmpt05" name="rmpt05_can_handle_some_NA_values"/>
    <testcase time="0.0670000000000073" classname="rmpt05" name="rmpt05_fails_on_incomlete_data"/>
  </testsuite>
  <testsuite name="rmpt06" timestamp="2024-11-19T02:42:41Z" hostname="b8f6471975be" tests="6" skipped="0" failures="0" errors="0" time="2.187">
    <testcase time="0.615999999999985" classname="rmpt06" name="rmpt06_works_as_expected"/>
    <testcase time="0.671999999999997" classname="rmpt06" name="rmpt06_works_as_expected_with_show_diff_TRUE"/>
    <testcase time="0.239000000000004" classname="rmpt06" name="rmpt06_can_handle_all_NA_values"/>
    <testcase time="0.293000000000006" classname="rmpt06" name="rmpt06_can_handle_all_NA_values"/>
    <testcase time="0.229000000000013" classname="rmpt06" name="rmpt06_can_handle_all_NA_values"/>
    <testcase time="0.137999999999977" classname="rmpt06" name="rmpt06_can_handle_all_NA_values"/>
  </testsuite>
  <testsuite name="rspt01" timestamp="2024-11-19T02:42:43Z" hostname="b8f6471975be" tests="27" skipped="0" failures="0" errors="0" time="7.689">
    <testcase time="0.0160000000000196" classname="rspt01" name="rspt01_works_as_expected"/>
    <testcase time="0.330999999999989" classname="rspt01" name="rspt01_works_as_expected"/>
    <testcase time="0.263000000000005" classname="rspt01" name="rspt01_works_as_expected"/>
    <testcase time="0.306000000000012" classname="rspt01" name="rspt01_works_as_expected_for_stratified_and_unstratified_analysis"/>
    <testcase time="0.279999999999973" classname="rspt01" name="rspt01_works_as_expected_for_stratified_and_unstratified_analysis"/>
    <testcase time="0.333000000000027" classname="rspt01" name="rspt01_works_as_expected_for_stratified_and_unstratified_analysis"/>
    <testcase time="0.307999999999993" classname="rspt01" name="rspt01_works_as_expected_for_stratified_and_unstratified_analysis"/>
    <testcase time="0.256" classname="rspt01" name="rspt01_works_as_expected_for_unstratified_analysis_only"/>
    <testcase time="0.252999999999986" classname="rspt01" name="rspt01_works_as_expected_for_unstratified_analysis_only"/>
    <testcase time="0.278999999999996" classname="rspt01" name="rspt01_works_as_expected_for_unstratified_analysis_only"/>
    <testcase time="0.26400000000001" classname="rspt01" name="rspt01_works_as_expected_for_unstratified_analysis_only"/>
    <testcase time="0.262" classname="rspt01" name="rspt01_works_as_expected_for_stratified_analysis_only"/>
    <testcase time="0.25" classname="rspt01" name="rspt01_works_as_expected_for_stratified_analysis_only"/>
    <testcase time="0.280000000000001" classname="rspt01" name="rspt01_works_as_expected_for_stratified_analysis_only"/>
    <testcase time="0.266999999999996" classname="rspt01" name="rspt01_works_as_expected_for_stratified_analysis_only"/>
    <testcase time="0.289999999999992" classname="rspt01" name="rspt01_works_if_change_reference_group"/>
    <testcase time="0.26400000000001" classname="rspt01" name="rspt01_works_if_change_reference_group"/>
    <testcase time="0.363" classname="rspt01" name="rspt01_works_if_change_reference_group"/>
    <testcase time="0.310000000000002" classname="rspt01" name="rspt01_works_if_change_reference_group"/>
    <testcase time="0.282999999999987" classname="rspt01" name="rspt01_works_if_change_statistic_methods"/>
    <testcase time="0.282000000000011" classname="rspt01" name="rspt01_works_if_change_statistic_methods"/>
    <testcase time="0.352000000000004" classname="rspt01" name="rspt01_works_if_change_statistic_methods"/>
    <testcase time="0.359000000000009" classname="rspt01" name="rspt01_works_if_change_statistic_methods"/>
    <testcase time="0.292000000000002" classname="rspt01" name="rspt01_works_if_change_confidence_interval"/>
    <testcase time="0.268000000000001" classname="rspt01" name="rspt01_works_if_change_confidence_interval"/>
    <testcase time="0.355999999999995" classname="rspt01" name="rspt01_works_if_change_confidence_interval"/>
    <testcase time="0.322000000000003" classname="rspt01" name="rspt01_works_if_change_confidence_interval"/>
  </testsuite>
  <testsuite name="ttet01" timestamp="2024-11-19T02:42:51Z" hostname="b8f6471975be" tests="15" skipped="0" failures="0" errors="0" time="5.703">
    <testcase time="0.0180000000000007" classname="ttet01" name="ttet01_works_as_expected"/>
    <testcase time="0.439999999999998" classname="ttet01" name="ttet01_works_as_expected"/>
    <testcase time="0.526999999999987" classname="ttet01" name="ttet01_works_as_expected"/>
    <testcase time="0.343999999999994" classname="ttet01" name="ttet01_works_as_expected_for_stratified_and_unstratified_analysis"/>
    <testcase time="0.360000000000014" classname="ttet01" name="ttet01_works_as_expected_for_stratified_and_unstratified_analysis"/>
    <testcase time="0.453000000000003" classname="ttet01" name="ttet01_works_as_expected_for_stratified_and_unstratified_analysis"/>
    <testcase time="0.472000000000008" classname="ttet01" name="ttet01_works_as_expected_for_stratified_and_unstratified_analysis"/>
    <testcase time="0.359999999999985" classname="ttet01" name="ttet01_works_as_expected_for_stratified_analysis_only"/>
    <testcase time="0.358000000000004" classname="ttet01" name="ttet01_works_as_expected_for_stratified_analysis_only"/>
    <testcase time="0.413000000000011" classname="ttet01" name="ttet01_works_as_expected_for_stratified_analysis_only"/>
    <testcase time="0.393999999999977" classname="ttet01" name="ttet01_works_as_expected_for_stratified_analysis_only"/>
    <testcase time="0.323000000000008" classname="ttet01" name="ttet01_works_if_change_reference_group"/>
    <testcase time="0.37700000000001" classname="ttet01" name="ttet01_works_if_change_reference_group"/>
    <testcase time="0.408999999999992" classname="ttet01" name="ttet01_works_if_change_reference_group"/>
    <testcase time="0.455000000000013" classname="ttet01" name="ttet01_works_if_change_reference_group"/>
  </testsuite>
  <testsuite name="unwrap" timestamp="2024-11-19T02:42:57Z" hostname="b8f6471975be" tests="12" skipped="0" failures="0" errors="0" time="0.187">
    <testcase time="0.0139999999999816" classname="unwrap" name="unwrap_layout_works_as_expected_with_standard_chevron_t_main_function"/>
    <testcase time="0.00100000000000477" classname="unwrap" name="unwrap_layout_works_as_expected_with_standard_chevron_t_main_function"/>
    <testcase time="0.00100000000000477" classname="unwrap" name="unwrap_layout_works_as_expected_with_standard_chevron_t_main_function"/>
    <testcase time="0.0260000000000105" classname="unwrap" name="unwrap_layout_works_as_expected_with_standard_chevron_t_main_function"/>
    <testcase time="0.011999999999972" classname="unwrap" name="unwrap_layout_works_as_expected_with_standard_chevron_g_main_function"/>
    <testcase time="0.007000000000005" classname="unwrap" name="unwrap_layout_works_as_expected_with_standard_chevron_l_main_function"/>
    <testcase time="0.007000000000005" classname="unwrap" name="unwrap_layout_works_as_expected_with_a_custom_function_without_layout_function"/>
    <testcase time="0.0320000000000107" classname="unwrap" name="unwrap_layout_works_as_expected_with_a_custom_function_with_layout_function"/>
    <testcase time="0.00199999999998113" classname="unwrap" name="unwrap_layout_works_as_expected_with_a_custom_function_with_layout_function"/>
    <testcase time="0.0460000000000207" classname="unwrap" name="unwrap_layout_works_as_expected_with_multiple_layout_function"/>
    <testcase time="0.0379999999999825" classname="unwrap" name="unwrap_layout_works_as_expected_on_custom_function_with_overwritten_layout_function"/>
    <testcase time="0.00100000000000477" classname="unwrap" name="unwrap_layout_works_as_expected_on_custom_function_with_overwritten_layout_function"/>
  </testsuite>
  <testsuite name="utils" timestamp="2024-11-19T02:42:57Z" hostname="b8f6471975be" tests="81" skipped="0" failures="0" errors="0" time="2.567">
    <testcase time="0.0109999999999957" classname="utils" name="h_format_dec_works_as_exected"/>
    <testcase time="0.00300000000001432" classname="utils" name="h_format_dec_works_as_exected"/>
    <testcase time="0.000999999999976353" classname="utils" name="h_format_dec_works_as_exected"/>
    <testcase time="0.00300000000001432" classname="utils" name="h_format_dec_works_as_exected"/>
    <testcase time="0.00200000000000955" classname="utils" name="h_format_dec_works_as_exected"/>
    <testcase time="0.00199999999998113" classname="utils" name="h_format_dec_works_as_exected"/>
    <testcase time="0.00200000000000955" classname="utils" name="h_format_dec_works_as_exected"/>
    <testcase time="0.00200000000000955" classname="utils" name="h_format_dec_works_as_exected"/>
    <testcase time="0.00199999999998113" classname="utils" name="h_format_dec_works_as_exected"/>
    <testcase time="0.00300000000001432" classname="utils" name="h_format_dec_works_as_exected"/>
    <testcase time="0.00100000000000477" classname="utils" name="h_format_dec_works_as_exected"/>
    <testcase time="0.0029999999999859" classname="utils" name="h_format_dec_works_as_exected"/>
    <testcase time="0.00600000000000023" classname="utils" name="h_format_dec_works_as_expected_with_more_than_one_value"/>
    <testcase time="0.00300000000001432" classname="utils" name="h_format_dec_works_as_expected_with_more_than_one_value"/>
    <testcase time="0.00600000000000023" classname="utils" name="h_format_dec_works_as_expected_with_NA_digits"/>
    <testcase time="0.00600000000000023" classname="utils" name="fuse_sequentially_works"/>
    <testcase time="0.00199999999998113" classname="utils" name="fuse_sequentially_works"/>
    <testcase time="0.0120000000000005" classname="utils" name="ifneeded_split_row_works_as_expected"/>
    <testcase time="0.007000000000005" classname="utils" name="ifneeded_split_row_works_as_expected"/>
    <testcase time="0.0790000000000077" classname="utils" name="_unnamed_"/>
    <testcase time="0.0679999999999836" classname="utils" name="_unnamed_"/>
    <testcase time="0.0900000000000034" classname="utils" name="_unnamed_"/>
    <testcase time="0.0510000000000161" classname="utils" name="_unnamed_"/>
    <testcase time="0.0029999999999859" classname="utils" name="droplevels.character_works_as_expected"/>
    <testcase time="0.00300000000001432" classname="utils" name="droplevels.character_works_as_expected"/>
    <testcase time="0.00499999999999545" classname="utils" name="lvls.character_works_as_expected"/>
    <testcase time="0.0029999999999859" classname="utils" name="lvls.character_works_as_expected"/>
    <testcase time="0.00499999999999545" classname="utils" name="lvls.factor_works_as_expected"/>
    <testcase time="0.00200000000000955" classname="utils" name="lvls.factor_works_as_expected"/>
    <testcase time="0.00499999999999545" classname="utils" name="lvls.default_works_as_expected"/>
    <testcase time="0.00300000000001432" classname="utils" name="lvls.default_works_as_expected"/>
    <testcase time="0.00499999999999545" classname="utils" name="quote_str_works_as_expected"/>
    <testcase time="0.0029999999999859" classname="utils" name="quote_str_works_as_expected"/>
    <testcase time="0.00500000000002387" classname="utils" name="quote_str_works_as_expected"/>
    <testcase time="0.00600000000000023" classname="utils" name="modify_default_args_works_as_expected"/>
    <testcase time="0.0029999999999859" classname="utils" name="modify_default_args_works_as_expected"/>
    <testcase time="0.00499999999999545" classname="utils" name="execute_with_args_works_as_expected"/>
    <testcase time="0.00300000000001432" classname="utils" name="execute_with_args_works_as_expected"/>
    <testcase time="0.00199999999998113" classname="utils" name="execute_with_args_works_as_expected"/>
    <testcase time="0.00300000000001432" classname="utils" name="execute_with_args_works_as_expected"/>
    <testcase time="0.00100000000000477" classname="utils" name="execute_with_args_works_as_expected"/>
    <testcase time="0.00199999999998113" classname="utils" name="execute_with_args_works_as_expected"/>
    <testcase time="0.00200000000000955" classname="utils" name="execute_with_args_works_as_expected"/>
    <testcase time="0.0029999999999859" classname="utils" name="execute_with_args_works_as_expected"/>
    <testcase time="0.00100000000000477" classname="utils" name="execute_with_args_works_as_expected"/>
    <testcase time="0.00200000000000955" classname="utils" name="execute_with_args_works_as_expected"/>
    <testcase time="0.00199999999998113" classname="utils" name="execute_with_args_works_as_expected"/>
    <testcase time="0.00300000000001432" classname="utils" name="execute_with_args_works_as_expected"/>
    <testcase time="0.00499999999999545" classname="utils" name="do_call_work_as_expected"/>
    <testcase time="0.00300000000001432" classname="utils" name="do_call_work_as_expected"/>
    <testcase time="0.00799999999998136" classname="utils" name="do_call_errors_as_expected"/>
    <testcase time="0.00600000000000023" classname="utils" name="do_call_errors_as_expected"/>
    <testcase time="0.00600000000000023" classname="utils" name="convert_to_month_work_as_expected"/>
    <testcase time="0.00300000000001432" classname="utils" name="convert_to_month_work_as_expected"/>
    <testcase time="0.00199999999998113" classname="utils" name="convert_to_month_work_as_expected"/>
    <testcase time="0.00300000000001432" classname="utils" name="convert_to_month_work_as_expected"/>
    <testcase time="0.00199999999998113" classname="utils" name="convert_to_month_work_as_expected"/>
    <testcase time="0.00300000000001432" classname="utils" name="convert_to_month_work_as_expected"/>
    <testcase time="0.00899999999998613" classname="utils" name="convert_to_month_warning_messages_as_expected"/>
    <testcase time="0.0110000000000241" classname="utils" name="gg_theme_chevron_works_as_expected"/>
    <testcase time="0.000999999999976353" classname="utils" name="gg_theme_chevron_works_as_expected"/>
    <testcase time="0.00200000000000955" classname="utils" name="gg_theme_chevron_works_as_expected"/>
    <testcase time="0.00499999999999545" classname="utils" name="gg_theme_chevron_works_as_expected"/>
    <testcase time="0.00100000000000477" classname="utils" name="gg_theme_chevron_works_as_expected"/>
    <testcase time="0.00200000000000955" classname="utils" name="gg_theme_chevron_works_as_expected"/>
    <testcase time="0.007000000000005" classname="utils" name="modify_character_works"/>
    <testcase time="0.0029999999999859" classname="utils" name="modify_character_works"/>
    <testcase time="0.00600000000000023" classname="utils" name="expand_list_works"/>
    <testcase time="0.00300000000001432" classname="utils" name="expand_list_works"/>
    <testcase time="0.00499999999999545" classname="utils" name="set_section_div_works"/>
    <testcase time="0.00499999999999545" classname="utils" name="set_section_div_works"/>
    <testcase time="0.00499999999999545" classname="utils" name="set_section_div_works"/>
    <testcase time="0.00300000000001432" classname="utils" name="set_section_div_works"/>
    <testcase time="0.00600000000000023" classname="utils" name="get_section_div_works"/>
    <testcase time="0.0029999999999859" classname="utils" name="get_section_div_works"/>
    <testcase time="1.01599999999999" classname="utils" name="grob_list_is_deprecated"/>
    <testcase time="0.967000000000013" classname="utils" name="gg_list_is_deprecated"/>
    <testcase time="0.00800000000000978" classname="utils" name="format_date_works_as_expected_for_POSIXct"/>
    <testcase time="0.0029999999999859" classname="utils" name="format_date_works_as_expected_for_POSIXct"/>
    <testcase time="0.007000000000005" classname="utils" name="format_date_works_as_expected_for_Date"/>
    <testcase time="0.0029999999999859" classname="utils" name="format_date_works_as_expected_for_Date"/>
  </testsuite>
  <testsuite name="vst01" timestamp="2024-11-19T02:43:00Z" hostname="b8f6471975be" tests="3" skipped="0" failures="0" errors="0" time="4.91">
    <testcase time="2.63600000000002" classname="vst01" name="vst01_functions_with_default_argument_value_return_expected_result_with_test_data"/>
    <testcase time="0.744999999999976" classname="vst01" name="run_vst01_works_as_expected"/>
    <testcase time="1.529" classname="vst01" name="run_vst01_works_as_expected"/>
  </testsuite>
  <testsuite name="vst02" timestamp="2024-11-19T02:43:05Z" hostname="b8f6471975be" tests="2" skipped="0" failures="0" errors="0" time="0.93">
    <testcase time="0.463000000000022" classname="vst02" name="vst02_functions_with_default_argument_value_return_expected_result_with_test_data"/>
    <testcase time="0.466999999999985" classname="vst02" name="vst02_functions_return_expected_result_with_test_data_when_excluding_subject_with_baseline_abnormality"/>
  </testsuite>
</testsuites>
