<?xml version="1.0" encoding="UTF-8"?>
<testsuites>
  <testsuite name="aet01" timestamp="2023-03-10T15:21:30Z" hostname="cec673ea36ad" tests="4" skipped="2" failures="0" errors="0" time="3.181">
    <testcase time="2.104" classname="aet01" name="aet01_can_handle_all_NA_values"/>
    <testcase time="0.164" classname="aet01" name="aet01_can_handle_all_NA_values">
      <skipped message="Reason: On CRAN ('test-aet01.R:13')"/>
    </testcase>
    <testcase time="0.749000000000001" classname="aet01" name="aet01_can_handle_some_NA_values"/>
    <testcase time="0.164" classname="aet01" name="aet01_can_handle_some_NA_values">
      <skipped message="Reason: On CRAN ('test-aet01.R:29')"/>
    </testcase>
  </testsuite>
  <testsuite name="aet01_aesi" timestamp="2023-03-10T15:21:34Z" hostname="cec673ea36ad" tests="4" skipped="2" failures="0" errors="0" time="1.159">
    <testcase time="0.54" classname="aet01_aesi" name="aet01_aesi_can_handle_all_NA_values"/>
    <testcase time="0.0700000000000003" classname="aet01_aesi" name="aet01_aesi_can_handle_all_NA_values">
      <skipped message="Reason: On CRAN ('test-aet01_aesi.R:18')"/>
    </testcase>
    <testcase time="0.48" classname="aet01_aesi" name="aet01_aesi_can_handle_some_NA_values"/>
    <testcase time="0.069" classname="aet01_aesi" name="aet01_aesi_can_handle_some_NA_values">
      <skipped message="Reason: On CRAN ('test-aet01_aesi.R:30')"/>
    </testcase>
  </testsuite>
  <testsuite name="aet03" timestamp="2023-03-10T15:21:35Z" hostname="cec673ea36ad" tests="4" skipped="2" failures="0" errors="0" time="2.844">
    <testcase time="0.693000000000001" classname="aet03" name="aet03_can_handle_NA_values"/>
    <testcase time="0.0709999999999997" classname="aet03" name="aet03_can_handle_NA_values">
      <skipped message="Reason: On CRAN ('test-aet03.R:11')"/>
    </testcase>
    <testcase time="1.86" classname="aet03" name="aet03_can_handle_some_NA_values"/>
    <testcase time="0.219999999999999" classname="aet03" name="aet03_can_handle_some_NA_values">
      <skipped message="Reason: On CRAN ('test-aet03.R:29')"/>
    </testcase>
  </testsuite>
  <testsuite name="aet04" timestamp="2023-03-10T15:21:38Z" hostname="cec673ea36ad" tests="4" skipped="2" failures="0" errors="0" time="4.028">
    <testcase time="0.826000000000001" classname="aet04" name="aet04_can_handle_NA_values"/>
    <testcase time="0.126000000000001" classname="aet04" name="aet04_can_handle_NA_values">
      <skipped message="Reason: On CRAN ('test-aet04.R:11')"/>
    </testcase>
    <testcase time="2.75" classname="aet04" name="aet04_can_handle_some_NA_values"/>
    <testcase time="0.325999999999999" classname="aet04" name="aet04_can_handle_some_NA_values">
      <skipped message="Reason: On CRAN ('test-aet04.R:44')"/>
    </testcase>
  </testsuite>
  <testsuite name="assertions" timestamp="2023-03-10T15:21:42Z" hostname="cec673ea36ad" tests="14" skipped="0" failures="0" errors="0" time="1.563">
    <testcase time="0.0190000000000001" classname="assertions" name="assert_colnames_works_as_expected"/>
    <testcase time="0.0150000000000006" classname="assertions" name="assert_colnames_works_as_expected"/>
    <testcase time="0.00200000000000067" classname="assertions" name="assert_colnames_works_as_expected"/>
    <testcase time="0.00599999999999845" classname="assertions" name="assert_colnames_works_as_expected"/>
    <testcase time="0.23" classname="assertions" name="assert_one_tablenames_works_as_expected"/>
    <testcase time="0.227" classname="assertions" name="assert_one_tablenames_works_as_expected"/>
    <testcase time="0.214" classname="assertions" name="assert_one_tablenames_works_as_expected"/>
    <testcase time="0.208" classname="assertions" name="assert_one_tablenames_works_as_expected"/>
    <testcase time="0.196" classname="assertions" name="assert_all_tablenames_works_as_expected"/>
    <testcase time="0.212" classname="assertions" name="assert_all_tablenames_works_as_expected"/>
    <testcase time="0.209999999999999" classname="assertions" name="assert_all_tablenames_works_as_expected"/>
    <testcase time="0.0100000000000016" classname="assertions" name="assert_args_works_as_expected"/>
    <testcase time="0.00199999999999889" classname="assertions" name="assert_args_works_as_expected"/>
    <testcase time="0.0120000000000005" classname="assertions" name="assert_args_works_as_expected"/>
  </testsuite>
  <testsuite name="checks" timestamp="2023-03-10T15:21:43Z" hostname="cec673ea36ad" tests="8" skipped="0" failures="0" errors="0" time="0.033">
    <testcase time="0.00799999999999912" classname="checks" name="check_all_colnames_works_as_expected"/>
    <testcase time="0.00400000000000134" classname="checks" name="check_all_colnames_works_as_expected"/>
    <testcase time="0.00199999999999889" classname="checks" name="check_all_colnames_works_as_expected"/>
    <testcase time="0.00400000000000134" classname="checks" name="check_all_colnames_works_as_expected"/>
    <testcase time="0.00599999999999845" classname="checks" name="check_one_colnames_works_as_expected"/>
    <testcase time="0.00400000000000134" classname="checks" name="check_one_colnames_works_as_expected"/>
    <testcase time="0.00199999999999889" classname="checks" name="check_one_colnames_works_as_expected"/>
    <testcase time="0.00300000000000011" classname="checks" name="check_one_colnames_works_as_expected"/>
  </testsuite>
  <testsuite name="chevron_tlg-class" timestamp="2023-03-10T15:21:43Z" hostname="cec673ea36ad" tests="24" skipped="0" failures="0" errors="0" time="0.106">
    <testcase time="0.011000000000001" classname="chevron_tlg_class" name="chevron_t_object_can_be_constructed_with_default_values"/>
    <testcase time="0.00399999999999956" classname="chevron_tlg_class" name="chevron_t_object_can_be_constructed_with_default_values"/>
    <testcase time="0.00600000000000023" classname="chevron_tlg_class" name="chevron_t_object_can_be_constructed_with_custom_values"/>
    <testcase time="0.00499999999999901" classname="chevron_tlg_class" name="chevron_t_object_can_be_constructed_with_custom_values"/>
    <testcase time="0.00300000000000011" classname="chevron_tlg_class" name="chevron_t_object_can_be_constructed_with_custom_values"/>
    <testcase time="0.00400000000000134" classname="chevron_tlg_class" name="chevron_t_object_can_be_constructed_with_custom_values"/>
    <testcase time="0.00599999999999845" classname="chevron_tlg_class" name="chevron_t_constructor_returns_an_error_when_expected"/>
    <testcase time="0.00200000000000067" classname="chevron_tlg_class" name="chevron_t_constructor_returns_an_error_when_expected"/>
    <testcase time="0.000999999999999446" classname="chevron_tlg_class" name="chevron_t_constructor_returns_an_error_when_expected"/>
    <testcase time="0.00100000000000122" classname="chevron_tlg_class" name="chevron_t_constructor_returns_an_error_when_expected"/>
    <testcase time="0.000999999999999446" classname="chevron_tlg_class" name="chevron_t_constructor_returns_an_error_when_expected"/>
    <testcase time="0.00200000000000067" classname="chevron_tlg_class" name="chevron_t_constructor_returns_an_error_when_expected"/>
    <testcase time="0.00599999999999845" classname="chevron_tlg_class" name="chevron_l_object_can_be_constructed_with_default_values"/>
    <testcase time="0.0180000000000007" classname="chevron_tlg_class" name="chevron_l_object_can_be_constructed_with_default_values"/>
    <testcase time="0.00900000000000034" classname="chevron_tlg_class" name="chevron_g_object_can_be_constructed_with_custom_values"/>
    <testcase time="0.00600000000000023" classname="chevron_tlg_class" name="chevron_g_object_can_be_constructed_with_custom_values"/>
    <testcase time="0.00300000000000011" classname="chevron_tlg_class" name="chevron_g_object_can_be_constructed_with_custom_values"/>
    <testcase time="0.00499999999999901" classname="chevron_tlg_class" name="chevron_g_object_can_be_constructed_with_custom_values"/>
    <testcase time="0.00600000000000023" classname="chevron_tlg_class" name="chevron_g_constructor_returns_an_error_when_expected"/>
    <testcase time="0.00200000000000067" classname="chevron_tlg_class" name="chevron_g_constructor_returns_an_error_when_expected"/>
    <testcase time="0.000999999999999446" classname="chevron_tlg_class" name="chevron_g_constructor_returns_an_error_when_expected"/>
    <testcase time="0.000999999999999446" classname="chevron_tlg_class" name="chevron_g_constructor_returns_an_error_when_expected"/>
    <testcase time="0.00200000000000067" classname="chevron_tlg_class" name="chevron_g_constructor_returns_an_error_when_expected"/>
    <testcase time="0.000999999999999446" classname="chevron_tlg_class" name="chevron_g_constructor_returns_an_error_when_expected"/>
  </testsuite>
  <testsuite name="chevron_tlg-methods" timestamp="2023-03-10T15:21:43Z" hostname="cec673ea36ad" tests="36" skipped="1" failures="4" errors="0" time="3.407">
    <testcase time="3.153" classname="chevron_tlg_methods" name="run_works_as_expected_for_chevron_t_object">
      <skipped message="Reason: On CRAN ('test-chevron_tlg-methods.R:5')"/>
    </testcase>
    <testcase time="0.0169999999999995" classname="chevron_tlg_methods" name="run_returns_a_warning_if_provided_with_invalid_arguments"/>
    <testcase time="0.00600000000000023" classname="chevron_tlg_methods" name="args_ls_works_as_expected"/>
    <testcase time="0.000999999999997669" classname="chevron_tlg_methods" name="args_ls_works_as_expected"/>
    <testcase time="0.00200000000000244" classname="chevron_tlg_methods" name="args_ls_works_as_expected"/>
    <testcase time="0.00499999999999901" classname="chevron_tlg_methods" name="args_ls_works_as_expected_when_simplify_is_TRUE"/>
    <testcase time="0.00100000000000122" classname="chevron_tlg_methods" name="args_ls_works_as_expected_when_simplify_is_TRUE"/>
    <testcase time="0.000999999999997669" classname="chevron_tlg_methods" name="args_ls_works_as_expected_when_simplify_is_TRUE"/>
    <testcase time="0.00600000000000023" classname="chevron_tlg_methods" name="args_ls_works_as_expected_with_custom_chevron_tlg_object"/>
    <testcase time="0.00100000000000122" classname="chevron_tlg_methods" name="args_ls_works_as_expected_with_custom_chevron_tlg_object"/>
    <testcase time="0.000999999999997669" classname="chevron_tlg_methods" name="args_ls_works_as_expected_with_custom_chevron_tlg_object"/>
    <testcase time="0.00500000000000256" classname="chevron_tlg_methods" name="args_ls_works_as_expected_with_custom_chevron_tlg_object"/>
    <testcase time="0.0069999999999979" classname="chevron_tlg_methods" name="main_works_as_expected"/>
    <testcase time="0.00800000000000267" classname="chevron_tlg_methods" name="main_setter_works_as_expected"/>
    <testcase time="0.0119999999999969" classname="chevron_tlg_methods" name="main_setter_throw_an_error_as_expected"/>
    <testcase time="0.00800000000000267" classname="chevron_tlg_methods" name="preprocess_works_as_expected"/>
    <testcase time="0.00799999999999912" classname="chevron_tlg_methods" name="preprocess_setter_works_as_expected"/>
    <testcase time="0.0120000000000005" classname="chevron_tlg_methods" name="preprocess_sends_an_error_as_expected"/>
    <testcase time="0.0069999999999979" classname="chevron_tlg_methods" name="postprocess_works_as_expected"/>
    <testcase time="0.0190000000000019" classname="chevron_tlg_methods" name="postprocess_setter_works_as_expected"/>
    <testcase time="0.0109999999999992" classname="chevron_tlg_methods" name="postprocess_sends_an_error_as_expected"/>
    <testcase time="0.00799999999999912" classname="chevron_tlg_methods" name="datasets_works_as_expected"/>
    <testcase time="0.00900000000000034" classname="chevron_tlg_methods" name="datasets_setter_works_as_expected"/>
    <testcase time="0.00700000000000145" classname="chevron_tlg_methods" name="script_works_as_expected"/>
    <testcase time="0.000999999999997669" classname="chevron_tlg_methods" name="script_works_as_expected"/>
    <testcase time="0.00200000000000244" classname="chevron_tlg_methods" name="script_works_as_expected"/>
    <testcase time="0.00600000000000023" classname="chevron_tlg_methods" name="script_works_as_expected_with_dictionary_of_arguments"/>
    <testcase time="0.00199999999999889" classname="chevron_tlg_methods" name="script_works_as_expected_with_dictionary_of_arguments"/>
    <testcase time="0.00100000000000122" classname="chevron_tlg_methods" name="script_works_as_expected_with_dictionary_of_arguments"/>
    <testcase time="0.000999999999997669" classname="chevron_tlg_methods" name="script_works_as_expected_with_dictionary_of_arguments"/>
    <testcase time="0.00700000000000145" classname="chevron_tlg_methods" name="script_funs_works_as_expected"/>
    <testcase time="0.00499999999999901" classname="chevron_tlg_methods" name="script_funs_works_as_expected">
      <failure type="failure" message="Check on 'res' failed: Must have length 27, but has length 18 ('test-chevron_tlg-methods.R:142')">Check on 'res' failed: Must have length 27, but has length 18
Backtrace:
 1. checkmate::expect_character(res, len = 27)
      at test-chevron_tlg-methods.R:142:2
 2. checkmate::makeExpectation(x, res, info, label)</failure>
    </testcase>
    <testcase time="0.0229999999999997" classname="chevron_tlg_methods" name="script_funs_works_as_expected">
      <failure type="failure" message="Check on '&quot;  adam_db &lt;- dunlin::reformat(adam_db, new_format, na_last = TRUE)&quot;' failed: Must be a subset of {'# Edit Preprocessing Function.','pre_fun &lt;- function (adam_db, ...) ','{','    checkmate::assert_class(adam_db, &quot;dm&quot;)','    new_format &lt;- list(adae = list(AEBODSYS = rule(`No Coding Available` = c(&quot;&quot;, ','        NA, &quot;&lt;Missing&gt;&quot;)), AEDECOD = rule(`No Coding Available` = c(&quot;&quot;, ','        NA, &quot;&lt;Missing&gt;&quot;)), ATOXGR = rule(`No Grading Available` = c(&quot;&quot;, ','        NA, &quot;&lt;Missing&gt;&quot;))))','    adam_db &lt;- dunlin::reformat(adam_db, new_format, na_last = TRUE)','    adam_db %&gt;% dm_zoom_to(&quot;adae&quot;) %&gt;% filter(.data$ANL01FL == ','        &quot;Y&quot;) %&gt;% filter(.data$ATOXGR != &quot;No Grading Available&quot;) %&gt;% ','        mutate(ATOXGR = factor(.data$ATOXGR, levels = setdiff(levels(.data$ATOXGR), ','            &quot;No Grading Available&quot;))) %&gt;% dm_update_zoomed()','}','','# Create TLG.','rlang::exec(.fn = pre_fun, adam_db = data, !!!args_ls) |&gt;','rlang::exec(.fn = run, object = aet04_1, !!!args_ls, auto_pre = FALSE, check_arg = FALSE)'}, but has additional elements {'  adam_db &lt;- dunlin::reformat(adam_db, new_format, na_last = TRUE)'} ('test-chevron_tlg-methods.R:143')">Check on '"  adam_db &lt;- dunlin::reformat(adam_db, new_format, na_last = TRUE)"' failed: Must be a subset of {'# Edit Preprocessing Function.','pre_fun &lt;- function (adam_db, ...) ','{','    checkmate::assert_class(adam_db, "dm")','    new_format &lt;- list(adae = list(AEBODSYS = rule(`No Coding Available` = c("", ','        NA, "&lt;Missing&gt;")), AEDECOD = rule(`No Coding Available` = c("", ','        NA, "&lt;Missing&gt;")), ATOXGR = rule(`No Grading Available` = c("", ','        NA, "&lt;Missing&gt;"))))','    adam_db &lt;- dunlin::reformat(adam_db, new_format, na_last = TRUE)','    adam_db %&gt;% dm_zoom_to("adae") %&gt;% filter(.data$ANL01FL == ','        "Y") %&gt;% filter(.data$ATOXGR != "No Grading Available") %&gt;% ','        mutate(ATOXGR = factor(.data$ATOXGR, levels = setdiff(levels(.data$ATOXGR), ','            "No Grading Available"))) %&gt;% dm_update_zoomed()','}','','# Create TLG.','rlang::exec(.fn = pre_fun, adam_db = data, !!!args_ls) |&gt;','rlang::exec(.fn = run, object = aet04_1, !!!args_ls, auto_pre = FALSE, check_arg = FALSE)'}, but has additional elements {'  adam_db &lt;- dunlin::reformat(adam_db, new_format, na_last = TRUE)'}
Backtrace:
 1. checkmate::expect_subset(...)
      at test-chevron_tlg-methods.R:143:2
 2. checkmate::makeExpectation(x, res, info, label)</failure>
    </testcase>
    <testcase time="0.0210000000000008" classname="chevron_tlg_methods" name="script_funs_works_as_expected_with_details_set_to_TRUE"/>
    <testcase time="0.00499999999999901" classname="chevron_tlg_methods" name="script_funs_works_as_expected_with_details_set_to_TRUE">
      <failure type="failure" message="Check on 'res' failed: Must have length 94, but has length 63 ('test-chevron_tlg-methods.R:148')">Check on 'res' failed: Must have length 94, but has length 63
Backtrace:
 1. checkmate::expect_character(res, len = 94)
      at test-chevron_tlg-methods.R:148:2
 2. checkmate::makeExpectation(x, res, info, label)</failure>
    </testcase>
    <testcase time="0.0180000000000007" classname="chevron_tlg_methods" name="script_funs_works_as_expected_with_details_set_to_TRUE">
      <failure type="failure" message="Check on '&quot;main_fun &lt;- function(adam_db,&quot;' failed: Must be a subset of {'# Edit Functions.','pre_fun &lt;- function (adam_db, ...) ','{','    checkmate::assert_class(adam_db, &quot;dm&quot;)','    new_format &lt;- list(adae = list(AEBODSYS = rule(`No Coding Available` = c(&quot;&quot;, ','        NA, &quot;&lt;Missing&gt;&quot;)), AEDECOD = rule(`No Coding Available` = c(&quot;&quot;, ','        NA, &quot;&lt;Missing&gt;&quot;)), ATOXGR = rule(`No Grading Available` = c(&quot;&quot;, ','        NA, &quot;&lt;Missing&gt;&quot;))))','    adam_db &lt;- dunlin::reformat(adam_db, new_format, na_last = TRUE)','    adam_db %&gt;% dm_zoom_to(&quot;adae&quot;) %&gt;% filter(.data$ANL01FL == ','        &quot;Y&quot;) %&gt;% filter(.data$ATOXGR != &quot;No Grading Available&quot;) %&gt;% ','        mutate(ATOXGR = factor(.data$ATOXGR, levels = setdiff(levels(.data$ATOXGR), ','            &quot;No Grading Available&quot;))) %&gt;% dm_update_zoomed()','}','','main_fun &lt;- function (adam_db, arm_var = &quot;ACTARM&quot;, grade_groups = NULL, ','    lbl_overall = NULL, deco = std_deco(&quot;AET04&quot;), ...) ','    dbsel &lt;- get_db_data(adam_db, &quot;adsl&quot;, &quot;adae&quot;)','    assert_colnames(dbsel$adae, c(&quot;AEBODSYS&quot;, &quot;AEDECOD&quot;, &quot;ATOXGR&quot;))','    if (is.null(grade_groups)) {','        grade_groups &lt;- list(`Grade 1-2` = c(&quot;1&quot;, &quot;2&quot;), `Grade 3-4` = c(&quot;3&quot;, ','            &quot;4&quot;), `Grade 5` = c(&quot;5&quot;))','    }','    checkmate::assert_factor(dbsel$adae[[&quot;ATOXGR&quot;]], any.missing = FALSE)','    toxicity_grade &lt;- levels(dbsel$adae[[&quot;ATOXGR&quot;]])','    checkmate::assert_list(grade_groups, types = &quot;character&quot;)','    lyt &lt;- aet04_1_lyt(arm_var = arm_var, lbl_overall = lbl_overall, ','        toxicity_grade = toxicity_grade, grade_groups = grade_groups, ','        deco = deco)','    tbl &lt;- build_table(lyt, df = dbsel$adae, alt_counts_df = dbsel$adsl)','    tbl','post_fun &lt;- function (tlg, prune_0 = TRUE, ...) ','    if (prune_0) ','        tlg &lt;- tlg %&gt;% trim_rows()','    tbl_empty &lt;- all(lapply(row_paths(tlg), `[[`, 3) == &quot;ALL&quot;)','    if (tbl_empty) {','        tbl_sorted &lt;- basic_table() %&gt;% build_table(matrix(&quot;&quot;))','    else {','        score_all_sum &lt;- function(tt) {','            cleaf &lt;- collect_leaves(tt)[[1]]','            if (NROW(cleaf) == 0) {','                stop(&quot;score_all_sum score function used at subtable [&quot;, ','                  obj_name(tt), &quot;] that has no content.&quot;)','            }','            sum(sapply(row_values(cleaf), function(cv) cv[1]))','        }','        tbl_sorted &lt;- tlg %&gt;% sort_at_path(path = c(&quot;AEBODSYS&quot;), ','            scorefun = score_all_sum, decreasing = TRUE) %&gt;% ','            sort_at_path(path = c(&quot;AEBODSYS&quot;, &quot;*&quot;, &quot;AEDECOD&quot;), ','                scorefun = score_all_sum, decreasing = TRUE)','    std_postprocess(tbl_sorted)','# Create TLG.','rlang::exec(.fn = pre_fun, adam_db = data, !!!args_ls) |&gt;','rlang::exec(.fn = main_fun, !!!args_ls) |&gt;','rlang::exec(.fn = post_fun, !!!args_ls)'}, but has additional elements {'main_fun &lt;- function(adam_db,'} ('test-chevron_tlg-methods.R:149')">Check on '"main_fun &lt;- function(adam_db,"' failed: Must be a subset of {'# Edit Functions.','pre_fun &lt;- function (adam_db, ...) ','{','    checkmate::assert_class(adam_db, "dm")','    new_format &lt;- list(adae = list(AEBODSYS = rule(`No Coding Available` = c("", ','        NA, "&lt;Missing&gt;")), AEDECOD = rule(`No Coding Available` = c("", ','        NA, "&lt;Missing&gt;")), ATOXGR = rule(`No Grading Available` = c("", ','        NA, "&lt;Missing&gt;"))))','    adam_db &lt;- dunlin::reformat(adam_db, new_format, na_last = TRUE)','    adam_db %&gt;% dm_zoom_to("adae") %&gt;% filter(.data$ANL01FL == ','        "Y") %&gt;% filter(.data$ATOXGR != "No Grading Available") %&gt;% ','        mutate(ATOXGR = factor(.data$ATOXGR, levels = setdiff(levels(.data$ATOXGR), ','            "No Grading Available"))) %&gt;% dm_update_zoomed()','}','','main_fun &lt;- function (adam_db, arm_var = "ACTARM", grade_groups = NULL, ','    lbl_overall = NULL, deco = std_deco("AET04"), ...) ','    dbsel &lt;- get_db_data(adam_db, "adsl", "adae")','    assert_colnames(dbsel$adae, c("AEBODSYS", "AEDECOD", "ATOXGR"))','    if (is.null(grade_groups)) {','        grade_groups &lt;- list(`Grade 1-2` = c("1", "2"), `Grade 3-4` = c("3", ','            "4"), `Grade 5` = c("5"))','    }','    checkmate::assert_factor(dbsel$adae[["ATOXGR"]], any.missing = FALSE)','    toxicity_grade &lt;- levels(dbsel$adae[["ATOXGR"]])','    checkmate::assert_list(grade_groups, types = "character")','    lyt &lt;- aet04_1_lyt(arm_var = arm_var, lbl_overall = lbl_overall, ','        toxicity_grade = toxicity_grade, grade_groups = grade_groups, ','        deco = deco)','    tbl &lt;- build_table(lyt, df = dbsel$adae, alt_counts_df = dbsel$adsl)','    tbl','post_fun &lt;- function (tlg, prune_0 = TRUE, ...) ','    if (prune_0) ','        tlg &lt;- tlg %&gt;% trim_rows()','    tbl_empty &lt;- all(lapply(row_paths(tlg), `[[`, 3) == "ALL")','    if (tbl_empty) {','        tbl_sorted &lt;- basic_table() %&gt;% build_table(matrix(""))','    else {','        score_all_sum &lt;- function(tt) {','            cleaf &lt;- collect_leaves(tt)[[1]]','            if (NROW(cleaf) == 0) {','                stop("score_all_sum score function used at subtable [", ','                  obj_name(tt), "] that has no content.")','            }','            sum(sapply(row_values(cleaf), function(cv) cv[1]))','        }','        tbl_sorted &lt;- tlg %&gt;% sort_at_path(path = c("AEBODSYS"), ','            scorefun = score_all_sum, decreasing = TRUE) %&gt;% ','            sort_at_path(path = c("AEBODSYS", "*", "AEDECOD"), ','                scorefun = score_all_sum, decreasing = TRUE)','    std_postprocess(tbl_sorted)','# Create TLG.','rlang::exec(.fn = pre_fun, adam_db = data, !!!args_ls) |&gt;','rlang::exec(.fn = main_fun, !!!args_ls) |&gt;','rlang::exec(.fn = post_fun, !!!args_ls)'}, but has additional elements {'main_fun &lt;- function(adam_db,'}
Backtrace:
 1. checkmate::expect_subset("main_fun &lt;- function(adam_db,", res)
      at test-chevron_tlg-methods.R:149:2
 2. checkmate::makeExpectation(x, res, info, label)</failure>
    </testcase>
  </testsuite>
  <testsuite name="cmt01a" timestamp="2023-03-10T15:21:47Z" hostname="cec673ea36ad" tests="12" skipped="6" failures="0" errors="0" time="4.805">
    <testcase time="0.449000000000002" classname="cmt01a" name="cmt01a_can_handle_all_NA_values"/>
    <testcase time="0.041999999999998" classname="cmt01a" name="cmt01a_can_handle_all_NA_values">
      <skipped message="Reason: On CRAN ('test-cmt01a.R:11')"/>
    </testcase>
    <testcase time="0.981999999999999" classname="cmt01a" name="cmt01a_can_handle_some_NA_values"/>
    <testcase time="0.177000000000003" classname="cmt01a" name="cmt01a_can_handle_some_NA_values">
      <skipped message="Reason: On CRAN ('test-cmt01a.R:27')"/>
    </testcase>
    <testcase time="0.415999999999997" classname="cmt01a" name="cmt01a_2_can_handle_all_NA_values"/>
    <testcase time="0.0410000000000004" classname="cmt01a" name="cmt01a_2_can_handle_all_NA_values">
      <skipped message="Reason: On CRAN ('test-cmt01a.R:40')"/>
    </testcase>
    <testcase time="0.972000000000001" classname="cmt01a" name="cmt01a_2_can_handle_some_NA_values"/>
    <testcase time="0.181000000000001" classname="cmt01a" name="cmt01a_2_can_handle_some_NA_values">
      <skipped message="Reason: On CRAN ('test-cmt01a.R:56')"/>
    </testcase>
    <testcase time="0.41" classname="cmt01a" name="cmt01a_3_can_handle_all_NA_values"/>
    <testcase time="0.0389999999999979" classname="cmt01a" name="cmt01a_3_can_handle_all_NA_values">
      <skipped message="Reason: On CRAN ('test-cmt01a.R:69')"/>
    </testcase>
    <testcase time="0.941000000000003" classname="cmt01a" name="cmt01a_3_can_handle_some_NA_values"/>
    <testcase time="0.154999999999998" classname="cmt01a" name="cmt01a_3_can_handle_some_NA_values">
      <skipped message="Reason: On CRAN ('test-cmt01a.R:85')"/>
    </testcase>
  </testsuite>
  <testsuite name="cmt02_pt" timestamp="2023-03-10T15:21:51Z" hostname="cec673ea36ad" tests="4" skipped="2" failures="0" errors="0" time="0.93">
    <testcase time="0.391000000000002" classname="cmt02_pt" name="cmt02_pt_1_can_handle_all_NA_values"/>
    <testcase time="0.032" classname="cmt02_pt" name="cmt02_pt_1_can_handle_all_NA_values">
      <skipped message="Reason: On CRAN ('test-cmt02_pt.R:11')"/>
    </testcase>
    <testcase time="0.445" classname="cmt02_pt" name="cmt02_pt_1_can_handle_some_NA_values"/>
    <testcase time="0.0619999999999976" classname="cmt02_pt" name="cmt02_pt_1_can_handle_some_NA_values">
      <skipped message="Reason: On CRAN ('test-cmt02_pt.R:27')"/>
    </testcase>
  </testsuite>
  <testsuite name="default_tlg" timestamp="2023-03-10T15:21:52Z" hostname="cec673ea36ad" tests="37" skipped="37" failures="0" errors="0" time="48.761">
    <testcase time="0.825000000000003" classname="default_tlg" name="aet01_1_function_with_default_argument_value_return_expected_result_with_test_data">
      <skipped message="Reason: On CRAN ('test-default_tlg.R:5')"/>
    </testcase>
    <testcase time="0.867999999999999" classname="default_tlg" name="aet01_2_functions_with_default_argument_value_return_expected_result_with_test_data">
      <skipped message="Reason: On CRAN ('test-default_tlg.R:12')"/>
    </testcase>
    <testcase time="0.547000000000001" classname="default_tlg" name="aet01_aesi_1_function_with_default_argument_value_return_expected_result_with_test_data">
      <skipped message="Reason: On CRAN ('test-default_tlg.R:19')"/>
    </testcase>
    <testcase time="0.744" classname="default_tlg" name="aet02_1_functions_with_default_argument_value_return_expected_result_with_test_data">
      <skipped message="Reason: On CRAN ('test-default_tlg.R:26')"/>
    </testcase>
    <testcase time="1.332" classname="default_tlg" name="aet02_2_functions_with_default_argument_value_return_expected_result_with_test_data">
      <skipped message="Reason: On CRAN ('test-default_tlg.R:33')"/>
    </testcase>
    <testcase time="0.320999999999998" classname="default_tlg" name="aet02_3_functions_with_default_argument_value_return_expected_result_with_test_data">
      <skipped message="Reason: On CRAN ('test-default_tlg.R:40')"/>
    </testcase>
    <testcase time="2.121" classname="default_tlg" name="aet03_1_functions_with_default_argument_value_return_expected_result_with_test_data">
      <skipped message="Reason: On CRAN ('test-default_tlg.R:47')"/>
    </testcase>
    <testcase time="3.153" classname="default_tlg" name="aet04_1_functions_with_default_argument_value_return_expected_result_with_test_data">
      <skipped message="Reason: On CRAN ('test-default_tlg.R:54')"/>
    </testcase>
    <testcase time="1.114" classname="default_tlg" name="cmt01a_1_functions_with_default_argument_value_return_expected_result_with_test_data">
      <skipped message="Reason: On CRAN ('test-default_tlg.R:61')"/>
    </testcase>
    <testcase time="1.167" classname="default_tlg" name="cmt01a_2_functions_with_default_argument_value_return_expected_result_with_test_data">
      <skipped message="Reason: On CRAN ('test-default_tlg.R:68')"/>
    </testcase>
    <testcase time="1.102" classname="default_tlg" name="cmt01a_3_functions_with_default_argument_value_return_expected_result_with_test_data">
      <skipped message="Reason: On CRAN ('test-default_tlg.R:75')"/>
    </testcase>
    <testcase time="0.475000000000001" classname="default_tlg" name="cmt02_pt_1_functions_with_default_argument_value_return_expected_result_with_test_data">
      <skipped message="Reason: On CRAN ('test-default_tlg.R:82')"/>
    </testcase>
    <testcase time="2.553" classname="default_tlg" name="dmt01_1_functions_with_default_argument_value_return_expected_result_with_test_data">
      <skipped message="Reason: On CRAN ('test-default_tlg.R:89')"/>
    </testcase>
    <testcase time="0.640999999999998" classname="default_tlg" name="dst01_1_functions_with_default_argument_value_return_expected_result_with_test_data">
      <skipped message="Reason: On CRAN ('test-default_tlg.R:96')"/>
    </testcase>
    <testcase time="1.024" classname="default_tlg" name="dst01_2_functions_with_default_argument_value_return_expected_result_with_test_data">
      <skipped message="Reason: On CRAN ('test-default_tlg.R:103')"/>
    </testcase>
    <testcase time="0.921999999999997" classname="default_tlg" name="dst01_3_functions_with_default_argument_value_return_expected_result_with_test_data">
      <skipped message="Reason: On CRAN ('test-default_tlg.R:110')"/>
    </testcase>
    <testcase time="0.372" classname="default_tlg" name="dtht01_1_functions_with_default_argument_value_return_expected_result_with_test_data">
      <skipped message="Reason: On CRAN ('test-default_tlg.R:117')"/>
    </testcase>
    <testcase time="2.876" classname="default_tlg" name="egt01_1_functions_with_default_argument_value_return_expected_result_with_test_data">
      <skipped message="Reason: On CRAN ('test-default_tlg.R:124')"/>
    </testcase>
    <testcase time="0.315999999999995" classname="default_tlg" name="egt02_1_functions_with_default_argument_value_return_expected_result_with_test_data">
      <skipped message="Reason: On CRAN ('test-default_tlg.R:131')"/>
    </testcase>
    <testcase time="0.270000000000003" classname="default_tlg" name="egt02_2_functions_with_default_argument_value_return_expected_result_with_test_data">
      <skipped message="Reason: On CRAN ('test-default_tlg.R:138')"/>
    </testcase>
    <testcase time="0.388999999999996" classname="default_tlg" name="egt03_1_functions_with_default_argument_value_return_expected_result_with_test_data">
      <skipped message="Reason: On CRAN ('test-default_tlg.R:145')"/>
    </testcase>
    <testcase time="0.383000000000003" classname="default_tlg" name="egt03_2_functions_with_default_argument_value_return_expected_result_with_test_data">
      <skipped message="Reason: On CRAN ('test-default_tlg.R:152')"/>
    </testcase>
    <testcase time="0.853999999999999" classname="default_tlg" name="egt05_qtcat_1_functions_with_default_argument_value_return_expected_result_with_test_data">
      <skipped message="Reason: On CRAN ('test-default_tlg.R:159')"/>
    </testcase>
    <testcase time="0.240000000000002" classname="default_tlg" name="ext01_1_functions_with_default_argument_value_return_expected_result_with_test_data">
      <skipped message="Reason: On CRAN ('test-default_tlg.R:166')"/>
    </testcase>
    <testcase time="0.567" classname="default_tlg" name="ext01_2_functions_with_default_argument_value_return_expected_result_with_test_data">
      <skipped message="Reason: On CRAN ('test-default_tlg.R:173')"/>
    </testcase>
    <testcase time="2.023" classname="default_tlg" name="lbt01_1_functions_with_default_argument_value_return_expected_result_with_test_data">
      <skipped message="Reason: On CRAN ('test-default_tlg.R:180')"/>
    </testcase>
    <testcase time="0.792000000000002" classname="default_tlg" name="lbt04_1_functions_with_default_argument_value_return_expected_result_with_test_data">
      <skipped message="Reason: On CRAN ('test-default_tlg.R:187')"/>
    </testcase>
    <testcase time="0.852000000000004" classname="default_tlg" name="lbt05_1_functions_with_default_argument_value_return_expected_result_with_test_data">
      <skipped message="Reason: On CRAN ('test-default_tlg.R:194')"/>
    </testcase>
    <testcase time="1.139" classname="default_tlg" name="lbt07_1_functions_with_default_argument_value_return_expected_result_with_test_data">
      <skipped message="Reason: On CRAN ('test-default_tlg.R:201')"/>
    </testcase>
    <testcase time="2.179" classname="default_tlg" name="lbt14_1_functions_with_default_argument_value_return_expected_result_with_test_data">
      <skipped message="Reason: On CRAN ('test-default_tlg.R:208')"/>
    </testcase>
    <testcase time="2.243" classname="default_tlg" name="lbt14_2_functions_with_default_argument_value_return_expected_result_with_test_data">
      <skipped message="Reason: On CRAN ('test-default_tlg.R:215')"/>
    </testcase>
    <testcase time="0.723999999999997" classname="default_tlg" name="mht01_1_functions_with_default_argument_value_return_expected_result_with_test_data">
      <skipped message="Reason: On CRAN ('test-default_tlg.R:222')"/>
    </testcase>
    <testcase time="6.464" classname="default_tlg" name="vst01_1_functions_with_default_argument_value_return_expected_result_with_test_data">
      <skipped message="Reason: On CRAN ('test-default_tlg.R:229')"/>
    </testcase>
    <testcase time="5.79600000000001" classname="default_tlg" name="vst01_1_functions_with_default_argument_value_return_expected_result_with_test_data">
      <skipped message="Reason: On CRAN ('test-default_tlg.R:236')"/>
    </testcase>
    <testcase time="0.475999999999999" classname="default_tlg" name="vst02_1_functions_with_default_argument_value_return_expected_result_with_test_data">
      <skipped message="Reason: On CRAN ('test-default_tlg.R:243')"/>
    </testcase>
    <testcase time="0.459000000000003" classname="default_tlg" name="vst02_2_functions_with_default_argument_value_return_expected_result_with_test_data">
      <skipped message="Reason: On CRAN ('test-default_tlg.R:250')"/>
    </testcase>
    <testcase time="0.438000000000002" classname="default_tlg" name="pdt02_1_function_with_default_argument_value_return_expected_result_with_test_data">
      <skipped message="Reason: On CRAN ('test-default_tlg.R:257')"/>
    </testcase>
  </testsuite>
  <testsuite name="dmt01" timestamp="2023-03-10T15:22:41Z" hostname="cec673ea36ad" tests="4" skipped="2" failures="0" errors="0" time="4.759">
    <testcase time="2.223" classname="dmt01" name="dmt01_1_can_handle_NA_values"/>
    <testcase time="0.0990000000000038" classname="dmt01" name="dmt01_1_can_handle_NA_values">
      <skipped message="Reason: On CRAN ('test-dmt01.R:11')"/>
    </testcase>
    <testcase time="2.30499999999999" classname="dmt01" name="dmt01_1_can_handle_some_NA_values"/>
    <testcase time="0.132000000000005" classname="dmt01" name="dmt01_1_can_handle_some_NA_values">
      <skipped message="Reason: On CRAN ('test-dmt01.R:24')"/>
    </testcase>
  </testsuite>
  <testsuite name="dst01" timestamp="2023-03-10T15:22:46Z" hostname="cec673ea36ad" tests="26" skipped="13" failures="0" errors="0" time="9.19">
    <testcase time="0.519000000000005" classname="dst01" name="dst01_can_handle_all_NA_values"/>
    <testcase time="0.0319999999999965" classname="dst01" name="dst01_can_handle_all_NA_values">
      <skipped message="Reason: On CRAN ('test-dst01.R:13')"/>
    </testcase>
    <testcase time="0.518000000000001" classname="dst01" name="dst01_1_can_handle_all_NA_values_in_disc_reason_var"/>
    <testcase time="0.0559999999999974" classname="dst01" name="dst01_1_can_handle_all_NA_values_in_disc_reason_var">
      <skipped message="Reason: On CRAN ('test-dst01.R:25')"/>
    </testcase>
    <testcase time="0.548000000000002" classname="dst01" name="dst01_1_can_handle_some_NA_values"/>
    <testcase time="0.0859999999999985" classname="dst01" name="dst01_1_can_handle_some_NA_values">
      <skipped message="Reason: On CRAN ('test-dst01.R:38')"/>
    </testcase>
    <testcase time="0.516999999999996" classname="dst01" name="dst01_1_can_handle_missing_levels_in_status_var"/>
    <testcase time="0.0510000000000019" classname="dst01" name="dst01_1_can_handle_missing_levels_in_status_var">
      <skipped message="Reason: On CRAN ('test-dst01.R:50')"/>
    </testcase>
    <testcase time="0.507000000000005" classname="dst01" name="dst01_1_can_handle_missing_levels_in_disc_reason_var"/>
    <testcase time="0.0480000000000018" classname="dst01" name="dst01_1_can_handle_missing_levels_in_disc_reason_var">
      <skipped message="Reason: On CRAN ('test-dst01.R:62')"/>
    </testcase>
    <testcase time="0.501999999999995" classname="dst01" name="dst01_2_can_handle_all_NA_values"/>
    <testcase time="0.0310000000000059" classname="dst01" name="dst01_2_can_handle_all_NA_values">
      <skipped message="Reason: On CRAN ('test-dst01.R:78')"/>
    </testcase>
    <testcase time="0.515999999999991" classname="dst01" name="dst01_2_can_handle_all_NA_values_in_disc_reason_var"/>
    <testcase time="0.0600000000000023" classname="dst01" name="dst01_2_can_handle_all_NA_values_in_disc_reason_var">
      <skipped message="Reason: On CRAN ('test-dst01.R:90')"/>
    </testcase>
    <testcase time="0.722999999999999" classname="dst01" name="dst01_2_can_handle_some_NA_values"/>
    <testcase time="0.097999999999999" classname="dst01" name="dst01_2_can_handle_some_NA_values">
      <skipped message="Reason: On CRAN ('test-dst01.R:103')"/>
    </testcase>
    <testcase time="0.561000000000007" classname="dst01" name="dst01_2_can_handle_missing_levels_in_disc_reason_var"/>
    <testcase time="0.0699999999999932" classname="dst01" name="dst01_2_can_handle_missing_levels_in_disc_reason_var">
      <skipped message="Reason: On CRAN ('test-dst01.R:115')"/>
    </testcase>
    <testcase time="0.665999999999997" classname="dst01" name="dst01_3_can_handle_all_NA_values"/>
    <testcase time="0.0320000000000107" classname="dst01" name="dst01_3_can_handle_all_NA_values">
      <skipped message="Reason: On CRAN ('test-dst01.R:131')"/>
    </testcase>
    <testcase time="0.908000000000001" classname="dst01" name="dst01_3_can_handle_all_NA_values_in_status_treatment_var"/>
    <testcase time="0.0809999999999889" classname="dst01" name="dst01_3_can_handle_all_NA_values_in_status_treatment_var">
      <skipped message="Reason: On CRAN ('test-dst01.R:143')"/>
    </testcase>
    <testcase time="0.927000000000007" classname="dst01" name="dst01_3_can_handle_some_NA_values_in_status_treatment_var"/>
    <testcase time="0.116" classname="dst01" name="dst01_3_can_handle_some_NA_values_in_status_treatment_var">
      <skipped message="Reason: On CRAN ('test-dst01.R:155')"/>
    </testcase>
    <testcase time="0.911999999999992" classname="dst01" name="dst01_3_can_handle_missing_levels_in_status_treatment_var"/>
    <testcase time="0.105000000000004" classname="dst01" name="dst01_3_can_handle_missing_levels_in_status_treatment_var">
      <skipped message="Reason: On CRAN ('test-dst01.R:167')"/>
    </testcase>
  </testsuite>
  <testsuite name="dtht01" timestamp="2023-03-10T15:22:55Z" hostname="cec673ea36ad" tests="5" skipped="3" failures="0" errors="0" time="2.327">
    <testcase time="0.647000000000006" classname="dtht01" name="dtht01_can_handle_all_NA_values"/>
    <testcase time="0.039999999999992" classname="dtht01" name="dtht01_can_handle_all_NA_values">
      <skipped message="Reason: On CRAN ('test-dtht01.R:13')"/>
    </testcase>
    <testcase time="0.725999999999999" classname="dtht01" name="dtht01_can_handle_some_NA_values"/>
    <testcase time="0.118000000000009" classname="dtht01" name="dtht01_can_handle_some_NA_values">
      <skipped message="Reason: On CRAN ('test-dtht01.R:29')"/>
    </testcase>
    <testcase time="0.795999999999992" classname="dtht01" name="dtht01_can_be_parametrize_as_expected">
      <skipped message="Reason: On CRAN ('test-dtht01.R:38')"/>
    </testcase>
  </testsuite>
  <testsuite name="egt03" timestamp="2023-03-10T15:22:57Z" hostname="cec673ea36ad" tests="8" skipped="4" failures="0" errors="0" time="1.842">
    <testcase time="0.603999999999999" classname="egt03" name="egt03_1_can_handle_all_NA_values"/>
    <testcase time="0.0750000000000028" classname="egt03" name="egt03_1_can_handle_all_NA_values">
      <skipped message="Reason: On CRAN ('test-egt03.R:11')"/>
    </testcase>
    <testcase time="0.314000000000007" classname="egt03" name="egt03_1_can_handle_some_NA_values"/>
    <testcase time="0.0769999999999982" classname="egt03" name="egt03_1_can_handle_some_NA_values">
      <skipped message="Reason: On CRAN ('test-egt03.R:27')"/>
    </testcase>
    <testcase time="0.302999999999997" classname="egt03" name="egt03_2_can_handle_all_NA_values"/>
    <testcase time="0.0759999999999934" classname="egt03" name="egt03_2_can_handle_all_NA_values">
      <skipped message="Reason: On CRAN ('test-egt03.R:40')"/>
    </testcase>
    <testcase time="0.305000000000007" classname="egt03" name="egt03_2_can_handle_some_NA_values"/>
    <testcase time="0.0879999999999939" classname="egt03" name="egt03_2_can_handle_some_NA_values">
      <skipped message="Reason: On CRAN ('test-egt03.R:56')"/>
    </testcase>
  </testsuite>
  <testsuite name="egt05_qtcat" timestamp="2023-03-10T15:22:59Z" hostname="cec673ea36ad" tests="4" skipped="2" failures="0" errors="0" time="0.973">
    <testcase time="0.114000000000004" classname="egt05_qtcat" name="egt05_qtcat_can_handle_all_NA_values"/>
    <testcase time="0.0139999999999958" classname="egt05_qtcat" name="egt05_qtcat_can_handle_all_NA_values">
      <skipped message="Reason: On CRAN ('test-egt05_qtcat.R:12')"/>
    </testcase>
    <testcase time="0.619" classname="egt05_qtcat" name="egt05_qtcat_can_handle_some_NA_values"/>
    <testcase time="0.225999999999999" classname="egt05_qtcat" name="egt05_qtcat_can_handle_some_NA_values">
      <skipped message="Reason: On CRAN ('test-egt05_qtcat.R:35')"/>
    </testcase>
  </testsuite>
  <testsuite name="empty_report" timestamp="2023-03-10T15:23:00Z" hostname="cec673ea36ad" tests="33" skipped="0" failures="0" errors="0" time="12.474">
    <testcase time="3.82000000000001" classname="empty_report" name="tlg_functions_return_null_reports_when_domain_table_is_empty"/>
    <testcase time="0.745999999999995" classname="empty_report" name="tlg_functions_return_null_reports_when_domain_table_is_empty"/>
    <testcase time="0.419000000000011" classname="empty_report" name="tlg_functions_return_null_reports_when_domain_table_is_empty"/>
    <testcase time="0.11699999999999" classname="empty_report" name="tlg_functions_return_null_reports_when_domain_table_is_empty"/>
    <testcase time="0.131" classname="empty_report" name="tlg_functions_return_null_reports_when_domain_table_is_empty"/>
    <testcase time="0.118000000000009" classname="empty_report" name="tlg_functions_return_null_reports_when_domain_table_is_empty"/>
    <testcase time="0.329999999999998" classname="empty_report" name="tlg_functions_return_null_reports_when_domain_table_is_empty"/>
    <testcase time="0.396999999999991" classname="empty_report" name="tlg_functions_return_null_reports_when_domain_table_is_empty"/>
    <testcase time="0.329999999999998" classname="empty_report" name="tlg_functions_return_null_reports_when_domain_table_is_empty"/>
    <testcase time="0.317000000000007" classname="empty_report" name="tlg_functions_return_null_reports_when_domain_table_is_empty"/>
    <testcase time="0.340999999999994" classname="empty_report" name="tlg_functions_return_null_reports_when_domain_table_is_empty"/>
    <testcase time="0.320000000000007" classname="empty_report" name="tlg_functions_return_null_reports_when_domain_table_is_empty"/>
    <testcase time="0.807000000000002" classname="empty_report" name="tlg_functions_return_null_reports_when_domain_table_is_empty"/>
    <testcase time="0.408999999999992" classname="empty_report" name="tlg_functions_return_null_reports_when_domain_table_is_empty"/>
    <testcase time="0.381" classname="empty_report" name="tlg_functions_return_null_reports_when_domain_table_is_empty"/>
    <testcase time="0.460000000000008" classname="empty_report" name="tlg_functions_return_null_reports_when_domain_table_is_empty"/>
    <testcase time="0.36399999999999" classname="empty_report" name="tlg_functions_return_null_reports_when_domain_table_is_empty"/>
    <testcase time="0.0760000000000076" classname="empty_report" name="tlg_functions_return_null_reports_when_domain_table_is_empty"/>
    <testcase time="0.0849999999999937" classname="empty_report" name="tlg_functions_return_null_reports_when_domain_table_is_empty"/>
    <testcase time="0.0700000000000074" classname="empty_report" name="tlg_functions_return_null_reports_when_domain_table_is_empty"/>
    <testcase time="0.0589999999999975" classname="empty_report" name="tlg_functions_return_null_reports_when_domain_table_is_empty"/>
    <testcase time="0.0720000000000027" classname="empty_report" name="tlg_functions_return_null_reports_when_domain_table_is_empty"/>
    <testcase time="0.0739999999999981" classname="empty_report" name="tlg_functions_return_null_reports_when_domain_table_is_empty"/>
    <testcase time="0.0589999999999975" classname="empty_report" name="tlg_functions_return_null_reports_when_domain_table_is_empty"/>
    <testcase time="0.456999999999994" classname="empty_report" name="tlg_functions_return_null_reports_when_domain_table_is_empty"/>
    <testcase time="0.0670000000000073" classname="empty_report" name="tlg_functions_return_null_reports_when_domain_table_is_empty"/>
    <testcase time="0.652000000000001" classname="empty_report" name="tlg_functions_return_null_reports_when_domain_table_is_empty"/>
    <testcase time="0.316000000000003" classname="empty_report" name="tlg_functions_return_null_reports_when_domain_table_is_empty"/>
    <testcase time="0.331000000000003" classname="empty_report" name="tlg_functions_return_null_reports_when_domain_table_is_empty"/>
    <testcase time="0.0649999999999977" classname="empty_report" name="tlg_functions_return_null_reports_when_domain_table_is_empty"/>
    <testcase time="0.063999999999993" classname="empty_report" name="tlg_functions_return_null_reports_when_domain_table_is_empty"/>
    <testcase time="0.119" classname="empty_report" name="tlg_functions_return_null_reports_when_domain_table_is_empty"/>
    <testcase time="0.100999999999999" classname="empty_report" name="tlg_functions_return_null_reports_when_domain_table_is_empty"/>
  </testsuite>
  <testsuite name="lbt01" timestamp="2023-03-10T15:23:13Z" hostname="cec673ea36ad" tests="2" skipped="1" failures="0" errors="0" time="1.762">
    <testcase time="1.556" classname="lbt01" name="lbt01_1_can_handle_n_0_and_outputs_NE_instead_of_infs_and_NAs"/>
    <testcase time="0.206000000000003" classname="lbt01" name="lbt01_1_can_handle_n_0_and_outputs_NE_instead_of_infs_and_NAs">
      <skipped message="Reason: On CRAN ('test-lbt01.R:11')"/>
    </testcase>
  </testsuite>
  <testsuite name="lbt04" timestamp="2023-03-10T15:23:15Z" hostname="cec673ea36ad" tests="4" skipped="2" failures="0" errors="0" time="1.249">
    <testcase time="0.344999999999999" classname="lbt04" name="lbt04_can_handle_all_NA_values"/>
    <testcase time="0.0290000000000106" classname="lbt04" name="lbt04_can_handle_all_NA_values">
      <skipped message="Reason: On CRAN ('test-lbt04.R:10')"/>
    </testcase>
    <testcase time="0.728999999999999" classname="lbt04" name="lbt04_can_handle_some_NA_values"/>
    <testcase time="0.146000000000001" classname="lbt04" name="lbt04_can_handle_some_NA_values">
      <skipped message="Reason: On CRAN ('test-lbt04.R:24')"/>
    </testcase>
  </testsuite>
  <testsuite name="lbt05" timestamp="2023-03-10T15:23:16Z" hostname="cec673ea36ad" tests="3" skipped="1" failures="0" errors="0" time="1.551">
    <testcase time="0.702999999999989" classname="lbt05" name="lbt05_give_all_0_count_if_ANRIND_are_all_missing"/>
    <testcase time="0.724000000000004" classname="lbt05" name="lbt05_can_handle_some_NA_values"/>
    <testcase time="0.123999999999995" classname="lbt05" name="lbt05_can_handle_some_NA_values">
      <skipped message="Reason: On CRAN ('test-lbt05.R:24')"/>
    </testcase>
  </testsuite>
  <testsuite name="lbt07" timestamp="2023-03-10T15:23:17Z" hostname="cec673ea36ad" tests="2" skipped="1" failures="0" errors="0" time="1.151">
    <testcase time="0.981999999999999" classname="lbt07" name="lbt07_can_handle_some_NA_values"/>
    <testcase time="0.169000000000011" classname="lbt07" name="lbt07_can_handle_some_NA_values">
      <skipped message="Reason: On CRAN ('test-lbt07.R:12')"/>
    </testcase>
  </testsuite>
  <testsuite name="lbt14" timestamp="2023-03-10T15:23:18Z" hostname="cec673ea36ad" tests="8" skipped="4" failures="0" errors="0" time="8.886">
    <testcase time="1.898" classname="lbt14" name="lbt14_1_can_handle_all_NA_values"/>
    <testcase time="0.0570000000000022" classname="lbt14" name="lbt14_1_can_handle_all_NA_values">
      <skipped message="Reason: On CRAN ('test-lbt14.R:11')"/>
    </testcase>
    <testcase time="2.196" classname="lbt14" name="lbt14_1_can_handle_some_NA_values"/>
    <testcase time="0.340999999999994" classname="lbt14" name="lbt14_1_can_handle_some_NA_values">
      <skipped message="Reason: On CRAN ('test-lbt14.R:30')"/>
    </testcase>
    <testcase time="1.995" classname="lbt14" name="lbt14_2_can_handle_all_NA_values"/>
    <testcase time="0.0529999999999973" classname="lbt14" name="lbt14_2_can_handle_all_NA_values">
      <skipped message="Reason: On CRAN ('test-lbt14.R:43')"/>
    </testcase>
    <testcase time="2.00800000000001" classname="lbt14" name="lbt14_2_can_handle_some_NA_values"/>
    <testcase time="0.337999999999994" classname="lbt14" name="lbt14_2_can_handle_some_NA_values">
      <skipped message="Reason: On CRAN ('test-lbt14.R:62')"/>
    </testcase>
  </testsuite>
  <testsuite name="mng01" timestamp="2023-03-10T15:23:27Z" hostname="cec673ea36ad" tests="2" skipped="0" failures="0" errors="0" time="2.74">
    <testcase time="1.446" classname="mng01" name="mng01_1_works_as_expected"/>
    <testcase time="1.294" classname="mng01" name="mng01_1_works_as_expected_with_custom_color_set"/>
  </testsuite>
  <testsuite name="pdt01" timestamp="2023-03-10T15:23:30Z" hostname="cec673ea36ad" tests="4" skipped="2" failures="0" errors="0" time="1.158">
    <testcase time="0.369" classname="pdt01" name="pdt01_1_can_handle_all_NA_values"/>
    <testcase time="0.0360000000000014" classname="pdt01" name="pdt01_1_can_handle_all_NA_values">
      <skipped message="Reason: On CRAN ('test-pdt01.R:11')"/>
    </testcase>
    <testcase time="0.616" classname="pdt01" name="pdt01_1_can_handle_some_NA_values"/>
    <testcase time="0.137" classname="pdt01" name="pdt01_1_can_handle_some_NA_values">
      <skipped message="Reason: On CRAN ('test-pdt01.R:27')"/>
    </testcase>
  </testsuite>
  <testsuite name="pdt02" timestamp="2023-03-10T15:23:31Z" hostname="cec673ea36ad" tests="4" skipped="2" failures="0" errors="0" time="1.001">
    <testcase time="0.419000000000011" classname="pdt02" name="pdt02_1_can_handle_all_NA_values"/>
    <testcase time="0.0529999999999973" classname="pdt02" name="pdt02_1_can_handle_all_NA_values">
      <skipped message="Reason: On CRAN ('test-pdt02.R:11')"/>
    </testcase>
    <testcase time="0.47399999999999" classname="pdt02" name="pdt02_1_can_handle_some_NA_values"/>
    <testcase time="0.0550000000000068" classname="pdt02" name="pdt02_1_can_handle_some_NA_values">
      <skipped message="Reason: On CRAN ('test-pdt02.R:27')"/>
    </testcase>
  </testsuite>
  <testsuite name="utils" timestamp="2023-03-10T15:23:32Z" hostname="cec673ea36ad" tests="17" skipped="0" failures="0" errors="0" time="0.102">
    <testcase time="0.0319999999999965" classname="utils" name="h_format_dec_works_as_exected"/>
    <testcase time="0.00600000000000023" classname="utils" name="h_format_dec_works_as_exected"/>
    <testcase time="0.00200000000000955" classname="utils" name="h_format_dec_works_as_exected"/>
    <testcase time="0.00399999999999068" classname="utils" name="h_format_dec_works_as_exected"/>
    <testcase time="0.00199999999999534" classname="utils" name="h_format_dec_works_as_exected"/>
    <testcase time="0.00500000000000966" classname="utils" name="h_format_dec_works_as_exected"/>
    <testcase time="0.00199999999999534" classname="utils" name="h_format_dec_works_as_exected"/>
    <testcase time="0.00400000000000489" classname="utils" name="h_format_dec_works_as_exected"/>
    <testcase time="0.00199999999999534" classname="utils" name="h_format_dec_works_as_exected"/>
    <testcase time="0.00400000000000489" classname="utils" name="h_format_dec_works_as_exected"/>
    <testcase time="0.00199999999999534" classname="utils" name="h_format_dec_works_as_exected"/>
    <testcase time="0.00400000000000489" classname="utils" name="h_format_dec_works_as_exected"/>
    <testcase time="0.00699999999999079" classname="utils" name="h_format_dec_works_as_expected_with_more_than_one_value"/>
    <testcase time="0.00500000000000966" classname="utils" name="h_format_dec_works_as_expected_with_more_than_one_value"/>
    <testcase time="0.00699999999999079" classname="utils" name="h_format_dec_works_returns_null_with_NA_format"/>
    <testcase time="0.007000000000005" classname="utils" name="h_format_dec_works_as_expected_with_NA_digits"/>
    <testcase time="0.007000000000005" classname="utils" name="h_format_dec_works_as_expected_with_NA_digits"/>
  </testsuite>
</testsuites>
