<?xml version="1.0" encoding="UTF-8"?>
<testsuites>
  <testsuite name="ael01_nollt" timestamp="2025-03-13T04:59:32Z" hostname="13f978985912" tests="14" skipped="6" failures="0" errors="0" time="1.148">
    <testcase time="0.0630000000000002" classname="ael01_nollt" name="ael01_nollt_works_with_admh_dataset"/>
    <testcase time="0.237" classname="ael01_nollt" name="ael01_nollt_works_with_admh_dataset">
      <skipped message="Reason: On CRAN ('test-ael01_nollt.R:7:3')"/>
    </testcase>
    <testcase time="0.056" classname="ael01_nollt" name="ael01_nollt_works_with_non_default_label"/>
    <testcase time="0.194" classname="ael01_nollt" name="ael01_nollt_works_with_non_default_label">
      <skipped message="Reason: On CRAN ('test-ael01_nollt.R:21:3')"/>
    </testcase>
    <testcase time="0.056" classname="ael01_nollt" name="ael01_nollt_can_handle_all_missing_values"/>
    <testcase time="0.0640000000000001" classname="ael01_nollt" name="ael01_nollt_can_handle_all_missing_values">
      <skipped message="Reason: On CRAN ('test-ael01_nollt.R:35:3')"/>
    </testcase>
    <testcase time="0.0369999999999999" classname="ael01_nollt" name="ael01_nollt_can_handle_some_missing_values"/>
    <testcase time="0.12" classname="ael01_nollt" name="ael01_nollt_can_handle_some_missing_values">
      <skipped message="Reason: On CRAN ('test-ael01_nollt.R:51:3')"/>
    </testcase>
    <testcase time="0.0310000000000001" classname="ael01_nollt" name="ael01_nollt_listing_can_be_split_by_an_additional_variable"/>
    <testcase time="0.00199999999999978" classname="ael01_nollt" name="ael01_nollt_listing_can_be_split_by_an_additional_variable"/>
    <testcase time="0.15" classname="ael01_nollt" name="ael01_nollt_listing_can_be_split_by_an_additional_variable">
      <skipped message="Reason: On CRAN ('test-ael01_nollt.R:67:3')"/>
    </testcase>
    <testcase time="0.0340000000000003" classname="ael01_nollt" name="split_ael01_nollt_listing_do_not_display_missing_values"/>
    <testcase time="0.00199999999999978" classname="ael01_nollt" name="split_ael01_nollt_listing_do_not_display_missing_values"/>
    <testcase time="0.102" classname="ael01_nollt" name="split_ael01_nollt_listing_do_not_display_missing_values">
      <skipped message="Reason: On CRAN ('test-ael01_nollt.R:86:3')"/>
    </testcase>
  </testsuite>
  <testsuite name="ael02" timestamp="2025-03-13T04:59:33Z" hostname="13f978985912" tests="9" skipped="3" failures="0" errors="0" time="2.741">
    <testcase time="0.0649999999999999" classname="ael02" name="ael02_works_with_adae_dataset"/>
    <testcase time="0.00099999999999989" classname="ael02" name="ael02_works_with_adae_dataset"/>
    <testcase time="0.846" classname="ael02" name="ael02_works_with_adae_dataset">
      <skipped message="Reason: On CRAN ('test-ael02.R:9:3')"/>
    </testcase>
    <testcase time="0.0490000000000004" classname="ael02" name="ael02_can_handle_all_missing_values"/>
    <testcase time="0.000999999999999446" classname="ael02" name="ael02_can_handle_all_missing_values"/>
    <testcase time="0.886" classname="ael02" name="ael02_can_handle_all_missing_values">
      <skipped message="Reason: On CRAN ('test-ael02.R:24:3')"/>
    </testcase>
    <testcase time="0.048" classname="ael02" name="ael02_functions_work_as_expected"/>
    <testcase time="0.00100000000000033" classname="ael02" name="ael02_functions_work_as_expected"/>
    <testcase time="0.843999999999999" classname="ael02" name="ael02_functions_work_as_expected">
      <skipped message="Reason: On CRAN ('test-ael02.R:39:3')"/>
    </testcase>
  </testsuite>
  <testsuite name="ael03" timestamp="2025-03-13T04:59:36Z" hostname="13f978985912" tests="9" skipped="3" failures="0" errors="0" time="2.794">
    <testcase time="0.0659999999999998" classname="ael03" name="ael03_works_with_adae_dataset"/>
    <testcase time="0.00600000000000023" classname="ael03" name="ael03_works_with_adae_dataset"/>
    <testcase time="0.869000000000001" classname="ael03" name="ael03_works_with_adae_dataset">
      <skipped message="Reason: On CRAN ('test-ael03.R:9:3')"/>
    </testcase>
    <testcase time="0.0499999999999998" classname="ael03" name="ael03_can_handle_all_missing_values"/>
    <testcase time="0.000999999999999446" classname="ael03" name="ael03_can_handle_all_missing_values"/>
    <testcase time="0.901000000000001" classname="ael03" name="ael03_can_handle_all_missing_values">
      <skipped message="Reason: On CRAN ('test-ael03.R:25:3')"/>
    </testcase>
    <testcase time="0.0499999999999998" classname="ael03" name="ael03_functions_work_as_expected"/>
    <testcase time="0.000999999999999446" classname="ael03" name="ael03_functions_work_as_expected"/>
    <testcase time="0.85" classname="ael03" name="ael03_functions_work_as_expected">
      <skipped message="Reason: On CRAN ('test-ael03.R:39:3')"/>
    </testcase>
  </testsuite>
  <testsuite name="aet01" timestamp="2025-03-13T04:59:39Z" hostname="13f978985912" tests="11" skipped="5" failures="0" errors="0" time="2.888">
    <testcase time="0.440000000000001" classname="aet01" name="aet01_can_handle_all_NA_values"/>
    <testcase time="0.280999999999999" classname="aet01" name="aet01_can_handle_all_NA_values">
      <skipped message="Reason: On CRAN ('test-aet01.R:12:3')"/>
    </testcase>
    <testcase time="0.289000000000001" classname="aet01" name="aet01_can_handle_some_NA_values"/>
    <testcase time="0.267999999999999" classname="aet01" name="aet01_can_handle_some_NA_values">
      <skipped message="Reason: On CRAN ('test-aet01.R:30:3')"/>
    </testcase>
    <testcase time="0.214" classname="aet01" name="aet01_can_use_custom_anl_vars"/>
    <testcase time="0.157" classname="aet01" name="aet01_can_use_custom_anl_vars">
      <skipped message="Reason: On CRAN ('test-aet01.R:37:3')"/>
    </testcase>
    <testcase time="0.0709999999999997" classname="aet01" name="aet01_fails_on_incomplete_data_input"/>
    <testcase time="0.476000000000001" classname="aet01" name="aet01_can_use_custom_medconcept_var"/>
    <testcase time="0.270999999999999" classname="aet01" name="aet01_can_use_custom_medconcept_var">
      <skipped message="Reason: On CRAN ('test-aet01.R:69:3')"/>
    </testcase>
    <testcase time="0.195" classname="aet01" name="aet01_can_conditionally_show_the_number_of_withdrawal"/>
    <testcase time="0.226000000000001" classname="aet01" name="aet01_can_conditionally_show_the_number_of_withdrawal">
      <skipped message="Reason: On CRAN ('test-aet01.R:75:3')"/>
    </testcase>
  </testsuite>
  <testsuite name="aet01_aesi" timestamp="2025-03-13T04:59:42Z" hostname="13f978985912" tests="7" skipped="3" failures="0" errors="0" time="1.616">
    <testcase time="0.231" classname="aet01_aesi" name="aet01_aesi_can_handle_all_NA_values"/>
    <testcase time="0.236000000000001" classname="aet01_aesi" name="aet01_aesi_can_handle_all_NA_values">
      <skipped message="Reason: On CRAN ('test-aet01_aesi.R:17:3')"/>
    </testcase>
    <testcase time="0.199999999999999" classname="aet01_aesi" name="aet01_aesi_can_handle_some_NA_values"/>
    <testcase time="0.238" classname="aet01_aesi" name="aet01_aesi_can_handle_some_NA_values">
      <skipped message="Reason: On CRAN ('test-aet01_aesi.R:31:3')"/>
    </testcase>
    <testcase time="0.277000000000001" classname="aet01_aesi" name="aet01_aesi_works_with_ALL_argument"/>
    <testcase time="0.375" classname="aet01_aesi" name="aet01_aesi_works_with_ALL_argument">
      <skipped message="Reason: On CRAN ('test-aet01_aesi.R:38:3')"/>
    </testcase>
    <testcase time="0.0589999999999993" classname="aet01_aesi" name="aet01_aesi_check_fails_on_incomplete_data_input"/>
  </testsuite>
  <testsuite name="aet02" timestamp="2025-03-13T04:59:43Z" hostname="13f978985912" tests="3" skipped="1" failures="0" errors="0" time="1.662">
    <testcase time="0.0549999999999997" classname="aet02" name="aet02_fails_on_incomplete_data_input"/>
    <testcase time="0.119" classname="aet02" name="aet02_handle_empty_data_input"/>
    <testcase time="1.488" classname="aet02" name="aet02_can_have_different_levels_of_row_split">
      <skipped message="Reason: On CRAN ('test-aet02.R:32:3')"/>
    </testcase>
  </testsuite>
  <testsuite name="aet03" timestamp="2025-03-13T04:59:45Z" hostname="13f978985912" tests="4" skipped="2" failures="0" errors="0" time="2.534">
    <testcase time="0.283999999999999" classname="aet03" name="aet03_can_handle_NA_values"/>
    <testcase time="0.239000000000001" classname="aet03" name="aet03_can_handle_NA_values">
      <skipped message="Reason: On CRAN ('test-aet03.R:10:3')"/>
    </testcase>
    <testcase time="1.311" classname="aet03" name="aet03_can_handle_some_NA_values"/>
    <testcase time="0.700000000000003" classname="aet03" name="aet03_can_handle_some_NA_values">
      <skipped message="Reason: On CRAN ('test-aet03.R:28:3')"/>
    </testcase>
  </testsuite>
  <testsuite name="aet04" timestamp="2025-03-13T04:59:47Z" hostname="13f978985912" tests="4" skipped="2" failures="0" errors="0" time="4.262">
    <testcase time="0.425999999999998" classname="aet04" name="aet04_can_handle_NA_values"/>
    <testcase time="0.396000000000001" classname="aet04" name="aet04_can_handle_NA_values">
      <skipped message="Reason: On CRAN ('test-aet04.R:10:3')"/>
    </testcase>
    <testcase time="2.313" classname="aet04" name="aet04_can_handle_some_NA_values"/>
    <testcase time="1.127" classname="aet04" name="aet04_can_handle_some_NA_values">
      <skipped message="Reason: On CRAN ('test-aet04.R:33:3')"/>
    </testcase>
  </testsuite>
  <testsuite name="aet05" timestamp="2025-03-13T04:59:52Z" hostname="13f978985912" tests="4" skipped="2" failures="0" errors="0" time="0.825">
    <testcase time="0.166999999999998" classname="aet05" name="aet05_can_handle_NA_values"/>
    <testcase time="0.238" classname="aet05" name="aet05_can_handle_NA_values">
      <skipped message="Reason: On CRAN ('test-aet05.R:7:3')"/>
    </testcase>
    <testcase time="0.140000000000001" classname="aet05" name="aet05_can_handle_some_NA_values"/>
    <testcase time="0.280000000000001" classname="aet05" name="aet05_can_handle_some_NA_values">
      <skipped message="Reason: On CRAN ('test-aet05.R:25:3')"/>
    </testcase>
  </testsuite>
  <testsuite name="aet05_all" timestamp="2025-03-13T04:59:52Z" hostname="13f978985912" tests="4" skipped="2" failures="0" errors="0" time="0.805">
    <testcase time="0.157" classname="aet05_all" name="aet05_all_can_handle_NA_values"/>
    <testcase time="0.231999999999999" classname="aet05_all" name="aet05_all_can_handle_NA_values">
      <skipped message="Reason: On CRAN ('test-aet05_all.R:7:3')"/>
    </testcase>
    <testcase time="0.161000000000001" classname="aet05_all" name="aet05_all_can_handle_some_NA_values"/>
    <testcase time="0.254999999999999" classname="aet05_all" name="aet05_all_can_handle_some_NA_values">
      <skipped message="Reason: On CRAN ('test-aet05_all.R:22:3')"/>
    </testcase>
  </testsuite>
  <testsuite name="aet10" timestamp="2025-03-13T04:59:53Z" hostname="13f978985912" tests="4" skipped="2" failures="0" errors="0" time="0.514">
    <testcase time="0.0889999999999986" classname="aet10" name="aet10_can_handle_NA_values"/>
    <testcase time="0.097999999999999" classname="aet10" name="aet10_can_handle_NA_values">
      <skipped message="Reason: On CRAN ('test-aet10.R:10:3')"/>
    </testcase>
    <testcase time="0.117000000000001" classname="aet10" name="aet10_can_handle_some_NA_values"/>
    <testcase time="0.210000000000001" classname="aet10" name="aet10_can_handle_some_NA_values">
      <skipped message="Reason: On CRAN ('test-aet10.R:25:3')"/>
    </testcase>
  </testsuite>
  <testsuite name="assertions" timestamp="2025-03-13T04:59:54Z" hostname="13f978985912" tests="33" skipped="0" failures="0" errors="0" time="0.17">
    <testcase time="0.0169999999999995" classname="assertions" name="assert_valid_var.character_works_as_expected"/>
    <testcase time="0.00499999999999901" classname="assertions" name="assert_valid_var.character_works_as_expected"/>
    <testcase time="0.00500000000000256" classname="assertions" name="assert_valid_var.character_works_as_expected"/>
    <testcase time="0.00399999999999778" classname="assertions" name="assert_valid_var.character_works_as_expected"/>
    <testcase time="0.00200000000000244" classname="assertions" name="assert_valid_var.character_works_as_expected"/>
    <testcase time="0.00499999999999901" classname="assertions" name="assert_valid_var.factor_works_as_expected"/>
    <testcase time="0.00400000000000134" classname="assertions" name="assert_valid_var.factor_works_as_expected"/>
    <testcase time="0.00499999999999901" classname="assertions" name="assert_valid_var.factor_works_as_expected"/>
    <testcase time="0.00499999999999901" classname="assertions" name="assert_valid_var.factor_works_as_expected"/>
    <testcase time="0.00199999999999889" classname="assertions" name="assert_valid_var.factor_works_as_expected"/>
    <testcase time="0.00500000000000256" classname="assertions" name="assert_valid_var.logical_works_as_expected"/>
    <testcase time="0.00399999999999778" classname="assertions" name="assert_valid_var.logical_works_as_expected"/>
    <testcase time="0.00500000000000256" classname="assertions" name="assert_valid_var.logical_works_as_expected"/>
    <testcase time="0.000999999999997669" classname="assertions" name="assert_valid_var.logical_works_as_expected"/>
    <testcase time="0.00500000000000256" classname="assertions" name="assert_valid_var.numeric_works_as_expected"/>
    <testcase time="0.00399999999999778" classname="assertions" name="assert_valid_var.numeric_works_as_expected"/>
    <testcase time="0.00499999999999901" classname="assertions" name="assert_valid_var.numeric_works_as_expected"/>
    <testcase time="0.00100000000000122" classname="assertions" name="assert_valid_var.numeric_works_as_expected"/>
    <testcase time="0.00499999999999901" classname="assertions" name="assert_valid_var.numeric_works_as_expected"/>
    <testcase time="0.00200000000000244" classname="assertions" name="assert_valid_var.numeric_works_as_expected"/>
    <testcase time="0.00799999999999912" classname="assertions" name="assert_valid_var.POSIXct_works_as_expected"/>
    <testcase time="0.00900000000000034" classname="assertions" name="assert_valid_var.POSIXct_works_as_expected"/>
    <testcase time="0.00499999999999901" classname="assertions" name="assert_valid_variable_works_as_expected"/>
    <testcase time="0.00199999999999889" classname="assertions" name="assert_valid_variable_works_as_expected"/>
    <testcase time="0.00700000000000145" classname="assertions" name="assert_valid_variable_works_as_expected"/>
    <testcase time="0.00199999999999889" classname="assertions" name="assert_valid_variable_works_as_expected"/>
    <testcase time="0.0130000000000017" classname="assertions" name="assert_valid_variable_works_as_expected"/>
    <testcase time="0.00300000000000011" classname="assertions" name="assert_valid_variable_works_as_expected"/>
    <testcase time="0.0069999999999979" classname="assertions" name="assert_valid_var_pair_works_as_expected_with_character"/>
    <testcase time="0.00700000000000145" classname="assertions" name="assert_valid_var_pair_works_as_expected_with_character"/>
    <testcase time="0.00600000000000023" classname="assertions" name="assert_valid_var_pair_works_as_expected_with_factor"/>
    <testcase time="0.00499999999999901" classname="assertions" name="assert_valid_var_pair_works_as_expected_with_factor"/>
    <testcase time="0.00500000000000256" classname="assertions" name="assert_valid_var_pair_works_as_expected_with_factor"/>
  </testsuite>
  <testsuite name="cfbt01" timestamp="2025-03-13T04:59:54Z" hostname="13f978985912" tests="3" skipped="2" failures="0" errors="0" time="9.853">
    <testcase time="7.112" classname="cfbt01" name="cfbt01_functions_with_default_argument_value_return_expected_result_with_test_data">
      <skipped message="Reason: On CRAN ('test-cfbt01.R:8:3')"/>
    </testcase>
    <testcase time="0.885999999999999" classname="cfbt01" name="cfbt01_can_handle_n_0_and_outputs_NE_instead_of_infs_and_NAs"/>
    <testcase time="1.855" classname="cfbt01" name="cfbt01_can_handle_n_0_and_outputs_NE_instead_of_infs_and_NAs">
      <skipped message="Reason: On CRAN ('test-cfbt01.R:24:3')"/>
    </testcase>
  </testsuite>
  <testsuite name="checks" timestamp="2025-03-13T05:00:04Z" hostname="13f978985912" tests="8" skipped="0" failures="0" errors="0" time="0.037">
    <testcase time="0.0180000000000007" classname="checks" name="check_all_colnames_works_as_expected"/>
    <testcase time="0.00300000000000011" classname="checks" name="check_all_colnames_works_as_expected"/>
    <testcase time="0.00200000000000244" classname="checks" name="check_all_colnames_works_as_expected"/>
    <testcase time="0.00199999999999534" classname="checks" name="check_all_colnames_works_as_expected"/>
    <testcase time="0.00500000000000256" classname="checks" name="check_one_colnames_works_as_expected"/>
    <testcase time="0.00300000000000011" classname="checks" name="check_one_colnames_works_as_expected"/>
    <testcase time="0.000999999999997669" classname="checks" name="check_one_colnames_works_as_expected"/>
    <testcase time="0.00300000000000011" classname="checks" name="check_one_colnames_works_as_expected"/>
  </testsuite>
  <testsuite name="chevron_tlg-class" timestamp="2025-03-13T05:00:04Z" hostname="13f978985912" tests="29" skipped="0" failures="0" errors="0" time="0.099">
    <testcase time="0.00900000000000034" classname="chevron_tlg_class" name="chevron_t_object_can_be_constructed_with_default_values"/>
    <testcase time="0.00300000000000011" classname="chevron_tlg_class" name="chevron_t_object_can_be_constructed_with_default_values"/>
    <testcase time="0.00500000000000256" classname="chevron_tlg_class" name="chevron_t_object_can_be_constructed_with_custom_values"/>
    <testcase time="0.00200000000000244" classname="chevron_tlg_class" name="chevron_t_object_can_be_constructed_with_custom_values"/>
    <testcase time="0.00300000000000011" classname="chevron_tlg_class" name="chevron_t_object_can_be_constructed_with_custom_values"/>
    <testcase time="0.00300000000000011" classname="chevron_tlg_class" name="chevron_t_object_can_be_constructed_with_custom_values"/>
    <testcase time="0.00499999999999545" classname="chevron_tlg_class" name="chevron_t_constructor_returns_an_error_when_expected"/>
    <testcase time="0.00200000000000244" classname="chevron_tlg_class" name="chevron_t_constructor_returns_an_error_when_expected"/>
    <testcase time="0.000999999999997669" classname="chevron_tlg_class" name="chevron_t_constructor_returns_an_error_when_expected"/>
    <testcase time="0.00100000000000477" classname="chevron_tlg_class" name="chevron_t_constructor_returns_an_error_when_expected"/>
    <testcase time="0.000999999999997669" classname="chevron_tlg_class" name="chevron_t_constructor_returns_an_error_when_expected"/>
    <testcase time="0.000999999999997669" classname="chevron_tlg_class" name="chevron_t_constructor_returns_an_error_when_expected"/>
    <testcase time="0.00100000000000477" classname="chevron_tlg_class" name="chevron_t_constructor_returns_an_error_when_expected"/>
    <testcase time="0.00600000000000023" classname="chevron_tlg_class" name="chevron_l_object_can_be_constructed_with_default_values"/>
    <testcase time="0.00300000000000011" classname="chevron_tlg_class" name="chevron_l_object_can_be_constructed_with_default_values"/>
    <testcase time="0.0069999999999979" classname="chevron_tlg_class" name="chevron_g_object_can_be_constructed_with_custom_values"/>
    <testcase time="0.00300000000000011" classname="chevron_tlg_class" name="chevron_g_object_can_be_constructed_with_custom_values"/>
    <testcase time="0.00300000000000011" classname="chevron_tlg_class" name="chevron_g_object_can_be_constructed_with_custom_values"/>
    <testcase time="0.00300000000000011" classname="chevron_tlg_class" name="chevron_g_object_can_be_constructed_with_custom_values"/>
    <testcase time="0.00500000000000256" classname="chevron_tlg_class" name="chevron_g_constructor_returns_an_error_when_expected"/>
    <testcase time="0.000999999999997669" classname="chevron_tlg_class" name="chevron_g_constructor_returns_an_error_when_expected"/>
    <testcase time="0.000999999999997669" classname="chevron_tlg_class" name="chevron_g_constructor_returns_an_error_when_expected"/>
    <testcase time="0.00200000000000244" classname="chevron_tlg_class" name="chevron_g_constructor_returns_an_error_when_expected"/>
    <testcase time="0.000999999999997669" classname="chevron_tlg_class" name="chevron_g_constructor_returns_an_error_when_expected"/>
    <testcase time="0.000999999999997669" classname="chevron_tlg_class" name="chevron_g_constructor_returns_an_error_when_expected"/>
    <testcase time="0.00100000000000477" classname="chevron_tlg_class" name="chevron_g_constructor_returns_an_error_when_expected"/>
    <testcase time="0.0069999999999979" classname="chevron_tlg_class" name="chevron_simple_works_correctly"/>
    <testcase time="0.00200000000000244" classname="chevron_tlg_class" name="chevron_simple_works_correctly"/>
    <testcase time="0.0159999999999982" classname="chevron_tlg_class" name="chevron_simple_errors_if_contains_return"/>
  </testsuite>
  <testsuite name="chevron_tlg-methods" timestamp="2025-03-13T05:00:04Z" hostname="13f978985912" tests="57" skipped="15" failures="0" errors="0" time="7.843">
    <testcase time="1.038" classname="chevron_tlg_methods" name="run_works_as_expected_for_chevron_t_object"/>
    <testcase time="0.553000000000004" classname="chevron_tlg_methods" name="run_works_as_expected_for_chevron_t_object">
      <skipped message="Reason: On CRAN ('test-chevron_tlg-methods.R:8:3')"/>
    </testcase>
    <testcase time="0.583999999999996" classname="chevron_tlg_methods" name="run_works_as_expected_for_chevron_t_object_when_auto_pre_FALSE">
      <skipped message="Reason: On CRAN ('test-chevron_tlg-methods.R:17:3')"/>
    </testcase>
    <testcase time="0.294000000000004" classname="chevron_tlg_methods" name="run_works_as_expected_with_argument_printed">
      <skipped message="Reason: On CRAN ('test-chevron_tlg-methods.R:24:3')"/>
    </testcase>
    <testcase time="0.391999999999996" classname="chevron_tlg_methods" name="run_works_as_expected_with_argument_printed_if_the_user_argument_is_complicated">
      <skipped message="Reason: On CRAN ('test-chevron_tlg-methods.R:32:3')"/>
    </testcase>
    <testcase time="0.398000000000003" classname="chevron_tlg_methods" name="run_uses_the_argument_passed_through_the_ellipsis_in_priority">
      <skipped message="Reason: On CRAN ('test-chevron_tlg-methods.R:51:3')"/>
    </testcase>
    <testcase time="0.286999999999999" classname="chevron_tlg_methods" name="run_works_as_expected_with_partial_match_argument">
      <skipped message="Reason: On CRAN ('test-chevron_tlg-methods.R:58:3')"/>
    </testcase>
    <testcase time="0.419000000000004" classname="chevron_tlg_methods" name="run_displays_the_symbols_when_available">
      <skipped message="Reason: On CRAN ('test-chevron_tlg-methods.R:79:3')"/>
    </testcase>
    <testcase time="0.289999999999999" classname="chevron_tlg_methods" name="run_print_internal_functions_when_unwrap_is_TRUE"/>
    <testcase time="0.00199999999999534" classname="chevron_tlg_methods" name="run_print_internal_functions_when_unwrap_is_TRUE"/>
    <testcase time="0.00100000000000477" classname="chevron_tlg_methods" name="run_print_internal_functions_when_unwrap_is_TRUE"/>
    <testcase time="0.0069999999999979" classname="chevron_tlg_methods" name="run_print_internal_functions_when_unwrap_is_TRUE">
      <skipped message="Reason: On CRAN ('test-chevron_tlg-methods.R:92:3')"/>
    </testcase>
    <testcase time="1.14" classname="chevron_tlg_methods" name="run_print_internal_functions_when_unwrap_is_TRUE_and_standard_chevron_tlg_has_no_layout">
      <skipped message="Reason: On CRAN ('test-chevron_tlg-methods.R:99:3')"/>
    </testcase>
    <testcase time="0.0180000000000007" classname="chevron_tlg_methods" name="run_print_internal_functions_when_unwrap_is_TRUE_and_the_chevron_tlg_object_is_customized"/>
    <testcase time="0.000999999999997669" classname="chevron_tlg_methods" name="run_print_internal_functions_when_unwrap_is_TRUE_and_the_chevron_tlg_object_is_customized"/>
    <testcase time="0.000999999999997669" classname="chevron_tlg_methods" name="run_print_internal_functions_when_unwrap_is_TRUE_and_the_chevron_tlg_object_is_customized"/>
    <testcase time="0.007000000000005" classname="chevron_tlg_methods" name="run_print_internal_functions_when_unwrap_is_TRUE_and_the_chevron_tlg_object_is_customized">
      <skipped message="Reason: On CRAN ('test-chevron_tlg-methods.R:117:3')"/>
    </testcase>
    <testcase time="0.0210000000000008" classname="chevron_tlg_methods" name="run_print_main_and_postprocessing_functions_when_unwrap_is_TRUE_and_auto_pre_is_FALSE"/>
    <testcase time="0.00199999999999534" classname="chevron_tlg_methods" name="run_print_main_and_postprocessing_functions_when_unwrap_is_TRUE_and_auto_pre_is_FALSE"/>
    <testcase time="0.00100000000000477" classname="chevron_tlg_methods" name="run_print_main_and_postprocessing_functions_when_unwrap_is_TRUE_and_auto_pre_is_FALSE"/>
    <testcase time="0.000999999999997669" classname="chevron_tlg_methods" name="run_print_main_and_postprocessing_functions_when_unwrap_is_TRUE_and_auto_pre_is_FALSE"/>
    <testcase time="0.0069999999999979" classname="chevron_tlg_methods" name="run_print_main_and_postprocessing_functions_when_unwrap_is_TRUE_and_auto_pre_is_FALSE">
      <skipped message="Reason: On CRAN ('test-chevron_tlg-methods.R:137:3')"/>
    </testcase>
    <testcase time="0.0129999999999981" classname="chevron_tlg_methods" name="args_ls_works_as_expected"/>
    <testcase time="0.00200000000000244" classname="chevron_tlg_methods" name="args_ls_works_as_expected"/>
    <testcase time="0.000999999999997669" classname="chevron_tlg_methods" name="args_ls_works_as_expected"/>
    <testcase time="0.00500000000000256" classname="chevron_tlg_methods" name="args_ls_works_as_expected_when_simplify_is_TRUE"/>
    <testcase time="0.000999999999997669" classname="chevron_tlg_methods" name="args_ls_works_as_expected_when_simplify_is_TRUE"/>
    <testcase time="0.00100000000000477" classname="chevron_tlg_methods" name="args_ls_works_as_expected_when_simplify_is_TRUE"/>
    <testcase time="0.00600000000000023" classname="chevron_tlg_methods" name="args_ls_works_as_expected_with_custom_chevron_tlg_object"/>
    <testcase time="0.000999999999997669" classname="chevron_tlg_methods" name="args_ls_works_as_expected_with_custom_chevron_tlg_object"/>
    <testcase time="0.000999999999997669" classname="chevron_tlg_methods" name="args_ls_works_as_expected_with_custom_chevron_tlg_object"/>
    <testcase time="0.00300000000000011" classname="chevron_tlg_methods" name="args_ls_works_as_expected_with_custom_chevron_tlg_object"/>
    <testcase time="0.00500000000000256" classname="chevron_tlg_methods" name="main_works_as_expected"/>
    <testcase time="0.0069999999999979" classname="chevron_tlg_methods" name="main_setter_works_as_expected"/>
    <testcase time="0.0110000000000028" classname="chevron_tlg_methods" name="main_setter_throw_an_error_as_expected"/>
    <testcase time="0.00600000000000023" classname="chevron_tlg_methods" name="preprocess_works_as_expected"/>
    <testcase time="0.00600000000000023" classname="chevron_tlg_methods" name="preprocess_setter_works_as_expected"/>
    <testcase time="0.00999999999999801" classname="chevron_tlg_methods" name="preprocess_sends_an_error_as_expected"/>
    <testcase time="0.00600000000000023" classname="chevron_tlg_methods" name="postprocess_works_as_expected"/>
    <testcase time="0.0069999999999979" classname="chevron_tlg_methods" name="postprocess_setter_works_as_expected"/>
    <testcase time="0.0110000000000028" classname="chevron_tlg_methods" name="postprocess_sends_an_error_as_expected"/>
    <testcase time="0.00600000000000023" classname="chevron_tlg_methods" name="dataset_works_as_expected"/>
    <testcase time="0.0069999999999979" classname="chevron_tlg_methods" name="dataset_setter_works_as_expected"/>
    <testcase time="0.0110000000000028" classname="chevron_tlg_methods" name="dataset_sends_an_error_as_expected"/>
    <testcase time="0.00399999999999778" classname="chevron_tlg_methods" name="script_funs_works_as_expected_in_interactive_mode">
      <skipped message="Reason: !interactive() is TRUE ('test-chevron_tlg-methods.R:287:3')"/>
    </testcase>
    <testcase time="0.0150000000000006" classname="chevron_tlg_methods" name="script_funs_works_as_expected"/>
    <testcase time="0.000999999999997669" classname="chevron_tlg_methods" name="script_funs_works_as_expected"/>
    <testcase time="2.166" classname="chevron_tlg_methods" name="script_funs_generates_a_valid_script"/>
    <testcase time="0.000999999999997669" classname="chevron_tlg_methods" name="script_funs_generates_a_valid_script"/>
    <testcase time="0.00200000000000244" classname="chevron_tlg_methods" name="script_funs_generates_a_valid_script"/>
    <testcase time="0.000999999999997669" classname="chevron_tlg_methods" name="script_funs_generates_a_valid_script"/>
    <testcase time="0.00200000000000244" classname="chevron_tlg_methods" name="script_funs_generates_a_valid_script"/>
    <testcase time="0.00999999999999801" classname="chevron_tlg_methods" name="script_funs_generates_a_valid_script">
      <skipped message="Reason: On CRAN ('test-chevron_tlg-methods.R:320:5')"/>
    </testcase>
    <testcase time="0.0140000000000029" classname="chevron_tlg_methods" name="script_funs_works_for_simple_template"/>
    <testcase time="0.000999999999997669" classname="chevron_tlg_methods" name="script_funs_works_for_simple_template"/>
    <testcase time="0.0150000000000006" classname="chevron_tlg_methods" name="print_list_works">
      <skipped message="Reason: On CRAN ('test-chevron_tlg-methods.R:334:3')"/>
    </testcase>
    <testcase time="0.0200000000000031" classname="chevron_tlg_methods" name="print_list_works_for_empty_list">
      <skipped message="Reason: On CRAN ('test-chevron_tlg-methods.R:338:3')"/>
    </testcase>
  </testsuite>
  <testsuite name="cml02a_gl" timestamp="2025-03-13T05:00:12Z" hostname="13f978985912" tests="6" skipped="3" failures="0" errors="0" time="0.511">
    <testcase time="0.0449999999999946" classname="cml02a_gl" name="cml02a_gl_works_with_adcm_dataset"/>
    <testcase time="0.147000000000006" classname="cml02a_gl" name="cml02a_gl_works_with_adcm_dataset">
      <skipped message="Reason: On CRAN ('test-cml02a_gl.R:5:3')"/>
    </testcase>
    <testcase time="0.0339999999999989" classname="cml02a_gl" name="cml02a_gl_works_with_missing_data"/>
    <testcase time="0.104999999999997" classname="cml02a_gl" name="cml02a_gl_works_with_missing_data">
      <skipped message="Reason: On CRAN ('test-cml02a_gl.R:13:3')"/>
    </testcase>
    <testcase time="0.0420000000000016" classname="cml02a_gl" name="cml02a_gl_functions_work_as_expected"/>
    <testcase time="0.137999999999998" classname="cml02a_gl" name="cml02a_gl_functions_work_as_expected">
      <skipped message="Reason: On CRAN ('test-cml02a_gl.R:24:3')"/>
    </testcase>
  </testsuite>
  <testsuite name="cmt01a" timestamp="2025-03-13T05:00:12Z" hostname="13f978985912" tests="6" skipped="4" failures="0" errors="0" time="3.749">
    <testcase time="1.12" classname="cmt01a" name="cmt01a_functions_with_default_argument_value_return_expected_result_with_test_data">
      <skipped message="Reason: On CRAN ('test-cmt01a.R:7:3')"/>
    </testcase>
    <testcase time="1.072" classname="cmt01a" name="cmt01a_functions_with_custom_argument_value_return_expected_result_with_test_data">
      <skipped message="Reason: On CRAN ('test-cmt01a.R:20:3')"/>
    </testcase>
    <testcase time="0.171000000000006" classname="cmt01a" name="cmt01a_can_handle_all_NA_values"/>
    <testcase time="0.160999999999994" classname="cmt01a" name="cmt01a_can_handle_all_NA_values">
      <skipped message="Reason: On CRAN ('test-cmt01a.R:35:3')"/>
    </testcase>
    <testcase time="0.622" classname="cmt01a" name="cmt01a_can_handle_some_NA_values"/>
    <testcase time="0.603000000000002" classname="cmt01a" name="cmt01a_can_handle_some_NA_values">
      <skipped message="Reason: On CRAN ('test-cmt01a.R:44:3')"/>
    </testcase>
  </testsuite>
  <testsuite name="cmt02_pt" timestamp="2025-03-13T05:00:16Z" hostname="13f978985912" tests="4" skipped="2" failures="0" errors="0" time="0.627">
    <testcase time="0.112000000000002" classname="cmt02_pt" name="cmt02_pt_can_handle_all_NA_values"/>
    <testcase time="0.128" classname="cmt02_pt" name="cmt02_pt_can_handle_all_NA_values">
      <skipped message="Reason: On CRAN ('test-cmt02_pt.R:9:3')"/>
    </testcase>
    <testcase time="0.156999999999996" classname="cmt02_pt" name="cmt02_pt_can_handle_some_NA_values"/>
    <testcase time="0.230000000000004" classname="cmt02_pt" name="cmt02_pt_can_handle_some_NA_values">
      <skipped message="Reason: On CRAN ('test-cmt02_pt.R:18:3')"/>
    </testcase>
  </testsuite>
  <testsuite name="coxt01" timestamp="2025-03-13T05:00:17Z" hostname="13f978985912" tests="3" skipped="1" failures="0" errors="0" time="0.534">
    <testcase time="0.32" classname="coxt01" name="coxt01_can_handle_some_NA_values"/>
    <testcase time="0.186999999999998" classname="coxt01" name="coxt01_can_handle_some_NA_values">
      <skipped message="Reason: On CRAN ('test-coxt01.R:6:3')"/>
    </testcase>
    <testcase time="0.027000000000001" classname="coxt01" name="coxt01_fails_on_incomlete_data"/>
  </testsuite>
  <testsuite name="coxt02" timestamp="2025-03-13T05:00:17Z" hostname="13f978985912" tests="3" skipped="1" failures="0" errors="0" time="0.671">
    <testcase time="0.423000000000002" classname="coxt02" name="coxt02_can_handle_some_NA_values"/>
    <testcase time="0.223999999999997" classname="coxt02" name="coxt02_can_handle_some_NA_values">
      <skipped message="Reason: On CRAN ('test-coxt02.R:5:3')"/>
    </testcase>
    <testcase time="0.0240000000000009" classname="coxt02" name="coxt02_fails_on_incomlete_data"/>
  </testsuite>
  <testsuite name="default_tlg" timestamp="2025-03-13T05:00:18Z" hostname="13f978985912" tests="15" skipped="15" failures="0" errors="0" time="11.678">
    <testcase time="0.149000000000001" classname="default_tlg" name="ael01_nollt_function_with_default_argument_value_return_expected_result_with_test_data">
      <skipped message="Reason: On CRAN ('test-default_tlg.R:5:3')"/>
    </testcase>
    <testcase time="0.585999999999999" classname="default_tlg" name="aet01_function_with_default_argument_value_return_expected_result_with_test_data">
      <skipped message="Reason: On CRAN ('test-default_tlg.R:12:3')"/>
    </testcase>
    <testcase time="0.506" classname="default_tlg" name="aet01_aesi_function_with_default_argument_value_return_expected_result_with_test_data">
      <skipped message="Reason: On CRAN ('test-default_tlg.R:19:3')"/>
    </testcase>
    <testcase time="1.017" classname="default_tlg" name="aet02_functions_with_default_argument_value_return_expected_result_with_test_data">
      <skipped message="Reason: On CRAN ('test-default_tlg.R:26:3')"/>
    </testcase>
    <testcase time="2.183" classname="default_tlg" name="aet03_functions_with_default_argument_value_return_expected_result_with_test_data">
      <skipped message="Reason: On CRAN ('test-default_tlg.R:33:3')"/>
    </testcase>
    <testcase time="3.432" classname="default_tlg" name="aet04_functions_with_default_argument_value_return_expected_result_with_test_data">
      <skipped message="Reason: On CRAN ('test-default_tlg.R:40:3')"/>
    </testcase>
    <testcase time="0.385000000000005" classname="default_tlg" name="aet05_functions_with_default_argument_value_return_expected_result_with_test_data">
      <skipped message="Reason: On CRAN ('test-default_tlg.R:47:3')"/>
    </testcase>
    <testcase time="0.393999999999998" classname="default_tlg" name="aet05_all_functions_with_default_argument_value_return_expected_result_with_test_data">
      <skipped message="Reason: On CRAN ('test-default_tlg.R:54:3')"/>
    </testcase>
    <testcase time="0.292999999999999" classname="default_tlg" name="aet10_functions_with_default_argument_value_return_expected_result_with_test_data">
      <skipped message="Reason: On CRAN ('test-default_tlg.R:61:3')"/>
    </testcase>
    <testcase time="0.347000000000001" classname="default_tlg" name="cmt02_pt_functions_with_default_argument_value_return_expected_result_with_test_data">
      <skipped message="Reason: On CRAN ('test-default_tlg.R:68:3')"/>
    </testcase>
    <testcase time="0.448999999999998" classname="default_tlg" name="coxt01_functions_with_default_argument_value_return_expected_result_with_test_data">
      <skipped message="Reason: On CRAN ('test-default_tlg.R:78:3')"/>
    </testcase>
    <testcase time="0.631" classname="default_tlg" name="coxt02_functions_with_default_argument_value_return_expected_result_with_test_data">
      <skipped message="Reason: On CRAN ('test-default_tlg.R:86:3')"/>
    </testcase>
    <testcase time="0.594000000000001" classname="default_tlg" name="dmt01_functions_with_default_argument_value_return_expected_result_with_test_data">
      <skipped message="Reason: On CRAN ('test-default_tlg.R:93:3')"/>
    </testcase>
    <testcase time="0.409999999999997" classname="default_tlg" name="dst01_functions_with_default_argument_value_return_expected_result_with_test_data">
      <skipped message="Reason: On CRAN ('test-default_tlg.R:100:3')"/>
    </testcase>
    <testcase time="0.302" classname="default_tlg" name="dtht01_functions_with_default_argument_value_return_expected_result_with_test_data">
      <skipped message="Reason: On CRAN ('test-default_tlg.R:107:3')"/>
    </testcase>
  </testsuite>
  <testsuite name="dmt01" timestamp="2025-03-13T05:00:30Z" hostname="13f978985912" tests="19" skipped="9" failures="0" errors="0" time="4.295">
    <testcase time="0.214000000000006" classname="dmt01" name="dmt01_can_handle_NA_values"/>
    <testcase time="0.300999999999995" classname="dmt01" name="dmt01_can_handle_NA_values">
      <skipped message="Reason: On CRAN ('test-dmt01.R:8:3')"/>
    </testcase>
    <testcase time="0.219000000000001" classname="dmt01" name="dmt01_can_handle_numeric_NA_values"/>
    <testcase time="0.384" classname="dmt01" name="dmt01_can_handle_numeric_NA_values">
      <skipped message="Reason: On CRAN ('test-dmt01.R:16:3')"/>
    </testcase>
    <testcase time="0.0240000000000009" classname="dmt01" name="dmt01_returns_an_error_when_variables_are_of_the_wrong_type"/>
    <testcase time="0.152000000000001" classname="dmt01" name="dmt01_works_as_expected_with_setting_default_precision"/>
    <testcase time="0.297000000000004" classname="dmt01" name="dmt01_works_as_expected_with_setting_default_precision">
      <skipped message="Reason: On CRAN ('test-dmt01.R:37:3')"/>
    </testcase>
    <testcase time="0.183999999999997" classname="dmt01" name="dmt01_works_as_expected_with_auto_precision_settings"/>
    <testcase time="0.374000000000002" classname="dmt01" name="dmt01_works_as_expected_with_auto_precision_settings">
      <skipped message="Reason: On CRAN ('test-dmt01.R:43:3')"/>
    </testcase>
    <testcase time="0.173999999999999" classname="dmt01" name="dmt01_works_as_expected_with_auto_precision_settings_and_defined_precision"/>
    <testcase time="0.348999999999997" classname="dmt01" name="dmt01_works_as_expected_with_auto_precision_settings_and_defined_precision">
      <skipped message="Reason: On CRAN ('test-dmt01.R:49:3')"/>
    </testcase>
    <testcase time="0.167000000000002" classname="dmt01" name="dmt01_works_as_expected_with_auto_precision_settings_and_defined_precision_and_default"/>
    <testcase time="0.305" classname="dmt01" name="dmt01_works_as_expected_with_auto_precision_settings_and_defined_precision_and_default">
      <skipped message="Reason: On CRAN ('test-dmt01.R:57:3')"/>
    </testcase>
    <testcase time="0.155000000000001" classname="dmt01" name="dmt01_works_as_expected_with_cutomized_stats_value"/>
    <testcase time="0.258000000000003" classname="dmt01" name="dmt01_works_as_expected_with_cutomized_stats_value">
      <skipped message="Reason: On CRAN ('test-dmt01.R:71:3')"/>
    </testcase>
    <testcase time="0.167999999999999" classname="dmt01" name="dmt01_works_as_expected_with_empty_list_as_stats_value"/>
    <testcase time="0.300999999999995" classname="dmt01" name="dmt01_works_as_expected_with_empty_list_as_stats_value">
      <skipped message="Reason: On CRAN ('test-dmt01.R:85:3')"/>
    </testcase>
    <testcase time="0.0970000000000013" classname="dmt01" name="dmt01_works_as_expected_with_only_one_summaryvars"/>
    <testcase time="0.172000000000004" classname="dmt01" name="dmt01_works_as_expected_with_only_one_summaryvars">
      <skipped message="Reason: On CRAN ('test-dmt01.R:97:3')"/>
    </testcase>
  </testsuite>
  <testsuite name="dst01" timestamp="2025-03-13T05:00:34Z" hostname="13f978985912" tests="14" skipped="7" failures="0" errors="0" time="2.565">
    <testcase time="0.151999999999994" classname="dst01" name="dst01_works_as_expected_when_all_data_are_NA"/>
    <testcase time="0.0580000000000069" classname="dst01" name="dst01_works_as_expected_when_all_data_are_NA">
      <skipped message="Reason: On CRAN ('test-dst01.R:11:3')"/>
    </testcase>
    <testcase time="0.128" classname="dst01" name="dst01_can_handle_all_NA_values_in_DCSREAS"/>
    <testcase time="0.137" classname="dst01" name="dst01_can_handle_all_NA_values_in_DCSREAS">
      <skipped message="Reason: On CRAN ('test-dst01.R:23:3')"/>
    </testcase>
    <testcase time="0.179999999999993" classname="dst01" name="dst01_can_handle_some_NA_values"/>
    <testcase time="0.218000000000004" classname="dst01" name="dst01_can_handle_some_NA_values">
      <skipped message="Reason: On CRAN ('test-dst01.R:31:3')"/>
    </testcase>
    <testcase time="0.158000000000001" classname="dst01" name="dst01_can_handle_missing_levels_in_status_var"/>
    <testcase time="0.0660000000000025" classname="dst01" name="dst01_can_handle_missing_levels_in_status_var">
      <skipped message="Reason: On CRAN ('test-dst01.R:42:3')"/>
    </testcase>
    <testcase time="0.206999999999994" classname="dst01" name="dst01_can_create_variants"/>
    <testcase time="0.215000000000003" classname="dst01" name="dst01_can_create_variants">
      <skipped message="Reason: On CRAN ('test-dst01.R:48:3')"/>
    </testcase>
    <testcase time="0.248000000000005" classname="dst01" name="dst01_can_create_variants"/>
    <testcase time="0.234999999999999" classname="dst01" name="dst01_can_create_variants">
      <skipped message="Reason: On CRAN ('test-dst01.R:54:3')"/>
    </testcase>
    <testcase time="0.280000000000001" classname="dst01" name="dst01_can_create_variants"/>
    <testcase time="0.282999999999987" classname="dst01" name="dst01_can_create_variants">
      <skipped message="Reason: On CRAN ('test-dst01.R:62:3')"/>
    </testcase>
  </testsuite>
  <testsuite name="dtht01" timestamp="2025-03-13T05:00:36Z" hostname="13f978985912" tests="5" skipped="3" failures="0" errors="0" time="1.506">
    <testcase time="0.109000000000009" classname="dtht01" name="dtht01_can_handle_all_NA_values"/>
    <testcase time="0.159999999999997" classname="dtht01" name="dtht01_can_handle_all_NA_values">
      <skipped message="Reason: On CRAN ('test-dtht01.R:12:3')"/>
    </testcase>
    <testcase time="0.257000000000005" classname="dtht01" name="dtht01_can_handle_some_NA_values"/>
    <testcase time="0.335999999999999" classname="dtht01" name="dtht01_can_handle_some_NA_values">
      <skipped message="Reason: On CRAN ('test-dtht01.R:20:3')"/>
    </testcase>
    <testcase time="0.643999999999991" classname="dtht01" name="dtht01_can_be_parametrize_as_expected">
      <skipped message="Reason: On CRAN ('test-dtht01.R:32:3')"/>
    </testcase>
  </testsuite>
  <testsuite name="egt01" timestamp="2025-03-13T05:00:38Z" hostname="13f978985912" tests="3" skipped="2" failures="0" errors="0" time="7.283">
    <testcase time="3.58500000000001" classname="egt01" name="egt01_functions_with_default_argument_value_return_expected_result_with_test_data">
      <skipped message="Reason: On CRAN ('test-egt01.R:7:3')"/>
    </testcase>
    <testcase time="1.352" classname="egt01" name="egt01_can_handle_n_0_and_outputs_NE_instead_of_infs_and_NAs"/>
    <testcase time="2.34599999999999" classname="egt01" name="egt01_can_handle_n_0_and_outputs_NE_instead_of_infs_and_NAs">
      <skipped message="Reason: On CRAN ('test-egt01.R:21:3')"/>
    </testcase>
  </testsuite>
  <testsuite name="egt02" timestamp="2025-03-13T05:00:45Z" hostname="13f978985912" tests="2" skipped="2" failures="0" errors="0" time="0.612">
    <testcase time="0.313000000000002" classname="egt02" name="egt02_1_functions_with_default_argument_value_return_expected_result_with_test_data">
      <skipped message="Reason: On CRAN ('test-egt02.R:7:3')"/>
    </testcase>
    <testcase time="0.299000000000007" classname="egt02" name="egt02_2_functions_with_default_value_return_expected_result_with_test_data">
      <skipped message="Reason: On CRAN ('test-egt02.R:15:3')"/>
    </testcase>
  </testsuite>
  <testsuite name="egt03" timestamp="2025-03-13T05:00:46Z" hostname="13f978985912" tests="5" skipped="2" failures="0" errors="0" time="3.111">
    <testcase time="1.51899999999999" classname="egt03" name="egt03_functions_with_default_argument_value_return_expected_result_with_test_data">
      <skipped message="Reason: On CRAN ('test-egt03.R:7:3')"/>
    </testcase>
    <testcase time="0.0240000000000009" classname="egt03" name="egt03_errors_on_all_NA_values"/>
    <testcase time="0.496000000000009" classname="egt03" name="egt03_can_handle_some_NA_values"/>
    <testcase time="1.04799999999999" classname="egt03" name="egt03_can_handle_some_NA_values">
      <skipped message="Reason: On CRAN ('test-egt03.R:30:3')"/>
    </testcase>
    <testcase time="0.0240000000000009" classname="egt03" name="egt03_fails_on_incomplete_data"/>
  </testsuite>
  <testsuite name="egt05_qtcat" timestamp="2025-03-13T05:00:49Z" hostname="13f978985912" tests="4" skipped="2" failures="0" errors="0" time="3.32">
    <testcase time="2.11499999999999" classname="egt05_qtcat" name="egt05_qtcat_functions_with_default_argument_value_return_expected_result_with_test_data">
      <skipped message="Reason: On CRAN ('test-egt05_qtcat.R:7:3')"/>
    </testcase>
    <testcase time="0.0250000000000057" classname="egt05_qtcat" name="egt05_qtcat_erros_on_all_NA_values"/>
    <testcase time="0.394999999999996" classname="egt05_qtcat" name="egt05_qtcat_can_handle_some_NA_values"/>
    <testcase time="0.785000000000011" classname="egt05_qtcat" name="egt05_qtcat_can_handle_some_NA_values">
      <skipped message="Reason: On CRAN ('test-egt05_qtcat.R:30:3')"/>
    </testcase>
  </testsuite>
  <testsuite name="empty_report" timestamp="2025-03-13T05:00:52Z" hostname="13f978985912" tests="31" skipped="0" failures="0" errors="0" time="3.005">
    <testcase time="0.100999999999999" classname="empty_report" name="tlg_functions_return_null_reports_when_domain_table_is_empty"/>
    <testcase time="0.271000000000001" classname="empty_report" name="tlg_functions_return_null_reports_when_domain_table_is_empty"/>
    <testcase time="0.190999999999988" classname="empty_report" name="tlg_functions_return_null_reports_when_domain_table_is_empty"/>
    <testcase time="0.109000000000009" classname="empty_report" name="tlg_functions_return_null_reports_when_domain_table_is_empty"/>
    <testcase time="0.111999999999995" classname="empty_report" name="tlg_functions_return_null_reports_when_domain_table_is_empty"/>
    <testcase time="0.0660000000000025" classname="empty_report" name="tlg_functions_return_null_reports_when_domain_table_is_empty"/>
    <testcase time="0.100999999999999" classname="empty_report" name="tlg_functions_return_null_reports_when_domain_table_is_empty"/>
    <testcase time="0.153999999999996" classname="empty_report" name="tlg_functions_return_null_reports_when_domain_table_is_empty"/>
    <testcase time="0.177999999999997" classname="empty_report" name="tlg_functions_return_null_reports_when_domain_table_is_empty"/>
    <testcase time="0.0800000000000125" classname="empty_report" name="tlg_functions_return_null_reports_when_domain_table_is_empty"/>
    <testcase time="0.106999999999999" classname="empty_report" name="tlg_functions_return_null_reports_when_domain_table_is_empty"/>
    <testcase time="0.0499999999999972" classname="empty_report" name="tlg_functions_return_null_reports_when_domain_table_is_empty"/>
    <testcase time="0.0609999999999928" classname="empty_report" name="tlg_functions_return_null_reports_when_domain_table_is_empty"/>
    <testcase time="0.0690000000000026" classname="empty_report" name="tlg_functions_return_null_reports_when_domain_table_is_empty"/>
    <testcase time="0.078000000000003" classname="empty_report" name="tlg_functions_return_null_reports_when_domain_table_is_empty"/>
    <testcase time="0.0789999999999935" classname="empty_report" name="tlg_functions_return_null_reports_when_domain_table_is_empty"/>
    <testcase time="0.0900000000000034" classname="empty_report" name="tlg_functions_return_null_reports_when_domain_table_is_empty"/>
    <testcase time="0.100999999999999" classname="empty_report" name="tlg_functions_return_null_reports_when_domain_table_is_empty"/>
    <testcase time="0.0480000000000018" classname="empty_report" name="tlg_functions_return_null_reports_when_domain_table_is_empty"/>
    <testcase time="0.027000000000001" classname="empty_report" name="tlg_functions_return_null_reports_when_domain_table_is_empty"/>
    <testcase time="0.0370000000000061" classname="empty_report" name="tlg_functions_return_null_reports_when_domain_table_is_empty"/>
    <testcase time="0.0309999999999917" classname="empty_report" name="tlg_functions_return_null_reports_when_domain_table_is_empty"/>
    <testcase time="0.027000000000001" classname="empty_report" name="tlg_functions_return_null_reports_when_domain_table_is_empty"/>
    <testcase time="0.0229999999999961" classname="empty_report" name="tlg_functions_return_null_reports_when_domain_table_is_empty"/>
    <testcase time="0.307000000000002" classname="empty_report" name="tlg_functions_return_null_reports_when_domain_table_is_empty"/>
    <testcase time="0.103000000000009" classname="empty_report" name="tlg_functions_return_null_reports_when_domain_table_is_empty"/>
    <testcase time="0.090999999999994" classname="empty_report" name="tlg_functions_return_null_reports_when_domain_table_is_empty"/>
    <testcase time="0.0990000000000038" classname="empty_report" name="tlg_functions_return_null_reports_when_domain_table_is_empty"/>
    <testcase time="0.109999999999999" classname="empty_report" name="tlg_functions_return_null_reports_when_domain_table_is_empty"/>
    <testcase time="0.0519999999999925" classname="empty_report" name="tlg_functions_return_null_reports_when_domain_table_is_empty"/>
    <testcase time="0.0520000000000067" classname="empty_report" name="tlg_functions_return_null_reports_when_domain_table_is_empty"/>
  </testsuite>
  <testsuite name="ext01" timestamp="2025-03-13T05:00:55Z" hostname="13f978985912" tests="9" skipped="8" failures="0" errors="0" time="5.616">
    <testcase time="0.542000000000002" classname="ext01" name="ext01_functions_with_default_argument_value_return_expected_result_with_test_data">
      <skipped message="Reason: On CRAN ('test-ext01.R:7:3')"/>
    </testcase>
    <testcase time="0.590000000000003" classname="ext01" name="ext01_functions_with_categorical_data_return_expected_result_with_test_data">
      <skipped message="Reason: On CRAN ('test-ext01.R:16:3')"/>
    </testcase>
    <testcase time="0.225999999999999" classname="ext01" name="ext01_works"/>
    <testcase time="0.316999999999993" classname="ext01" name="ext01_works">
      <skipped message="Reason: On CRAN ('test-ext01.R:25:3')"/>
    </testcase>
    <testcase time="0.588999999999999" classname="ext01" name="ext01_works_for_selected_parameters_and_categorical_variables">
      <skipped message="Reason: On CRAN ('test-ext01.R:39:3')"/>
    </testcase>
    <testcase time="0.930999999999997" classname="ext01" name="ext01_works_with_custom_mapping_order">
      <skipped message="Reason: On CRAN ('test-ext01.R:51:3')"/>
    </testcase>
    <testcase time="0.915000000000006" classname="ext01" name="ext01_works_with_custom_mapping_order_for_a_single_split">
      <skipped message="Reason: On CRAN ('test-ext01.R:61:3')"/>
    </testcase>
    <testcase time="0.957999999999998" classname="ext01" name="ext01_works_with_custom_mapping_fill_in_value">
      <skipped message="Reason: On CRAN ('test-ext01.R:73:3')"/>
    </testcase>
    <testcase time="0.548000000000002" classname="ext01" name="ext01_precision_argument_works_as_expected">
      <skipped message="Reason: On CRAN ('test-ext01.R:79:3')"/>
    </testcase>
  </testsuite>
  <testsuite name="fstg01" timestamp="2025-03-13T05:01:01Z" hostname="13f978985912" tests="13" skipped="0" failures="0" errors="0" time="7.085">
    <testcase time="0.0220000000000056" classname="fstg01" name="fstg01_works_as_expected"/>
    <testcase time="1.44099999999999" classname="fstg01" name="fstg01_works_as_expected"/>
    <testcase time="0.00300000000000011" classname="fstg01" name="fstg01_works_as_expected"/>
    <testcase time="1.38900000000001" classname="fstg01" name="fstg01_works_as_expected_with_custom_color_set"/>
    <testcase time="0.00300000000000011" classname="fstg01" name="fstg01_works_as_expected_with_custom_color_set"/>
    <testcase time="1.488" classname="fstg01" name="fstg01_works_as_expected_with_custom_color_set"/>
    <testcase time="0.00300000000000011" classname="fstg01" name="fstg01_works_as_expected_with_custom_color_set"/>
    <testcase time="0.625" classname="fstg01" name="fstg01_works_if_changes_are_in_subgroups_conf_level_and_label_all"/>
    <testcase time="0.00300000000000011" classname="fstg01" name="fstg01_works_if_changes_are_in_subgroups_conf_level_and_label_all"/>
    <testcase time="0.843999999999994" classname="fstg01" name="fstg01_works_if_changes_are_in_subgroups_conf_level_and_label_all"/>
    <testcase time="0.00300000000000011" classname="fstg01" name="fstg01_works_if_changes_are_in_subgroups_conf_level_and_label_all"/>
    <testcase time="1.258" classname="fstg01" name="fstg01_can_handle_some_NA_values_in_subgroups"/>
    <testcase time="0.00300000000000011" classname="fstg01" name="fstg01_can_handle_some_NA_values_in_subgroups"/>
  </testsuite>
  <testsuite name="fstg02" timestamp="2025-03-13T05:01:08Z" hostname="13f978985912" tests="9" skipped="0" failures="0" errors="0" time="9.052">
    <testcase time="0.0130000000000052" classname="fstg02" name="fstg02_works_as_expected"/>
    <testcase time="1.23699999999999" classname="fstg02" name="fstg02_works_as_expected"/>
    <testcase time="1.23700000000001" classname="fstg02" name="fstg02_works_as_expected_with_custom_color_set"/>
    <testcase time="1.256" classname="fstg02" name="fstg02_works_as_expected_with_custom_color_set"/>
    <testcase time="0.59899999999999" classname="fstg02" name="fstg02_works_if_changes_are_in_subgroups_strata_var_conf_level_and_label_all"/>
    <testcase time="0.848000000000013" classname="fstg02" name="fstg02_works_if_changes_are_in_subgroups_strata_var_conf_level_and_label_all"/>
    <testcase time="1.26599999999999" classname="fstg02" name="fstg02_can_handle_some_NA_values_in_subgroups"/>
    <testcase time="1.283" classname="fstg02" name="fstg02_can_handle_customized_time_units"/>
    <testcase time="1.313" classname="fstg02" name="fstg02_can_handle_customized_time_units"/>
  </testsuite>
  <testsuite name="kmg01" timestamp="2025-03-13T05:01:17Z" hostname="13f978985912" tests="13" skipped="0" failures="0" errors="0" time="2.282">
    <testcase time="0.0120000000000005" classname="kmg01" name="kmg01_works_as_expected"/>
    <testcase time="0.394000000000005" classname="kmg01" name="kmg01_works_as_expected"/>
    <testcase time="0.00300000000000011" classname="kmg01" name="kmg01_works_as_expected"/>
    <testcase time="0.394999999999996" classname="kmg01" name="kmg01_works_as_expected_with_custom_color_set"/>
    <testcase time="0.00300000000000011" classname="kmg01" name="kmg01_works_as_expected_with_custom_color_set"/>
    <testcase time="0.385999999999996" classname="kmg01" name="kmg01_works_as_expected_with_custom_color_set"/>
    <testcase time="0.00300000000000011" classname="kmg01" name="kmg01_works_as_expected_with_custom_color_set"/>
    <testcase time="0.390000000000001" classname="kmg01" name="kmg01_works_if_change_pvalue_ties_and_conf_level"/>
    <testcase time="0.00300000000000011" classname="kmg01" name="kmg01_works_if_change_pvalue_ties_and_conf_level"/>
    <testcase time="0.430000000000007" classname="kmg01" name="kmg01_works_if_change_annotation_position"/>
    <testcase time="0.00399999999999068" classname="kmg01" name="kmg01_works_if_change_annotation_position"/>
    <testcase time="0.256" classname="kmg01" name="kmg01_works_for_stratified_analysis"/>
    <testcase time="0.00300000000000011" classname="kmg01" name="kmg01_works_for_stratified_analysis"/>
  </testsuite>
  <testsuite name="lbt01" timestamp="2025-03-13T05:01:19Z" hostname="13f978985912" tests="4" skipped="3" failures="0" errors="0" time="9.916">
    <testcase time="3.605" classname="lbt01" name="lbt01_functions_with_default_argument_value_return_expected_result_with_test_data">
      <skipped message="Reason: On CRAN ('test-lbt01.R:11:3')"/>
    </testcase>
    <testcase time="3.17099999999999" classname="lbt01" name="lbt01_functions_with_row_split_var_return_expected_result_with_test_data">
      <skipped message="Reason: On CRAN ('test-lbt01.R:21:3')"/>
    </testcase>
    <testcase time="1.027" classname="lbt01" name="lbt01_can_handle_n_0_and_outputs_NE_instead_of_infs_and_NAs"/>
    <testcase time="2.113" classname="lbt01" name="lbt01_can_handle_n_0_and_outputs_NE_instead_of_infs_and_NAs">
      <skipped message="Reason: On CRAN ('test-lbt01.R:35:3')"/>
    </testcase>
  </testsuite>
  <testsuite name="lbt04" timestamp="2025-03-13T05:01:29Z" hostname="13f978985912" tests="8" skipped="4" failures="0" errors="0" time="3.09">
    <testcase time="0.970000000000013" classname="lbt04" name="lbt04_functions_with_default_argument_value_return_expected_result_with_test_data">
      <skipped message="Reason: On CRAN ('test-lbt04.R:7:3')"/>
    </testcase>
    <testcase time="0.0959999999999894" classname="lbt04" name="lbt04_can_handle_all_NA_values"/>
    <testcase time="0.0570000000000022" classname="lbt04" name="lbt04_can_handle_all_NA_values">
      <skipped message="Reason: On CRAN ('test-lbt04.R:21:3')"/>
    </testcase>
    <testcase time="0.320999999999998" classname="lbt04" name="lbt04_can_handle_missing_levels"/>
    <testcase time="0.659999999999997" classname="lbt04" name="lbt04_can_handle_missing_levels">
      <skipped message="Reason: On CRAN ('test-lbt04.R:33:3')"/>
    </testcase>
    <testcase time="0.311000000000007" classname="lbt04" name="lbt04_can_handle_some_NA_values"/>
    <testcase time="0.650000000000006" classname="lbt04" name="lbt04_can_handle_some_NA_values">
      <skipped message="Reason: On CRAN ('test-lbt04.R:42:3')"/>
    </testcase>
    <testcase time="0.0249999999999915" classname="lbt04" name="lbt04_fails_on_incomlete_data"/>
  </testsuite>
  <testsuite name="lbt05" timestamp="2025-03-13T05:01:32Z" hostname="13f978985912" tests="55" skipped="6" failures="0" errors="0" time="5.506">
    <testcase time="0.0400000000000063" classname="lbt05" name="lbt05_functions_with_default_argument_value_return_expected_result_with_test_data"/>
    <testcase time="0.0229999999999961" classname="lbt05" name="lbt05_functions_with_default_argument_value_return_expected_result_with_test_data"/>
    <testcase time="0.0259999999999962" classname="lbt05" name="lbt05_functions_with_default_argument_value_return_expected_result_with_test_data"/>
    <testcase time="0.0370000000000061" classname="lbt05" name="lbt05_functions_with_default_argument_value_return_expected_result_with_test_data"/>
    <testcase time="0.0279999999999916" classname="lbt05" name="lbt05_functions_with_default_argument_value_return_expected_result_with_test_data"/>
    <testcase time="0.0210000000000008" classname="lbt05" name="lbt05_functions_with_default_argument_value_return_expected_result_with_test_data"/>
    <testcase time="0.684000000000012" classname="lbt05" name="lbt05_functions_with_default_argument_value_return_expected_result_with_test_data">
      <skipped message="Reason: On CRAN ('test-lbt05.R:7:3')"/>
    </testcase>
    <testcase time="0.0459999999999923" classname="lbt05" name="lbt05_give_all_0_count_if_ANRIND_are_all_missing"/>
    <testcase time="0.0220000000000056" classname="lbt05" name="lbt05_give_all_0_count_if_ANRIND_are_all_missing"/>
    <testcase time="0.027000000000001" classname="lbt05" name="lbt05_give_all_0_count_if_ANRIND_are_all_missing"/>
    <testcase time="0.0390000000000015" classname="lbt05" name="lbt05_give_all_0_count_if_ANRIND_are_all_missing"/>
    <testcase time="0.0250000000000057" classname="lbt05" name="lbt05_give_all_0_count_if_ANRIND_are_all_missing"/>
    <testcase time="0.0219999999999914" classname="lbt05" name="lbt05_give_all_0_count_if_ANRIND_are_all_missing"/>
    <testcase time="0.296000000000006" classname="lbt05" name="lbt05_give_all_0_count_if_ANRIND_are_all_missing"/>
    <testcase time="0.0400000000000063" classname="lbt05" name="lbt05_can_handle_some_NA_values"/>
    <testcase time="0.0239999999999867" classname="lbt05" name="lbt05_can_handle_some_NA_values"/>
    <testcase time="0.0380000000000109" classname="lbt05" name="lbt05_can_handle_some_NA_values"/>
    <testcase time="0.0309999999999917" classname="lbt05" name="lbt05_can_handle_some_NA_values"/>
    <testcase time="0.0260000000000105" classname="lbt05" name="lbt05_can_handle_some_NA_values"/>
    <testcase time="0.0239999999999867" classname="lbt05" name="lbt05_can_handle_some_NA_values"/>
    <testcase time="0.284000000000006" classname="lbt05" name="lbt05_can_handle_some_NA_values"/>
    <testcase time="0.400000000000006" classname="lbt05" name="lbt05_can_handle_some_NA_values">
      <skipped message="Reason: On CRAN ('test-lbt05.R:38:3')"/>
    </testcase>
    <testcase time="0.0420000000000016" classname="lbt05" name="lbt05_fails_on_incomlete_data"/>
    <testcase time="0.0499999999999972" classname="lbt05" name="lbt05_works_with_missing_levels"/>
    <testcase time="0.0240000000000009" classname="lbt05" name="lbt05_works_with_missing_levels"/>
    <testcase time="0.027000000000001" classname="lbt05" name="lbt05_works_with_missing_levels"/>
    <testcase time="0.0309999999999917" classname="lbt05" name="lbt05_works_with_missing_levels"/>
    <testcase time="0.0259999999999962" classname="lbt05" name="lbt05_works_with_missing_levels"/>
    <testcase time="0.0300000000000011" classname="lbt05" name="lbt05_works_with_missing_levels"/>
    <testcase time="0.271000000000001" classname="lbt05" name="lbt05_works_with_missing_levels"/>
    <testcase time="0.397000000000006" classname="lbt05" name="lbt05_works_with_missing_levels">
      <skipped message="Reason: On CRAN ('test-lbt05.R:55:3')"/>
    </testcase>
    <testcase time="0.0579999999999927" classname="lbt05" name="map_argument_works_as_expected"/>
    <testcase time="0.0240000000000009" classname="lbt05" name="map_argument_works_as_expected"/>
    <testcase time="0.0280000000000058" classname="lbt05" name="map_argument_works_as_expected"/>
    <testcase time="0.0310000000000059" classname="lbt05" name="map_argument_works_as_expected"/>
    <testcase time="0.0309999999999917" classname="lbt05" name="map_argument_works_as_expected"/>
    <testcase time="0.0300000000000011" classname="lbt05" name="map_argument_works_as_expected"/>
    <testcase time="0.218000000000004" classname="lbt05" name="map_argument_works_as_expected"/>
    <testcase time="0.322000000000003" classname="lbt05" name="map_argument_works_as_expected">
      <skipped message="Reason: On CRAN ('test-lbt05.R:62:3')"/>
    </testcase>
    <testcase time="0.0479999999999876" classname="lbt05" name="incomplete_map_argument_works_as_expected"/>
    <testcase time="0.0230000000000103" classname="lbt05" name="incomplete_map_argument_works_as_expected"/>
    <testcase time="0.0279999999999916" classname="lbt05" name="incomplete_map_argument_works_as_expected"/>
    <testcase time="0.0370000000000061" classname="lbt05" name="incomplete_map_argument_works_as_expected"/>
    <testcase time="0.0309999999999917" classname="lbt05" name="incomplete_map_argument_works_as_expected"/>
    <testcase time="0.0230000000000103" classname="lbt05" name="incomplete_map_argument_works_as_expected"/>
    <testcase time="0.265999999999991" classname="lbt05" name="incomplete_map_argument_works_as_expected"/>
    <testcase time="0.358000000000004" classname="lbt05" name="incomplete_map_argument_works_as_expected">
      <skipped message="Reason: On CRAN ('test-lbt05.R:69:3')"/>
    </testcase>
    <testcase time="0.0630000000000024" classname="lbt05" name="prune_0_keeps_the_Any_Abnormaility_row"/>
    <testcase time="0.0240000000000009" classname="lbt05" name="prune_0_keeps_the_Any_Abnormaility_row"/>
    <testcase time="0.027000000000001" classname="lbt05" name="prune_0_keeps_the_Any_Abnormaility_row"/>
    <testcase time="0.0319999999999965" classname="lbt05" name="prune_0_keeps_the_Any_Abnormaility_row"/>
    <testcase time="0.027000000000001" classname="lbt05" name="prune_0_keeps_the_Any_Abnormaility_row"/>
    <testcase time="0.034000000000006" classname="lbt05" name="prune_0_keeps_the_Any_Abnormaility_row"/>
    <testcase time="0.285999999999987" classname="lbt05" name="prune_0_keeps_the_Any_Abnormaility_row"/>
    <testcase time="0.356000000000009" classname="lbt05" name="prune_0_keeps_the_Any_Abnormaility_row">
      <skipped message="Reason: On CRAN ('test-lbt05.R:75:3')"/>
    </testcase>
  </testsuite>
  <testsuite name="lbt06" timestamp="2025-03-13T05:01:38Z" hostname="13f978985912" tests="3" skipped="1" failures="0" errors="0" time="3.95">
    <testcase time="1.01600000000001" classname="lbt06" name="lbt06_gives_all_0_count_if_ANRIND_and_BNRIND_are_all_missing"/>
    <testcase time="2.89400000000001" classname="lbt06" name="lbt06_can_handle_some_NA_values">
      <skipped message="Reason: On CRAN ('test-lbt06.R:21:3')"/>
    </testcase>
    <testcase time="0.039999999999992" classname="lbt06" name="lbt06_fails_on_incomplete_data"/>
  </testsuite>
  <testsuite name="lbt07" timestamp="2025-03-13T05:01:42Z" hostname="13f978985912" tests="4" skipped="2" failures="0" errors="0" time="1.625">
    <testcase time="0.789999999999992" classname="lbt07" name="lbt07_functions_with_default_argument_value_return_expected_result_with_test_data">
      <skipped message="Reason: On CRAN ('test-lbt07.R:7:3')"/>
    </testcase>
    <testcase time="0.363" classname="lbt07" name="lbt07_can_handle_some_NA_values"/>
    <testcase time="0.426999999999992" classname="lbt07" name="lbt07_can_handle_some_NA_values">
      <skipped message="Reason: On CRAN ('test-lbt07.R:23:3')"/>
    </testcase>
    <testcase time="0.0450000000000159" classname="lbt07" name="lbt07_fails_on_incomlete_data"/>
  </testsuite>
  <testsuite name="lbt14" timestamp="2025-03-13T05:01:43Z" hostname="13f978985912" tests="16" skipped="10" failures="0" errors="0" time="6.709">
    <testcase time="0.613" classname="lbt14" name="lbt14_functions_with_default_argument_value_return_expected_result_with_test_data">
      <skipped message="Reason: On CRAN ('test-lbt14.R:11:3')"/>
    </testcase>
    <testcase time="0.460000000000008" classname="lbt14" name="lbt14_functions_with_default_argument_value_return_expected_result_with_test_data_when_direction_high">
      <skipped message="Reason: On CRAN ('test-lbt14.R:19:3')"/>
    </testcase>
    <testcase time="0.553999999999974" classname="lbt14" name="lbt14_functions_with_gr_missing_excl_return_expected_result_with_test_data">
      <skipped message="Reason: On CRAN ('test-lbt14.R:27:3')"/>
    </testcase>
    <testcase time="0.588000000000022" classname="lbt14" name="lbt14_functions_with_gr_missing_gr_0_return_expected_result_with_test_data">
      <skipped message="Reason: On CRAN ('test-lbt14.R:35:3')"/>
    </testcase>
    <testcase time="0.356999999999999" classname="lbt14" name="lbt14_can_handle_all_NA_values"/>
    <testcase time="0.120000000000005" classname="lbt14" name="lbt14_can_handle_all_NA_values">
      <skipped message="Reason: On CRAN ('test-lbt14.R:49:3')"/>
    </testcase>
    <testcase time="0.396999999999991" classname="lbt14" name="lbt14_can_handle_some_NA_values"/>
    <testcase time="0.293999999999983" classname="lbt14" name="lbt14_can_handle_some_NA_values">
      <skipped message="Reason: On CRAN ('test-lbt14.R:69:3')"/>
    </testcase>
    <testcase time="1.25500000000002" classname="lbt14" name="lbt14_can_accept_different_gr_missing">
      <skipped message="Reason: On CRAN ('test-lbt14.R:77:3')"/>
    </testcase>
    <testcase time="0.0269999999999868" classname="lbt14" name="lbt14_fails_on_incomlete_data"/>
    <testcase time="0.346000000000004" classname="lbt14" name="lbt14_can_handle_all_NA_values_with_direction_high"/>
    <testcase time="0.119" classname="lbt14" name="lbt14_can_handle_all_NA_values_with_direction_high">
      <skipped message="Reason: On CRAN ('test-lbt14.R:104:3')"/>
    </testcase>
    <testcase time="0.367999999999995" classname="lbt14" name="lbt14_can_handle_some_NA_values_with_direction_high"/>
    <testcase time="0.153999999999996" classname="lbt14" name="lbt14_can_handle_some_NA_values_with_direction_high">
      <skipped message="Reason: On CRAN ('test-lbt14.R:124:3')"/>
    </testcase>
    <testcase time="1.02500000000001" classname="lbt14" name="lbt14_can_accept_different_gr_missing_with_direction_high">
      <skipped message="Reason: On CRAN ('test-lbt14.R:133:3')"/>
    </testcase>
    <testcase time="0.0320000000000107" classname="lbt14" name="lbt14_fails_on_incomlete_data"/>
  </testsuite>
  <testsuite name="lbt15" timestamp="2025-03-13T05:01:50Z" hostname="13f978985912" tests="12" skipped="6" failures="0" errors="0" time="5.712">
    <testcase time="0.926999999999992" classname="lbt15" name="lbt15_functions_with_default_argument_value_return_expected_result_with_test_data">
      <skipped message="Reason: On CRAN ('test-lbt15.R:7:3')"/>
    </testcase>
    <testcase time="0.311000000000007" classname="lbt15" name="lbt15_can_handle_all_NA_values"/>
    <testcase time="0.633999999999986" classname="lbt15" name="lbt15_can_handle_all_NA_values">
      <skipped message="Reason: On CRAN ('test-lbt15.R:21:3')"/>
    </testcase>
    <testcase time="0.324000000000012" classname="lbt15" name="lbt15_can_handle_missing_levels"/>
    <testcase time="0.631" classname="lbt15" name="lbt15_can_handle_missing_levels">
      <skipped message="Reason: On CRAN ('test-lbt15.R:33:3')"/>
    </testcase>
    <testcase time="0.313999999999993" classname="lbt15" name="lbt15_can_handle_missing_levels_in_baseline"/>
    <testcase time="0.637" classname="lbt15" name="lbt15_can_handle_missing_levels_in_baseline">
      <skipped message="Reason: On CRAN ('test-lbt15.R:45:3')"/>
    </testcase>
    <testcase time="0.306999999999988" classname="lbt15" name="lbt15_can_handle_some_NA_values"/>
    <testcase time="0.661000000000001" classname="lbt15" name="lbt15_can_handle_some_NA_values">
      <skipped message="Reason: On CRAN ('test-lbt15.R:54:3')"/>
    </testcase>
    <testcase time="0.306000000000012" classname="lbt15" name="lbt15_can_handle_some_NA_values_in_baseline"/>
    <testcase time="0.634999999999991" classname="lbt15" name="lbt15_can_handle_some_NA_values_in_baseline">
      <skipped message="Reason: On CRAN ('test-lbt15.R:63:3')"/>
    </testcase>
    <testcase time="0.0250000000000057" classname="lbt15" name="lbt15_fails_on_incomlete_data"/>
  </testsuite>
  <testsuite name="mht01" timestamp="2025-03-13T05:01:56Z" hostname="13f978985912" tests="4" skipped="4" failures="0" errors="0" time="3.145">
    <testcase time="0.64500000000001" classname="mht01" name="mht01_functions_with_default_argument_value_return_expected_result_with_test_data">
      <skipped message="Reason: On CRAN ('test-mht01.R:7:3')"/>
    </testcase>
    <testcase time="0.657999999999987" classname="mht01" name="mht01_works">
      <skipped message="Reason: On CRAN ('test-mht01.R:16:3')"/>
    </testcase>
    <testcase time="0.643000000000001" classname="mht01" name="mht01_works_on_NULL_in_lbl_mhbodsys_or_lbl_mhdecod">
      <skipped message="Reason: On CRAN ('test-mht01.R:23:3')"/>
    </testcase>
    <testcase time="1.19900000000001" classname="mht01" name="mht01_works_with_other_row_split_var">
      <skipped message="Reason: On CRAN ('test-mht01.R:30:3')"/>
    </testcase>
  </testsuite>
  <testsuite name="mng01" timestamp="2025-03-13T05:01:59Z" hostname="13f978985912" tests="19" skipped="8" failures="0" errors="0" time="8.596">
    <testcase time="0.930000000000007" classname="mng01" name="mng01_works_as_expected_with_default_argument_values"/>
    <testcase time="0.000999999999976353" classname="mng01" name="mng01_works_as_expected_with_default_argument_values">
      <skipped message="Reason: On CI ('test-mng01.R:9:5')"/>
    </testcase>
    <testcase time="0.933000000000021" classname="mng01" name="mng01_works_as_expected_with_custom_argument_values"/>
    <testcase time="0.0109999999999957" classname="mng01" name="mng01_works_as_expected_with_custom_argument_values"/>
    <testcase time="0.00199999999998113" classname="mng01" name="mng01_works_as_expected_with_custom_argument_values">
      <skipped message="Reason: On CI ('test-mng01.R:45:5')"/>
    </testcase>
    <testcase time="0.928000000000026" classname="mng01" name="mng01_works_as_expected_with_custom_color_set"/>
    <testcase time="0.903999999999996" classname="mng01" name="mng01_works_as_expected_with_custom_color_set"/>
    <testcase time="0.000999999999976353" classname="mng01" name="mng01_works_as_expected_with_custom_color_set">
      <skipped message="Reason: On CI ('test-mng01.R:69:5')"/>
    </testcase>
    <testcase time="0.966000000000008" classname="mng01" name="mng01_works_as_expected_with_custom_line_type_set"/>
    <testcase time="0.936000000000007" classname="mng01" name="mng01_works_as_expected_with_custom_line_type_set"/>
    <testcase time="0.00100000000000477" classname="mng01" name="mng01_works_as_expected_with_custom_line_type_set">
      <skipped message="Reason: On CI ('test-mng01.R:91:5')"/>
    </testcase>
    <testcase time="0.168999999999983" classname="mng01" name="mng01_works_with_table_NULL"/>
    <testcase time="0.00200000000000955" classname="mng01" name="mng01_works_with_table_NULL">
      <skipped message="Reason: On CI ('test-mng01.R:104:5')"/>
    </testcase>
    <testcase time="0.955999999999989" classname="mng01" name="mng01_works_with_combination_of_x_variables"/>
    <testcase time="0.00100000000000477" classname="mng01" name="mng01_works_with_combination_of_x_variables">
      <skipped message="Reason: On CI ('test-mng01.R:122:5')"/>
    </testcase>
    <testcase time="0.900000000000006" classname="mng01" name="mng01_works_with_numeric_x_variable"/>
    <testcase time="0.00100000000000477" classname="mng01" name="mng01_works_with_numeric_x_variable">
      <skipped message="Reason: On CI ('test-mng01.R:143:5')"/>
    </testcase>
    <testcase time="0.953000000000003" classname="mng01" name="mng01_works_with_numeric_jitter"/>
    <testcase time="0.00100000000000477" classname="mng01" name="mng01_works_with_numeric_jitter">
      <skipped message="Reason: On CI ('test-mng01.R:161:5')"/>
    </testcase>
  </testsuite>
  <testsuite name="pdt01" timestamp="2025-03-13T05:02:08Z" hostname="13f978985912" tests="5" skipped="3" failures="0" errors="0" time="1.146">
    <testcase time="0.447000000000003" classname="pdt01" name="pdt01_function_with_default_argument_value_return_expected_result_with_test_data">
      <skipped message="Reason: On CRAN ('test-pdt01.R:7:3')"/>
    </testcase>
    <testcase time="0.10899999999998" classname="pdt01" name="pdt01_can_handle_all_NA_values"/>
    <testcase time="0.149000000000001" classname="pdt01" name="pdt01_can_handle_all_NA_values">
      <skipped message="Reason: On CRAN ('test-pdt01.R:22:3')"/>
    </testcase>
    <testcase time="0.201999999999998" classname="pdt01" name="pdt01_can_handle_some_NA_values"/>
    <testcase time="0.239000000000004" classname="pdt01" name="pdt01_can_handle_some_NA_values">
      <skipped message="Reason: On CRAN ('test-pdt01.R:38:3')"/>
    </testcase>
  </testsuite>
  <testsuite name="pdt02" timestamp="2025-03-13T05:02:09Z" hostname="13f978985912" tests="5" skipped="3" failures="0" errors="0" time="0.976">
    <testcase time="0.307000000000016" classname="pdt02" name="pdt02_function_with_default_argument_value_return_expected_result_with_test_data">
      <skipped message="Reason: On CRAN ('test-pdt02.R:7:3')"/>
    </testcase>
    <testcase time="0.180999999999983" classname="pdt02" name="pdt02_can_handle_all_NA_values"/>
    <testcase time="0.165999999999997" classname="pdt02" name="pdt02_can_handle_all_NA_values">
      <skipped message="Reason: On CRAN ('test-pdt02.R:22:3')"/>
    </testcase>
    <testcase time="0.14700000000002" classname="pdt02" name="pdt02_can_handle_some_NA_values"/>
    <testcase time="0.174999999999983" classname="pdt02" name="pdt02_can_handle_some_NA_values">
      <skipped message="Reason: On CRAN ('test-pdt02.R:38:3')"/>
    </testcase>
  </testsuite>
  <testsuite name="reexports" timestamp="2025-03-13T05:02:10Z" hostname="13f978985912" tests="2" skipped="0" failures="0" errors="0" time="0.027">
    <testcase time="0.021000000000015" classname="reexports" name="with_label_exported_correctly"/>
    <testcase time="0.00600000000000023" classname="reexports" name="reformat_exported_correctly"/>
  </testsuite>
  <testsuite name="report_null" timestamp="2025-03-13T05:02:10Z" hostname="13f978985912" tests="12" skipped="0" failures="0" errors="0" time="0.158">
    <testcase time="0.0159999999999911" classname="report_null" name="report_null_works_as_expected_with_NULL_"/>
    <testcase time="0.00999999999999091" classname="report_null" name="report_null_works_as_expected_with_NULL_"/>
    <testcase time="0.0320000000000107" classname="report_null" name="report_null_works_as_expected_with_VTableTree_"/>
    <testcase time="0.0219999999999914" classname="report_null" name="report_null_works_as_expected_with_VTableTree_"/>
    <testcase time="0.00999999999999091" classname="report_null" name="report_null_works_as_expected_with_VTableTree_"/>
    <testcase time="0.00900000000001455" classname="report_null" name="report_null_works_as_expected_with_listing_df_"/>
    <testcase time="0.0109999999999957" classname="report_null" name="report_null_works_as_expected_with_listing_df_"/>
    <testcase time="0.0109999999999957" classname="report_null" name="report_null_works_as_expected_with_listing_df_"/>
    <testcase time="0.00900000000001455" classname="report_null" name="report_null_works_as_expected_with_list_"/>
    <testcase time="0.0199999999999818" classname="report_null" name="report_null_works_as_expected_with_list_"/>
    <testcase time="0.00499999999999545" classname="report_null" name="report_null_works_as_expected_with_by_default"/>
    <testcase time="0.00300000000001432" classname="report_null" name="report_null_works_as_expected_with_by_default"/>
  </testsuite>
  <testsuite name="rmpt01" timestamp="2025-03-13T05:02:10Z" hostname="13f978985912" tests="7" skipped="3" failures="0" errors="0" time="0.665">
    <testcase time="0.200999999999993" classname="rmpt01" name="rmpt01_function_with_default_argument_value_return_expected_result_with_test_data">
      <skipped message="Reason: On CRAN ('test-rmpt01.R:7:3')"/>
    </testcase>
    <testcase time="0.0730000000000075" classname="rmpt01" name="rmpt01_can_handle_NA_values"/>
    <testcase time="0.12299999999999" classname="rmpt01" name="rmpt01_can_handle_NA_values">
      <skipped message="Reason: On CRAN ('test-rmpt01.R:18:3')"/>
    </testcase>
    <testcase time="0.0840000000000032" classname="rmpt01" name="rmpt01_can_handle_some_NA_values"/>
    <testcase time="0.115000000000009" classname="rmpt01" name="rmpt01_can_handle_some_NA_values">
      <skipped message="Reason: On CRAN ('test-rmpt01.R:33:3')"/>
    </testcase>
    <testcase time="0.0420000000000016" classname="rmpt01" name="rmpt01_fails_on_incomlete_data"/>
    <testcase time="0.0269999999999868" classname="rmpt01" name="rmpt01_fails_on_incomlete_data"/>
  </testsuite>
  <testsuite name="rmpt03" timestamp="2025-03-13T05:02:11Z" hostname="13f978985912" tests="8" skipped="3" failures="0" errors="0" time="1.147">
    <testcase time="0.353000000000009" classname="rmpt03" name="rmpt03_function_with_default_argument_value_return_expected_result_with_test_data">
      <skipped message="Reason: On CRAN ('test-rmpt03.R:10:3')"/>
    </testcase>
    <testcase time="0.126000000000005" classname="rmpt03" name="rmpt03_can_handle_NA_values"/>
    <testcase time="0.218999999999994" classname="rmpt03" name="rmpt03_can_handle_NA_values">
      <skipped message="Reason: On CRAN ('test-rmpt03.R:23:3')"/>
    </testcase>
    <testcase time="0.127999999999986" classname="rmpt03" name="rmpt03_can_handle_some_NA_values"/>
    <testcase time="0.230000000000018" classname="rmpt03" name="rmpt03_can_handle_some_NA_values">
      <skipped message="Reason: On CRAN ('test-rmpt03.R:40:3')"/>
    </testcase>
    <testcase time="0.046999999999997" classname="rmpt03" name="rmpt03_fails_on_incomlete_data"/>
    <testcase time="0.0279999999999916" classname="rmpt03" name="rmpt03_fails_on_incomlete_data"/>
    <testcase time="0.0159999999999911" classname="rmpt03" name="rmpt03_fails_on_incomlete_data"/>
  </testsuite>
  <testsuite name="rmpt04" timestamp="2025-03-13T05:02:12Z" hostname="13f978985912" tests="6" skipped="3" failures="0" errors="0" time="0.658">
    <testcase time="0.192000000000007" classname="rmpt04" name="rmpt04_function_with_default_argument_value_return_expected_result_with_test_data">
      <skipped message="Reason: On CRAN ('test-rmpt04.R:7:3')"/>
    </testcase>
    <testcase time="0.0690000000000168" classname="rmpt04" name="rmpt04_can_handle_NA_values"/>
    <testcase time="0.126999999999981" classname="rmpt04" name="rmpt04_can_handle_NA_values">
      <skipped message="Reason: On CRAN ('test-rmpt04.R:18:3')"/>
    </testcase>
    <testcase time="0.0720000000000027" classname="rmpt04" name="rmpt04_can_handle_some_NA_values"/>
    <testcase time="0.108000000000004" classname="rmpt04" name="rmpt04_can_handle_some_NA_values">
      <skipped message="Reason: On CRAN ('test-rmpt04.R:36:3')"/>
    </testcase>
    <testcase time="0.0900000000000034" classname="rmpt04" name="rmpt04_fails_on_incomlete_data"/>
  </testsuite>
  <testsuite name="rmpt05" timestamp="2025-03-13T05:02:12Z" hostname="13f978985912" tests="6" skipped="3" failures="0" errors="0" time="0.678">
    <testcase time="0.186000000000007" classname="rmpt05" name="rmpt05_function_with_default_argument_value_return_expected_result_with_test_data">
      <skipped message="Reason: On CRAN ('test-rmpt05.R:7:3')"/>
    </testcase>
    <testcase time="0.0900000000000034" classname="rmpt05" name="rmpt05_can_handle_NA_values"/>
    <testcase time="0.121999999999986" classname="rmpt05" name="rmpt05_can_handle_NA_values">
      <skipped message="Reason: On CRAN ('test-rmpt05.R:18:3')"/>
    </testcase>
    <testcase time="0.0749999999999886" classname="rmpt05" name="rmpt05_can_handle_some_NA_values"/>
    <testcase time="0.136000000000024" classname="rmpt05" name="rmpt05_can_handle_some_NA_values">
      <skipped message="Reason: On CRAN ('test-rmpt05.R:36:3')"/>
    </testcase>
    <testcase time="0.0689999999999884" classname="rmpt05" name="rmpt05_fails_on_incomlete_data"/>
  </testsuite>
  <testsuite name="rmpt06" timestamp="2025-03-13T05:02:13Z" hostname="13f978985912" tests="4" skipped="3" failures="0" errors="0" time="1.711">
    <testcase time="0.560000000000002" classname="rmpt06" name="rmpt06_works_as_expected">
      <skipped message="Reason: On CRAN ('test-rmpt06.R:8:3')"/>
    </testcase>
    <testcase time="0.603999999999985" classname="rmpt06" name="rmpt06_works_as_expected_with_show_diff_TRUE">
      <skipped message="Reason: On CRAN ('test-rmpt06.R:17:3')"/>
    </testcase>
    <testcase time="0.25200000000001" classname="rmpt06" name="rmpt06_can_handle_all_NA_values"/>
    <testcase time="0.294999999999987" classname="rmpt06" name="rmpt06_can_handle_all_NA_values">
      <skipped message="Reason: On CRAN ('test-rmpt06.R:31:3')"/>
    </testcase>
  </testsuite>
  <testsuite name="rspt01" timestamp="2025-03-13T05:02:15Z" hostname="13f978985912" tests="15" skipped="7" failures="0" errors="0" time="3.744">
    <testcase time="0.0250000000000057" classname="rspt01" name="rspt01_works_as_expected"/>
    <testcase time="0.304000000000002" classname="rspt01" name="rspt01_works_as_expected"/>
    <testcase time="0.472000000000008" classname="rspt01" name="rspt01_works_as_expected">
      <skipped message="Reason: On CRAN ('test-rspt01.R:5:3')"/>
    </testcase>
    <testcase time="0.284999999999997" classname="rspt01" name="rspt01_works_as_expected_for_stratified_and_unstratified_analysis"/>
    <testcase time="0.252999999999986" classname="rspt01" name="rspt01_works_as_expected_for_stratified_and_unstratified_analysis">
      <skipped message="Reason: On CRAN ('test-rspt01.R:18:3')"/>
    </testcase>
    <testcase time="0.239000000000004" classname="rspt01" name="rspt01_works_as_expected_for_unstratified_analysis_only"/>
    <testcase time="0.223000000000013" classname="rspt01" name="rspt01_works_as_expected_for_unstratified_analysis_only">
      <skipped message="Reason: On CRAN ('test-rspt01.R:38:3')"/>
    </testcase>
    <testcase time="0.24799999999999" classname="rspt01" name="rspt01_works_as_expected_for_stratified_analysis_only"/>
    <testcase time="0.219999999999999" classname="rspt01" name="rspt01_works_as_expected_for_stratified_analysis_only">
      <skipped message="Reason: On CRAN ('test-rspt01.R:58:3')"/>
    </testcase>
    <testcase time="0.262" classname="rspt01" name="rspt01_works_if_change_reference_group"/>
    <testcase time="0.228000000000009" classname="rspt01" name="rspt01_works_if_change_reference_group">
      <skipped message="Reason: On CRAN ('test-rspt01.R:78:3')"/>
    </testcase>
    <testcase time="0.26400000000001" classname="rspt01" name="rspt01_works_if_change_statistic_methods"/>
    <testcase time="0.22999999999999" classname="rspt01" name="rspt01_works_if_change_statistic_methods">
      <skipped message="Reason: On CRAN ('test-rspt01.R:102:3')"/>
    </testcase>
    <testcase time="0.262" classname="rspt01" name="rspt01_works_if_change_confidence_interval"/>
    <testcase time="0.228999999999985" classname="rspt01" name="rspt01_works_if_change_confidence_interval">
      <skipped message="Reason: On CRAN ('test-rspt01.R:129:3')"/>
    </testcase>
  </testsuite>
  <testsuite name="ttet01" timestamp="2025-03-13T05:02:18Z" hostname="13f978985912" tests="10" skipped="4" failures="0" errors="0" time="2.74">
    <testcase time="0.0250000000000057" classname="ttet01" name="ttet01_works_as_expected"/>
    <testcase time="0.367999999999995" classname="ttet01" name="ttet01_works_as_expected"/>
    <testcase time="0.448000000000008" classname="ttet01" name="ttet01_works_as_expected">
      <skipped message="Reason: On CRAN ('test-ttet01.R:10:3')"/>
    </testcase>
    <testcase time="0.0279999999999916" classname="ttet01" name="ttet01_returns_an_error_when_one_level_or_arm_var_is_empty"/>
    <testcase time="0.293000000000006" classname="ttet01" name="ttet01_works_as_expected_for_stratified_and_unstratified_analysis"/>
    <testcase time="0.307999999999993" classname="ttet01" name="ttet01_works_as_expected_for_stratified_and_unstratified_analysis">
      <skipped message="Reason: On CRAN ('test-ttet01.R:35:3')"/>
    </testcase>
    <testcase time="0.313000000000017" classname="ttet01" name="ttet01_works_as_expected_for_stratified_analysis_only"/>
    <testcase time="0.305000000000007" classname="ttet01" name="ttet01_works_as_expected_for_stratified_analysis_only">
      <skipped message="Reason: On CRAN ('test-ttet01.R:58:3')"/>
    </testcase>
    <testcase time="0.334000000000003" classname="ttet01" name="ttet01_works_if_change_reference_group"/>
    <testcase time="0.317999999999984" classname="ttet01" name="ttet01_works_if_change_reference_group">
      <skipped message="Reason: On CRAN ('test-ttet01.R:81:3')"/>
    </testcase>
  </testsuite>
  <testsuite name="unwrap" timestamp="2025-03-13T05:02:21Z" hostname="13f978985912" tests="10" skipped="4" failures="0" errors="0" time="0.135">
    <testcase time="0.0219999999999914" classname="unwrap" name="unwrap_layout_works_as_expected_with_standard_chevron_t_main_function"/>
    <testcase time="0.00100000000000477" classname="unwrap" name="unwrap_layout_works_as_expected_with_standard_chevron_t_main_function"/>
    <testcase time="0.00100000000000477" classname="unwrap" name="unwrap_layout_works_as_expected_with_standard_chevron_t_main_function"/>
    <testcase time="0.00899999999998613" classname="unwrap" name="unwrap_layout_works_as_expected_with_standard_chevron_t_main_function">
      <skipped message="Reason: On CRAN ('test-unwrap.R:8:3')"/>
    </testcase>
    <testcase time="0.021000000000015" classname="unwrap" name="unwrap_layout_works_as_expected_with_standard_chevron_g_main_function"/>
    <testcase time="0.007000000000005" classname="unwrap" name="unwrap_layout_works_as_expected_with_standard_chevron_l_main_function"/>
    <testcase time="0.007000000000005" classname="unwrap" name="unwrap_layout_works_as_expected_with_a_custom_function_without_layout_function"/>
    <testcase time="0.0139999999999816" classname="unwrap" name="unwrap_layout_works_as_expected_with_a_custom_function_with_layout_function">
      <skipped message="Reason: On CRAN ('test-unwrap.R:60:3')"/>
    </testcase>
    <testcase time="0.0240000000000009" classname="unwrap" name="unwrap_layout_works_as_expected_with_multiple_layout_function">
      <skipped message="Reason: On CRAN ('test-unwrap.R:101:3')"/>
    </testcase>
    <testcase time="0.0289999999999964" classname="unwrap" name="unwrap_layout_works_as_expected_on_custom_function_with_overwritten_layout_function">
      <skipped message="Reason: On CRAN ('test-unwrap.R:125:3')"/>
    </testcase>
  </testsuite>
  <testsuite name="utils" timestamp="2025-03-13T05:02:21Z" hostname="13f978985912" tests="20" skipped="1" failures="0" errors="0" time="0.14">
    <testcase time="0.0180000000000007" classname="utils" name="h_format_dec_works_as_exected"/>
    <testcase time="0.00200000000000955" classname="utils" name="h_format_dec_works_as_exected"/>
    <testcase time="0.00200000000000955" classname="utils" name="h_format_dec_works_as_exected"/>
    <testcase time="0.00199999999998113" classname="utils" name="h_format_dec_works_as_exected"/>
    <testcase time="0.00200000000000955" classname="utils" name="h_format_dec_works_as_exected"/>
    <testcase time="0.00200000000000955" classname="utils" name="h_format_dec_works_as_exected"/>
    <testcase time="0.00199999999998113" classname="utils" name="h_format_dec_works_as_exected"/>
    <testcase time="0.00300000000001432" classname="utils" name="h_format_dec_works_as_exected"/>
    <testcase time="0.00100000000000477" classname="utils" name="h_format_dec_works_as_exected"/>
    <testcase time="0.0029999999999859" classname="utils" name="h_format_dec_works_as_exected"/>
    <testcase time="0.00100000000000477" classname="utils" name="h_format_dec_works_as_exected"/>
    <testcase time="0.0029999999999859" classname="utils" name="h_format_dec_works_as_exected"/>
    <testcase time="0.00600000000000023" classname="utils" name="h_format_dec_works_as_expected_with_more_than_one_value"/>
    <testcase time="0.00200000000000955" classname="utils" name="h_format_dec_works_as_expected_with_more_than_one_value"/>
    <testcase time="0.00600000000000023" classname="utils" name="h_format_dec_works_as_expected_with_NA_digits"/>
    <testcase time="0.00600000000000023" classname="utils" name="fuse_sequentially_works"/>
    <testcase time="0.00200000000000955" classname="utils" name="fuse_sequentially_works"/>
    <testcase time="0.0109999999999957" classname="utils" name="ifneeded_split_row_works_as_expected"/>
    <testcase time="0.00600000000000023" classname="utils" name="ifneeded_split_row_works_as_expected"/>
    <testcase time="0.0600000000000023" classname="utils" name="_unnamed_">
      <skipped message="Reason: On CRAN ('test-utils.R:76:1')"/>
    </testcase>
  </testsuite>
  <testsuite name="vst01" timestamp="2025-03-13T05:02:21Z" hostname="13f978985912" tests="3" skipped="2" failures="0" errors="0" time="4.682">
    <testcase time="2.32999999999998" classname="vst01" name="vst01_functions_with_default_argument_value_return_expected_result_with_test_data">
      <skipped message="Reason: On CRAN ('test-vst01.R:11:3')"/>
    </testcase>
    <testcase time="0.793000000000006" classname="vst01" name="run_vst01_works_as_expected"/>
    <testcase time="1.559" classname="vst01" name="run_vst01_works_as_expected">
      <skipped message="Reason: On CRAN ('test-vst01.R:23:3')"/>
    </testcase>
  </testsuite>
  <testsuite name="vst02" timestamp="2025-03-13T05:02:26Z" hostname="13f978985912" tests="2" skipped="2" failures="0" errors="0" time="0.932">
    <testcase time="0.461999999999989" classname="vst02" name="vst02_functions_with_default_argument_value_return_expected_result_with_test_data">
      <skipped message="Reason: On CRAN ('test-vst02.R:7:3')"/>
    </testcase>
    <testcase time="0.469999999999999" classname="vst02" name="vst02_functions_return_expected_result_with_test_data_when_excluding_subject_with_baseline_abnormality">
      <skipped message="Reason: On CRAN ('test-vst02.R:15:3')"/>
    </testcase>
  </testsuite>
</testsuites>
