<?xml version="1.0" encoding="UTF-8"?>
<testsuites>
  <testsuite name="ael01_nollt" timestamp="2025-03-13T04:59:04Z" hostname="350a4bf22eef" tests="14" skipped="0" failures="0" errors="0" time="1.164">
    <testcase time="0.0619999999999998" classname="ael01_nollt" name="ael01_nollt_works_with_admh_dataset"/>
    <testcase time="0.258" classname="ael01_nollt" name="ael01_nollt_works_with_admh_dataset"/>
    <testcase time="0.028" classname="ael01_nollt" name="ael01_nollt_works_with_non_default_label"/>
    <testcase time="0.213" classname="ael01_nollt" name="ael01_nollt_works_with_non_default_label"/>
    <testcase time="0.0310000000000001" classname="ael01_nollt" name="ael01_nollt_can_handle_all_missing_values"/>
    <testcase time="0.0789999999999997" classname="ael01_nollt" name="ael01_nollt_can_handle_all_missing_values"/>
    <testcase time="0.028" classname="ael01_nollt" name="ael01_nollt_can_handle_some_missing_values"/>
    <testcase time="0.133" classname="ael01_nollt" name="ael01_nollt_can_handle_some_missing_values"/>
    <testcase time="0.0230000000000001" classname="ael01_nollt" name="ael01_nollt_listing_can_be_split_by_an_additional_variable"/>
    <testcase time="0.00099999999999989" classname="ael01_nollt" name="ael01_nollt_listing_can_be_split_by_an_additional_variable"/>
    <testcase time="0.167" classname="ael01_nollt" name="ael01_nollt_listing_can_be_split_by_an_additional_variable"/>
    <testcase time="0.0229999999999997" classname="ael01_nollt" name="split_ael01_nollt_listing_do_not_display_missing_values"/>
    <testcase time="0.00100000000000033" classname="ael01_nollt" name="split_ael01_nollt_listing_do_not_display_missing_values"/>
    <testcase time="0.117" classname="ael01_nollt" name="split_ael01_nollt_listing_do_not_display_missing_values"/>
  </testsuite>
  <testsuite name="ael02" timestamp="2025-03-13T04:59:05Z" hostname="350a4bf22eef" tests="9" skipped="0" failures="0" errors="0" time="2.729">
    <testcase time="0.0599999999999996" classname="ael02" name="ael02_works_with_adae_dataset"/>
    <testcase time="0.00100000000000033" classname="ael02" name="ael02_works_with_adae_dataset"/>
    <testcase time="0.846" classname="ael02" name="ael02_works_with_adae_dataset"/>
    <testcase time="0.0399999999999996" classname="ael02" name="ael02_can_handle_all_missing_values"/>
    <testcase time="0.00100000000000033" classname="ael02" name="ael02_can_handle_all_missing_values"/>
    <testcase time="0.893" classname="ael02" name="ael02_can_handle_all_missing_values"/>
    <testcase time="0.0389999999999997" classname="ael02" name="ael02_functions_work_as_expected"/>
    <testcase time="0.00100000000000033" classname="ael02" name="ael02_functions_work_as_expected"/>
    <testcase time="0.848" classname="ael02" name="ael02_functions_work_as_expected"/>
  </testsuite>
  <testsuite name="ael03" timestamp="2025-03-13T04:59:08Z" hostname="350a4bf22eef" tests="9" skipped="0" failures="0" errors="0" time="2.788">
    <testcase time="0.0599999999999996" classname="ael03" name="ael03_works_with_adae_dataset"/>
    <testcase time="0.00100000000000033" classname="ael03" name="ael03_works_with_adae_dataset"/>
    <testcase time="0.871" classname="ael03" name="ael03_works_with_adae_dataset"/>
    <testcase time="0.0410000000000004" classname="ael03" name="ael03_can_handle_all_missing_values"/>
    <testcase time="0.00100000000000033" classname="ael03" name="ael03_can_handle_all_missing_values"/>
    <testcase time="0.907" classname="ael03" name="ael03_can_handle_all_missing_values"/>
    <testcase time="0.0399999999999991" classname="ael03" name="ael03_functions_work_as_expected"/>
    <testcase time="0.00100000000000033" classname="ael03" name="ael03_functions_work_as_expected"/>
    <testcase time="0.866000000000001" classname="ael03" name="ael03_functions_work_as_expected"/>
  </testsuite>
  <testsuite name="aet01" timestamp="2025-03-13T04:59:11Z" hostname="350a4bf22eef" tests="13" skipped="0" failures="0" errors="0" time="3.329">
    <testcase time="0.417" classname="aet01" name="aet01_can_handle_all_NA_values"/>
    <testcase time="0.286" classname="aet01" name="aet01_can_handle_all_NA_values"/>
    <testcase time="0.279999999999999" classname="aet01" name="aet01_can_handle_all_NA_values"/>
    <testcase time="0.227" classname="aet01" name="aet01_can_handle_all_NA_values"/>
    <testcase time="0.26" classname="aet01" name="aet01_can_handle_some_NA_values"/>
    <testcase time="0.279" classname="aet01" name="aet01_can_handle_some_NA_values"/>
    <testcase time="0.376000000000001" classname="aet01" name="aet01_can_use_custom_anl_vars"/>
    <testcase time="0.161999999999999" classname="aet01" name="aet01_can_use_custom_anl_vars"/>
    <testcase time="0.0570000000000004" classname="aet01" name="aet01_fails_on_incomplete_data_input"/>
    <testcase time="0.281000000000001" classname="aet01" name="aet01_can_use_custom_medconcept_var"/>
    <testcase time="0.279999999999999" classname="aet01" name="aet01_can_use_custom_medconcept_var"/>
    <testcase time="0.187000000000001" classname="aet01" name="aet01_can_conditionally_show_the_number_of_withdrawal"/>
    <testcase time="0.236999999999998" classname="aet01" name="aet01_can_conditionally_show_the_number_of_withdrawal"/>
  </testsuite>
  <testsuite name="aet01_aesi" timestamp="2025-03-13T04:59:14Z" hostname="350a4bf22eef" tests="9" skipped="0" failures="0" errors="0" time="1.999">
    <testcase time="0.219000000000001" classname="aet01_aesi" name="aet01_aesi_can_handle_all_NA_values"/>
    <testcase time="0.247" classname="aet01_aesi" name="aet01_aesi_can_handle_all_NA_values"/>
    <testcase time="0.183999999999999" classname="aet01_aesi" name="aet01_aesi_can_handle_all_NA_values"/>
    <testcase time="0.211" classname="aet01_aesi" name="aet01_aesi_can_handle_all_NA_values"/>
    <testcase time="0.186999999999999" classname="aet01_aesi" name="aet01_aesi_can_handle_some_NA_values"/>
    <testcase time="0.253" classname="aet01_aesi" name="aet01_aesi_can_handle_some_NA_values"/>
    <testcase time="0.261000000000001" classname="aet01_aesi" name="aet01_aesi_works_with_ALL_argument"/>
    <testcase time="0.389999999999999" classname="aet01_aesi" name="aet01_aesi_works_with_ALL_argument"/>
    <testcase time="0.0470000000000006" classname="aet01_aesi" name="aet01_aesi_check_fails_on_incomplete_data_input"/>
  </testsuite>
  <testsuite name="aet02" timestamp="2025-03-13T04:59:16Z" hostname="350a4bf22eef" tests="4" skipped="0" failures="0" errors="0" time="2.394">
    <testcase time="0.048" classname="aet02" name="aet02_fails_on_incomplete_data_input"/>
    <testcase time="0.120000000000001" classname="aet02" name="aet02_handle_empty_data_input"/>
    <testcase time="1.473" classname="aet02" name="aet02_can_have_different_levels_of_row_split"/>
    <testcase time="0.753000000000002" classname="aet02" name="aet02_can_have_different_levels_of_row_split"/>
  </testsuite>
  <testsuite name="aet03" timestamp="2025-03-13T04:59:18Z" hostname="350a4bf22eef" tests="4" skipped="0" failures="0" errors="0" time="2.517">
    <testcase time="0.273" classname="aet03" name="aet03_can_handle_NA_values"/>
    <testcase time="0.245999999999999" classname="aet03" name="aet03_can_handle_NA_values"/>
    <testcase time="1.274" classname="aet03" name="aet03_can_handle_some_NA_values"/>
    <testcase time="0.724" classname="aet03" name="aet03_can_handle_some_NA_values"/>
  </testsuite>
  <testsuite name="aet04" timestamp="2025-03-13T04:59:21Z" hostname="350a4bf22eef" tests="12" skipped="0" failures="0" errors="0" time="11.339">
    <testcase time="0.428999999999998" classname="aet04" name="aet04_can_handle_NA_values"/>
    <testcase time="0.408999999999999" classname="aet04" name="aet04_can_handle_NA_values"/>
    <testcase time="0.404" classname="aet04" name="aet04_can_handle_NA_values"/>
    <testcase time="0.00400000000000134" classname="aet04" name="aet04_can_handle_NA_values"/>
    <testcase time="0.402000000000001" classname="aet04" name="aet04_can_handle_NA_values"/>
    <testcase time="0.419999999999998" classname="aet04" name="aet04_can_handle_NA_values"/>
    <testcase time="2.277" classname="aet04" name="aet04_can_handle_some_NA_values"/>
    <testcase time="1.137" classname="aet04" name="aet04_can_handle_some_NA_values"/>
    <testcase time="2.292" classname="aet04" name="aet04_can_handle_some_NA_values"/>
    <testcase time="0.00599999999999667" classname="aet04" name="aet04_can_handle_some_NA_values"/>
    <testcase time="2.32" classname="aet04" name="aet04_can_handle_some_NA_values"/>
    <testcase time="1.239" classname="aet04" name="aet04_can_handle_some_NA_values"/>
  </testsuite>
  <testsuite name="aet05" timestamp="2025-03-13T04:59:32Z" hostname="350a4bf22eef" tests="6" skipped="0" failures="0" errors="0" time="1.248">
    <testcase time="0.158999999999999" classname="aet05" name="aet05_can_handle_NA_values"/>
    <testcase time="0.253" classname="aet05" name="aet05_can_handle_NA_values"/>
    <testcase time="0.139000000000003" classname="aet05" name="aet05_can_handle_some_NA_values"/>
    <testcase time="0.285999999999998" classname="aet05" name="aet05_can_handle_some_NA_values"/>
    <testcase time="0.137" classname="aet05" name="aet05_can_handle_some_NA_values"/>
    <testcase time="0.274000000000001" classname="aet05" name="aet05_can_handle_some_NA_values"/>
  </testsuite>
  <testsuite name="aet05_all" timestamp="2025-03-13T04:59:33Z" hostname="350a4bf22eef" tests="6" skipped="0" failures="0" errors="0" time="1.25">
    <testcase time="0.152999999999999" classname="aet05_all" name="aet05_all_can_handle_NA_values"/>
    <testcase time="0.247" classname="aet05_all" name="aet05_all_can_handle_NA_values"/>
    <testcase time="0.149000000000001" classname="aet05_all" name="aet05_all_can_handle_some_NA_values"/>
    <testcase time="0.285999999999998" classname="aet05_all" name="aet05_all_can_handle_some_NA_values"/>
    <testcase time="0.136000000000003" classname="aet05_all" name="aet05_all_can_handle_some_NA_values"/>
    <testcase time="0.278999999999996" classname="aet05_all" name="aet05_all_can_handle_some_NA_values"/>
  </testsuite>
  <testsuite name="aet10" timestamp="2025-03-13T04:59:35Z" hostname="350a4bf22eef" tests="4" skipped="0" failures="0" errors="0" time="0.705">
    <testcase time="0.070999999999998" classname="aet10" name="aet10_can_handle_NA_values"/>
    <testcase time="0.125999999999998" classname="aet10" name="aet10_can_handle_NA_values"/>
    <testcase time="0.111000000000004" classname="aet10" name="aet10_can_handle_some_NA_values"/>
    <testcase time="0.396999999999998" classname="aet10" name="aet10_can_handle_some_NA_values"/>
  </testsuite>
  <testsuite name="assertions" timestamp="2025-03-13T04:59:35Z" hostname="350a4bf22eef" tests="33" skipped="0" failures="0" errors="0" time="0.146">
    <testcase time="0.00800000000000267" classname="assertions" name="assert_valid_var.character_works_as_expected"/>
    <testcase time="0.00499999999999545" classname="assertions" name="assert_valid_var.character_works_as_expected"/>
    <testcase time="0.00400000000000489" classname="assertions" name="assert_valid_var.character_works_as_expected"/>
    <testcase time="0.00399999999999778" classname="assertions" name="assert_valid_var.character_works_as_expected"/>
    <testcase time="0.00100000000000477" classname="assertions" name="assert_valid_var.character_works_as_expected"/>
    <testcase time="0.00499999999999545" classname="assertions" name="assert_valid_var.factor_works_as_expected"/>
    <testcase time="0.00400000000000489" classname="assertions" name="assert_valid_var.factor_works_as_expected"/>
    <testcase time="0.00399999999999778" classname="assertions" name="assert_valid_var.factor_works_as_expected"/>
    <testcase time="0.00499999999999545" classname="assertions" name="assert_valid_var.factor_works_as_expected"/>
    <testcase time="0.00100000000000477" classname="assertions" name="assert_valid_var.factor_works_as_expected"/>
    <testcase time="0.00499999999999545" classname="assertions" name="assert_valid_var.logical_works_as_expected"/>
    <testcase time="0.00400000000000489" classname="assertions" name="assert_valid_var.logical_works_as_expected"/>
    <testcase time="0.00499999999999545" classname="assertions" name="assert_valid_var.logical_works_as_expected"/>
    <testcase time="0.00100000000000477" classname="assertions" name="assert_valid_var.logical_works_as_expected"/>
    <testcase time="0.00499999999999545" classname="assertions" name="assert_valid_var.numeric_works_as_expected"/>
    <testcase time="0.00400000000000489" classname="assertions" name="assert_valid_var.numeric_works_as_expected"/>
    <testcase time="0.00399999999999778" classname="assertions" name="assert_valid_var.numeric_works_as_expected"/>
    <testcase time="0.00200000000000244" classname="assertions" name="assert_valid_var.numeric_works_as_expected"/>
    <testcase time="0.00399999999999778" classname="assertions" name="assert_valid_var.numeric_works_as_expected"/>
    <testcase time="0.00200000000000244" classname="assertions" name="assert_valid_var.numeric_works_as_expected"/>
    <testcase time="0.00799999999999557" classname="assertions" name="assert_valid_var.POSIXct_works_as_expected"/>
    <testcase time="0.00800000000000267" classname="assertions" name="assert_valid_var.POSIXct_works_as_expected"/>
    <testcase time="0.00499999999999545" classname="assertions" name="assert_valid_variable_works_as_expected"/>
    <testcase time="0.00200000000000244" classname="assertions" name="assert_valid_variable_works_as_expected"/>
    <testcase time="0.00600000000000023" classname="assertions" name="assert_valid_variable_works_as_expected"/>
    <testcase time="0.00200000000000244" classname="assertions" name="assert_valid_variable_works_as_expected"/>
    <testcase time="0.00600000000000023" classname="assertions" name="assert_valid_variable_works_as_expected"/>
    <testcase time="0.00199999999999534" classname="assertions" name="assert_valid_variable_works_as_expected"/>
    <testcase time="0.00500000000000256" classname="assertions" name="assert_valid_var_pair_works_as_expected_with_character"/>
    <testcase time="0.00600000000000023" classname="assertions" name="assert_valid_var_pair_works_as_expected_with_character"/>
    <testcase time="0.00900000000000034" classname="assertions" name="assert_valid_var_pair_works_as_expected_with_factor"/>
    <testcase time="0.00500000000000256" classname="assertions" name="assert_valid_var_pair_works_as_expected_with_factor"/>
    <testcase time="0.00499999999999545" classname="assertions" name="assert_valid_var_pair_works_as_expected_with_factor"/>
  </testsuite>
  <testsuite name="cfbt01" timestamp="2025-03-13T04:59:35Z" hostname="350a4bf22eef" tests="3" skipped="0" failures="0" errors="0" time="8.803">
    <testcase time="6.501" classname="cfbt01" name="cfbt01_functions_with_default_argument_value_return_expected_result_with_test_data"/>
    <testcase time="0.763999999999996" classname="cfbt01" name="cfbt01_can_handle_n_0_and_outputs_NE_instead_of_infs_and_NAs"/>
    <testcase time="1.538" classname="cfbt01" name="cfbt01_can_handle_n_0_and_outputs_NE_instead_of_infs_and_NAs"/>
  </testsuite>
  <testsuite name="checks" timestamp="2025-03-13T04:59:44Z" hostname="350a4bf22eef" tests="8" skipped="0" failures="0" errors="0" time="0.029">
    <testcase time="0.00999999999999801" classname="checks" name="check_all_colnames_works_as_expected"/>
    <testcase time="0.00300000000000011" classname="checks" name="check_all_colnames_works_as_expected"/>
    <testcase time="0.00200000000000244" classname="checks" name="check_all_colnames_works_as_expected"/>
    <testcase time="0.00300000000000011" classname="checks" name="check_all_colnames_works_as_expected"/>
    <testcase time="0.00399999999999778" classname="checks" name="check_one_colnames_works_as_expected"/>
    <testcase time="0.00300000000000011" classname="checks" name="check_one_colnames_works_as_expected"/>
    <testcase time="0.000999999999997669" classname="checks" name="check_one_colnames_works_as_expected"/>
    <testcase time="0.00300000000000011" classname="checks" name="check_one_colnames_works_as_expected"/>
  </testsuite>
  <testsuite name="chevron_tlg-class" timestamp="2025-03-13T04:59:44Z" hostname="350a4bf22eef" tests="29" skipped="0" failures="0" errors="0" time="0.089">
    <testcase time="0.00800000000000267" classname="chevron_tlg_class" name="chevron_t_object_can_be_constructed_with_default_values"/>
    <testcase time="0.00300000000000011" classname="chevron_tlg_class" name="chevron_t_object_can_be_constructed_with_default_values"/>
    <testcase time="0.00600000000000023" classname="chevron_tlg_class" name="chevron_t_object_can_be_constructed_with_custom_values"/>
    <testcase time="0.00199999999999534" classname="chevron_tlg_class" name="chevron_t_object_can_be_constructed_with_custom_values"/>
    <testcase time="0.00300000000000011" classname="chevron_tlg_class" name="chevron_t_object_can_be_constructed_with_custom_values"/>
    <testcase time="0.00300000000000011" classname="chevron_tlg_class" name="chevron_t_object_can_be_constructed_with_custom_values"/>
    <testcase time="0.00500000000000256" classname="chevron_tlg_class" name="chevron_t_constructor_returns_an_error_when_expected"/>
    <testcase time="0.000999999999997669" classname="chevron_tlg_class" name="chevron_t_constructor_returns_an_error_when_expected"/>
    <testcase time="0.00100000000000477" classname="chevron_tlg_class" name="chevron_t_constructor_returns_an_error_when_expected"/>
    <testcase time="0.000999999999997669" classname="chevron_tlg_class" name="chevron_t_constructor_returns_an_error_when_expected"/>
    <testcase time="0.000999999999997669" classname="chevron_tlg_class" name="chevron_t_constructor_returns_an_error_when_expected"/>
    <testcase time="0.00100000000000477" classname="chevron_tlg_class" name="chevron_t_constructor_returns_an_error_when_expected"/>
    <testcase time="0.00199999999999534" classname="chevron_tlg_class" name="chevron_t_constructor_returns_an_error_when_expected"/>
    <testcase time="0.00500000000000256" classname="chevron_tlg_class" name="chevron_l_object_can_be_constructed_with_default_values"/>
    <testcase time="0.00300000000000011" classname="chevron_tlg_class" name="chevron_l_object_can_be_constructed_with_default_values"/>
    <testcase time="0.00600000000000023" classname="chevron_tlg_class" name="chevron_g_object_can_be_constructed_with_custom_values"/>
    <testcase time="0.00300000000000011" classname="chevron_tlg_class" name="chevron_g_object_can_be_constructed_with_custom_values"/>
    <testcase time="0.00200000000000244" classname="chevron_tlg_class" name="chevron_g_object_can_be_constructed_with_custom_values"/>
    <testcase time="0.00300000000000011" classname="chevron_tlg_class" name="chevron_g_object_can_be_constructed_with_custom_values"/>
    <testcase time="0.00499999999999545" classname="chevron_tlg_class" name="chevron_g_constructor_returns_an_error_when_expected"/>
    <testcase time="0.000999999999997669" classname="chevron_tlg_class" name="chevron_g_constructor_returns_an_error_when_expected"/>
    <testcase time="0.00100000000000477" classname="chevron_tlg_class" name="chevron_g_constructor_returns_an_error_when_expected"/>
    <testcase time="0.000999999999997669" classname="chevron_tlg_class" name="chevron_g_constructor_returns_an_error_when_expected"/>
    <testcase time="0.000999999999997669" classname="chevron_tlg_class" name="chevron_g_constructor_returns_an_error_when_expected"/>
    <testcase time="0.00200000000000244" classname="chevron_tlg_class" name="chevron_g_constructor_returns_an_error_when_expected"/>
    <testcase time="0.000999999999997669" classname="chevron_tlg_class" name="chevron_g_constructor_returns_an_error_when_expected"/>
    <testcase time="0.00600000000000023" classname="chevron_tlg_class" name="chevron_simple_works_correctly"/>
    <testcase time="0.00200000000000244" classname="chevron_tlg_class" name="chevron_simple_works_correctly"/>
    <testcase time="0.00999999999999801" classname="chevron_tlg_class" name="chevron_simple_errors_if_contains_return"/>
  </testsuite>
  <testsuite name="chevron_tlg-methods" timestamp="2025-03-13T04:59:44Z" hostname="350a4bf22eef" tests="62" skipped="1" failures="0" errors="0" time="9.705">
    <testcase time="1.036" classname="chevron_tlg_methods" name="run_works_as_expected_for_chevron_t_object"/>
    <testcase time="0.600000000000001" classname="chevron_tlg_methods" name="run_works_as_expected_for_chevron_t_object"/>
    <testcase time="0.595999999999997" classname="chevron_tlg_methods" name="run_works_as_expected_for_chevron_t_object_when_auto_pre_FALSE"/>
    <testcase time="0.302" classname="chevron_tlg_methods" name="run_works_as_expected_with_argument_printed"/>
    <testcase time="0.265000000000001" classname="chevron_tlg_methods" name="run_works_as_expected_with_argument_printed"/>
    <testcase time="0.411000000000001" classname="chevron_tlg_methods" name="run_works_as_expected_with_argument_printed_if_the_user_argument_is_complicated"/>
    <testcase time="0.364000000000004" classname="chevron_tlg_methods" name="run_works_as_expected_with_argument_printed_if_the_user_argument_is_complicated"/>
    <testcase time="0.409999999999997" classname="chevron_tlg_methods" name="run_uses_the_argument_passed_through_the_ellipsis_in_priority"/>
    <testcase time="0.359999999999999" classname="chevron_tlg_methods" name="run_uses_the_argument_passed_through_the_ellipsis_in_priority"/>
    <testcase time="0.302" classname="chevron_tlg_methods" name="run_works_as_expected_with_partial_match_argument"/>
    <testcase time="0.276999999999994" classname="chevron_tlg_methods" name="run_works_as_expected_with_partial_match_argument"/>
    <testcase time="0.409000000000006" classname="chevron_tlg_methods" name="run_displays_the_symbols_when_available"/>
    <testcase time="0.366999999999997" classname="chevron_tlg_methods" name="run_displays_the_symbols_when_available"/>
    <testcase time="0.293999999999997" classname="chevron_tlg_methods" name="run_print_internal_functions_when_unwrap_is_TRUE"/>
    <testcase time="0.00200000000000244" classname="chevron_tlg_methods" name="run_print_internal_functions_when_unwrap_is_TRUE"/>
    <testcase time="0.000999999999997669" classname="chevron_tlg_methods" name="run_print_internal_functions_when_unwrap_is_TRUE"/>
    <testcase time="0.0220000000000056" classname="chevron_tlg_methods" name="run_print_internal_functions_when_unwrap_is_TRUE"/>
    <testcase time="1.157" classname="chevron_tlg_methods" name="run_print_internal_functions_when_unwrap_is_TRUE_and_standard_chevron_tlg_has_no_layout"/>
    <testcase time="0.00900000000000034" classname="chevron_tlg_methods" name="run_print_internal_functions_when_unwrap_is_TRUE_and_the_chevron_tlg_object_is_customized"/>
    <testcase time="0.00100000000000477" classname="chevron_tlg_methods" name="run_print_internal_functions_when_unwrap_is_TRUE_and_the_chevron_tlg_object_is_customized"/>
    <testcase time="0.000999999999997669" classname="chevron_tlg_methods" name="run_print_internal_functions_when_unwrap_is_TRUE_and_the_chevron_tlg_object_is_customized"/>
    <testcase time="0.0210000000000008" classname="chevron_tlg_methods" name="run_print_internal_functions_when_unwrap_is_TRUE_and_the_chevron_tlg_object_is_customized"/>
    <testcase time="0.00800000000000267" classname="chevron_tlg_methods" name="run_print_main_and_postprocessing_functions_when_unwrap_is_TRUE_and_auto_pre_is_FALSE"/>
    <testcase time="0.00199999999999534" classname="chevron_tlg_methods" name="run_print_main_and_postprocessing_functions_when_unwrap_is_TRUE_and_auto_pre_is_FALSE"/>
    <testcase time="0.00100000000000477" classname="chevron_tlg_methods" name="run_print_main_and_postprocessing_functions_when_unwrap_is_TRUE_and_auto_pre_is_FALSE"/>
    <testcase time="0.000999999999997669" classname="chevron_tlg_methods" name="run_print_main_and_postprocessing_functions_when_unwrap_is_TRUE_and_auto_pre_is_FALSE"/>
    <testcase time="0.0279999999999987" classname="chevron_tlg_methods" name="run_print_main_and_postprocessing_functions_when_unwrap_is_TRUE_and_auto_pre_is_FALSE"/>
    <testcase time="0.00600000000000023" classname="chevron_tlg_methods" name="args_ls_works_as_expected"/>
    <testcase time="0.00200000000000244" classname="chevron_tlg_methods" name="args_ls_works_as_expected"/>
    <testcase time="0.000999999999997669" classname="chevron_tlg_methods" name="args_ls_works_as_expected"/>
    <testcase time="0.00600000000000023" classname="chevron_tlg_methods" name="args_ls_works_as_expected_when_simplify_is_TRUE"/>
    <testcase time="0.00200000000000244" classname="chevron_tlg_methods" name="args_ls_works_as_expected_when_simplify_is_TRUE"/>
    <testcase time="0.000999999999997669" classname="chevron_tlg_methods" name="args_ls_works_as_expected_when_simplify_is_TRUE"/>
    <testcase time="0.00600000000000023" classname="chevron_tlg_methods" name="args_ls_works_as_expected_with_custom_chevron_tlg_object"/>
    <testcase time="0.000999999999997669" classname="chevron_tlg_methods" name="args_ls_works_as_expected_with_custom_chevron_tlg_object"/>
    <testcase time="0.00200000000000244" classname="chevron_tlg_methods" name="args_ls_works_as_expected_with_custom_chevron_tlg_object"/>
    <testcase time="0.00200000000000244" classname="chevron_tlg_methods" name="args_ls_works_as_expected_with_custom_chevron_tlg_object"/>
    <testcase time="0.00600000000000023" classname="chevron_tlg_methods" name="main_works_as_expected"/>
    <testcase time="0.00599999999999312" classname="chevron_tlg_methods" name="main_setter_works_as_expected"/>
    <testcase time="0.0100000000000051" classname="chevron_tlg_methods" name="main_setter_throw_an_error_as_expected"/>
    <testcase time="0.00600000000000023" classname="chevron_tlg_methods" name="preprocess_works_as_expected"/>
    <testcase time="0.00600000000000023" classname="chevron_tlg_methods" name="preprocess_setter_works_as_expected"/>
    <testcase time="0.00999999999999801" classname="chevron_tlg_methods" name="preprocess_sends_an_error_as_expected"/>
    <testcase time="0.00600000000000023" classname="chevron_tlg_methods" name="postprocess_works_as_expected"/>
    <testcase time="0.00600000000000023" classname="chevron_tlg_methods" name="postprocess_setter_works_as_expected"/>
    <testcase time="0.00999999999999801" classname="chevron_tlg_methods" name="postprocess_sends_an_error_as_expected"/>
    <testcase time="0.00600000000000023" classname="chevron_tlg_methods" name="dataset_works_as_expected"/>
    <testcase time="0.00600000000000023" classname="chevron_tlg_methods" name="dataset_setter_works_as_expected"/>
    <testcase time="0.00999999999999801" classname="chevron_tlg_methods" name="dataset_sends_an_error_as_expected"/>
    <testcase time="0.00400000000000489" classname="chevron_tlg_methods" name="script_funs_works_as_expected_in_interactive_mode">
      <skipped message="Reason: !interactive() is TRUE ('test-chevron_tlg-methods.R:287:3')"/>
    </testcase>
    <testcase time="0.0150000000000006" classname="chevron_tlg_methods" name="script_funs_works_as_expected"/>
    <testcase time="0.000999999999997669" classname="chevron_tlg_methods" name="script_funs_works_as_expected"/>
    <testcase time="2.222" classname="chevron_tlg_methods" name="script_funs_generates_a_valid_script"/>
    <testcase time="0.00199999999999534" classname="chevron_tlg_methods" name="script_funs_generates_a_valid_script"/>
    <testcase time="0.00300000000000011" classname="chevron_tlg_methods" name="script_funs_generates_a_valid_script"/>
    <testcase time="0.00200000000000244" classname="chevron_tlg_methods" name="script_funs_generates_a_valid_script"/>
    <testcase time="0.00200000000000244" classname="chevron_tlg_methods" name="script_funs_generates_a_valid_script"/>
    <testcase time="0.0259999999999962" classname="chevron_tlg_methods" name="script_funs_generates_a_valid_script"/>
    <testcase time="0.007000000000005" classname="chevron_tlg_methods" name="script_funs_works_for_simple_template"/>
    <testcase time="0.000999999999997669" classname="chevron_tlg_methods" name="script_funs_works_for_simple_template"/>
    <testcase time="0.0300000000000011" classname="chevron_tlg_methods" name="print_list_works"/>
    <testcase time="0.0259999999999962" classname="chevron_tlg_methods" name="print_list_works_for_empty_list"/>
  </testsuite>
  <testsuite name="cml02a_gl" timestamp="2025-03-13T04:59:54Z" hostname="350a4bf22eef" tests="6" skipped="0" failures="0" errors="0" time="0.539">
    <testcase time="0.0279999999999987" classname="cml02a_gl" name="cml02a_gl_works_with_adcm_dataset"/>
    <testcase time="0.168000000000006" classname="cml02a_gl" name="cml02a_gl_works_with_adcm_dataset"/>
    <testcase time="0.0239999999999938" classname="cml02a_gl" name="cml02a_gl_works_with_missing_data"/>
    <testcase time="0.130000000000003" classname="cml02a_gl" name="cml02a_gl_works_with_missing_data"/>
    <testcase time="0.0230000000000032" classname="cml02a_gl" name="cml02a_gl_functions_work_as_expected"/>
    <testcase time="0.165999999999997" classname="cml02a_gl" name="cml02a_gl_functions_work_as_expected"/>
  </testsuite>
  <testsuite name="cmt01a" timestamp="2025-03-13T04:59:55Z" hostname="350a4bf22eef" tests="6" skipped="0" failures="0" errors="0" time="3.841">
    <testcase time="1.163" classname="cmt01a" name="cmt01a_functions_with_default_argument_value_return_expected_result_with_test_data"/>
    <testcase time="1.253" classname="cmt01a" name="cmt01a_functions_with_custom_argument_value_return_expected_result_with_test_data"/>
    <testcase time="0.136999999999993" classname="cmt01a" name="cmt01a_can_handle_all_NA_values"/>
    <testcase time="0.161000000000001" classname="cmt01a" name="cmt01a_can_handle_all_NA_values"/>
    <testcase time="0.558" classname="cmt01a" name="cmt01a_can_handle_some_NA_values"/>
    <testcase time="0.569000000000003" classname="cmt01a" name="cmt01a_can_handle_some_NA_values"/>
  </testsuite>
  <testsuite name="cmt02_pt" timestamp="2025-03-13T04:59:58Z" hostname="350a4bf22eef" tests="4" skipped="0" failures="0" errors="0" time="0.6">
    <testcase time="0.103000000000002" classname="cmt02_pt" name="cmt02_pt_can_handle_all_NA_values"/>
    <testcase time="0.128" classname="cmt02_pt" name="cmt02_pt_can_handle_all_NA_values"/>
    <testcase time="0.140000000000001" classname="cmt02_pt" name="cmt02_pt_can_handle_some_NA_values"/>
    <testcase time="0.228999999999999" classname="cmt02_pt" name="cmt02_pt_can_handle_some_NA_values"/>
  </testsuite>
  <testsuite name="coxt01" timestamp="2025-03-13T04:59:59Z" hostname="350a4bf22eef" tests="9" skipped="0" failures="0" errors="0" time="1.683">
    <testcase time="0.287999999999997" classname="coxt01" name="coxt01_can_handle_some_NA_values"/>
    <testcase time="0.192" classname="coxt01" name="coxt01_can_handle_some_NA_values"/>
    <testcase time="0.233000000000004" classname="coxt01" name="coxt01_can_handle_some_NA_values"/>
    <testcase time="0.189999999999998" classname="coxt01" name="coxt01_can_handle_some_NA_values"/>
    <testcase time="0.207000000000001" classname="coxt01" name="coxt01_can_handle_some_NA_values"/>
    <testcase time="0.177999999999997" classname="coxt01" name="coxt01_can_handle_some_NA_values"/>
    <testcase time="0.204000000000001" classname="coxt01" name="coxt01_can_handle_some_NA_values"/>
    <testcase time="0.177" classname="coxt01" name="coxt01_can_handle_some_NA_values"/>
    <testcase time="0.0140000000000029" classname="coxt01" name="coxt01_fails_on_incomlete_data"/>
  </testsuite>
  <testsuite name="coxt02" timestamp="2025-03-13T05:00:01Z" hostname="350a4bf22eef" tests="9" skipped="0" failures="0" errors="0" time="2.149">
    <testcase time="0.393000000000001" classname="coxt02" name="coxt02_can_handle_some_NA_values"/>
    <testcase time="0.233999999999995" classname="coxt02" name="coxt02_can_handle_some_NA_values"/>
    <testcase time="0.380000000000003" classname="coxt02" name="coxt02_can_handle_some_NA_values"/>
    <testcase time="0.237000000000002" classname="coxt02" name="coxt02_can_handle_some_NA_values"/>
    <testcase time="0.247" classname="coxt02" name="coxt02_can_handle_some_NA_values"/>
    <testcase time="0.189" classname="coxt02" name="coxt02_can_handle_some_NA_values"/>
    <testcase time="0.266999999999996" classname="coxt02" name="coxt02_can_handle_some_NA_values"/>
    <testcase time="0.188000000000002" classname="coxt02" name="coxt02_can_handle_some_NA_values"/>
    <testcase time="0.0140000000000029" classname="coxt02" name="coxt02_fails_on_incomlete_data"/>
  </testsuite>
  <testsuite name="default_tlg" timestamp="2025-03-13T05:00:03Z" hostname="350a4bf22eef" tests="15" skipped="0" failures="0" errors="0" time="11.491">
    <testcase time="0.153999999999996" classname="default_tlg" name="ael01_nollt_function_with_default_argument_value_return_expected_result_with_test_data"/>
    <testcase time="0.548999999999999" classname="default_tlg" name="aet01_function_with_default_argument_value_return_expected_result_with_test_data"/>
    <testcase time="0.484999999999999" classname="default_tlg" name="aet01_aesi_function_with_default_argument_value_return_expected_result_with_test_data"/>
    <testcase time="0.966000000000001" classname="default_tlg" name="aet02_functions_with_default_argument_value_return_expected_result_with_test_data"/>
    <testcase time="2.132" classname="default_tlg" name="aet03_functions_with_default_argument_value_return_expected_result_with_test_data"/>
    <testcase time="3.15600000000001" classname="default_tlg" name="aet04_functions_with_default_argument_value_return_expected_result_with_test_data"/>
    <testcase time="0.421999999999997" classname="default_tlg" name="aet05_functions_with_default_argument_value_return_expected_result_with_test_data"/>
    <testcase time="0.424000000000007" classname="default_tlg" name="aet05_all_functions_with_default_argument_value_return_expected_result_with_test_data"/>
    <testcase time="0.317999999999998" classname="default_tlg" name="aet10_functions_with_default_argument_value_return_expected_result_with_test_data"/>
    <testcase time="0.37299999999999" classname="default_tlg" name="cmt02_pt_functions_with_default_argument_value_return_expected_result_with_test_data"/>
    <testcase time="0.478000000000009" classname="default_tlg" name="coxt01_functions_with_default_argument_value_return_expected_result_with_test_data"/>
    <testcase time="0.643999999999991" classname="default_tlg" name="coxt02_functions_with_default_argument_value_return_expected_result_with_test_data"/>
    <testcase time="0.64500000000001" classname="default_tlg" name="dmt01_functions_with_default_argument_value_return_expected_result_with_test_data"/>
    <testcase time="0.421999999999997" classname="default_tlg" name="dst01_functions_with_default_argument_value_return_expected_result_with_test_data"/>
    <testcase time="0.322999999999993" classname="default_tlg" name="dtht01_functions_with_default_argument_value_return_expected_result_with_test_data"/>
  </testsuite>
  <testsuite name="dmt01" timestamp="2025-03-13T05:00:14Z" hostname="350a4bf22eef" tests="19" skipped="0" failures="0" errors="0" time="4.481">
    <testcase time="0.219999999999999" classname="dmt01" name="dmt01_can_handle_NA_values"/>
    <testcase time="0.326999999999998" classname="dmt01" name="dmt01_can_handle_NA_values"/>
    <testcase time="0.216000000000008" classname="dmt01" name="dmt01_can_handle_numeric_NA_values"/>
    <testcase time="0.420000000000002" classname="dmt01" name="dmt01_can_handle_numeric_NA_values"/>
    <testcase time="0.0149999999999864" classname="dmt01" name="dmt01_returns_an_error_when_variables_are_of_the_wrong_type"/>
    <testcase time="0.159000000000006" classname="dmt01" name="dmt01_works_as_expected_with_setting_default_precision"/>
    <testcase time="0.326000000000008" classname="dmt01" name="dmt01_works_as_expected_with_setting_default_precision"/>
    <testcase time="0.175999999999988" classname="dmt01" name="dmt01_works_as_expected_with_auto_precision_settings"/>
    <testcase time="0.581000000000003" classname="dmt01" name="dmt01_works_as_expected_with_auto_precision_settings"/>
    <testcase time="0.156999999999996" classname="dmt01" name="dmt01_works_as_expected_with_auto_precision_settings_and_defined_precision"/>
    <testcase time="0.338000000000008" classname="dmt01" name="dmt01_works_as_expected_with_auto_precision_settings_and_defined_precision"/>
    <testcase time="0.146999999999991" classname="dmt01" name="dmt01_works_as_expected_with_auto_precision_settings_and_defined_precision_and_default"/>
    <testcase time="0.297000000000011" classname="dmt01" name="dmt01_works_as_expected_with_auto_precision_settings_and_defined_precision_and_default"/>
    <testcase time="0.137999999999991" classname="dmt01" name="dmt01_works_as_expected_with_cutomized_stats_value"/>
    <testcase time="0.266000000000005" classname="dmt01" name="dmt01_works_as_expected_with_cutomized_stats_value"/>
    <testcase time="0.143000000000001" classname="dmt01" name="dmt01_works_as_expected_with_empty_list_as_stats_value"/>
    <testcase time="0.301000000000002" classname="dmt01" name="dmt01_works_as_expected_with_empty_list_as_stats_value"/>
    <testcase time="0.0769999999999982" classname="dmt01" name="dmt01_works_as_expected_with_only_one_summaryvars"/>
    <testcase time="0.176999999999992" classname="dmt01" name="dmt01_works_as_expected_with_only_one_summaryvars"/>
  </testsuite>
  <testsuite name="dst01" timestamp="2025-03-13T05:00:19Z" hostname="350a4bf22eef" tests="14" skipped="0" failures="0" errors="0" time="2.429">
    <testcase time="0.13300000000001" classname="dst01" name="dst01_works_as_expected_when_all_data_are_NA"/>
    <testcase time="0.0699999999999932" classname="dst01" name="dst01_works_as_expected_when_all_data_are_NA"/>
    <testcase time="0.109000000000009" classname="dst01" name="dst01_can_handle_all_NA_values_in_DCSREAS"/>
    <testcase time="0.141999999999996" classname="dst01" name="dst01_can_handle_all_NA_values_in_DCSREAS"/>
    <testcase time="0.159999999999997" classname="dst01" name="dst01_can_handle_some_NA_values"/>
    <testcase time="0.218000000000004" classname="dst01" name="dst01_can_handle_some_NA_values"/>
    <testcase time="0.125" classname="dst01" name="dst01_can_handle_missing_levels_in_status_var"/>
    <testcase time="0.0829999999999984" classname="dst01" name="dst01_can_handle_missing_levels_in_status_var"/>
    <testcase time="0.183999999999997" classname="dst01" name="dst01_can_create_variants"/>
    <testcase time="0.216999999999999" classname="dst01" name="dst01_can_create_variants"/>
    <testcase time="0.222999999999999" classname="dst01" name="dst01_can_create_variants"/>
    <testcase time="0.236999999999995" classname="dst01" name="dst01_can_create_variants"/>
    <testcase time="0.251000000000005" classname="dst01" name="dst01_can_create_variants"/>
    <testcase time="0.277000000000001" classname="dst01" name="dst01_can_create_variants"/>
  </testsuite>
  <testsuite name="dtht01" timestamp="2025-03-13T05:00:21Z" hostname="350a4bf22eef" tests="5" skipped="0" failures="0" errors="0" time="1.397">
    <testcase time="0.0960000000000036" classname="dtht01" name="dtht01_can_handle_all_NA_values"/>
    <testcase time="0.170000000000002" classname="dtht01" name="dtht01_can_handle_all_NA_values"/>
    <testcase time="0.227999999999994" classname="dtht01" name="dtht01_can_handle_some_NA_values"/>
    <testcase time="0.335999999999999" classname="dtht01" name="dtht01_can_handle_some_NA_values"/>
    <testcase time="0.567000000000007" classname="dtht01" name="dtht01_can_be_parametrize_as_expected"/>
  </testsuite>
  <testsuite name="egt01" timestamp="2025-03-13T05:00:23Z" hostname="350a4bf22eef" tests="3" skipped="0" failures="0" errors="0" time="6.755">
    <testcase time="3.36800000000001" classname="egt01" name="egt01_functions_with_default_argument_value_return_expected_result_with_test_data"/>
    <testcase time="1.28899999999999" classname="egt01" name="egt01_can_handle_n_0_and_outputs_NE_instead_of_infs_and_NAs"/>
    <testcase time="2.09800000000001" classname="egt01" name="egt01_can_handle_n_0_and_outputs_NE_instead_of_infs_and_NAs"/>
  </testsuite>
  <testsuite name="egt02" timestamp="2025-03-13T05:00:29Z" hostname="350a4bf22eef" tests="2" skipped="0" failures="0" errors="0" time="0.655">
    <testcase time="0.335999999999999" classname="egt02" name="egt02_1_functions_with_default_argument_value_return_expected_result_with_test_data"/>
    <testcase time="0.318999999999988" classname="egt02" name="egt02_2_functions_with_default_value_return_expected_result_with_test_data"/>
  </testsuite>
  <testsuite name="egt03" timestamp="2025-03-13T05:00:30Z" hostname="350a4bf22eef" tests="5" skipped="0" failures="0" errors="0" time="3.283">
    <testcase time="1.60900000000001" classname="egt03" name="egt03_functions_with_default_argument_value_return_expected_result_with_test_data"/>
    <testcase time="0.0150000000000006" classname="egt03" name="egt03_errors_on_all_NA_values"/>
    <testcase time="0.515999999999991" classname="egt03" name="egt03_can_handle_some_NA_values"/>
    <testcase time="1.119" classname="egt03" name="egt03_can_handle_some_NA_values"/>
    <testcase time="0.0240000000000009" classname="egt03" name="egt03_fails_on_incomplete_data"/>
  </testsuite>
  <testsuite name="egt05_qtcat" timestamp="2025-03-13T05:00:33Z" hostname="350a4bf22eef" tests="4" skipped="0" failures="0" errors="0" time="3.573">
    <testcase time="2.23700000000001" classname="egt05_qtcat" name="egt05_qtcat_functions_with_default_argument_value_return_expected_result_with_test_data"/>
    <testcase time="0.0159999999999911" classname="egt05_qtcat" name="egt05_qtcat_erros_on_all_NA_values"/>
    <testcase time="0.572000000000003" classname="egt05_qtcat" name="egt05_qtcat_can_handle_some_NA_values"/>
    <testcase time="0.748000000000005" classname="egt05_qtcat" name="egt05_qtcat_can_handle_some_NA_values"/>
  </testsuite>
  <testsuite name="empty_report" timestamp="2025-03-13T05:00:37Z" hostname="350a4bf22eef" tests="31" skipped="0" failures="0" errors="0" time="2.757">
    <testcase time="0.0879999999999939" classname="empty_report" name="tlg_functions_return_null_reports_when_domain_table_is_empty"/>
    <testcase time="0.25200000000001" classname="empty_report" name="tlg_functions_return_null_reports_when_domain_table_is_empty"/>
    <testcase time="0.179999999999993" classname="empty_report" name="tlg_functions_return_null_reports_when_domain_table_is_empty"/>
    <testcase time="0.0990000000000038" classname="empty_report" name="tlg_functions_return_null_reports_when_domain_table_is_empty"/>
    <testcase time="0.097999999999999" classname="empty_report" name="tlg_functions_return_null_reports_when_domain_table_is_empty"/>
    <testcase time="0.0679999999999978" classname="empty_report" name="tlg_functions_return_null_reports_when_domain_table_is_empty"/>
    <testcase time="0.0889999999999986" classname="empty_report" name="tlg_functions_return_null_reports_when_domain_table_is_empty"/>
    <testcase time="0.141000000000005" classname="empty_report" name="tlg_functions_return_null_reports_when_domain_table_is_empty"/>
    <testcase time="0.162999999999997" classname="empty_report" name="tlg_functions_return_null_reports_when_domain_table_is_empty"/>
    <testcase time="0.0799999999999983" classname="empty_report" name="tlg_functions_return_null_reports_when_domain_table_is_empty"/>
    <testcase time="0.0970000000000084" classname="empty_report" name="tlg_functions_return_null_reports_when_domain_table_is_empty"/>
    <testcase time="0.0479999999999876" classname="empty_report" name="tlg_functions_return_null_reports_when_domain_table_is_empty"/>
    <testcase time="0.0470000000000113" classname="empty_report" name="tlg_functions_return_null_reports_when_domain_table_is_empty"/>
    <testcase time="0.0699999999999932" classname="empty_report" name="tlg_functions_return_null_reports_when_domain_table_is_empty"/>
    <testcase time="0.0640000000000072" classname="empty_report" name="tlg_functions_return_null_reports_when_domain_table_is_empty"/>
    <testcase time="0.0789999999999935" classname="empty_report" name="tlg_functions_return_null_reports_when_domain_table_is_empty"/>
    <testcase time="0.0760000000000076" classname="empty_report" name="tlg_functions_return_null_reports_when_domain_table_is_empty"/>
    <testcase time="0.097999999999999" classname="empty_report" name="tlg_functions_return_null_reports_when_domain_table_is_empty"/>
    <testcase time="0.0339999999999918" classname="empty_report" name="tlg_functions_return_null_reports_when_domain_table_is_empty"/>
    <testcase time="0.0220000000000056" classname="empty_report" name="tlg_functions_return_null_reports_when_domain_table_is_empty"/>
    <testcase time="0.0330000000000013" classname="empty_report" name="tlg_functions_return_null_reports_when_domain_table_is_empty"/>
    <testcase time="0.0289999999999964" classname="empty_report" name="tlg_functions_return_null_reports_when_domain_table_is_empty"/>
    <testcase time="0.0300000000000011" classname="empty_report" name="tlg_functions_return_null_reports_when_domain_table_is_empty"/>
    <testcase time="0.0210000000000008" classname="empty_report" name="tlg_functions_return_null_reports_when_domain_table_is_empty"/>
    <testcase time="0.280999999999992" classname="empty_report" name="tlg_functions_return_null_reports_when_domain_table_is_empty"/>
    <testcase time="0.0880000000000081" classname="empty_report" name="tlg_functions_return_null_reports_when_domain_table_is_empty"/>
    <testcase time="0.0919999999999987" classname="empty_report" name="tlg_functions_return_null_reports_when_domain_table_is_empty"/>
    <testcase time="0.0870000000000033" classname="empty_report" name="tlg_functions_return_null_reports_when_domain_table_is_empty"/>
    <testcase time="0.0999999999999943" classname="empty_report" name="tlg_functions_return_null_reports_when_domain_table_is_empty"/>
    <testcase time="0.0499999999999972" classname="empty_report" name="tlg_functions_return_null_reports_when_domain_table_is_empty"/>
    <testcase time="0.0530000000000115" classname="empty_report" name="tlg_functions_return_null_reports_when_domain_table_is_empty"/>
  </testsuite>
  <testsuite name="ext01" timestamp="2025-03-13T05:00:40Z" hostname="350a4bf22eef" tests="12" skipped="0" failures="0" errors="0" time="5.778">
    <testcase time="0.509999999999991" classname="ext01" name="ext01_functions_with_default_argument_value_return_expected_result_with_test_data"/>
    <testcase time="0.561000000000007" classname="ext01" name="ext01_functions_with_categorical_data_return_expected_result_with_test_data"/>
    <testcase time="0.195999999999998" classname="ext01" name="ext01_works"/>
    <testcase time="0.307999999999993" classname="ext01" name="ext01_works"/>
    <testcase time="0.197000000000003" classname="ext01" name="ext01_works"/>
    <testcase time="0.313000000000002" classname="ext01" name="ext01_works"/>
    <testcase time="0.557000000000002" classname="ext01" name="ext01_works_for_selected_parameters_and_categorical_variables"/>
    <testcase time="0.86699999999999" classname="ext01" name="ext01_works_with_custom_mapping_order"/>
    <testcase time="0.853000000000009" classname="ext01" name="ext01_works_with_custom_mapping_order_for_a_single_split"/>
    <testcase time="0.888999999999996" classname="ext01" name="ext01_works_with_custom_mapping_fill_in_value"/>
    <testcase time="0.512" classname="ext01" name="ext01_precision_argument_works_as_expected"/>
    <testcase time="0.0150000000000006" classname="ext01" name="ext01_precision_argument_works_as_expected"/>
  </testsuite>
  <testsuite name="fstg01" timestamp="2025-03-13T05:00:46Z" hostname="350a4bf22eef" tests="13" skipped="0" failures="0" errors="0" time="6.84">
    <testcase time="0.0130000000000052" classname="fstg01" name="fstg01_works_as_expected"/>
    <testcase time="1.324" classname="fstg01" name="fstg01_works_as_expected"/>
    <testcase time="0.00300000000000011" classname="fstg01" name="fstg01_works_as_expected"/>
    <testcase time="1.297" classname="fstg01" name="fstg01_works_as_expected_with_custom_color_set"/>
    <testcase time="0.00400000000000489" classname="fstg01" name="fstg01_works_as_expected_with_custom_color_set"/>
    <testcase time="1.301" classname="fstg01" name="fstg01_works_as_expected_with_custom_color_set"/>
    <testcase time="0.00399999999999068" classname="fstg01" name="fstg01_works_as_expected_with_custom_color_set"/>
    <testcase time="0.654000000000011" classname="fstg01" name="fstg01_works_if_changes_are_in_subgroups_conf_level_and_label_all"/>
    <testcase time="0.00300000000000011" classname="fstg01" name="fstg01_works_if_changes_are_in_subgroups_conf_level_and_label_all"/>
    <testcase time="0.890999999999991" classname="fstg01" name="fstg01_works_if_changes_are_in_subgroups_conf_level_and_label_all"/>
    <testcase time="0.00300000000000011" classname="fstg01" name="fstg01_works_if_changes_are_in_subgroups_conf_level_and_label_all"/>
    <testcase time="1.34" classname="fstg01" name="fstg01_can_handle_some_NA_values_in_subgroups"/>
    <testcase time="0.00300000000000011" classname="fstg01" name="fstg01_can_handle_some_NA_values_in_subgroups"/>
  </testsuite>
  <testsuite name="fstg02" timestamp="2025-03-13T05:00:52Z" hostname="350a4bf22eef" tests="9" skipped="0" failures="0" errors="0" time="8.87">
    <testcase time="0.0120000000000005" classname="fstg02" name="fstg02_works_as_expected"/>
    <testcase time="1.294" classname="fstg02" name="fstg02_works_as_expected"/>
    <testcase time="1.441" classname="fstg02" name="fstg02_works_as_expected_with_custom_color_set"/>
    <testcase time="1.161" classname="fstg02" name="fstg02_works_as_expected_with_custom_color_set"/>
    <testcase time="0.551999999999992" classname="fstg02" name="fstg02_works_if_changes_are_in_subgroups_strata_var_conf_level_and_label_all"/>
    <testcase time="0.796000000000006" classname="fstg02" name="fstg02_works_if_changes_are_in_subgroups_strata_var_conf_level_and_label_all"/>
    <testcase time="1.194" classname="fstg02" name="fstg02_can_handle_some_NA_values_in_subgroups"/>
    <testcase time="1.19799999999999" classname="fstg02" name="fstg02_can_handle_customized_time_units"/>
    <testcase time="1.22200000000001" classname="fstg02" name="fstg02_can_handle_customized_time_units"/>
  </testsuite>
  <testsuite name="kmg01" timestamp="2025-03-13T05:01:01Z" hostname="350a4bf22eef" tests="13" skipped="0" failures="0" errors="0" time="2.136">
    <testcase time="0.0109999999999957" classname="kmg01" name="kmg01_works_as_expected"/>
    <testcase time="0.366" classname="kmg01" name="kmg01_works_as_expected"/>
    <testcase time="0.00300000000000011" classname="kmg01" name="kmg01_works_as_expected"/>
    <testcase time="0.367000000000004" classname="kmg01" name="kmg01_works_as_expected_with_custom_color_set"/>
    <testcase time="0.00300000000000011" classname="kmg01" name="kmg01_works_as_expected_with_custom_color_set"/>
    <testcase time="0.36399999999999" classname="kmg01" name="kmg01_works_as_expected_with_custom_color_set"/>
    <testcase time="0.00300000000000011" classname="kmg01" name="kmg01_works_as_expected_with_custom_color_set"/>
    <testcase time="0.365000000000009" classname="kmg01" name="kmg01_works_if_change_pvalue_ties_and_conf_level"/>
    <testcase time="0.00399999999999068" classname="kmg01" name="kmg01_works_if_change_pvalue_ties_and_conf_level"/>
    <testcase time="0.403000000000006" classname="kmg01" name="kmg01_works_if_change_annotation_position"/>
    <testcase time="0.00300000000000011" classname="kmg01" name="kmg01_works_if_change_annotation_position"/>
    <testcase time="0.241" classname="kmg01" name="kmg01_works_for_stratified_analysis"/>
    <testcase time="0.00300000000000011" classname="kmg01" name="kmg01_works_for_stratified_analysis"/>
  </testsuite>
  <testsuite name="lbt01" timestamp="2025-03-13T05:01:03Z" hostname="350a4bf22eef" tests="4" skipped="0" failures="0" errors="0" time="10.12">
    <testcase time="3.322" classname="lbt01" name="lbt01_functions_with_default_argument_value_return_expected_result_with_test_data"/>
    <testcase time="3.458" classname="lbt01" name="lbt01_functions_with_row_split_var_return_expected_result_with_test_data"/>
    <testcase time="1.089" classname="lbt01" name="lbt01_can_handle_n_0_and_outputs_NE_instead_of_infs_and_NAs"/>
    <testcase time="2.251" classname="lbt01" name="lbt01_can_handle_n_0_and_outputs_NE_instead_of_infs_and_NAs"/>
  </testsuite>
  <testsuite name="lbt04" timestamp="2025-03-13T05:01:13Z" hostname="350a4bf22eef" tests="8" skipped="0" failures="0" errors="0" time="2.898">
    <testcase time="0.900999999999982" classname="lbt04" name="lbt04_functions_with_default_argument_value_return_expected_result_with_test_data"/>
    <testcase time="0.092000000000013" classname="lbt04" name="lbt04_can_handle_all_NA_values"/>
    <testcase time="0.0699999999999932" classname="lbt04" name="lbt04_can_handle_all_NA_values"/>
    <testcase time="0.284999999999997" classname="lbt04" name="lbt04_can_handle_missing_levels"/>
    <testcase time="0.629000000000019" classname="lbt04" name="lbt04_can_handle_missing_levels"/>
    <testcase time="0.283999999999992" classname="lbt04" name="lbt04_can_handle_some_NA_values"/>
    <testcase time="0.621999999999986" classname="lbt04" name="lbt04_can_handle_some_NA_values"/>
    <testcase time="0.0150000000000148" classname="lbt04" name="lbt04_fails_on_incomlete_data"/>
  </testsuite>
  <testsuite name="lbt05" timestamp="2025-03-13T05:01:16Z" hostname="350a4bf22eef" tests="57" skipped="0" failures="0" errors="0" time="5.607">
    <testcase time="0.0449999999999875" classname="lbt05" name="lbt05_functions_with_default_argument_value_return_expected_result_with_test_data"/>
    <testcase time="0.021000000000015" classname="lbt05" name="lbt05_functions_with_default_argument_value_return_expected_result_with_test_data"/>
    <testcase time="0.0240000000000009" classname="lbt05" name="lbt05_functions_with_default_argument_value_return_expected_result_with_test_data"/>
    <testcase time="0.0269999999999868" classname="lbt05" name="lbt05_functions_with_default_argument_value_return_expected_result_with_test_data"/>
    <testcase time="0.0229999999999961" classname="lbt05" name="lbt05_functions_with_default_argument_value_return_expected_result_with_test_data"/>
    <testcase time="0.021000000000015" classname="lbt05" name="lbt05_functions_with_default_argument_value_return_expected_result_with_test_data"/>
    <testcase time="0.652999999999992" classname="lbt05" name="lbt05_functions_with_default_argument_value_return_expected_result_with_test_data"/>
    <testcase time="0.348000000000013" classname="lbt05" name="lbt05_functions_with_default_argument_value_return_expected_result_with_test_data"/>
    <testcase time="0.0149999999999864" classname="lbt05" name="lbt05_functions_with_default_argument_value_return_expected_result_with_test_data"/>
    <testcase time="0.0360000000000014" classname="lbt05" name="lbt05_give_all_0_count_if_ANRIND_are_all_missing"/>
    <testcase time="0.0219999999999914" classname="lbt05" name="lbt05_give_all_0_count_if_ANRIND_are_all_missing"/>
    <testcase time="0.0260000000000105" classname="lbt05" name="lbt05_give_all_0_count_if_ANRIND_are_all_missing"/>
    <testcase time="0.0349999999999966" classname="lbt05" name="lbt05_give_all_0_count_if_ANRIND_are_all_missing"/>
    <testcase time="0.0240000000000009" classname="lbt05" name="lbt05_give_all_0_count_if_ANRIND_are_all_missing"/>
    <testcase time="0.0219999999999914" classname="lbt05" name="lbt05_give_all_0_count_if_ANRIND_are_all_missing"/>
    <testcase time="0.27800000000002" classname="lbt05" name="lbt05_give_all_0_count_if_ANRIND_are_all_missing"/>
    <testcase time="0.0379999999999825" classname="lbt05" name="lbt05_can_handle_some_NA_values"/>
    <testcase time="0.0230000000000246" classname="lbt05" name="lbt05_can_handle_some_NA_values"/>
    <testcase time="0.025999999999982" classname="lbt05" name="lbt05_can_handle_some_NA_values"/>
    <testcase time="0.0370000000000061" classname="lbt05" name="lbt05_can_handle_some_NA_values"/>
    <testcase time="0.0250000000000057" classname="lbt05" name="lbt05_can_handle_some_NA_values"/>
    <testcase time="0.0219999999999914" classname="lbt05" name="lbt05_can_handle_some_NA_values"/>
    <testcase time="0.265999999999991" classname="lbt05" name="lbt05_can_handle_some_NA_values"/>
    <testcase time="0.397999999999996" classname="lbt05" name="lbt05_can_handle_some_NA_values"/>
    <testcase time="0.0310000000000059" classname="lbt05" name="lbt05_fails_on_incomlete_data"/>
    <testcase time="0.0430000000000064" classname="lbt05" name="lbt05_works_with_missing_levels"/>
    <testcase time="0.0219999999999914" classname="lbt05" name="lbt05_works_with_missing_levels"/>
    <testcase time="0.0340000000000202" classname="lbt05" name="lbt05_works_with_missing_levels"/>
    <testcase time="0.0300000000000011" classname="lbt05" name="lbt05_works_with_missing_levels"/>
    <testcase time="0.0249999999999773" classname="lbt05" name="lbt05_works_with_missing_levels"/>
    <testcase time="0.0230000000000246" classname="lbt05" name="lbt05_works_with_missing_levels"/>
    <testcase time="0.258999999999986" classname="lbt05" name="lbt05_works_with_missing_levels"/>
    <testcase time="0.396000000000015" classname="lbt05" name="lbt05_works_with_missing_levels"/>
    <testcase time="0.0369999999999777" classname="lbt05" name="map_argument_works_as_expected"/>
    <testcase time="0.0229999999999961" classname="lbt05" name="map_argument_works_as_expected"/>
    <testcase time="0.0330000000000155" classname="lbt05" name="map_argument_works_as_expected"/>
    <testcase time="0.0289999999999964" classname="lbt05" name="map_argument_works_as_expected"/>
    <testcase time="0.0250000000000057" classname="lbt05" name="map_argument_works_as_expected"/>
    <testcase time="0.0229999999999961" classname="lbt05" name="map_argument_works_as_expected"/>
    <testcase time="0.216999999999985" classname="lbt05" name="map_argument_works_as_expected"/>
    <testcase time="0.320999999999998" classname="lbt05" name="map_argument_works_as_expected"/>
    <testcase time="0.0370000000000061" classname="lbt05" name="incomplete_map_argument_works_as_expected"/>
    <testcase time="0.0229999999999961" classname="lbt05" name="incomplete_map_argument_works_as_expected"/>
    <testcase time="0.0349999999999966" classname="lbt05" name="incomplete_map_argument_works_as_expected"/>
    <testcase time="0.0289999999999964" classname="lbt05" name="incomplete_map_argument_works_as_expected"/>
    <testcase time="0.0250000000000057" classname="lbt05" name="incomplete_map_argument_works_as_expected"/>
    <testcase time="0.0219999999999914" classname="lbt05" name="incomplete_map_argument_works_as_expected"/>
    <testcase time="0.244000000000028" classname="lbt05" name="incomplete_map_argument_works_as_expected"/>
    <testcase time="0.364999999999981" classname="lbt05" name="incomplete_map_argument_works_as_expected"/>
    <testcase time="0.039999999999992" classname="lbt05" name="prune_0_keeps_the_Any_Abnormaility_row"/>
    <testcase time="0.0220000000000198" classname="lbt05" name="prune_0_keeps_the_Any_Abnormaility_row"/>
    <testcase time="0.025999999999982" classname="lbt05" name="prune_0_keeps_the_Any_Abnormaility_row"/>
    <testcase time="0.0300000000000011" classname="lbt05" name="prune_0_keeps_the_Any_Abnormaility_row"/>
    <testcase time="0.0310000000000059" classname="lbt05" name="prune_0_keeps_the_Any_Abnormaility_row"/>
    <testcase time="0.0260000000000105" classname="lbt05" name="prune_0_keeps_the_Any_Abnormaility_row"/>
    <testcase time="0.271999999999991" classname="lbt05" name="prune_0_keeps_the_Any_Abnormaility_row"/>
    <testcase time="0.354000000000013" classname="lbt05" name="prune_0_keeps_the_Any_Abnormaility_row"/>
  </testsuite>
  <testsuite name="lbt06" timestamp="2025-03-13T05:01:22Z" hostname="350a4bf22eef" tests="3" skipped="0" failures="0" errors="0" time="3.724">
    <testcase time="0.936999999999983" classname="lbt06" name="lbt06_gives_all_0_count_if_ANRIND_and_BNRIND_are_all_missing"/>
    <testcase time="2.75700000000001" classname="lbt06" name="lbt06_can_handle_some_NA_values"/>
    <testcase time="0.0300000000000011" classname="lbt06" name="lbt06_fails_on_incomplete_data"/>
  </testsuite>
  <testsuite name="lbt07" timestamp="2025-03-13T05:01:26Z" hostname="350a4bf22eef" tests="4" skipped="0" failures="0" errors="0" time="1.786">
    <testcase time="0.883999999999986" classname="lbt07" name="lbt07_functions_with_default_argument_value_return_expected_result_with_test_data"/>
    <testcase time="0.376000000000005" classname="lbt07" name="lbt07_can_handle_some_NA_values"/>
    <testcase time="0.495000000000005" classname="lbt07" name="lbt07_can_handle_some_NA_values"/>
    <testcase time="0.0310000000000059" classname="lbt07" name="lbt07_fails_on_incomlete_data"/>
  </testsuite>
  <testsuite name="lbt14" timestamp="2025-03-13T05:01:28Z" hostname="350a4bf22eef" tests="20" skipped="0" failures="0" errors="0" time="7.734">
    <testcase time="0.677999999999997" classname="lbt14" name="lbt14_functions_with_default_argument_value_return_expected_result_with_test_data"/>
    <testcase time="0.504999999999995" classname="lbt14" name="lbt14_functions_with_default_argument_value_return_expected_result_with_test_data_when_direction_high"/>
    <testcase time="0.817000000000007" classname="lbt14" name="lbt14_functions_with_gr_missing_excl_return_expected_result_with_test_data"/>
    <testcase time="0.552999999999997" classname="lbt14" name="lbt14_functions_with_gr_missing_gr_0_return_expected_result_with_test_data"/>
    <testcase time="0.336999999999989" classname="lbt14" name="lbt14_can_handle_all_NA_values"/>
    <testcase time="0.130000000000024" classname="lbt14" name="lbt14_can_handle_all_NA_values"/>
    <testcase time="0.377999999999986" classname="lbt14" name="lbt14_can_handle_some_NA_values"/>
    <testcase time="0.301000000000016" classname="lbt14" name="lbt14_can_handle_some_NA_values"/>
    <testcase time="1.232" classname="lbt14" name="lbt14_can_accept_different_gr_missing"/>
    <testcase time="0.24799999999999" classname="lbt14" name="lbt14_can_accept_different_gr_missing"/>
    <testcase time="0.246999999999986" classname="lbt14" name="lbt14_can_accept_different_gr_missing"/>
    <testcase time="0.0180000000000007" classname="lbt14" name="lbt14_fails_on_incomlete_data"/>
    <testcase time="0.340000000000003" classname="lbt14" name="lbt14_can_handle_all_NA_values_with_direction_high"/>
    <testcase time="0.129999999999995" classname="lbt14" name="lbt14_can_handle_all_NA_values_with_direction_high"/>
    <testcase time="0.347000000000008" classname="lbt14" name="lbt14_can_handle_some_NA_values_with_direction_high"/>
    <testcase time="0.164000000000016" classname="lbt14" name="lbt14_can_handle_some_NA_values_with_direction_high"/>
    <testcase time="1.03399999999999" classname="lbt14" name="lbt14_can_accept_different_gr_missing_with_direction_high"/>
    <testcase time="0.132999999999981" classname="lbt14" name="lbt14_can_accept_different_gr_missing_with_direction_high"/>
    <testcase time="0.125" classname="lbt14" name="lbt14_can_accept_different_gr_missing_with_direction_high"/>
    <testcase time="0.0170000000000243" classname="lbt14" name="lbt14_fails_on_incomlete_data"/>
  </testsuite>
  <testsuite name="lbt15" timestamp="2025-03-13T05:01:35Z" hostname="350a4bf22eef" tests="12" skipped="0" failures="0" errors="0" time="5.458">
    <testcase time="0.909999999999997" classname="lbt15" name="lbt15_functions_with_default_argument_value_return_expected_result_with_test_data"/>
    <testcase time="0.282999999999987" classname="lbt15" name="lbt15_can_handle_all_NA_values"/>
    <testcase time="0.617000000000019" classname="lbt15" name="lbt15_can_handle_all_NA_values"/>
    <testcase time="0.282999999999987" classname="lbt15" name="lbt15_can_handle_missing_levels"/>
    <testcase time="0.622000000000014" classname="lbt15" name="lbt15_can_handle_missing_levels"/>
    <testcase time="0.287999999999982" classname="lbt15" name="lbt15_can_handle_missing_levels_in_baseline"/>
    <testcase time="0.616000000000014" classname="lbt15" name="lbt15_can_handle_missing_levels_in_baseline"/>
    <testcase time="0.282999999999987" classname="lbt15" name="lbt15_can_handle_some_NA_values"/>
    <testcase time="0.623999999999995" classname="lbt15" name="lbt15_can_handle_some_NA_values"/>
    <testcase time="0.282000000000011" classname="lbt15" name="lbt15_can_handle_some_NA_values_in_baseline"/>
    <testcase time="0.633999999999986" classname="lbt15" name="lbt15_can_handle_some_NA_values_in_baseline"/>
    <testcase time="0.0160000000000196" classname="lbt15" name="lbt15_fails_on_incomlete_data"/>
  </testsuite>
  <testsuite name="mht01" timestamp="2025-03-13T05:01:41Z" hostname="350a4bf22eef" tests="4" skipped="0" failures="0" errors="0" time="3.052">
    <testcase time="0.628999999999991" classname="mht01" name="mht01_functions_with_default_argument_value_return_expected_result_with_test_data"/>
    <testcase time="0.631" classname="mht01" name="mht01_works"/>
    <testcase time="0.628000000000014" classname="mht01" name="mht01_works_on_NULL_in_lbl_mhbodsys_or_lbl_mhdecod"/>
    <testcase time="1.16399999999999" classname="mht01" name="mht01_works_with_other_row_split_var"/>
  </testsuite>
  <testsuite name="mng01" timestamp="2025-03-13T05:01:44Z" hostname="350a4bf22eef" tests="19" skipped="8" failures="0" errors="0" time="8.291">
    <testcase time="0.88900000000001" classname="mng01" name="mng01_works_as_expected_with_default_argument_values"/>
    <testcase time="0.000999999999976353" classname="mng01" name="mng01_works_as_expected_with_default_argument_values">
      <skipped message="Reason: On CI ('test-mng01.R:9:5')"/>
    </testcase>
    <testcase time="0.899000000000001" classname="mng01" name="mng01_works_as_expected_with_custom_argument_values"/>
    <testcase time="0.0110000000000241" classname="mng01" name="mng01_works_as_expected_with_custom_argument_values"/>
    <testcase time="0.000999999999976353" classname="mng01" name="mng01_works_as_expected_with_custom_argument_values">
      <skipped message="Reason: On CI ('test-mng01.R:45:5')"/>
    </testcase>
    <testcase time="0.935000000000002" classname="mng01" name="mng01_works_as_expected_with_custom_color_set"/>
    <testcase time="0.89100000000002" classname="mng01" name="mng01_works_as_expected_with_custom_color_set"/>
    <testcase time="0.00199999999998113" classname="mng01" name="mng01_works_as_expected_with_custom_color_set">
      <skipped message="Reason: On CI ('test-mng01.R:69:5')"/>
    </testcase>
    <testcase time="0.915999999999997" classname="mng01" name="mng01_works_as_expected_with_custom_line_type_set"/>
    <testcase time="0.899000000000001" classname="mng01" name="mng01_works_as_expected_with_custom_line_type_set"/>
    <testcase time="0.00200000000000955" classname="mng01" name="mng01_works_as_expected_with_custom_line_type_set">
      <skipped message="Reason: On CI ('test-mng01.R:91:5')"/>
    </testcase>
    <testcase time="0.144000000000005" classname="mng01" name="mng01_works_with_table_NULL"/>
    <testcase time="0.00100000000000477" classname="mng01" name="mng01_works_with_table_NULL">
      <skipped message="Reason: On CI ('test-mng01.R:104:5')"/>
    </testcase>
    <testcase time="0.905999999999977" classname="mng01" name="mng01_works_with_combination_of_x_variables"/>
    <testcase time="0.00100000000000477" classname="mng01" name="mng01_works_with_combination_of_x_variables">
      <skipped message="Reason: On CI ('test-mng01.R:122:5')"/>
    </testcase>
    <testcase time="0.864000000000004" classname="mng01" name="mng01_works_with_numeric_x_variable"/>
    <testcase time="0.00100000000000477" classname="mng01" name="mng01_works_with_numeric_x_variable">
      <skipped message="Reason: On CI ('test-mng01.R:143:5')"/>
    </testcase>
    <testcase time="0.925999999999988" classname="mng01" name="mng01_works_with_numeric_jitter"/>
    <testcase time="0.00200000000000955" classname="mng01" name="mng01_works_with_numeric_jitter">
      <skipped message="Reason: On CI ('test-mng01.R:161:5')"/>
    </testcase>
  </testsuite>
  <testsuite name="pdt01" timestamp="2025-03-13T05:01:52Z" hostname="350a4bf22eef" tests="5" skipped="0" failures="0" errors="0" time="1.167">
    <testcase time="0.454000000000008" classname="pdt01" name="pdt01_function_with_default_argument_value_return_expected_result_with_test_data"/>
    <testcase time="0.114000000000004" classname="pdt01" name="pdt01_can_handle_all_NA_values"/>
    <testcase time="0.143999999999977" classname="pdt01" name="pdt01_can_handle_all_NA_values"/>
    <testcase time="0.206000000000017" classname="pdt01" name="pdt01_can_handle_some_NA_values"/>
    <testcase time="0.248999999999995" classname="pdt01" name="pdt01_can_handle_some_NA_values"/>
  </testsuite>
  <testsuite name="pdt02" timestamp="2025-03-13T05:01:53Z" hostname="350a4bf22eef" tests="5" skipped="0" failures="0" errors="0" time="0.931">
    <testcase time="0.313999999999993" classname="pdt02" name="pdt02_function_with_default_argument_value_return_expected_result_with_test_data"/>
    <testcase time="0.120000000000005" classname="pdt02" name="pdt02_can_handle_all_NA_values"/>
    <testcase time="0.189999999999998" classname="pdt02" name="pdt02_can_handle_all_NA_values"/>
    <testcase time="0.119" classname="pdt02" name="pdt02_can_handle_some_NA_values"/>
    <testcase time="0.187999999999988" classname="pdt02" name="pdt02_can_handle_some_NA_values"/>
  </testsuite>
  <testsuite name="reexports" timestamp="2025-03-13T05:01:54Z" hostname="350a4bf22eef" tests="2" skipped="0" failures="0" errors="0" time="0.014">
    <testcase time="0.00800000000000978" classname="reexports" name="with_label_exported_correctly"/>
    <testcase time="0.00600000000000023" classname="reexports" name="reformat_exported_correctly"/>
  </testsuite>
  <testsuite name="report_null" timestamp="2025-03-13T05:01:54Z" hostname="350a4bf22eef" tests="12" skipped="0" failures="0" errors="0" time="0.169">
    <testcase time="0.0150000000000148" classname="report_null" name="report_null_works_as_expected_with_NULL_"/>
    <testcase time="0.00999999999999091" classname="report_null" name="report_null_works_as_expected_with_NULL_"/>
    <testcase time="0.0300000000000011" classname="report_null" name="report_null_works_as_expected_with_VTableTree_"/>
    <testcase time="0.0199999999999818" classname="report_null" name="report_null_works_as_expected_with_VTableTree_"/>
    <testcase time="0.0100000000000193" classname="report_null" name="report_null_works_as_expected_with_VTableTree_"/>
    <testcase time="0.00799999999998136" classname="report_null" name="report_null_works_as_expected_with_listing_df_"/>
    <testcase time="0.0190000000000055" classname="report_null" name="report_null_works_as_expected_with_listing_df_"/>
    <testcase time="0.0150000000000148" classname="report_null" name="report_null_works_as_expected_with_listing_df_"/>
    <testcase time="0.0120000000000005" classname="report_null" name="report_null_works_as_expected_with_list_"/>
    <testcase time="0.0219999999999914" classname="report_null" name="report_null_works_as_expected_with_list_"/>
    <testcase time="0.00499999999999545" classname="report_null" name="report_null_works_as_expected_with_by_default"/>
    <testcase time="0.00300000000001432" classname="report_null" name="report_null_works_as_expected_with_by_default"/>
  </testsuite>
  <testsuite name="rmpt01" timestamp="2025-03-13T05:01:54Z" hostname="350a4bf22eef" tests="11" skipped="0" failures="0" errors="0" time="1.452">
    <testcase time="0.191000000000003" classname="rmpt01" name="rmpt01_function_with_default_argument_value_return_expected_result_with_test_data"/>
    <testcase time="0.0809999999999889" classname="rmpt01" name="rmpt01_can_handle_NA_values"/>
    <testcase time="0.131" classname="rmpt01" name="rmpt01_can_handle_NA_values"/>
    <testcase time="0.145999999999987" classname="rmpt01" name="rmpt01_can_handle_NA_values"/>
    <testcase time="0.246000000000009" classname="rmpt01" name="rmpt01_can_handle_NA_values"/>
    <testcase time="0.0699999999999932" classname="rmpt01" name="rmpt01_can_handle_some_NA_values"/>
    <testcase time="0.131" classname="rmpt01" name="rmpt01_can_handle_some_NA_values"/>
    <testcase time="0.14700000000002" classname="rmpt01" name="rmpt01_can_handle_some_NA_values"/>
    <testcase time="0.25" classname="rmpt01" name="rmpt01_can_handle_some_NA_values"/>
    <testcase time="0.0319999999999823" classname="rmpt01" name="rmpt01_fails_on_incomlete_data"/>
    <testcase time="0.0270000000000152" classname="rmpt01" name="rmpt01_fails_on_incomlete_data"/>
  </testsuite>
  <testsuite name="rmpt03" timestamp="2025-03-13T05:01:56Z" hostname="350a4bf22eef" tests="12" skipped="0" failures="0" errors="0" time="2.216">
    <testcase time="0.34099999999998" classname="rmpt03" name="rmpt03_function_with_default_argument_value_return_expected_result_with_test_data"/>
    <testcase time="0.130000000000024" classname="rmpt03" name="rmpt03_can_handle_NA_values"/>
    <testcase time="0.20999999999998" classname="rmpt03" name="rmpt03_can_handle_NA_values"/>
    <testcase time="0.212000000000018" classname="rmpt03" name="rmpt03_can_handle_NA_values"/>
    <testcase time="0.305999999999983" classname="rmpt03" name="rmpt03_can_handle_NA_values"/>
    <testcase time="0.186000000000007" classname="rmpt03" name="rmpt03_can_handle_some_NA_values"/>
    <testcase time="0.233000000000004" classname="rmpt03" name="rmpt03_can_handle_some_NA_values"/>
    <testcase time="0.194999999999993" classname="rmpt03" name="rmpt03_can_handle_some_NA_values"/>
    <testcase time="0.323000000000008" classname="rmpt03" name="rmpt03_can_handle_some_NA_values"/>
    <testcase time="0.0370000000000061" classname="rmpt03" name="rmpt03_fails_on_incomlete_data"/>
    <testcase time="0.0269999999999868" classname="rmpt03" name="rmpt03_fails_on_incomlete_data"/>
    <testcase time="0.0159999999999911" classname="rmpt03" name="rmpt03_fails_on_incomlete_data"/>
  </testsuite>
  <testsuite name="rmpt04" timestamp="2025-03-13T05:01:58Z" hostname="350a4bf22eef" tests="10" skipped="0" failures="0" errors="0" time="1.03">
    <testcase time="0.208000000000027" classname="rmpt04" name="rmpt04_function_with_default_argument_value_return_expected_result_with_test_data"/>
    <testcase time="0.0669999999999789" classname="rmpt04" name="rmpt04_can_handle_NA_values"/>
    <testcase time="0.120000000000005" classname="rmpt04" name="rmpt04_can_handle_NA_values"/>
    <testcase time="0.0560000000000116" classname="rmpt04" name="rmpt04_can_handle_NA_values"/>
    <testcase time="0.138999999999982" classname="rmpt04" name="rmpt04_can_handle_NA_values"/>
    <testcase time="0.0600000000000023" classname="rmpt04" name="rmpt04_can_handle_some_NA_values"/>
    <testcase time="0.123999999999995" classname="rmpt04" name="rmpt04_can_handle_some_NA_values"/>
    <testcase time="0.0720000000000027" classname="rmpt04" name="rmpt04_can_handle_some_NA_values"/>
    <testcase time="0.128000000000014" classname="rmpt04" name="rmpt04_can_handle_some_NA_values"/>
    <testcase time="0.0559999999999832" classname="rmpt04" name="rmpt04_fails_on_incomlete_data"/>
  </testsuite>
  <testsuite name="rmpt05" timestamp="2025-03-13T05:01:59Z" hostname="350a4bf22eef" tests="10" skipped="0" failures="0" errors="0" time="1.095">
    <testcase time="0.210000000000008" classname="rmpt05" name="rmpt05_function_with_default_argument_value_return_expected_result_with_test_data"/>
    <testcase time="0.0620000000000118" classname="rmpt05" name="rmpt05_can_handle_NA_values"/>
    <testcase time="0.151999999999987" classname="rmpt05" name="rmpt05_can_handle_NA_values"/>
    <testcase time="0.0600000000000023" classname="rmpt05" name="rmpt05_can_handle_NA_values"/>
    <testcase time="0.137" classname="rmpt05" name="rmpt05_can_handle_NA_values"/>
    <testcase time="0.0720000000000027" classname="rmpt05" name="rmpt05_can_handle_some_NA_values"/>
    <testcase time="0.128000000000014" classname="rmpt05" name="rmpt05_can_handle_some_NA_values"/>
    <testcase time="0.0619999999999834" classname="rmpt05" name="rmpt05_can_handle_some_NA_values"/>
    <testcase time="0.155000000000001" classname="rmpt05" name="rmpt05_can_handle_some_NA_values"/>
    <testcase time="0.0569999999999879" classname="rmpt05" name="rmpt05_fails_on_incomlete_data"/>
  </testsuite>
  <testsuite name="rmpt06" timestamp="2025-03-13T05:02:00Z" hostname="350a4bf22eef" tests="6" skipped="0" failures="0" errors="0" time="2.07">
    <testcase time="0.568000000000012" classname="rmpt06" name="rmpt06_works_as_expected"/>
    <testcase time="0.591000000000008" classname="rmpt06" name="rmpt06_works_as_expected_with_show_diff_TRUE"/>
    <testcase time="0.23599999999999" classname="rmpt06" name="rmpt06_can_handle_all_NA_values"/>
    <testcase time="0.294000000000011" classname="rmpt06" name="rmpt06_can_handle_all_NA_values"/>
    <testcase time="0.22799999999998" classname="rmpt06" name="rmpt06_can_handle_all_NA_values"/>
    <testcase time="0.15300000000002" classname="rmpt06" name="rmpt06_can_handle_all_NA_values"/>
  </testsuite>
  <testsuite name="rspt01" timestamp="2025-03-13T05:02:02Z" hostname="350a4bf22eef" tests="27" skipped="0" failures="0" errors="0" time="7.172">
    <testcase time="0.0169999999999959" classname="rspt01" name="rspt01_works_as_expected"/>
    <testcase time="0.293999999999983" classname="rspt01" name="rspt01_works_as_expected"/>
    <testcase time="0.263000000000005" classname="rspt01" name="rspt01_works_as_expected"/>
    <testcase time="0.295000000000016" classname="rspt01" name="rspt01_works_as_expected_for_stratified_and_unstratified_analysis"/>
    <testcase time="0.287999999999982" classname="rspt01" name="rspt01_works_as_expected_for_stratified_and_unstratified_analysis"/>
    <testcase time="0.336000000000013" classname="rspt01" name="rspt01_works_as_expected_for_stratified_and_unstratified_analysis"/>
    <testcase time="0.555999999999983" classname="rspt01" name="rspt01_works_as_expected_for_stratified_and_unstratified_analysis"/>
    <testcase time="0.221000000000004" classname="rspt01" name="rspt01_works_as_expected_for_unstratified_analysis_only"/>
    <testcase time="0.227000000000004" classname="rspt01" name="rspt01_works_as_expected_for_unstratified_analysis_only"/>
    <testcase time="0.241000000000014" classname="rspt01" name="rspt01_works_as_expected_for_unstratified_analysis_only"/>
    <testcase time="0.237000000000023" classname="rspt01" name="rspt01_works_as_expected_for_unstratified_analysis_only"/>
    <testcase time="0.226999999999975" classname="rspt01" name="rspt01_works_as_expected_for_stratified_analysis_only"/>
    <testcase time="0.228000000000009" classname="rspt01" name="rspt01_works_as_expected_for_stratified_analysis_only"/>
    <testcase time="0.244" classname="rspt01" name="rspt01_works_as_expected_for_stratified_analysis_only"/>
    <testcase time="0.238" classname="rspt01" name="rspt01_works_as_expected_for_stratified_analysis_only"/>
    <testcase time="0.248000000000019" classname="rspt01" name="rspt01_works_if_change_reference_group"/>
    <testcase time="0.238" classname="rspt01" name="rspt01_works_if_change_reference_group"/>
    <testcase time="0.304999999999978" classname="rspt01" name="rspt01_works_if_change_reference_group"/>
    <testcase time="0.284999999999997" classname="rspt01" name="rspt01_works_if_change_reference_group"/>
    <testcase time="0.248000000000019" classname="rspt01" name="rspt01_works_if_change_statistic_methods"/>
    <testcase time="0.240999999999985" classname="rspt01" name="rspt01_works_if_change_statistic_methods"/>
    <testcase time="0.307000000000016" classname="rspt01" name="rspt01_works_if_change_statistic_methods"/>
    <testcase time="0.311999999999983" classname="rspt01" name="rspt01_works_if_change_statistic_methods"/>
    <testcase time="0.248000000000019" classname="rspt01" name="rspt01_works_if_change_confidence_interval"/>
    <testcase time="0.238999999999976" classname="rspt01" name="rspt01_works_if_change_confidence_interval"/>
    <testcase time="0.304000000000002" classname="rspt01" name="rspt01_works_if_change_confidence_interval"/>
    <testcase time="0.284999999999997" classname="rspt01" name="rspt01_works_if_change_confidence_interval"/>
  </testsuite>
  <testsuite name="ttet01" timestamp="2025-03-13T05:02:09Z" hostname="350a4bf22eef" tests="16" skipped="0" failures="0" errors="0" time="5.056">
    <testcase time="0.0160000000000196" classname="ttet01" name="ttet01_works_as_expected"/>
    <testcase time="0.387" classname="ttet01" name="ttet01_works_as_expected"/>
    <testcase time="0.47799999999998" classname="ttet01" name="ttet01_works_as_expected"/>
    <testcase time="0.021000000000015" classname="ttet01" name="ttet01_returns_an_error_when_one_level_or_arm_var_is_empty"/>
    <testcase time="0.296999999999997" classname="ttet01" name="ttet01_works_as_expected_for_stratified_and_unstratified_analysis"/>
    <testcase time="0.329999999999984" classname="ttet01" name="ttet01_works_as_expected_for_stratified_and_unstratified_analysis"/>
    <testcase time="0.382000000000005" classname="ttet01" name="ttet01_works_as_expected_for_stratified_and_unstratified_analysis"/>
    <testcase time="0.412000000000006" classname="ttet01" name="ttet01_works_as_expected_for_stratified_and_unstratified_analysis"/>
    <testcase time="0.302999999999997" classname="ttet01" name="ttet01_works_as_expected_for_stratified_analysis_only"/>
    <testcase time="0.323000000000008" classname="ttet01" name="ttet01_works_as_expected_for_stratified_analysis_only"/>
    <testcase time="0.340000000000003" classname="ttet01" name="ttet01_works_as_expected_for_stratified_analysis_only"/>
    <testcase time="0.365999999999985" classname="ttet01" name="ttet01_works_as_expected_for_stratified_analysis_only"/>
    <testcase time="0.293000000000006" classname="ttet01" name="ttet01_works_if_change_reference_group"/>
    <testcase time="0.324000000000012" classname="ttet01" name="ttet01_works_if_change_reference_group"/>
    <testcase time="0.381999999999977" classname="ttet01" name="ttet01_works_if_change_reference_group"/>
    <testcase time="0.402000000000015" classname="ttet01" name="ttet01_works_if_change_reference_group"/>
  </testsuite>
  <testsuite name="unwrap" timestamp="2025-03-13T05:02:14Z" hostname="350a4bf22eef" tests="12" skipped="0" failures="0" errors="0" time="0.162">
    <testcase time="0.0130000000000052" classname="unwrap" name="unwrap_layout_works_as_expected_with_standard_chevron_t_main_function"/>
    <testcase time="0.00100000000000477" classname="unwrap" name="unwrap_layout_works_as_expected_with_standard_chevron_t_main_function"/>
    <testcase time="0.000999999999976353" classname="unwrap" name="unwrap_layout_works_as_expected_with_standard_chevron_t_main_function"/>
    <testcase time="0.0310000000000059" classname="unwrap" name="unwrap_layout_works_as_expected_with_standard_chevron_t_main_function"/>
    <testcase time="0.0120000000000005" classname="unwrap" name="unwrap_layout_works_as_expected_with_standard_chevron_g_main_function"/>
    <testcase time="0.00600000000000023" classname="unwrap" name="unwrap_layout_works_as_expected_with_standard_chevron_l_main_function"/>
    <testcase time="0.00600000000000023" classname="unwrap" name="unwrap_layout_works_as_expected_with_a_custom_function_without_layout_function"/>
    <testcase time="0.0300000000000011" classname="unwrap" name="unwrap_layout_works_as_expected_with_a_custom_function_with_layout_function"/>
    <testcase time="0.00100000000000477" classname="unwrap" name="unwrap_layout_works_as_expected_with_a_custom_function_with_layout_function"/>
    <testcase time="0.0319999999999823" classname="unwrap" name="unwrap_layout_works_as_expected_with_multiple_layout_function"/>
    <testcase time="0.02800000000002" classname="unwrap" name="unwrap_layout_works_as_expected_on_custom_function_with_overwritten_layout_function"/>
    <testcase time="0.000999999999976353" classname="unwrap" name="unwrap_layout_works_as_expected_on_custom_function_with_overwritten_layout_function"/>
  </testsuite>
  <testsuite name="utils" timestamp="2025-03-13T05:02:15Z" hostname="350a4bf22eef" tests="81" skipped="0" failures="0" errors="0" time="2.371">
    <testcase time="0.00900000000001455" classname="utils" name="h_format_dec_works_as_exected"/>
    <testcase time="0.00200000000000955" classname="utils" name="h_format_dec_works_as_exected"/>
    <testcase time="0.00100000000000477" classname="utils" name="h_format_dec_works_as_exected"/>
    <testcase time="0.00300000000001432" classname="utils" name="h_format_dec_works_as_exected"/>
    <testcase time="0.00100000000000477" classname="utils" name="h_format_dec_works_as_exected"/>
    <testcase time="0.0029999999999859" classname="utils" name="h_format_dec_works_as_exected"/>
    <testcase time="0.00100000000000477" classname="utils" name="h_format_dec_works_as_exected"/>
    <testcase time="0.0029999999999859" classname="utils" name="h_format_dec_works_as_exected"/>
    <testcase time="0.00100000000000477" classname="utils" name="h_format_dec_works_as_exected"/>
    <testcase time="0.00300000000001432" classname="utils" name="h_format_dec_works_as_exected"/>
    <testcase time="0.00199999999998113" classname="utils" name="h_format_dec_works_as_exected"/>
    <testcase time="0.00200000000000955" classname="utils" name="h_format_dec_works_as_exected"/>
    <testcase time="0.00600000000000023" classname="utils" name="h_format_dec_works_as_expected_with_more_than_one_value"/>
    <testcase time="0.0029999999999859" classname="utils" name="h_format_dec_works_as_expected_with_more_than_one_value"/>
    <testcase time="0.00500000000002387" classname="utils" name="h_format_dec_works_as_expected_with_NA_digits"/>
    <testcase time="0.00600000000000023" classname="utils" name="fuse_sequentially_works"/>
    <testcase time="0.0029999999999859" classname="utils" name="fuse_sequentially_works"/>
    <testcase time="0.0109999999999957" classname="utils" name="ifneeded_split_row_works_as_expected"/>
    <testcase time="0.00600000000000023" classname="utils" name="ifneeded_split_row_works_as_expected"/>
    <testcase time="0.0730000000000075" classname="utils" name="_unnamed_"/>
    <testcase time="0.0720000000000027" classname="utils" name="_unnamed_"/>
    <testcase time="0.0620000000000118" classname="utils" name="_unnamed_"/>
    <testcase time="0.046999999999997" classname="utils" name="_unnamed_"/>
    <testcase time="0.0029999999999859" classname="utils" name="droplevels.character_works_as_expected"/>
    <testcase time="0.00300000000001432" classname="utils" name="droplevels.character_works_as_expected"/>
    <testcase time="0.00499999999999545" classname="utils" name="lvls.character_works_as_expected"/>
    <testcase time="0.00199999999998113" classname="utils" name="lvls.character_works_as_expected"/>
    <testcase time="0.00500000000002387" classname="utils" name="lvls.factor_works_as_expected"/>
    <testcase time="0.0029999999999859" classname="utils" name="lvls.factor_works_as_expected"/>
    <testcase time="0.00499999999999545" classname="utils" name="lvls.default_works_as_expected"/>
    <testcase time="0.00200000000000955" classname="utils" name="lvls.default_works_as_expected"/>
    <testcase time="0.00499999999999545" classname="utils" name="quote_str_works_as_expected"/>
    <testcase time="0.00200000000000955" classname="utils" name="quote_str_works_as_expected"/>
    <testcase time="0.00499999999999545" classname="utils" name="quote_str_works_as_expected"/>
    <testcase time="0.00499999999999545" classname="utils" name="modify_default_args_works_as_expected"/>
    <testcase time="0.00300000000001432" classname="utils" name="modify_default_args_works_as_expected"/>
    <testcase time="0.00399999999999068" classname="utils" name="execute_with_args_works_as_expected"/>
    <testcase time="0.0029999999999859" classname="utils" name="execute_with_args_works_as_expected"/>
    <testcase time="0.00200000000000955" classname="utils" name="execute_with_args_works_as_expected"/>
    <testcase time="0.00200000000000955" classname="utils" name="execute_with_args_works_as_expected"/>
    <testcase time="0.00199999999998113" classname="utils" name="execute_with_args_works_as_expected"/>
    <testcase time="0.00300000000001432" classname="utils" name="execute_with_args_works_as_expected"/>
    <testcase time="0.00100000000000477" classname="utils" name="execute_with_args_works_as_expected"/>
    <testcase time="0.0029999999999859" classname="utils" name="execute_with_args_works_as_expected"/>
    <testcase time="0.00200000000000955" classname="utils" name="execute_with_args_works_as_expected"/>
    <testcase time="0.00200000000000955" classname="utils" name="execute_with_args_works_as_expected"/>
    <testcase time="0.00199999999998113" classname="utils" name="execute_with_args_works_as_expected"/>
    <testcase time="0.00300000000001432" classname="utils" name="execute_with_args_works_as_expected"/>
    <testcase time="0.00399999999999068" classname="utils" name="do_call_work_as_expected"/>
    <testcase time="0.0029999999999859" classname="utils" name="do_call_work_as_expected"/>
    <testcase time="0.00800000000000978" classname="utils" name="do_call_errors_as_expected"/>
    <testcase time="0.00499999999999545" classname="utils" name="do_call_errors_as_expected"/>
    <testcase time="0.00499999999999545" classname="utils" name="convert_to_month_work_as_expected"/>
    <testcase time="0.00300000000001432" classname="utils" name="convert_to_month_work_as_expected"/>
    <testcase time="0.00200000000000955" classname="utils" name="convert_to_month_work_as_expected"/>
    <testcase time="0.0029999999999859" classname="utils" name="convert_to_month_work_as_expected"/>
    <testcase time="0.00200000000000955" classname="utils" name="convert_to_month_work_as_expected"/>
    <testcase time="0.0029999999999859" classname="utils" name="convert_to_month_work_as_expected"/>
    <testcase time="0.00800000000000978" classname="utils" name="convert_to_month_warning_messages_as_expected"/>
    <testcase time="0.00999999999999091" classname="utils" name="gg_theme_chevron_works_as_expected"/>
    <testcase time="0.00100000000000477" classname="utils" name="gg_theme_chevron_works_as_expected"/>
    <testcase time="0.00200000000000955" classname="utils" name="gg_theme_chevron_works_as_expected"/>
    <testcase time="0.00399999999999068" classname="utils" name="gg_theme_chevron_works_as_expected"/>
    <testcase time="0.00100000000000477" classname="utils" name="gg_theme_chevron_works_as_expected"/>
    <testcase time="0.00200000000000955" classname="utils" name="gg_theme_chevron_works_as_expected"/>
    <testcase time="0.00600000000000023" classname="utils" name="modify_character_works"/>
    <testcase time="0.0029999999999859" classname="utils" name="modify_character_works"/>
    <testcase time="0.00600000000000023" classname="utils" name="expand_list_works"/>
    <testcase time="0.0159999999999911" classname="utils" name="expand_list_works"/>
    <testcase time="0.00600000000000023" classname="utils" name="set_section_div_works"/>
    <testcase time="0.00600000000000023" classname="utils" name="set_section_div_works"/>
    <testcase time="0.00600000000000023" classname="utils" name="set_section_div_works"/>
    <testcase time="0.00300000000001432" classname="utils" name="set_section_div_works"/>
    <testcase time="0.007000000000005" classname="utils" name="get_section_div_works"/>
    <testcase time="0.00199999999998113" classname="utils" name="get_section_div_works"/>
    <testcase time="0.923000000000002" classname="utils" name="grob_list_is_deprecated"/>
    <testcase time="0.897999999999996" classname="utils" name="gg_list_is_deprecated"/>
    <testcase time="0.00800000000000978" classname="utils" name="format_date_works_as_expected_for_POSIXct"/>
    <testcase time="0.0029999999999859" classname="utils" name="format_date_works_as_expected_for_POSIXct"/>
    <testcase time="0.00600000000000023" classname="utils" name="format_date_works_as_expected_for_Date"/>
    <testcase time="0.0040000000000191" classname="utils" name="format_date_works_as_expected_for_Date"/>
  </testsuite>
  <testsuite name="vst01" timestamp="2025-03-13T05:02:17Z" hostname="350a4bf22eef" tests="3" skipped="0" failures="0" errors="0" time="4.74">
    <testcase time="2.34299999999999" classname="vst01" name="vst01_functions_with_default_argument_value_return_expected_result_with_test_data"/>
    <testcase time="0.783999999999992" classname="vst01" name="run_vst01_works_as_expected"/>
    <testcase time="1.613" classname="vst01" name="run_vst01_works_as_expected"/>
  </testsuite>
  <testsuite name="vst02" timestamp="2025-03-13T05:02:22Z" hostname="350a4bf22eef" tests="2" skipped="0" failures="0" errors="0" time="0.941">
    <testcase time="0.477000000000004" classname="vst02" name="vst02_functions_with_default_argument_value_return_expected_result_with_test_data"/>
    <testcase time="0.463999999999999" classname="vst02" name="vst02_functions_return_expected_result_with_test_data_when_excluding_subject_with_baseline_abnormality"/>
  </testsuite>
</testsuites>
