<?xml version="1.0" encoding="UTF-8"?>
<testsuites>
  <testsuite name="ael01_nollt" timestamp="2024-12-10T14:17:44Z" hostname="66676ee7d8da" tests="14" skipped="0" failures="0" errors="0" time="1.188">
    <testcase time="0.0669999999999997" classname="ael01_nollt" name="ael01_nollt_works_with_admh_dataset"/>
    <testcase time="0.258" classname="ael01_nollt" name="ael01_nollt_works_with_admh_dataset"/>
    <testcase time="0.0350000000000001" classname="ael01_nollt" name="ael01_nollt_works_with_non_default_label"/>
    <testcase time="0.218" classname="ael01_nollt" name="ael01_nollt_works_with_non_default_label"/>
    <testcase time="0.028" classname="ael01_nollt" name="ael01_nollt_can_handle_all_missing_values"/>
    <testcase time="0.0789999999999997" classname="ael01_nollt" name="ael01_nollt_can_handle_all_missing_values"/>
    <testcase time="0.028" classname="ael01_nollt" name="ael01_nollt_can_handle_some_missing_values"/>
    <testcase time="0.134" classname="ael01_nollt" name="ael01_nollt_can_handle_some_missing_values"/>
    <testcase time="0.0229999999999997" classname="ael01_nollt" name="ael01_nollt_listing_can_be_split_by_an_additional_variable"/>
    <testcase time="0.00200000000000022" classname="ael01_nollt" name="ael01_nollt_listing_can_be_split_by_an_additional_variable"/>
    <testcase time="0.169" classname="ael01_nollt" name="ael01_nollt_listing_can_be_split_by_an_additional_variable"/>
    <testcase time="0.0229999999999997" classname="ael01_nollt" name="split_ael01_nollt_listing_do_not_display_missing_values"/>
    <testcase time="0.00100000000000033" classname="ael01_nollt" name="split_ael01_nollt_listing_do_not_display_missing_values"/>
    <testcase time="0.123" classname="ael01_nollt" name="split_ael01_nollt_listing_do_not_display_missing_values"/>
  </testsuite>
  <testsuite name="ael02" timestamp="2024-12-10T14:17:45Z" hostname="66676ee7d8da" tests="9" skipped="0" failures="2" errors="0" time="2.903">
    <testcase time="0.0660000000000003" classname="ael02" name="ael02_works_with_adae_dataset"/>
    <testcase time="0.00099999999999989" classname="ael02" name="ael02_works_with_adae_dataset"/>
    <testcase time="0.948" classname="ael02" name="ael02_works_with_adae_dataset">
      <failure type="failure" message="Snapshot of code has changed: ('test-ael02.R:9:3')">Snapshot of code has changed:
old[55:61] vs new[55:61]
                                                          6     
                                                          2     
                                                          6     
-   \s\nACTARM: B: Placebo
+   \s\nACTARM: C: Combination
    
    —————————————————————————————————————————————————————————————————————————————————————————————————————————
                                                                              Date of                        

old[63:79] vs new[63:79]
                                                           Event MedDRA         Drug        Day of   Duration
    Center/Patients ID            Age/Sex/Race            Preferred Term   Administration   Onset    in Days 
    —————————————————————————————————————————————————————————————————————————————————————————————————————————
-   CAN-1/341            43/F/ASIAN                       dcd A.1.1.1.2    23MAY2019          57       326   
+   BRA-11/9             40/M/ASIAN                       dcd D.1.1.4.2    25MAR2019         342       700   
-                                                         dcd B.2.1.2.1    23MAY2019         253        72   
+                                                         dcd B.2.2.3.1    25MAR2019         441        53   
-                                                         dcd B.1.1.1.1    23MAY2019         434       409   
+                                                         dcd D.1.1.1.1    25MAR2019         445       598   
-                                                         dcd A.1.1.1.2    23MAY2019         454       506   
+                                                         dcd B.1.1.1.1    25MAR2019         644        42   
-                                                         dcd A.1.1.1.2    23MAY2019         523       391   
+                                                         dcd B.2.2.3.1    25MAR2019         669       100   
-                                                         dcd A.1.1.1.1    23MAY2019         628       265   
+                                                         dcd C.2.1.2.1    25MAR2019         744       185   
-                                                         dcd C.2.1.2.1    23MAY2019         750       128   
+                                                         dcd C.2.1.2.1    25MAR2019         808       166   
-                                                         dcd A.1.1.1.2    23MAY2019         769        73   
+                                                         dcd B.2.1.2.1    25MAR2019         970        15   
-   CHN-1/227            26/F/BLACK OR AFRICAN AMERICAN   dcd C.1.1.1.3    09APR2019         253       202   
+   CHN-1/64             34/F/BLACK OR AFRICAN AMERICAN   dcd B.2.1.2.1    28APR2019          31       678   
-                                                         dcd B.2.1.2.1    09APR2019         311       297   
+                                                         dcd D.1.1.1.1    28APR2019          92       254   
-   \s\nACTARM: B: Placebo
+   \s\nACTARM: C: Combination
    
    ———————————————————————————————————————————————————————————————————————————————————————————————————————————
                                                                                                               

old[81:97] vs new[81:97]
                                                                     Extreme      Study     Outcome   Treatment
    Center/Patients ID            Age/Sex/Race            Serious   Intensity     Drug        (1)      for AE  
    ———————————————————————————————————————————————————————————————————————————————————————————————————————————
-   CAN-1/341            43/F/ASIAN                       Yes       MODERATE    No          5         Yes      
+   BRA-11/9             40/M/ASIAN                       No        MODERATE    No          2         No       
-                                                         No        MODERATE    No          5         Yes      
+                                                         Yes       MILD        No          5         No       
                                                          Yes       SEVERE      Yes         1         No       
-                                                         Yes       MODERATE    No          6         No       
+                                                         Yes       SEVERE      Yes         1         No       
-                                                         Yes       MODERATE    No          3         Yes      
+                                                         Yes       MILD        No          5         Yes      
-                                                         No        MILD        No          2         Yes      
+                                                         No        MODERATE    Yes         4         No       
-                                                         No        MODERATE    Yes         2         No       
+                                                         No        MODERATE    Yes         3         No       
-                                                         Yes       MODERATE    No          5         No       
+                                                         No        MODERATE    No          3         No       
-   CHN-1/227            26/F/BLACK OR AFRICAN AMERICAN   No        SEVERE      Yes         3         No       
+   CHN-1/64             34/F/BLACK OR AFRICAN AMERICAN   No        MODERATE    No          6         No       
-                                                         No        MODERATE    No          2         No       
+                                                         Yes       SEVERE      Yes         1         No       
-   \s\nACTARM: B: Placebo
+   \s\nACTARM: C: Combination
    
    ————————————————————————————————————————————————————————————
                                                                

old[99:115] vs new[99:115]
                                                          Taken 
    Center/Patients ID            Age/Sex/Race             (2)  
    ————————————————————————————————————————————————————————————
-   CAN-1/341            43/F/ASIAN                       2     
+   BRA-11/9             40/M/ASIAN                       3     
                                                          2     
                                                          6     
-                                                         1     
+                                                         6     
-                                                         3     
+                                                         2     
-                                                         2     
+                                                         3     
-                                                         2     
+                                                         6     
                                                          2     
-   CHN-1/227            26/F/BLACK OR AFRICAN AMERICAN   7     
+   CHN-1/64             34/F/BLACK OR AFRICAN AMERICAN   1     
-                                                         2     
+                                                         6     
-   \s\nACTARM: C: Combination
+   \s\nACTARM: B: Placebo
    
    —————————————————————————————————————————————————————————————————————————————————————————————————————————
                                                                              Date of                        

old[117:133] vs new[117:133]
                                                           Event MedDRA         Drug        Day of   Duration
    Center/Patients ID            Age/Sex/Race            Preferred Term   Administration   Onset    in Days 
    —————————————————————————————————————————————————————————————————————————————————————————————————————————
-   BRA-11/9             40/M/ASIAN                       dcd D.1.1.4.2    25MAR2019         342       700   
+   CAN-1/341            43/F/ASIAN                       dcd A.1.1.1.2    23MAY2019          57       326   
-                                                         dcd B.2.2.3.1    25MAR2019         441        53   
+                                                         dcd B.2.1.2.1    23MAY2019         253        72   
-                                                         dcd D.1.1.1.1    25MAR2019         445       598   
+                                                         dcd B.1.1.1.1    23MAY2019         434       409   
-                                                         dcd B.1.1.1.1    25MAR2019         644        42   
+                                                         dcd A.1.1.1.2    23MAY2019         454       506   
-                                                         dcd B.2.2.3.1    25MAR2019         669       100   
+                                                         dcd A.1.1.1.2    23MAY2019         523       391   
-                                                         dcd C.2.1.2.1    25MAR2019         744       185   
+                                                         dcd A.1.1.1.1    23MAY2019         628       265   
-                                                         dcd C.2.1.2.1    25MAR2019         808       166   
+                                                         dcd C.2.1.2.1    23MAY2019         750       128   
-                                                         dcd B.2.1.2.1    25MAR2019         970        15   
+                                                         dcd A.1.1.1.2    23MAY2019         769        73   
-   CHN-1/64             34/F/BLACK OR AFRICAN AMERICAN   dcd B.2.1.2.1    28APR2019          31       678   
+   CHN-1/227            26/F/BLACK OR AFRICAN AMERICAN   dcd C.1.1.1.3    09APR2019         253       202   
-                                                         dcd D.1.1.1.1    28APR2019          92       254   
+                                                         dcd B.2.1.2.1    09APR2019         311       297   
-   \s\nACTARM: C: Combination
+   \s\nACTARM: B: Placebo
    
    ———————————————————————————————————————————————————————————————————————————————————————————————————————————
                                                                                                               

old[135:151] vs new[135:151]
                                                                     Extreme      Study     Outcome   Treatment
    Center/Patients ID            Age/Sex/Race            Serious   Intensity     Drug        (1)      for AE  
    ———————————————————————————————————————————————————————————————————————————————————————————————————————————
-   BRA-11/9             40/M/ASIAN                       No        MODERATE    No          2         No       
+   CAN-1/341            43/F/ASIAN                       Yes       MODERATE    No          5         Yes      
-                                                         Yes       MILD        No          5         No       
+                                                         No        MODERATE    No          5         Yes      
                                                          Yes       SEVERE      Yes         1         No       
-                                                         Yes       SEVERE      Yes         1         No       
+                                                         Yes       MODERATE    No          6         No       
-                                                         Yes       MILD        No          5         Yes      
+                                                         Yes       MODERATE    No          3         Yes      
-                                                         No        MODERATE    Yes         4         No       
+                                                         No        MILD        No          2         Yes      
-                                                         No        MODERATE    Yes         3         No       
+                                                         No        MODERATE    Yes         2         No       
-                                                         No        MODERATE    No          3         No       
+                                                         Yes       MODERATE    No          5         No       
-   CHN-1/64             34/F/BLACK OR AFRICAN AMERICAN   No        MODERATE    No          6         No       
+   CHN-1/227            26/F/BLACK OR AFRICAN AMERICAN   No        SEVERE      Yes         3         No       
-                                                         Yes       SEVERE      Yes         1         No       
+                                                         No        MODERATE    No          2         No       
-   \s\nACTARM: C: Combination
+   \s\nACTARM: B: Placebo
    
    ————————————————————————————————————————————————————————————
                                                                

old[153:165] vs new[153:165]
                                                          Taken 
    Center/Patients ID            Age/Sex/Race             (2)  
    ————————————————————————————————————————————————————————————
-   BRA-11/9             40/M/ASIAN                       3     
+   CAN-1/341            43/F/ASIAN                       2     
                                                          2     
                                                          6     
-                                                         6     
+                                                         1     
-                                                         2     
+                                                         3     
-                                                         3     
+                                                         2     
-                                                         6     
+                                                         2     
                                                          2     
-   CHN-1/64             34/F/BLACK OR AFRICAN AMERICAN   1     
+   CHN-1/227            26/F/BLACK OR AFRICAN AMERICAN   7     
-                                                         6     
+                                                         2     

* Run `testthat::snapshot_accept('ael02')` to accept the change.
* Run `testthat::snapshot_review('ael02')` to interactively review the change.</failure>
    </testcase>
    <testcase time="0.0579999999999998" classname="ael02" name="ael02_can_handle_all_missing_values"/>
    <testcase time="0.00100000000000033" classname="ael02" name="ael02_can_handle_all_missing_values"/>
    <testcase time="0.888" classname="ael02" name="ael02_can_handle_all_missing_values"/>
    <testcase time="0.0549999999999997" classname="ael02" name="ael02_functions_work_as_expected"/>
    <testcase time="0.00100000000000033" classname="ael02" name="ael02_functions_work_as_expected"/>
    <testcase time="0.885" classname="ael02" name="ael02_functions_work_as_expected">
      <failure type="failure" message="Snapshot of code has changed: ('test-ael02.R:39:3')">Snapshot of code has changed:
old[55:61] vs new[55:61]
                                                          6     
                                                          2     
                                                          6     
-   \s\nACTARM: B: Placebo
+   \s\nACTARM: C: Combination
    
    —————————————————————————————————————————————————————————————————————————————————————————————————————————
                                                                              Date of                        

old[63:79] vs new[63:79]
                                                           Event MedDRA         Drug        Day of   Duration
    Center/Patients ID            Age/Sex/Race            Preferred Term   Administration   Onset    in Days 
    —————————————————————————————————————————————————————————————————————————————————————————————————————————
-   CAN-1/341            43/F/ASIAN                       dcd A.1.1.1.2    23MAY2019          57       326   
+   BRA-11/9             40/M/ASIAN                       dcd D.1.1.4.2    25MAR2019         342       700   
-                                                         dcd B.2.1.2.1    23MAY2019         253        72   
+                                                         dcd B.2.2.3.1    25MAR2019         441        53   
-                                                         dcd B.1.1.1.1    23MAY2019         434       409   
+                                                         dcd D.1.1.1.1    25MAR2019         445       598   
-                                                         dcd A.1.1.1.2    23MAY2019         454       506   
+                                                         dcd B.1.1.1.1    25MAR2019         644        42   
-                                                         dcd A.1.1.1.2    23MAY2019         523       391   
+                                                         dcd B.2.2.3.1    25MAR2019         669       100   
-                                                         dcd A.1.1.1.1    23MAY2019         628       265   
+                                                         dcd C.2.1.2.1    25MAR2019         744       185   
-                                                         dcd C.2.1.2.1    23MAY2019         750       128   
+                                                         dcd C.2.1.2.1    25MAR2019         808       166   
-                                                         dcd A.1.1.1.2    23MAY2019         769        73   
+                                                         dcd B.2.1.2.1    25MAR2019         970        15   
-   CHN-1/227            26/F/BLACK OR AFRICAN AMERICAN   dcd C.1.1.1.3    09APR2019         253       202   
+   CHN-1/64             34/F/BLACK OR AFRICAN AMERICAN   dcd B.2.1.2.1    28APR2019          31       678   
-                                                         dcd B.2.1.2.1    09APR2019         311       297   
+                                                         dcd D.1.1.1.1    28APR2019          92       254   
-   \s\nACTARM: B: Placebo
+   \s\nACTARM: C: Combination
    
    ———————————————————————————————————————————————————————————————————————————————————————————————————————————
                                                                                                               

old[81:97] vs new[81:97]
                                                                     Extreme      Study     Outcome   Treatment
    Center/Patients ID            Age/Sex/Race            Serious   Intensity     Drug        (1)      for AE  
    ———————————————————————————————————————————————————————————————————————————————————————————————————————————
-   CAN-1/341            43/F/ASIAN                       Yes       MODERATE    No          5         Yes      
+   BRA-11/9             40/M/ASIAN                       No        MODERATE    No          2         No       
-                                                         No        MODERATE    No          5         Yes      
+                                                         Yes       MILD        No          5         No       
                                                          Yes       SEVERE      Yes         1         No       
-                                                         Yes       MODERATE    No          6         No       
+                                                         Yes       SEVERE      Yes         1         No       
-                                                         Yes       MODERATE    No          3         Yes      
+                                                         Yes       MILD        No          5         Yes      
-                                                         No        MILD        No          2         Yes      
+                                                         No        MODERATE    Yes         4         No       
-                                                         No        MODERATE    Yes         2         No       
+                                                         No        MODERATE    Yes         3         No       
-                                                         Yes       MODERATE    No          5         No       
+                                                         No        MODERATE    No          3         No       
-   CHN-1/227            26/F/BLACK OR AFRICAN AMERICAN   No        SEVERE      Yes         3         No       
+   CHN-1/64             34/F/BLACK OR AFRICAN AMERICAN   No        MODERATE    No          6         No       
-                                                         No        MODERATE    No          2         No       
+                                                         Yes       SEVERE      Yes         1         No       
-   \s\nACTARM: B: Placebo
+   \s\nACTARM: C: Combination
    
    ————————————————————————————————————————————————————————————
                                                                

old[99:115] vs new[99:115]
                                                          Taken 
    Center/Patients ID            Age/Sex/Race             (2)  
    ————————————————————————————————————————————————————————————
-   CAN-1/341            43/F/ASIAN                       2     
+   BRA-11/9             40/M/ASIAN                       3     
                                                          2     
                                                          6     
-                                                         1     
+                                                         6     
-                                                         3     
+                                                         2     
-                                                         2     
+                                                         3     
-                                                         2     
+                                                         6     
                                                          2     
-   CHN-1/227            26/F/BLACK OR AFRICAN AMERICAN   7     
+   CHN-1/64             34/F/BLACK OR AFRICAN AMERICAN   1     
-                                                         2     
+                                                         6     
-   \s\nACTARM: C: Combination
+   \s\nACTARM: B: Placebo
    
    —————————————————————————————————————————————————————————————————————————————————————————————————————————
                                                                              Date of                        

old[117:133] vs new[117:133]
                                                           Event MedDRA         Drug        Day of   Duration
    Center/Patients ID            Age/Sex/Race            Preferred Term   Administration   Onset    in Days 
    —————————————————————————————————————————————————————————————————————————————————————————————————————————
-   BRA-11/9             40/M/ASIAN                       dcd D.1.1.4.2    25MAR2019         342       700   
+   CAN-1/341            43/F/ASIAN                       dcd A.1.1.1.2    23MAY2019          57       326   
-                                                         dcd B.2.2.3.1    25MAR2019         441        53   
+                                                         dcd B.2.1.2.1    23MAY2019         253        72   
-                                                         dcd D.1.1.1.1    25MAR2019         445       598   
+                                                         dcd B.1.1.1.1    23MAY2019         434       409   
-                                                         dcd B.1.1.1.1    25MAR2019         644        42   
+                                                         dcd A.1.1.1.2    23MAY2019         454       506   
-                                                         dcd B.2.2.3.1    25MAR2019         669       100   
+                                                         dcd A.1.1.1.2    23MAY2019         523       391   
-                                                         dcd C.2.1.2.1    25MAR2019         744       185   
+                                                         dcd A.1.1.1.1    23MAY2019         628       265   
-                                                         dcd C.2.1.2.1    25MAR2019         808       166   
+                                                         dcd C.2.1.2.1    23MAY2019         750       128   
-                                                         dcd B.2.1.2.1    25MAR2019         970        15   
+                                                         dcd A.1.1.1.2    23MAY2019         769        73   
-   CHN-1/64             34/F/BLACK OR AFRICAN AMERICAN   dcd B.2.1.2.1    28APR2019          31       678   
+   CHN-1/227            26/F/BLACK OR AFRICAN AMERICAN   dcd C.1.1.1.3    09APR2019         253       202   
-                                                         dcd D.1.1.1.1    28APR2019          92       254   
+                                                         dcd B.2.1.2.1    09APR2019         311       297   
-   \s\nACTARM: C: Combination
+   \s\nACTARM: B: Placebo
    
    ———————————————————————————————————————————————————————————————————————————————————————————————————————————
                                                                                                               

old[135:151] vs new[135:151]
                                                                     Extreme      Study     Outcome   Treatment
    Center/Patients ID            Age/Sex/Race            Serious   Intensity     Drug        (1)      for AE  
    ———————————————————————————————————————————————————————————————————————————————————————————————————————————
-   BRA-11/9             40/M/ASIAN                       No        MODERATE    No          2         No       
+   CAN-1/341            43/F/ASIAN                       Yes       MODERATE    No          5         Yes      
-                                                         Yes       MILD        No          5         No       
+                                                         No        MODERATE    No          5         Yes      
                                                          Yes       SEVERE      Yes         1         No       
-                                                         Yes       SEVERE      Yes         1         No       
+                                                         Yes       MODERATE    No          6         No       
-                                                         Yes       MILD        No          5         Yes      
+                                                         Yes       MODERATE    No          3         Yes      
-                                                         No        MODERATE    Yes         4         No       
+                                                         No        MILD        No          2         Yes      
-                                                         No        MODERATE    Yes         3         No       
+                                                         No        MODERATE    Yes         2         No       
-                                                         No        MODERATE    No          3         No       
+                                                         Yes       MODERATE    No          5         No       
-   CHN-1/64             34/F/BLACK OR AFRICAN AMERICAN   No        MODERATE    No          6         No       
+   CHN-1/227            26/F/BLACK OR AFRICAN AMERICAN   No        SEVERE      Yes         3         No       
-                                                         Yes       SEVERE      Yes         1         No       
+                                                         No        MODERATE    No          2         No       
-   \s\nACTARM: C: Combination
+   \s\nACTARM: B: Placebo
    
    ————————————————————————————————————————————————————————————
                                                                

old[153:165] vs new[153:165]
                                                          Taken 
    Center/Patients ID            Age/Sex/Race             (2)  
    ————————————————————————————————————————————————————————————
-   BRA-11/9             40/M/ASIAN                       3     
+   CAN-1/341            43/F/ASIAN                       2     
                                                          2     
                                                          6     
-                                                         6     
+                                                         1     
-                                                         2     
+                                                         3     
-                                                         3     
+                                                         2     
-                                                         6     
+                                                         2     
                                                          2     
-   CHN-1/64             34/F/BLACK OR AFRICAN AMERICAN   1     
+   CHN-1/227            26/F/BLACK OR AFRICAN AMERICAN   7     
-                                                         6     
+                                                         2     

* Run `testthat::snapshot_accept('ael02')` to accept the change.
* Run `testthat::snapshot_review('ael02')` to interactively review the change.</failure>
    </testcase>
  </testsuite>
  <testsuite name="ael03" timestamp="2024-12-10T14:17:48Z" hostname="66676ee7d8da" tests="9" skipped="0" failures="2" errors="0" time="2.948">
    <testcase time="0.0819999999999999" classname="ael03" name="ael03_works_with_adae_dataset"/>
    <testcase time="0.00200000000000067" classname="ael03" name="ael03_works_with_adae_dataset"/>
    <testcase time="0.928999999999999" classname="ael03" name="ael03_works_with_adae_dataset">
      <failure type="failure" message="Snapshot of code has changed: ('test-ael03.R:9:3')">Snapshot of code has changed:
old[55:61] vs new[55:61]
                                                          6         
    CHN-2/395            28/M/BLACK OR AFRICAN AMERICAN   1         
    CHN-4/73             24/F/ASIAN                       6         
-   \s\nACTARM: B: Placebo
+   \s\nACTARM: C: Combination
    
    —————————————————————————————————————————————————————————————————————————————————————————————————————————
                                                                              Date of                        

old[63:79] vs new[63:79]
                                                           Event MedDRA         Drug        Day of   Duration
    Center/Patients ID            Age/Sex/Race            Preferred Term   Administration   Onset    in Days 
    —————————————————————————————————————————————————————————————————————————————————————————————————————————
-   CAN-1/341            43/F/ASIAN                       dcd A.1.1.1.2    23MAY2019          57       326   
+   BRA-11/9             40/M/ASIAN                       dcd B.2.2.3.1    25MAR2019         441        53   
-                                                         dcd B.1.1.1.1    23MAY2019         434       409   
+                                                         dcd D.1.1.1.1    25MAR2019         445       598   
-                                                         dcd A.1.1.1.2    23MAY2019         454       506   
+                                                         dcd B.1.1.1.1    25MAR2019         644        42   
-                                                         dcd A.1.1.1.2    23MAY2019         523       391   
+                                                         dcd B.2.2.3.1    25MAR2019         669       100   
-                                                         dcd A.1.1.1.2    23MAY2019         769        73   
+   CHN-1/64             34/F/BLACK OR AFRICAN AMERICAN   dcd D.1.1.1.1    28APR2019          92       254   
-   CHN-1/227            26/F/BLACK OR AFRICAN AMERICAN   dcd A.1.1.1.2    09APR2019         685       309   
+                                                         dcd A.1.1.1.2    28APR2019         449       516   
-                                                         dcd B.2.2.3.1    09APR2019         803       129   
+                                                         dcd A.1.1.1.2    28APR2019         593        51   
-   CHN-11/220           26/F/ASIAN                       dcd D.1.1.1.1    01MAR2019         876       175   
+                                                         dcd D.1.1.1.1    28APR2019         671        32   
-                                                         dcd B.1.1.1.1    01MAR2019         910       162   
+                                                         dcd D.1.1.1.1    28APR2019         937        36   
-   CHN-11/38            25/F/WHITE                       dcd A.1.1.1.2    17JUN2019         523       536   
+   CHN-15/262           35/M/BLACK OR AFRICAN AMERICAN   dcd B.1.1.1.1    26FEB2019         124       456   
-   \s\nACTARM: B: Placebo
+   \s\nACTARM: C: Combination
    
    ——————————————————————————————————————————————————————————————————————————————————————————————————————————
                                                                                                              

old[81:97] vs new[81:97]
                                                           Extreme      Study     Outcome   Treatment   Taken 
    Center/Patients ID            Age/Sex/Race            Intensity     Drug        (1)      for AE      (2)  
    ——————————————————————————————————————————————————————————————————————————————————————————————————————————
-   CAN-1/341            43/F/ASIAN                       MODERATE    No          5         Yes         2     
+   BRA-11/9             40/M/ASIAN                       MILD        No          5         No          2     
                                                          SEVERE      Yes         1         No          6     
-                                                         MODERATE    No          6         No          1     
+                                                         SEVERE      Yes         1         No          6     
-                                                         MODERATE    No          3         Yes         3     
+                                                         MILD        No          5         Yes         2     
-                                                         MODERATE    No          5         No          2     
+   CHN-1/64             34/F/BLACK OR AFRICAN AMERICAN   SEVERE      Yes         1         No          6     
-   CHN-1/227            26/F/BLACK OR AFRICAN AMERICAN   MODERATE    No          6         Yes         2     
+                                                         MODERATE    No          5         Yes         3     
-                                                         MILD        No          6         No          6     
+                                                         MODERATE    No          5         Yes         3     
-   CHN-11/220           26/F/ASIAN                       SEVERE      Yes         1         No          6     
+                                                         SEVERE      Yes         1         No          6     
                                                          SEVERE      Yes         1         No          6     
-   CHN-11/38            25/F/WHITE                       MODERATE    No          2         No          2     
+   CHN-15/262           35/M/BLACK OR AFRICAN AMERICAN   SEVERE      Yes         1         No          6     
-   \s\nACTARM: B: Placebo
+   \s\nACTARM: C: Combination
    
    ————————————————————————————————————————————————————————————————
                                                            Reason  

old[99:115] vs new[99:115]
                                                          as Serious
    Center/Patients ID            Age/Sex/Race               (3)    
    ————————————————————————————————————————————————————————————————
-   CAN-1/341            43/F/ASIAN                       6         
+   BRA-11/9             40/M/ASIAN                       3         
                                                          1         
-                                                         3         
+                                                         1         
-                                                         6         
+                                                         3         
-                                                         5         
+   CHN-1/64             34/F/BLACK OR AFRICAN AMERICAN   1         
-   CHN-1/227            26/F/BLACK OR AFRICAN AMERICAN   3         
+                                                         6         
-                                                         6         
+                                                         3         
-   CHN-11/220           26/F/ASIAN                       1         
+                                                         1         
                                                          1         
-   CHN-11/38            25/F/WHITE                       5         
+   CHN-15/262           35/M/BLACK OR AFRICAN AMERICAN   1         
-   \s\nACTARM: C: Combination
+   \s\nACTARM: B: Placebo
    
    —————————————————————————————————————————————————————————————————————————————————————————————————————————
                                                                              Date of                        

old[117:133] vs new[117:133]
                                                           Event MedDRA         Drug        Day of   Duration
    Center/Patients ID            Age/Sex/Race            Preferred Term   Administration   Onset    in Days 
    —————————————————————————————————————————————————————————————————————————————————————————————————————————
-   BRA-11/9             40/M/ASIAN                       dcd B.2.2.3.1    25MAR2019         441        53   
+   CAN-1/341            43/F/ASIAN                       dcd A.1.1.1.2    23MAY2019          57       326   
-                                                         dcd D.1.1.1.1    25MAR2019         445       598   
+                                                         dcd B.1.1.1.1    23MAY2019         434       409   
-                                                         dcd B.1.1.1.1    25MAR2019         644        42   
+                                                         dcd A.1.1.1.2    23MAY2019         454       506   
-                                                         dcd B.2.2.3.1    25MAR2019         669       100   
+                                                         dcd A.1.1.1.2    23MAY2019         523       391   
-   CHN-1/64             34/F/BLACK OR AFRICAN AMERICAN   dcd D.1.1.1.1    28APR2019          92       254   
+                                                         dcd A.1.1.1.2    23MAY2019         769        73   
-                                                         dcd A.1.1.1.2    28APR2019         449       516   
+   CHN-1/227            26/F/BLACK OR AFRICAN AMERICAN   dcd A.1.1.1.2    09APR2019         685       309   
-                                                         dcd A.1.1.1.2    28APR2019         593        51   
+                                                         dcd B.2.2.3.1    09APR2019         803       129   
-                                                         dcd D.1.1.1.1    28APR2019         671        32   
+   CHN-11/220           26/F/ASIAN                       dcd D.1.1.1.1    01MAR2019         876       175   
-                                                         dcd D.1.1.1.1    28APR2019         937        36   
+                                                         dcd B.1.1.1.1    01MAR2019         910       162   
-   CHN-15/262           35/M/BLACK OR AFRICAN AMERICAN   dcd B.1.1.1.1    26FEB2019         124       456   
+   CHN-11/38            25/F/WHITE                       dcd A.1.1.1.2    17JUN2019         523       536   
-   \s\nACTARM: C: Combination
+   \s\nACTARM: B: Placebo
    
    ——————————————————————————————————————————————————————————————————————————————————————————————————————————
                                                                                                              

old[135:151] vs new[135:151]
                                                           Extreme      Study     Outcome   Treatment   Taken 
    Center/Patients ID            Age/Sex/Race            Intensity     Drug        (1)      for AE      (2)  
    ——————————————————————————————————————————————————————————————————————————————————————————————————————————
-   BRA-11/9             40/M/ASIAN                       MILD        No          5         No          2     
+   CAN-1/341            43/F/ASIAN                       MODERATE    No          5         Yes         2     
                                                          SEVERE      Yes         1         No          6     
-                                                         SEVERE      Yes         1         No          6     
+                                                         MODERATE    No          6         No          1     
-                                                         MILD        No          5         Yes         2     
+                                                         MODERATE    No          3         Yes         3     
-   CHN-1/64             34/F/BLACK OR AFRICAN AMERICAN   SEVERE      Yes         1         No          6     
+                                                         MODERATE    No          5         No          2     
-                                                         MODERATE    No          5         Yes         3     
+   CHN-1/227            26/F/BLACK OR AFRICAN AMERICAN   MODERATE    No          6         Yes         2     
-                                                         MODERATE    No          5         Yes         3     
+                                                         MILD        No          6         No          6     
-                                                         SEVERE      Yes         1         No          6     
+   CHN-11/220           26/F/ASIAN                       SEVERE      Yes         1         No          6     
                                                          SEVERE      Yes         1         No          6     
-   CHN-15/262           35/M/BLACK OR AFRICAN AMERICAN   SEVERE      Yes         1         No          6     
+   CHN-11/38            25/F/WHITE                       MODERATE    No          2         No          2     
-   \s\nACTARM: C: Combination
+   \s\nACTARM: B: Placebo
    
    ————————————————————————————————————————————————————————————————
                                                            Reason  

old[153:165] vs new[153:165]
                                                          as Serious
    Center/Patients ID            Age/Sex/Race               (3)    
    ————————————————————————————————————————————————————————————————
-   BRA-11/9             40/M/ASIAN                       3         
+   CAN-1/341            43/F/ASIAN                       6         
                                                          1         
-                                                         1         
+                                                         3         
-                                                         3         
+                                                         6         
-   CHN-1/64             34/F/BLACK OR AFRICAN AMERICAN   1         
+                                                         5         
-                                                         6         
+   CHN-1/227            26/F/BLACK OR AFRICAN AMERICAN   3         
-                                                         3         
+                                                         6         
-                                                         1         
+   CHN-11/220           26/F/ASIAN                       1         
                                                          1         
-   CHN-15/262           35/M/BLACK OR AFRICAN AMERICAN   1         
+   CHN-11/38            25/F/WHITE                       5         

* Run `testthat::snapshot_accept('ael03')` to accept the change.
* Run `testthat::snapshot_review('ael03')` to interactively review the change.</failure>
    </testcase>
    <testcase time="0.0659999999999998" classname="ael03" name="ael03_can_handle_all_missing_values"/>
    <testcase time="0.00100000000000033" classname="ael03" name="ael03_can_handle_all_missing_values"/>
    <testcase time="0.905" classname="ael03" name="ael03_can_handle_all_missing_values"/>
    <testcase time="0.0510000000000002" classname="ael03" name="ael03_functions_work_as_expected"/>
    <testcase time="0.000999999999999446" classname="ael03" name="ael03_functions_work_as_expected"/>
    <testcase time="0.911" classname="ael03" name="ael03_functions_work_as_expected">
      <failure type="failure" message="Snapshot of code has changed: ('test-ael03.R:39:3')">Snapshot of code has changed:
old[55:61] vs new[55:61]
                                                          6         
    CHN-2/395            28/M/BLACK OR AFRICAN AMERICAN   1         
    CHN-4/73             24/F/ASIAN                       6         
-   \s\nACTARM: B: Placebo
+   \s\nACTARM: C: Combination
    
    —————————————————————————————————————————————————————————————————————————————————————————————————————————
                                                                              Date of                        

old[63:79] vs new[63:79]
                                                           Event MedDRA         Drug        Day of   Duration
    Center/Patients ID            Age/Sex/Race            Preferred Term   Administration   Onset    in Days 
    —————————————————————————————————————————————————————————————————————————————————————————————————————————
-   CAN-1/341            43/F/ASIAN                       dcd A.1.1.1.2    23MAY2019          57       326   
+   BRA-11/9             40/M/ASIAN                       dcd B.2.2.3.1    25MAR2019         441        53   
-                                                         dcd B.1.1.1.1    23MAY2019         434       409   
+                                                         dcd D.1.1.1.1    25MAR2019         445       598   
-                                                         dcd A.1.1.1.2    23MAY2019         454       506   
+                                                         dcd B.1.1.1.1    25MAR2019         644        42   
-                                                         dcd A.1.1.1.2    23MAY2019         523       391   
+                                                         dcd B.2.2.3.1    25MAR2019         669       100   
-                                                         dcd A.1.1.1.2    23MAY2019         769        73   
+   CHN-1/64             34/F/BLACK OR AFRICAN AMERICAN   dcd D.1.1.1.1    28APR2019          92       254   
-   CHN-1/227            26/F/BLACK OR AFRICAN AMERICAN   dcd A.1.1.1.2    09APR2019         685       309   
+                                                         dcd A.1.1.1.2    28APR2019         449       516   
-                                                         dcd B.2.2.3.1    09APR2019         803       129   
+                                                         dcd A.1.1.1.2    28APR2019         593        51   
-   CHN-11/220           26/F/ASIAN                       dcd D.1.1.1.1    01MAR2019         876       175   
+                                                         dcd D.1.1.1.1    28APR2019         671        32   
-                                                         dcd B.1.1.1.1    01MAR2019         910       162   
+                                                         dcd D.1.1.1.1    28APR2019         937        36   
-   CHN-11/38            25/F/WHITE                       dcd A.1.1.1.2    17JUN2019         523       536   
+   CHN-15/262           35/M/BLACK OR AFRICAN AMERICAN   dcd B.1.1.1.1    26FEB2019         124       456   
-   \s\nACTARM: B: Placebo
+   \s\nACTARM: C: Combination
    
    ——————————————————————————————————————————————————————————————————————————————————————————————————————————
                                                                                                              

old[81:97] vs new[81:97]
                                                           Extreme      Study     Outcome   Treatment   Taken 
    Center/Patients ID            Age/Sex/Race            Intensity     Drug        (1)      for AE      (2)  
    ——————————————————————————————————————————————————————————————————————————————————————————————————————————
-   CAN-1/341            43/F/ASIAN                       MODERATE    No          5         Yes         2     
+   BRA-11/9             40/M/ASIAN                       MILD        No          5         No          2     
                                                          SEVERE      Yes         1         No          6     
-                                                         MODERATE    No          6         No          1     
+                                                         SEVERE      Yes         1         No          6     
-                                                         MODERATE    No          3         Yes         3     
+                                                         MILD        No          5         Yes         2     
-                                                         MODERATE    No          5         No          2     
+   CHN-1/64             34/F/BLACK OR AFRICAN AMERICAN   SEVERE      Yes         1         No          6     
-   CHN-1/227            26/F/BLACK OR AFRICAN AMERICAN   MODERATE    No          6         Yes         2     
+                                                         MODERATE    No          5         Yes         3     
-                                                         MILD        No          6         No          6     
+                                                         MODERATE    No          5         Yes         3     
-   CHN-11/220           26/F/ASIAN                       SEVERE      Yes         1         No          6     
+                                                         SEVERE      Yes         1         No          6     
                                                          SEVERE      Yes         1         No          6     
-   CHN-11/38            25/F/WHITE                       MODERATE    No          2         No          2     
+   CHN-15/262           35/M/BLACK OR AFRICAN AMERICAN   SEVERE      Yes         1         No          6     
-   \s\nACTARM: B: Placebo
+   \s\nACTARM: C: Combination
    
    ————————————————————————————————————————————————————————————————
                                                            Reason  

old[99:115] vs new[99:115]
                                                          as Serious
    Center/Patients ID            Age/Sex/Race               (3)    
    ————————————————————————————————————————————————————————————————
-   CAN-1/341            43/F/ASIAN                       6         
+   BRA-11/9             40/M/ASIAN                       3         
                                                          1         
-                                                         3         
+                                                         1         
-                                                         6         
+                                                         3         
-                                                         5         
+   CHN-1/64             34/F/BLACK OR AFRICAN AMERICAN   1         
-   CHN-1/227            26/F/BLACK OR AFRICAN AMERICAN   3         
+                                                         6         
-                                                         6         
+                                                         3         
-   CHN-11/220           26/F/ASIAN                       1         
+                                                         1         
                                                          1         
-   CHN-11/38            25/F/WHITE                       5         
+   CHN-15/262           35/M/BLACK OR AFRICAN AMERICAN   1         
-   \s\nACTARM: C: Combination
+   \s\nACTARM: B: Placebo
    
    —————————————————————————————————————————————————————————————————————————————————————————————————————————
                                                                              Date of                        

old[117:133] vs new[117:133]
                                                           Event MedDRA         Drug        Day of   Duration
    Center/Patients ID            Age/Sex/Race            Preferred Term   Administration   Onset    in Days 
    —————————————————————————————————————————————————————————————————————————————————————————————————————————
-   BRA-11/9             40/M/ASIAN                       dcd B.2.2.3.1    25MAR2019         441        53   
+   CAN-1/341            43/F/ASIAN                       dcd A.1.1.1.2    23MAY2019          57       326   
-                                                         dcd D.1.1.1.1    25MAR2019         445       598   
+                                                         dcd B.1.1.1.1    23MAY2019         434       409   
-                                                         dcd B.1.1.1.1    25MAR2019         644        42   
+                                                         dcd A.1.1.1.2    23MAY2019         454       506   
-                                                         dcd B.2.2.3.1    25MAR2019         669       100   
+                                                         dcd A.1.1.1.2    23MAY2019         523       391   
-   CHN-1/64             34/F/BLACK OR AFRICAN AMERICAN   dcd D.1.1.1.1    28APR2019          92       254   
+                                                         dcd A.1.1.1.2    23MAY2019         769        73   
-                                                         dcd A.1.1.1.2    28APR2019         449       516   
+   CHN-1/227            26/F/BLACK OR AFRICAN AMERICAN   dcd A.1.1.1.2    09APR2019         685       309   
-                                                         dcd A.1.1.1.2    28APR2019         593        51   
+                                                         dcd B.2.2.3.1    09APR2019         803       129   
-                                                         dcd D.1.1.1.1    28APR2019         671        32   
+   CHN-11/220           26/F/ASIAN                       dcd D.1.1.1.1    01MAR2019         876       175   
-                                                         dcd D.1.1.1.1    28APR2019         937        36   
+                                                         dcd B.1.1.1.1    01MAR2019         910       162   
-   CHN-15/262           35/M/BLACK OR AFRICAN AMERICAN   dcd B.1.1.1.1    26FEB2019         124       456   
+   CHN-11/38            25/F/WHITE                       dcd A.1.1.1.2    17JUN2019         523       536   
-   \s\nACTARM: C: Combination
+   \s\nACTARM: B: Placebo
    
    ——————————————————————————————————————————————————————————————————————————————————————————————————————————
                                                                                                              

old[135:151] vs new[135:151]
                                                           Extreme      Study     Outcome   Treatment   Taken 
    Center/Patients ID            Age/Sex/Race            Intensity     Drug        (1)      for AE      (2)  
    ——————————————————————————————————————————————————————————————————————————————————————————————————————————
-   BRA-11/9             40/M/ASIAN                       MILD        No          5         No          2     
+   CAN-1/341            43/F/ASIAN                       MODERATE    No          5         Yes         2     
                                                          SEVERE      Yes         1         No          6     
-                                                         SEVERE      Yes         1         No          6     
+                                                         MODERATE    No          6         No          1     
-                                                         MILD        No          5         Yes         2     
+                                                         MODERATE    No          3         Yes         3     
-   CHN-1/64             34/F/BLACK OR AFRICAN AMERICAN   SEVERE      Yes         1         No          6     
+                                                         MODERATE    No          5         No          2     
-                                                         MODERATE    No          5         Yes         3     
+   CHN-1/227            26/F/BLACK OR AFRICAN AMERICAN   MODERATE    No          6         Yes         2     
-                                                         MODERATE    No          5         Yes         3     
+                                                         MILD        No          6         No          6     
-                                                         SEVERE      Yes         1         No          6     
+   CHN-11/220           26/F/ASIAN                       SEVERE      Yes         1         No          6     
                                                          SEVERE      Yes         1         No          6     
-   CHN-15/262           35/M/BLACK OR AFRICAN AMERICAN   SEVERE      Yes         1         No          6     
+   CHN-11/38            25/F/WHITE                       MODERATE    No          2         No          2     
-   \s\nACTARM: C: Combination
+   \s\nACTARM: B: Placebo
    
    ————————————————————————————————————————————————————————————————
                                                            Reason  

old[153:165] vs new[153:165]
                                                          as Serious
    Center/Patients ID            Age/Sex/Race               (3)    
    ————————————————————————————————————————————————————————————————
-   BRA-11/9             40/M/ASIAN                       3         
+   CAN-1/341            43/F/ASIAN                       6         
                                                          1         
-                                                         1         
+                                                         3         
-                                                         3         
+                                                         6         
-   CHN-1/64             34/F/BLACK OR AFRICAN AMERICAN   1         
+                                                         5         
-                                                         6         
+   CHN-1/227            26/F/BLACK OR AFRICAN AMERICAN   3         
-                                                         3         
+                                                         6         
-                                                         1         
+   CHN-11/220           26/F/ASIAN                       1         
                                                          1         
-   CHN-15/262           35/M/BLACK OR AFRICAN AMERICAN   1         
+   CHN-11/38            25/F/WHITE                       5         

* Run `testthat::snapshot_accept('ael03')` to accept the change.
* Run `testthat::snapshot_review('ael03')` to interactively review the change.</failure>
    </testcase>
  </testsuite>
  <testsuite name="aet01" timestamp="2024-12-10T14:17:51Z" hostname="66676ee7d8da" tests="13" skipped="0" failures="0" errors="0" time="3.297">
    <testcase time="0.402999999999999" classname="aet01" name="aet01_can_handle_all_NA_values"/>
    <testcase time="0.285" classname="aet01" name="aet01_can_handle_all_NA_values"/>
    <testcase time="0.279" classname="aet01" name="aet01_can_handle_all_NA_values"/>
    <testcase time="0.398999999999999" classname="aet01" name="aet01_can_handle_all_NA_values"/>
    <testcase time="0.249000000000001" classname="aet01" name="aet01_can_handle_some_NA_values"/>
    <testcase time="0.266" classname="aet01" name="aet01_can_handle_some_NA_values"/>
    <testcase time="0.193999999999999" classname="aet01" name="aet01_can_use_custom_anl_vars"/>
    <testcase time="0.165000000000001" classname="aet01" name="aet01_can_use_custom_anl_vars"/>
    <testcase time="0.0589999999999993" classname="aet01" name="aet01_fails_on_incomplete_data_input"/>
    <testcase time="0.283000000000001" classname="aet01" name="aet01_can_use_custom_medconcept_var"/>
    <testcase time="0.282999999999999" classname="aet01" name="aet01_can_use_custom_medconcept_var"/>
    <testcase time="0.189" classname="aet01" name="aet01_can_conditionally_show_the_number_of_withdrawal"/>
    <testcase time="0.243" classname="aet01" name="aet01_can_conditionally_show_the_number_of_withdrawal"/>
  </testsuite>
  <testsuite name="aet01_aesi" timestamp="2024-12-10T14:17:54Z" hostname="66676ee7d8da" tests="9" skipped="0" failures="0" errors="0" time="2.016">
    <testcase time="0.197999999999999" classname="aet01_aesi" name="aet01_aesi_can_handle_all_NA_values"/>
    <testcase time="0.254000000000001" classname="aet01_aesi" name="aet01_aesi_can_handle_all_NA_values"/>
    <testcase time="0.184999999999999" classname="aet01_aesi" name="aet01_aesi_can_handle_all_NA_values"/>
    <testcase time="0.211" classname="aet01_aesi" name="aet01_aesi_can_handle_all_NA_values"/>
    <testcase time="0.193000000000001" classname="aet01_aesi" name="aet01_aesi_can_handle_some_NA_values"/>
    <testcase time="0.263999999999999" classname="aet01_aesi" name="aet01_aesi_can_handle_some_NA_values"/>
    <testcase time="0.267999999999999" classname="aet01_aesi" name="aet01_aesi_works_with_ALL_argument"/>
    <testcase time="0.387" classname="aet01_aesi" name="aet01_aesi_works_with_ALL_argument"/>
    <testcase time="0.0560000000000009" classname="aet01_aesi" name="aet01_aesi_check_fails_on_incomplete_data_input"/>
  </testsuite>
  <testsuite name="aet02" timestamp="2024-12-10T14:17:56Z" hostname="66676ee7d8da" tests="4" skipped="0" failures="0" errors="0" time="2.428">
    <testcase time="0.0499999999999989" classname="aet02" name="aet02_fails_on_incomplete_data_input"/>
    <testcase time="0.127000000000001" classname="aet02" name="aet02_handle_empty_data_input"/>
    <testcase time="1.471" classname="aet02" name="aet02_can_have_different_levels_of_row_split"/>
    <testcase time="0.780000000000001" classname="aet02" name="aet02_can_have_different_levels_of_row_split"/>
  </testsuite>
  <testsuite name="aet03" timestamp="2024-12-10T14:17:59Z" hostname="66676ee7d8da" tests="4" skipped="0" failures="0" errors="0" time="2.571">
    <testcase time="0.273" classname="aet03" name="aet03_can_handle_NA_values"/>
    <testcase time="0.259999999999998" classname="aet03" name="aet03_can_handle_NA_values"/>
    <testcase time="1.304" classname="aet03" name="aet03_can_handle_some_NA_values"/>
    <testcase time="0.733999999999998" classname="aet03" name="aet03_can_handle_some_NA_values"/>
  </testsuite>
  <testsuite name="aet04" timestamp="2024-12-10T14:18:01Z" hostname="66676ee7d8da" tests="12" skipped="0" failures="0" errors="0" time="11.733">
    <testcase time="0.438000000000002" classname="aet04" name="aet04_can_handle_NA_values"/>
    <testcase time="0.43" classname="aet04" name="aet04_can_handle_NA_values"/>
    <testcase time="0.421999999999997" classname="aet04" name="aet04_can_handle_NA_values"/>
    <testcase time="0.00400000000000134" classname="aet04" name="aet04_can_handle_NA_values"/>
    <testcase time="0.423000000000002" classname="aet04" name="aet04_can_handle_NA_values"/>
    <testcase time="0.419999999999998" classname="aet04" name="aet04_can_handle_NA_values"/>
    <testcase time="2.352" classname="aet04" name="aet04_can_handle_some_NA_values"/>
    <testcase time="1.178" classname="aet04" name="aet04_can_handle_some_NA_values"/>
    <testcase time="2.354" classname="aet04" name="aet04_can_handle_some_NA_values"/>
    <testcase time="0.00600000000000023" classname="aet04" name="aet04_can_handle_some_NA_values"/>
    <testcase time="2.374" classname="aet04" name="aet04_can_handle_some_NA_values"/>
    <testcase time="1.332" classname="aet04" name="aet04_can_handle_some_NA_values"/>
  </testsuite>
  <testsuite name="aet05" timestamp="2024-12-10T14:18:13Z" hostname="66676ee7d8da" tests="6" skipped="0" failures="0" errors="0" time="1.15">
    <testcase time="0.129999999999999" classname="aet05" name="aet05_can_handle_NA_values"/>
    <testcase time="0.237000000000002" classname="aet05" name="aet05_can_handle_NA_values"/>
    <testcase time="0.131999999999998" classname="aet05" name="aet05_can_handle_some_NA_values"/>
    <testcase time="0.263000000000002" classname="aet05" name="aet05_can_handle_some_NA_values"/>
    <testcase time="0.121999999999996" classname="aet05" name="aet05_can_handle_some_NA_values"/>
    <testcase time="0.266000000000005" classname="aet05" name="aet05_can_handle_some_NA_values"/>
  </testsuite>
  <testsuite name="aet05_all" timestamp="2024-12-10T14:18:14Z" hostname="66676ee7d8da" tests="6" skipped="0" failures="0" errors="0" time="1.184">
    <testcase time="0.141999999999996" classname="aet05_all" name="aet05_all_can_handle_NA_values"/>
    <testcase time="0.236000000000004" classname="aet05_all" name="aet05_all_can_handle_NA_values"/>
    <testcase time="0.129999999999995" classname="aet05_all" name="aet05_all_can_handle_some_NA_values"/>
    <testcase time="0.260000000000005" classname="aet05_all" name="aet05_all_can_handle_some_NA_values"/>
    <testcase time="0.131999999999998" classname="aet05_all" name="aet05_all_can_handle_some_NA_values"/>
    <testcase time="0.283999999999999" classname="aet05_all" name="aet05_all_can_handle_some_NA_values"/>
  </testsuite>
  <testsuite name="aet10" timestamp="2024-12-10T14:18:15Z" hostname="66676ee7d8da" tests="4" skipped="0" failures="0" errors="0" time="0.502">
    <testcase time="0.070999999999998" classname="aet10" name="aet10_can_handle_NA_values"/>
    <testcase time="0.116" classname="aet10" name="aet10_can_handle_NA_values"/>
    <testcase time="0.097999999999999" classname="aet10" name="aet10_can_handle_some_NA_values"/>
    <testcase time="0.217000000000006" classname="aet10" name="aet10_can_handle_some_NA_values"/>
  </testsuite>
  <testsuite name="assertions" timestamp="2024-12-10T14:18:16Z" hostname="66676ee7d8da" tests="33" skipped="0" failures="0" errors="0" time="0.171">
    <testcase time="0.00799999999999557" classname="assertions" name="assert_valid_var.character_works_as_expected"/>
    <testcase time="0.00500000000000256" classname="assertions" name="assert_valid_var.character_works_as_expected"/>
    <testcase time="0.00500000000000256" classname="assertions" name="assert_valid_var.character_works_as_expected"/>
    <testcase time="0.00399999999999778" classname="assertions" name="assert_valid_var.character_works_as_expected"/>
    <testcase time="0.00199999999999534" classname="assertions" name="assert_valid_var.character_works_as_expected"/>
    <testcase time="0.00400000000000489" classname="assertions" name="assert_valid_var.factor_works_as_expected"/>
    <testcase time="0.00499999999999545" classname="assertions" name="assert_valid_var.factor_works_as_expected"/>
    <testcase time="0.00400000000000489" classname="assertions" name="assert_valid_var.factor_works_as_expected"/>
    <testcase time="0.00499999999999545" classname="assertions" name="assert_valid_var.factor_works_as_expected"/>
    <testcase time="0.00100000000000477" classname="assertions" name="assert_valid_var.factor_works_as_expected"/>
    <testcase time="0.00499999999999545" classname="assertions" name="assert_valid_var.logical_works_as_expected"/>
    <testcase time="0.00500000000000256" classname="assertions" name="assert_valid_var.logical_works_as_expected"/>
    <testcase time="0.00399999999999778" classname="assertions" name="assert_valid_var.logical_works_as_expected"/>
    <testcase time="0.00200000000000244" classname="assertions" name="assert_valid_var.logical_works_as_expected"/>
    <testcase time="0.00399999999999778" classname="assertions" name="assert_valid_var.numeric_works_as_expected"/>
    <testcase time="0.00500000000000256" classname="assertions" name="assert_valid_var.numeric_works_as_expected"/>
    <testcase time="0.00399999999999778" classname="assertions" name="assert_valid_var.numeric_works_as_expected"/>
    <testcase time="0.00200000000000244" classname="assertions" name="assert_valid_var.numeric_works_as_expected"/>
    <testcase time="0.00399999999999778" classname="assertions" name="assert_valid_var.numeric_works_as_expected"/>
    <testcase time="0.00200000000000244" classname="assertions" name="assert_valid_var.numeric_works_as_expected"/>
    <testcase time="0.0169999999999959" classname="assertions" name="assert_valid_var.POSIXct_works_as_expected"/>
    <testcase time="0.017000000000003" classname="assertions" name="assert_valid_var.POSIXct_works_as_expected"/>
    <testcase time="0.00600000000000023" classname="assertions" name="assert_valid_variable_works_as_expected"/>
    <testcase time="0.00200000000000244" classname="assertions" name="assert_valid_variable_works_as_expected"/>
    <testcase time="0.00600000000000023" classname="assertions" name="assert_valid_variable_works_as_expected"/>
    <testcase time="0.00199999999999534" classname="assertions" name="assert_valid_variable_works_as_expected"/>
    <testcase time="0.0110000000000028" classname="assertions" name="assert_valid_variable_works_as_expected"/>
    <testcase time="0.00300000000000011" classname="assertions" name="assert_valid_variable_works_as_expected"/>
    <testcase time="0.00600000000000023" classname="assertions" name="assert_valid_var_pair_works_as_expected_with_character"/>
    <testcase time="0.00600000000000023" classname="assertions" name="assert_valid_var_pair_works_as_expected_with_character"/>
    <testcase time="0.00499999999999545" classname="assertions" name="assert_valid_var_pair_works_as_expected_with_factor"/>
    <testcase time="0.00500000000000256" classname="assertions" name="assert_valid_var_pair_works_as_expected_with_factor"/>
    <testcase time="0.00500000000000256" classname="assertions" name="assert_valid_var_pair_works_as_expected_with_factor"/>
  </testsuite>
  <testsuite name="cfbt01" timestamp="2024-12-10T14:18:16Z" hostname="66676ee7d8da" tests="3" skipped="0" failures="0" errors="0" time="9.016">
    <testcase time="6.656" classname="cfbt01" name="cfbt01_functions_with_default_argument_value_return_expected_result_with_test_data"/>
    <testcase time="0.774000000000001" classname="cfbt01" name="cfbt01_can_handle_n_0_and_outputs_NE_instead_of_infs_and_NAs"/>
    <testcase time="1.586" classname="cfbt01" name="cfbt01_can_handle_n_0_and_outputs_NE_instead_of_infs_and_NAs"/>
  </testsuite>
  <testsuite name="checks" timestamp="2024-12-10T14:18:25Z" hostname="66676ee7d8da" tests="8" skipped="0" failures="0" errors="0" time="0.027">
    <testcase time="0.00900000000000034" classname="checks" name="check_all_colnames_works_as_expected"/>
    <testcase time="0.00200000000000244" classname="checks" name="check_all_colnames_works_as_expected"/>
    <testcase time="0.00199999999999534" classname="checks" name="check_all_colnames_works_as_expected"/>
    <testcase time="0.00300000000000011" classname="checks" name="check_all_colnames_works_as_expected"/>
    <testcase time="0.00400000000000489" classname="checks" name="check_one_colnames_works_as_expected"/>
    <testcase time="0.00300000000000011" classname="checks" name="check_one_colnames_works_as_expected"/>
    <testcase time="0.000999999999997669" classname="checks" name="check_one_colnames_works_as_expected"/>
    <testcase time="0.00300000000000011" classname="checks" name="check_one_colnames_works_as_expected"/>
  </testsuite>
  <testsuite name="chevron_tlg-class" timestamp="2024-12-10T14:18:25Z" hostname="66676ee7d8da" tests="27" skipped="0" failures="0" errors="0" time="0.099">
    <testcase time="0.00799999999999557" classname="chevron_tlg_class" name="chevron_t_object_can_be_constructed_with_default_values"/>
    <testcase time="0.00300000000000011" classname="chevron_tlg_class" name="chevron_t_object_can_be_constructed_with_default_values"/>
    <testcase time="0.00500000000000256" classname="chevron_tlg_class" name="chevron_t_object_can_be_constructed_with_custom_values"/>
    <testcase time="0.00300000000000011" classname="chevron_tlg_class" name="chevron_t_object_can_be_constructed_with_custom_values"/>
    <testcase time="0.00200000000000244" classname="chevron_tlg_class" name="chevron_t_object_can_be_constructed_with_custom_values"/>
    <testcase time="0.00300000000000011" classname="chevron_tlg_class" name="chevron_t_object_can_be_constructed_with_custom_values"/>
    <testcase time="0.00600000000000023" classname="chevron_tlg_class" name="chevron_t_constructor_returns_an_error_when_expected"/>
    <testcase time="0.000999999999997669" classname="chevron_tlg_class" name="chevron_t_constructor_returns_an_error_when_expected"/>
    <testcase time="0.000999999999997669" classname="chevron_tlg_class" name="chevron_t_constructor_returns_an_error_when_expected"/>
    <testcase time="0.00100000000000477" classname="chevron_tlg_class" name="chevron_t_constructor_returns_an_error_when_expected"/>
    <testcase time="0.000999999999997669" classname="chevron_tlg_class" name="chevron_t_constructor_returns_an_error_when_expected"/>
    <testcase time="0.000999999999997669" classname="chevron_tlg_class" name="chevron_t_constructor_returns_an_error_when_expected"/>
    <testcase time="0.00600000000000023" classname="chevron_tlg_class" name="chevron_l_object_can_be_constructed_with_default_values"/>
    <testcase time="0.00200000000000244" classname="chevron_tlg_class" name="chevron_l_object_can_be_constructed_with_default_values"/>
    <testcase time="0.00600000000000023" classname="chevron_tlg_class" name="chevron_g_object_can_be_constructed_with_custom_values"/>
    <testcase time="0.00300000000000011" classname="chevron_tlg_class" name="chevron_g_object_can_be_constructed_with_custom_values"/>
    <testcase time="0.00300000000000011" classname="chevron_tlg_class" name="chevron_g_object_can_be_constructed_with_custom_values"/>
    <testcase time="0.00200000000000244" classname="chevron_tlg_class" name="chevron_g_object_can_be_constructed_with_custom_values"/>
    <testcase time="0.00600000000000023" classname="chevron_tlg_class" name="chevron_g_constructor_returns_an_error_when_expected"/>
    <testcase time="0.000999999999997669" classname="chevron_tlg_class" name="chevron_g_constructor_returns_an_error_when_expected"/>
    <testcase time="0.000999999999997669" classname="chevron_tlg_class" name="chevron_g_constructor_returns_an_error_when_expected"/>
    <testcase time="0.00600000000000023" classname="chevron_tlg_class" name="chevron_g_constructor_returns_an_error_when_expected"/>
    <testcase time="0.00200000000000244" classname="chevron_tlg_class" name="chevron_g_constructor_returns_an_error_when_expected"/>
    <testcase time="0.000999999999997669" classname="chevron_tlg_class" name="chevron_g_constructor_returns_an_error_when_expected"/>
    <testcase time="0.00900000000000034" classname="chevron_tlg_class" name="chevron_simple_works_correctly"/>
    <testcase time="0.00300000000000011" classname="chevron_tlg_class" name="chevron_simple_works_correctly"/>
    <testcase time="0.0129999999999981" classname="chevron_tlg_class" name="chevron_simple_errors_if_contains_return"/>
  </testsuite>
  <testsuite name="chevron_tlg-methods" timestamp="2024-12-10T14:18:25Z" hostname="66676ee7d8da" tests="59" skipped="1" failures="0" errors="0" time="10.114">
    <testcase time="1.088" classname="chevron_tlg_methods" name="run_works_as_expected_for_chevron_t_object"/>
    <testcase time="0.612000000000002" classname="chevron_tlg_methods" name="run_works_as_expected_for_chevron_t_object"/>
    <testcase time="0.615000000000002" classname="chevron_tlg_methods" name="run_works_as_expected_for_chevron_t_object_when_auto_pre_FALSE"/>
    <testcase time="0.324999999999996" classname="chevron_tlg_methods" name="run_works_as_expected_with_argument_printed"/>
    <testcase time="0.301000000000002" classname="chevron_tlg_methods" name="run_works_as_expected_with_argument_printed"/>
    <testcase time="0.445999999999998" classname="chevron_tlg_methods" name="run_works_as_expected_with_argument_printed_if_the_user_argument_is_complicated"/>
    <testcase time="0.385000000000005" classname="chevron_tlg_methods" name="run_works_as_expected_with_argument_printed_if_the_user_argument_is_complicated"/>
    <testcase time="0.436" classname="chevron_tlg_methods" name="run_uses_the_argument_passed_through_the_ellipsis_in_priority"/>
    <testcase time="0.394999999999996" classname="chevron_tlg_methods" name="run_uses_the_argument_passed_through_the_ellipsis_in_priority"/>
    <testcase time="0.326999999999998" classname="chevron_tlg_methods" name="run_works_as_expected_with_partial_match_argument"/>
    <testcase time="0.292000000000002" classname="chevron_tlg_methods" name="run_works_as_expected_with_partial_match_argument"/>
    <testcase time="0.433" classname="chevron_tlg_methods" name="run_displays_the_symbols_when_available"/>
    <testcase time="0.576000000000001" classname="chevron_tlg_methods" name="run_displays_the_symbols_when_available"/>
    <testcase time="0.289000000000001" classname="chevron_tlg_methods" name="run_print_internal_functions_when_unwrap_is_TRUE"/>
    <testcase time="0.000999999999997669" classname="chevron_tlg_methods" name="run_print_internal_functions_when_unwrap_is_TRUE"/>
    <testcase time="0.00200000000000244" classname="chevron_tlg_methods" name="run_print_internal_functions_when_unwrap_is_TRUE"/>
    <testcase time="0.0229999999999961" classname="chevron_tlg_methods" name="run_print_internal_functions_when_unwrap_is_TRUE"/>
    <testcase time="1.15300000000001" classname="chevron_tlg_methods" name="run_print_internal_functions_when_unwrap_is_TRUE_and_standard_chevron_tlg_has_no_layout"/>
    <testcase time="0.00999999999999801" classname="chevron_tlg_methods" name="run_print_internal_functions_when_unwrap_is_TRUE_and_the_chevron_tlg_object_is_customized"/>
    <testcase time="0.000999999999997669" classname="chevron_tlg_methods" name="run_print_internal_functions_when_unwrap_is_TRUE_and_the_chevron_tlg_object_is_customized"/>
    <testcase time="0.00100000000000477" classname="chevron_tlg_methods" name="run_print_internal_functions_when_unwrap_is_TRUE_and_the_chevron_tlg_object_is_customized"/>
    <testcase time="0.0219999999999985" classname="chevron_tlg_methods" name="run_print_internal_functions_when_unwrap_is_TRUE_and_the_chevron_tlg_object_is_customized"/>
    <testcase time="0.00799999999999557" classname="chevron_tlg_methods" name="run_print_main_and_postprocessing_functions_when_unwrap_is_TRUE_and_auto_pre_is_FALSE"/>
    <testcase time="0.00200000000000244" classname="chevron_tlg_methods" name="run_print_main_and_postprocessing_functions_when_unwrap_is_TRUE_and_auto_pre_is_FALSE"/>
    <testcase time="0.000999999999997669" classname="chevron_tlg_methods" name="run_print_main_and_postprocessing_functions_when_unwrap_is_TRUE_and_auto_pre_is_FALSE"/>
    <testcase time="0.00100000000000477" classname="chevron_tlg_methods" name="run_print_main_and_postprocessing_functions_when_unwrap_is_TRUE_and_auto_pre_is_FALSE"/>
    <testcase time="0.0219999999999985" classname="chevron_tlg_methods" name="run_print_main_and_postprocessing_functions_when_unwrap_is_TRUE_and_auto_pre_is_FALSE"/>
    <testcase time="0.00500000000000256" classname="chevron_tlg_methods" name="args_ls_works_as_expected"/>
    <testcase time="0.000999999999997669" classname="chevron_tlg_methods" name="args_ls_works_as_expected"/>
    <testcase time="0.000999999999997669" classname="chevron_tlg_methods" name="args_ls_works_as_expected"/>
    <testcase time="0.00500000000000256" classname="chevron_tlg_methods" name="args_ls_works_as_expected_when_simplify_is_TRUE"/>
    <testcase time="0.000999999999997669" classname="chevron_tlg_methods" name="args_ls_works_as_expected_when_simplify_is_TRUE"/>
    <testcase time="0.00100000000000477" classname="chevron_tlg_methods" name="args_ls_works_as_expected_when_simplify_is_TRUE"/>
    <testcase time="0.00599999999999312" classname="chevron_tlg_methods" name="args_ls_works_as_expected_with_custom_chevron_tlg_object"/>
    <testcase time="0.00100000000000477" classname="chevron_tlg_methods" name="args_ls_works_as_expected_with_custom_chevron_tlg_object"/>
    <testcase time="0.000999999999997669" classname="chevron_tlg_methods" name="args_ls_works_as_expected_with_custom_chevron_tlg_object"/>
    <testcase time="0.00300000000000011" classname="chevron_tlg_methods" name="args_ls_works_as_expected_with_custom_chevron_tlg_object"/>
    <testcase time="0.00600000000000023" classname="chevron_tlg_methods" name="main_works_as_expected"/>
    <testcase time="0.0069999999999979" classname="chevron_tlg_methods" name="main_setter_works_as_expected"/>
    <testcase time="0.0100000000000051" classname="chevron_tlg_methods" name="main_setter_throw_an_error_as_expected"/>
    <testcase time="0.0069999999999979" classname="chevron_tlg_methods" name="preprocess_works_as_expected"/>
    <testcase time="0.00600000000000023" classname="chevron_tlg_methods" name="preprocess_setter_works_as_expected"/>
    <testcase time="0.00999999999999801" classname="chevron_tlg_methods" name="preprocess_sends_an_error_as_expected"/>
    <testcase time="0.0069999999999979" classname="chevron_tlg_methods" name="postprocess_works_as_expected"/>
    <testcase time="0.00600000000000023" classname="chevron_tlg_methods" name="postprocess_setter_works_as_expected"/>
    <testcase time="0.0110000000000028" classname="chevron_tlg_methods" name="postprocess_sends_an_error_as_expected"/>
    <testcase time="0.00900000000000034" classname="chevron_tlg_methods" name="script_funs_works_as_expected_in_interactive_mode">
      <skipped message="Reason: !interactive() is TRUE ('test-chevron_tlg-methods.R:264:3')"/>
    </testcase>
    <testcase time="0.0140000000000029" classname="chevron_tlg_methods" name="script_funs_works_as_expected"/>
    <testcase time="0.00199999999999534" classname="chevron_tlg_methods" name="script_funs_works_as_expected"/>
    <testcase time="2.121" classname="chevron_tlg_methods" name="script_funs_generates_a_valid_script"/>
    <testcase time="0.00200000000000244" classname="chevron_tlg_methods" name="script_funs_generates_a_valid_script"/>
    <testcase time="0.000999999999997669" classname="chevron_tlg_methods" name="script_funs_generates_a_valid_script"/>
    <testcase time="0.00200000000000244" classname="chevron_tlg_methods" name="script_funs_generates_a_valid_script"/>
    <testcase time="0.000999999999997669" classname="chevron_tlg_methods" name="script_funs_generates_a_valid_script"/>
    <testcase time="0.0279999999999987" classname="chevron_tlg_methods" name="script_funs_generates_a_valid_script"/>
    <testcase time="0.00600000000000023" classname="chevron_tlg_methods" name="script_funs_works_for_simple_template"/>
    <testcase time="0.000999999999997669" classname="chevron_tlg_methods" name="script_funs_works_for_simple_template"/>
    <testcase time="0.0300000000000011" classname="chevron_tlg_methods" name="print_list_works"/>
    <testcase time="0.0350000000000037" classname="chevron_tlg_methods" name="print_list_works_for_empty_list"/>
  </testsuite>
  <testsuite name="cml02a_gl" timestamp="2024-12-10T14:18:35Z" hostname="66676ee7d8da" tests="6" skipped="0" failures="0" errors="0" time="0.527">
    <testcase time="0.027000000000001" classname="cml02a_gl" name="cml02a_gl_works_with_adcm_dataset"/>
    <testcase time="0.163999999999994" classname="cml02a_gl" name="cml02a_gl_works_with_adcm_dataset"/>
    <testcase time="0.0250000000000057" classname="cml02a_gl" name="cml02a_gl_works_with_missing_data"/>
    <testcase time="0.125" classname="cml02a_gl" name="cml02a_gl_works_with_missing_data"/>
    <testcase time="0.0239999999999938" classname="cml02a_gl" name="cml02a_gl_functions_work_as_expected"/>
    <testcase time="0.162000000000006" classname="cml02a_gl" name="cml02a_gl_functions_work_as_expected"/>
  </testsuite>
  <testsuite name="cmt01a" timestamp="2024-12-10T14:18:36Z" hostname="66676ee7d8da" tests="6" skipped="0" failures="0" errors="0" time="3.799">
    <testcase time="1.136" classname="cmt01a" name="cmt01a_functions_with_default_argument_value_return_expected_result_with_test_data"/>
    <testcase time="1.094" classname="cmt01a" name="cmt01a_functions_with_custom_argument_value_return_expected_result_with_test_data"/>
    <testcase time="0.155000000000001" classname="cmt01a" name="cmt01a_can_handle_all_NA_values"/>
    <testcase time="0.177999999999997" classname="cmt01a" name="cmt01a_can_handle_all_NA_values"/>
    <testcase time="0.633000000000003" classname="cmt01a" name="cmt01a_can_handle_some_NA_values"/>
    <testcase time="0.603000000000002" classname="cmt01a" name="cmt01a_can_handle_some_NA_values"/>
  </testsuite>
  <testsuite name="cmt02_pt" timestamp="2024-12-10T14:18:40Z" hostname="66676ee7d8da" tests="4" skipped="0" failures="0" errors="0" time="0.658">
    <testcase time="0.113999999999997" classname="cmt02_pt" name="cmt02_pt_can_handle_all_NA_values"/>
    <testcase time="0.142000000000003" classname="cmt02_pt" name="cmt02_pt_can_handle_all_NA_values"/>
    <testcase time="0.146000000000001" classname="cmt02_pt" name="cmt02_pt_can_handle_some_NA_values"/>
    <testcase time="0.255999999999993" classname="cmt02_pt" name="cmt02_pt_can_handle_some_NA_values"/>
  </testsuite>
  <testsuite name="coxt01" timestamp="2024-12-10T14:18:40Z" hostname="66676ee7d8da" tests="9" skipped="0" failures="0" errors="0" time="1.917">
    <testcase time="0.382000000000005" classname="coxt01" name="coxt01_can_handle_some_NA_values"/>
    <testcase time="0.196999999999996" classname="coxt01" name="coxt01_can_handle_some_NA_values"/>
    <testcase time="0.326000000000001" classname="coxt01" name="coxt01_can_handle_some_NA_values"/>
    <testcase time="0.210000000000001" classname="coxt01" name="coxt01_can_handle_some_NA_values"/>
    <testcase time="0.192" classname="coxt01" name="coxt01_can_handle_some_NA_values"/>
    <testcase time="0.186" classname="coxt01" name="coxt01_can_handle_some_NA_values"/>
    <testcase time="0.225000000000001" classname="coxt01" name="coxt01_can_handle_some_NA_values"/>
    <testcase time="0.183999999999997" classname="coxt01" name="coxt01_can_handle_some_NA_values"/>
    <testcase time="0.0150000000000006" classname="coxt01" name="coxt01_fails_on_incomlete_data"/>
  </testsuite>
  <testsuite name="coxt02" timestamp="2024-12-10T14:18:42Z" hostname="66676ee7d8da" tests="9" skipped="0" failures="0" errors="0" time="2.644">
    <testcase time="0.575000000000003" classname="coxt02" name="coxt02_can_handle_some_NA_values"/>
    <testcase time="0.249000000000002" classname="coxt02" name="coxt02_can_handle_some_NA_values"/>
    <testcase time="0.570999999999998" classname="coxt02" name="coxt02_can_handle_some_NA_values"/>
    <testcase time="0.256" classname="coxt02" name="coxt02_can_handle_some_NA_values"/>
    <testcase time="0.266999999999996" classname="coxt02" name="coxt02_can_handle_some_NA_values"/>
    <testcase time="0.206000000000003" classname="coxt02" name="coxt02_can_handle_some_NA_values"/>
    <testcase time="0.298000000000002" classname="coxt02" name="coxt02_can_handle_some_NA_values"/>
    <testcase time="0.198" classname="coxt02" name="coxt02_can_handle_some_NA_values"/>
    <testcase time="0.0240000000000009" classname="coxt02" name="coxt02_fails_on_incomlete_data"/>
  </testsuite>
  <testsuite name="default_tlg" timestamp="2024-12-10T14:18:45Z" hostname="66676ee7d8da" tests="15" skipped="0" failures="0" errors="0" time="11.72">
    <testcase time="0.168999999999997" classname="default_tlg" name="ael01_nollt_function_with_default_argument_value_return_expected_result_with_test_data"/>
    <testcase time="0.573999999999998" classname="default_tlg" name="aet01_function_with_default_argument_value_return_expected_result_with_test_data"/>
    <testcase time="0.515000000000008" classname="default_tlg" name="aet01_aesi_function_with_default_argument_value_return_expected_result_with_test_data"/>
    <testcase time="1.05099999999999" classname="default_tlg" name="aet02_functions_with_default_argument_value_return_expected_result_with_test_data"/>
    <testcase time="2.453" classname="default_tlg" name="aet03_functions_with_default_argument_value_return_expected_result_with_test_data"/>
    <testcase time="2.986" classname="default_tlg" name="aet04_functions_with_default_argument_value_return_expected_result_with_test_data"/>
    <testcase time="0.393000000000001" classname="default_tlg" name="aet05_functions_with_default_argument_value_return_expected_result_with_test_data"/>
    <testcase time="0.388999999999996" classname="default_tlg" name="aet05_all_functions_with_default_argument_value_return_expected_result_with_test_data"/>
    <testcase time="0.296000000000006" classname="default_tlg" name="aet10_functions_with_default_argument_value_return_expected_result_with_test_data"/>
    <testcase time="0.353999999999999" classname="default_tlg" name="cmt02_pt_functions_with_default_argument_value_return_expected_result_with_test_data"/>
    <testcase time="0.519999999999996" classname="default_tlg" name="coxt01_functions_with_default_argument_value_return_expected_result_with_test_data"/>
    <testcase time="0.796000000000006" classname="default_tlg" name="coxt02_functions_with_default_argument_value_return_expected_result_with_test_data"/>
    <testcase time="0.577999999999989" classname="default_tlg" name="dmt01_functions_with_default_argument_value_return_expected_result_with_test_data"/>
    <testcase time="0.38000000000001" classname="default_tlg" name="dst01_functions_with_default_argument_value_return_expected_result_with_test_data"/>
    <testcase time="0.265999999999991" classname="default_tlg" name="dtht01_functions_with_default_argument_value_return_expected_result_with_test_data"/>
  </testsuite>
  <testsuite name="dmt01" timestamp="2024-12-10T14:18:56Z" hostname="66676ee7d8da" tests="19" skipped="0" failures="0" errors="0" time="4.205">
    <testcase time="0.197000000000003" classname="dmt01" name="dmt01_can_handle_NA_values"/>
    <testcase time="0.307000000000002" classname="dmt01" name="dmt01_can_handle_NA_values"/>
    <testcase time="0.200999999999993" classname="dmt01" name="dmt01_can_handle_numeric_NA_values"/>
    <testcase time="0.387" classname="dmt01" name="dmt01_can_handle_numeric_NA_values"/>
    <testcase time="0.0150000000000006" classname="dmt01" name="dmt01_returns_an_error_when_variables_are_of_the_wrong_type"/>
    <testcase time="0.152000000000001" classname="dmt01" name="dmt01_works_as_expected_with_setting_default_precision"/>
    <testcase time="0.307000000000002" classname="dmt01" name="dmt01_works_as_expected_with_setting_default_precision"/>
    <testcase time="0.159999999999997" classname="dmt01" name="dmt01_works_as_expected_with_auto_precision_settings"/>
    <testcase time="0.369" classname="dmt01" name="dmt01_works_as_expected_with_auto_precision_settings"/>
    <testcase time="0.160000000000011" classname="dmt01" name="dmt01_works_as_expected_with_auto_precision_settings_and_defined_precision"/>
    <testcase time="0.341999999999999" classname="dmt01" name="dmt01_works_as_expected_with_auto_precision_settings_and_defined_precision"/>
    <testcase time="0.149999999999991" classname="dmt01" name="dmt01_works_as_expected_with_auto_precision_settings_and_defined_precision_and_default"/>
    <testcase time="0.310000000000002" classname="dmt01" name="dmt01_works_as_expected_with_auto_precision_settings_and_defined_precision_and_default"/>
    <testcase time="0.13600000000001" classname="dmt01" name="dmt01_works_as_expected_with_cutomized_stats_value"/>
    <testcase time="0.271999999999991" classname="dmt01" name="dmt01_works_as_expected_with_cutomized_stats_value"/>
    <testcase time="0.150999999999996" classname="dmt01" name="dmt01_works_as_expected_with_empty_list_as_stats_value"/>
    <testcase time="0.306000000000012" classname="dmt01" name="dmt01_works_as_expected_with_empty_list_as_stats_value"/>
    <testcase time="0.0799999999999983" classname="dmt01" name="dmt01_works_as_expected_with_only_one_summaryvars"/>
    <testcase time="0.202999999999989" classname="dmt01" name="dmt01_works_as_expected_with_only_one_summaryvars"/>
  </testsuite>
  <testsuite name="dst01" timestamp="2024-12-10T14:19:01Z" hostname="66676ee7d8da" tests="14" skipped="0" failures="0" errors="0" time="2.492">
    <testcase time="0.155000000000001" classname="dst01" name="dst01_works_as_expected_when_all_data_are_NA"/>
    <testcase time="0.0770000000000124" classname="dst01" name="dst01_works_as_expected_when_all_data_are_NA"/>
    <testcase time="0.11699999999999" classname="dst01" name="dst01_can_handle_all_NA_values_in_DCSREAS"/>
    <testcase time="0.155000000000001" classname="dst01" name="dst01_can_handle_all_NA_values_in_DCSREAS"/>
    <testcase time="0.162000000000006" classname="dst01" name="dst01_can_handle_some_NA_values"/>
    <testcase time="0.22699999999999" classname="dst01" name="dst01_can_handle_some_NA_values"/>
    <testcase time="0.146000000000001" classname="dst01" name="dst01_can_handle_missing_levels_in_status_var"/>
    <testcase time="0.0710000000000122" classname="dst01" name="dst01_can_handle_missing_levels_in_status_var"/>
    <testcase time="0.183999999999997" classname="dst01" name="dst01_can_create_variants"/>
    <testcase time="0.209999999999994" classname="dst01" name="dst01_can_create_variants"/>
    <testcase time="0.219000000000008" classname="dst01" name="dst01_can_create_variants"/>
    <testcase time="0.244" classname="dst01" name="dst01_can_create_variants"/>
    <testcase time="0.245999999999995" classname="dst01" name="dst01_can_create_variants"/>
    <testcase time="0.278999999999996" classname="dst01" name="dst01_can_create_variants"/>
  </testsuite>
  <testsuite name="dtht01" timestamp="2024-12-10T14:19:03Z" hostname="66676ee7d8da" tests="5" skipped="0" failures="0" errors="0" time="1.425">
    <testcase time="0.100999999999999" classname="dtht01" name="dtht01_can_handle_all_NA_values"/>
    <testcase time="0.176000000000002" classname="dtht01" name="dtht01_can_handle_all_NA_values"/>
    <testcase time="0.233000000000004" classname="dtht01" name="dtht01_can_handle_some_NA_values"/>
    <testcase time="0.337000000000003" classname="dtht01" name="dtht01_can_handle_some_NA_values"/>
    <testcase time="0.577999999999989" classname="dtht01" name="dtht01_can_be_parametrize_as_expected"/>
  </testsuite>
  <testsuite name="egt01" timestamp="2024-12-10T14:19:05Z" hostname="66676ee7d8da" tests="3" skipped="0" failures="0" errors="0" time="6.575">
    <testcase time="3.31700000000001" classname="egt01" name="egt01_functions_with_default_argument_value_return_expected_result_with_test_data"/>
    <testcase time="1.221" classname="egt01" name="egt01_can_handle_n_0_and_outputs_NE_instead_of_infs_and_NAs"/>
    <testcase time="2.03699999999999" classname="egt01" name="egt01_can_handle_n_0_and_outputs_NE_instead_of_infs_and_NAs"/>
  </testsuite>
  <testsuite name="egt02" timestamp="2024-12-10T14:19:11Z" hostname="66676ee7d8da" tests="2" skipped="0" failures="0" errors="0" time="0.67">
    <testcase time="0.341000000000008" classname="egt02" name="egt02_1_functions_with_default_argument_value_return_expected_result_with_test_data"/>
    <testcase time="0.328999999999994" classname="egt02" name="egt02_2_functions_with_default_value_return_expected_result_with_test_data"/>
  </testsuite>
  <testsuite name="egt03" timestamp="2024-12-10T14:19:12Z" hostname="66676ee7d8da" tests="5" skipped="0" failures="0" errors="0" time="3.137">
    <testcase time="1.55800000000001" classname="egt03" name="egt03_functions_with_default_argument_value_return_expected_result_with_test_data"/>
    <testcase time="0.0169999999999959" classname="egt03" name="egt03_errors_on_all_NA_values"/>
    <testcase time="0.489000000000004" classname="egt03" name="egt03_can_handle_some_NA_values"/>
    <testcase time="1.05699999999999" classname="egt03" name="egt03_can_handle_some_NA_values"/>
    <testcase time="0.0160000000000053" classname="egt03" name="egt03_fails_on_incomplete_data"/>
  </testsuite>
  <testsuite name="egt05_qtcat" timestamp="2024-12-10T14:19:15Z" hostname="66676ee7d8da" tests="4" skipped="0" failures="0" errors="0" time="3.351">
    <testcase time="2.11799999999999" classname="egt05_qtcat" name="egt05_qtcat_functions_with_default_argument_value_return_expected_result_with_test_data"/>
    <testcase time="0.0170000000000101" classname="egt05_qtcat" name="egt05_qtcat_erros_on_all_NA_values"/>
    <testcase time="0.424999999999997" classname="egt05_qtcat" name="egt05_qtcat_can_handle_some_NA_values"/>
    <testcase time="0.790999999999997" classname="egt05_qtcat" name="egt05_qtcat_can_handle_some_NA_values"/>
  </testsuite>
  <testsuite name="empty_report" timestamp="2024-12-10T14:19:18Z" hostname="66676ee7d8da" tests="25" skipped="0" failures="0" errors="0" time="2.773">
    <testcase time="0.0919999999999987" classname="empty_report" name="tlg_functions_return_null_reports_when_domain_table_is_empty"/>
    <testcase time="0.269000000000005" classname="empty_report" name="tlg_functions_return_null_reports_when_domain_table_is_empty"/>
    <testcase time="0.194999999999993" classname="empty_report" name="tlg_functions_return_null_reports_when_domain_table_is_empty"/>
    <testcase time="0.0990000000000038" classname="empty_report" name="tlg_functions_return_null_reports_when_domain_table_is_empty"/>
    <testcase time="0.117000000000004" classname="empty_report" name="tlg_functions_return_null_reports_when_domain_table_is_empty"/>
    <testcase time="0.0669999999999931" classname="empty_report" name="tlg_functions_return_null_reports_when_domain_table_is_empty"/>
    <testcase time="0.0930000000000035" classname="empty_report" name="tlg_functions_return_null_reports_when_domain_table_is_empty"/>
    <testcase time="0.156000000000006" classname="empty_report" name="tlg_functions_return_null_reports_when_domain_table_is_empty"/>
    <testcase time="0.178999999999988" classname="empty_report" name="tlg_functions_return_null_reports_when_domain_table_is_empty"/>
    <testcase time="0.085000000000008" classname="empty_report" name="tlg_functions_return_null_reports_when_domain_table_is_empty"/>
    <testcase time="0.0960000000000036" classname="empty_report" name="tlg_functions_return_null_reports_when_domain_table_is_empty"/>
    <testcase time="0.0489999999999924" classname="empty_report" name="tlg_functions_return_null_reports_when_domain_table_is_empty"/>
    <testcase time="0.0660000000000025" classname="empty_report" name="tlg_functions_return_null_reports_when_domain_table_is_empty"/>
    <testcase time="0.0690000000000026" classname="empty_report" name="tlg_functions_return_null_reports_when_domain_table_is_empty"/>
    <testcase time="0.0669999999999931" classname="empty_report" name="tlg_functions_return_null_reports_when_domain_table_is_empty"/>
    <testcase time="0.0769999999999982" classname="empty_report" name="tlg_functions_return_null_reports_when_domain_table_is_empty"/>
    <testcase time="0.0960000000000036" classname="empty_report" name="tlg_functions_return_null_reports_when_domain_table_is_empty"/>
    <testcase time="0.109999999999999" classname="empty_report" name="tlg_functions_return_null_reports_when_domain_table_is_empty"/>
    <testcase time="0.314000000000007" classname="empty_report" name="tlg_functions_return_null_reports_when_domain_table_is_empty"/>
    <testcase time="0.10799999999999" classname="empty_report" name="tlg_functions_return_null_reports_when_domain_table_is_empty"/>
    <testcase time="0.090999999999994" classname="empty_report" name="tlg_functions_return_null_reports_when_domain_table_is_empty"/>
    <testcase time="0.0640000000000072" classname="empty_report" name="tlg_functions_return_null_reports_when_domain_table_is_empty"/>
    <testcase time="0.111000000000004" classname="empty_report" name="tlg_functions_return_null_reports_when_domain_table_is_empty"/>
    <testcase time="0.0519999999999925" classname="empty_report" name="tlg_functions_return_null_reports_when_domain_table_is_empty"/>
    <testcase time="0.0510000000000019" classname="empty_report" name="tlg_functions_return_null_reports_when_domain_table_is_empty"/>
  </testsuite>
  <testsuite name="ext01" timestamp="2024-12-10T14:19:21Z" hostname="66676ee7d8da" tests="10" skipped="0" failures="0" errors="0" time="5.146">
    <testcase time="0.519999999999996" classname="ext01" name="ext01_functions_with_default_argument_value_return_expected_result_with_test_data"/>
    <testcase time="0.563000000000002" classname="ext01" name="ext01_functions_with_categorical_data_return_expected_result_with_test_data"/>
    <testcase time="0.191000000000003" classname="ext01" name="ext01_works"/>
    <testcase time="0.324999999999989" classname="ext01" name="ext01_works"/>
    <testcase time="0.404000000000011" classname="ext01" name="ext01_works"/>
    <testcase time="0.304999999999993" classname="ext01" name="ext01_works"/>
    <testcase time="0.516000000000005" classname="ext01" name="ext01_works_for_selected_parameters_and_categorical_variables"/>
    <testcase time="0.774000000000001" classname="ext01" name="ext01_works_with_custom_mapping_order"/>
    <testcase time="0.753" classname="ext01" name="ext01_works_with_custom_mapping_order_for_a_single_split"/>
    <testcase time="0.795000000000002" classname="ext01" name="ext01_works_with_custom_mapping_fill_in_value"/>
  </testsuite>
  <testsuite name="fstg01" timestamp="2024-12-10T14:19:26Z" hostname="66676ee7d8da" tests="13" skipped="0" failures="0" errors="0" time="6.244">
    <testcase time="0.012999999999991" classname="fstg01" name="fstg01_works_as_expected"/>
    <testcase time="1.18900000000001" classname="fstg01" name="fstg01_works_as_expected"/>
    <testcase time="0.00300000000000011" classname="fstg01" name="fstg01_works_as_expected"/>
    <testcase time="1.21599999999999" classname="fstg01" name="fstg01_works_as_expected_with_custom_color_set"/>
    <testcase time="0.00300000000000011" classname="fstg01" name="fstg01_works_as_expected_with_custom_color_set"/>
    <testcase time="1.18000000000001" classname="fstg01" name="fstg01_works_as_expected_with_custom_color_set"/>
    <testcase time="0.00300000000000011" classname="fstg01" name="fstg01_works_as_expected_with_custom_color_set"/>
    <testcase time="0.61399999999999" classname="fstg01" name="fstg01_works_if_changes_are_in_subgroups_conf_level_and_label_all"/>
    <testcase time="0.00300000000000011" classname="fstg01" name="fstg01_works_if_changes_are_in_subgroups_conf_level_and_label_all"/>
    <testcase time="0.818000000000012" classname="fstg01" name="fstg01_works_if_changes_are_in_subgroups_conf_level_and_label_all"/>
    <testcase time="0.00300000000000011" classname="fstg01" name="fstg01_works_if_changes_are_in_subgroups_conf_level_and_label_all"/>
    <testcase time="1.196" classname="fstg01" name="fstg01_can_handle_some_NA_values_in_subgroups"/>
    <testcase time="0.00300000000000011" classname="fstg01" name="fstg01_can_handle_some_NA_values_in_subgroups"/>
  </testsuite>
  <testsuite name="fstg02" timestamp="2024-12-10T14:19:32Z" hostname="66676ee7d8da" tests="9" skipped="0" failures="0" errors="0" time="8.447">
    <testcase time="0.0120000000000005" classname="fstg02" name="fstg02_works_as_expected"/>
    <testcase time="1.16799999999999" classname="fstg02" name="fstg02_works_as_expected"/>
    <testcase time="1.17" classname="fstg02" name="fstg02_works_as_expected_with_custom_color_set"/>
    <testcase time="1.155" classname="fstg02" name="fstg02_works_as_expected_with_custom_color_set"/>
    <testcase time="0.564999999999998" classname="fstg02" name="fstg02_works_if_changes_are_in_subgroups_strata_var_conf_level_and_label_all"/>
    <testcase time="0.783000000000001" classname="fstg02" name="fstg02_works_if_changes_are_in_subgroups_strata_var_conf_level_and_label_all"/>
    <testcase time="1.205" classname="fstg02" name="fstg02_can_handle_some_NA_values_in_subgroups"/>
    <testcase time="1.19800000000001" classname="fstg02" name="fstg02_can_handle_customized_time_units"/>
    <testcase time="1.191" classname="fstg02" name="fstg02_can_handle_customized_time_units"/>
  </testsuite>
  <testsuite name="kmg01" timestamp="2024-12-10T14:19:41Z" hostname="66676ee7d8da" tests="13" skipped="0" failures="0" errors="0" time="2.113">
    <testcase time="0.0120000000000005" classname="kmg01" name="kmg01_works_as_expected"/>
    <testcase time="0.361000000000004" classname="kmg01" name="kmg01_works_as_expected"/>
    <testcase time="0.00300000000000011" classname="kmg01" name="kmg01_works_as_expected"/>
    <testcase time="0.364999999999995" classname="kmg01" name="kmg01_works_as_expected_with_custom_color_set"/>
    <testcase time="0.00300000000000011" classname="kmg01" name="kmg01_works_as_expected_with_custom_color_set"/>
    <testcase time="0.375" classname="kmg01" name="kmg01_works_as_expected_with_custom_color_set"/>
    <testcase time="0.00300000000000011" classname="kmg01" name="kmg01_works_as_expected_with_custom_color_set"/>
    <testcase time="0.353999999999999" classname="kmg01" name="kmg01_works_if_change_pvalue_ties_and_conf_level"/>
    <testcase time="0.00300000000000011" classname="kmg01" name="kmg01_works_if_change_pvalue_ties_and_conf_level"/>
    <testcase time="0.38600000000001" classname="kmg01" name="kmg01_works_if_change_annotation_position"/>
    <testcase time="0.00300000000000011" classname="kmg01" name="kmg01_works_if_change_annotation_position"/>
    <testcase time="0.24199999999999" classname="kmg01" name="kmg01_works_for_stratified_analysis"/>
    <testcase time="0.00300000000000011" classname="kmg01" name="kmg01_works_for_stratified_analysis"/>
  </testsuite>
  <testsuite name="lbt01" timestamp="2024-12-10T14:19:43Z" hostname="66676ee7d8da" tests="4" skipped="0" failures="0" errors="0" time="9.678">
    <testcase time="3.193" classname="lbt01" name="lbt01_functions_with_default_argument_value_return_expected_result_with_test_data"/>
    <testcase time="3.289" classname="lbt01" name="lbt01_functions_with_row_split_var_return_expected_result_with_test_data"/>
    <testcase time="1.02500000000001" classname="lbt01" name="lbt01_can_handle_n_0_and_outputs_NE_instead_of_infs_and_NAs"/>
    <testcase time="2.17099999999999" classname="lbt01" name="lbt01_can_handle_n_0_and_outputs_NE_instead_of_infs_and_NAs"/>
  </testsuite>
  <testsuite name="lbt04" timestamp="2024-12-10T14:19:53Z" hostname="66676ee7d8da" tests="8" skipped="0" failures="0" errors="0" time="3.212">
    <testcase time="0.992000000000019" classname="lbt04" name="lbt04_functions_with_default_argument_value_return_expected_result_with_test_data"/>
    <testcase time="0.0809999999999889" classname="lbt04" name="lbt04_can_handle_all_NA_values"/>
    <testcase time="0.0759999999999934" classname="lbt04" name="lbt04_can_handle_all_NA_values"/>
    <testcase time="0.322000000000003" classname="lbt04" name="lbt04_can_handle_missing_levels"/>
    <testcase time="0.84899999999999" classname="lbt04" name="lbt04_can_handle_missing_levels"/>
    <testcase time="0.275000000000006" classname="lbt04" name="lbt04_can_handle_some_NA_values"/>
    <testcase time="0.602000000000004" classname="lbt04" name="lbt04_can_handle_some_NA_values"/>
    <testcase time="0.0150000000000148" classname="lbt04" name="lbt04_fails_on_incomlete_data"/>
  </testsuite>
  <testsuite name="lbt05" timestamp="2024-12-10T14:19:56Z" hostname="66676ee7d8da" tests="6" skipped="0" failures="0" errors="0" time="1.857">
    <testcase time="0.638999999999982" classname="lbt05" name="lbt05_functions_with_default_argument_value_return_expected_result_with_test_data"/>
    <testcase time="0.265000000000015" classname="lbt05" name="lbt05_functions_with_default_argument_value_return_expected_result_with_test_data"/>
    <testcase time="0.280000000000001" classname="lbt05" name="lbt05_give_all_0_count_if_ANRIND_are_all_missing"/>
    <testcase time="0.268000000000001" classname="lbt05" name="lbt05_can_handle_some_NA_values"/>
    <testcase time="0.371999999999986" classname="lbt05" name="lbt05_can_handle_some_NA_values"/>
    <testcase time="0.0330000000000155" classname="lbt05" name="lbt05_fails_on_incomlete_data"/>
  </testsuite>
  <testsuite name="lbt06" timestamp="2024-12-10T14:19:58Z" hostname="66676ee7d8da" tests="3" skipped="0" failures="0" errors="0" time="3.502">
    <testcase time="0.888999999999982" classname="lbt06" name="lbt06_gives_all_0_count_if_ANRIND_and_BNRIND_are_all_missing"/>
    <testcase time="2.58100000000002" classname="lbt06" name="lbt06_can_handle_some_NA_values"/>
    <testcase time="0.0319999999999823" classname="lbt06" name="lbt06_fails_on_incomplete_data"/>
  </testsuite>
  <testsuite name="lbt07" timestamp="2024-12-10T14:20:01Z" hostname="66676ee7d8da" tests="4" skipped="0" failures="0" errors="0" time="1.556">
    <testcase time="0.775000000000006" classname="lbt07" name="lbt07_functions_with_default_argument_value_return_expected_result_with_test_data"/>
    <testcase time="0.355999999999995" classname="lbt07" name="lbt07_can_handle_some_NA_values"/>
    <testcase time="0.393000000000001" classname="lbt07" name="lbt07_can_handle_some_NA_values"/>
    <testcase time="0.0320000000000107" classname="lbt07" name="lbt07_fails_on_incomlete_data"/>
  </testsuite>
  <testsuite name="lbt14" timestamp="2024-12-10T14:20:03Z" hostname="66676ee7d8da" tests="20" skipped="0" failures="0" errors="0" time="7.521">
    <testcase time="0.623999999999995" classname="lbt14" name="lbt14_functions_with_default_argument_value_return_expected_result_with_test_data"/>
    <testcase time="0.462999999999994" classname="lbt14" name="lbt14_functions_with_default_argument_value_return_expected_result_with_test_data_when_direction_high"/>
    <testcase time="0.552999999999997" classname="lbt14" name="lbt14_functions_with_gr_missing_excl_return_expected_result_with_test_data"/>
    <testcase time="0.573000000000008" classname="lbt14" name="lbt14_functions_with_gr_missing_gr_0_return_expected_result_with_test_data"/>
    <testcase time="0.355999999999995" classname="lbt14" name="lbt14_can_handle_all_NA_values"/>
    <testcase time="0.126000000000005" classname="lbt14" name="lbt14_can_handle_all_NA_values"/>
    <testcase time="0.397999999999996" classname="lbt14" name="lbt14_can_handle_some_NA_values"/>
    <testcase time="0.305000000000007" classname="lbt14" name="lbt14_can_handle_some_NA_values"/>
    <testcase time="1.25" classname="lbt14" name="lbt14_can_accept_different_gr_missing"/>
    <testcase time="0.259000000000015" classname="lbt14" name="lbt14_can_accept_different_gr_missing"/>
    <testcase time="0.255999999999972" classname="lbt14" name="lbt14_can_accept_different_gr_missing"/>
    <testcase time="0.0180000000000007" classname="lbt14" name="lbt14_fails_on_incomlete_data"/>
    <testcase time="0.341000000000008" classname="lbt14" name="lbt14_can_handle_all_NA_values_with_direction_high"/>
    <testcase time="0.137" classname="lbt14" name="lbt14_can_handle_all_NA_values_with_direction_high"/>
    <testcase time="0.354000000000013" classname="lbt14" name="lbt14_can_handle_some_NA_values_with_direction_high"/>
    <testcase time="0.170999999999992" classname="lbt14" name="lbt14_can_handle_some_NA_values_with_direction_high"/>
    <testcase time="1.02699999999999" classname="lbt14" name="lbt14_can_accept_different_gr_missing_with_direction_high"/>
    <testcase time="0.164000000000016" classname="lbt14" name="lbt14_can_accept_different_gr_missing_with_direction_high"/>
    <testcase time="0.127999999999986" classname="lbt14" name="lbt14_can_accept_different_gr_missing_with_direction_high"/>
    <testcase time="0.0180000000000007" classname="lbt14" name="lbt14_fails_on_incomlete_data"/>
  </testsuite>
  <testsuite name="lbt15" timestamp="2024-12-10T14:20:10Z" hostname="66676ee7d8da" tests="12" skipped="0" failures="0" errors="0" time="5.613">
    <testcase time="0.932000000000016" classname="lbt15" name="lbt15_functions_with_default_argument_value_return_expected_result_with_test_data"/>
    <testcase time="0.292000000000002" classname="lbt15" name="lbt15_can_handle_all_NA_values"/>
    <testcase time="0.634999999999991" classname="lbt15" name="lbt15_can_handle_all_NA_values"/>
    <testcase time="0.292000000000002" classname="lbt15" name="lbt15_can_handle_missing_levels"/>
    <testcase time="0.627999999999986" classname="lbt15" name="lbt15_can_handle_missing_levels"/>
    <testcase time="0.302999999999997" classname="lbt15" name="lbt15_can_handle_missing_levels_in_baseline"/>
    <testcase time="0.630000000000024" classname="lbt15" name="lbt15_can_handle_missing_levels_in_baseline"/>
    <testcase time="0.289999999999992" classname="lbt15" name="lbt15_can_handle_some_NA_values"/>
    <testcase time="0.649000000000001" classname="lbt15" name="lbt15_can_handle_some_NA_values"/>
    <testcase time="0.293000000000006" classname="lbt15" name="lbt15_can_handle_some_NA_values_in_baseline"/>
    <testcase time="0.647999999999996" classname="lbt15" name="lbt15_can_handle_some_NA_values_in_baseline"/>
    <testcase time="0.0209999999999866" classname="lbt15" name="lbt15_fails_on_incomlete_data"/>
  </testsuite>
  <testsuite name="mht01" timestamp="2024-12-10T14:20:16Z" hostname="66676ee7d8da" tests="4" skipped="0" failures="0" errors="0" time="3.132">
    <testcase time="0.647999999999996" classname="mht01" name="mht01_functions_with_default_argument_value_return_expected_result_with_test_data"/>
    <testcase time="0.656000000000006" classname="mht01" name="mht01_works"/>
    <testcase time="0.640000000000015" classname="mht01" name="mht01_works_on_NULL_in_lbl_mhbodsys_or_lbl_mhdecod"/>
    <testcase time="1.18799999999999" classname="mht01" name="mht01_works_with_other_row_split_var"/>
  </testsuite>
  <testsuite name="mng01" timestamp="2024-12-10T14:20:19Z" hostname="66676ee7d8da" tests="19" skipped="8" failures="0" errors="0" time="8.787">
    <testcase time="0.907999999999987" classname="mng01" name="mng01_works_as_expected_with_default_argument_values"/>
    <testcase time="0.00100000000000477" classname="mng01" name="mng01_works_as_expected_with_default_argument_values">
      <skipped message="Reason: On CI ('test-mng01.R:9:5')"/>
    </testcase>
    <testcase time="0.937000000000012" classname="mng01" name="mng01_works_as_expected_with_custom_argument_values"/>
    <testcase time="0.0120000000000005" classname="mng01" name="mng01_works_as_expected_with_custom_argument_values"/>
    <testcase time="0.0289999999999964" classname="mng01" name="mng01_works_as_expected_with_custom_argument_values">
      <skipped message="Reason: On CI ('test-mng01.R:45:5')"/>
    </testcase>
    <testcase time="0.955000000000013" classname="mng01" name="mng01_works_as_expected_with_custom_color_set"/>
    <testcase time="0.921999999999997" classname="mng01" name="mng01_works_as_expected_with_custom_color_set"/>
    <testcase time="0.00100000000000477" classname="mng01" name="mng01_works_as_expected_with_custom_color_set">
      <skipped message="Reason: On CI ('test-mng01.R:69:5')"/>
    </testcase>
    <testcase time="0.951999999999998" classname="mng01" name="mng01_works_as_expected_with_custom_line_type_set"/>
    <testcase time="0.950999999999993" classname="mng01" name="mng01_works_as_expected_with_custom_line_type_set"/>
    <testcase time="0.00100000000000477" classname="mng01" name="mng01_works_as_expected_with_custom_line_type_set">
      <skipped message="Reason: On CI ('test-mng01.R:91:5')"/>
    </testcase>
    <testcase time="0.147999999999996" classname="mng01" name="mng01_works_with_table_NULL"/>
    <testcase time="0.00100000000000477" classname="mng01" name="mng01_works_with_table_NULL">
      <skipped message="Reason: On CI ('test-mng01.R:104:5')"/>
    </testcase>
    <testcase time="0.938999999999993" classname="mng01" name="mng01_works_with_combination_of_x_variables"/>
    <testcase time="0.00200000000000955" classname="mng01" name="mng01_works_with_combination_of_x_variables">
      <skipped message="Reason: On CI ('test-mng01.R:122:5')"/>
    </testcase>
    <testcase time="0.905999999999977" classname="mng01" name="mng01_works_with_numeric_x_variable"/>
    <testcase time="0.00100000000000477" classname="mng01" name="mng01_works_with_numeric_x_variable">
      <skipped message="Reason: On CI ('test-mng01.R:143:5')"/>
    </testcase>
    <testcase time="1.12" classname="mng01" name="mng01_works_with_numeric_jitter"/>
    <testcase time="0.00100000000000477" classname="mng01" name="mng01_works_with_numeric_jitter">
      <skipped message="Reason: On CI ('test-mng01.R:161:5')"/>
    </testcase>
  </testsuite>
  <testsuite name="pdt01" timestamp="2024-12-10T14:20:28Z" hostname="66676ee7d8da" tests="5" skipped="0" failures="0" errors="0" time="1.064">
    <testcase time="0.411000000000001" classname="pdt01" name="pdt01_function_with_default_argument_value_return_expected_result_with_test_data"/>
    <testcase time="0.0960000000000036" classname="pdt01" name="pdt01_can_handle_all_NA_values"/>
    <testcase time="0.145999999999987" classname="pdt01" name="pdt01_can_handle_all_NA_values"/>
    <testcase time="0.181000000000012" classname="pdt01" name="pdt01_can_handle_some_NA_values"/>
    <testcase time="0.22999999999999" classname="pdt01" name="pdt01_can_handle_some_NA_values"/>
  </testsuite>
  <testsuite name="pdt02" timestamp="2024-12-10T14:20:29Z" hostname="66676ee7d8da" tests="5" skipped="0" failures="0" errors="0" time="0.877">
    <testcase time="0.294000000000011" classname="pdt02" name="pdt02_function_with_default_argument_value_return_expected_result_with_test_data"/>
    <testcase time="0.125" classname="pdt02" name="pdt02_can_handle_all_NA_values"/>
    <testcase time="0.168999999999983" classname="pdt02" name="pdt02_can_handle_all_NA_values"/>
    <testcase time="0.120000000000005" classname="pdt02" name="pdt02_can_handle_some_NA_values"/>
    <testcase time="0.169000000000011" classname="pdt02" name="pdt02_can_handle_some_NA_values"/>
  </testsuite>
  <testsuite name="reexports" timestamp="2024-12-10T14:20:30Z" hostname="66676ee7d8da" tests="2" skipped="0" failures="0" errors="0" time="0.015">
    <testcase time="0.00899999999998613" classname="reexports" name="with_label_exported_correctly"/>
    <testcase time="0.00600000000000023" classname="reexports" name="reformat_exported_correctly"/>
  </testsuite>
  <testsuite name="report_null" timestamp="2024-12-10T14:20:30Z" hostname="66676ee7d8da" tests="12" skipped="0" failures="0" errors="0" time="0.154">
    <testcase time="0.0150000000000148" classname="report_null" name="report_null_works_as_expected_with_NULL_"/>
    <testcase time="0.00999999999999091" classname="report_null" name="report_null_works_as_expected_with_NULL_"/>
    <testcase time="0.0300000000000011" classname="report_null" name="report_null_works_as_expected_with_VTableTree_"/>
    <testcase time="0.0209999999999866" classname="report_null" name="report_null_works_as_expected_with_VTableTree_"/>
    <testcase time="0.0120000000000005" classname="report_null" name="report_null_works_as_expected_with_VTableTree_"/>
    <testcase time="0.00900000000001455" classname="report_null" name="report_null_works_as_expected_with_listing_df_"/>
    <testcase time="0.0109999999999957" classname="report_null" name="report_null_works_as_expected_with_listing_df_"/>
    <testcase time="0.00999999999999091" classname="report_null" name="report_null_works_as_expected_with_listing_df_"/>
    <testcase time="0.00800000000000978" classname="report_null" name="report_null_works_as_expected_with_list_"/>
    <testcase time="0.0200000000000102" classname="report_null" name="report_null_works_as_expected_with_list_"/>
    <testcase time="0.00499999999999545" classname="report_null" name="report_null_works_as_expected_with_by_default"/>
    <testcase time="0.0029999999999859" classname="report_null" name="report_null_works_as_expected_with_by_default"/>
  </testsuite>
  <testsuite name="rmpt01" timestamp="2024-12-10T14:20:30Z" hostname="66676ee7d8da" tests="11" skipped="0" failures="0" errors="0" time="1.323">
    <testcase time="0.189999999999998" classname="rmpt01" name="rmpt01_function_with_default_argument_value_return_expected_result_with_test_data"/>
    <testcase time="0.0590000000000259" classname="rmpt01" name="rmpt01_can_handle_NA_values"/>
    <testcase time="0.127999999999986" classname="rmpt01" name="rmpt01_can_handle_NA_values"/>
    <testcase time="0.11699999999999" classname="rmpt01" name="rmpt01_can_handle_NA_values"/>
    <testcase time="0.229000000000013" classname="rmpt01" name="rmpt01_can_handle_NA_values"/>
    <testcase time="0.061000000000007" classname="rmpt01" name="rmpt01_can_handle_some_NA_values"/>
    <testcase time="0.128999999999991" classname="rmpt01" name="rmpt01_can_handle_some_NA_values"/>
    <testcase time="0.11699999999999" classname="rmpt01" name="rmpt01_can_handle_some_NA_values"/>
    <testcase time="0.228000000000009" classname="rmpt01" name="rmpt01_can_handle_some_NA_values"/>
    <testcase time="0.032999999999987" classname="rmpt01" name="rmpt01_fails_on_incomlete_data"/>
    <testcase time="0.0320000000000107" classname="rmpt01" name="rmpt01_fails_on_incomlete_data"/>
  </testsuite>
  <testsuite name="rmpt03" timestamp="2024-12-10T14:20:31Z" hostname="66676ee7d8da" tests="12" skipped="0" failures="0" errors="0" time="1.993">
    <testcase time="0.318999999999988" classname="rmpt03" name="rmpt03_function_with_default_argument_value_return_expected_result_with_test_data"/>
    <testcase time="0.109000000000009" classname="rmpt03" name="rmpt03_can_handle_NA_values"/>
    <testcase time="0.209000000000003" classname="rmpt03" name="rmpt03_can_handle_NA_values"/>
    <testcase time="0.176999999999992" classname="rmpt03" name="rmpt03_can_handle_NA_values"/>
    <testcase time="0.27800000000002" classname="rmpt03" name="rmpt03_can_handle_NA_values"/>
    <testcase time="0.140999999999991" classname="rmpt03" name="rmpt03_can_handle_some_NA_values"/>
    <testcase time="0.205999999999989" classname="rmpt03" name="rmpt03_can_handle_some_NA_values"/>
    <testcase time="0.183999999999997" classname="rmpt03" name="rmpt03_can_handle_some_NA_values"/>
    <testcase time="0.283000000000015" classname="rmpt03" name="rmpt03_can_handle_some_NA_values"/>
    <testcase time="0.0349999999999966" classname="rmpt03" name="rmpt03_fails_on_incomlete_data"/>
    <testcase time="0.0279999999999916" classname="rmpt03" name="rmpt03_fails_on_incomlete_data"/>
    <testcase time="0.0240000000000009" classname="rmpt03" name="rmpt03_fails_on_incomlete_data"/>
  </testsuite>
  <testsuite name="rmpt04" timestamp="2024-12-10T14:20:33Z" hostname="66676ee7d8da" tests="10" skipped="0" failures="0" errors="0" time="0.962">
    <testcase time="0.174000000000007" classname="rmpt04" name="rmpt04_function_with_default_argument_value_return_expected_result_with_test_data"/>
    <testcase time="0.0560000000000116" classname="rmpt04" name="rmpt04_can_handle_NA_values"/>
    <testcase time="0.123999999999995" classname="rmpt04" name="rmpt04_can_handle_NA_values"/>
    <testcase time="0.0519999999999925" classname="rmpt04" name="rmpt04_can_handle_NA_values"/>
    <testcase time="0.123999999999995" classname="rmpt04" name="rmpt04_can_handle_NA_values"/>
    <testcase time="0.0560000000000116" classname="rmpt04" name="rmpt04_can_handle_some_NA_values"/>
    <testcase time="0.12299999999999" classname="rmpt04" name="rmpt04_can_handle_some_NA_values"/>
    <testcase time="0.0569999999999879" classname="rmpt04" name="rmpt04_can_handle_some_NA_values"/>
    <testcase time="0.134000000000015" classname="rmpt04" name="rmpt04_can_handle_some_NA_values"/>
    <testcase time="0.0619999999999834" classname="rmpt04" name="rmpt04_fails_on_incomlete_data"/>
  </testsuite>
  <testsuite name="rmpt05" timestamp="2024-12-10T14:20:34Z" hostname="66676ee7d8da" tests="10" skipped="0" failures="0" errors="0" time="1.019">
    <testcase time="0.192000000000007" classname="rmpt05" name="rmpt05_function_with_default_argument_value_return_expected_result_with_test_data"/>
    <testcase time="0.0589999999999975" classname="rmpt05" name="rmpt05_can_handle_NA_values"/>
    <testcase time="0.132000000000005" classname="rmpt05" name="rmpt05_can_handle_NA_values"/>
    <testcase time="0.0550000000000068" classname="rmpt05" name="rmpt05_can_handle_NA_values"/>
    <testcase time="0.125" classname="rmpt05" name="rmpt05_can_handle_NA_values"/>
    <testcase time="0.0699999999999932" classname="rmpt05" name="rmpt05_can_handle_some_NA_values"/>
    <testcase time="0.128000000000014" classname="rmpt05" name="rmpt05_can_handle_some_NA_values"/>
    <testcase time="0.0600000000000023" classname="rmpt05" name="rmpt05_can_handle_some_NA_values"/>
    <testcase time="0.139999999999986" classname="rmpt05" name="rmpt05_can_handle_some_NA_values"/>
    <testcase time="0.0579999999999927" classname="rmpt05" name="rmpt05_fails_on_incomlete_data"/>
  </testsuite>
  <testsuite name="rmpt06" timestamp="2024-12-10T14:20:35Z" hostname="66676ee7d8da" tests="6" skipped="0" failures="0" errors="0" time="1.955">
    <testcase time="0.536000000000001" classname="rmpt06" name="rmpt06_works_as_expected"/>
    <testcase time="0.569000000000017" classname="rmpt06" name="rmpt06_works_as_expected_with_show_diff_TRUE"/>
    <testcase time="0.218999999999994" classname="rmpt06" name="rmpt06_can_handle_all_NA_values"/>
    <testcase time="0.282999999999987" classname="rmpt06" name="rmpt06_can_handle_all_NA_values"/>
    <testcase time="0.207000000000022" classname="rmpt06" name="rmpt06_can_handle_all_NA_values"/>
    <testcase time="0.140999999999991" classname="rmpt06" name="rmpt06_can_handle_all_NA_values"/>
  </testsuite>
  <testsuite name="rspt01" timestamp="2024-12-10T14:20:37Z" hostname="66676ee7d8da" tests="27" skipped="0" failures="0" errors="0" time="7.272">
    <testcase time="0.0159999999999911" classname="rspt01" name="rspt01_works_as_expected"/>
    <testcase time="0.294000000000011" classname="rspt01" name="rspt01_works_as_expected"/>
    <testcase time="0.245999999999981" classname="rspt01" name="rspt01_works_as_expected"/>
    <testcase time="0.321000000000026" classname="rspt01" name="rspt01_works_as_expected_for_stratified_and_unstratified_analysis"/>
    <testcase time="0.27600000000001" classname="rspt01" name="rspt01_works_as_expected_for_stratified_and_unstratified_analysis"/>
    <testcase time="0.344999999999999" classname="rspt01" name="rspt01_works_as_expected_for_stratified_and_unstratified_analysis"/>
    <testcase time="0.294000000000011" classname="rspt01" name="rspt01_works_as_expected_for_stratified_and_unstratified_analysis"/>
    <testcase time="0.240999999999985" classname="rspt01" name="rspt01_works_as_expected_for_unstratified_analysis_only"/>
    <testcase time="0.236999999999995" classname="rspt01" name="rspt01_works_as_expected_for_unstratified_analysis_only"/>
    <testcase time="0.260000000000019" classname="rspt01" name="rspt01_works_as_expected_for_unstratified_analysis_only"/>
    <testcase time="0.25" classname="rspt01" name="rspt01_works_as_expected_for_unstratified_analysis_only"/>
    <testcase time="0.242999999999995" classname="rspt01" name="rspt01_works_as_expected_for_stratified_analysis_only"/>
    <testcase time="0.238" classname="rspt01" name="rspt01_works_as_expected_for_stratified_analysis_only"/>
    <testcase time="0.263000000000005" classname="rspt01" name="rspt01_works_as_expected_for_stratified_analysis_only"/>
    <testcase time="0.248999999999995" classname="rspt01" name="rspt01_works_as_expected_for_stratified_analysis_only"/>
    <testcase time="0.266999999999996" classname="rspt01" name="rspt01_works_if_change_reference_group"/>
    <testcase time="0.248999999999995" classname="rspt01" name="rspt01_works_if_change_reference_group"/>
    <testcase time="0.330000000000013" classname="rspt01" name="rspt01_works_if_change_reference_group"/>
    <testcase time="0.308999999999997" classname="rspt01" name="rspt01_works_if_change_reference_group"/>
    <testcase time="0.265999999999991" classname="rspt01" name="rspt01_works_if_change_statistic_methods"/>
    <testcase time="0.24799999999999" classname="rspt01" name="rspt01_works_if_change_statistic_methods"/>
    <testcase time="0.328000000000003" classname="rspt01" name="rspt01_works_if_change_statistic_methods"/>
    <testcase time="0.353000000000009" classname="rspt01" name="rspt01_works_if_change_statistic_methods"/>
    <testcase time="0.271999999999991" classname="rspt01" name="rspt01_works_if_change_confidence_interval"/>
    <testcase time="0.251000000000005" classname="rspt01" name="rspt01_works_if_change_confidence_interval"/>
    <testcase time="0.330000000000013" classname="rspt01" name="rspt01_works_if_change_confidence_interval"/>
    <testcase time="0.295999999999992" classname="rspt01" name="rspt01_works_if_change_confidence_interval"/>
  </testsuite>
  <testsuite name="ttet01" timestamp="2024-12-10T14:20:45Z" hostname="66676ee7d8da" tests="15" skipped="0" failures="0" errors="0" time="5.244">
    <testcase time="0.0169999999999959" classname="ttet01" name="ttet01_works_as_expected"/>
    <testcase time="0.406000000000006" classname="ttet01" name="ttet01_works_as_expected"/>
    <testcase time="0.477000000000004" classname="ttet01" name="ttet01_works_as_expected"/>
    <testcase time="0.305999999999983" classname="ttet01" name="ttet01_works_as_expected_for_stratified_and_unstratified_analysis"/>
    <testcase time="0.332999999999998" classname="ttet01" name="ttet01_works_as_expected_for_stratified_and_unstratified_analysis"/>
    <testcase time="0.40100000000001" classname="ttet01" name="ttet01_works_as_expected_for_stratified_and_unstratified_analysis"/>
    <testcase time="0.423000000000002" classname="ttet01" name="ttet01_works_as_expected_for_stratified_and_unstratified_analysis"/>
    <testcase time="0.316000000000003" classname="ttet01" name="ttet01_works_as_expected_for_stratified_analysis_only"/>
    <testcase time="0.336999999999989" classname="ttet01" name="ttet01_works_as_expected_for_stratified_analysis_only"/>
    <testcase time="0.361999999999995" classname="ttet01" name="ttet01_works_as_expected_for_stratified_analysis_only"/>
    <testcase time="0.370000000000005" classname="ttet01" name="ttet01_works_as_expected_for_stratified_analysis_only"/>
    <testcase time="0.319000000000017" classname="ttet01" name="ttet01_works_if_change_reference_group"/>
    <testcase time="0.353999999999985" classname="ttet01" name="ttet01_works_if_change_reference_group"/>
    <testcase time="0.391999999999996" classname="ttet01" name="ttet01_works_if_change_reference_group"/>
    <testcase time="0.431000000000012" classname="ttet01" name="ttet01_works_if_change_reference_group"/>
  </testsuite>
  <testsuite name="unwrap" timestamp="2024-12-10T14:20:50Z" hostname="66676ee7d8da" tests="12" skipped="0" failures="0" errors="0" time="0.173">
    <testcase time="0.01400000000001" classname="unwrap" name="unwrap_layout_works_as_expected_with_standard_chevron_t_main_function"/>
    <testcase time="0.000999999999976353" classname="unwrap" name="unwrap_layout_works_as_expected_with_standard_chevron_t_main_function"/>
    <testcase time="0.00100000000000477" classname="unwrap" name="unwrap_layout_works_as_expected_with_standard_chevron_t_main_function"/>
    <testcase time="0.0240000000000009" classname="unwrap" name="unwrap_layout_works_as_expected_with_standard_chevron_t_main_function"/>
    <testcase time="0.0120000000000005" classname="unwrap" name="unwrap_layout_works_as_expected_with_standard_chevron_g_main_function"/>
    <testcase time="0.007000000000005" classname="unwrap" name="unwrap_layout_works_as_expected_with_standard_chevron_l_main_function"/>
    <testcase time="0.007000000000005" classname="unwrap" name="unwrap_layout_works_as_expected_with_a_custom_function_without_layout_function"/>
    <testcase time="0.0289999999999964" classname="unwrap" name="unwrap_layout_works_as_expected_with_a_custom_function_with_layout_function"/>
    <testcase time="0.00100000000000477" classname="unwrap" name="unwrap_layout_works_as_expected_with_a_custom_function_with_layout_function"/>
    <testcase time="0.0370000000000061" classname="unwrap" name="unwrap_layout_works_as_expected_with_multiple_layout_function"/>
    <testcase time="0.0379999999999825" classname="unwrap" name="unwrap_layout_works_as_expected_on_custom_function_with_overwritten_layout_function"/>
    <testcase time="0.00200000000000955" classname="unwrap" name="unwrap_layout_works_as_expected_on_custom_function_with_overwritten_layout_function"/>
  </testsuite>
  <testsuite name="utils" timestamp="2024-12-10T14:20:50Z" hostname="66676ee7d8da" tests="81" skipped="0" failures="0" errors="0" time="2.454">
    <testcase time="0.00899999999998613" classname="utils" name="h_format_dec_works_as_exected"/>
    <testcase time="0.00300000000001432" classname="utils" name="h_format_dec_works_as_exected"/>
    <testcase time="0.00100000000000477" classname="utils" name="h_format_dec_works_as_exected"/>
    <testcase time="0.0029999999999859" classname="utils" name="h_format_dec_works_as_exected"/>
    <testcase time="0.00100000000000477" classname="utils" name="h_format_dec_works_as_exected"/>
    <testcase time="0.00300000000001432" classname="utils" name="h_format_dec_works_as_exected"/>
    <testcase time="0.00199999999998113" classname="utils" name="h_format_dec_works_as_exected"/>
    <testcase time="0.00200000000000955" classname="utils" name="h_format_dec_works_as_exected"/>
    <testcase time="0.00200000000000955" classname="utils" name="h_format_dec_works_as_exected"/>
    <testcase time="0.00199999999998113" classname="utils" name="h_format_dec_works_as_exected"/>
    <testcase time="0.00200000000000955" classname="utils" name="h_format_dec_works_as_exected"/>
    <testcase time="0.00200000000000955" classname="utils" name="h_format_dec_works_as_exected"/>
    <testcase time="0.00600000000000023" classname="utils" name="h_format_dec_works_as_expected_with_more_than_one_value"/>
    <testcase time="0.0029999999999859" classname="utils" name="h_format_dec_works_as_expected_with_more_than_one_value"/>
    <testcase time="0.00600000000000023" classname="utils" name="h_format_dec_works_as_expected_with_NA_digits"/>
    <testcase time="0.00499999999999545" classname="utils" name="fuse_sequentially_works"/>
    <testcase time="0.00300000000001432" classname="utils" name="fuse_sequentially_works"/>
    <testcase time="0.0120000000000005" classname="utils" name="ifneeded_split_row_works_as_expected"/>
    <testcase time="0.00499999999999545" classname="utils" name="ifneeded_split_row_works_as_expected"/>
    <testcase time="0.0769999999999982" classname="utils" name="_unnamed_"/>
    <testcase time="0.063999999999993" classname="utils" name="_unnamed_"/>
    <testcase time="0.0819999999999936" classname="utils" name="_unnamed_"/>
    <testcase time="0.0490000000000066" classname="utils" name="_unnamed_"/>
    <testcase time="0.00300000000001432" classname="utils" name="droplevels.character_works_as_expected"/>
    <testcase time="0.0029999999999859" classname="utils" name="droplevels.character_works_as_expected"/>
    <testcase time="0.00399999999999068" classname="utils" name="lvls.character_works_as_expected"/>
    <testcase time="0.00300000000001432" classname="utils" name="lvls.character_works_as_expected"/>
    <testcase time="0.00499999999999545" classname="utils" name="lvls.factor_works_as_expected"/>
    <testcase time="0.00200000000000955" classname="utils" name="lvls.factor_works_as_expected"/>
    <testcase time="0.00399999999999068" classname="utils" name="lvls.default_works_as_expected"/>
    <testcase time="0.0029999999999859" classname="utils" name="lvls.default_works_as_expected"/>
    <testcase time="0.00500000000002387" classname="utils" name="quote_str_works_as_expected"/>
    <testcase time="0.00199999999998113" classname="utils" name="quote_str_works_as_expected"/>
    <testcase time="0.00499999999999545" classname="utils" name="quote_str_works_as_expected"/>
    <testcase time="0.00500000000002387" classname="utils" name="modify_default_args_works_as_expected"/>
    <testcase time="0.0029999999999859" classname="utils" name="modify_default_args_works_as_expected"/>
    <testcase time="0.00499999999999545" classname="utils" name="execute_with_args_works_as_expected"/>
    <testcase time="0.00200000000000955" classname="utils" name="execute_with_args_works_as_expected"/>
    <testcase time="0.00200000000000955" classname="utils" name="execute_with_args_works_as_expected"/>
    <testcase time="0.0029999999999859" classname="utils" name="execute_with_args_works_as_expected"/>
    <testcase time="0.00100000000000477" classname="utils" name="execute_with_args_works_as_expected"/>
    <testcase time="0.0029999999999859" classname="utils" name="execute_with_args_works_as_expected"/>
    <testcase time="0.00200000000000955" classname="utils" name="execute_with_args_works_as_expected"/>
    <testcase time="0.00300000000001432" classname="utils" name="execute_with_args_works_as_expected"/>
    <testcase time="0.000999999999976353" classname="utils" name="execute_with_args_works_as_expected"/>
    <testcase time="0.00300000000001432" classname="utils" name="execute_with_args_works_as_expected"/>
    <testcase time="0.00200000000000955" classname="utils" name="execute_with_args_works_as_expected"/>
    <testcase time="0.00199999999998113" classname="utils" name="execute_with_args_works_as_expected"/>
    <testcase time="0.00399999999999068" classname="utils" name="do_call_work_as_expected"/>
    <testcase time="0.00300000000001432" classname="utils" name="do_call_work_as_expected"/>
    <testcase time="0.00800000000000978" classname="utils" name="do_call_errors_as_expected"/>
    <testcase time="0.00600000000000023" classname="utils" name="do_call_errors_as_expected"/>
    <testcase time="0.00499999999999545" classname="utils" name="convert_to_month_work_as_expected"/>
    <testcase time="0.0029999999999859" classname="utils" name="convert_to_month_work_as_expected"/>
    <testcase time="0.00200000000000955" classname="utils" name="convert_to_month_work_as_expected"/>
    <testcase time="0.0029999999999859" classname="utils" name="convert_to_month_work_as_expected"/>
    <testcase time="0.00200000000000955" classname="utils" name="convert_to_month_work_as_expected"/>
    <testcase time="0.0029999999999859" classname="utils" name="convert_to_month_work_as_expected"/>
    <testcase time="0.00800000000000978" classname="utils" name="convert_to_month_warning_messages_as_expected"/>
    <testcase time="0.00999999999999091" classname="utils" name="gg_theme_chevron_works_as_expected"/>
    <testcase time="0.00200000000000955" classname="utils" name="gg_theme_chevron_works_as_expected"/>
    <testcase time="0.00100000000000477" classname="utils" name="gg_theme_chevron_works_as_expected"/>
    <testcase time="0.00499999999999545" classname="utils" name="gg_theme_chevron_works_as_expected"/>
    <testcase time="0.00100000000000477" classname="utils" name="gg_theme_chevron_works_as_expected"/>
    <testcase time="0.00200000000000955" classname="utils" name="gg_theme_chevron_works_as_expected"/>
    <testcase time="0.00600000000000023" classname="utils" name="modify_character_works"/>
    <testcase time="0.0029999999999859" classname="utils" name="modify_character_works"/>
    <testcase time="0.00600000000000023" classname="utils" name="expand_list_works"/>
    <testcase time="0.00300000000001432" classname="utils" name="expand_list_works"/>
    <testcase time="0.00399999999999068" classname="utils" name="set_section_div_works"/>
    <testcase time="0.00499999999999545" classname="utils" name="set_section_div_works"/>
    <testcase time="0.00499999999999545" classname="utils" name="set_section_div_works"/>
    <testcase time="0.00300000000001432" classname="utils" name="set_section_div_works"/>
    <testcase time="0.00600000000000023" classname="utils" name="get_section_div_works"/>
    <testcase time="0.0029999999999859" classname="utils" name="get_section_div_works"/>
    <testcase time="0.971000000000004" classname="utils" name="grob_list_is_deprecated"/>
    <testcase time="0.931000000000012" classname="utils" name="gg_list_is_deprecated"/>
    <testcase time="0.007000000000005" classname="utils" name="format_date_works_as_expected_for_POSIXct"/>
    <testcase time="0.0029999999999859" classname="utils" name="format_date_works_as_expected_for_POSIXct"/>
    <testcase time="0.007000000000005" classname="utils" name="format_date_works_as_expected_for_Date"/>
    <testcase time="0.0029999999999859" classname="utils" name="format_date_works_as_expected_for_Date"/>
  </testsuite>
  <testsuite name="vst01" timestamp="2024-12-10T14:20:52Z" hostname="66676ee7d8da" tests="3" skipped="0" failures="0" errors="0" time="4.821">
    <testcase time="2.417" classname="vst01" name="vst01_functions_with_default_argument_value_return_expected_result_with_test_data"/>
    <testcase time="0.787000000000006" classname="vst01" name="run_vst01_works_as_expected"/>
    <testcase time="1.61699999999999" classname="vst01" name="run_vst01_works_as_expected"/>
  </testsuite>
  <testsuite name="vst02" timestamp="2024-12-10T14:20:57Z" hostname="66676ee7d8da" tests="2" skipped="0" failures="0" errors="0" time="0.988">
    <testcase time="0.496000000000009" classname="vst02" name="vst02_functions_with_default_argument_value_return_expected_result_with_test_data"/>
    <testcase time="0.49199999999999" classname="vst02" name="vst02_functions_return_expected_result_with_test_data_when_excluding_subject_with_baseline_abnormality"/>
  </testsuite>
</testsuites>
