<?xml version="1.0" encoding="UTF-8"?>
<testsuites>
  <testsuite name="ael01_nollt" timestamp="2024-12-10T08:22:20Z" hostname="60b1b2a18b6d" tests="14" skipped="0" failures="0" errors="0" time="1.244">
    <testcase time="0.0680000000000001" classname="ael01_nollt" name="ael01_nollt_works_with_admh_dataset"/>
    <testcase time="0.265" classname="ael01_nollt" name="ael01_nollt_works_with_admh_dataset"/>
    <testcase time="0.0369999999999999" classname="ael01_nollt" name="ael01_nollt_works_with_non_default_label"/>
    <testcase time="0.23" classname="ael01_nollt" name="ael01_nollt_works_with_non_default_label"/>
    <testcase time="0.0299999999999998" classname="ael01_nollt" name="ael01_nollt_can_handle_all_missing_values"/>
    <testcase time="0.0840000000000001" classname="ael01_nollt" name="ael01_nollt_can_handle_all_missing_values"/>
    <testcase time="0.0299999999999998" classname="ael01_nollt" name="ael01_nollt_can_handle_some_missing_values"/>
    <testcase time="0.139" classname="ael01_nollt" name="ael01_nollt_can_handle_some_missing_values"/>
    <testcase time="0.024" classname="ael01_nollt" name="ael01_nollt_listing_can_be_split_by_an_additional_variable"/>
    <testcase time="0.00100000000000033" classname="ael01_nollt" name="ael01_nollt_listing_can_be_split_by_an_additional_variable"/>
    <testcase time="0.181" classname="ael01_nollt" name="ael01_nollt_listing_can_be_split_by_an_additional_variable"/>
    <testcase time="0.024" classname="ael01_nollt" name="split_ael01_nollt_listing_do_not_display_missing_values"/>
    <testcase time="0.00199999999999978" classname="ael01_nollt" name="split_ael01_nollt_listing_do_not_display_missing_values"/>
    <testcase time="0.129" classname="ael01_nollt" name="split_ael01_nollt_listing_do_not_display_missing_values"/>
  </testsuite>
  <testsuite name="ael02" timestamp="2024-12-10T08:22:22Z" hostname="60b1b2a18b6d" tests="9" skipped="0" failures="2" errors="0" time="3.025">
    <testcase time="0.0710000000000002" classname="ael02" name="ael02_works_with_adae_dataset"/>
    <testcase time="0.00099999999999989" classname="ael02" name="ael02_works_with_adae_dataset"/>
    <testcase time="0.985" classname="ael02" name="ael02_works_with_adae_dataset">
      <failure type="failure" message="Snapshot of code has changed: ('test-ael02.R:9:3')">Snapshot of code has changed:
old[55:61] vs new[55:61]
                                                          6     
                                                          2     
                                                          6     
-   \s\nACTARM: B: Placebo
+   \s\nACTARM: C: Combination
    
    —————————————————————————————————————————————————————————————————————————————————————————————————————————
                                                                              Date of                        

old[63:79] vs new[63:79]
                                                           Event MedDRA         Drug        Day of   Duration
    Center/Patients ID            Age/Sex/Race            Preferred Term   Administration   Onset    in Days 
    —————————————————————————————————————————————————————————————————————————————————————————————————————————
-   CAN-1/341            43/F/ASIAN                       dcd A.1.1.1.2    23MAY2019          57       326   
+   BRA-11/9             40/M/ASIAN                       dcd D.1.1.4.2    25MAR2019         342       700   
-                                                         dcd B.2.1.2.1    23MAY2019         253        72   
+                                                         dcd B.2.2.3.1    25MAR2019         441        53   
-                                                         dcd B.1.1.1.1    23MAY2019         434       409   
+                                                         dcd D.1.1.1.1    25MAR2019         445       598   
-                                                         dcd A.1.1.1.2    23MAY2019         454       506   
+                                                         dcd B.1.1.1.1    25MAR2019         644        42   
-                                                         dcd A.1.1.1.2    23MAY2019         523       391   
+                                                         dcd B.2.2.3.1    25MAR2019         669       100   
-                                                         dcd A.1.1.1.1    23MAY2019         628       265   
+                                                         dcd C.2.1.2.1    25MAR2019         744       185   
-                                                         dcd C.2.1.2.1    23MAY2019         750       128   
+                                                         dcd C.2.1.2.1    25MAR2019         808       166   
-                                                         dcd A.1.1.1.2    23MAY2019         769        73   
+                                                         dcd B.2.1.2.1    25MAR2019         970        15   
-   CHN-1/227            26/F/BLACK OR AFRICAN AMERICAN   dcd C.1.1.1.3    09APR2019         253       202   
+   CHN-1/64             34/F/BLACK OR AFRICAN AMERICAN   dcd B.2.1.2.1    28APR2019          31       678   
-                                                         dcd B.2.1.2.1    09APR2019         311       297   
+                                                         dcd D.1.1.1.1    28APR2019          92       254   
-   \s\nACTARM: B: Placebo
+   \s\nACTARM: C: Combination
    
    ———————————————————————————————————————————————————————————————————————————————————————————————————————————
                                                                                                               

old[81:97] vs new[81:97]
                                                                     Extreme      Study     Outcome   Treatment
    Center/Patients ID            Age/Sex/Race            Serious   Intensity     Drug        (1)      for AE  
    ———————————————————————————————————————————————————————————————————————————————————————————————————————————
-   CAN-1/341            43/F/ASIAN                       Yes       MODERATE    No          5         Yes      
+   BRA-11/9             40/M/ASIAN                       No        MODERATE    No          2         No       
-                                                         No        MODERATE    No          5         Yes      
+                                                         Yes       MILD        No          5         No       
                                                          Yes       SEVERE      Yes         1         No       
-                                                         Yes       MODERATE    No          6         No       
+                                                         Yes       SEVERE      Yes         1         No       
-                                                         Yes       MODERATE    No          3         Yes      
+                                                         Yes       MILD        No          5         Yes      
-                                                         No        MILD        No          2         Yes      
+                                                         No        MODERATE    Yes         4         No       
-                                                         No        MODERATE    Yes         2         No       
+                                                         No        MODERATE    Yes         3         No       
-                                                         Yes       MODERATE    No          5         No       
+                                                         No        MODERATE    No          3         No       
-   CHN-1/227            26/F/BLACK OR AFRICAN AMERICAN   No        SEVERE      Yes         3         No       
+   CHN-1/64             34/F/BLACK OR AFRICAN AMERICAN   No        MODERATE    No          6         No       
-                                                         No        MODERATE    No          2         No       
+                                                         Yes       SEVERE      Yes         1         No       
-   \s\nACTARM: B: Placebo
+   \s\nACTARM: C: Combination
    
    ————————————————————————————————————————————————————————————
                                                                

old[99:115] vs new[99:115]
                                                          Taken 
    Center/Patients ID            Age/Sex/Race             (2)  
    ————————————————————————————————————————————————————————————
-   CAN-1/341            43/F/ASIAN                       2     
+   BRA-11/9             40/M/ASIAN                       3     
                                                          2     
                                                          6     
-                                                         1     
+                                                         6     
-                                                         3     
+                                                         2     
-                                                         2     
+                                                         3     
-                                                         2     
+                                                         6     
                                                          2     
-   CHN-1/227            26/F/BLACK OR AFRICAN AMERICAN   7     
+   CHN-1/64             34/F/BLACK OR AFRICAN AMERICAN   1     
-                                                         2     
+                                                         6     
-   \s\nACTARM: C: Combination
+   \s\nACTARM: B: Placebo
    
    —————————————————————————————————————————————————————————————————————————————————————————————————————————
                                                                              Date of                        

old[117:133] vs new[117:133]
                                                           Event MedDRA         Drug        Day of   Duration
    Center/Patients ID            Age/Sex/Race            Preferred Term   Administration   Onset    in Days 
    —————————————————————————————————————————————————————————————————————————————————————————————————————————
-   BRA-11/9             40/M/ASIAN                       dcd D.1.1.4.2    25MAR2019         342       700   
+   CAN-1/341            43/F/ASIAN                       dcd A.1.1.1.2    23MAY2019          57       326   
-                                                         dcd B.2.2.3.1    25MAR2019         441        53   
+                                                         dcd B.2.1.2.1    23MAY2019         253        72   
-                                                         dcd D.1.1.1.1    25MAR2019         445       598   
+                                                         dcd B.1.1.1.1    23MAY2019         434       409   
-                                                         dcd B.1.1.1.1    25MAR2019         644        42   
+                                                         dcd A.1.1.1.2    23MAY2019         454       506   
-                                                         dcd B.2.2.3.1    25MAR2019         669       100   
+                                                         dcd A.1.1.1.2    23MAY2019         523       391   
-                                                         dcd C.2.1.2.1    25MAR2019         744       185   
+                                                         dcd A.1.1.1.1    23MAY2019         628       265   
-                                                         dcd C.2.1.2.1    25MAR2019         808       166   
+                                                         dcd C.2.1.2.1    23MAY2019         750       128   
-                                                         dcd B.2.1.2.1    25MAR2019         970        15   
+                                                         dcd A.1.1.1.2    23MAY2019         769        73   
-   CHN-1/64             34/F/BLACK OR AFRICAN AMERICAN   dcd B.2.1.2.1    28APR2019          31       678   
+   CHN-1/227            26/F/BLACK OR AFRICAN AMERICAN   dcd C.1.1.1.3    09APR2019         253       202   
-                                                         dcd D.1.1.1.1    28APR2019          92       254   
+                                                         dcd B.2.1.2.1    09APR2019         311       297   
-   \s\nACTARM: C: Combination
+   \s\nACTARM: B: Placebo
    
    ———————————————————————————————————————————————————————————————————————————————————————————————————————————
                                                                                                               

old[135:151] vs new[135:151]
                                                                     Extreme      Study     Outcome   Treatment
    Center/Patients ID            Age/Sex/Race            Serious   Intensity     Drug        (1)      for AE  
    ———————————————————————————————————————————————————————————————————————————————————————————————————————————
-   BRA-11/9             40/M/ASIAN                       No        MODERATE    No          2         No       
+   CAN-1/341            43/F/ASIAN                       Yes       MODERATE    No          5         Yes      
-                                                         Yes       MILD        No          5         No       
+                                                         No        MODERATE    No          5         Yes      
                                                          Yes       SEVERE      Yes         1         No       
-                                                         Yes       SEVERE      Yes         1         No       
+                                                         Yes       MODERATE    No          6         No       
-                                                         Yes       MILD        No          5         Yes      
+                                                         Yes       MODERATE    No          3         Yes      
-                                                         No        MODERATE    Yes         4         No       
+                                                         No        MILD        No          2         Yes      
-                                                         No        MODERATE    Yes         3         No       
+                                                         No        MODERATE    Yes         2         No       
-                                                         No        MODERATE    No          3         No       
+                                                         Yes       MODERATE    No          5         No       
-   CHN-1/64             34/F/BLACK OR AFRICAN AMERICAN   No        MODERATE    No          6         No       
+   CHN-1/227            26/F/BLACK OR AFRICAN AMERICAN   No        SEVERE      Yes         3         No       
-                                                         Yes       SEVERE      Yes         1         No       
+                                                         No        MODERATE    No          2         No       
-   \s\nACTARM: C: Combination
+   \s\nACTARM: B: Placebo
    
    ————————————————————————————————————————————————————————————
                                                                

old[153:165] vs new[153:165]
                                                          Taken 
    Center/Patients ID            Age/Sex/Race             (2)  
    ————————————————————————————————————————————————————————————
-   BRA-11/9             40/M/ASIAN                       3     
+   CAN-1/341            43/F/ASIAN                       2     
                                                          2     
                                                          6     
-                                                         6     
+                                                         1     
-                                                         2     
+                                                         3     
-                                                         3     
+                                                         2     
-                                                         6     
+                                                         2     
                                                          2     
-   CHN-1/64             34/F/BLACK OR AFRICAN AMERICAN   1     
+   CHN-1/227            26/F/BLACK OR AFRICAN AMERICAN   7     
-                                                         6     
+                                                         2     

* Run `testthat::snapshot_accept('ael02')` to accept the change.
* Run `testthat::snapshot_review('ael02')` to interactively review the change.</failure>
    </testcase>
    <testcase time="0.0599999999999996" classname="ael02" name="ael02_can_handle_all_missing_values"/>
    <testcase time="0.00100000000000033" classname="ael02" name="ael02_can_handle_all_missing_values"/>
    <testcase time="0.914" classname="ael02" name="ael02_can_handle_all_missing_values"/>
    <testcase time="0.0579999999999998" classname="ael02" name="ael02_functions_work_as_expected"/>
    <testcase time="0.00199999999999978" classname="ael02" name="ael02_functions_work_as_expected"/>
    <testcase time="0.933000000000001" classname="ael02" name="ael02_functions_work_as_expected">
      <failure type="failure" message="Snapshot of code has changed: ('test-ael02.R:39:3')">Snapshot of code has changed:
old[55:61] vs new[55:61]
                                                          6     
                                                          2     
                                                          6     
-   \s\nACTARM: B: Placebo
+   \s\nACTARM: C: Combination
    
    —————————————————————————————————————————————————————————————————————————————————————————————————————————
                                                                              Date of                        

old[63:79] vs new[63:79]
                                                           Event MedDRA         Drug        Day of   Duration
    Center/Patients ID            Age/Sex/Race            Preferred Term   Administration   Onset    in Days 
    —————————————————————————————————————————————————————————————————————————————————————————————————————————
-   CAN-1/341            43/F/ASIAN                       dcd A.1.1.1.2    23MAY2019          57       326   
+   BRA-11/9             40/M/ASIAN                       dcd D.1.1.4.2    25MAR2019         342       700   
-                                                         dcd B.2.1.2.1    23MAY2019         253        72   
+                                                         dcd B.2.2.3.1    25MAR2019         441        53   
-                                                         dcd B.1.1.1.1    23MAY2019         434       409   
+                                                         dcd D.1.1.1.1    25MAR2019         445       598   
-                                                         dcd A.1.1.1.2    23MAY2019         454       506   
+                                                         dcd B.1.1.1.1    25MAR2019         644        42   
-                                                         dcd A.1.1.1.2    23MAY2019         523       391   
+                                                         dcd B.2.2.3.1    25MAR2019         669       100   
-                                                         dcd A.1.1.1.1    23MAY2019         628       265   
+                                                         dcd C.2.1.2.1    25MAR2019         744       185   
-                                                         dcd C.2.1.2.1    23MAY2019         750       128   
+                                                         dcd C.2.1.2.1    25MAR2019         808       166   
-                                                         dcd A.1.1.1.2    23MAY2019         769        73   
+                                                         dcd B.2.1.2.1    25MAR2019         970        15   
-   CHN-1/227            26/F/BLACK OR AFRICAN AMERICAN   dcd C.1.1.1.3    09APR2019         253       202   
+   CHN-1/64             34/F/BLACK OR AFRICAN AMERICAN   dcd B.2.1.2.1    28APR2019          31       678   
-                                                         dcd B.2.1.2.1    09APR2019         311       297   
+                                                         dcd D.1.1.1.1    28APR2019          92       254   
-   \s\nACTARM: B: Placebo
+   \s\nACTARM: C: Combination
    
    ———————————————————————————————————————————————————————————————————————————————————————————————————————————
                                                                                                               

old[81:97] vs new[81:97]
                                                                     Extreme      Study     Outcome   Treatment
    Center/Patients ID            Age/Sex/Race            Serious   Intensity     Drug        (1)      for AE  
    ———————————————————————————————————————————————————————————————————————————————————————————————————————————
-   CAN-1/341            43/F/ASIAN                       Yes       MODERATE    No          5         Yes      
+   BRA-11/9             40/M/ASIAN                       No        MODERATE    No          2         No       
-                                                         No        MODERATE    No          5         Yes      
+                                                         Yes       MILD        No          5         No       
                                                          Yes       SEVERE      Yes         1         No       
-                                                         Yes       MODERATE    No          6         No       
+                                                         Yes       SEVERE      Yes         1         No       
-                                                         Yes       MODERATE    No          3         Yes      
+                                                         Yes       MILD        No          5         Yes      
-                                                         No        MILD        No          2         Yes      
+                                                         No        MODERATE    Yes         4         No       
-                                                         No        MODERATE    Yes         2         No       
+                                                         No        MODERATE    Yes         3         No       
-                                                         Yes       MODERATE    No          5         No       
+                                                         No        MODERATE    No          3         No       
-   CHN-1/227            26/F/BLACK OR AFRICAN AMERICAN   No        SEVERE      Yes         3         No       
+   CHN-1/64             34/F/BLACK OR AFRICAN AMERICAN   No        MODERATE    No          6         No       
-                                                         No        MODERATE    No          2         No       
+                                                         Yes       SEVERE      Yes         1         No       
-   \s\nACTARM: B: Placebo
+   \s\nACTARM: C: Combination
    
    ————————————————————————————————————————————————————————————
                                                                

old[99:115] vs new[99:115]
                                                          Taken 
    Center/Patients ID            Age/Sex/Race             (2)  
    ————————————————————————————————————————————————————————————
-   CAN-1/341            43/F/ASIAN                       2     
+   BRA-11/9             40/M/ASIAN                       3     
                                                          2     
                                                          6     
-                                                         1     
+                                                         6     
-                                                         3     
+                                                         2     
-                                                         2     
+                                                         3     
-                                                         2     
+                                                         6     
                                                          2     
-   CHN-1/227            26/F/BLACK OR AFRICAN AMERICAN   7     
+   CHN-1/64             34/F/BLACK OR AFRICAN AMERICAN   1     
-                                                         2     
+                                                         6     
-   \s\nACTARM: C: Combination
+   \s\nACTARM: B: Placebo
    
    —————————————————————————————————————————————————————————————————————————————————————————————————————————
                                                                              Date of                        

old[117:133] vs new[117:133]
                                                           Event MedDRA         Drug        Day of   Duration
    Center/Patients ID            Age/Sex/Race            Preferred Term   Administration   Onset    in Days 
    —————————————————————————————————————————————————————————————————————————————————————————————————————————
-   BRA-11/9             40/M/ASIAN                       dcd D.1.1.4.2    25MAR2019         342       700   
+   CAN-1/341            43/F/ASIAN                       dcd A.1.1.1.2    23MAY2019          57       326   
-                                                         dcd B.2.2.3.1    25MAR2019         441        53   
+                                                         dcd B.2.1.2.1    23MAY2019         253        72   
-                                                         dcd D.1.1.1.1    25MAR2019         445       598   
+                                                         dcd B.1.1.1.1    23MAY2019         434       409   
-                                                         dcd B.1.1.1.1    25MAR2019         644        42   
+                                                         dcd A.1.1.1.2    23MAY2019         454       506   
-                                                         dcd B.2.2.3.1    25MAR2019         669       100   
+                                                         dcd A.1.1.1.2    23MAY2019         523       391   
-                                                         dcd C.2.1.2.1    25MAR2019         744       185   
+                                                         dcd A.1.1.1.1    23MAY2019         628       265   
-                                                         dcd C.2.1.2.1    25MAR2019         808       166   
+                                                         dcd C.2.1.2.1    23MAY2019         750       128   
-                                                         dcd B.2.1.2.1    25MAR2019         970        15   
+                                                         dcd A.1.1.1.2    23MAY2019         769        73   
-   CHN-1/64             34/F/BLACK OR AFRICAN AMERICAN   dcd B.2.1.2.1    28APR2019          31       678   
+   CHN-1/227            26/F/BLACK OR AFRICAN AMERICAN   dcd C.1.1.1.3    09APR2019         253       202   
-                                                         dcd D.1.1.1.1    28APR2019          92       254   
+                                                         dcd B.2.1.2.1    09APR2019         311       297   
-   \s\nACTARM: C: Combination
+   \s\nACTARM: B: Placebo
    
    ———————————————————————————————————————————————————————————————————————————————————————————————————————————
                                                                                                               

old[135:151] vs new[135:151]
                                                                     Extreme      Study     Outcome   Treatment
    Center/Patients ID            Age/Sex/Race            Serious   Intensity     Drug        (1)      for AE  
    ———————————————————————————————————————————————————————————————————————————————————————————————————————————
-   BRA-11/9             40/M/ASIAN                       No        MODERATE    No          2         No       
+   CAN-1/341            43/F/ASIAN                       Yes       MODERATE    No          5         Yes      
-                                                         Yes       MILD        No          5         No       
+                                                         No        MODERATE    No          5         Yes      
                                                          Yes       SEVERE      Yes         1         No       
-                                                         Yes       SEVERE      Yes         1         No       
+                                                         Yes       MODERATE    No          6         No       
-                                                         Yes       MILD        No          5         Yes      
+                                                         Yes       MODERATE    No          3         Yes      
-                                                         No        MODERATE    Yes         4         No       
+                                                         No        MILD        No          2         Yes      
-                                                         No        MODERATE    Yes         3         No       
+                                                         No        MODERATE    Yes         2         No       
-                                                         No        MODERATE    No          3         No       
+                                                         Yes       MODERATE    No          5         No       
-   CHN-1/64             34/F/BLACK OR AFRICAN AMERICAN   No        MODERATE    No          6         No       
+   CHN-1/227            26/F/BLACK OR AFRICAN AMERICAN   No        SEVERE      Yes         3         No       
-                                                         Yes       SEVERE      Yes         1         No       
+                                                         No        MODERATE    No          2         No       
-   \s\nACTARM: C: Combination
+   \s\nACTARM: B: Placebo
    
    ————————————————————————————————————————————————————————————
                                                                

old[153:165] vs new[153:165]
                                                          Taken 
    Center/Patients ID            Age/Sex/Race             (2)  
    ————————————————————————————————————————————————————————————
-   BRA-11/9             40/M/ASIAN                       3     
+   CAN-1/341            43/F/ASIAN                       2     
                                                          2     
                                                          6     
-                                                         6     
+                                                         1     
-                                                         2     
+                                                         3     
-                                                         3     
+                                                         2     
-                                                         6     
+                                                         2     
                                                          2     
-   CHN-1/64             34/F/BLACK OR AFRICAN AMERICAN   1     
+   CHN-1/227            26/F/BLACK OR AFRICAN AMERICAN   7     
-                                                         6     
+                                                         2     

* Run `testthat::snapshot_accept('ael02')` to accept the change.
* Run `testthat::snapshot_review('ael02')` to interactively review the change.</failure>
    </testcase>
  </testsuite>
  <testsuite name="ael03" timestamp="2024-12-10T08:22:25Z" hostname="60b1b2a18b6d" tests="9" skipped="0" failures="2" errors="0" time="3.1">
    <testcase time="0.0909999999999993" classname="ael03" name="ael03_works_with_adae_dataset"/>
    <testcase time="0.00200000000000067" classname="ael03" name="ael03_works_with_adae_dataset"/>
    <testcase time="0.984999999999999" classname="ael03" name="ael03_works_with_adae_dataset">
      <failure type="failure" message="Snapshot of code has changed: ('test-ael03.R:9:3')">Snapshot of code has changed:
old[55:61] vs new[55:61]
                                                          6         
    CHN-2/395            28/M/BLACK OR AFRICAN AMERICAN   1         
    CHN-4/73             24/F/ASIAN                       6         
-   \s\nACTARM: B: Placebo
+   \s\nACTARM: C: Combination
    
    —————————————————————————————————————————————————————————————————————————————————————————————————————————
                                                                              Date of                        

old[63:79] vs new[63:79]
                                                           Event MedDRA         Drug        Day of   Duration
    Center/Patients ID            Age/Sex/Race            Preferred Term   Administration   Onset    in Days 
    —————————————————————————————————————————————————————————————————————————————————————————————————————————
-   CAN-1/341            43/F/ASIAN                       dcd A.1.1.1.2    23MAY2019          57       326   
+   BRA-11/9             40/M/ASIAN                       dcd B.2.2.3.1    25MAR2019         441        53   
-                                                         dcd B.1.1.1.1    23MAY2019         434       409   
+                                                         dcd D.1.1.1.1    25MAR2019         445       598   
-                                                         dcd A.1.1.1.2    23MAY2019         454       506   
+                                                         dcd B.1.1.1.1    25MAR2019         644        42   
-                                                         dcd A.1.1.1.2    23MAY2019         523       391   
+                                                         dcd B.2.2.3.1    25MAR2019         669       100   
-                                                         dcd A.1.1.1.2    23MAY2019         769        73   
+   CHN-1/64             34/F/BLACK OR AFRICAN AMERICAN   dcd D.1.1.1.1    28APR2019          92       254   
-   CHN-1/227            26/F/BLACK OR AFRICAN AMERICAN   dcd A.1.1.1.2    09APR2019         685       309   
+                                                         dcd A.1.1.1.2    28APR2019         449       516   
-                                                         dcd B.2.2.3.1    09APR2019         803       129   
+                                                         dcd A.1.1.1.2    28APR2019         593        51   
-   CHN-11/220           26/F/ASIAN                       dcd D.1.1.1.1    01MAR2019         876       175   
+                                                         dcd D.1.1.1.1    28APR2019         671        32   
-                                                         dcd B.1.1.1.1    01MAR2019         910       162   
+                                                         dcd D.1.1.1.1    28APR2019         937        36   
-   CHN-11/38            25/F/WHITE                       dcd A.1.1.1.2    17JUN2019         523       536   
+   CHN-15/262           35/M/BLACK OR AFRICAN AMERICAN   dcd B.1.1.1.1    26FEB2019         124       456   
-   \s\nACTARM: B: Placebo
+   \s\nACTARM: C: Combination
    
    ——————————————————————————————————————————————————————————————————————————————————————————————————————————
                                                                                                              

old[81:97] vs new[81:97]
                                                           Extreme      Study     Outcome   Treatment   Taken 
    Center/Patients ID            Age/Sex/Race            Intensity     Drug        (1)      for AE      (2)  
    ——————————————————————————————————————————————————————————————————————————————————————————————————————————
-   CAN-1/341            43/F/ASIAN                       MODERATE    No          5         Yes         2     
+   BRA-11/9             40/M/ASIAN                       MILD        No          5         No          2     
                                                          SEVERE      Yes         1         No          6     
-                                                         MODERATE    No          6         No          1     
+                                                         SEVERE      Yes         1         No          6     
-                                                         MODERATE    No          3         Yes         3     
+                                                         MILD        No          5         Yes         2     
-                                                         MODERATE    No          5         No          2     
+   CHN-1/64             34/F/BLACK OR AFRICAN AMERICAN   SEVERE      Yes         1         No          6     
-   CHN-1/227            26/F/BLACK OR AFRICAN AMERICAN   MODERATE    No          6         Yes         2     
+                                                         MODERATE    No          5         Yes         3     
-                                                         MILD        No          6         No          6     
+                                                         MODERATE    No          5         Yes         3     
-   CHN-11/220           26/F/ASIAN                       SEVERE      Yes         1         No          6     
+                                                         SEVERE      Yes         1         No          6     
                                                          SEVERE      Yes         1         No          6     
-   CHN-11/38            25/F/WHITE                       MODERATE    No          2         No          2     
+   CHN-15/262           35/M/BLACK OR AFRICAN AMERICAN   SEVERE      Yes         1         No          6     
-   \s\nACTARM: B: Placebo
+   \s\nACTARM: C: Combination
    
    ————————————————————————————————————————————————————————————————
                                                            Reason  

old[99:115] vs new[99:115]
                                                          as Serious
    Center/Patients ID            Age/Sex/Race               (3)    
    ————————————————————————————————————————————————————————————————
-   CAN-1/341            43/F/ASIAN                       6         
+   BRA-11/9             40/M/ASIAN                       3         
                                                          1         
-                                                         3         
+                                                         1         
-                                                         6         
+                                                         3         
-                                                         5         
+   CHN-1/64             34/F/BLACK OR AFRICAN AMERICAN   1         
-   CHN-1/227            26/F/BLACK OR AFRICAN AMERICAN   3         
+                                                         6         
-                                                         6         
+                                                         3         
-   CHN-11/220           26/F/ASIAN                       1         
+                                                         1         
                                                          1         
-   CHN-11/38            25/F/WHITE                       5         
+   CHN-15/262           35/M/BLACK OR AFRICAN AMERICAN   1         
-   \s\nACTARM: C: Combination
+   \s\nACTARM: B: Placebo
    
    —————————————————————————————————————————————————————————————————————————————————————————————————————————
                                                                              Date of                        

old[117:133] vs new[117:133]
                                                           Event MedDRA         Drug        Day of   Duration
    Center/Patients ID            Age/Sex/Race            Preferred Term   Administration   Onset    in Days 
    —————————————————————————————————————————————————————————————————————————————————————————————————————————
-   BRA-11/9             40/M/ASIAN                       dcd B.2.2.3.1    25MAR2019         441        53   
+   CAN-1/341            43/F/ASIAN                       dcd A.1.1.1.2    23MAY2019          57       326   
-                                                         dcd D.1.1.1.1    25MAR2019         445       598   
+                                                         dcd B.1.1.1.1    23MAY2019         434       409   
-                                                         dcd B.1.1.1.1    25MAR2019         644        42   
+                                                         dcd A.1.1.1.2    23MAY2019         454       506   
-                                                         dcd B.2.2.3.1    25MAR2019         669       100   
+                                                         dcd A.1.1.1.2    23MAY2019         523       391   
-   CHN-1/64             34/F/BLACK OR AFRICAN AMERICAN   dcd D.1.1.1.1    28APR2019          92       254   
+                                                         dcd A.1.1.1.2    23MAY2019         769        73   
-                                                         dcd A.1.1.1.2    28APR2019         449       516   
+   CHN-1/227            26/F/BLACK OR AFRICAN AMERICAN   dcd A.1.1.1.2    09APR2019         685       309   
-                                                         dcd A.1.1.1.2    28APR2019         593        51   
+                                                         dcd B.2.2.3.1    09APR2019         803       129   
-                                                         dcd D.1.1.1.1    28APR2019         671        32   
+   CHN-11/220           26/F/ASIAN                       dcd D.1.1.1.1    01MAR2019         876       175   
-                                                         dcd D.1.1.1.1    28APR2019         937        36   
+                                                         dcd B.1.1.1.1    01MAR2019         910       162   
-   CHN-15/262           35/M/BLACK OR AFRICAN AMERICAN   dcd B.1.1.1.1    26FEB2019         124       456   
+   CHN-11/38            25/F/WHITE                       dcd A.1.1.1.2    17JUN2019         523       536   
-   \s\nACTARM: C: Combination
+   \s\nACTARM: B: Placebo
    
    ——————————————————————————————————————————————————————————————————————————————————————————————————————————
                                                                                                              

old[135:151] vs new[135:151]
                                                           Extreme      Study     Outcome   Treatment   Taken 
    Center/Patients ID            Age/Sex/Race            Intensity     Drug        (1)      for AE      (2)  
    ——————————————————————————————————————————————————————————————————————————————————————————————————————————
-   BRA-11/9             40/M/ASIAN                       MILD        No          5         No          2     
+   CAN-1/341            43/F/ASIAN                       MODERATE    No          5         Yes         2     
                                                          SEVERE      Yes         1         No          6     
-                                                         SEVERE      Yes         1         No          6     
+                                                         MODERATE    No          6         No          1     
-                                                         MILD        No          5         Yes         2     
+                                                         MODERATE    No          3         Yes         3     
-   CHN-1/64             34/F/BLACK OR AFRICAN AMERICAN   SEVERE      Yes         1         No          6     
+                                                         MODERATE    No          5         No          2     
-                                                         MODERATE    No          5         Yes         3     
+   CHN-1/227            26/F/BLACK OR AFRICAN AMERICAN   MODERATE    No          6         Yes         2     
-                                                         MODERATE    No          5         Yes         3     
+                                                         MILD        No          6         No          6     
-                                                         SEVERE      Yes         1         No          6     
+   CHN-11/220           26/F/ASIAN                       SEVERE      Yes         1         No          6     
                                                          SEVERE      Yes         1         No          6     
-   CHN-15/262           35/M/BLACK OR AFRICAN AMERICAN   SEVERE      Yes         1         No          6     
+   CHN-11/38            25/F/WHITE                       MODERATE    No          2         No          2     
-   \s\nACTARM: C: Combination
+   \s\nACTARM: B: Placebo
    
    ————————————————————————————————————————————————————————————————
                                                            Reason  

old[153:165] vs new[153:165]
                                                          as Serious
    Center/Patients ID            Age/Sex/Race               (3)    
    ————————————————————————————————————————————————————————————————
-   BRA-11/9             40/M/ASIAN                       3         
+   CAN-1/341            43/F/ASIAN                       6         
                                                          1         
-                                                         1         
+                                                         3         
-                                                         3         
+                                                         6         
-   CHN-1/64             34/F/BLACK OR AFRICAN AMERICAN   1         
+                                                         5         
-                                                         6         
+   CHN-1/227            26/F/BLACK OR AFRICAN AMERICAN   3         
-                                                         3         
+                                                         6         
-                                                         1         
+   CHN-11/220           26/F/ASIAN                       1         
                                                          1         
-   CHN-15/262           35/M/BLACK OR AFRICAN AMERICAN   1         
+   CHN-11/38            25/F/WHITE                       5         

* Run `testthat::snapshot_accept('ael03')` to accept the change.
* Run `testthat::snapshot_review('ael03')` to interactively review the change.</failure>
    </testcase>
    <testcase time="0.0650000000000004" classname="ael03" name="ael03_can_handle_all_missing_values"/>
    <testcase time="0.00100000000000033" classname="ael03" name="ael03_can_handle_all_missing_values"/>
    <testcase time="0.94" classname="ael03" name="ael03_can_handle_all_missing_values"/>
    <testcase time="0.0609999999999999" classname="ael03" name="ael03_functions_work_as_expected"/>
    <testcase time="0.00199999999999889" classname="ael03" name="ael03_functions_work_as_expected"/>
    <testcase time="0.953000000000001" classname="ael03" name="ael03_functions_work_as_expected">
      <failure type="failure" message="Snapshot of code has changed: ('test-ael03.R:39:3')">Snapshot of code has changed:
old[55:61] vs new[55:61]
                                                          6         
    CHN-2/395            28/M/BLACK OR AFRICAN AMERICAN   1         
    CHN-4/73             24/F/ASIAN                       6         
-   \s\nACTARM: B: Placebo
+   \s\nACTARM: C: Combination
    
    —————————————————————————————————————————————————————————————————————————————————————————————————————————
                                                                              Date of                        

old[63:79] vs new[63:79]
                                                           Event MedDRA         Drug        Day of   Duration
    Center/Patients ID            Age/Sex/Race            Preferred Term   Administration   Onset    in Days 
    —————————————————————————————————————————————————————————————————————————————————————————————————————————
-   CAN-1/341            43/F/ASIAN                       dcd A.1.1.1.2    23MAY2019          57       326   
+   BRA-11/9             40/M/ASIAN                       dcd B.2.2.3.1    25MAR2019         441        53   
-                                                         dcd B.1.1.1.1    23MAY2019         434       409   
+                                                         dcd D.1.1.1.1    25MAR2019         445       598   
-                                                         dcd A.1.1.1.2    23MAY2019         454       506   
+                                                         dcd B.1.1.1.1    25MAR2019         644        42   
-                                                         dcd A.1.1.1.2    23MAY2019         523       391   
+                                                         dcd B.2.2.3.1    25MAR2019         669       100   
-                                                         dcd A.1.1.1.2    23MAY2019         769        73   
+   CHN-1/64             34/F/BLACK OR AFRICAN AMERICAN   dcd D.1.1.1.1    28APR2019          92       254   
-   CHN-1/227            26/F/BLACK OR AFRICAN AMERICAN   dcd A.1.1.1.2    09APR2019         685       309   
+                                                         dcd A.1.1.1.2    28APR2019         449       516   
-                                                         dcd B.2.2.3.1    09APR2019         803       129   
+                                                         dcd A.1.1.1.2    28APR2019         593        51   
-   CHN-11/220           26/F/ASIAN                       dcd D.1.1.1.1    01MAR2019         876       175   
+                                                         dcd D.1.1.1.1    28APR2019         671        32   
-                                                         dcd B.1.1.1.1    01MAR2019         910       162   
+                                                         dcd D.1.1.1.1    28APR2019         937        36   
-   CHN-11/38            25/F/WHITE                       dcd A.1.1.1.2    17JUN2019         523       536   
+   CHN-15/262           35/M/BLACK OR AFRICAN AMERICAN   dcd B.1.1.1.1    26FEB2019         124       456   
-   \s\nACTARM: B: Placebo
+   \s\nACTARM: C: Combination
    
    ——————————————————————————————————————————————————————————————————————————————————————————————————————————
                                                                                                              

old[81:97] vs new[81:97]
                                                           Extreme      Study     Outcome   Treatment   Taken 
    Center/Patients ID            Age/Sex/Race            Intensity     Drug        (1)      for AE      (2)  
    ——————————————————————————————————————————————————————————————————————————————————————————————————————————
-   CAN-1/341            43/F/ASIAN                       MODERATE    No          5         Yes         2     
+   BRA-11/9             40/M/ASIAN                       MILD        No          5         No          2     
                                                          SEVERE      Yes         1         No          6     
-                                                         MODERATE    No          6         No          1     
+                                                         SEVERE      Yes         1         No          6     
-                                                         MODERATE    No          3         Yes         3     
+                                                         MILD        No          5         Yes         2     
-                                                         MODERATE    No          5         No          2     
+   CHN-1/64             34/F/BLACK OR AFRICAN AMERICAN   SEVERE      Yes         1         No          6     
-   CHN-1/227            26/F/BLACK OR AFRICAN AMERICAN   MODERATE    No          6         Yes         2     
+                                                         MODERATE    No          5         Yes         3     
-                                                         MILD        No          6         No          6     
+                                                         MODERATE    No          5         Yes         3     
-   CHN-11/220           26/F/ASIAN                       SEVERE      Yes         1         No          6     
+                                                         SEVERE      Yes         1         No          6     
                                                          SEVERE      Yes         1         No          6     
-   CHN-11/38            25/F/WHITE                       MODERATE    No          2         No          2     
+   CHN-15/262           35/M/BLACK OR AFRICAN AMERICAN   SEVERE      Yes         1         No          6     
-   \s\nACTARM: B: Placebo
+   \s\nACTARM: C: Combination
    
    ————————————————————————————————————————————————————————————————
                                                            Reason  

old[99:115] vs new[99:115]
                                                          as Serious
    Center/Patients ID            Age/Sex/Race               (3)    
    ————————————————————————————————————————————————————————————————
-   CAN-1/341            43/F/ASIAN                       6         
+   BRA-11/9             40/M/ASIAN                       3         
                                                          1         
-                                                         3         
+                                                         1         
-                                                         6         
+                                                         3         
-                                                         5         
+   CHN-1/64             34/F/BLACK OR AFRICAN AMERICAN   1         
-   CHN-1/227            26/F/BLACK OR AFRICAN AMERICAN   3         
+                                                         6         
-                                                         6         
+                                                         3         
-   CHN-11/220           26/F/ASIAN                       1         
+                                                         1         
                                                          1         
-   CHN-11/38            25/F/WHITE                       5         
+   CHN-15/262           35/M/BLACK OR AFRICAN AMERICAN   1         
-   \s\nACTARM: C: Combination
+   \s\nACTARM: B: Placebo
    
    —————————————————————————————————————————————————————————————————————————————————————————————————————————
                                                                              Date of                        

old[117:133] vs new[117:133]
                                                           Event MedDRA         Drug        Day of   Duration
    Center/Patients ID            Age/Sex/Race            Preferred Term   Administration   Onset    in Days 
    —————————————————————————————————————————————————————————————————————————————————————————————————————————
-   BRA-11/9             40/M/ASIAN                       dcd B.2.2.3.1    25MAR2019         441        53   
+   CAN-1/341            43/F/ASIAN                       dcd A.1.1.1.2    23MAY2019          57       326   
-                                                         dcd D.1.1.1.1    25MAR2019         445       598   
+                                                         dcd B.1.1.1.1    23MAY2019         434       409   
-                                                         dcd B.1.1.1.1    25MAR2019         644        42   
+                                                         dcd A.1.1.1.2    23MAY2019         454       506   
-                                                         dcd B.2.2.3.1    25MAR2019         669       100   
+                                                         dcd A.1.1.1.2    23MAY2019         523       391   
-   CHN-1/64             34/F/BLACK OR AFRICAN AMERICAN   dcd D.1.1.1.1    28APR2019          92       254   
+                                                         dcd A.1.1.1.2    23MAY2019         769        73   
-                                                         dcd A.1.1.1.2    28APR2019         449       516   
+   CHN-1/227            26/F/BLACK OR AFRICAN AMERICAN   dcd A.1.1.1.2    09APR2019         685       309   
-                                                         dcd A.1.1.1.2    28APR2019         593        51   
+                                                         dcd B.2.2.3.1    09APR2019         803       129   
-                                                         dcd D.1.1.1.1    28APR2019         671        32   
+   CHN-11/220           26/F/ASIAN                       dcd D.1.1.1.1    01MAR2019         876       175   
-                                                         dcd D.1.1.1.1    28APR2019         937        36   
+                                                         dcd B.1.1.1.1    01MAR2019         910       162   
-   CHN-15/262           35/M/BLACK OR AFRICAN AMERICAN   dcd B.1.1.1.1    26FEB2019         124       456   
+   CHN-11/38            25/F/WHITE                       dcd A.1.1.1.2    17JUN2019         523       536   
-   \s\nACTARM: C: Combination
+   \s\nACTARM: B: Placebo
    
    ——————————————————————————————————————————————————————————————————————————————————————————————————————————
                                                                                                              

old[135:151] vs new[135:151]
                                                           Extreme      Study     Outcome   Treatment   Taken 
    Center/Patients ID            Age/Sex/Race            Intensity     Drug        (1)      for AE      (2)  
    ——————————————————————————————————————————————————————————————————————————————————————————————————————————
-   BRA-11/9             40/M/ASIAN                       MILD        No          5         No          2     
+   CAN-1/341            43/F/ASIAN                       MODERATE    No          5         Yes         2     
                                                          SEVERE      Yes         1         No          6     
-                                                         SEVERE      Yes         1         No          6     
+                                                         MODERATE    No          6         No          1     
-                                                         MILD        No          5         Yes         2     
+                                                         MODERATE    No          3         Yes         3     
-   CHN-1/64             34/F/BLACK OR AFRICAN AMERICAN   SEVERE      Yes         1         No          6     
+                                                         MODERATE    No          5         No          2     
-                                                         MODERATE    No          5         Yes         3     
+   CHN-1/227            26/F/BLACK OR AFRICAN AMERICAN   MODERATE    No          6         Yes         2     
-                                                         MODERATE    No          5         Yes         3     
+                                                         MILD        No          6         No          6     
-                                                         SEVERE      Yes         1         No          6     
+   CHN-11/220           26/F/ASIAN                       SEVERE      Yes         1         No          6     
                                                          SEVERE      Yes         1         No          6     
-   CHN-15/262           35/M/BLACK OR AFRICAN AMERICAN   SEVERE      Yes         1         No          6     
+   CHN-11/38            25/F/WHITE                       MODERATE    No          2         No          2     
-   \s\nACTARM: C: Combination
+   \s\nACTARM: B: Placebo
    
    ————————————————————————————————————————————————————————————————
                                                            Reason  

old[153:165] vs new[153:165]
                                                          as Serious
    Center/Patients ID            Age/Sex/Race               (3)    
    ————————————————————————————————————————————————————————————————
-   BRA-11/9             40/M/ASIAN                       3         
+   CAN-1/341            43/F/ASIAN                       6         
                                                          1         
-                                                         1         
+                                                         3         
-                                                         3         
+                                                         6         
-   CHN-1/64             34/F/BLACK OR AFRICAN AMERICAN   1         
+                                                         5         
-                                                         6         
+   CHN-1/227            26/F/BLACK OR AFRICAN AMERICAN   3         
-                                                         3         
+                                                         6         
-                                                         1         
+   CHN-11/220           26/F/ASIAN                       1         
                                                          1         
-   CHN-15/262           35/M/BLACK OR AFRICAN AMERICAN   1         
+   CHN-11/38            25/F/WHITE                       5         

* Run `testthat::snapshot_accept('ael03')` to accept the change.
* Run `testthat::snapshot_review('ael03')` to interactively review the change.</failure>
    </testcase>
  </testsuite>
  <testsuite name="aet01" timestamp="2024-12-10T08:22:28Z" hostname="60b1b2a18b6d" tests="13" skipped="0" failures="0" errors="0" time="3.466">
    <testcase time="0.433999999999999" classname="aet01" name="aet01_can_handle_all_NA_values"/>
    <testcase time="0.297000000000001" classname="aet01" name="aet01_can_handle_all_NA_values"/>
    <testcase time="0.487" classname="aet01" name="aet01_can_handle_all_NA_values"/>
    <testcase time="0.224" classname="aet01" name="aet01_can_handle_all_NA_values"/>
    <testcase time="0.266" classname="aet01" name="aet01_can_handle_some_NA_values"/>
    <testcase time="0.270999999999999" classname="aet01" name="aet01_can_handle_some_NA_values"/>
    <testcase time="0.215" classname="aet01" name="aet01_can_use_custom_anl_vars"/>
    <testcase time="0.17" classname="aet01" name="aet01_can_use_custom_anl_vars"/>
    <testcase time="0.0620000000000012" classname="aet01" name="aet01_fails_on_incomplete_data_input"/>
    <testcase time="0.298999999999999" classname="aet01" name="aet01_can_use_custom_medconcept_var"/>
    <testcase time="0.297000000000001" classname="aet01" name="aet01_can_use_custom_medconcept_var"/>
    <testcase time="0.198" classname="aet01" name="aet01_can_conditionally_show_the_number_of_withdrawal"/>
    <testcase time="0.245999999999999" classname="aet01" name="aet01_can_conditionally_show_the_number_of_withdrawal"/>
  </testsuite>
  <testsuite name="aet01_aesi" timestamp="2024-12-10T08:22:31Z" hostname="60b1b2a18b6d" tests="9" skipped="0" failures="0" errors="0" time="2.109">
    <testcase time="0.213000000000001" classname="aet01_aesi" name="aet01_aesi_can_handle_all_NA_values"/>
    <testcase time="0.259" classname="aet01_aesi" name="aet01_aesi_can_handle_all_NA_values"/>
    <testcase time="0.206" classname="aet01_aesi" name="aet01_aesi_can_handle_all_NA_values"/>
    <testcase time="0.223000000000001" classname="aet01_aesi" name="aet01_aesi_can_handle_all_NA_values"/>
    <testcase time="0.199999999999999" classname="aet01_aesi" name="aet01_aesi_can_handle_some_NA_values"/>
    <testcase time="0.285" classname="aet01_aesi" name="aet01_aesi_can_handle_some_NA_values"/>
    <testcase time="0.274000000000001" classname="aet01_aesi" name="aet01_aesi_works_with_ALL_argument"/>
    <testcase time="0.394" classname="aet01_aesi" name="aet01_aesi_works_with_ALL_argument"/>
    <testcase time="0.0549999999999997" classname="aet01_aesi" name="aet01_aesi_check_fails_on_incomplete_data_input"/>
  </testsuite>
  <testsuite name="aet02" timestamp="2024-12-10T08:22:33Z" hostname="60b1b2a18b6d" tests="4" skipped="0" failures="0" errors="0" time="2.531">
    <testcase time="0.0640000000000001" classname="aet02" name="aet02_fails_on_incomplete_data_input"/>
    <testcase time="0.123999999999999" classname="aet02" name="aet02_handle_empty_data_input"/>
    <testcase time="1.546" classname="aet02" name="aet02_can_have_different_levels_of_row_split"/>
    <testcase time="0.797000000000001" classname="aet02" name="aet02_can_have_different_levels_of_row_split"/>
  </testsuite>
  <testsuite name="aet03" timestamp="2024-12-10T08:22:36Z" hostname="60b1b2a18b6d" tests="4" skipped="0" failures="0" errors="0" time="2.746">
    <testcase time="0.302" classname="aet03" name="aet03_can_handle_NA_values"/>
    <testcase time="0.272000000000002" classname="aet03" name="aet03_can_handle_NA_values"/>
    <testcase time="1.413" classname="aet03" name="aet03_can_handle_some_NA_values"/>
    <testcase time="0.759" classname="aet03" name="aet03_can_handle_some_NA_values"/>
  </testsuite>
  <testsuite name="aet04" timestamp="2024-12-10T08:22:39Z" hostname="60b1b2a18b6d" tests="12" skipped="0" failures="0" errors="0" time="12.251">
    <testcase time="0.459999999999997" classname="aet04" name="aet04_can_handle_NA_values"/>
    <testcase time="0.446000000000002" classname="aet04" name="aet04_can_handle_NA_values"/>
    <testcase time="0.440000000000001" classname="aet04" name="aet04_can_handle_NA_values"/>
    <testcase time="0.00399999999999778" classname="aet04" name="aet04_can_handle_NA_values"/>
    <testcase time="0.440000000000001" classname="aet04" name="aet04_can_handle_NA_values"/>
    <testcase time="0.423999999999999" classname="aet04" name="aet04_can_handle_NA_values"/>
    <testcase time="2.44" classname="aet04" name="aet04_can_handle_some_NA_values"/>
    <testcase time="1.195" classname="aet04" name="aet04_can_handle_some_NA_values"/>
    <testcase time="2.519" classname="aet04" name="aet04_can_handle_some_NA_values"/>
    <testcase time="0.00600000000000023" classname="aet04" name="aet04_can_handle_some_NA_values"/>
    <testcase time="2.715" classname="aet04" name="aet04_can_handle_some_NA_values"/>
    <testcase time="1.162" classname="aet04" name="aet04_can_handle_some_NA_values"/>
  </testsuite>
  <testsuite name="aet05" timestamp="2024-12-10T08:22:51Z" hostname="60b1b2a18b6d" tests="6" skipped="0" failures="0" errors="0" time="1.201">
    <testcase time="0.143000000000001" classname="aet05" name="aet05_can_handle_NA_values"/>
    <testcase time="0.244" classname="aet05" name="aet05_can_handle_NA_values"/>
    <testcase time="0.142000000000003" classname="aet05" name="aet05_can_handle_some_NA_values"/>
    <testcase time="0.265999999999998" classname="aet05" name="aet05_can_handle_some_NA_values"/>
    <testcase time="0.133000000000003" classname="aet05" name="aet05_can_handle_some_NA_values"/>
    <testcase time="0.272999999999996" classname="aet05" name="aet05_can_handle_some_NA_values"/>
  </testsuite>
  <testsuite name="aet05_all" timestamp="2024-12-10T08:22:52Z" hostname="60b1b2a18b6d" tests="6" skipped="0" failures="0" errors="0" time="1.256">
    <testcase time="0.148000000000003" classname="aet05_all" name="aet05_all_can_handle_NA_values"/>
    <testcase time="0.248999999999995" classname="aet05_all" name="aet05_all_can_handle_NA_values"/>
    <testcase time="0.140000000000001" classname="aet05_all" name="aet05_all_can_handle_some_NA_values"/>
    <testcase time="0.288000000000004" classname="aet05_all" name="aet05_all_can_handle_some_NA_values"/>
    <testcase time="0.149999999999999" classname="aet05_all" name="aet05_all_can_handle_some_NA_values"/>
    <testcase time="0.280999999999999" classname="aet05_all" name="aet05_all_can_handle_some_NA_values"/>
  </testsuite>
  <testsuite name="aet10" timestamp="2024-12-10T08:22:53Z" hostname="60b1b2a18b6d" tests="4" skipped="0" failures="0" errors="0" time="0.533">
    <testcase time="0.0750000000000028" classname="aet10" name="aet10_can_handle_NA_values"/>
    <testcase time="0.125" classname="aet10" name="aet10_can_handle_NA_values"/>
    <testcase time="0.106999999999999" classname="aet10" name="aet10_can_handle_some_NA_values"/>
    <testcase time="0.225999999999999" classname="aet10" name="aet10_can_handle_some_NA_values"/>
  </testsuite>
  <testsuite name="assertions" timestamp="2024-12-10T08:22:54Z" hostname="60b1b2a18b6d" tests="33" skipped="0" failures="0" errors="0" time="0.193">
    <testcase time="0.00900000000000034" classname="assertions" name="assert_valid_var.character_works_as_expected"/>
    <testcase time="0.00499999999999545" classname="assertions" name="assert_valid_var.character_works_as_expected"/>
    <testcase time="0.00600000000000023" classname="assertions" name="assert_valid_var.character_works_as_expected"/>
    <testcase time="0.00500000000000256" classname="assertions" name="assert_valid_var.character_works_as_expected"/>
    <testcase time="0.00200000000000244" classname="assertions" name="assert_valid_var.character_works_as_expected"/>
    <testcase time="0.00499999999999545" classname="assertions" name="assert_valid_var.factor_works_as_expected"/>
    <testcase time="0.00500000000000256" classname="assertions" name="assert_valid_var.factor_works_as_expected"/>
    <testcase time="0.00500000000000256" classname="assertions" name="assert_valid_var.factor_works_as_expected"/>
    <testcase time="0.00600000000000023" classname="assertions" name="assert_valid_var.factor_works_as_expected"/>
    <testcase time="0.000999999999997669" classname="assertions" name="assert_valid_var.factor_works_as_expected"/>
    <testcase time="0.00600000000000023" classname="assertions" name="assert_valid_var.logical_works_as_expected"/>
    <testcase time="0.00500000000000256" classname="assertions" name="assert_valid_var.logical_works_as_expected"/>
    <testcase time="0.00499999999999545" classname="assertions" name="assert_valid_var.logical_works_as_expected"/>
    <testcase time="0.00100000000000477" classname="assertions" name="assert_valid_var.logical_works_as_expected"/>
    <testcase time="0.00499999999999545" classname="assertions" name="assert_valid_var.numeric_works_as_expected"/>
    <testcase time="0.00500000000000256" classname="assertions" name="assert_valid_var.numeric_works_as_expected"/>
    <testcase time="0.00499999999999545" classname="assertions" name="assert_valid_var.numeric_works_as_expected"/>
    <testcase time="0.00200000000000244" classname="assertions" name="assert_valid_var.numeric_works_as_expected"/>
    <testcase time="0.00500000000000256" classname="assertions" name="assert_valid_var.numeric_works_as_expected"/>
    <testcase time="0.00199999999999534" classname="assertions" name="assert_valid_var.numeric_works_as_expected"/>
    <testcase time="0.0250000000000057" classname="assertions" name="assert_valid_var.POSIXct_works_as_expected"/>
    <testcase time="0.0209999999999937" classname="assertions" name="assert_valid_var.POSIXct_works_as_expected"/>
    <testcase time="0.00600000000000023" classname="assertions" name="assert_valid_variable_works_as_expected"/>
    <testcase time="0.00200000000000244" classname="assertions" name="assert_valid_variable_works_as_expected"/>
    <testcase time="0.0069999999999979" classname="assertions" name="assert_valid_variable_works_as_expected"/>
    <testcase time="0.00200000000000244" classname="assertions" name="assert_valid_variable_works_as_expected"/>
    <testcase time="0.007000000000005" classname="assertions" name="assert_valid_variable_works_as_expected"/>
    <testcase time="0.00199999999999534" classname="assertions" name="assert_valid_variable_works_as_expected"/>
    <testcase time="0.00600000000000023" classname="assertions" name="assert_valid_var_pair_works_as_expected_with_character"/>
    <testcase time="0.00600000000000023" classname="assertions" name="assert_valid_var_pair_works_as_expected_with_character"/>
    <testcase time="0.00600000000000023" classname="assertions" name="assert_valid_var_pair_works_as_expected_with_factor"/>
    <testcase time="0.00600000000000023" classname="assertions" name="assert_valid_var_pair_works_as_expected_with_factor"/>
    <testcase time="0.007000000000005" classname="assertions" name="assert_valid_var_pair_works_as_expected_with_factor"/>
  </testsuite>
  <testsuite name="cfbt01" timestamp="2024-12-10T08:22:54Z" hostname="60b1b2a18b6d" tests="3" skipped="0" failures="0" errors="0" time="9.549">
    <testcase time="7.035" classname="cfbt01" name="cfbt01_functions_with_default_argument_value_return_expected_result_with_test_data"/>
    <testcase time="0.823" classname="cfbt01" name="cfbt01_can_handle_n_0_and_outputs_NE_instead_of_infs_and_NAs"/>
    <testcase time="1.691" classname="cfbt01" name="cfbt01_can_handle_n_0_and_outputs_NE_instead_of_infs_and_NAs"/>
  </testsuite>
  <testsuite name="checks" timestamp="2024-12-10T08:23:04Z" hostname="60b1b2a18b6d" tests="8" skipped="0" failures="0" errors="0" time="0.039">
    <testcase time="0.00999999999999801" classname="checks" name="check_all_colnames_works_as_expected"/>
    <testcase time="0.00300000000000011" classname="checks" name="check_all_colnames_works_as_expected"/>
    <testcase time="0.00200000000000244" classname="checks" name="check_all_colnames_works_as_expected"/>
    <testcase time="0.00300000000000011" classname="checks" name="check_all_colnames_works_as_expected"/>
    <testcase time="0.00599999999999312" classname="checks" name="check_one_colnames_works_as_expected"/>
    <testcase time="0.00300000000000011" classname="checks" name="check_one_colnames_works_as_expected"/>
    <testcase time="0.007000000000005" classname="checks" name="check_one_colnames_works_as_expected"/>
    <testcase time="0.00499999999999545" classname="checks" name="check_one_colnames_works_as_expected"/>
  </testsuite>
  <testsuite name="chevron_tlg-class" timestamp="2024-12-10T08:23:04Z" hostname="60b1b2a18b6d" tests="27" skipped="0" failures="0" errors="0" time="0.11">
    <testcase time="0.0130000000000052" classname="chevron_tlg_class" name="chevron_t_object_can_be_constructed_with_default_values"/>
    <testcase time="0.00499999999999545" classname="chevron_tlg_class" name="chevron_t_object_can_be_constructed_with_default_values"/>
    <testcase time="0.00800000000000267" classname="chevron_tlg_class" name="chevron_t_object_can_be_constructed_with_custom_values"/>
    <testcase time="0.00399999999999778" classname="chevron_tlg_class" name="chevron_t_object_can_be_constructed_with_custom_values"/>
    <testcase time="0.00300000000000011" classname="chevron_tlg_class" name="chevron_t_object_can_be_constructed_with_custom_values"/>
    <testcase time="0.00300000000000011" classname="chevron_tlg_class" name="chevron_t_object_can_be_constructed_with_custom_values"/>
    <testcase time="0.007000000000005" classname="chevron_tlg_class" name="chevron_t_constructor_returns_an_error_when_expected"/>
    <testcase time="0.000999999999997669" classname="chevron_tlg_class" name="chevron_t_constructor_returns_an_error_when_expected"/>
    <testcase time="0.00199999999999534" classname="chevron_tlg_class" name="chevron_t_constructor_returns_an_error_when_expected"/>
    <testcase time="0.00100000000000477" classname="chevron_tlg_class" name="chevron_t_constructor_returns_an_error_when_expected"/>
    <testcase time="0.000999999999997669" classname="chevron_tlg_class" name="chevron_t_constructor_returns_an_error_when_expected"/>
    <testcase time="0.00200000000000244" classname="chevron_tlg_class" name="chevron_t_constructor_returns_an_error_when_expected"/>
    <testcase time="0.00600000000000023" classname="chevron_tlg_class" name="chevron_l_object_can_be_constructed_with_default_values"/>
    <testcase time="0.00399999999999778" classname="chevron_tlg_class" name="chevron_l_object_can_be_constructed_with_default_values"/>
    <testcase time="0.0069999999999979" classname="chevron_tlg_class" name="chevron_g_object_can_be_constructed_with_custom_values"/>
    <testcase time="0.00300000000000011" classname="chevron_tlg_class" name="chevron_g_object_can_be_constructed_with_custom_values"/>
    <testcase time="0.00300000000000011" classname="chevron_tlg_class" name="chevron_g_object_can_be_constructed_with_custom_values"/>
    <testcase time="0.00300000000000011" classname="chevron_tlg_class" name="chevron_g_object_can_be_constructed_with_custom_values"/>
    <testcase time="0.00600000000000023" classname="chevron_tlg_class" name="chevron_g_constructor_returns_an_error_when_expected"/>
    <testcase time="0.00200000000000244" classname="chevron_tlg_class" name="chevron_g_constructor_returns_an_error_when_expected"/>
    <testcase time="0.000999999999997669" classname="chevron_tlg_class" name="chevron_g_constructor_returns_an_error_when_expected"/>
    <testcase time="0.00100000000000477" classname="chevron_tlg_class" name="chevron_g_constructor_returns_an_error_when_expected"/>
    <testcase time="0.000999999999997669" classname="chevron_tlg_class" name="chevron_g_constructor_returns_an_error_when_expected"/>
    <testcase time="0.00100000000000477" classname="chevron_tlg_class" name="chevron_g_constructor_returns_an_error_when_expected"/>
    <testcase time="0.0069999999999979" classname="chevron_tlg_class" name="chevron_simple_works_correctly"/>
    <testcase time="0.00300000000000011" classname="chevron_tlg_class" name="chevron_simple_works_correctly"/>
    <testcase time="0.0120000000000005" classname="chevron_tlg_class" name="chevron_simple_errors_if_contains_return"/>
  </testsuite>
  <testsuite name="chevron_tlg-methods" timestamp="2024-12-10T08:23:04Z" hostname="60b1b2a18b6d" tests="59" skipped="1" failures="0" errors="0" time="10.708">
    <testcase time="1.177" classname="chevron_tlg_methods" name="run_works_as_expected_for_chevron_t_object"/>
    <testcase time="0.649999999999999" classname="chevron_tlg_methods" name="run_works_as_expected_for_chevron_t_object"/>
    <testcase time="0.667999999999999" classname="chevron_tlg_methods" name="run_works_as_expected_for_chevron_t_object_when_auto_pre_FALSE"/>
    <testcase time="0.350999999999999" classname="chevron_tlg_methods" name="run_works_as_expected_with_argument_printed"/>
    <testcase time="0.304000000000002" classname="chevron_tlg_methods" name="run_works_as_expected_with_argument_printed"/>
    <testcase time="0.471000000000004" classname="chevron_tlg_methods" name="run_works_as_expected_with_argument_printed_if_the_user_argument_is_complicated"/>
    <testcase time="0.397999999999996" classname="chevron_tlg_methods" name="run_works_as_expected_with_argument_printed_if_the_user_argument_is_complicated"/>
    <testcase time="0.481999999999999" classname="chevron_tlg_methods" name="run_uses_the_argument_passed_through_the_ellipsis_in_priority"/>
    <testcase time="0.408999999999999" classname="chevron_tlg_methods" name="run_uses_the_argument_passed_through_the_ellipsis_in_priority"/>
    <testcase time="0.346000000000004" classname="chevron_tlg_methods" name="run_works_as_expected_with_partial_match_argument"/>
    <testcase time="0.332000000000001" classname="chevron_tlg_methods" name="run_works_as_expected_with_partial_match_argument"/>
    <testcase time="0.637999999999998" classname="chevron_tlg_methods" name="run_displays_the_symbols_when_available"/>
    <testcase time="0.362000000000002" classname="chevron_tlg_methods" name="run_displays_the_symbols_when_available"/>
    <testcase time="0.300999999999995" classname="chevron_tlg_methods" name="run_print_internal_functions_when_unwrap_is_TRUE"/>
    <testcase time="0.00100000000000477" classname="chevron_tlg_methods" name="run_print_internal_functions_when_unwrap_is_TRUE"/>
    <testcase time="0.00199999999999534" classname="chevron_tlg_methods" name="run_print_internal_functions_when_unwrap_is_TRUE"/>
    <testcase time="0.0230000000000032" classname="chevron_tlg_methods" name="run_print_internal_functions_when_unwrap_is_TRUE"/>
    <testcase time="1.21" classname="chevron_tlg_methods" name="run_print_internal_functions_when_unwrap_is_TRUE_and_standard_chevron_tlg_has_no_layout"/>
    <testcase time="0.0109999999999957" classname="chevron_tlg_methods" name="run_print_internal_functions_when_unwrap_is_TRUE_and_the_chevron_tlg_object_is_customized"/>
    <testcase time="0.00100000000000477" classname="chevron_tlg_methods" name="run_print_internal_functions_when_unwrap_is_TRUE_and_the_chevron_tlg_object_is_customized"/>
    <testcase time="0.00199999999999534" classname="chevron_tlg_methods" name="run_print_internal_functions_when_unwrap_is_TRUE_and_the_chevron_tlg_object_is_customized"/>
    <testcase time="0.0300000000000011" classname="chevron_tlg_methods" name="run_print_internal_functions_when_unwrap_is_TRUE_and_the_chevron_tlg_object_is_customized"/>
    <testcase time="0.00900000000000034" classname="chevron_tlg_methods" name="run_print_main_and_postprocessing_functions_when_unwrap_is_TRUE_and_auto_pre_is_FALSE"/>
    <testcase time="0.00100000000000477" classname="chevron_tlg_methods" name="run_print_main_and_postprocessing_functions_when_unwrap_is_TRUE_and_auto_pre_is_FALSE"/>
    <testcase time="0.000999999999997669" classname="chevron_tlg_methods" name="run_print_main_and_postprocessing_functions_when_unwrap_is_TRUE_and_auto_pre_is_FALSE"/>
    <testcase time="0.00200000000000244" classname="chevron_tlg_methods" name="run_print_main_and_postprocessing_functions_when_unwrap_is_TRUE_and_auto_pre_is_FALSE"/>
    <testcase time="0.0229999999999961" classname="chevron_tlg_methods" name="run_print_main_and_postprocessing_functions_when_unwrap_is_TRUE_and_auto_pre_is_FALSE"/>
    <testcase time="0.00500000000000256" classname="chevron_tlg_methods" name="args_ls_works_as_expected"/>
    <testcase time="0.00199999999999534" classname="chevron_tlg_methods" name="args_ls_works_as_expected"/>
    <testcase time="0.00100000000000477" classname="chevron_tlg_methods" name="args_ls_works_as_expected"/>
    <testcase time="0.00499999999999545" classname="chevron_tlg_methods" name="args_ls_works_as_expected_when_simplify_is_TRUE"/>
    <testcase time="0.00200000000000244" classname="chevron_tlg_methods" name="args_ls_works_as_expected_when_simplify_is_TRUE"/>
    <testcase time="0.000999999999997669" classname="chevron_tlg_methods" name="args_ls_works_as_expected_when_simplify_is_TRUE"/>
    <testcase time="0.00600000000000023" classname="chevron_tlg_methods" name="args_ls_works_as_expected_with_custom_chevron_tlg_object"/>
    <testcase time="0.00100000000000477" classname="chevron_tlg_methods" name="args_ls_works_as_expected_with_custom_chevron_tlg_object"/>
    <testcase time="0.000999999999997669" classname="chevron_tlg_methods" name="args_ls_works_as_expected_with_custom_chevron_tlg_object"/>
    <testcase time="0.00300000000000011" classname="chevron_tlg_methods" name="args_ls_works_as_expected_with_custom_chevron_tlg_object"/>
    <testcase time="0.00600000000000023" classname="chevron_tlg_methods" name="main_works_as_expected"/>
    <testcase time="0.0069999999999979" classname="chevron_tlg_methods" name="main_setter_works_as_expected"/>
    <testcase time="0.0110000000000028" classname="chevron_tlg_methods" name="main_setter_throw_an_error_as_expected"/>
    <testcase time="0.0069999999999979" classname="chevron_tlg_methods" name="preprocess_works_as_expected"/>
    <testcase time="0.0069999999999979" classname="chevron_tlg_methods" name="preprocess_setter_works_as_expected"/>
    <testcase time="0.0110000000000028" classname="chevron_tlg_methods" name="preprocess_sends_an_error_as_expected"/>
    <testcase time="0.0069999999999979" classname="chevron_tlg_methods" name="postprocess_works_as_expected"/>
    <testcase time="0.007000000000005" classname="chevron_tlg_methods" name="postprocess_setter_works_as_expected"/>
    <testcase time="0.0109999999999957" classname="chevron_tlg_methods" name="postprocess_sends_an_error_as_expected"/>
    <testcase time="0.00600000000000023" classname="chevron_tlg_methods" name="script_funs_works_as_expected_in_interactive_mode">
      <skipped message="Reason: !interactive() is TRUE ('test-chevron_tlg-methods.R:264:3')"/>
    </testcase>
    <testcase time="0.0150000000000006" classname="chevron_tlg_methods" name="script_funs_works_as_expected"/>
    <testcase time="0.000999999999997669" classname="chevron_tlg_methods" name="script_funs_works_as_expected"/>
    <testcase time="2.271" classname="chevron_tlg_methods" name="script_funs_generates_a_valid_script"/>
    <testcase time="0.00200000000000244" classname="chevron_tlg_methods" name="script_funs_generates_a_valid_script"/>
    <testcase time="0.000999999999997669" classname="chevron_tlg_methods" name="script_funs_generates_a_valid_script"/>
    <testcase time="0.00200000000000244" classname="chevron_tlg_methods" name="script_funs_generates_a_valid_script"/>
    <testcase time="0.00200000000000244" classname="chevron_tlg_methods" name="script_funs_generates_a_valid_script"/>
    <testcase time="0.0269999999999939" classname="chevron_tlg_methods" name="script_funs_generates_a_valid_script"/>
    <testcase time="0.007000000000005" classname="chevron_tlg_methods" name="script_funs_works_for_simple_template"/>
    <testcase time="0.000999999999997669" classname="chevron_tlg_methods" name="script_funs_works_for_simple_template"/>
    <testcase time="0.0330000000000013" classname="chevron_tlg_methods" name="print_list_works"/>
    <testcase time="0.0339999999999989" classname="chevron_tlg_methods" name="print_list_works_for_empty_list"/>
  </testsuite>
  <testsuite name="cml02a_gl" timestamp="2024-12-10T08:23:14Z" hostname="60b1b2a18b6d" tests="6" skipped="0" failures="0" errors="0" time="0.594">
    <testcase time="0.0330000000000013" classname="cml02a_gl" name="cml02a_gl_works_with_adcm_dataset"/>
    <testcase time="0.173000000000002" classname="cml02a_gl" name="cml02a_gl_works_with_adcm_dataset"/>
    <testcase time="0.0259999999999962" classname="cml02a_gl" name="cml02a_gl_works_with_missing_data"/>
    <testcase time="0.134" classname="cml02a_gl" name="cml02a_gl_works_with_missing_data"/>
    <testcase time="0.027000000000001" classname="cml02a_gl" name="cml02a_gl_functions_work_as_expected"/>
    <testcase time="0.201000000000001" classname="cml02a_gl" name="cml02a_gl_functions_work_as_expected"/>
  </testsuite>
  <testsuite name="cmt01a" timestamp="2024-12-10T08:23:15Z" hostname="60b1b2a18b6d" tests="6" skipped="0" failures="0" errors="0" time="4.022">
    <testcase time="1.208" classname="cmt01a" name="cmt01a_functions_with_default_argument_value_return_expected_result_with_test_data"/>
    <testcase time="1.147" classname="cmt01a" name="cmt01a_functions_with_custom_argument_value_return_expected_result_with_test_data"/>
    <testcase time="0.163000000000004" classname="cmt01a" name="cmt01a_can_handle_all_NA_values"/>
    <testcase time="0.183" classname="cmt01a" name="cmt01a_can_handle_all_NA_values"/>
    <testcase time="0.664000000000001" classname="cmt01a" name="cmt01a_can_handle_some_NA_values"/>
    <testcase time="0.656999999999996" classname="cmt01a" name="cmt01a_can_handle_some_NA_values"/>
  </testsuite>
  <testsuite name="cmt02_pt" timestamp="2024-12-10T08:23:19Z" hostname="60b1b2a18b6d" tests="4" skipped="0" failures="0" errors="0" time="0.68">
    <testcase time="0.114000000000004" classname="cmt02_pt" name="cmt02_pt_can_handle_all_NA_values"/>
    <testcase time="0.150999999999996" classname="cmt02_pt" name="cmt02_pt_can_handle_all_NA_values"/>
    <testcase time="0.155999999999999" classname="cmt02_pt" name="cmt02_pt_can_handle_some_NA_values"/>
    <testcase time="0.259" classname="cmt02_pt" name="cmt02_pt_can_handle_some_NA_values"/>
  </testsuite>
  <testsuite name="coxt01" timestamp="2024-12-10T08:23:20Z" hostname="60b1b2a18b6d" tests="9" skipped="0" failures="0" errors="0" time="2.037">
    <testcase time="0.408000000000001" classname="coxt01" name="coxt01_can_handle_some_NA_values"/>
    <testcase time="0.218000000000004" classname="coxt01" name="coxt01_can_handle_some_NA_values"/>
    <testcase time="0.330999999999996" classname="coxt01" name="coxt01_can_handle_some_NA_values"/>
    <testcase time="0.219999999999999" classname="coxt01" name="coxt01_can_handle_some_NA_values"/>
    <testcase time="0.204999999999998" classname="coxt01" name="coxt01_can_handle_some_NA_values"/>
    <testcase time="0.205000000000005" classname="coxt01" name="coxt01_can_handle_some_NA_values"/>
    <testcase time="0.227999999999994" classname="coxt01" name="coxt01_can_handle_some_NA_values"/>
    <testcase time="0.206000000000003" classname="coxt01" name="coxt01_can_handle_some_NA_values"/>
    <testcase time="0.0159999999999982" classname="coxt01" name="coxt01_fails_on_incomlete_data"/>
  </testsuite>
  <testsuite name="coxt02" timestamp="2024-12-10T08:23:22Z" hostname="60b1b2a18b6d" tests="9" skipped="0" failures="0" errors="0" time="2.874">
    <testcase time="0.646000000000001" classname="coxt02" name="coxt02_can_handle_some_NA_values"/>
    <testcase time="0.254000000000005" classname="coxt02" name="coxt02_can_handle_some_NA_values"/>
    <testcase time="0.623999999999995" classname="coxt02" name="coxt02_can_handle_some_NA_values"/>
    <testcase time="0.271000000000001" classname="coxt02" name="coxt02_can_handle_some_NA_values"/>
    <testcase time="0.304000000000002" classname="coxt02" name="coxt02_can_handle_some_NA_values"/>
    <testcase time="0.206999999999994" classname="coxt02" name="coxt02_can_handle_some_NA_values"/>
    <testcase time="0.325000000000003" classname="coxt02" name="coxt02_can_handle_some_NA_values"/>
    <testcase time="0.228000000000009" classname="coxt02" name="coxt02_can_handle_some_NA_values"/>
    <testcase time="0.0149999999999864" classname="coxt02" name="coxt02_fails_on_incomlete_data"/>
  </testsuite>
  <testsuite name="default_tlg" timestamp="2024-12-10T08:23:25Z" hostname="60b1b2a18b6d" tests="15" skipped="0" failures="0" errors="0" time="12.141">
    <testcase time="0.183000000000007" classname="default_tlg" name="ael01_nollt_function_with_default_argument_value_return_expected_result_with_test_data"/>
    <testcase time="0.620999999999995" classname="default_tlg" name="aet01_function_with_default_argument_value_return_expected_result_with_test_data"/>
    <testcase time="0.560000000000002" classname="default_tlg" name="aet01_aesi_function_with_default_argument_value_return_expected_result_with_test_data"/>
    <testcase time="1.104" classname="default_tlg" name="aet02_functions_with_default_argument_value_return_expected_result_with_test_data"/>
    <testcase time="2.458" classname="default_tlg" name="aet03_functions_with_default_argument_value_return_expected_result_with_test_data"/>
    <testcase time="3.089" classname="default_tlg" name="aet04_functions_with_default_argument_value_return_expected_result_with_test_data"/>
    <testcase time="0.405000000000001" classname="default_tlg" name="aet05_functions_with_default_argument_value_return_expected_result_with_test_data"/>
    <testcase time="0.402000000000001" classname="default_tlg" name="aet05_all_functions_with_default_argument_value_return_expected_result_with_test_data"/>
    <testcase time="0.303000000000011" classname="default_tlg" name="aet10_functions_with_default_argument_value_return_expected_result_with_test_data"/>
    <testcase time="0.363" classname="default_tlg" name="cmt02_pt_functions_with_default_argument_value_return_expected_result_with_test_data"/>
    <testcase time="0.552999999999997" classname="default_tlg" name="coxt01_functions_with_default_argument_value_return_expected_result_with_test_data"/>
    <testcase time="0.822999999999993" classname="default_tlg" name="coxt02_functions_with_default_argument_value_return_expected_result_with_test_data"/>
    <testcase time="0.605000000000004" classname="default_tlg" name="dmt01_functions_with_default_argument_value_return_expected_result_with_test_data"/>
    <testcase time="0.396000000000001" classname="default_tlg" name="dst01_functions_with_default_argument_value_return_expected_result_with_test_data"/>
    <testcase time="0.275999999999996" classname="default_tlg" name="dtht01_functions_with_default_argument_value_return_expected_result_with_test_data"/>
  </testsuite>
  <testsuite name="dmt01" timestamp="2024-12-10T08:23:37Z" hostname="60b1b2a18b6d" tests="19" skipped="0" failures="0" errors="0" time="4.3">
    <testcase time="0.207000000000008" classname="dmt01" name="dmt01_can_handle_NA_values"/>
    <testcase time="0.312999999999988" classname="dmt01" name="dmt01_can_handle_NA_values"/>
    <testcase time="0.211000000000013" classname="dmt01" name="dmt01_can_handle_numeric_NA_values"/>
    <testcase time="0.391999999999996" classname="dmt01" name="dmt01_can_handle_numeric_NA_values"/>
    <testcase time="0.0180000000000007" classname="dmt01" name="dmt01_returns_an_error_when_variables_are_of_the_wrong_type"/>
    <testcase time="0.158999999999992" classname="dmt01" name="dmt01_works_as_expected_with_setting_default_precision"/>
    <testcase time="0.308000000000007" classname="dmt01" name="dmt01_works_as_expected_with_setting_default_precision"/>
    <testcase time="0.162999999999997" classname="dmt01" name="dmt01_works_as_expected_with_auto_precision_settings"/>
    <testcase time="0.373000000000005" classname="dmt01" name="dmt01_works_as_expected_with_auto_precision_settings"/>
    <testcase time="0.162999999999997" classname="dmt01" name="dmt01_works_as_expected_with_auto_precision_settings_and_defined_precision"/>
    <testcase time="0.346000000000004" classname="dmt01" name="dmt01_works_as_expected_with_auto_precision_settings_and_defined_precision"/>
    <testcase time="0.150999999999996" classname="dmt01" name="dmt01_works_as_expected_with_auto_precision_settings_and_defined_precision_and_default"/>
    <testcase time="0.317999999999998" classname="dmt01" name="dmt01_works_as_expected_with_auto_precision_settings_and_defined_precision_and_default"/>
    <testcase time="0.141000000000005" classname="dmt01" name="dmt01_works_as_expected_with_cutomized_stats_value"/>
    <testcase time="0.274999999999991" classname="dmt01" name="dmt01_works_as_expected_with_cutomized_stats_value"/>
    <testcase time="0.169000000000011" classname="dmt01" name="dmt01_works_as_expected_with_empty_list_as_stats_value"/>
    <testcase time="0.312999999999988" classname="dmt01" name="dmt01_works_as_expected_with_empty_list_as_stats_value"/>
    <testcase time="0.0860000000000127" classname="dmt01" name="dmt01_works_as_expected_with_only_one_summaryvars"/>
    <testcase time="0.193999999999988" classname="dmt01" name="dmt01_works_as_expected_with_only_one_summaryvars"/>
  </testsuite>
  <testsuite name="dst01" timestamp="2024-12-10T08:23:41Z" hostname="60b1b2a18b6d" tests="14" skipped="0" failures="0" errors="0" time="2.549">
    <testcase time="0.143000000000001" classname="dst01" name="dst01_works_as_expected_when_all_data_are_NA"/>
    <testcase time="0.0870000000000033" classname="dst01" name="dst01_works_as_expected_when_all_data_are_NA"/>
    <testcase time="0.117000000000004" classname="dst01" name="dst01_can_handle_all_NA_values_in_DCSREAS"/>
    <testcase time="0.155999999999992" classname="dst01" name="dst01_can_handle_all_NA_values_in_DCSREAS"/>
    <testcase time="0.166000000000011" classname="dst01" name="dst01_can_handle_some_NA_values"/>
    <testcase time="0.228999999999999" classname="dst01" name="dst01_can_handle_some_NA_values"/>
    <testcase time="0.149999999999991" classname="dst01" name="dst01_can_handle_missing_levels_in_status_var"/>
    <testcase time="0.0750000000000028" classname="dst01" name="dst01_can_handle_missing_levels_in_status_var"/>
    <testcase time="0.179000000000002" classname="dst01" name="dst01_can_create_variants"/>
    <testcase time="0.227999999999994" classname="dst01" name="dst01_can_create_variants"/>
    <testcase time="0.225999999999999" classname="dst01" name="dst01_can_create_variants"/>
    <testcase time="0.249000000000009" classname="dst01" name="dst01_can_create_variants"/>
    <testcase time="0.256999999999991" classname="dst01" name="dst01_can_create_variants"/>
    <testcase time="0.287000000000006" classname="dst01" name="dst01_can_create_variants"/>
  </testsuite>
  <testsuite name="dtht01" timestamp="2024-12-10T08:23:44Z" hostname="60b1b2a18b6d" tests="5" skipped="0" failures="0" errors="0" time="1.451">
    <testcase time="0.103999999999999" classname="dtht01" name="dtht01_can_handle_all_NA_values"/>
    <testcase time="0.176999999999992" classname="dtht01" name="dtht01_can_handle_all_NA_values"/>
    <testcase time="0.239000000000004" classname="dtht01" name="dtht01_can_handle_some_NA_values"/>
    <testcase time="0.344000000000008" classname="dtht01" name="dtht01_can_handle_some_NA_values"/>
    <testcase time="0.587000000000003" classname="dtht01" name="dtht01_can_be_parametrize_as_expected"/>
  </testsuite>
  <testsuite name="egt01" timestamp="2024-12-10T08:23:45Z" hostname="60b1b2a18b6d" tests="3" skipped="0" failures="0" errors="0" time="6.873">
    <testcase time="3.447" classname="egt01" name="egt01_functions_with_default_argument_value_return_expected_result_with_test_data"/>
    <testcase time="1.30199999999999" classname="egt01" name="egt01_can_handle_n_0_and_outputs_NE_instead_of_infs_and_NAs"/>
    <testcase time="2.12400000000001" classname="egt01" name="egt01_can_handle_n_0_and_outputs_NE_instead_of_infs_and_NAs"/>
  </testsuite>
  <testsuite name="egt02" timestamp="2024-12-10T08:23:52Z" hostname="60b1b2a18b6d" tests="2" skipped="0" failures="0" errors="0" time="0.684">
    <testcase time="0.35799999999999" classname="egt02" name="egt02_1_functions_with_default_argument_value_return_expected_result_with_test_data"/>
    <testcase time="0.326000000000008" classname="egt02" name="egt02_2_functions_with_default_value_return_expected_result_with_test_data"/>
  </testsuite>
  <testsuite name="egt03" timestamp="2024-12-10T08:23:53Z" hostname="60b1b2a18b6d" tests="5" skipped="0" failures="0" errors="0" time="3.212">
    <testcase time="1.59" classname="egt03" name="egt03_functions_with_default_argument_value_return_expected_result_with_test_data"/>
    <testcase time="0.0169999999999959" classname="egt03" name="egt03_errors_on_all_NA_values"/>
    <testcase time="0.504999999999995" classname="egt03" name="egt03_can_handle_some_NA_values"/>
    <testcase time="1.083" classname="egt03" name="egt03_can_handle_some_NA_values"/>
    <testcase time="0.0170000000000101" classname="egt03" name="egt03_fails_on_incomplete_data"/>
  </testsuite>
  <testsuite name="egt05_qtcat" timestamp="2024-12-10T08:23:56Z" hostname="60b1b2a18b6d" tests="4" skipped="0" failures="0" errors="0" time="3.477">
    <testcase time="2.23399999999999" classname="egt05_qtcat" name="egt05_qtcat_functions_with_default_argument_value_return_expected_result_with_test_data"/>
    <testcase time="0.0180000000000007" classname="egt05_qtcat" name="egt05_qtcat_erros_on_all_NA_values"/>
    <testcase time="0.408000000000001" classname="egt05_qtcat" name="egt05_qtcat_can_handle_some_NA_values"/>
    <testcase time="0.816999999999993" classname="egt05_qtcat" name="egt05_qtcat_can_handle_some_NA_values"/>
  </testsuite>
  <testsuite name="empty_report" timestamp="2024-12-10T08:23:59Z" hostname="60b1b2a18b6d" tests="25" skipped="0" failures="0" errors="0" time="2.926">
    <testcase time="0.097999999999999" classname="empty_report" name="tlg_functions_return_null_reports_when_domain_table_is_empty"/>
    <testcase time="0.284000000000006" classname="empty_report" name="tlg_functions_return_null_reports_when_domain_table_is_empty"/>
    <testcase time="0.212999999999994" classname="empty_report" name="tlg_functions_return_null_reports_when_domain_table_is_empty"/>
    <testcase time="0.108000000000004" classname="empty_report" name="tlg_functions_return_null_reports_when_domain_table_is_empty"/>
    <testcase time="0.103999999999999" classname="empty_report" name="tlg_functions_return_null_reports_when_domain_table_is_empty"/>
    <testcase time="0.0859999999999985" classname="empty_report" name="tlg_functions_return_null_reports_when_domain_table_is_empty"/>
    <testcase time="0.100000000000009" classname="empty_report" name="tlg_functions_return_null_reports_when_domain_table_is_empty"/>
    <testcase time="0.161999999999992" classname="empty_report" name="tlg_functions_return_null_reports_when_domain_table_is_empty"/>
    <testcase time="0.173000000000002" classname="empty_report" name="tlg_functions_return_null_reports_when_domain_table_is_empty"/>
    <testcase time="0.102000000000004" classname="empty_report" name="tlg_functions_return_null_reports_when_domain_table_is_empty"/>
    <testcase time="0.103999999999999" classname="empty_report" name="tlg_functions_return_null_reports_when_domain_table_is_empty"/>
    <testcase time="0.0549999999999926" classname="empty_report" name="tlg_functions_return_null_reports_when_domain_table_is_empty"/>
    <testcase time="0.0510000000000019" classname="empty_report" name="tlg_functions_return_null_reports_when_domain_table_is_empty"/>
    <testcase time="0.0870000000000033" classname="empty_report" name="tlg_functions_return_null_reports_when_domain_table_is_empty"/>
    <testcase time="0.0720000000000027" classname="empty_report" name="tlg_functions_return_null_reports_when_domain_table_is_empty"/>
    <testcase time="0.0799999999999983" classname="empty_report" name="tlg_functions_return_null_reports_when_domain_table_is_empty"/>
    <testcase time="0.0919999999999987" classname="empty_report" name="tlg_functions_return_null_reports_when_domain_table_is_empty"/>
    <testcase time="0.108000000000004" classname="empty_report" name="tlg_functions_return_null_reports_when_domain_table_is_empty"/>
    <testcase time="0.337999999999994" classname="empty_report" name="tlg_functions_return_null_reports_when_domain_table_is_empty"/>
    <testcase time="0.100999999999999" classname="empty_report" name="tlg_functions_return_null_reports_when_domain_table_is_empty"/>
    <testcase time="0.111999999999995" classname="empty_report" name="tlg_functions_return_null_reports_when_domain_table_is_empty"/>
    <testcase time="0.0680000000000121" classname="empty_report" name="tlg_functions_return_null_reports_when_domain_table_is_empty"/>
    <testcase time="0.102999999999994" classname="empty_report" name="tlg_functions_return_null_reports_when_domain_table_is_empty"/>
    <testcase time="0.070999999999998" classname="empty_report" name="tlg_functions_return_null_reports_when_domain_table_is_empty"/>
    <testcase time="0.054000000000002" classname="empty_report" name="tlg_functions_return_null_reports_when_domain_table_is_empty"/>
  </testsuite>
  <testsuite name="ext01" timestamp="2024-12-10T08:24:02Z" hostname="60b1b2a18b6d" tests="10" skipped="0" failures="0" errors="0" time="5.353">
    <testcase time="0.534999999999997" classname="ext01" name="ext01_functions_with_default_argument_value_return_expected_result_with_test_data"/>
    <testcase time="0.573999999999998" classname="ext01" name="ext01_functions_with_categorical_data_return_expected_result_with_test_data"/>
    <testcase time="0.442000000000007" classname="ext01" name="ext01_works"/>
    <testcase time="0.340000000000003" classname="ext01" name="ext01_works"/>
    <testcase time="0.177000000000007" classname="ext01" name="ext01_works"/>
    <testcase time="0.316999999999993" classname="ext01" name="ext01_works"/>
    <testcase time="0.534999999999997" classname="ext01" name="ext01_works_for_selected_parameters_and_categorical_variables"/>
    <testcase time="0.808000000000007" classname="ext01" name="ext01_works_with_custom_mapping_order"/>
    <testcase time="0.798000000000002" classname="ext01" name="ext01_works_with_custom_mapping_order_for_a_single_split"/>
    <testcase time="0.826999999999998" classname="ext01" name="ext01_works_with_custom_mapping_fill_in_value"/>
  </testsuite>
  <testsuite name="fstg01" timestamp="2024-12-10T08:24:08Z" hostname="60b1b2a18b6d" tests="13" skipped="0" failures="0" errors="0" time="6.531">
    <testcase time="0.0130000000000052" classname="fstg01" name="fstg01_works_as_expected"/>
    <testcase time="1.25" classname="fstg01" name="fstg01_works_as_expected"/>
    <testcase time="0.00300000000000011" classname="fstg01" name="fstg01_works_as_expected"/>
    <testcase time="1.294" classname="fstg01" name="fstg01_works_as_expected_with_custom_color_set"/>
    <testcase time="0.00300000000000011" classname="fstg01" name="fstg01_works_as_expected_with_custom_color_set"/>
    <testcase time="1.23399999999999" classname="fstg01" name="fstg01_works_as_expected_with_custom_color_set"/>
    <testcase time="0.00400000000000489" classname="fstg01" name="fstg01_works_as_expected_with_custom_color_set"/>
    <testcase time="0.628" classname="fstg01" name="fstg01_works_if_changes_are_in_subgroups_conf_level_and_label_all"/>
    <testcase time="0.00300000000000011" classname="fstg01" name="fstg01_works_if_changes_are_in_subgroups_conf_level_and_label_all"/>
    <testcase time="0.853999999999999" classname="fstg01" name="fstg01_works_if_changes_are_in_subgroups_conf_level_and_label_all"/>
    <testcase time="0.00300000000000011" classname="fstg01" name="fstg01_works_if_changes_are_in_subgroups_conf_level_and_label_all"/>
    <testcase time="1.239" classname="fstg01" name="fstg01_can_handle_some_NA_values_in_subgroups"/>
    <testcase time="0.00300000000000011" classname="fstg01" name="fstg01_can_handle_some_NA_values_in_subgroups"/>
  </testsuite>
  <testsuite name="fstg02" timestamp="2024-12-10T08:24:14Z" hostname="60b1b2a18b6d" tests="9" skipped="0" failures="0" errors="0" time="8.818">
    <testcase time="0.0139999999999958" classname="fstg02" name="fstg02_works_as_expected"/>
    <testcase time="1.23399999999999" classname="fstg02" name="fstg02_works_as_expected"/>
    <testcase time="1.214" classname="fstg02" name="fstg02_works_as_expected_with_custom_color_set"/>
    <testcase time="1.21300000000001" classname="fstg02" name="fstg02_works_as_expected_with_custom_color_set"/>
    <testcase time="0.587000000000003" classname="fstg02" name="fstg02_works_if_changes_are_in_subgroups_strata_var_conf_level_and_label_all"/>
    <testcase time="0.817000000000007" classname="fstg02" name="fstg02_works_if_changes_are_in_subgroups_strata_var_conf_level_and_label_all"/>
    <testcase time="1.258" classname="fstg02" name="fstg02_can_handle_some_NA_values_in_subgroups"/>
    <testcase time="1.242" classname="fstg02" name="fstg02_can_handle_customized_time_units"/>
    <testcase time="1.23899999999999" classname="fstg02" name="fstg02_can_handle_customized_time_units"/>
  </testsuite>
  <testsuite name="kmg01" timestamp="2024-12-10T08:24:23Z" hostname="60b1b2a18b6d" tests="13" skipped="0" failures="0" errors="0" time="2.213">
    <testcase time="0.0120000000000005" classname="kmg01" name="kmg01_works_as_expected"/>
    <testcase time="0.376000000000005" classname="kmg01" name="kmg01_works_as_expected"/>
    <testcase time="0.00300000000000011" classname="kmg01" name="kmg01_works_as_expected"/>
    <testcase time="0.385999999999996" classname="kmg01" name="kmg01_works_as_expected_with_custom_color_set"/>
    <testcase time="0.00400000000000489" classname="kmg01" name="kmg01_works_as_expected_with_custom_color_set"/>
    <testcase time="0.384" classname="kmg01" name="kmg01_works_as_expected_with_custom_color_set"/>
    <testcase time="0.00300000000000011" classname="kmg01" name="kmg01_works_as_expected_with_custom_color_set"/>
    <testcase time="0.372" classname="kmg01" name="kmg01_works_if_change_pvalue_ties_and_conf_level"/>
    <testcase time="0.00300000000000011" classname="kmg01" name="kmg01_works_if_change_pvalue_ties_and_conf_level"/>
    <testcase time="0.406999999999996" classname="kmg01" name="kmg01_works_if_change_annotation_position"/>
    <testcase time="0.00300000000000011" classname="kmg01" name="kmg01_works_if_change_annotation_position"/>
    <testcase time="0.257000000000005" classname="kmg01" name="kmg01_works_for_stratified_analysis"/>
    <testcase time="0.00300000000000011" classname="kmg01" name="kmg01_works_for_stratified_analysis"/>
  </testsuite>
  <testsuite name="lbt01" timestamp="2024-12-10T08:24:25Z" hostname="60b1b2a18b6d" tests="4" skipped="0" failures="0" errors="0" time="10.176">
    <testcase time="3.363" classname="lbt01" name="lbt01_functions_with_default_argument_value_return_expected_result_with_test_data"/>
    <testcase time="3.465" classname="lbt01" name="lbt01_functions_with_row_split_var_return_expected_result_with_test_data"/>
    <testcase time="1.078" classname="lbt01" name="lbt01_can_handle_n_0_and_outputs_NE_instead_of_infs_and_NAs"/>
    <testcase time="2.26999999999998" classname="lbt01" name="lbt01_can_handle_n_0_and_outputs_NE_instead_of_infs_and_NAs"/>
  </testsuite>
  <testsuite name="lbt04" timestamp="2024-12-10T08:24:35Z" hostname="60b1b2a18b6d" tests="8" skipped="0" failures="0" errors="0" time="3.319">
    <testcase time="1.03900000000002" classname="lbt04" name="lbt04_functions_with_default_argument_value_return_expected_result_with_test_data"/>
    <testcase time="0.341000000000008" classname="lbt04" name="lbt04_can_handle_all_NA_values"/>
    <testcase time="0.0739999999999839" classname="lbt04" name="lbt04_can_handle_all_NA_values"/>
    <testcase time="0.298000000000002" classname="lbt04" name="lbt04_can_handle_missing_levels"/>
    <testcase time="0.628000000000014" classname="lbt04" name="lbt04_can_handle_missing_levels"/>
    <testcase time="0.299999999999983" classname="lbt04" name="lbt04_can_handle_some_NA_values"/>
    <testcase time="0.622000000000014" classname="lbt04" name="lbt04_can_handle_some_NA_values"/>
    <testcase time="0.0169999999999959" classname="lbt04" name="lbt04_fails_on_incomlete_data"/>
  </testsuite>
  <testsuite name="lbt05" timestamp="2024-12-10T08:24:39Z" hostname="60b1b2a18b6d" tests="6" skipped="0" failures="0" errors="0" time="1.966">
    <testcase time="0.681999999999988" classname="lbt05" name="lbt05_functions_with_default_argument_value_return_expected_result_with_test_data"/>
    <testcase time="0.268000000000001" classname="lbt05" name="lbt05_functions_with_default_argument_value_return_expected_result_with_test_data"/>
    <testcase time="0.304000000000002" classname="lbt05" name="lbt05_give_all_0_count_if_ANRIND_are_all_missing"/>
    <testcase time="0.289000000000016" classname="lbt05" name="lbt05_can_handle_some_NA_values"/>
    <testcase time="0.387999999999977" classname="lbt05" name="lbt05_can_handle_some_NA_values"/>
    <testcase time="0.0349999999999966" classname="lbt05" name="lbt05_fails_on_incomlete_data"/>
  </testsuite>
  <testsuite name="lbt06" timestamp="2024-12-10T08:24:41Z" hostname="60b1b2a18b6d" tests="3" skipped="0" failures="0" errors="0" time="3.68">
    <testcase time="0.950000000000017" classname="lbt06" name="lbt06_gives_all_0_count_if_ANRIND_and_BNRIND_are_all_missing"/>
    <testcase time="2.69499999999999" classname="lbt06" name="lbt06_can_handle_some_NA_values"/>
    <testcase time="0.0349999999999966" classname="lbt06" name="lbt06_fails_on_incomplete_data"/>
  </testsuite>
  <testsuite name="lbt07" timestamp="2024-12-10T08:24:44Z" hostname="60b1b2a18b6d" tests="4" skipped="0" failures="0" errors="0" time="1.63">
    <testcase time="0.804000000000002" classname="lbt07" name="lbt07_functions_with_default_argument_value_return_expected_result_with_test_data"/>
    <testcase time="0.375" classname="lbt07" name="lbt07_can_handle_some_NA_values"/>
    <testcase time="0.407000000000011" classname="lbt07" name="lbt07_can_handle_some_NA_values"/>
    <testcase time="0.0439999999999827" classname="lbt07" name="lbt07_fails_on_incomlete_data"/>
  </testsuite>
  <testsuite name="lbt14" timestamp="2024-12-10T08:24:46Z" hostname="60b1b2a18b6d" tests="20" skipped="0" failures="0" errors="0" time="7.975">
    <testcase time="0.650000000000006" classname="lbt14" name="lbt14_functions_with_default_argument_value_return_expected_result_with_test_data"/>
    <testcase time="0.490000000000009" classname="lbt14" name="lbt14_functions_with_default_argument_value_return_expected_result_with_test_data_when_direction_high"/>
    <testcase time="0.603999999999985" classname="lbt14" name="lbt14_functions_with_gr_missing_excl_return_expected_result_with_test_data"/>
    <testcase time="0.602000000000004" classname="lbt14" name="lbt14_functions_with_gr_missing_gr_0_return_expected_result_with_test_data"/>
    <testcase time="0.375" classname="lbt14" name="lbt14_can_handle_all_NA_values"/>
    <testcase time="0.134999999999991" classname="lbt14" name="lbt14_can_handle_all_NA_values"/>
    <testcase time="0.421000000000021" classname="lbt14" name="lbt14_can_handle_some_NA_values"/>
    <testcase time="0.320999999999998" classname="lbt14" name="lbt14_can_handle_some_NA_values"/>
    <testcase time="1.33599999999998" classname="lbt14" name="lbt14_can_accept_different_gr_missing"/>
    <testcase time="0.265999999999991" classname="lbt14" name="lbt14_can_accept_different_gr_missing"/>
    <testcase time="0.265000000000015" classname="lbt14" name="lbt14_can_accept_different_gr_missing"/>
    <testcase time="0.0209999999999866" classname="lbt14" name="lbt14_fails_on_incomlete_data"/>
    <testcase time="0.37700000000001" classname="lbt14" name="lbt14_can_handle_all_NA_values_with_direction_high"/>
    <testcase time="0.132000000000005" classname="lbt14" name="lbt14_can_handle_all_NA_values_with_direction_high"/>
    <testcase time="0.387" classname="lbt14" name="lbt14_can_handle_some_NA_values_with_direction_high"/>
    <testcase time="0.169999999999987" classname="lbt14" name="lbt14_can_handle_some_NA_values_with_direction_high"/>
    <testcase time="1.126" classname="lbt14" name="lbt14_can_accept_different_gr_missing_with_direction_high"/>
    <testcase time="0.146999999999991" classname="lbt14" name="lbt14_can_accept_different_gr_missing_with_direction_high"/>
    <testcase time="0.132000000000005" classname="lbt14" name="lbt14_can_accept_different_gr_missing_with_direction_high"/>
    <testcase time="0.0180000000000007" classname="lbt14" name="lbt14_fails_on_incomlete_data"/>
  </testsuite>
  <testsuite name="lbt15" timestamp="2024-12-10T08:24:54Z" hostname="60b1b2a18b6d" tests="12" skipped="0" failures="0" errors="0" time="5.95">
    <testcase time="0.996000000000009" classname="lbt15" name="lbt15_functions_with_default_argument_value_return_expected_result_with_test_data"/>
    <testcase time="0.323999999999984" classname="lbt15" name="lbt15_can_handle_all_NA_values"/>
    <testcase time="0.663000000000011" classname="lbt15" name="lbt15_can_handle_all_NA_values"/>
    <testcase time="0.314999999999998" classname="lbt15" name="lbt15_can_handle_missing_levels"/>
    <testcase time="0.655000000000001" classname="lbt15" name="lbt15_can_handle_missing_levels"/>
    <testcase time="0.332999999999998" classname="lbt15" name="lbt15_can_handle_missing_levels_in_baseline"/>
    <testcase time="0.657000000000011" classname="lbt15" name="lbt15_can_handle_missing_levels_in_baseline"/>
    <testcase time="0.316999999999979" classname="lbt15" name="lbt15_can_handle_some_NA_values"/>
    <testcase time="0.678000000000026" classname="lbt15" name="lbt15_can_handle_some_NA_values"/>
    <testcase time="0.316999999999979" classname="lbt15" name="lbt15_can_handle_some_NA_values_in_baseline"/>
    <testcase time="0.670000000000016" classname="lbt15" name="lbt15_can_handle_some_NA_values_in_baseline"/>
    <testcase time="0.0249999999999773" classname="lbt15" name="lbt15_fails_on_incomlete_data"/>
  </testsuite>
  <testsuite name="mht01" timestamp="2024-12-10T08:25:00Z" hostname="60b1b2a18b6d" tests="4" skipped="0" failures="0" errors="0" time="3.302">
    <testcase time="0.683000000000021" classname="mht01" name="mht01_functions_with_default_argument_value_return_expected_result_with_test_data"/>
    <testcase time="0.695999999999998" classname="mht01" name="mht01_works"/>
    <testcase time="0.669999999999987" classname="mht01" name="mht01_works_on_NULL_in_lbl_mhbodsys_or_lbl_mhdecod"/>
    <testcase time="1.25300000000001" classname="mht01" name="mht01_works_with_other_row_split_var"/>
  </testsuite>
  <testsuite name="mng01" timestamp="2024-12-10T08:25:03Z" hostname="60b1b2a18b6d" tests="19" skipped="8" failures="0" errors="0" time="9.086">
    <testcase time="0.980999999999995" classname="mng01" name="mng01_works_as_expected_with_default_argument_values"/>
    <testcase time="0.00199999999998113" classname="mng01" name="mng01_works_as_expected_with_default_argument_values">
      <skipped message="Reason: On CI ('test-mng01.R:9:5')"/>
    </testcase>
    <testcase time="0.990000000000009" classname="mng01" name="mng01_works_as_expected_with_custom_argument_values"/>
    <testcase time="0.0120000000000005" classname="mng01" name="mng01_works_as_expected_with_custom_argument_values"/>
    <testcase time="0.00100000000000477" classname="mng01" name="mng01_works_as_expected_with_custom_argument_values">
      <skipped message="Reason: On CI ('test-mng01.R:45:5')"/>
    </testcase>
    <testcase time="0.99199999999999" classname="mng01" name="mng01_works_as_expected_with_custom_color_set"/>
    <testcase time="0.951000000000022" classname="mng01" name="mng01_works_as_expected_with_custom_color_set"/>
    <testcase time="0.000999999999976353" classname="mng01" name="mng01_works_as_expected_with_custom_color_set">
      <skipped message="Reason: On CI ('test-mng01.R:69:5')"/>
    </testcase>
    <testcase time="0.966000000000008" classname="mng01" name="mng01_works_as_expected_with_custom_line_type_set"/>
    <testcase time="0.980999999999995" classname="mng01" name="mng01_works_as_expected_with_custom_line_type_set"/>
    <testcase time="0.00200000000000955" classname="mng01" name="mng01_works_as_expected_with_custom_line_type_set">
      <skipped message="Reason: On CI ('test-mng01.R:91:5')"/>
    </testcase>
    <testcase time="0.155000000000001" classname="mng01" name="mng01_works_with_table_NULL"/>
    <testcase time="0.00100000000000477" classname="mng01" name="mng01_works_with_table_NULL">
      <skipped message="Reason: On CI ('test-mng01.R:104:5')"/>
    </testcase>
    <testcase time="0.96599999999998" classname="mng01" name="mng01_works_with_combination_of_x_variables"/>
    <testcase time="0.00100000000000477" classname="mng01" name="mng01_works_with_combination_of_x_variables">
      <skipped message="Reason: On CI ('test-mng01.R:122:5')"/>
    </testcase>
    <testcase time="1.16400000000002" classname="mng01" name="mng01_works_with_numeric_x_variable"/>
    <testcase time="0.000999999999976353" classname="mng01" name="mng01_works_with_numeric_x_variable">
      <skipped message="Reason: On CI ('test-mng01.R:143:5')"/>
    </testcase>
    <testcase time="0.918000000000006" classname="mng01" name="mng01_works_with_numeric_jitter"/>
    <testcase time="0.00100000000000477" classname="mng01" name="mng01_works_with_numeric_jitter">
      <skipped message="Reason: On CI ('test-mng01.R:161:5')"/>
    </testcase>
  </testsuite>
  <testsuite name="pdt01" timestamp="2024-12-10T08:25:12Z" hostname="60b1b2a18b6d" tests="5" skipped="0" failures="0" errors="0" time="1.121">
    <testcase time="0.426999999999992" classname="pdt01" name="pdt01_function_with_default_argument_value_return_expected_result_with_test_data"/>
    <testcase time="0.109000000000009" classname="pdt01" name="pdt01_can_handle_all_NA_values"/>
    <testcase time="0.149000000000001" classname="pdt01" name="pdt01_can_handle_all_NA_values"/>
    <testcase time="0.197000000000003" classname="pdt01" name="pdt01_can_handle_some_NA_values"/>
    <testcase time="0.239000000000004" classname="pdt01" name="pdt01_can_handle_some_NA_values"/>
  </testsuite>
  <testsuite name="pdt02" timestamp="2024-12-10T08:25:13Z" hostname="60b1b2a18b6d" tests="5" skipped="0" failures="0" errors="0" time="0.925">
    <testcase time="0.306999999999988" classname="pdt02" name="pdt02_function_with_default_argument_value_return_expected_result_with_test_data"/>
    <testcase time="0.134000000000015" classname="pdt02" name="pdt02_can_handle_all_NA_values"/>
    <testcase time="0.170999999999992" classname="pdt02" name="pdt02_can_handle_all_NA_values"/>
    <testcase time="0.134999999999991" classname="pdt02" name="pdt02_can_handle_some_NA_values"/>
    <testcase time="0.177999999999997" classname="pdt02" name="pdt02_can_handle_some_NA_values"/>
  </testsuite>
  <testsuite name="reexports" timestamp="2024-12-10T08:25:14Z" hostname="60b1b2a18b6d" tests="2" skipped="0" failures="0" errors="0" time="0.015">
    <testcase time="0.00900000000001455" classname="reexports" name="with_label_exported_correctly"/>
    <testcase time="0.00600000000000023" classname="reexports" name="reformat_exported_correctly"/>
  </testsuite>
  <testsuite name="report_null" timestamp="2024-12-10T08:25:14Z" hostname="60b1b2a18b6d" tests="12" skipped="0" failures="0" errors="0" time="0.162">
    <testcase time="0.0159999999999911" classname="report_null" name="report_null_works_as_expected_with_NULL_"/>
    <testcase time="0.0109999999999957" classname="report_null" name="report_null_works_as_expected_with_NULL_"/>
    <testcase time="0.0310000000000059" classname="report_null" name="report_null_works_as_expected_with_VTableTree_"/>
    <testcase time="0.0229999999999961" classname="report_null" name="report_null_works_as_expected_with_VTableTree_"/>
    <testcase time="0.0109999999999957" classname="report_null" name="report_null_works_as_expected_with_VTableTree_"/>
    <testcase time="0.00800000000000978" classname="report_null" name="report_null_works_as_expected_with_listing_df_"/>
    <testcase time="0.0120000000000005" classname="report_null" name="report_null_works_as_expected_with_listing_df_"/>
    <testcase time="0.0120000000000005" classname="report_null" name="report_null_works_as_expected_with_listing_df_"/>
    <testcase time="0.00899999999998613" classname="report_null" name="report_null_works_as_expected_with_list_"/>
    <testcase time="0.021000000000015" classname="report_null" name="report_null_works_as_expected_with_list_"/>
    <testcase time="0.00600000000000023" classname="report_null" name="report_null_works_as_expected_with_by_default"/>
    <testcase time="0.00199999999998113" classname="report_null" name="report_null_works_as_expected_with_by_default"/>
  </testsuite>
  <testsuite name="rmpt01" timestamp="2024-12-10T08:25:14Z" hostname="60b1b2a18b6d" tests="11" skipped="0" failures="0" errors="0" time="1.377">
    <testcase time="0.199000000000012" classname="rmpt01" name="rmpt01_function_with_default_argument_value_return_expected_result_with_test_data"/>
    <testcase time="0.061000000000007" classname="rmpt01" name="rmpt01_can_handle_NA_values"/>
    <testcase time="0.135999999999996" classname="rmpt01" name="rmpt01_can_handle_NA_values"/>
    <testcase time="0.120000000000005" classname="rmpt01" name="rmpt01_can_handle_NA_values"/>
    <testcase time="0.23399999999998" classname="rmpt01" name="rmpt01_can_handle_NA_values"/>
    <testcase time="0.0630000000000166" classname="rmpt01" name="rmpt01_can_handle_some_NA_values"/>
    <testcase time="0.134999999999991" classname="rmpt01" name="rmpt01_can_handle_some_NA_values"/>
    <testcase time="0.121999999999986" classname="rmpt01" name="rmpt01_can_handle_some_NA_values"/>
    <testcase time="0.235000000000014" classname="rmpt01" name="rmpt01_can_handle_some_NA_values"/>
    <testcase time="0.0349999999999966" classname="rmpt01" name="rmpt01_fails_on_incomlete_data"/>
    <testcase time="0.0370000000000061" classname="rmpt01" name="rmpt01_fails_on_incomlete_data"/>
  </testsuite>
  <testsuite name="rmpt03" timestamp="2024-12-10T08:25:16Z" hostname="60b1b2a18b6d" tests="12" skipped="0" failures="0" errors="0" time="2.096">
    <testcase time="0.329999999999984" classname="rmpt03" name="rmpt03_function_with_default_argument_value_return_expected_result_with_test_data"/>
    <testcase time="0.113" classname="rmpt03" name="rmpt03_can_handle_NA_values"/>
    <testcase time="0.215000000000003" classname="rmpt03" name="rmpt03_can_handle_NA_values"/>
    <testcase time="0.219000000000023" classname="rmpt03" name="rmpt03_can_handle_NA_values"/>
    <testcase time="0.298999999999978" classname="rmpt03" name="rmpt03_can_handle_NA_values"/>
    <testcase time="0.114000000000004" classname="rmpt03" name="rmpt03_can_handle_some_NA_values"/>
    <testcase time="0.222000000000008" classname="rmpt03" name="rmpt03_can_handle_some_NA_values"/>
    <testcase time="0.193999999999988" classname="rmpt03" name="rmpt03_can_handle_some_NA_values"/>
    <testcase time="0.296999999999997" classname="rmpt03" name="rmpt03_can_handle_some_NA_values"/>
    <testcase time="0.0400000000000205" classname="rmpt03" name="rmpt03_fails_on_incomlete_data"/>
    <testcase time="0.032999999999987" classname="rmpt03" name="rmpt03_fails_on_incomlete_data"/>
    <testcase time="0.0200000000000102" classname="rmpt03" name="rmpt03_fails_on_incomlete_data"/>
  </testsuite>
  <testsuite name="rmpt04" timestamp="2024-12-10T08:25:18Z" hostname="60b1b2a18b6d" tests="10" skipped="0" failures="0" errors="0" time="1.014">
    <testcase time="0.195999999999998" classname="rmpt04" name="rmpt04_function_with_default_argument_value_return_expected_result_with_test_data"/>
    <testcase time="0.0589999999999975" classname="rmpt04" name="rmpt04_can_handle_NA_values"/>
    <testcase time="0.131" classname="rmpt04" name="rmpt04_can_handle_NA_values"/>
    <testcase time="0.0550000000000068" classname="rmpt04" name="rmpt04_can_handle_NA_values"/>
    <testcase time="0.125" classname="rmpt04" name="rmpt04_can_handle_NA_values"/>
    <testcase time="0.0679999999999836" classname="rmpt04" name="rmpt04_can_handle_some_NA_values"/>
    <testcase time="0.123999999999995" classname="rmpt04" name="rmpt04_can_handle_some_NA_values"/>
    <testcase time="0.0580000000000211" classname="rmpt04" name="rmpt04_can_handle_some_NA_values"/>
    <testcase time="0.135999999999996" classname="rmpt04" name="rmpt04_can_handle_some_NA_values"/>
    <testcase time="0.0619999999999834" classname="rmpt04" name="rmpt04_fails_on_incomlete_data"/>
  </testsuite>
  <testsuite name="rmpt05" timestamp="2024-12-10T08:25:19Z" hostname="60b1b2a18b6d" tests="10" skipped="0" failures="0" errors="0" time="1.068">
    <testcase time="0.203000000000003" classname="rmpt05" name="rmpt05_function_with_default_argument_value_return_expected_result_with_test_data"/>
    <testcase time="0.0630000000000166" classname="rmpt05" name="rmpt05_can_handle_NA_values"/>
    <testcase time="0.138999999999982" classname="rmpt05" name="rmpt05_can_handle_NA_values"/>
    <testcase time="0.0580000000000211" classname="rmpt05" name="rmpt05_can_handle_NA_values"/>
    <testcase time="0.129999999999995" classname="rmpt05" name="rmpt05_can_handle_NA_values"/>
    <testcase time="0.0619999999999834" classname="rmpt05" name="rmpt05_can_handle_some_NA_values"/>
    <testcase time="0.13900000000001" classname="rmpt05" name="rmpt05_can_handle_some_NA_values"/>
    <testcase time="0.0620000000000118" classname="rmpt05" name="rmpt05_can_handle_some_NA_values"/>
    <testcase time="0.147999999999996" classname="rmpt05" name="rmpt05_can_handle_some_NA_values"/>
    <testcase time="0.063999999999993" classname="rmpt05" name="rmpt05_fails_on_incomlete_data"/>
  </testsuite>
  <testsuite name="rmpt06" timestamp="2024-12-10T08:25:20Z" hostname="60b1b2a18b6d" tests="6" skipped="0" failures="0" errors="0" time="2.053">
    <testcase time="0.555000000000007" classname="rmpt06" name="rmpt06_works_as_expected"/>
    <testcase time="0.600999999999999" classname="rmpt06" name="rmpt06_works_as_expected_with_show_diff_TRUE"/>
    <testcase time="0.233000000000004" classname="rmpt06" name="rmpt06_can_handle_all_NA_values"/>
    <testcase time="0.287999999999982" classname="rmpt06" name="rmpt06_can_handle_all_NA_values"/>
    <testcase time="0.227000000000004" classname="rmpt06" name="rmpt06_can_handle_all_NA_values"/>
    <testcase time="0.149000000000001" classname="rmpt06" name="rmpt06_can_handle_all_NA_values"/>
  </testsuite>
  <testsuite name="rspt01" timestamp="2024-12-10T08:25:22Z" hostname="60b1b2a18b6d" tests="27" skipped="0" failures="0" errors="0" time="7.807">
    <testcase time="0.0169999999999959" classname="rspt01" name="rspt01_works_as_expected"/>
    <testcase time="0.326999999999998" classname="rspt01" name="rspt01_works_as_expected"/>
    <testcase time="0.260000000000019" classname="rspt01" name="rspt01_works_as_expected"/>
    <testcase time="0.311999999999983" classname="rspt01" name="rspt01_works_as_expected_for_stratified_and_unstratified_analysis"/>
    <testcase time="0.283000000000015" classname="rspt01" name="rspt01_works_as_expected_for_stratified_and_unstratified_analysis"/>
    <testcase time="0.36699999999999" classname="rspt01" name="rspt01_works_as_expected_for_stratified_and_unstratified_analysis"/>
    <testcase time="0.306999999999988" classname="rspt01" name="rspt01_works_as_expected_for_stratified_and_unstratified_analysis"/>
    <testcase time="0.263000000000005" classname="rspt01" name="rspt01_works_as_expected_for_unstratified_analysis_only"/>
    <testcase time="0.25" classname="rspt01" name="rspt01_works_as_expected_for_unstratified_analysis_only"/>
    <testcase time="0.282000000000011" classname="rspt01" name="rspt01_works_as_expected_for_unstratified_analysis_only"/>
    <testcase time="0.263999999999982" classname="rspt01" name="rspt01_works_as_expected_for_unstratified_analysis_only"/>
    <testcase time="0.27200000000002" classname="rspt01" name="rspt01_works_as_expected_for_stratified_analysis_only"/>
    <testcase time="0.252999999999986" classname="rspt01" name="rspt01_works_as_expected_for_stratified_analysis_only"/>
    <testcase time="0.29000000000002" classname="rspt01" name="rspt01_works_as_expected_for_stratified_analysis_only"/>
    <testcase time="0.290999999999997" classname="rspt01" name="rspt01_works_as_expected_for_stratified_analysis_only"/>
    <testcase time="0.295999999999992" classname="rspt01" name="rspt01_works_if_change_reference_group"/>
    <testcase time="0.262" classname="rspt01" name="rspt01_works_if_change_reference_group"/>
    <testcase time="0.353999999999985" classname="rspt01" name="rspt01_works_if_change_reference_group"/>
    <testcase time="0.321000000000026" classname="rspt01" name="rspt01_works_if_change_reference_group"/>
    <testcase time="0.289999999999992" classname="rspt01" name="rspt01_works_if_change_statistic_methods"/>
    <testcase time="0.290999999999997" classname="rspt01" name="rspt01_works_if_change_statistic_methods"/>
    <testcase time="0.367999999999995" classname="rspt01" name="rspt01_works_if_change_statistic_methods"/>
    <testcase time="0.341000000000008" classname="rspt01" name="rspt01_works_if_change_statistic_methods"/>
    <testcase time="0.292000000000002" classname="rspt01" name="rspt01_works_if_change_confidence_interval"/>
    <testcase time="0.263999999999982" classname="rspt01" name="rspt01_works_if_change_confidence_interval"/>
    <testcase time="0.376000000000005" classname="rspt01" name="rspt01_works_if_change_confidence_interval"/>
    <testcase time="0.313999999999993" classname="rspt01" name="rspt01_works_if_change_confidence_interval"/>
  </testsuite>
  <testsuite name="ttet01" timestamp="2024-12-10T08:25:30Z" hostname="60b1b2a18b6d" tests="15" skipped="0" failures="0" errors="0" time="5.573">
    <testcase time="0.0190000000000055" classname="ttet01" name="ttet01_works_as_expected"/>
    <testcase time="0.429000000000002" classname="ttet01" name="ttet01_works_as_expected"/>
    <testcase time="0.497000000000014" classname="ttet01" name="ttet01_works_as_expected"/>
    <testcase time="0.329999999999984" classname="ttet01" name="ttet01_works_as_expected_for_stratified_and_unstratified_analysis"/>
    <testcase time="0.34899999999999" classname="ttet01" name="ttet01_works_as_expected_for_stratified_and_unstratified_analysis"/>
    <testcase time="0.433000000000021" classname="ttet01" name="ttet01_works_as_expected_for_stratified_and_unstratified_analysis"/>
    <testcase time="0.436999999999983" classname="ttet01" name="ttet01_works_as_expected_for_stratified_and_unstratified_analysis"/>
    <testcase time="0.341000000000008" classname="ttet01" name="ttet01_works_as_expected_for_stratified_analysis_only"/>
    <testcase time="0.348000000000013" classname="ttet01" name="ttet01_works_as_expected_for_stratified_analysis_only"/>
    <testcase time="0.402999999999992" classname="ttet01" name="ttet01_works_as_expected_for_stratified_analysis_only"/>
    <testcase time="0.387" classname="ttet01" name="ttet01_works_as_expected_for_stratified_analysis_only"/>
    <testcase time="0.336999999999989" classname="ttet01" name="ttet01_works_if_change_reference_group"/>
    <testcase time="0.371000000000009" classname="ttet01" name="ttet01_works_if_change_reference_group"/>
    <testcase time="0.425000000000011" classname="ttet01" name="ttet01_works_if_change_reference_group"/>
    <testcase time="0.466999999999985" classname="ttet01" name="ttet01_works_if_change_reference_group"/>
  </testsuite>
  <testsuite name="unwrap" timestamp="2024-12-10T08:25:35Z" hostname="60b1b2a18b6d" tests="12" skipped="0" failures="0" errors="0" time="0.216">
    <testcase time="0.0279999999999916" classname="unwrap" name="unwrap_layout_works_as_expected_with_standard_chevron_t_main_function"/>
    <testcase time="0.00300000000001432" classname="unwrap" name="unwrap_layout_works_as_expected_with_standard_chevron_t_main_function"/>
    <testcase time="0.00200000000000955" classname="unwrap" name="unwrap_layout_works_as_expected_with_standard_chevron_t_main_function"/>
    <testcase time="0.0369999999999777" classname="unwrap" name="unwrap_layout_works_as_expected_with_standard_chevron_t_main_function"/>
    <testcase time="0.01400000000001" classname="unwrap" name="unwrap_layout_works_as_expected_with_standard_chevron_g_main_function"/>
    <testcase time="0.00800000000000978" classname="unwrap" name="unwrap_layout_works_as_expected_with_standard_chevron_l_main_function"/>
    <testcase time="0.00699999999997658" classname="unwrap" name="unwrap_layout_works_as_expected_with_a_custom_function_without_layout_function"/>
    <testcase time="0.0330000000000155" classname="unwrap" name="unwrap_layout_works_as_expected_with_a_custom_function_with_layout_function"/>
    <testcase time="0.00200000000000955" classname="unwrap" name="unwrap_layout_works_as_expected_with_a_custom_function_with_layout_function"/>
    <testcase time="0.0339999999999918" classname="unwrap" name="unwrap_layout_works_as_expected_with_multiple_layout_function"/>
    <testcase time="0.0459999999999923" classname="unwrap" name="unwrap_layout_works_as_expected_on_custom_function_with_overwritten_layout_function"/>
    <testcase time="0.00200000000000955" classname="unwrap" name="unwrap_layout_works_as_expected_on_custom_function_with_overwritten_layout_function"/>
  </testsuite>
  <testsuite name="utils" timestamp="2024-12-10T08:25:36Z" hostname="60b1b2a18b6d" tests="81" skipped="0" failures="0" errors="0" time="2.648">
    <testcase time="0.0139999999999816" classname="utils" name="h_format_dec_works_as_exected"/>
    <testcase time="0.0040000000000191" classname="utils" name="h_format_dec_works_as_exected"/>
    <testcase time="0.0029999999999859" classname="utils" name="h_format_dec_works_as_exected"/>
    <testcase time="0.00300000000001432" classname="utils" name="h_format_dec_works_as_exected"/>
    <testcase time="0.00199999999998113" classname="utils" name="h_format_dec_works_as_exected"/>
    <testcase time="0.00300000000001432" classname="utils" name="h_format_dec_works_as_exected"/>
    <testcase time="0.00200000000000955" classname="utils" name="h_format_dec_works_as_exected"/>
    <testcase time="0.0029999999999859" classname="utils" name="h_format_dec_works_as_exected"/>
    <testcase time="0.00200000000000955" classname="utils" name="h_format_dec_works_as_exected"/>
    <testcase time="0.0029999999999859" classname="utils" name="h_format_dec_works_as_exected"/>
    <testcase time="0.00200000000000955" classname="utils" name="h_format_dec_works_as_exected"/>
    <testcase time="0.0029999999999859" classname="utils" name="h_format_dec_works_as_exected"/>
    <testcase time="0.007000000000005" classname="utils" name="h_format_dec_works_as_expected_with_more_than_one_value"/>
    <testcase time="0.00300000000001432" classname="utils" name="h_format_dec_works_as_expected_with_more_than_one_value"/>
    <testcase time="0.00600000000000023" classname="utils" name="h_format_dec_works_as_expected_with_NA_digits"/>
    <testcase time="0.00600000000000023" classname="utils" name="fuse_sequentially_works"/>
    <testcase time="0.0029999999999859" classname="utils" name="fuse_sequentially_works"/>
    <testcase time="0.0130000000000052" classname="utils" name="ifneeded_split_row_works_as_expected"/>
    <testcase time="0.007000000000005" classname="utils" name="ifneeded_split_row_works_as_expected"/>
    <testcase time="0.0809999999999889" classname="utils" name="_unnamed_"/>
    <testcase time="0.0689999999999884" classname="utils" name="_unnamed_"/>
    <testcase time="0.0820000000000221" classname="utils" name="_unnamed_"/>
    <testcase time="0.0579999999999927" classname="utils" name="_unnamed_"/>
    <testcase time="0.00399999999999068" classname="utils" name="droplevels.character_works_as_expected"/>
    <testcase time="0.00300000000001432" classname="utils" name="droplevels.character_works_as_expected"/>
    <testcase time="0.00499999999999545" classname="utils" name="lvls.character_works_as_expected"/>
    <testcase time="0.0029999999999859" classname="utils" name="lvls.character_works_as_expected"/>
    <testcase time="0.00500000000002387" classname="utils" name="lvls.factor_works_as_expected"/>
    <testcase time="0.0029999999999859" classname="utils" name="lvls.factor_works_as_expected"/>
    <testcase time="0.00600000000000023" classname="utils" name="lvls.default_works_as_expected"/>
    <testcase time="0.00300000000001432" classname="utils" name="lvls.default_works_as_expected"/>
    <testcase time="0.00499999999999545" classname="utils" name="quote_str_works_as_expected"/>
    <testcase time="0.0029999999999859" classname="utils" name="quote_str_works_as_expected"/>
    <testcase time="0.00600000000000023" classname="utils" name="quote_str_works_as_expected"/>
    <testcase time="0.00600000000000023" classname="utils" name="modify_default_args_works_as_expected"/>
    <testcase time="0.00300000000001432" classname="utils" name="modify_default_args_works_as_expected"/>
    <testcase time="0.00499999999999545" classname="utils" name="execute_with_args_works_as_expected"/>
    <testcase time="0.0029999999999859" classname="utils" name="execute_with_args_works_as_expected"/>
    <testcase time="0.00200000000000955" classname="utils" name="execute_with_args_works_as_expected"/>
    <testcase time="0.00300000000001432" classname="utils" name="execute_with_args_works_as_expected"/>
    <testcase time="0.00199999999998113" classname="utils" name="execute_with_args_works_as_expected"/>
    <testcase time="0.00300000000001432" classname="utils" name="execute_with_args_works_as_expected"/>
    <testcase time="0.00199999999998113" classname="utils" name="execute_with_args_works_as_expected"/>
    <testcase time="0.00300000000001432" classname="utils" name="execute_with_args_works_as_expected"/>
    <testcase time="0.00100000000000477" classname="utils" name="execute_with_args_works_as_expected"/>
    <testcase time="0.0029999999999859" classname="utils" name="execute_with_args_works_as_expected"/>
    <testcase time="0.00200000000000955" classname="utils" name="execute_with_args_works_as_expected"/>
    <testcase time="0.0029999999999859" classname="utils" name="execute_with_args_works_as_expected"/>
    <testcase time="0.00499999999999545" classname="utils" name="do_call_work_as_expected"/>
    <testcase time="0.0040000000000191" classname="utils" name="do_call_work_as_expected"/>
    <testcase time="0.00799999999998136" classname="utils" name="do_call_errors_as_expected"/>
    <testcase time="0.007000000000005" classname="utils" name="do_call_errors_as_expected"/>
    <testcase time="0.00600000000000023" classname="utils" name="convert_to_month_work_as_expected"/>
    <testcase time="0.00300000000001432" classname="utils" name="convert_to_month_work_as_expected"/>
    <testcase time="0.0029999999999859" classname="utils" name="convert_to_month_work_as_expected"/>
    <testcase time="0.00300000000001432" classname="utils" name="convert_to_month_work_as_expected"/>
    <testcase time="0.00199999999998113" classname="utils" name="convert_to_month_work_as_expected"/>
    <testcase time="0.0040000000000191" classname="utils" name="convert_to_month_work_as_expected"/>
    <testcase time="0.00899999999998613" classname="utils" name="convert_to_month_warning_messages_as_expected"/>
    <testcase time="0.0109999999999957" classname="utils" name="gg_theme_chevron_works_as_expected"/>
    <testcase time="0.00200000000000955" classname="utils" name="gg_theme_chevron_works_as_expected"/>
    <testcase time="0.00200000000000955" classname="utils" name="gg_theme_chevron_works_as_expected"/>
    <testcase time="0.00499999999999545" classname="utils" name="gg_theme_chevron_works_as_expected"/>
    <testcase time="0.00100000000000477" classname="utils" name="gg_theme_chevron_works_as_expected"/>
    <testcase time="0.00199999999998113" classname="utils" name="gg_theme_chevron_works_as_expected"/>
    <testcase time="0.007000000000005" classname="utils" name="modify_character_works"/>
    <testcase time="0.00300000000001432" classname="utils" name="modify_character_works"/>
    <testcase time="0.007000000000005" classname="utils" name="expand_list_works"/>
    <testcase time="0.0029999999999859" classname="utils" name="expand_list_works"/>
    <testcase time="0.00600000000000023" classname="utils" name="set_section_div_works"/>
    <testcase time="0.00499999999999545" classname="utils" name="set_section_div_works"/>
    <testcase time="0.00499999999999545" classname="utils" name="set_section_div_works"/>
    <testcase time="0.00300000000001432" classname="utils" name="set_section_div_works"/>
    <testcase time="0.007000000000005" classname="utils" name="get_section_div_works"/>
    <testcase time="0.0029999999999859" classname="utils" name="get_section_div_works"/>
    <testcase time="1.059" classname="utils" name="grob_list_is_deprecated"/>
    <testcase time="0.974999999999994" classname="utils" name="gg_list_is_deprecated"/>
    <testcase time="0.00800000000000978" classname="utils" name="format_date_works_as_expected_for_POSIXct"/>
    <testcase time="0.00300000000001432" classname="utils" name="format_date_works_as_expected_for_POSIXct"/>
    <testcase time="0.00799999999998136" classname="utils" name="format_date_works_as_expected_for_Date"/>
    <testcase time="0.00300000000001432" classname="utils" name="format_date_works_as_expected_for_Date"/>
  </testsuite>
  <testsuite name="vst01" timestamp="2024-12-10T08:25:38Z" hostname="60b1b2a18b6d" tests="3" skipped="0" failures="0" errors="0" time="5.096">
    <testcase time="2.547" classname="vst01" name="vst01_functions_with_default_argument_value_return_expected_result_with_test_data"/>
    <testcase time="0.841999999999985" classname="vst01" name="run_vst01_works_as_expected"/>
    <testcase time="1.70700000000002" classname="vst01" name="run_vst01_works_as_expected"/>
  </testsuite>
  <testsuite name="vst02" timestamp="2024-12-10T08:25:43Z" hostname="60b1b2a18b6d" tests="2" skipped="0" failures="0" errors="0" time="1.062">
    <testcase time="0.534999999999997" classname="vst02" name="vst02_functions_with_default_argument_value_return_expected_result_with_test_data"/>
    <testcase time="0.526999999999987" classname="vst02" name="vst02_functions_return_expected_result_with_test_data_when_excluding_subject_with_baseline_abnormality"/>
  </testsuite>
</testsuites>
